{
    "overall_status": {
        "prompt_apr_1": {
            "ernie-3.5-128k": "Compile failed",
            "qwen-turbo": "Compile failed",
            "doubao-pro-4k": "Compile failed",
            "gpt-4o-mini": "Fail some tests",
            "deepseek-chat": "Fail some tests"
        },
        "prompt_apr_2": {
            "ernie-3.5-128k": "Fail some tests",
            "qwen-turbo": "Compile failed",
            "doubao-pro-4k": "Compile failed",
            "gpt-4o-mini": "Compile failed",
            "deepseek-chat": "Fail some tests"
        },
        "prompt_apr_3": {
            "ernie-3.5-128k": "Compile failed",
            "qwen-turbo": "Compile failed",
            "doubao-pro-4k": "Compile failed",
            "gpt-4o-mini": "Compile failed",
            "deepseek-chat": "Compile failed"
        },
        "prompt_apr_4": {
            "ernie-3.5-128k": "Compile failed",
            "qwen-turbo": "Compile failed",
            "doubao-pro-4k": "Compile failed",
            "gpt-4o-mini": "Compile failed",
            "deepseek-chat": "Fail some tests"
        },
        "prompt_apr_5": {
            "ernie-3.5-128k": "Compile failed",
            "qwen-turbo": "Compile failed",
            "doubao-pro-4k": "Compile failed",
            "gpt-4o-mini": "Compile failed",
            "deepseek-chat": "Compile failed"
        },
        "prompt_apr_6": {
            "ernie-3.5-128k": "Fail some tests",
            "qwen-turbo": "Compile failed",
            "doubao-pro-4k": "Compile failed",
            "gpt-4o-mini": "Failed",
            "deepseek-chat": "Compile failed"
        }
    },
    "check_results_list": {
        "prompt_apr_1": {
            "ernie-3.5-128k": {
                "compile": {
                    "rc": 1,
                    "so": "",
                    "se": "Running ant (compile)...................................................... FAIL\nExecuted command:  cd /data/cmd/Ming/llm-fl-apr/tmp/Cli_29-prompt_apr_1-ernie-3.5-128k && /data/cmd/Ming/LLM_Based-Mutation/tools/mutant/defects4j-2.1.0/major/bin/ant -f /data/cmd/Ming/LLM_Based-Mutation/tools/mutant/defects4j-2.1.0/framework/projects/defects4j.build.xml -Dd4j.home=/data/cmd/Ming/LLM_Based-Mutation/tools/mutant/defects4j-2.1.0 -Dd4j.dir.projects=/data/cmd/Ming/LLM_Based-Mutation/tools/mutant/defects4j-2.1.0/framework/projects -Dbasedir=/data/cmd/Ming/llm-fl-apr/tmp/Cli_29-prompt_apr_1-ernie-3.5-128k -Dbuild.compiler=javac1.7  compile 2>&1\nJava HotSpot(TM) 64-Bit Server VM warning: ignoring option MaxPermSize=1G; support was removed in 8.0\nBuildfile: /data/cmd/Ming/LLM_Based-Mutation/tools/mutant/defects4j-2.1.0/framework/projects/defects4j.build.xml\n    [mkdir] Created dir: /data/cmd/Ming/llm-fl-apr/tmp/Cli_29-prompt_apr_1-ernie-3.5-128k/target\n    [mkdir] Created dir: /data/cmd/Ming/llm-fl-apr/tmp/Cli_29-prompt_apr_1-ernie-3.5-128k/target/lib\n\ntest-offline:\n\nget-deps:\n\ncommons-cli-from-maven.compile:\n    [mkdir] Created dir: /data/cmd/Ming/llm-fl-apr/tmp/Cli_29-prompt_apr_1-ernie-3.5-128k/target/classes\n    [javac] /data/cmd/Ming/llm-fl-apr/tmp/Cli_29-prompt_apr_1-ernie-3.5-128k/maven-build.xml:75: warning: 'includeantruntime' was not set, defaulting to build.sysclasspath=last; set to false for repeatable builds\n    [javac] Compiling 22 source files to /data/cmd/Ming/llm-fl-apr/tmp/Cli_29-prompt_apr_1-ernie-3.5-128k/target/classes\n    [javac] warning: [options] bootstrap class path not set in conjunction with -source 1.4\n    [javac] /data/cmd/Ming/llm-fl-apr/tmp/Cli_29-prompt_apr_1-ernie-3.5-128k/src/java/org/apache/commons/cli/Util.java:63: error: <identifier> expected\n    [javac] Sure, here is the corrected method. The issue with the original code is that after removing the leading quote, the string length changes, but the code still uses the original length variable when removing the trailing quote. This can lead to incorrect behavior, especially if the string was only a single character long and happened to be a quote.\n    [javac]     ^\n    [javac] /data/cmd/Ming/llm-fl-apr/tmp/Cli_29-prompt_apr_1-ernie-3.5-128k/src/java/org/apache/commons/cli/Util.java:63: error: ';' expected\n    [javac] Sure, here is the corrected method. The issue with the original code is that after removing the leading quote, the string length changes, but the code still uses the original length variable when removing the trailing quote. This can lead to incorrect behavior, especially if the string was only a single character long and happened to be a quote.\n    [javac]           ^\n    [javac] /data/cmd/Ming/llm-fl-apr/tmp/Cli_29-prompt_apr_1-ernie-3.5-128k/src/java/org/apache/commons/cli/Util.java:63: error: ';' expected\n    [javac] Sure, here is the corrected method. The issue with the original code is that after removing the leading quote, the string length changes, but the code still uses the original length variable when removing the trailing quote. This can lead to incorrect behavior, especially if the string was only a single character long and happened to be a quote.\n    [javac]                  ^\n    [javac] /data/cmd/Ming/llm-fl-apr/tmp/Cli_29-prompt_apr_1-ernie-3.5-128k/src/java/org/apache/commons/cli/Util.java:63: error: ';' expected\n    [javac] Sure, here is the corrected method. The issue with the original code is that after removing the leading quote, the string length changes, but the code still uses the original length variable when removing the trailing quote. This can lead to incorrect behavior, especially if the string was only a single character long and happened to be a quote.\n    [javac]                                   ^\n    [javac] /data/cmd/Ming/llm-fl-apr/tmp/Cli_29-prompt_apr_1-ernie-3.5-128k/src/java/org/apache/commons/cli/Util.java:63: error: ';' expected\n    [javac] Sure, here is the corrected method. The issue with the original code is that after removing the leading quote, the string length changes, but the code still uses the original length variable when removing the trailing quote. This can lead to incorrect behavior, especially if the string was only a single character long and happened to be a quote.\n    [javac]                                              ^\n    [javac] /data/cmd/Ming/llm-fl-apr/tmp/Cli_29-prompt_apr_1-ernie-3.5-128k/src/java/org/apache/commons/cli/Util.java:63: error: ';' expected\n    [javac] Sure, here is the corrected method. The issue with the original code is that after removing the leading quote, the string length changes, but the code still uses the original length variable when removing the trailing quote. This can lead to incorrect behavior, especially if the string was only a single character long and happened to be a quote.\n    [javac]                                                       ^\n    [javac] /data/cmd/Ming/llm-fl-apr/tmp/Cli_29-prompt_apr_1-ernie-3.5-128k/src/java/org/apache/commons/cli/Util.java:63: error: ';' expected\n    [javac] Sure, here is the corrected method. The issue with the original code is that after removing the leading quote, the string length changes, but the code still uses the original length variable when removing the trailing quote. This can lead to incorrect behavior, especially if the string was only a single character long and happened to be a quote.\n    [javac]                                                                     ^\n    [javac] /data/cmd/Ming/llm-fl-apr/tmp/Cli_29-prompt_apr_1-ernie-3.5-128k/src/java/org/apache/commons/cli/Util.java:63: error: ';' expected\n    [javac] Sure, here is the corrected method. The issue with the original code is that after removing the leading quote, the string length changes, but the code still uses the original length variable when removing the trailing quote. This can lead to incorrect behavior, especially if the string was only a single character long and happened to be a quote.\n    [javac]                                                                             ^\n    [javac] /data/cmd/Ming/llm-fl-apr/tmp/Cli_29-prompt_apr_1-ernie-3.5-128k/src/java/org/apache/commons/cli/Util.java:63: error: ';' expected\n    [javac] Sure, here is the corrected method. The issue with the original code is that after removing the leading quote, the string length changes, but the code still uses the original length variable when removing the trailing quote. This can lead to incorrect behavior, especially if the string was only a single character long and happened to be a quote.\n    [javac]                                                                                            ^\n    [javac] /data/cmd/Ming/llm-fl-apr/tmp/Cli_29-prompt_apr_1-ernie-3.5-128k/src/java/org/apache/commons/cli/Util.java:63: error: ';' expected\n    [javac] Sure, here is the corrected method. The issue with the original code is that after removing the leading quote, the string length changes, but the code still uses the original length variable when removing the trailing quote. This can lead to incorrect behavior, especially if the string was only a single character long and happened to be a quote.\n    [javac]                                                                                                        ^\n    [javac] /data/cmd/Ming/llm-fl-apr/tmp/Cli_29-prompt_apr_1-ernie-3.5-128k/src/java/org/apache/commons/cli/Util.java:63: error: <identifier> expected\n    [javac] Sure, here is the corrected method. The issue with the original code is that after removing the leading quote, the string length changes, but the code still uses the original length variable when removing the trailing quote. This can lead to incorrect behavior, especially if the string was only a single character long and happened to be a quote.\n    [javac]                                                                                                              ^\n    [javac] /data/cmd/Ming/llm-fl-apr/tmp/Cli_29-prompt_apr_1-ernie-3.5-128k/src/java/org/apache/commons/cli/Util.java:63: error: ';' expected\n    [javac] Sure, here is the corrected method. The issue with the original code is that after removing the leading quote, the string length changes, but the code still uses the original length variable when removing the trailing quote. This can lead to incorrect behavior, especially if the string was only a single character long and happened to be a quote.\n    [javac]                                                                                                                   ^\n    [javac] /data/cmd/Ming/llm-fl-apr/tmp/Cli_29-prompt_apr_1-ernie-3.5-128k/src/java/org/apache/commons/cli/Util.java:63: error: ';' expected\n    [javac] Sure, here is the corrected method. The issue with the original code is that after removing the leading quote, the string length changes, but the code still uses the original length variable when removing the trailing quote. This can lead to incorrect behavior, especially if the string was only a single character long and happened to be a quote.\n    [javac]                                                                                                                                 ^\n    [javac] /data/cmd/Ming/llm-fl-apr/tmp/Cli_29-prompt_apr_1-ernie-3.5-128k/src/java/org/apache/commons/cli/Util.java:63: error: <identifier> expected\n    [javac] Sure, here is the corrected method. The issue with the original code is that after removing the leading quote, the string length changes, but the code still uses the original length variable when removing the trailing quote. This can lead to incorrect behavior, especially if the string was only a single character long and happened to be a quote.\n    [javac]                                                                                                                                         ^\n    [javac] /data/cmd/Ming/llm-fl-apr/tmp/Cli_29-prompt_apr_1-ernie-3.5-128k/src/java/org/apache/commons/cli/Util.java:63: error: ';' expected\n    [javac] Sure, here is the corrected method. The issue with the original code is that after removing the leading quote, the string length changes, but the code still uses the original length variable when removing the trailing quote. This can lead to incorrect behavior, especially if the string was only a single character long and happened to be a quote.\n    [javac]                                                                                                                                              ^\n    [javac] /data/cmd/Ming/llm-fl-apr/tmp/Cli_29-prompt_apr_1-ernie-3.5-128k/src/java/org/apache/commons/cli/Util.java:63: error: ';' expected\n    [javac] Sure, here is the corrected method. The issue with the original code is that after removing the leading quote, the string length changes, but the code still uses the original length variable when removing the trailing quote. This can lead to incorrect behavior, especially if the string was only a single character long and happened to be a quote.\n    [javac]                                                                                                                                                       ^\n    [javac] /data/cmd/Ming/llm-fl-apr/tmp/Cli_29-prompt_apr_1-ernie-3.5-128k/src/java/org/apache/commons/cli/Util.java:63: error: ';' expected\n    [javac] Sure, here is the corrected method. The issue with the original code is that after removing the leading quote, the string length changes, but the code still uses the original length variable when removing the trailing quote. This can lead to incorrect behavior, especially if the string was only a single character long and happened to be a quote.\n    [javac]                                                                                                                                                                  ^\n    [javac] /data/cmd/Ming/llm-fl-apr/tmp/Cli_29-prompt_apr_1-ernie-3.5-128k/src/java/org/apache/commons/cli/Util.java:63: error: ';' expected\n    [javac] Sure, here is the corrected method. The issue with the original code is that after removing the leading quote, the string length changes, but the code still uses the original length variable when removing the trailing quote. This can lead to incorrect behavior, especially if the string was only a single character long and happened to be a quote.\n    [javac]                                                                                                                                                                               ^\n    [javac] /data/cmd/Ming/llm-fl-apr/tmp/Cli_29-prompt_apr_1-ernie-3.5-128k/src/java/org/apache/commons/cli/Util.java:63: error: ';' expected\n    [javac] Sure, here is the corrected method. The issue with the original code is that after removing the leading quote, the string length changes, but the code still uses the original length variable when removing the trailing quote. This can lead to incorrect behavior, especially if the string was only a single character long and happened to be a quote.\n    [javac]                                                                                                                                                                                               ^\n    [javac] /data/cmd/Ming/llm-fl-apr/tmp/Cli_29-prompt_apr_1-ernie-3.5-128k/src/java/org/apache/commons/cli/Util.java:63: error: ';' expected\n    [javac] Sure, here is the corrected method. The issue with the original code is that after removing the leading quote, the string length changes, but the code still uses the original length variable when removing the trailing quote. This can lead to incorrect behavior, especially if the string was only a single character long and happened to be a quote.\n    [javac]                                                                                                                                                                                                             ^\n    [javac] /data/cmd/Ming/llm-fl-apr/tmp/Cli_29-prompt_apr_1-ernie-3.5-128k/src/java/org/apache/commons/cli/Util.java:63: error: ';' expected\n    [javac] Sure, here is the corrected method. The issue with the original code is that after removing the leading quote, the string length changes, but the code still uses the original length variable when removing the trailing quote. This can lead to incorrect behavior, especially if the string was only a single character long and happened to be a quote.\n    [javac]                                                                                                                                                                                                                          ^\n    [javac] /data/cmd/Ming/llm-fl-apr/tmp/Cli_29-prompt_apr_1-ernie-3.5-128k/src/java/org/apache/commons/cli/Util.java:63: error: ';' expected\n    [javac] Sure, here is the corrected method. The issue with the original code is that after removing the leading quote, the string length changes, but the code still uses the original length variable when removing the trailing quote. This can lead to incorrect behavior, especially if the string was only a single character long and happened to be a quote.\n    [javac]                                                                                                                                                                                                                                          ^\n    [javac] /data/cmd/Ming/llm-fl-apr/tmp/Cli_29-prompt_apr_1-ernie-3.5-128k/src/java/org/apache/commons/cli/Util.java:63: error: ';' expected\n    [javac] Sure, here is the corrected method. The issue with the original code is that after removing the leading quote, the string length changes, but the code still uses the original length variable when removing the trailing quote. This can lead to incorrect behavior, especially if the string was only a single character long and happened to be a quote.\n    [javac]                                                                                                                                                                                                                                                  ^\n    [javac] /data/cmd/Ming/llm-fl-apr/tmp/Cli_29-prompt_apr_1-ernie-3.5-128k/src/java/org/apache/commons/cli/Util.java:63: error: ';' expected\n    [javac] Sure, here is the corrected method. The issue with the original code is that after removing the leading quote, the string length changes, but the code still uses the original length variable when removing the trailing quote. This can lead to incorrect behavior, especially if the string was only a single character long and happened to be a quote.\n    [javac]                                                                                                                                                                                                                                                                                 ^\n    [javac] /data/cmd/Ming/llm-fl-apr/tmp/Cli_29-prompt_apr_1-ernie-3.5-128k/src/java/org/apache/commons/cli/Util.java:63: error: ';' expected\n    [javac] Sure, here is the corrected method. The issue with the original code is that after removing the leading quote, the string length changes, but the code still uses the original length variable when removing the trailing quote. This can lead to incorrect behavior, especially if the string was only a single character long and happened to be a quote.\n    [javac]                                                                                                                                                                                                                                                                                               ^\n    [javac] /data/cmd/Ming/llm-fl-apr/tmp/Cli_29-prompt_apr_1-ernie-3.5-128k/src/java/org/apache/commons/cli/Util.java:63: error: ';' expected\n    [javac] Sure, here is the corrected method. The issue with the original code is that after removing the leading quote, the string length changes, but the code still uses the original length variable when removing the trailing quote. This can lead to incorrect behavior, especially if the string was only a single character long and happened to be a quote.\n    [javac]                                                                                                                                                                                                                                                                                                        ^\n    [javac] /data/cmd/Ming/llm-fl-apr/tmp/Cli_29-prompt_apr_1-ernie-3.5-128k/src/java/org/apache/commons/cli/Util.java:63: error: ';' expected\n    [javac] Sure, here is the corrected method. The issue with the original code is that after removing the leading quote, the string length changes, but the code still uses the original length variable when removing the trailing quote. This can lead to incorrect behavior, especially if the string was only a single character long and happened to be a quote.\n    [javac]                                                                                                                                                                                                                                                                                                                 ^\n    [javac] /data/cmd/Ming/llm-fl-apr/tmp/Cli_29-prompt_apr_1-ernie-3.5-128k/src/java/org/apache/commons/cli/Util.java:63: error: <identifier> expected\n    [javac] Sure, here is the corrected method. The issue with the original code is that after removing the leading quote, the string length changes, but the code still uses the original length variable when removing the trailing quote. This can lead to incorrect behavior, especially if the string was only a single character long and happened to be a quote.\n    [javac]                                                                                                                                                                                                                                                                                                                           ^\n    [javac] /data/cmd/Ming/llm-fl-apr/tmp/Cli_29-prompt_apr_1-ernie-3.5-128k/src/java/org/apache/commons/cli/Util.java:63: error: ';' expected\n    [javac] Sure, here is the corrected method. The issue with the original code is that after removing the leading quote, the string length changes, but the code still uses the original length variable when removing the trailing quote. This can lead to incorrect behavior, especially if the string was only a single character long and happened to be a quote.\n    [javac]                                                                                                                                                                                                                                                                                                                                             ^\n    [javac] /data/cmd/Ming/llm-fl-apr/tmp/Cli_29-prompt_apr_1-ernie-3.5-128k/src/java/org/apache/commons/cli/Util.java:63: error: ';' expected\n    [javac] Sure, here is the corrected method. The issue with the original code is that after removing the leading quote, the string length changes, but the code still uses the original length variable when removing the trailing quote. This can lead to incorrect behavior, especially if the string was only a single character long and happened to be a quote.\n    [javac]                                                                                                                                                                                                                                                                                                                                                   ^\n    [javac] /data/cmd/Ming/llm-fl-apr/tmp/Cli_29-prompt_apr_1-ernie-3.5-128k/src/java/org/apache/commons/cli/Util.java:63: error: ';' expected\n    [javac] Sure, here is the corrected method. The issue with the original code is that after removing the leading quote, the string length changes, but the code still uses the original length variable when removing the trailing quote. This can lead to incorrect behavior, especially if the string was only a single character long and happened to be a quote.\n    [javac]                                                                                                                                                                                                                                                                                                                                                           ^\n    [javac] /data/cmd/Ming/llm-fl-apr/tmp/Cli_29-prompt_apr_1-ernie-3.5-128k/src/java/org/apache/commons/cli/Util.java:65: error: unclosed character literal\n    [javac] Here's the fixed code:\n    [javac]     ^\n    [javac] /data/cmd/Ming/llm-fl-apr/tmp/Cli_29-prompt_apr_1-ernie-3.5-128k/src/java/org/apache/commons/cli/Util.java:65: error: ';' expected\n    [javac] Here's the fixed code:\n    [javac]                 ^\n    [javac] /data/cmd/Ming/llm-fl-apr/tmp/Cli_29-prompt_apr_1-ernie-3.5-128k/src/java/org/apache/commons/cli/Util.java:65: error: <identifier> expected\n    [javac] Here's the fixed code:\n    [javac]                      ^\n    [javac] /data/cmd/Ming/llm-fl-apr/tmp/Cli_29-prompt_apr_1-ernie-3.5-128k/src/java/org/apache/commons/cli/Util.java:82: error: ';' expected\n    [javac] Changes made:\n    [javac]             ^\n    [javac] /data/cmd/Ming/llm-fl-apr/tmp/Cli_29-prompt_apr_1-ernie-3.5-128k/src/java/org/apache/commons/cli/Util.java:83: error: <identifier> expected\n    [javac] - Line 4: Changed `str.substring(1, str.length());` to `str.substring(1);` to correctly remove the leading quote and update the string. The `substring` method with one argument removes characters from the start index to the end of the string.}\n    [javac]       ^\n    [javac] /data/cmd/Ming/llm-fl-apr/tmp/Cli_29-prompt_apr_1-ernie-3.5-128k/src/java/org/apache/commons/cli/Util.java:83: error: illegal start of type\n    [javac] - Line 4: Changed `str.substring(1, str.length());` to `str.substring(1);` to correctly remove the leading quote and update the string. The `substring` method with one argument removes characters from the start index to the end of the string.}\n    [javac]         ^\n    [javac] /data/cmd/Ming/llm-fl-apr/tmp/Cli_29-prompt_apr_1-ernie-3.5-128k/src/java/org/apache/commons/cli/Util.java:83: error: illegal character: \\96\n    [javac] - Line 4: Changed `str.substring(1, str.length());` to `str.substring(1);` to correctly remove the leading quote and update the string. The `substring` method with one argument removes characters from the start index to the end of the string.}\n    [javac]                   ^\n    [javac] /data/cmd/Ming/llm-fl-apr/tmp/Cli_29-prompt_apr_1-ernie-3.5-128k/src/java/org/apache/commons/cli/Util.java:83: error: <identifier> expected\n    [javac] - Line 4: Changed `str.substring(1, str.length());` to `str.substring(1);` to correctly remove the leading quote and update the string. The `substring` method with one argument removes characters from the start index to the end of the string.}\n    [javac]                                 ^\n    [javac] /data/cmd/Ming/llm-fl-apr/tmp/Cli_29-prompt_apr_1-ernie-3.5-128k/src/java/org/apache/commons/cli/Util.java:83: error: illegal start of type\n    [javac] - Line 4: Changed `str.substring(1, str.length());` to `str.substring(1);` to correctly remove the leading quote and update the string. The `substring` method with one argument removes characters from the start index to the end of the string.}\n    [javac]                                  ^\n    [javac] /data/cmd/Ming/llm-fl-apr/tmp/Cli_29-prompt_apr_1-ernie-3.5-128k/src/java/org/apache/commons/cli/Util.java:83: error: <identifier> expected\n    [javac] - Line 4: Changed `str.substring(1, str.length());` to `str.substring(1);` to correctly remove the leading quote and update the string. The `substring` method with one argument removes characters from the start index to the end of the string.}\n    [javac]                                               ^\n    [javac] /data/cmd/Ming/llm-fl-apr/tmp/Cli_29-prompt_apr_1-ernie-3.5-128k/src/java/org/apache/commons/cli/Util.java:83: error: ';' expected\n    [javac] - Line 4: Changed `str.substring(1, str.length());` to `str.substring(1);` to correctly remove the leading quote and update the string. The `substring` method with one argument removes characters from the start index to the end of the string.}\n    [javac]                                                ^\n    [javac] /data/cmd/Ming/llm-fl-apr/tmp/Cli_29-prompt_apr_1-ernie-3.5-128k/src/java/org/apache/commons/cli/Util.java:83: error: illegal start of type\n    [javac] - Line 4: Changed `str.substring(1, str.length());` to `str.substring(1);` to correctly remove the leading quote and update the string. The `substring` method with one argument removes characters from the start index to the end of the string.}\n    [javac]                                                 ^\n    [javac] /data/cmd/Ming/llm-fl-apr/tmp/Cli_29-prompt_apr_1-ernie-3.5-128k/src/java/org/apache/commons/cli/Util.java:83: error: <identifier> expected\n    [javac] - Line 4: Changed `str.substring(1, str.length());` to `str.substring(1);` to correctly remove the leading quote and update the string. The `substring` method with one argument removes characters from the start index to the end of the string.}\n    [javac]                                                  ^\n    [javac] /data/cmd/Ming/llm-fl-apr/tmp/Cli_29-prompt_apr_1-ernie-3.5-128k/src/java/org/apache/commons/cli/Util.java:83: error: illegal character: \\96\n    [javac] - Line 4: Changed `str.substring(1, str.length());` to `str.substring(1);` to correctly remove the leading quote and update the string. The `substring` method with one argument removes characters from the start index to the end of the string.}\n    [javac]                                                   ^\n    [javac] /data/cmd/Ming/llm-fl-apr/tmp/Cli_29-prompt_apr_1-ernie-3.5-128k/src/java/org/apache/commons/cli/Util.java:83: error: illegal character: \\96\n    [javac] - Line 4: Changed `str.substring(1, str.length());` to `str.substring(1);` to correctly remove the leading quote and update the string. The `substring` method with one argument removes characters from the start index to the end of the string.}\n    [javac]                                                        ^\n    [javac] /data/cmd/Ming/llm-fl-apr/tmp/Cli_29-prompt_apr_1-ernie-3.5-128k/src/java/org/apache/commons/cli/Util.java:83: error: <identifier> expected\n    [javac] - Line 4: Changed `str.substring(1, str.length());` to `str.substring(1);` to correctly remove the leading quote and update the string. The `substring` method with one argument removes characters from the start index to the end of the string.}\n    [javac]                                                                      ^\n    [javac] /data/cmd/Ming/llm-fl-apr/tmp/Cli_29-prompt_apr_1-ernie-3.5-128k/src/java/org/apache/commons/cli/Util.java:83: error: illegal start of type\n    [javac] - Line 4: Changed `str.substring(1, str.length());` to `str.substring(1);` to correctly remove the leading quote and update the string. The `substring` method with one argument removes characters from the start index to the end of the string.}\n    [javac]                                                                       ^\n    [javac] /data/cmd/Ming/llm-fl-apr/tmp/Cli_29-prompt_apr_1-ernie-3.5-128k/src/java/org/apache/commons/cli/Util.java:83: error: illegal character: \\96\n    [javac] - Line 4: Changed `str.substring(1, str.length());` to `str.substring(1);` to correctly remove the leading quote and update the string. The `substring` method with one argument removes characters from the start index to the end of the string.}\n    [javac]                                                                          ^\n    [javac] /data/cmd/Ming/llm-fl-apr/tmp/Cli_29-prompt_apr_1-ernie-3.5-128k/src/java/org/apache/commons/cli/Util.java:83: error: ';' expected\n    [javac] - Line 4: Changed `str.substring(1, str.length());` to `str.substring(1);` to correctly remove the leading quote and update the string. The `substring` method with one argument removes characters from the start index to the end of the string.}\n    [javac]                                                                                               ^\n    [javac] /data/cmd/Ming/llm-fl-apr/tmp/Cli_29-prompt_apr_1-ernie-3.5-128k/src/java/org/apache/commons/cli/Util.java:83: error: ';' expected\n    [javac] - Line 4: Changed `str.substring(1, str.length());` to `str.substring(1);` to correctly remove the leading quote and update the string. The `substring` method with one argument removes characters from the start index to the end of the string.}\n    [javac]                                                                                                           ^\n    [javac] /data/cmd/Ming/llm-fl-apr/tmp/Cli_29-prompt_apr_1-ernie-3.5-128k/src/java/org/apache/commons/cli/Util.java:83: error: ';' expected\n    [javac] - Line 4: Changed `str.substring(1, str.length());` to `str.substring(1);` to correctly remove the leading quote and update the string. The `substring` method with one argument removes characters from the start index to the end of the string.}\n    [javac]                                                                                                                     ^\n    [javac] /data/cmd/Ming/llm-fl-apr/tmp/Cli_29-prompt_apr_1-ernie-3.5-128k/src/java/org/apache/commons/cli/Util.java:83: error: ';' expected\n    [javac] - Line 4: Changed `str.substring(1, str.length());` to `str.substring(1);` to correctly remove the leading quote and update the string. The `substring` method with one argument removes characters from the start index to the end of the string.}\n    [javac]                                                                                                                                ^\n    [javac] /data/cmd/Ming/llm-fl-apr/tmp/Cli_29-prompt_apr_1-ernie-3.5-128k/src/java/org/apache/commons/cli/Util.java:83: error: illegal character: \\96\n    [javac] - Line 4: Changed `str.substring(1, str.length());` to `str.substring(1);` to correctly remove the leading quote and update the string. The `substring` method with one argument removes characters from the start index to the end of the string.}\n    [javac]                                                                                                                                             ^\n    [javac] /data/cmd/Ming/llm-fl-apr/tmp/Cli_29-prompt_apr_1-ernie-3.5-128k/src/java/org/apache/commons/cli/Util.java:83: error: illegal character: \\96\n    [javac] - Line 4: Changed `str.substring(1, str.length());` to `str.substring(1);` to correctly remove the leading quote and update the string. The `substring` method with one argument removes characters from the start index to the end of the string.}\n    [javac]                                                                                                                                                       ^\n    [javac] /data/cmd/Ming/llm-fl-apr/tmp/Cli_29-prompt_apr_1-ernie-3.5-128k/src/java/org/apache/commons/cli/Util.java:83: error: ';' expected\n    [javac] - Line 4: Changed `str.substring(1, str.length());` to `str.substring(1);` to correctly remove the leading quote and update the string. The `substring` method with one argument removes characters from the start index to the end of the string.}\n    [javac]                                                                                                                                                                    ^\n    [javac] /data/cmd/Ming/llm-fl-apr/tmp/Cli_29-prompt_apr_1-ernie-3.5-128k/src/java/org/apache/commons/cli/Util.java:83: error: ';' expected\n    [javac] - Line 4: Changed `str.substring(1, str.length());` to `str.substring(1);` to correctly remove the leading quote and update the string. The `substring` method with one argument removes characters from the start index to the end of the string.}\n    [javac]                                                                                                                                                                                 ^\n    [javac] /data/cmd/Ming/llm-fl-apr/tmp/Cli_29-prompt_apr_1-ernie-3.5-128k/src/java/org/apache/commons/cli/Util.java:83: error: ';' expected\n    [javac] - Line 4: Changed `str.substring(1, str.length());` to `str.substring(1);` to correctly remove the leading quote and update the string. The `substring` method with one argument removes characters from the start index to the end of the string.}\n    [javac]                                                                                                                                                                                                    ^\n    [javac] /data/cmd/Ming/llm-fl-apr/tmp/Cli_29-prompt_apr_1-ernie-3.5-128k/src/java/org/apache/commons/cli/Util.java:83: error: ';' expected\n    [javac] - Line 4: Changed `str.substring(1, str.length());` to `str.substring(1);` to correctly remove the leading quote and update the string. The `substring` method with one argument removes characters from the start index to the end of the string.}\n    [javac]                                                                                                                                                                                                             ^\n    [javac] /data/cmd/Ming/llm-fl-apr/tmp/Cli_29-prompt_apr_1-ernie-3.5-128k/src/java/org/apache/commons/cli/Util.java:83: error: ';' expected\n    [javac] - Line 4: Changed `str.substring(1, str.length());` to `str.substring(1);` to correctly remove the leading quote and update the string. The `substring` method with one argument removes characters from the start index to the end of the string.}\n    [javac]                                                                                                                                                                                                                         ^\n    [javac] /data/cmd/Ming/llm-fl-apr/tmp/Cli_29-prompt_apr_1-ernie-3.5-128k/src/java/org/apache/commons/cli/Util.java:83: error: ';' expected\n    [javac] - Line 4: Changed `str.substring(1, str.length());` to `str.substring(1);` to correctly remove the leading quote and update the string. The `substring` method with one argument removes characters from the start index to the end of the string.}\n    [javac]                                                                                                                                                                                                                                ^\n    [javac] /data/cmd/Ming/llm-fl-apr/tmp/Cli_29-prompt_apr_1-ernie-3.5-128k/src/java/org/apache/commons/cli/Util.java:83: error: ';' expected\n    [javac] - Line 4: Changed `str.substring(1, str.length());` to `str.substring(1);` to correctly remove the leading quote and update the string. The `substring` method with one argument removes characters from the start index to the end of the string.}\n    [javac]                                                                                                                                                                                                                                       ^\n    [javac] /data/cmd/Ming/llm-fl-apr/tmp/Cli_29-prompt_apr_1-ernie-3.5-128k/src/java/org/apache/commons/cli/Util.java:83: error: ';' expected\n    [javac] - Line 4: Changed `str.substring(1, str.length());` to `str.substring(1);` to correctly remove the leading quote and update the string. The `substring` method with one argument removes characters from the start index to the end of the string.}\n    [javac]                                                                                                                                                                                                                                                  ^\n    [javac] 63 errors\n    [javac] 1 warning\n\nBUILD FAILED\n/data/cmd/Ming/llm-fl-apr/tmp/Cli_29-prompt_apr_1-ernie-3.5-128k/maven-build.xml:75: Compile failed; see the compiler error output for details.\n\nTotal time: 5 seconds\nCannot compile sources! at /data/cmd/Ming/LLM_Based-Mutation/tools/mutant/defects4j-2.1.0/framework/bin/d4j/d4j-compile line 82.\nCompilation failed in require at /data/cmd/Ming/LLM_Based-Mutation/tools/mutant/defects4j-2.1.0/framework/bin/defects4j line 195.\n"
                }
            },
            "qwen-turbo": {
                "compile": {
                    "rc": 1,
                    "so": "",
                    "se": "Running ant (compile)...................................................... FAIL\nExecuted command:  cd /data/cmd/Ming/llm-fl-apr/tmp/Cli_29-prompt_apr_1-qwen-turbo && /data/cmd/Ming/LLM_Based-Mutation/tools/mutant/defects4j-2.1.0/major/bin/ant -f /data/cmd/Ming/LLM_Based-Mutation/tools/mutant/defects4j-2.1.0/framework/projects/defects4j.build.xml -Dd4j.home=/data/cmd/Ming/LLM_Based-Mutation/tools/mutant/defects4j-2.1.0 -Dd4j.dir.projects=/data/cmd/Ming/LLM_Based-Mutation/tools/mutant/defects4j-2.1.0/framework/projects -Dbasedir=/data/cmd/Ming/llm-fl-apr/tmp/Cli_29-prompt_apr_1-qwen-turbo -Dbuild.compiler=javac1.7  compile 2>&1\nJava HotSpot(TM) 64-Bit Server VM warning: ignoring option MaxPermSize=1G; support was removed in 8.0\nBuildfile: /data/cmd/Ming/LLM_Based-Mutation/tools/mutant/defects4j-2.1.0/framework/projects/defects4j.build.xml\n    [mkdir] Created dir: /data/cmd/Ming/llm-fl-apr/tmp/Cli_29-prompt_apr_1-qwen-turbo/target\n    [mkdir] Created dir: /data/cmd/Ming/llm-fl-apr/tmp/Cli_29-prompt_apr_1-qwen-turbo/target/lib\n\ntest-offline:\n\nget-deps:\n\ncommons-cli-from-maven.compile:\n    [mkdir] Created dir: /data/cmd/Ming/llm-fl-apr/tmp/Cli_29-prompt_apr_1-qwen-turbo/target/classes\n    [javac] /data/cmd/Ming/llm-fl-apr/tmp/Cli_29-prompt_apr_1-qwen-turbo/maven-build.xml:75: warning: 'includeantruntime' was not set, defaulting to build.sysclasspath=last; set to false for repeatable builds\n    [javac] Compiling 22 source files to /data/cmd/Ming/llm-fl-apr/tmp/Cli_29-prompt_apr_1-qwen-turbo/target/classes\n    [javac] warning: [options] bootstrap class path not set in conjunction with -source 1.4\n    [javac] /data/cmd/Ming/llm-fl-apr/tmp/Cli_29-prompt_apr_1-qwen-turbo/src/java/org/apache/commons/cli/Util.java:63: error: <identifier> expected\n    [javac] Sure, here is the corrected version of your method:\n    [javac]     ^\n    [javac] /data/cmd/Ming/llm-fl-apr/tmp/Cli_29-prompt_apr_1-qwen-turbo/src/java/org/apache/commons/cli/Util.java:63: error: ';' expected\n    [javac] Sure, here is the corrected version of your method:\n    [javac]           ^\n    [javac] /data/cmd/Ming/llm-fl-apr/tmp/Cli_29-prompt_apr_1-qwen-turbo/src/java/org/apache/commons/cli/Util.java:63: error: ';' expected\n    [javac] Sure, here is the corrected version of your method:\n    [javac]                  ^\n    [javac] /data/cmd/Ming/llm-fl-apr/tmp/Cli_29-prompt_apr_1-qwen-turbo/src/java/org/apache/commons/cli/Util.java:63: error: ';' expected\n    [javac] Sure, here is the corrected version of your method:\n    [javac]                                    ^\n    [javac] /data/cmd/Ming/llm-fl-apr/tmp/Cli_29-prompt_apr_1-qwen-turbo/src/java/org/apache/commons/cli/Util.java:63: error: ';' expected\n    [javac] Sure, here is the corrected version of your method:\n    [javac]                                            ^\n    [javac] /data/cmd/Ming/llm-fl-apr/tmp/Cli_29-prompt_apr_1-qwen-turbo/src/java/org/apache/commons/cli/Util.java:63: error: <identifier> expected\n    [javac] Sure, here is the corrected version of your method:\n    [javac]                                                   ^\n    [javac] /data/cmd/Ming/llm-fl-apr/tmp/Cli_29-prompt_apr_1-qwen-turbo/src/java/org/apache/commons/cli/Util.java:65: error: illegal character: \\96\n    [javac] ```java\n    [javac] ^\n    [javac] /data/cmd/Ming/llm-fl-apr/tmp/Cli_29-prompt_apr_1-qwen-turbo/src/java/org/apache/commons/cli/Util.java:65: error: illegal character: \\96\n    [javac] ```java\n    [javac]  ^\n    [javac] /data/cmd/Ming/llm-fl-apr/tmp/Cli_29-prompt_apr_1-qwen-turbo/src/java/org/apache/commons/cli/Util.java:65: error: illegal character: \\96\n    [javac] ```java\n    [javac]   ^\n    [javac] /data/cmd/Ming/llm-fl-apr/tmp/Cli_29-prompt_apr_1-qwen-turbo/src/java/org/apache/commons/cli/Util.java:77: error: illegal character: \\96\n    [javac] ```\n    [javac] ^\n    [javac] /data/cmd/Ming/llm-fl-apr/tmp/Cli_29-prompt_apr_1-qwen-turbo/src/java/org/apache/commons/cli/Util.java:77: error: illegal character: \\96\n    [javac] ```\n    [javac]  ^\n    [javac] /data/cmd/Ming/llm-fl-apr/tmp/Cli_29-prompt_apr_1-qwen-turbo/src/java/org/apache/commons/cli/Util.java:77: error: illegal character: \\96\n    [javac] ```\n    [javac]   ^\n    [javac] /data/cmd/Ming/llm-fl-apr/tmp/Cli_29-prompt_apr_1-qwen-turbo/src/java/org/apache/commons/cli/Util.java:79: error: ';' expected\n    [javac] The changes made were:\n    [javac]                 ^\n    [javac] /data/cmd/Ming/llm-fl-apr/tmp/Cli_29-prompt_apr_1-qwen-turbo/src/java/org/apache/commons/cli/Util.java:79: error: <identifier> expected\n    [javac] The changes made were:\n    [javac]                      ^\n    [javac] /data/cmd/Ming/llm-fl-apr/tmp/Cli_29-prompt_apr_1-qwen-turbo/src/java/org/apache/commons/cli/Util.java:80: error: illegal start of type\n    [javac] - Removed the unnecessary second parameter in `str.substring(1)` on line 4.\n    [javac] ^\n    [javac] /data/cmd/Ming/llm-fl-apr/tmp/Cli_29-prompt_apr_1-qwen-turbo/src/java/org/apache/commons/cli/Util.java:80: error: ';' expected\n    [javac] - Removed the unnecessary second parameter in `str.substring(1)` on line 4.\n    [javac]          ^\n    [javac] /data/cmd/Ming/llm-fl-apr/tmp/Cli_29-prompt_apr_1-qwen-turbo/src/java/org/apache/commons/cli/Util.java:80: error: ';' expected\n    [javac] - Removed the unnecessary second parameter in `str.substring(1)` on line 4.\n    [javac]                          ^\n    [javac] /data/cmd/Ming/llm-fl-apr/tmp/Cli_29-prompt_apr_1-qwen-turbo/src/java/org/apache/commons/cli/Util.java:80: error: ';' expected\n    [javac] - Removed the unnecessary second parameter in `str.substring(1)` on line 4.\n    [javac]                                           ^\n    [javac] /data/cmd/Ming/llm-fl-apr/tmp/Cli_29-prompt_apr_1-qwen-turbo/src/java/org/apache/commons/cli/Util.java:80: error: illegal character: \\96\n    [javac] - Removed the unnecessary second parameter in `str.substring(1)` on line 4.\n    [javac]                                               ^\n    [javac] /data/cmd/Ming/llm-fl-apr/tmp/Cli_29-prompt_apr_1-qwen-turbo/src/java/org/apache/commons/cli/Util.java:80: error: <identifier> expected\n    [javac] - Removed the unnecessary second parameter in `str.substring(1)` on line 4.\n    [javac]                                                             ^\n    [javac] /data/cmd/Ming/llm-fl-apr/tmp/Cli_29-prompt_apr_1-qwen-turbo/src/java/org/apache/commons/cli/Util.java:80: error: illegal start of type\n    [javac] - Removed the unnecessary second parameter in `str.substring(1)` on line 4.\n    [javac]                                                              ^\n    [javac] /data/cmd/Ming/llm-fl-apr/tmp/Cli_29-prompt_apr_1-qwen-turbo/src/java/org/apache/commons/cli/Util.java:80: error: illegal character: \\96\n    [javac] - Removed the unnecessary second parameter in `str.substring(1)` on line 4.\n    [javac]                                                                ^\n    [javac] /data/cmd/Ming/llm-fl-apr/tmp/Cli_29-prompt_apr_1-qwen-turbo/src/java/org/apache/commons/cli/Util.java:81: error: illegal character: \\96\n    [javac] - Ensured that `length` is updated before the `substring` call on line 10 to avoid using an outdated value. However, since `length` is already the correct length of the string, this step is actually redundant and can be omitted for clarity. Here is the even more simplified version:\n    [javac]                ^\n    [javac] /data/cmd/Ming/llm-fl-apr/tmp/Cli_29-prompt_apr_1-qwen-turbo/src/java/org/apache/commons/cli/Util.java:81: error: illegal character: \\96\n    [javac] - Ensured that `length` is updated before the `substring` call on line 10 to avoid using an outdated value. However, since `length` is already the correct length of the string, this step is actually redundant and can be omitted for clarity. Here is the even more simplified version:\n    [javac]                       ^\n    [javac] /data/cmd/Ming/llm-fl-apr/tmp/Cli_29-prompt_apr_1-qwen-turbo/src/java/org/apache/commons/cli/Util.java:81: error: illegal character: \\96\n    [javac] - Ensured that `length` is updated before the `substring` call on line 10 to avoid using an outdated value. However, since `length` is already the correct length of the string, this step is actually redundant and can be omitted for clarity. Here is the even more simplified version:\n    [javac]                                               ^\n    [javac] /data/cmd/Ming/llm-fl-apr/tmp/Cli_29-prompt_apr_1-qwen-turbo/src/java/org/apache/commons/cli/Util.java:81: error: illegal character: \\96\n    [javac] - Ensured that `length` is updated before the `substring` call on line 10 to avoid using an outdated value. However, since `length` is already the correct length of the string, this step is actually redundant and can be omitted for clarity. Here is the even more simplified version:\n    [javac]                                                         ^\n    [javac] /data/cmd/Ming/llm-fl-apr/tmp/Cli_29-prompt_apr_1-qwen-turbo/src/java/org/apache/commons/cli/Util.java:81: error: illegal character: \\96\n    [javac] - Ensured that `length` is updated before the `substring` call on line 10 to avoid using an outdated value. However, since `length` is already the correct length of the string, this step is actually redundant and can be omitted for clarity. Here is the even more simplified version:\n    [javac]                                                                                                                            ^\n    [javac] /data/cmd/Ming/llm-fl-apr/tmp/Cli_29-prompt_apr_1-qwen-turbo/src/java/org/apache/commons/cli/Util.java:81: error: illegal character: \\96\n    [javac] - Ensured that `length` is updated before the `substring` call on line 10 to avoid using an outdated value. However, since `length` is already the correct length of the string, this step is actually redundant and can be omitted for clarity. Here is the even more simplified version:\n    [javac]                                                                                                                                   ^\n    [javac] /data/cmd/Ming/llm-fl-apr/tmp/Cli_29-prompt_apr_1-qwen-turbo/src/java/org/apache/commons/cli/Util.java:83: error: illegal character: \\96\n    [javac] ```java\n    [javac] ^\n    [javac] /data/cmd/Ming/llm-fl-apr/tmp/Cli_29-prompt_apr_1-qwen-turbo/src/java/org/apache/commons/cli/Util.java:83: error: illegal character: \\96\n    [javac] ```java\n    [javac]  ^\n    [javac] /data/cmd/Ming/llm-fl-apr/tmp/Cli_29-prompt_apr_1-qwen-turbo/src/java/org/apache/commons/cli/Util.java:83: error: illegal character: \\96\n    [javac] ```java\n    [javac]   ^\n    [javac] /data/cmd/Ming/llm-fl-apr/tmp/Cli_29-prompt_apr_1-qwen-turbo/src/java/org/apache/commons/cli/Util.java:94: error: illegal character: \\96\n    [javac] ```\n    [javac] ^\n    [javac] /data/cmd/Ming/llm-fl-apr/tmp/Cli_29-prompt_apr_1-qwen-turbo/src/java/org/apache/commons/cli/Util.java:94: error: illegal character: \\96\n    [javac] ```\n    [javac]  ^\n    [javac] /data/cmd/Ming/llm-fl-apr/tmp/Cli_29-prompt_apr_1-qwen-turbo/src/java/org/apache/commons/cli/Util.java:94: error: illegal character: \\96\n    [javac] ```\n    [javac]   ^\n    [javac] /data/cmd/Ming/llm-fl-apr/tmp/Cli_29-prompt_apr_1-qwen-turbo/src/java/org/apache/commons/cli/Util.java:96: error: ';' expected\n    [javac] This version is cleaner and avoids unnecessary recomputation.}\n    [javac]                ^\n    [javac] /data/cmd/Ming/llm-fl-apr/tmp/Cli_29-prompt_apr_1-qwen-turbo/src/java/org/apache/commons/cli/Util.java:96: error: ';' expected\n    [javac] This version is cleaner and avoids unnecessary recomputation.}\n    [javac]                            ^\n    [javac] /data/cmd/Ming/llm-fl-apr/tmp/Cli_29-prompt_apr_1-qwen-turbo/src/java/org/apache/commons/cli/Util.java:96: error: ';' expected\n    [javac] This version is cleaner and avoids unnecessary recomputation.}\n    [javac]                                               ^\n    [javac] /data/cmd/Ming/llm-fl-apr/tmp/Cli_29-prompt_apr_1-qwen-turbo/src/java/org/apache/commons/cli/Util.java:96: error: <identifier> expected\n    [javac] This version is cleaner and avoids unnecessary recomputation.}\n    [javac]                                                              ^\n    [javac] /data/cmd/Ming/llm-fl-apr/tmp/Cli_29-prompt_apr_1-qwen-turbo/src/java/org/apache/commons/cli/Util.java:96: error: reached end of file while parsing\n    [javac] This version is cleaner and avoids unnecessary recomputation.}\n    [javac]                                                               ^\n    [javac] /data/cmd/Ming/llm-fl-apr/tmp/Cli_29-prompt_apr_1-qwen-turbo/src/java/org/apache/commons/cli/Util.java:97: error: reached end of file while parsing\n    [javac] 40 errors\n    [javac] 1 warning\n\nBUILD FAILED\n/data/cmd/Ming/llm-fl-apr/tmp/Cli_29-prompt_apr_1-qwen-turbo/maven-build.xml:75: Compile failed; see the compiler error output for details.\n\nTotal time: 2 seconds\nCannot compile sources! at /data/cmd/Ming/LLM_Based-Mutation/tools/mutant/defects4j-2.1.0/framework/bin/d4j/d4j-compile line 82.\nCompilation failed in require at /data/cmd/Ming/LLM_Based-Mutation/tools/mutant/defects4j-2.1.0/framework/bin/defects4j line 195.\n"
                }
            },
            "doubao-pro-4k": {
                "compile": {
                    "rc": 1,
                    "so": "",
                    "se": "Running ant (compile)...................................................... FAIL\nExecuted command:  cd /data/cmd/Ming/llm-fl-apr/tmp/Cli_29-prompt_apr_1-doubao-pro-4k && /data/cmd/Ming/LLM_Based-Mutation/tools/mutant/defects4j-2.1.0/major/bin/ant -f /data/cmd/Ming/LLM_Based-Mutation/tools/mutant/defects4j-2.1.0/framework/projects/defects4j.build.xml -Dd4j.home=/data/cmd/Ming/LLM_Based-Mutation/tools/mutant/defects4j-2.1.0 -Dd4j.dir.projects=/data/cmd/Ming/LLM_Based-Mutation/tools/mutant/defects4j-2.1.0/framework/projects -Dbasedir=/data/cmd/Ming/llm-fl-apr/tmp/Cli_29-prompt_apr_1-doubao-pro-4k -Dbuild.compiler=javac1.7  compile 2>&1\nJava HotSpot(TM) 64-Bit Server VM warning: ignoring option MaxPermSize=1G; support was removed in 8.0\nBuildfile: /data/cmd/Ming/LLM_Based-Mutation/tools/mutant/defects4j-2.1.0/framework/projects/defects4j.build.xml\n    [mkdir] Created dir: /data/cmd/Ming/llm-fl-apr/tmp/Cli_29-prompt_apr_1-doubao-pro-4k/target\n    [mkdir] Created dir: /data/cmd/Ming/llm-fl-apr/tmp/Cli_29-prompt_apr_1-doubao-pro-4k/target/lib\n\ntest-offline:\n\nget-deps:\n\ncommons-cli-from-maven.compile:\n    [mkdir] Created dir: /data/cmd/Ming/llm-fl-apr/tmp/Cli_29-prompt_apr_1-doubao-pro-4k/target/classes\n    [javac] /data/cmd/Ming/llm-fl-apr/tmp/Cli_29-prompt_apr_1-doubao-pro-4k/maven-build.xml:75: warning: 'includeantruntime' was not set, defaulting to build.sysclasspath=last; set to false for repeatable builds\n    [javac] Compiling 22 source files to /data/cmd/Ming/llm-fl-apr/tmp/Cli_29-prompt_apr_1-doubao-pro-4k/target/classes\n    [javac] warning: [options] bootstrap class path not set in conjunction with -source 1.4\n    [javac] /data/cmd/Ming/llm-fl-apr/tmp/Cli_29-prompt_apr_1-doubao-pro-4k/src/java/org/apache/commons/cli/Util.java:63: error: illegal character: \\96\n    [javac] ```java\n    [javac] ^\n    [javac] /data/cmd/Ming/llm-fl-apr/tmp/Cli_29-prompt_apr_1-doubao-pro-4k/src/java/org/apache/commons/cli/Util.java:63: error: illegal character: \\96\n    [javac] ```java\n    [javac]  ^\n    [javac] /data/cmd/Ming/llm-fl-apr/tmp/Cli_29-prompt_apr_1-doubao-pro-4k/src/java/org/apache/commons/cli/Util.java:63: error: illegal character: \\96\n    [javac] ```java\n    [javac]   ^\n    [javac] /data/cmd/Ming/llm-fl-apr/tmp/Cli_29-prompt_apr_1-doubao-pro-4k/src/java/org/apache/commons/cli/Util.java:75: error: illegal character: \\96\n    [javac] ```}\n    [javac] ^\n    [javac] /data/cmd/Ming/llm-fl-apr/tmp/Cli_29-prompt_apr_1-doubao-pro-4k/src/java/org/apache/commons/cli/Util.java:75: error: illegal character: \\96\n    [javac] ```}\n    [javac]  ^\n    [javac] /data/cmd/Ming/llm-fl-apr/tmp/Cli_29-prompt_apr_1-doubao-pro-4k/src/java/org/apache/commons/cli/Util.java:75: error: illegal character: \\96\n    [javac] ```}\n    [javac]   ^\n    [javac] /data/cmd/Ming/llm-fl-apr/tmp/Cli_29-prompt_apr_1-doubao-pro-4k/src/java/org/apache/commons/cli/Util.java:76: error: reached end of file while parsing\n    [javac] 7 errors\n    [javac] 1 warning\n\nBUILD FAILED\n/data/cmd/Ming/llm-fl-apr/tmp/Cli_29-prompt_apr_1-doubao-pro-4k/maven-build.xml:75: Compile failed; see the compiler error output for details.\n\nTotal time: 1 second\nCannot compile sources! at /data/cmd/Ming/LLM_Based-Mutation/tools/mutant/defects4j-2.1.0/framework/bin/d4j/d4j-compile line 82.\nCompilation failed in require at /data/cmd/Ming/LLM_Based-Mutation/tools/mutant/defects4j-2.1.0/framework/bin/defects4j line 195.\n"
                }
            },
            "gpt-4o-mini": {
                "compile": {
                    "rc": 0,
                    "so": "",
                    "se": "Running ant (compile)...................................................... OK\nRunning ant (compile.tests)................................................ OK\n"
                },
                "test": {
                    "rc": 0,
                    "so": "Failing tests: 1\n  - org.apache.commons.cli.UtilTest::testStripLeadingAndTrailingQuotes\n",
                    "se": "Running ant (compile.tests)................................................ OK\nRunning ant (run.dev.tests)................................................ OK\n"
                }
            },
            "deepseek-chat": {
                "compile": {
                    "rc": 0,
                    "so": "",
                    "se": "Running ant (compile)...................................................... OK\nRunning ant (compile.tests)................................................ OK\n"
                },
                "test": {
                    "rc": 0,
                    "so": "Failing tests: 1\n  - org.apache.commons.cli.UtilTest::testStripLeadingAndTrailingQuotes\n",
                    "se": "Running ant (compile.tests)................................................ OK\nRunning ant (run.dev.tests)................................................ OK\n"
                }
            }
        },
        "prompt_apr_2": {
            "ernie-3.5-128k": {
                "compile": {
                    "rc": 0,
                    "so": "",
                    "se": "Running ant (compile)...................................................... OK\nRunning ant (compile.tests)................................................ OK\n"
                },
                "test": {
                    "rc": 0,
                    "so": "Failing tests: 1\n  - org.apache.commons.cli.UtilTest::testStripLeadingAndTrailingQuotes\n",
                    "se": "Running ant (compile.tests)................................................ OK\nRunning ant (run.dev.tests)................................................ OK\n"
                }
            },
            "qwen-turbo": {
                "compile": {
                    "rc": 1,
                    "so": "",
                    "se": "Running ant (compile)...................................................... FAIL\nExecuted command:  cd /data/cmd/Ming/llm-fl-apr/tmp/Cli_29-prompt_apr_2-qwen-turbo && /data/cmd/Ming/LLM_Based-Mutation/tools/mutant/defects4j-2.1.0/major/bin/ant -f /data/cmd/Ming/LLM_Based-Mutation/tools/mutant/defects4j-2.1.0/framework/projects/defects4j.build.xml -Dd4j.home=/data/cmd/Ming/LLM_Based-Mutation/tools/mutant/defects4j-2.1.0 -Dd4j.dir.projects=/data/cmd/Ming/LLM_Based-Mutation/tools/mutant/defects4j-2.1.0/framework/projects -Dbasedir=/data/cmd/Ming/llm-fl-apr/tmp/Cli_29-prompt_apr_2-qwen-turbo -Dbuild.compiler=javac1.7  compile 2>&1\nJava HotSpot(TM) 64-Bit Server VM warning: ignoring option MaxPermSize=1G; support was removed in 8.0\nBuildfile: /data/cmd/Ming/LLM_Based-Mutation/tools/mutant/defects4j-2.1.0/framework/projects/defects4j.build.xml\n    [mkdir] Created dir: /data/cmd/Ming/llm-fl-apr/tmp/Cli_29-prompt_apr_2-qwen-turbo/target\n    [mkdir] Created dir: /data/cmd/Ming/llm-fl-apr/tmp/Cli_29-prompt_apr_2-qwen-turbo/target/lib\n\ntest-offline:\n\nget-deps:\n\ncommons-cli-from-maven.compile:\n    [mkdir] Created dir: /data/cmd/Ming/llm-fl-apr/tmp/Cli_29-prompt_apr_2-qwen-turbo/target/classes\n    [javac] /data/cmd/Ming/llm-fl-apr/tmp/Cli_29-prompt_apr_2-qwen-turbo/maven-build.xml:75: warning: 'includeantruntime' was not set, defaulting to build.sysclasspath=last; set to false for repeatable builds\n    [javac] Compiling 22 source files to /data/cmd/Ming/llm-fl-apr/tmp/Cli_29-prompt_apr_2-qwen-turbo/target/classes\n    [javac] warning: [options] bootstrap class path not set in conjunction with -source 1.4\n    [javac] /data/cmd/Ming/llm-fl-apr/tmp/Cli_29-prompt_apr_2-qwen-turbo/src/java/org/apache/commons/cli/Util.java:63: error: <identifier> expected\n    [javac] Certainly, here is the corrected version of your method:\n    [javac]          ^\n    [javac] /data/cmd/Ming/llm-fl-apr/tmp/Cli_29-prompt_apr_2-qwen-turbo/src/java/org/apache/commons/cli/Util.java:63: error: ';' expected\n    [javac] Certainly, here is the corrected version of your method:\n    [javac]                ^\n    [javac] /data/cmd/Ming/llm-fl-apr/tmp/Cli_29-prompt_apr_2-qwen-turbo/src/java/org/apache/commons/cli/Util.java:63: error: ';' expected\n    [javac] Certainly, here is the corrected version of your method:\n    [javac]                       ^\n    [javac] /data/cmd/Ming/llm-fl-apr/tmp/Cli_29-prompt_apr_2-qwen-turbo/src/java/org/apache/commons/cli/Util.java:63: error: ';' expected\n    [javac] Certainly, here is the corrected version of your method:\n    [javac]                                         ^\n    [javac] /data/cmd/Ming/llm-fl-apr/tmp/Cli_29-prompt_apr_2-qwen-turbo/src/java/org/apache/commons/cli/Util.java:63: error: ';' expected\n    [javac] Certainly, here is the corrected version of your method:\n    [javac]                                                 ^\n    [javac] /data/cmd/Ming/llm-fl-apr/tmp/Cli_29-prompt_apr_2-qwen-turbo/src/java/org/apache/commons/cli/Util.java:63: error: <identifier> expected\n    [javac] Certainly, here is the corrected version of your method:\n    [javac]                                                        ^\n    [javac] /data/cmd/Ming/llm-fl-apr/tmp/Cli_29-prompt_apr_2-qwen-turbo/src/java/org/apache/commons/cli/Util.java:65: error: illegal character: \\96\n    [javac] ```java\n    [javac] ^\n    [javac] /data/cmd/Ming/llm-fl-apr/tmp/Cli_29-prompt_apr_2-qwen-turbo/src/java/org/apache/commons/cli/Util.java:65: error: illegal character: \\96\n    [javac] ```java\n    [javac]  ^\n    [javac] /data/cmd/Ming/llm-fl-apr/tmp/Cli_29-prompt_apr_2-qwen-turbo/src/java/org/apache/commons/cli/Util.java:65: error: illegal character: \\96\n    [javac] ```java\n    [javac]   ^\n    [javac] /data/cmd/Ming/llm-fl-apr/tmp/Cli_29-prompt_apr_2-qwen-turbo/src/java/org/apache/commons/cli/Util.java:77: error: illegal character: \\96\n    [javac] ```\n    [javac] ^\n    [javac] /data/cmd/Ming/llm-fl-apr/tmp/Cli_29-prompt_apr_2-qwen-turbo/src/java/org/apache/commons/cli/Util.java:77: error: illegal character: \\96\n    [javac] ```\n    [javac]  ^\n    [javac] /data/cmd/Ming/llm-fl-apr/tmp/Cli_29-prompt_apr_2-qwen-turbo/src/java/org/apache/commons/cli/Util.java:77: error: illegal character: \\96\n    [javac] ```\n    [javac]   ^\n    [javac] /data/cmd/Ming/llm-fl-apr/tmp/Cli_29-prompt_apr_2-qwen-turbo/src/java/org/apache/commons/cli/Util.java:79: error: ';' expected\n    [javac] The original code had incorrect escape sequences for double quotes inside the `if` conditions. The corrected code uses correct escape sequences for double quotes.}\n    [javac]                  ^\n    [javac] /data/cmd/Ming/llm-fl-apr/tmp/Cli_29-prompt_apr_2-qwen-turbo/src/java/org/apache/commons/cli/Util.java:79: error: ';' expected\n    [javac] The original code had incorrect escape sequences for double quotes inside the `if` conditions. The corrected code uses correct escape sequences for double quotes.}\n    [javac]                                ^\n    [javac] /data/cmd/Ming/llm-fl-apr/tmp/Cli_29-prompt_apr_2-qwen-turbo/src/java/org/apache/commons/cli/Util.java:79: error: ';' expected\n    [javac] The original code had incorrect escape sequences for double quotes inside the `if` conditions. The corrected code uses correct escape sequences for double quotes.}\n    [javac]                                                 ^\n    [javac] /data/cmd/Ming/llm-fl-apr/tmp/Cli_29-prompt_apr_2-qwen-turbo/src/java/org/apache/commons/cli/Util.java:79: error: ';' expected\n    [javac] The original code had incorrect escape sequences for double quotes inside the `if` conditions. The corrected code uses correct escape sequences for double quotes.}\n    [javac]                                                                   ^\n    [javac] /data/cmd/Ming/llm-fl-apr/tmp/Cli_29-prompt_apr_2-qwen-turbo/src/java/org/apache/commons/cli/Util.java:79: error: illegal character: \\96\n    [javac] The original code had incorrect escape sequences for double quotes inside the `if` conditions. The corrected code uses correct escape sequences for double quotes.}\n    [javac]                                                                               ^\n    [javac] /data/cmd/Ming/llm-fl-apr/tmp/Cli_29-prompt_apr_2-qwen-turbo/src/java/org/apache/commons/cli/Util.java:79: error: illegal character: \\96\n    [javac] The original code had incorrect escape sequences for double quotes inside the `if` conditions. The corrected code uses correct escape sequences for double quotes.}\n    [javac]                                                                                  ^\n    [javac] /data/cmd/Ming/llm-fl-apr/tmp/Cli_29-prompt_apr_2-qwen-turbo/src/java/org/apache/commons/cli/Util.java:79: error: ';' expected\n    [javac] The original code had incorrect escape sequences for double quotes inside the `if` conditions. The corrected code uses correct escape sequences for double quotes.}\n    [javac]                                                                                                             ^\n    [javac] /data/cmd/Ming/llm-fl-apr/tmp/Cli_29-prompt_apr_2-qwen-turbo/src/java/org/apache/commons/cli/Util.java:79: error: ';' expected\n    [javac] The original code had incorrect escape sequences for double quotes inside the `if` conditions. The corrected code uses correct escape sequences for double quotes.}\n    [javac]                                                                                                                       ^\n    [javac] /data/cmd/Ming/llm-fl-apr/tmp/Cli_29-prompt_apr_2-qwen-turbo/src/java/org/apache/commons/cli/Util.java:79: error: ';' expected\n    [javac] The original code had incorrect escape sequences for double quotes inside the `if` conditions. The corrected code uses correct escape sequences for double quotes.}\n    [javac]                                                                                                                                      ^\n    [javac] /data/cmd/Ming/llm-fl-apr/tmp/Cli_29-prompt_apr_2-qwen-turbo/src/java/org/apache/commons/cli/Util.java:79: error: <identifier> expected\n    [javac] The original code had incorrect escape sequences for double quotes inside the `if` conditions. The corrected code uses correct escape sequences for double quotes.}\n    [javac]                                                                                                                                                ^\n    [javac] /data/cmd/Ming/llm-fl-apr/tmp/Cli_29-prompt_apr_2-qwen-turbo/src/java/org/apache/commons/cli/Util.java:79: error: ';' expected\n    [javac] The original code had incorrect escape sequences for double quotes inside the `if` conditions. The corrected code uses correct escape sequences for double quotes.}\n    [javac]                                                                                                                                                                  ^\n    [javac] 23 errors\n    [javac] 1 warning\n\nBUILD FAILED\n/data/cmd/Ming/llm-fl-apr/tmp/Cli_29-prompt_apr_2-qwen-turbo/maven-build.xml:75: Compile failed; see the compiler error output for details.\n\nTotal time: 1 second\nCannot compile sources! at /data/cmd/Ming/LLM_Based-Mutation/tools/mutant/defects4j-2.1.0/framework/bin/d4j/d4j-compile line 82.\nCompilation failed in require at /data/cmd/Ming/LLM_Based-Mutation/tools/mutant/defects4j-2.1.0/framework/bin/defects4j line 195.\n"
                }
            },
            "doubao-pro-4k": {
                "compile": {
                    "rc": 1,
                    "so": "",
                    "se": "Running ant (compile)...................................................... FAIL\nExecuted command:  cd /data/cmd/Ming/llm-fl-apr/tmp/Cli_29-prompt_apr_2-doubao-pro-4k && /data/cmd/Ming/LLM_Based-Mutation/tools/mutant/defects4j-2.1.0/major/bin/ant -f /data/cmd/Ming/LLM_Based-Mutation/tools/mutant/defects4j-2.1.0/framework/projects/defects4j.build.xml -Dd4j.home=/data/cmd/Ming/LLM_Based-Mutation/tools/mutant/defects4j-2.1.0 -Dd4j.dir.projects=/data/cmd/Ming/LLM_Based-Mutation/tools/mutant/defects4j-2.1.0/framework/projects -Dbasedir=/data/cmd/Ming/llm-fl-apr/tmp/Cli_29-prompt_apr_2-doubao-pro-4k -Dbuild.compiler=javac1.7  compile 2>&1\nJava HotSpot(TM) 64-Bit Server VM warning: ignoring option MaxPermSize=1G; support was removed in 8.0\nBuildfile: /data/cmd/Ming/LLM_Based-Mutation/tools/mutant/defects4j-2.1.0/framework/projects/defects4j.build.xml\n    [mkdir] Created dir: /data/cmd/Ming/llm-fl-apr/tmp/Cli_29-prompt_apr_2-doubao-pro-4k/target\n    [mkdir] Created dir: /data/cmd/Ming/llm-fl-apr/tmp/Cli_29-prompt_apr_2-doubao-pro-4k/target/lib\n\ntest-offline:\n\nget-deps:\n\ncommons-cli-from-maven.compile:\n    [mkdir] Created dir: /data/cmd/Ming/llm-fl-apr/tmp/Cli_29-prompt_apr_2-doubao-pro-4k/target/classes\n    [javac] /data/cmd/Ming/llm-fl-apr/tmp/Cli_29-prompt_apr_2-doubao-pro-4k/maven-build.xml:75: warning: 'includeantruntime' was not set, defaulting to build.sysclasspath=last; set to false for repeatable builds\n    [javac] Compiling 22 source files to /data/cmd/Ming/llm-fl-apr/tmp/Cli_29-prompt_apr_2-doubao-pro-4k/target/classes\n    [javac] warning: [options] bootstrap class path not set in conjunction with -source 1.4\n    [javac] /data/cmd/Ming/llm-fl-apr/tmp/Cli_29-prompt_apr_2-doubao-pro-4k/src/java/org/apache/commons/cli/Util.java:63: error: illegal character: \\96\n    [javac] ```java\n    [javac] ^\n    [javac] /data/cmd/Ming/llm-fl-apr/tmp/Cli_29-prompt_apr_2-doubao-pro-4k/src/java/org/apache/commons/cli/Util.java:63: error: illegal character: \\96\n    [javac] ```java\n    [javac]  ^\n    [javac] /data/cmd/Ming/llm-fl-apr/tmp/Cli_29-prompt_apr_2-doubao-pro-4k/src/java/org/apache/commons/cli/Util.java:63: error: illegal character: \\96\n    [javac] ```java\n    [javac]   ^\n    [javac] /data/cmd/Ming/llm-fl-apr/tmp/Cli_29-prompt_apr_2-doubao-pro-4k/src/java/org/apache/commons/cli/Util.java:75: error: illegal character: \\96\n    [javac] ```}\n    [javac] ^\n    [javac] /data/cmd/Ming/llm-fl-apr/tmp/Cli_29-prompt_apr_2-doubao-pro-4k/src/java/org/apache/commons/cli/Util.java:75: error: illegal character: \\96\n    [javac] ```}\n    [javac]  ^\n    [javac] /data/cmd/Ming/llm-fl-apr/tmp/Cli_29-prompt_apr_2-doubao-pro-4k/src/java/org/apache/commons/cli/Util.java:75: error: illegal character: \\96\n    [javac] ```}\n    [javac]   ^\n    [javac] /data/cmd/Ming/llm-fl-apr/tmp/Cli_29-prompt_apr_2-doubao-pro-4k/src/java/org/apache/commons/cli/Util.java:76: error: reached end of file while parsing\n    [javac] 7 errors\n    [javac] 1 warning\n\nBUILD FAILED\n/data/cmd/Ming/llm-fl-apr/tmp/Cli_29-prompt_apr_2-doubao-pro-4k/maven-build.xml:75: Compile failed; see the compiler error output for details.\n\nTotal time: 1 second\nCannot compile sources! at /data/cmd/Ming/LLM_Based-Mutation/tools/mutant/defects4j-2.1.0/framework/bin/d4j/d4j-compile line 82.\nCompilation failed in require at /data/cmd/Ming/LLM_Based-Mutation/tools/mutant/defects4j-2.1.0/framework/bin/defects4j line 195.\n"
                }
            },
            "gpt-4o-mini": {
                "compile": {
                    "rc": 1,
                    "so": "",
                    "se": "Running ant (compile)...................................................... FAIL\nExecuted command:  cd /data/cmd/Ming/llm-fl-apr/tmp/Cli_29-prompt_apr_2-gpt-4o-mini && /data/cmd/Ming/LLM_Based-Mutation/tools/mutant/defects4j-2.1.0/major/bin/ant -f /data/cmd/Ming/LLM_Based-Mutation/tools/mutant/defects4j-2.1.0/framework/projects/defects4j.build.xml -Dd4j.home=/data/cmd/Ming/LLM_Based-Mutation/tools/mutant/defects4j-2.1.0 -Dd4j.dir.projects=/data/cmd/Ming/LLM_Based-Mutation/tools/mutant/defects4j-2.1.0/framework/projects -Dbasedir=/data/cmd/Ming/llm-fl-apr/tmp/Cli_29-prompt_apr_2-gpt-4o-mini -Dbuild.compiler=javac1.7  compile 2>&1\nJava HotSpot(TM) 64-Bit Server VM warning: ignoring option MaxPermSize=1G; support was removed in 8.0\nBuildfile: /data/cmd/Ming/LLM_Based-Mutation/tools/mutant/defects4j-2.1.0/framework/projects/defects4j.build.xml\n    [mkdir] Created dir: /data/cmd/Ming/llm-fl-apr/tmp/Cli_29-prompt_apr_2-gpt-4o-mini/target\n    [mkdir] Created dir: /data/cmd/Ming/llm-fl-apr/tmp/Cli_29-prompt_apr_2-gpt-4o-mini/target/lib\n\ntest-offline:\n\nget-deps:\n\ncommons-cli-from-maven.compile:\n    [mkdir] Created dir: /data/cmd/Ming/llm-fl-apr/tmp/Cli_29-prompt_apr_2-gpt-4o-mini/target/classes\n    [javac] /data/cmd/Ming/llm-fl-apr/tmp/Cli_29-prompt_apr_2-gpt-4o-mini/maven-build.xml:75: warning: 'includeantruntime' was not set, defaulting to build.sysclasspath=last; set to false for repeatable builds\n    [javac] Compiling 22 source files to /data/cmd/Ming/llm-fl-apr/tmp/Cli_29-prompt_apr_2-gpt-4o-mini/target/classes\n    [javac] warning: [options] bootstrap class path not set in conjunction with -source 1.4\n    [javac] /data/cmd/Ming/llm-fl-apr/tmp/Cli_29-prompt_apr_2-gpt-4o-mini/src/java/org/apache/commons/cli/Util.java:63: error: ';' expected\n    [javac] Here is the corrected method:\n    [javac]        ^\n    [javac] /data/cmd/Ming/llm-fl-apr/tmp/Cli_29-prompt_apr_2-gpt-4o-mini/src/java/org/apache/commons/cli/Util.java:63: error: ';' expected\n    [javac] Here is the corrected method:\n    [javac]                      ^\n    [javac] /data/cmd/Ming/llm-fl-apr/tmp/Cli_29-prompt_apr_2-gpt-4o-mini/src/java/org/apache/commons/cli/Util.java:63: error: <identifier> expected\n    [javac] Here is the corrected method:\n    [javac]                             ^\n    [javac] /data/cmd/Ming/llm-fl-apr/tmp/Cli_29-prompt_apr_2-gpt-4o-mini/src/java/org/apache/commons/cli/Util.java:65: error: illegal character: \\96\n    [javac] ```java\n    [javac] ^\n    [javac] /data/cmd/Ming/llm-fl-apr/tmp/Cli_29-prompt_apr_2-gpt-4o-mini/src/java/org/apache/commons/cli/Util.java:65: error: illegal character: \\96\n    [javac] ```java\n    [javac]  ^\n    [javac] /data/cmd/Ming/llm-fl-apr/tmp/Cli_29-prompt_apr_2-gpt-4o-mini/src/java/org/apache/commons/cli/Util.java:65: error: illegal character: \\96\n    [javac] ```java\n    [javac]   ^\n    [javac] /data/cmd/Ming/llm-fl-apr/tmp/Cli_29-prompt_apr_2-gpt-4o-mini/src/java/org/apache/commons/cli/Util.java:80: error: illegal character: \\96\n    [javac] ```\n    [javac] ^\n    [javac] /data/cmd/Ming/llm-fl-apr/tmp/Cli_29-prompt_apr_2-gpt-4o-mini/src/java/org/apache/commons/cli/Util.java:80: error: illegal character: \\96\n    [javac] ```\n    [javac]  ^\n    [javac] /data/cmd/Ming/llm-fl-apr/tmp/Cli_29-prompt_apr_2-gpt-4o-mini/src/java/org/apache/commons/cli/Util.java:80: error: illegal character: \\96\n    [javac] ```\n    [javac]   ^\n    [javac] /data/cmd/Ming/llm-fl-apr/tmp/Cli_29-prompt_apr_2-gpt-4o-mini/src/java/org/apache/commons/cli/Util.java:82: error: illegal character: \\35\n    [javac] ### Issue Explanation:\n    [javac] ^\n    [javac] /data/cmd/Ming/llm-fl-apr/tmp/Cli_29-prompt_apr_2-gpt-4o-mini/src/java/org/apache/commons/cli/Util.java:82: error: illegal character: \\35\n    [javac] ### Issue Explanation:\n    [javac]  ^\n    [javac] /data/cmd/Ming/llm-fl-apr/tmp/Cli_29-prompt_apr_2-gpt-4o-mini/src/java/org/apache/commons/cli/Util.java:82: error: illegal character: \\35\n    [javac] ### Issue Explanation:\n    [javac]   ^\n    [javac] /data/cmd/Ming/llm-fl-apr/tmp/Cli_29-prompt_apr_2-gpt-4o-mini/src/java/org/apache/commons/cli/Util.java:82: error: ';' expected\n    [javac] ### Issue Explanation:\n    [javac]                      ^\n    [javac] /data/cmd/Ming/llm-fl-apr/tmp/Cli_29-prompt_apr_2-gpt-4o-mini/src/java/org/apache/commons/cli/Util.java:83: error: ';' expected\n    [javac] The original bug arises from a misunderstanding where you used `\"\\\\\"` (backslash) instead of `\\\"` (double-quote). The correct method should check for the presence of double quotes (`\"`) at the start and end of the string. The fixed code does that by checking `str.startsWith(\"\\\"\")` and `str.endsWith(\"\\\"\")`.\n    [javac]             ^\n    [javac] /data/cmd/Ming/llm-fl-apr/tmp/Cli_29-prompt_apr_2-gpt-4o-mini/src/java/org/apache/commons/cli/Util.java:83: error: ';' expected\n    [javac] The original bug arises from a misunderstanding where you used `\"\\\\\"` (backslash) instead of `\\\"` (double-quote). The correct method should check for the presence of double quotes (`\"`) at the start and end of the string. The fixed code does that by checking `str.startsWith(\"\\\"\")` and `str.endsWith(\"\\\"\")`.\n    [javac]                        ^\n    [javac] /data/cmd/Ming/llm-fl-apr/tmp/Cli_29-prompt_apr_2-gpt-4o-mini/src/java/org/apache/commons/cli/Util.java:83: error: ';' expected\n    [javac] The original bug arises from a misunderstanding where you used `\"\\\\\"` (backslash) instead of `\\\"` (double-quote). The correct method should check for the presence of double quotes (`\"`) at the start and end of the string. The fixed code does that by checking `str.startsWith(\"\\\"\")` and `str.endsWith(\"\\\"\")`.\n    [javac]                               ^\n    [javac] /data/cmd/Ming/llm-fl-apr/tmp/Cli_29-prompt_apr_2-gpt-4o-mini/src/java/org/apache/commons/cli/Util.java:83: error: ';' expected\n    [javac] The original bug arises from a misunderstanding where you used `\"\\\\\"` (backslash) instead of `\\\"` (double-quote). The correct method should check for the presence of double quotes (`\"`) at the start and end of the string. The fixed code does that by checking `str.startsWith(\"\\\"\")` and `str.endsWith(\"\\\"\")`.\n    [javac]                                                      ^\n    [javac] /data/cmd/Ming/llm-fl-apr/tmp/Cli_29-prompt_apr_2-gpt-4o-mini/src/java/org/apache/commons/cli/Util.java:83: error: illegal character: \\96\n    [javac] The original bug arises from a misunderstanding where you used `\"\\\\\"` (backslash) instead of `\\\"` (double-quote). The correct method should check for the presence of double quotes (`\"`) at the start and end of the string. The fixed code does that by checking `str.startsWith(\"\\\"\")` and `str.endsWith(\"\\\"\")`.\n    [javac]                                                                ^\n    [javac] /data/cmd/Ming/llm-fl-apr/tmp/Cli_29-prompt_apr_2-gpt-4o-mini/src/java/org/apache/commons/cli/Util.java:83: error: illegal character: \\96\n    [javac] The original bug arises from a misunderstanding where you used `\"\\\\\"` (backslash) instead of `\\\"` (double-quote). The correct method should check for the presence of double quotes (`\"`) at the start and end of the string. The fixed code does that by checking `str.startsWith(\"\\\"\")` and `str.endsWith(\"\\\"\")`.\n    [javac]                                                                     ^\n    [javac] /data/cmd/Ming/llm-fl-apr/tmp/Cli_29-prompt_apr_2-gpt-4o-mini/src/java/org/apache/commons/cli/Util.java:83: error: <identifier> expected\n    [javac] The original bug arises from a misunderstanding where you used `\"\\\\\"` (backslash) instead of `\\\"` (double-quote). The correct method should check for the presence of double quotes (`\"`) at the start and end of the string. The fixed code does that by checking `str.startsWith(\"\\\"\")` and `str.endsWith(\"\\\"\")`.\n    [javac]                                                                                 ^\n    [javac] /data/cmd/Ming/llm-fl-apr/tmp/Cli_29-prompt_apr_2-gpt-4o-mini/src/java/org/apache/commons/cli/Util.java:83: error: illegal character: \\96\n    [javac] The original bug arises from a misunderstanding where you used `\"\\\\\"` (backslash) instead of `\\\"` (double-quote). The correct method should check for the presence of double quotes (`\"`) at the start and end of the string. The fixed code does that by checking `str.startsWith(\"\\\"\")` and `str.endsWith(\"\\\"\")`.\n    [javac]                                                                                              ^\n    [javac] /data/cmd/Ming/llm-fl-apr/tmp/Cli_29-prompt_apr_2-gpt-4o-mini/src/java/org/apache/commons/cli/Util.java:83: error: illegal character: \\92\n    [javac] The original bug arises from a misunderstanding where you used `\"\\\\\"` (backslash) instead of `\\\"` (double-quote). The correct method should check for the presence of double quotes (`\"`) at the start and end of the string. The fixed code does that by checking `str.startsWith(\"\\\"\")` and `str.endsWith(\"\\\"\")`.\n    [javac]                                                                                               ^\n    [javac] /data/cmd/Ming/llm-fl-apr/tmp/Cli_29-prompt_apr_2-gpt-4o-mini/src/java/org/apache/commons/cli/Util.java:83: error: illegal character: \\96\n    [javac] The original bug arises from a misunderstanding where you used `\"\\\\\"` (backslash) instead of `\\\"` (double-quote). The correct method should check for the presence of double quotes (`\"`) at the start and end of the string. The fixed code does that by checking `str.startsWith(\"\\\"\")` and `str.endsWith(\"\\\"\")`.\n    [javac]                                                                                                                                                                                        ^\n    [javac] /data/cmd/Ming/llm-fl-apr/tmp/Cli_29-prompt_apr_2-gpt-4o-mini/src/java/org/apache/commons/cli/Util.java:83: error: ';' expected\n    [javac] The original bug arises from a misunderstanding where you used `\"\\\\\"` (backslash) instead of `\\\"` (double-quote). The correct method should check for the presence of double quotes (`\"`) at the start and end of the string. The fixed code does that by checking `str.startsWith(\"\\\"\")` and `str.endsWith(\"\\\"\")`.\n    [javac]                                                                                                                                                                                                 ^\n    [javac] /data/cmd/Ming/llm-fl-apr/tmp/Cli_29-prompt_apr_2-gpt-4o-mini/src/java/org/apache/commons/cli/Util.java:83: error: ';' expected\n    [javac] The original bug arises from a misunderstanding where you used `\"\\\\\"` (backslash) instead of `\\\"` (double-quote). The correct method should check for the presence of double quotes (`\"`) at the start and end of the string. The fixed code does that by checking `str.startsWith(\"\\\"\")` and `str.endsWith(\"\\\"\")`.\n    [javac]                                                                                                                                                                                                           ^\n    [javac] /data/cmd/Ming/llm-fl-apr/tmp/Cli_29-prompt_apr_2-gpt-4o-mini/src/java/org/apache/commons/cli/Util.java:83: error: ';' expected\n    [javac] The original bug arises from a misunderstanding where you used `\"\\\\\"` (backslash) instead of `\\\"` (double-quote). The correct method should check for the presence of double quotes (`\"`) at the start and end of the string. The fixed code does that by checking `str.startsWith(\"\\\"\")` and `str.endsWith(\"\\\"\")`.\n    [javac]                                                                                                                                                                                                                  ^\n    [javac] /data/cmd/Ming/llm-fl-apr/tmp/Cli_29-prompt_apr_2-gpt-4o-mini/src/java/org/apache/commons/cli/Util.java:83: error: ';' expected\n    [javac] The original bug arises from a misunderstanding where you used `\"\\\\\"` (backslash) instead of `\\\"` (double-quote). The correct method should check for the presence of double quotes (`\"`) at the start and end of the string. The fixed code does that by checking `str.startsWith(\"\\\"\")` and `str.endsWith(\"\\\"\")`.\n    [javac]                                                                                                                                                                                                                             ^\n    [javac] /data/cmd/Ming/llm-fl-apr/tmp/Cli_29-prompt_apr_2-gpt-4o-mini/src/java/org/apache/commons/cli/Util.java:83: error: ';' expected\n    [javac] The original bug arises from a misunderstanding where you used `\"\\\\\"` (backslash) instead of `\\\"` (double-quote). The correct method should check for the presence of double quotes (`\"`) at the start and end of the string. The fixed code does that by checking `str.startsWith(\"\\\"\")` and `str.endsWith(\"\\\"\")`.\n    [javac]                                                                                                                                                                                                                                        ^\n    [javac] /data/cmd/Ming/llm-fl-apr/tmp/Cli_29-prompt_apr_2-gpt-4o-mini/src/java/org/apache/commons/cli/Util.java:83: error: ';' expected\n    [javac] The original bug arises from a misunderstanding where you used `\"\\\\\"` (backslash) instead of `\\\"` (double-quote). The correct method should check for the presence of double quotes (`\"`) at the start and end of the string. The fixed code does that by checking `str.startsWith(\"\\\"\")` and `str.endsWith(\"\\\"\")`.\n    [javac]                                                                                                                                                                                                                                                  ^\n    [javac] /data/cmd/Ming/llm-fl-apr/tmp/Cli_29-prompt_apr_2-gpt-4o-mini/src/java/org/apache/commons/cli/Util.java:83: error: ';' expected\n    [javac] The original bug arises from a misunderstanding where you used `\"\\\\\"` (backslash) instead of `\\\"` (double-quote). The correct method should check for the presence of double quotes (`\"`) at the start and end of the string. The fixed code does that by checking `str.startsWith(\"\\\"\")` and `str.endsWith(\"\\\"\")`.\n    [javac]                                                                                                                                                                                                                                                          ^\n    [javac] /data/cmd/Ming/llm-fl-apr/tmp/Cli_29-prompt_apr_2-gpt-4o-mini/src/java/org/apache/commons/cli/Util.java:83: error: illegal character: \\96\n    [javac] The original bug arises from a misunderstanding where you used `\"\\\\\"` (backslash) instead of `\\\"` (double-quote). The correct method should check for the presence of double quotes (`\"`) at the start and end of the string. The fixed code does that by checking `str.startsWith(\"\\\"\")` and `str.endsWith(\"\\\"\")`.\n    [javac]                                                                                                                                                                                                                                                                    ^\n    [javac] /data/cmd/Ming/llm-fl-apr/tmp/Cli_29-prompt_apr_2-gpt-4o-mini/src/java/org/apache/commons/cli/Util.java:83: error: <identifier> expected\n    [javac] The original bug arises from a misunderstanding where you used `\"\\\\\"` (backslash) instead of `\\\"` (double-quote). The correct method should check for the presence of double quotes (`\"`) at the start and end of the string. The fixed code does that by checking `str.startsWith(\"\\\"\")` and `str.endsWith(\"\\\"\")`.\n    [javac]                                                                                                                                                                                                                                                                                   ^\n    [javac] /data/cmd/Ming/llm-fl-apr/tmp/Cli_29-prompt_apr_2-gpt-4o-mini/src/java/org/apache/commons/cli/Util.java:83: error: illegal start of type\n    [javac] The original bug arises from a misunderstanding where you used `\"\\\\\"` (backslash) instead of `\\\"` (double-quote). The correct method should check for the presence of double quotes (`\"`) at the start and end of the string. The fixed code does that by checking `str.startsWith(\"\\\"\")` and `str.endsWith(\"\\\"\")`.\n    [javac]                                                                                                                                                                                                                                                                                    ^\n    [javac] /data/cmd/Ming/llm-fl-apr/tmp/Cli_29-prompt_apr_2-gpt-4o-mini/src/java/org/apache/commons/cli/Util.java:83: error: illegal character: \\96\n    [javac] The original bug arises from a misunderstanding where you used `\"\\\\\"` (backslash) instead of `\\\"` (double-quote). The correct method should check for the presence of double quotes (`\"`) at the start and end of the string. The fixed code does that by checking `str.startsWith(\"\\\"\")` and `str.endsWith(\"\\\"\")`.\n    [javac]                                                                                                                                                                                                                                                                                         ^\n    [javac] /data/cmd/Ming/llm-fl-apr/tmp/Cli_29-prompt_apr_2-gpt-4o-mini/src/java/org/apache/commons/cli/Util.java:83: error: illegal character: \\96\n    [javac] The original bug arises from a misunderstanding where you used `\"\\\\\"` (backslash) instead of `\\\"` (double-quote). The correct method should check for the presence of double quotes (`\"`) at the start and end of the string. The fixed code does that by checking `str.startsWith(\"\\\"\")` and `str.endsWith(\"\\\"\")`.\n    [javac]                                                                                                                                                                                                                                                                                               ^\n    [javac] /data/cmd/Ming/llm-fl-apr/tmp/Cli_29-prompt_apr_2-gpt-4o-mini/src/java/org/apache/commons/cli/Util.java:83: error: illegal character: \\96\n    [javac] The original bug arises from a misunderstanding where you used `\"\\\\\"` (backslash) instead of `\\\"` (double-quote). The correct method should check for the presence of double quotes (`\"`) at the start and end of the string. The fixed code does that by checking `str.startsWith(\"\\\"\")` and `str.endsWith(\"\\\"\")`.\n    [javac]                                                                                                                                                                                                                                                                                                                  ^\n    [javac] 36 errors\n    [javac] 1 warning\n\nBUILD FAILED\n/data/cmd/Ming/llm-fl-apr/tmp/Cli_29-prompt_apr_2-gpt-4o-mini/maven-build.xml:75: Compile failed; see the compiler error output for details.\n\nTotal time: 0 seconds\nCannot compile sources! at /data/cmd/Ming/LLM_Based-Mutation/tools/mutant/defects4j-2.1.0/framework/bin/d4j/d4j-compile line 82.\nCompilation failed in require at /data/cmd/Ming/LLM_Based-Mutation/tools/mutant/defects4j-2.1.0/framework/bin/defects4j line 195.\n"
                }
            },
            "deepseek-chat": {
                "compile": {
                    "rc": 0,
                    "so": "",
                    "se": "Running ant (compile)...................................................... OK\nRunning ant (compile.tests)................................................ OK\n"
                },
                "test": {
                    "rc": 0,
                    "so": "Failing tests: 1\n  - org.apache.commons.cli.UtilTest::testStripLeadingAndTrailingQuotes\n",
                    "se": "Running ant (compile.tests)................................................ OK\nRunning ant (run.dev.tests)................................................ OK\n"
                }
            }
        },
        "prompt_apr_3": {
            "ernie-3.5-128k": {
                "compile": {
                    "rc": 1,
                    "so": "",
                    "se": "Running ant (compile)...................................................... FAIL\nExecuted command:  cd /data/cmd/Ming/llm-fl-apr/tmp/Cli_29-prompt_apr_3-ernie-3.5-128k && /data/cmd/Ming/LLM_Based-Mutation/tools/mutant/defects4j-2.1.0/major/bin/ant -f /data/cmd/Ming/LLM_Based-Mutation/tools/mutant/defects4j-2.1.0/framework/projects/defects4j.build.xml -Dd4j.home=/data/cmd/Ming/LLM_Based-Mutation/tools/mutant/defects4j-2.1.0 -Dd4j.dir.projects=/data/cmd/Ming/LLM_Based-Mutation/tools/mutant/defects4j-2.1.0/framework/projects -Dbasedir=/data/cmd/Ming/llm-fl-apr/tmp/Cli_29-prompt_apr_3-ernie-3.5-128k -Dbuild.compiler=javac1.7  compile 2>&1\nJava HotSpot(TM) 64-Bit Server VM warning: ignoring option MaxPermSize=1G; support was removed in 8.0\nBuildfile: /data/cmd/Ming/LLM_Based-Mutation/tools/mutant/defects4j-2.1.0/framework/projects/defects4j.build.xml\n    [mkdir] Created dir: /data/cmd/Ming/llm-fl-apr/tmp/Cli_29-prompt_apr_3-ernie-3.5-128k/target\n    [mkdir] Created dir: /data/cmd/Ming/llm-fl-apr/tmp/Cli_29-prompt_apr_3-ernie-3.5-128k/target/lib\n\ntest-offline:\n\nget-deps:\n\ncommons-cli-from-maven.compile:\n    [mkdir] Created dir: /data/cmd/Ming/llm-fl-apr/tmp/Cli_29-prompt_apr_3-ernie-3.5-128k/target/classes\n    [javac] /data/cmd/Ming/llm-fl-apr/tmp/Cli_29-prompt_apr_3-ernie-3.5-128k/maven-build.xml:75: warning: 'includeantruntime' was not set, defaulting to build.sysclasspath=last; set to false for repeatable builds\n    [javac] Compiling 22 source files to /data/cmd/Ming/llm-fl-apr/tmp/Cli_29-prompt_apr_3-ernie-3.5-128k/target/classes\n    [javac] warning: [options] bootstrap class path not set in conjunction with -source 1.4\n    [javac] /data/cmd/Ming/llm-fl-apr/tmp/Cli_29-prompt_apr_3-ernie-3.5-128k/src/java/org/apache/commons/cli/Util.java:73: error: reached end of file while parsing\n    [javac]         }}\n    [javac]           ^\n    [javac] 1 error\n    [javac] 1 warning\n\nBUILD FAILED\n/data/cmd/Ming/llm-fl-apr/tmp/Cli_29-prompt_apr_3-ernie-3.5-128k/maven-build.xml:75: Compile failed; see the compiler error output for details.\n\nTotal time: 1 second\nCannot compile sources! at /data/cmd/Ming/LLM_Based-Mutation/tools/mutant/defects4j-2.1.0/framework/bin/d4j/d4j-compile line 82.\nCompilation failed in require at /data/cmd/Ming/LLM_Based-Mutation/tools/mutant/defects4j-2.1.0/framework/bin/defects4j line 195.\n"
                }
            },
            "qwen-turbo": {
                "compile": {
                    "rc": 1,
                    "so": "",
                    "se": "Running ant (compile)...................................................... FAIL\nExecuted command:  cd /data/cmd/Ming/llm-fl-apr/tmp/Cli_29-prompt_apr_3-qwen-turbo && /data/cmd/Ming/LLM_Based-Mutation/tools/mutant/defects4j-2.1.0/major/bin/ant -f /data/cmd/Ming/LLM_Based-Mutation/tools/mutant/defects4j-2.1.0/framework/projects/defects4j.build.xml -Dd4j.home=/data/cmd/Ming/LLM_Based-Mutation/tools/mutant/defects4j-2.1.0 -Dd4j.dir.projects=/data/cmd/Ming/LLM_Based-Mutation/tools/mutant/defects4j-2.1.0/framework/projects -Dbasedir=/data/cmd/Ming/llm-fl-apr/tmp/Cli_29-prompt_apr_3-qwen-turbo -Dbuild.compiler=javac1.7  compile 2>&1\nJava HotSpot(TM) 64-Bit Server VM warning: ignoring option MaxPermSize=1G; support was removed in 8.0\nBuildfile: /data/cmd/Ming/LLM_Based-Mutation/tools/mutant/defects4j-2.1.0/framework/projects/defects4j.build.xml\n    [mkdir] Created dir: /data/cmd/Ming/llm-fl-apr/tmp/Cli_29-prompt_apr_3-qwen-turbo/target\n    [mkdir] Created dir: /data/cmd/Ming/llm-fl-apr/tmp/Cli_29-prompt_apr_3-qwen-turbo/target/lib\n\ntest-offline:\n\nget-deps:\n\ncommons-cli-from-maven.compile:\n    [mkdir] Created dir: /data/cmd/Ming/llm-fl-apr/tmp/Cli_29-prompt_apr_3-qwen-turbo/target/classes\n    [javac] /data/cmd/Ming/llm-fl-apr/tmp/Cli_29-prompt_apr_3-qwen-turbo/maven-build.xml:75: warning: 'includeantruntime' was not set, defaulting to build.sysclasspath=last; set to false for repeatable builds\n    [javac] Compiling 22 source files to /data/cmd/Ming/llm-fl-apr/tmp/Cli_29-prompt_apr_3-qwen-turbo/target/classes\n    [javac] warning: [options] bootstrap class path not set in conjunction with -source 1.4\n    [javac] /data/cmd/Ming/llm-fl-apr/tmp/Cli_29-prompt_apr_3-qwen-turbo/src/java/org/apache/commons/cli/Util.java:63: error: illegal character: \\96\n    [javac] ```java\n    [javac] ^\n    [javac] /data/cmd/Ming/llm-fl-apr/tmp/Cli_29-prompt_apr_3-qwen-turbo/src/java/org/apache/commons/cli/Util.java:63: error: illegal character: \\96\n    [javac] ```java\n    [javac]  ^\n    [javac] /data/cmd/Ming/llm-fl-apr/tmp/Cli_29-prompt_apr_3-qwen-turbo/src/java/org/apache/commons/cli/Util.java:63: error: illegal character: \\96\n    [javac] ```java\n    [javac]   ^\n    [javac] /data/cmd/Ming/llm-fl-apr/tmp/Cli_29-prompt_apr_3-qwen-turbo/src/java/org/apache/commons/cli/Util.java:74: error: illegal character: \\96\n    [javac] ```}\n    [javac] ^\n    [javac] /data/cmd/Ming/llm-fl-apr/tmp/Cli_29-prompt_apr_3-qwen-turbo/src/java/org/apache/commons/cli/Util.java:74: error: illegal character: \\96\n    [javac] ```}\n    [javac]  ^\n    [javac] /data/cmd/Ming/llm-fl-apr/tmp/Cli_29-prompt_apr_3-qwen-turbo/src/java/org/apache/commons/cli/Util.java:74: error: illegal character: \\96\n    [javac] ```}\n    [javac]   ^\n    [javac] /data/cmd/Ming/llm-fl-apr/tmp/Cli_29-prompt_apr_3-qwen-turbo/src/java/org/apache/commons/cli/Util.java:74: error: reached end of file while parsing\n    [javac] ```}\n    [javac]     ^\n    [javac] 7 errors\n    [javac] 1 warning\n\nBUILD FAILED\n/data/cmd/Ming/llm-fl-apr/tmp/Cli_29-prompt_apr_3-qwen-turbo/maven-build.xml:75: Compile failed; see the compiler error output for details.\n\nTotal time: 1 second\nCannot compile sources! at /data/cmd/Ming/LLM_Based-Mutation/tools/mutant/defects4j-2.1.0/framework/bin/d4j/d4j-compile line 82.\nCompilation failed in require at /data/cmd/Ming/LLM_Based-Mutation/tools/mutant/defects4j-2.1.0/framework/bin/defects4j line 195.\n"
                }
            },
            "doubao-pro-4k": {
                "compile": {
                    "rc": 1,
                    "so": "",
                    "se": "Running ant (compile)...................................................... FAIL\nExecuted command:  cd /data/cmd/Ming/llm-fl-apr/tmp/Cli_29-prompt_apr_3-doubao-pro-4k && /data/cmd/Ming/LLM_Based-Mutation/tools/mutant/defects4j-2.1.0/major/bin/ant -f /data/cmd/Ming/LLM_Based-Mutation/tools/mutant/defects4j-2.1.0/framework/projects/defects4j.build.xml -Dd4j.home=/data/cmd/Ming/LLM_Based-Mutation/tools/mutant/defects4j-2.1.0 -Dd4j.dir.projects=/data/cmd/Ming/LLM_Based-Mutation/tools/mutant/defects4j-2.1.0/framework/projects -Dbasedir=/data/cmd/Ming/llm-fl-apr/tmp/Cli_29-prompt_apr_3-doubao-pro-4k -Dbuild.compiler=javac1.7  compile 2>&1\nJava HotSpot(TM) 64-Bit Server VM warning: ignoring option MaxPermSize=1G; support was removed in 8.0\nBuildfile: /data/cmd/Ming/LLM_Based-Mutation/tools/mutant/defects4j-2.1.0/framework/projects/defects4j.build.xml\n    [mkdir] Created dir: /data/cmd/Ming/llm-fl-apr/tmp/Cli_29-prompt_apr_3-doubao-pro-4k/target\n    [mkdir] Created dir: /data/cmd/Ming/llm-fl-apr/tmp/Cli_29-prompt_apr_3-doubao-pro-4k/target/lib\n\ntest-offline:\n\nget-deps:\n\ncommons-cli-from-maven.compile:\n    [mkdir] Created dir: /data/cmd/Ming/llm-fl-apr/tmp/Cli_29-prompt_apr_3-doubao-pro-4k/target/classes\n    [javac] /data/cmd/Ming/llm-fl-apr/tmp/Cli_29-prompt_apr_3-doubao-pro-4k/maven-build.xml:75: warning: 'includeantruntime' was not set, defaulting to build.sysclasspath=last; set to false for repeatable builds\n    [javac] Compiling 22 source files to /data/cmd/Ming/llm-fl-apr/tmp/Cli_29-prompt_apr_3-doubao-pro-4k/target/classes\n    [javac] warning: [options] bootstrap class path not set in conjunction with -source 1.4\n    [javac] warning: /home/cmd/jdk1.8.0_391/lib/ct.sym(META-INF/sym/rt.jar/java/lang/Exception.class): major version 52 is newer than 51, the highest major version supported by this compiler.\n    [javac]   It is recommended that the compiler be upgraded.\n    [javac] warning: /home/cmd/jdk1.8.0_391/lib/ct.sym(META-INF/sym/rt.jar/java/lang/Throwable.class): major version 52 is newer than 51, the highest major version supported by this compiler.\n    [javac]   It is recommended that the compiler be upgraded.\n    [javac] warning: /home/cmd/jdk1.8.0_391/lib/ct.sym(META-INF/sym/rt.jar/java/io/Serializable.class): major version 52 is newer than 51, the highest major version supported by this compiler.\n    [javac]   It is recommended that the compiler be upgraded.\n    [javac] warning: /home/cmd/jdk1.8.0_391/lib/ct.sym(META-INF/sym/rt.jar/java/lang/Object.class): major version 52 is newer than 51, the highest major version supported by this compiler.\n    [javac]   It is recommended that the compiler be upgraded.\n    [javac] warning: /home/cmd/jdk1.8.0_391/lib/ct.sym(META-INF/sym/rt.jar/java/util/Collection.class): major version 52 is newer than 51, the highest major version supported by this compiler.\n    [javac]   It is recommended that the compiler be upgraded.\n    [javac] warning: /home/cmd/jdk1.8.0_391/lib/ct.sym(META-INF/sym/rt.jar/java/util/HashMap.class): major version 52 is newer than 51, the highest major version supported by this compiler.\n    [javac]   It is recommended that the compiler be upgraded.\n    [javac] warning: /home/cmd/jdk1.8.0_391/lib/ct.sym(META-INF/sym/rt.jar/java/util/Iterator.class): major version 52 is newer than 51, the highest major version supported by this compiler.\n    [javac]   It is recommended that the compiler be upgraded.\n    [javac] warning: /home/cmd/jdk1.8.0_391/lib/ct.sym(META-INF/sym/rt.jar/java/util/Map.class): major version 52 is newer than 51, the highest major version supported by this compiler.\n    [javac]   It is recommended that the compiler be upgraded.\n    [javac] warning: /home/cmd/jdk1.8.0_391/lib/ct.sym(META-INF/sym/rt.jar/java/util/ArrayList.class): major version 52 is newer than 51, the highest major version supported by this compiler.\n    [javac]   It is recommended that the compiler be upgraded.\n    [javac] warning: /home/cmd/jdk1.8.0_391/lib/ct.sym(META-INF/sym/rt.jar/java/util/List.class): major version 52 is newer than 51, the highest major version supported by this compiler.\n    [javac]   It is recommended that the compiler be upgraded.\n    [javac] warning: /home/cmd/jdk1.8.0_391/lib/ct.sym(META-INF/sym/rt.jar/java/lang/Cloneable.class): major version 52 is newer than 51, the highest major version supported by this compiler.\n    [javac]   It is recommended that the compiler be upgraded.\n    [javac] warning: /home/cmd/jdk1.8.0_391/lib/ct.sym(META-INF/sym/rt.jar/java/lang/String.class): major version 52 is newer than 51, the highest major version supported by this compiler.\n    [javac]   It is recommended that the compiler be upgraded.\n    [javac] warning: /home/cmd/jdk1.8.0_391/lib/ct.sym(META-INF/sym/rt.jar/java/lang/IllegalArgumentException.class): major version 52 is newer than 51, the highest major version supported by this compiler.\n    [javac]   It is recommended that the compiler be upgraded.\n    [javac] warning: /home/cmd/jdk1.8.0_391/lib/ct.sym(META-INF/sym/rt.jar/java/lang/IndexOutOfBoundsException.class): major version 52 is newer than 51, the highest major version supported by this compiler.\n    [javac]   It is recommended that the compiler be upgraded.\n    [javac] warning: /home/cmd/jdk1.8.0_391/lib/ct.sym(META-INF/sym/rt.jar/java/util/Arrays.class): major version 52 is newer than 51, the highest major version supported by this compiler.\n    [javac]   It is recommended that the compiler be upgraded.\n    [javac] warning: /home/cmd/jdk1.8.0_391/lib/ct.sym(META-INF/sym/rt.jar/java/util/Enumeration.class): major version 52 is newer than 51, the highest major version supported by this compiler.\n    [javac]   It is recommended that the compiler be upgraded.\n    [javac] warning: /home/cmd/jdk1.8.0_391/lib/ct.sym(META-INF/sym/rt.jar/java/util/ListIterator.class): major version 52 is newer than 51, the highest major version supported by this compiler.\n    [javac]   It is recommended that the compiler be upgraded.\n    [javac] warning: /home/cmd/jdk1.8.0_391/lib/ct.sym(META-INF/sym/rt.jar/java/util/Properties.class): major version 52 is newer than 51, the highest major version supported by this compiler.\n    [javac]   It is recommended that the compiler be upgraded.\n    [javac] warning: /home/cmd/jdk1.8.0_391/lib/ct.sym(META-INF/sym/rt.jar/java/util/Collections.class): major version 52 is newer than 51, the highest major version supported by this compiler.\n    [javac]   It is recommended that the compiler be upgraded.\n    [javac] warning: /home/cmd/jdk1.8.0_391/lib/ct.sym(META-INF/sym/rt.jar/java/util/HashSet.class): major version 52 is newer than 51, the highest major version supported by this compiler.\n    [javac]   It is recommended that the compiler be upgraded.\n    [javac] warning: /home/cmd/jdk1.8.0_391/lib/ct.sym(META-INF/sym/rt.jar/java/util/LinkedList.class): major version 52 is newer than 51, the highest major version supported by this compiler.\n    [javac]   It is recommended that the compiler be upgraded.\n    [javac] warning: /home/cmd/jdk1.8.0_391/lib/ct.sym(META-INF/sym/rt.jar/java/io/PrintWriter.class): major version 52 is newer than 51, the highest major version supported by this compiler.\n    [javac]   It is recommended that the compiler be upgraded.\n    [javac] warning: /home/cmd/jdk1.8.0_391/lib/ct.sym(META-INF/sym/rt.jar/java/util/Comparator.class): major version 52 is newer than 51, the highest major version supported by this compiler.\n    [javac]   It is recommended that the compiler be upgraded.\n    [javac] warning: /home/cmd/jdk1.8.0_391/lib/ct.sym(META-INF/sym/rt.jar/java/lang/StringBuffer.class): major version 52 is newer than 51, the highest major version supported by this compiler.\n    [javac]   It is recommended that the compiler be upgraded.\n    [javac] warning: /home/cmd/jdk1.8.0_391/lib/ct.sym(META-INF/sym/rt.jar/java/io/File.class): major version 52 is newer than 51, the highest major version supported by this compiler.\n    [javac]   It is recommended that the compiler be upgraded.\n    [javac] warning: /home/cmd/jdk1.8.0_391/lib/ct.sym(META-INF/sym/rt.jar/java/io/FileInputStream.class): major version 52 is newer than 51, the highest major version supported by this compiler.\n    [javac]   It is recommended that the compiler be upgraded.\n    [javac] warning: /home/cmd/jdk1.8.0_391/lib/ct.sym(META-INF/sym/rt.jar/java/net/URL.class): major version 52 is newer than 51, the highest major version supported by this compiler.\n    [javac]   It is recommended that the compiler be upgraded.\n    [javac] warning: /home/cmd/jdk1.8.0_391/lib/ct.sym(META-INF/sym/rt.jar/java/util/Date.class): major version 52 is newer than 51, the highest major version supported by this compiler.\n    [javac]   It is recommended that the compiler be upgraded.\n    [javac] warning: /home/cmd/jdk1.8.0_391/lib/ct.sym(META-INF/sym/rt.jar/java/lang/Class.class): major version 52 is newer than 51, the highest major version supported by this compiler.\n    [javac]   It is recommended that the compiler be upgraded.\n    [javac] warning: /home/cmd/jdk1.8.0_391/lib/ct.sym(META-INF/sym/rt.jar/java/net/MalformedURLException.class): major version 52 is newer than 51, the highest major version supported by this compiler.\n    [javac]   It is recommended that the compiler be upgraded.\n    [javac] warning: /home/cmd/jdk1.8.0_391/lib/ct.sym(META-INF/sym/rt.jar/java/lang/Number.class): major version 52 is newer than 51, the highest major version supported by this compiler.\n    [javac]   It is recommended that the compiler be upgraded.\n    [javac] /home/cmd/jdk1.8.0_391/lib/ct.sym(META-INF/sym/rt.jar/java/lang/Exception.class): warning: Cannot find annotation method 'value()' in type 'Profile+Annotation': class file for jdk.Profile+Annotation not found\n    [javac] /home/cmd/jdk1.8.0_391/lib/ct.sym(META-INF/sym/rt.jar/java/lang/Throwable.class): warning: Cannot find annotation method 'value()' in type 'Profile+Annotation'\n    [javac] /home/cmd/jdk1.8.0_391/lib/ct.sym(META-INF/sym/rt.jar/java/io/Serializable.class): warning: Cannot find annotation method 'value()' in type 'Profile+Annotation'\n    [javac] /home/cmd/jdk1.8.0_391/lib/ct.sym(META-INF/sym/rt.jar/java/lang/Object.class): warning: Cannot find annotation method 'value()' in type 'Profile+Annotation'\n    [javac] /home/cmd/jdk1.8.0_391/lib/ct.sym(META-INF/sym/rt.jar/java/util/Collection.class): warning: Cannot find annotation method 'value()' in type 'Profile+Annotation'\n    [javac] /home/cmd/jdk1.8.0_391/lib/ct.sym(META-INF/sym/rt.jar/java/util/HashMap.class): warning: Cannot find annotation method 'value()' in type 'Profile+Annotation'\n    [javac] /home/cmd/jdk1.8.0_391/lib/ct.sym(META-INF/sym/rt.jar/java/util/Iterator.class): warning: Cannot find annotation method 'value()' in type 'Profile+Annotation'\n    [javac] /home/cmd/jdk1.8.0_391/lib/ct.sym(META-INF/sym/rt.jar/java/util/Map.class): warning: Cannot find annotation method 'value()' in type 'Profile+Annotation'\n    [javac] /home/cmd/jdk1.8.0_391/lib/ct.sym(META-INF/sym/rt.jar/java/util/ArrayList.class): warning: Cannot find annotation method 'value()' in type 'Profile+Annotation'\n    [javac] /home/cmd/jdk1.8.0_391/lib/ct.sym(META-INF/sym/rt.jar/java/util/List.class): warning: Cannot find annotation method 'value()' in type 'Profile+Annotation'\n    [javac] /home/cmd/jdk1.8.0_391/lib/ct.sym(META-INF/sym/rt.jar/java/lang/Cloneable.class): warning: Cannot find annotation method 'value()' in type 'Profile+Annotation'\n    [javac] /home/cmd/jdk1.8.0_391/lib/ct.sym(META-INF/sym/rt.jar/java/lang/String.class): warning: Cannot find annotation method 'value()' in type 'Profile+Annotation'\n    [javac] /home/cmd/jdk1.8.0_391/lib/ct.sym(META-INF/sym/rt.jar/java/lang/IllegalArgumentException.class): warning: Cannot find annotation method 'value()' in type 'Profile+Annotation'\n    [javac] /home/cmd/jdk1.8.0_391/lib/ct.sym(META-INF/sym/rt.jar/java/lang/IndexOutOfBoundsException.class): warning: Cannot find annotation method 'value()' in type 'Profile+Annotation'\n    [javac] /home/cmd/jdk1.8.0_391/lib/ct.sym(META-INF/sym/rt.jar/java/util/Arrays.class): warning: Cannot find annotation method 'value()' in type 'Profile+Annotation'\n    [javac] /home/cmd/jdk1.8.0_391/lib/ct.sym(META-INF/sym/rt.jar/java/util/Enumeration.class): warning: Cannot find annotation method 'value()' in type 'Profile+Annotation'\n    [javac] /home/cmd/jdk1.8.0_391/lib/ct.sym(META-INF/sym/rt.jar/java/util/ListIterator.class): warning: Cannot find annotation method 'value()' in type 'Profile+Annotation'\n    [javac] /home/cmd/jdk1.8.0_391/lib/ct.sym(META-INF/sym/rt.jar/java/util/Properties.class): warning: Cannot find annotation method 'value()' in type 'Profile+Annotation'\n    [javac] /home/cmd/jdk1.8.0_391/lib/ct.sym(META-INF/sym/rt.jar/java/util/Collections.class): warning: Cannot find annotation method 'value()' in type 'Profile+Annotation'\n    [javac] /home/cmd/jdk1.8.0_391/lib/ct.sym(META-INF/sym/rt.jar/java/util/HashSet.class): warning: Cannot find annotation method 'value()' in type 'Profile+Annotation'\n    [javac] /home/cmd/jdk1.8.0_391/lib/ct.sym(META-INF/sym/rt.jar/java/util/LinkedList.class): warning: Cannot find annotation method 'value()' in type 'Profile+Annotation'\n    [javac] /home/cmd/jdk1.8.0_391/lib/ct.sym(META-INF/sym/rt.jar/java/io/PrintWriter.class): warning: Cannot find annotation method 'value()' in type 'Profile+Annotation'\n    [javac] /home/cmd/jdk1.8.0_391/lib/ct.sym(META-INF/sym/rt.jar/java/util/Comparator.class): warning: Cannot find annotation method 'value()' in type 'Profile+Annotation'\n    [javac] /home/cmd/jdk1.8.0_391/lib/ct.sym(META-INF/sym/rt.jar/java/lang/StringBuffer.class): warning: Cannot find annotation method 'value()' in type 'Profile+Annotation'\n    [javac] /home/cmd/jdk1.8.0_391/lib/ct.sym(META-INF/sym/rt.jar/java/io/File.class): warning: Cannot find annotation method 'value()' in type 'Profile+Annotation'\n    [javac] /home/cmd/jdk1.8.0_391/lib/ct.sym(META-INF/sym/rt.jar/java/io/FileInputStream.class): warning: Cannot find annotation method 'value()' in type 'Profile+Annotation'\n    [javac] /home/cmd/jdk1.8.0_391/lib/ct.sym(META-INF/sym/rt.jar/java/net/URL.class): warning: Cannot find annotation method 'value()' in type 'Profile+Annotation'\n    [javac] /home/cmd/jdk1.8.0_391/lib/ct.sym(META-INF/sym/rt.jar/java/util/Date.class): warning: Cannot find annotation method 'value()' in type 'Profile+Annotation'\n    [javac] /home/cmd/jdk1.8.0_391/lib/ct.sym(META-INF/sym/rt.jar/java/lang/Class.class): warning: Cannot find annotation method 'value()' in type 'Profile+Annotation'\n    [javac] /home/cmd/jdk1.8.0_391/lib/ct.sym(META-INF/sym/rt.jar/java/net/MalformedURLException.class): warning: Cannot find annotation method 'value()' in type 'Profile+Annotation'\n    [javac] /home/cmd/jdk1.8.0_391/lib/ct.sym(META-INF/sym/rt.jar/java/lang/Number.class): warning: Cannot find annotation method 'value()' in type 'Profile+Annotation'\n    [javac] warning: /home/cmd/jdk1.8.0_391/lib/ct.sym(META-INF/sym/rt.jar/java/lang/AutoCloseable.class): major version 52 is newer than 51, the highest major version supported by this compiler.\n    [javac]   It is recommended that the compiler be upgraded.\n    [javac] /home/cmd/jdk1.8.0_391/lib/ct.sym(META-INF/sym/rt.jar/java/lang/AutoCloseable.class): warning: Cannot find annotation method 'value()' in type 'Profile+Annotation'\n    [javac] warning: /home/cmd/jdk1.8.0_391/lib/ct.sym(META-INF/sym/rt.jar/java/lang/CharSequence.class): major version 52 is newer than 51, the highest major version supported by this compiler.\n    [javac]   It is recommended that the compiler be upgraded.\n    [javac] /home/cmd/jdk1.8.0_391/lib/ct.sym(META-INF/sym/rt.jar/java/lang/CharSequence.class): warning: Cannot find annotation method 'value()' in type 'Profile+Annotation'\n    [javac] warning: /home/cmd/jdk1.8.0_391/lib/ct.sym(META-INF/sym/rt.jar/java/lang/Comparable.class): major version 52 is newer than 51, the highest major version supported by this compiler.\n    [javac]   It is recommended that the compiler be upgraded.\n    [javac] /home/cmd/jdk1.8.0_391/lib/ct.sym(META-INF/sym/rt.jar/java/lang/Comparable.class): warning: Cannot find annotation method 'value()' in type 'Profile+Annotation'\n    [javac] warning: /home/cmd/jdk1.8.0_391/lib/ct.sym(META-INF/sym/rt.jar/java/lang/AbstractStringBuilder.class): major version 52 is newer than 51, the highest major version supported by this compiler.\n    [javac]   It is recommended that the compiler be upgraded.\n    [javac] /home/cmd/jdk1.8.0_391/lib/ct.sym(META-INF/sym/rt.jar/java/lang/AbstractStringBuilder.class): warning: Cannot find annotation method 'value()' in type 'Profile+Annotation'\n    [javac] warning: /home/cmd/jdk1.8.0_391/lib/ct.sym(META-INF/sym/rt.jar/java/util/AbstractMap.class): major version 52 is newer than 51, the highest major version supported by this compiler.\n    [javac]   It is recommended that the compiler be upgraded.\n    [javac] /home/cmd/jdk1.8.0_391/lib/ct.sym(META-INF/sym/rt.jar/java/util/AbstractMap.class): warning: Cannot find annotation method 'value()' in type 'Profile+Annotation'\n    [javac] warning: /home/cmd/jdk1.8.0_391/lib/ct.sym(META-INF/sym/rt.jar/java/util/Set.class): major version 52 is newer than 51, the highest major version supported by this compiler.\n    [javac]   It is recommended that the compiler be upgraded.\n    [javac] /home/cmd/jdk1.8.0_391/lib/ct.sym(META-INF/sym/rt.jar/java/util/Set.class): warning: Cannot find annotation method 'value()' in type 'Profile+Annotation'\n    [javac] warning: /home/cmd/jdk1.8.0_391/lib/ct.sym(META-INF/sym/rt.jar/java/lang/Iterable.class): major version 52 is newer than 51, the highest major version supported by this compiler.\n    [javac]   It is recommended that the compiler be upgraded.\n    [javac] /home/cmd/jdk1.8.0_391/lib/ct.sym(META-INF/sym/rt.jar/java/lang/Iterable.class): warning: Cannot find annotation method 'value()' in type 'Profile+Annotation'\n    [javac] warning: /home/cmd/jdk1.8.0_391/lib/ct.sym(META-INF/sym/rt.jar/java/lang/Error.class): major version 52 is newer than 51, the highest major version supported by this compiler.\n    [javac]   It is recommended that the compiler be upgraded.\n    [javac] /home/cmd/jdk1.8.0_391/lib/ct.sym(META-INF/sym/rt.jar/java/lang/Error.class): warning: Cannot find annotation method 'value()' in type 'Profile+Annotation'\n    [javac] warning: /home/cmd/jdk1.8.0_391/lib/ct.sym(META-INF/sym/rt.jar/java/lang/RuntimeException.class): major version 52 is newer than 51, the highest major version supported by this compiler.\n    [javac]   It is recommended that the compiler be upgraded.\n    [javac] /home/cmd/jdk1.8.0_391/lib/ct.sym(META-INF/sym/rt.jar/java/lang/RuntimeException.class): warning: Cannot find annotation method 'value()' in type 'Profile+Annotation'\n    [javac] warning: /home/cmd/jdk1.8.0_391/lib/ct.sym(META-INF/sym/rt.jar/java/util/AbstractList.class): major version 52 is newer than 51, the highest major version supported by this compiler.\n    [javac]   It is recommended that the compiler be upgraded.\n    [javac] /home/cmd/jdk1.8.0_391/lib/ct.sym(META-INF/sym/rt.jar/java/util/AbstractList.class): warning: Cannot find annotation method 'value()' in type 'Profile+Annotation'\n    [javac] warning: /home/cmd/jdk1.8.0_391/lib/ct.sym(META-INF/sym/rt.jar/java/util/AbstractCollection.class): major version 52 is newer than 51, the highest major version supported by this compiler.\n    [javac]   It is recommended that the compiler be upgraded.\n    [javac] /home/cmd/jdk1.8.0_391/lib/ct.sym(META-INF/sym/rt.jar/java/util/AbstractCollection.class): warning: Cannot find annotation method 'value()' in type 'Profile+Annotation'\n    [javac] warning: /home/cmd/jdk1.8.0_391/lib/ct.sym(META-INF/sym/rt.jar/java/lang/CloneNotSupportedException.class): major version 52 is newer than 51, the highest major version supported by this compiler.\n    [javac]   It is recommended that the compiler be upgraded.\n    [javac] /home/cmd/jdk1.8.0_391/lib/ct.sym(META-INF/sym/rt.jar/java/lang/CloneNotSupportedException.class): warning: Cannot find annotation method 'value()' in type 'Profile+Annotation'\n    [javac] warning: /home/cmd/jdk1.8.0_391/lib/ct.sym(META-INF/sym/rt.jar/java/lang/UnsupportedOperationException.class): major version 52 is newer than 51, the highest major version supported by this compiler.\n    [javac]   It is recommended that the compiler be upgraded.\n    [javac] /home/cmd/jdk1.8.0_391/lib/ct.sym(META-INF/sym/rt.jar/java/lang/UnsupportedOperationException.class): warning: Cannot find annotation method 'value()' in type 'Profile+Annotation'\n    [javac] warning: /home/cmd/jdk1.8.0_391/lib/ct.sym(META-INF/sym/rt.jar/java/util/Hashtable.class): major version 52 is newer than 51, the highest major version supported by this compiler.\n    [javac]   It is recommended that the compiler be upgraded.\n    [javac] /home/cmd/jdk1.8.0_391/lib/ct.sym(META-INF/sym/rt.jar/java/util/Hashtable.class): warning: Cannot find annotation method 'value()' in type 'Profile+Annotation'\n    [javac] warning: /home/cmd/jdk1.8.0_391/lib/ct.sym(META-INF/sym/rt.jar/java/util/Dictionary.class): major version 52 is newer than 51, the highest major version supported by this compiler.\n    [javac]   It is recommended that the compiler be upgraded.\n    [javac] /home/cmd/jdk1.8.0_391/lib/ct.sym(META-INF/sym/rt.jar/java/util/Dictionary.class): warning: Cannot find annotation method 'value()' in type 'Profile+Annotation'\n    [javac] warning: /home/cmd/jdk1.8.0_391/lib/ct.sym(META-INF/sym/rt.jar/java/util/AbstractSet.class): major version 52 is newer than 51, the highest major version supported by this compiler.\n    [javac]   It is recommended that the compiler be upgraded.\n    [javac] /home/cmd/jdk1.8.0_391/lib/ct.sym(META-INF/sym/rt.jar/java/util/AbstractSet.class): warning: Cannot find annotation method 'value()' in type 'Profile+Annotation'\n    [javac] warning: /home/cmd/jdk1.8.0_391/lib/ct.sym(META-INF/sym/rt.jar/java/util/AbstractSequentialList.class): major version 52 is newer than 51, the highest major version supported by this compiler.\n    [javac]   It is recommended that the compiler be upgraded.\n    [javac] /home/cmd/jdk1.8.0_391/lib/ct.sym(META-INF/sym/rt.jar/java/util/AbstractSequentialList.class): warning: Cannot find annotation method 'value()' in type 'Profile+Annotation'\n    [javac] warning: /home/cmd/jdk1.8.0_391/lib/ct.sym(META-INF/sym/rt.jar/java/lang/System.class): major version 52 is newer than 51, the highest major version supported by this compiler.\n    [javac]   It is recommended that the compiler be upgraded.\n    [javac] /home/cmd/jdk1.8.0_391/lib/ct.sym(META-INF/sym/rt.jar/java/lang/System.class): warning: Cannot find annotation method 'value()' in type 'Profile+Annotation'\n    [javac] warning: /home/cmd/jdk1.8.0_391/lib/ct.sym(META-INF/sym/rt.jar/java/io/PrintStream.class): major version 52 is newer than 51, the highest major version supported by this compiler.\n    [javac]   It is recommended that the compiler be upgraded.\n    [javac] /data/cmd/Ming/llm-fl-apr/tmp/Cli_29-prompt_apr_3-doubao-pro-4k/src/java/org/apache/commons/cli/Util.java:74: error: missing return statement\n    [javac]     }}\n    [javac]     ^\n    [javac] 1 error\n    [javac] 100 warnings\n\nBUILD FAILED\n/data/cmd/Ming/llm-fl-apr/tmp/Cli_29-prompt_apr_3-doubao-pro-4k/maven-build.xml:75: Compile failed; see the compiler error output for details.\n\nTotal time: 2 seconds\nCannot compile sources! at /data/cmd/Ming/LLM_Based-Mutation/tools/mutant/defects4j-2.1.0/framework/bin/d4j/d4j-compile line 82.\nCompilation failed in require at /data/cmd/Ming/LLM_Based-Mutation/tools/mutant/defects4j-2.1.0/framework/bin/defects4j line 195.\n"
                }
            },
            "gpt-4o-mini": {
                "compile": {
                    "rc": 1,
                    "so": "",
                    "se": "Running ant (compile)...................................................... FAIL\nExecuted command:  cd /data/cmd/Ming/llm-fl-apr/tmp/Cli_29-prompt_apr_3-gpt-4o-mini && /data/cmd/Ming/LLM_Based-Mutation/tools/mutant/defects4j-2.1.0/major/bin/ant -f /data/cmd/Ming/LLM_Based-Mutation/tools/mutant/defects4j-2.1.0/framework/projects/defects4j.build.xml -Dd4j.home=/data/cmd/Ming/LLM_Based-Mutation/tools/mutant/defects4j-2.1.0 -Dd4j.dir.projects=/data/cmd/Ming/LLM_Based-Mutation/tools/mutant/defects4j-2.1.0/framework/projects -Dbasedir=/data/cmd/Ming/llm-fl-apr/tmp/Cli_29-prompt_apr_3-gpt-4o-mini -Dbuild.compiler=javac1.7  compile 2>&1\nJava HotSpot(TM) 64-Bit Server VM warning: ignoring option MaxPermSize=1G; support was removed in 8.0\nBuildfile: /data/cmd/Ming/LLM_Based-Mutation/tools/mutant/defects4j-2.1.0/framework/projects/defects4j.build.xml\n    [mkdir] Created dir: /data/cmd/Ming/llm-fl-apr/tmp/Cli_29-prompt_apr_3-gpt-4o-mini/target\n    [mkdir] Created dir: /data/cmd/Ming/llm-fl-apr/tmp/Cli_29-prompt_apr_3-gpt-4o-mini/target/lib\n\ntest-offline:\n\nget-deps:\n\ncommons-cli-from-maven.compile:\n    [mkdir] Created dir: /data/cmd/Ming/llm-fl-apr/tmp/Cli_29-prompt_apr_3-gpt-4o-mini/target/classes\n    [javac] /data/cmd/Ming/llm-fl-apr/tmp/Cli_29-prompt_apr_3-gpt-4o-mini/maven-build.xml:75: warning: 'includeantruntime' was not set, defaulting to build.sysclasspath=last; set to false for repeatable builds\n    [javac] Compiling 22 source files to /data/cmd/Ming/llm-fl-apr/tmp/Cli_29-prompt_apr_3-gpt-4o-mini/target/classes\n    [javac] warning: [options] bootstrap class path not set in conjunction with -source 1.4\n    [javac] /data/cmd/Ming/llm-fl-apr/tmp/Cli_29-prompt_apr_3-gpt-4o-mini/src/java/org/apache/commons/cli/Util.java:73: error: reached end of file while parsing\n    [javac]     }}\n    [javac]       ^\n    [javac] 1 error\n    [javac] 1 warning\n\nBUILD FAILED\n/data/cmd/Ming/llm-fl-apr/tmp/Cli_29-prompt_apr_3-gpt-4o-mini/maven-build.xml:75: Compile failed; see the compiler error output for details.\n\nTotal time: 1 second\nCannot compile sources! at /data/cmd/Ming/LLM_Based-Mutation/tools/mutant/defects4j-2.1.0/framework/bin/d4j/d4j-compile line 82.\nCompilation failed in require at /data/cmd/Ming/LLM_Based-Mutation/tools/mutant/defects4j-2.1.0/framework/bin/defects4j line 195.\n"
                }
            },
            "deepseek-chat": {
                "compile": {
                    "rc": 1,
                    "so": "",
                    "se": "Running ant (compile)...................................................... FAIL\nExecuted command:  cd /data/cmd/Ming/llm-fl-apr/tmp/Cli_29-prompt_apr_3-deepseek-chat && /data/cmd/Ming/LLM_Based-Mutation/tools/mutant/defects4j-2.1.0/major/bin/ant -f /data/cmd/Ming/LLM_Based-Mutation/tools/mutant/defects4j-2.1.0/framework/projects/defects4j.build.xml -Dd4j.home=/data/cmd/Ming/LLM_Based-Mutation/tools/mutant/defects4j-2.1.0 -Dd4j.dir.projects=/data/cmd/Ming/LLM_Based-Mutation/tools/mutant/defects4j-2.1.0/framework/projects -Dbasedir=/data/cmd/Ming/llm-fl-apr/tmp/Cli_29-prompt_apr_3-deepseek-chat -Dbuild.compiler=javac1.7  compile 2>&1\nJava HotSpot(TM) 64-Bit Server VM warning: ignoring option MaxPermSize=1G; support was removed in 8.0\nBuildfile: /data/cmd/Ming/LLM_Based-Mutation/tools/mutant/defects4j-2.1.0/framework/projects/defects4j.build.xml\n    [mkdir] Created dir: /data/cmd/Ming/llm-fl-apr/tmp/Cli_29-prompt_apr_3-deepseek-chat/target\n    [mkdir] Created dir: /data/cmd/Ming/llm-fl-apr/tmp/Cli_29-prompt_apr_3-deepseek-chat/target/lib\n\ntest-offline:\n\nget-deps:\n\ncommons-cli-from-maven.compile:\n    [mkdir] Created dir: /data/cmd/Ming/llm-fl-apr/tmp/Cli_29-prompt_apr_3-deepseek-chat/target/classes\n    [javac] /data/cmd/Ming/llm-fl-apr/tmp/Cli_29-prompt_apr_3-deepseek-chat/maven-build.xml:75: warning: 'includeantruntime' was not set, defaulting to build.sysclasspath=last; set to false for repeatable builds\n    [javac] Compiling 22 source files to /data/cmd/Ming/llm-fl-apr/tmp/Cli_29-prompt_apr_3-deepseek-chat/target/classes\n    [javac] warning: [options] bootstrap class path not set in conjunction with -source 1.4\n    [javac] /data/cmd/Ming/llm-fl-apr/tmp/Cli_29-prompt_apr_3-deepseek-chat/src/java/org/apache/commons/cli/Util.java:72: error: reached end of file while parsing\n    [javac]             str = str.substring(0, length - 1);}\n    [javac]                                                 ^\n    [javac] 1 error\n    [javac] 1 warning\n\nBUILD FAILED\n/data/cmd/Ming/llm-fl-apr/tmp/Cli_29-prompt_apr_3-deepseek-chat/maven-build.xml:75: Compile failed; see the compiler error output for details.\n\nTotal time: 1 second\nCannot compile sources! at /data/cmd/Ming/LLM_Based-Mutation/tools/mutant/defects4j-2.1.0/framework/bin/d4j/d4j-compile line 82.\nCompilation failed in require at /data/cmd/Ming/LLM_Based-Mutation/tools/mutant/defects4j-2.1.0/framework/bin/defects4j line 195.\n"
                }
            }
        },
        "prompt_apr_4": {
            "ernie-3.5-128k": {
                "compile": {
                    "rc": 1,
                    "so": "",
                    "se": "Running ant (compile)...................................................... FAIL\nExecuted command:  cd /data/cmd/Ming/llm-fl-apr/tmp/Cli_29-prompt_apr_4-ernie-3.5-128k && /data/cmd/Ming/LLM_Based-Mutation/tools/mutant/defects4j-2.1.0/major/bin/ant -f /data/cmd/Ming/LLM_Based-Mutation/tools/mutant/defects4j-2.1.0/framework/projects/defects4j.build.xml -Dd4j.home=/data/cmd/Ming/LLM_Based-Mutation/tools/mutant/defects4j-2.1.0 -Dd4j.dir.projects=/data/cmd/Ming/LLM_Based-Mutation/tools/mutant/defects4j-2.1.0/framework/projects -Dbasedir=/data/cmd/Ming/llm-fl-apr/tmp/Cli_29-prompt_apr_4-ernie-3.5-128k -Dbuild.compiler=javac1.7  compile 2>&1\nJava HotSpot(TM) 64-Bit Server VM warning: ignoring option MaxPermSize=1G; support was removed in 8.0\nBuildfile: /data/cmd/Ming/LLM_Based-Mutation/tools/mutant/defects4j-2.1.0/framework/projects/defects4j.build.xml\n    [mkdir] Created dir: /data/cmd/Ming/llm-fl-apr/tmp/Cli_29-prompt_apr_4-ernie-3.5-128k/target\n    [mkdir] Created dir: /data/cmd/Ming/llm-fl-apr/tmp/Cli_29-prompt_apr_4-ernie-3.5-128k/target/lib\n\ntest-offline:\n\nget-deps:\n\ncommons-cli-from-maven.compile:\n    [mkdir] Created dir: /data/cmd/Ming/llm-fl-apr/tmp/Cli_29-prompt_apr_4-ernie-3.5-128k/target/classes\n    [javac] /data/cmd/Ming/llm-fl-apr/tmp/Cli_29-prompt_apr_4-ernie-3.5-128k/maven-build.xml:75: warning: 'includeantruntime' was not set, defaulting to build.sysclasspath=last; set to false for repeatable builds\n    [javac] Compiling 22 source files to /data/cmd/Ming/llm-fl-apr/tmp/Cli_29-prompt_apr_4-ernie-3.5-128k/target/classes\n    [javac] warning: [options] bootstrap class path not set in conjunction with -source 1.4\n    [javac] /data/cmd/Ming/llm-fl-apr/tmp/Cli_29-prompt_apr_4-ernie-3.5-128k/src/java/org/apache/commons/cli/Util.java:65: error: '.class' expected\n    [javac] if (str.startsWith(\"\\\"\") && str.length() > 1)str = str.substring(1);if (str.endsWith(\"\\\"\"))        int length = str.length();\n    [javac]                                                                                                        ^\n    [javac] /data/cmd/Ming/llm-fl-apr/tmp/Cli_29-prompt_apr_4-ernie-3.5-128k/src/java/org/apache/commons/cli/Util.java:65: error: not a statement\n    [javac] if (str.startsWith(\"\\\"\") && str.length() > 1)str = str.substring(1);if (str.endsWith(\"\\\"\"))        int length = str.length();\n    [javac]                                                                                                    ^\n    [javac] /data/cmd/Ming/llm-fl-apr/tmp/Cli_29-prompt_apr_4-ernie-3.5-128k/src/java/org/apache/commons/cli/Util.java:65: error: illegal start of expression\n    [javac] if (str.startsWith(\"\\\"\") && str.length() > 1)str = str.substring(1);if (str.endsWith(\"\\\"\"))        int length = str.length();\n    [javac]                                                                                                               ^\n    [javac] /data/cmd/Ming/llm-fl-apr/tmp/Cli_29-prompt_apr_4-ernie-3.5-128k/src/java/org/apache/commons/cli/Util.java:65: error: ';' expected\n    [javac] if (str.startsWith(\"\\\"\") && str.length() > 1)str = str.substring(1);if (str.endsWith(\"\\\"\"))        int length = str.length();\n    [javac]                                                                                                                    ^\n    [javac] 4 errors\n    [javac] 1 warning\n\nBUILD FAILED\n/data/cmd/Ming/llm-fl-apr/tmp/Cli_29-prompt_apr_4-ernie-3.5-128k/maven-build.xml:75: Compile failed; see the compiler error output for details.\n\nTotal time: 2 seconds\nCannot compile sources! at /data/cmd/Ming/LLM_Based-Mutation/tools/mutant/defects4j-2.1.0/framework/bin/d4j/d4j-compile line 82.\nCompilation failed in require at /data/cmd/Ming/LLM_Based-Mutation/tools/mutant/defects4j-2.1.0/framework/bin/defects4j line 195.\n"
                }
            },
            "qwen-turbo": {
                "compile": {
                    "rc": 1,
                    "so": "",
                    "se": "Running ant (compile)...................................................... FAIL\nExecuted command:  cd /data/cmd/Ming/llm-fl-apr/tmp/Cli_29-prompt_apr_4-qwen-turbo && /data/cmd/Ming/LLM_Based-Mutation/tools/mutant/defects4j-2.1.0/major/bin/ant -f /data/cmd/Ming/LLM_Based-Mutation/tools/mutant/defects4j-2.1.0/framework/projects/defects4j.build.xml -Dd4j.home=/data/cmd/Ming/LLM_Based-Mutation/tools/mutant/defects4j-2.1.0 -Dd4j.dir.projects=/data/cmd/Ming/LLM_Based-Mutation/tools/mutant/defects4j-2.1.0/framework/projects -Dbasedir=/data/cmd/Ming/llm-fl-apr/tmp/Cli_29-prompt_apr_4-qwen-turbo -Dbuild.compiler=javac1.7  compile 2>&1\nJava HotSpot(TM) 64-Bit Server VM warning: ignoring option MaxPermSize=1G; support was removed in 8.0\nBuildfile: /data/cmd/Ming/LLM_Based-Mutation/tools/mutant/defects4j-2.1.0/framework/projects/defects4j.build.xml\n    [mkdir] Created dir: /data/cmd/Ming/llm-fl-apr/tmp/Cli_29-prompt_apr_4-qwen-turbo/target\n    [mkdir] Created dir: /data/cmd/Ming/llm-fl-apr/tmp/Cli_29-prompt_apr_4-qwen-turbo/target/lib\n\ntest-offline:\n\nget-deps:\n\ncommons-cli-from-maven.compile:\n    [mkdir] Created dir: /data/cmd/Ming/llm-fl-apr/tmp/Cli_29-prompt_apr_4-qwen-turbo/target/classes\n    [javac] /data/cmd/Ming/llm-fl-apr/tmp/Cli_29-prompt_apr_4-qwen-turbo/maven-build.xml:75: warning: 'includeantruntime' was not set, defaulting to build.sysclasspath=last; set to false for repeatable builds\n    [javac] Compiling 22 source files to /data/cmd/Ming/llm-fl-apr/tmp/Cli_29-prompt_apr_4-qwen-turbo/target/classes\n    [javac] warning: [options] bootstrap class path not set in conjunction with -source 1.4\n    [javac] /data/cmd/Ming/llm-fl-apr/tmp/Cli_29-prompt_apr_4-qwen-turbo/src/java/org/apache/commons/cli/Util.java:66: error: class or interface expected\n    [javac]         int length = str.length();\n    [javac]         ^\n    [javac] /data/cmd/Ming/llm-fl-apr/tmp/Cli_29-prompt_apr_4-qwen-turbo/src/java/org/apache/commons/cli/Util.java:67: error: class or interface expected\n    [javac] if (str.endsWith(\"\\\"\") && length > 1)        {\n    [javac] ^\n    [javac] /data/cmd/Ming/llm-fl-apr/tmp/Cli_29-prompt_apr_4-qwen-turbo/src/java/org/apache/commons/cli/Util.java:68: error: class or interface expected\n    [javac] str = str.substring(0, length - 1);        }\n    [javac]                                            ^\n    [javac] /data/cmd/Ming/llm-fl-apr/tmp/Cli_29-prompt_apr_4-qwen-turbo/src/java/org/apache/commons/cli/Util.java:71: error: class or interface expected\n    [javac]     }\n    [javac]     ^\n    [javac] 4 errors\n    [javac] 1 warning\n\nBUILD FAILED\n/data/cmd/Ming/llm-fl-apr/tmp/Cli_29-prompt_apr_4-qwen-turbo/maven-build.xml:75: Compile failed; see the compiler error output for details.\n\nTotal time: 1 second\nCannot compile sources! at /data/cmd/Ming/LLM_Based-Mutation/tools/mutant/defects4j-2.1.0/framework/bin/d4j/d4j-compile line 82.\nCompilation failed in require at /data/cmd/Ming/LLM_Based-Mutation/tools/mutant/defects4j-2.1.0/framework/bin/defects4j line 195.\n"
                }
            },
            "doubao-pro-4k": {
                "compile": {
                    "rc": 1,
                    "so": "",
                    "se": "Running ant (compile)...................................................... FAIL\nExecuted command:  cd /data/cmd/Ming/llm-fl-apr/tmp/Cli_29-prompt_apr_4-doubao-pro-4k && /data/cmd/Ming/LLM_Based-Mutation/tools/mutant/defects4j-2.1.0/major/bin/ant -f /data/cmd/Ming/LLM_Based-Mutation/tools/mutant/defects4j-2.1.0/framework/projects/defects4j.build.xml -Dd4j.home=/data/cmd/Ming/LLM_Based-Mutation/tools/mutant/defects4j-2.1.0 -Dd4j.dir.projects=/data/cmd/Ming/LLM_Based-Mutation/tools/mutant/defects4j-2.1.0/framework/projects -Dbasedir=/data/cmd/Ming/llm-fl-apr/tmp/Cli_29-prompt_apr_4-doubao-pro-4k -Dbuild.compiler=javac1.7  compile 2>&1\nJava HotSpot(TM) 64-Bit Server VM warning: ignoring option MaxPermSize=1G; support was removed in 8.0\nBuildfile: /data/cmd/Ming/LLM_Based-Mutation/tools/mutant/defects4j-2.1.0/framework/projects/defects4j.build.xml\n    [mkdir] Created dir: /data/cmd/Ming/llm-fl-apr/tmp/Cli_29-prompt_apr_4-doubao-pro-4k/target\n    [mkdir] Created dir: /data/cmd/Ming/llm-fl-apr/tmp/Cli_29-prompt_apr_4-doubao-pro-4k/target/lib\n\ntest-offline:\n\nget-deps:\n\ncommons-cli-from-maven.compile:\n    [mkdir] Created dir: /data/cmd/Ming/llm-fl-apr/tmp/Cli_29-prompt_apr_4-doubao-pro-4k/target/classes\n    [javac] /data/cmd/Ming/llm-fl-apr/tmp/Cli_29-prompt_apr_4-doubao-pro-4k/maven-build.xml:75: warning: 'includeantruntime' was not set, defaulting to build.sysclasspath=last; set to false for repeatable builds\n    [javac] Compiling 22 source files to /data/cmd/Ming/llm-fl-apr/tmp/Cli_29-prompt_apr_4-doubao-pro-4k/target/classes\n    [javac] warning: [options] bootstrap class path not set in conjunction with -source 1.4\n    [javac] /data/cmd/Ming/llm-fl-apr/tmp/Cli_29-prompt_apr_4-doubao-pro-4k/src/java/org/apache/commons/cli/Util.java:66: error: unclosed string literal\n    [javac] if (str.startsWith(\"\\\")) {            str = str.substring(1, str.length());\n    [javac]                    ^\n    [javac] /data/cmd/Ming/llm-fl-apr/tmp/Cli_29-prompt_apr_4-doubao-pro-4k/src/java/org/apache/commons/cli/Util.java:66: error: ')' expected\n    [javac] if (str.startsWith(\"\\\")) {            str = str.substring(1, str.length());\n    [javac]                                                                            ^\n    [javac] /data/cmd/Ming/llm-fl-apr/tmp/Cli_29-prompt_apr_4-doubao-pro-4k/src/java/org/apache/commons/cli/Util.java:67: error: illegal start of expression\n    [javac] str = str.substring(1);        int length = str.length();\n    [javac]     ^\n    [javac] /data/cmd/Ming/llm-fl-apr/tmp/Cli_29-prompt_apr_4-doubao-pro-4k/src/java/org/apache/commons/cli/Util.java:67: error: ';' expected\n    [javac] str = str.substring(1);        int length = str.length();\n    [javac]      ^\n    [javac] /data/cmd/Ming/llm-fl-apr/tmp/Cli_29-prompt_apr_4-doubao-pro-4k/src/java/org/apache/commons/cli/Util.java:67: error: illegal start of expression\n    [javac] str = str.substring(1);        int length = str.length();\n    [javac]          ^\n    [javac] /data/cmd/Ming/llm-fl-apr/tmp/Cli_29-prompt_apr_4-doubao-pro-4k/src/java/org/apache/commons/cli/Util.java:67: error: ';' expected\n    [javac] str = str.substring(1);        int length = str.length();\n    [javac]                    ^\n    [javac] /data/cmd/Ming/llm-fl-apr/tmp/Cli_29-prompt_apr_4-doubao-pro-4k/src/java/org/apache/commons/cli/Util.java:68: error: unclosed string literal\n    [javac] if (str.endsWith(\"\\\")) {        {\n    [javac]                  ^\n    [javac] /data/cmd/Ming/llm-fl-apr/tmp/Cli_29-prompt_apr_4-doubao-pro-4k/src/java/org/apache/commons/cli/Util.java:68: error: ')' expected\n    [javac] if (str.endsWith(\"\\\")) {        {\n    [javac]                                  ^\n    [javac] /data/cmd/Ming/llm-fl-apr/tmp/Cli_29-prompt_apr_4-doubao-pro-4k/src/java/org/apache/commons/cli/Util.java:69: error: illegal start of expression\n    [javac] str = str.substring(0, str.length() - 1);        }\n    [javac]     ^\n    [javac] /data/cmd/Ming/llm-fl-apr/tmp/Cli_29-prompt_apr_4-doubao-pro-4k/src/java/org/apache/commons/cli/Util.java:69: error: ';' expected\n    [javac] str = str.substring(0, str.length() - 1);        }\n    [javac]      ^\n    [javac] /data/cmd/Ming/llm-fl-apr/tmp/Cli_29-prompt_apr_4-doubao-pro-4k/src/java/org/apache/commons/cli/Util.java:69: error: illegal start of expression\n    [javac] str = str.substring(0, str.length() - 1);        }\n    [javac]          ^\n    [javac] /data/cmd/Ming/llm-fl-apr/tmp/Cli_29-prompt_apr_4-doubao-pro-4k/src/java/org/apache/commons/cli/Util.java:69: error: ';' expected\n    [javac] str = str.substring(0, str.length() - 1);        }\n    [javac]                    ^\n    [javac] /data/cmd/Ming/llm-fl-apr/tmp/Cli_29-prompt_apr_4-doubao-pro-4k/src/java/org/apache/commons/cli/Util.java:69: error: not a statement\n    [javac] str = str.substring(0, str.length() - 1);        }\n    [javac]                                     ^\n    [javac] /data/cmd/Ming/llm-fl-apr/tmp/Cli_29-prompt_apr_4-doubao-pro-4k/src/java/org/apache/commons/cli/Util.java:69: error: ';' expected\n    [javac] str = str.substring(0, str.length() - 1);        }\n    [javac]                                        ^\n    [javac] /data/cmd/Ming/llm-fl-apr/tmp/Cli_29-prompt_apr_4-doubao-pro-4k/src/java/org/apache/commons/cli/Util.java:71: error: illegal start of type\n    [javac]         return str;\n    [javac]         ^\n    [javac] /data/cmd/Ming/llm-fl-apr/tmp/Cli_29-prompt_apr_4-doubao-pro-4k/src/java/org/apache/commons/cli/Util.java:71: error: ';' expected\n    [javac]         return str;\n    [javac]               ^\n    [javac] /data/cmd/Ming/llm-fl-apr/tmp/Cli_29-prompt_apr_4-doubao-pro-4k/src/java/org/apache/commons/cli/Util.java:73: error: class or interface expected\n    [javac] }\n    [javac] ^\n    [javac] 17 errors\n    [javac] 1 warning\n\nBUILD FAILED\n/data/cmd/Ming/llm-fl-apr/tmp/Cli_29-prompt_apr_4-doubao-pro-4k/maven-build.xml:75: Compile failed; see the compiler error output for details.\n\nTotal time: 1 second\nCannot compile sources! at /data/cmd/Ming/LLM_Based-Mutation/tools/mutant/defects4j-2.1.0/framework/bin/d4j/d4j-compile line 82.\nCompilation failed in require at /data/cmd/Ming/LLM_Based-Mutation/tools/mutant/defects4j-2.1.0/framework/bin/defects4j line 195.\n"
                }
            },
            "gpt-4o-mini": {
                "compile": {
                    "rc": 1,
                    "so": "",
                    "se": "Running ant (compile)...................................................... FAIL\nExecuted command:  cd /data/cmd/Ming/llm-fl-apr/tmp/Cli_29-prompt_apr_4-gpt-4o-mini && /data/cmd/Ming/LLM_Based-Mutation/tools/mutant/defects4j-2.1.0/major/bin/ant -f /data/cmd/Ming/LLM_Based-Mutation/tools/mutant/defects4j-2.1.0/framework/projects/defects4j.build.xml -Dd4j.home=/data/cmd/Ming/LLM_Based-Mutation/tools/mutant/defects4j-2.1.0 -Dd4j.dir.projects=/data/cmd/Ming/LLM_Based-Mutation/tools/mutant/defects4j-2.1.0/framework/projects -Dbasedir=/data/cmd/Ming/llm-fl-apr/tmp/Cli_29-prompt_apr_4-gpt-4o-mini -Dbuild.compiler=javac1.7  compile 2>&1\nJava HotSpot(TM) 64-Bit Server VM warning: ignoring option MaxPermSize=1G; support was removed in 8.0\nBuildfile: /data/cmd/Ming/LLM_Based-Mutation/tools/mutant/defects4j-2.1.0/framework/projects/defects4j.build.xml\n    [mkdir] Created dir: /data/cmd/Ming/llm-fl-apr/tmp/Cli_29-prompt_apr_4-gpt-4o-mini/target\n    [mkdir] Created dir: /data/cmd/Ming/llm-fl-apr/tmp/Cli_29-prompt_apr_4-gpt-4o-mini/target/lib\n\ntest-offline:\n\nget-deps:\n\ncommons-cli-from-maven.compile:\n    [mkdir] Created dir: /data/cmd/Ming/llm-fl-apr/tmp/Cli_29-prompt_apr_4-gpt-4o-mini/target/classes\n    [javac] /data/cmd/Ming/llm-fl-apr/tmp/Cli_29-prompt_apr_4-gpt-4o-mini/maven-build.xml:75: warning: 'includeantruntime' was not set, defaulting to build.sysclasspath=last; set to false for repeatable builds\n    [javac] Compiling 22 source files to /data/cmd/Ming/llm-fl-apr/tmp/Cli_29-prompt_apr_4-gpt-4o-mini/target/classes\n    [javac] warning: [options] bootstrap class path not set in conjunction with -source 1.4\n    [javac] /data/cmd/Ming/llm-fl-apr/tmp/Cli_29-prompt_apr_4-gpt-4o-mini/src/java/org/apache/commons/cli/Util.java:65: error: '.class' expected\n    [javac] if (str != null && str.startsWith(\"\"))str = str.substring(1);int length = str.length();if (str != null && str.endsWith(\"\"))        int length = str.length();\n    [javac]                                                                                                                                        ^\n    [javac] /data/cmd/Ming/llm-fl-apr/tmp/Cli_29-prompt_apr_4-gpt-4o-mini/src/java/org/apache/commons/cli/Util.java:65: error: not a statement\n    [javac] if (str != null && str.startsWith(\"\"))str = str.substring(1);int length = str.length();if (str != null && str.endsWith(\"\"))        int length = str.length();\n    [javac]                                                                                                                                    ^\n    [javac] /data/cmd/Ming/llm-fl-apr/tmp/Cli_29-prompt_apr_4-gpt-4o-mini/src/java/org/apache/commons/cli/Util.java:65: error: illegal start of expression\n    [javac] if (str != null && str.startsWith(\"\"))str = str.substring(1);int length = str.length();if (str != null && str.endsWith(\"\"))        int length = str.length();\n    [javac]                                                                                                                                               ^\n    [javac] /data/cmd/Ming/llm-fl-apr/tmp/Cli_29-prompt_apr_4-gpt-4o-mini/src/java/org/apache/commons/cli/Util.java:65: error: ';' expected\n    [javac] if (str != null && str.startsWith(\"\"))str = str.substring(1);int length = str.length();if (str != null && str.endsWith(\"\"))        int length = str.length();\n    [javac]                                                                                                                                                    ^\n    [javac] 4 errors\n    [javac] 1 warning\n\nBUILD FAILED\n/data/cmd/Ming/llm-fl-apr/tmp/Cli_29-prompt_apr_4-gpt-4o-mini/maven-build.xml:75: Compile failed; see the compiler error output for details.\n\nTotal time: 1 second\nCannot compile sources! at /data/cmd/Ming/LLM_Based-Mutation/tools/mutant/defects4j-2.1.0/framework/bin/d4j/d4j-compile line 82.\nCompilation failed in require at /data/cmd/Ming/LLM_Based-Mutation/tools/mutant/defects4j-2.1.0/framework/bin/defects4j line 195.\n"
                }
            },
            "deepseek-chat": {
                "compile": {
                    "rc": 0,
                    "so": "",
                    "se": "Running ant (compile)...................................................... OK\nRunning ant (compile.tests)................................................ OK\n"
                },
                "test": {
                    "rc": 0,
                    "so": "Failing tests: 1\n  - org.apache.commons.cli.UtilTest::testStripLeadingAndTrailingQuotes\n",
                    "se": "Running ant (compile.tests)................................................ OK\nRunning ant (run.dev.tests)................................................ OK\n"
                }
            }
        },
        "prompt_apr_5": {
            "ernie-3.5-128k": {
                "compile": {
                    "rc": 1,
                    "so": "",
                    "se": "Running ant (compile)...................................................... FAIL\nExecuted command:  cd /data/cmd/Ming/llm-fl-apr/tmp/Cli_29-prompt_apr_5-ernie-3.5-128k && /data/cmd/Ming/LLM_Based-Mutation/tools/mutant/defects4j-2.1.0/major/bin/ant -f /data/cmd/Ming/LLM_Based-Mutation/tools/mutant/defects4j-2.1.0/framework/projects/defects4j.build.xml -Dd4j.home=/data/cmd/Ming/LLM_Based-Mutation/tools/mutant/defects4j-2.1.0 -Dd4j.dir.projects=/data/cmd/Ming/LLM_Based-Mutation/tools/mutant/defects4j-2.1.0/framework/projects -Dbasedir=/data/cmd/Ming/llm-fl-apr/tmp/Cli_29-prompt_apr_5-ernie-3.5-128k -Dbuild.compiler=javac1.7  compile 2>&1\nJava HotSpot(TM) 64-Bit Server VM warning: ignoring option MaxPermSize=1G; support was removed in 8.0\nBuildfile: /data/cmd/Ming/LLM_Based-Mutation/tools/mutant/defects4j-2.1.0/framework/projects/defects4j.build.xml\n    [mkdir] Created dir: /data/cmd/Ming/llm-fl-apr/tmp/Cli_29-prompt_apr_5-ernie-3.5-128k/target\n    [mkdir] Created dir: /data/cmd/Ming/llm-fl-apr/tmp/Cli_29-prompt_apr_5-ernie-3.5-128k/target/lib\n\ntest-offline:\n\nget-deps:\n\ncommons-cli-from-maven.compile:\n    [mkdir] Created dir: /data/cmd/Ming/llm-fl-apr/tmp/Cli_29-prompt_apr_5-ernie-3.5-128k/target/classes\n    [javac] /data/cmd/Ming/llm-fl-apr/tmp/Cli_29-prompt_apr_5-ernie-3.5-128k/maven-build.xml:75: warning: 'includeantruntime' was not set, defaulting to build.sysclasspath=last; set to false for repeatable builds\n    [javac] Compiling 22 source files to /data/cmd/Ming/llm-fl-apr/tmp/Cli_29-prompt_apr_5-ernie-3.5-128k/target/classes\n    [javac] warning: [options] bootstrap class path not set in conjunction with -source 1.4\n    [javac] /data/cmd/Ming/llm-fl-apr/tmp/Cli_29-prompt_apr_5-ernie-3.5-128k/src/java/org/apache/commons/cli/Util.java:73: error: illegal start of type\n    [javac]         return str;\n    [javac]         ^\n    [javac] /data/cmd/Ming/llm-fl-apr/tmp/Cli_29-prompt_apr_5-ernie-3.5-128k/src/java/org/apache/commons/cli/Util.java:73: error: ';' expected\n    [javac]         return str;\n    [javac]               ^\n    [javac] /data/cmd/Ming/llm-fl-apr/tmp/Cli_29-prompt_apr_5-ernie-3.5-128k/src/java/org/apache/commons/cli/Util.java:75: error: class or interface expected\n    [javac] }\n    [javac] ^\n    [javac] 3 errors\n    [javac] 1 warning\n\nBUILD FAILED\n/data/cmd/Ming/llm-fl-apr/tmp/Cli_29-prompt_apr_5-ernie-3.5-128k/maven-build.xml:75: Compile failed; see the compiler error output for details.\n\nTotal time: 1 second\nCannot compile sources! at /data/cmd/Ming/LLM_Based-Mutation/tools/mutant/defects4j-2.1.0/framework/bin/d4j/d4j-compile line 82.\nCompilation failed in require at /data/cmd/Ming/LLM_Based-Mutation/tools/mutant/defects4j-2.1.0/framework/bin/defects4j line 195.\n"
                }
            },
            "qwen-turbo": {
                "compile": {
                    "rc": 1,
                    "so": "",
                    "se": "Running ant (compile)...................................................... FAIL\nExecuted command:  cd /data/cmd/Ming/llm-fl-apr/tmp/Cli_29-prompt_apr_5-qwen-turbo && /data/cmd/Ming/LLM_Based-Mutation/tools/mutant/defects4j-2.1.0/major/bin/ant -f /data/cmd/Ming/LLM_Based-Mutation/tools/mutant/defects4j-2.1.0/framework/projects/defects4j.build.xml -Dd4j.home=/data/cmd/Ming/LLM_Based-Mutation/tools/mutant/defects4j-2.1.0 -Dd4j.dir.projects=/data/cmd/Ming/LLM_Based-Mutation/tools/mutant/defects4j-2.1.0/framework/projects -Dbasedir=/data/cmd/Ming/llm-fl-apr/tmp/Cli_29-prompt_apr_5-qwen-turbo -Dbuild.compiler=javac1.7  compile 2>&1\nJava HotSpot(TM) 64-Bit Server VM warning: ignoring option MaxPermSize=1G; support was removed in 8.0\nBuildfile: /data/cmd/Ming/LLM_Based-Mutation/tools/mutant/defects4j-2.1.0/framework/projects/defects4j.build.xml\n    [mkdir] Created dir: /data/cmd/Ming/llm-fl-apr/tmp/Cli_29-prompt_apr_5-qwen-turbo/target\n    [mkdir] Created dir: /data/cmd/Ming/llm-fl-apr/tmp/Cli_29-prompt_apr_5-qwen-turbo/target/lib\n\ntest-offline:\n\nget-deps:\n\ncommons-cli-from-maven.compile:\n    [mkdir] Created dir: /data/cmd/Ming/llm-fl-apr/tmp/Cli_29-prompt_apr_5-qwen-turbo/target/classes\n    [javac] /data/cmd/Ming/llm-fl-apr/tmp/Cli_29-prompt_apr_5-qwen-turbo/maven-build.xml:75: warning: 'includeantruntime' was not set, defaulting to build.sysclasspath=last; set to false for repeatable builds\n    [javac] Compiling 22 source files to /data/cmd/Ming/llm-fl-apr/tmp/Cli_29-prompt_apr_5-qwen-turbo/target/classes\n    [javac] warning: [options] bootstrap class path not set in conjunction with -source 1.4\n    [javac] warning: /home/cmd/jdk1.8.0_391/lib/ct.sym(META-INF/sym/rt.jar/java/lang/Exception.class): major version 52 is newer than 51, the highest major version supported by this compiler.\n    [javac]   It is recommended that the compiler be upgraded.\n    [javac] warning: /home/cmd/jdk1.8.0_391/lib/ct.sym(META-INF/sym/rt.jar/java/lang/Throwable.class): major version 52 is newer than 51, the highest major version supported by this compiler.\n    [javac]   It is recommended that the compiler be upgraded.\n    [javac] warning: /home/cmd/jdk1.8.0_391/lib/ct.sym(META-INF/sym/rt.jar/java/io/Serializable.class): major version 52 is newer than 51, the highest major version supported by this compiler.\n    [javac]   It is recommended that the compiler be upgraded.\n    [javac] warning: /home/cmd/jdk1.8.0_391/lib/ct.sym(META-INF/sym/rt.jar/java/lang/Object.class): major version 52 is newer than 51, the highest major version supported by this compiler.\n    [javac]   It is recommended that the compiler be upgraded.\n    [javac] warning: /home/cmd/jdk1.8.0_391/lib/ct.sym(META-INF/sym/rt.jar/java/util/Collection.class): major version 52 is newer than 51, the highest major version supported by this compiler.\n    [javac]   It is recommended that the compiler be upgraded.\n    [javac] warning: /home/cmd/jdk1.8.0_391/lib/ct.sym(META-INF/sym/rt.jar/java/util/HashMap.class): major version 52 is newer than 51, the highest major version supported by this compiler.\n    [javac]   It is recommended that the compiler be upgraded.\n    [javac] warning: /home/cmd/jdk1.8.0_391/lib/ct.sym(META-INF/sym/rt.jar/java/util/Iterator.class): major version 52 is newer than 51, the highest major version supported by this compiler.\n    [javac]   It is recommended that the compiler be upgraded.\n    [javac] warning: /home/cmd/jdk1.8.0_391/lib/ct.sym(META-INF/sym/rt.jar/java/util/Map.class): major version 52 is newer than 51, the highest major version supported by this compiler.\n    [javac]   It is recommended that the compiler be upgraded.\n    [javac] warning: /home/cmd/jdk1.8.0_391/lib/ct.sym(META-INF/sym/rt.jar/java/util/ArrayList.class): major version 52 is newer than 51, the highest major version supported by this compiler.\n    [javac]   It is recommended that the compiler be upgraded.\n    [javac] warning: /home/cmd/jdk1.8.0_391/lib/ct.sym(META-INF/sym/rt.jar/java/util/List.class): major version 52 is newer than 51, the highest major version supported by this compiler.\n    [javac]   It is recommended that the compiler be upgraded.\n    [javac] warning: /home/cmd/jdk1.8.0_391/lib/ct.sym(META-INF/sym/rt.jar/java/lang/Cloneable.class): major version 52 is newer than 51, the highest major version supported by this compiler.\n    [javac]   It is recommended that the compiler be upgraded.\n    [javac] warning: /home/cmd/jdk1.8.0_391/lib/ct.sym(META-INF/sym/rt.jar/java/lang/String.class): major version 52 is newer than 51, the highest major version supported by this compiler.\n    [javac]   It is recommended that the compiler be upgraded.\n    [javac] warning: /home/cmd/jdk1.8.0_391/lib/ct.sym(META-INF/sym/rt.jar/java/lang/IllegalArgumentException.class): major version 52 is newer than 51, the highest major version supported by this compiler.\n    [javac]   It is recommended that the compiler be upgraded.\n    [javac] warning: /home/cmd/jdk1.8.0_391/lib/ct.sym(META-INF/sym/rt.jar/java/lang/IndexOutOfBoundsException.class): major version 52 is newer than 51, the highest major version supported by this compiler.\n    [javac]   It is recommended that the compiler be upgraded.\n    [javac] warning: /home/cmd/jdk1.8.0_391/lib/ct.sym(META-INF/sym/rt.jar/java/util/Arrays.class): major version 52 is newer than 51, the highest major version supported by this compiler.\n    [javac]   It is recommended that the compiler be upgraded.\n    [javac] warning: /home/cmd/jdk1.8.0_391/lib/ct.sym(META-INF/sym/rt.jar/java/util/Enumeration.class): major version 52 is newer than 51, the highest major version supported by this compiler.\n    [javac]   It is recommended that the compiler be upgraded.\n    [javac] warning: /home/cmd/jdk1.8.0_391/lib/ct.sym(META-INF/sym/rt.jar/java/util/ListIterator.class): major version 52 is newer than 51, the highest major version supported by this compiler.\n    [javac]   It is recommended that the compiler be upgraded.\n    [javac] warning: /home/cmd/jdk1.8.0_391/lib/ct.sym(META-INF/sym/rt.jar/java/util/Properties.class): major version 52 is newer than 51, the highest major version supported by this compiler.\n    [javac]   It is recommended that the compiler be upgraded.\n    [javac] warning: /home/cmd/jdk1.8.0_391/lib/ct.sym(META-INF/sym/rt.jar/java/util/Collections.class): major version 52 is newer than 51, the highest major version supported by this compiler.\n    [javac]   It is recommended that the compiler be upgraded.\n    [javac] warning: /home/cmd/jdk1.8.0_391/lib/ct.sym(META-INF/sym/rt.jar/java/util/HashSet.class): major version 52 is newer than 51, the highest major version supported by this compiler.\n    [javac]   It is recommended that the compiler be upgraded.\n    [javac] warning: /home/cmd/jdk1.8.0_391/lib/ct.sym(META-INF/sym/rt.jar/java/util/LinkedList.class): major version 52 is newer than 51, the highest major version supported by this compiler.\n    [javac]   It is recommended that the compiler be upgraded.\n    [javac] warning: /home/cmd/jdk1.8.0_391/lib/ct.sym(META-INF/sym/rt.jar/java/io/PrintWriter.class): major version 52 is newer than 51, the highest major version supported by this compiler.\n    [javac]   It is recommended that the compiler be upgraded.\n    [javac] warning: /home/cmd/jdk1.8.0_391/lib/ct.sym(META-INF/sym/rt.jar/java/util/Comparator.class): major version 52 is newer than 51, the highest major version supported by this compiler.\n    [javac]   It is recommended that the compiler be upgraded.\n    [javac] warning: /home/cmd/jdk1.8.0_391/lib/ct.sym(META-INF/sym/rt.jar/java/lang/StringBuffer.class): major version 52 is newer than 51, the highest major version supported by this compiler.\n    [javac]   It is recommended that the compiler be upgraded.\n    [javac] warning: /home/cmd/jdk1.8.0_391/lib/ct.sym(META-INF/sym/rt.jar/java/io/File.class): major version 52 is newer than 51, the highest major version supported by this compiler.\n    [javac]   It is recommended that the compiler be upgraded.\n    [javac] warning: /home/cmd/jdk1.8.0_391/lib/ct.sym(META-INF/sym/rt.jar/java/io/FileInputStream.class): major version 52 is newer than 51, the highest major version supported by this compiler.\n    [javac]   It is recommended that the compiler be upgraded.\n    [javac] warning: /home/cmd/jdk1.8.0_391/lib/ct.sym(META-INF/sym/rt.jar/java/net/URL.class): major version 52 is newer than 51, the highest major version supported by this compiler.\n    [javac]   It is recommended that the compiler be upgraded.\n    [javac] warning: /home/cmd/jdk1.8.0_391/lib/ct.sym(META-INF/sym/rt.jar/java/util/Date.class): major version 52 is newer than 51, the highest major version supported by this compiler.\n    [javac]   It is recommended that the compiler be upgraded.\n    [javac] warning: /home/cmd/jdk1.8.0_391/lib/ct.sym(META-INF/sym/rt.jar/java/lang/Class.class): major version 52 is newer than 51, the highest major version supported by this compiler.\n    [javac]   It is recommended that the compiler be upgraded.\n    [javac] warning: /home/cmd/jdk1.8.0_391/lib/ct.sym(META-INF/sym/rt.jar/java/net/MalformedURLException.class): major version 52 is newer than 51, the highest major version supported by this compiler.\n    [javac]   It is recommended that the compiler be upgraded.\n    [javac] warning: /home/cmd/jdk1.8.0_391/lib/ct.sym(META-INF/sym/rt.jar/java/lang/Number.class): major version 52 is newer than 51, the highest major version supported by this compiler.\n    [javac]   It is recommended that the compiler be upgraded.\n    [javac] /home/cmd/jdk1.8.0_391/lib/ct.sym(META-INF/sym/rt.jar/java/lang/Exception.class): warning: Cannot find annotation method 'value()' in type 'Profile+Annotation': class file for jdk.Profile+Annotation not found\n    [javac] /home/cmd/jdk1.8.0_391/lib/ct.sym(META-INF/sym/rt.jar/java/lang/Throwable.class): warning: Cannot find annotation method 'value()' in type 'Profile+Annotation'\n    [javac] /home/cmd/jdk1.8.0_391/lib/ct.sym(META-INF/sym/rt.jar/java/io/Serializable.class): warning: Cannot find annotation method 'value()' in type 'Profile+Annotation'\n    [javac] /home/cmd/jdk1.8.0_391/lib/ct.sym(META-INF/sym/rt.jar/java/lang/Object.class): warning: Cannot find annotation method 'value()' in type 'Profile+Annotation'\n    [javac] /home/cmd/jdk1.8.0_391/lib/ct.sym(META-INF/sym/rt.jar/java/util/Collection.class): warning: Cannot find annotation method 'value()' in type 'Profile+Annotation'\n    [javac] /home/cmd/jdk1.8.0_391/lib/ct.sym(META-INF/sym/rt.jar/java/util/HashMap.class): warning: Cannot find annotation method 'value()' in type 'Profile+Annotation'\n    [javac] /home/cmd/jdk1.8.0_391/lib/ct.sym(META-INF/sym/rt.jar/java/util/Iterator.class): warning: Cannot find annotation method 'value()' in type 'Profile+Annotation'\n    [javac] /home/cmd/jdk1.8.0_391/lib/ct.sym(META-INF/sym/rt.jar/java/util/Map.class): warning: Cannot find annotation method 'value()' in type 'Profile+Annotation'\n    [javac] /home/cmd/jdk1.8.0_391/lib/ct.sym(META-INF/sym/rt.jar/java/util/ArrayList.class): warning: Cannot find annotation method 'value()' in type 'Profile+Annotation'\n    [javac] /home/cmd/jdk1.8.0_391/lib/ct.sym(META-INF/sym/rt.jar/java/util/List.class): warning: Cannot find annotation method 'value()' in type 'Profile+Annotation'\n    [javac] /home/cmd/jdk1.8.0_391/lib/ct.sym(META-INF/sym/rt.jar/java/lang/Cloneable.class): warning: Cannot find annotation method 'value()' in type 'Profile+Annotation'\n    [javac] /home/cmd/jdk1.8.0_391/lib/ct.sym(META-INF/sym/rt.jar/java/lang/String.class): warning: Cannot find annotation method 'value()' in type 'Profile+Annotation'\n    [javac] /home/cmd/jdk1.8.0_391/lib/ct.sym(META-INF/sym/rt.jar/java/lang/IllegalArgumentException.class): warning: Cannot find annotation method 'value()' in type 'Profile+Annotation'\n    [javac] /home/cmd/jdk1.8.0_391/lib/ct.sym(META-INF/sym/rt.jar/java/lang/IndexOutOfBoundsException.class): warning: Cannot find annotation method 'value()' in type 'Profile+Annotation'\n    [javac] /home/cmd/jdk1.8.0_391/lib/ct.sym(META-INF/sym/rt.jar/java/util/Arrays.class): warning: Cannot find annotation method 'value()' in type 'Profile+Annotation'\n    [javac] /home/cmd/jdk1.8.0_391/lib/ct.sym(META-INF/sym/rt.jar/java/util/Enumeration.class): warning: Cannot find annotation method 'value()' in type 'Profile+Annotation'\n    [javac] /home/cmd/jdk1.8.0_391/lib/ct.sym(META-INF/sym/rt.jar/java/util/ListIterator.class): warning: Cannot find annotation method 'value()' in type 'Profile+Annotation'\n    [javac] /home/cmd/jdk1.8.0_391/lib/ct.sym(META-INF/sym/rt.jar/java/util/Properties.class): warning: Cannot find annotation method 'value()' in type 'Profile+Annotation'\n    [javac] /home/cmd/jdk1.8.0_391/lib/ct.sym(META-INF/sym/rt.jar/java/util/Collections.class): warning: Cannot find annotation method 'value()' in type 'Profile+Annotation'\n    [javac] /home/cmd/jdk1.8.0_391/lib/ct.sym(META-INF/sym/rt.jar/java/util/HashSet.class): warning: Cannot find annotation method 'value()' in type 'Profile+Annotation'\n    [javac] /home/cmd/jdk1.8.0_391/lib/ct.sym(META-INF/sym/rt.jar/java/util/LinkedList.class): warning: Cannot find annotation method 'value()' in type 'Profile+Annotation'\n    [javac] /home/cmd/jdk1.8.0_391/lib/ct.sym(META-INF/sym/rt.jar/java/io/PrintWriter.class): warning: Cannot find annotation method 'value()' in type 'Profile+Annotation'\n    [javac] /home/cmd/jdk1.8.0_391/lib/ct.sym(META-INF/sym/rt.jar/java/util/Comparator.class): warning: Cannot find annotation method 'value()' in type 'Profile+Annotation'\n    [javac] /home/cmd/jdk1.8.0_391/lib/ct.sym(META-INF/sym/rt.jar/java/lang/StringBuffer.class): warning: Cannot find annotation method 'value()' in type 'Profile+Annotation'\n    [javac] /home/cmd/jdk1.8.0_391/lib/ct.sym(META-INF/sym/rt.jar/java/io/File.class): warning: Cannot find annotation method 'value()' in type 'Profile+Annotation'\n    [javac] /home/cmd/jdk1.8.0_391/lib/ct.sym(META-INF/sym/rt.jar/java/io/FileInputStream.class): warning: Cannot find annotation method 'value()' in type 'Profile+Annotation'\n    [javac] /home/cmd/jdk1.8.0_391/lib/ct.sym(META-INF/sym/rt.jar/java/net/URL.class): warning: Cannot find annotation method 'value()' in type 'Profile+Annotation'\n    [javac] /home/cmd/jdk1.8.0_391/lib/ct.sym(META-INF/sym/rt.jar/java/util/Date.class): warning: Cannot find annotation method 'value()' in type 'Profile+Annotation'\n    [javac] /home/cmd/jdk1.8.0_391/lib/ct.sym(META-INF/sym/rt.jar/java/lang/Class.class): warning: Cannot find annotation method 'value()' in type 'Profile+Annotation'\n    [javac] /home/cmd/jdk1.8.0_391/lib/ct.sym(META-INF/sym/rt.jar/java/net/MalformedURLException.class): warning: Cannot find annotation method 'value()' in type 'Profile+Annotation'\n    [javac] /home/cmd/jdk1.8.0_391/lib/ct.sym(META-INF/sym/rt.jar/java/lang/Number.class): warning: Cannot find annotation method 'value()' in type 'Profile+Annotation'\n    [javac] warning: /home/cmd/jdk1.8.0_391/lib/ct.sym(META-INF/sym/rt.jar/java/lang/AutoCloseable.class): major version 52 is newer than 51, the highest major version supported by this compiler.\n    [javac]   It is recommended that the compiler be upgraded.\n    [javac] /home/cmd/jdk1.8.0_391/lib/ct.sym(META-INF/sym/rt.jar/java/lang/AutoCloseable.class): warning: Cannot find annotation method 'value()' in type 'Profile+Annotation'\n    [javac] warning: /home/cmd/jdk1.8.0_391/lib/ct.sym(META-INF/sym/rt.jar/java/lang/CharSequence.class): major version 52 is newer than 51, the highest major version supported by this compiler.\n    [javac]   It is recommended that the compiler be upgraded.\n    [javac] /home/cmd/jdk1.8.0_391/lib/ct.sym(META-INF/sym/rt.jar/java/lang/CharSequence.class): warning: Cannot find annotation method 'value()' in type 'Profile+Annotation'\n    [javac] warning: /home/cmd/jdk1.8.0_391/lib/ct.sym(META-INF/sym/rt.jar/java/lang/Comparable.class): major version 52 is newer than 51, the highest major version supported by this compiler.\n    [javac]   It is recommended that the compiler be upgraded.\n    [javac] /home/cmd/jdk1.8.0_391/lib/ct.sym(META-INF/sym/rt.jar/java/lang/Comparable.class): warning: Cannot find annotation method 'value()' in type 'Profile+Annotation'\n    [javac] warning: /home/cmd/jdk1.8.0_391/lib/ct.sym(META-INF/sym/rt.jar/java/lang/AbstractStringBuilder.class): major version 52 is newer than 51, the highest major version supported by this compiler.\n    [javac]   It is recommended that the compiler be upgraded.\n    [javac] /home/cmd/jdk1.8.0_391/lib/ct.sym(META-INF/sym/rt.jar/java/lang/AbstractStringBuilder.class): warning: Cannot find annotation method 'value()' in type 'Profile+Annotation'\n    [javac] warning: /home/cmd/jdk1.8.0_391/lib/ct.sym(META-INF/sym/rt.jar/java/util/AbstractMap.class): major version 52 is newer than 51, the highest major version supported by this compiler.\n    [javac]   It is recommended that the compiler be upgraded.\n    [javac] /home/cmd/jdk1.8.0_391/lib/ct.sym(META-INF/sym/rt.jar/java/util/AbstractMap.class): warning: Cannot find annotation method 'value()' in type 'Profile+Annotation'\n    [javac] warning: /home/cmd/jdk1.8.0_391/lib/ct.sym(META-INF/sym/rt.jar/java/util/Set.class): major version 52 is newer than 51, the highest major version supported by this compiler.\n    [javac]   It is recommended that the compiler be upgraded.\n    [javac] /home/cmd/jdk1.8.0_391/lib/ct.sym(META-INF/sym/rt.jar/java/util/Set.class): warning: Cannot find annotation method 'value()' in type 'Profile+Annotation'\n    [javac] warning: /home/cmd/jdk1.8.0_391/lib/ct.sym(META-INF/sym/rt.jar/java/lang/Iterable.class): major version 52 is newer than 51, the highest major version supported by this compiler.\n    [javac]   It is recommended that the compiler be upgraded.\n    [javac] /home/cmd/jdk1.8.0_391/lib/ct.sym(META-INF/sym/rt.jar/java/lang/Iterable.class): warning: Cannot find annotation method 'value()' in type 'Profile+Annotation'\n    [javac] warning: /home/cmd/jdk1.8.0_391/lib/ct.sym(META-INF/sym/rt.jar/java/lang/Error.class): major version 52 is newer than 51, the highest major version supported by this compiler.\n    [javac]   It is recommended that the compiler be upgraded.\n    [javac] /home/cmd/jdk1.8.0_391/lib/ct.sym(META-INF/sym/rt.jar/java/lang/Error.class): warning: Cannot find annotation method 'value()' in type 'Profile+Annotation'\n    [javac] warning: /home/cmd/jdk1.8.0_391/lib/ct.sym(META-INF/sym/rt.jar/java/lang/RuntimeException.class): major version 52 is newer than 51, the highest major version supported by this compiler.\n    [javac]   It is recommended that the compiler be upgraded.\n    [javac] /home/cmd/jdk1.8.0_391/lib/ct.sym(META-INF/sym/rt.jar/java/lang/RuntimeException.class): warning: Cannot find annotation method 'value()' in type 'Profile+Annotation'\n    [javac] warning: /home/cmd/jdk1.8.0_391/lib/ct.sym(META-INF/sym/rt.jar/java/util/AbstractList.class): major version 52 is newer than 51, the highest major version supported by this compiler.\n    [javac]   It is recommended that the compiler be upgraded.\n    [javac] /home/cmd/jdk1.8.0_391/lib/ct.sym(META-INF/sym/rt.jar/java/util/AbstractList.class): warning: Cannot find annotation method 'value()' in type 'Profile+Annotation'\n    [javac] warning: /home/cmd/jdk1.8.0_391/lib/ct.sym(META-INF/sym/rt.jar/java/util/AbstractCollection.class): major version 52 is newer than 51, the highest major version supported by this compiler.\n    [javac]   It is recommended that the compiler be upgraded.\n    [javac] /home/cmd/jdk1.8.0_391/lib/ct.sym(META-INF/sym/rt.jar/java/util/AbstractCollection.class): warning: Cannot find annotation method 'value()' in type 'Profile+Annotation'\n    [javac] warning: /home/cmd/jdk1.8.0_391/lib/ct.sym(META-INF/sym/rt.jar/java/lang/CloneNotSupportedException.class): major version 52 is newer than 51, the highest major version supported by this compiler.\n    [javac]   It is recommended that the compiler be upgraded.\n    [javac] /home/cmd/jdk1.8.0_391/lib/ct.sym(META-INF/sym/rt.jar/java/lang/CloneNotSupportedException.class): warning: Cannot find annotation method 'value()' in type 'Profile+Annotation'\n    [javac] warning: /home/cmd/jdk1.8.0_391/lib/ct.sym(META-INF/sym/rt.jar/java/lang/UnsupportedOperationException.class): major version 52 is newer than 51, the highest major version supported by this compiler.\n    [javac]   It is recommended that the compiler be upgraded.\n    [javac] /home/cmd/jdk1.8.0_391/lib/ct.sym(META-INF/sym/rt.jar/java/lang/UnsupportedOperationException.class): warning: Cannot find annotation method 'value()' in type 'Profile+Annotation'\n    [javac] warning: /home/cmd/jdk1.8.0_391/lib/ct.sym(META-INF/sym/rt.jar/java/util/Hashtable.class): major version 52 is newer than 51, the highest major version supported by this compiler.\n    [javac]   It is recommended that the compiler be upgraded.\n    [javac] /home/cmd/jdk1.8.0_391/lib/ct.sym(META-INF/sym/rt.jar/java/util/Hashtable.class): warning: Cannot find annotation method 'value()' in type 'Profile+Annotation'\n    [javac] warning: /home/cmd/jdk1.8.0_391/lib/ct.sym(META-INF/sym/rt.jar/java/util/Dictionary.class): major version 52 is newer than 51, the highest major version supported by this compiler.\n    [javac]   It is recommended that the compiler be upgraded.\n    [javac] /home/cmd/jdk1.8.0_391/lib/ct.sym(META-INF/sym/rt.jar/java/util/Dictionary.class): warning: Cannot find annotation method 'value()' in type 'Profile+Annotation'\n    [javac] warning: /home/cmd/jdk1.8.0_391/lib/ct.sym(META-INF/sym/rt.jar/java/util/AbstractSet.class): major version 52 is newer than 51, the highest major version supported by this compiler.\n    [javac]   It is recommended that the compiler be upgraded.\n    [javac] /home/cmd/jdk1.8.0_391/lib/ct.sym(META-INF/sym/rt.jar/java/util/AbstractSet.class): warning: Cannot find annotation method 'value()' in type 'Profile+Annotation'\n    [javac] warning: /home/cmd/jdk1.8.0_391/lib/ct.sym(META-INF/sym/rt.jar/java/util/AbstractSequentialList.class): major version 52 is newer than 51, the highest major version supported by this compiler.\n    [javac]   It is recommended that the compiler be upgraded.\n    [javac] /home/cmd/jdk1.8.0_391/lib/ct.sym(META-INF/sym/rt.jar/java/util/AbstractSequentialList.class): warning: Cannot find annotation method 'value()' in type 'Profile+Annotation'\n    [javac] warning: /home/cmd/jdk1.8.0_391/lib/ct.sym(META-INF/sym/rt.jar/java/lang/System.class): major version 52 is newer than 51, the highest major version supported by this compiler.\n    [javac]   It is recommended that the compiler be upgraded.\n    [javac] /home/cmd/jdk1.8.0_391/lib/ct.sym(META-INF/sym/rt.jar/java/lang/System.class): warning: Cannot find annotation method 'value()' in type 'Profile+Annotation'\n    [javac] warning: /home/cmd/jdk1.8.0_391/lib/ct.sym(META-INF/sym/rt.jar/java/io/PrintStream.class): major version 52 is newer than 51, the highest major version supported by this compiler.\n    [javac]   It is recommended that the compiler be upgraded.\n    [javac] /data/cmd/Ming/llm-fl-apr/tmp/Cli_29-prompt_apr_5-qwen-turbo/src/java/org/apache/commons/cli/Util.java:70: error: cannot find symbol\n    [javac]             str = str.substring(0, length - 1);\n    [javac]                                    ^\n    [javac]   symbol:   variable length\n    [javac]   location: class Util\n    [javac] /data/cmd/Ming/llm-fl-apr/tmp/Cli_29-prompt_apr_5-qwen-turbo/src/java/org/apache/commons/cli/Util.java:73: error: cannot find symbol\n    [javac]             str = str.substring(0, length - 1);\n    [javac]                                    ^\n    [javac]   symbol:   variable length\n    [javac]   location: class Util\n    [javac] 2 errors\n    [javac] 100 warnings\n\nBUILD FAILED\n/data/cmd/Ming/llm-fl-apr/tmp/Cli_29-prompt_apr_5-qwen-turbo/maven-build.xml:75: Compile failed; see the compiler error output for details.\n\nTotal time: 4 seconds\nCannot compile sources! at /data/cmd/Ming/LLM_Based-Mutation/tools/mutant/defects4j-2.1.0/framework/bin/d4j/d4j-compile line 82.\nCompilation failed in require at /data/cmd/Ming/LLM_Based-Mutation/tools/mutant/defects4j-2.1.0/framework/bin/defects4j line 195.\n"
                }
            },
            "doubao-pro-4k": {
                "compile": {
                    "rc": 1,
                    "so": "",
                    "se": "Running ant (compile)...................................................... FAIL\nExecuted command:  cd /data/cmd/Ming/llm-fl-apr/tmp/Cli_29-prompt_apr_5-doubao-pro-4k && /data/cmd/Ming/LLM_Based-Mutation/tools/mutant/defects4j-2.1.0/major/bin/ant -f /data/cmd/Ming/LLM_Based-Mutation/tools/mutant/defects4j-2.1.0/framework/projects/defects4j.build.xml -Dd4j.home=/data/cmd/Ming/LLM_Based-Mutation/tools/mutant/defects4j-2.1.0 -Dd4j.dir.projects=/data/cmd/Ming/LLM_Based-Mutation/tools/mutant/defects4j-2.1.0/framework/projects -Dbasedir=/data/cmd/Ming/llm-fl-apr/tmp/Cli_29-prompt_apr_5-doubao-pro-4k -Dbuild.compiler=javac1.7  compile 2>&1\nJava HotSpot(TM) 64-Bit Server VM warning: ignoring option MaxPermSize=1G; support was removed in 8.0\nBuildfile: /data/cmd/Ming/LLM_Based-Mutation/tools/mutant/defects4j-2.1.0/framework/projects/defects4j.build.xml\n    [mkdir] Created dir: /data/cmd/Ming/llm-fl-apr/tmp/Cli_29-prompt_apr_5-doubao-pro-4k/target\n    [mkdir] Created dir: /data/cmd/Ming/llm-fl-apr/tmp/Cli_29-prompt_apr_5-doubao-pro-4k/target/lib\n\ntest-offline:\n\nget-deps:\n\ncommons-cli-from-maven.compile:\n    [mkdir] Created dir: /data/cmd/Ming/llm-fl-apr/tmp/Cli_29-prompt_apr_5-doubao-pro-4k/target/classes\n    [javac] /data/cmd/Ming/llm-fl-apr/tmp/Cli_29-prompt_apr_5-doubao-pro-4k/maven-build.xml:75: warning: 'includeantruntime' was not set, defaulting to build.sysclasspath=last; set to false for repeatable builds\n    [javac] Compiling 22 source files to /data/cmd/Ming/llm-fl-apr/tmp/Cli_29-prompt_apr_5-doubao-pro-4k/target/classes\n    [javac] warning: [options] bootstrap class path not set in conjunction with -source 1.4\n    [javac] /data/cmd/Ming/llm-fl-apr/tmp/Cli_29-prompt_apr_5-doubao-pro-4k/src/java/org/apache/commons/cli/Util.java:63: error: illegal start of type\n    [javac] if (str.startsWith(\"\\\"))    {\n    [javac] ^\n    [javac] /data/cmd/Ming/llm-fl-apr/tmp/Cli_29-prompt_apr_5-doubao-pro-4k/src/java/org/apache/commons/cli/Util.java:63: error: <identifier> expected\n    [javac] if (str.startsWith(\"\\\"))    {\n    [javac]                   ^\n    [javac] /data/cmd/Ming/llm-fl-apr/tmp/Cli_29-prompt_apr_5-doubao-pro-4k/src/java/org/apache/commons/cli/Util.java:63: error: unclosed string literal\n    [javac] if (str.startsWith(\"\\\"))    {\n    [javac]                    ^\n    [javac] /data/cmd/Ming/llm-fl-apr/tmp/Cli_29-prompt_apr_5-doubao-pro-4k/src/java/org/apache/commons/cli/Util.java:64: error: illegal start of type\n    [javac]         if (str.startsWith(\"\\\"\"))\n    [javac]         ^\n    [javac] /data/cmd/Ming/llm-fl-apr/tmp/Cli_29-prompt_apr_5-doubao-pro-4k/src/java/org/apache/commons/cli/Util.java:64: error: <identifier> expected\n    [javac]         if (str.startsWith(\"\\\"\"))\n    [javac]           ^\n    [javac] /data/cmd/Ming/llm-fl-apr/tmp/Cli_29-prompt_apr_5-doubao-pro-4k/src/java/org/apache/commons/cli/Util.java:64: error: ';' expected\n    [javac]         if (str.startsWith(\"\\\"\"))\n    [javac]             ^\n    [javac] /data/cmd/Ming/llm-fl-apr/tmp/Cli_29-prompt_apr_5-doubao-pro-4k/src/java/org/apache/commons/cli/Util.java:64: error: illegal start of type\n    [javac]         if (str.startsWith(\"\\\"\"))\n    [javac]                ^\n    [javac] /data/cmd/Ming/llm-fl-apr/tmp/Cli_29-prompt_apr_5-doubao-pro-4k/src/java/org/apache/commons/cli/Util.java:64: error: illegal start of type\n    [javac]         if (str.startsWith(\"\\\"\"))\n    [javac]                            ^\n    [javac] /data/cmd/Ming/llm-fl-apr/tmp/Cli_29-prompt_apr_5-doubao-pro-4k/src/java/org/apache/commons/cli/Util.java:64: error: ';' expected\n    [javac]         if (str.startsWith(\"\\\"\"))\n    [javac]                                 ^\n    [javac] /data/cmd/Ming/llm-fl-apr/tmp/Cli_29-prompt_apr_5-doubao-pro-4k/src/java/org/apache/commons/cli/Util.java:66: error: unclosed string literal\n    [javac] if (str.endsWith(\"\\\"))        }\n    [javac]                  ^\n    [javac] /data/cmd/Ming/llm-fl-apr/tmp/Cli_29-prompt_apr_5-doubao-pro-4k/src/java/org/apache/commons/cli/Util.java:66: error: ')' expected\n    [javac] if (str.endsWith(\"\\\"))        }\n    [javac]                                ^\n    [javac] 11 errors\n    [javac] 1 warning\n\nBUILD FAILED\n/data/cmd/Ming/llm-fl-apr/tmp/Cli_29-prompt_apr_5-doubao-pro-4k/maven-build.xml:75: Compile failed; see the compiler error output for details.\n\nTotal time: 1 second\nCannot compile sources! at /data/cmd/Ming/LLM_Based-Mutation/tools/mutant/defects4j-2.1.0/framework/bin/d4j/d4j-compile line 82.\nCompilation failed in require at /data/cmd/Ming/LLM_Based-Mutation/tools/mutant/defects4j-2.1.0/framework/bin/defects4j line 195.\n"
                }
            },
            "gpt-4o-mini": {
                "compile": {
                    "rc": 1,
                    "so": "",
                    "se": "Running ant (compile)...................................................... FAIL\nExecuted command:  cd /data/cmd/Ming/llm-fl-apr/tmp/Cli_29-prompt_apr_5-gpt-4o-mini && /data/cmd/Ming/LLM_Based-Mutation/tools/mutant/defects4j-2.1.0/major/bin/ant -f /data/cmd/Ming/LLM_Based-Mutation/tools/mutant/defects4j-2.1.0/framework/projects/defects4j.build.xml -Dd4j.home=/data/cmd/Ming/LLM_Based-Mutation/tools/mutant/defects4j-2.1.0 -Dd4j.dir.projects=/data/cmd/Ming/LLM_Based-Mutation/tools/mutant/defects4j-2.1.0/framework/projects -Dbasedir=/data/cmd/Ming/llm-fl-apr/tmp/Cli_29-prompt_apr_5-gpt-4o-mini -Dbuild.compiler=javac1.7  compile 2>&1\nJava HotSpot(TM) 64-Bit Server VM warning: ignoring option MaxPermSize=1G; support was removed in 8.0\nBuildfile: /data/cmd/Ming/LLM_Based-Mutation/tools/mutant/defects4j-2.1.0/framework/projects/defects4j.build.xml\n    [mkdir] Created dir: /data/cmd/Ming/llm-fl-apr/tmp/Cli_29-prompt_apr_5-gpt-4o-mini/target\n    [mkdir] Created dir: /data/cmd/Ming/llm-fl-apr/tmp/Cli_29-prompt_apr_5-gpt-4o-mini/target/lib\n\ntest-offline:\n\nget-deps:\n\ncommons-cli-from-maven.compile:\n    [mkdir] Created dir: /data/cmd/Ming/llm-fl-apr/tmp/Cli_29-prompt_apr_5-gpt-4o-mini/target/classes\n    [javac] /data/cmd/Ming/llm-fl-apr/tmp/Cli_29-prompt_apr_5-gpt-4o-mini/maven-build.xml:75: warning: 'includeantruntime' was not set, defaulting to build.sysclasspath=last; set to false for repeatable builds\n    [javac] Compiling 22 source files to /data/cmd/Ming/llm-fl-apr/tmp/Cli_29-prompt_apr_5-gpt-4o-mini/target/classes\n    [javac] warning: [options] bootstrap class path not set in conjunction with -source 1.4\n    [javac] /data/cmd/Ming/llm-fl-apr/tmp/Cli_29-prompt_apr_5-gpt-4o-mini/src/java/org/apache/commons/cli/Util.java:63: error: ';' expected\n    [javac]     static String stripLeadingAndTrailingQuotes(String str)\n    [javac]                                                            ^\n    [javac] /data/cmd/Ming/llm-fl-apr/tmp/Cli_29-prompt_apr_5-gpt-4o-mini/src/java/org/apache/commons/cli/Util.java:64: error: illegal character: \\92\n    [javac] if (str.startsWith(\\\"))        if (str.startsWith(\"\\\"\"))\n    [javac]                    ^\n    [javac] /data/cmd/Ming/llm-fl-apr/tmp/Cli_29-prompt_apr_5-gpt-4o-mini/src/java/org/apache/commons/cli/Util.java:64: error: illegal character: \\92\n    [javac] if (str.startsWith(\\\"))        if (str.startsWith(\"\\\"\"))\n    [javac]                                                    ^\n    [javac] /data/cmd/Ming/llm-fl-apr/tmp/Cli_29-prompt_apr_5-gpt-4o-mini/src/java/org/apache/commons/cli/Util.java:66: error: illegal character: \\92\n    [javac] if (str.endsWith(\\\"))        }\n    [javac]                  ^\n    [javac] /data/cmd/Ming/llm-fl-apr/tmp/Cli_29-prompt_apr_5-gpt-4o-mini/src/java/org/apache/commons/cli/Util.java:66: error: unclosed string literal\n    [javac] if (str.endsWith(\\\"))        }\n    [javac]                   ^\n    [javac] /data/cmd/Ming/llm-fl-apr/tmp/Cli_29-prompt_apr_5-gpt-4o-mini/src/java/org/apache/commons/cli/Util.java:67: error: '.class' expected\n    [javac]         int length = str.length();\n    [javac]             ^\n    [javac] /data/cmd/Ming/llm-fl-apr/tmp/Cli_29-prompt_apr_5-gpt-4o-mini/src/java/org/apache/commons/cli/Util.java:67: error: not a statement\n    [javac]         int length = str.length();\n    [javac]         ^\n    [javac] /data/cmd/Ming/llm-fl-apr/tmp/Cli_29-prompt_apr_5-gpt-4o-mini/src/java/org/apache/commons/cli/Util.java:67: error: illegal start of expression\n    [javac]         int length = str.length();\n    [javac]                    ^\n    [javac] /data/cmd/Ming/llm-fl-apr/tmp/Cli_29-prompt_apr_5-gpt-4o-mini/src/java/org/apache/commons/cli/Util.java:67: error: ';' expected\n    [javac]         int length = str.length();\n    [javac]                         ^\n    [javac] 9 errors\n    [javac] 1 warning\n\nBUILD FAILED\n/data/cmd/Ming/llm-fl-apr/tmp/Cli_29-prompt_apr_5-gpt-4o-mini/maven-build.xml:75: Compile failed; see the compiler error output for details.\n\nTotal time: 1 second\nCannot compile sources! at /data/cmd/Ming/LLM_Based-Mutation/tools/mutant/defects4j-2.1.0/framework/bin/d4j/d4j-compile line 82.\nCompilation failed in require at /data/cmd/Ming/LLM_Based-Mutation/tools/mutant/defects4j-2.1.0/framework/bin/defects4j line 195.\n"
                }
            },
            "deepseek-chat": {
                "compile": {
                    "rc": 1,
                    "so": "",
                    "se": "Running ant (compile)...................................................... FAIL\nExecuted command:  cd /data/cmd/Ming/llm-fl-apr/tmp/Cli_29-prompt_apr_5-deepseek-chat && /data/cmd/Ming/LLM_Based-Mutation/tools/mutant/defects4j-2.1.0/major/bin/ant -f /data/cmd/Ming/LLM_Based-Mutation/tools/mutant/defects4j-2.1.0/framework/projects/defects4j.build.xml -Dd4j.home=/data/cmd/Ming/LLM_Based-Mutation/tools/mutant/defects4j-2.1.0 -Dd4j.dir.projects=/data/cmd/Ming/LLM_Based-Mutation/tools/mutant/defects4j-2.1.0/framework/projects -Dbasedir=/data/cmd/Ming/llm-fl-apr/tmp/Cli_29-prompt_apr_5-deepseek-chat -Dbuild.compiler=javac1.7  compile 2>&1\nJava HotSpot(TM) 64-Bit Server VM warning: ignoring option MaxPermSize=1G; support was removed in 8.0\nBuildfile: /data/cmd/Ming/LLM_Based-Mutation/tools/mutant/defects4j-2.1.0/framework/projects/defects4j.build.xml\n    [mkdir] Created dir: /data/cmd/Ming/llm-fl-apr/tmp/Cli_29-prompt_apr_5-deepseek-chat/target\n    [mkdir] Created dir: /data/cmd/Ming/llm-fl-apr/tmp/Cli_29-prompt_apr_5-deepseek-chat/target/lib\n\ntest-offline:\n\nget-deps:\n\ncommons-cli-from-maven.compile:\n    [mkdir] Created dir: /data/cmd/Ming/llm-fl-apr/tmp/Cli_29-prompt_apr_5-deepseek-chat/target/classes\n    [javac] /data/cmd/Ming/llm-fl-apr/tmp/Cli_29-prompt_apr_5-deepseek-chat/maven-build.xml:75: warning: 'includeantruntime' was not set, defaulting to build.sysclasspath=last; set to false for repeatable builds\n    [javac] Compiling 22 source files to /data/cmd/Ming/llm-fl-apr/tmp/Cli_29-prompt_apr_5-deepseek-chat/target/classes\n    [javac] warning: [options] bootstrap class path not set in conjunction with -source 1.4\n    [javac] /data/cmd/Ming/llm-fl-apr/tmp/Cli_29-prompt_apr_5-deepseek-chat/src/java/org/apache/commons/cli/Util.java:63: error: illegal start of type\n    [javac]         if (str.startsWith(\"\\\"\"))    {\n    [javac]         ^\n    [javac] /data/cmd/Ming/llm-fl-apr/tmp/Cli_29-prompt_apr_5-deepseek-chat/src/java/org/apache/commons/cli/Util.java:63: error: <identifier> expected\n    [javac]         if (str.startsWith(\"\\\"\"))    {\n    [javac]                           ^\n    [javac] /data/cmd/Ming/llm-fl-apr/tmp/Cli_29-prompt_apr_5-deepseek-chat/src/java/org/apache/commons/cli/Util.java:63: error: ';' expected\n    [javac]         if (str.startsWith(\"\\\"\"))    {\n    [javac]                            ^\n    [javac] /data/cmd/Ming/llm-fl-apr/tmp/Cli_29-prompt_apr_5-deepseek-chat/src/java/org/apache/commons/cli/Util.java:63: error: illegal start of type\n    [javac]         if (str.startsWith(\"\\\"\"))    {\n    [javac]                                ^\n    [javac] /data/cmd/Ming/llm-fl-apr/tmp/Cli_29-prompt_apr_5-deepseek-chat/src/java/org/apache/commons/cli/Util.java:63: error: <identifier> expected\n    [javac]         if (str.startsWith(\"\\\"\"))    {\n    [javac]                                 ^\n    [javac] /data/cmd/Ming/llm-fl-apr/tmp/Cli_29-prompt_apr_5-deepseek-chat/src/java/org/apache/commons/cli/Util.java:63: error: ';' expected\n    [javac]         if (str.startsWith(\"\\\"\"))    {\n    [javac]                                  ^\n    [javac] /data/cmd/Ming/llm-fl-apr/tmp/Cli_29-prompt_apr_5-deepseek-chat/src/java/org/apache/commons/cli/Util.java:64: error: illegal start of type\n    [javac]         if (str.startsWith(\"\\\"\"))\n    [javac]         ^\n    [javac] /data/cmd/Ming/llm-fl-apr/tmp/Cli_29-prompt_apr_5-deepseek-chat/src/java/org/apache/commons/cli/Util.java:64: error: <identifier> expected\n    [javac]         if (str.startsWith(\"\\\"\"))\n    [javac]           ^\n    [javac] /data/cmd/Ming/llm-fl-apr/tmp/Cli_29-prompt_apr_5-deepseek-chat/src/java/org/apache/commons/cli/Util.java:64: error: ';' expected\n    [javac]         if (str.startsWith(\"\\\"\"))\n    [javac]             ^\n    [javac] /data/cmd/Ming/llm-fl-apr/tmp/Cli_29-prompt_apr_5-deepseek-chat/src/java/org/apache/commons/cli/Util.java:64: error: illegal start of type\n    [javac]         if (str.startsWith(\"\\\"\"))\n    [javac]                ^\n    [javac] /data/cmd/Ming/llm-fl-apr/tmp/Cli_29-prompt_apr_5-deepseek-chat/src/java/org/apache/commons/cli/Util.java:64: error: illegal start of type\n    [javac]         if (str.startsWith(\"\\\"\"))\n    [javac]                            ^\n    [javac] /data/cmd/Ming/llm-fl-apr/tmp/Cli_29-prompt_apr_5-deepseek-chat/src/java/org/apache/commons/cli/Util.java:64: error: ';' expected\n    [javac]         if (str.startsWith(\"\\\"\"))\n    [javac]                                 ^\n    [javac] /data/cmd/Ming/llm-fl-apr/tmp/Cli_29-prompt_apr_5-deepseek-chat/src/java/org/apache/commons/cli/Util.java:66: error: illegal start of expression\n    [javac]         if (str.endsWith(\"\\\"\"))        }\n    [javac]                                        ^\n    [javac] 13 errors\n    [javac] 1 warning\n\nBUILD FAILED\n/data/cmd/Ming/llm-fl-apr/tmp/Cli_29-prompt_apr_5-deepseek-chat/maven-build.xml:75: Compile failed; see the compiler error output for details.\n\nTotal time: 1 second\nCannot compile sources! at /data/cmd/Ming/LLM_Based-Mutation/tools/mutant/defects4j-2.1.0/framework/bin/d4j/d4j-compile line 82.\nCompilation failed in require at /data/cmd/Ming/LLM_Based-Mutation/tools/mutant/defects4j-2.1.0/framework/bin/defects4j line 195.\n"
                }
            }
        },
        "prompt_apr_6": {
            "ernie-3.5-128k": {
                "compile": {
                    "rc": 0,
                    "so": "",
                    "se": "Running ant (compile)...................................................... OK\nRunning ant (compile.tests)................................................ OK\n"
                },
                "test": {
                    "rc": 0,
                    "so": "Failing tests: 94\n  - org.apache.commons.cli.ApplicationTest::testAnt\n  - org.apache.commons.cli.ApplicationTest::testNLT\n  - org.apache.commons.cli.ApplicationTest::testLs\n  - org.apache.commons.cli.ApplicationTest::testGroovy\n  - org.apache.commons.cli.ArgumentIsOptionTest::testOptionWithArgument\n  - org.apache.commons.cli.ArgumentIsOptionTest::testOptionAndOptionWithArgument\n  - org.apache.commons.cli.BasicParserTest::testSimpleLong\n  - org.apache.commons.cli.BasicParserTest::testSimpleShort\n  - org.apache.commons.cli.BasicParserTest::testPropertyOverrideValues\n  - org.apache.commons.cli.BasicParserTest::testNegativeArgument\n  - org.apache.commons.cli.BasicParserTest::testMultipleWithLong\n  - org.apache.commons.cli.BasicParserTest::testSingleDash\n  - org.apache.commons.cli.BasicParserTest::testWithRequiredOption\n  - org.apache.commons.cli.BasicParserTest::testOptionAndRequiredOption\n  - org.apache.commons.cli.BasicParserTest::testMultiple\n  - org.apache.commons.cli.BasicParserTest::testArgumentStartingWithHyphen\n  - org.apache.commons.cli.BasicParserTest::testStopAtExpectedArg\n  - org.apache.commons.cli.BugsTest::test11456\n  - org.apache.commons.cli.BugsTest::test11458\n  - org.apache.commons.cli.BugsTest::test15046\n  - org.apache.commons.cli.CommandLineTest::testGetOptionProperties\n  - org.apache.commons.cli.DefaultParserTest::testSimpleLong\n  - org.apache.commons.cli.DefaultParserTest::testSimpleShort\n  - org.apache.commons.cli.DefaultParserTest::testPropertyOverrideValues\n  - org.apache.commons.cli.DefaultParserTest::testNegativeArgument\n  - org.apache.commons.cli.DefaultParserTest::testMultipleWithLong\n  - org.apache.commons.cli.DefaultParserTest::testSingleDash\n  - org.apache.commons.cli.DefaultParserTest::testWithRequiredOption\n  - org.apache.commons.cli.DefaultParserTest::testNegativeOption\n  - org.apache.commons.cli.DefaultParserTest::testOptionAndRequiredOption\n  - org.apache.commons.cli.DefaultParserTest::testMultiple\n  - org.apache.commons.cli.DefaultParserTest::testArgumentStartingWithHyphen\n  - org.apache.commons.cli.DefaultParserTest::testPropertiesOption1\n  - org.apache.commons.cli.DefaultParserTest::testStopAtExpectedArg\n  - org.apache.commons.cli.GnuParserTest::testSimpleLong\n  - org.apache.commons.cli.GnuParserTest::testSimpleShort\n  - org.apache.commons.cli.GnuParserTest::testShortWithoutEqual\n  - org.apache.commons.cli.GnuParserTest::testPropertyOverrideValues\n  - org.apache.commons.cli.GnuParserTest::testNegativeArgument\n  - org.apache.commons.cli.GnuParserTest::testMultipleWithLong\n  - org.apache.commons.cli.GnuParserTest::testSingleDash\n  - org.apache.commons.cli.GnuParserTest::testShortWithEqual\n  - org.apache.commons.cli.GnuParserTest::testWithRequiredOption\n  - org.apache.commons.cli.GnuParserTest::testOptionAndRequiredOption\n  - org.apache.commons.cli.GnuParserTest::testLongWithEqualDoubleDash\n  - org.apache.commons.cli.GnuParserTest::testLongWithEqualSingleDash\n  - org.apache.commons.cli.GnuParserTest::testMultiple\n  - org.apache.commons.cli.GnuParserTest::testArgumentStartingWithHyphen\n  - org.apache.commons.cli.GnuParserTest::testPropertiesOption1\n  - org.apache.commons.cli.GnuParserTest::testPropertiesOption2\n  - org.apache.commons.cli.GnuParserTest::testStopAtExpectedArg\n  - org.apache.commons.cli.PatternOptionBuilderTest::testSimplePattern\n  - org.apache.commons.cli.PatternOptionBuilderTest::testExistingFilePattern\n  - org.apache.commons.cli.PatternOptionBuilderTest::testURLPattern\n  - org.apache.commons.cli.PatternOptionBuilderTest::testClassPattern\n  - org.apache.commons.cli.PatternOptionBuilderTest::testNumberPattern\n  - org.apache.commons.cli.PatternOptionBuilderTest::testObjectPattern\n  - org.apache.commons.cli.PosixParserTest::testSimpleLong\n  - org.apache.commons.cli.PosixParserTest::testSimpleShort\n  - org.apache.commons.cli.PosixParserTest::testStopBursting2\n  - org.apache.commons.cli.PosixParserTest::testShortWithoutEqual\n  - org.apache.commons.cli.PosixParserTest::testPropertyOverrideValues\n  - org.apache.commons.cli.PosixParserTest::testNegativeArgument\n  - org.apache.commons.cli.PosixParserTest::testMultipleWithLong\n  - org.apache.commons.cli.PosixParserTest::testBursting\n  - org.apache.commons.cli.PosixParserTest::testSingleDash\n  - org.apache.commons.cli.PosixParserTest::testWithRequiredOption\n  - org.apache.commons.cli.PosixParserTest::testOptionAndRequiredOption\n  - org.apache.commons.cli.PosixParserTest::testLongWithEqualDoubleDash\n  - org.apache.commons.cli.PosixParserTest::testUnambiguousPartialLongOption3\n  - org.apache.commons.cli.PosixParserTest::testMultiple\n  - org.apache.commons.cli.PosixParserTest::testArgumentStartingWithHyphen\n  - org.apache.commons.cli.PosixParserTest::testPropertiesOption1\n  - org.apache.commons.cli.PosixParserTest::testPropertiesOption2\n  - org.apache.commons.cli.PosixParserTest::testStopAtExpectedArg\n  - org.apache.commons.cli.UtilTest::testStripLeadingAndTrailingQuotes\n  - org.apache.commons.cli.ValueTest::testShortOptionalArgValues\n  - org.apache.commons.cli.ValueTest::testLongOptionalArgValue\n  - org.apache.commons.cli.ValueTest::testLongWithArg\n  - org.apache.commons.cli.ValueTest::testLongOptionalNArgValues\n  - org.apache.commons.cli.ValueTest::testShortWithArg\n  - org.apache.commons.cli.ValueTest::testLongOptionalArgValues\n  - org.apache.commons.cli.ValueTest::testShortOptionalNArgValues\n  - org.apache.commons.cli.ValueTest::testShortOptionalArgValue\n  - org.apache.commons.cli.ValuesTest::testTwoArgValues\n  - org.apache.commons.cli.ValuesTest::testCharSeparator\n  - org.apache.commons.cli.ValuesTest::testShortArgsWithValue\n  - org.apache.commons.cli.ValuesTest::testComplexValues\n  - org.apache.commons.cli.ValuesTest::testMultipleArgValues\n  - org.apache.commons.cli.bug.BugCLI13Test::testCLI13\n  - org.apache.commons.cli.bug.BugCLI148Test::testWorkaround1\n  - org.apache.commons.cli.bug.BugCLI71Test::testBasic\n  - org.apache.commons.cli.bug.BugCLI71Test::testMistakenArgument\n  - org.apache.commons.cli.bug.BugCLI71Test::testGetsDefaultIfOptional\n",
                    "se": "Running ant (compile.tests)................................................ OK\nRunning ant (run.dev.tests)................................................ OK\n"
                }
            },
            "qwen-turbo": {
                "compile": {
                    "rc": 1,
                    "so": "",
                    "se": "Running ant (compile)...................................................... FAIL\nExecuted command:  cd /data/cmd/Ming/llm-fl-apr/tmp/Cli_29-prompt_apr_6-qwen-turbo && /data/cmd/Ming/LLM_Based-Mutation/tools/mutant/defects4j-2.1.0/major/bin/ant -f /data/cmd/Ming/LLM_Based-Mutation/tools/mutant/defects4j-2.1.0/framework/projects/defects4j.build.xml -Dd4j.home=/data/cmd/Ming/LLM_Based-Mutation/tools/mutant/defects4j-2.1.0 -Dd4j.dir.projects=/data/cmd/Ming/LLM_Based-Mutation/tools/mutant/defects4j-2.1.0/framework/projects -Dbasedir=/data/cmd/Ming/llm-fl-apr/tmp/Cli_29-prompt_apr_6-qwen-turbo -Dbuild.compiler=javac1.7  compile 2>&1\nJava HotSpot(TM) 64-Bit Server VM warning: ignoring option MaxPermSize=1G; support was removed in 8.0\nBuildfile: /data/cmd/Ming/LLM_Based-Mutation/tools/mutant/defects4j-2.1.0/framework/projects/defects4j.build.xml\n    [mkdir] Created dir: /data/cmd/Ming/llm-fl-apr/tmp/Cli_29-prompt_apr_6-qwen-turbo/target\n    [mkdir] Created dir: /data/cmd/Ming/llm-fl-apr/tmp/Cli_29-prompt_apr_6-qwen-turbo/target/lib\n\ntest-offline:\n\nget-deps:\n\ncommons-cli-from-maven.compile:\n    [mkdir] Created dir: /data/cmd/Ming/llm-fl-apr/tmp/Cli_29-prompt_apr_6-qwen-turbo/target/classes\n    [javac] /data/cmd/Ming/llm-fl-apr/tmp/Cli_29-prompt_apr_6-qwen-turbo/maven-build.xml:75: warning: 'includeantruntime' was not set, defaulting to build.sysclasspath=last; set to false for repeatable builds\n    [javac] Compiling 22 source files to /data/cmd/Ming/llm-fl-apr/tmp/Cli_29-prompt_apr_6-qwen-turbo/target/classes\n    [javac] warning: [options] bootstrap class path not set in conjunction with -source 1.4\n    [javac] warning: /home/cmd/jdk1.8.0_391/lib/ct.sym(META-INF/sym/rt.jar/java/lang/Exception.class): major version 52 is newer than 51, the highest major version supported by this compiler.\n    [javac]   It is recommended that the compiler be upgraded.\n    [javac] warning: /home/cmd/jdk1.8.0_391/lib/ct.sym(META-INF/sym/rt.jar/java/lang/Throwable.class): major version 52 is newer than 51, the highest major version supported by this compiler.\n    [javac]   It is recommended that the compiler be upgraded.\n    [javac] warning: /home/cmd/jdk1.8.0_391/lib/ct.sym(META-INF/sym/rt.jar/java/io/Serializable.class): major version 52 is newer than 51, the highest major version supported by this compiler.\n    [javac]   It is recommended that the compiler be upgraded.\n    [javac] warning: /home/cmd/jdk1.8.0_391/lib/ct.sym(META-INF/sym/rt.jar/java/lang/Object.class): major version 52 is newer than 51, the highest major version supported by this compiler.\n    [javac]   It is recommended that the compiler be upgraded.\n    [javac] warning: /home/cmd/jdk1.8.0_391/lib/ct.sym(META-INF/sym/rt.jar/java/util/Collection.class): major version 52 is newer than 51, the highest major version supported by this compiler.\n    [javac]   It is recommended that the compiler be upgraded.\n    [javac] warning: /home/cmd/jdk1.8.0_391/lib/ct.sym(META-INF/sym/rt.jar/java/util/HashMap.class): major version 52 is newer than 51, the highest major version supported by this compiler.\n    [javac]   It is recommended that the compiler be upgraded.\n    [javac] warning: /home/cmd/jdk1.8.0_391/lib/ct.sym(META-INF/sym/rt.jar/java/util/Iterator.class): major version 52 is newer than 51, the highest major version supported by this compiler.\n    [javac]   It is recommended that the compiler be upgraded.\n    [javac] warning: /home/cmd/jdk1.8.0_391/lib/ct.sym(META-INF/sym/rt.jar/java/util/Map.class): major version 52 is newer than 51, the highest major version supported by this compiler.\n    [javac]   It is recommended that the compiler be upgraded.\n    [javac] warning: /home/cmd/jdk1.8.0_391/lib/ct.sym(META-INF/sym/rt.jar/java/util/ArrayList.class): major version 52 is newer than 51, the highest major version supported by this compiler.\n    [javac]   It is recommended that the compiler be upgraded.\n    [javac] warning: /home/cmd/jdk1.8.0_391/lib/ct.sym(META-INF/sym/rt.jar/java/util/List.class): major version 52 is newer than 51, the highest major version supported by this compiler.\n    [javac]   It is recommended that the compiler be upgraded.\n    [javac] warning: /home/cmd/jdk1.8.0_391/lib/ct.sym(META-INF/sym/rt.jar/java/lang/Cloneable.class): major version 52 is newer than 51, the highest major version supported by this compiler.\n    [javac]   It is recommended that the compiler be upgraded.\n    [javac] warning: /home/cmd/jdk1.8.0_391/lib/ct.sym(META-INF/sym/rt.jar/java/lang/String.class): major version 52 is newer than 51, the highest major version supported by this compiler.\n    [javac]   It is recommended that the compiler be upgraded.\n    [javac] warning: /home/cmd/jdk1.8.0_391/lib/ct.sym(META-INF/sym/rt.jar/java/lang/IllegalArgumentException.class): major version 52 is newer than 51, the highest major version supported by this compiler.\n    [javac]   It is recommended that the compiler be upgraded.\n    [javac] warning: /home/cmd/jdk1.8.0_391/lib/ct.sym(META-INF/sym/rt.jar/java/lang/IndexOutOfBoundsException.class): major version 52 is newer than 51, the highest major version supported by this compiler.\n    [javac]   It is recommended that the compiler be upgraded.\n    [javac] warning: /home/cmd/jdk1.8.0_391/lib/ct.sym(META-INF/sym/rt.jar/java/util/Arrays.class): major version 52 is newer than 51, the highest major version supported by this compiler.\n    [javac]   It is recommended that the compiler be upgraded.\n    [javac] warning: /home/cmd/jdk1.8.0_391/lib/ct.sym(META-INF/sym/rt.jar/java/util/Enumeration.class): major version 52 is newer than 51, the highest major version supported by this compiler.\n    [javac]   It is recommended that the compiler be upgraded.\n    [javac] warning: /home/cmd/jdk1.8.0_391/lib/ct.sym(META-INF/sym/rt.jar/java/util/ListIterator.class): major version 52 is newer than 51, the highest major version supported by this compiler.\n    [javac]   It is recommended that the compiler be upgraded.\n    [javac] warning: /home/cmd/jdk1.8.0_391/lib/ct.sym(META-INF/sym/rt.jar/java/util/Properties.class): major version 52 is newer than 51, the highest major version supported by this compiler.\n    [javac]   It is recommended that the compiler be upgraded.\n    [javac] warning: /home/cmd/jdk1.8.0_391/lib/ct.sym(META-INF/sym/rt.jar/java/util/Collections.class): major version 52 is newer than 51, the highest major version supported by this compiler.\n    [javac]   It is recommended that the compiler be upgraded.\n    [javac] warning: /home/cmd/jdk1.8.0_391/lib/ct.sym(META-INF/sym/rt.jar/java/util/HashSet.class): major version 52 is newer than 51, the highest major version supported by this compiler.\n    [javac]   It is recommended that the compiler be upgraded.\n    [javac] warning: /home/cmd/jdk1.8.0_391/lib/ct.sym(META-INF/sym/rt.jar/java/util/LinkedList.class): major version 52 is newer than 51, the highest major version supported by this compiler.\n    [javac]   It is recommended that the compiler be upgraded.\n    [javac] warning: /home/cmd/jdk1.8.0_391/lib/ct.sym(META-INF/sym/rt.jar/java/io/PrintWriter.class): major version 52 is newer than 51, the highest major version supported by this compiler.\n    [javac]   It is recommended that the compiler be upgraded.\n    [javac] warning: /home/cmd/jdk1.8.0_391/lib/ct.sym(META-INF/sym/rt.jar/java/util/Comparator.class): major version 52 is newer than 51, the highest major version supported by this compiler.\n    [javac]   It is recommended that the compiler be upgraded.\n    [javac] warning: /home/cmd/jdk1.8.0_391/lib/ct.sym(META-INF/sym/rt.jar/java/lang/StringBuffer.class): major version 52 is newer than 51, the highest major version supported by this compiler.\n    [javac]   It is recommended that the compiler be upgraded.\n    [javac] warning: /home/cmd/jdk1.8.0_391/lib/ct.sym(META-INF/sym/rt.jar/java/io/File.class): major version 52 is newer than 51, the highest major version supported by this compiler.\n    [javac]   It is recommended that the compiler be upgraded.\n    [javac] warning: /home/cmd/jdk1.8.0_391/lib/ct.sym(META-INF/sym/rt.jar/java/io/FileInputStream.class): major version 52 is newer than 51, the highest major version supported by this compiler.\n    [javac]   It is recommended that the compiler be upgraded.\n    [javac] warning: /home/cmd/jdk1.8.0_391/lib/ct.sym(META-INF/sym/rt.jar/java/net/URL.class): major version 52 is newer than 51, the highest major version supported by this compiler.\n    [javac]   It is recommended that the compiler be upgraded.\n    [javac] warning: /home/cmd/jdk1.8.0_391/lib/ct.sym(META-INF/sym/rt.jar/java/util/Date.class): major version 52 is newer than 51, the highest major version supported by this compiler.\n    [javac]   It is recommended that the compiler be upgraded.\n    [javac] warning: /home/cmd/jdk1.8.0_391/lib/ct.sym(META-INF/sym/rt.jar/java/lang/Class.class): major version 52 is newer than 51, the highest major version supported by this compiler.\n    [javac]   It is recommended that the compiler be upgraded.\n    [javac] warning: /home/cmd/jdk1.8.0_391/lib/ct.sym(META-INF/sym/rt.jar/java/net/MalformedURLException.class): major version 52 is newer than 51, the highest major version supported by this compiler.\n    [javac]   It is recommended that the compiler be upgraded.\n    [javac] warning: /home/cmd/jdk1.8.0_391/lib/ct.sym(META-INF/sym/rt.jar/java/lang/Number.class): major version 52 is newer than 51, the highest major version supported by this compiler.\n    [javac]   It is recommended that the compiler be upgraded.\n    [javac] /home/cmd/jdk1.8.0_391/lib/ct.sym(META-INF/sym/rt.jar/java/lang/Exception.class): warning: Cannot find annotation method 'value()' in type 'Profile+Annotation': class file for jdk.Profile+Annotation not found\n    [javac] /home/cmd/jdk1.8.0_391/lib/ct.sym(META-INF/sym/rt.jar/java/lang/Throwable.class): warning: Cannot find annotation method 'value()' in type 'Profile+Annotation'\n    [javac] /home/cmd/jdk1.8.0_391/lib/ct.sym(META-INF/sym/rt.jar/java/io/Serializable.class): warning: Cannot find annotation method 'value()' in type 'Profile+Annotation'\n    [javac] /home/cmd/jdk1.8.0_391/lib/ct.sym(META-INF/sym/rt.jar/java/lang/Object.class): warning: Cannot find annotation method 'value()' in type 'Profile+Annotation'\n    [javac] /home/cmd/jdk1.8.0_391/lib/ct.sym(META-INF/sym/rt.jar/java/util/Collection.class): warning: Cannot find annotation method 'value()' in type 'Profile+Annotation'\n    [javac] /home/cmd/jdk1.8.0_391/lib/ct.sym(META-INF/sym/rt.jar/java/util/HashMap.class): warning: Cannot find annotation method 'value()' in type 'Profile+Annotation'\n    [javac] /home/cmd/jdk1.8.0_391/lib/ct.sym(META-INF/sym/rt.jar/java/util/Iterator.class): warning: Cannot find annotation method 'value()' in type 'Profile+Annotation'\n    [javac] /home/cmd/jdk1.8.0_391/lib/ct.sym(META-INF/sym/rt.jar/java/util/Map.class): warning: Cannot find annotation method 'value()' in type 'Profile+Annotation'\n    [javac] /home/cmd/jdk1.8.0_391/lib/ct.sym(META-INF/sym/rt.jar/java/util/ArrayList.class): warning: Cannot find annotation method 'value()' in type 'Profile+Annotation'\n    [javac] /home/cmd/jdk1.8.0_391/lib/ct.sym(META-INF/sym/rt.jar/java/util/List.class): warning: Cannot find annotation method 'value()' in type 'Profile+Annotation'\n    [javac] /home/cmd/jdk1.8.0_391/lib/ct.sym(META-INF/sym/rt.jar/java/lang/Cloneable.class): warning: Cannot find annotation method 'value()' in type 'Profile+Annotation'\n    [javac] /home/cmd/jdk1.8.0_391/lib/ct.sym(META-INF/sym/rt.jar/java/lang/String.class): warning: Cannot find annotation method 'value()' in type 'Profile+Annotation'\n    [javac] /home/cmd/jdk1.8.0_391/lib/ct.sym(META-INF/sym/rt.jar/java/lang/IllegalArgumentException.class): warning: Cannot find annotation method 'value()' in type 'Profile+Annotation'\n    [javac] /home/cmd/jdk1.8.0_391/lib/ct.sym(META-INF/sym/rt.jar/java/lang/IndexOutOfBoundsException.class): warning: Cannot find annotation method 'value()' in type 'Profile+Annotation'\n    [javac] /home/cmd/jdk1.8.0_391/lib/ct.sym(META-INF/sym/rt.jar/java/util/Arrays.class): warning: Cannot find annotation method 'value()' in type 'Profile+Annotation'\n    [javac] /home/cmd/jdk1.8.0_391/lib/ct.sym(META-INF/sym/rt.jar/java/util/Enumeration.class): warning: Cannot find annotation method 'value()' in type 'Profile+Annotation'\n    [javac] /home/cmd/jdk1.8.0_391/lib/ct.sym(META-INF/sym/rt.jar/java/util/ListIterator.class): warning: Cannot find annotation method 'value()' in type 'Profile+Annotation'\n    [javac] /home/cmd/jdk1.8.0_391/lib/ct.sym(META-INF/sym/rt.jar/java/util/Properties.class): warning: Cannot find annotation method 'value()' in type 'Profile+Annotation'\n    [javac] /home/cmd/jdk1.8.0_391/lib/ct.sym(META-INF/sym/rt.jar/java/util/Collections.class): warning: Cannot find annotation method 'value()' in type 'Profile+Annotation'\n    [javac] /home/cmd/jdk1.8.0_391/lib/ct.sym(META-INF/sym/rt.jar/java/util/HashSet.class): warning: Cannot find annotation method 'value()' in type 'Profile+Annotation'\n    [javac] /home/cmd/jdk1.8.0_391/lib/ct.sym(META-INF/sym/rt.jar/java/util/LinkedList.class): warning: Cannot find annotation method 'value()' in type 'Profile+Annotation'\n    [javac] /home/cmd/jdk1.8.0_391/lib/ct.sym(META-INF/sym/rt.jar/java/io/PrintWriter.class): warning: Cannot find annotation method 'value()' in type 'Profile+Annotation'\n    [javac] /home/cmd/jdk1.8.0_391/lib/ct.sym(META-INF/sym/rt.jar/java/util/Comparator.class): warning: Cannot find annotation method 'value()' in type 'Profile+Annotation'\n    [javac] /home/cmd/jdk1.8.0_391/lib/ct.sym(META-INF/sym/rt.jar/java/lang/StringBuffer.class): warning: Cannot find annotation method 'value()' in type 'Profile+Annotation'\n    [javac] /home/cmd/jdk1.8.0_391/lib/ct.sym(META-INF/sym/rt.jar/java/io/File.class): warning: Cannot find annotation method 'value()' in type 'Profile+Annotation'\n    [javac] /home/cmd/jdk1.8.0_391/lib/ct.sym(META-INF/sym/rt.jar/java/io/FileInputStream.class): warning: Cannot find annotation method 'value()' in type 'Profile+Annotation'\n    [javac] /home/cmd/jdk1.8.0_391/lib/ct.sym(META-INF/sym/rt.jar/java/net/URL.class): warning: Cannot find annotation method 'value()' in type 'Profile+Annotation'\n    [javac] /home/cmd/jdk1.8.0_391/lib/ct.sym(META-INF/sym/rt.jar/java/util/Date.class): warning: Cannot find annotation method 'value()' in type 'Profile+Annotation'\n    [javac] /home/cmd/jdk1.8.0_391/lib/ct.sym(META-INF/sym/rt.jar/java/lang/Class.class): warning: Cannot find annotation method 'value()' in type 'Profile+Annotation'\n    [javac] /home/cmd/jdk1.8.0_391/lib/ct.sym(META-INF/sym/rt.jar/java/net/MalformedURLException.class): warning: Cannot find annotation method 'value()' in type 'Profile+Annotation'\n    [javac] /home/cmd/jdk1.8.0_391/lib/ct.sym(META-INF/sym/rt.jar/java/lang/Number.class): warning: Cannot find annotation method 'value()' in type 'Profile+Annotation'\n    [javac] warning: /home/cmd/jdk1.8.0_391/lib/ct.sym(META-INF/sym/rt.jar/java/lang/AutoCloseable.class): major version 52 is newer than 51, the highest major version supported by this compiler.\n    [javac]   It is recommended that the compiler be upgraded.\n    [javac] /home/cmd/jdk1.8.0_391/lib/ct.sym(META-INF/sym/rt.jar/java/lang/AutoCloseable.class): warning: Cannot find annotation method 'value()' in type 'Profile+Annotation'\n    [javac] warning: /home/cmd/jdk1.8.0_391/lib/ct.sym(META-INF/sym/rt.jar/java/lang/CharSequence.class): major version 52 is newer than 51, the highest major version supported by this compiler.\n    [javac]   It is recommended that the compiler be upgraded.\n    [javac] /home/cmd/jdk1.8.0_391/lib/ct.sym(META-INF/sym/rt.jar/java/lang/CharSequence.class): warning: Cannot find annotation method 'value()' in type 'Profile+Annotation'\n    [javac] warning: /home/cmd/jdk1.8.0_391/lib/ct.sym(META-INF/sym/rt.jar/java/lang/Comparable.class): major version 52 is newer than 51, the highest major version supported by this compiler.\n    [javac]   It is recommended that the compiler be upgraded.\n    [javac] /home/cmd/jdk1.8.0_391/lib/ct.sym(META-INF/sym/rt.jar/java/lang/Comparable.class): warning: Cannot find annotation method 'value()' in type 'Profile+Annotation'\n    [javac] warning: /home/cmd/jdk1.8.0_391/lib/ct.sym(META-INF/sym/rt.jar/java/lang/AbstractStringBuilder.class): major version 52 is newer than 51, the highest major version supported by this compiler.\n    [javac]   It is recommended that the compiler be upgraded.\n    [javac] /home/cmd/jdk1.8.0_391/lib/ct.sym(META-INF/sym/rt.jar/java/lang/AbstractStringBuilder.class): warning: Cannot find annotation method 'value()' in type 'Profile+Annotation'\n    [javac] warning: /home/cmd/jdk1.8.0_391/lib/ct.sym(META-INF/sym/rt.jar/java/util/AbstractMap.class): major version 52 is newer than 51, the highest major version supported by this compiler.\n    [javac]   It is recommended that the compiler be upgraded.\n    [javac] /home/cmd/jdk1.8.0_391/lib/ct.sym(META-INF/sym/rt.jar/java/util/AbstractMap.class): warning: Cannot find annotation method 'value()' in type 'Profile+Annotation'\n    [javac] warning: /home/cmd/jdk1.8.0_391/lib/ct.sym(META-INF/sym/rt.jar/java/util/Set.class): major version 52 is newer than 51, the highest major version supported by this compiler.\n    [javac]   It is recommended that the compiler be upgraded.\n    [javac] /home/cmd/jdk1.8.0_391/lib/ct.sym(META-INF/sym/rt.jar/java/util/Set.class): warning: Cannot find annotation method 'value()' in type 'Profile+Annotation'\n    [javac] warning: /home/cmd/jdk1.8.0_391/lib/ct.sym(META-INF/sym/rt.jar/java/lang/Iterable.class): major version 52 is newer than 51, the highest major version supported by this compiler.\n    [javac]   It is recommended that the compiler be upgraded.\n    [javac] /home/cmd/jdk1.8.0_391/lib/ct.sym(META-INF/sym/rt.jar/java/lang/Iterable.class): warning: Cannot find annotation method 'value()' in type 'Profile+Annotation'\n    [javac] warning: /home/cmd/jdk1.8.0_391/lib/ct.sym(META-INF/sym/rt.jar/java/lang/Error.class): major version 52 is newer than 51, the highest major version supported by this compiler.\n    [javac]   It is recommended that the compiler be upgraded.\n    [javac] /home/cmd/jdk1.8.0_391/lib/ct.sym(META-INF/sym/rt.jar/java/lang/Error.class): warning: Cannot find annotation method 'value()' in type 'Profile+Annotation'\n    [javac] warning: /home/cmd/jdk1.8.0_391/lib/ct.sym(META-INF/sym/rt.jar/java/lang/RuntimeException.class): major version 52 is newer than 51, the highest major version supported by this compiler.\n    [javac]   It is recommended that the compiler be upgraded.\n    [javac] /home/cmd/jdk1.8.0_391/lib/ct.sym(META-INF/sym/rt.jar/java/lang/RuntimeException.class): warning: Cannot find annotation method 'value()' in type 'Profile+Annotation'\n    [javac] warning: /home/cmd/jdk1.8.0_391/lib/ct.sym(META-INF/sym/rt.jar/java/util/AbstractList.class): major version 52 is newer than 51, the highest major version supported by this compiler.\n    [javac]   It is recommended that the compiler be upgraded.\n    [javac] /home/cmd/jdk1.8.0_391/lib/ct.sym(META-INF/sym/rt.jar/java/util/AbstractList.class): warning: Cannot find annotation method 'value()' in type 'Profile+Annotation'\n    [javac] warning: /home/cmd/jdk1.8.0_391/lib/ct.sym(META-INF/sym/rt.jar/java/util/AbstractCollection.class): major version 52 is newer than 51, the highest major version supported by this compiler.\n    [javac]   It is recommended that the compiler be upgraded.\n    [javac] /home/cmd/jdk1.8.0_391/lib/ct.sym(META-INF/sym/rt.jar/java/util/AbstractCollection.class): warning: Cannot find annotation method 'value()' in type 'Profile+Annotation'\n    [javac] warning: /home/cmd/jdk1.8.0_391/lib/ct.sym(META-INF/sym/rt.jar/java/lang/CloneNotSupportedException.class): major version 52 is newer than 51, the highest major version supported by this compiler.\n    [javac]   It is recommended that the compiler be upgraded.\n    [javac] /home/cmd/jdk1.8.0_391/lib/ct.sym(META-INF/sym/rt.jar/java/lang/CloneNotSupportedException.class): warning: Cannot find annotation method 'value()' in type 'Profile+Annotation'\n    [javac] warning: /home/cmd/jdk1.8.0_391/lib/ct.sym(META-INF/sym/rt.jar/java/lang/UnsupportedOperationException.class): major version 52 is newer than 51, the highest major version supported by this compiler.\n    [javac]   It is recommended that the compiler be upgraded.\n    [javac] /home/cmd/jdk1.8.0_391/lib/ct.sym(META-INF/sym/rt.jar/java/lang/UnsupportedOperationException.class): warning: Cannot find annotation method 'value()' in type 'Profile+Annotation'\n    [javac] warning: /home/cmd/jdk1.8.0_391/lib/ct.sym(META-INF/sym/rt.jar/java/util/Hashtable.class): major version 52 is newer than 51, the highest major version supported by this compiler.\n    [javac]   It is recommended that the compiler be upgraded.\n    [javac] /home/cmd/jdk1.8.0_391/lib/ct.sym(META-INF/sym/rt.jar/java/util/Hashtable.class): warning: Cannot find annotation method 'value()' in type 'Profile+Annotation'\n    [javac] warning: /home/cmd/jdk1.8.0_391/lib/ct.sym(META-INF/sym/rt.jar/java/util/Dictionary.class): major version 52 is newer than 51, the highest major version supported by this compiler.\n    [javac]   It is recommended that the compiler be upgraded.\n    [javac] /home/cmd/jdk1.8.0_391/lib/ct.sym(META-INF/sym/rt.jar/java/util/Dictionary.class): warning: Cannot find annotation method 'value()' in type 'Profile+Annotation'\n    [javac] warning: /home/cmd/jdk1.8.0_391/lib/ct.sym(META-INF/sym/rt.jar/java/util/AbstractSet.class): major version 52 is newer than 51, the highest major version supported by this compiler.\n    [javac]   It is recommended that the compiler be upgraded.\n    [javac] /home/cmd/jdk1.8.0_391/lib/ct.sym(META-INF/sym/rt.jar/java/util/AbstractSet.class): warning: Cannot find annotation method 'value()' in type 'Profile+Annotation'\n    [javac] warning: /home/cmd/jdk1.8.0_391/lib/ct.sym(META-INF/sym/rt.jar/java/util/AbstractSequentialList.class): major version 52 is newer than 51, the highest major version supported by this compiler.\n    [javac]   It is recommended that the compiler be upgraded.\n    [javac] /home/cmd/jdk1.8.0_391/lib/ct.sym(META-INF/sym/rt.jar/java/util/AbstractSequentialList.class): warning: Cannot find annotation method 'value()' in type 'Profile+Annotation'\n    [javac] warning: /home/cmd/jdk1.8.0_391/lib/ct.sym(META-INF/sym/rt.jar/java/lang/System.class): major version 52 is newer than 51, the highest major version supported by this compiler.\n    [javac]   It is recommended that the compiler be upgraded.\n    [javac] /home/cmd/jdk1.8.0_391/lib/ct.sym(META-INF/sym/rt.jar/java/lang/System.class): warning: Cannot find annotation method 'value()' in type 'Profile+Annotation'\n    [javac] warning: /home/cmd/jdk1.8.0_391/lib/ct.sym(META-INF/sym/rt.jar/java/io/PrintStream.class): major version 52 is newer than 51, the highest major version supported by this compiler.\n    [javac]   It is recommended that the compiler be upgraded.\n    [javac] /data/cmd/Ming/llm-fl-apr/tmp/Cli_29-prompt_apr_6-qwen-turbo/src/java/org/apache/commons/cli/Util.java:69: error: cannot find symbol\n    [javac] str = str.substring(0, length - 1);        if (str.endsWith(\"\\\"\"))\n    [javac]                        ^\n    [javac]   symbol:   variable length\n    [javac]   location: class Util\n    [javac] /data/cmd/Ming/llm-fl-apr/tmp/Cli_29-prompt_apr_6-qwen-turbo/src/java/org/apache/commons/cli/Util.java:71: error: cannot find symbol\n    [javac]             str = str.substring(0, length - 1);\n    [javac]                                    ^\n    [javac]   symbol:   variable length\n    [javac]   location: class Util\n    [javac] 2 errors\n    [javac] 100 warnings\n\nBUILD FAILED\n/data/cmd/Ming/llm-fl-apr/tmp/Cli_29-prompt_apr_6-qwen-turbo/maven-build.xml:75: Compile failed; see the compiler error output for details.\n\nTotal time: 4 seconds\nCannot compile sources! at /data/cmd/Ming/LLM_Based-Mutation/tools/mutant/defects4j-2.1.0/framework/bin/d4j/d4j-compile line 82.\nCompilation failed in require at /data/cmd/Ming/LLM_Based-Mutation/tools/mutant/defects4j-2.1.0/framework/bin/defects4j line 195.\n"
                }
            },
            "doubao-pro-4k": {
                "compile": {
                    "rc": 1,
                    "so": "",
                    "se": "Running ant (compile)...................................................... FAIL\nExecuted command:  cd /data/cmd/Ming/llm-fl-apr/tmp/Cli_29-prompt_apr_6-doubao-pro-4k && /data/cmd/Ming/LLM_Based-Mutation/tools/mutant/defects4j-2.1.0/major/bin/ant -f /data/cmd/Ming/LLM_Based-Mutation/tools/mutant/defects4j-2.1.0/framework/projects/defects4j.build.xml -Dd4j.home=/data/cmd/Ming/LLM_Based-Mutation/tools/mutant/defects4j-2.1.0 -Dd4j.dir.projects=/data/cmd/Ming/LLM_Based-Mutation/tools/mutant/defects4j-2.1.0/framework/projects -Dbasedir=/data/cmd/Ming/llm-fl-apr/tmp/Cli_29-prompt_apr_6-doubao-pro-4k -Dbuild.compiler=javac1.7  compile 2>&1\nJava HotSpot(TM) 64-Bit Server VM warning: ignoring option MaxPermSize=1G; support was removed in 8.0\nBuildfile: /data/cmd/Ming/LLM_Based-Mutation/tools/mutant/defects4j-2.1.0/framework/projects/defects4j.build.xml\n    [mkdir] Created dir: /data/cmd/Ming/llm-fl-apr/tmp/Cli_29-prompt_apr_6-doubao-pro-4k/target\n    [mkdir] Created dir: /data/cmd/Ming/llm-fl-apr/tmp/Cli_29-prompt_apr_6-doubao-pro-4k/target/lib\n\ntest-offline:\n\nget-deps:\n\ncommons-cli-from-maven.compile:\n    [mkdir] Created dir: /data/cmd/Ming/llm-fl-apr/tmp/Cli_29-prompt_apr_6-doubao-pro-4k/target/classes\n    [javac] /data/cmd/Ming/llm-fl-apr/tmp/Cli_29-prompt_apr_6-doubao-pro-4k/maven-build.xml:75: warning: 'includeantruntime' was not set, defaulting to build.sysclasspath=last; set to false for repeatable builds\n    [javac] Compiling 22 source files to /data/cmd/Ming/llm-fl-apr/tmp/Cli_29-prompt_apr_6-doubao-pro-4k/target/classes\n    [javac] warning: [options] bootstrap class path not set in conjunction with -source 1.4\n    [javac] /data/cmd/Ming/llm-fl-apr/tmp/Cli_29-prompt_apr_6-doubao-pro-4k/src/java/org/apache/commons/cli/Util.java:74: error: illegal start of type\n    [javac]         return str;\n    [javac]         ^\n    [javac] /data/cmd/Ming/llm-fl-apr/tmp/Cli_29-prompt_apr_6-doubao-pro-4k/src/java/org/apache/commons/cli/Util.java:74: error: ';' expected\n    [javac]         return str;\n    [javac]               ^\n    [javac] /data/cmd/Ming/llm-fl-apr/tmp/Cli_29-prompt_apr_6-doubao-pro-4k/src/java/org/apache/commons/cli/Util.java:76: error: class or interface expected\n    [javac] }\n    [javac] ^\n    [javac] 3 errors\n    [javac] 1 warning\n\nBUILD FAILED\n/data/cmd/Ming/llm-fl-apr/tmp/Cli_29-prompt_apr_6-doubao-pro-4k/maven-build.xml:75: Compile failed; see the compiler error output for details.\n\nTotal time: 2 seconds\nCannot compile sources! at /data/cmd/Ming/LLM_Based-Mutation/tools/mutant/defects4j-2.1.0/framework/bin/d4j/d4j-compile line 82.\nCompilation failed in require at /data/cmd/Ming/LLM_Based-Mutation/tools/mutant/defects4j-2.1.0/framework/bin/defects4j line 195.\n"
                }
            },
            "gpt-4o-mini": {},
            "deepseek-chat": {
                "compile": {
                    "rc": 1,
                    "so": "",
                    "se": "Running ant (compile)...................................................... FAIL\nExecuted command:  cd /data/cmd/Ming/llm-fl-apr/tmp/Cli_29-prompt_apr_6-deepseek-chat && /data/cmd/Ming/LLM_Based-Mutation/tools/mutant/defects4j-2.1.0/major/bin/ant -f /data/cmd/Ming/LLM_Based-Mutation/tools/mutant/defects4j-2.1.0/framework/projects/defects4j.build.xml -Dd4j.home=/data/cmd/Ming/LLM_Based-Mutation/tools/mutant/defects4j-2.1.0 -Dd4j.dir.projects=/data/cmd/Ming/LLM_Based-Mutation/tools/mutant/defects4j-2.1.0/framework/projects -Dbasedir=/data/cmd/Ming/llm-fl-apr/tmp/Cli_29-prompt_apr_6-deepseek-chat -Dbuild.compiler=javac1.7  compile 2>&1\nJava HotSpot(TM) 64-Bit Server VM warning: ignoring option MaxPermSize=1G; support was removed in 8.0\nBuildfile: /data/cmd/Ming/LLM_Based-Mutation/tools/mutant/defects4j-2.1.0/framework/projects/defects4j.build.xml\n    [mkdir] Created dir: /data/cmd/Ming/llm-fl-apr/tmp/Cli_29-prompt_apr_6-deepseek-chat/target\n    [mkdir] Created dir: /data/cmd/Ming/llm-fl-apr/tmp/Cli_29-prompt_apr_6-deepseek-chat/target/lib\n\ntest-offline:\n\nget-deps:\n\ncommons-cli-from-maven.compile:\n    [mkdir] Created dir: /data/cmd/Ming/llm-fl-apr/tmp/Cli_29-prompt_apr_6-deepseek-chat/target/classes\n    [javac] /data/cmd/Ming/llm-fl-apr/tmp/Cli_29-prompt_apr_6-deepseek-chat/maven-build.xml:75: warning: 'includeantruntime' was not set, defaulting to build.sysclasspath=last; set to false for repeatable builds\n    [javac] Compiling 22 source files to /data/cmd/Ming/llm-fl-apr/tmp/Cli_29-prompt_apr_6-deepseek-chat/target/classes\n    [javac] warning: [options] bootstrap class path not set in conjunction with -source 1.4\n    [javac] warning: /home/cmd/jdk1.8.0_391/lib/ct.sym(META-INF/sym/rt.jar/java/lang/Exception.class): major version 52 is newer than 51, the highest major version supported by this compiler.\n    [javac]   It is recommended that the compiler be upgraded.\n    [javac] warning: /home/cmd/jdk1.8.0_391/lib/ct.sym(META-INF/sym/rt.jar/java/lang/Throwable.class): major version 52 is newer than 51, the highest major version supported by this compiler.\n    [javac]   It is recommended that the compiler be upgraded.\n    [javac] warning: /home/cmd/jdk1.8.0_391/lib/ct.sym(META-INF/sym/rt.jar/java/io/Serializable.class): major version 52 is newer than 51, the highest major version supported by this compiler.\n    [javac]   It is recommended that the compiler be upgraded.\n    [javac] warning: /home/cmd/jdk1.8.0_391/lib/ct.sym(META-INF/sym/rt.jar/java/lang/Object.class): major version 52 is newer than 51, the highest major version supported by this compiler.\n    [javac]   It is recommended that the compiler be upgraded.\n    [javac] warning: /home/cmd/jdk1.8.0_391/lib/ct.sym(META-INF/sym/rt.jar/java/util/Collection.class): major version 52 is newer than 51, the highest major version supported by this compiler.\n    [javac]   It is recommended that the compiler be upgraded.\n    [javac] warning: /home/cmd/jdk1.8.0_391/lib/ct.sym(META-INF/sym/rt.jar/java/util/HashMap.class): major version 52 is newer than 51, the highest major version supported by this compiler.\n    [javac]   It is recommended that the compiler be upgraded.\n    [javac] warning: /home/cmd/jdk1.8.0_391/lib/ct.sym(META-INF/sym/rt.jar/java/util/Iterator.class): major version 52 is newer than 51, the highest major version supported by this compiler.\n    [javac]   It is recommended that the compiler be upgraded.\n    [javac] warning: /home/cmd/jdk1.8.0_391/lib/ct.sym(META-INF/sym/rt.jar/java/util/Map.class): major version 52 is newer than 51, the highest major version supported by this compiler.\n    [javac]   It is recommended that the compiler be upgraded.\n    [javac] warning: /home/cmd/jdk1.8.0_391/lib/ct.sym(META-INF/sym/rt.jar/java/util/ArrayList.class): major version 52 is newer than 51, the highest major version supported by this compiler.\n    [javac]   It is recommended that the compiler be upgraded.\n    [javac] warning: /home/cmd/jdk1.8.0_391/lib/ct.sym(META-INF/sym/rt.jar/java/util/List.class): major version 52 is newer than 51, the highest major version supported by this compiler.\n    [javac]   It is recommended that the compiler be upgraded.\n    [javac] warning: /home/cmd/jdk1.8.0_391/lib/ct.sym(META-INF/sym/rt.jar/java/lang/Cloneable.class): major version 52 is newer than 51, the highest major version supported by this compiler.\n    [javac]   It is recommended that the compiler be upgraded.\n    [javac] warning: /home/cmd/jdk1.8.0_391/lib/ct.sym(META-INF/sym/rt.jar/java/lang/String.class): major version 52 is newer than 51, the highest major version supported by this compiler.\n    [javac]   It is recommended that the compiler be upgraded.\n    [javac] warning: /home/cmd/jdk1.8.0_391/lib/ct.sym(META-INF/sym/rt.jar/java/lang/IllegalArgumentException.class): major version 52 is newer than 51, the highest major version supported by this compiler.\n    [javac]   It is recommended that the compiler be upgraded.\n    [javac] warning: /home/cmd/jdk1.8.0_391/lib/ct.sym(META-INF/sym/rt.jar/java/lang/IndexOutOfBoundsException.class): major version 52 is newer than 51, the highest major version supported by this compiler.\n    [javac]   It is recommended that the compiler be upgraded.\n    [javac] warning: /home/cmd/jdk1.8.0_391/lib/ct.sym(META-INF/sym/rt.jar/java/util/Arrays.class): major version 52 is newer than 51, the highest major version supported by this compiler.\n    [javac]   It is recommended that the compiler be upgraded.\n    [javac] warning: /home/cmd/jdk1.8.0_391/lib/ct.sym(META-INF/sym/rt.jar/java/util/Enumeration.class): major version 52 is newer than 51, the highest major version supported by this compiler.\n    [javac]   It is recommended that the compiler be upgraded.\n    [javac] warning: /home/cmd/jdk1.8.0_391/lib/ct.sym(META-INF/sym/rt.jar/java/util/ListIterator.class): major version 52 is newer than 51, the highest major version supported by this compiler.\n    [javac]   It is recommended that the compiler be upgraded.\n    [javac] warning: /home/cmd/jdk1.8.0_391/lib/ct.sym(META-INF/sym/rt.jar/java/util/Properties.class): major version 52 is newer than 51, the highest major version supported by this compiler.\n    [javac]   It is recommended that the compiler be upgraded.\n    [javac] warning: /home/cmd/jdk1.8.0_391/lib/ct.sym(META-INF/sym/rt.jar/java/util/Collections.class): major version 52 is newer than 51, the highest major version supported by this compiler.\n    [javac]   It is recommended that the compiler be upgraded.\n    [javac] warning: /home/cmd/jdk1.8.0_391/lib/ct.sym(META-INF/sym/rt.jar/java/util/HashSet.class): major version 52 is newer than 51, the highest major version supported by this compiler.\n    [javac]   It is recommended that the compiler be upgraded.\n    [javac] warning: /home/cmd/jdk1.8.0_391/lib/ct.sym(META-INF/sym/rt.jar/java/util/LinkedList.class): major version 52 is newer than 51, the highest major version supported by this compiler.\n    [javac]   It is recommended that the compiler be upgraded.\n    [javac] warning: /home/cmd/jdk1.8.0_391/lib/ct.sym(META-INF/sym/rt.jar/java/io/PrintWriter.class): major version 52 is newer than 51, the highest major version supported by this compiler.\n    [javac]   It is recommended that the compiler be upgraded.\n    [javac] warning: /home/cmd/jdk1.8.0_391/lib/ct.sym(META-INF/sym/rt.jar/java/util/Comparator.class): major version 52 is newer than 51, the highest major version supported by this compiler.\n    [javac]   It is recommended that the compiler be upgraded.\n    [javac] warning: /home/cmd/jdk1.8.0_391/lib/ct.sym(META-INF/sym/rt.jar/java/lang/StringBuffer.class): major version 52 is newer than 51, the highest major version supported by this compiler.\n    [javac]   It is recommended that the compiler be upgraded.\n    [javac] warning: /home/cmd/jdk1.8.0_391/lib/ct.sym(META-INF/sym/rt.jar/java/io/File.class): major version 52 is newer than 51, the highest major version supported by this compiler.\n    [javac]   It is recommended that the compiler be upgraded.\n    [javac] warning: /home/cmd/jdk1.8.0_391/lib/ct.sym(META-INF/sym/rt.jar/java/io/FileInputStream.class): major version 52 is newer than 51, the highest major version supported by this compiler.\n    [javac]   It is recommended that the compiler be upgraded.\n    [javac] warning: /home/cmd/jdk1.8.0_391/lib/ct.sym(META-INF/sym/rt.jar/java/net/URL.class): major version 52 is newer than 51, the highest major version supported by this compiler.\n    [javac]   It is recommended that the compiler be upgraded.\n    [javac] warning: /home/cmd/jdk1.8.0_391/lib/ct.sym(META-INF/sym/rt.jar/java/util/Date.class): major version 52 is newer than 51, the highest major version supported by this compiler.\n    [javac]   It is recommended that the compiler be upgraded.\n    [javac] warning: /home/cmd/jdk1.8.0_391/lib/ct.sym(META-INF/sym/rt.jar/java/lang/Class.class): major version 52 is newer than 51, the highest major version supported by this compiler.\n    [javac]   It is recommended that the compiler be upgraded.\n    [javac] warning: /home/cmd/jdk1.8.0_391/lib/ct.sym(META-INF/sym/rt.jar/java/net/MalformedURLException.class): major version 52 is newer than 51, the highest major version supported by this compiler.\n    [javac]   It is recommended that the compiler be upgraded.\n    [javac] warning: /home/cmd/jdk1.8.0_391/lib/ct.sym(META-INF/sym/rt.jar/java/lang/Number.class): major version 52 is newer than 51, the highest major version supported by this compiler.\n    [javac]   It is recommended that the compiler be upgraded.\n    [javac] /home/cmd/jdk1.8.0_391/lib/ct.sym(META-INF/sym/rt.jar/java/lang/Exception.class): warning: Cannot find annotation method 'value()' in type 'Profile+Annotation': class file for jdk.Profile+Annotation not found\n    [javac] /home/cmd/jdk1.8.0_391/lib/ct.sym(META-INF/sym/rt.jar/java/lang/Throwable.class): warning: Cannot find annotation method 'value()' in type 'Profile+Annotation'\n    [javac] /home/cmd/jdk1.8.0_391/lib/ct.sym(META-INF/sym/rt.jar/java/io/Serializable.class): warning: Cannot find annotation method 'value()' in type 'Profile+Annotation'\n    [javac] /home/cmd/jdk1.8.0_391/lib/ct.sym(META-INF/sym/rt.jar/java/lang/Object.class): warning: Cannot find annotation method 'value()' in type 'Profile+Annotation'\n    [javac] /home/cmd/jdk1.8.0_391/lib/ct.sym(META-INF/sym/rt.jar/java/util/Collection.class): warning: Cannot find annotation method 'value()' in type 'Profile+Annotation'\n    [javac] /home/cmd/jdk1.8.0_391/lib/ct.sym(META-INF/sym/rt.jar/java/util/HashMap.class): warning: Cannot find annotation method 'value()' in type 'Profile+Annotation'\n    [javac] /home/cmd/jdk1.8.0_391/lib/ct.sym(META-INF/sym/rt.jar/java/util/Iterator.class): warning: Cannot find annotation method 'value()' in type 'Profile+Annotation'\n    [javac] /home/cmd/jdk1.8.0_391/lib/ct.sym(META-INF/sym/rt.jar/java/util/Map.class): warning: Cannot find annotation method 'value()' in type 'Profile+Annotation'\n    [javac] /home/cmd/jdk1.8.0_391/lib/ct.sym(META-INF/sym/rt.jar/java/util/ArrayList.class): warning: Cannot find annotation method 'value()' in type 'Profile+Annotation'\n    [javac] /home/cmd/jdk1.8.0_391/lib/ct.sym(META-INF/sym/rt.jar/java/util/List.class): warning: Cannot find annotation method 'value()' in type 'Profile+Annotation'\n    [javac] /home/cmd/jdk1.8.0_391/lib/ct.sym(META-INF/sym/rt.jar/java/lang/Cloneable.class): warning: Cannot find annotation method 'value()' in type 'Profile+Annotation'\n    [javac] /home/cmd/jdk1.8.0_391/lib/ct.sym(META-INF/sym/rt.jar/java/lang/String.class): warning: Cannot find annotation method 'value()' in type 'Profile+Annotation'\n    [javac] /home/cmd/jdk1.8.0_391/lib/ct.sym(META-INF/sym/rt.jar/java/lang/IllegalArgumentException.class): warning: Cannot find annotation method 'value()' in type 'Profile+Annotation'\n    [javac] /home/cmd/jdk1.8.0_391/lib/ct.sym(META-INF/sym/rt.jar/java/lang/IndexOutOfBoundsException.class): warning: Cannot find annotation method 'value()' in type 'Profile+Annotation'\n    [javac] /home/cmd/jdk1.8.0_391/lib/ct.sym(META-INF/sym/rt.jar/java/util/Arrays.class): warning: Cannot find annotation method 'value()' in type 'Profile+Annotation'\n    [javac] /home/cmd/jdk1.8.0_391/lib/ct.sym(META-INF/sym/rt.jar/java/util/Enumeration.class): warning: Cannot find annotation method 'value()' in type 'Profile+Annotation'\n    [javac] /home/cmd/jdk1.8.0_391/lib/ct.sym(META-INF/sym/rt.jar/java/util/ListIterator.class): warning: Cannot find annotation method 'value()' in type 'Profile+Annotation'\n    [javac] /home/cmd/jdk1.8.0_391/lib/ct.sym(META-INF/sym/rt.jar/java/util/Properties.class): warning: Cannot find annotation method 'value()' in type 'Profile+Annotation'\n    [javac] /home/cmd/jdk1.8.0_391/lib/ct.sym(META-INF/sym/rt.jar/java/util/Collections.class): warning: Cannot find annotation method 'value()' in type 'Profile+Annotation'\n    [javac] /home/cmd/jdk1.8.0_391/lib/ct.sym(META-INF/sym/rt.jar/java/util/HashSet.class): warning: Cannot find annotation method 'value()' in type 'Profile+Annotation'\n    [javac] /home/cmd/jdk1.8.0_391/lib/ct.sym(META-INF/sym/rt.jar/java/util/LinkedList.class): warning: Cannot find annotation method 'value()' in type 'Profile+Annotation'\n    [javac] /home/cmd/jdk1.8.0_391/lib/ct.sym(META-INF/sym/rt.jar/java/io/PrintWriter.class): warning: Cannot find annotation method 'value()' in type 'Profile+Annotation'\n    [javac] /home/cmd/jdk1.8.0_391/lib/ct.sym(META-INF/sym/rt.jar/java/util/Comparator.class): warning: Cannot find annotation method 'value()' in type 'Profile+Annotation'\n    [javac] /home/cmd/jdk1.8.0_391/lib/ct.sym(META-INF/sym/rt.jar/java/lang/StringBuffer.class): warning: Cannot find annotation method 'value()' in type 'Profile+Annotation'\n    [javac] /home/cmd/jdk1.8.0_391/lib/ct.sym(META-INF/sym/rt.jar/java/io/File.class): warning: Cannot find annotation method 'value()' in type 'Profile+Annotation'\n    [javac] /home/cmd/jdk1.8.0_391/lib/ct.sym(META-INF/sym/rt.jar/java/io/FileInputStream.class): warning: Cannot find annotation method 'value()' in type 'Profile+Annotation'\n    [javac] /home/cmd/jdk1.8.0_391/lib/ct.sym(META-INF/sym/rt.jar/java/net/URL.class): warning: Cannot find annotation method 'value()' in type 'Profile+Annotation'\n    [javac] /home/cmd/jdk1.8.0_391/lib/ct.sym(META-INF/sym/rt.jar/java/util/Date.class): warning: Cannot find annotation method 'value()' in type 'Profile+Annotation'\n    [javac] /home/cmd/jdk1.8.0_391/lib/ct.sym(META-INF/sym/rt.jar/java/lang/Class.class): warning: Cannot find annotation method 'value()' in type 'Profile+Annotation'\n    [javac] /home/cmd/jdk1.8.0_391/lib/ct.sym(META-INF/sym/rt.jar/java/net/MalformedURLException.class): warning: Cannot find annotation method 'value()' in type 'Profile+Annotation'\n    [javac] /home/cmd/jdk1.8.0_391/lib/ct.sym(META-INF/sym/rt.jar/java/lang/Number.class): warning: Cannot find annotation method 'value()' in type 'Profile+Annotation'\n    [javac] warning: /home/cmd/jdk1.8.0_391/lib/ct.sym(META-INF/sym/rt.jar/java/lang/AutoCloseable.class): major version 52 is newer than 51, the highest major version supported by this compiler.\n    [javac]   It is recommended that the compiler be upgraded.\n    [javac] /home/cmd/jdk1.8.0_391/lib/ct.sym(META-INF/sym/rt.jar/java/lang/AutoCloseable.class): warning: Cannot find annotation method 'value()' in type 'Profile+Annotation'\n    [javac] warning: /home/cmd/jdk1.8.0_391/lib/ct.sym(META-INF/sym/rt.jar/java/lang/CharSequence.class): major version 52 is newer than 51, the highest major version supported by this compiler.\n    [javac]   It is recommended that the compiler be upgraded.\n    [javac] /home/cmd/jdk1.8.0_391/lib/ct.sym(META-INF/sym/rt.jar/java/lang/CharSequence.class): warning: Cannot find annotation method 'value()' in type 'Profile+Annotation'\n    [javac] warning: /home/cmd/jdk1.8.0_391/lib/ct.sym(META-INF/sym/rt.jar/java/lang/Comparable.class): major version 52 is newer than 51, the highest major version supported by this compiler.\n    [javac]   It is recommended that the compiler be upgraded.\n    [javac] /home/cmd/jdk1.8.0_391/lib/ct.sym(META-INF/sym/rt.jar/java/lang/Comparable.class): warning: Cannot find annotation method 'value()' in type 'Profile+Annotation'\n    [javac] warning: /home/cmd/jdk1.8.0_391/lib/ct.sym(META-INF/sym/rt.jar/java/lang/AbstractStringBuilder.class): major version 52 is newer than 51, the highest major version supported by this compiler.\n    [javac]   It is recommended that the compiler be upgraded.\n    [javac] /home/cmd/jdk1.8.0_391/lib/ct.sym(META-INF/sym/rt.jar/java/lang/AbstractStringBuilder.class): warning: Cannot find annotation method 'value()' in type 'Profile+Annotation'\n    [javac] warning: /home/cmd/jdk1.8.0_391/lib/ct.sym(META-INF/sym/rt.jar/java/util/AbstractMap.class): major version 52 is newer than 51, the highest major version supported by this compiler.\n    [javac]   It is recommended that the compiler be upgraded.\n    [javac] /home/cmd/jdk1.8.0_391/lib/ct.sym(META-INF/sym/rt.jar/java/util/AbstractMap.class): warning: Cannot find annotation method 'value()' in type 'Profile+Annotation'\n    [javac] warning: /home/cmd/jdk1.8.0_391/lib/ct.sym(META-INF/sym/rt.jar/java/util/Set.class): major version 52 is newer than 51, the highest major version supported by this compiler.\n    [javac]   It is recommended that the compiler be upgraded.\n    [javac] /home/cmd/jdk1.8.0_391/lib/ct.sym(META-INF/sym/rt.jar/java/util/Set.class): warning: Cannot find annotation method 'value()' in type 'Profile+Annotation'\n    [javac] warning: /home/cmd/jdk1.8.0_391/lib/ct.sym(META-INF/sym/rt.jar/java/lang/Iterable.class): major version 52 is newer than 51, the highest major version supported by this compiler.\n    [javac]   It is recommended that the compiler be upgraded.\n    [javac] /home/cmd/jdk1.8.0_391/lib/ct.sym(META-INF/sym/rt.jar/java/lang/Iterable.class): warning: Cannot find annotation method 'value()' in type 'Profile+Annotation'\n    [javac] warning: /home/cmd/jdk1.8.0_391/lib/ct.sym(META-INF/sym/rt.jar/java/lang/Error.class): major version 52 is newer than 51, the highest major version supported by this compiler.\n    [javac]   It is recommended that the compiler be upgraded.\n    [javac] /home/cmd/jdk1.8.0_391/lib/ct.sym(META-INF/sym/rt.jar/java/lang/Error.class): warning: Cannot find annotation method 'value()' in type 'Profile+Annotation'\n    [javac] warning: /home/cmd/jdk1.8.0_391/lib/ct.sym(META-INF/sym/rt.jar/java/lang/RuntimeException.class): major version 52 is newer than 51, the highest major version supported by this compiler.\n    [javac]   It is recommended that the compiler be upgraded.\n    [javac] /home/cmd/jdk1.8.0_391/lib/ct.sym(META-INF/sym/rt.jar/java/lang/RuntimeException.class): warning: Cannot find annotation method 'value()' in type 'Profile+Annotation'\n    [javac] warning: /home/cmd/jdk1.8.0_391/lib/ct.sym(META-INF/sym/rt.jar/java/util/AbstractList.class): major version 52 is newer than 51, the highest major version supported by this compiler.\n    [javac]   It is recommended that the compiler be upgraded.\n    [javac] /home/cmd/jdk1.8.0_391/lib/ct.sym(META-INF/sym/rt.jar/java/util/AbstractList.class): warning: Cannot find annotation method 'value()' in type 'Profile+Annotation'\n    [javac] warning: /home/cmd/jdk1.8.0_391/lib/ct.sym(META-INF/sym/rt.jar/java/util/AbstractCollection.class): major version 52 is newer than 51, the highest major version supported by this compiler.\n    [javac]   It is recommended that the compiler be upgraded.\n    [javac] /home/cmd/jdk1.8.0_391/lib/ct.sym(META-INF/sym/rt.jar/java/util/AbstractCollection.class): warning: Cannot find annotation method 'value()' in type 'Profile+Annotation'\n    [javac] warning: /home/cmd/jdk1.8.0_391/lib/ct.sym(META-INF/sym/rt.jar/java/lang/CloneNotSupportedException.class): major version 52 is newer than 51, the highest major version supported by this compiler.\n    [javac]   It is recommended that the compiler be upgraded.\n    [javac] /home/cmd/jdk1.8.0_391/lib/ct.sym(META-INF/sym/rt.jar/java/lang/CloneNotSupportedException.class): warning: Cannot find annotation method 'value()' in type 'Profile+Annotation'\n    [javac] warning: /home/cmd/jdk1.8.0_391/lib/ct.sym(META-INF/sym/rt.jar/java/lang/UnsupportedOperationException.class): major version 52 is newer than 51, the highest major version supported by this compiler.\n    [javac]   It is recommended that the compiler be upgraded.\n    [javac] /home/cmd/jdk1.8.0_391/lib/ct.sym(META-INF/sym/rt.jar/java/lang/UnsupportedOperationException.class): warning: Cannot find annotation method 'value()' in type 'Profile+Annotation'\n    [javac] warning: /home/cmd/jdk1.8.0_391/lib/ct.sym(META-INF/sym/rt.jar/java/util/Hashtable.class): major version 52 is newer than 51, the highest major version supported by this compiler.\n    [javac]   It is recommended that the compiler be upgraded.\n    [javac] /home/cmd/jdk1.8.0_391/lib/ct.sym(META-INF/sym/rt.jar/java/util/Hashtable.class): warning: Cannot find annotation method 'value()' in type 'Profile+Annotation'\n    [javac] warning: /home/cmd/jdk1.8.0_391/lib/ct.sym(META-INF/sym/rt.jar/java/util/Dictionary.class): major version 52 is newer than 51, the highest major version supported by this compiler.\n    [javac]   It is recommended that the compiler be upgraded.\n    [javac] /home/cmd/jdk1.8.0_391/lib/ct.sym(META-INF/sym/rt.jar/java/util/Dictionary.class): warning: Cannot find annotation method 'value()' in type 'Profile+Annotation'\n    [javac] warning: /home/cmd/jdk1.8.0_391/lib/ct.sym(META-INF/sym/rt.jar/java/util/AbstractSet.class): major version 52 is newer than 51, the highest major version supported by this compiler.\n    [javac]   It is recommended that the compiler be upgraded.\n    [javac] /home/cmd/jdk1.8.0_391/lib/ct.sym(META-INF/sym/rt.jar/java/util/AbstractSet.class): warning: Cannot find annotation method 'value()' in type 'Profile+Annotation'\n    [javac] warning: /home/cmd/jdk1.8.0_391/lib/ct.sym(META-INF/sym/rt.jar/java/util/AbstractSequentialList.class): major version 52 is newer than 51, the highest major version supported by this compiler.\n    [javac]   It is recommended that the compiler be upgraded.\n    [javac] /home/cmd/jdk1.8.0_391/lib/ct.sym(META-INF/sym/rt.jar/java/util/AbstractSequentialList.class): warning: Cannot find annotation method 'value()' in type 'Profile+Annotation'\n    [javac] warning: /home/cmd/jdk1.8.0_391/lib/ct.sym(META-INF/sym/rt.jar/java/lang/System.class): major version 52 is newer than 51, the highest major version supported by this compiler.\n    [javac]   It is recommended that the compiler be upgraded.\n    [javac] /home/cmd/jdk1.8.0_391/lib/ct.sym(META-INF/sym/rt.jar/java/lang/System.class): warning: Cannot find annotation method 'value()' in type 'Profile+Annotation'\n    [javac] warning: /home/cmd/jdk1.8.0_391/lib/ct.sym(META-INF/sym/rt.jar/java/io/PrintStream.class): major version 52 is newer than 51, the highest major version supported by this compiler.\n    [javac]   It is recommended that the compiler be upgraded.\n    [javac] /data/cmd/Ming/llm-fl-apr/tmp/Cli_29-prompt_apr_6-deepseek-chat/src/java/org/apache/commons/cli/Util.java:71: error: cannot find symbol\n    [javac]             str = str.substring(0, length - 1);\n    [javac]                                    ^\n    [javac]   symbol:   variable length\n    [javac]   location: class Util\n    [javac] 1 error\n    [javac] 100 warnings\n\nBUILD FAILED\n/data/cmd/Ming/llm-fl-apr/tmp/Cli_29-prompt_apr_6-deepseek-chat/maven-build.xml:75: Compile failed; see the compiler error output for details.\n\nTotal time: 4 seconds\nCannot compile sources! at /data/cmd/Ming/LLM_Based-Mutation/tools/mutant/defects4j-2.1.0/framework/bin/d4j/d4j-compile line 82.\nCompilation failed in require at /data/cmd/Ming/LLM_Based-Mutation/tools/mutant/defects4j-2.1.0/framework/bin/defects4j line 195.\n"
                }
            }
        }
    }
}