{
    "overall_status": {
        "prompt_apr_1": {
            "ernie-3.5-128k": "Fail some tests",
            "qwen-turbo": "Compile failed",
            "doubao-pro-4k": "Fail some tests",
            "gpt-4o-mini": "Pass all tests",
            "deepseek-chat": "Pass all tests"
        },
        "prompt_apr_2": {
            "ernie-3.5-128k": "Fail some tests",
            "qwen-turbo": "Compile failed",
            "doubao-pro-4k": "Compile failed",
            "gpt-4o-mini": "Fail some tests",
            "deepseek-chat": "Pass all tests"
        },
        "prompt_apr_3": {
            "ernie-3.5-128k": "Compile failed",
            "qwen-turbo": "Compile failed",
            "doubao-pro-4k": "Compile failed",
            "gpt-4o-mini": "Compile failed",
            "deepseek-chat": "Compile failed"
        },
        "prompt_apr_4": {
            "ernie-3.5-128k": "Fail some tests",
            "qwen-turbo": "Fail some tests",
            "doubao-pro-4k": "Compile failed",
            "gpt-4o-mini": "Fail some tests",
            "deepseek-chat": "Fail some tests"
        },
        "prompt_apr_5": {
            "ernie-3.5-128k": "Compile failed",
            "qwen-turbo": "Compile failed",
            "doubao-pro-4k": "Fail some tests",
            "gpt-4o-mini": "Compile failed",
            "deepseek-chat": "Compile failed"
        },
        "prompt_apr_6": {
            "ernie-3.5-128k": "Compile failed",
            "qwen-turbo": "Compile failed",
            "doubao-pro-4k": "Fail some tests",
            "gpt-4o-mini": "Fail some tests",
            "deepseek-chat": "Compile failed"
        }
    },
    "check_results_list": {
        "prompt_apr_1": {
            "ernie-3.5-128k": {
                "compile": {
                    "rc": 0,
                    "so": "",
                    "se": "Running ant (compile)...................................................... OK\nRunning ant (compile.tests)................................................ OK\n"
                },
                "test": {
                    "rc": 0,
                    "so": "Failing tests: 2\n  - org.apache.commons.cli.UtilTest::testStripLeadingHyphens\n  - org.apache.commons.cli.bug.BugCLI133Test::testOrder\n",
                    "se": "Running ant (compile.tests)................................................ OK\nRunning ant (run.dev.tests)................................................ OK\n"
                }
            },
            "qwen-turbo": {
                "compile": {
                    "rc": 1,
                    "so": "",
                    "se": "Running ant (compile)...................................................... FAIL\nExecuted command:  cd /data/cmd/Ming/llm-fl-apr/tmp/Cli_5-prompt_apr_1-qwen-turbo && /data/cmd/Ming/LLM_Based-Mutation/tools/mutant/defects4j-2.1.0/major/bin/ant -f /data/cmd/Ming/LLM_Based-Mutation/tools/mutant/defects4j-2.1.0/framework/projects/defects4j.build.xml -Dd4j.home=/data/cmd/Ming/LLM_Based-Mutation/tools/mutant/defects4j-2.1.0 -Dd4j.dir.projects=/data/cmd/Ming/LLM_Based-Mutation/tools/mutant/defects4j-2.1.0/framework/projects -Dbasedir=/data/cmd/Ming/llm-fl-apr/tmp/Cli_5-prompt_apr_1-qwen-turbo -Dbuild.compiler=javac1.7  compile 2>&1\nJava HotSpot(TM) 64-Bit Server VM warning: ignoring option MaxPermSize=1G; support was removed in 8.0\nBuildfile: /data/cmd/Ming/LLM_Based-Mutation/tools/mutant/defects4j-2.1.0/framework/projects/defects4j.build.xml\n    [mkdir] Created dir: /data/cmd/Ming/llm-fl-apr/tmp/Cli_5-prompt_apr_1-qwen-turbo/target\n    [mkdir] Created dir: /data/cmd/Ming/llm-fl-apr/tmp/Cli_5-prompt_apr_1-qwen-turbo/target/lib\n\ninit:\n\nget-deps:\n      [get] Getting: file:/data/cmd/Ming/LLM_Based-Mutation/tools/mutant/defects4j-2.1.0/framework/projects/Cli/lib/junit/junit/3.8.1/junit-3.8.1.jar\n      [get] To: /data/cmd/Ming/llm-fl-apr/tmp/Cli_5-prompt_apr_1-qwen-turbo/target/lib/junit-3.8.1.jar\n\ncompile:\n    [mkdir] Created dir: /data/cmd/Ming/llm-fl-apr/tmp/Cli_5-prompt_apr_1-qwen-turbo/target/classes\n    [javac] /data/cmd/Ming/llm-fl-apr/tmp/Cli_5-prompt_apr_1-qwen-turbo/build.xml:46: warning: 'includeantruntime' was not set, defaulting to build.sysclasspath=last; set to false for repeatable builds\n    [javac] Compiling 20 source files to /data/cmd/Ming/llm-fl-apr/tmp/Cli_5-prompt_apr_1-qwen-turbo/target/classes\n    [javac] /data/cmd/Ming/llm-fl-apr/tmp/Cli_5-prompt_apr_1-qwen-turbo/src/java/org/apache/commons/cli/Util.java:34: error: <identifier> expected\n    [javac] Certainly, here is the corrected method with the bug fixed on line 5:\n    [javac]          ^\n    [javac] /data/cmd/Ming/llm-fl-apr/tmp/Cli_5-prompt_apr_1-qwen-turbo/src/java/org/apache/commons/cli/Util.java:34: error: ';' expected\n    [javac] Certainly, here is the corrected method with the bug fixed on line 5:\n    [javac]                ^\n    [javac] /data/cmd/Ming/llm-fl-apr/tmp/Cli_5-prompt_apr_1-qwen-turbo/src/java/org/apache/commons/cli/Util.java:34: error: ';' expected\n    [javac] Certainly, here is the corrected method with the bug fixed on line 5:\n    [javac]                       ^\n    [javac] /data/cmd/Ming/llm-fl-apr/tmp/Cli_5-prompt_apr_1-qwen-turbo/src/java/org/apache/commons/cli/Util.java:34: error: ';' expected\n    [javac] Certainly, here is the corrected method with the bug fixed on line 5:\n    [javac]                                        ^\n    [javac] /data/cmd/Ming/llm-fl-apr/tmp/Cli_5-prompt_apr_1-qwen-turbo/src/java/org/apache/commons/cli/Util.java:34: error: ';' expected\n    [javac] Certainly, here is the corrected method with the bug fixed on line 5:\n    [javac]                                                 ^\n    [javac] /data/cmd/Ming/llm-fl-apr/tmp/Cli_5-prompt_apr_1-qwen-turbo/src/java/org/apache/commons/cli/Util.java:34: error: ';' expected\n    [javac] Certainly, here is the corrected method with the bug fixed on line 5:\n    [javac]                                                           ^\n    [javac] /data/cmd/Ming/llm-fl-apr/tmp/Cli_5-prompt_apr_1-qwen-turbo/src/java/org/apache/commons/cli/Util.java:34: error: ';' expected\n    [javac] Certainly, here is the corrected method with the bug fixed on line 5:\n    [javac]                                                                   ^\n    [javac] /data/cmd/Ming/llm-fl-apr/tmp/Cli_5-prompt_apr_1-qwen-turbo/src/java/org/apache/commons/cli/Util.java:36: error: illegal character: \\96\n    [javac] ```java\n    [javac] ^\n    [javac] /data/cmd/Ming/llm-fl-apr/tmp/Cli_5-prompt_apr_1-qwen-turbo/src/java/org/apache/commons/cli/Util.java:36: error: illegal character: \\96\n    [javac] ```java\n    [javac]  ^\n    [javac] /data/cmd/Ming/llm-fl-apr/tmp/Cli_5-prompt_apr_1-qwen-turbo/src/java/org/apache/commons/cli/Util.java:36: error: illegal character: \\96\n    [javac] ```java\n    [javac]   ^\n    [javac] /data/cmd/Ming/llm-fl-apr/tmp/Cli_5-prompt_apr_1-qwen-turbo/src/java/org/apache/commons/cli/Util.java:36: error: <identifier> expected\n    [javac] ```java\n    [javac]        ^\n    [javac] /data/cmd/Ming/llm-fl-apr/tmp/Cli_5-prompt_apr_1-qwen-turbo/src/java/org/apache/commons/cli/Util.java:46: error: illegal character: \\96\n    [javac] ```\n    [javac] ^\n    [javac] /data/cmd/Ming/llm-fl-apr/tmp/Cli_5-prompt_apr_1-qwen-turbo/src/java/org/apache/commons/cli/Util.java:46: error: illegal character: \\96\n    [javac] ```\n    [javac]  ^\n    [javac] /data/cmd/Ming/llm-fl-apr/tmp/Cli_5-prompt_apr_1-qwen-turbo/src/java/org/apache/commons/cli/Util.java:46: error: illegal character: \\96\n    [javac] ```\n    [javac]   ^\n    [javac] /data/cmd/Ming/llm-fl-apr/tmp/Cli_5-prompt_apr_1-qwen-turbo/src/java/org/apache/commons/cli/Util.java:48: error: ';' expected\n    [javac] The correction removes the second parameter in the `substring` method calls on lines 5 and 7, making them `substring(2)` and `substring(1)` respectively. This ensures that the correct substring starting from the desired index to the end of the string is returned.\n    [javac]                       ^\n    [javac] /data/cmd/Ming/llm-fl-apr/tmp/Cli_5-prompt_apr_1-qwen-turbo/src/java/org/apache/commons/cli/Util.java:48: error: ';' expected\n    [javac] The correction removes the second parameter in the `substring` method calls on lines 5 and 7, making them `substring(2)` and `substring(1)` respectively. This ensures that the correct substring starting from the desired index to the end of the string is returned.\n    [javac]                                  ^\n    [javac] /data/cmd/Ming/llm-fl-apr/tmp/Cli_5-prompt_apr_1-qwen-turbo/src/java/org/apache/commons/cli/Util.java:48: error: ';' expected\n    [javac] The correction removes the second parameter in the `substring` method calls on lines 5 and 7, making them `substring(2)` and `substring(1)` respectively. This ensures that the correct substring starting from the desired index to the end of the string is returned.\n    [javac]                                               ^\n    [javac] /data/cmd/Ming/llm-fl-apr/tmp/Cli_5-prompt_apr_1-qwen-turbo/src/java/org/apache/commons/cli/Util.java:48: error: illegal character: \\96\n    [javac] The correction removes the second parameter in the `substring` method calls on lines 5 and 7, making them `substring(2)` and `substring(1)` respectively. This ensures that the correct substring starting from the desired index to the end of the string is returned.\n    [javac]                                                    ^\n    [javac] /data/cmd/Ming/llm-fl-apr/tmp/Cli_5-prompt_apr_1-qwen-turbo/src/java/org/apache/commons/cli/Util.java:48: error: illegal character: \\96\n    [javac] The correction removes the second parameter in the `substring` method calls on lines 5 and 7, making them `substring(2)` and `substring(1)` respectively. This ensures that the correct substring starting from the desired index to the end of the string is returned.\n    [javac]                                                              ^\n    [javac] /data/cmd/Ming/llm-fl-apr/tmp/Cli_5-prompt_apr_1-qwen-turbo/src/java/org/apache/commons/cli/Util.java:48: error: ';' expected\n    [javac] The correction removes the second parameter in the `substring` method calls on lines 5 and 7, making them `substring(2)` and `substring(1)` respectively. This ensures that the correct substring starting from the desired index to the end of the string is returned.\n    [javac]                                                                            ^\n    [javac] /data/cmd/Ming/llm-fl-apr/tmp/Cli_5-prompt_apr_1-qwen-turbo/src/java/org/apache/commons/cli/Util.java:48: error: ';' expected\n    [javac] The correction removes the second parameter in the `substring` method calls on lines 5 and 7, making them `substring(2)` and `substring(1)` respectively. This ensures that the correct substring starting from the desired index to the end of the string is returned.\n    [javac]                                                                                     ^\n    [javac] /data/cmd/Ming/llm-fl-apr/tmp/Cli_5-prompt_apr_1-qwen-turbo/src/java/org/apache/commons/cli/Util.java:48: error: <identifier> expected\n    [javac] The correction removes the second parameter in the `substring` method calls on lines 5 and 7, making them `substring(2)` and `substring(1)` respectively. This ensures that the correct substring starting from the desired index to the end of the string is returned.\n    [javac]                                                                                           ^\n    [javac] /data/cmd/Ming/llm-fl-apr/tmp/Cli_5-prompt_apr_1-qwen-turbo/src/java/org/apache/commons/cli/Util.java:48: error: illegal start of type\n    [javac] The correction removes the second parameter in the `substring` method calls on lines 5 and 7, making them `substring(2)` and `substring(1)` respectively. This ensures that the correct substring starting from the desired index to the end of the string is returned.\n    [javac]                                                                                             ^\n    [javac] /data/cmd/Ming/llm-fl-apr/tmp/Cli_5-prompt_apr_1-qwen-turbo/src/java/org/apache/commons/cli/Util.java:48: error: ';' expected\n    [javac] The correction removes the second parameter in the `substring` method calls on lines 5 and 7, making them `substring(2)` and `substring(1)` respectively. This ensures that the correct substring starting from the desired index to the end of the string is returned.\n    [javac]                                                                                                     ^\n    [javac] /data/cmd/Ming/llm-fl-apr/tmp/Cli_5-prompt_apr_1-qwen-turbo/src/java/org/apache/commons/cli/Util.java:48: error: illegal character: \\96\n    [javac] The correction removes the second parameter in the `substring` method calls on lines 5 and 7, making them `substring(2)` and `substring(1)` respectively. This ensures that the correct substring starting from the desired index to the end of the string is returned.\n    [javac]                                                                                                           ^\n    [javac] /data/cmd/Ming/llm-fl-apr/tmp/Cli_5-prompt_apr_1-qwen-turbo/src/java/org/apache/commons/cli/Util.java:48: error: invalid method declaration; return type required\n    [javac] The correction removes the second parameter in the `substring` method calls on lines 5 and 7, making them `substring(2)` and `substring(1)` respectively. This ensures that the correct substring starting from the desired index to the end of the string is returned.\n    [javac]                                                                                                            ^\n    [javac] /data/cmd/Ming/llm-fl-apr/tmp/Cli_5-prompt_apr_1-qwen-turbo/src/java/org/apache/commons/cli/Util.java:48: error: illegal start of type\n    [javac] The correction removes the second parameter in the `substring` method calls on lines 5 and 7, making them `substring(2)` and `substring(1)` respectively. This ensures that the correct substring starting from the desired index to the end of the string is returned.\n    [javac]                                                                                                                      ^\n    [javac] /data/cmd/Ming/llm-fl-apr/tmp/Cli_5-prompt_apr_1-qwen-turbo/src/java/org/apache/commons/cli/Util.java:48: error: illegal character: \\96\n    [javac] The correction removes the second parameter in the `substring` method calls on lines 5 and 7, making them `substring(2)` and `substring(1)` respectively. This ensures that the correct substring starting from the desired index to the end of the string is returned.\n    [javac]                                                                                                                        ^\n    [javac] /data/cmd/Ming/llm-fl-apr/tmp/Cli_5-prompt_apr_1-qwen-turbo/src/java/org/apache/commons/cli/Util.java:48: error: illegal character: \\96\n    [javac] The correction removes the second parameter in the `substring` method calls on lines 5 and 7, making them `substring(2)` and `substring(1)` respectively. This ensures that the correct substring starting from the desired index to the end of the string is returned.\n    [javac]                                                                                                                              ^\n    [javac] /data/cmd/Ming/llm-fl-apr/tmp/Cli_5-prompt_apr_1-qwen-turbo/src/java/org/apache/commons/cli/Util.java:48: error: illegal character: \\96\n    [javac] The correction removes the second parameter in the `substring` method calls on lines 5 and 7, making them `substring(2)` and `substring(1)` respectively. This ensures that the correct substring starting from the desired index to the end of the string is returned.\n    [javac]                                                                                                                                           ^\n    [javac] 30 errors\n\nBUILD FAILED\n/data/cmd/Ming/llm-fl-apr/tmp/Cli_5-prompt_apr_1-qwen-turbo/build.xml:46: Compile failed; see the compiler error output for details.\n\nTotal time: 1 second\nCannot compile sources! at /data/cmd/Ming/LLM_Based-Mutation/tools/mutant/defects4j-2.1.0/framework/bin/d4j/d4j-compile line 82.\nCompilation failed in require at /data/cmd/Ming/LLM_Based-Mutation/tools/mutant/defects4j-2.1.0/framework/bin/defects4j line 195.\n"
                }
            },
            "doubao-pro-4k": {
                "compile": {
                    "rc": 0,
                    "so": "",
                    "se": "Running ant (compile)...................................................... OK\nRunning ant (compile.tests)................................................ OK\n"
                },
                "test": {
                    "rc": 0,
                    "so": "Failing tests: 2\n  - org.apache.commons.cli.UtilTest::testStripLeadingHyphens\n  - org.apache.commons.cli.bug.BugCLI133Test::testOrder\n",
                    "se": "Running ant (compile.tests)................................................ OK\nRunning ant (run.dev.tests)................................................ OK\n"
                }
            },
            "gpt-4o-mini": {
                "compile": {
                    "rc": 0,
                    "so": "",
                    "se": "Running ant (compile)...................................................... OK\nRunning ant (compile.tests)................................................ OK\n"
                },
                "test": {
                    "rc": 0,
                    "so": "Failing tests: 0\n",
                    "se": "Running ant (compile.tests)................................................ OK\nRunning ant (run.dev.tests)................................................ OK\n"
                }
            },
            "deepseek-chat": {
                "compile": {
                    "rc": 0,
                    "so": "",
                    "se": "Running ant (compile)...................................................... OK\nRunning ant (compile.tests)................................................ OK\n"
                },
                "test": {
                    "rc": 0,
                    "so": "Failing tests: 0\n",
                    "se": "Running ant (compile.tests)................................................ OK\nRunning ant (run.dev.tests)................................................ OK\n"
                }
            }
        },
        "prompt_apr_2": {
            "ernie-3.5-128k": {
                "compile": {
                    "rc": 0,
                    "so": "",
                    "se": "Running ant (compile)...................................................... OK\nRunning ant (compile.tests)................................................ OK\n"
                },
                "test": {
                    "rc": 0,
                    "so": "Failing tests: 2\n  - org.apache.commons.cli.UtilTest::testStripLeadingHyphens\n  - org.apache.commons.cli.bug.BugCLI133Test::testOrder\n",
                    "se": "Running ant (compile.tests)................................................ OK\nRunning ant (run.dev.tests)................................................ OK\n"
                }
            },
            "qwen-turbo": {
                "compile": {
                    "rc": 1,
                    "so": "",
                    "se": "Running ant (compile)...................................................... FAIL\nExecuted command:  cd /data/cmd/Ming/llm-fl-apr/tmp/Cli_5-prompt_apr_2-qwen-turbo && /data/cmd/Ming/LLM_Based-Mutation/tools/mutant/defects4j-2.1.0/major/bin/ant -f /data/cmd/Ming/LLM_Based-Mutation/tools/mutant/defects4j-2.1.0/framework/projects/defects4j.build.xml -Dd4j.home=/data/cmd/Ming/LLM_Based-Mutation/tools/mutant/defects4j-2.1.0 -Dd4j.dir.projects=/data/cmd/Ming/LLM_Based-Mutation/tools/mutant/defects4j-2.1.0/framework/projects -Dbasedir=/data/cmd/Ming/llm-fl-apr/tmp/Cli_5-prompt_apr_2-qwen-turbo -Dbuild.compiler=javac1.7  compile 2>&1\nJava HotSpot(TM) 64-Bit Server VM warning: ignoring option MaxPermSize=1G; support was removed in 8.0\nBuildfile: /data/cmd/Ming/LLM_Based-Mutation/tools/mutant/defects4j-2.1.0/framework/projects/defects4j.build.xml\n    [mkdir] Created dir: /data/cmd/Ming/llm-fl-apr/tmp/Cli_5-prompt_apr_2-qwen-turbo/target\n    [mkdir] Created dir: /data/cmd/Ming/llm-fl-apr/tmp/Cli_5-prompt_apr_2-qwen-turbo/target/lib\n\ninit:\n\nget-deps:\n      [get] Getting: file:/data/cmd/Ming/LLM_Based-Mutation/tools/mutant/defects4j-2.1.0/framework/projects/Cli/lib/junit/junit/3.8.1/junit-3.8.1.jar\n      [get] To: /data/cmd/Ming/llm-fl-apr/tmp/Cli_5-prompt_apr_2-qwen-turbo/target/lib/junit-3.8.1.jar\n\ncompile:\n    [mkdir] Created dir: /data/cmd/Ming/llm-fl-apr/tmp/Cli_5-prompt_apr_2-qwen-turbo/target/classes\n    [javac] /data/cmd/Ming/llm-fl-apr/tmp/Cli_5-prompt_apr_2-qwen-turbo/build.xml:46: warning: 'includeantruntime' was not set, defaulting to build.sysclasspath=last; set to false for repeatable builds\n    [javac] Compiling 20 source files to /data/cmd/Ming/llm-fl-apr/tmp/Cli_5-prompt_apr_2-qwen-turbo/target/classes\n    [javac] /data/cmd/Ming/llm-fl-apr/tmp/Cli_5-prompt_apr_2-qwen-turbo/src/java/org/apache/commons/cli/Util.java:34: error: illegal character: \\96\n    [javac] ```java\n    [javac] ^\n    [javac] /data/cmd/Ming/llm-fl-apr/tmp/Cli_5-prompt_apr_2-qwen-turbo/src/java/org/apache/commons/cli/Util.java:34: error: illegal character: \\96\n    [javac] ```java\n    [javac]  ^\n    [javac] /data/cmd/Ming/llm-fl-apr/tmp/Cli_5-prompt_apr_2-qwen-turbo/src/java/org/apache/commons/cli/Util.java:34: error: illegal character: \\96\n    [javac] ```java\n    [javac]   ^\n    [javac] /data/cmd/Ming/llm-fl-apr/tmp/Cli_5-prompt_apr_2-qwen-turbo/src/java/org/apache/commons/cli/Util.java:44: error: illegal character: \\96\n    [javac] ```\n    [javac] ^\n    [javac] /data/cmd/Ming/llm-fl-apr/tmp/Cli_5-prompt_apr_2-qwen-turbo/src/java/org/apache/commons/cli/Util.java:44: error: illegal character: \\96\n    [javac] ```\n    [javac]  ^\n    [javac] /data/cmd/Ming/llm-fl-apr/tmp/Cli_5-prompt_apr_2-qwen-turbo/src/java/org/apache/commons/cli/Util.java:44: error: illegal character: \\96\n    [javac] ```\n    [javac]   ^\n    [javac] 6 errors\n\nBUILD FAILED\n/data/cmd/Ming/llm-fl-apr/tmp/Cli_5-prompt_apr_2-qwen-turbo/build.xml:46: Compile failed; see the compiler error output for details.\n\nTotal time: 2 seconds\nCannot compile sources! at /data/cmd/Ming/LLM_Based-Mutation/tools/mutant/defects4j-2.1.0/framework/bin/d4j/d4j-compile line 82.\nCompilation failed in require at /data/cmd/Ming/LLM_Based-Mutation/tools/mutant/defects4j-2.1.0/framework/bin/defects4j line 195.\n"
                }
            },
            "doubao-pro-4k": {
                "compile": {
                    "rc": 1,
                    "so": "",
                    "se": "Running ant (compile)...................................................... FAIL\nExecuted command:  cd /data/cmd/Ming/llm-fl-apr/tmp/Cli_5-prompt_apr_2-doubao-pro-4k && /data/cmd/Ming/LLM_Based-Mutation/tools/mutant/defects4j-2.1.0/major/bin/ant -f /data/cmd/Ming/LLM_Based-Mutation/tools/mutant/defects4j-2.1.0/framework/projects/defects4j.build.xml -Dd4j.home=/data/cmd/Ming/LLM_Based-Mutation/tools/mutant/defects4j-2.1.0 -Dd4j.dir.projects=/data/cmd/Ming/LLM_Based-Mutation/tools/mutant/defects4j-2.1.0/framework/projects -Dbasedir=/data/cmd/Ming/llm-fl-apr/tmp/Cli_5-prompt_apr_2-doubao-pro-4k -Dbuild.compiler=javac1.7  compile 2>&1\nJava HotSpot(TM) 64-Bit Server VM warning: ignoring option MaxPermSize=1G; support was removed in 8.0\nBuildfile: /data/cmd/Ming/LLM_Based-Mutation/tools/mutant/defects4j-2.1.0/framework/projects/defects4j.build.xml\n    [mkdir] Created dir: /data/cmd/Ming/llm-fl-apr/tmp/Cli_5-prompt_apr_2-doubao-pro-4k/target\n    [mkdir] Created dir: /data/cmd/Ming/llm-fl-apr/tmp/Cli_5-prompt_apr_2-doubao-pro-4k/target/lib\n\ninit:\n\nget-deps:\n      [get] Getting: file:/data/cmd/Ming/LLM_Based-Mutation/tools/mutant/defects4j-2.1.0/framework/projects/Cli/lib/junit/junit/3.8.1/junit-3.8.1.jar\n      [get] To: /data/cmd/Ming/llm-fl-apr/tmp/Cli_5-prompt_apr_2-doubao-pro-4k/target/lib/junit-3.8.1.jar\n\ncompile:\n    [mkdir] Created dir: /data/cmd/Ming/llm-fl-apr/tmp/Cli_5-prompt_apr_2-doubao-pro-4k/target/classes\n    [javac] /data/cmd/Ming/llm-fl-apr/tmp/Cli_5-prompt_apr_2-doubao-pro-4k/build.xml:46: warning: 'includeantruntime' was not set, defaulting to build.sysclasspath=last; set to false for repeatable builds\n    [javac] Compiling 20 source files to /data/cmd/Ming/llm-fl-apr/tmp/Cli_5-prompt_apr_2-doubao-pro-4k/target/classes\n    [javac] /data/cmd/Ming/llm-fl-apr/tmp/Cli_5-prompt_apr_2-doubao-pro-4k/src/java/org/apache/commons/cli/Util.java:34: error: illegal character: \\96\n    [javac] ```java\n    [javac] ^\n    [javac] /data/cmd/Ming/llm-fl-apr/tmp/Cli_5-prompt_apr_2-doubao-pro-4k/src/java/org/apache/commons/cli/Util.java:34: error: illegal character: \\96\n    [javac] ```java\n    [javac]  ^\n    [javac] /data/cmd/Ming/llm-fl-apr/tmp/Cli_5-prompt_apr_2-doubao-pro-4k/src/java/org/apache/commons/cli/Util.java:34: error: illegal character: \\96\n    [javac] ```java\n    [javac]   ^\n    [javac] /data/cmd/Ming/llm-fl-apr/tmp/Cli_5-prompt_apr_2-doubao-pro-4k/src/java/org/apache/commons/cli/Util.java:44: error: illegal character: \\96\n    [javac] ```\n    [javac] ^\n    [javac] /data/cmd/Ming/llm-fl-apr/tmp/Cli_5-prompt_apr_2-doubao-pro-4k/src/java/org/apache/commons/cli/Util.java:44: error: illegal character: \\96\n    [javac] ```\n    [javac]  ^\n    [javac] /data/cmd/Ming/llm-fl-apr/tmp/Cli_5-prompt_apr_2-doubao-pro-4k/src/java/org/apache/commons/cli/Util.java:44: error: illegal character: \\96\n    [javac] ```\n    [javac]   ^\n    [javac] 6 errors\n\nBUILD FAILED\n/data/cmd/Ming/llm-fl-apr/tmp/Cli_5-prompt_apr_2-doubao-pro-4k/build.xml:46: Compile failed; see the compiler error output for details.\n\nTotal time: 2 seconds\nCannot compile sources! at /data/cmd/Ming/LLM_Based-Mutation/tools/mutant/defects4j-2.1.0/framework/bin/d4j/d4j-compile line 82.\nCompilation failed in require at /data/cmd/Ming/LLM_Based-Mutation/tools/mutant/defects4j-2.1.0/framework/bin/defects4j line 195.\n"
                }
            },
            "gpt-4o-mini": {
                "compile": {
                    "rc": 0,
                    "so": "",
                    "se": "Running ant (compile)...................................................... OK\nRunning ant (compile.tests)................................................ OK\n"
                },
                "test": {
                    "rc": 0,
                    "so": "Failing tests: 2\n  - org.apache.commons.cli.UtilTest::testStripLeadingHyphens\n  - org.apache.commons.cli.bug.BugCLI133Test::testOrder\n",
                    "se": "Running ant (compile.tests)................................................ OK\nRunning ant (run.dev.tests)................................................ OK\n"
                }
            },
            "deepseek-chat": {
                "compile": {
                    "rc": 0,
                    "so": "",
                    "se": "Running ant (compile)...................................................... OK\nRunning ant (compile.tests)................................................ OK\n"
                },
                "test": {
                    "rc": 0,
                    "so": "Failing tests: 0\n",
                    "se": "Running ant (compile.tests)................................................ OK\nRunning ant (run.dev.tests)................................................ OK\n"
                }
            }
        },
        "prompt_apr_3": {
            "ernie-3.5-128k": {
                "compile": {
                    "rc": 1,
                    "so": "",
                    "se": "Running ant (compile)...................................................... FAIL\nExecuted command:  cd /data/cmd/Ming/llm-fl-apr/tmp/Cli_5-prompt_apr_3-ernie-3.5-128k && /data/cmd/Ming/LLM_Based-Mutation/tools/mutant/defects4j-2.1.0/major/bin/ant -f /data/cmd/Ming/LLM_Based-Mutation/tools/mutant/defects4j-2.1.0/framework/projects/defects4j.build.xml -Dd4j.home=/data/cmd/Ming/LLM_Based-Mutation/tools/mutant/defects4j-2.1.0 -Dd4j.dir.projects=/data/cmd/Ming/LLM_Based-Mutation/tools/mutant/defects4j-2.1.0/framework/projects -Dbasedir=/data/cmd/Ming/llm-fl-apr/tmp/Cli_5-prompt_apr_3-ernie-3.5-128k -Dbuild.compiler=javac1.7  compile 2>&1\nJava HotSpot(TM) 64-Bit Server VM warning: ignoring option MaxPermSize=1G; support was removed in 8.0\nBuildfile: /data/cmd/Ming/LLM_Based-Mutation/tools/mutant/defects4j-2.1.0/framework/projects/defects4j.build.xml\n    [mkdir] Created dir: /data/cmd/Ming/llm-fl-apr/tmp/Cli_5-prompt_apr_3-ernie-3.5-128k/target\n    [mkdir] Created dir: /data/cmd/Ming/llm-fl-apr/tmp/Cli_5-prompt_apr_3-ernie-3.5-128k/target/lib\n\ninit:\n\nget-deps:\n      [get] Getting: file:/data/cmd/Ming/LLM_Based-Mutation/tools/mutant/defects4j-2.1.0/framework/projects/Cli/lib/junit/junit/3.8.1/junit-3.8.1.jar\n      [get] To: /data/cmd/Ming/llm-fl-apr/tmp/Cli_5-prompt_apr_3-ernie-3.5-128k/target/lib/junit-3.8.1.jar\n\ncompile:\n    [mkdir] Created dir: /data/cmd/Ming/llm-fl-apr/tmp/Cli_5-prompt_apr_3-ernie-3.5-128k/target/classes\n    [javac] /data/cmd/Ming/llm-fl-apr/tmp/Cli_5-prompt_apr_3-ernie-3.5-128k/build.xml:46: warning: 'includeantruntime' was not set, defaulting to build.sysclasspath=last; set to false for repeatable builds\n    [javac] Compiling 20 source files to /data/cmd/Ming/llm-fl-apr/tmp/Cli_5-prompt_apr_3-ernie-3.5-128k/target/classes\n    [javac] /data/cmd/Ming/llm-fl-apr/tmp/Cli_5-prompt_apr_3-ernie-3.5-128k/src/java/org/apache/commons/cli/Util.java:48: error: illegal start of expression\n    [javac]     static String stripLeadingAndTrailingQuotes(String str)\n    [javac]     ^\n    [javac] /data/cmd/Ming/llm-fl-apr/tmp/Cli_5-prompt_apr_3-ernie-3.5-128k/src/java/org/apache/commons/cli/Util.java:48: error: ';' expected\n    [javac]     static String stripLeadingAndTrailingQuotes(String str)\n    [javac]                                                ^\n    [javac] /data/cmd/Ming/llm-fl-apr/tmp/Cli_5-prompt_apr_3-ernie-3.5-128k/src/java/org/apache/commons/cli/Util.java:48: error: ';' expected\n    [javac]     static String stripLeadingAndTrailingQuotes(String str)\n    [javac]                                                           ^\n    [javac] /data/cmd/Ming/llm-fl-apr/tmp/Cli_5-prompt_apr_3-ernie-3.5-128k/src/java/org/apache/commons/cli/Util.java:58: error: reached end of file while parsing\n    [javac] }\n    [javac]  ^\n    [javac] 4 errors\n\nBUILD FAILED\n/data/cmd/Ming/llm-fl-apr/tmp/Cli_5-prompt_apr_3-ernie-3.5-128k/build.xml:46: Compile failed; see the compiler error output for details.\n\nTotal time: 1 second\nCannot compile sources! at /data/cmd/Ming/LLM_Based-Mutation/tools/mutant/defects4j-2.1.0/framework/bin/d4j/d4j-compile line 82.\nCompilation failed in require at /data/cmd/Ming/LLM_Based-Mutation/tools/mutant/defects4j-2.1.0/framework/bin/defects4j line 195.\n"
                }
            },
            "qwen-turbo": {
                "compile": {
                    "rc": 1,
                    "so": "",
                    "se": "Running ant (compile)...................................................... FAIL\nExecuted command:  cd /data/cmd/Ming/llm-fl-apr/tmp/Cli_5-prompt_apr_3-qwen-turbo && /data/cmd/Ming/LLM_Based-Mutation/tools/mutant/defects4j-2.1.0/major/bin/ant -f /data/cmd/Ming/LLM_Based-Mutation/tools/mutant/defects4j-2.1.0/framework/projects/defects4j.build.xml -Dd4j.home=/data/cmd/Ming/LLM_Based-Mutation/tools/mutant/defects4j-2.1.0 -Dd4j.dir.projects=/data/cmd/Ming/LLM_Based-Mutation/tools/mutant/defects4j-2.1.0/framework/projects -Dbasedir=/data/cmd/Ming/llm-fl-apr/tmp/Cli_5-prompt_apr_3-qwen-turbo -Dbuild.compiler=javac1.7  compile 2>&1\nJava HotSpot(TM) 64-Bit Server VM warning: ignoring option MaxPermSize=1G; support was removed in 8.0\nBuildfile: /data/cmd/Ming/LLM_Based-Mutation/tools/mutant/defects4j-2.1.0/framework/projects/defects4j.build.xml\n    [mkdir] Created dir: /data/cmd/Ming/llm-fl-apr/tmp/Cli_5-prompt_apr_3-qwen-turbo/target\n    [mkdir] Created dir: /data/cmd/Ming/llm-fl-apr/tmp/Cli_5-prompt_apr_3-qwen-turbo/target/lib\n\ninit:\n\nget-deps:\n      [get] Getting: file:/data/cmd/Ming/LLM_Based-Mutation/tools/mutant/defects4j-2.1.0/framework/projects/Cli/lib/junit/junit/3.8.1/junit-3.8.1.jar\n      [get] To: /data/cmd/Ming/llm-fl-apr/tmp/Cli_5-prompt_apr_3-qwen-turbo/target/lib/junit-3.8.1.jar\n\ncompile:\n    [mkdir] Created dir: /data/cmd/Ming/llm-fl-apr/tmp/Cli_5-prompt_apr_3-qwen-turbo/target/classes\n    [javac] /data/cmd/Ming/llm-fl-apr/tmp/Cli_5-prompt_apr_3-qwen-turbo/build.xml:46: warning: 'includeantruntime' was not set, defaulting to build.sysclasspath=last; set to false for repeatable builds\n    [javac] Compiling 20 source files to /data/cmd/Ming/llm-fl-apr/tmp/Cli_5-prompt_apr_3-qwen-turbo/target/classes\n    [javac] /data/cmd/Ming/llm-fl-apr/tmp/Cli_5-prompt_apr_3-qwen-turbo/src/java/org/apache/commons/cli/Util.java:34: error: illegal character: \\96\n    [javac] ```java\n    [javac] ^\n    [javac] /data/cmd/Ming/llm-fl-apr/tmp/Cli_5-prompt_apr_3-qwen-turbo/src/java/org/apache/commons/cli/Util.java:34: error: illegal character: \\96\n    [javac] ```java\n    [javac]  ^\n    [javac] /data/cmd/Ming/llm-fl-apr/tmp/Cli_5-prompt_apr_3-qwen-turbo/src/java/org/apache/commons/cli/Util.java:34: error: illegal character: \\96\n    [javac] ```java\n    [javac]   ^\n    [javac] /data/cmd/Ming/llm-fl-apr/tmp/Cli_5-prompt_apr_3-qwen-turbo/src/java/org/apache/commons/cli/Util.java:40: error: illegal character: \\96\n    [javac] ```\n    [javac] ^\n    [javac] /data/cmd/Ming/llm-fl-apr/tmp/Cli_5-prompt_apr_3-qwen-turbo/src/java/org/apache/commons/cli/Util.java:40: error: illegal character: \\96\n    [javac] ```\n    [javac]  ^\n    [javac] /data/cmd/Ming/llm-fl-apr/tmp/Cli_5-prompt_apr_3-qwen-turbo/src/java/org/apache/commons/cli/Util.java:40: error: illegal character: \\96\n    [javac] ```\n    [javac]   ^\n    [javac] /data/cmd/Ming/llm-fl-apr/tmp/Cli_5-prompt_apr_3-qwen-turbo/src/java/org/apache/commons/cli/Util.java:50: error: illegal start of expression\n    [javac]     static String stripLeadingAndTrailingQuotes(String str)\n    [javac]     ^\n    [javac] /data/cmd/Ming/llm-fl-apr/tmp/Cli_5-prompt_apr_3-qwen-turbo/src/java/org/apache/commons/cli/Util.java:50: error: ';' expected\n    [javac]     static String stripLeadingAndTrailingQuotes(String str)\n    [javac]                  ^\n    [javac] /data/cmd/Ming/llm-fl-apr/tmp/Cli_5-prompt_apr_3-qwen-turbo/src/java/org/apache/commons/cli/Util.java:50: error: ')' expected\n    [javac]     static String stripLeadingAndTrailingQuotes(String str)\n    [javac]                                                       ^\n    [javac] /data/cmd/Ming/llm-fl-apr/tmp/Cli_5-prompt_apr_3-qwen-turbo/src/java/org/apache/commons/cli/Util.java:50: error: illegal start of expression\n    [javac]     static String stripLeadingAndTrailingQuotes(String str)\n    [javac]                                                           ^\n    [javac] /data/cmd/Ming/llm-fl-apr/tmp/Cli_5-prompt_apr_3-qwen-turbo/src/java/org/apache/commons/cli/Util.java:50: error: ';' expected\n    [javac]     static String stripLeadingAndTrailingQuotes(String str)\n    [javac]                                                            ^\n    [javac] /data/cmd/Ming/llm-fl-apr/tmp/Cli_5-prompt_apr_3-qwen-turbo/src/java/org/apache/commons/cli/Util.java:60: error: reached end of file while parsing\n    [javac] }\n    [javac]  ^\n    [javac] 12 errors\n\nBUILD FAILED\n/data/cmd/Ming/llm-fl-apr/tmp/Cli_5-prompt_apr_3-qwen-turbo/build.xml:46: Compile failed; see the compiler error output for details.\n\nTotal time: 2 seconds\nCannot compile sources! at /data/cmd/Ming/LLM_Based-Mutation/tools/mutant/defects4j-2.1.0/framework/bin/d4j/d4j-compile line 82.\nCompilation failed in require at /data/cmd/Ming/LLM_Based-Mutation/tools/mutant/defects4j-2.1.0/framework/bin/defects4j line 195.\n"
                }
            },
            "doubao-pro-4k": {
                "compile": {
                    "rc": 1,
                    "so": "",
                    "se": "Running ant (compile)...................................................... FAIL\nExecuted command:  cd /data/cmd/Ming/llm-fl-apr/tmp/Cli_5-prompt_apr_3-doubao-pro-4k && /data/cmd/Ming/LLM_Based-Mutation/tools/mutant/defects4j-2.1.0/major/bin/ant -f /data/cmd/Ming/LLM_Based-Mutation/tools/mutant/defects4j-2.1.0/framework/projects/defects4j.build.xml -Dd4j.home=/data/cmd/Ming/LLM_Based-Mutation/tools/mutant/defects4j-2.1.0 -Dd4j.dir.projects=/data/cmd/Ming/LLM_Based-Mutation/tools/mutant/defects4j-2.1.0/framework/projects -Dbasedir=/data/cmd/Ming/llm-fl-apr/tmp/Cli_5-prompt_apr_3-doubao-pro-4k -Dbuild.compiler=javac1.7  compile 2>&1\nJava HotSpot(TM) 64-Bit Server VM warning: ignoring option MaxPermSize=1G; support was removed in 8.0\nBuildfile: /data/cmd/Ming/LLM_Based-Mutation/tools/mutant/defects4j-2.1.0/framework/projects/defects4j.build.xml\n    [mkdir] Created dir: /data/cmd/Ming/llm-fl-apr/tmp/Cli_5-prompt_apr_3-doubao-pro-4k/target\n    [mkdir] Created dir: /data/cmd/Ming/llm-fl-apr/tmp/Cli_5-prompt_apr_3-doubao-pro-4k/target/lib\n\ninit:\n\nget-deps:\n      [get] Getting: file:/data/cmd/Ming/LLM_Based-Mutation/tools/mutant/defects4j-2.1.0/framework/projects/Cli/lib/junit/junit/3.8.1/junit-3.8.1.jar\n      [get] To: /data/cmd/Ming/llm-fl-apr/tmp/Cli_5-prompt_apr_3-doubao-pro-4k/target/lib/junit-3.8.1.jar\n\ncompile:\n    [mkdir] Created dir: /data/cmd/Ming/llm-fl-apr/tmp/Cli_5-prompt_apr_3-doubao-pro-4k/target/classes\n    [javac] /data/cmd/Ming/llm-fl-apr/tmp/Cli_5-prompt_apr_3-doubao-pro-4k/build.xml:46: warning: 'includeantruntime' was not set, defaulting to build.sysclasspath=last; set to false for repeatable builds\n    [javac] Compiling 20 source files to /data/cmd/Ming/llm-fl-apr/tmp/Cli_5-prompt_apr_3-doubao-pro-4k/target/classes\n    [javac] warning: /home/cmd/jdk1.8.0_391/lib/ct.sym(META-INF/sym/rt.jar/java/lang/Exception.class): major version 52 is newer than 51, the highest major version supported by this compiler.\n    [javac]   It is recommended that the compiler be upgraded.\n    [javac] warning: /home/cmd/jdk1.8.0_391/lib/ct.sym(META-INF/sym/rt.jar/java/lang/Throwable.class): major version 52 is newer than 51, the highest major version supported by this compiler.\n    [javac]   It is recommended that the compiler be upgraded.\n    [javac] warning: /home/cmd/jdk1.8.0_391/lib/ct.sym(META-INF/sym/rt.jar/java/io/Serializable.class): major version 52 is newer than 51, the highest major version supported by this compiler.\n    [javac]   It is recommended that the compiler be upgraded.\n    [javac] warning: /home/cmd/jdk1.8.0_391/lib/ct.sym(META-INF/sym/rt.jar/java/lang/Object.class): major version 52 is newer than 51, the highest major version supported by this compiler.\n    [javac]   It is recommended that the compiler be upgraded.\n    [javac] warning: /home/cmd/jdk1.8.0_391/lib/ct.sym(META-INF/sym/rt.jar/java/lang/String.class): major version 52 is newer than 51, the highest major version supported by this compiler.\n    [javac]   It is recommended that the compiler be upgraded.\n    [javac] warning: /home/cmd/jdk1.8.0_391/lib/ct.sym(META-INF/sym/rt.jar/java/util/Arrays.class): major version 52 is newer than 51, the highest major version supported by this compiler.\n    [javac]   It is recommended that the compiler be upgraded.\n    [javac] warning: /home/cmd/jdk1.8.0_391/lib/ct.sym(META-INF/sym/rt.jar/java/util/Enumeration.class): major version 52 is newer than 51, the highest major version supported by this compiler.\n    [javac]   It is recommended that the compiler be upgraded.\n    [javac] warning: /home/cmd/jdk1.8.0_391/lib/ct.sym(META-INF/sym/rt.jar/java/util/Iterator.class): major version 52 is newer than 51, the highest major version supported by this compiler.\n    [javac]   It is recommended that the compiler be upgraded.\n    [javac] warning: /home/cmd/jdk1.8.0_391/lib/ct.sym(META-INF/sym/rt.jar/java/util/List.class): major version 52 is newer than 51, the highest major version supported by this compiler.\n    [javac]   It is recommended that the compiler be upgraded.\n    [javac] warning: /home/cmd/jdk1.8.0_391/lib/ct.sym(META-INF/sym/rt.jar/java/util/ListIterator.class): major version 52 is newer than 51, the highest major version supported by this compiler.\n    [javac]   It is recommended that the compiler be upgraded.\n    [javac] warning: /home/cmd/jdk1.8.0_391/lib/ct.sym(META-INF/sym/rt.jar/java/util/Properties.class): major version 52 is newer than 51, the highest major version supported by this compiler.\n    [javac]   It is recommended that the compiler be upgraded.\n    [javac] warning: /home/cmd/jdk1.8.0_391/lib/ct.sym(META-INF/sym/rt.jar/java/util/ArrayList.class): major version 52 is newer than 51, the highest major version supported by this compiler.\n    [javac]   It is recommended that the compiler be upgraded.\n    [javac] warning: /home/cmd/jdk1.8.0_391/lib/ct.sym(META-INF/sym/rt.jar/java/util/Collection.class): major version 52 is newer than 51, the highest major version supported by this compiler.\n    [javac]   It is recommended that the compiler be upgraded.\n    [javac] warning: /home/cmd/jdk1.8.0_391/lib/ct.sym(META-INF/sym/rt.jar/java/util/Collections.class): major version 52 is newer than 51, the highest major version supported by this compiler.\n    [javac]   It is recommended that the compiler be upgraded.\n    [javac] warning: /home/cmd/jdk1.8.0_391/lib/ct.sym(META-INF/sym/rt.jar/java/util/HashMap.class): major version 52 is newer than 51, the highest major version supported by this compiler.\n    [javac]   It is recommended that the compiler be upgraded.\n    [javac] warning: /home/cmd/jdk1.8.0_391/lib/ct.sym(META-INF/sym/rt.jar/java/util/HashSet.class): major version 52 is newer than 51, the highest major version supported by this compiler.\n    [javac]   It is recommended that the compiler be upgraded.\n    [javac] warning: /home/cmd/jdk1.8.0_391/lib/ct.sym(META-INF/sym/rt.jar/java/util/Map.class): major version 52 is newer than 51, the highest major version supported by this compiler.\n    [javac]   It is recommended that the compiler be upgraded.\n    [javac] warning: /home/cmd/jdk1.8.0_391/lib/ct.sym(META-INF/sym/rt.jar/java/util/LinkedList.class): major version 52 is newer than 51, the highest major version supported by this compiler.\n    [javac]   It is recommended that the compiler be upgraded.\n    [javac] warning: /home/cmd/jdk1.8.0_391/lib/ct.sym(META-INF/sym/rt.jar/java/util/Set.class): major version 52 is newer than 51, the highest major version supported by this compiler.\n    [javac]   It is recommended that the compiler be upgraded.\n    [javac] warning: /home/cmd/jdk1.8.0_391/lib/ct.sym(META-INF/sym/rt.jar/java/lang/IllegalArgumentException.class): major version 52 is newer than 51, the highest major version supported by this compiler.\n    [javac]   It is recommended that the compiler be upgraded.\n    [javac] warning: /home/cmd/jdk1.8.0_391/lib/ct.sym(META-INF/sym/rt.jar/java/lang/IndexOutOfBoundsException.class): major version 52 is newer than 51, the highest major version supported by this compiler.\n    [javac]   It is recommended that the compiler be upgraded.\n    [javac] warning: /home/cmd/jdk1.8.0_391/lib/ct.sym(META-INF/sym/rt.jar/java/io/PrintWriter.class): major version 52 is newer than 51, the highest major version supported by this compiler.\n    [javac]   It is recommended that the compiler be upgraded.\n    [javac] warning: /home/cmd/jdk1.8.0_391/lib/ct.sym(META-INF/sym/rt.jar/java/util/Comparator.class): major version 52 is newer than 51, the highest major version supported by this compiler.\n    [javac]   It is recommended that the compiler be upgraded.\n    [javac] warning: /home/cmd/jdk1.8.0_391/lib/ct.sym(META-INF/sym/rt.jar/java/lang/StringBuffer.class): major version 52 is newer than 51, the highest major version supported by this compiler.\n    [javac]   It is recommended that the compiler be upgraded.\n    [javac] warning: /home/cmd/jdk1.8.0_391/lib/ct.sym(META-INF/sym/rt.jar/java/lang/Class.class): major version 52 is newer than 51, the highest major version supported by this compiler.\n    [javac]   It is recommended that the compiler be upgraded.\n    [javac] warning: /home/cmd/jdk1.8.0_391/lib/ct.sym(META-INF/sym/rt.jar/java/io/File.class): major version 52 is newer than 51, the highest major version supported by this compiler.\n    [javac]   It is recommended that the compiler be upgraded.\n    [javac] warning: /home/cmd/jdk1.8.0_391/lib/ct.sym(META-INF/sym/rt.jar/java/net/MalformedURLException.class): major version 52 is newer than 51, the highest major version supported by this compiler.\n    [javac]   It is recommended that the compiler be upgraded.\n    [javac] warning: /home/cmd/jdk1.8.0_391/lib/ct.sym(META-INF/sym/rt.jar/java/net/URL.class): major version 52 is newer than 51, the highest major version supported by this compiler.\n    [javac]   It is recommended that the compiler be upgraded.\n    [javac] warning: /home/cmd/jdk1.8.0_391/lib/ct.sym(META-INF/sym/rt.jar/java/util/Date.class): major version 52 is newer than 51, the highest major version supported by this compiler.\n    [javac]   It is recommended that the compiler be upgraded.\n    [javac] warning: /home/cmd/jdk1.8.0_391/lib/ct.sym(META-INF/sym/rt.jar/java/lang/Number.class): major version 52 is newer than 51, the highest major version supported by this compiler.\n    [javac]   It is recommended that the compiler be upgraded.\n    [javac] /home/cmd/jdk1.8.0_391/lib/ct.sym(META-INF/sym/rt.jar/java/lang/Exception.class): warning: Cannot find annotation method 'value()' in type 'Profile+Annotation': class file for jdk.Profile+Annotation not found\n    [javac] /home/cmd/jdk1.8.0_391/lib/ct.sym(META-INF/sym/rt.jar/java/lang/Throwable.class): warning: Cannot find annotation method 'value()' in type 'Profile+Annotation'\n    [javac] /home/cmd/jdk1.8.0_391/lib/ct.sym(META-INF/sym/rt.jar/java/io/Serializable.class): warning: Cannot find annotation method 'value()' in type 'Profile+Annotation'\n    [javac] /home/cmd/jdk1.8.0_391/lib/ct.sym(META-INF/sym/rt.jar/java/lang/Object.class): warning: Cannot find annotation method 'value()' in type 'Profile+Annotation'\n    [javac] /home/cmd/jdk1.8.0_391/lib/ct.sym(META-INF/sym/rt.jar/java/lang/String.class): warning: Cannot find annotation method 'value()' in type 'Profile+Annotation'\n    [javac] /home/cmd/jdk1.8.0_391/lib/ct.sym(META-INF/sym/rt.jar/java/util/Arrays.class): warning: Cannot find annotation method 'value()' in type 'Profile+Annotation'\n    [javac] /home/cmd/jdk1.8.0_391/lib/ct.sym(META-INF/sym/rt.jar/java/util/Enumeration.class): warning: Cannot find annotation method 'value()' in type 'Profile+Annotation'\n    [javac] /home/cmd/jdk1.8.0_391/lib/ct.sym(META-INF/sym/rt.jar/java/util/Iterator.class): warning: Cannot find annotation method 'value()' in type 'Profile+Annotation'\n    [javac] /home/cmd/jdk1.8.0_391/lib/ct.sym(META-INF/sym/rt.jar/java/util/List.class): warning: Cannot find annotation method 'value()' in type 'Profile+Annotation'\n    [javac] /home/cmd/jdk1.8.0_391/lib/ct.sym(META-INF/sym/rt.jar/java/util/ListIterator.class): warning: Cannot find annotation method 'value()' in type 'Profile+Annotation'\n    [javac] /home/cmd/jdk1.8.0_391/lib/ct.sym(META-INF/sym/rt.jar/java/util/Properties.class): warning: Cannot find annotation method 'value()' in type 'Profile+Annotation'\n    [javac] /home/cmd/jdk1.8.0_391/lib/ct.sym(META-INF/sym/rt.jar/java/util/ArrayList.class): warning: Cannot find annotation method 'value()' in type 'Profile+Annotation'\n    [javac] /home/cmd/jdk1.8.0_391/lib/ct.sym(META-INF/sym/rt.jar/java/util/Collection.class): warning: Cannot find annotation method 'value()' in type 'Profile+Annotation'\n    [javac] /home/cmd/jdk1.8.0_391/lib/ct.sym(META-INF/sym/rt.jar/java/util/Collections.class): warning: Cannot find annotation method 'value()' in type 'Profile+Annotation'\n    [javac] /home/cmd/jdk1.8.0_391/lib/ct.sym(META-INF/sym/rt.jar/java/util/HashMap.class): warning: Cannot find annotation method 'value()' in type 'Profile+Annotation'\n    [javac] /home/cmd/jdk1.8.0_391/lib/ct.sym(META-INF/sym/rt.jar/java/util/HashSet.class): warning: Cannot find annotation method 'value()' in type 'Profile+Annotation'\n    [javac] /home/cmd/jdk1.8.0_391/lib/ct.sym(META-INF/sym/rt.jar/java/util/Map.class): warning: Cannot find annotation method 'value()' in type 'Profile+Annotation'\n    [javac] /home/cmd/jdk1.8.0_391/lib/ct.sym(META-INF/sym/rt.jar/java/util/LinkedList.class): warning: Cannot find annotation method 'value()' in type 'Profile+Annotation'\n    [javac] /home/cmd/jdk1.8.0_391/lib/ct.sym(META-INF/sym/rt.jar/java/util/Set.class): warning: Cannot find annotation method 'value()' in type 'Profile+Annotation'\n    [javac] /home/cmd/jdk1.8.0_391/lib/ct.sym(META-INF/sym/rt.jar/java/lang/IllegalArgumentException.class): warning: Cannot find annotation method 'value()' in type 'Profile+Annotation'\n    [javac] /home/cmd/jdk1.8.0_391/lib/ct.sym(META-INF/sym/rt.jar/java/lang/IndexOutOfBoundsException.class): warning: Cannot find annotation method 'value()' in type 'Profile+Annotation'\n    [javac] /home/cmd/jdk1.8.0_391/lib/ct.sym(META-INF/sym/rt.jar/java/io/PrintWriter.class): warning: Cannot find annotation method 'value()' in type 'Profile+Annotation'\n    [javac] /home/cmd/jdk1.8.0_391/lib/ct.sym(META-INF/sym/rt.jar/java/util/Comparator.class): warning: Cannot find annotation method 'value()' in type 'Profile+Annotation'\n    [javac] /home/cmd/jdk1.8.0_391/lib/ct.sym(META-INF/sym/rt.jar/java/lang/StringBuffer.class): warning: Cannot find annotation method 'value()' in type 'Profile+Annotation'\n    [javac] /home/cmd/jdk1.8.0_391/lib/ct.sym(META-INF/sym/rt.jar/java/lang/Class.class): warning: Cannot find annotation method 'value()' in type 'Profile+Annotation'\n    [javac] /home/cmd/jdk1.8.0_391/lib/ct.sym(META-INF/sym/rt.jar/java/io/File.class): warning: Cannot find annotation method 'value()' in type 'Profile+Annotation'\n    [javac] /home/cmd/jdk1.8.0_391/lib/ct.sym(META-INF/sym/rt.jar/java/net/MalformedURLException.class): warning: Cannot find annotation method 'value()' in type 'Profile+Annotation'\n    [javac] /home/cmd/jdk1.8.0_391/lib/ct.sym(META-INF/sym/rt.jar/java/net/URL.class): warning: Cannot find annotation method 'value()' in type 'Profile+Annotation'\n    [javac] /home/cmd/jdk1.8.0_391/lib/ct.sym(META-INF/sym/rt.jar/java/util/Date.class): warning: Cannot find annotation method 'value()' in type 'Profile+Annotation'\n    [javac] /home/cmd/jdk1.8.0_391/lib/ct.sym(META-INF/sym/rt.jar/java/lang/Number.class): warning: Cannot find annotation method 'value()' in type 'Profile+Annotation'\n    [javac] warning: /home/cmd/jdk1.8.0_391/lib/ct.sym(META-INF/sym/rt.jar/java/lang/AutoCloseable.class): major version 52 is newer than 51, the highest major version supported by this compiler.\n    [javac]   It is recommended that the compiler be upgraded.\n    [javac] /home/cmd/jdk1.8.0_391/lib/ct.sym(META-INF/sym/rt.jar/java/lang/AutoCloseable.class): warning: Cannot find annotation method 'value()' in type 'Profile+Annotation'\n    [javac] warning: /home/cmd/jdk1.8.0_391/lib/ct.sym(META-INF/sym/rt.jar/java/lang/Error.class): major version 52 is newer than 51, the highest major version supported by this compiler.\n    [javac]   It is recommended that the compiler be upgraded.\n    [javac] /home/cmd/jdk1.8.0_391/lib/ct.sym(META-INF/sym/rt.jar/java/lang/Error.class): warning: Cannot find annotation method 'value()' in type 'Profile+Annotation'\n    [javac] warning: /home/cmd/jdk1.8.0_391/lib/ct.sym(META-INF/sym/rt.jar/java/lang/RuntimeException.class): major version 52 is newer than 51, the highest major version supported by this compiler.\n    [javac]   It is recommended that the compiler be upgraded.\n    [javac] /home/cmd/jdk1.8.0_391/lib/ct.sym(META-INF/sym/rt.jar/java/lang/RuntimeException.class): warning: Cannot find annotation method 'value()' in type 'Profile+Annotation'\n    [javac] warning: /home/cmd/jdk1.8.0_391/lib/ct.sym(META-INF/sym/rt.jar/java/lang/Iterable.class): major version 52 is newer than 51, the highest major version supported by this compiler.\n    [javac]   It is recommended that the compiler be upgraded.\n    [javac] /home/cmd/jdk1.8.0_391/lib/ct.sym(META-INF/sym/rt.jar/java/lang/Iterable.class): warning: Cannot find annotation method 'value()' in type 'Profile+Annotation'\n    [javac] warning: /home/cmd/jdk1.8.0_391/lib/ct.sym(META-INF/sym/rt.jar/java/util/Hashtable.class): major version 52 is newer than 51, the highest major version supported by this compiler.\n    [javac]   It is recommended that the compiler be upgraded.\n    [javac] /home/cmd/jdk1.8.0_391/lib/ct.sym(META-INF/sym/rt.jar/java/util/Hashtable.class): warning: Cannot find annotation method 'value()' in type 'Profile+Annotation'\n    [javac] warning: /home/cmd/jdk1.8.0_391/lib/ct.sym(META-INF/sym/rt.jar/java/util/Dictionary.class): major version 52 is newer than 51, the highest major version supported by this compiler.\n    [javac]   It is recommended that the compiler be upgraded.\n    [javac] /home/cmd/jdk1.8.0_391/lib/ct.sym(META-INF/sym/rt.jar/java/util/Dictionary.class): warning: Cannot find annotation method 'value()' in type 'Profile+Annotation'\n    [javac] warning: /home/cmd/jdk1.8.0_391/lib/ct.sym(META-INF/sym/rt.jar/java/lang/CharSequence.class): major version 52 is newer than 51, the highest major version supported by this compiler.\n    [javac]   It is recommended that the compiler be upgraded.\n    [javac] /home/cmd/jdk1.8.0_391/lib/ct.sym(META-INF/sym/rt.jar/java/lang/CharSequence.class): warning: Cannot find annotation method 'value()' in type 'Profile+Annotation'\n    [javac] warning: /home/cmd/jdk1.8.0_391/lib/ct.sym(META-INF/sym/rt.jar/java/lang/Comparable.class): major version 52 is newer than 51, the highest major version supported by this compiler.\n    [javac]   It is recommended that the compiler be upgraded.\n    [javac] /home/cmd/jdk1.8.0_391/lib/ct.sym(META-INF/sym/rt.jar/java/lang/Comparable.class): warning: Cannot find annotation method 'value()' in type 'Profile+Annotation'\n    [javac] warning: /home/cmd/jdk1.8.0_391/lib/ct.sym(META-INF/sym/rt.jar/java/lang/AbstractStringBuilder.class): major version 52 is newer than 51, the highest major version supported by this compiler.\n    [javac]   It is recommended that the compiler be upgraded.\n    [javac] /home/cmd/jdk1.8.0_391/lib/ct.sym(META-INF/sym/rt.jar/java/lang/AbstractStringBuilder.class): warning: Cannot find annotation method 'value()' in type 'Profile+Annotation'\n    [javac] warning: /home/cmd/jdk1.8.0_391/lib/ct.sym(META-INF/sym/rt.jar/java/lang/StringBuilder.class): major version 52 is newer than 51, the highest major version supported by this compiler.\n    [javac]   It is recommended that the compiler be upgraded.\n    [javac] /home/cmd/jdk1.8.0_391/lib/ct.sym(META-INF/sym/rt.jar/java/lang/StringBuilder.class): warning: Cannot find annotation method 'value()' in type 'Profile+Annotation'\n    [javac] warning: /home/cmd/jdk1.8.0_391/lib/ct.sym(META-INF/sym/rt.jar/java/util/AbstractMap.class): major version 52 is newer than 51, the highest major version supported by this compiler.\n    [javac]   It is recommended that the compiler be upgraded.\n    [javac] /home/cmd/jdk1.8.0_391/lib/ct.sym(META-INF/sym/rt.jar/java/util/AbstractMap.class): warning: Cannot find annotation method 'value()' in type 'Profile+Annotation'\n    [javac] warning: /home/cmd/jdk1.8.0_391/lib/ct.sym(META-INF/sym/rt.jar/java/util/AbstractList.class): major version 52 is newer than 51, the highest major version supported by this compiler.\n    [javac]   It is recommended that the compiler be upgraded.\n    [javac] /home/cmd/jdk1.8.0_391/lib/ct.sym(META-INF/sym/rt.jar/java/util/AbstractList.class): warning: Cannot find annotation method 'value()' in type 'Profile+Annotation'\n    [javac] warning: /home/cmd/jdk1.8.0_391/lib/ct.sym(META-INF/sym/rt.jar/java/util/AbstractCollection.class): major version 52 is newer than 51, the highest major version supported by this compiler.\n    [javac]   It is recommended that the compiler be upgraded.\n    [javac] /home/cmd/jdk1.8.0_391/lib/ct.sym(META-INF/sym/rt.jar/java/util/AbstractCollection.class): warning: Cannot find annotation method 'value()' in type 'Profile+Annotation'\n    [javac] warning: /home/cmd/jdk1.8.0_391/lib/ct.sym(META-INF/sym/rt.jar/java/util/AbstractSet.class): major version 52 is newer than 51, the highest major version supported by this compiler.\n    [javac]   It is recommended that the compiler be upgraded.\n    [javac] /home/cmd/jdk1.8.0_391/lib/ct.sym(META-INF/sym/rt.jar/java/util/AbstractSet.class): warning: Cannot find annotation method 'value()' in type 'Profile+Annotation'\n    [javac] warning: /home/cmd/jdk1.8.0_391/lib/ct.sym(META-INF/sym/rt.jar/java/util/AbstractSequentialList.class): major version 52 is newer than 51, the highest major version supported by this compiler.\n    [javac]   It is recommended that the compiler be upgraded.\n    [javac] /home/cmd/jdk1.8.0_391/lib/ct.sym(META-INF/sym/rt.jar/java/util/AbstractSequentialList.class): warning: Cannot find annotation method 'value()' in type 'Profile+Annotation'\n    [javac] warning: /home/cmd/jdk1.8.0_391/lib/ct.sym(META-INF/sym/rt.jar/java/lang/Byte.class): major version 52 is newer than 51, the highest major version supported by this compiler.\n    [javac]   It is recommended that the compiler be upgraded.\n    [javac] /home/cmd/jdk1.8.0_391/lib/ct.sym(META-INF/sym/rt.jar/java/lang/Byte.class): warning: Cannot find annotation method 'value()' in type 'Profile+Annotation'\n    [javac] warning: /home/cmd/jdk1.8.0_391/lib/ct.sym(META-INF/sym/rt.jar/java/lang/Character.class): major version 52 is newer than 51, the highest major version supported by this compiler.\n    [javac]   It is recommended that the compiler be upgraded.\n    [javac] /home/cmd/jdk1.8.0_391/lib/ct.sym(META-INF/sym/rt.jar/java/lang/Character.class): warning: Cannot find annotation method 'value()' in type 'Profile+Annotation'\n    [javac] warning: /home/cmd/jdk1.8.0_391/lib/ct.sym(META-INF/sym/rt.jar/java/lang/Short.class): major version 52 is newer than 51, the highest major version supported by this compiler.\n    [javac]   It is recommended that the compiler be upgraded.\n    [javac] /home/cmd/jdk1.8.0_391/lib/ct.sym(META-INF/sym/rt.jar/java/lang/Short.class): warning: Cannot find annotation method 'value()' in type 'Profile+Annotation'\n    [javac] warning: /home/cmd/jdk1.8.0_391/lib/ct.sym(META-INF/sym/rt.jar/java/lang/Integer.class): major version 52 is newer than 51, the highest major version supported by this compiler.\n    [javac]   It is recommended that the compiler be upgraded.\n    [javac] /home/cmd/jdk1.8.0_391/lib/ct.sym(META-INF/sym/rt.jar/java/lang/Integer.class): warning: Cannot find annotation method 'value()' in type 'Profile+Annotation'\n    [javac] warning: /home/cmd/jdk1.8.0_391/lib/ct.sym(META-INF/sym/rt.jar/java/lang/Long.class): major version 52 is newer than 51, the highest major version supported by this compiler.\n    [javac]   It is recommended that the compiler be upgraded.\n    [javac] /home/cmd/jdk1.8.0_391/lib/ct.sym(META-INF/sym/rt.jar/java/lang/Long.class): warning: Cannot find annotation method 'value()' in type 'Profile+Annotation'\n    [javac] /data/cmd/Ming/llm-fl-apr/tmp/Cli_5-prompt_apr_3-doubao-pro-4k/src/java/org/apache/commons/cli/Util.java:40: error: missing return statement\n    [javac]     }\n    [javac]     ^\n    [javac] Note: Some input files use unchecked or unsafe operations.\n    [javac] Note: Recompile with -Xlint:unchecked for details.\n    [javac] 1 error\n    [javac] 100 warnings\n\nBUILD FAILED\n/data/cmd/Ming/llm-fl-apr/tmp/Cli_5-prompt_apr_3-doubao-pro-4k/build.xml:46: Compile failed; see the compiler error output for details.\n\nTotal time: 3 seconds\nCannot compile sources! at /data/cmd/Ming/LLM_Based-Mutation/tools/mutant/defects4j-2.1.0/framework/bin/d4j/d4j-compile line 82.\nCompilation failed in require at /data/cmd/Ming/LLM_Based-Mutation/tools/mutant/defects4j-2.1.0/framework/bin/defects4j line 195.\n"
                }
            },
            "gpt-4o-mini": {
                "compile": {
                    "rc": 1,
                    "so": "",
                    "se": "Running ant (compile)...................................................... FAIL\nExecuted command:  cd /data/cmd/Ming/llm-fl-apr/tmp/Cli_5-prompt_apr_3-gpt-4o-mini && /data/cmd/Ming/LLM_Based-Mutation/tools/mutant/defects4j-2.1.0/major/bin/ant -f /data/cmd/Ming/LLM_Based-Mutation/tools/mutant/defects4j-2.1.0/framework/projects/defects4j.build.xml -Dd4j.home=/data/cmd/Ming/LLM_Based-Mutation/tools/mutant/defects4j-2.1.0 -Dd4j.dir.projects=/data/cmd/Ming/LLM_Based-Mutation/tools/mutant/defects4j-2.1.0/framework/projects -Dbasedir=/data/cmd/Ming/llm-fl-apr/tmp/Cli_5-prompt_apr_3-gpt-4o-mini -Dbuild.compiler=javac1.7  compile 2>&1\nJava HotSpot(TM) 64-Bit Server VM warning: ignoring option MaxPermSize=1G; support was removed in 8.0\nBuildfile: /data/cmd/Ming/LLM_Based-Mutation/tools/mutant/defects4j-2.1.0/framework/projects/defects4j.build.xml\n    [mkdir] Created dir: /data/cmd/Ming/llm-fl-apr/tmp/Cli_5-prompt_apr_3-gpt-4o-mini/target\n    [mkdir] Created dir: /data/cmd/Ming/llm-fl-apr/tmp/Cli_5-prompt_apr_3-gpt-4o-mini/target/lib\n\ninit:\n\nget-deps:\n      [get] Getting: file:/data/cmd/Ming/LLM_Based-Mutation/tools/mutant/defects4j-2.1.0/framework/projects/Cli/lib/junit/junit/3.8.1/junit-3.8.1.jar\n      [get] To: /data/cmd/Ming/llm-fl-apr/tmp/Cli_5-prompt_apr_3-gpt-4o-mini/target/lib/junit-3.8.1.jar\n\ncompile:\n    [mkdir] Created dir: /data/cmd/Ming/llm-fl-apr/tmp/Cli_5-prompt_apr_3-gpt-4o-mini/target/classes\n    [javac] /data/cmd/Ming/llm-fl-apr/tmp/Cli_5-prompt_apr_3-gpt-4o-mini/build.xml:46: warning: 'includeantruntime' was not set, defaulting to build.sysclasspath=last; set to false for repeatable builds\n    [javac] Compiling 20 source files to /data/cmd/Ming/llm-fl-apr/tmp/Cli_5-prompt_apr_3-gpt-4o-mini/target/classes\n    [javac] /data/cmd/Ming/llm-fl-apr/tmp/Cli_5-prompt_apr_3-gpt-4o-mini/src/java/org/apache/commons/cli/Util.java:49: error: illegal start of expression\n    [javac]     static String stripLeadingAndTrailingQuotes(String str)\n    [javac]     ^\n    [javac] /data/cmd/Ming/llm-fl-apr/tmp/Cli_5-prompt_apr_3-gpt-4o-mini/src/java/org/apache/commons/cli/Util.java:49: error: ';' expected\n    [javac]     static String stripLeadingAndTrailingQuotes(String str)\n    [javac]                                                ^\n    [javac] /data/cmd/Ming/llm-fl-apr/tmp/Cli_5-prompt_apr_3-gpt-4o-mini/src/java/org/apache/commons/cli/Util.java:49: error: ';' expected\n    [javac]     static String stripLeadingAndTrailingQuotes(String str)\n    [javac]                                                           ^\n    [javac] /data/cmd/Ming/llm-fl-apr/tmp/Cli_5-prompt_apr_3-gpt-4o-mini/src/java/org/apache/commons/cli/Util.java:59: error: reached end of file while parsing\n    [javac] }\n    [javac]  ^\n    [javac] 4 errors\n\nBUILD FAILED\n/data/cmd/Ming/llm-fl-apr/tmp/Cli_5-prompt_apr_3-gpt-4o-mini/build.xml:46: Compile failed; see the compiler error output for details.\n\nTotal time: 2 seconds\nCannot compile sources! at /data/cmd/Ming/LLM_Based-Mutation/tools/mutant/defects4j-2.1.0/framework/bin/d4j/d4j-compile line 82.\nCompilation failed in require at /data/cmd/Ming/LLM_Based-Mutation/tools/mutant/defects4j-2.1.0/framework/bin/defects4j line 195.\n"
                }
            },
            "deepseek-chat": {
                "compile": {
                    "rc": 1,
                    "so": "",
                    "se": "Running ant (compile)...................................................... FAIL\nExecuted command:  cd /data/cmd/Ming/llm-fl-apr/tmp/Cli_5-prompt_apr_3-deepseek-chat && /data/cmd/Ming/LLM_Based-Mutation/tools/mutant/defects4j-2.1.0/major/bin/ant -f /data/cmd/Ming/LLM_Based-Mutation/tools/mutant/defects4j-2.1.0/framework/projects/defects4j.build.xml -Dd4j.home=/data/cmd/Ming/LLM_Based-Mutation/tools/mutant/defects4j-2.1.0 -Dd4j.dir.projects=/data/cmd/Ming/LLM_Based-Mutation/tools/mutant/defects4j-2.1.0/framework/projects -Dbasedir=/data/cmd/Ming/llm-fl-apr/tmp/Cli_5-prompt_apr_3-deepseek-chat -Dbuild.compiler=javac1.7  compile 2>&1\nJava HotSpot(TM) 64-Bit Server VM warning: ignoring option MaxPermSize=1G; support was removed in 8.0\nBuildfile: /data/cmd/Ming/LLM_Based-Mutation/tools/mutant/defects4j-2.1.0/framework/projects/defects4j.build.xml\n    [mkdir] Created dir: /data/cmd/Ming/llm-fl-apr/tmp/Cli_5-prompt_apr_3-deepseek-chat/target\n    [mkdir] Created dir: /data/cmd/Ming/llm-fl-apr/tmp/Cli_5-prompt_apr_3-deepseek-chat/target/lib\n\ninit:\n\nget-deps:\n      [get] Getting: file:/data/cmd/Ming/LLM_Based-Mutation/tools/mutant/defects4j-2.1.0/framework/projects/Cli/lib/junit/junit/3.8.1/junit-3.8.1.jar\n      [get] To: /data/cmd/Ming/llm-fl-apr/tmp/Cli_5-prompt_apr_3-deepseek-chat/target/lib/junit-3.8.1.jar\n\ncompile:\n    [mkdir] Created dir: /data/cmd/Ming/llm-fl-apr/tmp/Cli_5-prompt_apr_3-deepseek-chat/target/classes\n    [javac] /data/cmd/Ming/llm-fl-apr/tmp/Cli_5-prompt_apr_3-deepseek-chat/build.xml:46: warning: 'includeantruntime' was not set, defaulting to build.sysclasspath=last; set to false for repeatable builds\n    [javac] Compiling 20 source files to /data/cmd/Ming/llm-fl-apr/tmp/Cli_5-prompt_apr_3-deepseek-chat/target/classes\n    [javac] /data/cmd/Ming/llm-fl-apr/tmp/Cli_5-prompt_apr_3-deepseek-chat/src/java/org/apache/commons/cli/Util.java:34: error: illegal character: \\96\n    [javac] ```java\n    [javac] ^\n    [javac] /data/cmd/Ming/llm-fl-apr/tmp/Cli_5-prompt_apr_3-deepseek-chat/src/java/org/apache/commons/cli/Util.java:34: error: illegal character: \\96\n    [javac] ```java\n    [javac]  ^\n    [javac] /data/cmd/Ming/llm-fl-apr/tmp/Cli_5-prompt_apr_3-deepseek-chat/src/java/org/apache/commons/cli/Util.java:34: error: illegal character: \\96\n    [javac] ```java\n    [javac]   ^\n    [javac] /data/cmd/Ming/llm-fl-apr/tmp/Cli_5-prompt_apr_3-deepseek-chat/src/java/org/apache/commons/cli/Util.java:40: error: illegal character: \\96\n    [javac] ```\n    [javac] ^\n    [javac] /data/cmd/Ming/llm-fl-apr/tmp/Cli_5-prompt_apr_3-deepseek-chat/src/java/org/apache/commons/cli/Util.java:40: error: illegal character: \\96\n    [javac] ```\n    [javac]  ^\n    [javac] /data/cmd/Ming/llm-fl-apr/tmp/Cli_5-prompt_apr_3-deepseek-chat/src/java/org/apache/commons/cli/Util.java:40: error: illegal character: \\96\n    [javac] ```\n    [javac]   ^\n    [javac] /data/cmd/Ming/llm-fl-apr/tmp/Cli_5-prompt_apr_3-deepseek-chat/src/java/org/apache/commons/cli/Util.java:50: error: illegal start of expression\n    [javac]     static String stripLeadingAndTrailingQuotes(String str)\n    [javac]     ^\n    [javac] /data/cmd/Ming/llm-fl-apr/tmp/Cli_5-prompt_apr_3-deepseek-chat/src/java/org/apache/commons/cli/Util.java:50: error: ';' expected\n    [javac]     static String stripLeadingAndTrailingQuotes(String str)\n    [javac]                  ^\n    [javac] /data/cmd/Ming/llm-fl-apr/tmp/Cli_5-prompt_apr_3-deepseek-chat/src/java/org/apache/commons/cli/Util.java:50: error: ')' expected\n    [javac]     static String stripLeadingAndTrailingQuotes(String str)\n    [javac]                                                       ^\n    [javac] /data/cmd/Ming/llm-fl-apr/tmp/Cli_5-prompt_apr_3-deepseek-chat/src/java/org/apache/commons/cli/Util.java:50: error: illegal start of expression\n    [javac]     static String stripLeadingAndTrailingQuotes(String str)\n    [javac]                                                           ^\n    [javac] /data/cmd/Ming/llm-fl-apr/tmp/Cli_5-prompt_apr_3-deepseek-chat/src/java/org/apache/commons/cli/Util.java:50: error: ';' expected\n    [javac]     static String stripLeadingAndTrailingQuotes(String str)\n    [javac]                                                            ^\n    [javac] /data/cmd/Ming/llm-fl-apr/tmp/Cli_5-prompt_apr_3-deepseek-chat/src/java/org/apache/commons/cli/Util.java:60: error: reached end of file while parsing\n    [javac] }\n    [javac]  ^\n    [javac] 12 errors\n\nBUILD FAILED\n/data/cmd/Ming/llm-fl-apr/tmp/Cli_5-prompt_apr_3-deepseek-chat/build.xml:46: Compile failed; see the compiler error output for details.\n\nTotal time: 2 seconds\nCannot compile sources! at /data/cmd/Ming/LLM_Based-Mutation/tools/mutant/defects4j-2.1.0/framework/bin/d4j/d4j-compile line 82.\nCompilation failed in require at /data/cmd/Ming/LLM_Based-Mutation/tools/mutant/defects4j-2.1.0/framework/bin/defects4j line 195.\n"
                }
            }
        },
        "prompt_apr_4": {
            "ernie-3.5-128k": {
                "compile": {
                    "rc": 0,
                    "so": "",
                    "se": "Running ant (compile)...................................................... OK\nRunning ant (compile.tests)................................................ OK\n"
                },
                "test": {
                    "rc": 0,
                    "so": "Failing tests: 39\n  - org.apache.commons.cli.ApplicationTest::testLs\n  - org.apache.commons.cli.BugsTest::test11457\n  - org.apache.commons.cli.GnuParseTest::testSimpleLong\n  - org.apache.commons.cli.GnuParseTest::testMultipleWithLong\n  - org.apache.commons.cli.GnuParseTest::testDoubleDash\n  - org.apache.commons.cli.GnuParseTest::testSingleDash\n  - org.apache.commons.cli.OptionGroupTest::testTwoValidLongOptions\n  - org.apache.commons.cli.OptionGroupTest::testTwoLongOptionsFromGroup\n  - org.apache.commons.cli.OptionGroupTest::testSingleLongOption\n  - org.apache.commons.cli.OptionGroupTest::testValidLongOnlyOptions\n  - org.apache.commons.cli.ParseTest::testSimpleLong\n  - org.apache.commons.cli.ParseTest::testMultipleWithLong\n  - org.apache.commons.cli.ParseTest::testDoubleDash\n  - org.apache.commons.cli.ParseTest::testSingleDash\n  - org.apache.commons.cli.UtilTest::testStripLeadingHyphens\n  - org.apache.commons.cli.ValueTest::testShortOptionalArgValues\n  - org.apache.commons.cli.ValueTest::testLongOptionalArgValue\n  - org.apache.commons.cli.ValueTest::testPropertyOverrideValues\n  - org.apache.commons.cli.ValueTest::testShortOptionalArgNoValue\n  - org.apache.commons.cli.ValueTest::testLongWithArg\n  - org.apache.commons.cli.ValueTest::testPropertyOptionSingularValue\n  - org.apache.commons.cli.ValueTest::testPropertyOptionMultipleValues\n  - org.apache.commons.cli.ValueTest::testPropertyOptionFlags\n  - org.apache.commons.cli.ValueTest::testLongOptionalNArgValues\n  - org.apache.commons.cli.ValueTest::testShortWithArg\n  - org.apache.commons.cli.ValueTest::testLongOptionalArgValues\n  - org.apache.commons.cli.ValueTest::testShortOptionalNArgValues\n  - org.apache.commons.cli.ValueTest::testLongNoArg\n  - org.apache.commons.cli.ValueTest::testShortNoArg\n  - org.apache.commons.cli.ValueTest::testLongOptionalNoValue\n  - org.apache.commons.cli.ValueTest::testShortOptionalArgValue\n  - org.apache.commons.cli.ValuesTest::testTwoArgValues\n  - org.apache.commons.cli.ValuesTest::testShortArgs\n  - org.apache.commons.cli.ValuesTest::testCharSeparator\n  - org.apache.commons.cli.ValuesTest::testExtraArgs\n  - org.apache.commons.cli.ValuesTest::testShortArgsWithValue\n  - org.apache.commons.cli.ValuesTest::testComplexValues\n  - org.apache.commons.cli.ValuesTest::testMultipleArgValues\n  - org.apache.commons.cli.bug.BugCLI133Test::testOrder\n",
                    "se": "Running ant (compile.tests)................................................ OK\nRunning ant (run.dev.tests)................................................ OK\n"
                }
            },
            "qwen-turbo": {
                "compile": {
                    "rc": 0,
                    "so": "",
                    "se": "Running ant (compile)...................................................... OK\nRunning ant (compile.tests)................................................ OK\n"
                },
                "test": {
                    "rc": 0,
                    "so": "Failing tests: 2\n  - org.apache.commons.cli.UtilTest::testStripLeadingHyphens\n  - org.apache.commons.cli.bug.BugCLI133Test::testOrder\n",
                    "se": "Running ant (compile.tests)................................................ OK\nRunning ant (run.dev.tests)................................................ OK\n"
                }
            },
            "doubao-pro-4k": {
                "compile": {
                    "rc": 1,
                    "so": "",
                    "se": "Running ant (compile)...................................................... FAIL\nExecuted command:  cd /data/cmd/Ming/llm-fl-apr/tmp/Cli_5-prompt_apr_4-doubao-pro-4k && /data/cmd/Ming/LLM_Based-Mutation/tools/mutant/defects4j-2.1.0/major/bin/ant -f /data/cmd/Ming/LLM_Based-Mutation/tools/mutant/defects4j-2.1.0/framework/projects/defects4j.build.xml -Dd4j.home=/data/cmd/Ming/LLM_Based-Mutation/tools/mutant/defects4j-2.1.0 -Dd4j.dir.projects=/data/cmd/Ming/LLM_Based-Mutation/tools/mutant/defects4j-2.1.0/framework/projects -Dbasedir=/data/cmd/Ming/llm-fl-apr/tmp/Cli_5-prompt_apr_4-doubao-pro-4k -Dbuild.compiler=javac1.7  compile 2>&1\nJava HotSpot(TM) 64-Bit Server VM warning: ignoring option MaxPermSize=1G; support was removed in 8.0\nBuildfile: /data/cmd/Ming/LLM_Based-Mutation/tools/mutant/defects4j-2.1.0/framework/projects/defects4j.build.xml\n    [mkdir] Created dir: /data/cmd/Ming/llm-fl-apr/tmp/Cli_5-prompt_apr_4-doubao-pro-4k/target\n    [mkdir] Created dir: /data/cmd/Ming/llm-fl-apr/tmp/Cli_5-prompt_apr_4-doubao-pro-4k/target/lib\n\ninit:\n\nget-deps:\n      [get] Getting: file:/data/cmd/Ming/LLM_Based-Mutation/tools/mutant/defects4j-2.1.0/framework/projects/Cli/lib/junit/junit/3.8.1/junit-3.8.1.jar\n      [get] To: /data/cmd/Ming/llm-fl-apr/tmp/Cli_5-prompt_apr_4-doubao-pro-4k/target/lib/junit-3.8.1.jar\n\ncompile:\n    [mkdir] Created dir: /data/cmd/Ming/llm-fl-apr/tmp/Cli_5-prompt_apr_4-doubao-pro-4k/target/classes\n    [javac] /data/cmd/Ming/llm-fl-apr/tmp/Cli_5-prompt_apr_4-doubao-pro-4k/build.xml:46: warning: 'includeantruntime' was not set, defaulting to build.sysclasspath=last; set to false for repeatable builds\n    [javac] Compiling 20 source files to /data/cmd/Ming/llm-fl-apr/tmp/Cli_5-prompt_apr_4-doubao-pro-4k/target/classes\n    [javac] /data/cmd/Ming/llm-fl-apr/tmp/Cli_5-prompt_apr_4-doubao-pro-4k/src/java/org/apache/commons/cli/Util.java:38: error: 'else' without 'if'\n    [javac] else if (str.startsWith(\"-\") && str.length() > 1)        }\n    [javac] ^\n    [javac] /data/cmd/Ming/llm-fl-apr/tmp/Cli_5-prompt_apr_4-doubao-pro-4k/src/java/org/apache/commons/cli/Util.java:38: error: illegal start of expression\n    [javac] else if (str.startsWith(\"-\") && str.length() > 1)        }\n    [javac]                                                          ^\n    [javac] /data/cmd/Ming/llm-fl-apr/tmp/Cli_5-prompt_apr_4-doubao-pro-4k/src/java/org/apache/commons/cli/Util.java:56: error: illegal start of expression\n    [javac]     static String stripLeadingAndTrailingQuotes(String str)\n    [javac]     ^\n    [javac] /data/cmd/Ming/llm-fl-apr/tmp/Cli_5-prompt_apr_4-doubao-pro-4k/src/java/org/apache/commons/cli/Util.java:56: error: ';' expected\n    [javac]     static String stripLeadingAndTrailingQuotes(String str)\n    [javac]                                                ^\n    [javac] /data/cmd/Ming/llm-fl-apr/tmp/Cli_5-prompt_apr_4-doubao-pro-4k/src/java/org/apache/commons/cli/Util.java:56: error: ';' expected\n    [javac]     static String stripLeadingAndTrailingQuotes(String str)\n    [javac]                                                           ^\n    [javac] /data/cmd/Ming/llm-fl-apr/tmp/Cli_5-prompt_apr_4-doubao-pro-4k/src/java/org/apache/commons/cli/Util.java:66: error: reached end of file while parsing\n    [javac] }\n    [javac]  ^\n    [javac] 6 errors\n\nBUILD FAILED\n/data/cmd/Ming/llm-fl-apr/tmp/Cli_5-prompt_apr_4-doubao-pro-4k/build.xml:46: Compile failed; see the compiler error output for details.\n\nTotal time: 2 seconds\nCannot compile sources! at /data/cmd/Ming/LLM_Based-Mutation/tools/mutant/defects4j-2.1.0/framework/bin/d4j/d4j-compile line 82.\nCompilation failed in require at /data/cmd/Ming/LLM_Based-Mutation/tools/mutant/defects4j-2.1.0/framework/bin/defects4j line 195.\n"
                }
            },
            "gpt-4o-mini": {
                "compile": {
                    "rc": 0,
                    "so": "",
                    "se": "Running ant (compile)...................................................... OK\nRunning ant (compile.tests)................................................ OK\n"
                },
                "test": {
                    "rc": 0,
                    "so": "Failing tests: 39\n  - org.apache.commons.cli.ApplicationTest::testLs\n  - org.apache.commons.cli.BugsTest::test11457\n  - org.apache.commons.cli.GnuParseTest::testSimpleLong\n  - org.apache.commons.cli.GnuParseTest::testMultipleWithLong\n  - org.apache.commons.cli.GnuParseTest::testDoubleDash\n  - org.apache.commons.cli.GnuParseTest::testSingleDash\n  - org.apache.commons.cli.OptionGroupTest::testTwoValidLongOptions\n  - org.apache.commons.cli.OptionGroupTest::testTwoLongOptionsFromGroup\n  - org.apache.commons.cli.OptionGroupTest::testSingleLongOption\n  - org.apache.commons.cli.OptionGroupTest::testValidLongOnlyOptions\n  - org.apache.commons.cli.ParseTest::testSimpleLong\n  - org.apache.commons.cli.ParseTest::testMultipleWithLong\n  - org.apache.commons.cli.ParseTest::testDoubleDash\n  - org.apache.commons.cli.ParseTest::testSingleDash\n  - org.apache.commons.cli.UtilTest::testStripLeadingHyphens\n  - org.apache.commons.cli.ValueTest::testShortOptionalArgValues\n  - org.apache.commons.cli.ValueTest::testLongOptionalArgValue\n  - org.apache.commons.cli.ValueTest::testPropertyOverrideValues\n  - org.apache.commons.cli.ValueTest::testShortOptionalArgNoValue\n  - org.apache.commons.cli.ValueTest::testLongWithArg\n  - org.apache.commons.cli.ValueTest::testPropertyOptionSingularValue\n  - org.apache.commons.cli.ValueTest::testPropertyOptionMultipleValues\n  - org.apache.commons.cli.ValueTest::testPropertyOptionFlags\n  - org.apache.commons.cli.ValueTest::testLongOptionalNArgValues\n  - org.apache.commons.cli.ValueTest::testShortWithArg\n  - org.apache.commons.cli.ValueTest::testLongOptionalArgValues\n  - org.apache.commons.cli.ValueTest::testShortOptionalNArgValues\n  - org.apache.commons.cli.ValueTest::testLongNoArg\n  - org.apache.commons.cli.ValueTest::testShortNoArg\n  - org.apache.commons.cli.ValueTest::testLongOptionalNoValue\n  - org.apache.commons.cli.ValueTest::testShortOptionalArgValue\n  - org.apache.commons.cli.ValuesTest::testTwoArgValues\n  - org.apache.commons.cli.ValuesTest::testShortArgs\n  - org.apache.commons.cli.ValuesTest::testCharSeparator\n  - org.apache.commons.cli.ValuesTest::testExtraArgs\n  - org.apache.commons.cli.ValuesTest::testShortArgsWithValue\n  - org.apache.commons.cli.ValuesTest::testComplexValues\n  - org.apache.commons.cli.ValuesTest::testMultipleArgValues\n  - org.apache.commons.cli.bug.BugCLI133Test::testOrder\n",
                    "se": "Running ant (compile.tests)................................................ OK\nRunning ant (run.dev.tests)................................................ OK\n"
                }
            },
            "deepseek-chat": {
                "compile": {
                    "rc": 0,
                    "so": "",
                    "se": "Running ant (compile)...................................................... OK\nRunning ant (compile.tests)................................................ OK\n"
                },
                "test": {
                    "rc": 0,
                    "so": "Failing tests: 39\n  - org.apache.commons.cli.ApplicationTest::testLs\n  - org.apache.commons.cli.BugsTest::test11457\n  - org.apache.commons.cli.GnuParseTest::testSimpleLong\n  - org.apache.commons.cli.GnuParseTest::testMultipleWithLong\n  - org.apache.commons.cli.GnuParseTest::testDoubleDash\n  - org.apache.commons.cli.GnuParseTest::testSingleDash\n  - org.apache.commons.cli.OptionGroupTest::testTwoValidLongOptions\n  - org.apache.commons.cli.OptionGroupTest::testTwoLongOptionsFromGroup\n  - org.apache.commons.cli.OptionGroupTest::testSingleLongOption\n  - org.apache.commons.cli.OptionGroupTest::testValidLongOnlyOptions\n  - org.apache.commons.cli.ParseTest::testSimpleLong\n  - org.apache.commons.cli.ParseTest::testMultipleWithLong\n  - org.apache.commons.cli.ParseTest::testDoubleDash\n  - org.apache.commons.cli.ParseTest::testSingleDash\n  - org.apache.commons.cli.UtilTest::testStripLeadingHyphens\n  - org.apache.commons.cli.ValueTest::testShortOptionalArgValues\n  - org.apache.commons.cli.ValueTest::testLongOptionalArgValue\n  - org.apache.commons.cli.ValueTest::testPropertyOverrideValues\n  - org.apache.commons.cli.ValueTest::testShortOptionalArgNoValue\n  - org.apache.commons.cli.ValueTest::testLongWithArg\n  - org.apache.commons.cli.ValueTest::testPropertyOptionSingularValue\n  - org.apache.commons.cli.ValueTest::testPropertyOptionMultipleValues\n  - org.apache.commons.cli.ValueTest::testPropertyOptionFlags\n  - org.apache.commons.cli.ValueTest::testLongOptionalNArgValues\n  - org.apache.commons.cli.ValueTest::testShortWithArg\n  - org.apache.commons.cli.ValueTest::testLongOptionalArgValues\n  - org.apache.commons.cli.ValueTest::testShortOptionalNArgValues\n  - org.apache.commons.cli.ValueTest::testLongNoArg\n  - org.apache.commons.cli.ValueTest::testShortNoArg\n  - org.apache.commons.cli.ValueTest::testLongOptionalNoValue\n  - org.apache.commons.cli.ValueTest::testShortOptionalArgValue\n  - org.apache.commons.cli.ValuesTest::testTwoArgValues\n  - org.apache.commons.cli.ValuesTest::testShortArgs\n  - org.apache.commons.cli.ValuesTest::testCharSeparator\n  - org.apache.commons.cli.ValuesTest::testExtraArgs\n  - org.apache.commons.cli.ValuesTest::testShortArgsWithValue\n  - org.apache.commons.cli.ValuesTest::testComplexValues\n  - org.apache.commons.cli.ValuesTest::testMultipleArgValues\n  - org.apache.commons.cli.bug.BugCLI133Test::testOrder\n",
                    "se": "Running ant (compile.tests)................................................ OK\nRunning ant (run.dev.tests)................................................ OK\n"
                }
            }
        },
        "prompt_apr_5": {
            "ernie-3.5-128k": {
                "compile": {
                    "rc": 1,
                    "so": "",
                    "se": "Running ant (compile)...................................................... FAIL\nExecuted command:  cd /data/cmd/Ming/llm-fl-apr/tmp/Cli_5-prompt_apr_5-ernie-3.5-128k && /data/cmd/Ming/LLM_Based-Mutation/tools/mutant/defects4j-2.1.0/major/bin/ant -f /data/cmd/Ming/LLM_Based-Mutation/tools/mutant/defects4j-2.1.0/framework/projects/defects4j.build.xml -Dd4j.home=/data/cmd/Ming/LLM_Based-Mutation/tools/mutant/defects4j-2.1.0 -Dd4j.dir.projects=/data/cmd/Ming/LLM_Based-Mutation/tools/mutant/defects4j-2.1.0/framework/projects -Dbasedir=/data/cmd/Ming/llm-fl-apr/tmp/Cli_5-prompt_apr_5-ernie-3.5-128k -Dbuild.compiler=javac1.7  compile 2>&1\nJava HotSpot(TM) 64-Bit Server VM warning: ignoring option MaxPermSize=1G; support was removed in 8.0\nBuildfile: /data/cmd/Ming/LLM_Based-Mutation/tools/mutant/defects4j-2.1.0/framework/projects/defects4j.build.xml\n    [mkdir] Created dir: /data/cmd/Ming/llm-fl-apr/tmp/Cli_5-prompt_apr_5-ernie-3.5-128k/target\n    [mkdir] Created dir: /data/cmd/Ming/llm-fl-apr/tmp/Cli_5-prompt_apr_5-ernie-3.5-128k/target/lib\n\ninit:\n\nget-deps:\n      [get] Getting: file:/data/cmd/Ming/LLM_Based-Mutation/tools/mutant/defects4j-2.1.0/framework/projects/Cli/lib/junit/junit/3.8.1/junit-3.8.1.jar\n      [get] To: /data/cmd/Ming/llm-fl-apr/tmp/Cli_5-prompt_apr_5-ernie-3.5-128k/target/lib/junit-3.8.1.jar\n\ncompile:\n    [mkdir] Created dir: /data/cmd/Ming/llm-fl-apr/tmp/Cli_5-prompt_apr_5-ernie-3.5-128k/target/classes\n    [javac] /data/cmd/Ming/llm-fl-apr/tmp/Cli_5-prompt_apr_5-ernie-3.5-128k/build.xml:46: warning: 'includeantruntime' was not set, defaulting to build.sysclasspath=last; set to false for repeatable builds\n    [javac] Compiling 20 source files to /data/cmd/Ming/llm-fl-apr/tmp/Cli_5-prompt_apr_5-ernie-3.5-128k/target/classes\n    [javac] /data/cmd/Ming/llm-fl-apr/tmp/Cli_5-prompt_apr_5-ernie-3.5-128k/src/java/org/apache/commons/cli/Util.java:39: error: 'else' without 'if'\n    [javac] return str.substring(2);        else if (str.startsWith(\"-\"))\n    [javac]                                 ^\n    [javac] /data/cmd/Ming/llm-fl-apr/tmp/Cli_5-prompt_apr_5-ernie-3.5-128k/src/java/org/apache/commons/cli/Util.java:56: error: illegal start of expression\n    [javac]     static String stripLeadingAndTrailingQuotes(String str)\n    [javac]     ^\n    [javac] /data/cmd/Ming/llm-fl-apr/tmp/Cli_5-prompt_apr_5-ernie-3.5-128k/src/java/org/apache/commons/cli/Util.java:56: error: ';' expected\n    [javac]     static String stripLeadingAndTrailingQuotes(String str)\n    [javac]                                                ^\n    [javac] /data/cmd/Ming/llm-fl-apr/tmp/Cli_5-prompt_apr_5-ernie-3.5-128k/src/java/org/apache/commons/cli/Util.java:56: error: ';' expected\n    [javac]     static String stripLeadingAndTrailingQuotes(String str)\n    [javac]                                                           ^\n    [javac] /data/cmd/Ming/llm-fl-apr/tmp/Cli_5-prompt_apr_5-ernie-3.5-128k/src/java/org/apache/commons/cli/Util.java:66: error: reached end of file while parsing\n    [javac] }\n    [javac]  ^\n    [javac] 5 errors\n\nBUILD FAILED\n/data/cmd/Ming/llm-fl-apr/tmp/Cli_5-prompt_apr_5-ernie-3.5-128k/build.xml:46: Compile failed; see the compiler error output for details.\n\nTotal time: 1 second\nCannot compile sources! at /data/cmd/Ming/LLM_Based-Mutation/tools/mutant/defects4j-2.1.0/framework/bin/d4j/d4j-compile line 82.\nCompilation failed in require at /data/cmd/Ming/LLM_Based-Mutation/tools/mutant/defects4j-2.1.0/framework/bin/defects4j line 195.\n"
                }
            },
            "qwen-turbo": {
                "compile": {
                    "rc": 1,
                    "so": "",
                    "se": "Running ant (compile)...................................................... FAIL\nExecuted command:  cd /data/cmd/Ming/llm-fl-apr/tmp/Cli_5-prompt_apr_5-qwen-turbo && /data/cmd/Ming/LLM_Based-Mutation/tools/mutant/defects4j-2.1.0/major/bin/ant -f /data/cmd/Ming/LLM_Based-Mutation/tools/mutant/defects4j-2.1.0/framework/projects/defects4j.build.xml -Dd4j.home=/data/cmd/Ming/LLM_Based-Mutation/tools/mutant/defects4j-2.1.0 -Dd4j.dir.projects=/data/cmd/Ming/LLM_Based-Mutation/tools/mutant/defects4j-2.1.0/framework/projects -Dbasedir=/data/cmd/Ming/llm-fl-apr/tmp/Cli_5-prompt_apr_5-qwen-turbo -Dbuild.compiler=javac1.7  compile 2>&1\nJava HotSpot(TM) 64-Bit Server VM warning: ignoring option MaxPermSize=1G; support was removed in 8.0\nBuildfile: /data/cmd/Ming/LLM_Based-Mutation/tools/mutant/defects4j-2.1.0/framework/projects/defects4j.build.xml\n    [mkdir] Created dir: /data/cmd/Ming/llm-fl-apr/tmp/Cli_5-prompt_apr_5-qwen-turbo/target\n    [mkdir] Created dir: /data/cmd/Ming/llm-fl-apr/tmp/Cli_5-prompt_apr_5-qwen-turbo/target/lib\n\ninit:\n\nget-deps:\n      [get] Getting: file:/data/cmd/Ming/LLM_Based-Mutation/tools/mutant/defects4j-2.1.0/framework/projects/Cli/lib/junit/junit/3.8.1/junit-3.8.1.jar\n      [get] To: /data/cmd/Ming/llm-fl-apr/tmp/Cli_5-prompt_apr_5-qwen-turbo/target/lib/junit-3.8.1.jar\n\ncompile:\n    [mkdir] Created dir: /data/cmd/Ming/llm-fl-apr/tmp/Cli_5-prompt_apr_5-qwen-turbo/target/classes\n    [javac] /data/cmd/Ming/llm-fl-apr/tmp/Cli_5-prompt_apr_5-qwen-turbo/build.xml:46: warning: 'includeantruntime' was not set, defaulting to build.sysclasspath=last; set to false for repeatable builds\n    [javac] Compiling 20 source files to /data/cmd/Ming/llm-fl-apr/tmp/Cli_5-prompt_apr_5-qwen-turbo/target/classes\n    [javac] /data/cmd/Ming/llm-fl-apr/tmp/Cli_5-prompt_apr_5-qwen-turbo/src/java/org/apache/commons/cli/Util.java:39: error: illegal start of type\n    [javac]         else if (str.startsWith(\"-\"))\n    [javac]         ^\n    [javac] /data/cmd/Ming/llm-fl-apr/tmp/Cli_5-prompt_apr_5-qwen-turbo/src/java/org/apache/commons/cli/Util.java:39: error: ';' expected\n    [javac]         else if (str.startsWith(\"-\"))\n    [javac]             ^\n    [javac] /data/cmd/Ming/llm-fl-apr/tmp/Cli_5-prompt_apr_5-qwen-turbo/src/java/org/apache/commons/cli/Util.java:39: error: illegal start of type\n    [javac]         else if (str.startsWith(\"-\"))\n    [javac]                 ^\n    [javac] /data/cmd/Ming/llm-fl-apr/tmp/Cli_5-prompt_apr_5-qwen-turbo/src/java/org/apache/commons/cli/Util.java:39: error: ';' expected\n    [javac]         else if (str.startsWith(\"-\"))\n    [javac]                     ^\n    [javac] /data/cmd/Ming/llm-fl-apr/tmp/Cli_5-prompt_apr_5-qwen-turbo/src/java/org/apache/commons/cli/Util.java:39: error: invalid method declaration; return type required\n    [javac]         else if (str.startsWith(\"-\"))\n    [javac]                      ^\n    [javac] /data/cmd/Ming/llm-fl-apr/tmp/Cli_5-prompt_apr_5-qwen-turbo/src/java/org/apache/commons/cli/Util.java:39: error: illegal start of type\n    [javac]         else if (str.startsWith(\"-\"))\n    [javac]                                 ^\n    [javac] /data/cmd/Ming/llm-fl-apr/tmp/Cli_5-prompt_apr_5-qwen-turbo/src/java/org/apache/commons/cli/Util.java:39: error: ';' expected\n    [javac]         else if (str.startsWith(\"-\"))\n    [javac]                                     ^\n    [javac] /data/cmd/Ming/llm-fl-apr/tmp/Cli_5-prompt_apr_5-qwen-turbo/src/java/org/apache/commons/cli/Util.java:44: error: illegal start of type\n    [javac]         return str;\n    [javac]         ^\n    [javac] /data/cmd/Ming/llm-fl-apr/tmp/Cli_5-prompt_apr_5-qwen-turbo/src/java/org/apache/commons/cli/Util.java:44: error: ';' expected\n    [javac]         return str;\n    [javac]               ^\n    [javac] /data/cmd/Ming/llm-fl-apr/tmp/Cli_5-prompt_apr_5-qwen-turbo/src/java/org/apache/commons/cli/Util.java:56: error: class, interface, or enum expected\n    [javac]     static String stripLeadingAndTrailingQuotes(String str)\n    [javac]            ^\n    [javac] /data/cmd/Ming/llm-fl-apr/tmp/Cli_5-prompt_apr_5-qwen-turbo/src/java/org/apache/commons/cli/Util.java:60: error: class, interface, or enum expected\n    [javac]         }\n    [javac]         ^\n    [javac] /data/cmd/Ming/llm-fl-apr/tmp/Cli_5-prompt_apr_5-qwen-turbo/src/java/org/apache/commons/cli/Util.java:63: error: class, interface, or enum expected\n    [javac]         }\n    [javac]         ^\n    [javac] /data/cmd/Ming/llm-fl-apr/tmp/Cli_5-prompt_apr_5-qwen-turbo/src/java/org/apache/commons/cli/Util.java:65: error: class, interface, or enum expected\n    [javac]     }\n    [javac]     ^\n    [javac] 13 errors\n\nBUILD FAILED\n/data/cmd/Ming/llm-fl-apr/tmp/Cli_5-prompt_apr_5-qwen-turbo/build.xml:46: Compile failed; see the compiler error output for details.\n\nTotal time: 1 second\nCannot compile sources! at /data/cmd/Ming/LLM_Based-Mutation/tools/mutant/defects4j-2.1.0/framework/bin/d4j/d4j-compile line 82.\nCompilation failed in require at /data/cmd/Ming/LLM_Based-Mutation/tools/mutant/defects4j-2.1.0/framework/bin/defects4j line 195.\n"
                }
            },
            "doubao-pro-4k": {
                "compile": {
                    "rc": 0,
                    "so": "",
                    "se": "Running ant (compile)...................................................... OK\nRunning ant (compile.tests)................................................ OK\n"
                },
                "test": {
                    "rc": 0,
                    "so": "Failing tests: 39\n  - org.apache.commons.cli.ApplicationTest::testLs\n  - org.apache.commons.cli.BugsTest::test11457\n  - org.apache.commons.cli.GnuParseTest::testSimpleLong\n  - org.apache.commons.cli.GnuParseTest::testMultipleWithLong\n  - org.apache.commons.cli.GnuParseTest::testDoubleDash\n  - org.apache.commons.cli.GnuParseTest::testSingleDash\n  - org.apache.commons.cli.OptionGroupTest::testTwoValidLongOptions\n  - org.apache.commons.cli.OptionGroupTest::testTwoLongOptionsFromGroup\n  - org.apache.commons.cli.OptionGroupTest::testSingleLongOption\n  - org.apache.commons.cli.OptionGroupTest::testValidLongOnlyOptions\n  - org.apache.commons.cli.ParseTest::testSimpleLong\n  - org.apache.commons.cli.ParseTest::testMultipleWithLong\n  - org.apache.commons.cli.ParseTest::testDoubleDash\n  - org.apache.commons.cli.ParseTest::testSingleDash\n  - org.apache.commons.cli.UtilTest::testStripLeadingHyphens\n  - org.apache.commons.cli.ValueTest::testShortOptionalArgValues\n  - org.apache.commons.cli.ValueTest::testLongOptionalArgValue\n  - org.apache.commons.cli.ValueTest::testPropertyOverrideValues\n  - org.apache.commons.cli.ValueTest::testShortOptionalArgNoValue\n  - org.apache.commons.cli.ValueTest::testLongWithArg\n  - org.apache.commons.cli.ValueTest::testPropertyOptionSingularValue\n  - org.apache.commons.cli.ValueTest::testPropertyOptionMultipleValues\n  - org.apache.commons.cli.ValueTest::testPropertyOptionFlags\n  - org.apache.commons.cli.ValueTest::testLongOptionalNArgValues\n  - org.apache.commons.cli.ValueTest::testShortWithArg\n  - org.apache.commons.cli.ValueTest::testLongOptionalArgValues\n  - org.apache.commons.cli.ValueTest::testShortOptionalNArgValues\n  - org.apache.commons.cli.ValueTest::testLongNoArg\n  - org.apache.commons.cli.ValueTest::testShortNoArg\n  - org.apache.commons.cli.ValueTest::testLongOptionalNoValue\n  - org.apache.commons.cli.ValueTest::testShortOptionalArgValue\n  - org.apache.commons.cli.ValuesTest::testTwoArgValues\n  - org.apache.commons.cli.ValuesTest::testShortArgs\n  - org.apache.commons.cli.ValuesTest::testCharSeparator\n  - org.apache.commons.cli.ValuesTest::testExtraArgs\n  - org.apache.commons.cli.ValuesTest::testShortArgsWithValue\n  - org.apache.commons.cli.ValuesTest::testComplexValues\n  - org.apache.commons.cli.ValuesTest::testMultipleArgValues\n  - org.apache.commons.cli.bug.BugCLI133Test::testOrder\n",
                    "se": "Running ant (compile.tests)................................................ OK\nRunning ant (run.dev.tests)................................................ OK\n"
                }
            },
            "gpt-4o-mini": {
                "compile": {
                    "rc": 1,
                    "so": "",
                    "se": "Running ant (compile)...................................................... FAIL\nExecuted command:  cd /data/cmd/Ming/llm-fl-apr/tmp/Cli_5-prompt_apr_5-gpt-4o-mini && /data/cmd/Ming/LLM_Based-Mutation/tools/mutant/defects4j-2.1.0/major/bin/ant -f /data/cmd/Ming/LLM_Based-Mutation/tools/mutant/defects4j-2.1.0/framework/projects/defects4j.build.xml -Dd4j.home=/data/cmd/Ming/LLM_Based-Mutation/tools/mutant/defects4j-2.1.0 -Dd4j.dir.projects=/data/cmd/Ming/LLM_Based-Mutation/tools/mutant/defects4j-2.1.0/framework/projects -Dbasedir=/data/cmd/Ming/llm-fl-apr/tmp/Cli_5-prompt_apr_5-gpt-4o-mini -Dbuild.compiler=javac1.7  compile 2>&1\nJava HotSpot(TM) 64-Bit Server VM warning: ignoring option MaxPermSize=1G; support was removed in 8.0\nBuildfile: /data/cmd/Ming/LLM_Based-Mutation/tools/mutant/defects4j-2.1.0/framework/projects/defects4j.build.xml\n    [mkdir] Created dir: /data/cmd/Ming/llm-fl-apr/tmp/Cli_5-prompt_apr_5-gpt-4o-mini/target\n    [mkdir] Created dir: /data/cmd/Ming/llm-fl-apr/tmp/Cli_5-prompt_apr_5-gpt-4o-mini/target/lib\n\ninit:\n\nget-deps:\n      [get] Getting: file:/data/cmd/Ming/LLM_Based-Mutation/tools/mutant/defects4j-2.1.0/framework/projects/Cli/lib/junit/junit/3.8.1/junit-3.8.1.jar\n      [get] To: /data/cmd/Ming/llm-fl-apr/tmp/Cli_5-prompt_apr_5-gpt-4o-mini/target/lib/junit-3.8.1.jar\n\ncompile:\n    [mkdir] Created dir: /data/cmd/Ming/llm-fl-apr/tmp/Cli_5-prompt_apr_5-gpt-4o-mini/target/classes\n    [javac] /data/cmd/Ming/llm-fl-apr/tmp/Cli_5-prompt_apr_5-gpt-4o-mini/build.xml:46: warning: 'includeantruntime' was not set, defaulting to build.sysclasspath=last; set to false for repeatable builds\n    [javac] Compiling 20 source files to /data/cmd/Ming/llm-fl-apr/tmp/Cli_5-prompt_apr_5-gpt-4o-mini/target/classes\n    [javac] /data/cmd/Ming/llm-fl-apr/tmp/Cli_5-prompt_apr_5-gpt-4o-mini/src/java/org/apache/commons/cli/Util.java:39: error: 'else' without 'if'\n    [javac] return str.substring(2);        else if (str.startsWith(\"-\"))\n    [javac]                                 ^\n    [javac] /data/cmd/Ming/llm-fl-apr/tmp/Cli_5-prompt_apr_5-gpt-4o-mini/src/java/org/apache/commons/cli/Util.java:56: error: illegal start of expression\n    [javac]     static String stripLeadingAndTrailingQuotes(String str)\n    [javac]     ^\n    [javac] /data/cmd/Ming/llm-fl-apr/tmp/Cli_5-prompt_apr_5-gpt-4o-mini/src/java/org/apache/commons/cli/Util.java:56: error: ';' expected\n    [javac]     static String stripLeadingAndTrailingQuotes(String str)\n    [javac]                                                ^\n    [javac] /data/cmd/Ming/llm-fl-apr/tmp/Cli_5-prompt_apr_5-gpt-4o-mini/src/java/org/apache/commons/cli/Util.java:56: error: ';' expected\n    [javac]     static String stripLeadingAndTrailingQuotes(String str)\n    [javac]                                                           ^\n    [javac] /data/cmd/Ming/llm-fl-apr/tmp/Cli_5-prompt_apr_5-gpt-4o-mini/src/java/org/apache/commons/cli/Util.java:66: error: reached end of file while parsing\n    [javac] }\n    [javac]  ^\n    [javac] 5 errors\n\nBUILD FAILED\n/data/cmd/Ming/llm-fl-apr/tmp/Cli_5-prompt_apr_5-gpt-4o-mini/build.xml:46: Compile failed; see the compiler error output for details.\n\nTotal time: 2 seconds\nCannot compile sources! at /data/cmd/Ming/LLM_Based-Mutation/tools/mutant/defects4j-2.1.0/framework/bin/d4j/d4j-compile line 82.\nCompilation failed in require at /data/cmd/Ming/LLM_Based-Mutation/tools/mutant/defects4j-2.1.0/framework/bin/defects4j line 195.\n"
                }
            },
            "deepseek-chat": {
                "compile": {
                    "rc": 1,
                    "so": "",
                    "se": "Running ant (compile)...................................................... FAIL\nExecuted command:  cd /data/cmd/Ming/llm-fl-apr/tmp/Cli_5-prompt_apr_5-deepseek-chat && /data/cmd/Ming/LLM_Based-Mutation/tools/mutant/defects4j-2.1.0/major/bin/ant -f /data/cmd/Ming/LLM_Based-Mutation/tools/mutant/defects4j-2.1.0/framework/projects/defects4j.build.xml -Dd4j.home=/data/cmd/Ming/LLM_Based-Mutation/tools/mutant/defects4j-2.1.0 -Dd4j.dir.projects=/data/cmd/Ming/LLM_Based-Mutation/tools/mutant/defects4j-2.1.0/framework/projects -Dbasedir=/data/cmd/Ming/llm-fl-apr/tmp/Cli_5-prompt_apr_5-deepseek-chat -Dbuild.compiler=javac1.7  compile 2>&1\nJava HotSpot(TM) 64-Bit Server VM warning: ignoring option MaxPermSize=1G; support was removed in 8.0\nBuildfile: /data/cmd/Ming/LLM_Based-Mutation/tools/mutant/defects4j-2.1.0/framework/projects/defects4j.build.xml\n    [mkdir] Created dir: /data/cmd/Ming/llm-fl-apr/tmp/Cli_5-prompt_apr_5-deepseek-chat/target\n    [mkdir] Created dir: /data/cmd/Ming/llm-fl-apr/tmp/Cli_5-prompt_apr_5-deepseek-chat/target/lib\n\ninit:\n\nget-deps:\n      [get] Getting: file:/data/cmd/Ming/LLM_Based-Mutation/tools/mutant/defects4j-2.1.0/framework/projects/Cli/lib/junit/junit/3.8.1/junit-3.8.1.jar\n      [get] To: /data/cmd/Ming/llm-fl-apr/tmp/Cli_5-prompt_apr_5-deepseek-chat/target/lib/junit-3.8.1.jar\n\ncompile:\n    [mkdir] Created dir: /data/cmd/Ming/llm-fl-apr/tmp/Cli_5-prompt_apr_5-deepseek-chat/target/classes\n    [javac] /data/cmd/Ming/llm-fl-apr/tmp/Cli_5-prompt_apr_5-deepseek-chat/build.xml:46: warning: 'includeantruntime' was not set, defaulting to build.sysclasspath=last; set to false for repeatable builds\n    [javac] Compiling 20 source files to /data/cmd/Ming/llm-fl-apr/tmp/Cli_5-prompt_apr_5-deepseek-chat/target/classes\n    [javac] /data/cmd/Ming/llm-fl-apr/tmp/Cli_5-prompt_apr_5-deepseek-chat/src/java/org/apache/commons/cli/Util.java:39: error: illegal start of type\n    [javac]         else if (str.startsWith(\"-\"))\n    [javac]         ^\n    [javac] /data/cmd/Ming/llm-fl-apr/tmp/Cli_5-prompt_apr_5-deepseek-chat/src/java/org/apache/commons/cli/Util.java:39: error: ';' expected\n    [javac]         else if (str.startsWith(\"-\"))\n    [javac]             ^\n    [javac] /data/cmd/Ming/llm-fl-apr/tmp/Cli_5-prompt_apr_5-deepseek-chat/src/java/org/apache/commons/cli/Util.java:39: error: illegal start of type\n    [javac]         else if (str.startsWith(\"-\"))\n    [javac]                 ^\n    [javac] /data/cmd/Ming/llm-fl-apr/tmp/Cli_5-prompt_apr_5-deepseek-chat/src/java/org/apache/commons/cli/Util.java:39: error: ';' expected\n    [javac]         else if (str.startsWith(\"-\"))\n    [javac]                     ^\n    [javac] /data/cmd/Ming/llm-fl-apr/tmp/Cli_5-prompt_apr_5-deepseek-chat/src/java/org/apache/commons/cli/Util.java:39: error: invalid method declaration; return type required\n    [javac]         else if (str.startsWith(\"-\"))\n    [javac]                      ^\n    [javac] /data/cmd/Ming/llm-fl-apr/tmp/Cli_5-prompt_apr_5-deepseek-chat/src/java/org/apache/commons/cli/Util.java:39: error: illegal start of type\n    [javac]         else if (str.startsWith(\"-\"))\n    [javac]                                 ^\n    [javac] /data/cmd/Ming/llm-fl-apr/tmp/Cli_5-prompt_apr_5-deepseek-chat/src/java/org/apache/commons/cli/Util.java:39: error: ';' expected\n    [javac]         else if (str.startsWith(\"-\"))\n    [javac]                                     ^\n    [javac] /data/cmd/Ming/llm-fl-apr/tmp/Cli_5-prompt_apr_5-deepseek-chat/src/java/org/apache/commons/cli/Util.java:44: error: illegal start of type\n    [javac]         return str;\n    [javac]         ^\n    [javac] /data/cmd/Ming/llm-fl-apr/tmp/Cli_5-prompt_apr_5-deepseek-chat/src/java/org/apache/commons/cli/Util.java:44: error: ';' expected\n    [javac]         return str;\n    [javac]               ^\n    [javac] /data/cmd/Ming/llm-fl-apr/tmp/Cli_5-prompt_apr_5-deepseek-chat/src/java/org/apache/commons/cli/Util.java:56: error: class, interface, or enum expected\n    [javac]     static String stripLeadingAndTrailingQuotes(String str)\n    [javac]            ^\n    [javac] /data/cmd/Ming/llm-fl-apr/tmp/Cli_5-prompt_apr_5-deepseek-chat/src/java/org/apache/commons/cli/Util.java:60: error: class, interface, or enum expected\n    [javac]         }\n    [javac]         ^\n    [javac] /data/cmd/Ming/llm-fl-apr/tmp/Cli_5-prompt_apr_5-deepseek-chat/src/java/org/apache/commons/cli/Util.java:63: error: class, interface, or enum expected\n    [javac]         }\n    [javac]         ^\n    [javac] /data/cmd/Ming/llm-fl-apr/tmp/Cli_5-prompt_apr_5-deepseek-chat/src/java/org/apache/commons/cli/Util.java:65: error: class, interface, or enum expected\n    [javac]     }\n    [javac]     ^\n    [javac] 13 errors\n\nBUILD FAILED\n/data/cmd/Ming/llm-fl-apr/tmp/Cli_5-prompt_apr_5-deepseek-chat/build.xml:46: Compile failed; see the compiler error output for details.\n\nTotal time: 1 second\nCannot compile sources! at /data/cmd/Ming/LLM_Based-Mutation/tools/mutant/defects4j-2.1.0/framework/bin/d4j/d4j-compile line 82.\nCompilation failed in require at /data/cmd/Ming/LLM_Based-Mutation/tools/mutant/defects4j-2.1.0/framework/bin/defects4j line 195.\n"
                }
            }
        },
        "prompt_apr_6": {
            "ernie-3.5-128k": {
                "compile": {
                    "rc": 1,
                    "so": "",
                    "se": "Running ant (compile)...................................................... FAIL\nExecuted command:  cd /data/cmd/Ming/llm-fl-apr/tmp/Cli_5-prompt_apr_6-ernie-3.5-128k && /data/cmd/Ming/LLM_Based-Mutation/tools/mutant/defects4j-2.1.0/major/bin/ant -f /data/cmd/Ming/LLM_Based-Mutation/tools/mutant/defects4j-2.1.0/framework/projects/defects4j.build.xml -Dd4j.home=/data/cmd/Ming/LLM_Based-Mutation/tools/mutant/defects4j-2.1.0 -Dd4j.dir.projects=/data/cmd/Ming/LLM_Based-Mutation/tools/mutant/defects4j-2.1.0/framework/projects -Dbasedir=/data/cmd/Ming/llm-fl-apr/tmp/Cli_5-prompt_apr_6-ernie-3.5-128k -Dbuild.compiler=javac1.7  compile 2>&1\nJava HotSpot(TM) 64-Bit Server VM warning: ignoring option MaxPermSize=1G; support was removed in 8.0\nBuildfile: /data/cmd/Ming/LLM_Based-Mutation/tools/mutant/defects4j-2.1.0/framework/projects/defects4j.build.xml\n    [mkdir] Created dir: /data/cmd/Ming/llm-fl-apr/tmp/Cli_5-prompt_apr_6-ernie-3.5-128k/target\n    [mkdir] Created dir: /data/cmd/Ming/llm-fl-apr/tmp/Cli_5-prompt_apr_6-ernie-3.5-128k/target/lib\n\ninit:\n\nget-deps:\n      [get] Getting: file:/data/cmd/Ming/LLM_Based-Mutation/tools/mutant/defects4j-2.1.0/framework/projects/Cli/lib/junit/junit/3.8.1/junit-3.8.1.jar\n      [get] To: /data/cmd/Ming/llm-fl-apr/tmp/Cli_5-prompt_apr_6-ernie-3.5-128k/target/lib/junit-3.8.1.jar\n\ncompile:\n    [mkdir] Created dir: /data/cmd/Ming/llm-fl-apr/tmp/Cli_5-prompt_apr_6-ernie-3.5-128k/target/classes\n    [javac] /data/cmd/Ming/llm-fl-apr/tmp/Cli_5-prompt_apr_6-ernie-3.5-128k/build.xml:46: warning: 'includeantruntime' was not set, defaulting to build.sysclasspath=last; set to false for repeatable builds\n    [javac] Compiling 20 source files to /data/cmd/Ming/llm-fl-apr/tmp/Cli_5-prompt_apr_6-ernie-3.5-128k/target/classes\n    [javac] /data/cmd/Ming/llm-fl-apr/tmp/Cli_5-prompt_apr_6-ernie-3.5-128k/src/java/org/apache/commons/cli/Util.java:39: error: 'else' without 'if'\n    [javac] return str.substring(2);        else if (str.startsWith(\"-\"))\n    [javac]                                 ^\n    [javac] /data/cmd/Ming/llm-fl-apr/tmp/Cli_5-prompt_apr_6-ernie-3.5-128k/src/java/org/apache/commons/cli/Util.java:56: error: illegal start of expression\n    [javac]     static String stripLeadingAndTrailingQuotes(String str)\n    [javac]     ^\n    [javac] /data/cmd/Ming/llm-fl-apr/tmp/Cli_5-prompt_apr_6-ernie-3.5-128k/src/java/org/apache/commons/cli/Util.java:56: error: ';' expected\n    [javac]     static String stripLeadingAndTrailingQuotes(String str)\n    [javac]                                                ^\n    [javac] /data/cmd/Ming/llm-fl-apr/tmp/Cli_5-prompt_apr_6-ernie-3.5-128k/src/java/org/apache/commons/cli/Util.java:56: error: ';' expected\n    [javac]     static String stripLeadingAndTrailingQuotes(String str)\n    [javac]                                                           ^\n    [javac] /data/cmd/Ming/llm-fl-apr/tmp/Cli_5-prompt_apr_6-ernie-3.5-128k/src/java/org/apache/commons/cli/Util.java:66: error: reached end of file while parsing\n    [javac] }\n    [javac]  ^\n    [javac] 5 errors\n\nBUILD FAILED\n/data/cmd/Ming/llm-fl-apr/tmp/Cli_5-prompt_apr_6-ernie-3.5-128k/build.xml:46: Compile failed; see the compiler error output for details.\n\nTotal time: 2 seconds\nCannot compile sources! at /data/cmd/Ming/LLM_Based-Mutation/tools/mutant/defects4j-2.1.0/framework/bin/d4j/d4j-compile line 82.\nCompilation failed in require at /data/cmd/Ming/LLM_Based-Mutation/tools/mutant/defects4j-2.1.0/framework/bin/defects4j line 195.\n"
                }
            },
            "qwen-turbo": {
                "compile": {
                    "rc": 1,
                    "so": "",
                    "se": "Running ant (compile)...................................................... FAIL\nExecuted command:  cd /data/cmd/Ming/llm-fl-apr/tmp/Cli_5-prompt_apr_6-qwen-turbo && /data/cmd/Ming/LLM_Based-Mutation/tools/mutant/defects4j-2.1.0/major/bin/ant -f /data/cmd/Ming/LLM_Based-Mutation/tools/mutant/defects4j-2.1.0/framework/projects/defects4j.build.xml -Dd4j.home=/data/cmd/Ming/LLM_Based-Mutation/tools/mutant/defects4j-2.1.0 -Dd4j.dir.projects=/data/cmd/Ming/LLM_Based-Mutation/tools/mutant/defects4j-2.1.0/framework/projects -Dbasedir=/data/cmd/Ming/llm-fl-apr/tmp/Cli_5-prompt_apr_6-qwen-turbo -Dbuild.compiler=javac1.7  compile 2>&1\nJava HotSpot(TM) 64-Bit Server VM warning: ignoring option MaxPermSize=1G; support was removed in 8.0\nBuildfile: /data/cmd/Ming/LLM_Based-Mutation/tools/mutant/defects4j-2.1.0/framework/projects/defects4j.build.xml\n    [mkdir] Created dir: /data/cmd/Ming/llm-fl-apr/tmp/Cli_5-prompt_apr_6-qwen-turbo/target\n    [mkdir] Created dir: /data/cmd/Ming/llm-fl-apr/tmp/Cli_5-prompt_apr_6-qwen-turbo/target/lib\n\ninit:\n\nget-deps:\n      [get] Getting: file:/data/cmd/Ming/LLM_Based-Mutation/tools/mutant/defects4j-2.1.0/framework/projects/Cli/lib/junit/junit/3.8.1/junit-3.8.1.jar\n      [get] To: /data/cmd/Ming/llm-fl-apr/tmp/Cli_5-prompt_apr_6-qwen-turbo/target/lib/junit-3.8.1.jar\n\ncompile:\n    [mkdir] Created dir: /data/cmd/Ming/llm-fl-apr/tmp/Cli_5-prompt_apr_6-qwen-turbo/target/classes\n    [javac] /data/cmd/Ming/llm-fl-apr/tmp/Cli_5-prompt_apr_6-qwen-turbo/build.xml:46: warning: 'includeantruntime' was not set, defaulting to build.sysclasspath=last; set to false for repeatable builds\n    [javac] Compiling 20 source files to /data/cmd/Ming/llm-fl-apr/tmp/Cli_5-prompt_apr_6-qwen-turbo/target/classes\n    [javac] /data/cmd/Ming/llm-fl-apr/tmp/Cli_5-prompt_apr_6-qwen-turbo/src/java/org/apache/commons/cli/Util.java:39: error: illegal start of type\n    [javac]         else if (str.startsWith(\"-\"))\n    [javac]         ^\n    [javac] /data/cmd/Ming/llm-fl-apr/tmp/Cli_5-prompt_apr_6-qwen-turbo/src/java/org/apache/commons/cli/Util.java:39: error: ';' expected\n    [javac]         else if (str.startsWith(\"-\"))\n    [javac]             ^\n    [javac] /data/cmd/Ming/llm-fl-apr/tmp/Cli_5-prompt_apr_6-qwen-turbo/src/java/org/apache/commons/cli/Util.java:39: error: illegal start of type\n    [javac]         else if (str.startsWith(\"-\"))\n    [javac]                 ^\n    [javac] /data/cmd/Ming/llm-fl-apr/tmp/Cli_5-prompt_apr_6-qwen-turbo/src/java/org/apache/commons/cli/Util.java:39: error: ';' expected\n    [javac]         else if (str.startsWith(\"-\"))\n    [javac]                     ^\n    [javac] /data/cmd/Ming/llm-fl-apr/tmp/Cli_5-prompt_apr_6-qwen-turbo/src/java/org/apache/commons/cli/Util.java:39: error: invalid method declaration; return type required\n    [javac]         else if (str.startsWith(\"-\"))\n    [javac]                      ^\n    [javac] /data/cmd/Ming/llm-fl-apr/tmp/Cli_5-prompt_apr_6-qwen-turbo/src/java/org/apache/commons/cli/Util.java:39: error: illegal start of type\n    [javac]         else if (str.startsWith(\"-\"))\n    [javac]                                 ^\n    [javac] /data/cmd/Ming/llm-fl-apr/tmp/Cli_5-prompt_apr_6-qwen-turbo/src/java/org/apache/commons/cli/Util.java:39: error: ';' expected\n    [javac]         else if (str.startsWith(\"-\"))\n    [javac]                                     ^\n    [javac] /data/cmd/Ming/llm-fl-apr/tmp/Cli_5-prompt_apr_6-qwen-turbo/src/java/org/apache/commons/cli/Util.java:44: error: illegal start of type\n    [javac]         return str;\n    [javac]         ^\n    [javac] /data/cmd/Ming/llm-fl-apr/tmp/Cli_5-prompt_apr_6-qwen-turbo/src/java/org/apache/commons/cli/Util.java:44: error: ';' expected\n    [javac]         return str;\n    [javac]               ^\n    [javac] /data/cmd/Ming/llm-fl-apr/tmp/Cli_5-prompt_apr_6-qwen-turbo/src/java/org/apache/commons/cli/Util.java:56: error: class, interface, or enum expected\n    [javac]     static String stripLeadingAndTrailingQuotes(String str)\n    [javac]            ^\n    [javac] /data/cmd/Ming/llm-fl-apr/tmp/Cli_5-prompt_apr_6-qwen-turbo/src/java/org/apache/commons/cli/Util.java:60: error: class, interface, or enum expected\n    [javac]         }\n    [javac]         ^\n    [javac] /data/cmd/Ming/llm-fl-apr/tmp/Cli_5-prompt_apr_6-qwen-turbo/src/java/org/apache/commons/cli/Util.java:63: error: class, interface, or enum expected\n    [javac]         }\n    [javac]         ^\n    [javac] /data/cmd/Ming/llm-fl-apr/tmp/Cli_5-prompt_apr_6-qwen-turbo/src/java/org/apache/commons/cli/Util.java:65: error: class, interface, or enum expected\n    [javac]     }\n    [javac]     ^\n    [javac] 13 errors\n\nBUILD FAILED\n/data/cmd/Ming/llm-fl-apr/tmp/Cli_5-prompt_apr_6-qwen-turbo/build.xml:46: Compile failed; see the compiler error output for details.\n\nTotal time: 2 seconds\nCannot compile sources! at /data/cmd/Ming/LLM_Based-Mutation/tools/mutant/defects4j-2.1.0/framework/bin/d4j/d4j-compile line 82.\nCompilation failed in require at /data/cmd/Ming/LLM_Based-Mutation/tools/mutant/defects4j-2.1.0/framework/bin/defects4j line 195.\n"
                }
            },
            "doubao-pro-4k": {
                "compile": {
                    "rc": 0,
                    "so": "",
                    "se": "Running ant (compile)...................................................... OK\nRunning ant (compile.tests)................................................ OK\n"
                },
                "test": {
                    "rc": 0,
                    "so": "Failing tests: 2\n  - org.apache.commons.cli.UtilTest::testStripLeadingHyphens\n  - org.apache.commons.cli.bug.BugCLI133Test::testOrder\n",
                    "se": "Running ant (compile.tests)................................................ OK\nRunning ant (run.dev.tests)................................................ OK\n"
                }
            },
            "gpt-4o-mini": {
                "compile": {
                    "rc": 0,
                    "so": "",
                    "se": "Running ant (compile)...................................................... OK\nRunning ant (compile.tests)................................................ OK\n"
                },
                "test": {
                    "rc": 0,
                    "so": "Failing tests: 2\n  - org.apache.commons.cli.UtilTest::testStripLeadingHyphens\n  - org.apache.commons.cli.bug.BugCLI133Test::testOrder\n",
                    "se": "Running ant (compile.tests)................................................ OK\nRunning ant (run.dev.tests)................................................ OK\n"
                }
            },
            "deepseek-chat": {
                "compile": {
                    "rc": 1,
                    "so": "",
                    "se": "Running ant (compile)...................................................... FAIL\nExecuted command:  cd /data/cmd/Ming/llm-fl-apr/tmp/Cli_5-prompt_apr_6-deepseek-chat && /data/cmd/Ming/LLM_Based-Mutation/tools/mutant/defects4j-2.1.0/major/bin/ant -f /data/cmd/Ming/LLM_Based-Mutation/tools/mutant/defects4j-2.1.0/framework/projects/defects4j.build.xml -Dd4j.home=/data/cmd/Ming/LLM_Based-Mutation/tools/mutant/defects4j-2.1.0 -Dd4j.dir.projects=/data/cmd/Ming/LLM_Based-Mutation/tools/mutant/defects4j-2.1.0/framework/projects -Dbasedir=/data/cmd/Ming/llm-fl-apr/tmp/Cli_5-prompt_apr_6-deepseek-chat -Dbuild.compiler=javac1.7  compile 2>&1\nJava HotSpot(TM) 64-Bit Server VM warning: ignoring option MaxPermSize=1G; support was removed in 8.0\nBuildfile: /data/cmd/Ming/LLM_Based-Mutation/tools/mutant/defects4j-2.1.0/framework/projects/defects4j.build.xml\n    [mkdir] Created dir: /data/cmd/Ming/llm-fl-apr/tmp/Cli_5-prompt_apr_6-deepseek-chat/target\n    [mkdir] Created dir: /data/cmd/Ming/llm-fl-apr/tmp/Cli_5-prompt_apr_6-deepseek-chat/target/lib\n\ninit:\n\nget-deps:\n      [get] Getting: file:/data/cmd/Ming/LLM_Based-Mutation/tools/mutant/defects4j-2.1.0/framework/projects/Cli/lib/junit/junit/3.8.1/junit-3.8.1.jar\n      [get] To: /data/cmd/Ming/llm-fl-apr/tmp/Cli_5-prompt_apr_6-deepseek-chat/target/lib/junit-3.8.1.jar\n\ncompile:\n    [mkdir] Created dir: /data/cmd/Ming/llm-fl-apr/tmp/Cli_5-prompt_apr_6-deepseek-chat/target/classes\n    [javac] /data/cmd/Ming/llm-fl-apr/tmp/Cli_5-prompt_apr_6-deepseek-chat/build.xml:46: warning: 'includeantruntime' was not set, defaulting to build.sysclasspath=last; set to false for repeatable builds\n    [javac] Compiling 20 source files to /data/cmd/Ming/llm-fl-apr/tmp/Cli_5-prompt_apr_6-deepseek-chat/target/classes\n    [javac] /data/cmd/Ming/llm-fl-apr/tmp/Cli_5-prompt_apr_6-deepseek-chat/src/java/org/apache/commons/cli/Util.java:39: error: illegal start of type\n    [javac]         else if (str.startsWith(\"-\"))\n    [javac]         ^\n    [javac] /data/cmd/Ming/llm-fl-apr/tmp/Cli_5-prompt_apr_6-deepseek-chat/src/java/org/apache/commons/cli/Util.java:39: error: ';' expected\n    [javac]         else if (str.startsWith(\"-\"))\n    [javac]             ^\n    [javac] /data/cmd/Ming/llm-fl-apr/tmp/Cli_5-prompt_apr_6-deepseek-chat/src/java/org/apache/commons/cli/Util.java:39: error: illegal start of type\n    [javac]         else if (str.startsWith(\"-\"))\n    [javac]                 ^\n    [javac] /data/cmd/Ming/llm-fl-apr/tmp/Cli_5-prompt_apr_6-deepseek-chat/src/java/org/apache/commons/cli/Util.java:39: error: ';' expected\n    [javac]         else if (str.startsWith(\"-\"))\n    [javac]                     ^\n    [javac] /data/cmd/Ming/llm-fl-apr/tmp/Cli_5-prompt_apr_6-deepseek-chat/src/java/org/apache/commons/cli/Util.java:39: error: invalid method declaration; return type required\n    [javac]         else if (str.startsWith(\"-\"))\n    [javac]                      ^\n    [javac] /data/cmd/Ming/llm-fl-apr/tmp/Cli_5-prompt_apr_6-deepseek-chat/src/java/org/apache/commons/cli/Util.java:39: error: illegal start of type\n    [javac]         else if (str.startsWith(\"-\"))\n    [javac]                                 ^\n    [javac] /data/cmd/Ming/llm-fl-apr/tmp/Cli_5-prompt_apr_6-deepseek-chat/src/java/org/apache/commons/cli/Util.java:39: error: ';' expected\n    [javac]         else if (str.startsWith(\"-\"))\n    [javac]                                     ^\n    [javac] /data/cmd/Ming/llm-fl-apr/tmp/Cli_5-prompt_apr_6-deepseek-chat/src/java/org/apache/commons/cli/Util.java:44: error: illegal start of type\n    [javac]         return str;\n    [javac]         ^\n    [javac] /data/cmd/Ming/llm-fl-apr/tmp/Cli_5-prompt_apr_6-deepseek-chat/src/java/org/apache/commons/cli/Util.java:44: error: ';' expected\n    [javac]         return str;\n    [javac]               ^\n    [javac] /data/cmd/Ming/llm-fl-apr/tmp/Cli_5-prompt_apr_6-deepseek-chat/src/java/org/apache/commons/cli/Util.java:56: error: class, interface, or enum expected\n    [javac]     static String stripLeadingAndTrailingQuotes(String str)\n    [javac]            ^\n    [javac] /data/cmd/Ming/llm-fl-apr/tmp/Cli_5-prompt_apr_6-deepseek-chat/src/java/org/apache/commons/cli/Util.java:60: error: class, interface, or enum expected\n    [javac]         }\n    [javac]         ^\n    [javac] /data/cmd/Ming/llm-fl-apr/tmp/Cli_5-prompt_apr_6-deepseek-chat/src/java/org/apache/commons/cli/Util.java:63: error: class, interface, or enum expected\n    [javac]         }\n    [javac]         ^\n    [javac] /data/cmd/Ming/llm-fl-apr/tmp/Cli_5-prompt_apr_6-deepseek-chat/src/java/org/apache/commons/cli/Util.java:65: error: class, interface, or enum expected\n    [javac]     }\n    [javac]     ^\n    [javac] 13 errors\n\nBUILD FAILED\n/data/cmd/Ming/llm-fl-apr/tmp/Cli_5-prompt_apr_6-deepseek-chat/build.xml:46: Compile failed; see the compiler error output for details.\n\nTotal time: 2 seconds\nCannot compile sources! at /data/cmd/Ming/LLM_Based-Mutation/tools/mutant/defects4j-2.1.0/framework/bin/d4j/d4j-compile line 82.\nCompilation failed in require at /data/cmd/Ming/LLM_Based-Mutation/tools/mutant/defects4j-2.1.0/framework/bin/defects4j line 195.\n"
                }
            }
        }
    }
}