[
    {
        "prompt_fl_1": "\nsource code:\nprivate void addPossibleSignature(String name, Node node, NodeTraversal t) {\n    boolean signatureAdded = false;\n    if (node.getType() == Token.FUNCTION) {\n      // The node we're looking at is a function, so we can add it directly\n      addSignature(name, node, t.getSourceName());\n      signatureAdded = true;\n    } else if (node.getType() == Token.NAME) {\n      String functionName = node.getString();\n      Scope.Var v = t.getScope().getVar(functionName);\n      if (v == null) {\n        if (compiler.isIdeMode()) {\n          return;\n        } else {\n          throw new IllegalStateException(\n              \"VarCheck should have caught this undefined function\");\n        }\n      }\n      Node function = v.getInitialValue();\n      if (function != null &&\n          function.getType() == Token.FUNCTION) {\n        addSignature(name, function, v.getInputName());\n        signatureAdded = true;\n      }\n    }\n    if (!signatureAdded) {\n      nonMethodProperties.add(name);\n    }\n  }\n\nThere is a bug in the above code, please help me locate it.\n\nPlease output **only one integer**: the line number of the buggy code (The code starts from line 1). Do not provide any explanations or additional content.\n",
        "prompt_fl_2": "\nsource code:\nprivate void addPossibleSignature(String name, Node node, NodeTraversal t) {\n    boolean signatureAdded = false;\n    if (node.getType() == Token.FUNCTION) {\n      // The node we're looking at is a function, so we can add it directly\n      addSignature(name, node, t.getSourceName());\n      signatureAdded = true;\n    } else if (node.getType() == Token.NAME) {\n      String functionName = node.getString();\n      Scope.Var v = t.getScope().getVar(functionName);\n      if (v == null) {\n        if (compiler.isIdeMode()) {\n          return;\n        } else {\n          throw new IllegalStateException(\n              \"VarCheck should have caught this undefined function\");\n        }\n      }\n      Node function = v.getInitialValue();\n      if (function != null &&\n          function.getType() == Token.FUNCTION) {\n        addSignature(name, function, v.getInputName());\n        signatureAdded = true;\n      }\n    }\n    if (!signatureAdded) {\n      nonMethodProperties.add(name);\n    }\n  }\n\nstack trace:\ncom.google.javascript.jscomp.InlineGettersTest::testIssue2508576_1\njunit.framework.ComparisonFailure: expected:<[({a:alert,b:alert}).a(\"a\")]> but was:<[]>\n\tat junit.framework.Assert.assertEquals(Assert.java:100)\n\tat junit.framework.Assert.assertEquals(Assert.java:107)\n\tat junit.framework.TestCase.assertEquals(TestCase.java:269)\n\tat com.google.javascript.jscomp.CompilerTestCase.test(CompilerTestCase.java:786)\n\tat com.google.javascript.jscomp.CompilerTestCase.test(CompilerTestCase.java:372)\n\tat com.google.javascript.jscomp.CompilerTestCase.testSame(CompilerTestCase.java:544)\n\tat com.google.javascript.jscomp.CompilerTestCase.testSame(CompilerTestCase.java:525)\n\tat com.google.javascript.jscomp.InlineGettersTest.testIssue2508576_1(InlineGettersTest.java:238)\n\tat sun.reflect.NativeMethodAccessorImpl.invoke0(Native Method)\n\tat sun.reflect.NativeMethodAccessorImpl.invoke(NativeMethodAccessorImpl.java:62)\n\tat sun.reflect.DelegatingMethodAccessorImpl.invoke(DelegatingMethodAccessorImpl.java:43)\n\tat java.lang.reflect.Method.invoke(Method.java:498)\n\tat junit.framework.TestCase.runTest(TestCase.java:176)\n\tat junit.framework.TestCase.runBare(TestCase.java:141)\n\tat junit.framework.TestResult$1.protect(TestResult.java:122)\n\tat junit.framework.TestResult.runProtected(TestResult.java:142)\n\tat junit.framework.TestResult.run(TestResult.java:125)\n\tat junit.framework.TestCase.run(TestCase.java:129)\n\tat junit.framework.TestSuite.runTest(TestSuite.java:255)\n\tat junit.framework.TestSuite.run(TestSuite.java:250)\n\tat org.apache.tools.ant.taskdefs.optional.junit.JUnitTestRunner.run(JUnitTestRunner.java:520)\n\tat org.apache.tools.ant.taskdefs.optional.junit.JUnitTask.executeInVM(JUnitTask.java:1484)\n\tat org.apache.tools.ant.taskdefs.optional.junit.JUnitTask.execute(JUnitTask.java:872)\n\tat org.apache.tools.ant.taskdefs.optional.junit.JUnitTask.executeOrQueue(JUnitTask.java:1972)\n\tat org.apache.tools.ant.taskdefs.optional.junit.JUnitTask.execute1(JUnitTask.java:824)\n\tat org.apache.tools.ant.taskdefs.optional.junit.JUnitTask.execute(JUnitTask.java:2277)\n\tat org.apache.tools.ant.UnknownElement.execute(UnknownElement.java:291)\n\tat sun.reflect.GeneratedMethodAccessor4.invoke(Unknown Source)\n\tat sun.reflect.DelegatingMethodAccessorImpl.invoke(DelegatingMethodAccessorImpl.java:43)\n\tat java.lang.reflect.Method.invoke(Method.java:498)\n\tat org.apache.tools.ant.dispatch.DispatchUtils.execute(DispatchUtils.java:106)\n\tat org.apache.tools.ant.Task.perform(Task.java:348)\n\tat org.apache.tools.ant.Target.execute(Target.java:392)\n\tat org.apache.tools.ant.Target.performTasks(Target.java:413)\n\tat org.apache.tools.ant.Project.executeSortedTargets(Project.java:1399)\n\tat org.apache.tools.ant.Project.executeTarget(Project.java:1368)\n\tat org.apache.tools.ant.helper.DefaultExecutor.executeTargets(DefaultExecutor.java:41)\n\tat org.apache.tools.ant.Project.executeTargets(Project.java:1251)\n\tat org.apache.tools.ant.Main.runBuild(Main.java:811)\n\tat org.apache.tools.ant.Main.startAnt(Main.java:217)\n\tat org.apache.tools.ant.launch.Launcher.run(Launcher.java:280)\n\tat org.apache.tools.ant.launch.Launcher.main(Launcher.java:109)\ncom.google.javascript.jscomp.InlineGettersTest::testIssue2508576_3\njava.lang.RuntimeException: INTERNAL COMPILER ERROR.\nPlease report this problem.\nVarCheck should have caught this undefined function\n  Node(OBJECTLIT): testcode:1:1\n[source unknown]\n  Parent(GETPROP): testcode:1:1\n[source unknown]\n\n\tat com.google.javascript.jscomp.MethodCompilerPass.addPossibleSignature(MethodCompilerPass.java:114)\n\tat com.google.javascript.jscomp.MethodCompilerPass.access$300(MethodCompilerPass.java:38)\n\tat com.google.javascript.jscomp.MethodCompilerPass$GatherSignatures.visit(MethodCompilerPass.java:236)\n\tat com.google.javascript.jscomp.NodeTraversal.traverseBranch(NodeTraversal.java:477)\n\tat com.google.javascript.jscomp.NodeTraversal.traverseBranch(NodeTraversal.java:470)\n\tat com.google.javascript.jscomp.NodeTraversal.traverseBranch(NodeTraversal.java:470)\n\tat com.google.javascript.jscomp.NodeTraversal.traverseBranch(NodeTraversal.java:470)\n\tat com.google.javascript.jscomp.NodeTraversal.traverseBranch(NodeTraversal.java:470)\n\tat com.google.javascript.jscomp.NodeTraversal.traverseBranch(NodeTraversal.java:470)\n\tat com.google.javascript.jscomp.NodeTraversal.traverseRoots(NodeTraversal.java:279)\n\tat com.google.javascript.jscomp.NodeTraversal.traverseRoots(NodeTraversal.java:435)\n\tat com.google.javascript.jscomp.MethodCompilerPass.process(MethodCompilerPass.java:79)\n\tat com.google.javascript.jscomp.CompilerTestCase.test(CompilerTestCase.java:694)\n\tat com.google.javascript.jscomp.CompilerTestCase.test(CompilerTestCase.java:372)\n\tat com.google.javascript.jscomp.CompilerTestCase.test(CompilerTestCase.java:302)\n\tat com.google.javascript.jscomp.CompilerTestCase.test(CompilerTestCase.java:271)\n\tat com.google.javascript.jscomp.CompilerTestCase.test(CompilerTestCase.java:259)\n\tat com.google.javascript.jscomp.InlineGettersTest.testIssue2508576_3(InlineGettersTest.java:248)\n\tat sun.reflect.NativeMethodAccessorImpl.invoke0(Native Method)\n\tat sun.reflect.NativeMethodAccessorImpl.invoke(NativeMethodAccessorImpl.java:62)\n\tat sun.reflect.DelegatingMethodAccessorImpl.invoke(DelegatingMethodAccessorImpl.java:43)\n\tat java.lang.reflect.Method.invoke(Method.java:498)\n\tat junit.framework.TestCase.runTest(TestCase.java:176)\n\tat junit.framework.TestCase.runBare(TestCase.java:141)\n\tat junit.framework.TestResult$1.protect(TestResult.java:122)\n\tat junit.framework.TestResult.runProtected(TestResult.java:142)\n\tat junit.framework.TestResult.run(TestResult.java:125)\n\tat junit.framework.TestCase.run(TestCase.java:129)\n\tat junit.framework.TestSuite.runTest(TestSuite.java:255)\n\tat junit.framework.TestSuite.run(TestSuite.java:250)\n\tat org.apache.tools.ant.taskdefs.optional.junit.JUnitTestRunner.run(JUnitTestRunner.java:520)\n\tat org.apache.tools.ant.taskdefs.optional.junit.JUnitTask.executeInVM(JUnitTask.java:1484)\n\tat org.apache.tools.ant.taskdefs.optional.junit.JUnitTask.execute(JUnitTask.java:872)\n\tat org.apache.tools.ant.taskdefs.optional.junit.JUnitTask.executeOrQueue(JUnitTask.java:1972)\n\tat org.apache.tools.ant.taskdefs.optional.junit.JUnitTask.execute1(JUnitTask.java:824)\n\tat org.apache.tools.ant.taskdefs.optional.junit.JUnitTask.execute(JUnitTask.java:2277)\n\tat org.apache.tools.ant.UnknownElement.execute(UnknownElement.java:291)\n\tat sun.reflect.GeneratedMethodAccessor4.invoke(Unknown Source)\n\tat sun.reflect.DelegatingMethodAccessorImpl.invoke(DelegatingMethodAccessorImpl.java:43)\n\tat java.lang.reflect.Method.invoke(Method.java:498)\n\tat org.apache.tools.ant.dispatch.DispatchUtils.execute(DispatchUtils.java:106)\n\tat org.apache.tools.ant.Task.perform(Task.java:348)\n\tat org.apache.tools.ant.Target.execute(Target.java:392)\n\tat org.apache.tools.ant.Target.performTasks(Target.java:413)\n\tat org.apache.tools.ant.Project.executeSortedTargets(Project.java:1399)\n\tat org.apache.tools.ant.Project.executeTarget(Project.java:1368)\n\tat org.apache.tools.ant.helper.DefaultExecutor.executeTargets(DefaultExecutor.java:41)\n\tat org.apache.tools.ant.Project.executeTargets(Project.java:1251)\n\tat org.apache.tools.ant.Main.runBuild(Main.java:811)\n\tat org.apache.tools.ant.Main.startAnt(Main.java:217)\n\tat org.apache.tools.ant.launch.Launcher.run(Launcher.java:280)\n\tat org.apache.tools.ant.launch.Launcher.main(Launcher.java:109)\nCaused by: java.lang.IllegalStateException: VarCheck should have caught this undefined function\n\t... 52 more\ncom.google.javascript.jscomp.MethodCheckTest::testSeparateMethods\njunit.framework.AssertionFailedError: Unexpected error(s): JSC_WRONG_ARGUMENT_COUNT. Function oneOrTwoArg2: called with 3 argument(s). All definitions of this function require at least 1 argument(s) and no more than 2 argument(s). at testcode line 1 expected:<0> but was:<1>\n\tat junit.framework.Assert.fail(Assert.java:57)\n\tat junit.framework.Assert.failNotEquals(Assert.java:329)\n\tat junit.framework.Assert.assertEquals(Assert.java:78)\n\tat junit.framework.Assert.assertEquals(Assert.java:234)\n\tat junit.framework.TestCase.assertEquals(TestCase.java:401)\n\tat com.google.javascript.jscomp.CompilerTestCase.test(CompilerTestCase.java:712)\n\tat com.google.javascript.jscomp.CompilerTestCase.test(CompilerTestCase.java:372)\n\tat com.google.javascript.jscomp.CompilerTestCase.test(CompilerTestCase.java:302)\n\tat com.google.javascript.jscomp.CompilerTestCase.test(CompilerTestCase.java:271)\n\tat com.google.javascript.jscomp.CompilerTestCase.test(CompilerTestCase.java:259)\n\tat com.google.javascript.jscomp.CompilerTestCase.testSame(CompilerTestCase.java:486)\n\tat com.google.javascript.jscomp.MethodCheckTest.testSame(MethodCheckTest.java:61)\n\tat com.google.javascript.jscomp.MethodCheckTest.testSeparateMethods(MethodCheckTest.java:101)\n\tat sun.reflect.NativeMethodAccessorImpl.invoke0(Native Method)\n\tat sun.reflect.NativeMethodAccessorImpl.invoke(NativeMethodAccessorImpl.java:62)\n\tat sun.reflect.DelegatingMethodAccessorImpl.invoke(DelegatingMethodAccessorImpl.java:43)\n\tat java.lang.reflect.Method.invoke(Method.java:498)\n\tat junit.framework.TestCase.runTest(TestCase.java:176)\n\tat junit.framework.TestCase.runBare(TestCase.java:141)\n\tat junit.framework.TestResult$1.protect(TestResult.java:122)\n\tat junit.framework.TestResult.runProtected(TestResult.java:142)\n\tat junit.framework.TestResult.run(TestResult.java:125)\n\tat junit.framework.TestCase.run(TestCase.java:129)\n\tat junit.framework.TestSuite.runTest(TestSuite.java:255)\n\tat junit.framework.TestSuite.run(TestSuite.java:250)\n\tat org.apache.tools.ant.taskdefs.optional.junit.JUnitTestRunner.run(JUnitTestRunner.java:520)\n\tat org.apache.tools.ant.taskdefs.optional.junit.JUnitTask.executeInVM(JUnitTask.java:1484)\n\tat org.apache.tools.ant.taskdefs.optional.junit.JUnitTask.execute(JUnitTask.java:872)\n\tat org.apache.tools.ant.taskdefs.optional.junit.JUnitTask.executeOrQueue(JUnitTask.java:1972)\n\tat org.apache.tools.ant.taskdefs.optional.junit.JUnitTask.execute1(JUnitTask.java:824)\n\tat org.apache.tools.ant.taskdefs.optional.junit.JUnitTask.execute(JUnitTask.java:2277)\n\tat org.apache.tools.ant.UnknownElement.execute(UnknownElement.java:291)\n\tat sun.reflect.GeneratedMethodAccessor4.invoke(Unknown Source)\n\tat sun.reflect.DelegatingMethodAccessorImpl.invoke(DelegatingMethodAccessorImpl.java:43)\n\tat java.lang.reflect.Method.invoke(Method.java:498)\n\tat org.apache.tools.ant.dispatch.DispatchUtils.execute(DispatchUtils.java:106)\n\tat org.apache.tools.ant.Task.perform(Task.java:348)\n\tat org.apache.tools.ant.Target.execute(Target.java:392)\n\tat org.apache.tools.ant.Target.performTasks(Target.java:413)\n\tat org.apache.tools.ant.Project.executeSortedTargets(Project.java:1399)\n\tat org.apache.tools.ant.Project.executeTarget(Project.java:1368)\n\tat org.apache.tools.ant.helper.DefaultExecutor.executeTargets(DefaultExecutor.java:41)\n\tat org.apache.tools.ant.Project.executeTargets(Project.java:1251)\n\tat org.apache.tools.ant.Main.runBuild(Main.java:811)\n\tat org.apache.tools.ant.Main.startAnt(Main.java:217)\n\tat org.apache.tools.ant.launch.Launcher.run(Launcher.java:280)\n\tat org.apache.tools.ant.launch.Launcher.main(Launcher.java:109)\ncom.google.javascript.jscomp.RenameVarsTest::testDollarSignSuperExport2\njunit.framework.AssertionFailedError:\nExpected: var c=function($super,a,b){};var d=function($super,a){}\nResult: var c=function($super,a,b){};var d=function($super$$1,a){}\nNode tree inequality:\nTree1:\nBLOCK [synthetic: 1]\n    SCRIPT [source name: null] [encoded source length: 0] [base line: -1] [end line: -1] 1 [sourcename: expected0] [synthetic: 1]\n        VAR 1\n            NAME c 1\n                FUNCTION  1 [sourcename: expected0]\n                    NAME  1\n                    LP 1\n                        NAME $super 1 [is_optional_param: 1]\n                        NAME a 1 [is_optional_param: 1]\n                        NAME b 1 [is_var_args_param: 1]\n                    BLOCK 1\n        VAR 1\n            NAME d 1\n                FUNCTION  1 [sourcename: expected0]\n                    NAME  1\n                    LP 1\n                        NAME $super 1 [is_optional_param: 1]\n                        NAME a 1 [is_var_args_param: 1]\n                    BLOCK 1\n\n\nTree2:\nBLOCK [synthetic: 1]\n    SCRIPT [source name: null] [encoded source length: 0] [base line: -1] [end line: -1] 1 [sourcename: testcode] [synthetic: 1]\n        VAR 1\n            NAME c 1\n                FUNCTION  1 [sourcename: testcode]\n                    NAME  1\n                    LP 1\n                        NAME $super 1 [is_optional_param: 1]\n                        NAME a 1 [is_optional_param: 1]\n                        NAME b 1 [is_var_args_param: 1]\n                    BLOCK 1\n        VAR 1\n            NAME d 1\n                FUNCTION  1 [sourcename: testcode]\n                    NAME  1\n                    LP 1\n                        NAME $super$$1 1 [is_optional_param: 1]\n                        NAME a 1 [is_var_args_param: 1]\n                    BLOCK 1\n\n\tat junit.framework.Assert.fail(Assert.java:57)\n\tat junit.framework.Assert.assertTrue(Assert.java:22)\n\tat junit.framework.Assert.assertNull(Assert.java:277)\n\tat junit.framework.TestCase.assertNull(TestCase.java:447)\n\tat com.google.javascript.jscomp.CompilerTestCase.test(CompilerTestCase.java:782)\n\tat com.google.javascript.jscomp.CompilerTestCase.test(CompilerTestCase.java:372)\n\tat com.google.javascript.jscomp.CompilerTestCase.test(CompilerTestCase.java:302)\n\tat com.google.javascript.jscomp.CompilerTestCase.test(CompilerTestCase.java:271)\n\tat com.google.javascript.jscomp.CompilerTestCase.test(CompilerTestCase.java:259)\n\tat com.google.javascript.jscomp.RenameVarsTest.testDollarSignSuperExport2(RenameVarsTest.java:465)\n\tat sun.reflect.NativeMethodAccessorImpl.invoke0(Native Method)\n\tat sun.reflect.NativeMethodAccessorImpl.invoke(NativeMethodAccessorImpl.java:62)\n\tat sun.reflect.DelegatingMethodAccessorImpl.invoke(DelegatingMethodAccessorImpl.java:43)\n\tat java.lang.reflect.Method.invoke(Method.java:498)\n\tat junit.framework.TestCase.runTest(TestCase.java:176)\n\tat junit.framework.TestCase.runBare(TestCase.java:141)\n\tat junit.framework.TestResult$1.protect(TestResult.java:122)\n\tat junit.framework.TestResult.runProtected(TestResult.java:142)\n\tat junit.framework.TestResult.run(TestResult.java:125)\n\tat junit.framework.TestCase.run(TestCase.java:129)\n\tat junit.framework.TestSuite.runTest(TestSuite.java:255)\n\tat junit.framework.TestSuite.run(TestSuite.java:250)\n\tat org.apache.tools.ant.taskdefs.optional.junit.JUnitTestRunner.run(JUnitTestRunner.java:520)\n\tat org.apache.tools.ant.taskdefs.optional.junit.JUnitTask.executeInVM(JUnitTask.java:1484)\n\tat org.apache.tools.ant.taskdefs.optional.junit.JUnitTask.execute(JUnitTask.java:872)\n\tat org.apache.tools.ant.taskdefs.optional.junit.JUnitTask.executeOrQueue(JUnitTask.java:1972)\n\tat org.apache.tools.ant.taskdefs.optional.junit.JUnitTask.execute1(JUnitTask.java:824)\n\tat org.apache.tools.ant.taskdefs.optional.junit.JUnitTask.execute(JUnitTask.java:2277)\n\tat org.apache.tools.ant.UnknownElement.execute(UnknownElement.java:291)\n\tat sun.reflect.GeneratedMethodAccessor4.invoke(Unknown Source)\n\tat sun.reflect.DelegatingMethodAccessorImpl.invoke(DelegatingMethodAccessorImpl.java:43)\n\tat java.lang.reflect.Method.invoke(Method.java:498)\n\tat org.apache.tools.ant.dispatch.DispatchUtils.execute(DispatchUtils.java:106)\n\tat org.apache.tools.ant.Task.perform(Task.java:348)\n\tat org.apache.tools.ant.Target.execute(Target.java:392)\n\tat org.apache.tools.ant.Target.performTasks(Target.java:413)\n\tat org.apache.tools.ant.Project.executeSortedTargets(Project.java:1399)\n\tat org.apache.tools.ant.Project.executeTarget(Project.java:1368)\n\tat org.apache.tools.ant.helper.DefaultExecutor.executeTargets(DefaultExecutor.java:41)\n\tat org.apache.tools.ant.Project.executeTargets(Project.java:1251)\n\tat org.apache.tools.ant.Main.runBuild(Main.java:811)\n\tat org.apache.tools.ant.Main.startAnt(Main.java:217)\n\tat org.apache.tools.ant.launch.Launcher.run(Launcher.java:280)\n\tat org.apache.tools.ant.launch.Launcher.main(Launcher.java:109)\n\n\nThere is a bug in the above code, please help me locate it by considering the stack trace.\n\nPlease output **only one integer**: the line number of the buggy code (The code starts from line 1). Do not provide any explanations or additional content.\n",
        "prompt_fl_3": "\nsource code:\nprivate void addPossibleSignature(String name, Node node, NodeTraversal t) {\n    boolean signatureAdded = false;\n    if (node.getType() == Token.FUNCTION) {\n      // The node we're looking at is a function, so we can add it directly\n      addSignature(name, node, t.getSourceName());\n      signatureAdded = true;\n    } else if (node.getType() == Token.NAME) {\n      String functionName = node.getString();\n      Scope.Var v = t.getScope().getVar(functionName);\n      if (v == null) {\n        if (compiler.isIdeMode()) {\n          return;\n        } else {\n          throw new IllegalStateException(\n              \"VarCheck should have caught this undefined function\");\n        }\n      }\n      Node function = v.getInitialValue();\n      if (function != null &&\n          function.getType() == Token.FUNCTION) {\n        addSignature(name, function, v.getInputName());\n        signatureAdded = true;\n      }\n    }\n    if (!signatureAdded) {\n      nonMethodProperties.add(name);\n    }\n  }\n\nstack trace:\ncom.google.javascript.jscomp.InlineGettersTest::testIssue2508576_1\njunit.framework.ComparisonFailure: expected:<[({a:alert,b:alert}).a(\"a\")]> but was:<[]>\n\tat junit.framework.Assert.assertEquals(Assert.java:100)\n\tat junit.framework.Assert.assertEquals(Assert.java:107)\n\tat junit.framework.TestCase.assertEquals(TestCase.java:269)\n\tat com.google.javascript.jscomp.CompilerTestCase.test(CompilerTestCase.java:786)\n\tat com.google.javascript.jscomp.CompilerTestCase.test(CompilerTestCase.java:372)\n\tat com.google.javascript.jscomp.CompilerTestCase.testSame(CompilerTestCase.java:544)\n\tat com.google.javascript.jscomp.CompilerTestCase.testSame(CompilerTestCase.java:525)\n\tat com.google.javascript.jscomp.InlineGettersTest.testIssue2508576_1(InlineGettersTest.java:238)\n\tat sun.reflect.NativeMethodAccessorImpl.invoke0(Native Method)\n\tat sun.reflect.NativeMethodAccessorImpl.invoke(NativeMethodAccessorImpl.java:62)\n\tat sun.reflect.DelegatingMethodAccessorImpl.invoke(DelegatingMethodAccessorImpl.java:43)\n\tat java.lang.reflect.Method.invoke(Method.java:498)\n\tat junit.framework.TestCase.runTest(TestCase.java:176)\n\tat junit.framework.TestCase.runBare(TestCase.java:141)\n\tat junit.framework.TestResult$1.protect(TestResult.java:122)\n\tat junit.framework.TestResult.runProtected(TestResult.java:142)\n\tat junit.framework.TestResult.run(TestResult.java:125)\n\tat junit.framework.TestCase.run(TestCase.java:129)\n\tat junit.framework.TestSuite.runTest(TestSuite.java:255)\n\tat junit.framework.TestSuite.run(TestSuite.java:250)\n\tat org.apache.tools.ant.taskdefs.optional.junit.JUnitTestRunner.run(JUnitTestRunner.java:520)\n\tat org.apache.tools.ant.taskdefs.optional.junit.JUnitTask.executeInVM(JUnitTask.java:1484)\n\tat org.apache.tools.ant.taskdefs.optional.junit.JUnitTask.execute(JUnitTask.java:872)\n\tat org.apache.tools.ant.taskdefs.optional.junit.JUnitTask.executeOrQueue(JUnitTask.java:1972)\n\tat org.apache.tools.ant.taskdefs.optional.junit.JUnitTask.execute1(JUnitTask.java:824)\n\tat org.apache.tools.ant.taskdefs.optional.junit.JUnitTask.execute(JUnitTask.java:2277)\n\tat org.apache.tools.ant.UnknownElement.execute(UnknownElement.java:291)\n\tat sun.reflect.GeneratedMethodAccessor4.invoke(Unknown Source)\n\tat sun.reflect.DelegatingMethodAccessorImpl.invoke(DelegatingMethodAccessorImpl.java:43)\n\tat java.lang.reflect.Method.invoke(Method.java:498)\n\tat org.apache.tools.ant.dispatch.DispatchUtils.execute(DispatchUtils.java:106)\n\tat org.apache.tools.ant.Task.perform(Task.java:348)\n\tat org.apache.tools.ant.Target.execute(Target.java:392)\n\tat org.apache.tools.ant.Target.performTasks(Target.java:413)\n\tat org.apache.tools.ant.Project.executeSortedTargets(Project.java:1399)\n\tat org.apache.tools.ant.Project.executeTarget(Project.java:1368)\n\tat org.apache.tools.ant.helper.DefaultExecutor.executeTargets(DefaultExecutor.java:41)\n\tat org.apache.tools.ant.Project.executeTargets(Project.java:1251)\n\tat org.apache.tools.ant.Main.runBuild(Main.java:811)\n\tat org.apache.tools.ant.Main.startAnt(Main.java:217)\n\tat org.apache.tools.ant.launch.Launcher.run(Launcher.java:280)\n\tat org.apache.tools.ant.launch.Launcher.main(Launcher.java:109)\ncom.google.javascript.jscomp.InlineGettersTest::testIssue2508576_3\njava.lang.RuntimeException: INTERNAL COMPILER ERROR.\nPlease report this problem.\nVarCheck should have caught this undefined function\n  Node(OBJECTLIT): testcode:1:1\n[source unknown]\n  Parent(GETPROP): testcode:1:1\n[source unknown]\n\n\tat com.google.javascript.jscomp.MethodCompilerPass.addPossibleSignature(MethodCompilerPass.java:114)\n\tat com.google.javascript.jscomp.MethodCompilerPass.access$300(MethodCompilerPass.java:38)\n\tat com.google.javascript.jscomp.MethodCompilerPass$GatherSignatures.visit(MethodCompilerPass.java:236)\n\tat com.google.javascript.jscomp.NodeTraversal.traverseBranch(NodeTraversal.java:477)\n\tat com.google.javascript.jscomp.NodeTraversal.traverseBranch(NodeTraversal.java:470)\n\tat com.google.javascript.jscomp.NodeTraversal.traverseBranch(NodeTraversal.java:470)\n\tat com.google.javascript.jscomp.NodeTraversal.traverseBranch(NodeTraversal.java:470)\n\tat com.google.javascript.jscomp.NodeTraversal.traverseBranch(NodeTraversal.java:470)\n\tat com.google.javascript.jscomp.NodeTraversal.traverseBranch(NodeTraversal.java:470)\n\tat com.google.javascript.jscomp.NodeTraversal.traverseRoots(NodeTraversal.java:279)\n\tat com.google.javascript.jscomp.NodeTraversal.traverseRoots(NodeTraversal.java:435)\n\tat com.google.javascript.jscomp.MethodCompilerPass.process(MethodCompilerPass.java:79)\n\tat com.google.javascript.jscomp.CompilerTestCase.test(CompilerTestCase.java:694)\n\tat com.google.javascript.jscomp.CompilerTestCase.test(CompilerTestCase.java:372)\n\tat com.google.javascript.jscomp.CompilerTestCase.test(CompilerTestCase.java:302)\n\tat com.google.javascript.jscomp.CompilerTestCase.test(CompilerTestCase.java:271)\n\tat com.google.javascript.jscomp.CompilerTestCase.test(CompilerTestCase.java:259)\n\tat com.google.javascript.jscomp.InlineGettersTest.testIssue2508576_3(InlineGettersTest.java:248)\n\tat sun.reflect.NativeMethodAccessorImpl.invoke0(Native Method)\n\tat sun.reflect.NativeMethodAccessorImpl.invoke(NativeMethodAccessorImpl.java:62)\n\tat sun.reflect.DelegatingMethodAccessorImpl.invoke(DelegatingMethodAccessorImpl.java:43)\n\tat java.lang.reflect.Method.invoke(Method.java:498)\n\tat junit.framework.TestCase.runTest(TestCase.java:176)\n\tat junit.framework.TestCase.runBare(TestCase.java:141)\n\tat junit.framework.TestResult$1.protect(TestResult.java:122)\n\tat junit.framework.TestResult.runProtected(TestResult.java:142)\n\tat junit.framework.TestResult.run(TestResult.java:125)\n\tat junit.framework.TestCase.run(TestCase.java:129)\n\tat junit.framework.TestSuite.runTest(TestSuite.java:255)\n\tat junit.framework.TestSuite.run(TestSuite.java:250)\n\tat org.apache.tools.ant.taskdefs.optional.junit.JUnitTestRunner.run(JUnitTestRunner.java:520)\n\tat org.apache.tools.ant.taskdefs.optional.junit.JUnitTask.executeInVM(JUnitTask.java:1484)\n\tat org.apache.tools.ant.taskdefs.optional.junit.JUnitTask.execute(JUnitTask.java:872)\n\tat org.apache.tools.ant.taskdefs.optional.junit.JUnitTask.executeOrQueue(JUnitTask.java:1972)\n\tat org.apache.tools.ant.taskdefs.optional.junit.JUnitTask.execute1(JUnitTask.java:824)\n\tat org.apache.tools.ant.taskdefs.optional.junit.JUnitTask.execute(JUnitTask.java:2277)\n\tat org.apache.tools.ant.UnknownElement.execute(UnknownElement.java:291)\n\tat sun.reflect.GeneratedMethodAccessor4.invoke(Unknown Source)\n\tat sun.reflect.DelegatingMethodAccessorImpl.invoke(DelegatingMethodAccessorImpl.java:43)\n\tat java.lang.reflect.Method.invoke(Method.java:498)\n\tat org.apache.tools.ant.dispatch.DispatchUtils.execute(DispatchUtils.java:106)\n\tat org.apache.tools.ant.Task.perform(Task.java:348)\n\tat org.apache.tools.ant.Target.execute(Target.java:392)\n\tat org.apache.tools.ant.Target.performTasks(Target.java:413)\n\tat org.apache.tools.ant.Project.executeSortedTargets(Project.java:1399)\n\tat org.apache.tools.ant.Project.executeTarget(Project.java:1368)\n\tat org.apache.tools.ant.helper.DefaultExecutor.executeTargets(DefaultExecutor.java:41)\n\tat org.apache.tools.ant.Project.executeTargets(Project.java:1251)\n\tat org.apache.tools.ant.Main.runBuild(Main.java:811)\n\tat org.apache.tools.ant.Main.startAnt(Main.java:217)\n\tat org.apache.tools.ant.launch.Launcher.run(Launcher.java:280)\n\tat org.apache.tools.ant.launch.Launcher.main(Launcher.java:109)\nCaused by: java.lang.IllegalStateException: VarCheck should have caught this undefined function\n\t... 52 more\ncom.google.javascript.jscomp.MethodCheckTest::testSeparateMethods\njunit.framework.AssertionFailedError: Unexpected error(s): JSC_WRONG_ARGUMENT_COUNT. Function oneOrTwoArg2: called with 3 argument(s). All definitions of this function require at least 1 argument(s) and no more than 2 argument(s). at testcode line 1 expected:<0> but was:<1>\n\tat junit.framework.Assert.fail(Assert.java:57)\n\tat junit.framework.Assert.failNotEquals(Assert.java:329)\n\tat junit.framework.Assert.assertEquals(Assert.java:78)\n\tat junit.framework.Assert.assertEquals(Assert.java:234)\n\tat junit.framework.TestCase.assertEquals(TestCase.java:401)\n\tat com.google.javascript.jscomp.CompilerTestCase.test(CompilerTestCase.java:712)\n\tat com.google.javascript.jscomp.CompilerTestCase.test(CompilerTestCase.java:372)\n\tat com.google.javascript.jscomp.CompilerTestCase.test(CompilerTestCase.java:302)\n\tat com.google.javascript.jscomp.CompilerTestCase.test(CompilerTestCase.java:271)\n\tat com.google.javascript.jscomp.CompilerTestCase.test(CompilerTestCase.java:259)\n\tat com.google.javascript.jscomp.CompilerTestCase.testSame(CompilerTestCase.java:486)\n\tat com.google.javascript.jscomp.MethodCheckTest.testSame(MethodCheckTest.java:61)\n\tat com.google.javascript.jscomp.MethodCheckTest.testSeparateMethods(MethodCheckTest.java:101)\n\tat sun.reflect.NativeMethodAccessorImpl.invoke0(Native Method)\n\tat sun.reflect.NativeMethodAccessorImpl.invoke(NativeMethodAccessorImpl.java:62)\n\tat sun.reflect.DelegatingMethodAccessorImpl.invoke(DelegatingMethodAccessorImpl.java:43)\n\tat java.lang.reflect.Method.invoke(Method.java:498)\n\tat junit.framework.TestCase.runTest(TestCase.java:176)\n\tat junit.framework.TestCase.runBare(TestCase.java:141)\n\tat junit.framework.TestResult$1.protect(TestResult.java:122)\n\tat junit.framework.TestResult.runProtected(TestResult.java:142)\n\tat junit.framework.TestResult.run(TestResult.java:125)\n\tat junit.framework.TestCase.run(TestCase.java:129)\n\tat junit.framework.TestSuite.runTest(TestSuite.java:255)\n\tat junit.framework.TestSuite.run(TestSuite.java:250)\n\tat org.apache.tools.ant.taskdefs.optional.junit.JUnitTestRunner.run(JUnitTestRunner.java:520)\n\tat org.apache.tools.ant.taskdefs.optional.junit.JUnitTask.executeInVM(JUnitTask.java:1484)\n\tat org.apache.tools.ant.taskdefs.optional.junit.JUnitTask.execute(JUnitTask.java:872)\n\tat org.apache.tools.ant.taskdefs.optional.junit.JUnitTask.executeOrQueue(JUnitTask.java:1972)\n\tat org.apache.tools.ant.taskdefs.optional.junit.JUnitTask.execute1(JUnitTask.java:824)\n\tat org.apache.tools.ant.taskdefs.optional.junit.JUnitTask.execute(JUnitTask.java:2277)\n\tat org.apache.tools.ant.UnknownElement.execute(UnknownElement.java:291)\n\tat sun.reflect.GeneratedMethodAccessor4.invoke(Unknown Source)\n\tat sun.reflect.DelegatingMethodAccessorImpl.invoke(DelegatingMethodAccessorImpl.java:43)\n\tat java.lang.reflect.Method.invoke(Method.java:498)\n\tat org.apache.tools.ant.dispatch.DispatchUtils.execute(DispatchUtils.java:106)\n\tat org.apache.tools.ant.Task.perform(Task.java:348)\n\tat org.apache.tools.ant.Target.execute(Target.java:392)\n\tat org.apache.tools.ant.Target.performTasks(Target.java:413)\n\tat org.apache.tools.ant.Project.executeSortedTargets(Project.java:1399)\n\tat org.apache.tools.ant.Project.executeTarget(Project.java:1368)\n\tat org.apache.tools.ant.helper.DefaultExecutor.executeTargets(DefaultExecutor.java:41)\n\tat org.apache.tools.ant.Project.executeTargets(Project.java:1251)\n\tat org.apache.tools.ant.Main.runBuild(Main.java:811)\n\tat org.apache.tools.ant.Main.startAnt(Main.java:217)\n\tat org.apache.tools.ant.launch.Launcher.run(Launcher.java:280)\n\tat org.apache.tools.ant.launch.Launcher.main(Launcher.java:109)\ncom.google.javascript.jscomp.RenameVarsTest::testDollarSignSuperExport2\njunit.framework.AssertionFailedError:\nExpected: var c=function($super,a,b){};var d=function($super,a){}\nResult: var c=function($super,a,b){};var d=function($super$$1,a){}\nNode tree inequality:\nTree1:\nBLOCK [synthetic: 1]\n    SCRIPT [source name: null] [encoded source length: 0] [base line: -1] [end line: -1] 1 [sourcename: expected0] [synthetic: 1]\n        VAR 1\n            NAME c 1\n                FUNCTION  1 [sourcename: expected0]\n                    NAME  1\n                    LP 1\n                        NAME $super 1 [is_optional_param: 1]\n                        NAME a 1 [is_optional_param: 1]\n                        NAME b 1 [is_var_args_param: 1]\n                    BLOCK 1\n        VAR 1\n            NAME d 1\n                FUNCTION  1 [sourcename: expected0]\n                    NAME  1\n                    LP 1\n                        NAME $super 1 [is_optional_param: 1]\n                        NAME a 1 [is_var_args_param: 1]\n                    BLOCK 1\n\n\nTree2:\nBLOCK [synthetic: 1]\n    SCRIPT [source name: null] [encoded source length: 0] [base line: -1] [end line: -1] 1 [sourcename: testcode] [synthetic: 1]\n        VAR 1\n            NAME c 1\n                FUNCTION  1 [sourcename: testcode]\n                    NAME  1\n                    LP 1\n                        NAME $super 1 [is_optional_param: 1]\n                        NAME a 1 [is_optional_param: 1]\n                        NAME b 1 [is_var_args_param: 1]\n                    BLOCK 1\n        VAR 1\n            NAME d 1\n                FUNCTION  1 [sourcename: testcode]\n                    NAME  1\n                    LP 1\n                        NAME $super$$1 1 [is_optional_param: 1]\n                        NAME a 1 [is_var_args_param: 1]\n                    BLOCK 1\n\n\tat junit.framework.Assert.fail(Assert.java:57)\n\tat junit.framework.Assert.assertTrue(Assert.java:22)\n\tat junit.framework.Assert.assertNull(Assert.java:277)\n\tat junit.framework.TestCase.assertNull(TestCase.java:447)\n\tat com.google.javascript.jscomp.CompilerTestCase.test(CompilerTestCase.java:782)\n\tat com.google.javascript.jscomp.CompilerTestCase.test(CompilerTestCase.java:372)\n\tat com.google.javascript.jscomp.CompilerTestCase.test(CompilerTestCase.java:302)\n\tat com.google.javascript.jscomp.CompilerTestCase.test(CompilerTestCase.java:271)\n\tat com.google.javascript.jscomp.CompilerTestCase.test(CompilerTestCase.java:259)\n\tat com.google.javascript.jscomp.RenameVarsTest.testDollarSignSuperExport2(RenameVarsTest.java:465)\n\tat sun.reflect.NativeMethodAccessorImpl.invoke0(Native Method)\n\tat sun.reflect.NativeMethodAccessorImpl.invoke(NativeMethodAccessorImpl.java:62)\n\tat sun.reflect.DelegatingMethodAccessorImpl.invoke(DelegatingMethodAccessorImpl.java:43)\n\tat java.lang.reflect.Method.invoke(Method.java:498)\n\tat junit.framework.TestCase.runTest(TestCase.java:176)\n\tat junit.framework.TestCase.runBare(TestCase.java:141)\n\tat junit.framework.TestResult$1.protect(TestResult.java:122)\n\tat junit.framework.TestResult.runProtected(TestResult.java:142)\n\tat junit.framework.TestResult.run(TestResult.java:125)\n\tat junit.framework.TestCase.run(TestCase.java:129)\n\tat junit.framework.TestSuite.runTest(TestSuite.java:255)\n\tat junit.framework.TestSuite.run(TestSuite.java:250)\n\tat org.apache.tools.ant.taskdefs.optional.junit.JUnitTestRunner.run(JUnitTestRunner.java:520)\n\tat org.apache.tools.ant.taskdefs.optional.junit.JUnitTask.executeInVM(JUnitTask.java:1484)\n\tat org.apache.tools.ant.taskdefs.optional.junit.JUnitTask.execute(JUnitTask.java:872)\n\tat org.apache.tools.ant.taskdefs.optional.junit.JUnitTask.executeOrQueue(JUnitTask.java:1972)\n\tat org.apache.tools.ant.taskdefs.optional.junit.JUnitTask.execute1(JUnitTask.java:824)\n\tat org.apache.tools.ant.taskdefs.optional.junit.JUnitTask.execute(JUnitTask.java:2277)\n\tat org.apache.tools.ant.UnknownElement.execute(UnknownElement.java:291)\n\tat sun.reflect.GeneratedMethodAccessor4.invoke(Unknown Source)\n\tat sun.reflect.DelegatingMethodAccessorImpl.invoke(DelegatingMethodAccessorImpl.java:43)\n\tat java.lang.reflect.Method.invoke(Method.java:498)\n\tat org.apache.tools.ant.dispatch.DispatchUtils.execute(DispatchUtils.java:106)\n\tat org.apache.tools.ant.Task.perform(Task.java:348)\n\tat org.apache.tools.ant.Target.execute(Target.java:392)\n\tat org.apache.tools.ant.Target.performTasks(Target.java:413)\n\tat org.apache.tools.ant.Project.executeSortedTargets(Project.java:1399)\n\tat org.apache.tools.ant.Project.executeTarget(Project.java:1368)\n\tat org.apache.tools.ant.helper.DefaultExecutor.executeTargets(DefaultExecutor.java:41)\n\tat org.apache.tools.ant.Project.executeTargets(Project.java:1251)\n\tat org.apache.tools.ant.Main.runBuild(Main.java:811)\n\tat org.apache.tools.ant.Main.startAnt(Main.java:217)\n\tat org.apache.tools.ant.launch.Launcher.run(Launcher.java:280)\n\tat org.apache.tools.ant.launch.Launcher.main(Launcher.java:109)\n\n\nfailure assertion code:\ntestSame(externs, \"({a:alert,b:alert}).a(\\\"a\\\")\", null);\n\n\nThere is a bug in the above code, please help me locate it by considering the stack trace information and failure assertion code.\n\nPlease output **only one integer**: the line number of the buggy code (The code starts from line 1). Do not provide any explanations or additional content.\n",
        "prompt_fl_4": "\nsource code:\nprivate void addPossibleSignature(String name, Node node, NodeTraversal t) {\n    boolean signatureAdded = false;\n    if (node.getType() == Token.FUNCTION) {\n      // The node we're looking at is a function, so we can add it directly\n      addSignature(name, node, t.getSourceName());\n      signatureAdded = true;\n    } else if (node.getType() == Token.NAME) {\n      String functionName = node.getString();\n      Scope.Var v = t.getScope().getVar(functionName);\n      if (v == null) {\n        if (compiler.isIdeMode()) {\n          return;\n        } else {\n          throw new IllegalStateException(\n              \"VarCheck should have caught this undefined function\");\n        }\n      }\n      Node function = v.getInitialValue();\n      if (function != null &&\n          function.getType() == Token.FUNCTION) {\n        addSignature(name, function, v.getInputName());\n        signatureAdded = true;\n      }\n    }\n    if (!signatureAdded) {\n      nonMethodProperties.add(name);\n    }\n  }\n\nThere is a bug in the above code, please help me locate it.\n\nOutput **only** the exact buggy statement, with no line numbers, explanations, or additional content. Your response should contain just the buggy code line. Do not include ```java or ``` markers in the response.\n",
        "prompt_fl_5": "\nsource code:\nprivate void addPossibleSignature(String name, Node node, NodeTraversal t) {\n    boolean signatureAdded = false;\n    if (node.getType() == Token.FUNCTION) {\n      // The node we're looking at is a function, so we can add it directly\n      addSignature(name, node, t.getSourceName());\n      signatureAdded = true;\n    } else if (node.getType() == Token.NAME) {\n      String functionName = node.getString();\n      Scope.Var v = t.getScope().getVar(functionName);\n      if (v == null) {\n        if (compiler.isIdeMode()) {\n          return;\n        } else {\n          throw new IllegalStateException(\n              \"VarCheck should have caught this undefined function\");\n        }\n      }\n      Node function = v.getInitialValue();\n      if (function != null &&\n          function.getType() == Token.FUNCTION) {\n        addSignature(name, function, v.getInputName());\n        signatureAdded = true;\n      }\n    }\n    if (!signatureAdded) {\n      nonMethodProperties.add(name);\n    }\n  }\n\nstack trace:\ncom.google.javascript.jscomp.InlineGettersTest::testIssue2508576_1\njunit.framework.ComparisonFailure: expected:<[({a:alert,b:alert}).a(\"a\")]> but was:<[]>\n\tat junit.framework.Assert.assertEquals(Assert.java:100)\n\tat junit.framework.Assert.assertEquals(Assert.java:107)\n\tat junit.framework.TestCase.assertEquals(TestCase.java:269)\n\tat com.google.javascript.jscomp.CompilerTestCase.test(CompilerTestCase.java:786)\n\tat com.google.javascript.jscomp.CompilerTestCase.test(CompilerTestCase.java:372)\n\tat com.google.javascript.jscomp.CompilerTestCase.testSame(CompilerTestCase.java:544)\n\tat com.google.javascript.jscomp.CompilerTestCase.testSame(CompilerTestCase.java:525)\n\tat com.google.javascript.jscomp.InlineGettersTest.testIssue2508576_1(InlineGettersTest.java:238)\n\tat sun.reflect.NativeMethodAccessorImpl.invoke0(Native Method)\n\tat sun.reflect.NativeMethodAccessorImpl.invoke(NativeMethodAccessorImpl.java:62)\n\tat sun.reflect.DelegatingMethodAccessorImpl.invoke(DelegatingMethodAccessorImpl.java:43)\n\tat java.lang.reflect.Method.invoke(Method.java:498)\n\tat junit.framework.TestCase.runTest(TestCase.java:176)\n\tat junit.framework.TestCase.runBare(TestCase.java:141)\n\tat junit.framework.TestResult$1.protect(TestResult.java:122)\n\tat junit.framework.TestResult.runProtected(TestResult.java:142)\n\tat junit.framework.TestResult.run(TestResult.java:125)\n\tat junit.framework.TestCase.run(TestCase.java:129)\n\tat junit.framework.TestSuite.runTest(TestSuite.java:255)\n\tat junit.framework.TestSuite.run(TestSuite.java:250)\n\tat org.apache.tools.ant.taskdefs.optional.junit.JUnitTestRunner.run(JUnitTestRunner.java:520)\n\tat org.apache.tools.ant.taskdefs.optional.junit.JUnitTask.executeInVM(JUnitTask.java:1484)\n\tat org.apache.tools.ant.taskdefs.optional.junit.JUnitTask.execute(JUnitTask.java:872)\n\tat org.apache.tools.ant.taskdefs.optional.junit.JUnitTask.executeOrQueue(JUnitTask.java:1972)\n\tat org.apache.tools.ant.taskdefs.optional.junit.JUnitTask.execute1(JUnitTask.java:824)\n\tat org.apache.tools.ant.taskdefs.optional.junit.JUnitTask.execute(JUnitTask.java:2277)\n\tat org.apache.tools.ant.UnknownElement.execute(UnknownElement.java:291)\n\tat sun.reflect.GeneratedMethodAccessor4.invoke(Unknown Source)\n\tat sun.reflect.DelegatingMethodAccessorImpl.invoke(DelegatingMethodAccessorImpl.java:43)\n\tat java.lang.reflect.Method.invoke(Method.java:498)\n\tat org.apache.tools.ant.dispatch.DispatchUtils.execute(DispatchUtils.java:106)\n\tat org.apache.tools.ant.Task.perform(Task.java:348)\n\tat org.apache.tools.ant.Target.execute(Target.java:392)\n\tat org.apache.tools.ant.Target.performTasks(Target.java:413)\n\tat org.apache.tools.ant.Project.executeSortedTargets(Project.java:1399)\n\tat org.apache.tools.ant.Project.executeTarget(Project.java:1368)\n\tat org.apache.tools.ant.helper.DefaultExecutor.executeTargets(DefaultExecutor.java:41)\n\tat org.apache.tools.ant.Project.executeTargets(Project.java:1251)\n\tat org.apache.tools.ant.Main.runBuild(Main.java:811)\n\tat org.apache.tools.ant.Main.startAnt(Main.java:217)\n\tat org.apache.tools.ant.launch.Launcher.run(Launcher.java:280)\n\tat org.apache.tools.ant.launch.Launcher.main(Launcher.java:109)\ncom.google.javascript.jscomp.InlineGettersTest::testIssue2508576_3\njava.lang.RuntimeException: INTERNAL COMPILER ERROR.\nPlease report this problem.\nVarCheck should have caught this undefined function\n  Node(OBJECTLIT): testcode:1:1\n[source unknown]\n  Parent(GETPROP): testcode:1:1\n[source unknown]\n\n\tat com.google.javascript.jscomp.MethodCompilerPass.addPossibleSignature(MethodCompilerPass.java:114)\n\tat com.google.javascript.jscomp.MethodCompilerPass.access$300(MethodCompilerPass.java:38)\n\tat com.google.javascript.jscomp.MethodCompilerPass$GatherSignatures.visit(MethodCompilerPass.java:236)\n\tat com.google.javascript.jscomp.NodeTraversal.traverseBranch(NodeTraversal.java:477)\n\tat com.google.javascript.jscomp.NodeTraversal.traverseBranch(NodeTraversal.java:470)\n\tat com.google.javascript.jscomp.NodeTraversal.traverseBranch(NodeTraversal.java:470)\n\tat com.google.javascript.jscomp.NodeTraversal.traverseBranch(NodeTraversal.java:470)\n\tat com.google.javascript.jscomp.NodeTraversal.traverseBranch(NodeTraversal.java:470)\n\tat com.google.javascript.jscomp.NodeTraversal.traverseBranch(NodeTraversal.java:470)\n\tat com.google.javascript.jscomp.NodeTraversal.traverseRoots(NodeTraversal.java:279)\n\tat com.google.javascript.jscomp.NodeTraversal.traverseRoots(NodeTraversal.java:435)\n\tat com.google.javascript.jscomp.MethodCompilerPass.process(MethodCompilerPass.java:79)\n\tat com.google.javascript.jscomp.CompilerTestCase.test(CompilerTestCase.java:694)\n\tat com.google.javascript.jscomp.CompilerTestCase.test(CompilerTestCase.java:372)\n\tat com.google.javascript.jscomp.CompilerTestCase.test(CompilerTestCase.java:302)\n\tat com.google.javascript.jscomp.CompilerTestCase.test(CompilerTestCase.java:271)\n\tat com.google.javascript.jscomp.CompilerTestCase.test(CompilerTestCase.java:259)\n\tat com.google.javascript.jscomp.InlineGettersTest.testIssue2508576_3(InlineGettersTest.java:248)\n\tat sun.reflect.NativeMethodAccessorImpl.invoke0(Native Method)\n\tat sun.reflect.NativeMethodAccessorImpl.invoke(NativeMethodAccessorImpl.java:62)\n\tat sun.reflect.DelegatingMethodAccessorImpl.invoke(DelegatingMethodAccessorImpl.java:43)\n\tat java.lang.reflect.Method.invoke(Method.java:498)\n\tat junit.framework.TestCase.runTest(TestCase.java:176)\n\tat junit.framework.TestCase.runBare(TestCase.java:141)\n\tat junit.framework.TestResult$1.protect(TestResult.java:122)\n\tat junit.framework.TestResult.runProtected(TestResult.java:142)\n\tat junit.framework.TestResult.run(TestResult.java:125)\n\tat junit.framework.TestCase.run(TestCase.java:129)\n\tat junit.framework.TestSuite.runTest(TestSuite.java:255)\n\tat junit.framework.TestSuite.run(TestSuite.java:250)\n\tat org.apache.tools.ant.taskdefs.optional.junit.JUnitTestRunner.run(JUnitTestRunner.java:520)\n\tat org.apache.tools.ant.taskdefs.optional.junit.JUnitTask.executeInVM(JUnitTask.java:1484)\n\tat org.apache.tools.ant.taskdefs.optional.junit.JUnitTask.execute(JUnitTask.java:872)\n\tat org.apache.tools.ant.taskdefs.optional.junit.JUnitTask.executeOrQueue(JUnitTask.java:1972)\n\tat org.apache.tools.ant.taskdefs.optional.junit.JUnitTask.execute1(JUnitTask.java:824)\n\tat org.apache.tools.ant.taskdefs.optional.junit.JUnitTask.execute(JUnitTask.java:2277)\n\tat org.apache.tools.ant.UnknownElement.execute(UnknownElement.java:291)\n\tat sun.reflect.GeneratedMethodAccessor4.invoke(Unknown Source)\n\tat sun.reflect.DelegatingMethodAccessorImpl.invoke(DelegatingMethodAccessorImpl.java:43)\n\tat java.lang.reflect.Method.invoke(Method.java:498)\n\tat org.apache.tools.ant.dispatch.DispatchUtils.execute(DispatchUtils.java:106)\n\tat org.apache.tools.ant.Task.perform(Task.java:348)\n\tat org.apache.tools.ant.Target.execute(Target.java:392)\n\tat org.apache.tools.ant.Target.performTasks(Target.java:413)\n\tat org.apache.tools.ant.Project.executeSortedTargets(Project.java:1399)\n\tat org.apache.tools.ant.Project.executeTarget(Project.java:1368)\n\tat org.apache.tools.ant.helper.DefaultExecutor.executeTargets(DefaultExecutor.java:41)\n\tat org.apache.tools.ant.Project.executeTargets(Project.java:1251)\n\tat org.apache.tools.ant.Main.runBuild(Main.java:811)\n\tat org.apache.tools.ant.Main.startAnt(Main.java:217)\n\tat org.apache.tools.ant.launch.Launcher.run(Launcher.java:280)\n\tat org.apache.tools.ant.launch.Launcher.main(Launcher.java:109)\nCaused by: java.lang.IllegalStateException: VarCheck should have caught this undefined function\n\t... 52 more\ncom.google.javascript.jscomp.MethodCheckTest::testSeparateMethods\njunit.framework.AssertionFailedError: Unexpected error(s): JSC_WRONG_ARGUMENT_COUNT. Function oneOrTwoArg2: called with 3 argument(s). All definitions of this function require at least 1 argument(s) and no more than 2 argument(s). at testcode line 1 expected:<0> but was:<1>\n\tat junit.framework.Assert.fail(Assert.java:57)\n\tat junit.framework.Assert.failNotEquals(Assert.java:329)\n\tat junit.framework.Assert.assertEquals(Assert.java:78)\n\tat junit.framework.Assert.assertEquals(Assert.java:234)\n\tat junit.framework.TestCase.assertEquals(TestCase.java:401)\n\tat com.google.javascript.jscomp.CompilerTestCase.test(CompilerTestCase.java:712)\n\tat com.google.javascript.jscomp.CompilerTestCase.test(CompilerTestCase.java:372)\n\tat com.google.javascript.jscomp.CompilerTestCase.test(CompilerTestCase.java:302)\n\tat com.google.javascript.jscomp.CompilerTestCase.test(CompilerTestCase.java:271)\n\tat com.google.javascript.jscomp.CompilerTestCase.test(CompilerTestCase.java:259)\n\tat com.google.javascript.jscomp.CompilerTestCase.testSame(CompilerTestCase.java:486)\n\tat com.google.javascript.jscomp.MethodCheckTest.testSame(MethodCheckTest.java:61)\n\tat com.google.javascript.jscomp.MethodCheckTest.testSeparateMethods(MethodCheckTest.java:101)\n\tat sun.reflect.NativeMethodAccessorImpl.invoke0(Native Method)\n\tat sun.reflect.NativeMethodAccessorImpl.invoke(NativeMethodAccessorImpl.java:62)\n\tat sun.reflect.DelegatingMethodAccessorImpl.invoke(DelegatingMethodAccessorImpl.java:43)\n\tat java.lang.reflect.Method.invoke(Method.java:498)\n\tat junit.framework.TestCase.runTest(TestCase.java:176)\n\tat junit.framework.TestCase.runBare(TestCase.java:141)\n\tat junit.framework.TestResult$1.protect(TestResult.java:122)\n\tat junit.framework.TestResult.runProtected(TestResult.java:142)\n\tat junit.framework.TestResult.run(TestResult.java:125)\n\tat junit.framework.TestCase.run(TestCase.java:129)\n\tat junit.framework.TestSuite.runTest(TestSuite.java:255)\n\tat junit.framework.TestSuite.run(TestSuite.java:250)\n\tat org.apache.tools.ant.taskdefs.optional.junit.JUnitTestRunner.run(JUnitTestRunner.java:520)\n\tat org.apache.tools.ant.taskdefs.optional.junit.JUnitTask.executeInVM(JUnitTask.java:1484)\n\tat org.apache.tools.ant.taskdefs.optional.junit.JUnitTask.execute(JUnitTask.java:872)\n\tat org.apache.tools.ant.taskdefs.optional.junit.JUnitTask.executeOrQueue(JUnitTask.java:1972)\n\tat org.apache.tools.ant.taskdefs.optional.junit.JUnitTask.execute1(JUnitTask.java:824)\n\tat org.apache.tools.ant.taskdefs.optional.junit.JUnitTask.execute(JUnitTask.java:2277)\n\tat org.apache.tools.ant.UnknownElement.execute(UnknownElement.java:291)\n\tat sun.reflect.GeneratedMethodAccessor4.invoke(Unknown Source)\n\tat sun.reflect.DelegatingMethodAccessorImpl.invoke(DelegatingMethodAccessorImpl.java:43)\n\tat java.lang.reflect.Method.invoke(Method.java:498)\n\tat org.apache.tools.ant.dispatch.DispatchUtils.execute(DispatchUtils.java:106)\n\tat org.apache.tools.ant.Task.perform(Task.java:348)\n\tat org.apache.tools.ant.Target.execute(Target.java:392)\n\tat org.apache.tools.ant.Target.performTasks(Target.java:413)\n\tat org.apache.tools.ant.Project.executeSortedTargets(Project.java:1399)\n\tat org.apache.tools.ant.Project.executeTarget(Project.java:1368)\n\tat org.apache.tools.ant.helper.DefaultExecutor.executeTargets(DefaultExecutor.java:41)\n\tat org.apache.tools.ant.Project.executeTargets(Project.java:1251)\n\tat org.apache.tools.ant.Main.runBuild(Main.java:811)\n\tat org.apache.tools.ant.Main.startAnt(Main.java:217)\n\tat org.apache.tools.ant.launch.Launcher.run(Launcher.java:280)\n\tat org.apache.tools.ant.launch.Launcher.main(Launcher.java:109)\ncom.google.javascript.jscomp.RenameVarsTest::testDollarSignSuperExport2\njunit.framework.AssertionFailedError:\nExpected: var c=function($super,a,b){};var d=function($super,a){}\nResult: var c=function($super,a,b){};var d=function($super$$1,a){}\nNode tree inequality:\nTree1:\nBLOCK [synthetic: 1]\n    SCRIPT [source name: null] [encoded source length: 0] [base line: -1] [end line: -1] 1 [sourcename: expected0] [synthetic: 1]\n        VAR 1\n            NAME c 1\n                FUNCTION  1 [sourcename: expected0]\n                    NAME  1\n                    LP 1\n                        NAME $super 1 [is_optional_param: 1]\n                        NAME a 1 [is_optional_param: 1]\n                        NAME b 1 [is_var_args_param: 1]\n                    BLOCK 1\n        VAR 1\n            NAME d 1\n                FUNCTION  1 [sourcename: expected0]\n                    NAME  1\n                    LP 1\n                        NAME $super 1 [is_optional_param: 1]\n                        NAME a 1 [is_var_args_param: 1]\n                    BLOCK 1\n\n\nTree2:\nBLOCK [synthetic: 1]\n    SCRIPT [source name: null] [encoded source length: 0] [base line: -1] [end line: -1] 1 [sourcename: testcode] [synthetic: 1]\n        VAR 1\n            NAME c 1\n                FUNCTION  1 [sourcename: testcode]\n                    NAME  1\n                    LP 1\n                        NAME $super 1 [is_optional_param: 1]\n                        NAME a 1 [is_optional_param: 1]\n                        NAME b 1 [is_var_args_param: 1]\n                    BLOCK 1\n        VAR 1\n            NAME d 1\n                FUNCTION  1 [sourcename: testcode]\n                    NAME  1\n                    LP 1\n                        NAME $super$$1 1 [is_optional_param: 1]\n                        NAME a 1 [is_var_args_param: 1]\n                    BLOCK 1\n\n\tat junit.framework.Assert.fail(Assert.java:57)\n\tat junit.framework.Assert.assertTrue(Assert.java:22)\n\tat junit.framework.Assert.assertNull(Assert.java:277)\n\tat junit.framework.TestCase.assertNull(TestCase.java:447)\n\tat com.google.javascript.jscomp.CompilerTestCase.test(CompilerTestCase.java:782)\n\tat com.google.javascript.jscomp.CompilerTestCase.test(CompilerTestCase.java:372)\n\tat com.google.javascript.jscomp.CompilerTestCase.test(CompilerTestCase.java:302)\n\tat com.google.javascript.jscomp.CompilerTestCase.test(CompilerTestCase.java:271)\n\tat com.google.javascript.jscomp.CompilerTestCase.test(CompilerTestCase.java:259)\n\tat com.google.javascript.jscomp.RenameVarsTest.testDollarSignSuperExport2(RenameVarsTest.java:465)\n\tat sun.reflect.NativeMethodAccessorImpl.invoke0(Native Method)\n\tat sun.reflect.NativeMethodAccessorImpl.invoke(NativeMethodAccessorImpl.java:62)\n\tat sun.reflect.DelegatingMethodAccessorImpl.invoke(DelegatingMethodAccessorImpl.java:43)\n\tat java.lang.reflect.Method.invoke(Method.java:498)\n\tat junit.framework.TestCase.runTest(TestCase.java:176)\n\tat junit.framework.TestCase.runBare(TestCase.java:141)\n\tat junit.framework.TestResult$1.protect(TestResult.java:122)\n\tat junit.framework.TestResult.runProtected(TestResult.java:142)\n\tat junit.framework.TestResult.run(TestResult.java:125)\n\tat junit.framework.TestCase.run(TestCase.java:129)\n\tat junit.framework.TestSuite.runTest(TestSuite.java:255)\n\tat junit.framework.TestSuite.run(TestSuite.java:250)\n\tat org.apache.tools.ant.taskdefs.optional.junit.JUnitTestRunner.run(JUnitTestRunner.java:520)\n\tat org.apache.tools.ant.taskdefs.optional.junit.JUnitTask.executeInVM(JUnitTask.java:1484)\n\tat org.apache.tools.ant.taskdefs.optional.junit.JUnitTask.execute(JUnitTask.java:872)\n\tat org.apache.tools.ant.taskdefs.optional.junit.JUnitTask.executeOrQueue(JUnitTask.java:1972)\n\tat org.apache.tools.ant.taskdefs.optional.junit.JUnitTask.execute1(JUnitTask.java:824)\n\tat org.apache.tools.ant.taskdefs.optional.junit.JUnitTask.execute(JUnitTask.java:2277)\n\tat org.apache.tools.ant.UnknownElement.execute(UnknownElement.java:291)\n\tat sun.reflect.GeneratedMethodAccessor4.invoke(Unknown Source)\n\tat sun.reflect.DelegatingMethodAccessorImpl.invoke(DelegatingMethodAccessorImpl.java:43)\n\tat java.lang.reflect.Method.invoke(Method.java:498)\n\tat org.apache.tools.ant.dispatch.DispatchUtils.execute(DispatchUtils.java:106)\n\tat org.apache.tools.ant.Task.perform(Task.java:348)\n\tat org.apache.tools.ant.Target.execute(Target.java:392)\n\tat org.apache.tools.ant.Target.performTasks(Target.java:413)\n\tat org.apache.tools.ant.Project.executeSortedTargets(Project.java:1399)\n\tat org.apache.tools.ant.Project.executeTarget(Project.java:1368)\n\tat org.apache.tools.ant.helper.DefaultExecutor.executeTargets(DefaultExecutor.java:41)\n\tat org.apache.tools.ant.Project.executeTargets(Project.java:1251)\n\tat org.apache.tools.ant.Main.runBuild(Main.java:811)\n\tat org.apache.tools.ant.Main.startAnt(Main.java:217)\n\tat org.apache.tools.ant.launch.Launcher.run(Launcher.java:280)\n\tat org.apache.tools.ant.launch.Launcher.main(Launcher.java:109)\n\n\nThere is a bug in the above code, please help me locate it by considering the stack trace.\n\nOutput **only** the exact buggy statement, with no line numbers, explanations, or additional content. Your response should contain just the buggy code line. Do not include ```java or ``` markers in the response.\n",
        "prompt_fl_6": "\nsource code:\nprivate void addPossibleSignature(String name, Node node, NodeTraversal t) {\n    boolean signatureAdded = false;\n    if (node.getType() == Token.FUNCTION) {\n      // The node we're looking at is a function, so we can add it directly\n      addSignature(name, node, t.getSourceName());\n      signatureAdded = true;\n    } else if (node.getType() == Token.NAME) {\n      String functionName = node.getString();\n      Scope.Var v = t.getScope().getVar(functionName);\n      if (v == null) {\n        if (compiler.isIdeMode()) {\n          return;\n        } else {\n          throw new IllegalStateException(\n              \"VarCheck should have caught this undefined function\");\n        }\n      }\n      Node function = v.getInitialValue();\n      if (function != null &&\n          function.getType() == Token.FUNCTION) {\n        addSignature(name, function, v.getInputName());\n        signatureAdded = true;\n      }\n    }\n    if (!signatureAdded) {\n      nonMethodProperties.add(name);\n    }\n  }\n\nstack trace:\ncom.google.javascript.jscomp.InlineGettersTest::testIssue2508576_1\njunit.framework.ComparisonFailure: expected:<[({a:alert,b:alert}).a(\"a\")]> but was:<[]>\n\tat junit.framework.Assert.assertEquals(Assert.java:100)\n\tat junit.framework.Assert.assertEquals(Assert.java:107)\n\tat junit.framework.TestCase.assertEquals(TestCase.java:269)\n\tat com.google.javascript.jscomp.CompilerTestCase.test(CompilerTestCase.java:786)\n\tat com.google.javascript.jscomp.CompilerTestCase.test(CompilerTestCase.java:372)\n\tat com.google.javascript.jscomp.CompilerTestCase.testSame(CompilerTestCase.java:544)\n\tat com.google.javascript.jscomp.CompilerTestCase.testSame(CompilerTestCase.java:525)\n\tat com.google.javascript.jscomp.InlineGettersTest.testIssue2508576_1(InlineGettersTest.java:238)\n\tat sun.reflect.NativeMethodAccessorImpl.invoke0(Native Method)\n\tat sun.reflect.NativeMethodAccessorImpl.invoke(NativeMethodAccessorImpl.java:62)\n\tat sun.reflect.DelegatingMethodAccessorImpl.invoke(DelegatingMethodAccessorImpl.java:43)\n\tat java.lang.reflect.Method.invoke(Method.java:498)\n\tat junit.framework.TestCase.runTest(TestCase.java:176)\n\tat junit.framework.TestCase.runBare(TestCase.java:141)\n\tat junit.framework.TestResult$1.protect(TestResult.java:122)\n\tat junit.framework.TestResult.runProtected(TestResult.java:142)\n\tat junit.framework.TestResult.run(TestResult.java:125)\n\tat junit.framework.TestCase.run(TestCase.java:129)\n\tat junit.framework.TestSuite.runTest(TestSuite.java:255)\n\tat junit.framework.TestSuite.run(TestSuite.java:250)\n\tat org.apache.tools.ant.taskdefs.optional.junit.JUnitTestRunner.run(JUnitTestRunner.java:520)\n\tat org.apache.tools.ant.taskdefs.optional.junit.JUnitTask.executeInVM(JUnitTask.java:1484)\n\tat org.apache.tools.ant.taskdefs.optional.junit.JUnitTask.execute(JUnitTask.java:872)\n\tat org.apache.tools.ant.taskdefs.optional.junit.JUnitTask.executeOrQueue(JUnitTask.java:1972)\n\tat org.apache.tools.ant.taskdefs.optional.junit.JUnitTask.execute1(JUnitTask.java:824)\n\tat org.apache.tools.ant.taskdefs.optional.junit.JUnitTask.execute(JUnitTask.java:2277)\n\tat org.apache.tools.ant.UnknownElement.execute(UnknownElement.java:291)\n\tat sun.reflect.GeneratedMethodAccessor4.invoke(Unknown Source)\n\tat sun.reflect.DelegatingMethodAccessorImpl.invoke(DelegatingMethodAccessorImpl.java:43)\n\tat java.lang.reflect.Method.invoke(Method.java:498)\n\tat org.apache.tools.ant.dispatch.DispatchUtils.execute(DispatchUtils.java:106)\n\tat org.apache.tools.ant.Task.perform(Task.java:348)\n\tat org.apache.tools.ant.Target.execute(Target.java:392)\n\tat org.apache.tools.ant.Target.performTasks(Target.java:413)\n\tat org.apache.tools.ant.Project.executeSortedTargets(Project.java:1399)\n\tat org.apache.tools.ant.Project.executeTarget(Project.java:1368)\n\tat org.apache.tools.ant.helper.DefaultExecutor.executeTargets(DefaultExecutor.java:41)\n\tat org.apache.tools.ant.Project.executeTargets(Project.java:1251)\n\tat org.apache.tools.ant.Main.runBuild(Main.java:811)\n\tat org.apache.tools.ant.Main.startAnt(Main.java:217)\n\tat org.apache.tools.ant.launch.Launcher.run(Launcher.java:280)\n\tat org.apache.tools.ant.launch.Launcher.main(Launcher.java:109)\ncom.google.javascript.jscomp.InlineGettersTest::testIssue2508576_3\njava.lang.RuntimeException: INTERNAL COMPILER ERROR.\nPlease report this problem.\nVarCheck should have caught this undefined function\n  Node(OBJECTLIT): testcode:1:1\n[source unknown]\n  Parent(GETPROP): testcode:1:1\n[source unknown]\n\n\tat com.google.javascript.jscomp.MethodCompilerPass.addPossibleSignature(MethodCompilerPass.java:114)\n\tat com.google.javascript.jscomp.MethodCompilerPass.access$300(MethodCompilerPass.java:38)\n\tat com.google.javascript.jscomp.MethodCompilerPass$GatherSignatures.visit(MethodCompilerPass.java:236)\n\tat com.google.javascript.jscomp.NodeTraversal.traverseBranch(NodeTraversal.java:477)\n\tat com.google.javascript.jscomp.NodeTraversal.traverseBranch(NodeTraversal.java:470)\n\tat com.google.javascript.jscomp.NodeTraversal.traverseBranch(NodeTraversal.java:470)\n\tat com.google.javascript.jscomp.NodeTraversal.traverseBranch(NodeTraversal.java:470)\n\tat com.google.javascript.jscomp.NodeTraversal.traverseBranch(NodeTraversal.java:470)\n\tat com.google.javascript.jscomp.NodeTraversal.traverseBranch(NodeTraversal.java:470)\n\tat com.google.javascript.jscomp.NodeTraversal.traverseRoots(NodeTraversal.java:279)\n\tat com.google.javascript.jscomp.NodeTraversal.traverseRoots(NodeTraversal.java:435)\n\tat com.google.javascript.jscomp.MethodCompilerPass.process(MethodCompilerPass.java:79)\n\tat com.google.javascript.jscomp.CompilerTestCase.test(CompilerTestCase.java:694)\n\tat com.google.javascript.jscomp.CompilerTestCase.test(CompilerTestCase.java:372)\n\tat com.google.javascript.jscomp.CompilerTestCase.test(CompilerTestCase.java:302)\n\tat com.google.javascript.jscomp.CompilerTestCase.test(CompilerTestCase.java:271)\n\tat com.google.javascript.jscomp.CompilerTestCase.test(CompilerTestCase.java:259)\n\tat com.google.javascript.jscomp.InlineGettersTest.testIssue2508576_3(InlineGettersTest.java:248)\n\tat sun.reflect.NativeMethodAccessorImpl.invoke0(Native Method)\n\tat sun.reflect.NativeMethodAccessorImpl.invoke(NativeMethodAccessorImpl.java:62)\n\tat sun.reflect.DelegatingMethodAccessorImpl.invoke(DelegatingMethodAccessorImpl.java:43)\n\tat java.lang.reflect.Method.invoke(Method.java:498)\n\tat junit.framework.TestCase.runTest(TestCase.java:176)\n\tat junit.framework.TestCase.runBare(TestCase.java:141)\n\tat junit.framework.TestResult$1.protect(TestResult.java:122)\n\tat junit.framework.TestResult.runProtected(TestResult.java:142)\n\tat junit.framework.TestResult.run(TestResult.java:125)\n\tat junit.framework.TestCase.run(TestCase.java:129)\n\tat junit.framework.TestSuite.runTest(TestSuite.java:255)\n\tat junit.framework.TestSuite.run(TestSuite.java:250)\n\tat org.apache.tools.ant.taskdefs.optional.junit.JUnitTestRunner.run(JUnitTestRunner.java:520)\n\tat org.apache.tools.ant.taskdefs.optional.junit.JUnitTask.executeInVM(JUnitTask.java:1484)\n\tat org.apache.tools.ant.taskdefs.optional.junit.JUnitTask.execute(JUnitTask.java:872)\n\tat org.apache.tools.ant.taskdefs.optional.junit.JUnitTask.executeOrQueue(JUnitTask.java:1972)\n\tat org.apache.tools.ant.taskdefs.optional.junit.JUnitTask.execute1(JUnitTask.java:824)\n\tat org.apache.tools.ant.taskdefs.optional.junit.JUnitTask.execute(JUnitTask.java:2277)\n\tat org.apache.tools.ant.UnknownElement.execute(UnknownElement.java:291)\n\tat sun.reflect.GeneratedMethodAccessor4.invoke(Unknown Source)\n\tat sun.reflect.DelegatingMethodAccessorImpl.invoke(DelegatingMethodAccessorImpl.java:43)\n\tat java.lang.reflect.Method.invoke(Method.java:498)\n\tat org.apache.tools.ant.dispatch.DispatchUtils.execute(DispatchUtils.java:106)\n\tat org.apache.tools.ant.Task.perform(Task.java:348)\n\tat org.apache.tools.ant.Target.execute(Target.java:392)\n\tat org.apache.tools.ant.Target.performTasks(Target.java:413)\n\tat org.apache.tools.ant.Project.executeSortedTargets(Project.java:1399)\n\tat org.apache.tools.ant.Project.executeTarget(Project.java:1368)\n\tat org.apache.tools.ant.helper.DefaultExecutor.executeTargets(DefaultExecutor.java:41)\n\tat org.apache.tools.ant.Project.executeTargets(Project.java:1251)\n\tat org.apache.tools.ant.Main.runBuild(Main.java:811)\n\tat org.apache.tools.ant.Main.startAnt(Main.java:217)\n\tat org.apache.tools.ant.launch.Launcher.run(Launcher.java:280)\n\tat org.apache.tools.ant.launch.Launcher.main(Launcher.java:109)\nCaused by: java.lang.IllegalStateException: VarCheck should have caught this undefined function\n\t... 52 more\ncom.google.javascript.jscomp.MethodCheckTest::testSeparateMethods\njunit.framework.AssertionFailedError: Unexpected error(s): JSC_WRONG_ARGUMENT_COUNT. Function oneOrTwoArg2: called with 3 argument(s). All definitions of this function require at least 1 argument(s) and no more than 2 argument(s). at testcode line 1 expected:<0> but was:<1>\n\tat junit.framework.Assert.fail(Assert.java:57)\n\tat junit.framework.Assert.failNotEquals(Assert.java:329)\n\tat junit.framework.Assert.assertEquals(Assert.java:78)\n\tat junit.framework.Assert.assertEquals(Assert.java:234)\n\tat junit.framework.TestCase.assertEquals(TestCase.java:401)\n\tat com.google.javascript.jscomp.CompilerTestCase.test(CompilerTestCase.java:712)\n\tat com.google.javascript.jscomp.CompilerTestCase.test(CompilerTestCase.java:372)\n\tat com.google.javascript.jscomp.CompilerTestCase.test(CompilerTestCase.java:302)\n\tat com.google.javascript.jscomp.CompilerTestCase.test(CompilerTestCase.java:271)\n\tat com.google.javascript.jscomp.CompilerTestCase.test(CompilerTestCase.java:259)\n\tat com.google.javascript.jscomp.CompilerTestCase.testSame(CompilerTestCase.java:486)\n\tat com.google.javascript.jscomp.MethodCheckTest.testSame(MethodCheckTest.java:61)\n\tat com.google.javascript.jscomp.MethodCheckTest.testSeparateMethods(MethodCheckTest.java:101)\n\tat sun.reflect.NativeMethodAccessorImpl.invoke0(Native Method)\n\tat sun.reflect.NativeMethodAccessorImpl.invoke(NativeMethodAccessorImpl.java:62)\n\tat sun.reflect.DelegatingMethodAccessorImpl.invoke(DelegatingMethodAccessorImpl.java:43)\n\tat java.lang.reflect.Method.invoke(Method.java:498)\n\tat junit.framework.TestCase.runTest(TestCase.java:176)\n\tat junit.framework.TestCase.runBare(TestCase.java:141)\n\tat junit.framework.TestResult$1.protect(TestResult.java:122)\n\tat junit.framework.TestResult.runProtected(TestResult.java:142)\n\tat junit.framework.TestResult.run(TestResult.java:125)\n\tat junit.framework.TestCase.run(TestCase.java:129)\n\tat junit.framework.TestSuite.runTest(TestSuite.java:255)\n\tat junit.framework.TestSuite.run(TestSuite.java:250)\n\tat org.apache.tools.ant.taskdefs.optional.junit.JUnitTestRunner.run(JUnitTestRunner.java:520)\n\tat org.apache.tools.ant.taskdefs.optional.junit.JUnitTask.executeInVM(JUnitTask.java:1484)\n\tat org.apache.tools.ant.taskdefs.optional.junit.JUnitTask.execute(JUnitTask.java:872)\n\tat org.apache.tools.ant.taskdefs.optional.junit.JUnitTask.executeOrQueue(JUnitTask.java:1972)\n\tat org.apache.tools.ant.taskdefs.optional.junit.JUnitTask.execute1(JUnitTask.java:824)\n\tat org.apache.tools.ant.taskdefs.optional.junit.JUnitTask.execute(JUnitTask.java:2277)\n\tat org.apache.tools.ant.UnknownElement.execute(UnknownElement.java:291)\n\tat sun.reflect.GeneratedMethodAccessor4.invoke(Unknown Source)\n\tat sun.reflect.DelegatingMethodAccessorImpl.invoke(DelegatingMethodAccessorImpl.java:43)\n\tat java.lang.reflect.Method.invoke(Method.java:498)\n\tat org.apache.tools.ant.dispatch.DispatchUtils.execute(DispatchUtils.java:106)\n\tat org.apache.tools.ant.Task.perform(Task.java:348)\n\tat org.apache.tools.ant.Target.execute(Target.java:392)\n\tat org.apache.tools.ant.Target.performTasks(Target.java:413)\n\tat org.apache.tools.ant.Project.executeSortedTargets(Project.java:1399)\n\tat org.apache.tools.ant.Project.executeTarget(Project.java:1368)\n\tat org.apache.tools.ant.helper.DefaultExecutor.executeTargets(DefaultExecutor.java:41)\n\tat org.apache.tools.ant.Project.executeTargets(Project.java:1251)\n\tat org.apache.tools.ant.Main.runBuild(Main.java:811)\n\tat org.apache.tools.ant.Main.startAnt(Main.java:217)\n\tat org.apache.tools.ant.launch.Launcher.run(Launcher.java:280)\n\tat org.apache.tools.ant.launch.Launcher.main(Launcher.java:109)\ncom.google.javascript.jscomp.RenameVarsTest::testDollarSignSuperExport2\njunit.framework.AssertionFailedError:\nExpected: var c=function($super,a,b){};var d=function($super,a){}\nResult: var c=function($super,a,b){};var d=function($super$$1,a){}\nNode tree inequality:\nTree1:\nBLOCK [synthetic: 1]\n    SCRIPT [source name: null] [encoded source length: 0] [base line: -1] [end line: -1] 1 [sourcename: expected0] [synthetic: 1]\n        VAR 1\n            NAME c 1\n                FUNCTION  1 [sourcename: expected0]\n                    NAME  1\n                    LP 1\n                        NAME $super 1 [is_optional_param: 1]\n                        NAME a 1 [is_optional_param: 1]\n                        NAME b 1 [is_var_args_param: 1]\n                    BLOCK 1\n        VAR 1\n            NAME d 1\n                FUNCTION  1 [sourcename: expected0]\n                    NAME  1\n                    LP 1\n                        NAME $super 1 [is_optional_param: 1]\n                        NAME a 1 [is_var_args_param: 1]\n                    BLOCK 1\n\n\nTree2:\nBLOCK [synthetic: 1]\n    SCRIPT [source name: null] [encoded source length: 0] [base line: -1] [end line: -1] 1 [sourcename: testcode] [synthetic: 1]\n        VAR 1\n            NAME c 1\n                FUNCTION  1 [sourcename: testcode]\n                    NAME  1\n                    LP 1\n                        NAME $super 1 [is_optional_param: 1]\n                        NAME a 1 [is_optional_param: 1]\n                        NAME b 1 [is_var_args_param: 1]\n                    BLOCK 1\n        VAR 1\n            NAME d 1\n                FUNCTION  1 [sourcename: testcode]\n                    NAME  1\n                    LP 1\n                        NAME $super$$1 1 [is_optional_param: 1]\n                        NAME a 1 [is_var_args_param: 1]\n                    BLOCK 1\n\n\tat junit.framework.Assert.fail(Assert.java:57)\n\tat junit.framework.Assert.assertTrue(Assert.java:22)\n\tat junit.framework.Assert.assertNull(Assert.java:277)\n\tat junit.framework.TestCase.assertNull(TestCase.java:447)\n\tat com.google.javascript.jscomp.CompilerTestCase.test(CompilerTestCase.java:782)\n\tat com.google.javascript.jscomp.CompilerTestCase.test(CompilerTestCase.java:372)\n\tat com.google.javascript.jscomp.CompilerTestCase.test(CompilerTestCase.java:302)\n\tat com.google.javascript.jscomp.CompilerTestCase.test(CompilerTestCase.java:271)\n\tat com.google.javascript.jscomp.CompilerTestCase.test(CompilerTestCase.java:259)\n\tat com.google.javascript.jscomp.RenameVarsTest.testDollarSignSuperExport2(RenameVarsTest.java:465)\n\tat sun.reflect.NativeMethodAccessorImpl.invoke0(Native Method)\n\tat sun.reflect.NativeMethodAccessorImpl.invoke(NativeMethodAccessorImpl.java:62)\n\tat sun.reflect.DelegatingMethodAccessorImpl.invoke(DelegatingMethodAccessorImpl.java:43)\n\tat java.lang.reflect.Method.invoke(Method.java:498)\n\tat junit.framework.TestCase.runTest(TestCase.java:176)\n\tat junit.framework.TestCase.runBare(TestCase.java:141)\n\tat junit.framework.TestResult$1.protect(TestResult.java:122)\n\tat junit.framework.TestResult.runProtected(TestResult.java:142)\n\tat junit.framework.TestResult.run(TestResult.java:125)\n\tat junit.framework.TestCase.run(TestCase.java:129)\n\tat junit.framework.TestSuite.runTest(TestSuite.java:255)\n\tat junit.framework.TestSuite.run(TestSuite.java:250)\n\tat org.apache.tools.ant.taskdefs.optional.junit.JUnitTestRunner.run(JUnitTestRunner.java:520)\n\tat org.apache.tools.ant.taskdefs.optional.junit.JUnitTask.executeInVM(JUnitTask.java:1484)\n\tat org.apache.tools.ant.taskdefs.optional.junit.JUnitTask.execute(JUnitTask.java:872)\n\tat org.apache.tools.ant.taskdefs.optional.junit.JUnitTask.executeOrQueue(JUnitTask.java:1972)\n\tat org.apache.tools.ant.taskdefs.optional.junit.JUnitTask.execute1(JUnitTask.java:824)\n\tat org.apache.tools.ant.taskdefs.optional.junit.JUnitTask.execute(JUnitTask.java:2277)\n\tat org.apache.tools.ant.UnknownElement.execute(UnknownElement.java:291)\n\tat sun.reflect.GeneratedMethodAccessor4.invoke(Unknown Source)\n\tat sun.reflect.DelegatingMethodAccessorImpl.invoke(DelegatingMethodAccessorImpl.java:43)\n\tat java.lang.reflect.Method.invoke(Method.java:498)\n\tat org.apache.tools.ant.dispatch.DispatchUtils.execute(DispatchUtils.java:106)\n\tat org.apache.tools.ant.Task.perform(Task.java:348)\n\tat org.apache.tools.ant.Target.execute(Target.java:392)\n\tat org.apache.tools.ant.Target.performTasks(Target.java:413)\n\tat org.apache.tools.ant.Project.executeSortedTargets(Project.java:1399)\n\tat org.apache.tools.ant.Project.executeTarget(Project.java:1368)\n\tat org.apache.tools.ant.helper.DefaultExecutor.executeTargets(DefaultExecutor.java:41)\n\tat org.apache.tools.ant.Project.executeTargets(Project.java:1251)\n\tat org.apache.tools.ant.Main.runBuild(Main.java:811)\n\tat org.apache.tools.ant.Main.startAnt(Main.java:217)\n\tat org.apache.tools.ant.launch.Launcher.run(Launcher.java:280)\n\tat org.apache.tools.ant.launch.Launcher.main(Launcher.java:109)\n\n\nfailure assertion code:\ntestSame(externs, \"({a:alert,b:alert}).a(\\\"a\\\")\", null);\n\n\nThere is a bug in the above code, please help me locate it by considering the stack trace information and failure assertion code.\n\nOutput **only** the exact buggy statement, with no line numbers, explanations, or additional content. Your response should contain just the buggy code line. Do not include ```java or ``` markers in the response.\n",
        "prompt_apr_1": "\nprivate void addPossibleSignature(String name, Node node, NodeTraversal t) {\n    boolean signatureAdded = false;\n    if (node.getType() == Token.FUNCTION) {\n      // The node we're looking at is a function, so we can add it directly\n      addSignature(name, node, t.getSourceName());\n      signatureAdded = true;\n    } else if (node.getType() == Token.NAME) {\n      String functionName = node.getString();\n      Scope.Var v = t.getScope().getVar(functionName);\n      if (v == null) {\n        if (compiler.isIdeMode()) {\n          return;\n        } else {\n          throw new IllegalStateException(\n              \"VarCheck should have caught this undefined function\");\n        }\n      }\n      Node function = v.getInitialValue();\n      if (function != null &&\n          function.getType() == Token.FUNCTION) {\n        addSignature(name, function, v.getInputName());\n        signatureAdded = true;\n      }\n    }\n    if (!signatureAdded) {\n      nonMethodProperties.add(name);\n    }\n  }\n\nThere is a bug in line [2, 6, 7, 8, 9, 10, 11, 12, 13, 14, 15, 16, 17, 18, 19, 20, 21, 22, 23, 24, 25] of the code, please help me fix it.\n\nPlease return the **complete corrected method**. Do not skip or omit any part of the code. Do not include ```java or ``` markers in the response.\n",
        "prompt_apr_2": "\nprivate void addPossibleSignature(String name, Node node, NodeTraversal t) {\n    boolean signatureAdded = false;\n    if (node.getType() == Token.FUNCTION) {\n      // The node we're looking at is a function, so we can add it directly\n      addSignature(name, node, t.getSourceName());\n      signatureAdded = true;\n    } else if (node.getType() == Token.NAME) {\n      String functionName = node.getString();\n      Scope.Var v = t.getScope().getVar(functionName);\n      if (v == null) {\n        if (compiler.isIdeMode()) {\n          return;\n        } else {\n          throw new IllegalStateException(\n              \"VarCheck should have caught this undefined function\");\n        }\n      }\n      Node function = v.getInitialValue();\n      if (function != null &&\n          function.getType() == Token.FUNCTION) {\n        addSignature(name, function, v.getInputName());\n        signatureAdded = true;\n      }\n    }\n    if (!signatureAdded) {\n      nonMethodProperties.add(name);\n    }\n  }\n\nThere is a bug in ['    boolean signatureAdded = false;', '      signatureAdded = true;', '    } else if (node.getType() == Token.NAME) {', '      String functionName = node.getString();', '      Scope.Var v = t.getScope().getVar(functionName);', '      if (v == null) {', '        if (compiler.isIdeMode()) {', '          return;', '        } else {', '          throw new IllegalStateException(', '              \"VarCheck should have caught this undefined function\");', '        }', '      }', '      Node function = v.getInitialValue();', '      if (function != null &&', '          function.getType() == Token.FUNCTION) {', '        addSignature(name, function, v.getInputName());', '        signatureAdded = true;', '      }', '    }', '    if (!signatureAdded) {'] , please help me fix it. \n\nPlease return the **complete corrected method**. Do not skip or omit any part of the code. Do not include ```java or ``` markers in the response.\n",
        "prompt_apr_3": "\nprivate void addPossibleSignature(String name, Node node, NodeTraversal t) {\n    boolean signatureAdded = false;\n    if (node.getType() == Token.FUNCTION) {\n      // The node we're looking at is a function, so we can add it directly\n      addSignature(name, node, t.getSourceName());\n      signatureAdded = true;\n    } else if (node.getType() == Token.NAME) {\n      String functionName = node.getString();\n      Scope.Var v = t.getScope().getVar(functionName);\n      if (v == null) {\n        if (compiler.isIdeMode()) {\n          return;\n        } else {\n          throw new IllegalStateException(\n              \"VarCheck should have caught this undefined function\");\n        }\n      }\n      Node function = v.getInitialValue();\n      if (function != null &&\n          function.getType() == Token.FUNCTION) {\n        addSignature(name, function, v.getInputName());\n        signatureAdded = true;\n      }\n    }\n    if (!signatureAdded) {\n\nThere is a bug in the last statement, please help me fix it.\n\nReturn the code **only from the method declaration to the fixed statement**, without completing or adding additional code. Do not modify anything beyond fixing the bug, and do not complete the `if` statement or other unfinished parts. Do not include ```java or ``` markers in the response.\n",
        "prompt_apr_4": "\nprivate void addPossibleSignature(String name, Node node, NodeTraversal t) {\n    boolean signatureAdded = false;\n    if (node.getType() == Token.FUNCTION) {\n      // The node we're looking at is a function, so we can add it directly\n      addSignature(name, node, t.getSourceName());\n      signatureAdded = true;\n    } else if (node.getType() == Token.NAME) {\n      String functionName = node.getString();\n      Scope.Var v = t.getScope().getVar(functionName);\n      if (v == null) {\n        if (compiler.isIdeMode()) {\n          return;\n        } else {\n          throw new IllegalStateException(\n              \"VarCheck should have caught this undefined function\");\n        }\n      }\n      Node function = v.getInitialValue();\n      if (function != null &&\n          function.getType() == Token.FUNCTION) {\n        addSignature(name, function, v.getInputName());\n        signatureAdded = true;\n      }\n    }\n    if (!signatureAdded) {\n      nonMethodProperties.add(name);\n    }\n  }\n\nThere is a bug in line [2, 6, 7, 8, 9, 10, 11, 12, 13, 14, 15, 16, 17, 18, 19, 20, 21, 22, 23, 24, 25] of the code, please help me fix it.\n\nPlease return the results in a strict JSON format as described below. Please follow these instructions carefully:\n1. Your output must include each repaired line's number (`line_number`) and the corresponding fixed code statement (`fixed_statement`).\n2. The output format must be a valid JSON array, where each element represents one repaired line, with the following structure:\n   - `\"line_number\"`: The line number of the buggy code that was repaired (integer).\n   - `\"fixed_statement\"`: The repaired statement for that specific line (string).\n\n3. The result must strictly follow this format:\n[\n    {\n        \"line_number\": int,\n        \"fixed_statement\": \"string\"\n    },\n    {\n        \"line_number\": int,\n        \"fixed_statement\": \"string\"\n    }\n]\n4. The repaired statement in \"fixed_statement\" must replace the corresponding line in the buggy code.\n5. You must NOT include any additional explanation or description in your response. Only return the JSON array. Do not include ```json or ``` markers in the response.\n",
        "prompt_apr_5": "\nprivate void addPossibleSignature(String name, Node node, NodeTraversal t) {\n    boolean signatureAdded = false;\n    if (node.getType() == Token.FUNCTION) {\n      // The node we're looking at is a function, so we can add it directly\n      addSignature(name, node, t.getSourceName());\n      signatureAdded = true;\n    } else if (node.getType() == Token.NAME) {\n      String functionName = node.getString();\n      Scope.Var v = t.getScope().getVar(functionName);\n      if (v == null) {\n        if (compiler.isIdeMode()) {\n          return;\n        } else {\n          throw new IllegalStateException(\n              \"VarCheck should have caught this undefined function\");\n        }\n      }\n      Node function = v.getInitialValue();\n      if (function != null &&\n          function.getType() == Token.FUNCTION) {\n        addSignature(name, function, v.getInputName());\n        signatureAdded = true;\n      }\n    }\n    if (!signatureAdded) {\n      nonMethodProperties.add(name);\n    }\n  }\n\nThere is a bug in ['    boolean signatureAdded = false;', '      signatureAdded = true;', '    } else if (node.getType() == Token.NAME) {', '      String functionName = node.getString();', '      Scope.Var v = t.getScope().getVar(functionName);', '      if (v == null) {', '        if (compiler.isIdeMode()) {', '          return;', '        } else {', '          throw new IllegalStateException(', '              \"VarCheck should have caught this undefined function\");', '        }', '      }', '      Node function = v.getInitialValue();', '      if (function != null &&', '          function.getType() == Token.FUNCTION) {', '        addSignature(name, function, v.getInputName());', '        signatureAdded = true;', '      }', '    }', '    if (!signatureAdded) {'] , please help me fix it. \n\nPlease return the results in a strict JSON format as described below. Please follow these instructions carefully:\n1. Your output must include each repaired line's number (`line_number`) and the corresponding fixed code statement (`fixed_statement`).\n2. The output format must be a valid JSON array, where each element represents one repaired line, with the following structure:\n   - `\"line_number\"`: The line number of the buggy code that was repaired (integer).\n   - `\"fixed_statement\"`: The repaired statement for that specific line (string).\n\n3. The result must strictly follow this format:\n[\n    {\n        \"line_number\": int,\n        \"fixed_statement\": \"string\"\n    },\n    {\n        \"line_number\": int,\n        \"fixed_statement\": \"string\"\n    }\n]\n4. The repaired statement in \"fixed_statement\" must replace the corresponding line in the buggy code.\n5. You must NOT include any additional explanation or description in your response. Only return the JSON array. Do not include ```json or ``` markers in the response.\n",
        "prompt_apr_6": "\nprivate void addPossibleSignature(String name, Node node, NodeTraversal t) {\n    boolean signatureAdded = false;\n    if (node.getType() == Token.FUNCTION) {\n      // The node we're looking at is a function, so we can add it directly\n      addSignature(name, node, t.getSourceName());\n      signatureAdded = true;\n    } else if (node.getType() == Token.NAME) {\n      String functionName = node.getString();\n      Scope.Var v = t.getScope().getVar(functionName);\n      if (v == null) {\n        if (compiler.isIdeMode()) {\n          return;\n        } else {\n          throw new IllegalStateException(\n              \"VarCheck should have caught this undefined function\");\n        }\n      }\n      Node function = v.getInitialValue();\n      if (function != null &&\n          function.getType() == Token.FUNCTION) {\n        addSignature(name, function, v.getInputName());\n        signatureAdded = true;\n      }\n    }\n    if (!signatureAdded) {\n\nThere is a bug in the last statement, please help me fix it.\n\nPlease return the results in a strict JSON format as described below. Please follow these instructions carefully:\n1. Your output must include each repaired line's number (`line_number`) and the corresponding fixed code statement (`fixed_statement`).\n2. The output format must be a valid JSON array, where each element represents one repaired line, with the following structure:\n   - `\"line_number\"`: The line number of the buggy code that was repaired (integer).\n   - `\"fixed_statement\"`: The repaired statement for that specific line (string).\n\n3. The result must strictly follow this format:\n[\n    {\n        \"line_number\": int,\n        \"fixed_statement\": \"string\"\n    },\n    {\n        \"line_number\": int,\n        \"fixed_statement\": \"string\"\n    }\n]\n4. The repaired statement in \"fixed_statement\" must replace the corresponding line in the buggy code.\n5. You must NOT include any additional explanation or description in your response. Only return the JSON array. Do not include ```json or ``` markers in the response.\n"
    }
]