
================== prompt_fl_1 ==================

source code:
@Override
  JSType resolveInternal(ErrorReporter t, StaticScope<JSType> scope) {
    setResolvedTypeInternal(this);

    call = (ArrowType) safeResolve(call, t, scope);
    prototype = (FunctionPrototypeType) safeResolve(prototype, t, scope);

    // Warning about typeOfThis if it doesn't resolve to an ObjectType
    // is handled further upstream.
    // TODO(nicksantos): Handle this correctly if we have a UnionType.
    typeOfThis = (ObjectType) safeResolve(typeOfThis, t, scope);

    boolean changed = false;
    ImmutableList.Builder<ObjectType> resolvedInterfaces =
        ImmutableList.builder();
    for (ObjectType iface : implementedInterfaces) {
      ObjectType resolvedIface = (ObjectType) iface.resolve(t, scope);
      resolvedInterfaces.add(resolvedIface);
      changed |= (resolvedIface != iface);
    }
    if (changed) {
      implementedInterfaces = resolvedInterfaces.build();
    }

    if (subTypes != null) {
      for (int i = 0; i < subTypes.size(); i++) {
        subTypes.set(i, (FunctionType) subTypes.get(i).resolve(t, scope));
      }
    }

    return super.resolveInternal(t, scope);
  }

There is a bug in the above code, please help me locate it.

Please output **only one integer**: the line number of the buggy code (The code starts from line 1). Do not provide any explanations or additional content.

================== prompt_fl_2 ==================

source code:
@Override
  JSType resolveInternal(ErrorReporter t, StaticScope<JSType> scope) {
    setResolvedTypeInternal(this);

    call = (ArrowType) safeResolve(call, t, scope);
    prototype = (FunctionPrototypeType) safeResolve(prototype, t, scope);

    // Warning about typeOfThis if it doesn't resolve to an ObjectType
    // is handled further upstream.
    // TODO(nicksantos): Handle this correctly if we have a UnionType.
    typeOfThis = (ObjectType) safeResolve(typeOfThis, t, scope);

    boolean changed = false;
    ImmutableList.Builder<ObjectType> resolvedInterfaces =
        ImmutableList.builder();
    for (ObjectType iface : implementedInterfaces) {
      ObjectType resolvedIface = (ObjectType) iface.resolve(t, scope);
      resolvedInterfaces.add(resolvedIface);
      changed |= (resolvedIface != iface);
    }
    if (changed) {
      implementedInterfaces = resolvedInterfaces.build();
    }

    if (subTypes != null) {
      for (int i = 0; i < subTypes.size(); i++) {
        subTypes.set(i, (FunctionType) subTypes.get(i).resolve(t, scope));
      }
    }

    return super.resolveInternal(t, scope);
  }

stack trace:
com.google.javascript.jscomp.TypeCheckTest::testBackwardsTypedefUse1
java.lang.ClassCastException: com.google.javascript.rhino.jstype.StringType cannot be cast to com.google.javascript.rhino.jstype.ObjectType
	at com.google.javascript.rhino.jstype.FunctionType.resolveInternal(FunctionType.java:871)
	at com.google.javascript.rhino.jstype.JSType.resolve(JSType.java:894)
	at com.google.javascript.jscomp.TypedScopeCreator$DeferredSetType.resolve(TypedScopeCreator.java:146)
	at com.google.javascript.jscomp.TypedScopeCreator$AbstractScopeBuilder.resolveTypes(TypedScopeCreator.java:367)
	at com.google.javascript.jscomp.TypedScopeCreator.createScope(TypedScopeCreator.java:188)
	at com.google.javascript.jscomp.MemoizedScopeCreator.createScope(MemoizedScopeCreator.java:53)
	at com.google.javascript.jscomp.TypeCheck.processForTesting(TypeCheck.java:354)
	at com.google.javascript.jscomp.TypeCheckTest.parseAndTypeCheckWithScope(TypeCheckTest.java:7676)
	at com.google.javascript.jscomp.TypeCheckTest.parseAndTypeCheck(TypeCheckTest.java:7649)
	at com.google.javascript.jscomp.TypeCheckTest.testTypes(TypeCheckTest.java:7616)
	at com.google.javascript.jscomp.TypeCheckTest.testTypes(TypeCheckTest.java:7611)
	at com.google.javascript.jscomp.TypeCheckTest.testTypes(TypeCheckTest.java:7555)
	at com.google.javascript.jscomp.TypeCheckTest.testBackwardsTypedefUse1(TypeCheckTest.java:2610)
	at sun.reflect.NativeMethodAccessorImpl.invoke0(Native Method)
	at sun.reflect.NativeMethodAccessorImpl.invoke(NativeMethodAccessorImpl.java:62)
	at sun.reflect.DelegatingMethodAccessorImpl.invoke(DelegatingMethodAccessorImpl.java:43)
	at java.lang.reflect.Method.invoke(Method.java:498)
	at junit.framework.TestCase.runTest(TestCase.java:176)
	at junit.framework.TestCase.runBare(TestCase.java:141)
	at junit.framework.TestResult$1.protect(TestResult.java:122)
	at junit.framework.TestResult.runProtected(TestResult.java:142)
	at junit.framework.TestResult.run(TestResult.java:125)
	at junit.framework.TestCase.run(TestCase.java:129)
	at junit.framework.TestSuite.runTest(TestSuite.java:255)
	at junit.framework.TestSuite.run(TestSuite.java:250)
	at org.apache.tools.ant.taskdefs.optional.junit.JUnitTestRunner.run(JUnitTestRunner.java:520)
	at org.apache.tools.ant.taskdefs.optional.junit.JUnitTask.executeInVM(JUnitTask.java:1484)
	at org.apache.tools.ant.taskdefs.optional.junit.JUnitTask.execute(JUnitTask.java:872)
	at org.apache.tools.ant.taskdefs.optional.junit.JUnitTask.executeOrQueue(JUnitTask.java:1972)
	at org.apache.tools.ant.taskdefs.optional.junit.JUnitTask.execute1(JUnitTask.java:824)
	at org.apache.tools.ant.taskdefs.optional.junit.JUnitTask.execute(JUnitTask.java:2277)
	at org.apache.tools.ant.UnknownElement.execute(UnknownElement.java:291)
	at sun.reflect.GeneratedMethodAccessor4.invoke(Unknown Source)
	at sun.reflect.DelegatingMethodAccessorImpl.invoke(DelegatingMethodAccessorImpl.java:43)
	at java.lang.reflect.Method.invoke(Method.java:498)
	at org.apache.tools.ant.dispatch.DispatchUtils.execute(DispatchUtils.java:106)
	at org.apache.tools.ant.Task.perform(Task.java:348)
	at org.apache.tools.ant.Target.execute(Target.java:392)
	at org.apache.tools.ant.Target.performTasks(Target.java:413)
	at org.apache.tools.ant.Project.executeSortedTargets(Project.java:1399)
	at org.apache.tools.ant.Project.executeTarget(Project.java:1368)
	at org.apache.tools.ant.helper.DefaultExecutor.executeTargets(DefaultExecutor.java:41)
	at org.apache.tools.ant.Project.executeTargets(Project.java:1251)
	at org.apache.tools.ant.Main.runBuild(Main.java:811)
	at org.apache.tools.ant.Main.startAnt(Main.java:217)
	at org.apache.tools.ant.launch.Launcher.run(Launcher.java:280)
	at org.apache.tools.ant.launch.Launcher.main(Launcher.java:109)
com.google.javascript.jscomp.TypeCheckTest::testBackwardsTypedefUse2
java.lang.ClassCastException: com.google.javascript.rhino.jstype.UnionType cannot be cast to com.google.javascript.rhino.jstype.ObjectType
	at com.google.javascript.rhino.jstype.FunctionType.resolveInternal(FunctionType.java:871)
	at com.google.javascript.rhino.jstype.JSType.resolve(JSType.java:894)
	at com.google.javascript.jscomp.TypedScopeCreator$DeferredSetType.resolve(TypedScopeCreator.java:146)
	at com.google.javascript.jscomp.TypedScopeCreator$AbstractScopeBuilder.resolveTypes(TypedScopeCreator.java:367)
	at com.google.javascript.jscomp.TypedScopeCreator.createScope(TypedScopeCreator.java:188)
	at com.google.javascript.jscomp.MemoizedScopeCreator.createScope(MemoizedScopeCreator.java:53)
	at com.google.javascript.jscomp.TypeCheck.processForTesting(TypeCheck.java:354)
	at com.google.javascript.jscomp.TypeCheckTest.parseAndTypeCheckWithScope(TypeCheckTest.java:7676)
	at com.google.javascript.jscomp.TypeCheckTest.parseAndTypeCheck(TypeCheckTest.java:7649)
	at com.google.javascript.jscomp.TypeCheckTest.testTypes(TypeCheckTest.java:7616)
	at com.google.javascript.jscomp.TypeCheckTest.testTypes(TypeCheckTest.java:7611)
	at com.google.javascript.jscomp.TypeCheckTest.testTypes(TypeCheckTest.java:7555)
	at com.google.javascript.jscomp.TypeCheckTest.testTypes(TypeCheckTest.java:7551)
	at com.google.javascript.jscomp.TypeCheckTest.testBackwardsTypedefUse2(TypeCheckTest.java:2618)
	at sun.reflect.NativeMethodAccessorImpl.invoke0(Native Method)
	at sun.reflect.NativeMethodAccessorImpl.invoke(NativeMethodAccessorImpl.java:62)
	at sun.reflect.DelegatingMethodAccessorImpl.invoke(DelegatingMethodAccessorImpl.java:43)
	at java.lang.reflect.Method.invoke(Method.java:498)
	at junit.framework.TestCase.runTest(TestCase.java:176)
	at junit.framework.TestCase.runBare(TestCase.java:141)
	at junit.framework.TestResult$1.protect(TestResult.java:122)
	at junit.framework.TestResult.runProtected(TestResult.java:142)
	at junit.framework.TestResult.run(TestResult.java:125)
	at junit.framework.TestCase.run(TestCase.java:129)
	at junit.framework.TestSuite.runTest(TestSuite.java:255)
	at junit.framework.TestSuite.run(TestSuite.java:250)
	at org.apache.tools.ant.taskdefs.optional.junit.JUnitTestRunner.run(JUnitTestRunner.java:520)
	at org.apache.tools.ant.taskdefs.optional.junit.JUnitTask.executeInVM(JUnitTask.java:1484)
	at org.apache.tools.ant.taskdefs.optional.junit.JUnitTask.execute(JUnitTask.java:872)
	at org.apache.tools.ant.taskdefs.optional.junit.JUnitTask.executeOrQueue(JUnitTask.java:1972)
	at org.apache.tools.ant.taskdefs.optional.junit.JUnitTask.execute1(JUnitTask.java:824)
	at org.apache.tools.ant.taskdefs.optional.junit.JUnitTask.execute(JUnitTask.java:2277)
	at org.apache.tools.ant.UnknownElement.execute(UnknownElement.java:291)
	at sun.reflect.GeneratedMethodAccessor4.invoke(Unknown Source)
	at sun.reflect.DelegatingMethodAccessorImpl.invoke(DelegatingMethodAccessorImpl.java:43)
	at java.lang.reflect.Method.invoke(Method.java:498)
	at org.apache.tools.ant.dispatch.DispatchUtils.execute(DispatchUtils.java:106)
	at org.apache.tools.ant.Task.perform(Task.java:348)
	at org.apache.tools.ant.Target.execute(Target.java:392)
	at org.apache.tools.ant.Target.performTasks(Target.java:413)
	at org.apache.tools.ant.Project.executeSortedTargets(Project.java:1399)
	at org.apache.tools.ant.Project.executeTarget(Project.java:1368)
	at org.apache.tools.ant.helper.DefaultExecutor.executeTargets(DefaultExecutor.java:41)
	at org.apache.tools.ant.Project.executeTargets(Project.java:1251)
	at org.apache.tools.ant.Main.runBuild(Main.java:811)
	at org.apache.tools.ant.Main.startAnt(Main.java:217)
	at org.apache.tools.ant.launch.Launcher.run(Launcher.java:280)
	at org.apache.tools.ant.launch.Launcher.main(Launcher.java:109)
com.google.javascript.jscomp.TypeCheckTest::testBackwardsTypedefUse3
java.lang.ClassCastException: com.google.javascript.rhino.jstype.UnionType cannot be cast to com.google.javascript.rhino.jstype.ObjectType
	at com.google.javascript.rhino.jstype.FunctionType.resolveInternal(FunctionType.java:871)
	at com.google.javascript.rhino.jstype.JSType.resolve(JSType.java:894)
	at com.google.javascript.jscomp.TypedScopeCreator$DeferredSetType.resolve(TypedScopeCreator.java:146)
	at com.google.javascript.jscomp.TypedScopeCreator$AbstractScopeBuilder.resolveTypes(TypedScopeCreator.java:367)
	at com.google.javascript.jscomp.TypedScopeCreator.createScope(TypedScopeCreator.java:188)
	at com.google.javascript.jscomp.MemoizedScopeCreator.createScope(MemoizedScopeCreator.java:53)
	at com.google.javascript.jscomp.TypeCheck.processForTesting(TypeCheck.java:354)
	at com.google.javascript.jscomp.TypeCheckTest.parseAndTypeCheckWithScope(TypeCheckTest.java:7676)
	at com.google.javascript.jscomp.TypeCheckTest.parseAndTypeCheck(TypeCheckTest.java:7649)
	at com.google.javascript.jscomp.TypeCheckTest.testTypes(TypeCheckTest.java:7616)
	at com.google.javascript.jscomp.TypeCheckTest.testTypes(TypeCheckTest.java:7611)
	at com.google.javascript.jscomp.TypeCheckTest.testTypes(TypeCheckTest.java:7555)
	at com.google.javascript.jscomp.TypeCheckTest.testBackwardsTypedefUse3(TypeCheckTest.java:2624)
	at sun.reflect.NativeMethodAccessorImpl.invoke0(Native Method)
	at sun.reflect.NativeMethodAccessorImpl.invoke(NativeMethodAccessorImpl.java:62)
	at sun.reflect.DelegatingMethodAccessorImpl.invoke(DelegatingMethodAccessorImpl.java:43)
	at java.lang.reflect.Method.invoke(Method.java:498)
	at junit.framework.TestCase.runTest(TestCase.java:176)
	at junit.framework.TestCase.runBare(TestCase.java:141)
	at junit.framework.TestResult$1.protect(TestResult.java:122)
	at junit.framework.TestResult.runProtected(TestResult.java:142)
	at junit.framework.TestResult.run(TestResult.java:125)
	at junit.framework.TestCase.run(TestCase.java:129)
	at junit.framework.TestSuite.runTest(TestSuite.java:255)
	at junit.framework.TestSuite.run(TestSuite.java:250)
	at org.apache.tools.ant.taskdefs.optional.junit.JUnitTestRunner.run(JUnitTestRunner.java:520)
	at org.apache.tools.ant.taskdefs.optional.junit.JUnitTask.executeInVM(JUnitTask.java:1484)
	at org.apache.tools.ant.taskdefs.optional.junit.JUnitTask.execute(JUnitTask.java:872)
	at org.apache.tools.ant.taskdefs.optional.junit.JUnitTask.executeOrQueue(JUnitTask.java:1972)
	at org.apache.tools.ant.taskdefs.optional.junit.JUnitTask.execute1(JUnitTask.java:824)
	at org.apache.tools.ant.taskdefs.optional.junit.JUnitTask.execute(JUnitTask.java:2277)
	at org.apache.tools.ant.UnknownElement.execute(UnknownElement.java:291)
	at sun.reflect.GeneratedMethodAccessor4.invoke(Unknown Source)
	at sun.reflect.DelegatingMethodAccessorImpl.invoke(DelegatingMethodAccessorImpl.java:43)
	at java.lang.reflect.Method.invoke(Method.java:498)
	at org.apache.tools.ant.dispatch.DispatchUtils.execute(DispatchUtils.java:106)
	at org.apache.tools.ant.Task.perform(Task.java:348)
	at org.apache.tools.ant.Target.execute(Target.java:392)
	at org.apache.tools.ant.Target.performTasks(Target.java:413)
	at org.apache.tools.ant.Project.executeSortedTargets(Project.java:1399)
	at org.apache.tools.ant.Project.executeTarget(Project.java:1368)
	at org.apache.tools.ant.helper.DefaultExecutor.executeTargets(DefaultExecutor.java:41)
	at org.apache.tools.ant.Project.executeTargets(Project.java:1251)
	at org.apache.tools.ant.Main.runBuild(Main.java:811)
	at org.apache.tools.ant.Main.startAnt(Main.java:217)
	at org.apache.tools.ant.launch.Launcher.run(Launcher.java:280)
	at org.apache.tools.ant.launch.Launcher.main(Launcher.java:109)


There is a bug in the above code, please help me locate it by considering the stack trace.

Please output **only one integer**: the line number of the buggy code (The code starts from line 1). Do not provide any explanations or additional content.

================== prompt_fl_3 ==================

source code:
@Override
  JSType resolveInternal(ErrorReporter t, StaticScope<JSType> scope) {
    setResolvedTypeInternal(this);

    call = (ArrowType) safeResolve(call, t, scope);
    prototype = (FunctionPrototypeType) safeResolve(prototype, t, scope);

    // Warning about typeOfThis if it doesn't resolve to an ObjectType
    // is handled further upstream.
    // TODO(nicksantos): Handle this correctly if we have a UnionType.
    typeOfThis = (ObjectType) safeResolve(typeOfThis, t, scope);

    boolean changed = false;
    ImmutableList.Builder<ObjectType> resolvedInterfaces =
        ImmutableList.builder();
    for (ObjectType iface : implementedInterfaces) {
      ObjectType resolvedIface = (ObjectType) iface.resolve(t, scope);
      resolvedInterfaces.add(resolvedIface);
      changed |= (resolvedIface != iface);
    }
    if (changed) {
      implementedInterfaces = resolvedInterfaces.build();
    }

    if (subTypes != null) {
      for (int i = 0; i < subTypes.size(); i++) {
        subTypes.set(i, (FunctionType) subTypes.get(i).resolve(t, scope));
      }
    }

    return super.resolveInternal(t, scope);
  }

stack trace:
com.google.javascript.jscomp.TypeCheckTest::testBackwardsTypedefUse1
java.lang.ClassCastException: com.google.javascript.rhino.jstype.StringType cannot be cast to com.google.javascript.rhino.jstype.ObjectType
	at com.google.javascript.rhino.jstype.FunctionType.resolveInternal(FunctionType.java:871)
	at com.google.javascript.rhino.jstype.JSType.resolve(JSType.java:894)
	at com.google.javascript.jscomp.TypedScopeCreator$DeferredSetType.resolve(TypedScopeCreator.java:146)
	at com.google.javascript.jscomp.TypedScopeCreator$AbstractScopeBuilder.resolveTypes(TypedScopeCreator.java:367)
	at com.google.javascript.jscomp.TypedScopeCreator.createScope(TypedScopeCreator.java:188)
	at com.google.javascript.jscomp.MemoizedScopeCreator.createScope(MemoizedScopeCreator.java:53)
	at com.google.javascript.jscomp.TypeCheck.processForTesting(TypeCheck.java:354)
	at com.google.javascript.jscomp.TypeCheckTest.parseAndTypeCheckWithScope(TypeCheckTest.java:7676)
	at com.google.javascript.jscomp.TypeCheckTest.parseAndTypeCheck(TypeCheckTest.java:7649)
	at com.google.javascript.jscomp.TypeCheckTest.testTypes(TypeCheckTest.java:7616)
	at com.google.javascript.jscomp.TypeCheckTest.testTypes(TypeCheckTest.java:7611)
	at com.google.javascript.jscomp.TypeCheckTest.testTypes(TypeCheckTest.java:7555)
	at com.google.javascript.jscomp.TypeCheckTest.testBackwardsTypedefUse1(TypeCheckTest.java:2610)
	at sun.reflect.NativeMethodAccessorImpl.invoke0(Native Method)
	at sun.reflect.NativeMethodAccessorImpl.invoke(NativeMethodAccessorImpl.java:62)
	at sun.reflect.DelegatingMethodAccessorImpl.invoke(DelegatingMethodAccessorImpl.java:43)
	at java.lang.reflect.Method.invoke(Method.java:498)
	at junit.framework.TestCase.runTest(TestCase.java:176)
	at junit.framework.TestCase.runBare(TestCase.java:141)
	at junit.framework.TestResult$1.protect(TestResult.java:122)
	at junit.framework.TestResult.runProtected(TestResult.java:142)
	at junit.framework.TestResult.run(TestResult.java:125)
	at junit.framework.TestCase.run(TestCase.java:129)
	at junit.framework.TestSuite.runTest(TestSuite.java:255)
	at junit.framework.TestSuite.run(TestSuite.java:250)
	at org.apache.tools.ant.taskdefs.optional.junit.JUnitTestRunner.run(JUnitTestRunner.java:520)
	at org.apache.tools.ant.taskdefs.optional.junit.JUnitTask.executeInVM(JUnitTask.java:1484)
	at org.apache.tools.ant.taskdefs.optional.junit.JUnitTask.execute(JUnitTask.java:872)
	at org.apache.tools.ant.taskdefs.optional.junit.JUnitTask.executeOrQueue(JUnitTask.java:1972)
	at org.apache.tools.ant.taskdefs.optional.junit.JUnitTask.execute1(JUnitTask.java:824)
	at org.apache.tools.ant.taskdefs.optional.junit.JUnitTask.execute(JUnitTask.java:2277)
	at org.apache.tools.ant.UnknownElement.execute(UnknownElement.java:291)
	at sun.reflect.GeneratedMethodAccessor4.invoke(Unknown Source)
	at sun.reflect.DelegatingMethodAccessorImpl.invoke(DelegatingMethodAccessorImpl.java:43)
	at java.lang.reflect.Method.invoke(Method.java:498)
	at org.apache.tools.ant.dispatch.DispatchUtils.execute(DispatchUtils.java:106)
	at org.apache.tools.ant.Task.perform(Task.java:348)
	at org.apache.tools.ant.Target.execute(Target.java:392)
	at org.apache.tools.ant.Target.performTasks(Target.java:413)
	at org.apache.tools.ant.Project.executeSortedTargets(Project.java:1399)
	at org.apache.tools.ant.Project.executeTarget(Project.java:1368)
	at org.apache.tools.ant.helper.DefaultExecutor.executeTargets(DefaultExecutor.java:41)
	at org.apache.tools.ant.Project.executeTargets(Project.java:1251)
	at org.apache.tools.ant.Main.runBuild(Main.java:811)
	at org.apache.tools.ant.Main.startAnt(Main.java:217)
	at org.apache.tools.ant.launch.Launcher.run(Launcher.java:280)
	at org.apache.tools.ant.launch.Launcher.main(Launcher.java:109)
com.google.javascript.jscomp.TypeCheckTest::testBackwardsTypedefUse2
java.lang.ClassCastException: com.google.javascript.rhino.jstype.UnionType cannot be cast to com.google.javascript.rhino.jstype.ObjectType
	at com.google.javascript.rhino.jstype.FunctionType.resolveInternal(FunctionType.java:871)
	at com.google.javascript.rhino.jstype.JSType.resolve(JSType.java:894)
	at com.google.javascript.jscomp.TypedScopeCreator$DeferredSetType.resolve(TypedScopeCreator.java:146)
	at com.google.javascript.jscomp.TypedScopeCreator$AbstractScopeBuilder.resolveTypes(TypedScopeCreator.java:367)
	at com.google.javascript.jscomp.TypedScopeCreator.createScope(TypedScopeCreator.java:188)
	at com.google.javascript.jscomp.MemoizedScopeCreator.createScope(MemoizedScopeCreator.java:53)
	at com.google.javascript.jscomp.TypeCheck.processForTesting(TypeCheck.java:354)
	at com.google.javascript.jscomp.TypeCheckTest.parseAndTypeCheckWithScope(TypeCheckTest.java:7676)
	at com.google.javascript.jscomp.TypeCheckTest.parseAndTypeCheck(TypeCheckTest.java:7649)
	at com.google.javascript.jscomp.TypeCheckTest.testTypes(TypeCheckTest.java:7616)
	at com.google.javascript.jscomp.TypeCheckTest.testTypes(TypeCheckTest.java:7611)
	at com.google.javascript.jscomp.TypeCheckTest.testTypes(TypeCheckTest.java:7555)
	at com.google.javascript.jscomp.TypeCheckTest.testTypes(TypeCheckTest.java:7551)
	at com.google.javascript.jscomp.TypeCheckTest.testBackwardsTypedefUse2(TypeCheckTest.java:2618)
	at sun.reflect.NativeMethodAccessorImpl.invoke0(Native Method)
	at sun.reflect.NativeMethodAccessorImpl.invoke(NativeMethodAccessorImpl.java:62)
	at sun.reflect.DelegatingMethodAccessorImpl.invoke(DelegatingMethodAccessorImpl.java:43)
	at java.lang.reflect.Method.invoke(Method.java:498)
	at junit.framework.TestCase.runTest(TestCase.java:176)
	at junit.framework.TestCase.runBare(TestCase.java:141)
	at junit.framework.TestResult$1.protect(TestResult.java:122)
	at junit.framework.TestResult.runProtected(TestResult.java:142)
	at junit.framework.TestResult.run(TestResult.java:125)
	at junit.framework.TestCase.run(TestCase.java:129)
	at junit.framework.TestSuite.runTest(TestSuite.java:255)
	at junit.framework.TestSuite.run(TestSuite.java:250)
	at org.apache.tools.ant.taskdefs.optional.junit.JUnitTestRunner.run(JUnitTestRunner.java:520)
	at org.apache.tools.ant.taskdefs.optional.junit.JUnitTask.executeInVM(JUnitTask.java:1484)
	at org.apache.tools.ant.taskdefs.optional.junit.JUnitTask.execute(JUnitTask.java:872)
	at org.apache.tools.ant.taskdefs.optional.junit.JUnitTask.executeOrQueue(JUnitTask.java:1972)
	at org.apache.tools.ant.taskdefs.optional.junit.JUnitTask.execute1(JUnitTask.java:824)
	at org.apache.tools.ant.taskdefs.optional.junit.JUnitTask.execute(JUnitTask.java:2277)
	at org.apache.tools.ant.UnknownElement.execute(UnknownElement.java:291)
	at sun.reflect.GeneratedMethodAccessor4.invoke(Unknown Source)
	at sun.reflect.DelegatingMethodAccessorImpl.invoke(DelegatingMethodAccessorImpl.java:43)
	at java.lang.reflect.Method.invoke(Method.java:498)
	at org.apache.tools.ant.dispatch.DispatchUtils.execute(DispatchUtils.java:106)
	at org.apache.tools.ant.Task.perform(Task.java:348)
	at org.apache.tools.ant.Target.execute(Target.java:392)
	at org.apache.tools.ant.Target.performTasks(Target.java:413)
	at org.apache.tools.ant.Project.executeSortedTargets(Project.java:1399)
	at org.apache.tools.ant.Project.executeTarget(Project.java:1368)
	at org.apache.tools.ant.helper.DefaultExecutor.executeTargets(DefaultExecutor.java:41)
	at org.apache.tools.ant.Project.executeTargets(Project.java:1251)
	at org.apache.tools.ant.Main.runBuild(Main.java:811)
	at org.apache.tools.ant.Main.startAnt(Main.java:217)
	at org.apache.tools.ant.launch.Launcher.run(Launcher.java:280)
	at org.apache.tools.ant.launch.Launcher.main(Launcher.java:109)
com.google.javascript.jscomp.TypeCheckTest::testBackwardsTypedefUse3
java.lang.ClassCastException: com.google.javascript.rhino.jstype.UnionType cannot be cast to com.google.javascript.rhino.jstype.ObjectType
	at com.google.javascript.rhino.jstype.FunctionType.resolveInternal(FunctionType.java:871)
	at com.google.javascript.rhino.jstype.JSType.resolve(JSType.java:894)
	at com.google.javascript.jscomp.TypedScopeCreator$DeferredSetType.resolve(TypedScopeCreator.java:146)
	at com.google.javascript.jscomp.TypedScopeCreator$AbstractScopeBuilder.resolveTypes(TypedScopeCreator.java:367)
	at com.google.javascript.jscomp.TypedScopeCreator.createScope(TypedScopeCreator.java:188)
	at com.google.javascript.jscomp.MemoizedScopeCreator.createScope(MemoizedScopeCreator.java:53)
	at com.google.javascript.jscomp.TypeCheck.processForTesting(TypeCheck.java:354)
	at com.google.javascript.jscomp.TypeCheckTest.parseAndTypeCheckWithScope(TypeCheckTest.java:7676)
	at com.google.javascript.jscomp.TypeCheckTest.parseAndTypeCheck(TypeCheckTest.java:7649)
	at com.google.javascript.jscomp.TypeCheckTest.testTypes(TypeCheckTest.java:7616)
	at com.google.javascript.jscomp.TypeCheckTest.testTypes(TypeCheckTest.java:7611)
	at com.google.javascript.jscomp.TypeCheckTest.testTypes(TypeCheckTest.java:7555)
	at com.google.javascript.jscomp.TypeCheckTest.testBackwardsTypedefUse3(TypeCheckTest.java:2624)
	at sun.reflect.NativeMethodAccessorImpl.invoke0(Native Method)
	at sun.reflect.NativeMethodAccessorImpl.invoke(NativeMethodAccessorImpl.java:62)
	at sun.reflect.DelegatingMethodAccessorImpl.invoke(DelegatingMethodAccessorImpl.java:43)
	at java.lang.reflect.Method.invoke(Method.java:498)
	at junit.framework.TestCase.runTest(TestCase.java:176)
	at junit.framework.TestCase.runBare(TestCase.java:141)
	at junit.framework.TestResult$1.protect(TestResult.java:122)
	at junit.framework.TestResult.runProtected(TestResult.java:142)
	at junit.framework.TestResult.run(TestResult.java:125)
	at junit.framework.TestCase.run(TestCase.java:129)
	at junit.framework.TestSuite.runTest(TestSuite.java:255)
	at junit.framework.TestSuite.run(TestSuite.java:250)
	at org.apache.tools.ant.taskdefs.optional.junit.JUnitTestRunner.run(JUnitTestRunner.java:520)
	at org.apache.tools.ant.taskdefs.optional.junit.JUnitTask.executeInVM(JUnitTask.java:1484)
	at org.apache.tools.ant.taskdefs.optional.junit.JUnitTask.execute(JUnitTask.java:872)
	at org.apache.tools.ant.taskdefs.optional.junit.JUnitTask.executeOrQueue(JUnitTask.java:1972)
	at org.apache.tools.ant.taskdefs.optional.junit.JUnitTask.execute1(JUnitTask.java:824)
	at org.apache.tools.ant.taskdefs.optional.junit.JUnitTask.execute(JUnitTask.java:2277)
	at org.apache.tools.ant.UnknownElement.execute(UnknownElement.java:291)
	at sun.reflect.GeneratedMethodAccessor4.invoke(Unknown Source)
	at sun.reflect.DelegatingMethodAccessorImpl.invoke(DelegatingMethodAccessorImpl.java:43)
	at java.lang.reflect.Method.invoke(Method.java:498)
	at org.apache.tools.ant.dispatch.DispatchUtils.execute(DispatchUtils.java:106)
	at org.apache.tools.ant.Task.perform(Task.java:348)
	at org.apache.tools.ant.Target.execute(Target.java:392)
	at org.apache.tools.ant.Target.performTasks(Target.java:413)
	at org.apache.tools.ant.Project.executeSortedTargets(Project.java:1399)
	at org.apache.tools.ant.Project.executeTarget(Project.java:1368)
	at org.apache.tools.ant.helper.DefaultExecutor.executeTargets(DefaultExecutor.java:41)
	at org.apache.tools.ant.Project.executeTargets(Project.java:1251)
	at org.apache.tools.ant.Main.runBuild(Main.java:811)
	at org.apache.tools.ant.Main.startAnt(Main.java:217)
	at org.apache.tools.ant.launch.Launcher.run(Launcher.java:280)
	at org.apache.tools.ant.launch.Launcher.main(Launcher.java:109)


failure assertion code:
testTypes(


There is a bug in the above code, please help me locate it by considering the stack trace information and failure assertion code.

Please output **only one integer**: the line number of the buggy code (The code starts from line 1). Do not provide any explanations or additional content.

================== prompt_fl_4 ==================

source code:
@Override
  JSType resolveInternal(ErrorReporter t, StaticScope<JSType> scope) {
    setResolvedTypeInternal(this);

    call = (ArrowType) safeResolve(call, t, scope);
    prototype = (FunctionPrototypeType) safeResolve(prototype, t, scope);

    // Warning about typeOfThis if it doesn't resolve to an ObjectType
    // is handled further upstream.
    // TODO(nicksantos): Handle this correctly if we have a UnionType.
    typeOfThis = (ObjectType) safeResolve(typeOfThis, t, scope);

    boolean changed = false;
    ImmutableList.Builder<ObjectType> resolvedInterfaces =
        ImmutableList.builder();
    for (ObjectType iface : implementedInterfaces) {
      ObjectType resolvedIface = (ObjectType) iface.resolve(t, scope);
      resolvedInterfaces.add(resolvedIface);
      changed |= (resolvedIface != iface);
    }
    if (changed) {
      implementedInterfaces = resolvedInterfaces.build();
    }

    if (subTypes != null) {
      for (int i = 0; i < subTypes.size(); i++) {
        subTypes.set(i, (FunctionType) subTypes.get(i).resolve(t, scope));
      }
    }

    return super.resolveInternal(t, scope);
  }

There is a bug in the above code, please help me locate it.

Output **only** the exact buggy statement, with no line numbers, explanations, or additional content. Your response should contain just the buggy code line. Do not include ```java or ``` markers in the response.

================== prompt_fl_5 ==================

source code:
@Override
  JSType resolveInternal(ErrorReporter t, StaticScope<JSType> scope) {
    setResolvedTypeInternal(this);

    call = (ArrowType) safeResolve(call, t, scope);
    prototype = (FunctionPrototypeType) safeResolve(prototype, t, scope);

    // Warning about typeOfThis if it doesn't resolve to an ObjectType
    // is handled further upstream.
    // TODO(nicksantos): Handle this correctly if we have a UnionType.
    typeOfThis = (ObjectType) safeResolve(typeOfThis, t, scope);

    boolean changed = false;
    ImmutableList.Builder<ObjectType> resolvedInterfaces =
        ImmutableList.builder();
    for (ObjectType iface : implementedInterfaces) {
      ObjectType resolvedIface = (ObjectType) iface.resolve(t, scope);
      resolvedInterfaces.add(resolvedIface);
      changed |= (resolvedIface != iface);
    }
    if (changed) {
      implementedInterfaces = resolvedInterfaces.build();
    }

    if (subTypes != null) {
      for (int i = 0; i < subTypes.size(); i++) {
        subTypes.set(i, (FunctionType) subTypes.get(i).resolve(t, scope));
      }
    }

    return super.resolveInternal(t, scope);
  }

stack trace:
com.google.javascript.jscomp.TypeCheckTest::testBackwardsTypedefUse1
java.lang.ClassCastException: com.google.javascript.rhino.jstype.StringType cannot be cast to com.google.javascript.rhino.jstype.ObjectType
	at com.google.javascript.rhino.jstype.FunctionType.resolveInternal(FunctionType.java:871)
	at com.google.javascript.rhino.jstype.JSType.resolve(JSType.java:894)
	at com.google.javascript.jscomp.TypedScopeCreator$DeferredSetType.resolve(TypedScopeCreator.java:146)
	at com.google.javascript.jscomp.TypedScopeCreator$AbstractScopeBuilder.resolveTypes(TypedScopeCreator.java:367)
	at com.google.javascript.jscomp.TypedScopeCreator.createScope(TypedScopeCreator.java:188)
	at com.google.javascript.jscomp.MemoizedScopeCreator.createScope(MemoizedScopeCreator.java:53)
	at com.google.javascript.jscomp.TypeCheck.processForTesting(TypeCheck.java:354)
	at com.google.javascript.jscomp.TypeCheckTest.parseAndTypeCheckWithScope(TypeCheckTest.java:7676)
	at com.google.javascript.jscomp.TypeCheckTest.parseAndTypeCheck(TypeCheckTest.java:7649)
	at com.google.javascript.jscomp.TypeCheckTest.testTypes(TypeCheckTest.java:7616)
	at com.google.javascript.jscomp.TypeCheckTest.testTypes(TypeCheckTest.java:7611)
	at com.google.javascript.jscomp.TypeCheckTest.testTypes(TypeCheckTest.java:7555)
	at com.google.javascript.jscomp.TypeCheckTest.testBackwardsTypedefUse1(TypeCheckTest.java:2610)
	at sun.reflect.NativeMethodAccessorImpl.invoke0(Native Method)
	at sun.reflect.NativeMethodAccessorImpl.invoke(NativeMethodAccessorImpl.java:62)
	at sun.reflect.DelegatingMethodAccessorImpl.invoke(DelegatingMethodAccessorImpl.java:43)
	at java.lang.reflect.Method.invoke(Method.java:498)
	at junit.framework.TestCase.runTest(TestCase.java:176)
	at junit.framework.TestCase.runBare(TestCase.java:141)
	at junit.framework.TestResult$1.protect(TestResult.java:122)
	at junit.framework.TestResult.runProtected(TestResult.java:142)
	at junit.framework.TestResult.run(TestResult.java:125)
	at junit.framework.TestCase.run(TestCase.java:129)
	at junit.framework.TestSuite.runTest(TestSuite.java:255)
	at junit.framework.TestSuite.run(TestSuite.java:250)
	at org.apache.tools.ant.taskdefs.optional.junit.JUnitTestRunner.run(JUnitTestRunner.java:520)
	at org.apache.tools.ant.taskdefs.optional.junit.JUnitTask.executeInVM(JUnitTask.java:1484)
	at org.apache.tools.ant.taskdefs.optional.junit.JUnitTask.execute(JUnitTask.java:872)
	at org.apache.tools.ant.taskdefs.optional.junit.JUnitTask.executeOrQueue(JUnitTask.java:1972)
	at org.apache.tools.ant.taskdefs.optional.junit.JUnitTask.execute1(JUnitTask.java:824)
	at org.apache.tools.ant.taskdefs.optional.junit.JUnitTask.execute(JUnitTask.java:2277)
	at org.apache.tools.ant.UnknownElement.execute(UnknownElement.java:291)
	at sun.reflect.GeneratedMethodAccessor4.invoke(Unknown Source)
	at sun.reflect.DelegatingMethodAccessorImpl.invoke(DelegatingMethodAccessorImpl.java:43)
	at java.lang.reflect.Method.invoke(Method.java:498)
	at org.apache.tools.ant.dispatch.DispatchUtils.execute(DispatchUtils.java:106)
	at org.apache.tools.ant.Task.perform(Task.java:348)
	at org.apache.tools.ant.Target.execute(Target.java:392)
	at org.apache.tools.ant.Target.performTasks(Target.java:413)
	at org.apache.tools.ant.Project.executeSortedTargets(Project.java:1399)
	at org.apache.tools.ant.Project.executeTarget(Project.java:1368)
	at org.apache.tools.ant.helper.DefaultExecutor.executeTargets(DefaultExecutor.java:41)
	at org.apache.tools.ant.Project.executeTargets(Project.java:1251)
	at org.apache.tools.ant.Main.runBuild(Main.java:811)
	at org.apache.tools.ant.Main.startAnt(Main.java:217)
	at org.apache.tools.ant.launch.Launcher.run(Launcher.java:280)
	at org.apache.tools.ant.launch.Launcher.main(Launcher.java:109)
com.google.javascript.jscomp.TypeCheckTest::testBackwardsTypedefUse2
java.lang.ClassCastException: com.google.javascript.rhino.jstype.UnionType cannot be cast to com.google.javascript.rhino.jstype.ObjectType
	at com.google.javascript.rhino.jstype.FunctionType.resolveInternal(FunctionType.java:871)
	at com.google.javascript.rhino.jstype.JSType.resolve(JSType.java:894)
	at com.google.javascript.jscomp.TypedScopeCreator$DeferredSetType.resolve(TypedScopeCreator.java:146)
	at com.google.javascript.jscomp.TypedScopeCreator$AbstractScopeBuilder.resolveTypes(TypedScopeCreator.java:367)
	at com.google.javascript.jscomp.TypedScopeCreator.createScope(TypedScopeCreator.java:188)
	at com.google.javascript.jscomp.MemoizedScopeCreator.createScope(MemoizedScopeCreator.java:53)
	at com.google.javascript.jscomp.TypeCheck.processForTesting(TypeCheck.java:354)
	at com.google.javascript.jscomp.TypeCheckTest.parseAndTypeCheckWithScope(TypeCheckTest.java:7676)
	at com.google.javascript.jscomp.TypeCheckTest.parseAndTypeCheck(TypeCheckTest.java:7649)
	at com.google.javascript.jscomp.TypeCheckTest.testTypes(TypeCheckTest.java:7616)
	at com.google.javascript.jscomp.TypeCheckTest.testTypes(TypeCheckTest.java:7611)
	at com.google.javascript.jscomp.TypeCheckTest.testTypes(TypeCheckTest.java:7555)
	at com.google.javascript.jscomp.TypeCheckTest.testTypes(TypeCheckTest.java:7551)
	at com.google.javascript.jscomp.TypeCheckTest.testBackwardsTypedefUse2(TypeCheckTest.java:2618)
	at sun.reflect.NativeMethodAccessorImpl.invoke0(Native Method)
	at sun.reflect.NativeMethodAccessorImpl.invoke(NativeMethodAccessorImpl.java:62)
	at sun.reflect.DelegatingMethodAccessorImpl.invoke(DelegatingMethodAccessorImpl.java:43)
	at java.lang.reflect.Method.invoke(Method.java:498)
	at junit.framework.TestCase.runTest(TestCase.java:176)
	at junit.framework.TestCase.runBare(TestCase.java:141)
	at junit.framework.TestResult$1.protect(TestResult.java:122)
	at junit.framework.TestResult.runProtected(TestResult.java:142)
	at junit.framework.TestResult.run(TestResult.java:125)
	at junit.framework.TestCase.run(TestCase.java:129)
	at junit.framework.TestSuite.runTest(TestSuite.java:255)
	at junit.framework.TestSuite.run(TestSuite.java:250)
	at org.apache.tools.ant.taskdefs.optional.junit.JUnitTestRunner.run(JUnitTestRunner.java:520)
	at org.apache.tools.ant.taskdefs.optional.junit.JUnitTask.executeInVM(JUnitTask.java:1484)
	at org.apache.tools.ant.taskdefs.optional.junit.JUnitTask.execute(JUnitTask.java:872)
	at org.apache.tools.ant.taskdefs.optional.junit.JUnitTask.executeOrQueue(JUnitTask.java:1972)
	at org.apache.tools.ant.taskdefs.optional.junit.JUnitTask.execute1(JUnitTask.java:824)
	at org.apache.tools.ant.taskdefs.optional.junit.JUnitTask.execute(JUnitTask.java:2277)
	at org.apache.tools.ant.UnknownElement.execute(UnknownElement.java:291)
	at sun.reflect.GeneratedMethodAccessor4.invoke(Unknown Source)
	at sun.reflect.DelegatingMethodAccessorImpl.invoke(DelegatingMethodAccessorImpl.java:43)
	at java.lang.reflect.Method.invoke(Method.java:498)
	at org.apache.tools.ant.dispatch.DispatchUtils.execute(DispatchUtils.java:106)
	at org.apache.tools.ant.Task.perform(Task.java:348)
	at org.apache.tools.ant.Target.execute(Target.java:392)
	at org.apache.tools.ant.Target.performTasks(Target.java:413)
	at org.apache.tools.ant.Project.executeSortedTargets(Project.java:1399)
	at org.apache.tools.ant.Project.executeTarget(Project.java:1368)
	at org.apache.tools.ant.helper.DefaultExecutor.executeTargets(DefaultExecutor.java:41)
	at org.apache.tools.ant.Project.executeTargets(Project.java:1251)
	at org.apache.tools.ant.Main.runBuild(Main.java:811)
	at org.apache.tools.ant.Main.startAnt(Main.java:217)
	at org.apache.tools.ant.launch.Launcher.run(Launcher.java:280)
	at org.apache.tools.ant.launch.Launcher.main(Launcher.java:109)
com.google.javascript.jscomp.TypeCheckTest::testBackwardsTypedefUse3
java.lang.ClassCastException: com.google.javascript.rhino.jstype.UnionType cannot be cast to com.google.javascript.rhino.jstype.ObjectType
	at com.google.javascript.rhino.jstype.FunctionType.resolveInternal(FunctionType.java:871)
	at com.google.javascript.rhino.jstype.JSType.resolve(JSType.java:894)
	at com.google.javascript.jscomp.TypedScopeCreator$DeferredSetType.resolve(TypedScopeCreator.java:146)
	at com.google.javascript.jscomp.TypedScopeCreator$AbstractScopeBuilder.resolveTypes(TypedScopeCreator.java:367)
	at com.google.javascript.jscomp.TypedScopeCreator.createScope(TypedScopeCreator.java:188)
	at com.google.javascript.jscomp.MemoizedScopeCreator.createScope(MemoizedScopeCreator.java:53)
	at com.google.javascript.jscomp.TypeCheck.processForTesting(TypeCheck.java:354)
	at com.google.javascript.jscomp.TypeCheckTest.parseAndTypeCheckWithScope(TypeCheckTest.java:7676)
	at com.google.javascript.jscomp.TypeCheckTest.parseAndTypeCheck(TypeCheckTest.java:7649)
	at com.google.javascript.jscomp.TypeCheckTest.testTypes(TypeCheckTest.java:7616)
	at com.google.javascript.jscomp.TypeCheckTest.testTypes(TypeCheckTest.java:7611)
	at com.google.javascript.jscomp.TypeCheckTest.testTypes(TypeCheckTest.java:7555)
	at com.google.javascript.jscomp.TypeCheckTest.testBackwardsTypedefUse3(TypeCheckTest.java:2624)
	at sun.reflect.NativeMethodAccessorImpl.invoke0(Native Method)
	at sun.reflect.NativeMethodAccessorImpl.invoke(NativeMethodAccessorImpl.java:62)
	at sun.reflect.DelegatingMethodAccessorImpl.invoke(DelegatingMethodAccessorImpl.java:43)
	at java.lang.reflect.Method.invoke(Method.java:498)
	at junit.framework.TestCase.runTest(TestCase.java:176)
	at junit.framework.TestCase.runBare(TestCase.java:141)
	at junit.framework.TestResult$1.protect(TestResult.java:122)
	at junit.framework.TestResult.runProtected(TestResult.java:142)
	at junit.framework.TestResult.run(TestResult.java:125)
	at junit.framework.TestCase.run(TestCase.java:129)
	at junit.framework.TestSuite.runTest(TestSuite.java:255)
	at junit.framework.TestSuite.run(TestSuite.java:250)
	at org.apache.tools.ant.taskdefs.optional.junit.JUnitTestRunner.run(JUnitTestRunner.java:520)
	at org.apache.tools.ant.taskdefs.optional.junit.JUnitTask.executeInVM(JUnitTask.java:1484)
	at org.apache.tools.ant.taskdefs.optional.junit.JUnitTask.execute(JUnitTask.java:872)
	at org.apache.tools.ant.taskdefs.optional.junit.JUnitTask.executeOrQueue(JUnitTask.java:1972)
	at org.apache.tools.ant.taskdefs.optional.junit.JUnitTask.execute1(JUnitTask.java:824)
	at org.apache.tools.ant.taskdefs.optional.junit.JUnitTask.execute(JUnitTask.java:2277)
	at org.apache.tools.ant.UnknownElement.execute(UnknownElement.java:291)
	at sun.reflect.GeneratedMethodAccessor4.invoke(Unknown Source)
	at sun.reflect.DelegatingMethodAccessorImpl.invoke(DelegatingMethodAccessorImpl.java:43)
	at java.lang.reflect.Method.invoke(Method.java:498)
	at org.apache.tools.ant.dispatch.DispatchUtils.execute(DispatchUtils.java:106)
	at org.apache.tools.ant.Task.perform(Task.java:348)
	at org.apache.tools.ant.Target.execute(Target.java:392)
	at org.apache.tools.ant.Target.performTasks(Target.java:413)
	at org.apache.tools.ant.Project.executeSortedTargets(Project.java:1399)
	at org.apache.tools.ant.Project.executeTarget(Project.java:1368)
	at org.apache.tools.ant.helper.DefaultExecutor.executeTargets(DefaultExecutor.java:41)
	at org.apache.tools.ant.Project.executeTargets(Project.java:1251)
	at org.apache.tools.ant.Main.runBuild(Main.java:811)
	at org.apache.tools.ant.Main.startAnt(Main.java:217)
	at org.apache.tools.ant.launch.Launcher.run(Launcher.java:280)
	at org.apache.tools.ant.launch.Launcher.main(Launcher.java:109)


There is a bug in the above code, please help me locate it by considering the stack trace.

Output **only** the exact buggy statement, with no line numbers, explanations, or additional content. Your response should contain just the buggy code line. Do not include ```java or ``` markers in the response.

================== prompt_fl_6 ==================

source code:
@Override
  JSType resolveInternal(ErrorReporter t, StaticScope<JSType> scope) {
    setResolvedTypeInternal(this);

    call = (ArrowType) safeResolve(call, t, scope);
    prototype = (FunctionPrototypeType) safeResolve(prototype, t, scope);

    // Warning about typeOfThis if it doesn't resolve to an ObjectType
    // is handled further upstream.
    // TODO(nicksantos): Handle this correctly if we have a UnionType.
    typeOfThis = (ObjectType) safeResolve(typeOfThis, t, scope);

    boolean changed = false;
    ImmutableList.Builder<ObjectType> resolvedInterfaces =
        ImmutableList.builder();
    for (ObjectType iface : implementedInterfaces) {
      ObjectType resolvedIface = (ObjectType) iface.resolve(t, scope);
      resolvedInterfaces.add(resolvedIface);
      changed |= (resolvedIface != iface);
    }
    if (changed) {
      implementedInterfaces = resolvedInterfaces.build();
    }

    if (subTypes != null) {
      for (int i = 0; i < subTypes.size(); i++) {
        subTypes.set(i, (FunctionType) subTypes.get(i).resolve(t, scope));
      }
    }

    return super.resolveInternal(t, scope);
  }

stack trace:
com.google.javascript.jscomp.TypeCheckTest::testBackwardsTypedefUse1
java.lang.ClassCastException: com.google.javascript.rhino.jstype.StringType cannot be cast to com.google.javascript.rhino.jstype.ObjectType
	at com.google.javascript.rhino.jstype.FunctionType.resolveInternal(FunctionType.java:871)
	at com.google.javascript.rhino.jstype.JSType.resolve(JSType.java:894)
	at com.google.javascript.jscomp.TypedScopeCreator$DeferredSetType.resolve(TypedScopeCreator.java:146)
	at com.google.javascript.jscomp.TypedScopeCreator$AbstractScopeBuilder.resolveTypes(TypedScopeCreator.java:367)
	at com.google.javascript.jscomp.TypedScopeCreator.createScope(TypedScopeCreator.java:188)
	at com.google.javascript.jscomp.MemoizedScopeCreator.createScope(MemoizedScopeCreator.java:53)
	at com.google.javascript.jscomp.TypeCheck.processForTesting(TypeCheck.java:354)
	at com.google.javascript.jscomp.TypeCheckTest.parseAndTypeCheckWithScope(TypeCheckTest.java:7676)
	at com.google.javascript.jscomp.TypeCheckTest.parseAndTypeCheck(TypeCheckTest.java:7649)
	at com.google.javascript.jscomp.TypeCheckTest.testTypes(TypeCheckTest.java:7616)
	at com.google.javascript.jscomp.TypeCheckTest.testTypes(TypeCheckTest.java:7611)
	at com.google.javascript.jscomp.TypeCheckTest.testTypes(TypeCheckTest.java:7555)
	at com.google.javascript.jscomp.TypeCheckTest.testBackwardsTypedefUse1(TypeCheckTest.java:2610)
	at sun.reflect.NativeMethodAccessorImpl.invoke0(Native Method)
	at sun.reflect.NativeMethodAccessorImpl.invoke(NativeMethodAccessorImpl.java:62)
	at sun.reflect.DelegatingMethodAccessorImpl.invoke(DelegatingMethodAccessorImpl.java:43)
	at java.lang.reflect.Method.invoke(Method.java:498)
	at junit.framework.TestCase.runTest(TestCase.java:176)
	at junit.framework.TestCase.runBare(TestCase.java:141)
	at junit.framework.TestResult$1.protect(TestResult.java:122)
	at junit.framework.TestResult.runProtected(TestResult.java:142)
	at junit.framework.TestResult.run(TestResult.java:125)
	at junit.framework.TestCase.run(TestCase.java:129)
	at junit.framework.TestSuite.runTest(TestSuite.java:255)
	at junit.framework.TestSuite.run(TestSuite.java:250)
	at org.apache.tools.ant.taskdefs.optional.junit.JUnitTestRunner.run(JUnitTestRunner.java:520)
	at org.apache.tools.ant.taskdefs.optional.junit.JUnitTask.executeInVM(JUnitTask.java:1484)
	at org.apache.tools.ant.taskdefs.optional.junit.JUnitTask.execute(JUnitTask.java:872)
	at org.apache.tools.ant.taskdefs.optional.junit.JUnitTask.executeOrQueue(JUnitTask.java:1972)
	at org.apache.tools.ant.taskdefs.optional.junit.JUnitTask.execute1(JUnitTask.java:824)
	at org.apache.tools.ant.taskdefs.optional.junit.JUnitTask.execute(JUnitTask.java:2277)
	at org.apache.tools.ant.UnknownElement.execute(UnknownElement.java:291)
	at sun.reflect.GeneratedMethodAccessor4.invoke(Unknown Source)
	at sun.reflect.DelegatingMethodAccessorImpl.invoke(DelegatingMethodAccessorImpl.java:43)
	at java.lang.reflect.Method.invoke(Method.java:498)
	at org.apache.tools.ant.dispatch.DispatchUtils.execute(DispatchUtils.java:106)
	at org.apache.tools.ant.Task.perform(Task.java:348)
	at org.apache.tools.ant.Target.execute(Target.java:392)
	at org.apache.tools.ant.Target.performTasks(Target.java:413)
	at org.apache.tools.ant.Project.executeSortedTargets(Project.java:1399)
	at org.apache.tools.ant.Project.executeTarget(Project.java:1368)
	at org.apache.tools.ant.helper.DefaultExecutor.executeTargets(DefaultExecutor.java:41)
	at org.apache.tools.ant.Project.executeTargets(Project.java:1251)
	at org.apache.tools.ant.Main.runBuild(Main.java:811)
	at org.apache.tools.ant.Main.startAnt(Main.java:217)
	at org.apache.tools.ant.launch.Launcher.run(Launcher.java:280)
	at org.apache.tools.ant.launch.Launcher.main(Launcher.java:109)
com.google.javascript.jscomp.TypeCheckTest::testBackwardsTypedefUse2
java.lang.ClassCastException: com.google.javascript.rhino.jstype.UnionType cannot be cast to com.google.javascript.rhino.jstype.ObjectType
	at com.google.javascript.rhino.jstype.FunctionType.resolveInternal(FunctionType.java:871)
	at com.google.javascript.rhino.jstype.JSType.resolve(JSType.java:894)
	at com.google.javascript.jscomp.TypedScopeCreator$DeferredSetType.resolve(TypedScopeCreator.java:146)
	at com.google.javascript.jscomp.TypedScopeCreator$AbstractScopeBuilder.resolveTypes(TypedScopeCreator.java:367)
	at com.google.javascript.jscomp.TypedScopeCreator.createScope(TypedScopeCreator.java:188)
	at com.google.javascript.jscomp.MemoizedScopeCreator.createScope(MemoizedScopeCreator.java:53)
	at com.google.javascript.jscomp.TypeCheck.processForTesting(TypeCheck.java:354)
	at com.google.javascript.jscomp.TypeCheckTest.parseAndTypeCheckWithScope(TypeCheckTest.java:7676)
	at com.google.javascript.jscomp.TypeCheckTest.parseAndTypeCheck(TypeCheckTest.java:7649)
	at com.google.javascript.jscomp.TypeCheckTest.testTypes(TypeCheckTest.java:7616)
	at com.google.javascript.jscomp.TypeCheckTest.testTypes(TypeCheckTest.java:7611)
	at com.google.javascript.jscomp.TypeCheckTest.testTypes(TypeCheckTest.java:7555)
	at com.google.javascript.jscomp.TypeCheckTest.testTypes(TypeCheckTest.java:7551)
	at com.google.javascript.jscomp.TypeCheckTest.testBackwardsTypedefUse2(TypeCheckTest.java:2618)
	at sun.reflect.NativeMethodAccessorImpl.invoke0(Native Method)
	at sun.reflect.NativeMethodAccessorImpl.invoke(NativeMethodAccessorImpl.java:62)
	at sun.reflect.DelegatingMethodAccessorImpl.invoke(DelegatingMethodAccessorImpl.java:43)
	at java.lang.reflect.Method.invoke(Method.java:498)
	at junit.framework.TestCase.runTest(TestCase.java:176)
	at junit.framework.TestCase.runBare(TestCase.java:141)
	at junit.framework.TestResult$1.protect(TestResult.java:122)
	at junit.framework.TestResult.runProtected(TestResult.java:142)
	at junit.framework.TestResult.run(TestResult.java:125)
	at junit.framework.TestCase.run(TestCase.java:129)
	at junit.framework.TestSuite.runTest(TestSuite.java:255)
	at junit.framework.TestSuite.run(TestSuite.java:250)
	at org.apache.tools.ant.taskdefs.optional.junit.JUnitTestRunner.run(JUnitTestRunner.java:520)
	at org.apache.tools.ant.taskdefs.optional.junit.JUnitTask.executeInVM(JUnitTask.java:1484)
	at org.apache.tools.ant.taskdefs.optional.junit.JUnitTask.execute(JUnitTask.java:872)
	at org.apache.tools.ant.taskdefs.optional.junit.JUnitTask.executeOrQueue(JUnitTask.java:1972)
	at org.apache.tools.ant.taskdefs.optional.junit.JUnitTask.execute1(JUnitTask.java:824)
	at org.apache.tools.ant.taskdefs.optional.junit.JUnitTask.execute(JUnitTask.java:2277)
	at org.apache.tools.ant.UnknownElement.execute(UnknownElement.java:291)
	at sun.reflect.GeneratedMethodAccessor4.invoke(Unknown Source)
	at sun.reflect.DelegatingMethodAccessorImpl.invoke(DelegatingMethodAccessorImpl.java:43)
	at java.lang.reflect.Method.invoke(Method.java:498)
	at org.apache.tools.ant.dispatch.DispatchUtils.execute(DispatchUtils.java:106)
	at org.apache.tools.ant.Task.perform(Task.java:348)
	at org.apache.tools.ant.Target.execute(Target.java:392)
	at org.apache.tools.ant.Target.performTasks(Target.java:413)
	at org.apache.tools.ant.Project.executeSortedTargets(Project.java:1399)
	at org.apache.tools.ant.Project.executeTarget(Project.java:1368)
	at org.apache.tools.ant.helper.DefaultExecutor.executeTargets(DefaultExecutor.java:41)
	at org.apache.tools.ant.Project.executeTargets(Project.java:1251)
	at org.apache.tools.ant.Main.runBuild(Main.java:811)
	at org.apache.tools.ant.Main.startAnt(Main.java:217)
	at org.apache.tools.ant.launch.Launcher.run(Launcher.java:280)
	at org.apache.tools.ant.launch.Launcher.main(Launcher.java:109)
com.google.javascript.jscomp.TypeCheckTest::testBackwardsTypedefUse3
java.lang.ClassCastException: com.google.javascript.rhino.jstype.UnionType cannot be cast to com.google.javascript.rhino.jstype.ObjectType
	at com.google.javascript.rhino.jstype.FunctionType.resolveInternal(FunctionType.java:871)
	at com.google.javascript.rhino.jstype.JSType.resolve(JSType.java:894)
	at com.google.javascript.jscomp.TypedScopeCreator$DeferredSetType.resolve(TypedScopeCreator.java:146)
	at com.google.javascript.jscomp.TypedScopeCreator$AbstractScopeBuilder.resolveTypes(TypedScopeCreator.java:367)
	at com.google.javascript.jscomp.TypedScopeCreator.createScope(TypedScopeCreator.java:188)
	at com.google.javascript.jscomp.MemoizedScopeCreator.createScope(MemoizedScopeCreator.java:53)
	at com.google.javascript.jscomp.TypeCheck.processForTesting(TypeCheck.java:354)
	at com.google.javascript.jscomp.TypeCheckTest.parseAndTypeCheckWithScope(TypeCheckTest.java:7676)
	at com.google.javascript.jscomp.TypeCheckTest.parseAndTypeCheck(TypeCheckTest.java:7649)
	at com.google.javascript.jscomp.TypeCheckTest.testTypes(TypeCheckTest.java:7616)
	at com.google.javascript.jscomp.TypeCheckTest.testTypes(TypeCheckTest.java:7611)
	at com.google.javascript.jscomp.TypeCheckTest.testTypes(TypeCheckTest.java:7555)
	at com.google.javascript.jscomp.TypeCheckTest.testBackwardsTypedefUse3(TypeCheckTest.java:2624)
	at sun.reflect.NativeMethodAccessorImpl.invoke0(Native Method)
	at sun.reflect.NativeMethodAccessorImpl.invoke(NativeMethodAccessorImpl.java:62)
	at sun.reflect.DelegatingMethodAccessorImpl.invoke(DelegatingMethodAccessorImpl.java:43)
	at java.lang.reflect.Method.invoke(Method.java:498)
	at junit.framework.TestCase.runTest(TestCase.java:176)
	at junit.framework.TestCase.runBare(TestCase.java:141)
	at junit.framework.TestResult$1.protect(TestResult.java:122)
	at junit.framework.TestResult.runProtected(TestResult.java:142)
	at junit.framework.TestResult.run(TestResult.java:125)
	at junit.framework.TestCase.run(TestCase.java:129)
	at junit.framework.TestSuite.runTest(TestSuite.java:255)
	at junit.framework.TestSuite.run(TestSuite.java:250)
	at org.apache.tools.ant.taskdefs.optional.junit.JUnitTestRunner.run(JUnitTestRunner.java:520)
	at org.apache.tools.ant.taskdefs.optional.junit.JUnitTask.executeInVM(JUnitTask.java:1484)
	at org.apache.tools.ant.taskdefs.optional.junit.JUnitTask.execute(JUnitTask.java:872)
	at org.apache.tools.ant.taskdefs.optional.junit.JUnitTask.executeOrQueue(JUnitTask.java:1972)
	at org.apache.tools.ant.taskdefs.optional.junit.JUnitTask.execute1(JUnitTask.java:824)
	at org.apache.tools.ant.taskdefs.optional.junit.JUnitTask.execute(JUnitTask.java:2277)
	at org.apache.tools.ant.UnknownElement.execute(UnknownElement.java:291)
	at sun.reflect.GeneratedMethodAccessor4.invoke(Unknown Source)
	at sun.reflect.DelegatingMethodAccessorImpl.invoke(DelegatingMethodAccessorImpl.java:43)
	at java.lang.reflect.Method.invoke(Method.java:498)
	at org.apache.tools.ant.dispatch.DispatchUtils.execute(DispatchUtils.java:106)
	at org.apache.tools.ant.Task.perform(Task.java:348)
	at org.apache.tools.ant.Target.execute(Target.java:392)
	at org.apache.tools.ant.Target.performTasks(Target.java:413)
	at org.apache.tools.ant.Project.executeSortedTargets(Project.java:1399)
	at org.apache.tools.ant.Project.executeTarget(Project.java:1368)
	at org.apache.tools.ant.helper.DefaultExecutor.executeTargets(DefaultExecutor.java:41)
	at org.apache.tools.ant.Project.executeTargets(Project.java:1251)
	at org.apache.tools.ant.Main.runBuild(Main.java:811)
	at org.apache.tools.ant.Main.startAnt(Main.java:217)
	at org.apache.tools.ant.launch.Launcher.run(Launcher.java:280)
	at org.apache.tools.ant.launch.Launcher.main(Launcher.java:109)


failure assertion code:
testTypes(


There is a bug in the above code, please help me locate it by considering the stack trace information and failure assertion code.

Output **only** the exact buggy statement, with no line numbers, explanations, or additional content. Your response should contain just the buggy code line. Do not include ```java or ``` markers in the response.

================== prompt_apr_1 ==================

@Override
  JSType resolveInternal(ErrorReporter t, StaticScope<JSType> scope) {
    setResolvedTypeInternal(this);

    call = (ArrowType) safeResolve(call, t, scope);
    prototype = (FunctionPrototypeType) safeResolve(prototype, t, scope);

    // Warning about typeOfThis if it doesn't resolve to an ObjectType
    // is handled further upstream.
    // TODO(nicksantos): Handle this correctly if we have a UnionType.
    typeOfThis = (ObjectType) safeResolve(typeOfThis, t, scope);

    boolean changed = false;
    ImmutableList.Builder<ObjectType> resolvedInterfaces =
        ImmutableList.builder();
    for (ObjectType iface : implementedInterfaces) {
      ObjectType resolvedIface = (ObjectType) iface.resolve(t, scope);
      resolvedInterfaces.add(resolvedIface);
      changed |= (resolvedIface != iface);
    }
    if (changed) {
      implementedInterfaces = resolvedInterfaces.build();
    }

    if (subTypes != null) {
      for (int i = 0; i < subTypes.size(); i++) {
        subTypes.set(i, (FunctionType) subTypes.get(i).resolve(t, scope));
      }
    }

    return super.resolveInternal(t, scope);
  }

There is a bug in line [11] of the code, please help me fix it.

Please return the **complete corrected method**. Do not skip or omit any part of the code. Do not include ```java or ``` markers in the response.

================== prompt_apr_2 ==================

@Override
  JSType resolveInternal(ErrorReporter t, StaticScope<JSType> scope) {
    setResolvedTypeInternal(this);

    call = (ArrowType) safeResolve(call, t, scope);
    prototype = (FunctionPrototypeType) safeResolve(prototype, t, scope);

    // Warning about typeOfThis if it doesn't resolve to an ObjectType
    // is handled further upstream.
    // TODO(nicksantos): Handle this correctly if we have a UnionType.
    typeOfThis = (ObjectType) safeResolve(typeOfThis, t, scope);

    boolean changed = false;
    ImmutableList.Builder<ObjectType> resolvedInterfaces =
        ImmutableList.builder();
    for (ObjectType iface : implementedInterfaces) {
      ObjectType resolvedIface = (ObjectType) iface.resolve(t, scope);
      resolvedInterfaces.add(resolvedIface);
      changed |= (resolvedIface != iface);
    }
    if (changed) {
      implementedInterfaces = resolvedInterfaces.build();
    }

    if (subTypes != null) {
      for (int i = 0; i < subTypes.size(); i++) {
        subTypes.set(i, (FunctionType) subTypes.get(i).resolve(t, scope));
      }
    }

    return super.resolveInternal(t, scope);
  }

There is a bug in ['    typeOfThis = (ObjectType) safeResolve(typeOfThis, t, scope);'] , please help me fix it. 

Please return the **complete corrected method**. Do not skip or omit any part of the code. Do not include ```java or ``` markers in the response.

================== prompt_apr_3 ==================

@Override
  JSType resolveInternal(ErrorReporter t, StaticScope<JSType> scope) {
    setResolvedTypeInternal(this);

    call = (ArrowType) safeResolve(call, t, scope);
    prototype = (FunctionPrototypeType) safeResolve(prototype, t, scope);

    // Warning about typeOfThis if it doesn't resolve to an ObjectType
    // is handled further upstream.
    // TODO(nicksantos): Handle this correctly if we have a UnionType.
    typeOfThis = (ObjectType) safeResolve(typeOfThis, t, scope);

There is a bug in the last statement, please help me fix it.

Return the code **only from the method declaration to the fixed statement**, without completing or adding additional code. Do not modify anything beyond fixing the bug, and do not complete the `if` statement or other unfinished parts. Do not include ```java or ``` markers in the response.

================== prompt_apr_4 ==================

@Override
  JSType resolveInternal(ErrorReporter t, StaticScope<JSType> scope) {
    setResolvedTypeInternal(this);

    call = (ArrowType) safeResolve(call, t, scope);
    prototype = (FunctionPrototypeType) safeResolve(prototype, t, scope);

    // Warning about typeOfThis if it doesn't resolve to an ObjectType
    // is handled further upstream.
    // TODO(nicksantos): Handle this correctly if we have a UnionType.
    typeOfThis = (ObjectType) safeResolve(typeOfThis, t, scope);

    boolean changed = false;
    ImmutableList.Builder<ObjectType> resolvedInterfaces =
        ImmutableList.builder();
    for (ObjectType iface : implementedInterfaces) {
      ObjectType resolvedIface = (ObjectType) iface.resolve(t, scope);
      resolvedInterfaces.add(resolvedIface);
      changed |= (resolvedIface != iface);
    }
    if (changed) {
      implementedInterfaces = resolvedInterfaces.build();
    }

    if (subTypes != null) {
      for (int i = 0; i < subTypes.size(); i++) {
        subTypes.set(i, (FunctionType) subTypes.get(i).resolve(t, scope));
      }
    }

    return super.resolveInternal(t, scope);
  }

There is a bug in line [11] of the code, please help me fix it.

Please return the results in a strict JSON format as described below. Please follow these instructions carefully:
1. Your output must include each repaired line's number (`line_number`) and the corresponding fixed code statement (`fixed_statement`).
2. The output format must be a valid JSON array, where each element represents one repaired line, with the following structure:
   - `"line_number"`: The line number of the buggy code that was repaired (integer).
   - `"fixed_statement"`: The repaired statement for that specific line (string).

3. The result must strictly follow this format:
[
    {
        "line_number": int,
        "fixed_statement": "string"
    },
    {
        "line_number": int,
        "fixed_statement": "string"
    }
]
4. The repaired statement in "fixed_statement" must replace the corresponding line in the buggy code.
5. You must NOT include any additional explanation or description in your response. Only return the JSON array. Do not include ```json or ``` markers in the response.

================== prompt_apr_5 ==================

@Override
  JSType resolveInternal(ErrorReporter t, StaticScope<JSType> scope) {
    setResolvedTypeInternal(this);

    call = (ArrowType) safeResolve(call, t, scope);
    prototype = (FunctionPrototypeType) safeResolve(prototype, t, scope);

    // Warning about typeOfThis if it doesn't resolve to an ObjectType
    // is handled further upstream.
    // TODO(nicksantos): Handle this correctly if we have a UnionType.
    typeOfThis = (ObjectType) safeResolve(typeOfThis, t, scope);

    boolean changed = false;
    ImmutableList.Builder<ObjectType> resolvedInterfaces =
        ImmutableList.builder();
    for (ObjectType iface : implementedInterfaces) {
      ObjectType resolvedIface = (ObjectType) iface.resolve(t, scope);
      resolvedInterfaces.add(resolvedIface);
      changed |= (resolvedIface != iface);
    }
    if (changed) {
      implementedInterfaces = resolvedInterfaces.build();
    }

    if (subTypes != null) {
      for (int i = 0; i < subTypes.size(); i++) {
        subTypes.set(i, (FunctionType) subTypes.get(i).resolve(t, scope));
      }
    }

    return super.resolveInternal(t, scope);
  }

There is a bug in ['    typeOfThis = (ObjectType) safeResolve(typeOfThis, t, scope);'] , please help me fix it. 

Please return the results in a strict JSON format as described below. Please follow these instructions carefully:
1. Your output must include each repaired line's number (`line_number`) and the corresponding fixed code statement (`fixed_statement`).
2. The output format must be a valid JSON array, where each element represents one repaired line, with the following structure:
   - `"line_number"`: The line number of the buggy code that was repaired (integer).
   - `"fixed_statement"`: The repaired statement for that specific line (string).

3. The result must strictly follow this format:
[
    {
        "line_number": int,
        "fixed_statement": "string"
    },
    {
        "line_number": int,
        "fixed_statement": "string"
    }
]
4. The repaired statement in "fixed_statement" must replace the corresponding line in the buggy code.
5. You must NOT include any additional explanation or description in your response. Only return the JSON array. Do not include ```json or ``` markers in the response.

================== prompt_apr_6 ==================

@Override
  JSType resolveInternal(ErrorReporter t, StaticScope<JSType> scope) {
    setResolvedTypeInternal(this);

    call = (ArrowType) safeResolve(call, t, scope);
    prototype = (FunctionPrototypeType) safeResolve(prototype, t, scope);

    // Warning about typeOfThis if it doesn't resolve to an ObjectType
    // is handled further upstream.
    // TODO(nicksantos): Handle this correctly if we have a UnionType.
    typeOfThis = (ObjectType) safeResolve(typeOfThis, t, scope);

There is a bug in the last statement, please help me fix it.

Please return the results in a strict JSON format as described below. Please follow these instructions carefully:
1. Your output must include each repaired line's number (`line_number`) and the corresponding fixed code statement (`fixed_statement`).
2. The output format must be a valid JSON array, where each element represents one repaired line, with the following structure:
   - `"line_number"`: The line number of the buggy code that was repaired (integer).
   - `"fixed_statement"`: The repaired statement for that specific line (string).

3. The result must strictly follow this format:
[
    {
        "line_number": int,
        "fixed_statement": "string"
    },
    {
        "line_number": int,
        "fixed_statement": "string"
    }
]
4. The repaired statement in "fixed_statement" must replace the corresponding line in the buggy code.
5. You must NOT include any additional explanation or description in your response. Only return the JSON array. Do not include ```json or ``` markers in the response.
