[
    {
        "buggy_file": "src/com/google/javascript/jscomp/AbstractCommandLineRunner.java",
        "buggy_method": {
            "method_name": "createDefineReplacements",
            "method_body": "@VisibleForTesting\n  static void createDefineReplacements(List<String> definitions,\n      CompilerOptions options) {\n    // Parse the definitions\n    for (String override : definitions) {\n      String[] assignment = override.split(\"=\", 2);\n      String defName = assignment[0];\n\n      if (defName.length() > 0) {\n        if (assignment.length == 1) {\n          options.setDefineToBooleanLiteral(defName, true);\n          continue;\n        } else {\n          String defValue = assignment[1];\n\n          if (defValue.equals(\"true\")) {\n            options.setDefineToBooleanLiteral(defName, true);\n            continue;\n          } else if (defValue.equals(\"false\")) {\n            options.setDefineToBooleanLiteral(defName, false);\n            continue;\n          } else if (defValue.length() > 1\n              && ((defValue.charAt(0) == '\\'' &&\n                  defValue.charAt(defValue.length() - 1) == '\\'')\n            )) {\n            // If the value starts and ends with a single quote,\n            // we assume that it's a string.\n            String maybeStringVal =\n                defValue.substring(1, defValue.length() - 1);\n            if (maybeStringVal.indexOf(defValue.charAt(0)) == -1) {\n              options.setDefineToStringLiteral(defName, maybeStringVal);\n              continue;\n            }\n          } else {\n            try {\n              options.setDefineToDoubleLiteral(defName,\n                  Double.parseDouble(defValue));\n              continue;\n            } catch (NumberFormatException e) {\n              // do nothing, it will be caught at the end\n            }\n          }\n        }\n      }\n\n      throw new RuntimeException(\n          \"--define flag syntax invalid: \" + override);\n    }\n  }",
            "start_line": 847,
            "end_line": 895,
            "buggy_lines": [
                871
            ]
        },
        "buggy_method_src": "@VisibleForTesting\n  static void createDefineReplacements(List<String> definitions,\n      CompilerOptions options) {\n    // Parse the definitions\n    for (String override : definitions) {\n      String[] assignment = override.split(\"=\", 2);\n      String defName = assignment[0];\n\n      if (defName.length() > 0) {\n        if (assignment.length == 1) {\n          options.setDefineToBooleanLiteral(defName, true);\n          continue;\n        } else {\n          String defValue = assignment[1];\n\n          if (defValue.equals(\"true\")) {\n            options.setDefineToBooleanLiteral(defName, true);\n            continue;\n          } else if (defValue.equals(\"false\")) {\n            options.setDefineToBooleanLiteral(defName, false);\n            continue;\n          } else if (defValue.length() > 1\n              && ((defValue.charAt(0) == '\\'' &&\n                  defValue.charAt(defValue.length() - 1) == '\\'')\n            )) {\n            // If the value starts and ends with a single quote,\n            // we assume that it's a string.\n            String maybeStringVal =\n                defValue.substring(1, defValue.length() - 1);\n            if (maybeStringVal.indexOf(defValue.charAt(0)) == -1) {\n              options.setDefineToStringLiteral(defName, maybeStringVal);\n              continue;\n            }\n          } else {\n            try {\n              options.setDefineToDoubleLiteral(defName,\n                  Double.parseDouble(defValue));\n              continue;\n            } catch (NumberFormatException e) {\n              // do nothing, it will be caught at the end\n            }\n          }\n        }\n      }\n\n      throw new RuntimeException(\n          \"--define flag syntax invalid: \" + override);\n    }\n  }",
        "test_stack": "com.google.javascript.jscomp.CommandLineRunnerTest::testDefineFlag3\njava.lang.RuntimeException: --define flag syntax invalid: FOO=\"x'\"\n\tat com.google.javascript.jscomp.AbstractCommandLineRunner.createDefineReplacements(AbstractCommandLineRunner.java:892)\n\tat com.google.javascript.jscomp.AbstractCommandLineRunner.initOptionsFromFlags(AbstractCommandLineRunner.java:138)\n\tat com.google.javascript.jscomp.CommandLineRunner.createOptions(CommandLineRunner.java:437)\n\tat com.google.javascript.jscomp.CommandLineRunnerTest.compile(CommandLineRunnerTest.java:309)\n\tat com.google.javascript.jscomp.CommandLineRunnerTest.test(CommandLineRunnerTest.java:254)\n\tat com.google.javascript.jscomp.CommandLineRunnerTest.test(CommandLineRunnerTest.java:246)\n\tat com.google.javascript.jscomp.CommandLineRunnerTest.testDefineFlag3(CommandLineRunnerTest.java:143)\n\tat sun.reflect.NativeMethodAccessorImpl.invoke0(Native Method)\n\tat sun.reflect.NativeMethodAccessorImpl.invoke(NativeMethodAccessorImpl.java:62)\n\tat sun.reflect.DelegatingMethodAccessorImpl.invoke(DelegatingMethodAccessorImpl.java:43)\n\tat java.lang.reflect.Method.invoke(Method.java:498)\n\tat junit.framework.TestCase.runTest(TestCase.java:176)\n\tat junit.framework.TestCase.runBare(TestCase.java:141)\n\tat junit.framework.TestResult$1.protect(TestResult.java:122)\n\tat junit.framework.TestResult.runProtected(TestResult.java:142)\n\tat junit.framework.TestResult.run(TestResult.java:125)\n\tat junit.framework.TestCase.run(TestCase.java:129)\n\tat junit.framework.TestSuite.runTest(TestSuite.java:255)\n\tat junit.framework.TestSuite.run(TestSuite.java:250)\n\tat org.apache.tools.ant.taskdefs.optional.junit.JUnitTestRunner.run(JUnitTestRunner.java:520)\n\tat org.apache.tools.ant.taskdefs.optional.junit.JUnitTask.executeInVM(JUnitTask.java:1484)\n\tat org.apache.tools.ant.taskdefs.optional.junit.JUnitTask.execute(JUnitTask.java:872)\n\tat org.apache.tools.ant.taskdefs.optional.junit.JUnitTask.executeOrQueue(JUnitTask.java:1972)\n\tat org.apache.tools.ant.taskdefs.optional.junit.JUnitTask.execute1(JUnitTask.java:824)\n\tat org.apache.tools.ant.taskdefs.optional.junit.JUnitTask.execute(JUnitTask.java:2277)\n\tat org.apache.tools.ant.UnknownElement.execute(UnknownElement.java:291)\n\tat sun.reflect.GeneratedMethodAccessor4.invoke(Unknown Source)\n\tat sun.reflect.DelegatingMethodAccessorImpl.invoke(DelegatingMethodAccessorImpl.java:43)\n\tat java.lang.reflect.Method.invoke(Method.java:498)\n\tat org.apache.tools.ant.dispatch.DispatchUtils.execute(DispatchUtils.java:106)\n\tat org.apache.tools.ant.Task.perform(Task.java:348)\n\tat org.apache.tools.ant.Target.execute(Target.java:392)\n\tat org.apache.tools.ant.Target.performTasks(Target.java:413)\n\tat org.apache.tools.ant.Project.executeSortedTargets(Project.java:1399)\n\tat org.apache.tools.ant.Project.executeTarget(Project.java:1368)\n\tat org.apache.tools.ant.helper.DefaultExecutor.executeTargets(DefaultExecutor.java:41)\n\tat org.apache.tools.ant.Project.executeTargets(Project.java:1251)\n\tat org.apache.tools.ant.Main.runBuild(Main.java:811)\n\tat org.apache.tools.ant.Main.startAnt(Main.java:217)\n\tat org.apache.tools.ant.launch.Launcher.run(Launcher.java:280)\n\tat org.apache.tools.ant.launch.Launcher.main(Launcher.java:109)\ncom.google.javascript.jscomp.RemoveConstantExpressionsTest::testCall1\njunit.framework.AssertionFailedError:\nExpected:\nResult: Math.sin(0)\nNode tree inequality:\nTree1:\nBLOCK [synthetic: 1]\n    SCRIPT [source name: null] [encoded source length: 0] [base line: -1] [end line: -1] 1 [sourcename: expected0] [synthetic: 1]\n\n\nTree2:\nBLOCK [synthetic: 1]\n    SCRIPT [source name: null] [encoded source length: 0] [base line: -1] [end line: -1] 1 [sourcename: testcode] [synthetic: 1]\n        EXPR_RESULT 1\n            CALL 1\n                GETPROP 1\n                    NAME Math 1\n                    STRING sin 1\n                NUMBER 0.0 1\n\n\nSubtree1: SCRIPT [source name: null] [encoded source length: 0] [base line: -1] [end line: -1] 1 [sourcename: expected0] [synthetic: 1]\n\n\nSubtree2: SCRIPT [source name: null] [encoded source length: 0] [base line: -1] [end line: -1] 1 [sourcename: testcode] [synthetic: 1]\n    EXPR_RESULT 1\n        CALL 1\n            GETPROP 1\n                NAME Math 1\n                STRING sin 1\n            NUMBER 0.0 1\n\n\tat junit.framework.Assert.fail(Assert.java:57)\n\tat junit.framework.Assert.assertTrue(Assert.java:22)\n\tat junit.framework.Assert.assertNull(Assert.java:277)\n\tat junit.framework.TestCase.assertNull(TestCase.java:447)\n\tat com.google.javascript.jscomp.CompilerTestCase.test(CompilerTestCase.java:782)\n\tat com.google.javascript.jscomp.CompilerTestCase.test(CompilerTestCase.java:372)\n\tat com.google.javascript.jscomp.CompilerTestCase.test(CompilerTestCase.java:302)\n\tat com.google.javascript.jscomp.CompilerTestCase.test(CompilerTestCase.java:271)\n\tat com.google.javascript.jscomp.CompilerTestCase.test(CompilerTestCase.java:259)\n\tat com.google.javascript.jscomp.RemoveConstantExpressionsTest.testCall1(RemoveConstantExpressionsTest.java:282)\n\tat sun.reflect.NativeMethodAccessorImpl.invoke0(Native Method)\n\tat sun.reflect.NativeMethodAccessorImpl.invoke(NativeMethodAccessorImpl.java:62)\n\tat sun.reflect.DelegatingMethodAccessorImpl.invoke(DelegatingMethodAccessorImpl.java:43)\n\tat java.lang.reflect.Method.invoke(Method.java:498)\n\tat junit.framework.TestCase.runTest(TestCase.java:176)\n\tat junit.framework.TestCase.runBare(TestCase.java:141)\n\tat junit.framework.TestResult$1.protect(TestResult.java:122)\n\tat junit.framework.TestResult.runProtected(TestResult.java:142)\n\tat junit.framework.TestResult.run(TestResult.java:125)\n\tat junit.framework.TestCase.run(TestCase.java:129)\n\tat junit.framework.TestSuite.runTest(TestSuite.java:255)\n\tat junit.framework.TestSuite.run(TestSuite.java:250)\n\tat org.apache.tools.ant.taskdefs.optional.junit.JUnitTestRunner.run(JUnitTestRunner.java:520)\n\tat org.apache.tools.ant.taskdefs.optional.junit.JUnitTask.executeInVM(JUnitTask.java:1484)\n\tat org.apache.tools.ant.taskdefs.optional.junit.JUnitTask.execute(JUnitTask.java:872)\n\tat org.apache.tools.ant.taskdefs.optional.junit.JUnitTask.executeOrQueue(JUnitTask.java:1972)\n\tat org.apache.tools.ant.taskdefs.optional.junit.JUnitTask.execute1(JUnitTask.java:824)\n\tat org.apache.tools.ant.taskdefs.optional.junit.JUnitTask.execute(JUnitTask.java:2277)\n\tat org.apache.tools.ant.UnknownElement.execute(UnknownElement.java:291)\n\tat sun.reflect.GeneratedMethodAccessor4.invoke(Unknown Source)\n\tat sun.reflect.DelegatingMethodAccessorImpl.invoke(DelegatingMethodAccessorImpl.java:43)\n\tat java.lang.reflect.Method.invoke(Method.java:498)\n\tat org.apache.tools.ant.dispatch.DispatchUtils.execute(DispatchUtils.java:106)\n\tat org.apache.tools.ant.Task.perform(Task.java:348)\n\tat org.apache.tools.ant.Target.execute(Target.java:392)\n\tat org.apache.tools.ant.Target.performTasks(Target.java:413)\n\tat org.apache.tools.ant.Project.executeSortedTargets(Project.java:1399)\n\tat org.apache.tools.ant.Project.executeTarget(Project.java:1368)\n\tat org.apache.tools.ant.helper.DefaultExecutor.executeTargets(DefaultExecutor.java:41)\n\tat org.apache.tools.ant.Project.executeTargets(Project.java:1251)\n\tat org.apache.tools.ant.Main.runBuild(Main.java:811)\n\tat org.apache.tools.ant.Main.startAnt(Main.java:217)\n\tat org.apache.tools.ant.launch.Launcher.run(Launcher.java:280)\n\tat org.apache.tools.ant.launch.Launcher.main(Launcher.java:109)\ncom.google.javascript.jscomp.RemoveConstantExpressionsTest::testNew1\njunit.framework.AssertionFailedError:\nExpected:\nResult: new Date\nNode tree inequality:\nTree1:\nBLOCK [synthetic: 1]\n    SCRIPT [source name: null] [encoded source length: 0] [base line: -1] [end line: -1] 1 [sourcename: expected0] [synthetic: 1]\n\n\nTree2:\nBLOCK [synthetic: 1]\n    SCRIPT [source name: null] [encoded source length: 0] [base line: -1] [end line: -1] 1 [sourcename: testcode] [synthetic: 1]\n        EXPR_RESULT 1\n            NEW 1\n                NAME Date 1\n\n\nSubtree1: SCRIPT [source name: null] [encoded source length: 0] [base line: -1] [end line: -1] 1 [sourcename: expected0] [synthetic: 1]\n\n\nSubtree2: SCRIPT [source name: null] [encoded source length: 0] [base line: -1] [end line: -1] 1 [sourcename: testcode] [synthetic: 1]\n    EXPR_RESULT 1\n        NEW 1\n            NAME Date 1\n\n\tat junit.framework.Assert.fail(Assert.java:57)\n\tat junit.framework.Assert.assertTrue(Assert.java:22)\n\tat junit.framework.Assert.assertNull(Assert.java:277)\n\tat junit.framework.TestCase.assertNull(TestCase.java:447)\n\tat com.google.javascript.jscomp.CompilerTestCase.test(CompilerTestCase.java:782)\n\tat com.google.javascript.jscomp.CompilerTestCase.test(CompilerTestCase.java:372)\n\tat com.google.javascript.jscomp.CompilerTestCase.test(CompilerTestCase.java:302)\n\tat com.google.javascript.jscomp.CompilerTestCase.test(CompilerTestCase.java:271)\n\tat com.google.javascript.jscomp.CompilerTestCase.test(CompilerTestCase.java:259)\n\tat com.google.javascript.jscomp.RemoveConstantExpressionsTest.testNew1(RemoveConstantExpressionsTest.java:290)\n\tat sun.reflect.NativeMethodAccessorImpl.invoke0(Native Method)\n\tat sun.reflect.NativeMethodAccessorImpl.invoke(NativeMethodAccessorImpl.java:62)\n\tat sun.reflect.DelegatingMethodAccessorImpl.invoke(DelegatingMethodAccessorImpl.java:43)\n\tat java.lang.reflect.Method.invoke(Method.java:498)\n\tat junit.framework.TestCase.runTest(TestCase.java:176)\n\tat junit.framework.TestCase.runBare(TestCase.java:141)\n\tat junit.framework.TestResult$1.protect(TestResult.java:122)\n\tat junit.framework.TestResult.runProtected(TestResult.java:142)\n\tat junit.framework.TestResult.run(TestResult.java:125)\n\tat junit.framework.TestCase.run(TestCase.java:129)\n\tat junit.framework.TestSuite.runTest(TestSuite.java:255)\n\tat junit.framework.TestSuite.run(TestSuite.java:250)\n\tat org.apache.tools.ant.taskdefs.optional.junit.JUnitTestRunner.run(JUnitTestRunner.java:520)\n\tat org.apache.tools.ant.taskdefs.optional.junit.JUnitTask.executeInVM(JUnitTask.java:1484)\n\tat org.apache.tools.ant.taskdefs.optional.junit.JUnitTask.execute(JUnitTask.java:872)\n\tat org.apache.tools.ant.taskdefs.optional.junit.JUnitTask.executeOrQueue(JUnitTask.java:1972)\n\tat org.apache.tools.ant.taskdefs.optional.junit.JUnitTask.execute1(JUnitTask.java:824)\n\tat org.apache.tools.ant.taskdefs.optional.junit.JUnitTask.execute(JUnitTask.java:2277)\n\tat org.apache.tools.ant.UnknownElement.execute(UnknownElement.java:291)\n\tat sun.reflect.GeneratedMethodAccessor4.invoke(Unknown Source)\n\tat sun.reflect.DelegatingMethodAccessorImpl.invoke(DelegatingMethodAccessorImpl.java:43)\n\tat java.lang.reflect.Method.invoke(Method.java:498)\n\tat org.apache.tools.ant.dispatch.DispatchUtils.execute(DispatchUtils.java:106)\n\tat org.apache.tools.ant.Task.perform(Task.java:348)\n\tat org.apache.tools.ant.Target.execute(Target.java:392)\n\tat org.apache.tools.ant.Target.performTasks(Target.java:413)\n\tat org.apache.tools.ant.Project.executeSortedTargets(Project.java:1399)\n\tat org.apache.tools.ant.Project.executeTarget(Project.java:1368)\n\tat org.apache.tools.ant.helper.DefaultExecutor.executeTargets(DefaultExecutor.java:41)\n\tat org.apache.tools.ant.Project.executeTargets(Project.java:1251)\n\tat org.apache.tools.ant.Main.runBuild(Main.java:811)\n\tat org.apache.tools.ant.Main.startAnt(Main.java:217)\n\tat org.apache.tools.ant.launch.Launcher.run(Launcher.java:280)\n\tat org.apache.tools.ant.launch.Launcher.main(Launcher.java:109)\n",
        "test_assert": "test(\"/** @define {string} */ var FOO = \\\"a\\\";\",\n",
        "buggy_lines_in_method": [
            25
        ],
        "buggy_statements": [
            "            )) {"
        ],
        "buggy_method_src_endswith_buggy_statement": "@VisibleForTesting\n  static void createDefineReplacements(List<String> definitions,\n      CompilerOptions options) {\n    // Parse the definitions\n    for (String override : definitions) {\n      String[] assignment = override.split(\"=\", 2);\n      String defName = assignment[0];\n\n      if (defName.length() > 0) {\n        if (assignment.length == 1) {\n          options.setDefineToBooleanLiteral(defName, true);\n          continue;\n        } else {\n          String defValue = assignment[1];\n\n          if (defValue.equals(\"true\")) {\n            options.setDefineToBooleanLiteral(defName, true);\n            continue;\n          } else if (defValue.equals(\"false\")) {\n            options.setDefineToBooleanLiteral(defName, false);\n            continue;\n          } else if (defValue.length() > 1\n              && ((defValue.charAt(0) == '\\'' &&\n                  defValue.charAt(defValue.length() - 1) == '\\'')\n            )) {"
    },
    {
        "buggy_file": "src/com/google/javascript/jscomp/RemoveConstantExpressions.java",
        "buggy_method": {
            "method_name": "trySimplify",
            "method_body": "private void trySimplify(Node parent, Node node) {\n      if (node.getType() != Token.EXPR_RESULT) {\n        return;\n      }\n\n      Node exprBody = node.getFirstChild();\n      if (!NodeUtil.nodeTypeMayHaveSideEffects(exprBody)\n      ) {\n        changeProxy.replaceWith(parent, node, getSideEffectNodes(exprBody));\n      }\n    }",
            "start_line": 84,
            "end_line": 94,
            "buggy_lines": [
                91
            ]
        },
        "buggy_method_src": "private void trySimplify(Node parent, Node node) {\n      if (node.getType() != Token.EXPR_RESULT) {\n        return;\n      }\n\n      Node exprBody = node.getFirstChild();\n      if (!NodeUtil.nodeTypeMayHaveSideEffects(exprBody)\n      ) {\n        changeProxy.replaceWith(parent, node, getSideEffectNodes(exprBody));\n      }\n    }",
        "test_stack": "com.google.javascript.jscomp.CommandLineRunnerTest::testDefineFlag3\njava.lang.RuntimeException: --define flag syntax invalid: FOO=\"x'\"\n\tat com.google.javascript.jscomp.AbstractCommandLineRunner.createDefineReplacements(AbstractCommandLineRunner.java:892)\n\tat com.google.javascript.jscomp.AbstractCommandLineRunner.initOptionsFromFlags(AbstractCommandLineRunner.java:138)\n\tat com.google.javascript.jscomp.CommandLineRunner.createOptions(CommandLineRunner.java:437)\n\tat com.google.javascript.jscomp.CommandLineRunnerTest.compile(CommandLineRunnerTest.java:309)\n\tat com.google.javascript.jscomp.CommandLineRunnerTest.test(CommandLineRunnerTest.java:254)\n\tat com.google.javascript.jscomp.CommandLineRunnerTest.test(CommandLineRunnerTest.java:246)\n\tat com.google.javascript.jscomp.CommandLineRunnerTest.testDefineFlag3(CommandLineRunnerTest.java:143)\n\tat sun.reflect.NativeMethodAccessorImpl.invoke0(Native Method)\n\tat sun.reflect.NativeMethodAccessorImpl.invoke(NativeMethodAccessorImpl.java:62)\n\tat sun.reflect.DelegatingMethodAccessorImpl.invoke(DelegatingMethodAccessorImpl.java:43)\n\tat java.lang.reflect.Method.invoke(Method.java:498)\n\tat junit.framework.TestCase.runTest(TestCase.java:176)\n\tat junit.framework.TestCase.runBare(TestCase.java:141)\n\tat junit.framework.TestResult$1.protect(TestResult.java:122)\n\tat junit.framework.TestResult.runProtected(TestResult.java:142)\n\tat junit.framework.TestResult.run(TestResult.java:125)\n\tat junit.framework.TestCase.run(TestCase.java:129)\n\tat junit.framework.TestSuite.runTest(TestSuite.java:255)\n\tat junit.framework.TestSuite.run(TestSuite.java:250)\n\tat org.apache.tools.ant.taskdefs.optional.junit.JUnitTestRunner.run(JUnitTestRunner.java:520)\n\tat org.apache.tools.ant.taskdefs.optional.junit.JUnitTask.executeInVM(JUnitTask.java:1484)\n\tat org.apache.tools.ant.taskdefs.optional.junit.JUnitTask.execute(JUnitTask.java:872)\n\tat org.apache.tools.ant.taskdefs.optional.junit.JUnitTask.executeOrQueue(JUnitTask.java:1972)\n\tat org.apache.tools.ant.taskdefs.optional.junit.JUnitTask.execute1(JUnitTask.java:824)\n\tat org.apache.tools.ant.taskdefs.optional.junit.JUnitTask.execute(JUnitTask.java:2277)\n\tat org.apache.tools.ant.UnknownElement.execute(UnknownElement.java:291)\n\tat sun.reflect.GeneratedMethodAccessor4.invoke(Unknown Source)\n\tat sun.reflect.DelegatingMethodAccessorImpl.invoke(DelegatingMethodAccessorImpl.java:43)\n\tat java.lang.reflect.Method.invoke(Method.java:498)\n\tat org.apache.tools.ant.dispatch.DispatchUtils.execute(DispatchUtils.java:106)\n\tat org.apache.tools.ant.Task.perform(Task.java:348)\n\tat org.apache.tools.ant.Target.execute(Target.java:392)\n\tat org.apache.tools.ant.Target.performTasks(Target.java:413)\n\tat org.apache.tools.ant.Project.executeSortedTargets(Project.java:1399)\n\tat org.apache.tools.ant.Project.executeTarget(Project.java:1368)\n\tat org.apache.tools.ant.helper.DefaultExecutor.executeTargets(DefaultExecutor.java:41)\n\tat org.apache.tools.ant.Project.executeTargets(Project.java:1251)\n\tat org.apache.tools.ant.Main.runBuild(Main.java:811)\n\tat org.apache.tools.ant.Main.startAnt(Main.java:217)\n\tat org.apache.tools.ant.launch.Launcher.run(Launcher.java:280)\n\tat org.apache.tools.ant.launch.Launcher.main(Launcher.java:109)\ncom.google.javascript.jscomp.RemoveConstantExpressionsTest::testCall1\njunit.framework.AssertionFailedError:\nExpected:\nResult: Math.sin(0)\nNode tree inequality:\nTree1:\nBLOCK [synthetic: 1]\n    SCRIPT [source name: null] [encoded source length: 0] [base line: -1] [end line: -1] 1 [sourcename: expected0] [synthetic: 1]\n\n\nTree2:\nBLOCK [synthetic: 1]\n    SCRIPT [source name: null] [encoded source length: 0] [base line: -1] [end line: -1] 1 [sourcename: testcode] [synthetic: 1]\n        EXPR_RESULT 1\n            CALL 1\n                GETPROP 1\n                    NAME Math 1\n                    STRING sin 1\n                NUMBER 0.0 1\n\n\nSubtree1: SCRIPT [source name: null] [encoded source length: 0] [base line: -1] [end line: -1] 1 [sourcename: expected0] [synthetic: 1]\n\n\nSubtree2: SCRIPT [source name: null] [encoded source length: 0] [base line: -1] [end line: -1] 1 [sourcename: testcode] [synthetic: 1]\n    EXPR_RESULT 1\n        CALL 1\n            GETPROP 1\n                NAME Math 1\n                STRING sin 1\n            NUMBER 0.0 1\n\n\tat junit.framework.Assert.fail(Assert.java:57)\n\tat junit.framework.Assert.assertTrue(Assert.java:22)\n\tat junit.framework.Assert.assertNull(Assert.java:277)\n\tat junit.framework.TestCase.assertNull(TestCase.java:447)\n\tat com.google.javascript.jscomp.CompilerTestCase.test(CompilerTestCase.java:782)\n\tat com.google.javascript.jscomp.CompilerTestCase.test(CompilerTestCase.java:372)\n\tat com.google.javascript.jscomp.CompilerTestCase.test(CompilerTestCase.java:302)\n\tat com.google.javascript.jscomp.CompilerTestCase.test(CompilerTestCase.java:271)\n\tat com.google.javascript.jscomp.CompilerTestCase.test(CompilerTestCase.java:259)\n\tat com.google.javascript.jscomp.RemoveConstantExpressionsTest.testCall1(RemoveConstantExpressionsTest.java:282)\n\tat sun.reflect.NativeMethodAccessorImpl.invoke0(Native Method)\n\tat sun.reflect.NativeMethodAccessorImpl.invoke(NativeMethodAccessorImpl.java:62)\n\tat sun.reflect.DelegatingMethodAccessorImpl.invoke(DelegatingMethodAccessorImpl.java:43)\n\tat java.lang.reflect.Method.invoke(Method.java:498)\n\tat junit.framework.TestCase.runTest(TestCase.java:176)\n\tat junit.framework.TestCase.runBare(TestCase.java:141)\n\tat junit.framework.TestResult$1.protect(TestResult.java:122)\n\tat junit.framework.TestResult.runProtected(TestResult.java:142)\n\tat junit.framework.TestResult.run(TestResult.java:125)\n\tat junit.framework.TestCase.run(TestCase.java:129)\n\tat junit.framework.TestSuite.runTest(TestSuite.java:255)\n\tat junit.framework.TestSuite.run(TestSuite.java:250)\n\tat org.apache.tools.ant.taskdefs.optional.junit.JUnitTestRunner.run(JUnitTestRunner.java:520)\n\tat org.apache.tools.ant.taskdefs.optional.junit.JUnitTask.executeInVM(JUnitTask.java:1484)\n\tat org.apache.tools.ant.taskdefs.optional.junit.JUnitTask.execute(JUnitTask.java:872)\n\tat org.apache.tools.ant.taskdefs.optional.junit.JUnitTask.executeOrQueue(JUnitTask.java:1972)\n\tat org.apache.tools.ant.taskdefs.optional.junit.JUnitTask.execute1(JUnitTask.java:824)\n\tat org.apache.tools.ant.taskdefs.optional.junit.JUnitTask.execute(JUnitTask.java:2277)\n\tat org.apache.tools.ant.UnknownElement.execute(UnknownElement.java:291)\n\tat sun.reflect.GeneratedMethodAccessor4.invoke(Unknown Source)\n\tat sun.reflect.DelegatingMethodAccessorImpl.invoke(DelegatingMethodAccessorImpl.java:43)\n\tat java.lang.reflect.Method.invoke(Method.java:498)\n\tat org.apache.tools.ant.dispatch.DispatchUtils.execute(DispatchUtils.java:106)\n\tat org.apache.tools.ant.Task.perform(Task.java:348)\n\tat org.apache.tools.ant.Target.execute(Target.java:392)\n\tat org.apache.tools.ant.Target.performTasks(Target.java:413)\n\tat org.apache.tools.ant.Project.executeSortedTargets(Project.java:1399)\n\tat org.apache.tools.ant.Project.executeTarget(Project.java:1368)\n\tat org.apache.tools.ant.helper.DefaultExecutor.executeTargets(DefaultExecutor.java:41)\n\tat org.apache.tools.ant.Project.executeTargets(Project.java:1251)\n\tat org.apache.tools.ant.Main.runBuild(Main.java:811)\n\tat org.apache.tools.ant.Main.startAnt(Main.java:217)\n\tat org.apache.tools.ant.launch.Launcher.run(Launcher.java:280)\n\tat org.apache.tools.ant.launch.Launcher.main(Launcher.java:109)\ncom.google.javascript.jscomp.RemoveConstantExpressionsTest::testNew1\njunit.framework.AssertionFailedError:\nExpected:\nResult: new Date\nNode tree inequality:\nTree1:\nBLOCK [synthetic: 1]\n    SCRIPT [source name: null] [encoded source length: 0] [base line: -1] [end line: -1] 1 [sourcename: expected0] [synthetic: 1]\n\n\nTree2:\nBLOCK [synthetic: 1]\n    SCRIPT [source name: null] [encoded source length: 0] [base line: -1] [end line: -1] 1 [sourcename: testcode] [synthetic: 1]\n        EXPR_RESULT 1\n            NEW 1\n                NAME Date 1\n\n\nSubtree1: SCRIPT [source name: null] [encoded source length: 0] [base line: -1] [end line: -1] 1 [sourcename: expected0] [synthetic: 1]\n\n\nSubtree2: SCRIPT [source name: null] [encoded source length: 0] [base line: -1] [end line: -1] 1 [sourcename: testcode] [synthetic: 1]\n    EXPR_RESULT 1\n        NEW 1\n            NAME Date 1\n\n\tat junit.framework.Assert.fail(Assert.java:57)\n\tat junit.framework.Assert.assertTrue(Assert.java:22)\n\tat junit.framework.Assert.assertNull(Assert.java:277)\n\tat junit.framework.TestCase.assertNull(TestCase.java:447)\n\tat com.google.javascript.jscomp.CompilerTestCase.test(CompilerTestCase.java:782)\n\tat com.google.javascript.jscomp.CompilerTestCase.test(CompilerTestCase.java:372)\n\tat com.google.javascript.jscomp.CompilerTestCase.test(CompilerTestCase.java:302)\n\tat com.google.javascript.jscomp.CompilerTestCase.test(CompilerTestCase.java:271)\n\tat com.google.javascript.jscomp.CompilerTestCase.test(CompilerTestCase.java:259)\n\tat com.google.javascript.jscomp.RemoveConstantExpressionsTest.testNew1(RemoveConstantExpressionsTest.java:290)\n\tat sun.reflect.NativeMethodAccessorImpl.invoke0(Native Method)\n\tat sun.reflect.NativeMethodAccessorImpl.invoke(NativeMethodAccessorImpl.java:62)\n\tat sun.reflect.DelegatingMethodAccessorImpl.invoke(DelegatingMethodAccessorImpl.java:43)\n\tat java.lang.reflect.Method.invoke(Method.java:498)\n\tat junit.framework.TestCase.runTest(TestCase.java:176)\n\tat junit.framework.TestCase.runBare(TestCase.java:141)\n\tat junit.framework.TestResult$1.protect(TestResult.java:122)\n\tat junit.framework.TestResult.runProtected(TestResult.java:142)\n\tat junit.framework.TestResult.run(TestResult.java:125)\n\tat junit.framework.TestCase.run(TestCase.java:129)\n\tat junit.framework.TestSuite.runTest(TestSuite.java:255)\n\tat junit.framework.TestSuite.run(TestSuite.java:250)\n\tat org.apache.tools.ant.taskdefs.optional.junit.JUnitTestRunner.run(JUnitTestRunner.java:520)\n\tat org.apache.tools.ant.taskdefs.optional.junit.JUnitTask.executeInVM(JUnitTask.java:1484)\n\tat org.apache.tools.ant.taskdefs.optional.junit.JUnitTask.execute(JUnitTask.java:872)\n\tat org.apache.tools.ant.taskdefs.optional.junit.JUnitTask.executeOrQueue(JUnitTask.java:1972)\n\tat org.apache.tools.ant.taskdefs.optional.junit.JUnitTask.execute1(JUnitTask.java:824)\n\tat org.apache.tools.ant.taskdefs.optional.junit.JUnitTask.execute(JUnitTask.java:2277)\n\tat org.apache.tools.ant.UnknownElement.execute(UnknownElement.java:291)\n\tat sun.reflect.GeneratedMethodAccessor4.invoke(Unknown Source)\n\tat sun.reflect.DelegatingMethodAccessorImpl.invoke(DelegatingMethodAccessorImpl.java:43)\n\tat java.lang.reflect.Method.invoke(Method.java:498)\n\tat org.apache.tools.ant.dispatch.DispatchUtils.execute(DispatchUtils.java:106)\n\tat org.apache.tools.ant.Task.perform(Task.java:348)\n\tat org.apache.tools.ant.Target.execute(Target.java:392)\n\tat org.apache.tools.ant.Target.performTasks(Target.java:413)\n\tat org.apache.tools.ant.Project.executeSortedTargets(Project.java:1399)\n\tat org.apache.tools.ant.Project.executeTarget(Project.java:1368)\n\tat org.apache.tools.ant.helper.DefaultExecutor.executeTargets(DefaultExecutor.java:41)\n\tat org.apache.tools.ant.Project.executeTargets(Project.java:1251)\n\tat org.apache.tools.ant.Main.runBuild(Main.java:811)\n\tat org.apache.tools.ant.Main.startAnt(Main.java:217)\n\tat org.apache.tools.ant.launch.Launcher.run(Launcher.java:280)\n\tat org.apache.tools.ant.launch.Launcher.main(Launcher.java:109)\n",
        "test_assert": "test(\"/** @define {string} */ var FOO = \\\"a\\\";\",\n",
        "buggy_lines_in_method": [
            8
        ],
        "buggy_statements": [
            "      ) {"
        ],
        "buggy_method_src_endswith_buggy_statement": "private void trySimplify(Node parent, Node node) {\n      if (node.getType() != Token.EXPR_RESULT) {\n        return;\n      }\n\n      Node exprBody = node.getFirstChild();\n      if (!NodeUtil.nodeTypeMayHaveSideEffects(exprBody)\n      ) {"
    }
]