[
    {
        "prompt_fl_1": "\nsource code:\nprivate void traverseFunction(Node n, Node parent) {\n    Preconditions.checkState(n.getChildCount() == 3);\n    Preconditions.checkState(n.isFunction());\n\n    final Node fnName = n.getFirstChild();\n\n    boolean isFunctionExpression = (parent != null)\n        && NodeUtil.isFunctionExpression(n);\n\n    if (!isFunctionExpression) {\n      // Functions declarations are in the scope containing the declaration.\n      traverseBranch(fnName, n);\n    }\n\n    curNode = n;\n    pushScope(n);\n\n    if (isFunctionExpression) {\n      // Function expression names are only accessible within the function\n      // scope.\n      traverseBranch(fnName, n);\n    }\n\n    final Node args = fnName.getNext();\n    final Node body = args.getNext();\n\n    // Args\n    traverseBranch(args, n);\n\n    // Body\n    Preconditions.checkState(body.getNext() == null &&\n            body.isBlock());\n    traverseBranch(body, n);\n\n    popScope();\n  }\n\nThere is a bug in the above code, please help me locate it.\n\nPlease output **only one integer**: the line number of the buggy code (The code starts from line 1). Do not provide any explanations or additional content.\n",
        "prompt_fl_2": "\nsource code:\nprivate void traverseFunction(Node n, Node parent) {\n    Preconditions.checkState(n.getChildCount() == 3);\n    Preconditions.checkState(n.isFunction());\n\n    final Node fnName = n.getFirstChild();\n\n    boolean isFunctionExpression = (parent != null)\n        && NodeUtil.isFunctionExpression(n);\n\n    if (!isFunctionExpression) {\n      // Functions declarations are in the scope containing the declaration.\n      traverseBranch(fnName, n);\n    }\n\n    curNode = n;\n    pushScope(n);\n\n    if (isFunctionExpression) {\n      // Function expression names are only accessible within the function\n      // scope.\n      traverseBranch(fnName, n);\n    }\n\n    final Node args = fnName.getNext();\n    final Node body = args.getNext();\n\n    // Args\n    traverseBranch(args, n);\n\n    // Body\n    Preconditions.checkState(body.getNext() == null &&\n            body.isBlock());\n    traverseBranch(body, n);\n\n    popScope();\n  }\n\nstack trace:\ncom.google.javascript.jscomp.IntegrationTest::testIncompleteFunction\njava.lang.RuntimeException: java.lang.RuntimeException: INTERNAL COMPILER ERROR.\nPlease report this problem.\nnull\n\tat com.google.javascript.jscomp.Compiler.runCallable(Compiler.java:642)\n\tat com.google.javascript.jscomp.Compiler.runInCompilerThread(Compiler.java:587)\n\tat com.google.javascript.jscomp.Compiler.compile(Compiler.java:569)\n\tat com.google.javascript.jscomp.Compiler.compileModules(Compiler.java:560)\n\tat com.google.javascript.jscomp.Compiler.compile(Compiler.java:542)\n\tat com.google.javascript.jscomp.IntegrationTest.compile(IntegrationTest.java:2080)\n\tat com.google.javascript.jscomp.IntegrationTest.test(IntegrationTest.java:2041)\n\tat com.google.javascript.jscomp.IntegrationTest.testIncompleteFunction(IntegrationTest.java:1945)\n\tat sun.reflect.NativeMethodAccessorImpl.invoke0(Native Method)\n\tat sun.reflect.NativeMethodAccessorImpl.invoke(NativeMethodAccessorImpl.java:62)\n\tat sun.reflect.DelegatingMethodAccessorImpl.invoke(DelegatingMethodAccessorImpl.java:43)\n\tat java.lang.reflect.Method.invoke(Method.java:498)\n\tat junit.framework.TestCase.runTest(TestCase.java:176)\n\tat junit.framework.TestCase.runBare(TestCase.java:141)\n\tat junit.framework.TestResult$1.protect(TestResult.java:122)\n\tat junit.framework.TestResult.runProtected(TestResult.java:142)\n\tat junit.framework.TestResult.run(TestResult.java:125)\n\tat junit.framework.TestCase.run(TestCase.java:129)\n\tat junit.framework.TestSuite.runTest(TestSuite.java:255)\n\tat junit.framework.TestSuite.run(TestSuite.java:250)\n\tat org.apache.tools.ant.taskdefs.optional.junit.JUnitTestRunner.run(JUnitTestRunner.java:520)\n\tat org.apache.tools.ant.taskdefs.optional.junit.JUnitTask.executeInVM(JUnitTask.java:1484)\n\tat org.apache.tools.ant.taskdefs.optional.junit.JUnitTask.execute(JUnitTask.java:872)\n\tat org.apache.tools.ant.taskdefs.optional.junit.JUnitTask.executeOrQueue(JUnitTask.java:1972)\n\tat org.apache.tools.ant.taskdefs.optional.junit.JUnitTask.execute1(JUnitTask.java:824)\n\tat org.apache.tools.ant.taskdefs.optional.junit.JUnitTask.execute(JUnitTask.java:2277)\n\tat org.apache.tools.ant.UnknownElement.execute(UnknownElement.java:291)\n\tat sun.reflect.GeneratedMethodAccessor4.invoke(Unknown Source)\n\tat sun.reflect.DelegatingMethodAccessorImpl.invoke(DelegatingMethodAccessorImpl.java:43)\n\tat java.lang.reflect.Method.invoke(Method.java:498)\n\tat org.apache.tools.ant.dispatch.DispatchUtils.execute(DispatchUtils.java:106)\n\tat org.apache.tools.ant.Task.perform(Task.java:348)\n\tat org.apache.tools.ant.Target.execute(Target.java:392)\n\tat org.apache.tools.ant.Target.performTasks(Target.java:413)\n\tat org.apache.tools.ant.Project.executeSortedTargets(Project.java:1399)\n\tat org.apache.tools.ant.Project.executeTarget(Project.java:1368)\n\tat org.apache.tools.ant.helper.DefaultExecutor.executeTargets(DefaultExecutor.java:41)\n\tat org.apache.tools.ant.Project.executeTargets(Project.java:1251)\n\tat org.apache.tools.ant.Main.runBuild(Main.java:811)\n\tat org.apache.tools.ant.Main.startAnt(Main.java:217)\n\tat org.apache.tools.ant.launch.Launcher.run(Launcher.java:280)\n\tat org.apache.tools.ant.launch.Launcher.main(Launcher.java:109)\nCaused by: java.lang.RuntimeException: INTERNAL COMPILER ERROR.\nPlease report this problem.\nnull\n\tat com.google.common.base.Preconditions.checkState(Preconditions.java:129)\n\tat com.google.javascript.jscomp.NodeTraversal.traverseFunction(NodeTraversal.java:540)\n\tat com.google.javascript.jscomp.NodeTraversal.traverseBranch(NodeTraversal.java:489)\n\tat com.google.javascript.jscomp.NodeTraversal.traverseBranch(NodeTraversal.java:497)\n\tat com.google.javascript.jscomp.NodeTraversal.traverseBranch(NodeTraversal.java:497)\n\tat com.google.javascript.jscomp.NodeTraversal.traverseBranch(NodeTraversal.java:497)\n\tat com.google.javascript.jscomp.NodeTraversal.traverseBranch(NodeTraversal.java:497)\n\tat com.google.javascript.jscomp.NodeTraversal.traverseBranch(NodeTraversal.java:497)\n\tat com.google.javascript.jscomp.NodeTraversal.traverse(NodeTraversal.java:277)\n\tat com.google.javascript.jscomp.NodeTraversal.traverse(NodeTraversal.java:455)\n\tat com.google.javascript.jscomp.PrepareAst.process(PrepareAst.java:70)\n\tat com.google.javascript.jscomp.Compiler.prepareAst(Compiler.java:1835)\n\tat com.google.javascript.jscomp.JsAst.parse(JsAst.java:99)\n\tat com.google.javascript.jscomp.JsAst.getAstRoot(JsAst.java:52)\n\tat com.google.javascript.jscomp.CompilerInput.getAstRoot(CompilerInput.java:119)\n\tat com.google.javascript.jscomp.Compiler.parseInputs(Compiler.java:1302)\n\tat com.google.javascript.jscomp.Compiler.parse(Compiler.java:696)\n\tat com.google.javascript.jscomp.Compiler.compileInternal(Compiler.java:650)\n\tat com.google.javascript.jscomp.Compiler.access$000(Compiler.java:71)\n\tat com.google.javascript.jscomp.Compiler$1.call(Compiler.java:572)\n\tat com.google.javascript.jscomp.Compiler$1.call(Compiler.java:569)\n\tat com.google.javascript.jscomp.Compiler$2.run(Compiler.java:614)\n\tat java.lang.Thread.run(Thread.java:748)\nCaused by: java.lang.IllegalStateException\n\t... 23 more\n\n\nThere is a bug in the above code, please help me locate it by considering the stack trace.\n\nPlease output **only one integer**: the line number of the buggy code (The code starts from line 1). Do not provide any explanations or additional content.\n",
        "prompt_fl_3": "\nsource code:\nprivate void traverseFunction(Node n, Node parent) {\n    Preconditions.checkState(n.getChildCount() == 3);\n    Preconditions.checkState(n.isFunction());\n\n    final Node fnName = n.getFirstChild();\n\n    boolean isFunctionExpression = (parent != null)\n        && NodeUtil.isFunctionExpression(n);\n\n    if (!isFunctionExpression) {\n      // Functions declarations are in the scope containing the declaration.\n      traverseBranch(fnName, n);\n    }\n\n    curNode = n;\n    pushScope(n);\n\n    if (isFunctionExpression) {\n      // Function expression names are only accessible within the function\n      // scope.\n      traverseBranch(fnName, n);\n    }\n\n    final Node args = fnName.getNext();\n    final Node body = args.getNext();\n\n    // Args\n    traverseBranch(args, n);\n\n    // Body\n    Preconditions.checkState(body.getNext() == null &&\n            body.isBlock());\n    traverseBranch(body, n);\n\n    popScope();\n  }\n\nstack trace:\ncom.google.javascript.jscomp.IntegrationTest::testIncompleteFunction\njava.lang.RuntimeException: java.lang.RuntimeException: INTERNAL COMPILER ERROR.\nPlease report this problem.\nnull\n\tat com.google.javascript.jscomp.Compiler.runCallable(Compiler.java:642)\n\tat com.google.javascript.jscomp.Compiler.runInCompilerThread(Compiler.java:587)\n\tat com.google.javascript.jscomp.Compiler.compile(Compiler.java:569)\n\tat com.google.javascript.jscomp.Compiler.compileModules(Compiler.java:560)\n\tat com.google.javascript.jscomp.Compiler.compile(Compiler.java:542)\n\tat com.google.javascript.jscomp.IntegrationTest.compile(IntegrationTest.java:2080)\n\tat com.google.javascript.jscomp.IntegrationTest.test(IntegrationTest.java:2041)\n\tat com.google.javascript.jscomp.IntegrationTest.testIncompleteFunction(IntegrationTest.java:1945)\n\tat sun.reflect.NativeMethodAccessorImpl.invoke0(Native Method)\n\tat sun.reflect.NativeMethodAccessorImpl.invoke(NativeMethodAccessorImpl.java:62)\n\tat sun.reflect.DelegatingMethodAccessorImpl.invoke(DelegatingMethodAccessorImpl.java:43)\n\tat java.lang.reflect.Method.invoke(Method.java:498)\n\tat junit.framework.TestCase.runTest(TestCase.java:176)\n\tat junit.framework.TestCase.runBare(TestCase.java:141)\n\tat junit.framework.TestResult$1.protect(TestResult.java:122)\n\tat junit.framework.TestResult.runProtected(TestResult.java:142)\n\tat junit.framework.TestResult.run(TestResult.java:125)\n\tat junit.framework.TestCase.run(TestCase.java:129)\n\tat junit.framework.TestSuite.runTest(TestSuite.java:255)\n\tat junit.framework.TestSuite.run(TestSuite.java:250)\n\tat org.apache.tools.ant.taskdefs.optional.junit.JUnitTestRunner.run(JUnitTestRunner.java:520)\n\tat org.apache.tools.ant.taskdefs.optional.junit.JUnitTask.executeInVM(JUnitTask.java:1484)\n\tat org.apache.tools.ant.taskdefs.optional.junit.JUnitTask.execute(JUnitTask.java:872)\n\tat org.apache.tools.ant.taskdefs.optional.junit.JUnitTask.executeOrQueue(JUnitTask.java:1972)\n\tat org.apache.tools.ant.taskdefs.optional.junit.JUnitTask.execute1(JUnitTask.java:824)\n\tat org.apache.tools.ant.taskdefs.optional.junit.JUnitTask.execute(JUnitTask.java:2277)\n\tat org.apache.tools.ant.UnknownElement.execute(UnknownElement.java:291)\n\tat sun.reflect.GeneratedMethodAccessor4.invoke(Unknown Source)\n\tat sun.reflect.DelegatingMethodAccessorImpl.invoke(DelegatingMethodAccessorImpl.java:43)\n\tat java.lang.reflect.Method.invoke(Method.java:498)\n\tat org.apache.tools.ant.dispatch.DispatchUtils.execute(DispatchUtils.java:106)\n\tat org.apache.tools.ant.Task.perform(Task.java:348)\n\tat org.apache.tools.ant.Target.execute(Target.java:392)\n\tat org.apache.tools.ant.Target.performTasks(Target.java:413)\n\tat org.apache.tools.ant.Project.executeSortedTargets(Project.java:1399)\n\tat org.apache.tools.ant.Project.executeTarget(Project.java:1368)\n\tat org.apache.tools.ant.helper.DefaultExecutor.executeTargets(DefaultExecutor.java:41)\n\tat org.apache.tools.ant.Project.executeTargets(Project.java:1251)\n\tat org.apache.tools.ant.Main.runBuild(Main.java:811)\n\tat org.apache.tools.ant.Main.startAnt(Main.java:217)\n\tat org.apache.tools.ant.launch.Launcher.run(Launcher.java:280)\n\tat org.apache.tools.ant.launch.Launcher.main(Launcher.java:109)\nCaused by: java.lang.RuntimeException: INTERNAL COMPILER ERROR.\nPlease report this problem.\nnull\n\tat com.google.common.base.Preconditions.checkState(Preconditions.java:129)\n\tat com.google.javascript.jscomp.NodeTraversal.traverseFunction(NodeTraversal.java:540)\n\tat com.google.javascript.jscomp.NodeTraversal.traverseBranch(NodeTraversal.java:489)\n\tat com.google.javascript.jscomp.NodeTraversal.traverseBranch(NodeTraversal.java:497)\n\tat com.google.javascript.jscomp.NodeTraversal.traverseBranch(NodeTraversal.java:497)\n\tat com.google.javascript.jscomp.NodeTraversal.traverseBranch(NodeTraversal.java:497)\n\tat com.google.javascript.jscomp.NodeTraversal.traverseBranch(NodeTraversal.java:497)\n\tat com.google.javascript.jscomp.NodeTraversal.traverseBranch(NodeTraversal.java:497)\n\tat com.google.javascript.jscomp.NodeTraversal.traverse(NodeTraversal.java:277)\n\tat com.google.javascript.jscomp.NodeTraversal.traverse(NodeTraversal.java:455)\n\tat com.google.javascript.jscomp.PrepareAst.process(PrepareAst.java:70)\n\tat com.google.javascript.jscomp.Compiler.prepareAst(Compiler.java:1835)\n\tat com.google.javascript.jscomp.JsAst.parse(JsAst.java:99)\n\tat com.google.javascript.jscomp.JsAst.getAstRoot(JsAst.java:52)\n\tat com.google.javascript.jscomp.CompilerInput.getAstRoot(CompilerInput.java:119)\n\tat com.google.javascript.jscomp.Compiler.parseInputs(Compiler.java:1302)\n\tat com.google.javascript.jscomp.Compiler.parse(Compiler.java:696)\n\tat com.google.javascript.jscomp.Compiler.compileInternal(Compiler.java:650)\n\tat com.google.javascript.jscomp.Compiler.access$000(Compiler.java:71)\n\tat com.google.javascript.jscomp.Compiler$1.call(Compiler.java:572)\n\tat com.google.javascript.jscomp.Compiler$1.call(Compiler.java:569)\n\tat com.google.javascript.jscomp.Compiler$2.run(Compiler.java:614)\n\tat java.lang.Thread.run(Thread.java:748)\nCaused by: java.lang.IllegalStateException\n\t... 23 more\n\n\nfailure assertion code:\ntest(options,\n\n\nThere is a bug in the above code, please help me locate it by considering the stack trace information and failure assertion code.\n\nPlease output **only one integer**: the line number of the buggy code (The code starts from line 1). Do not provide any explanations or additional content.\n",
        "prompt_fl_4": "\nsource code:\nprivate void traverseFunction(Node n, Node parent) {\n    Preconditions.checkState(n.getChildCount() == 3);\n    Preconditions.checkState(n.isFunction());\n\n    final Node fnName = n.getFirstChild();\n\n    boolean isFunctionExpression = (parent != null)\n        && NodeUtil.isFunctionExpression(n);\n\n    if (!isFunctionExpression) {\n      // Functions declarations are in the scope containing the declaration.\n      traverseBranch(fnName, n);\n    }\n\n    curNode = n;\n    pushScope(n);\n\n    if (isFunctionExpression) {\n      // Function expression names are only accessible within the function\n      // scope.\n      traverseBranch(fnName, n);\n    }\n\n    final Node args = fnName.getNext();\n    final Node body = args.getNext();\n\n    // Args\n    traverseBranch(args, n);\n\n    // Body\n    Preconditions.checkState(body.getNext() == null &&\n            body.isBlock());\n    traverseBranch(body, n);\n\n    popScope();\n  }\n\nThere is a bug in the above code, please help me locate it.\n\nOutput **only** the exact buggy statement, with no line numbers, explanations, or additional content. Your response should contain just the buggy code line. Do not include ```java or ``` markers in the response.\n",
        "prompt_fl_5": "\nsource code:\nprivate void traverseFunction(Node n, Node parent) {\n    Preconditions.checkState(n.getChildCount() == 3);\n    Preconditions.checkState(n.isFunction());\n\n    final Node fnName = n.getFirstChild();\n\n    boolean isFunctionExpression = (parent != null)\n        && NodeUtil.isFunctionExpression(n);\n\n    if (!isFunctionExpression) {\n      // Functions declarations are in the scope containing the declaration.\n      traverseBranch(fnName, n);\n    }\n\n    curNode = n;\n    pushScope(n);\n\n    if (isFunctionExpression) {\n      // Function expression names are only accessible within the function\n      // scope.\n      traverseBranch(fnName, n);\n    }\n\n    final Node args = fnName.getNext();\n    final Node body = args.getNext();\n\n    // Args\n    traverseBranch(args, n);\n\n    // Body\n    Preconditions.checkState(body.getNext() == null &&\n            body.isBlock());\n    traverseBranch(body, n);\n\n    popScope();\n  }\n\nstack trace:\ncom.google.javascript.jscomp.IntegrationTest::testIncompleteFunction\njava.lang.RuntimeException: java.lang.RuntimeException: INTERNAL COMPILER ERROR.\nPlease report this problem.\nnull\n\tat com.google.javascript.jscomp.Compiler.runCallable(Compiler.java:642)\n\tat com.google.javascript.jscomp.Compiler.runInCompilerThread(Compiler.java:587)\n\tat com.google.javascript.jscomp.Compiler.compile(Compiler.java:569)\n\tat com.google.javascript.jscomp.Compiler.compileModules(Compiler.java:560)\n\tat com.google.javascript.jscomp.Compiler.compile(Compiler.java:542)\n\tat com.google.javascript.jscomp.IntegrationTest.compile(IntegrationTest.java:2080)\n\tat com.google.javascript.jscomp.IntegrationTest.test(IntegrationTest.java:2041)\n\tat com.google.javascript.jscomp.IntegrationTest.testIncompleteFunction(IntegrationTest.java:1945)\n\tat sun.reflect.NativeMethodAccessorImpl.invoke0(Native Method)\n\tat sun.reflect.NativeMethodAccessorImpl.invoke(NativeMethodAccessorImpl.java:62)\n\tat sun.reflect.DelegatingMethodAccessorImpl.invoke(DelegatingMethodAccessorImpl.java:43)\n\tat java.lang.reflect.Method.invoke(Method.java:498)\n\tat junit.framework.TestCase.runTest(TestCase.java:176)\n\tat junit.framework.TestCase.runBare(TestCase.java:141)\n\tat junit.framework.TestResult$1.protect(TestResult.java:122)\n\tat junit.framework.TestResult.runProtected(TestResult.java:142)\n\tat junit.framework.TestResult.run(TestResult.java:125)\n\tat junit.framework.TestCase.run(TestCase.java:129)\n\tat junit.framework.TestSuite.runTest(TestSuite.java:255)\n\tat junit.framework.TestSuite.run(TestSuite.java:250)\n\tat org.apache.tools.ant.taskdefs.optional.junit.JUnitTestRunner.run(JUnitTestRunner.java:520)\n\tat org.apache.tools.ant.taskdefs.optional.junit.JUnitTask.executeInVM(JUnitTask.java:1484)\n\tat org.apache.tools.ant.taskdefs.optional.junit.JUnitTask.execute(JUnitTask.java:872)\n\tat org.apache.tools.ant.taskdefs.optional.junit.JUnitTask.executeOrQueue(JUnitTask.java:1972)\n\tat org.apache.tools.ant.taskdefs.optional.junit.JUnitTask.execute1(JUnitTask.java:824)\n\tat org.apache.tools.ant.taskdefs.optional.junit.JUnitTask.execute(JUnitTask.java:2277)\n\tat org.apache.tools.ant.UnknownElement.execute(UnknownElement.java:291)\n\tat sun.reflect.GeneratedMethodAccessor4.invoke(Unknown Source)\n\tat sun.reflect.DelegatingMethodAccessorImpl.invoke(DelegatingMethodAccessorImpl.java:43)\n\tat java.lang.reflect.Method.invoke(Method.java:498)\n\tat org.apache.tools.ant.dispatch.DispatchUtils.execute(DispatchUtils.java:106)\n\tat org.apache.tools.ant.Task.perform(Task.java:348)\n\tat org.apache.tools.ant.Target.execute(Target.java:392)\n\tat org.apache.tools.ant.Target.performTasks(Target.java:413)\n\tat org.apache.tools.ant.Project.executeSortedTargets(Project.java:1399)\n\tat org.apache.tools.ant.Project.executeTarget(Project.java:1368)\n\tat org.apache.tools.ant.helper.DefaultExecutor.executeTargets(DefaultExecutor.java:41)\n\tat org.apache.tools.ant.Project.executeTargets(Project.java:1251)\n\tat org.apache.tools.ant.Main.runBuild(Main.java:811)\n\tat org.apache.tools.ant.Main.startAnt(Main.java:217)\n\tat org.apache.tools.ant.launch.Launcher.run(Launcher.java:280)\n\tat org.apache.tools.ant.launch.Launcher.main(Launcher.java:109)\nCaused by: java.lang.RuntimeException: INTERNAL COMPILER ERROR.\nPlease report this problem.\nnull\n\tat com.google.common.base.Preconditions.checkState(Preconditions.java:129)\n\tat com.google.javascript.jscomp.NodeTraversal.traverseFunction(NodeTraversal.java:540)\n\tat com.google.javascript.jscomp.NodeTraversal.traverseBranch(NodeTraversal.java:489)\n\tat com.google.javascript.jscomp.NodeTraversal.traverseBranch(NodeTraversal.java:497)\n\tat com.google.javascript.jscomp.NodeTraversal.traverseBranch(NodeTraversal.java:497)\n\tat com.google.javascript.jscomp.NodeTraversal.traverseBranch(NodeTraversal.java:497)\n\tat com.google.javascript.jscomp.NodeTraversal.traverseBranch(NodeTraversal.java:497)\n\tat com.google.javascript.jscomp.NodeTraversal.traverseBranch(NodeTraversal.java:497)\n\tat com.google.javascript.jscomp.NodeTraversal.traverse(NodeTraversal.java:277)\n\tat com.google.javascript.jscomp.NodeTraversal.traverse(NodeTraversal.java:455)\n\tat com.google.javascript.jscomp.PrepareAst.process(PrepareAst.java:70)\n\tat com.google.javascript.jscomp.Compiler.prepareAst(Compiler.java:1835)\n\tat com.google.javascript.jscomp.JsAst.parse(JsAst.java:99)\n\tat com.google.javascript.jscomp.JsAst.getAstRoot(JsAst.java:52)\n\tat com.google.javascript.jscomp.CompilerInput.getAstRoot(CompilerInput.java:119)\n\tat com.google.javascript.jscomp.Compiler.parseInputs(Compiler.java:1302)\n\tat com.google.javascript.jscomp.Compiler.parse(Compiler.java:696)\n\tat com.google.javascript.jscomp.Compiler.compileInternal(Compiler.java:650)\n\tat com.google.javascript.jscomp.Compiler.access$000(Compiler.java:71)\n\tat com.google.javascript.jscomp.Compiler$1.call(Compiler.java:572)\n\tat com.google.javascript.jscomp.Compiler$1.call(Compiler.java:569)\n\tat com.google.javascript.jscomp.Compiler$2.run(Compiler.java:614)\n\tat java.lang.Thread.run(Thread.java:748)\nCaused by: java.lang.IllegalStateException\n\t... 23 more\n\n\nThere is a bug in the above code, please help me locate it by considering the stack trace.\n\nOutput **only** the exact buggy statement, with no line numbers, explanations, or additional content. Your response should contain just the buggy code line. Do not include ```java or ``` markers in the response.\n",
        "prompt_fl_6": "\nsource code:\nprivate void traverseFunction(Node n, Node parent) {\n    Preconditions.checkState(n.getChildCount() == 3);\n    Preconditions.checkState(n.isFunction());\n\n    final Node fnName = n.getFirstChild();\n\n    boolean isFunctionExpression = (parent != null)\n        && NodeUtil.isFunctionExpression(n);\n\n    if (!isFunctionExpression) {\n      // Functions declarations are in the scope containing the declaration.\n      traverseBranch(fnName, n);\n    }\n\n    curNode = n;\n    pushScope(n);\n\n    if (isFunctionExpression) {\n      // Function expression names are only accessible within the function\n      // scope.\n      traverseBranch(fnName, n);\n    }\n\n    final Node args = fnName.getNext();\n    final Node body = args.getNext();\n\n    // Args\n    traverseBranch(args, n);\n\n    // Body\n    Preconditions.checkState(body.getNext() == null &&\n            body.isBlock());\n    traverseBranch(body, n);\n\n    popScope();\n  }\n\nstack trace:\ncom.google.javascript.jscomp.IntegrationTest::testIncompleteFunction\njava.lang.RuntimeException: java.lang.RuntimeException: INTERNAL COMPILER ERROR.\nPlease report this problem.\nnull\n\tat com.google.javascript.jscomp.Compiler.runCallable(Compiler.java:642)\n\tat com.google.javascript.jscomp.Compiler.runInCompilerThread(Compiler.java:587)\n\tat com.google.javascript.jscomp.Compiler.compile(Compiler.java:569)\n\tat com.google.javascript.jscomp.Compiler.compileModules(Compiler.java:560)\n\tat com.google.javascript.jscomp.Compiler.compile(Compiler.java:542)\n\tat com.google.javascript.jscomp.IntegrationTest.compile(IntegrationTest.java:2080)\n\tat com.google.javascript.jscomp.IntegrationTest.test(IntegrationTest.java:2041)\n\tat com.google.javascript.jscomp.IntegrationTest.testIncompleteFunction(IntegrationTest.java:1945)\n\tat sun.reflect.NativeMethodAccessorImpl.invoke0(Native Method)\n\tat sun.reflect.NativeMethodAccessorImpl.invoke(NativeMethodAccessorImpl.java:62)\n\tat sun.reflect.DelegatingMethodAccessorImpl.invoke(DelegatingMethodAccessorImpl.java:43)\n\tat java.lang.reflect.Method.invoke(Method.java:498)\n\tat junit.framework.TestCase.runTest(TestCase.java:176)\n\tat junit.framework.TestCase.runBare(TestCase.java:141)\n\tat junit.framework.TestResult$1.protect(TestResult.java:122)\n\tat junit.framework.TestResult.runProtected(TestResult.java:142)\n\tat junit.framework.TestResult.run(TestResult.java:125)\n\tat junit.framework.TestCase.run(TestCase.java:129)\n\tat junit.framework.TestSuite.runTest(TestSuite.java:255)\n\tat junit.framework.TestSuite.run(TestSuite.java:250)\n\tat org.apache.tools.ant.taskdefs.optional.junit.JUnitTestRunner.run(JUnitTestRunner.java:520)\n\tat org.apache.tools.ant.taskdefs.optional.junit.JUnitTask.executeInVM(JUnitTask.java:1484)\n\tat org.apache.tools.ant.taskdefs.optional.junit.JUnitTask.execute(JUnitTask.java:872)\n\tat org.apache.tools.ant.taskdefs.optional.junit.JUnitTask.executeOrQueue(JUnitTask.java:1972)\n\tat org.apache.tools.ant.taskdefs.optional.junit.JUnitTask.execute1(JUnitTask.java:824)\n\tat org.apache.tools.ant.taskdefs.optional.junit.JUnitTask.execute(JUnitTask.java:2277)\n\tat org.apache.tools.ant.UnknownElement.execute(UnknownElement.java:291)\n\tat sun.reflect.GeneratedMethodAccessor4.invoke(Unknown Source)\n\tat sun.reflect.DelegatingMethodAccessorImpl.invoke(DelegatingMethodAccessorImpl.java:43)\n\tat java.lang.reflect.Method.invoke(Method.java:498)\n\tat org.apache.tools.ant.dispatch.DispatchUtils.execute(DispatchUtils.java:106)\n\tat org.apache.tools.ant.Task.perform(Task.java:348)\n\tat org.apache.tools.ant.Target.execute(Target.java:392)\n\tat org.apache.tools.ant.Target.performTasks(Target.java:413)\n\tat org.apache.tools.ant.Project.executeSortedTargets(Project.java:1399)\n\tat org.apache.tools.ant.Project.executeTarget(Project.java:1368)\n\tat org.apache.tools.ant.helper.DefaultExecutor.executeTargets(DefaultExecutor.java:41)\n\tat org.apache.tools.ant.Project.executeTargets(Project.java:1251)\n\tat org.apache.tools.ant.Main.runBuild(Main.java:811)\n\tat org.apache.tools.ant.Main.startAnt(Main.java:217)\n\tat org.apache.tools.ant.launch.Launcher.run(Launcher.java:280)\n\tat org.apache.tools.ant.launch.Launcher.main(Launcher.java:109)\nCaused by: java.lang.RuntimeException: INTERNAL COMPILER ERROR.\nPlease report this problem.\nnull\n\tat com.google.common.base.Preconditions.checkState(Preconditions.java:129)\n\tat com.google.javascript.jscomp.NodeTraversal.traverseFunction(NodeTraversal.java:540)\n\tat com.google.javascript.jscomp.NodeTraversal.traverseBranch(NodeTraversal.java:489)\n\tat com.google.javascript.jscomp.NodeTraversal.traverseBranch(NodeTraversal.java:497)\n\tat com.google.javascript.jscomp.NodeTraversal.traverseBranch(NodeTraversal.java:497)\n\tat com.google.javascript.jscomp.NodeTraversal.traverseBranch(NodeTraversal.java:497)\n\tat com.google.javascript.jscomp.NodeTraversal.traverseBranch(NodeTraversal.java:497)\n\tat com.google.javascript.jscomp.NodeTraversal.traverseBranch(NodeTraversal.java:497)\n\tat com.google.javascript.jscomp.NodeTraversal.traverse(NodeTraversal.java:277)\n\tat com.google.javascript.jscomp.NodeTraversal.traverse(NodeTraversal.java:455)\n\tat com.google.javascript.jscomp.PrepareAst.process(PrepareAst.java:70)\n\tat com.google.javascript.jscomp.Compiler.prepareAst(Compiler.java:1835)\n\tat com.google.javascript.jscomp.JsAst.parse(JsAst.java:99)\n\tat com.google.javascript.jscomp.JsAst.getAstRoot(JsAst.java:52)\n\tat com.google.javascript.jscomp.CompilerInput.getAstRoot(CompilerInput.java:119)\n\tat com.google.javascript.jscomp.Compiler.parseInputs(Compiler.java:1302)\n\tat com.google.javascript.jscomp.Compiler.parse(Compiler.java:696)\n\tat com.google.javascript.jscomp.Compiler.compileInternal(Compiler.java:650)\n\tat com.google.javascript.jscomp.Compiler.access$000(Compiler.java:71)\n\tat com.google.javascript.jscomp.Compiler$1.call(Compiler.java:572)\n\tat com.google.javascript.jscomp.Compiler$1.call(Compiler.java:569)\n\tat com.google.javascript.jscomp.Compiler$2.run(Compiler.java:614)\n\tat java.lang.Thread.run(Thread.java:748)\nCaused by: java.lang.IllegalStateException\n\t... 23 more\n\n\nfailure assertion code:\ntest(options,\n\n\nThere is a bug in the above code, please help me locate it by considering the stack trace information and failure assertion code.\n\nOutput **only** the exact buggy statement, with no line numbers, explanations, or additional content. Your response should contain just the buggy code line. Do not include ```java or ``` markers in the response.\n",
        "prompt_apr_1": "\nprivate void traverseFunction(Node n, Node parent) {\n    Preconditions.checkState(n.getChildCount() == 3);\n    Preconditions.checkState(n.isFunction());\n\n    final Node fnName = n.getFirstChild();\n\n    boolean isFunctionExpression = (parent != null)\n        && NodeUtil.isFunctionExpression(n);\n\n    if (!isFunctionExpression) {\n      // Functions declarations are in the scope containing the declaration.\n      traverseBranch(fnName, n);\n    }\n\n    curNode = n;\n    pushScope(n);\n\n    if (isFunctionExpression) {\n      // Function expression names are only accessible within the function\n      // scope.\n      traverseBranch(fnName, n);\n    }\n\n    final Node args = fnName.getNext();\n    final Node body = args.getNext();\n\n    // Args\n    traverseBranch(args, n);\n\n    // Body\n    Preconditions.checkState(body.getNext() == null &&\n            body.isBlock());\n    traverseBranch(body, n);\n\n    popScope();\n  }\n\nThere is a bug in line [32] of the code, please help me fix it.\n\nPlease return the **complete corrected method**. Do not skip or omit any part of the code. Do not include ```java or ``` markers in the response.\n",
        "prompt_apr_2": "\nprivate void traverseFunction(Node n, Node parent) {\n    Preconditions.checkState(n.getChildCount() == 3);\n    Preconditions.checkState(n.isFunction());\n\n    final Node fnName = n.getFirstChild();\n\n    boolean isFunctionExpression = (parent != null)\n        && NodeUtil.isFunctionExpression(n);\n\n    if (!isFunctionExpression) {\n      // Functions declarations are in the scope containing the declaration.\n      traverseBranch(fnName, n);\n    }\n\n    curNode = n;\n    pushScope(n);\n\n    if (isFunctionExpression) {\n      // Function expression names are only accessible within the function\n      // scope.\n      traverseBranch(fnName, n);\n    }\n\n    final Node args = fnName.getNext();\n    final Node body = args.getNext();\n\n    // Args\n    traverseBranch(args, n);\n\n    // Body\n    Preconditions.checkState(body.getNext() == null &&\n            body.isBlock());\n    traverseBranch(body, n);\n\n    popScope();\n  }\n\nThere is a bug in ['            body.isBlock());'] , please help me fix it. \n\nPlease return the **complete corrected method**. Do not skip or omit any part of the code. Do not include ```java or ``` markers in the response.\n",
        "prompt_apr_3": "\nprivate void traverseFunction(Node n, Node parent) {\n    Preconditions.checkState(n.getChildCount() == 3);\n    Preconditions.checkState(n.isFunction());\n\n    final Node fnName = n.getFirstChild();\n\n    boolean isFunctionExpression = (parent != null)\n        && NodeUtil.isFunctionExpression(n);\n\n    if (!isFunctionExpression) {\n      // Functions declarations are in the scope containing the declaration.\n      traverseBranch(fnName, n);\n    }\n\n    curNode = n;\n    pushScope(n);\n\n    if (isFunctionExpression) {\n      // Function expression names are only accessible within the function\n      // scope.\n      traverseBranch(fnName, n);\n    }\n\n    final Node args = fnName.getNext();\n    final Node body = args.getNext();\n\n    // Args\n    traverseBranch(args, n);\n\n    // Body\n    Preconditions.checkState(body.getNext() == null &&\n            body.isBlock());\n\nThere is a bug in the last statement, please help me fix it.\n\nReturn the code **only from the method declaration to the fixed statement**, without completing or adding additional code. Do not modify anything beyond fixing the bug, and do not complete the `if` statement or other unfinished parts. Do not include ```java or ``` markers in the response.\n",
        "prompt_apr_4": "\nprivate void traverseFunction(Node n, Node parent) {\n    Preconditions.checkState(n.getChildCount() == 3);\n    Preconditions.checkState(n.isFunction());\n\n    final Node fnName = n.getFirstChild();\n\n    boolean isFunctionExpression = (parent != null)\n        && NodeUtil.isFunctionExpression(n);\n\n    if (!isFunctionExpression) {\n      // Functions declarations are in the scope containing the declaration.\n      traverseBranch(fnName, n);\n    }\n\n    curNode = n;\n    pushScope(n);\n\n    if (isFunctionExpression) {\n      // Function expression names are only accessible within the function\n      // scope.\n      traverseBranch(fnName, n);\n    }\n\n    final Node args = fnName.getNext();\n    final Node body = args.getNext();\n\n    // Args\n    traverseBranch(args, n);\n\n    // Body\n    Preconditions.checkState(body.getNext() == null &&\n            body.isBlock());\n    traverseBranch(body, n);\n\n    popScope();\n  }\n\nThere is a bug in line [32] of the code, please help me fix it.\n\nPlease return the results in a strict JSON format as described below. Please follow these instructions carefully:\n1. Your output must include each repaired line's number (`line_number`) and the corresponding fixed code statement (`fixed_statement`).\n2. The output format must be a valid JSON array, where each element represents one repaired line, with the following structure:\n   - `\"line_number\"`: The line number of the buggy code that was repaired (integer).\n   - `\"fixed_statement\"`: The repaired statement for that specific line (string).\n\n3. The result must strictly follow this format:\n[\n    {\n        \"line_number\": int,\n        \"fixed_statement\": \"string\"\n    },\n    {\n        \"line_number\": int,\n        \"fixed_statement\": \"string\"\n    }\n]\n4. The repaired statement in \"fixed_statement\" must replace the corresponding line in the buggy code.\n5. You must NOT include any additional explanation or description in your response. Only return the JSON array. Do not include ```json or ``` markers in the response.\n",
        "prompt_apr_5": "\nprivate void traverseFunction(Node n, Node parent) {\n    Preconditions.checkState(n.getChildCount() == 3);\n    Preconditions.checkState(n.isFunction());\n\n    final Node fnName = n.getFirstChild();\n\n    boolean isFunctionExpression = (parent != null)\n        && NodeUtil.isFunctionExpression(n);\n\n    if (!isFunctionExpression) {\n      // Functions declarations are in the scope containing the declaration.\n      traverseBranch(fnName, n);\n    }\n\n    curNode = n;\n    pushScope(n);\n\n    if (isFunctionExpression) {\n      // Function expression names are only accessible within the function\n      // scope.\n      traverseBranch(fnName, n);\n    }\n\n    final Node args = fnName.getNext();\n    final Node body = args.getNext();\n\n    // Args\n    traverseBranch(args, n);\n\n    // Body\n    Preconditions.checkState(body.getNext() == null &&\n            body.isBlock());\n    traverseBranch(body, n);\n\n    popScope();\n  }\n\nThere is a bug in ['            body.isBlock());'] , please help me fix it. \n\nPlease return the results in a strict JSON format as described below. Please follow these instructions carefully:\n1. Your output must include each repaired line's number (`line_number`) and the corresponding fixed code statement (`fixed_statement`).\n2. The output format must be a valid JSON array, where each element represents one repaired line, with the following structure:\n   - `\"line_number\"`: The line number of the buggy code that was repaired (integer).\n   - `\"fixed_statement\"`: The repaired statement for that specific line (string).\n\n3. The result must strictly follow this format:\n[\n    {\n        \"line_number\": int,\n        \"fixed_statement\": \"string\"\n    },\n    {\n        \"line_number\": int,\n        \"fixed_statement\": \"string\"\n    }\n]\n4. The repaired statement in \"fixed_statement\" must replace the corresponding line in the buggy code.\n5. You must NOT include any additional explanation or description in your response. Only return the JSON array. Do not include ```json or ``` markers in the response.\n",
        "prompt_apr_6": "\nprivate void traverseFunction(Node n, Node parent) {\n    Preconditions.checkState(n.getChildCount() == 3);\n    Preconditions.checkState(n.isFunction());\n\n    final Node fnName = n.getFirstChild();\n\n    boolean isFunctionExpression = (parent != null)\n        && NodeUtil.isFunctionExpression(n);\n\n    if (!isFunctionExpression) {\n      // Functions declarations are in the scope containing the declaration.\n      traverseBranch(fnName, n);\n    }\n\n    curNode = n;\n    pushScope(n);\n\n    if (isFunctionExpression) {\n      // Function expression names are only accessible within the function\n      // scope.\n      traverseBranch(fnName, n);\n    }\n\n    final Node args = fnName.getNext();\n    final Node body = args.getNext();\n\n    // Args\n    traverseBranch(args, n);\n\n    // Body\n    Preconditions.checkState(body.getNext() == null &&\n            body.isBlock());\n\nThere is a bug in the last statement, please help me fix it.\n\nPlease return the results in a strict JSON format as described below. Please follow these instructions carefully:\n1. Your output must include each repaired line's number (`line_number`) and the corresponding fixed code statement (`fixed_statement`).\n2. The output format must be a valid JSON array, where each element represents one repaired line, with the following structure:\n   - `\"line_number\"`: The line number of the buggy code that was repaired (integer).\n   - `\"fixed_statement\"`: The repaired statement for that specific line (string).\n\n3. The result must strictly follow this format:\n[\n    {\n        \"line_number\": int,\n        \"fixed_statement\": \"string\"\n    },\n    {\n        \"line_number\": int,\n        \"fixed_statement\": \"string\"\n    }\n]\n4. The repaired statement in \"fixed_statement\" must replace the corresponding line in the buggy code.\n5. You must NOT include any additional explanation or description in your response. Only return the JSON array. Do not include ```json or ``` markers in the response.\n"
    }
]