[
    {
        "prompt_fl_1": "\nsource code:\n@Override\n    public void visit(NodeTraversal t, Node n, Node parent) {\n\n      // Record global variable and function declarations\n      if (t.inGlobalScope()) {\n        if (NodeUtil.isVarDeclaration(n)) {\n          NameInformation ns = createNameInformation(t, n, parent);\n          Preconditions.checkNotNull(ns);\n          recordSet(ns.name, n);\n        } else if (NodeUtil.isFunctionDeclaration(n)) {\n          Node nameNode = n.getFirstChild();\n          NameInformation ns = createNameInformation(t, nameNode, n);\n          if (ns != null) {\n            JsName nameInfo = getName(nameNode.getString(), true);\n            recordSet(nameInfo.name, nameNode);\n          }\n        } else if (NodeUtil.isObjectLitKey(n, parent)) {\n          NameInformation ns = createNameInformation(t, n, parent);\n          if (ns != null) {\n            recordSet(ns.name, n);\n          }\n        }\n      }\n\n      // Record assignments and call sites\n      if (n.isAssign()) {\n        Node nameNode = n.getFirstChild();\n\n        NameInformation ns = createNameInformation(t, nameNode, n);\n        if (ns != null) {\n          if (ns.isPrototype) {\n            recordPrototypeSet(ns.prototypeClass, ns.prototypeProperty, n);\n          } else {\n            recordSet(ns.name, nameNode);\n          }\n        }\n      } else if (n.isCall()) {\n        Node nameNode = n.getFirstChild();\n        NameInformation ns = createNameInformation(t, nameNode, n);\n        if (ns != null && ns.onlyAffectsClassDef) {\n          JsName name = getName(ns.name, false);\n          if (name != null) {\n          refNodes.add(new ClassDefiningFunctionNode(\n              name, n, parent, parent.getParent()));\n          }\n        }\n      }\n    }\n\nThere is a bug in the above code, please help me locate it.\n\nPlease output **only one integer**: the line number of the buggy code (The code starts from line 1). Do not provide any explanations or additional content.\n",
        "prompt_fl_2": "\nsource code:\n@Override\n    public void visit(NodeTraversal t, Node n, Node parent) {\n\n      // Record global variable and function declarations\n      if (t.inGlobalScope()) {\n        if (NodeUtil.isVarDeclaration(n)) {\n          NameInformation ns = createNameInformation(t, n, parent);\n          Preconditions.checkNotNull(ns);\n          recordSet(ns.name, n);\n        } else if (NodeUtil.isFunctionDeclaration(n)) {\n          Node nameNode = n.getFirstChild();\n          NameInformation ns = createNameInformation(t, nameNode, n);\n          if (ns != null) {\n            JsName nameInfo = getName(nameNode.getString(), true);\n            recordSet(nameInfo.name, nameNode);\n          }\n        } else if (NodeUtil.isObjectLitKey(n, parent)) {\n          NameInformation ns = createNameInformation(t, n, parent);\n          if (ns != null) {\n            recordSet(ns.name, n);\n          }\n        }\n      }\n\n      // Record assignments and call sites\n      if (n.isAssign()) {\n        Node nameNode = n.getFirstChild();\n\n        NameInformation ns = createNameInformation(t, nameNode, n);\n        if (ns != null) {\n          if (ns.isPrototype) {\n            recordPrototypeSet(ns.prototypeClass, ns.prototypeProperty, n);\n          } else {\n            recordSet(ns.name, nameNode);\n          }\n        }\n      } else if (n.isCall()) {\n        Node nameNode = n.getFirstChild();\n        NameInformation ns = createNameInformation(t, nameNode, n);\n        if (ns != null && ns.onlyAffectsClassDef) {\n          JsName name = getName(ns.name, false);\n          if (name != null) {\n          refNodes.add(new ClassDefiningFunctionNode(\n              name, n, parent, parent.getParent()));\n          }\n        }\n      }\n    }\n\nstack trace:\ncom.google.javascript.jscomp.IntegrationTest::testIssue284\njava.lang.RuntimeException: java.lang.RuntimeException: INTERNAL COMPILER ERROR.\nPlease report this problem.\nUnexpected variable goog\n  Node(NAME goog): i0:1:252\nvar goog = {};goog.inherits = function(x, y) {};var ns = {};/** @constructor */ns.PageSelectionModel = function() {};/** @constructor */ns.PageSelectionModel.FooEvent = function() {};/** @constructor */ns.PageSelectionModel.SelectEvent = function() {};goog.inherits(ns.PageSelectionModel.ChangeEvent,    ns.PageSelectionModel.FooEvent);\n  Parent(GETPROP): i0:1:252\nvar goog = {};goog.inherits = function(x, y) {};var ns = {};/** @constructor */ns.PageSelectionModel = function() {};/** @constructor */ns.PageSelectionModel.FooEvent = function() {};/** @constructor */ns.PageSelectionModel.SelectEvent = function() {};goog.inherits(ns.PageSelectionModel.ChangeEvent,    ns.PageSelectionModel.FooEvent);\n\n\tat com.google.javascript.jscomp.Compiler.runCallable(Compiler.java:639)\n\tat com.google.javascript.jscomp.Compiler.runInCompilerThread(Compiler.java:584)\n\tat com.google.javascript.jscomp.Compiler.compile(Compiler.java:566)\n\tat com.google.javascript.jscomp.Compiler.compileModules(Compiler.java:557)\n\tat com.google.javascript.jscomp.Compiler.compile(Compiler.java:539)\n\tat com.google.javascript.jscomp.IntegrationTest.compile(IntegrationTest.java:2046)\n\tat com.google.javascript.jscomp.IntegrationTest.test(IntegrationTest.java:1960)\n\tat com.google.javascript.jscomp.IntegrationTest.test(IntegrationTest.java:1951)\n\tat com.google.javascript.jscomp.IntegrationTest.testIssue284(IntegrationTest.java:1769)\n\tat sun.reflect.NativeMethodAccessorImpl.invoke0(Native Method)\n\tat sun.reflect.NativeMethodAccessorImpl.invoke(NativeMethodAccessorImpl.java:62)\n\tat sun.reflect.DelegatingMethodAccessorImpl.invoke(DelegatingMethodAccessorImpl.java:43)\n\tat java.lang.reflect.Method.invoke(Method.java:498)\n\tat junit.framework.TestCase.runTest(TestCase.java:176)\n\tat junit.framework.TestCase.runBare(TestCase.java:141)\n\tat junit.framework.TestResult$1.protect(TestResult.java:122)\n\tat junit.framework.TestResult.runProtected(TestResult.java:142)\n\tat junit.framework.TestResult.run(TestResult.java:125)\n\tat junit.framework.TestCase.run(TestCase.java:129)\n\tat junit.framework.TestSuite.runTest(TestSuite.java:255)\n\tat junit.framework.TestSuite.run(TestSuite.java:250)\n\tat org.apache.tools.ant.taskdefs.optional.junit.JUnitTestRunner.run(JUnitTestRunner.java:520)\n\tat org.apache.tools.ant.taskdefs.optional.junit.JUnitTask.executeInVM(JUnitTask.java:1484)\n\tat org.apache.tools.ant.taskdefs.optional.junit.JUnitTask.execute(JUnitTask.java:872)\n\tat org.apache.tools.ant.taskdefs.optional.junit.JUnitTask.executeOrQueue(JUnitTask.java:1972)\n\tat org.apache.tools.ant.taskdefs.optional.junit.JUnitTask.execute1(JUnitTask.java:824)\n\tat org.apache.tools.ant.taskdefs.optional.junit.JUnitTask.execute(JUnitTask.java:2277)\n\tat org.apache.tools.ant.UnknownElement.execute(UnknownElement.java:291)\n\tat sun.reflect.GeneratedMethodAccessor4.invoke(Unknown Source)\n\tat sun.reflect.DelegatingMethodAccessorImpl.invoke(DelegatingMethodAccessorImpl.java:43)\n\tat java.lang.reflect.Method.invoke(Method.java:498)\n\tat org.apache.tools.ant.dispatch.DispatchUtils.execute(DispatchUtils.java:106)\n\tat org.apache.tools.ant.Task.perform(Task.java:348)\n\tat org.apache.tools.ant.Target.execute(Target.java:392)\n\tat org.apache.tools.ant.Target.performTasks(Target.java:413)\n\tat org.apache.tools.ant.Project.executeSortedTargets(Project.java:1399)\n\tat org.apache.tools.ant.Project.executeTarget(Project.java:1368)\n\tat org.apache.tools.ant.helper.DefaultExecutor.executeTargets(DefaultExecutor.java:41)\n\tat org.apache.tools.ant.Project.executeTargets(Project.java:1251)\n\tat org.apache.tools.ant.Main.runBuild(Main.java:811)\n\tat org.apache.tools.ant.Main.startAnt(Main.java:217)\n\tat org.apache.tools.ant.launch.Launcher.run(Launcher.java:280)\n\tat org.apache.tools.ant.launch.Launcher.main(Launcher.java:109)\nCaused by: java.lang.RuntimeException: INTERNAL COMPILER ERROR.\nPlease report this problem.\nUnexpected variable goog\n  Node(NAME goog): i0:1:252\nvar goog = {};goog.inherits = function(x, y) {};var ns = {};/** @constructor */ns.PageSelectionModel = function() {};/** @constructor */ns.PageSelectionModel.FooEvent = function() {};/** @constructor */ns.PageSelectionModel.SelectEvent = function() {};goog.inherits(ns.PageSelectionModel.ChangeEvent,    ns.PageSelectionModel.FooEvent);\n  Parent(GETPROP): i0:1:252\nvar goog = {};goog.inherits = function(x, y) {};var ns = {};/** @constructor */ns.PageSelectionModel = function() {};/** @constructor */ns.PageSelectionModel.FooEvent = function() {};/** @constructor */ns.PageSelectionModel.SelectEvent = function() {};goog.inherits(ns.PageSelectionModel.ChangeEvent,    ns.PageSelectionModel.FooEvent);\n\n\tat com.google.javascript.jscomp.VarCheck.visit(VarCheck.java:159)\n\tat com.google.javascript.jscomp.NodeTraversal.traverseBranch(NodeTraversal.java:504)\n\tat com.google.javascript.jscomp.NodeTraversal.traverseBranch(NodeTraversal.java:497)\n\tat com.google.javascript.jscomp.NodeTraversal.traverseBranch(NodeTraversal.java:497)\n\tat com.google.javascript.jscomp.NodeTraversal.traverseBranch(NodeTraversal.java:497)\n\tat com.google.javascript.jscomp.NodeTraversal.traverseBranch(NodeTraversal.java:497)\n\tat com.google.javascript.jscomp.NodeTraversal.traverseBranch(NodeTraversal.java:497)\n\tat com.google.javascript.jscomp.NodeTraversal.traverseRoots(NodeTraversal.java:304)\n\tat com.google.javascript.jscomp.NodeTraversal.traverseRoots(NodeTraversal.java:464)\n\tat com.google.javascript.jscomp.VarCheck.process(VarCheck.java:102)\n\tat com.google.javascript.jscomp.PhaseOptimizer$PassFactoryDelegate.processInternal(PhaseOptimizer.java:273)\n\tat com.google.javascript.jscomp.PhaseOptimizer$NamedPass.process(PhaseOptimizer.java:250)\n\tat com.google.javascript.jscomp.PhaseOptimizer.process(PhaseOptimizer.java:168)\n\tat com.google.javascript.jscomp.Compiler.optimize(Compiler.java:1761)\n\tat com.google.javascript.jscomp.Compiler.compileInternal(Compiler.java:674)\n\tat com.google.javascript.jscomp.Compiler.access$000(Compiler.java:70)\n\tat com.google.javascript.jscomp.Compiler$1.call(Compiler.java:569)\n\tat com.google.javascript.jscomp.Compiler$1.call(Compiler.java:566)\n\tat com.google.javascript.jscomp.Compiler$2.run(Compiler.java:611)\n\tat java.lang.Thread.run(Thread.java:748)\nCaused by: java.lang.IllegalStateException: Unexpected variable goog\n\t... 20 more\ncom.google.javascript.jscomp.NameAnalyzerTest::testIssue284\njunit.framework.AssertionFailedError:\nExpected:\nResult: goog.inherits(ns.PageSelectionModel.ChangeEvent,ns.PageSelectionModel.FooEvent)\nNode tree inequality:\nTree1:\nBLOCK [synthetic: 1]\n    SCRIPT 1 [synthetic: 1] [source_file: expected0] [input_id: InputId: expected0]\n\n\nTree2:\nBLOCK [synthetic: 1]\n    SCRIPT 1 [synthetic: 1] [source_file: testcode] [input_id: InputId: testcode]\n        EXPR_RESULT 1 [source_file: testcode]\n            CALL 1 [source_file: testcode]\n                GETPROP 1 [source_file: testcode]\n                    NAME goog 1 [source_file: testcode]\n                    STRING inherits 1 [source_file: testcode]\n                GETPROP 1 [source_file: testcode]\n                    GETPROP 1 [source_file: testcode]\n                        NAME ns 1 [source_file: testcode]\n                        STRING PageSelectionModel 1 [source_file: testcode]\n                    STRING ChangeEvent 1 [source_file: testcode]\n                GETPROP 1 [source_file: testcode]\n                    GETPROP 1 [source_file: testcode]\n                        NAME ns 1 [source_file: testcode]\n                        STRING PageSelectionModel 1 [source_file: testcode]\n                    STRING FooEvent 1 [source_file: testcode]\n\n\nSubtree1: SCRIPT 1 [synthetic: 1] [source_file: expected0] [input_id: InputId: expected0]\n\n\nSubtree2: SCRIPT 1 [synthetic: 1] [source_file: testcode] [input_id: InputId: testcode]\n    EXPR_RESULT 1 [source_file: testcode]\n        CALL 1 [source_file: testcode]\n            GETPROP 1 [source_file: testcode]\n                NAME goog 1 [source_file: testcode]\n                STRING inherits 1 [source_file: testcode]\n            GETPROP 1 [source_file: testcode]\n                GETPROP 1 [source_file: testcode]\n                    NAME ns 1 [source_file: testcode]\n                    STRING PageSelectionModel 1 [source_file: testcode]\n                STRING ChangeEvent 1 [source_file: testcode]\n            GETPROP 1 [source_file: testcode]\n                GETPROP 1 [source_file: testcode]\n                    NAME ns 1 [source_file: testcode]\n                    STRING PageSelectionModel 1 [source_file: testcode]\n                STRING FooEvent 1 [source_file: testcode]\n\n\tat junit.framework.Assert.fail(Assert.java:57)\n\tat junit.framework.Assert.assertTrue(Assert.java:22)\n\tat junit.framework.Assert.assertNull(Assert.java:277)\n\tat junit.framework.TestCase.assertNull(TestCase.java:447)\n\tat com.google.javascript.jscomp.CompilerTestCase.test(CompilerTestCase.java:872)\n\tat com.google.javascript.jscomp.CompilerTestCase.test(CompilerTestCase.java:433)\n\tat com.google.javascript.jscomp.CompilerTestCase.test(CompilerTestCase.java:358)\n\tat com.google.javascript.jscomp.CompilerTestCase.test(CompilerTestCase.java:327)\n\tat com.google.javascript.jscomp.CompilerTestCase.test(CompilerTestCase.java:315)\n\tat com.google.javascript.jscomp.NameAnalyzerTest.testIssue284(NameAnalyzerTest.java:1644)\n\tat sun.reflect.NativeMethodAccessorImpl.invoke0(Native Method)\n\tat sun.reflect.NativeMethodAccessorImpl.invoke(NativeMethodAccessorImpl.java:62)\n\tat sun.reflect.DelegatingMethodAccessorImpl.invoke(DelegatingMethodAccessorImpl.java:43)\n\tat java.lang.reflect.Method.invoke(Method.java:498)\n\tat junit.framework.TestCase.runTest(TestCase.java:176)\n\tat junit.framework.TestCase.runBare(TestCase.java:141)\n\tat junit.framework.TestResult$1.protect(TestResult.java:122)\n\tat junit.framework.TestResult.runProtected(TestResult.java:142)\n\tat junit.framework.TestResult.run(TestResult.java:125)\n\tat junit.framework.TestCase.run(TestCase.java:129)\n\tat junit.framework.TestSuite.runTest(TestSuite.java:255)\n\tat junit.framework.TestSuite.run(TestSuite.java:250)\n\tat org.apache.tools.ant.taskdefs.optional.junit.JUnitTestRunner.run(JUnitTestRunner.java:520)\n\tat org.apache.tools.ant.taskdefs.optional.junit.JUnitTask.executeInVM(JUnitTask.java:1484)\n\tat org.apache.tools.ant.taskdefs.optional.junit.JUnitTask.execute(JUnitTask.java:872)\n\tat org.apache.tools.ant.taskdefs.optional.junit.JUnitTask.executeOrQueue(JUnitTask.java:1972)\n\tat org.apache.tools.ant.taskdefs.optional.junit.JUnitTask.execute1(JUnitTask.java:824)\n\tat org.apache.tools.ant.taskdefs.optional.junit.JUnitTask.execute(JUnitTask.java:2277)\n\tat org.apache.tools.ant.UnknownElement.execute(UnknownElement.java:291)\n\tat sun.reflect.GeneratedMethodAccessor4.invoke(Unknown Source)\n\tat sun.reflect.DelegatingMethodAccessorImpl.invoke(DelegatingMethodAccessorImpl.java:43)\n\tat java.lang.reflect.Method.invoke(Method.java:498)\n\tat org.apache.tools.ant.dispatch.DispatchUtils.execute(DispatchUtils.java:106)\n\tat org.apache.tools.ant.Task.perform(Task.java:348)\n\tat org.apache.tools.ant.Target.execute(Target.java:392)\n\tat org.apache.tools.ant.Target.performTasks(Target.java:413)\n\tat org.apache.tools.ant.Project.executeSortedTargets(Project.java:1399)\n\tat org.apache.tools.ant.Project.executeTarget(Project.java:1368)\n\tat org.apache.tools.ant.helper.DefaultExecutor.executeTargets(DefaultExecutor.java:41)\n\tat org.apache.tools.ant.Project.executeTargets(Project.java:1251)\n\tat org.apache.tools.ant.Main.runBuild(Main.java:811)\n\tat org.apache.tools.ant.Main.startAnt(Main.java:217)\n\tat org.apache.tools.ant.launch.Launcher.run(Launcher.java:280)\n\tat org.apache.tools.ant.launch.Launcher.main(Launcher.java:109)\n\n\nThere is a bug in the above code, please help me locate it by considering the stack trace.\n\nPlease output **only one integer**: the line number of the buggy code (The code starts from line 1). Do not provide any explanations or additional content.\n",
        "prompt_fl_3": "\nsource code:\n@Override\n    public void visit(NodeTraversal t, Node n, Node parent) {\n\n      // Record global variable and function declarations\n      if (t.inGlobalScope()) {\n        if (NodeUtil.isVarDeclaration(n)) {\n          NameInformation ns = createNameInformation(t, n, parent);\n          Preconditions.checkNotNull(ns);\n          recordSet(ns.name, n);\n        } else if (NodeUtil.isFunctionDeclaration(n)) {\n          Node nameNode = n.getFirstChild();\n          NameInformation ns = createNameInformation(t, nameNode, n);\n          if (ns != null) {\n            JsName nameInfo = getName(nameNode.getString(), true);\n            recordSet(nameInfo.name, nameNode);\n          }\n        } else if (NodeUtil.isObjectLitKey(n, parent)) {\n          NameInformation ns = createNameInformation(t, n, parent);\n          if (ns != null) {\n            recordSet(ns.name, n);\n          }\n        }\n      }\n\n      // Record assignments and call sites\n      if (n.isAssign()) {\n        Node nameNode = n.getFirstChild();\n\n        NameInformation ns = createNameInformation(t, nameNode, n);\n        if (ns != null) {\n          if (ns.isPrototype) {\n            recordPrototypeSet(ns.prototypeClass, ns.prototypeProperty, n);\n          } else {\n            recordSet(ns.name, nameNode);\n          }\n        }\n      } else if (n.isCall()) {\n        Node nameNode = n.getFirstChild();\n        NameInformation ns = createNameInformation(t, nameNode, n);\n        if (ns != null && ns.onlyAffectsClassDef) {\n          JsName name = getName(ns.name, false);\n          if (name != null) {\n          refNodes.add(new ClassDefiningFunctionNode(\n              name, n, parent, parent.getParent()));\n          }\n        }\n      }\n    }\n\nstack trace:\ncom.google.javascript.jscomp.IntegrationTest::testIssue284\njava.lang.RuntimeException: java.lang.RuntimeException: INTERNAL COMPILER ERROR.\nPlease report this problem.\nUnexpected variable goog\n  Node(NAME goog): i0:1:252\nvar goog = {};goog.inherits = function(x, y) {};var ns = {};/** @constructor */ns.PageSelectionModel = function() {};/** @constructor */ns.PageSelectionModel.FooEvent = function() {};/** @constructor */ns.PageSelectionModel.SelectEvent = function() {};goog.inherits(ns.PageSelectionModel.ChangeEvent,    ns.PageSelectionModel.FooEvent);\n  Parent(GETPROP): i0:1:252\nvar goog = {};goog.inherits = function(x, y) {};var ns = {};/** @constructor */ns.PageSelectionModel = function() {};/** @constructor */ns.PageSelectionModel.FooEvent = function() {};/** @constructor */ns.PageSelectionModel.SelectEvent = function() {};goog.inherits(ns.PageSelectionModel.ChangeEvent,    ns.PageSelectionModel.FooEvent);\n\n\tat com.google.javascript.jscomp.Compiler.runCallable(Compiler.java:639)\n\tat com.google.javascript.jscomp.Compiler.runInCompilerThread(Compiler.java:584)\n\tat com.google.javascript.jscomp.Compiler.compile(Compiler.java:566)\n\tat com.google.javascript.jscomp.Compiler.compileModules(Compiler.java:557)\n\tat com.google.javascript.jscomp.Compiler.compile(Compiler.java:539)\n\tat com.google.javascript.jscomp.IntegrationTest.compile(IntegrationTest.java:2046)\n\tat com.google.javascript.jscomp.IntegrationTest.test(IntegrationTest.java:1960)\n\tat com.google.javascript.jscomp.IntegrationTest.test(IntegrationTest.java:1951)\n\tat com.google.javascript.jscomp.IntegrationTest.testIssue284(IntegrationTest.java:1769)\n\tat sun.reflect.NativeMethodAccessorImpl.invoke0(Native Method)\n\tat sun.reflect.NativeMethodAccessorImpl.invoke(NativeMethodAccessorImpl.java:62)\n\tat sun.reflect.DelegatingMethodAccessorImpl.invoke(DelegatingMethodAccessorImpl.java:43)\n\tat java.lang.reflect.Method.invoke(Method.java:498)\n\tat junit.framework.TestCase.runTest(TestCase.java:176)\n\tat junit.framework.TestCase.runBare(TestCase.java:141)\n\tat junit.framework.TestResult$1.protect(TestResult.java:122)\n\tat junit.framework.TestResult.runProtected(TestResult.java:142)\n\tat junit.framework.TestResult.run(TestResult.java:125)\n\tat junit.framework.TestCase.run(TestCase.java:129)\n\tat junit.framework.TestSuite.runTest(TestSuite.java:255)\n\tat junit.framework.TestSuite.run(TestSuite.java:250)\n\tat org.apache.tools.ant.taskdefs.optional.junit.JUnitTestRunner.run(JUnitTestRunner.java:520)\n\tat org.apache.tools.ant.taskdefs.optional.junit.JUnitTask.executeInVM(JUnitTask.java:1484)\n\tat org.apache.tools.ant.taskdefs.optional.junit.JUnitTask.execute(JUnitTask.java:872)\n\tat org.apache.tools.ant.taskdefs.optional.junit.JUnitTask.executeOrQueue(JUnitTask.java:1972)\n\tat org.apache.tools.ant.taskdefs.optional.junit.JUnitTask.execute1(JUnitTask.java:824)\n\tat org.apache.tools.ant.taskdefs.optional.junit.JUnitTask.execute(JUnitTask.java:2277)\n\tat org.apache.tools.ant.UnknownElement.execute(UnknownElement.java:291)\n\tat sun.reflect.GeneratedMethodAccessor4.invoke(Unknown Source)\n\tat sun.reflect.DelegatingMethodAccessorImpl.invoke(DelegatingMethodAccessorImpl.java:43)\n\tat java.lang.reflect.Method.invoke(Method.java:498)\n\tat org.apache.tools.ant.dispatch.DispatchUtils.execute(DispatchUtils.java:106)\n\tat org.apache.tools.ant.Task.perform(Task.java:348)\n\tat org.apache.tools.ant.Target.execute(Target.java:392)\n\tat org.apache.tools.ant.Target.performTasks(Target.java:413)\n\tat org.apache.tools.ant.Project.executeSortedTargets(Project.java:1399)\n\tat org.apache.tools.ant.Project.executeTarget(Project.java:1368)\n\tat org.apache.tools.ant.helper.DefaultExecutor.executeTargets(DefaultExecutor.java:41)\n\tat org.apache.tools.ant.Project.executeTargets(Project.java:1251)\n\tat org.apache.tools.ant.Main.runBuild(Main.java:811)\n\tat org.apache.tools.ant.Main.startAnt(Main.java:217)\n\tat org.apache.tools.ant.launch.Launcher.run(Launcher.java:280)\n\tat org.apache.tools.ant.launch.Launcher.main(Launcher.java:109)\nCaused by: java.lang.RuntimeException: INTERNAL COMPILER ERROR.\nPlease report this problem.\nUnexpected variable goog\n  Node(NAME goog): i0:1:252\nvar goog = {};goog.inherits = function(x, y) {};var ns = {};/** @constructor */ns.PageSelectionModel = function() {};/** @constructor */ns.PageSelectionModel.FooEvent = function() {};/** @constructor */ns.PageSelectionModel.SelectEvent = function() {};goog.inherits(ns.PageSelectionModel.ChangeEvent,    ns.PageSelectionModel.FooEvent);\n  Parent(GETPROP): i0:1:252\nvar goog = {};goog.inherits = function(x, y) {};var ns = {};/** @constructor */ns.PageSelectionModel = function() {};/** @constructor */ns.PageSelectionModel.FooEvent = function() {};/** @constructor */ns.PageSelectionModel.SelectEvent = function() {};goog.inherits(ns.PageSelectionModel.ChangeEvent,    ns.PageSelectionModel.FooEvent);\n\n\tat com.google.javascript.jscomp.VarCheck.visit(VarCheck.java:159)\n\tat com.google.javascript.jscomp.NodeTraversal.traverseBranch(NodeTraversal.java:504)\n\tat com.google.javascript.jscomp.NodeTraversal.traverseBranch(NodeTraversal.java:497)\n\tat com.google.javascript.jscomp.NodeTraversal.traverseBranch(NodeTraversal.java:497)\n\tat com.google.javascript.jscomp.NodeTraversal.traverseBranch(NodeTraversal.java:497)\n\tat com.google.javascript.jscomp.NodeTraversal.traverseBranch(NodeTraversal.java:497)\n\tat com.google.javascript.jscomp.NodeTraversal.traverseBranch(NodeTraversal.java:497)\n\tat com.google.javascript.jscomp.NodeTraversal.traverseRoots(NodeTraversal.java:304)\n\tat com.google.javascript.jscomp.NodeTraversal.traverseRoots(NodeTraversal.java:464)\n\tat com.google.javascript.jscomp.VarCheck.process(VarCheck.java:102)\n\tat com.google.javascript.jscomp.PhaseOptimizer$PassFactoryDelegate.processInternal(PhaseOptimizer.java:273)\n\tat com.google.javascript.jscomp.PhaseOptimizer$NamedPass.process(PhaseOptimizer.java:250)\n\tat com.google.javascript.jscomp.PhaseOptimizer.process(PhaseOptimizer.java:168)\n\tat com.google.javascript.jscomp.Compiler.optimize(Compiler.java:1761)\n\tat com.google.javascript.jscomp.Compiler.compileInternal(Compiler.java:674)\n\tat com.google.javascript.jscomp.Compiler.access$000(Compiler.java:70)\n\tat com.google.javascript.jscomp.Compiler$1.call(Compiler.java:569)\n\tat com.google.javascript.jscomp.Compiler$1.call(Compiler.java:566)\n\tat com.google.javascript.jscomp.Compiler$2.run(Compiler.java:611)\n\tat java.lang.Thread.run(Thread.java:748)\nCaused by: java.lang.IllegalStateException: Unexpected variable goog\n\t... 20 more\ncom.google.javascript.jscomp.NameAnalyzerTest::testIssue284\njunit.framework.AssertionFailedError:\nExpected:\nResult: goog.inherits(ns.PageSelectionModel.ChangeEvent,ns.PageSelectionModel.FooEvent)\nNode tree inequality:\nTree1:\nBLOCK [synthetic: 1]\n    SCRIPT 1 [synthetic: 1] [source_file: expected0] [input_id: InputId: expected0]\n\n\nTree2:\nBLOCK [synthetic: 1]\n    SCRIPT 1 [synthetic: 1] [source_file: testcode] [input_id: InputId: testcode]\n        EXPR_RESULT 1 [source_file: testcode]\n            CALL 1 [source_file: testcode]\n                GETPROP 1 [source_file: testcode]\n                    NAME goog 1 [source_file: testcode]\n                    STRING inherits 1 [source_file: testcode]\n                GETPROP 1 [source_file: testcode]\n                    GETPROP 1 [source_file: testcode]\n                        NAME ns 1 [source_file: testcode]\n                        STRING PageSelectionModel 1 [source_file: testcode]\n                    STRING ChangeEvent 1 [source_file: testcode]\n                GETPROP 1 [source_file: testcode]\n                    GETPROP 1 [source_file: testcode]\n                        NAME ns 1 [source_file: testcode]\n                        STRING PageSelectionModel 1 [source_file: testcode]\n                    STRING FooEvent 1 [source_file: testcode]\n\n\nSubtree1: SCRIPT 1 [synthetic: 1] [source_file: expected0] [input_id: InputId: expected0]\n\n\nSubtree2: SCRIPT 1 [synthetic: 1] [source_file: testcode] [input_id: InputId: testcode]\n    EXPR_RESULT 1 [source_file: testcode]\n        CALL 1 [source_file: testcode]\n            GETPROP 1 [source_file: testcode]\n                NAME goog 1 [source_file: testcode]\n                STRING inherits 1 [source_file: testcode]\n            GETPROP 1 [source_file: testcode]\n                GETPROP 1 [source_file: testcode]\n                    NAME ns 1 [source_file: testcode]\n                    STRING PageSelectionModel 1 [source_file: testcode]\n                STRING ChangeEvent 1 [source_file: testcode]\n            GETPROP 1 [source_file: testcode]\n                GETPROP 1 [source_file: testcode]\n                    NAME ns 1 [source_file: testcode]\n                    STRING PageSelectionModel 1 [source_file: testcode]\n                STRING FooEvent 1 [source_file: testcode]\n\n\tat junit.framework.Assert.fail(Assert.java:57)\n\tat junit.framework.Assert.assertTrue(Assert.java:22)\n\tat junit.framework.Assert.assertNull(Assert.java:277)\n\tat junit.framework.TestCase.assertNull(TestCase.java:447)\n\tat com.google.javascript.jscomp.CompilerTestCase.test(CompilerTestCase.java:872)\n\tat com.google.javascript.jscomp.CompilerTestCase.test(CompilerTestCase.java:433)\n\tat com.google.javascript.jscomp.CompilerTestCase.test(CompilerTestCase.java:358)\n\tat com.google.javascript.jscomp.CompilerTestCase.test(CompilerTestCase.java:327)\n\tat com.google.javascript.jscomp.CompilerTestCase.test(CompilerTestCase.java:315)\n\tat com.google.javascript.jscomp.NameAnalyzerTest.testIssue284(NameAnalyzerTest.java:1644)\n\tat sun.reflect.NativeMethodAccessorImpl.invoke0(Native Method)\n\tat sun.reflect.NativeMethodAccessorImpl.invoke(NativeMethodAccessorImpl.java:62)\n\tat sun.reflect.DelegatingMethodAccessorImpl.invoke(DelegatingMethodAccessorImpl.java:43)\n\tat java.lang.reflect.Method.invoke(Method.java:498)\n\tat junit.framework.TestCase.runTest(TestCase.java:176)\n\tat junit.framework.TestCase.runBare(TestCase.java:141)\n\tat junit.framework.TestResult$1.protect(TestResult.java:122)\n\tat junit.framework.TestResult.runProtected(TestResult.java:142)\n\tat junit.framework.TestResult.run(TestResult.java:125)\n\tat junit.framework.TestCase.run(TestCase.java:129)\n\tat junit.framework.TestSuite.runTest(TestSuite.java:255)\n\tat junit.framework.TestSuite.run(TestSuite.java:250)\n\tat org.apache.tools.ant.taskdefs.optional.junit.JUnitTestRunner.run(JUnitTestRunner.java:520)\n\tat org.apache.tools.ant.taskdefs.optional.junit.JUnitTask.executeInVM(JUnitTask.java:1484)\n\tat org.apache.tools.ant.taskdefs.optional.junit.JUnitTask.execute(JUnitTask.java:872)\n\tat org.apache.tools.ant.taskdefs.optional.junit.JUnitTask.executeOrQueue(JUnitTask.java:1972)\n\tat org.apache.tools.ant.taskdefs.optional.junit.JUnitTask.execute1(JUnitTask.java:824)\n\tat org.apache.tools.ant.taskdefs.optional.junit.JUnitTask.execute(JUnitTask.java:2277)\n\tat org.apache.tools.ant.UnknownElement.execute(UnknownElement.java:291)\n\tat sun.reflect.GeneratedMethodAccessor4.invoke(Unknown Source)\n\tat sun.reflect.DelegatingMethodAccessorImpl.invoke(DelegatingMethodAccessorImpl.java:43)\n\tat java.lang.reflect.Method.invoke(Method.java:498)\n\tat org.apache.tools.ant.dispatch.DispatchUtils.execute(DispatchUtils.java:106)\n\tat org.apache.tools.ant.Task.perform(Task.java:348)\n\tat org.apache.tools.ant.Target.execute(Target.java:392)\n\tat org.apache.tools.ant.Target.performTasks(Target.java:413)\n\tat org.apache.tools.ant.Project.executeSortedTargets(Project.java:1399)\n\tat org.apache.tools.ant.Project.executeTarget(Project.java:1368)\n\tat org.apache.tools.ant.helper.DefaultExecutor.executeTargets(DefaultExecutor.java:41)\n\tat org.apache.tools.ant.Project.executeTargets(Project.java:1251)\n\tat org.apache.tools.ant.Main.runBuild(Main.java:811)\n\tat org.apache.tools.ant.Main.startAnt(Main.java:217)\n\tat org.apache.tools.ant.launch.Launcher.run(Launcher.java:280)\n\tat org.apache.tools.ant.launch.Launcher.main(Launcher.java:109)\n\n\nfailure assertion code:\ntest(options,\n\n\nThere is a bug in the above code, please help me locate it by considering the stack trace information and failure assertion code.\n\nPlease output **only one integer**: the line number of the buggy code (The code starts from line 1). Do not provide any explanations or additional content.\n",
        "prompt_fl_4": "\nsource code:\n@Override\n    public void visit(NodeTraversal t, Node n, Node parent) {\n\n      // Record global variable and function declarations\n      if (t.inGlobalScope()) {\n        if (NodeUtil.isVarDeclaration(n)) {\n          NameInformation ns = createNameInformation(t, n, parent);\n          Preconditions.checkNotNull(ns);\n          recordSet(ns.name, n);\n        } else if (NodeUtil.isFunctionDeclaration(n)) {\n          Node nameNode = n.getFirstChild();\n          NameInformation ns = createNameInformation(t, nameNode, n);\n          if (ns != null) {\n            JsName nameInfo = getName(nameNode.getString(), true);\n            recordSet(nameInfo.name, nameNode);\n          }\n        } else if (NodeUtil.isObjectLitKey(n, parent)) {\n          NameInformation ns = createNameInformation(t, n, parent);\n          if (ns != null) {\n            recordSet(ns.name, n);\n          }\n        }\n      }\n\n      // Record assignments and call sites\n      if (n.isAssign()) {\n        Node nameNode = n.getFirstChild();\n\n        NameInformation ns = createNameInformation(t, nameNode, n);\n        if (ns != null) {\n          if (ns.isPrototype) {\n            recordPrototypeSet(ns.prototypeClass, ns.prototypeProperty, n);\n          } else {\n            recordSet(ns.name, nameNode);\n          }\n        }\n      } else if (n.isCall()) {\n        Node nameNode = n.getFirstChild();\n        NameInformation ns = createNameInformation(t, nameNode, n);\n        if (ns != null && ns.onlyAffectsClassDef) {\n          JsName name = getName(ns.name, false);\n          if (name != null) {\n          refNodes.add(new ClassDefiningFunctionNode(\n              name, n, parent, parent.getParent()));\n          }\n        }\n      }\n    }\n\nThere is a bug in the above code, please help me locate it.\n\nOutput **only** the exact buggy statement, with no line numbers, explanations, or additional content. Your response should contain just the buggy code line. Do not include ```java or ``` markers in the response.\n",
        "prompt_fl_5": "\nsource code:\n@Override\n    public void visit(NodeTraversal t, Node n, Node parent) {\n\n      // Record global variable and function declarations\n      if (t.inGlobalScope()) {\n        if (NodeUtil.isVarDeclaration(n)) {\n          NameInformation ns = createNameInformation(t, n, parent);\n          Preconditions.checkNotNull(ns);\n          recordSet(ns.name, n);\n        } else if (NodeUtil.isFunctionDeclaration(n)) {\n          Node nameNode = n.getFirstChild();\n          NameInformation ns = createNameInformation(t, nameNode, n);\n          if (ns != null) {\n            JsName nameInfo = getName(nameNode.getString(), true);\n            recordSet(nameInfo.name, nameNode);\n          }\n        } else if (NodeUtil.isObjectLitKey(n, parent)) {\n          NameInformation ns = createNameInformation(t, n, parent);\n          if (ns != null) {\n            recordSet(ns.name, n);\n          }\n        }\n      }\n\n      // Record assignments and call sites\n      if (n.isAssign()) {\n        Node nameNode = n.getFirstChild();\n\n        NameInformation ns = createNameInformation(t, nameNode, n);\n        if (ns != null) {\n          if (ns.isPrototype) {\n            recordPrototypeSet(ns.prototypeClass, ns.prototypeProperty, n);\n          } else {\n            recordSet(ns.name, nameNode);\n          }\n        }\n      } else if (n.isCall()) {\n        Node nameNode = n.getFirstChild();\n        NameInformation ns = createNameInformation(t, nameNode, n);\n        if (ns != null && ns.onlyAffectsClassDef) {\n          JsName name = getName(ns.name, false);\n          if (name != null) {\n          refNodes.add(new ClassDefiningFunctionNode(\n              name, n, parent, parent.getParent()));\n          }\n        }\n      }\n    }\n\nstack trace:\ncom.google.javascript.jscomp.IntegrationTest::testIssue284\njava.lang.RuntimeException: java.lang.RuntimeException: INTERNAL COMPILER ERROR.\nPlease report this problem.\nUnexpected variable goog\n  Node(NAME goog): i0:1:252\nvar goog = {};goog.inherits = function(x, y) {};var ns = {};/** @constructor */ns.PageSelectionModel = function() {};/** @constructor */ns.PageSelectionModel.FooEvent = function() {};/** @constructor */ns.PageSelectionModel.SelectEvent = function() {};goog.inherits(ns.PageSelectionModel.ChangeEvent,    ns.PageSelectionModel.FooEvent);\n  Parent(GETPROP): i0:1:252\nvar goog = {};goog.inherits = function(x, y) {};var ns = {};/** @constructor */ns.PageSelectionModel = function() {};/** @constructor */ns.PageSelectionModel.FooEvent = function() {};/** @constructor */ns.PageSelectionModel.SelectEvent = function() {};goog.inherits(ns.PageSelectionModel.ChangeEvent,    ns.PageSelectionModel.FooEvent);\n\n\tat com.google.javascript.jscomp.Compiler.runCallable(Compiler.java:639)\n\tat com.google.javascript.jscomp.Compiler.runInCompilerThread(Compiler.java:584)\n\tat com.google.javascript.jscomp.Compiler.compile(Compiler.java:566)\n\tat com.google.javascript.jscomp.Compiler.compileModules(Compiler.java:557)\n\tat com.google.javascript.jscomp.Compiler.compile(Compiler.java:539)\n\tat com.google.javascript.jscomp.IntegrationTest.compile(IntegrationTest.java:2046)\n\tat com.google.javascript.jscomp.IntegrationTest.test(IntegrationTest.java:1960)\n\tat com.google.javascript.jscomp.IntegrationTest.test(IntegrationTest.java:1951)\n\tat com.google.javascript.jscomp.IntegrationTest.testIssue284(IntegrationTest.java:1769)\n\tat sun.reflect.NativeMethodAccessorImpl.invoke0(Native Method)\n\tat sun.reflect.NativeMethodAccessorImpl.invoke(NativeMethodAccessorImpl.java:62)\n\tat sun.reflect.DelegatingMethodAccessorImpl.invoke(DelegatingMethodAccessorImpl.java:43)\n\tat java.lang.reflect.Method.invoke(Method.java:498)\n\tat junit.framework.TestCase.runTest(TestCase.java:176)\n\tat junit.framework.TestCase.runBare(TestCase.java:141)\n\tat junit.framework.TestResult$1.protect(TestResult.java:122)\n\tat junit.framework.TestResult.runProtected(TestResult.java:142)\n\tat junit.framework.TestResult.run(TestResult.java:125)\n\tat junit.framework.TestCase.run(TestCase.java:129)\n\tat junit.framework.TestSuite.runTest(TestSuite.java:255)\n\tat junit.framework.TestSuite.run(TestSuite.java:250)\n\tat org.apache.tools.ant.taskdefs.optional.junit.JUnitTestRunner.run(JUnitTestRunner.java:520)\n\tat org.apache.tools.ant.taskdefs.optional.junit.JUnitTask.executeInVM(JUnitTask.java:1484)\n\tat org.apache.tools.ant.taskdefs.optional.junit.JUnitTask.execute(JUnitTask.java:872)\n\tat org.apache.tools.ant.taskdefs.optional.junit.JUnitTask.executeOrQueue(JUnitTask.java:1972)\n\tat org.apache.tools.ant.taskdefs.optional.junit.JUnitTask.execute1(JUnitTask.java:824)\n\tat org.apache.tools.ant.taskdefs.optional.junit.JUnitTask.execute(JUnitTask.java:2277)\n\tat org.apache.tools.ant.UnknownElement.execute(UnknownElement.java:291)\n\tat sun.reflect.GeneratedMethodAccessor4.invoke(Unknown Source)\n\tat sun.reflect.DelegatingMethodAccessorImpl.invoke(DelegatingMethodAccessorImpl.java:43)\n\tat java.lang.reflect.Method.invoke(Method.java:498)\n\tat org.apache.tools.ant.dispatch.DispatchUtils.execute(DispatchUtils.java:106)\n\tat org.apache.tools.ant.Task.perform(Task.java:348)\n\tat org.apache.tools.ant.Target.execute(Target.java:392)\n\tat org.apache.tools.ant.Target.performTasks(Target.java:413)\n\tat org.apache.tools.ant.Project.executeSortedTargets(Project.java:1399)\n\tat org.apache.tools.ant.Project.executeTarget(Project.java:1368)\n\tat org.apache.tools.ant.helper.DefaultExecutor.executeTargets(DefaultExecutor.java:41)\n\tat org.apache.tools.ant.Project.executeTargets(Project.java:1251)\n\tat org.apache.tools.ant.Main.runBuild(Main.java:811)\n\tat org.apache.tools.ant.Main.startAnt(Main.java:217)\n\tat org.apache.tools.ant.launch.Launcher.run(Launcher.java:280)\n\tat org.apache.tools.ant.launch.Launcher.main(Launcher.java:109)\nCaused by: java.lang.RuntimeException: INTERNAL COMPILER ERROR.\nPlease report this problem.\nUnexpected variable goog\n  Node(NAME goog): i0:1:252\nvar goog = {};goog.inherits = function(x, y) {};var ns = {};/** @constructor */ns.PageSelectionModel = function() {};/** @constructor */ns.PageSelectionModel.FooEvent = function() {};/** @constructor */ns.PageSelectionModel.SelectEvent = function() {};goog.inherits(ns.PageSelectionModel.ChangeEvent,    ns.PageSelectionModel.FooEvent);\n  Parent(GETPROP): i0:1:252\nvar goog = {};goog.inherits = function(x, y) {};var ns = {};/** @constructor */ns.PageSelectionModel = function() {};/** @constructor */ns.PageSelectionModel.FooEvent = function() {};/** @constructor */ns.PageSelectionModel.SelectEvent = function() {};goog.inherits(ns.PageSelectionModel.ChangeEvent,    ns.PageSelectionModel.FooEvent);\n\n\tat com.google.javascript.jscomp.VarCheck.visit(VarCheck.java:159)\n\tat com.google.javascript.jscomp.NodeTraversal.traverseBranch(NodeTraversal.java:504)\n\tat com.google.javascript.jscomp.NodeTraversal.traverseBranch(NodeTraversal.java:497)\n\tat com.google.javascript.jscomp.NodeTraversal.traverseBranch(NodeTraversal.java:497)\n\tat com.google.javascript.jscomp.NodeTraversal.traverseBranch(NodeTraversal.java:497)\n\tat com.google.javascript.jscomp.NodeTraversal.traverseBranch(NodeTraversal.java:497)\n\tat com.google.javascript.jscomp.NodeTraversal.traverseBranch(NodeTraversal.java:497)\n\tat com.google.javascript.jscomp.NodeTraversal.traverseRoots(NodeTraversal.java:304)\n\tat com.google.javascript.jscomp.NodeTraversal.traverseRoots(NodeTraversal.java:464)\n\tat com.google.javascript.jscomp.VarCheck.process(VarCheck.java:102)\n\tat com.google.javascript.jscomp.PhaseOptimizer$PassFactoryDelegate.processInternal(PhaseOptimizer.java:273)\n\tat com.google.javascript.jscomp.PhaseOptimizer$NamedPass.process(PhaseOptimizer.java:250)\n\tat com.google.javascript.jscomp.PhaseOptimizer.process(PhaseOptimizer.java:168)\n\tat com.google.javascript.jscomp.Compiler.optimize(Compiler.java:1761)\n\tat com.google.javascript.jscomp.Compiler.compileInternal(Compiler.java:674)\n\tat com.google.javascript.jscomp.Compiler.access$000(Compiler.java:70)\n\tat com.google.javascript.jscomp.Compiler$1.call(Compiler.java:569)\n\tat com.google.javascript.jscomp.Compiler$1.call(Compiler.java:566)\n\tat com.google.javascript.jscomp.Compiler$2.run(Compiler.java:611)\n\tat java.lang.Thread.run(Thread.java:748)\nCaused by: java.lang.IllegalStateException: Unexpected variable goog\n\t... 20 more\ncom.google.javascript.jscomp.NameAnalyzerTest::testIssue284\njunit.framework.AssertionFailedError:\nExpected:\nResult: goog.inherits(ns.PageSelectionModel.ChangeEvent,ns.PageSelectionModel.FooEvent)\nNode tree inequality:\nTree1:\nBLOCK [synthetic: 1]\n    SCRIPT 1 [synthetic: 1] [source_file: expected0] [input_id: InputId: expected0]\n\n\nTree2:\nBLOCK [synthetic: 1]\n    SCRIPT 1 [synthetic: 1] [source_file: testcode] [input_id: InputId: testcode]\n        EXPR_RESULT 1 [source_file: testcode]\n            CALL 1 [source_file: testcode]\n                GETPROP 1 [source_file: testcode]\n                    NAME goog 1 [source_file: testcode]\n                    STRING inherits 1 [source_file: testcode]\n                GETPROP 1 [source_file: testcode]\n                    GETPROP 1 [source_file: testcode]\n                        NAME ns 1 [source_file: testcode]\n                        STRING PageSelectionModel 1 [source_file: testcode]\n                    STRING ChangeEvent 1 [source_file: testcode]\n                GETPROP 1 [source_file: testcode]\n                    GETPROP 1 [source_file: testcode]\n                        NAME ns 1 [source_file: testcode]\n                        STRING PageSelectionModel 1 [source_file: testcode]\n                    STRING FooEvent 1 [source_file: testcode]\n\n\nSubtree1: SCRIPT 1 [synthetic: 1] [source_file: expected0] [input_id: InputId: expected0]\n\n\nSubtree2: SCRIPT 1 [synthetic: 1] [source_file: testcode] [input_id: InputId: testcode]\n    EXPR_RESULT 1 [source_file: testcode]\n        CALL 1 [source_file: testcode]\n            GETPROP 1 [source_file: testcode]\n                NAME goog 1 [source_file: testcode]\n                STRING inherits 1 [source_file: testcode]\n            GETPROP 1 [source_file: testcode]\n                GETPROP 1 [source_file: testcode]\n                    NAME ns 1 [source_file: testcode]\n                    STRING PageSelectionModel 1 [source_file: testcode]\n                STRING ChangeEvent 1 [source_file: testcode]\n            GETPROP 1 [source_file: testcode]\n                GETPROP 1 [source_file: testcode]\n                    NAME ns 1 [source_file: testcode]\n                    STRING PageSelectionModel 1 [source_file: testcode]\n                STRING FooEvent 1 [source_file: testcode]\n\n\tat junit.framework.Assert.fail(Assert.java:57)\n\tat junit.framework.Assert.assertTrue(Assert.java:22)\n\tat junit.framework.Assert.assertNull(Assert.java:277)\n\tat junit.framework.TestCase.assertNull(TestCase.java:447)\n\tat com.google.javascript.jscomp.CompilerTestCase.test(CompilerTestCase.java:872)\n\tat com.google.javascript.jscomp.CompilerTestCase.test(CompilerTestCase.java:433)\n\tat com.google.javascript.jscomp.CompilerTestCase.test(CompilerTestCase.java:358)\n\tat com.google.javascript.jscomp.CompilerTestCase.test(CompilerTestCase.java:327)\n\tat com.google.javascript.jscomp.CompilerTestCase.test(CompilerTestCase.java:315)\n\tat com.google.javascript.jscomp.NameAnalyzerTest.testIssue284(NameAnalyzerTest.java:1644)\n\tat sun.reflect.NativeMethodAccessorImpl.invoke0(Native Method)\n\tat sun.reflect.NativeMethodAccessorImpl.invoke(NativeMethodAccessorImpl.java:62)\n\tat sun.reflect.DelegatingMethodAccessorImpl.invoke(DelegatingMethodAccessorImpl.java:43)\n\tat java.lang.reflect.Method.invoke(Method.java:498)\n\tat junit.framework.TestCase.runTest(TestCase.java:176)\n\tat junit.framework.TestCase.runBare(TestCase.java:141)\n\tat junit.framework.TestResult$1.protect(TestResult.java:122)\n\tat junit.framework.TestResult.runProtected(TestResult.java:142)\n\tat junit.framework.TestResult.run(TestResult.java:125)\n\tat junit.framework.TestCase.run(TestCase.java:129)\n\tat junit.framework.TestSuite.runTest(TestSuite.java:255)\n\tat junit.framework.TestSuite.run(TestSuite.java:250)\n\tat org.apache.tools.ant.taskdefs.optional.junit.JUnitTestRunner.run(JUnitTestRunner.java:520)\n\tat org.apache.tools.ant.taskdefs.optional.junit.JUnitTask.executeInVM(JUnitTask.java:1484)\n\tat org.apache.tools.ant.taskdefs.optional.junit.JUnitTask.execute(JUnitTask.java:872)\n\tat org.apache.tools.ant.taskdefs.optional.junit.JUnitTask.executeOrQueue(JUnitTask.java:1972)\n\tat org.apache.tools.ant.taskdefs.optional.junit.JUnitTask.execute1(JUnitTask.java:824)\n\tat org.apache.tools.ant.taskdefs.optional.junit.JUnitTask.execute(JUnitTask.java:2277)\n\tat org.apache.tools.ant.UnknownElement.execute(UnknownElement.java:291)\n\tat sun.reflect.GeneratedMethodAccessor4.invoke(Unknown Source)\n\tat sun.reflect.DelegatingMethodAccessorImpl.invoke(DelegatingMethodAccessorImpl.java:43)\n\tat java.lang.reflect.Method.invoke(Method.java:498)\n\tat org.apache.tools.ant.dispatch.DispatchUtils.execute(DispatchUtils.java:106)\n\tat org.apache.tools.ant.Task.perform(Task.java:348)\n\tat org.apache.tools.ant.Target.execute(Target.java:392)\n\tat org.apache.tools.ant.Target.performTasks(Target.java:413)\n\tat org.apache.tools.ant.Project.executeSortedTargets(Project.java:1399)\n\tat org.apache.tools.ant.Project.executeTarget(Project.java:1368)\n\tat org.apache.tools.ant.helper.DefaultExecutor.executeTargets(DefaultExecutor.java:41)\n\tat org.apache.tools.ant.Project.executeTargets(Project.java:1251)\n\tat org.apache.tools.ant.Main.runBuild(Main.java:811)\n\tat org.apache.tools.ant.Main.startAnt(Main.java:217)\n\tat org.apache.tools.ant.launch.Launcher.run(Launcher.java:280)\n\tat org.apache.tools.ant.launch.Launcher.main(Launcher.java:109)\n\n\nThere is a bug in the above code, please help me locate it by considering the stack trace.\n\nOutput **only** the exact buggy statement, with no line numbers, explanations, or additional content. Your response should contain just the buggy code line. Do not include ```java or ``` markers in the response.\n",
        "prompt_fl_6": "\nsource code:\n@Override\n    public void visit(NodeTraversal t, Node n, Node parent) {\n\n      // Record global variable and function declarations\n      if (t.inGlobalScope()) {\n        if (NodeUtil.isVarDeclaration(n)) {\n          NameInformation ns = createNameInformation(t, n, parent);\n          Preconditions.checkNotNull(ns);\n          recordSet(ns.name, n);\n        } else if (NodeUtil.isFunctionDeclaration(n)) {\n          Node nameNode = n.getFirstChild();\n          NameInformation ns = createNameInformation(t, nameNode, n);\n          if (ns != null) {\n            JsName nameInfo = getName(nameNode.getString(), true);\n            recordSet(nameInfo.name, nameNode);\n          }\n        } else if (NodeUtil.isObjectLitKey(n, parent)) {\n          NameInformation ns = createNameInformation(t, n, parent);\n          if (ns != null) {\n            recordSet(ns.name, n);\n          }\n        }\n      }\n\n      // Record assignments and call sites\n      if (n.isAssign()) {\n        Node nameNode = n.getFirstChild();\n\n        NameInformation ns = createNameInformation(t, nameNode, n);\n        if (ns != null) {\n          if (ns.isPrototype) {\n            recordPrototypeSet(ns.prototypeClass, ns.prototypeProperty, n);\n          } else {\n            recordSet(ns.name, nameNode);\n          }\n        }\n      } else if (n.isCall()) {\n        Node nameNode = n.getFirstChild();\n        NameInformation ns = createNameInformation(t, nameNode, n);\n        if (ns != null && ns.onlyAffectsClassDef) {\n          JsName name = getName(ns.name, false);\n          if (name != null) {\n          refNodes.add(new ClassDefiningFunctionNode(\n              name, n, parent, parent.getParent()));\n          }\n        }\n      }\n    }\n\nstack trace:\ncom.google.javascript.jscomp.IntegrationTest::testIssue284\njava.lang.RuntimeException: java.lang.RuntimeException: INTERNAL COMPILER ERROR.\nPlease report this problem.\nUnexpected variable goog\n  Node(NAME goog): i0:1:252\nvar goog = {};goog.inherits = function(x, y) {};var ns = {};/** @constructor */ns.PageSelectionModel = function() {};/** @constructor */ns.PageSelectionModel.FooEvent = function() {};/** @constructor */ns.PageSelectionModel.SelectEvent = function() {};goog.inherits(ns.PageSelectionModel.ChangeEvent,    ns.PageSelectionModel.FooEvent);\n  Parent(GETPROP): i0:1:252\nvar goog = {};goog.inherits = function(x, y) {};var ns = {};/** @constructor */ns.PageSelectionModel = function() {};/** @constructor */ns.PageSelectionModel.FooEvent = function() {};/** @constructor */ns.PageSelectionModel.SelectEvent = function() {};goog.inherits(ns.PageSelectionModel.ChangeEvent,    ns.PageSelectionModel.FooEvent);\n\n\tat com.google.javascript.jscomp.Compiler.runCallable(Compiler.java:639)\n\tat com.google.javascript.jscomp.Compiler.runInCompilerThread(Compiler.java:584)\n\tat com.google.javascript.jscomp.Compiler.compile(Compiler.java:566)\n\tat com.google.javascript.jscomp.Compiler.compileModules(Compiler.java:557)\n\tat com.google.javascript.jscomp.Compiler.compile(Compiler.java:539)\n\tat com.google.javascript.jscomp.IntegrationTest.compile(IntegrationTest.java:2046)\n\tat com.google.javascript.jscomp.IntegrationTest.test(IntegrationTest.java:1960)\n\tat com.google.javascript.jscomp.IntegrationTest.test(IntegrationTest.java:1951)\n\tat com.google.javascript.jscomp.IntegrationTest.testIssue284(IntegrationTest.java:1769)\n\tat sun.reflect.NativeMethodAccessorImpl.invoke0(Native Method)\n\tat sun.reflect.NativeMethodAccessorImpl.invoke(NativeMethodAccessorImpl.java:62)\n\tat sun.reflect.DelegatingMethodAccessorImpl.invoke(DelegatingMethodAccessorImpl.java:43)\n\tat java.lang.reflect.Method.invoke(Method.java:498)\n\tat junit.framework.TestCase.runTest(TestCase.java:176)\n\tat junit.framework.TestCase.runBare(TestCase.java:141)\n\tat junit.framework.TestResult$1.protect(TestResult.java:122)\n\tat junit.framework.TestResult.runProtected(TestResult.java:142)\n\tat junit.framework.TestResult.run(TestResult.java:125)\n\tat junit.framework.TestCase.run(TestCase.java:129)\n\tat junit.framework.TestSuite.runTest(TestSuite.java:255)\n\tat junit.framework.TestSuite.run(TestSuite.java:250)\n\tat org.apache.tools.ant.taskdefs.optional.junit.JUnitTestRunner.run(JUnitTestRunner.java:520)\n\tat org.apache.tools.ant.taskdefs.optional.junit.JUnitTask.executeInVM(JUnitTask.java:1484)\n\tat org.apache.tools.ant.taskdefs.optional.junit.JUnitTask.execute(JUnitTask.java:872)\n\tat org.apache.tools.ant.taskdefs.optional.junit.JUnitTask.executeOrQueue(JUnitTask.java:1972)\n\tat org.apache.tools.ant.taskdefs.optional.junit.JUnitTask.execute1(JUnitTask.java:824)\n\tat org.apache.tools.ant.taskdefs.optional.junit.JUnitTask.execute(JUnitTask.java:2277)\n\tat org.apache.tools.ant.UnknownElement.execute(UnknownElement.java:291)\n\tat sun.reflect.GeneratedMethodAccessor4.invoke(Unknown Source)\n\tat sun.reflect.DelegatingMethodAccessorImpl.invoke(DelegatingMethodAccessorImpl.java:43)\n\tat java.lang.reflect.Method.invoke(Method.java:498)\n\tat org.apache.tools.ant.dispatch.DispatchUtils.execute(DispatchUtils.java:106)\n\tat org.apache.tools.ant.Task.perform(Task.java:348)\n\tat org.apache.tools.ant.Target.execute(Target.java:392)\n\tat org.apache.tools.ant.Target.performTasks(Target.java:413)\n\tat org.apache.tools.ant.Project.executeSortedTargets(Project.java:1399)\n\tat org.apache.tools.ant.Project.executeTarget(Project.java:1368)\n\tat org.apache.tools.ant.helper.DefaultExecutor.executeTargets(DefaultExecutor.java:41)\n\tat org.apache.tools.ant.Project.executeTargets(Project.java:1251)\n\tat org.apache.tools.ant.Main.runBuild(Main.java:811)\n\tat org.apache.tools.ant.Main.startAnt(Main.java:217)\n\tat org.apache.tools.ant.launch.Launcher.run(Launcher.java:280)\n\tat org.apache.tools.ant.launch.Launcher.main(Launcher.java:109)\nCaused by: java.lang.RuntimeException: INTERNAL COMPILER ERROR.\nPlease report this problem.\nUnexpected variable goog\n  Node(NAME goog): i0:1:252\nvar goog = {};goog.inherits = function(x, y) {};var ns = {};/** @constructor */ns.PageSelectionModel = function() {};/** @constructor */ns.PageSelectionModel.FooEvent = function() {};/** @constructor */ns.PageSelectionModel.SelectEvent = function() {};goog.inherits(ns.PageSelectionModel.ChangeEvent,    ns.PageSelectionModel.FooEvent);\n  Parent(GETPROP): i0:1:252\nvar goog = {};goog.inherits = function(x, y) {};var ns = {};/** @constructor */ns.PageSelectionModel = function() {};/** @constructor */ns.PageSelectionModel.FooEvent = function() {};/** @constructor */ns.PageSelectionModel.SelectEvent = function() {};goog.inherits(ns.PageSelectionModel.ChangeEvent,    ns.PageSelectionModel.FooEvent);\n\n\tat com.google.javascript.jscomp.VarCheck.visit(VarCheck.java:159)\n\tat com.google.javascript.jscomp.NodeTraversal.traverseBranch(NodeTraversal.java:504)\n\tat com.google.javascript.jscomp.NodeTraversal.traverseBranch(NodeTraversal.java:497)\n\tat com.google.javascript.jscomp.NodeTraversal.traverseBranch(NodeTraversal.java:497)\n\tat com.google.javascript.jscomp.NodeTraversal.traverseBranch(NodeTraversal.java:497)\n\tat com.google.javascript.jscomp.NodeTraversal.traverseBranch(NodeTraversal.java:497)\n\tat com.google.javascript.jscomp.NodeTraversal.traverseBranch(NodeTraversal.java:497)\n\tat com.google.javascript.jscomp.NodeTraversal.traverseRoots(NodeTraversal.java:304)\n\tat com.google.javascript.jscomp.NodeTraversal.traverseRoots(NodeTraversal.java:464)\n\tat com.google.javascript.jscomp.VarCheck.process(VarCheck.java:102)\n\tat com.google.javascript.jscomp.PhaseOptimizer$PassFactoryDelegate.processInternal(PhaseOptimizer.java:273)\n\tat com.google.javascript.jscomp.PhaseOptimizer$NamedPass.process(PhaseOptimizer.java:250)\n\tat com.google.javascript.jscomp.PhaseOptimizer.process(PhaseOptimizer.java:168)\n\tat com.google.javascript.jscomp.Compiler.optimize(Compiler.java:1761)\n\tat com.google.javascript.jscomp.Compiler.compileInternal(Compiler.java:674)\n\tat com.google.javascript.jscomp.Compiler.access$000(Compiler.java:70)\n\tat com.google.javascript.jscomp.Compiler$1.call(Compiler.java:569)\n\tat com.google.javascript.jscomp.Compiler$1.call(Compiler.java:566)\n\tat com.google.javascript.jscomp.Compiler$2.run(Compiler.java:611)\n\tat java.lang.Thread.run(Thread.java:748)\nCaused by: java.lang.IllegalStateException: Unexpected variable goog\n\t... 20 more\ncom.google.javascript.jscomp.NameAnalyzerTest::testIssue284\njunit.framework.AssertionFailedError:\nExpected:\nResult: goog.inherits(ns.PageSelectionModel.ChangeEvent,ns.PageSelectionModel.FooEvent)\nNode tree inequality:\nTree1:\nBLOCK [synthetic: 1]\n    SCRIPT 1 [synthetic: 1] [source_file: expected0] [input_id: InputId: expected0]\n\n\nTree2:\nBLOCK [synthetic: 1]\n    SCRIPT 1 [synthetic: 1] [source_file: testcode] [input_id: InputId: testcode]\n        EXPR_RESULT 1 [source_file: testcode]\n            CALL 1 [source_file: testcode]\n                GETPROP 1 [source_file: testcode]\n                    NAME goog 1 [source_file: testcode]\n                    STRING inherits 1 [source_file: testcode]\n                GETPROP 1 [source_file: testcode]\n                    GETPROP 1 [source_file: testcode]\n                        NAME ns 1 [source_file: testcode]\n                        STRING PageSelectionModel 1 [source_file: testcode]\n                    STRING ChangeEvent 1 [source_file: testcode]\n                GETPROP 1 [source_file: testcode]\n                    GETPROP 1 [source_file: testcode]\n                        NAME ns 1 [source_file: testcode]\n                        STRING PageSelectionModel 1 [source_file: testcode]\n                    STRING FooEvent 1 [source_file: testcode]\n\n\nSubtree1: SCRIPT 1 [synthetic: 1] [source_file: expected0] [input_id: InputId: expected0]\n\n\nSubtree2: SCRIPT 1 [synthetic: 1] [source_file: testcode] [input_id: InputId: testcode]\n    EXPR_RESULT 1 [source_file: testcode]\n        CALL 1 [source_file: testcode]\n            GETPROP 1 [source_file: testcode]\n                NAME goog 1 [source_file: testcode]\n                STRING inherits 1 [source_file: testcode]\n            GETPROP 1 [source_file: testcode]\n                GETPROP 1 [source_file: testcode]\n                    NAME ns 1 [source_file: testcode]\n                    STRING PageSelectionModel 1 [source_file: testcode]\n                STRING ChangeEvent 1 [source_file: testcode]\n            GETPROP 1 [source_file: testcode]\n                GETPROP 1 [source_file: testcode]\n                    NAME ns 1 [source_file: testcode]\n                    STRING PageSelectionModel 1 [source_file: testcode]\n                STRING FooEvent 1 [source_file: testcode]\n\n\tat junit.framework.Assert.fail(Assert.java:57)\n\tat junit.framework.Assert.assertTrue(Assert.java:22)\n\tat junit.framework.Assert.assertNull(Assert.java:277)\n\tat junit.framework.TestCase.assertNull(TestCase.java:447)\n\tat com.google.javascript.jscomp.CompilerTestCase.test(CompilerTestCase.java:872)\n\tat com.google.javascript.jscomp.CompilerTestCase.test(CompilerTestCase.java:433)\n\tat com.google.javascript.jscomp.CompilerTestCase.test(CompilerTestCase.java:358)\n\tat com.google.javascript.jscomp.CompilerTestCase.test(CompilerTestCase.java:327)\n\tat com.google.javascript.jscomp.CompilerTestCase.test(CompilerTestCase.java:315)\n\tat com.google.javascript.jscomp.NameAnalyzerTest.testIssue284(NameAnalyzerTest.java:1644)\n\tat sun.reflect.NativeMethodAccessorImpl.invoke0(Native Method)\n\tat sun.reflect.NativeMethodAccessorImpl.invoke(NativeMethodAccessorImpl.java:62)\n\tat sun.reflect.DelegatingMethodAccessorImpl.invoke(DelegatingMethodAccessorImpl.java:43)\n\tat java.lang.reflect.Method.invoke(Method.java:498)\n\tat junit.framework.TestCase.runTest(TestCase.java:176)\n\tat junit.framework.TestCase.runBare(TestCase.java:141)\n\tat junit.framework.TestResult$1.protect(TestResult.java:122)\n\tat junit.framework.TestResult.runProtected(TestResult.java:142)\n\tat junit.framework.TestResult.run(TestResult.java:125)\n\tat junit.framework.TestCase.run(TestCase.java:129)\n\tat junit.framework.TestSuite.runTest(TestSuite.java:255)\n\tat junit.framework.TestSuite.run(TestSuite.java:250)\n\tat org.apache.tools.ant.taskdefs.optional.junit.JUnitTestRunner.run(JUnitTestRunner.java:520)\n\tat org.apache.tools.ant.taskdefs.optional.junit.JUnitTask.executeInVM(JUnitTask.java:1484)\n\tat org.apache.tools.ant.taskdefs.optional.junit.JUnitTask.execute(JUnitTask.java:872)\n\tat org.apache.tools.ant.taskdefs.optional.junit.JUnitTask.executeOrQueue(JUnitTask.java:1972)\n\tat org.apache.tools.ant.taskdefs.optional.junit.JUnitTask.execute1(JUnitTask.java:824)\n\tat org.apache.tools.ant.taskdefs.optional.junit.JUnitTask.execute(JUnitTask.java:2277)\n\tat org.apache.tools.ant.UnknownElement.execute(UnknownElement.java:291)\n\tat sun.reflect.GeneratedMethodAccessor4.invoke(Unknown Source)\n\tat sun.reflect.DelegatingMethodAccessorImpl.invoke(DelegatingMethodAccessorImpl.java:43)\n\tat java.lang.reflect.Method.invoke(Method.java:498)\n\tat org.apache.tools.ant.dispatch.DispatchUtils.execute(DispatchUtils.java:106)\n\tat org.apache.tools.ant.Task.perform(Task.java:348)\n\tat org.apache.tools.ant.Target.execute(Target.java:392)\n\tat org.apache.tools.ant.Target.performTasks(Target.java:413)\n\tat org.apache.tools.ant.Project.executeSortedTargets(Project.java:1399)\n\tat org.apache.tools.ant.Project.executeTarget(Project.java:1368)\n\tat org.apache.tools.ant.helper.DefaultExecutor.executeTargets(DefaultExecutor.java:41)\n\tat org.apache.tools.ant.Project.executeTargets(Project.java:1251)\n\tat org.apache.tools.ant.Main.runBuild(Main.java:811)\n\tat org.apache.tools.ant.Main.startAnt(Main.java:217)\n\tat org.apache.tools.ant.launch.Launcher.run(Launcher.java:280)\n\tat org.apache.tools.ant.launch.Launcher.main(Launcher.java:109)\n\n\nfailure assertion code:\ntest(options,\n\n\nThere is a bug in the above code, please help me locate it by considering the stack trace information and failure assertion code.\n\nOutput **only** the exact buggy statement, with no line numbers, explanations, or additional content. Your response should contain just the buggy code line. Do not include ```java or ``` markers in the response.\n",
        "prompt_apr_1": "\n@Override\n    public void visit(NodeTraversal t, Node n, Node parent) {\n\n      // Record global variable and function declarations\n      if (t.inGlobalScope()) {\n        if (NodeUtil.isVarDeclaration(n)) {\n          NameInformation ns = createNameInformation(t, n, parent);\n          Preconditions.checkNotNull(ns);\n          recordSet(ns.name, n);\n        } else if (NodeUtil.isFunctionDeclaration(n)) {\n          Node nameNode = n.getFirstChild();\n          NameInformation ns = createNameInformation(t, nameNode, n);\n          if (ns != null) {\n            JsName nameInfo = getName(nameNode.getString(), true);\n            recordSet(nameInfo.name, nameNode);\n          }\n        } else if (NodeUtil.isObjectLitKey(n, parent)) {\n          NameInformation ns = createNameInformation(t, n, parent);\n          if (ns != null) {\n            recordSet(ns.name, n);\n          }\n        }\n      }\n\n      // Record assignments and call sites\n      if (n.isAssign()) {\n        Node nameNode = n.getFirstChild();\n\n        NameInformation ns = createNameInformation(t, nameNode, n);\n        if (ns != null) {\n          if (ns.isPrototype) {\n            recordPrototypeSet(ns.prototypeClass, ns.prototypeProperty, n);\n          } else {\n            recordSet(ns.name, nameNode);\n          }\n        }\n      } else if (n.isCall()) {\n        Node nameNode = n.getFirstChild();\n        NameInformation ns = createNameInformation(t, nameNode, n);\n        if (ns != null && ns.onlyAffectsClassDef) {\n          JsName name = getName(ns.name, false);\n          if (name != null) {\n          refNodes.add(new ClassDefiningFunctionNode(\n              name, n, parent, parent.getParent()));\n          }\n        }\n      }\n    }\n\nThere is a bug in line [41, 42, 45] of the code, please help me fix it.\n\nPlease return the **complete corrected method**. Do not skip or omit any part of the code. Do not include ```java or ``` markers in the response.\n",
        "prompt_apr_2": "\n@Override\n    public void visit(NodeTraversal t, Node n, Node parent) {\n\n      // Record global variable and function declarations\n      if (t.inGlobalScope()) {\n        if (NodeUtil.isVarDeclaration(n)) {\n          NameInformation ns = createNameInformation(t, n, parent);\n          Preconditions.checkNotNull(ns);\n          recordSet(ns.name, n);\n        } else if (NodeUtil.isFunctionDeclaration(n)) {\n          Node nameNode = n.getFirstChild();\n          NameInformation ns = createNameInformation(t, nameNode, n);\n          if (ns != null) {\n            JsName nameInfo = getName(nameNode.getString(), true);\n            recordSet(nameInfo.name, nameNode);\n          }\n        } else if (NodeUtil.isObjectLitKey(n, parent)) {\n          NameInformation ns = createNameInformation(t, n, parent);\n          if (ns != null) {\n            recordSet(ns.name, n);\n          }\n        }\n      }\n\n      // Record assignments and call sites\n      if (n.isAssign()) {\n        Node nameNode = n.getFirstChild();\n\n        NameInformation ns = createNameInformation(t, nameNode, n);\n        if (ns != null) {\n          if (ns.isPrototype) {\n            recordPrototypeSet(ns.prototypeClass, ns.prototypeProperty, n);\n          } else {\n            recordSet(ns.name, nameNode);\n          }\n        }\n      } else if (n.isCall()) {\n        Node nameNode = n.getFirstChild();\n        NameInformation ns = createNameInformation(t, nameNode, n);\n        if (ns != null && ns.onlyAffectsClassDef) {\n          JsName name = getName(ns.name, false);\n          if (name != null) {\n          refNodes.add(new ClassDefiningFunctionNode(\n              name, n, parent, parent.getParent()));\n          }\n        }\n      }\n    }\n\nThere is a bug in ['          JsName name = getName(ns.name, false);', '          if (name != null) {', '          }'] , please help me fix it. \n\nPlease return the **complete corrected method**. Do not skip or omit any part of the code. Do not include ```java or ``` markers in the response.\n",
        "prompt_apr_3": "\n@Override\n    public void visit(NodeTraversal t, Node n, Node parent) {\n\n      // Record global variable and function declarations\n      if (t.inGlobalScope()) {\n        if (NodeUtil.isVarDeclaration(n)) {\n          NameInformation ns = createNameInformation(t, n, parent);\n          Preconditions.checkNotNull(ns);\n          recordSet(ns.name, n);\n        } else if (NodeUtil.isFunctionDeclaration(n)) {\n          Node nameNode = n.getFirstChild();\n          NameInformation ns = createNameInformation(t, nameNode, n);\n          if (ns != null) {\n            JsName nameInfo = getName(nameNode.getString(), true);\n            recordSet(nameInfo.name, nameNode);\n          }\n        } else if (NodeUtil.isObjectLitKey(n, parent)) {\n          NameInformation ns = createNameInformation(t, n, parent);\n          if (ns != null) {\n            recordSet(ns.name, n);\n          }\n        }\n      }\n\n      // Record assignments and call sites\n      if (n.isAssign()) {\n        Node nameNode = n.getFirstChild();\n\n        NameInformation ns = createNameInformation(t, nameNode, n);\n        if (ns != null) {\n          if (ns.isPrototype) {\n            recordPrototypeSet(ns.prototypeClass, ns.prototypeProperty, n);\n          } else {\n            recordSet(ns.name, nameNode);\n          }\n        }\n      } else if (n.isCall()) {\n        Node nameNode = n.getFirstChild();\n        NameInformation ns = createNameInformation(t, nameNode, n);\n        if (ns != null && ns.onlyAffectsClassDef) {\n          JsName name = getName(ns.name, false);\n          if (name != null) {\n          refNodes.add(new ClassDefiningFunctionNode(\n              name, n, parent, parent.getParent()));\n          }\n\nThere is a bug in the last statement, please help me fix it.\n\nReturn the code **only from the method declaration to the fixed statement**, without completing or adding additional code. Do not modify anything beyond fixing the bug, and do not complete the `if` statement or other unfinished parts. Do not include ```java or ``` markers in the response.\n",
        "prompt_apr_4": "\n@Override\n    public void visit(NodeTraversal t, Node n, Node parent) {\n\n      // Record global variable and function declarations\n      if (t.inGlobalScope()) {\n        if (NodeUtil.isVarDeclaration(n)) {\n          NameInformation ns = createNameInformation(t, n, parent);\n          Preconditions.checkNotNull(ns);\n          recordSet(ns.name, n);\n        } else if (NodeUtil.isFunctionDeclaration(n)) {\n          Node nameNode = n.getFirstChild();\n          NameInformation ns = createNameInformation(t, nameNode, n);\n          if (ns != null) {\n            JsName nameInfo = getName(nameNode.getString(), true);\n            recordSet(nameInfo.name, nameNode);\n          }\n        } else if (NodeUtil.isObjectLitKey(n, parent)) {\n          NameInformation ns = createNameInformation(t, n, parent);\n          if (ns != null) {\n            recordSet(ns.name, n);\n          }\n        }\n      }\n\n      // Record assignments and call sites\n      if (n.isAssign()) {\n        Node nameNode = n.getFirstChild();\n\n        NameInformation ns = createNameInformation(t, nameNode, n);\n        if (ns != null) {\n          if (ns.isPrototype) {\n            recordPrototypeSet(ns.prototypeClass, ns.prototypeProperty, n);\n          } else {\n            recordSet(ns.name, nameNode);\n          }\n        }\n      } else if (n.isCall()) {\n        Node nameNode = n.getFirstChild();\n        NameInformation ns = createNameInformation(t, nameNode, n);\n        if (ns != null && ns.onlyAffectsClassDef) {\n          JsName name = getName(ns.name, false);\n          if (name != null) {\n          refNodes.add(new ClassDefiningFunctionNode(\n              name, n, parent, parent.getParent()));\n          }\n        }\n      }\n    }\n\nThere is a bug in line [41, 42, 45] of the code, please help me fix it.\n\nPlease return the results in a strict JSON format as described below. Please follow these instructions carefully:\n1. Your output must include each repaired line's number (`line_number`) and the corresponding fixed code statement (`fixed_statement`).\n2. The output format must be a valid JSON array, where each element represents one repaired line, with the following structure:\n   - `\"line_number\"`: The line number of the buggy code that was repaired (integer).\n   - `\"fixed_statement\"`: The repaired statement for that specific line (string).\n\n3. The result must strictly follow this format:\n[\n    {\n        \"line_number\": int,\n        \"fixed_statement\": \"string\"\n    },\n    {\n        \"line_number\": int,\n        \"fixed_statement\": \"string\"\n    }\n]\n4. The repaired statement in \"fixed_statement\" must replace the corresponding line in the buggy code.\n5. You must NOT include any additional explanation or description in your response. Only return the JSON array. Do not include ```json or ``` markers in the response.\n",
        "prompt_apr_5": "\n@Override\n    public void visit(NodeTraversal t, Node n, Node parent) {\n\n      // Record global variable and function declarations\n      if (t.inGlobalScope()) {\n        if (NodeUtil.isVarDeclaration(n)) {\n          NameInformation ns = createNameInformation(t, n, parent);\n          Preconditions.checkNotNull(ns);\n          recordSet(ns.name, n);\n        } else if (NodeUtil.isFunctionDeclaration(n)) {\n          Node nameNode = n.getFirstChild();\n          NameInformation ns = createNameInformation(t, nameNode, n);\n          if (ns != null) {\n            JsName nameInfo = getName(nameNode.getString(), true);\n            recordSet(nameInfo.name, nameNode);\n          }\n        } else if (NodeUtil.isObjectLitKey(n, parent)) {\n          NameInformation ns = createNameInformation(t, n, parent);\n          if (ns != null) {\n            recordSet(ns.name, n);\n          }\n        }\n      }\n\n      // Record assignments and call sites\n      if (n.isAssign()) {\n        Node nameNode = n.getFirstChild();\n\n        NameInformation ns = createNameInformation(t, nameNode, n);\n        if (ns != null) {\n          if (ns.isPrototype) {\n            recordPrototypeSet(ns.prototypeClass, ns.prototypeProperty, n);\n          } else {\n            recordSet(ns.name, nameNode);\n          }\n        }\n      } else if (n.isCall()) {\n        Node nameNode = n.getFirstChild();\n        NameInformation ns = createNameInformation(t, nameNode, n);\n        if (ns != null && ns.onlyAffectsClassDef) {\n          JsName name = getName(ns.name, false);\n          if (name != null) {\n          refNodes.add(new ClassDefiningFunctionNode(\n              name, n, parent, parent.getParent()));\n          }\n        }\n      }\n    }\n\nThere is a bug in ['          JsName name = getName(ns.name, false);', '          if (name != null) {', '          }'] , please help me fix it. \n\nPlease return the results in a strict JSON format as described below. Please follow these instructions carefully:\n1. Your output must include each repaired line's number (`line_number`) and the corresponding fixed code statement (`fixed_statement`).\n2. The output format must be a valid JSON array, where each element represents one repaired line, with the following structure:\n   - `\"line_number\"`: The line number of the buggy code that was repaired (integer).\n   - `\"fixed_statement\"`: The repaired statement for that specific line (string).\n\n3. The result must strictly follow this format:\n[\n    {\n        \"line_number\": int,\n        \"fixed_statement\": \"string\"\n    },\n    {\n        \"line_number\": int,\n        \"fixed_statement\": \"string\"\n    }\n]\n4. The repaired statement in \"fixed_statement\" must replace the corresponding line in the buggy code.\n5. You must NOT include any additional explanation or description in your response. Only return the JSON array. Do not include ```json or ``` markers in the response.\n",
        "prompt_apr_6": "\n@Override\n    public void visit(NodeTraversal t, Node n, Node parent) {\n\n      // Record global variable and function declarations\n      if (t.inGlobalScope()) {\n        if (NodeUtil.isVarDeclaration(n)) {\n          NameInformation ns = createNameInformation(t, n, parent);\n          Preconditions.checkNotNull(ns);\n          recordSet(ns.name, n);\n        } else if (NodeUtil.isFunctionDeclaration(n)) {\n          Node nameNode = n.getFirstChild();\n          NameInformation ns = createNameInformation(t, nameNode, n);\n          if (ns != null) {\n            JsName nameInfo = getName(nameNode.getString(), true);\n            recordSet(nameInfo.name, nameNode);\n          }\n        } else if (NodeUtil.isObjectLitKey(n, parent)) {\n          NameInformation ns = createNameInformation(t, n, parent);\n          if (ns != null) {\n            recordSet(ns.name, n);\n          }\n        }\n      }\n\n      // Record assignments and call sites\n      if (n.isAssign()) {\n        Node nameNode = n.getFirstChild();\n\n        NameInformation ns = createNameInformation(t, nameNode, n);\n        if (ns != null) {\n          if (ns.isPrototype) {\n            recordPrototypeSet(ns.prototypeClass, ns.prototypeProperty, n);\n          } else {\n            recordSet(ns.name, nameNode);\n          }\n        }\n      } else if (n.isCall()) {\n        Node nameNode = n.getFirstChild();\n        NameInformation ns = createNameInformation(t, nameNode, n);\n        if (ns != null && ns.onlyAffectsClassDef) {\n          JsName name = getName(ns.name, false);\n          if (name != null) {\n          refNodes.add(new ClassDefiningFunctionNode(\n              name, n, parent, parent.getParent()));\n          }\n\nThere is a bug in the last statement, please help me fix it.\n\nPlease return the results in a strict JSON format as described below. Please follow these instructions carefully:\n1. Your output must include each repaired line's number (`line_number`) and the corresponding fixed code statement (`fixed_statement`).\n2. The output format must be a valid JSON array, where each element represents one repaired line, with the following structure:\n   - `\"line_number\"`: The line number of the buggy code that was repaired (integer).\n   - `\"fixed_statement\"`: The repaired statement for that specific line (string).\n\n3. The result must strictly follow this format:\n[\n    {\n        \"line_number\": int,\n        \"fixed_statement\": \"string\"\n    },\n    {\n        \"line_number\": int,\n        \"fixed_statement\": \"string\"\n    }\n]\n4. The repaired statement in \"fixed_statement\" must replace the corresponding line in the buggy code.\n5. You must NOT include any additional explanation or description in your response. Only return the JSON array. Do not include ```json or ``` markers in the response.\n"
    }
]