
================== prompt_fl_1 ==================

source code:
public static Node newQualifiedNameNodeDeclaration(
      CodingConvention convention, String name, Node value, JSDocInfo info) {
    Node result;
    Node nameNode = newQualifiedNameNode(convention, name);
    if (nameNode.isName()) {
      result = IR.var(nameNode, value);
      result.setJSDocInfo(info);
    } else {
      result = IR.exprResult(IR.assign(nameNode, value));
      result.getFirstChild().setJSDocInfo(info);
    }
    return result;
  }

There is a bug in the above code, please help me locate it.

Please output **only one integer**: the line number of the buggy code (The code starts from line 1). Do not provide any explanations or additional content.

================== prompt_fl_2 ==================

source code:
public static Node newQualifiedNameNodeDeclaration(
      CodingConvention convention, String name, Node value, JSDocInfo info) {
    Node result;
    Node nameNode = newQualifiedNameNode(convention, name);
    if (nameNode.isName()) {
      result = IR.var(nameNode, value);
      result.setJSDocInfo(info);
    } else {
      result = IR.exprResult(IR.assign(nameNode, value));
      result.getFirstChild().setJSDocInfo(info);
    }
    return result;
  }

stack trace:
com.google.javascript.jscomp.ScopedAliasesTest::testIssue1103a
junit.framework.AssertionFailedError: Unexpected error(s): JSC_GOOG_SCOPE_NON_ALIAS_LOCAL. The local variable a is in a goog.scope and is not an alias. at testcode line 1 : 30 expected:<0> but was:<1>
	at junit.framework.Assert.fail(Assert.java:57)
	at junit.framework.Assert.failNotEquals(Assert.java:329)
	at junit.framework.Assert.assertEquals(Assert.java:78)
	at junit.framework.Assert.assertEquals(Assert.java:234)
	at junit.framework.TestCase.assertEquals(TestCase.java:401)
	at com.google.javascript.jscomp.CompilerTestCase.test(CompilerTestCase.java:871)
	at com.google.javascript.jscomp.CompilerTestCase.test(CompilerTestCase.java:477)
	at com.google.javascript.jscomp.CompilerTestCase.test(CompilerTestCase.java:403)
	at com.google.javascript.jscomp.CompilerTestCase.test(CompilerTestCase.java:372)
	at com.google.javascript.jscomp.CompilerTestCase.test(CompilerTestCase.java:360)
	at com.google.javascript.jscomp.ScopedAliasesTest.testIssue1103a(ScopedAliasesTest.java:526)
	at sun.reflect.NativeMethodAccessorImpl.invoke0(Native Method)
	at sun.reflect.NativeMethodAccessorImpl.invoke(NativeMethodAccessorImpl.java:62)
	at sun.reflect.DelegatingMethodAccessorImpl.invoke(DelegatingMethodAccessorImpl.java:43)
	at java.lang.reflect.Method.invoke(Method.java:498)
	at junit.framework.TestCase.runTest(TestCase.java:176)
	at junit.framework.TestCase.runBare(TestCase.java:141)
	at junit.framework.TestResult$1.protect(TestResult.java:122)
	at junit.framework.TestResult.runProtected(TestResult.java:142)
	at junit.framework.TestResult.run(TestResult.java:125)
	at junit.framework.TestCase.run(TestCase.java:129)
	at junit.framework.TestSuite.runTest(TestSuite.java:255)
	at junit.framework.TestSuite.run(TestSuite.java:250)
	at org.apache.tools.ant.taskdefs.optional.junit.JUnitTestRunner.run(JUnitTestRunner.java:520)
	at org.apache.tools.ant.taskdefs.optional.junit.JUnitTask.executeInVM(JUnitTask.java:1484)
	at org.apache.tools.ant.taskdefs.optional.junit.JUnitTask.execute(JUnitTask.java:872)
	at org.apache.tools.ant.taskdefs.optional.junit.JUnitTask.executeOrQueue(JUnitTask.java:1972)
	at org.apache.tools.ant.taskdefs.optional.junit.JUnitTask.execute1(JUnitTask.java:824)
	at org.apache.tools.ant.taskdefs.optional.junit.JUnitTask.execute(JUnitTask.java:2277)
	at org.apache.tools.ant.UnknownElement.execute(UnknownElement.java:291)
	at sun.reflect.GeneratedMethodAccessor4.invoke(Unknown Source)
	at sun.reflect.DelegatingMethodAccessorImpl.invoke(DelegatingMethodAccessorImpl.java:43)
	at java.lang.reflect.Method.invoke(Method.java:498)
	at org.apache.tools.ant.dispatch.DispatchUtils.execute(DispatchUtils.java:106)
	at org.apache.tools.ant.Task.perform(Task.java:348)
	at org.apache.tools.ant.Target.execute(Target.java:392)
	at org.apache.tools.ant.Target.performTasks(Target.java:413)
	at org.apache.tools.ant.Project.executeSortedTargets(Project.java:1399)
	at org.apache.tools.ant.Project.executeTarget(Project.java:1368)
	at org.apache.tools.ant.helper.DefaultExecutor.executeTargets(DefaultExecutor.java:41)
	at org.apache.tools.ant.Project.executeTargets(Project.java:1251)
	at org.apache.tools.ant.Main.runBuild(Main.java:811)
	at org.apache.tools.ant.Main.startAnt(Main.java:217)
	at org.apache.tools.ant.launch.Launcher.run(Launcher.java:280)
	at org.apache.tools.ant.launch.Launcher.main(Launcher.java:109)
com.google.javascript.jscomp.ScopedAliasesTest::testIssue1103b
java.lang.RuntimeException: INTERNAL COMPILER ERROR.
Please report this problem.
null
  Node(FUNCTION ): testcode:1:11
goog.scope(function () {  var a = foo, b, c = 1;});
  Parent(CALL): testcode:1:0
goog.scope(function () {  var a = foo, b, c = 1;});

	at com.google.javascript.jscomp.Compiler.ensureLibraryInjected(Compiler.java:2554)
	at com.google.javascript.jscomp.ScopedAliases$Traversal.findAliases(ScopedAliases.java:373)
	at com.google.javascript.jscomp.ScopedAliases$Traversal.enterScope(ScopedAliases.java:298)
	at com.google.javascript.jscomp.NodeTraversal.pushScope(NodeTraversal.java:600)
	at com.google.javascript.jscomp.NodeTraversal.traverseFunction(NodeTraversal.java:558)
	at com.google.javascript.jscomp.NodeTraversal.traverseBranch(NodeTraversal.java:528)
	at com.google.javascript.jscomp.NodeTraversal.traverseBranch(NodeTraversal.java:534)
	at com.google.javascript.jscomp.NodeTraversal.traverseBranch(NodeTraversal.java:534)
	at com.google.javascript.jscomp.NodeTraversal.traverseBranch(NodeTraversal.java:534)
	at com.google.javascript.jscomp.NodeTraversal.traverseBranch(NodeTraversal.java:534)
	at com.google.javascript.jscomp.NodeTraversal.traverse(NodeTraversal.java:287)
	at com.google.javascript.jscomp.NodeTraversal.traverse(NodeTraversal.java:494)
	at com.google.javascript.jscomp.ScopedAliases.hotSwapScript(ScopedAliases.java:133)
	at com.google.javascript.jscomp.ScopedAliases.process(ScopedAliases.java:127)
	at com.google.javascript.jscomp.CompilerTestCase.test(CompilerTestCase.java:845)
	at com.google.javascript.jscomp.CompilerTestCase.test(CompilerTestCase.java:477)
	at com.google.javascript.jscomp.CompilerTestCase.test(CompilerTestCase.java:403)
	at com.google.javascript.jscomp.CompilerTestCase.test(CompilerTestCase.java:372)
	at com.google.javascript.jscomp.CompilerTestCase.test(CompilerTestCase.java:360)
	at com.google.javascript.jscomp.ScopedAliasesTest.testIssue1103b(ScopedAliasesTest.java:534)
	at sun.reflect.NativeMethodAccessorImpl.invoke0(Native Method)
	at sun.reflect.NativeMethodAccessorImpl.invoke(NativeMethodAccessorImpl.java:62)
	at sun.reflect.DelegatingMethodAccessorImpl.invoke(DelegatingMethodAccessorImpl.java:43)
	at java.lang.reflect.Method.invoke(Method.java:498)
	at junit.framework.TestCase.runTest(TestCase.java:176)
	at junit.framework.TestCase.runBare(TestCase.java:141)
	at junit.framework.TestResult$1.protect(TestResult.java:122)
	at junit.framework.TestResult.runProtected(TestResult.java:142)
	at junit.framework.TestResult.run(TestResult.java:125)
	at junit.framework.TestCase.run(TestCase.java:129)
	at junit.framework.TestSuite.runTest(TestSuite.java:255)
	at junit.framework.TestSuite.run(TestSuite.java:250)
	at org.apache.tools.ant.taskdefs.optional.junit.JUnitTestRunner.run(JUnitTestRunner.java:520)
	at org.apache.tools.ant.taskdefs.optional.junit.JUnitTask.executeInVM(JUnitTask.java:1484)
	at org.apache.tools.ant.taskdefs.optional.junit.JUnitTask.execute(JUnitTask.java:872)
	at org.apache.tools.ant.taskdefs.optional.junit.JUnitTask.executeOrQueue(JUnitTask.java:1972)
	at org.apache.tools.ant.taskdefs.optional.junit.JUnitTask.execute1(JUnitTask.java:824)
	at org.apache.tools.ant.taskdefs.optional.junit.JUnitTask.execute(JUnitTask.java:2277)
	at org.apache.tools.ant.UnknownElement.execute(UnknownElement.java:291)
	at sun.reflect.GeneratedMethodAccessor4.invoke(Unknown Source)
	at sun.reflect.DelegatingMethodAccessorImpl.invoke(DelegatingMethodAccessorImpl.java:43)
	at java.lang.reflect.Method.invoke(Method.java:498)
	at org.apache.tools.ant.dispatch.DispatchUtils.execute(DispatchUtils.java:106)
	at org.apache.tools.ant.Task.perform(Task.java:348)
	at org.apache.tools.ant.Target.execute(Target.java:392)
	at org.apache.tools.ant.Target.performTasks(Target.java:413)
	at org.apache.tools.ant.Project.executeSortedTargets(Project.java:1399)
	at org.apache.tools.ant.Project.executeTarget(Project.java:1368)
	at org.apache.tools.ant.helper.DefaultExecutor.executeTargets(DefaultExecutor.java:41)
	at org.apache.tools.ant.Project.executeTargets(Project.java:1251)
	at org.apache.tools.ant.Main.runBuild(Main.java:811)
	at org.apache.tools.ant.Main.startAnt(Main.java:217)
	at org.apache.tools.ant.launch.Launcher.run(Launcher.java:280)
	at org.apache.tools.ant.launch.Launcher.main(Launcher.java:109)
Caused by: java.lang.NullPointerException
	... 54 more
com.google.javascript.jscomp.ScopedAliasesTest::testIssue1103c
junit.framework.AssertionFailedError: Unexpected error(s): JSC_GOOG_SCOPE_NON_ALIAS_LOCAL. The local variable a is in a goog.scope and is not an alias. at testcode line 1 : 52 expected:<0> but was:<1>
	at junit.framework.Assert.fail(Assert.java:57)
	at junit.framework.Assert.failNotEquals(Assert.java:329)
	at junit.framework.Assert.assertEquals(Assert.java:78)
	at junit.framework.Assert.assertEquals(Assert.java:234)
	at junit.framework.TestCase.assertEquals(TestCase.java:401)
	at com.google.javascript.jscomp.CompilerTestCase.test(CompilerTestCase.java:871)
	at com.google.javascript.jscomp.CompilerTestCase.test(CompilerTestCase.java:477)
	at com.google.javascript.jscomp.CompilerTestCase.test(CompilerTestCase.java:403)
	at com.google.javascript.jscomp.CompilerTestCase.test(CompilerTestCase.java:372)
	at com.google.javascript.jscomp.CompilerTestCase.test(CompilerTestCase.java:360)
	at com.google.javascript.jscomp.ScopedAliasesTest.testIssue1103c(ScopedAliasesTest.java:541)
	at sun.reflect.NativeMethodAccessorImpl.invoke0(Native Method)
	at sun.reflect.NativeMethodAccessorImpl.invoke(NativeMethodAccessorImpl.java:62)
	at sun.reflect.DelegatingMethodAccessorImpl.invoke(DelegatingMethodAccessorImpl.java:43)
	at java.lang.reflect.Method.invoke(Method.java:498)
	at junit.framework.TestCase.runTest(TestCase.java:176)
	at junit.framework.TestCase.runBare(TestCase.java:141)
	at junit.framework.TestResult$1.protect(TestResult.java:122)
	at junit.framework.TestResult.runProtected(TestResult.java:142)
	at junit.framework.TestResult.run(TestResult.java:125)
	at junit.framework.TestCase.run(TestCase.java:129)
	at junit.framework.TestSuite.runTest(TestSuite.java:255)
	at junit.framework.TestSuite.run(TestSuite.java:250)
	at org.apache.tools.ant.taskdefs.optional.junit.JUnitTestRunner.run(JUnitTestRunner.java:520)
	at org.apache.tools.ant.taskdefs.optional.junit.JUnitTask.executeInVM(JUnitTask.java:1484)
	at org.apache.tools.ant.taskdefs.optional.junit.JUnitTask.execute(JUnitTask.java:872)
	at org.apache.tools.ant.taskdefs.optional.junit.JUnitTask.executeOrQueue(JUnitTask.java:1972)
	at org.apache.tools.ant.taskdefs.optional.junit.JUnitTask.execute1(JUnitTask.java:824)
	at org.apache.tools.ant.taskdefs.optional.junit.JUnitTask.execute(JUnitTask.java:2277)
	at org.apache.tools.ant.UnknownElement.execute(UnknownElement.java:291)
	at sun.reflect.GeneratedMethodAccessor4.invoke(Unknown Source)
	at sun.reflect.DelegatingMethodAccessorImpl.invoke(DelegatingMethodAccessorImpl.java:43)
	at java.lang.reflect.Method.invoke(Method.java:498)
	at org.apache.tools.ant.dispatch.DispatchUtils.execute(DispatchUtils.java:106)
	at org.apache.tools.ant.Task.perform(Task.java:348)
	at org.apache.tools.ant.Target.execute(Target.java:392)
	at org.apache.tools.ant.Target.performTasks(Target.java:413)
	at org.apache.tools.ant.Project.executeSortedTargets(Project.java:1399)
	at org.apache.tools.ant.Project.executeTarget(Project.java:1368)
	at org.apache.tools.ant.helper.DefaultExecutor.executeTargets(DefaultExecutor.java:41)
	at org.apache.tools.ant.Project.executeTargets(Project.java:1251)
	at org.apache.tools.ant.Main.runBuild(Main.java:811)
	at org.apache.tools.ant.Main.startAnt(Main.java:217)
	at org.apache.tools.ant.launch.Launcher.run(Launcher.java:280)
	at org.apache.tools.ant.launch.Launcher.main(Launcher.java:109)


There is a bug in the above code, please help me locate it by considering the stack trace.

Please output **only one integer**: the line number of the buggy code (The code starts from line 1). Do not provide any explanations or additional content.

================== prompt_fl_3 ==================

source code:
public static Node newQualifiedNameNodeDeclaration(
      CodingConvention convention, String name, Node value, JSDocInfo info) {
    Node result;
    Node nameNode = newQualifiedNameNode(convention, name);
    if (nameNode.isName()) {
      result = IR.var(nameNode, value);
      result.setJSDocInfo(info);
    } else {
      result = IR.exprResult(IR.assign(nameNode, value));
      result.getFirstChild().setJSDocInfo(info);
    }
    return result;
  }

stack trace:
com.google.javascript.jscomp.ScopedAliasesTest::testIssue1103a
junit.framework.AssertionFailedError: Unexpected error(s): JSC_GOOG_SCOPE_NON_ALIAS_LOCAL. The local variable a is in a goog.scope and is not an alias. at testcode line 1 : 30 expected:<0> but was:<1>
	at junit.framework.Assert.fail(Assert.java:57)
	at junit.framework.Assert.failNotEquals(Assert.java:329)
	at junit.framework.Assert.assertEquals(Assert.java:78)
	at junit.framework.Assert.assertEquals(Assert.java:234)
	at junit.framework.TestCase.assertEquals(TestCase.java:401)
	at com.google.javascript.jscomp.CompilerTestCase.test(CompilerTestCase.java:871)
	at com.google.javascript.jscomp.CompilerTestCase.test(CompilerTestCase.java:477)
	at com.google.javascript.jscomp.CompilerTestCase.test(CompilerTestCase.java:403)
	at com.google.javascript.jscomp.CompilerTestCase.test(CompilerTestCase.java:372)
	at com.google.javascript.jscomp.CompilerTestCase.test(CompilerTestCase.java:360)
	at com.google.javascript.jscomp.ScopedAliasesTest.testIssue1103a(ScopedAliasesTest.java:526)
	at sun.reflect.NativeMethodAccessorImpl.invoke0(Native Method)
	at sun.reflect.NativeMethodAccessorImpl.invoke(NativeMethodAccessorImpl.java:62)
	at sun.reflect.DelegatingMethodAccessorImpl.invoke(DelegatingMethodAccessorImpl.java:43)
	at java.lang.reflect.Method.invoke(Method.java:498)
	at junit.framework.TestCase.runTest(TestCase.java:176)
	at junit.framework.TestCase.runBare(TestCase.java:141)
	at junit.framework.TestResult$1.protect(TestResult.java:122)
	at junit.framework.TestResult.runProtected(TestResult.java:142)
	at junit.framework.TestResult.run(TestResult.java:125)
	at junit.framework.TestCase.run(TestCase.java:129)
	at junit.framework.TestSuite.runTest(TestSuite.java:255)
	at junit.framework.TestSuite.run(TestSuite.java:250)
	at org.apache.tools.ant.taskdefs.optional.junit.JUnitTestRunner.run(JUnitTestRunner.java:520)
	at org.apache.tools.ant.taskdefs.optional.junit.JUnitTask.executeInVM(JUnitTask.java:1484)
	at org.apache.tools.ant.taskdefs.optional.junit.JUnitTask.execute(JUnitTask.java:872)
	at org.apache.tools.ant.taskdefs.optional.junit.JUnitTask.executeOrQueue(JUnitTask.java:1972)
	at org.apache.tools.ant.taskdefs.optional.junit.JUnitTask.execute1(JUnitTask.java:824)
	at org.apache.tools.ant.taskdefs.optional.junit.JUnitTask.execute(JUnitTask.java:2277)
	at org.apache.tools.ant.UnknownElement.execute(UnknownElement.java:291)
	at sun.reflect.GeneratedMethodAccessor4.invoke(Unknown Source)
	at sun.reflect.DelegatingMethodAccessorImpl.invoke(DelegatingMethodAccessorImpl.java:43)
	at java.lang.reflect.Method.invoke(Method.java:498)
	at org.apache.tools.ant.dispatch.DispatchUtils.execute(DispatchUtils.java:106)
	at org.apache.tools.ant.Task.perform(Task.java:348)
	at org.apache.tools.ant.Target.execute(Target.java:392)
	at org.apache.tools.ant.Target.performTasks(Target.java:413)
	at org.apache.tools.ant.Project.executeSortedTargets(Project.java:1399)
	at org.apache.tools.ant.Project.executeTarget(Project.java:1368)
	at org.apache.tools.ant.helper.DefaultExecutor.executeTargets(DefaultExecutor.java:41)
	at org.apache.tools.ant.Project.executeTargets(Project.java:1251)
	at org.apache.tools.ant.Main.runBuild(Main.java:811)
	at org.apache.tools.ant.Main.startAnt(Main.java:217)
	at org.apache.tools.ant.launch.Launcher.run(Launcher.java:280)
	at org.apache.tools.ant.launch.Launcher.main(Launcher.java:109)
com.google.javascript.jscomp.ScopedAliasesTest::testIssue1103b
java.lang.RuntimeException: INTERNAL COMPILER ERROR.
Please report this problem.
null
  Node(FUNCTION ): testcode:1:11
goog.scope(function () {  var a = foo, b, c = 1;});
  Parent(CALL): testcode:1:0
goog.scope(function () {  var a = foo, b, c = 1;});

	at com.google.javascript.jscomp.Compiler.ensureLibraryInjected(Compiler.java:2554)
	at com.google.javascript.jscomp.ScopedAliases$Traversal.findAliases(ScopedAliases.java:373)
	at com.google.javascript.jscomp.ScopedAliases$Traversal.enterScope(ScopedAliases.java:298)
	at com.google.javascript.jscomp.NodeTraversal.pushScope(NodeTraversal.java:600)
	at com.google.javascript.jscomp.NodeTraversal.traverseFunction(NodeTraversal.java:558)
	at com.google.javascript.jscomp.NodeTraversal.traverseBranch(NodeTraversal.java:528)
	at com.google.javascript.jscomp.NodeTraversal.traverseBranch(NodeTraversal.java:534)
	at com.google.javascript.jscomp.NodeTraversal.traverseBranch(NodeTraversal.java:534)
	at com.google.javascript.jscomp.NodeTraversal.traverseBranch(NodeTraversal.java:534)
	at com.google.javascript.jscomp.NodeTraversal.traverseBranch(NodeTraversal.java:534)
	at com.google.javascript.jscomp.NodeTraversal.traverse(NodeTraversal.java:287)
	at com.google.javascript.jscomp.NodeTraversal.traverse(NodeTraversal.java:494)
	at com.google.javascript.jscomp.ScopedAliases.hotSwapScript(ScopedAliases.java:133)
	at com.google.javascript.jscomp.ScopedAliases.process(ScopedAliases.java:127)
	at com.google.javascript.jscomp.CompilerTestCase.test(CompilerTestCase.java:845)
	at com.google.javascript.jscomp.CompilerTestCase.test(CompilerTestCase.java:477)
	at com.google.javascript.jscomp.CompilerTestCase.test(CompilerTestCase.java:403)
	at com.google.javascript.jscomp.CompilerTestCase.test(CompilerTestCase.java:372)
	at com.google.javascript.jscomp.CompilerTestCase.test(CompilerTestCase.java:360)
	at com.google.javascript.jscomp.ScopedAliasesTest.testIssue1103b(ScopedAliasesTest.java:534)
	at sun.reflect.NativeMethodAccessorImpl.invoke0(Native Method)
	at sun.reflect.NativeMethodAccessorImpl.invoke(NativeMethodAccessorImpl.java:62)
	at sun.reflect.DelegatingMethodAccessorImpl.invoke(DelegatingMethodAccessorImpl.java:43)
	at java.lang.reflect.Method.invoke(Method.java:498)
	at junit.framework.TestCase.runTest(TestCase.java:176)
	at junit.framework.TestCase.runBare(TestCase.java:141)
	at junit.framework.TestResult$1.protect(TestResult.java:122)
	at junit.framework.TestResult.runProtected(TestResult.java:142)
	at junit.framework.TestResult.run(TestResult.java:125)
	at junit.framework.TestCase.run(TestCase.java:129)
	at junit.framework.TestSuite.runTest(TestSuite.java:255)
	at junit.framework.TestSuite.run(TestSuite.java:250)
	at org.apache.tools.ant.taskdefs.optional.junit.JUnitTestRunner.run(JUnitTestRunner.java:520)
	at org.apache.tools.ant.taskdefs.optional.junit.JUnitTask.executeInVM(JUnitTask.java:1484)
	at org.apache.tools.ant.taskdefs.optional.junit.JUnitTask.execute(JUnitTask.java:872)
	at org.apache.tools.ant.taskdefs.optional.junit.JUnitTask.executeOrQueue(JUnitTask.java:1972)
	at org.apache.tools.ant.taskdefs.optional.junit.JUnitTask.execute1(JUnitTask.java:824)
	at org.apache.tools.ant.taskdefs.optional.junit.JUnitTask.execute(JUnitTask.java:2277)
	at org.apache.tools.ant.UnknownElement.execute(UnknownElement.java:291)
	at sun.reflect.GeneratedMethodAccessor4.invoke(Unknown Source)
	at sun.reflect.DelegatingMethodAccessorImpl.invoke(DelegatingMethodAccessorImpl.java:43)
	at java.lang.reflect.Method.invoke(Method.java:498)
	at org.apache.tools.ant.dispatch.DispatchUtils.execute(DispatchUtils.java:106)
	at org.apache.tools.ant.Task.perform(Task.java:348)
	at org.apache.tools.ant.Target.execute(Target.java:392)
	at org.apache.tools.ant.Target.performTasks(Target.java:413)
	at org.apache.tools.ant.Project.executeSortedTargets(Project.java:1399)
	at org.apache.tools.ant.Project.executeTarget(Project.java:1368)
	at org.apache.tools.ant.helper.DefaultExecutor.executeTargets(DefaultExecutor.java:41)
	at org.apache.tools.ant.Project.executeTargets(Project.java:1251)
	at org.apache.tools.ant.Main.runBuild(Main.java:811)
	at org.apache.tools.ant.Main.startAnt(Main.java:217)
	at org.apache.tools.ant.launch.Launcher.run(Launcher.java:280)
	at org.apache.tools.ant.launch.Launcher.main(Launcher.java:109)
Caused by: java.lang.NullPointerException
	... 54 more
com.google.javascript.jscomp.ScopedAliasesTest::testIssue1103c
junit.framework.AssertionFailedError: Unexpected error(s): JSC_GOOG_SCOPE_NON_ALIAS_LOCAL. The local variable a is in a goog.scope and is not an alias. at testcode line 1 : 52 expected:<0> but was:<1>
	at junit.framework.Assert.fail(Assert.java:57)
	at junit.framework.Assert.failNotEquals(Assert.java:329)
	at junit.framework.Assert.assertEquals(Assert.java:78)
	at junit.framework.Assert.assertEquals(Assert.java:234)
	at junit.framework.TestCase.assertEquals(TestCase.java:401)
	at com.google.javascript.jscomp.CompilerTestCase.test(CompilerTestCase.java:871)
	at com.google.javascript.jscomp.CompilerTestCase.test(CompilerTestCase.java:477)
	at com.google.javascript.jscomp.CompilerTestCase.test(CompilerTestCase.java:403)
	at com.google.javascript.jscomp.CompilerTestCase.test(CompilerTestCase.java:372)
	at com.google.javascript.jscomp.CompilerTestCase.test(CompilerTestCase.java:360)
	at com.google.javascript.jscomp.ScopedAliasesTest.testIssue1103c(ScopedAliasesTest.java:541)
	at sun.reflect.NativeMethodAccessorImpl.invoke0(Native Method)
	at sun.reflect.NativeMethodAccessorImpl.invoke(NativeMethodAccessorImpl.java:62)
	at sun.reflect.DelegatingMethodAccessorImpl.invoke(DelegatingMethodAccessorImpl.java:43)
	at java.lang.reflect.Method.invoke(Method.java:498)
	at junit.framework.TestCase.runTest(TestCase.java:176)
	at junit.framework.TestCase.runBare(TestCase.java:141)
	at junit.framework.TestResult$1.protect(TestResult.java:122)
	at junit.framework.TestResult.runProtected(TestResult.java:142)
	at junit.framework.TestResult.run(TestResult.java:125)
	at junit.framework.TestCase.run(TestCase.java:129)
	at junit.framework.TestSuite.runTest(TestSuite.java:255)
	at junit.framework.TestSuite.run(TestSuite.java:250)
	at org.apache.tools.ant.taskdefs.optional.junit.JUnitTestRunner.run(JUnitTestRunner.java:520)
	at org.apache.tools.ant.taskdefs.optional.junit.JUnitTask.executeInVM(JUnitTask.java:1484)
	at org.apache.tools.ant.taskdefs.optional.junit.JUnitTask.execute(JUnitTask.java:872)
	at org.apache.tools.ant.taskdefs.optional.junit.JUnitTask.executeOrQueue(JUnitTask.java:1972)
	at org.apache.tools.ant.taskdefs.optional.junit.JUnitTask.execute1(JUnitTask.java:824)
	at org.apache.tools.ant.taskdefs.optional.junit.JUnitTask.execute(JUnitTask.java:2277)
	at org.apache.tools.ant.UnknownElement.execute(UnknownElement.java:291)
	at sun.reflect.GeneratedMethodAccessor4.invoke(Unknown Source)
	at sun.reflect.DelegatingMethodAccessorImpl.invoke(DelegatingMethodAccessorImpl.java:43)
	at java.lang.reflect.Method.invoke(Method.java:498)
	at org.apache.tools.ant.dispatch.DispatchUtils.execute(DispatchUtils.java:106)
	at org.apache.tools.ant.Task.perform(Task.java:348)
	at org.apache.tools.ant.Target.execute(Target.java:392)
	at org.apache.tools.ant.Target.performTasks(Target.java:413)
	at org.apache.tools.ant.Project.executeSortedTargets(Project.java:1399)
	at org.apache.tools.ant.Project.executeTarget(Project.java:1368)
	at org.apache.tools.ant.helper.DefaultExecutor.executeTargets(DefaultExecutor.java:41)
	at org.apache.tools.ant.Project.executeTargets(Project.java:1251)
	at org.apache.tools.ant.Main.runBuild(Main.java:811)
	at org.apache.tools.ant.Main.startAnt(Main.java:217)
	at org.apache.tools.ant.launch.Launcher.run(Launcher.java:280)
	at org.apache.tools.ant.launch.Launcher.main(Launcher.java:109)


failure assertion code:
test("goog.scope(function () {" +


There is a bug in the above code, please help me locate it by considering the stack trace information and failure assertion code.

Please output **only one integer**: the line number of the buggy code (The code starts from line 1). Do not provide any explanations or additional content.

================== prompt_fl_4 ==================

source code:
public static Node newQualifiedNameNodeDeclaration(
      CodingConvention convention, String name, Node value, JSDocInfo info) {
    Node result;
    Node nameNode = newQualifiedNameNode(convention, name);
    if (nameNode.isName()) {
      result = IR.var(nameNode, value);
      result.setJSDocInfo(info);
    } else {
      result = IR.exprResult(IR.assign(nameNode, value));
      result.getFirstChild().setJSDocInfo(info);
    }
    return result;
  }

There is a bug in the above code, please help me locate it.

Output **only** the exact buggy statement, with no line numbers, explanations, or additional content. Your response should contain just the buggy code line. Do not include ```java or ``` markers in the response.

================== prompt_fl_5 ==================

source code:
public static Node newQualifiedNameNodeDeclaration(
      CodingConvention convention, String name, Node value, JSDocInfo info) {
    Node result;
    Node nameNode = newQualifiedNameNode(convention, name);
    if (nameNode.isName()) {
      result = IR.var(nameNode, value);
      result.setJSDocInfo(info);
    } else {
      result = IR.exprResult(IR.assign(nameNode, value));
      result.getFirstChild().setJSDocInfo(info);
    }
    return result;
  }

stack trace:
com.google.javascript.jscomp.ScopedAliasesTest::testIssue1103a
junit.framework.AssertionFailedError: Unexpected error(s): JSC_GOOG_SCOPE_NON_ALIAS_LOCAL. The local variable a is in a goog.scope and is not an alias. at testcode line 1 : 30 expected:<0> but was:<1>
	at junit.framework.Assert.fail(Assert.java:57)
	at junit.framework.Assert.failNotEquals(Assert.java:329)
	at junit.framework.Assert.assertEquals(Assert.java:78)
	at junit.framework.Assert.assertEquals(Assert.java:234)
	at junit.framework.TestCase.assertEquals(TestCase.java:401)
	at com.google.javascript.jscomp.CompilerTestCase.test(CompilerTestCase.java:871)
	at com.google.javascript.jscomp.CompilerTestCase.test(CompilerTestCase.java:477)
	at com.google.javascript.jscomp.CompilerTestCase.test(CompilerTestCase.java:403)
	at com.google.javascript.jscomp.CompilerTestCase.test(CompilerTestCase.java:372)
	at com.google.javascript.jscomp.CompilerTestCase.test(CompilerTestCase.java:360)
	at com.google.javascript.jscomp.ScopedAliasesTest.testIssue1103a(ScopedAliasesTest.java:526)
	at sun.reflect.NativeMethodAccessorImpl.invoke0(Native Method)
	at sun.reflect.NativeMethodAccessorImpl.invoke(NativeMethodAccessorImpl.java:62)
	at sun.reflect.DelegatingMethodAccessorImpl.invoke(DelegatingMethodAccessorImpl.java:43)
	at java.lang.reflect.Method.invoke(Method.java:498)
	at junit.framework.TestCase.runTest(TestCase.java:176)
	at junit.framework.TestCase.runBare(TestCase.java:141)
	at junit.framework.TestResult$1.protect(TestResult.java:122)
	at junit.framework.TestResult.runProtected(TestResult.java:142)
	at junit.framework.TestResult.run(TestResult.java:125)
	at junit.framework.TestCase.run(TestCase.java:129)
	at junit.framework.TestSuite.runTest(TestSuite.java:255)
	at junit.framework.TestSuite.run(TestSuite.java:250)
	at org.apache.tools.ant.taskdefs.optional.junit.JUnitTestRunner.run(JUnitTestRunner.java:520)
	at org.apache.tools.ant.taskdefs.optional.junit.JUnitTask.executeInVM(JUnitTask.java:1484)
	at org.apache.tools.ant.taskdefs.optional.junit.JUnitTask.execute(JUnitTask.java:872)
	at org.apache.tools.ant.taskdefs.optional.junit.JUnitTask.executeOrQueue(JUnitTask.java:1972)
	at org.apache.tools.ant.taskdefs.optional.junit.JUnitTask.execute1(JUnitTask.java:824)
	at org.apache.tools.ant.taskdefs.optional.junit.JUnitTask.execute(JUnitTask.java:2277)
	at org.apache.tools.ant.UnknownElement.execute(UnknownElement.java:291)
	at sun.reflect.GeneratedMethodAccessor4.invoke(Unknown Source)
	at sun.reflect.DelegatingMethodAccessorImpl.invoke(DelegatingMethodAccessorImpl.java:43)
	at java.lang.reflect.Method.invoke(Method.java:498)
	at org.apache.tools.ant.dispatch.DispatchUtils.execute(DispatchUtils.java:106)
	at org.apache.tools.ant.Task.perform(Task.java:348)
	at org.apache.tools.ant.Target.execute(Target.java:392)
	at org.apache.tools.ant.Target.performTasks(Target.java:413)
	at org.apache.tools.ant.Project.executeSortedTargets(Project.java:1399)
	at org.apache.tools.ant.Project.executeTarget(Project.java:1368)
	at org.apache.tools.ant.helper.DefaultExecutor.executeTargets(DefaultExecutor.java:41)
	at org.apache.tools.ant.Project.executeTargets(Project.java:1251)
	at org.apache.tools.ant.Main.runBuild(Main.java:811)
	at org.apache.tools.ant.Main.startAnt(Main.java:217)
	at org.apache.tools.ant.launch.Launcher.run(Launcher.java:280)
	at org.apache.tools.ant.launch.Launcher.main(Launcher.java:109)
com.google.javascript.jscomp.ScopedAliasesTest::testIssue1103b
java.lang.RuntimeException: INTERNAL COMPILER ERROR.
Please report this problem.
null
  Node(FUNCTION ): testcode:1:11
goog.scope(function () {  var a = foo, b, c = 1;});
  Parent(CALL): testcode:1:0
goog.scope(function () {  var a = foo, b, c = 1;});

	at com.google.javascript.jscomp.Compiler.ensureLibraryInjected(Compiler.java:2554)
	at com.google.javascript.jscomp.ScopedAliases$Traversal.findAliases(ScopedAliases.java:373)
	at com.google.javascript.jscomp.ScopedAliases$Traversal.enterScope(ScopedAliases.java:298)
	at com.google.javascript.jscomp.NodeTraversal.pushScope(NodeTraversal.java:600)
	at com.google.javascript.jscomp.NodeTraversal.traverseFunction(NodeTraversal.java:558)
	at com.google.javascript.jscomp.NodeTraversal.traverseBranch(NodeTraversal.java:528)
	at com.google.javascript.jscomp.NodeTraversal.traverseBranch(NodeTraversal.java:534)
	at com.google.javascript.jscomp.NodeTraversal.traverseBranch(NodeTraversal.java:534)
	at com.google.javascript.jscomp.NodeTraversal.traverseBranch(NodeTraversal.java:534)
	at com.google.javascript.jscomp.NodeTraversal.traverseBranch(NodeTraversal.java:534)
	at com.google.javascript.jscomp.NodeTraversal.traverse(NodeTraversal.java:287)
	at com.google.javascript.jscomp.NodeTraversal.traverse(NodeTraversal.java:494)
	at com.google.javascript.jscomp.ScopedAliases.hotSwapScript(ScopedAliases.java:133)
	at com.google.javascript.jscomp.ScopedAliases.process(ScopedAliases.java:127)
	at com.google.javascript.jscomp.CompilerTestCase.test(CompilerTestCase.java:845)
	at com.google.javascript.jscomp.CompilerTestCase.test(CompilerTestCase.java:477)
	at com.google.javascript.jscomp.CompilerTestCase.test(CompilerTestCase.java:403)
	at com.google.javascript.jscomp.CompilerTestCase.test(CompilerTestCase.java:372)
	at com.google.javascript.jscomp.CompilerTestCase.test(CompilerTestCase.java:360)
	at com.google.javascript.jscomp.ScopedAliasesTest.testIssue1103b(ScopedAliasesTest.java:534)
	at sun.reflect.NativeMethodAccessorImpl.invoke0(Native Method)
	at sun.reflect.NativeMethodAccessorImpl.invoke(NativeMethodAccessorImpl.java:62)
	at sun.reflect.DelegatingMethodAccessorImpl.invoke(DelegatingMethodAccessorImpl.java:43)
	at java.lang.reflect.Method.invoke(Method.java:498)
	at junit.framework.TestCase.runTest(TestCase.java:176)
	at junit.framework.TestCase.runBare(TestCase.java:141)
	at junit.framework.TestResult$1.protect(TestResult.java:122)
	at junit.framework.TestResult.runProtected(TestResult.java:142)
	at junit.framework.TestResult.run(TestResult.java:125)
	at junit.framework.TestCase.run(TestCase.java:129)
	at junit.framework.TestSuite.runTest(TestSuite.java:255)
	at junit.framework.TestSuite.run(TestSuite.java:250)
	at org.apache.tools.ant.taskdefs.optional.junit.JUnitTestRunner.run(JUnitTestRunner.java:520)
	at org.apache.tools.ant.taskdefs.optional.junit.JUnitTask.executeInVM(JUnitTask.java:1484)
	at org.apache.tools.ant.taskdefs.optional.junit.JUnitTask.execute(JUnitTask.java:872)
	at org.apache.tools.ant.taskdefs.optional.junit.JUnitTask.executeOrQueue(JUnitTask.java:1972)
	at org.apache.tools.ant.taskdefs.optional.junit.JUnitTask.execute1(JUnitTask.java:824)
	at org.apache.tools.ant.taskdefs.optional.junit.JUnitTask.execute(JUnitTask.java:2277)
	at org.apache.tools.ant.UnknownElement.execute(UnknownElement.java:291)
	at sun.reflect.GeneratedMethodAccessor4.invoke(Unknown Source)
	at sun.reflect.DelegatingMethodAccessorImpl.invoke(DelegatingMethodAccessorImpl.java:43)
	at java.lang.reflect.Method.invoke(Method.java:498)
	at org.apache.tools.ant.dispatch.DispatchUtils.execute(DispatchUtils.java:106)
	at org.apache.tools.ant.Task.perform(Task.java:348)
	at org.apache.tools.ant.Target.execute(Target.java:392)
	at org.apache.tools.ant.Target.performTasks(Target.java:413)
	at org.apache.tools.ant.Project.executeSortedTargets(Project.java:1399)
	at org.apache.tools.ant.Project.executeTarget(Project.java:1368)
	at org.apache.tools.ant.helper.DefaultExecutor.executeTargets(DefaultExecutor.java:41)
	at org.apache.tools.ant.Project.executeTargets(Project.java:1251)
	at org.apache.tools.ant.Main.runBuild(Main.java:811)
	at org.apache.tools.ant.Main.startAnt(Main.java:217)
	at org.apache.tools.ant.launch.Launcher.run(Launcher.java:280)
	at org.apache.tools.ant.launch.Launcher.main(Launcher.java:109)
Caused by: java.lang.NullPointerException
	... 54 more
com.google.javascript.jscomp.ScopedAliasesTest::testIssue1103c
junit.framework.AssertionFailedError: Unexpected error(s): JSC_GOOG_SCOPE_NON_ALIAS_LOCAL. The local variable a is in a goog.scope and is not an alias. at testcode line 1 : 52 expected:<0> but was:<1>
	at junit.framework.Assert.fail(Assert.java:57)
	at junit.framework.Assert.failNotEquals(Assert.java:329)
	at junit.framework.Assert.assertEquals(Assert.java:78)
	at junit.framework.Assert.assertEquals(Assert.java:234)
	at junit.framework.TestCase.assertEquals(TestCase.java:401)
	at com.google.javascript.jscomp.CompilerTestCase.test(CompilerTestCase.java:871)
	at com.google.javascript.jscomp.CompilerTestCase.test(CompilerTestCase.java:477)
	at com.google.javascript.jscomp.CompilerTestCase.test(CompilerTestCase.java:403)
	at com.google.javascript.jscomp.CompilerTestCase.test(CompilerTestCase.java:372)
	at com.google.javascript.jscomp.CompilerTestCase.test(CompilerTestCase.java:360)
	at com.google.javascript.jscomp.ScopedAliasesTest.testIssue1103c(ScopedAliasesTest.java:541)
	at sun.reflect.NativeMethodAccessorImpl.invoke0(Native Method)
	at sun.reflect.NativeMethodAccessorImpl.invoke(NativeMethodAccessorImpl.java:62)
	at sun.reflect.DelegatingMethodAccessorImpl.invoke(DelegatingMethodAccessorImpl.java:43)
	at java.lang.reflect.Method.invoke(Method.java:498)
	at junit.framework.TestCase.runTest(TestCase.java:176)
	at junit.framework.TestCase.runBare(TestCase.java:141)
	at junit.framework.TestResult$1.protect(TestResult.java:122)
	at junit.framework.TestResult.runProtected(TestResult.java:142)
	at junit.framework.TestResult.run(TestResult.java:125)
	at junit.framework.TestCase.run(TestCase.java:129)
	at junit.framework.TestSuite.runTest(TestSuite.java:255)
	at junit.framework.TestSuite.run(TestSuite.java:250)
	at org.apache.tools.ant.taskdefs.optional.junit.JUnitTestRunner.run(JUnitTestRunner.java:520)
	at org.apache.tools.ant.taskdefs.optional.junit.JUnitTask.executeInVM(JUnitTask.java:1484)
	at org.apache.tools.ant.taskdefs.optional.junit.JUnitTask.execute(JUnitTask.java:872)
	at org.apache.tools.ant.taskdefs.optional.junit.JUnitTask.executeOrQueue(JUnitTask.java:1972)
	at org.apache.tools.ant.taskdefs.optional.junit.JUnitTask.execute1(JUnitTask.java:824)
	at org.apache.tools.ant.taskdefs.optional.junit.JUnitTask.execute(JUnitTask.java:2277)
	at org.apache.tools.ant.UnknownElement.execute(UnknownElement.java:291)
	at sun.reflect.GeneratedMethodAccessor4.invoke(Unknown Source)
	at sun.reflect.DelegatingMethodAccessorImpl.invoke(DelegatingMethodAccessorImpl.java:43)
	at java.lang.reflect.Method.invoke(Method.java:498)
	at org.apache.tools.ant.dispatch.DispatchUtils.execute(DispatchUtils.java:106)
	at org.apache.tools.ant.Task.perform(Task.java:348)
	at org.apache.tools.ant.Target.execute(Target.java:392)
	at org.apache.tools.ant.Target.performTasks(Target.java:413)
	at org.apache.tools.ant.Project.executeSortedTargets(Project.java:1399)
	at org.apache.tools.ant.Project.executeTarget(Project.java:1368)
	at org.apache.tools.ant.helper.DefaultExecutor.executeTargets(DefaultExecutor.java:41)
	at org.apache.tools.ant.Project.executeTargets(Project.java:1251)
	at org.apache.tools.ant.Main.runBuild(Main.java:811)
	at org.apache.tools.ant.Main.startAnt(Main.java:217)
	at org.apache.tools.ant.launch.Launcher.run(Launcher.java:280)
	at org.apache.tools.ant.launch.Launcher.main(Launcher.java:109)


There is a bug in the above code, please help me locate it by considering the stack trace.

Output **only** the exact buggy statement, with no line numbers, explanations, or additional content. Your response should contain just the buggy code line. Do not include ```java or ``` markers in the response.

================== prompt_fl_6 ==================

source code:
public static Node newQualifiedNameNodeDeclaration(
      CodingConvention convention, String name, Node value, JSDocInfo info) {
    Node result;
    Node nameNode = newQualifiedNameNode(convention, name);
    if (nameNode.isName()) {
      result = IR.var(nameNode, value);
      result.setJSDocInfo(info);
    } else {
      result = IR.exprResult(IR.assign(nameNode, value));
      result.getFirstChild().setJSDocInfo(info);
    }
    return result;
  }

stack trace:
com.google.javascript.jscomp.ScopedAliasesTest::testIssue1103a
junit.framework.AssertionFailedError: Unexpected error(s): JSC_GOOG_SCOPE_NON_ALIAS_LOCAL. The local variable a is in a goog.scope and is not an alias. at testcode line 1 : 30 expected:<0> but was:<1>
	at junit.framework.Assert.fail(Assert.java:57)
	at junit.framework.Assert.failNotEquals(Assert.java:329)
	at junit.framework.Assert.assertEquals(Assert.java:78)
	at junit.framework.Assert.assertEquals(Assert.java:234)
	at junit.framework.TestCase.assertEquals(TestCase.java:401)
	at com.google.javascript.jscomp.CompilerTestCase.test(CompilerTestCase.java:871)
	at com.google.javascript.jscomp.CompilerTestCase.test(CompilerTestCase.java:477)
	at com.google.javascript.jscomp.CompilerTestCase.test(CompilerTestCase.java:403)
	at com.google.javascript.jscomp.CompilerTestCase.test(CompilerTestCase.java:372)
	at com.google.javascript.jscomp.CompilerTestCase.test(CompilerTestCase.java:360)
	at com.google.javascript.jscomp.ScopedAliasesTest.testIssue1103a(ScopedAliasesTest.java:526)
	at sun.reflect.NativeMethodAccessorImpl.invoke0(Native Method)
	at sun.reflect.NativeMethodAccessorImpl.invoke(NativeMethodAccessorImpl.java:62)
	at sun.reflect.DelegatingMethodAccessorImpl.invoke(DelegatingMethodAccessorImpl.java:43)
	at java.lang.reflect.Method.invoke(Method.java:498)
	at junit.framework.TestCase.runTest(TestCase.java:176)
	at junit.framework.TestCase.runBare(TestCase.java:141)
	at junit.framework.TestResult$1.protect(TestResult.java:122)
	at junit.framework.TestResult.runProtected(TestResult.java:142)
	at junit.framework.TestResult.run(TestResult.java:125)
	at junit.framework.TestCase.run(TestCase.java:129)
	at junit.framework.TestSuite.runTest(TestSuite.java:255)
	at junit.framework.TestSuite.run(TestSuite.java:250)
	at org.apache.tools.ant.taskdefs.optional.junit.JUnitTestRunner.run(JUnitTestRunner.java:520)
	at org.apache.tools.ant.taskdefs.optional.junit.JUnitTask.executeInVM(JUnitTask.java:1484)
	at org.apache.tools.ant.taskdefs.optional.junit.JUnitTask.execute(JUnitTask.java:872)
	at org.apache.tools.ant.taskdefs.optional.junit.JUnitTask.executeOrQueue(JUnitTask.java:1972)
	at org.apache.tools.ant.taskdefs.optional.junit.JUnitTask.execute1(JUnitTask.java:824)
	at org.apache.tools.ant.taskdefs.optional.junit.JUnitTask.execute(JUnitTask.java:2277)
	at org.apache.tools.ant.UnknownElement.execute(UnknownElement.java:291)
	at sun.reflect.GeneratedMethodAccessor4.invoke(Unknown Source)
	at sun.reflect.DelegatingMethodAccessorImpl.invoke(DelegatingMethodAccessorImpl.java:43)
	at java.lang.reflect.Method.invoke(Method.java:498)
	at org.apache.tools.ant.dispatch.DispatchUtils.execute(DispatchUtils.java:106)
	at org.apache.tools.ant.Task.perform(Task.java:348)
	at org.apache.tools.ant.Target.execute(Target.java:392)
	at org.apache.tools.ant.Target.performTasks(Target.java:413)
	at org.apache.tools.ant.Project.executeSortedTargets(Project.java:1399)
	at org.apache.tools.ant.Project.executeTarget(Project.java:1368)
	at org.apache.tools.ant.helper.DefaultExecutor.executeTargets(DefaultExecutor.java:41)
	at org.apache.tools.ant.Project.executeTargets(Project.java:1251)
	at org.apache.tools.ant.Main.runBuild(Main.java:811)
	at org.apache.tools.ant.Main.startAnt(Main.java:217)
	at org.apache.tools.ant.launch.Launcher.run(Launcher.java:280)
	at org.apache.tools.ant.launch.Launcher.main(Launcher.java:109)
com.google.javascript.jscomp.ScopedAliasesTest::testIssue1103b
java.lang.RuntimeException: INTERNAL COMPILER ERROR.
Please report this problem.
null
  Node(FUNCTION ): testcode:1:11
goog.scope(function () {  var a = foo, b, c = 1;});
  Parent(CALL): testcode:1:0
goog.scope(function () {  var a = foo, b, c = 1;});

	at com.google.javascript.jscomp.Compiler.ensureLibraryInjected(Compiler.java:2554)
	at com.google.javascript.jscomp.ScopedAliases$Traversal.findAliases(ScopedAliases.java:373)
	at com.google.javascript.jscomp.ScopedAliases$Traversal.enterScope(ScopedAliases.java:298)
	at com.google.javascript.jscomp.NodeTraversal.pushScope(NodeTraversal.java:600)
	at com.google.javascript.jscomp.NodeTraversal.traverseFunction(NodeTraversal.java:558)
	at com.google.javascript.jscomp.NodeTraversal.traverseBranch(NodeTraversal.java:528)
	at com.google.javascript.jscomp.NodeTraversal.traverseBranch(NodeTraversal.java:534)
	at com.google.javascript.jscomp.NodeTraversal.traverseBranch(NodeTraversal.java:534)
	at com.google.javascript.jscomp.NodeTraversal.traverseBranch(NodeTraversal.java:534)
	at com.google.javascript.jscomp.NodeTraversal.traverseBranch(NodeTraversal.java:534)
	at com.google.javascript.jscomp.NodeTraversal.traverse(NodeTraversal.java:287)
	at com.google.javascript.jscomp.NodeTraversal.traverse(NodeTraversal.java:494)
	at com.google.javascript.jscomp.ScopedAliases.hotSwapScript(ScopedAliases.java:133)
	at com.google.javascript.jscomp.ScopedAliases.process(ScopedAliases.java:127)
	at com.google.javascript.jscomp.CompilerTestCase.test(CompilerTestCase.java:845)
	at com.google.javascript.jscomp.CompilerTestCase.test(CompilerTestCase.java:477)
	at com.google.javascript.jscomp.CompilerTestCase.test(CompilerTestCase.java:403)
	at com.google.javascript.jscomp.CompilerTestCase.test(CompilerTestCase.java:372)
	at com.google.javascript.jscomp.CompilerTestCase.test(CompilerTestCase.java:360)
	at com.google.javascript.jscomp.ScopedAliasesTest.testIssue1103b(ScopedAliasesTest.java:534)
	at sun.reflect.NativeMethodAccessorImpl.invoke0(Native Method)
	at sun.reflect.NativeMethodAccessorImpl.invoke(NativeMethodAccessorImpl.java:62)
	at sun.reflect.DelegatingMethodAccessorImpl.invoke(DelegatingMethodAccessorImpl.java:43)
	at java.lang.reflect.Method.invoke(Method.java:498)
	at junit.framework.TestCase.runTest(TestCase.java:176)
	at junit.framework.TestCase.runBare(TestCase.java:141)
	at junit.framework.TestResult$1.protect(TestResult.java:122)
	at junit.framework.TestResult.runProtected(TestResult.java:142)
	at junit.framework.TestResult.run(TestResult.java:125)
	at junit.framework.TestCase.run(TestCase.java:129)
	at junit.framework.TestSuite.runTest(TestSuite.java:255)
	at junit.framework.TestSuite.run(TestSuite.java:250)
	at org.apache.tools.ant.taskdefs.optional.junit.JUnitTestRunner.run(JUnitTestRunner.java:520)
	at org.apache.tools.ant.taskdefs.optional.junit.JUnitTask.executeInVM(JUnitTask.java:1484)
	at org.apache.tools.ant.taskdefs.optional.junit.JUnitTask.execute(JUnitTask.java:872)
	at org.apache.tools.ant.taskdefs.optional.junit.JUnitTask.executeOrQueue(JUnitTask.java:1972)
	at org.apache.tools.ant.taskdefs.optional.junit.JUnitTask.execute1(JUnitTask.java:824)
	at org.apache.tools.ant.taskdefs.optional.junit.JUnitTask.execute(JUnitTask.java:2277)
	at org.apache.tools.ant.UnknownElement.execute(UnknownElement.java:291)
	at sun.reflect.GeneratedMethodAccessor4.invoke(Unknown Source)
	at sun.reflect.DelegatingMethodAccessorImpl.invoke(DelegatingMethodAccessorImpl.java:43)
	at java.lang.reflect.Method.invoke(Method.java:498)
	at org.apache.tools.ant.dispatch.DispatchUtils.execute(DispatchUtils.java:106)
	at org.apache.tools.ant.Task.perform(Task.java:348)
	at org.apache.tools.ant.Target.execute(Target.java:392)
	at org.apache.tools.ant.Target.performTasks(Target.java:413)
	at org.apache.tools.ant.Project.executeSortedTargets(Project.java:1399)
	at org.apache.tools.ant.Project.executeTarget(Project.java:1368)
	at org.apache.tools.ant.helper.DefaultExecutor.executeTargets(DefaultExecutor.java:41)
	at org.apache.tools.ant.Project.executeTargets(Project.java:1251)
	at org.apache.tools.ant.Main.runBuild(Main.java:811)
	at org.apache.tools.ant.Main.startAnt(Main.java:217)
	at org.apache.tools.ant.launch.Launcher.run(Launcher.java:280)
	at org.apache.tools.ant.launch.Launcher.main(Launcher.java:109)
Caused by: java.lang.NullPointerException
	... 54 more
com.google.javascript.jscomp.ScopedAliasesTest::testIssue1103c
junit.framework.AssertionFailedError: Unexpected error(s): JSC_GOOG_SCOPE_NON_ALIAS_LOCAL. The local variable a is in a goog.scope and is not an alias. at testcode line 1 : 52 expected:<0> but was:<1>
	at junit.framework.Assert.fail(Assert.java:57)
	at junit.framework.Assert.failNotEquals(Assert.java:329)
	at junit.framework.Assert.assertEquals(Assert.java:78)
	at junit.framework.Assert.assertEquals(Assert.java:234)
	at junit.framework.TestCase.assertEquals(TestCase.java:401)
	at com.google.javascript.jscomp.CompilerTestCase.test(CompilerTestCase.java:871)
	at com.google.javascript.jscomp.CompilerTestCase.test(CompilerTestCase.java:477)
	at com.google.javascript.jscomp.CompilerTestCase.test(CompilerTestCase.java:403)
	at com.google.javascript.jscomp.CompilerTestCase.test(CompilerTestCase.java:372)
	at com.google.javascript.jscomp.CompilerTestCase.test(CompilerTestCase.java:360)
	at com.google.javascript.jscomp.ScopedAliasesTest.testIssue1103c(ScopedAliasesTest.java:541)
	at sun.reflect.NativeMethodAccessorImpl.invoke0(Native Method)
	at sun.reflect.NativeMethodAccessorImpl.invoke(NativeMethodAccessorImpl.java:62)
	at sun.reflect.DelegatingMethodAccessorImpl.invoke(DelegatingMethodAccessorImpl.java:43)
	at java.lang.reflect.Method.invoke(Method.java:498)
	at junit.framework.TestCase.runTest(TestCase.java:176)
	at junit.framework.TestCase.runBare(TestCase.java:141)
	at junit.framework.TestResult$1.protect(TestResult.java:122)
	at junit.framework.TestResult.runProtected(TestResult.java:142)
	at junit.framework.TestResult.run(TestResult.java:125)
	at junit.framework.TestCase.run(TestCase.java:129)
	at junit.framework.TestSuite.runTest(TestSuite.java:255)
	at junit.framework.TestSuite.run(TestSuite.java:250)
	at org.apache.tools.ant.taskdefs.optional.junit.JUnitTestRunner.run(JUnitTestRunner.java:520)
	at org.apache.tools.ant.taskdefs.optional.junit.JUnitTask.executeInVM(JUnitTask.java:1484)
	at org.apache.tools.ant.taskdefs.optional.junit.JUnitTask.execute(JUnitTask.java:872)
	at org.apache.tools.ant.taskdefs.optional.junit.JUnitTask.executeOrQueue(JUnitTask.java:1972)
	at org.apache.tools.ant.taskdefs.optional.junit.JUnitTask.execute1(JUnitTask.java:824)
	at org.apache.tools.ant.taskdefs.optional.junit.JUnitTask.execute(JUnitTask.java:2277)
	at org.apache.tools.ant.UnknownElement.execute(UnknownElement.java:291)
	at sun.reflect.GeneratedMethodAccessor4.invoke(Unknown Source)
	at sun.reflect.DelegatingMethodAccessorImpl.invoke(DelegatingMethodAccessorImpl.java:43)
	at java.lang.reflect.Method.invoke(Method.java:498)
	at org.apache.tools.ant.dispatch.DispatchUtils.execute(DispatchUtils.java:106)
	at org.apache.tools.ant.Task.perform(Task.java:348)
	at org.apache.tools.ant.Target.execute(Target.java:392)
	at org.apache.tools.ant.Target.performTasks(Target.java:413)
	at org.apache.tools.ant.Project.executeSortedTargets(Project.java:1399)
	at org.apache.tools.ant.Project.executeTarget(Project.java:1368)
	at org.apache.tools.ant.helper.DefaultExecutor.executeTargets(DefaultExecutor.java:41)
	at org.apache.tools.ant.Project.executeTargets(Project.java:1251)
	at org.apache.tools.ant.Main.runBuild(Main.java:811)
	at org.apache.tools.ant.Main.startAnt(Main.java:217)
	at org.apache.tools.ant.launch.Launcher.run(Launcher.java:280)
	at org.apache.tools.ant.launch.Launcher.main(Launcher.java:109)


failure assertion code:
test("goog.scope(function () {" +


There is a bug in the above code, please help me locate it by considering the stack trace information and failure assertion code.

Output **only** the exact buggy statement, with no line numbers, explanations, or additional content. Your response should contain just the buggy code line. Do not include ```java or ``` markers in the response.

================== prompt_apr_1 ==================

public static Node newQualifiedNameNodeDeclaration(
      CodingConvention convention, String name, Node value, JSDocInfo info) {
    Node result;
    Node nameNode = newQualifiedNameNode(convention, name);
    if (nameNode.isName()) {
      result = IR.var(nameNode, value);
      result.setJSDocInfo(info);
    } else {
      result = IR.exprResult(IR.assign(nameNode, value));
      result.getFirstChild().setJSDocInfo(info);
    }
    return result;
  }

There is a bug in line [9] of the code, please help me fix it.

Please return the **complete corrected method**. Do not skip or omit any part of the code. Do not include ```java or ``` markers in the response.

================== prompt_apr_2 ==================

public static Node newQualifiedNameNodeDeclaration(
      CodingConvention convention, String name, Node value, JSDocInfo info) {
    Node result;
    Node nameNode = newQualifiedNameNode(convention, name);
    if (nameNode.isName()) {
      result = IR.var(nameNode, value);
      result.setJSDocInfo(info);
    } else {
      result = IR.exprResult(IR.assign(nameNode, value));
      result.getFirstChild().setJSDocInfo(info);
    }
    return result;
  }

There is a bug in ['      result = IR.exprResult(IR.assign(nameNode, value));'] , please help me fix it. 

Please return the **complete corrected method**. Do not skip or omit any part of the code. Do not include ```java or ``` markers in the response.

================== prompt_apr_3 ==================

public static Node newQualifiedNameNodeDeclaration(
      CodingConvention convention, String name, Node value, JSDocInfo info) {
    Node result;
    Node nameNode = newQualifiedNameNode(convention, name);
    if (nameNode.isName()) {
      result = IR.var(nameNode, value);
      result.setJSDocInfo(info);
    } else {
      result = IR.exprResult(IR.assign(nameNode, value));

There is a bug in the last statement, please help me fix it.

Return the code **only from the method declaration to the fixed statement**, without completing or adding additional code. Do not modify anything beyond fixing the bug, and do not complete the `if` statement or other unfinished parts. Do not include ```java or ``` markers in the response.

================== prompt_apr_4 ==================

public static Node newQualifiedNameNodeDeclaration(
      CodingConvention convention, String name, Node value, JSDocInfo info) {
    Node result;
    Node nameNode = newQualifiedNameNode(convention, name);
    if (nameNode.isName()) {
      result = IR.var(nameNode, value);
      result.setJSDocInfo(info);
    } else {
      result = IR.exprResult(IR.assign(nameNode, value));
      result.getFirstChild().setJSDocInfo(info);
    }
    return result;
  }

There is a bug in line [9] of the code, please help me fix it.

Please return the results in a strict JSON format as described below. Please follow these instructions carefully:
1. Your output must include each repaired line's number (`line_number`) and the corresponding fixed code statement (`fixed_statement`).
2. The output format must be a valid JSON array, where each element represents one repaired line, with the following structure:
   - `"line_number"`: The line number of the buggy code that was repaired (integer).
   - `"fixed_statement"`: The repaired statement for that specific line (string).

3. The result must strictly follow this format:
[
    {
        "line_number": int,
        "fixed_statement": "string"
    },
    {
        "line_number": int,
        "fixed_statement": "string"
    }
]
4. The repaired statement in "fixed_statement" must replace the corresponding line in the buggy code.
5. You must NOT include any additional explanation or description in your response. Only return the JSON array. Do not include ```json or ``` markers in the response.

================== prompt_apr_5 ==================

public static Node newQualifiedNameNodeDeclaration(
      CodingConvention convention, String name, Node value, JSDocInfo info) {
    Node result;
    Node nameNode = newQualifiedNameNode(convention, name);
    if (nameNode.isName()) {
      result = IR.var(nameNode, value);
      result.setJSDocInfo(info);
    } else {
      result = IR.exprResult(IR.assign(nameNode, value));
      result.getFirstChild().setJSDocInfo(info);
    }
    return result;
  }

There is a bug in ['      result = IR.exprResult(IR.assign(nameNode, value));'] , please help me fix it. 

Please return the results in a strict JSON format as described below. Please follow these instructions carefully:
1. Your output must include each repaired line's number (`line_number`) and the corresponding fixed code statement (`fixed_statement`).
2. The output format must be a valid JSON array, where each element represents one repaired line, with the following structure:
   - `"line_number"`: The line number of the buggy code that was repaired (integer).
   - `"fixed_statement"`: The repaired statement for that specific line (string).

3. The result must strictly follow this format:
[
    {
        "line_number": int,
        "fixed_statement": "string"
    },
    {
        "line_number": int,
        "fixed_statement": "string"
    }
]
4. The repaired statement in "fixed_statement" must replace the corresponding line in the buggy code.
5. You must NOT include any additional explanation or description in your response. Only return the JSON array. Do not include ```json or ``` markers in the response.

================== prompt_apr_6 ==================

public static Node newQualifiedNameNodeDeclaration(
      CodingConvention convention, String name, Node value, JSDocInfo info) {
    Node result;
    Node nameNode = newQualifiedNameNode(convention, name);
    if (nameNode.isName()) {
      result = IR.var(nameNode, value);
      result.setJSDocInfo(info);
    } else {
      result = IR.exprResult(IR.assign(nameNode, value));

There is a bug in the last statement, please help me fix it.

Please return the results in a strict JSON format as described below. Please follow these instructions carefully:
1. Your output must include each repaired line's number (`line_number`) and the corresponding fixed code statement (`fixed_statement`).
2. The output format must be a valid JSON array, where each element represents one repaired line, with the following structure:
   - `"line_number"`: The line number of the buggy code that was repaired (integer).
   - `"fixed_statement"`: The repaired statement for that specific line (string).

3. The result must strictly follow this format:
[
    {
        "line_number": int,
        "fixed_statement": "string"
    },
    {
        "line_number": int,
        "fixed_statement": "string"
    }
]
4. The repaired statement in "fixed_statement" must replace the corresponding line in the buggy code.
5. You must NOT include any additional explanation or description in your response. Only return the JSON array. Do not include ```json or ``` markers in the response.
