[
    {
        "prompt_fl_1": "\nsource code:\nstatic boolean isBooleanResultHelper(Node n) {\n    switch (n.getType()) {\n      // Primitives\n      case Token.TRUE:\n      case Token.FALSE:\n      // Comparisons\n      case Token.EQ:\n      case Token.NE:\n      case Token.SHEQ:\n      case Token.SHNE:\n      case Token.LT:\n      case Token.GT:\n      case Token.LE:\n      case Token.GE:\n      // Queryies\n      case Token.IN:\n      case Token.INSTANCEOF:\n      // Inversion\n      case Token.NOT:\n      // delete operator returns a boolean.\n        return true;\n      default:\n        return false;\n    }\n  }\n\nThere is a bug in the above code, please help me locate it.\n\nPlease output **only one integer**: the line number of the buggy code (The code starts from line 1). Do not provide any explanations or additional content.\n",
        "prompt_fl_2": "\nsource code:\nstatic boolean isBooleanResultHelper(Node n) {\n    switch (n.getType()) {\n      // Primitives\n      case Token.TRUE:\n      case Token.FALSE:\n      // Comparisons\n      case Token.EQ:\n      case Token.NE:\n      case Token.SHEQ:\n      case Token.SHNE:\n      case Token.LT:\n      case Token.GT:\n      case Token.LE:\n      case Token.GE:\n      // Queryies\n      case Token.IN:\n      case Token.INSTANCEOF:\n      // Inversion\n      case Token.NOT:\n      // delete operator returns a boolean.\n        return true;\n      default:\n        return false;\n    }\n  }\n\nstack trace:\ncom.google.javascript.jscomp.NodeUtilTest::testIsBooleanResult\njunit.framework.AssertionFailedError\n\tat junit.framework.Assert.fail(Assert.java:55)\n\tat junit.framework.Assert.assertTrue(Assert.java:22)\n\tat junit.framework.Assert.assertTrue(Assert.java:31)\n\tat junit.framework.TestCase.assertTrue(TestCase.java:201)\n\tat com.google.javascript.jscomp.NodeUtilTest.testIsBooleanResult(NodeUtilTest.java:1504)\n\tat sun.reflect.NativeMethodAccessorImpl.invoke0(Native Method)\n\tat sun.reflect.NativeMethodAccessorImpl.invoke(NativeMethodAccessorImpl.java:62)\n\tat sun.reflect.DelegatingMethodAccessorImpl.invoke(DelegatingMethodAccessorImpl.java:43)\n\tat java.lang.reflect.Method.invoke(Method.java:498)\n\tat junit.framework.TestCase.runTest(TestCase.java:176)\n\tat junit.framework.TestCase.runBare(TestCase.java:141)\n\tat junit.framework.TestResult$1.protect(TestResult.java:122)\n\tat junit.framework.TestResult.runProtected(TestResult.java:142)\n\tat junit.framework.TestResult.run(TestResult.java:125)\n\tat junit.framework.TestCase.run(TestCase.java:129)\n\tat junit.framework.TestSuite.runTest(TestSuite.java:255)\n\tat junit.framework.TestSuite.run(TestSuite.java:250)\n\tat org.apache.tools.ant.taskdefs.optional.junit.JUnitTestRunner.run(JUnitTestRunner.java:520)\n\tat org.apache.tools.ant.taskdefs.optional.junit.JUnitTask.executeInVM(JUnitTask.java:1484)\n\tat org.apache.tools.ant.taskdefs.optional.junit.JUnitTask.execute(JUnitTask.java:872)\n\tat org.apache.tools.ant.taskdefs.optional.junit.JUnitTask.executeOrQueue(JUnitTask.java:1972)\n\tat org.apache.tools.ant.taskdefs.optional.junit.JUnitTask.execute1(JUnitTask.java:824)\n\tat org.apache.tools.ant.taskdefs.optional.junit.JUnitTask.execute(JUnitTask.java:2277)\n\tat org.apache.tools.ant.UnknownElement.execute(UnknownElement.java:291)\n\tat sun.reflect.GeneratedMethodAccessor4.invoke(Unknown Source)\n\tat sun.reflect.DelegatingMethodAccessorImpl.invoke(DelegatingMethodAccessorImpl.java:43)\n\tat java.lang.reflect.Method.invoke(Method.java:498)\n\tat org.apache.tools.ant.dispatch.DispatchUtils.execute(DispatchUtils.java:106)\n\tat org.apache.tools.ant.Task.perform(Task.java:348)\n\tat org.apache.tools.ant.Target.execute(Target.java:392)\n\tat org.apache.tools.ant.Target.performTasks(Target.java:413)\n\tat org.apache.tools.ant.Project.executeSortedTargets(Project.java:1399)\n\tat org.apache.tools.ant.Project.executeTarget(Project.java:1368)\n\tat org.apache.tools.ant.helper.DefaultExecutor.executeTargets(DefaultExecutor.java:41)\n\tat org.apache.tools.ant.Project.executeTargets(Project.java:1251)\n\tat org.apache.tools.ant.Main.runBuild(Main.java:811)\n\tat org.apache.tools.ant.Main.startAnt(Main.java:217)\n\tat org.apache.tools.ant.launch.Launcher.run(Launcher.java:280)\n\tat org.apache.tools.ant.launch.Launcher.main(Launcher.java:109)\ncom.google.javascript.jscomp.NodeUtilTest::testLocalValue1\njava.lang.IllegalStateException: Unexpected expression nodeDELPROP 1 [sourcename:  [testcode] ] [parenthesized: true]\n parent:NAME a 1 [sourcename:  [testcode] ]\n\tat com.google.javascript.jscomp.NodeUtil.evaluatesToLocalValue(NodeUtil.java:2923)\n\tat com.google.javascript.jscomp.NodeUtil.evaluatesToLocalValue(NodeUtil.java:2856)\n\tat com.google.javascript.jscomp.NodeUtilTest.testLocalValue(NodeUtilTest.java:1281)\n\tat com.google.javascript.jscomp.NodeUtilTest.testLocalValue1(NodeUtilTest.java:1169)\n\tat sun.reflect.NativeMethodAccessorImpl.invoke0(Native Method)\n\tat sun.reflect.NativeMethodAccessorImpl.invoke(NativeMethodAccessorImpl.java:62)\n\tat sun.reflect.DelegatingMethodAccessorImpl.invoke(DelegatingMethodAccessorImpl.java:43)\n\tat java.lang.reflect.Method.invoke(Method.java:498)\n\tat junit.framework.TestCase.runTest(TestCase.java:176)\n\tat junit.framework.TestCase.runBare(TestCase.java:141)\n\tat junit.framework.TestResult$1.protect(TestResult.java:122)\n\tat junit.framework.TestResult.runProtected(TestResult.java:142)\n\tat junit.framework.TestResult.run(TestResult.java:125)\n\tat junit.framework.TestCase.run(TestCase.java:129)\n\tat junit.framework.TestSuite.runTest(TestSuite.java:255)\n\tat junit.framework.TestSuite.run(TestSuite.java:250)\n\tat org.apache.tools.ant.taskdefs.optional.junit.JUnitTestRunner.run(JUnitTestRunner.java:520)\n\tat org.apache.tools.ant.taskdefs.optional.junit.JUnitTask.executeInVM(JUnitTask.java:1484)\n\tat org.apache.tools.ant.taskdefs.optional.junit.JUnitTask.execute(JUnitTask.java:872)\n\tat org.apache.tools.ant.taskdefs.optional.junit.JUnitTask.executeOrQueue(JUnitTask.java:1972)\n\tat org.apache.tools.ant.taskdefs.optional.junit.JUnitTask.execute1(JUnitTask.java:824)\n\tat org.apache.tools.ant.taskdefs.optional.junit.JUnitTask.execute(JUnitTask.java:2277)\n\tat org.apache.tools.ant.UnknownElement.execute(UnknownElement.java:291)\n\tat sun.reflect.GeneratedMethodAccessor4.invoke(Unknown Source)\n\tat sun.reflect.DelegatingMethodAccessorImpl.invoke(DelegatingMethodAccessorImpl.java:43)\n\tat java.lang.reflect.Method.invoke(Method.java:498)\n\tat org.apache.tools.ant.dispatch.DispatchUtils.execute(DispatchUtils.java:106)\n\tat org.apache.tools.ant.Task.perform(Task.java:348)\n\tat org.apache.tools.ant.Target.execute(Target.java:392)\n\tat org.apache.tools.ant.Target.performTasks(Target.java:413)\n\tat org.apache.tools.ant.Project.executeSortedTargets(Project.java:1399)\n\tat org.apache.tools.ant.Project.executeTarget(Project.java:1368)\n\tat org.apache.tools.ant.helper.DefaultExecutor.executeTargets(DefaultExecutor.java:41)\n\tat org.apache.tools.ant.Project.executeTargets(Project.java:1251)\n\tat org.apache.tools.ant.Main.runBuild(Main.java:811)\n\tat org.apache.tools.ant.Main.startAnt(Main.java:217)\n\tat org.apache.tools.ant.launch.Launcher.run(Launcher.java:280)\n\tat org.apache.tools.ant.launch.Launcher.main(Launcher.java:109)\n\n\nThere is a bug in the above code, please help me locate it by considering the stack trace.\n\nPlease output **only one integer**: the line number of the buggy code (The code starts from line 1). Do not provide any explanations or additional content.\n",
        "prompt_fl_3": "\nsource code:\nstatic boolean isBooleanResultHelper(Node n) {\n    switch (n.getType()) {\n      // Primitives\n      case Token.TRUE:\n      case Token.FALSE:\n      // Comparisons\n      case Token.EQ:\n      case Token.NE:\n      case Token.SHEQ:\n      case Token.SHNE:\n      case Token.LT:\n      case Token.GT:\n      case Token.LE:\n      case Token.GE:\n      // Queryies\n      case Token.IN:\n      case Token.INSTANCEOF:\n      // Inversion\n      case Token.NOT:\n      // delete operator returns a boolean.\n        return true;\n      default:\n        return false;\n    }\n  }\n\nstack trace:\ncom.google.javascript.jscomp.NodeUtilTest::testIsBooleanResult\njunit.framework.AssertionFailedError\n\tat junit.framework.Assert.fail(Assert.java:55)\n\tat junit.framework.Assert.assertTrue(Assert.java:22)\n\tat junit.framework.Assert.assertTrue(Assert.java:31)\n\tat junit.framework.TestCase.assertTrue(TestCase.java:201)\n\tat com.google.javascript.jscomp.NodeUtilTest.testIsBooleanResult(NodeUtilTest.java:1504)\n\tat sun.reflect.NativeMethodAccessorImpl.invoke0(Native Method)\n\tat sun.reflect.NativeMethodAccessorImpl.invoke(NativeMethodAccessorImpl.java:62)\n\tat sun.reflect.DelegatingMethodAccessorImpl.invoke(DelegatingMethodAccessorImpl.java:43)\n\tat java.lang.reflect.Method.invoke(Method.java:498)\n\tat junit.framework.TestCase.runTest(TestCase.java:176)\n\tat junit.framework.TestCase.runBare(TestCase.java:141)\n\tat junit.framework.TestResult$1.protect(TestResult.java:122)\n\tat junit.framework.TestResult.runProtected(TestResult.java:142)\n\tat junit.framework.TestResult.run(TestResult.java:125)\n\tat junit.framework.TestCase.run(TestCase.java:129)\n\tat junit.framework.TestSuite.runTest(TestSuite.java:255)\n\tat junit.framework.TestSuite.run(TestSuite.java:250)\n\tat org.apache.tools.ant.taskdefs.optional.junit.JUnitTestRunner.run(JUnitTestRunner.java:520)\n\tat org.apache.tools.ant.taskdefs.optional.junit.JUnitTask.executeInVM(JUnitTask.java:1484)\n\tat org.apache.tools.ant.taskdefs.optional.junit.JUnitTask.execute(JUnitTask.java:872)\n\tat org.apache.tools.ant.taskdefs.optional.junit.JUnitTask.executeOrQueue(JUnitTask.java:1972)\n\tat org.apache.tools.ant.taskdefs.optional.junit.JUnitTask.execute1(JUnitTask.java:824)\n\tat org.apache.tools.ant.taskdefs.optional.junit.JUnitTask.execute(JUnitTask.java:2277)\n\tat org.apache.tools.ant.UnknownElement.execute(UnknownElement.java:291)\n\tat sun.reflect.GeneratedMethodAccessor4.invoke(Unknown Source)\n\tat sun.reflect.DelegatingMethodAccessorImpl.invoke(DelegatingMethodAccessorImpl.java:43)\n\tat java.lang.reflect.Method.invoke(Method.java:498)\n\tat org.apache.tools.ant.dispatch.DispatchUtils.execute(DispatchUtils.java:106)\n\tat org.apache.tools.ant.Task.perform(Task.java:348)\n\tat org.apache.tools.ant.Target.execute(Target.java:392)\n\tat org.apache.tools.ant.Target.performTasks(Target.java:413)\n\tat org.apache.tools.ant.Project.executeSortedTargets(Project.java:1399)\n\tat org.apache.tools.ant.Project.executeTarget(Project.java:1368)\n\tat org.apache.tools.ant.helper.DefaultExecutor.executeTargets(DefaultExecutor.java:41)\n\tat org.apache.tools.ant.Project.executeTargets(Project.java:1251)\n\tat org.apache.tools.ant.Main.runBuild(Main.java:811)\n\tat org.apache.tools.ant.Main.startAnt(Main.java:217)\n\tat org.apache.tools.ant.launch.Launcher.run(Launcher.java:280)\n\tat org.apache.tools.ant.launch.Launcher.main(Launcher.java:109)\ncom.google.javascript.jscomp.NodeUtilTest::testLocalValue1\njava.lang.IllegalStateException: Unexpected expression nodeDELPROP 1 [sourcename:  [testcode] ] [parenthesized: true]\n parent:NAME a 1 [sourcename:  [testcode] ]\n\tat com.google.javascript.jscomp.NodeUtil.evaluatesToLocalValue(NodeUtil.java:2923)\n\tat com.google.javascript.jscomp.NodeUtil.evaluatesToLocalValue(NodeUtil.java:2856)\n\tat com.google.javascript.jscomp.NodeUtilTest.testLocalValue(NodeUtilTest.java:1281)\n\tat com.google.javascript.jscomp.NodeUtilTest.testLocalValue1(NodeUtilTest.java:1169)\n\tat sun.reflect.NativeMethodAccessorImpl.invoke0(Native Method)\n\tat sun.reflect.NativeMethodAccessorImpl.invoke(NativeMethodAccessorImpl.java:62)\n\tat sun.reflect.DelegatingMethodAccessorImpl.invoke(DelegatingMethodAccessorImpl.java:43)\n\tat java.lang.reflect.Method.invoke(Method.java:498)\n\tat junit.framework.TestCase.runTest(TestCase.java:176)\n\tat junit.framework.TestCase.runBare(TestCase.java:141)\n\tat junit.framework.TestResult$1.protect(TestResult.java:122)\n\tat junit.framework.TestResult.runProtected(TestResult.java:142)\n\tat junit.framework.TestResult.run(TestResult.java:125)\n\tat junit.framework.TestCase.run(TestCase.java:129)\n\tat junit.framework.TestSuite.runTest(TestSuite.java:255)\n\tat junit.framework.TestSuite.run(TestSuite.java:250)\n\tat org.apache.tools.ant.taskdefs.optional.junit.JUnitTestRunner.run(JUnitTestRunner.java:520)\n\tat org.apache.tools.ant.taskdefs.optional.junit.JUnitTask.executeInVM(JUnitTask.java:1484)\n\tat org.apache.tools.ant.taskdefs.optional.junit.JUnitTask.execute(JUnitTask.java:872)\n\tat org.apache.tools.ant.taskdefs.optional.junit.JUnitTask.executeOrQueue(JUnitTask.java:1972)\n\tat org.apache.tools.ant.taskdefs.optional.junit.JUnitTask.execute1(JUnitTask.java:824)\n\tat org.apache.tools.ant.taskdefs.optional.junit.JUnitTask.execute(JUnitTask.java:2277)\n\tat org.apache.tools.ant.UnknownElement.execute(UnknownElement.java:291)\n\tat sun.reflect.GeneratedMethodAccessor4.invoke(Unknown Source)\n\tat sun.reflect.DelegatingMethodAccessorImpl.invoke(DelegatingMethodAccessorImpl.java:43)\n\tat java.lang.reflect.Method.invoke(Method.java:498)\n\tat org.apache.tools.ant.dispatch.DispatchUtils.execute(DispatchUtils.java:106)\n\tat org.apache.tools.ant.Task.perform(Task.java:348)\n\tat org.apache.tools.ant.Target.execute(Target.java:392)\n\tat org.apache.tools.ant.Target.performTasks(Target.java:413)\n\tat org.apache.tools.ant.Project.executeSortedTargets(Project.java:1399)\n\tat org.apache.tools.ant.Project.executeTarget(Project.java:1368)\n\tat org.apache.tools.ant.helper.DefaultExecutor.executeTargets(DefaultExecutor.java:41)\n\tat org.apache.tools.ant.Project.executeTargets(Project.java:1251)\n\tat org.apache.tools.ant.Main.runBuild(Main.java:811)\n\tat org.apache.tools.ant.Main.startAnt(Main.java:217)\n\tat org.apache.tools.ant.launch.Launcher.run(Launcher.java:280)\n\tat org.apache.tools.ant.launch.Launcher.main(Launcher.java:109)\n\n\nfailure assertion code:\nassertTrue(NodeUtil.isBooleanResult(getNode(\"delete a\")));\n\n\nThere is a bug in the above code, please help me locate it by considering the stack trace information and failure assertion code.\n\nPlease output **only one integer**: the line number of the buggy code (The code starts from line 1). Do not provide any explanations or additional content.\n",
        "prompt_fl_4": "\nsource code:\nstatic boolean isBooleanResultHelper(Node n) {\n    switch (n.getType()) {\n      // Primitives\n      case Token.TRUE:\n      case Token.FALSE:\n      // Comparisons\n      case Token.EQ:\n      case Token.NE:\n      case Token.SHEQ:\n      case Token.SHNE:\n      case Token.LT:\n      case Token.GT:\n      case Token.LE:\n      case Token.GE:\n      // Queryies\n      case Token.IN:\n      case Token.INSTANCEOF:\n      // Inversion\n      case Token.NOT:\n      // delete operator returns a boolean.\n        return true;\n      default:\n        return false;\n    }\n  }\n\nThere is a bug in the above code, please help me locate it.\n\nOutput **only** the exact buggy statement, with no line numbers, explanations, or additional content. Your response should contain just the buggy code line. Do not include ```java or ``` markers in the response.\n",
        "prompt_fl_5": "\nsource code:\nstatic boolean isBooleanResultHelper(Node n) {\n    switch (n.getType()) {\n      // Primitives\n      case Token.TRUE:\n      case Token.FALSE:\n      // Comparisons\n      case Token.EQ:\n      case Token.NE:\n      case Token.SHEQ:\n      case Token.SHNE:\n      case Token.LT:\n      case Token.GT:\n      case Token.LE:\n      case Token.GE:\n      // Queryies\n      case Token.IN:\n      case Token.INSTANCEOF:\n      // Inversion\n      case Token.NOT:\n      // delete operator returns a boolean.\n        return true;\n      default:\n        return false;\n    }\n  }\n\nstack trace:\ncom.google.javascript.jscomp.NodeUtilTest::testIsBooleanResult\njunit.framework.AssertionFailedError\n\tat junit.framework.Assert.fail(Assert.java:55)\n\tat junit.framework.Assert.assertTrue(Assert.java:22)\n\tat junit.framework.Assert.assertTrue(Assert.java:31)\n\tat junit.framework.TestCase.assertTrue(TestCase.java:201)\n\tat com.google.javascript.jscomp.NodeUtilTest.testIsBooleanResult(NodeUtilTest.java:1504)\n\tat sun.reflect.NativeMethodAccessorImpl.invoke0(Native Method)\n\tat sun.reflect.NativeMethodAccessorImpl.invoke(NativeMethodAccessorImpl.java:62)\n\tat sun.reflect.DelegatingMethodAccessorImpl.invoke(DelegatingMethodAccessorImpl.java:43)\n\tat java.lang.reflect.Method.invoke(Method.java:498)\n\tat junit.framework.TestCase.runTest(TestCase.java:176)\n\tat junit.framework.TestCase.runBare(TestCase.java:141)\n\tat junit.framework.TestResult$1.protect(TestResult.java:122)\n\tat junit.framework.TestResult.runProtected(TestResult.java:142)\n\tat junit.framework.TestResult.run(TestResult.java:125)\n\tat junit.framework.TestCase.run(TestCase.java:129)\n\tat junit.framework.TestSuite.runTest(TestSuite.java:255)\n\tat junit.framework.TestSuite.run(TestSuite.java:250)\n\tat org.apache.tools.ant.taskdefs.optional.junit.JUnitTestRunner.run(JUnitTestRunner.java:520)\n\tat org.apache.tools.ant.taskdefs.optional.junit.JUnitTask.executeInVM(JUnitTask.java:1484)\n\tat org.apache.tools.ant.taskdefs.optional.junit.JUnitTask.execute(JUnitTask.java:872)\n\tat org.apache.tools.ant.taskdefs.optional.junit.JUnitTask.executeOrQueue(JUnitTask.java:1972)\n\tat org.apache.tools.ant.taskdefs.optional.junit.JUnitTask.execute1(JUnitTask.java:824)\n\tat org.apache.tools.ant.taskdefs.optional.junit.JUnitTask.execute(JUnitTask.java:2277)\n\tat org.apache.tools.ant.UnknownElement.execute(UnknownElement.java:291)\n\tat sun.reflect.GeneratedMethodAccessor4.invoke(Unknown Source)\n\tat sun.reflect.DelegatingMethodAccessorImpl.invoke(DelegatingMethodAccessorImpl.java:43)\n\tat java.lang.reflect.Method.invoke(Method.java:498)\n\tat org.apache.tools.ant.dispatch.DispatchUtils.execute(DispatchUtils.java:106)\n\tat org.apache.tools.ant.Task.perform(Task.java:348)\n\tat org.apache.tools.ant.Target.execute(Target.java:392)\n\tat org.apache.tools.ant.Target.performTasks(Target.java:413)\n\tat org.apache.tools.ant.Project.executeSortedTargets(Project.java:1399)\n\tat org.apache.tools.ant.Project.executeTarget(Project.java:1368)\n\tat org.apache.tools.ant.helper.DefaultExecutor.executeTargets(DefaultExecutor.java:41)\n\tat org.apache.tools.ant.Project.executeTargets(Project.java:1251)\n\tat org.apache.tools.ant.Main.runBuild(Main.java:811)\n\tat org.apache.tools.ant.Main.startAnt(Main.java:217)\n\tat org.apache.tools.ant.launch.Launcher.run(Launcher.java:280)\n\tat org.apache.tools.ant.launch.Launcher.main(Launcher.java:109)\ncom.google.javascript.jscomp.NodeUtilTest::testLocalValue1\njava.lang.IllegalStateException: Unexpected expression nodeDELPROP 1 [sourcename:  [testcode] ] [parenthesized: true]\n parent:NAME a 1 [sourcename:  [testcode] ]\n\tat com.google.javascript.jscomp.NodeUtil.evaluatesToLocalValue(NodeUtil.java:2923)\n\tat com.google.javascript.jscomp.NodeUtil.evaluatesToLocalValue(NodeUtil.java:2856)\n\tat com.google.javascript.jscomp.NodeUtilTest.testLocalValue(NodeUtilTest.java:1281)\n\tat com.google.javascript.jscomp.NodeUtilTest.testLocalValue1(NodeUtilTest.java:1169)\n\tat sun.reflect.NativeMethodAccessorImpl.invoke0(Native Method)\n\tat sun.reflect.NativeMethodAccessorImpl.invoke(NativeMethodAccessorImpl.java:62)\n\tat sun.reflect.DelegatingMethodAccessorImpl.invoke(DelegatingMethodAccessorImpl.java:43)\n\tat java.lang.reflect.Method.invoke(Method.java:498)\n\tat junit.framework.TestCase.runTest(TestCase.java:176)\n\tat junit.framework.TestCase.runBare(TestCase.java:141)\n\tat junit.framework.TestResult$1.protect(TestResult.java:122)\n\tat junit.framework.TestResult.runProtected(TestResult.java:142)\n\tat junit.framework.TestResult.run(TestResult.java:125)\n\tat junit.framework.TestCase.run(TestCase.java:129)\n\tat junit.framework.TestSuite.runTest(TestSuite.java:255)\n\tat junit.framework.TestSuite.run(TestSuite.java:250)\n\tat org.apache.tools.ant.taskdefs.optional.junit.JUnitTestRunner.run(JUnitTestRunner.java:520)\n\tat org.apache.tools.ant.taskdefs.optional.junit.JUnitTask.executeInVM(JUnitTask.java:1484)\n\tat org.apache.tools.ant.taskdefs.optional.junit.JUnitTask.execute(JUnitTask.java:872)\n\tat org.apache.tools.ant.taskdefs.optional.junit.JUnitTask.executeOrQueue(JUnitTask.java:1972)\n\tat org.apache.tools.ant.taskdefs.optional.junit.JUnitTask.execute1(JUnitTask.java:824)\n\tat org.apache.tools.ant.taskdefs.optional.junit.JUnitTask.execute(JUnitTask.java:2277)\n\tat org.apache.tools.ant.UnknownElement.execute(UnknownElement.java:291)\n\tat sun.reflect.GeneratedMethodAccessor4.invoke(Unknown Source)\n\tat sun.reflect.DelegatingMethodAccessorImpl.invoke(DelegatingMethodAccessorImpl.java:43)\n\tat java.lang.reflect.Method.invoke(Method.java:498)\n\tat org.apache.tools.ant.dispatch.DispatchUtils.execute(DispatchUtils.java:106)\n\tat org.apache.tools.ant.Task.perform(Task.java:348)\n\tat org.apache.tools.ant.Target.execute(Target.java:392)\n\tat org.apache.tools.ant.Target.performTasks(Target.java:413)\n\tat org.apache.tools.ant.Project.executeSortedTargets(Project.java:1399)\n\tat org.apache.tools.ant.Project.executeTarget(Project.java:1368)\n\tat org.apache.tools.ant.helper.DefaultExecutor.executeTargets(DefaultExecutor.java:41)\n\tat org.apache.tools.ant.Project.executeTargets(Project.java:1251)\n\tat org.apache.tools.ant.Main.runBuild(Main.java:811)\n\tat org.apache.tools.ant.Main.startAnt(Main.java:217)\n\tat org.apache.tools.ant.launch.Launcher.run(Launcher.java:280)\n\tat org.apache.tools.ant.launch.Launcher.main(Launcher.java:109)\n\n\nThere is a bug in the above code, please help me locate it by considering the stack trace.\n\nOutput **only** the exact buggy statement, with no line numbers, explanations, or additional content. Your response should contain just the buggy code line. Do not include ```java or ``` markers in the response.\n",
        "prompt_fl_6": "\nsource code:\nstatic boolean isBooleanResultHelper(Node n) {\n    switch (n.getType()) {\n      // Primitives\n      case Token.TRUE:\n      case Token.FALSE:\n      // Comparisons\n      case Token.EQ:\n      case Token.NE:\n      case Token.SHEQ:\n      case Token.SHNE:\n      case Token.LT:\n      case Token.GT:\n      case Token.LE:\n      case Token.GE:\n      // Queryies\n      case Token.IN:\n      case Token.INSTANCEOF:\n      // Inversion\n      case Token.NOT:\n      // delete operator returns a boolean.\n        return true;\n      default:\n        return false;\n    }\n  }\n\nstack trace:\ncom.google.javascript.jscomp.NodeUtilTest::testIsBooleanResult\njunit.framework.AssertionFailedError\n\tat junit.framework.Assert.fail(Assert.java:55)\n\tat junit.framework.Assert.assertTrue(Assert.java:22)\n\tat junit.framework.Assert.assertTrue(Assert.java:31)\n\tat junit.framework.TestCase.assertTrue(TestCase.java:201)\n\tat com.google.javascript.jscomp.NodeUtilTest.testIsBooleanResult(NodeUtilTest.java:1504)\n\tat sun.reflect.NativeMethodAccessorImpl.invoke0(Native Method)\n\tat sun.reflect.NativeMethodAccessorImpl.invoke(NativeMethodAccessorImpl.java:62)\n\tat sun.reflect.DelegatingMethodAccessorImpl.invoke(DelegatingMethodAccessorImpl.java:43)\n\tat java.lang.reflect.Method.invoke(Method.java:498)\n\tat junit.framework.TestCase.runTest(TestCase.java:176)\n\tat junit.framework.TestCase.runBare(TestCase.java:141)\n\tat junit.framework.TestResult$1.protect(TestResult.java:122)\n\tat junit.framework.TestResult.runProtected(TestResult.java:142)\n\tat junit.framework.TestResult.run(TestResult.java:125)\n\tat junit.framework.TestCase.run(TestCase.java:129)\n\tat junit.framework.TestSuite.runTest(TestSuite.java:255)\n\tat junit.framework.TestSuite.run(TestSuite.java:250)\n\tat org.apache.tools.ant.taskdefs.optional.junit.JUnitTestRunner.run(JUnitTestRunner.java:520)\n\tat org.apache.tools.ant.taskdefs.optional.junit.JUnitTask.executeInVM(JUnitTask.java:1484)\n\tat org.apache.tools.ant.taskdefs.optional.junit.JUnitTask.execute(JUnitTask.java:872)\n\tat org.apache.tools.ant.taskdefs.optional.junit.JUnitTask.executeOrQueue(JUnitTask.java:1972)\n\tat org.apache.tools.ant.taskdefs.optional.junit.JUnitTask.execute1(JUnitTask.java:824)\n\tat org.apache.tools.ant.taskdefs.optional.junit.JUnitTask.execute(JUnitTask.java:2277)\n\tat org.apache.tools.ant.UnknownElement.execute(UnknownElement.java:291)\n\tat sun.reflect.GeneratedMethodAccessor4.invoke(Unknown Source)\n\tat sun.reflect.DelegatingMethodAccessorImpl.invoke(DelegatingMethodAccessorImpl.java:43)\n\tat java.lang.reflect.Method.invoke(Method.java:498)\n\tat org.apache.tools.ant.dispatch.DispatchUtils.execute(DispatchUtils.java:106)\n\tat org.apache.tools.ant.Task.perform(Task.java:348)\n\tat org.apache.tools.ant.Target.execute(Target.java:392)\n\tat org.apache.tools.ant.Target.performTasks(Target.java:413)\n\tat org.apache.tools.ant.Project.executeSortedTargets(Project.java:1399)\n\tat org.apache.tools.ant.Project.executeTarget(Project.java:1368)\n\tat org.apache.tools.ant.helper.DefaultExecutor.executeTargets(DefaultExecutor.java:41)\n\tat org.apache.tools.ant.Project.executeTargets(Project.java:1251)\n\tat org.apache.tools.ant.Main.runBuild(Main.java:811)\n\tat org.apache.tools.ant.Main.startAnt(Main.java:217)\n\tat org.apache.tools.ant.launch.Launcher.run(Launcher.java:280)\n\tat org.apache.tools.ant.launch.Launcher.main(Launcher.java:109)\ncom.google.javascript.jscomp.NodeUtilTest::testLocalValue1\njava.lang.IllegalStateException: Unexpected expression nodeDELPROP 1 [sourcename:  [testcode] ] [parenthesized: true]\n parent:NAME a 1 [sourcename:  [testcode] ]\n\tat com.google.javascript.jscomp.NodeUtil.evaluatesToLocalValue(NodeUtil.java:2923)\n\tat com.google.javascript.jscomp.NodeUtil.evaluatesToLocalValue(NodeUtil.java:2856)\n\tat com.google.javascript.jscomp.NodeUtilTest.testLocalValue(NodeUtilTest.java:1281)\n\tat com.google.javascript.jscomp.NodeUtilTest.testLocalValue1(NodeUtilTest.java:1169)\n\tat sun.reflect.NativeMethodAccessorImpl.invoke0(Native Method)\n\tat sun.reflect.NativeMethodAccessorImpl.invoke(NativeMethodAccessorImpl.java:62)\n\tat sun.reflect.DelegatingMethodAccessorImpl.invoke(DelegatingMethodAccessorImpl.java:43)\n\tat java.lang.reflect.Method.invoke(Method.java:498)\n\tat junit.framework.TestCase.runTest(TestCase.java:176)\n\tat junit.framework.TestCase.runBare(TestCase.java:141)\n\tat junit.framework.TestResult$1.protect(TestResult.java:122)\n\tat junit.framework.TestResult.runProtected(TestResult.java:142)\n\tat junit.framework.TestResult.run(TestResult.java:125)\n\tat junit.framework.TestCase.run(TestCase.java:129)\n\tat junit.framework.TestSuite.runTest(TestSuite.java:255)\n\tat junit.framework.TestSuite.run(TestSuite.java:250)\n\tat org.apache.tools.ant.taskdefs.optional.junit.JUnitTestRunner.run(JUnitTestRunner.java:520)\n\tat org.apache.tools.ant.taskdefs.optional.junit.JUnitTask.executeInVM(JUnitTask.java:1484)\n\tat org.apache.tools.ant.taskdefs.optional.junit.JUnitTask.execute(JUnitTask.java:872)\n\tat org.apache.tools.ant.taskdefs.optional.junit.JUnitTask.executeOrQueue(JUnitTask.java:1972)\n\tat org.apache.tools.ant.taskdefs.optional.junit.JUnitTask.execute1(JUnitTask.java:824)\n\tat org.apache.tools.ant.taskdefs.optional.junit.JUnitTask.execute(JUnitTask.java:2277)\n\tat org.apache.tools.ant.UnknownElement.execute(UnknownElement.java:291)\n\tat sun.reflect.GeneratedMethodAccessor4.invoke(Unknown Source)\n\tat sun.reflect.DelegatingMethodAccessorImpl.invoke(DelegatingMethodAccessorImpl.java:43)\n\tat java.lang.reflect.Method.invoke(Method.java:498)\n\tat org.apache.tools.ant.dispatch.DispatchUtils.execute(DispatchUtils.java:106)\n\tat org.apache.tools.ant.Task.perform(Task.java:348)\n\tat org.apache.tools.ant.Target.execute(Target.java:392)\n\tat org.apache.tools.ant.Target.performTasks(Target.java:413)\n\tat org.apache.tools.ant.Project.executeSortedTargets(Project.java:1399)\n\tat org.apache.tools.ant.Project.executeTarget(Project.java:1368)\n\tat org.apache.tools.ant.helper.DefaultExecutor.executeTargets(DefaultExecutor.java:41)\n\tat org.apache.tools.ant.Project.executeTargets(Project.java:1251)\n\tat org.apache.tools.ant.Main.runBuild(Main.java:811)\n\tat org.apache.tools.ant.Main.startAnt(Main.java:217)\n\tat org.apache.tools.ant.launch.Launcher.run(Launcher.java:280)\n\tat org.apache.tools.ant.launch.Launcher.main(Launcher.java:109)\n\n\nfailure assertion code:\nassertTrue(NodeUtil.isBooleanResult(getNode(\"delete a\")));\n\n\nThere is a bug in the above code, please help me locate it by considering the stack trace information and failure assertion code.\n\nOutput **only** the exact buggy statement, with no line numbers, explanations, or additional content. Your response should contain just the buggy code line. Do not include ```java or ``` markers in the response.\n",
        "prompt_apr_1": "\nstatic boolean isBooleanResultHelper(Node n) {\n    switch (n.getType()) {\n      // Primitives\n      case Token.TRUE:\n      case Token.FALSE:\n      // Comparisons\n      case Token.EQ:\n      case Token.NE:\n      case Token.SHEQ:\n      case Token.SHNE:\n      case Token.LT:\n      case Token.GT:\n      case Token.LE:\n      case Token.GE:\n      // Queryies\n      case Token.IN:\n      case Token.INSTANCEOF:\n      // Inversion\n      case Token.NOT:\n      // delete operator returns a boolean.\n        return true;\n      default:\n        return false;\n    }\n  }\n\nThere is a bug in line [21] of the code, please help me fix it.\n\nPlease return the **complete corrected method**. Do not skip or omit any part of the code. Do not include ```java or ``` markers in the response.\n",
        "prompt_apr_2": "\nstatic boolean isBooleanResultHelper(Node n) {\n    switch (n.getType()) {\n      // Primitives\n      case Token.TRUE:\n      case Token.FALSE:\n      // Comparisons\n      case Token.EQ:\n      case Token.NE:\n      case Token.SHEQ:\n      case Token.SHNE:\n      case Token.LT:\n      case Token.GT:\n      case Token.LE:\n      case Token.GE:\n      // Queryies\n      case Token.IN:\n      case Token.INSTANCEOF:\n      // Inversion\n      case Token.NOT:\n      // delete operator returns a boolean.\n        return true;\n      default:\n        return false;\n    }\n  }\n\nThere is a bug in ['        return true;'] , please help me fix it. \n\nPlease return the **complete corrected method**. Do not skip or omit any part of the code. Do not include ```java or ``` markers in the response.\n",
        "prompt_apr_3": "\nstatic boolean isBooleanResultHelper(Node n) {\n    switch (n.getType()) {\n      // Primitives\n      case Token.TRUE:\n      case Token.FALSE:\n      // Comparisons\n      case Token.EQ:\n      case Token.NE:\n      case Token.SHEQ:\n      case Token.SHNE:\n      case Token.LT:\n      case Token.GT:\n      case Token.LE:\n      case Token.GE:\n      // Queryies\n      case Token.IN:\n      case Token.INSTANCEOF:\n      // Inversion\n      case Token.NOT:\n      // delete operator returns a boolean.\n        return true;\n\nThere is a bug in the last statement, please help me fix it.\n\nReturn the code **only from the method declaration to the fixed statement**, without completing or adding additional code. Do not modify anything beyond fixing the bug, and do not complete the `if` statement or other unfinished parts. Do not include ```java or ``` markers in the response.\n",
        "prompt_apr_4": "\nstatic boolean isBooleanResultHelper(Node n) {\n    switch (n.getType()) {\n      // Primitives\n      case Token.TRUE:\n      case Token.FALSE:\n      // Comparisons\n      case Token.EQ:\n      case Token.NE:\n      case Token.SHEQ:\n      case Token.SHNE:\n      case Token.LT:\n      case Token.GT:\n      case Token.LE:\n      case Token.GE:\n      // Queryies\n      case Token.IN:\n      case Token.INSTANCEOF:\n      // Inversion\n      case Token.NOT:\n      // delete operator returns a boolean.\n        return true;\n      default:\n        return false;\n    }\n  }\n\nThere is a bug in line [21] of the code, please help me fix it.\n\nPlease return the results in a strict JSON format as described below. Please follow these instructions carefully:\n1. Your output must include each repaired line's number (`line_number`) and the corresponding fixed code statement (`fixed_statement`).\n2. The output format must be a valid JSON array, where each element represents one repaired line, with the following structure:\n   - `\"line_number\"`: The line number of the buggy code that was repaired (integer).\n   - `\"fixed_statement\"`: The repaired statement for that specific line (string).\n\n3. The result must strictly follow this format:\n[\n    {\n        \"line_number\": int,\n        \"fixed_statement\": \"string\"\n    },\n    {\n        \"line_number\": int,\n        \"fixed_statement\": \"string\"\n    }\n]\n4. The repaired statement in \"fixed_statement\" must replace the corresponding line in the buggy code.\n5. You must NOT include any additional explanation or description in your response. Only return the JSON array. Do not include ```json or ``` markers in the response.\n",
        "prompt_apr_5": "\nstatic boolean isBooleanResultHelper(Node n) {\n    switch (n.getType()) {\n      // Primitives\n      case Token.TRUE:\n      case Token.FALSE:\n      // Comparisons\n      case Token.EQ:\n      case Token.NE:\n      case Token.SHEQ:\n      case Token.SHNE:\n      case Token.LT:\n      case Token.GT:\n      case Token.LE:\n      case Token.GE:\n      // Queryies\n      case Token.IN:\n      case Token.INSTANCEOF:\n      // Inversion\n      case Token.NOT:\n      // delete operator returns a boolean.\n        return true;\n      default:\n        return false;\n    }\n  }\n\nThere is a bug in ['        return true;'] , please help me fix it. \n\nPlease return the results in a strict JSON format as described below. Please follow these instructions carefully:\n1. Your output must include each repaired line's number (`line_number`) and the corresponding fixed code statement (`fixed_statement`).\n2. The output format must be a valid JSON array, where each element represents one repaired line, with the following structure:\n   - `\"line_number\"`: The line number of the buggy code that was repaired (integer).\n   - `\"fixed_statement\"`: The repaired statement for that specific line (string).\n\n3. The result must strictly follow this format:\n[\n    {\n        \"line_number\": int,\n        \"fixed_statement\": \"string\"\n    },\n    {\n        \"line_number\": int,\n        \"fixed_statement\": \"string\"\n    }\n]\n4. The repaired statement in \"fixed_statement\" must replace the corresponding line in the buggy code.\n5. You must NOT include any additional explanation or description in your response. Only return the JSON array. Do not include ```json or ``` markers in the response.\n",
        "prompt_apr_6": "\nstatic boolean isBooleanResultHelper(Node n) {\n    switch (n.getType()) {\n      // Primitives\n      case Token.TRUE:\n      case Token.FALSE:\n      // Comparisons\n      case Token.EQ:\n      case Token.NE:\n      case Token.SHEQ:\n      case Token.SHNE:\n      case Token.LT:\n      case Token.GT:\n      case Token.LE:\n      case Token.GE:\n      // Queryies\n      case Token.IN:\n      case Token.INSTANCEOF:\n      // Inversion\n      case Token.NOT:\n      // delete operator returns a boolean.\n        return true;\n\nThere is a bug in the last statement, please help me fix it.\n\nPlease return the results in a strict JSON format as described below. Please follow these instructions carefully:\n1. Your output must include each repaired line's number (`line_number`) and the corresponding fixed code statement (`fixed_statement`).\n2. The output format must be a valid JSON array, where each element represents one repaired line, with the following structure:\n   - `\"line_number\"`: The line number of the buggy code that was repaired (integer).\n   - `\"fixed_statement\"`: The repaired statement for that specific line (string).\n\n3. The result must strictly follow this format:\n[\n    {\n        \"line_number\": int,\n        \"fixed_statement\": \"string\"\n    },\n    {\n        \"line_number\": int,\n        \"fixed_statement\": \"string\"\n    }\n]\n4. The repaired statement in \"fixed_statement\" must replace the corresponding line in the buggy code.\n5. You must NOT include any additional explanation or description in your response. Only return the JSON array. Do not include ```json or ``` markers in the response.\n"
    },
    {
        "prompt_fl_1": "\nsource code:\nstatic boolean evaluatesToLocalValue(Node value, Predicate<Node> locals) {\n    switch (value.getType()) {\n      case Token.ASSIGN:\n        // A result that is aliased by a non-local name, is the effectively the\n        // same as returning a non-local name, but this doesn't matter if the\n        // value is immutable.\n        return NodeUtil.isImmutableValue(value.getLastChild())\n            || (locals.apply(value)\n                && evaluatesToLocalValue(value.getLastChild(), locals));\n      case Token.COMMA:\n        return evaluatesToLocalValue(value.getLastChild(), locals);\n      case Token.AND:\n      case Token.OR:\n        return evaluatesToLocalValue(value.getFirstChild(), locals)\n           && evaluatesToLocalValue(value.getLastChild(), locals);\n      case Token.HOOK:\n        return evaluatesToLocalValue(value.getFirstChild().getNext(), locals)\n           && evaluatesToLocalValue(value.getLastChild(), locals);\n      case Token.INC:\n      case Token.DEC:\n        if (value.getBooleanProp(Node.INCRDECR_PROP)) {\n          return evaluatesToLocalValue(value.getFirstChild(), locals);\n        } else {\n          return true;\n        }\n      case Token.THIS:\n        return locals.apply(value);\n      case Token.NAME:\n        return isImmutableValue(value) || locals.apply(value);\n      case Token.GETELEM:\n      case Token.GETPROP:\n        // There is no information about the locality of object properties.\n        return locals.apply(value);\n      case Token.CALL:\n        return callHasLocalResult(value)\n            || isToStringMethodCall(value)\n            || locals.apply(value);\n      case Token.NEW:\n        return newHasLocalResult(value)\n               || locals.apply(value);\n      case Token.FUNCTION:\n      case Token.REGEXP:\n      case Token.ARRAYLIT:\n      case Token.OBJECTLIT:\n        // Literals objects with non-literal children are allowed.\n        return true;\n      case Token.IN:\n        // TODO(johnlenz): should IN operator be included in #isSimpleOperator?\n        return true;\n      default:\n        // Other op force a local value:\n        //  x = '' + g (x is now an local string)\n        //  x -= g (x is now an local number)\n        if (isAssignmentOp(value)\n            || isSimpleOperator(value)\n            || isImmutableValue(value)) {\n          return true;\n        }\n\n        throw new IllegalStateException(\n            \"Unexpected expression node\" + value +\n            \"\\n parent:\" + value.getParent());\n    }\n  }\n\nThere is a bug in the above code, please help me locate it.\n\nPlease output **only one integer**: the line number of the buggy code (The code starts from line 1). Do not provide any explanations or additional content.\n",
        "prompt_fl_2": "\nsource code:\nstatic boolean evaluatesToLocalValue(Node value, Predicate<Node> locals) {\n    switch (value.getType()) {\n      case Token.ASSIGN:\n        // A result that is aliased by a non-local name, is the effectively the\n        // same as returning a non-local name, but this doesn't matter if the\n        // value is immutable.\n        return NodeUtil.isImmutableValue(value.getLastChild())\n            || (locals.apply(value)\n                && evaluatesToLocalValue(value.getLastChild(), locals));\n      case Token.COMMA:\n        return evaluatesToLocalValue(value.getLastChild(), locals);\n      case Token.AND:\n      case Token.OR:\n        return evaluatesToLocalValue(value.getFirstChild(), locals)\n           && evaluatesToLocalValue(value.getLastChild(), locals);\n      case Token.HOOK:\n        return evaluatesToLocalValue(value.getFirstChild().getNext(), locals)\n           && evaluatesToLocalValue(value.getLastChild(), locals);\n      case Token.INC:\n      case Token.DEC:\n        if (value.getBooleanProp(Node.INCRDECR_PROP)) {\n          return evaluatesToLocalValue(value.getFirstChild(), locals);\n        } else {\n          return true;\n        }\n      case Token.THIS:\n        return locals.apply(value);\n      case Token.NAME:\n        return isImmutableValue(value) || locals.apply(value);\n      case Token.GETELEM:\n      case Token.GETPROP:\n        // There is no information about the locality of object properties.\n        return locals.apply(value);\n      case Token.CALL:\n        return callHasLocalResult(value)\n            || isToStringMethodCall(value)\n            || locals.apply(value);\n      case Token.NEW:\n        return newHasLocalResult(value)\n               || locals.apply(value);\n      case Token.FUNCTION:\n      case Token.REGEXP:\n      case Token.ARRAYLIT:\n      case Token.OBJECTLIT:\n        // Literals objects with non-literal children are allowed.\n        return true;\n      case Token.IN:\n        // TODO(johnlenz): should IN operator be included in #isSimpleOperator?\n        return true;\n      default:\n        // Other op force a local value:\n        //  x = '' + g (x is now an local string)\n        //  x -= g (x is now an local number)\n        if (isAssignmentOp(value)\n            || isSimpleOperator(value)\n            || isImmutableValue(value)) {\n          return true;\n        }\n\n        throw new IllegalStateException(\n            \"Unexpected expression node\" + value +\n            \"\\n parent:\" + value.getParent());\n    }\n  }\n\nstack trace:\ncom.google.javascript.jscomp.NodeUtilTest::testIsBooleanResult\njunit.framework.AssertionFailedError\n\tat junit.framework.Assert.fail(Assert.java:55)\n\tat junit.framework.Assert.assertTrue(Assert.java:22)\n\tat junit.framework.Assert.assertTrue(Assert.java:31)\n\tat junit.framework.TestCase.assertTrue(TestCase.java:201)\n\tat com.google.javascript.jscomp.NodeUtilTest.testIsBooleanResult(NodeUtilTest.java:1504)\n\tat sun.reflect.NativeMethodAccessorImpl.invoke0(Native Method)\n\tat sun.reflect.NativeMethodAccessorImpl.invoke(NativeMethodAccessorImpl.java:62)\n\tat sun.reflect.DelegatingMethodAccessorImpl.invoke(DelegatingMethodAccessorImpl.java:43)\n\tat java.lang.reflect.Method.invoke(Method.java:498)\n\tat junit.framework.TestCase.runTest(TestCase.java:176)\n\tat junit.framework.TestCase.runBare(TestCase.java:141)\n\tat junit.framework.TestResult$1.protect(TestResult.java:122)\n\tat junit.framework.TestResult.runProtected(TestResult.java:142)\n\tat junit.framework.TestResult.run(TestResult.java:125)\n\tat junit.framework.TestCase.run(TestCase.java:129)\n\tat junit.framework.TestSuite.runTest(TestSuite.java:255)\n\tat junit.framework.TestSuite.run(TestSuite.java:250)\n\tat org.apache.tools.ant.taskdefs.optional.junit.JUnitTestRunner.run(JUnitTestRunner.java:520)\n\tat org.apache.tools.ant.taskdefs.optional.junit.JUnitTask.executeInVM(JUnitTask.java:1484)\n\tat org.apache.tools.ant.taskdefs.optional.junit.JUnitTask.execute(JUnitTask.java:872)\n\tat org.apache.tools.ant.taskdefs.optional.junit.JUnitTask.executeOrQueue(JUnitTask.java:1972)\n\tat org.apache.tools.ant.taskdefs.optional.junit.JUnitTask.execute1(JUnitTask.java:824)\n\tat org.apache.tools.ant.taskdefs.optional.junit.JUnitTask.execute(JUnitTask.java:2277)\n\tat org.apache.tools.ant.UnknownElement.execute(UnknownElement.java:291)\n\tat sun.reflect.GeneratedMethodAccessor4.invoke(Unknown Source)\n\tat sun.reflect.DelegatingMethodAccessorImpl.invoke(DelegatingMethodAccessorImpl.java:43)\n\tat java.lang.reflect.Method.invoke(Method.java:498)\n\tat org.apache.tools.ant.dispatch.DispatchUtils.execute(DispatchUtils.java:106)\n\tat org.apache.tools.ant.Task.perform(Task.java:348)\n\tat org.apache.tools.ant.Target.execute(Target.java:392)\n\tat org.apache.tools.ant.Target.performTasks(Target.java:413)\n\tat org.apache.tools.ant.Project.executeSortedTargets(Project.java:1399)\n\tat org.apache.tools.ant.Project.executeTarget(Project.java:1368)\n\tat org.apache.tools.ant.helper.DefaultExecutor.executeTargets(DefaultExecutor.java:41)\n\tat org.apache.tools.ant.Project.executeTargets(Project.java:1251)\n\tat org.apache.tools.ant.Main.runBuild(Main.java:811)\n\tat org.apache.tools.ant.Main.startAnt(Main.java:217)\n\tat org.apache.tools.ant.launch.Launcher.run(Launcher.java:280)\n\tat org.apache.tools.ant.launch.Launcher.main(Launcher.java:109)\ncom.google.javascript.jscomp.NodeUtilTest::testLocalValue1\njava.lang.IllegalStateException: Unexpected expression nodeDELPROP 1 [sourcename:  [testcode] ] [parenthesized: true]\n parent:NAME a 1 [sourcename:  [testcode] ]\n\tat com.google.javascript.jscomp.NodeUtil.evaluatesToLocalValue(NodeUtil.java:2923)\n\tat com.google.javascript.jscomp.NodeUtil.evaluatesToLocalValue(NodeUtil.java:2856)\n\tat com.google.javascript.jscomp.NodeUtilTest.testLocalValue(NodeUtilTest.java:1281)\n\tat com.google.javascript.jscomp.NodeUtilTest.testLocalValue1(NodeUtilTest.java:1169)\n\tat sun.reflect.NativeMethodAccessorImpl.invoke0(Native Method)\n\tat sun.reflect.NativeMethodAccessorImpl.invoke(NativeMethodAccessorImpl.java:62)\n\tat sun.reflect.DelegatingMethodAccessorImpl.invoke(DelegatingMethodAccessorImpl.java:43)\n\tat java.lang.reflect.Method.invoke(Method.java:498)\n\tat junit.framework.TestCase.runTest(TestCase.java:176)\n\tat junit.framework.TestCase.runBare(TestCase.java:141)\n\tat junit.framework.TestResult$1.protect(TestResult.java:122)\n\tat junit.framework.TestResult.runProtected(TestResult.java:142)\n\tat junit.framework.TestResult.run(TestResult.java:125)\n\tat junit.framework.TestCase.run(TestCase.java:129)\n\tat junit.framework.TestSuite.runTest(TestSuite.java:255)\n\tat junit.framework.TestSuite.run(TestSuite.java:250)\n\tat org.apache.tools.ant.taskdefs.optional.junit.JUnitTestRunner.run(JUnitTestRunner.java:520)\n\tat org.apache.tools.ant.taskdefs.optional.junit.JUnitTask.executeInVM(JUnitTask.java:1484)\n\tat org.apache.tools.ant.taskdefs.optional.junit.JUnitTask.execute(JUnitTask.java:872)\n\tat org.apache.tools.ant.taskdefs.optional.junit.JUnitTask.executeOrQueue(JUnitTask.java:1972)\n\tat org.apache.tools.ant.taskdefs.optional.junit.JUnitTask.execute1(JUnitTask.java:824)\n\tat org.apache.tools.ant.taskdefs.optional.junit.JUnitTask.execute(JUnitTask.java:2277)\n\tat org.apache.tools.ant.UnknownElement.execute(UnknownElement.java:291)\n\tat sun.reflect.GeneratedMethodAccessor4.invoke(Unknown Source)\n\tat sun.reflect.DelegatingMethodAccessorImpl.invoke(DelegatingMethodAccessorImpl.java:43)\n\tat java.lang.reflect.Method.invoke(Method.java:498)\n\tat org.apache.tools.ant.dispatch.DispatchUtils.execute(DispatchUtils.java:106)\n\tat org.apache.tools.ant.Task.perform(Task.java:348)\n\tat org.apache.tools.ant.Target.execute(Target.java:392)\n\tat org.apache.tools.ant.Target.performTasks(Target.java:413)\n\tat org.apache.tools.ant.Project.executeSortedTargets(Project.java:1399)\n\tat org.apache.tools.ant.Project.executeTarget(Project.java:1368)\n\tat org.apache.tools.ant.helper.DefaultExecutor.executeTargets(DefaultExecutor.java:41)\n\tat org.apache.tools.ant.Project.executeTargets(Project.java:1251)\n\tat org.apache.tools.ant.Main.runBuild(Main.java:811)\n\tat org.apache.tools.ant.Main.startAnt(Main.java:217)\n\tat org.apache.tools.ant.launch.Launcher.run(Launcher.java:280)\n\tat org.apache.tools.ant.launch.Launcher.main(Launcher.java:109)\n\n\nThere is a bug in the above code, please help me locate it by considering the stack trace.\n\nPlease output **only one integer**: the line number of the buggy code (The code starts from line 1). Do not provide any explanations or additional content.\n",
        "prompt_fl_3": "\nsource code:\nstatic boolean evaluatesToLocalValue(Node value, Predicate<Node> locals) {\n    switch (value.getType()) {\n      case Token.ASSIGN:\n        // A result that is aliased by a non-local name, is the effectively the\n        // same as returning a non-local name, but this doesn't matter if the\n        // value is immutable.\n        return NodeUtil.isImmutableValue(value.getLastChild())\n            || (locals.apply(value)\n                && evaluatesToLocalValue(value.getLastChild(), locals));\n      case Token.COMMA:\n        return evaluatesToLocalValue(value.getLastChild(), locals);\n      case Token.AND:\n      case Token.OR:\n        return evaluatesToLocalValue(value.getFirstChild(), locals)\n           && evaluatesToLocalValue(value.getLastChild(), locals);\n      case Token.HOOK:\n        return evaluatesToLocalValue(value.getFirstChild().getNext(), locals)\n           && evaluatesToLocalValue(value.getLastChild(), locals);\n      case Token.INC:\n      case Token.DEC:\n        if (value.getBooleanProp(Node.INCRDECR_PROP)) {\n          return evaluatesToLocalValue(value.getFirstChild(), locals);\n        } else {\n          return true;\n        }\n      case Token.THIS:\n        return locals.apply(value);\n      case Token.NAME:\n        return isImmutableValue(value) || locals.apply(value);\n      case Token.GETELEM:\n      case Token.GETPROP:\n        // There is no information about the locality of object properties.\n        return locals.apply(value);\n      case Token.CALL:\n        return callHasLocalResult(value)\n            || isToStringMethodCall(value)\n            || locals.apply(value);\n      case Token.NEW:\n        return newHasLocalResult(value)\n               || locals.apply(value);\n      case Token.FUNCTION:\n      case Token.REGEXP:\n      case Token.ARRAYLIT:\n      case Token.OBJECTLIT:\n        // Literals objects with non-literal children are allowed.\n        return true;\n      case Token.IN:\n        // TODO(johnlenz): should IN operator be included in #isSimpleOperator?\n        return true;\n      default:\n        // Other op force a local value:\n        //  x = '' + g (x is now an local string)\n        //  x -= g (x is now an local number)\n        if (isAssignmentOp(value)\n            || isSimpleOperator(value)\n            || isImmutableValue(value)) {\n          return true;\n        }\n\n        throw new IllegalStateException(\n            \"Unexpected expression node\" + value +\n            \"\\n parent:\" + value.getParent());\n    }\n  }\n\nstack trace:\ncom.google.javascript.jscomp.NodeUtilTest::testIsBooleanResult\njunit.framework.AssertionFailedError\n\tat junit.framework.Assert.fail(Assert.java:55)\n\tat junit.framework.Assert.assertTrue(Assert.java:22)\n\tat junit.framework.Assert.assertTrue(Assert.java:31)\n\tat junit.framework.TestCase.assertTrue(TestCase.java:201)\n\tat com.google.javascript.jscomp.NodeUtilTest.testIsBooleanResult(NodeUtilTest.java:1504)\n\tat sun.reflect.NativeMethodAccessorImpl.invoke0(Native Method)\n\tat sun.reflect.NativeMethodAccessorImpl.invoke(NativeMethodAccessorImpl.java:62)\n\tat sun.reflect.DelegatingMethodAccessorImpl.invoke(DelegatingMethodAccessorImpl.java:43)\n\tat java.lang.reflect.Method.invoke(Method.java:498)\n\tat junit.framework.TestCase.runTest(TestCase.java:176)\n\tat junit.framework.TestCase.runBare(TestCase.java:141)\n\tat junit.framework.TestResult$1.protect(TestResult.java:122)\n\tat junit.framework.TestResult.runProtected(TestResult.java:142)\n\tat junit.framework.TestResult.run(TestResult.java:125)\n\tat junit.framework.TestCase.run(TestCase.java:129)\n\tat junit.framework.TestSuite.runTest(TestSuite.java:255)\n\tat junit.framework.TestSuite.run(TestSuite.java:250)\n\tat org.apache.tools.ant.taskdefs.optional.junit.JUnitTestRunner.run(JUnitTestRunner.java:520)\n\tat org.apache.tools.ant.taskdefs.optional.junit.JUnitTask.executeInVM(JUnitTask.java:1484)\n\tat org.apache.tools.ant.taskdefs.optional.junit.JUnitTask.execute(JUnitTask.java:872)\n\tat org.apache.tools.ant.taskdefs.optional.junit.JUnitTask.executeOrQueue(JUnitTask.java:1972)\n\tat org.apache.tools.ant.taskdefs.optional.junit.JUnitTask.execute1(JUnitTask.java:824)\n\tat org.apache.tools.ant.taskdefs.optional.junit.JUnitTask.execute(JUnitTask.java:2277)\n\tat org.apache.tools.ant.UnknownElement.execute(UnknownElement.java:291)\n\tat sun.reflect.GeneratedMethodAccessor4.invoke(Unknown Source)\n\tat sun.reflect.DelegatingMethodAccessorImpl.invoke(DelegatingMethodAccessorImpl.java:43)\n\tat java.lang.reflect.Method.invoke(Method.java:498)\n\tat org.apache.tools.ant.dispatch.DispatchUtils.execute(DispatchUtils.java:106)\n\tat org.apache.tools.ant.Task.perform(Task.java:348)\n\tat org.apache.tools.ant.Target.execute(Target.java:392)\n\tat org.apache.tools.ant.Target.performTasks(Target.java:413)\n\tat org.apache.tools.ant.Project.executeSortedTargets(Project.java:1399)\n\tat org.apache.tools.ant.Project.executeTarget(Project.java:1368)\n\tat org.apache.tools.ant.helper.DefaultExecutor.executeTargets(DefaultExecutor.java:41)\n\tat org.apache.tools.ant.Project.executeTargets(Project.java:1251)\n\tat org.apache.tools.ant.Main.runBuild(Main.java:811)\n\tat org.apache.tools.ant.Main.startAnt(Main.java:217)\n\tat org.apache.tools.ant.launch.Launcher.run(Launcher.java:280)\n\tat org.apache.tools.ant.launch.Launcher.main(Launcher.java:109)\ncom.google.javascript.jscomp.NodeUtilTest::testLocalValue1\njava.lang.IllegalStateException: Unexpected expression nodeDELPROP 1 [sourcename:  [testcode] ] [parenthesized: true]\n parent:NAME a 1 [sourcename:  [testcode] ]\n\tat com.google.javascript.jscomp.NodeUtil.evaluatesToLocalValue(NodeUtil.java:2923)\n\tat com.google.javascript.jscomp.NodeUtil.evaluatesToLocalValue(NodeUtil.java:2856)\n\tat com.google.javascript.jscomp.NodeUtilTest.testLocalValue(NodeUtilTest.java:1281)\n\tat com.google.javascript.jscomp.NodeUtilTest.testLocalValue1(NodeUtilTest.java:1169)\n\tat sun.reflect.NativeMethodAccessorImpl.invoke0(Native Method)\n\tat sun.reflect.NativeMethodAccessorImpl.invoke(NativeMethodAccessorImpl.java:62)\n\tat sun.reflect.DelegatingMethodAccessorImpl.invoke(DelegatingMethodAccessorImpl.java:43)\n\tat java.lang.reflect.Method.invoke(Method.java:498)\n\tat junit.framework.TestCase.runTest(TestCase.java:176)\n\tat junit.framework.TestCase.runBare(TestCase.java:141)\n\tat junit.framework.TestResult$1.protect(TestResult.java:122)\n\tat junit.framework.TestResult.runProtected(TestResult.java:142)\n\tat junit.framework.TestResult.run(TestResult.java:125)\n\tat junit.framework.TestCase.run(TestCase.java:129)\n\tat junit.framework.TestSuite.runTest(TestSuite.java:255)\n\tat junit.framework.TestSuite.run(TestSuite.java:250)\n\tat org.apache.tools.ant.taskdefs.optional.junit.JUnitTestRunner.run(JUnitTestRunner.java:520)\n\tat org.apache.tools.ant.taskdefs.optional.junit.JUnitTask.executeInVM(JUnitTask.java:1484)\n\tat org.apache.tools.ant.taskdefs.optional.junit.JUnitTask.execute(JUnitTask.java:872)\n\tat org.apache.tools.ant.taskdefs.optional.junit.JUnitTask.executeOrQueue(JUnitTask.java:1972)\n\tat org.apache.tools.ant.taskdefs.optional.junit.JUnitTask.execute1(JUnitTask.java:824)\n\tat org.apache.tools.ant.taskdefs.optional.junit.JUnitTask.execute(JUnitTask.java:2277)\n\tat org.apache.tools.ant.UnknownElement.execute(UnknownElement.java:291)\n\tat sun.reflect.GeneratedMethodAccessor4.invoke(Unknown Source)\n\tat sun.reflect.DelegatingMethodAccessorImpl.invoke(DelegatingMethodAccessorImpl.java:43)\n\tat java.lang.reflect.Method.invoke(Method.java:498)\n\tat org.apache.tools.ant.dispatch.DispatchUtils.execute(DispatchUtils.java:106)\n\tat org.apache.tools.ant.Task.perform(Task.java:348)\n\tat org.apache.tools.ant.Target.execute(Target.java:392)\n\tat org.apache.tools.ant.Target.performTasks(Target.java:413)\n\tat org.apache.tools.ant.Project.executeSortedTargets(Project.java:1399)\n\tat org.apache.tools.ant.Project.executeTarget(Project.java:1368)\n\tat org.apache.tools.ant.helper.DefaultExecutor.executeTargets(DefaultExecutor.java:41)\n\tat org.apache.tools.ant.Project.executeTargets(Project.java:1251)\n\tat org.apache.tools.ant.Main.runBuild(Main.java:811)\n\tat org.apache.tools.ant.Main.startAnt(Main.java:217)\n\tat org.apache.tools.ant.launch.Launcher.run(Launcher.java:280)\n\tat org.apache.tools.ant.launch.Launcher.main(Launcher.java:109)\n\n\nfailure assertion code:\nassertTrue(NodeUtil.isBooleanResult(getNode(\"delete a\")));\n\n\nThere is a bug in the above code, please help me locate it by considering the stack trace information and failure assertion code.\n\nPlease output **only one integer**: the line number of the buggy code (The code starts from line 1). Do not provide any explanations or additional content.\n",
        "prompt_fl_4": "\nsource code:\nstatic boolean evaluatesToLocalValue(Node value, Predicate<Node> locals) {\n    switch (value.getType()) {\n      case Token.ASSIGN:\n        // A result that is aliased by a non-local name, is the effectively the\n        // same as returning a non-local name, but this doesn't matter if the\n        // value is immutable.\n        return NodeUtil.isImmutableValue(value.getLastChild())\n            || (locals.apply(value)\n                && evaluatesToLocalValue(value.getLastChild(), locals));\n      case Token.COMMA:\n        return evaluatesToLocalValue(value.getLastChild(), locals);\n      case Token.AND:\n      case Token.OR:\n        return evaluatesToLocalValue(value.getFirstChild(), locals)\n           && evaluatesToLocalValue(value.getLastChild(), locals);\n      case Token.HOOK:\n        return evaluatesToLocalValue(value.getFirstChild().getNext(), locals)\n           && evaluatesToLocalValue(value.getLastChild(), locals);\n      case Token.INC:\n      case Token.DEC:\n        if (value.getBooleanProp(Node.INCRDECR_PROP)) {\n          return evaluatesToLocalValue(value.getFirstChild(), locals);\n        } else {\n          return true;\n        }\n      case Token.THIS:\n        return locals.apply(value);\n      case Token.NAME:\n        return isImmutableValue(value) || locals.apply(value);\n      case Token.GETELEM:\n      case Token.GETPROP:\n        // There is no information about the locality of object properties.\n        return locals.apply(value);\n      case Token.CALL:\n        return callHasLocalResult(value)\n            || isToStringMethodCall(value)\n            || locals.apply(value);\n      case Token.NEW:\n        return newHasLocalResult(value)\n               || locals.apply(value);\n      case Token.FUNCTION:\n      case Token.REGEXP:\n      case Token.ARRAYLIT:\n      case Token.OBJECTLIT:\n        // Literals objects with non-literal children are allowed.\n        return true;\n      case Token.IN:\n        // TODO(johnlenz): should IN operator be included in #isSimpleOperator?\n        return true;\n      default:\n        // Other op force a local value:\n        //  x = '' + g (x is now an local string)\n        //  x -= g (x is now an local number)\n        if (isAssignmentOp(value)\n            || isSimpleOperator(value)\n            || isImmutableValue(value)) {\n          return true;\n        }\n\n        throw new IllegalStateException(\n            \"Unexpected expression node\" + value +\n            \"\\n parent:\" + value.getParent());\n    }\n  }\n\nThere is a bug in the above code, please help me locate it.\n\nOutput **only** the exact buggy statement, with no line numbers, explanations, or additional content. Your response should contain just the buggy code line. Do not include ```java or ``` markers in the response.\n",
        "prompt_fl_5": "\nsource code:\nstatic boolean evaluatesToLocalValue(Node value, Predicate<Node> locals) {\n    switch (value.getType()) {\n      case Token.ASSIGN:\n        // A result that is aliased by a non-local name, is the effectively the\n        // same as returning a non-local name, but this doesn't matter if the\n        // value is immutable.\n        return NodeUtil.isImmutableValue(value.getLastChild())\n            || (locals.apply(value)\n                && evaluatesToLocalValue(value.getLastChild(), locals));\n      case Token.COMMA:\n        return evaluatesToLocalValue(value.getLastChild(), locals);\n      case Token.AND:\n      case Token.OR:\n        return evaluatesToLocalValue(value.getFirstChild(), locals)\n           && evaluatesToLocalValue(value.getLastChild(), locals);\n      case Token.HOOK:\n        return evaluatesToLocalValue(value.getFirstChild().getNext(), locals)\n           && evaluatesToLocalValue(value.getLastChild(), locals);\n      case Token.INC:\n      case Token.DEC:\n        if (value.getBooleanProp(Node.INCRDECR_PROP)) {\n          return evaluatesToLocalValue(value.getFirstChild(), locals);\n        } else {\n          return true;\n        }\n      case Token.THIS:\n        return locals.apply(value);\n      case Token.NAME:\n        return isImmutableValue(value) || locals.apply(value);\n      case Token.GETELEM:\n      case Token.GETPROP:\n        // There is no information about the locality of object properties.\n        return locals.apply(value);\n      case Token.CALL:\n        return callHasLocalResult(value)\n            || isToStringMethodCall(value)\n            || locals.apply(value);\n      case Token.NEW:\n        return newHasLocalResult(value)\n               || locals.apply(value);\n      case Token.FUNCTION:\n      case Token.REGEXP:\n      case Token.ARRAYLIT:\n      case Token.OBJECTLIT:\n        // Literals objects with non-literal children are allowed.\n        return true;\n      case Token.IN:\n        // TODO(johnlenz): should IN operator be included in #isSimpleOperator?\n        return true;\n      default:\n        // Other op force a local value:\n        //  x = '' + g (x is now an local string)\n        //  x -= g (x is now an local number)\n        if (isAssignmentOp(value)\n            || isSimpleOperator(value)\n            || isImmutableValue(value)) {\n          return true;\n        }\n\n        throw new IllegalStateException(\n            \"Unexpected expression node\" + value +\n            \"\\n parent:\" + value.getParent());\n    }\n  }\n\nstack trace:\ncom.google.javascript.jscomp.NodeUtilTest::testIsBooleanResult\njunit.framework.AssertionFailedError\n\tat junit.framework.Assert.fail(Assert.java:55)\n\tat junit.framework.Assert.assertTrue(Assert.java:22)\n\tat junit.framework.Assert.assertTrue(Assert.java:31)\n\tat junit.framework.TestCase.assertTrue(TestCase.java:201)\n\tat com.google.javascript.jscomp.NodeUtilTest.testIsBooleanResult(NodeUtilTest.java:1504)\n\tat sun.reflect.NativeMethodAccessorImpl.invoke0(Native Method)\n\tat sun.reflect.NativeMethodAccessorImpl.invoke(NativeMethodAccessorImpl.java:62)\n\tat sun.reflect.DelegatingMethodAccessorImpl.invoke(DelegatingMethodAccessorImpl.java:43)\n\tat java.lang.reflect.Method.invoke(Method.java:498)\n\tat junit.framework.TestCase.runTest(TestCase.java:176)\n\tat junit.framework.TestCase.runBare(TestCase.java:141)\n\tat junit.framework.TestResult$1.protect(TestResult.java:122)\n\tat junit.framework.TestResult.runProtected(TestResult.java:142)\n\tat junit.framework.TestResult.run(TestResult.java:125)\n\tat junit.framework.TestCase.run(TestCase.java:129)\n\tat junit.framework.TestSuite.runTest(TestSuite.java:255)\n\tat junit.framework.TestSuite.run(TestSuite.java:250)\n\tat org.apache.tools.ant.taskdefs.optional.junit.JUnitTestRunner.run(JUnitTestRunner.java:520)\n\tat org.apache.tools.ant.taskdefs.optional.junit.JUnitTask.executeInVM(JUnitTask.java:1484)\n\tat org.apache.tools.ant.taskdefs.optional.junit.JUnitTask.execute(JUnitTask.java:872)\n\tat org.apache.tools.ant.taskdefs.optional.junit.JUnitTask.executeOrQueue(JUnitTask.java:1972)\n\tat org.apache.tools.ant.taskdefs.optional.junit.JUnitTask.execute1(JUnitTask.java:824)\n\tat org.apache.tools.ant.taskdefs.optional.junit.JUnitTask.execute(JUnitTask.java:2277)\n\tat org.apache.tools.ant.UnknownElement.execute(UnknownElement.java:291)\n\tat sun.reflect.GeneratedMethodAccessor4.invoke(Unknown Source)\n\tat sun.reflect.DelegatingMethodAccessorImpl.invoke(DelegatingMethodAccessorImpl.java:43)\n\tat java.lang.reflect.Method.invoke(Method.java:498)\n\tat org.apache.tools.ant.dispatch.DispatchUtils.execute(DispatchUtils.java:106)\n\tat org.apache.tools.ant.Task.perform(Task.java:348)\n\tat org.apache.tools.ant.Target.execute(Target.java:392)\n\tat org.apache.tools.ant.Target.performTasks(Target.java:413)\n\tat org.apache.tools.ant.Project.executeSortedTargets(Project.java:1399)\n\tat org.apache.tools.ant.Project.executeTarget(Project.java:1368)\n\tat org.apache.tools.ant.helper.DefaultExecutor.executeTargets(DefaultExecutor.java:41)\n\tat org.apache.tools.ant.Project.executeTargets(Project.java:1251)\n\tat org.apache.tools.ant.Main.runBuild(Main.java:811)\n\tat org.apache.tools.ant.Main.startAnt(Main.java:217)\n\tat org.apache.tools.ant.launch.Launcher.run(Launcher.java:280)\n\tat org.apache.tools.ant.launch.Launcher.main(Launcher.java:109)\ncom.google.javascript.jscomp.NodeUtilTest::testLocalValue1\njava.lang.IllegalStateException: Unexpected expression nodeDELPROP 1 [sourcename:  [testcode] ] [parenthesized: true]\n parent:NAME a 1 [sourcename:  [testcode] ]\n\tat com.google.javascript.jscomp.NodeUtil.evaluatesToLocalValue(NodeUtil.java:2923)\n\tat com.google.javascript.jscomp.NodeUtil.evaluatesToLocalValue(NodeUtil.java:2856)\n\tat com.google.javascript.jscomp.NodeUtilTest.testLocalValue(NodeUtilTest.java:1281)\n\tat com.google.javascript.jscomp.NodeUtilTest.testLocalValue1(NodeUtilTest.java:1169)\n\tat sun.reflect.NativeMethodAccessorImpl.invoke0(Native Method)\n\tat sun.reflect.NativeMethodAccessorImpl.invoke(NativeMethodAccessorImpl.java:62)\n\tat sun.reflect.DelegatingMethodAccessorImpl.invoke(DelegatingMethodAccessorImpl.java:43)\n\tat java.lang.reflect.Method.invoke(Method.java:498)\n\tat junit.framework.TestCase.runTest(TestCase.java:176)\n\tat junit.framework.TestCase.runBare(TestCase.java:141)\n\tat junit.framework.TestResult$1.protect(TestResult.java:122)\n\tat junit.framework.TestResult.runProtected(TestResult.java:142)\n\tat junit.framework.TestResult.run(TestResult.java:125)\n\tat junit.framework.TestCase.run(TestCase.java:129)\n\tat junit.framework.TestSuite.runTest(TestSuite.java:255)\n\tat junit.framework.TestSuite.run(TestSuite.java:250)\n\tat org.apache.tools.ant.taskdefs.optional.junit.JUnitTestRunner.run(JUnitTestRunner.java:520)\n\tat org.apache.tools.ant.taskdefs.optional.junit.JUnitTask.executeInVM(JUnitTask.java:1484)\n\tat org.apache.tools.ant.taskdefs.optional.junit.JUnitTask.execute(JUnitTask.java:872)\n\tat org.apache.tools.ant.taskdefs.optional.junit.JUnitTask.executeOrQueue(JUnitTask.java:1972)\n\tat org.apache.tools.ant.taskdefs.optional.junit.JUnitTask.execute1(JUnitTask.java:824)\n\tat org.apache.tools.ant.taskdefs.optional.junit.JUnitTask.execute(JUnitTask.java:2277)\n\tat org.apache.tools.ant.UnknownElement.execute(UnknownElement.java:291)\n\tat sun.reflect.GeneratedMethodAccessor4.invoke(Unknown Source)\n\tat sun.reflect.DelegatingMethodAccessorImpl.invoke(DelegatingMethodAccessorImpl.java:43)\n\tat java.lang.reflect.Method.invoke(Method.java:498)\n\tat org.apache.tools.ant.dispatch.DispatchUtils.execute(DispatchUtils.java:106)\n\tat org.apache.tools.ant.Task.perform(Task.java:348)\n\tat org.apache.tools.ant.Target.execute(Target.java:392)\n\tat org.apache.tools.ant.Target.performTasks(Target.java:413)\n\tat org.apache.tools.ant.Project.executeSortedTargets(Project.java:1399)\n\tat org.apache.tools.ant.Project.executeTarget(Project.java:1368)\n\tat org.apache.tools.ant.helper.DefaultExecutor.executeTargets(DefaultExecutor.java:41)\n\tat org.apache.tools.ant.Project.executeTargets(Project.java:1251)\n\tat org.apache.tools.ant.Main.runBuild(Main.java:811)\n\tat org.apache.tools.ant.Main.startAnt(Main.java:217)\n\tat org.apache.tools.ant.launch.Launcher.run(Launcher.java:280)\n\tat org.apache.tools.ant.launch.Launcher.main(Launcher.java:109)\n\n\nThere is a bug in the above code, please help me locate it by considering the stack trace.\n\nOutput **only** the exact buggy statement, with no line numbers, explanations, or additional content. Your response should contain just the buggy code line. Do not include ```java or ``` markers in the response.\n",
        "prompt_fl_6": "\nsource code:\nstatic boolean evaluatesToLocalValue(Node value, Predicate<Node> locals) {\n    switch (value.getType()) {\n      case Token.ASSIGN:\n        // A result that is aliased by a non-local name, is the effectively the\n        // same as returning a non-local name, but this doesn't matter if the\n        // value is immutable.\n        return NodeUtil.isImmutableValue(value.getLastChild())\n            || (locals.apply(value)\n                && evaluatesToLocalValue(value.getLastChild(), locals));\n      case Token.COMMA:\n        return evaluatesToLocalValue(value.getLastChild(), locals);\n      case Token.AND:\n      case Token.OR:\n        return evaluatesToLocalValue(value.getFirstChild(), locals)\n           && evaluatesToLocalValue(value.getLastChild(), locals);\n      case Token.HOOK:\n        return evaluatesToLocalValue(value.getFirstChild().getNext(), locals)\n           && evaluatesToLocalValue(value.getLastChild(), locals);\n      case Token.INC:\n      case Token.DEC:\n        if (value.getBooleanProp(Node.INCRDECR_PROP)) {\n          return evaluatesToLocalValue(value.getFirstChild(), locals);\n        } else {\n          return true;\n        }\n      case Token.THIS:\n        return locals.apply(value);\n      case Token.NAME:\n        return isImmutableValue(value) || locals.apply(value);\n      case Token.GETELEM:\n      case Token.GETPROP:\n        // There is no information about the locality of object properties.\n        return locals.apply(value);\n      case Token.CALL:\n        return callHasLocalResult(value)\n            || isToStringMethodCall(value)\n            || locals.apply(value);\n      case Token.NEW:\n        return newHasLocalResult(value)\n               || locals.apply(value);\n      case Token.FUNCTION:\n      case Token.REGEXP:\n      case Token.ARRAYLIT:\n      case Token.OBJECTLIT:\n        // Literals objects with non-literal children are allowed.\n        return true;\n      case Token.IN:\n        // TODO(johnlenz): should IN operator be included in #isSimpleOperator?\n        return true;\n      default:\n        // Other op force a local value:\n        //  x = '' + g (x is now an local string)\n        //  x -= g (x is now an local number)\n        if (isAssignmentOp(value)\n            || isSimpleOperator(value)\n            || isImmutableValue(value)) {\n          return true;\n        }\n\n        throw new IllegalStateException(\n            \"Unexpected expression node\" + value +\n            \"\\n parent:\" + value.getParent());\n    }\n  }\n\nstack trace:\ncom.google.javascript.jscomp.NodeUtilTest::testIsBooleanResult\njunit.framework.AssertionFailedError\n\tat junit.framework.Assert.fail(Assert.java:55)\n\tat junit.framework.Assert.assertTrue(Assert.java:22)\n\tat junit.framework.Assert.assertTrue(Assert.java:31)\n\tat junit.framework.TestCase.assertTrue(TestCase.java:201)\n\tat com.google.javascript.jscomp.NodeUtilTest.testIsBooleanResult(NodeUtilTest.java:1504)\n\tat sun.reflect.NativeMethodAccessorImpl.invoke0(Native Method)\n\tat sun.reflect.NativeMethodAccessorImpl.invoke(NativeMethodAccessorImpl.java:62)\n\tat sun.reflect.DelegatingMethodAccessorImpl.invoke(DelegatingMethodAccessorImpl.java:43)\n\tat java.lang.reflect.Method.invoke(Method.java:498)\n\tat junit.framework.TestCase.runTest(TestCase.java:176)\n\tat junit.framework.TestCase.runBare(TestCase.java:141)\n\tat junit.framework.TestResult$1.protect(TestResult.java:122)\n\tat junit.framework.TestResult.runProtected(TestResult.java:142)\n\tat junit.framework.TestResult.run(TestResult.java:125)\n\tat junit.framework.TestCase.run(TestCase.java:129)\n\tat junit.framework.TestSuite.runTest(TestSuite.java:255)\n\tat junit.framework.TestSuite.run(TestSuite.java:250)\n\tat org.apache.tools.ant.taskdefs.optional.junit.JUnitTestRunner.run(JUnitTestRunner.java:520)\n\tat org.apache.tools.ant.taskdefs.optional.junit.JUnitTask.executeInVM(JUnitTask.java:1484)\n\tat org.apache.tools.ant.taskdefs.optional.junit.JUnitTask.execute(JUnitTask.java:872)\n\tat org.apache.tools.ant.taskdefs.optional.junit.JUnitTask.executeOrQueue(JUnitTask.java:1972)\n\tat org.apache.tools.ant.taskdefs.optional.junit.JUnitTask.execute1(JUnitTask.java:824)\n\tat org.apache.tools.ant.taskdefs.optional.junit.JUnitTask.execute(JUnitTask.java:2277)\n\tat org.apache.tools.ant.UnknownElement.execute(UnknownElement.java:291)\n\tat sun.reflect.GeneratedMethodAccessor4.invoke(Unknown Source)\n\tat sun.reflect.DelegatingMethodAccessorImpl.invoke(DelegatingMethodAccessorImpl.java:43)\n\tat java.lang.reflect.Method.invoke(Method.java:498)\n\tat org.apache.tools.ant.dispatch.DispatchUtils.execute(DispatchUtils.java:106)\n\tat org.apache.tools.ant.Task.perform(Task.java:348)\n\tat org.apache.tools.ant.Target.execute(Target.java:392)\n\tat org.apache.tools.ant.Target.performTasks(Target.java:413)\n\tat org.apache.tools.ant.Project.executeSortedTargets(Project.java:1399)\n\tat org.apache.tools.ant.Project.executeTarget(Project.java:1368)\n\tat org.apache.tools.ant.helper.DefaultExecutor.executeTargets(DefaultExecutor.java:41)\n\tat org.apache.tools.ant.Project.executeTargets(Project.java:1251)\n\tat org.apache.tools.ant.Main.runBuild(Main.java:811)\n\tat org.apache.tools.ant.Main.startAnt(Main.java:217)\n\tat org.apache.tools.ant.launch.Launcher.run(Launcher.java:280)\n\tat org.apache.tools.ant.launch.Launcher.main(Launcher.java:109)\ncom.google.javascript.jscomp.NodeUtilTest::testLocalValue1\njava.lang.IllegalStateException: Unexpected expression nodeDELPROP 1 [sourcename:  [testcode] ] [parenthesized: true]\n parent:NAME a 1 [sourcename:  [testcode] ]\n\tat com.google.javascript.jscomp.NodeUtil.evaluatesToLocalValue(NodeUtil.java:2923)\n\tat com.google.javascript.jscomp.NodeUtil.evaluatesToLocalValue(NodeUtil.java:2856)\n\tat com.google.javascript.jscomp.NodeUtilTest.testLocalValue(NodeUtilTest.java:1281)\n\tat com.google.javascript.jscomp.NodeUtilTest.testLocalValue1(NodeUtilTest.java:1169)\n\tat sun.reflect.NativeMethodAccessorImpl.invoke0(Native Method)\n\tat sun.reflect.NativeMethodAccessorImpl.invoke(NativeMethodAccessorImpl.java:62)\n\tat sun.reflect.DelegatingMethodAccessorImpl.invoke(DelegatingMethodAccessorImpl.java:43)\n\tat java.lang.reflect.Method.invoke(Method.java:498)\n\tat junit.framework.TestCase.runTest(TestCase.java:176)\n\tat junit.framework.TestCase.runBare(TestCase.java:141)\n\tat junit.framework.TestResult$1.protect(TestResult.java:122)\n\tat junit.framework.TestResult.runProtected(TestResult.java:142)\n\tat junit.framework.TestResult.run(TestResult.java:125)\n\tat junit.framework.TestCase.run(TestCase.java:129)\n\tat junit.framework.TestSuite.runTest(TestSuite.java:255)\n\tat junit.framework.TestSuite.run(TestSuite.java:250)\n\tat org.apache.tools.ant.taskdefs.optional.junit.JUnitTestRunner.run(JUnitTestRunner.java:520)\n\tat org.apache.tools.ant.taskdefs.optional.junit.JUnitTask.executeInVM(JUnitTask.java:1484)\n\tat org.apache.tools.ant.taskdefs.optional.junit.JUnitTask.execute(JUnitTask.java:872)\n\tat org.apache.tools.ant.taskdefs.optional.junit.JUnitTask.executeOrQueue(JUnitTask.java:1972)\n\tat org.apache.tools.ant.taskdefs.optional.junit.JUnitTask.execute1(JUnitTask.java:824)\n\tat org.apache.tools.ant.taskdefs.optional.junit.JUnitTask.execute(JUnitTask.java:2277)\n\tat org.apache.tools.ant.UnknownElement.execute(UnknownElement.java:291)\n\tat sun.reflect.GeneratedMethodAccessor4.invoke(Unknown Source)\n\tat sun.reflect.DelegatingMethodAccessorImpl.invoke(DelegatingMethodAccessorImpl.java:43)\n\tat java.lang.reflect.Method.invoke(Method.java:498)\n\tat org.apache.tools.ant.dispatch.DispatchUtils.execute(DispatchUtils.java:106)\n\tat org.apache.tools.ant.Task.perform(Task.java:348)\n\tat org.apache.tools.ant.Target.execute(Target.java:392)\n\tat org.apache.tools.ant.Target.performTasks(Target.java:413)\n\tat org.apache.tools.ant.Project.executeSortedTargets(Project.java:1399)\n\tat org.apache.tools.ant.Project.executeTarget(Project.java:1368)\n\tat org.apache.tools.ant.helper.DefaultExecutor.executeTargets(DefaultExecutor.java:41)\n\tat org.apache.tools.ant.Project.executeTargets(Project.java:1251)\n\tat org.apache.tools.ant.Main.runBuild(Main.java:811)\n\tat org.apache.tools.ant.Main.startAnt(Main.java:217)\n\tat org.apache.tools.ant.launch.Launcher.run(Launcher.java:280)\n\tat org.apache.tools.ant.launch.Launcher.main(Launcher.java:109)\n\n\nfailure assertion code:\nassertTrue(NodeUtil.isBooleanResult(getNode(\"delete a\")));\n\n\nThere is a bug in the above code, please help me locate it by considering the stack trace information and failure assertion code.\n\nOutput **only** the exact buggy statement, with no line numbers, explanations, or additional content. Your response should contain just the buggy code line. Do not include ```java or ``` markers in the response.\n",
        "prompt_apr_1": "\nstatic boolean evaluatesToLocalValue(Node value, Predicate<Node> locals) {\n    switch (value.getType()) {\n      case Token.ASSIGN:\n        // A result that is aliased by a non-local name, is the effectively the\n        // same as returning a non-local name, but this doesn't matter if the\n        // value is immutable.\n        return NodeUtil.isImmutableValue(value.getLastChild())\n            || (locals.apply(value)\n                && evaluatesToLocalValue(value.getLastChild(), locals));\n      case Token.COMMA:\n        return evaluatesToLocalValue(value.getLastChild(), locals);\n      case Token.AND:\n      case Token.OR:\n        return evaluatesToLocalValue(value.getFirstChild(), locals)\n           && evaluatesToLocalValue(value.getLastChild(), locals);\n      case Token.HOOK:\n        return evaluatesToLocalValue(value.getFirstChild().getNext(), locals)\n           && evaluatesToLocalValue(value.getLastChild(), locals);\n      case Token.INC:\n      case Token.DEC:\n        if (value.getBooleanProp(Node.INCRDECR_PROP)) {\n          return evaluatesToLocalValue(value.getFirstChild(), locals);\n        } else {\n          return true;\n        }\n      case Token.THIS:\n        return locals.apply(value);\n      case Token.NAME:\n        return isImmutableValue(value) || locals.apply(value);\n      case Token.GETELEM:\n      case Token.GETPROP:\n        // There is no information about the locality of object properties.\n        return locals.apply(value);\n      case Token.CALL:\n        return callHasLocalResult(value)\n            || isToStringMethodCall(value)\n            || locals.apply(value);\n      case Token.NEW:\n        return newHasLocalResult(value)\n               || locals.apply(value);\n      case Token.FUNCTION:\n      case Token.REGEXP:\n      case Token.ARRAYLIT:\n      case Token.OBJECTLIT:\n        // Literals objects with non-literal children are allowed.\n        return true;\n      case Token.IN:\n        // TODO(johnlenz): should IN operator be included in #isSimpleOperator?\n        return true;\n      default:\n        // Other op force a local value:\n        //  x = '' + g (x is now an local string)\n        //  x -= g (x is now an local number)\n        if (isAssignmentOp(value)\n            || isSimpleOperator(value)\n            || isImmutableValue(value)) {\n          return true;\n        }\n\n        throw new IllegalStateException(\n            \"Unexpected expression node\" + value +\n            \"\\n parent:\" + value.getParent());\n    }\n  }\n\nThere is a bug in line [48] of the code, please help me fix it.\n\nPlease return the **complete corrected method**. Do not skip or omit any part of the code. Do not include ```java or ``` markers in the response.\n",
        "prompt_apr_2": "\nstatic boolean evaluatesToLocalValue(Node value, Predicate<Node> locals) {\n    switch (value.getType()) {\n      case Token.ASSIGN:\n        // A result that is aliased by a non-local name, is the effectively the\n        // same as returning a non-local name, but this doesn't matter if the\n        // value is immutable.\n        return NodeUtil.isImmutableValue(value.getLastChild())\n            || (locals.apply(value)\n                && evaluatesToLocalValue(value.getLastChild(), locals));\n      case Token.COMMA:\n        return evaluatesToLocalValue(value.getLastChild(), locals);\n      case Token.AND:\n      case Token.OR:\n        return evaluatesToLocalValue(value.getFirstChild(), locals)\n           && evaluatesToLocalValue(value.getLastChild(), locals);\n      case Token.HOOK:\n        return evaluatesToLocalValue(value.getFirstChild().getNext(), locals)\n           && evaluatesToLocalValue(value.getLastChild(), locals);\n      case Token.INC:\n      case Token.DEC:\n        if (value.getBooleanProp(Node.INCRDECR_PROP)) {\n          return evaluatesToLocalValue(value.getFirstChild(), locals);\n        } else {\n          return true;\n        }\n      case Token.THIS:\n        return locals.apply(value);\n      case Token.NAME:\n        return isImmutableValue(value) || locals.apply(value);\n      case Token.GETELEM:\n      case Token.GETPROP:\n        // There is no information about the locality of object properties.\n        return locals.apply(value);\n      case Token.CALL:\n        return callHasLocalResult(value)\n            || isToStringMethodCall(value)\n            || locals.apply(value);\n      case Token.NEW:\n        return newHasLocalResult(value)\n               || locals.apply(value);\n      case Token.FUNCTION:\n      case Token.REGEXP:\n      case Token.ARRAYLIT:\n      case Token.OBJECTLIT:\n        // Literals objects with non-literal children are allowed.\n        return true;\n      case Token.IN:\n        // TODO(johnlenz): should IN operator be included in #isSimpleOperator?\n        return true;\n      default:\n        // Other op force a local value:\n        //  x = '' + g (x is now an local string)\n        //  x -= g (x is now an local number)\n        if (isAssignmentOp(value)\n            || isSimpleOperator(value)\n            || isImmutableValue(value)) {\n          return true;\n        }\n\n        throw new IllegalStateException(\n            \"Unexpected expression node\" + value +\n            \"\\n parent:\" + value.getParent());\n    }\n  }\n\nThere is a bug in ['        // TODO(johnlenz): should IN operator be included in #isSimpleOperator?'] , please help me fix it. \n\nPlease return the **complete corrected method**. Do not skip or omit any part of the code. Do not include ```java or ``` markers in the response.\n",
        "prompt_apr_3": "\nstatic boolean evaluatesToLocalValue(Node value, Predicate<Node> locals) {\n    switch (value.getType()) {\n      case Token.ASSIGN:\n        // A result that is aliased by a non-local name, is the effectively the\n        // same as returning a non-local name, but this doesn't matter if the\n        // value is immutable.\n        return NodeUtil.isImmutableValue(value.getLastChild())\n            || (locals.apply(value)\n                && evaluatesToLocalValue(value.getLastChild(), locals));\n      case Token.COMMA:\n        return evaluatesToLocalValue(value.getLastChild(), locals);\n      case Token.AND:\n      case Token.OR:\n        return evaluatesToLocalValue(value.getFirstChild(), locals)\n           && evaluatesToLocalValue(value.getLastChild(), locals);\n      case Token.HOOK:\n        return evaluatesToLocalValue(value.getFirstChild().getNext(), locals)\n           && evaluatesToLocalValue(value.getLastChild(), locals);\n      case Token.INC:\n      case Token.DEC:\n        if (value.getBooleanProp(Node.INCRDECR_PROP)) {\n          return evaluatesToLocalValue(value.getFirstChild(), locals);\n        } else {\n          return true;\n        }\n      case Token.THIS:\n        return locals.apply(value);\n      case Token.NAME:\n        return isImmutableValue(value) || locals.apply(value);\n      case Token.GETELEM:\n      case Token.GETPROP:\n        // There is no information about the locality of object properties.\n        return locals.apply(value);\n      case Token.CALL:\n        return callHasLocalResult(value)\n            || isToStringMethodCall(value)\n            || locals.apply(value);\n      case Token.NEW:\n        return newHasLocalResult(value)\n               || locals.apply(value);\n      case Token.FUNCTION:\n      case Token.REGEXP:\n      case Token.ARRAYLIT:\n      case Token.OBJECTLIT:\n        // Literals objects with non-literal children are allowed.\n        return true;\n      case Token.IN:\n        // TODO(johnlenz): should IN operator be included in #isSimpleOperator?\n\nThere is a bug in the last statement, please help me fix it.\n\nReturn the code **only from the method declaration to the fixed statement**, without completing or adding additional code. Do not modify anything beyond fixing the bug, and do not complete the `if` statement or other unfinished parts. Do not include ```java or ``` markers in the response.\n",
        "prompt_apr_4": "\nstatic boolean evaluatesToLocalValue(Node value, Predicate<Node> locals) {\n    switch (value.getType()) {\n      case Token.ASSIGN:\n        // A result that is aliased by a non-local name, is the effectively the\n        // same as returning a non-local name, but this doesn't matter if the\n        // value is immutable.\n        return NodeUtil.isImmutableValue(value.getLastChild())\n            || (locals.apply(value)\n                && evaluatesToLocalValue(value.getLastChild(), locals));\n      case Token.COMMA:\n        return evaluatesToLocalValue(value.getLastChild(), locals);\n      case Token.AND:\n      case Token.OR:\n        return evaluatesToLocalValue(value.getFirstChild(), locals)\n           && evaluatesToLocalValue(value.getLastChild(), locals);\n      case Token.HOOK:\n        return evaluatesToLocalValue(value.getFirstChild().getNext(), locals)\n           && evaluatesToLocalValue(value.getLastChild(), locals);\n      case Token.INC:\n      case Token.DEC:\n        if (value.getBooleanProp(Node.INCRDECR_PROP)) {\n          return evaluatesToLocalValue(value.getFirstChild(), locals);\n        } else {\n          return true;\n        }\n      case Token.THIS:\n        return locals.apply(value);\n      case Token.NAME:\n        return isImmutableValue(value) || locals.apply(value);\n      case Token.GETELEM:\n      case Token.GETPROP:\n        // There is no information about the locality of object properties.\n        return locals.apply(value);\n      case Token.CALL:\n        return callHasLocalResult(value)\n            || isToStringMethodCall(value)\n            || locals.apply(value);\n      case Token.NEW:\n        return newHasLocalResult(value)\n               || locals.apply(value);\n      case Token.FUNCTION:\n      case Token.REGEXP:\n      case Token.ARRAYLIT:\n      case Token.OBJECTLIT:\n        // Literals objects with non-literal children are allowed.\n        return true;\n      case Token.IN:\n        // TODO(johnlenz): should IN operator be included in #isSimpleOperator?\n        return true;\n      default:\n        // Other op force a local value:\n        //  x = '' + g (x is now an local string)\n        //  x -= g (x is now an local number)\n        if (isAssignmentOp(value)\n            || isSimpleOperator(value)\n            || isImmutableValue(value)) {\n          return true;\n        }\n\n        throw new IllegalStateException(\n            \"Unexpected expression node\" + value +\n            \"\\n parent:\" + value.getParent());\n    }\n  }\n\nThere is a bug in line [48] of the code, please help me fix it.\n\nPlease return the results in a strict JSON format as described below. Please follow these instructions carefully:\n1. Your output must include each repaired line's number (`line_number`) and the corresponding fixed code statement (`fixed_statement`).\n2. The output format must be a valid JSON array, where each element represents one repaired line, with the following structure:\n   - `\"line_number\"`: The line number of the buggy code that was repaired (integer).\n   - `\"fixed_statement\"`: The repaired statement for that specific line (string).\n\n3. The result must strictly follow this format:\n[\n    {\n        \"line_number\": int,\n        \"fixed_statement\": \"string\"\n    },\n    {\n        \"line_number\": int,\n        \"fixed_statement\": \"string\"\n    }\n]\n4. The repaired statement in \"fixed_statement\" must replace the corresponding line in the buggy code.\n5. You must NOT include any additional explanation or description in your response. Only return the JSON array. Do not include ```json or ``` markers in the response.\n",
        "prompt_apr_5": "\nstatic boolean evaluatesToLocalValue(Node value, Predicate<Node> locals) {\n    switch (value.getType()) {\n      case Token.ASSIGN:\n        // A result that is aliased by a non-local name, is the effectively the\n        // same as returning a non-local name, but this doesn't matter if the\n        // value is immutable.\n        return NodeUtil.isImmutableValue(value.getLastChild())\n            || (locals.apply(value)\n                && evaluatesToLocalValue(value.getLastChild(), locals));\n      case Token.COMMA:\n        return evaluatesToLocalValue(value.getLastChild(), locals);\n      case Token.AND:\n      case Token.OR:\n        return evaluatesToLocalValue(value.getFirstChild(), locals)\n           && evaluatesToLocalValue(value.getLastChild(), locals);\n      case Token.HOOK:\n        return evaluatesToLocalValue(value.getFirstChild().getNext(), locals)\n           && evaluatesToLocalValue(value.getLastChild(), locals);\n      case Token.INC:\n      case Token.DEC:\n        if (value.getBooleanProp(Node.INCRDECR_PROP)) {\n          return evaluatesToLocalValue(value.getFirstChild(), locals);\n        } else {\n          return true;\n        }\n      case Token.THIS:\n        return locals.apply(value);\n      case Token.NAME:\n        return isImmutableValue(value) || locals.apply(value);\n      case Token.GETELEM:\n      case Token.GETPROP:\n        // There is no information about the locality of object properties.\n        return locals.apply(value);\n      case Token.CALL:\n        return callHasLocalResult(value)\n            || isToStringMethodCall(value)\n            || locals.apply(value);\n      case Token.NEW:\n        return newHasLocalResult(value)\n               || locals.apply(value);\n      case Token.FUNCTION:\n      case Token.REGEXP:\n      case Token.ARRAYLIT:\n      case Token.OBJECTLIT:\n        // Literals objects with non-literal children are allowed.\n        return true;\n      case Token.IN:\n        // TODO(johnlenz): should IN operator be included in #isSimpleOperator?\n        return true;\n      default:\n        // Other op force a local value:\n        //  x = '' + g (x is now an local string)\n        //  x -= g (x is now an local number)\n        if (isAssignmentOp(value)\n            || isSimpleOperator(value)\n            || isImmutableValue(value)) {\n          return true;\n        }\n\n        throw new IllegalStateException(\n            \"Unexpected expression node\" + value +\n            \"\\n parent:\" + value.getParent());\n    }\n  }\n\nThere is a bug in ['        // TODO(johnlenz): should IN operator be included in #isSimpleOperator?'] , please help me fix it. \n\nPlease return the results in a strict JSON format as described below. Please follow these instructions carefully:\n1. Your output must include each repaired line's number (`line_number`) and the corresponding fixed code statement (`fixed_statement`).\n2. The output format must be a valid JSON array, where each element represents one repaired line, with the following structure:\n   - `\"line_number\"`: The line number of the buggy code that was repaired (integer).\n   - `\"fixed_statement\"`: The repaired statement for that specific line (string).\n\n3. The result must strictly follow this format:\n[\n    {\n        \"line_number\": int,\n        \"fixed_statement\": \"string\"\n    },\n    {\n        \"line_number\": int,\n        \"fixed_statement\": \"string\"\n    }\n]\n4. The repaired statement in \"fixed_statement\" must replace the corresponding line in the buggy code.\n5. You must NOT include any additional explanation or description in your response. Only return the JSON array. Do not include ```json or ``` markers in the response.\n",
        "prompt_apr_6": "\nstatic boolean evaluatesToLocalValue(Node value, Predicate<Node> locals) {\n    switch (value.getType()) {\n      case Token.ASSIGN:\n        // A result that is aliased by a non-local name, is the effectively the\n        // same as returning a non-local name, but this doesn't matter if the\n        // value is immutable.\n        return NodeUtil.isImmutableValue(value.getLastChild())\n            || (locals.apply(value)\n                && evaluatesToLocalValue(value.getLastChild(), locals));\n      case Token.COMMA:\n        return evaluatesToLocalValue(value.getLastChild(), locals);\n      case Token.AND:\n      case Token.OR:\n        return evaluatesToLocalValue(value.getFirstChild(), locals)\n           && evaluatesToLocalValue(value.getLastChild(), locals);\n      case Token.HOOK:\n        return evaluatesToLocalValue(value.getFirstChild().getNext(), locals)\n           && evaluatesToLocalValue(value.getLastChild(), locals);\n      case Token.INC:\n      case Token.DEC:\n        if (value.getBooleanProp(Node.INCRDECR_PROP)) {\n          return evaluatesToLocalValue(value.getFirstChild(), locals);\n        } else {\n          return true;\n        }\n      case Token.THIS:\n        return locals.apply(value);\n      case Token.NAME:\n        return isImmutableValue(value) || locals.apply(value);\n      case Token.GETELEM:\n      case Token.GETPROP:\n        // There is no information about the locality of object properties.\n        return locals.apply(value);\n      case Token.CALL:\n        return callHasLocalResult(value)\n            || isToStringMethodCall(value)\n            || locals.apply(value);\n      case Token.NEW:\n        return newHasLocalResult(value)\n               || locals.apply(value);\n      case Token.FUNCTION:\n      case Token.REGEXP:\n      case Token.ARRAYLIT:\n      case Token.OBJECTLIT:\n        // Literals objects with non-literal children are allowed.\n        return true;\n      case Token.IN:\n        // TODO(johnlenz): should IN operator be included in #isSimpleOperator?\n\nThere is a bug in the last statement, please help me fix it.\n\nPlease return the results in a strict JSON format as described below. Please follow these instructions carefully:\n1. Your output must include each repaired line's number (`line_number`) and the corresponding fixed code statement (`fixed_statement`).\n2. The output format must be a valid JSON array, where each element represents one repaired line, with the following structure:\n   - `\"line_number\"`: The line number of the buggy code that was repaired (integer).\n   - `\"fixed_statement\"`: The repaired statement for that specific line (string).\n\n3. The result must strictly follow this format:\n[\n    {\n        \"line_number\": int,\n        \"fixed_statement\": \"string\"\n    },\n    {\n        \"line_number\": int,\n        \"fixed_statement\": \"string\"\n    }\n]\n4. The repaired statement in \"fixed_statement\" must replace the corresponding line in the buggy code.\n5. You must NOT include any additional explanation or description in your response. Only return the JSON array. Do not include ```json or ``` markers in the response.\n"
    }
]