
================== buggy_file ==================
src/com/google/javascript/rhino/jstype/FunctionType.java
================== buggy_method ==================
{'method_name': 'resolveInternal', 'method_body': "@Override\n  JSType resolveInternal(ErrorReporter t, StaticScope<JSType> scope) {\n    setResolvedTypeInternal(this);\n\n    call = (ArrowType) safeResolve(call, t, scope);\n    prototype = (FunctionPrototypeType) safeResolve(prototype, t, scope);\n\n    // Warning about typeOfThis if it doesn't resolve to an ObjectType\n    // is handled further upstream.\n    // TODO(nicksantos): Handle this correctly if we have a UnionType.\n    typeOfThis = (ObjectType) safeResolve(typeOfThis, t, scope);\n\n    boolean changed = false;\n    ImmutableList.Builder<ObjectType> resolvedInterfaces =\n        ImmutableList.builder();\n    for (ObjectType iface : implementedInterfaces) {\n      ObjectType resolvedIface = (ObjectType) iface.resolve(t, scope);\n      resolvedInterfaces.add(resolvedIface);\n      changed |= (resolvedIface != iface);\n    }\n    if (changed) {\n      implementedInterfaces = resolvedInterfaces.build();\n    }\n\n    if (subTypes != null) {\n      for (int i = 0; i < subTypes.size(); i++) {\n        subTypes.set(i, (FunctionType) subTypes.get(i).resolve(t, scope));\n      }\n    }\n\n    return super.resolveInternal(t, scope);\n  }", 'start_line': 861, 'end_line': 892, 'buggy_lines': [871]}
================== buggy_method_src ==================
@Override
  JSType resolveInternal(ErrorReporter t, StaticScope<JSType> scope) {
    setResolvedTypeInternal(this);

    call = (ArrowType) safeResolve(call, t, scope);
    prototype = (FunctionPrototypeType) safeResolve(prototype, t, scope);

    // Warning about typeOfThis if it doesn't resolve to an ObjectType
    // is handled further upstream.
    // TODO(nicksantos): Handle this correctly if we have a UnionType.
    typeOfThis = (ObjectType) safeResolve(typeOfThis, t, scope);

    boolean changed = false;
    ImmutableList.Builder<ObjectType> resolvedInterfaces =
        ImmutableList.builder();
    for (ObjectType iface : implementedInterfaces) {
      ObjectType resolvedIface = (ObjectType) iface.resolve(t, scope);
      resolvedInterfaces.add(resolvedIface);
      changed |= (resolvedIface != iface);
    }
    if (changed) {
      implementedInterfaces = resolvedInterfaces.build();
    }

    if (subTypes != null) {
      for (int i = 0; i < subTypes.size(); i++) {
        subTypes.set(i, (FunctionType) subTypes.get(i).resolve(t, scope));
      }
    }

    return super.resolveInternal(t, scope);
  }
================== test_stack ==================
com.google.javascript.jscomp.TypeCheckTest::testBackwardsTypedefUse1
java.lang.ClassCastException: com.google.javascript.rhino.jstype.StringType cannot be cast to com.google.javascript.rhino.jstype.ObjectType
	at com.google.javascript.rhino.jstype.FunctionType.resolveInternal(FunctionType.java:871)
	at com.google.javascript.rhino.jstype.JSType.resolve(JSType.java:894)
	at com.google.javascript.jscomp.TypedScopeCreator$DeferredSetType.resolve(TypedScopeCreator.java:146)
	at com.google.javascript.jscomp.TypedScopeCreator$AbstractScopeBuilder.resolveTypes(TypedScopeCreator.java:367)
	at com.google.javascript.jscomp.TypedScopeCreator.createScope(TypedScopeCreator.java:188)
	at com.google.javascript.jscomp.MemoizedScopeCreator.createScope(MemoizedScopeCreator.java:53)
	at com.google.javascript.jscomp.TypeCheck.processForTesting(TypeCheck.java:354)
	at com.google.javascript.jscomp.TypeCheckTest.parseAndTypeCheckWithScope(TypeCheckTest.java:7676)
	at com.google.javascript.jscomp.TypeCheckTest.parseAndTypeCheck(TypeCheckTest.java:7649)
	at com.google.javascript.jscomp.TypeCheckTest.testTypes(TypeCheckTest.java:7616)
	at com.google.javascript.jscomp.TypeCheckTest.testTypes(TypeCheckTest.java:7611)
	at com.google.javascript.jscomp.TypeCheckTest.testTypes(TypeCheckTest.java:7555)
	at com.google.javascript.jscomp.TypeCheckTest.testBackwardsTypedefUse1(TypeCheckTest.java:2610)
	at sun.reflect.NativeMethodAccessorImpl.invoke0(Native Method)
	at sun.reflect.NativeMethodAccessorImpl.invoke(NativeMethodAccessorImpl.java:62)
	at sun.reflect.DelegatingMethodAccessorImpl.invoke(DelegatingMethodAccessorImpl.java:43)
	at java.lang.reflect.Method.invoke(Method.java:498)
	at junit.framework.TestCase.runTest(TestCase.java:176)
	at junit.framework.TestCase.runBare(TestCase.java:141)
	at junit.framework.TestResult$1.protect(TestResult.java:122)
	at junit.framework.TestResult.runProtected(TestResult.java:142)
	at junit.framework.TestResult.run(TestResult.java:125)
	at junit.framework.TestCase.run(TestCase.java:129)
	at junit.framework.TestSuite.runTest(TestSuite.java:255)
	at junit.framework.TestSuite.run(TestSuite.java:250)
	at org.apache.tools.ant.taskdefs.optional.junit.JUnitTestRunner.run(JUnitTestRunner.java:520)
	at org.apache.tools.ant.taskdefs.optional.junit.JUnitTask.executeInVM(JUnitTask.java:1484)
	at org.apache.tools.ant.taskdefs.optional.junit.JUnitTask.execute(JUnitTask.java:872)
	at org.apache.tools.ant.taskdefs.optional.junit.JUnitTask.executeOrQueue(JUnitTask.java:1972)
	at org.apache.tools.ant.taskdefs.optional.junit.JUnitTask.execute1(JUnitTask.java:824)
	at org.apache.tools.ant.taskdefs.optional.junit.JUnitTask.execute(JUnitTask.java:2277)
	at org.apache.tools.ant.UnknownElement.execute(UnknownElement.java:291)
	at sun.reflect.GeneratedMethodAccessor4.invoke(Unknown Source)
	at sun.reflect.DelegatingMethodAccessorImpl.invoke(DelegatingMethodAccessorImpl.java:43)
	at java.lang.reflect.Method.invoke(Method.java:498)
	at org.apache.tools.ant.dispatch.DispatchUtils.execute(DispatchUtils.java:106)
	at org.apache.tools.ant.Task.perform(Task.java:348)
	at org.apache.tools.ant.Target.execute(Target.java:392)
	at org.apache.tools.ant.Target.performTasks(Target.java:413)
	at org.apache.tools.ant.Project.executeSortedTargets(Project.java:1399)
	at org.apache.tools.ant.Project.executeTarget(Project.java:1368)
	at org.apache.tools.ant.helper.DefaultExecutor.executeTargets(DefaultExecutor.java:41)
	at org.apache.tools.ant.Project.executeTargets(Project.java:1251)
	at org.apache.tools.ant.Main.runBuild(Main.java:811)
	at org.apache.tools.ant.Main.startAnt(Main.java:217)
	at org.apache.tools.ant.launch.Launcher.run(Launcher.java:280)
	at org.apache.tools.ant.launch.Launcher.main(Launcher.java:109)
com.google.javascript.jscomp.TypeCheckTest::testBackwardsTypedefUse2
java.lang.ClassCastException: com.google.javascript.rhino.jstype.UnionType cannot be cast to com.google.javascript.rhino.jstype.ObjectType
	at com.google.javascript.rhino.jstype.FunctionType.resolveInternal(FunctionType.java:871)
	at com.google.javascript.rhino.jstype.JSType.resolve(JSType.java:894)
	at com.google.javascript.jscomp.TypedScopeCreator$DeferredSetType.resolve(TypedScopeCreator.java:146)
	at com.google.javascript.jscomp.TypedScopeCreator$AbstractScopeBuilder.resolveTypes(TypedScopeCreator.java:367)
	at com.google.javascript.jscomp.TypedScopeCreator.createScope(TypedScopeCreator.java:188)
	at com.google.javascript.jscomp.MemoizedScopeCreator.createScope(MemoizedScopeCreator.java:53)
	at com.google.javascript.jscomp.TypeCheck.processForTesting(TypeCheck.java:354)
	at com.google.javascript.jscomp.TypeCheckTest.parseAndTypeCheckWithScope(TypeCheckTest.java:7676)
	at com.google.javascript.jscomp.TypeCheckTest.parseAndTypeCheck(TypeCheckTest.java:7649)
	at com.google.javascript.jscomp.TypeCheckTest.testTypes(TypeCheckTest.java:7616)
	at com.google.javascript.jscomp.TypeCheckTest.testTypes(TypeCheckTest.java:7611)
	at com.google.javascript.jscomp.TypeCheckTest.testTypes(TypeCheckTest.java:7555)
	at com.google.javascript.jscomp.TypeCheckTest.testTypes(TypeCheckTest.java:7551)
	at com.google.javascript.jscomp.TypeCheckTest.testBackwardsTypedefUse2(TypeCheckTest.java:2618)
	at sun.reflect.NativeMethodAccessorImpl.invoke0(Native Method)
	at sun.reflect.NativeMethodAccessorImpl.invoke(NativeMethodAccessorImpl.java:62)
	at sun.reflect.DelegatingMethodAccessorImpl.invoke(DelegatingMethodAccessorImpl.java:43)
	at java.lang.reflect.Method.invoke(Method.java:498)
	at junit.framework.TestCase.runTest(TestCase.java:176)
	at junit.framework.TestCase.runBare(TestCase.java:141)
	at junit.framework.TestResult$1.protect(TestResult.java:122)
	at junit.framework.TestResult.runProtected(TestResult.java:142)
	at junit.framework.TestResult.run(TestResult.java:125)
	at junit.framework.TestCase.run(TestCase.java:129)
	at junit.framework.TestSuite.runTest(TestSuite.java:255)
	at junit.framework.TestSuite.run(TestSuite.java:250)
	at org.apache.tools.ant.taskdefs.optional.junit.JUnitTestRunner.run(JUnitTestRunner.java:520)
	at org.apache.tools.ant.taskdefs.optional.junit.JUnitTask.executeInVM(JUnitTask.java:1484)
	at org.apache.tools.ant.taskdefs.optional.junit.JUnitTask.execute(JUnitTask.java:872)
	at org.apache.tools.ant.taskdefs.optional.junit.JUnitTask.executeOrQueue(JUnitTask.java:1972)
	at org.apache.tools.ant.taskdefs.optional.junit.JUnitTask.execute1(JUnitTask.java:824)
	at org.apache.tools.ant.taskdefs.optional.junit.JUnitTask.execute(JUnitTask.java:2277)
	at org.apache.tools.ant.UnknownElement.execute(UnknownElement.java:291)
	at sun.reflect.GeneratedMethodAccessor4.invoke(Unknown Source)
	at sun.reflect.DelegatingMethodAccessorImpl.invoke(DelegatingMethodAccessorImpl.java:43)
	at java.lang.reflect.Method.invoke(Method.java:498)
	at org.apache.tools.ant.dispatch.DispatchUtils.execute(DispatchUtils.java:106)
	at org.apache.tools.ant.Task.perform(Task.java:348)
	at org.apache.tools.ant.Target.execute(Target.java:392)
	at org.apache.tools.ant.Target.performTasks(Target.java:413)
	at org.apache.tools.ant.Project.executeSortedTargets(Project.java:1399)
	at org.apache.tools.ant.Project.executeTarget(Project.java:1368)
	at org.apache.tools.ant.helper.DefaultExecutor.executeTargets(DefaultExecutor.java:41)
	at org.apache.tools.ant.Project.executeTargets(Project.java:1251)
	at org.apache.tools.ant.Main.runBuild(Main.java:811)
	at org.apache.tools.ant.Main.startAnt(Main.java:217)
	at org.apache.tools.ant.launch.Launcher.run(Launcher.java:280)
	at org.apache.tools.ant.launch.Launcher.main(Launcher.java:109)
com.google.javascript.jscomp.TypeCheckTest::testBackwardsTypedefUse3
java.lang.ClassCastException: com.google.javascript.rhino.jstype.UnionType cannot be cast to com.google.javascript.rhino.jstype.ObjectType
	at com.google.javascript.rhino.jstype.FunctionType.resolveInternal(FunctionType.java:871)
	at com.google.javascript.rhino.jstype.JSType.resolve(JSType.java:894)
	at com.google.javascript.jscomp.TypedScopeCreator$DeferredSetType.resolve(TypedScopeCreator.java:146)
	at com.google.javascript.jscomp.TypedScopeCreator$AbstractScopeBuilder.resolveTypes(TypedScopeCreator.java:367)
	at com.google.javascript.jscomp.TypedScopeCreator.createScope(TypedScopeCreator.java:188)
	at com.google.javascript.jscomp.MemoizedScopeCreator.createScope(MemoizedScopeCreator.java:53)
	at com.google.javascript.jscomp.TypeCheck.processForTesting(TypeCheck.java:354)
	at com.google.javascript.jscomp.TypeCheckTest.parseAndTypeCheckWithScope(TypeCheckTest.java:7676)
	at com.google.javascript.jscomp.TypeCheckTest.parseAndTypeCheck(TypeCheckTest.java:7649)
	at com.google.javascript.jscomp.TypeCheckTest.testTypes(TypeCheckTest.java:7616)
	at com.google.javascript.jscomp.TypeCheckTest.testTypes(TypeCheckTest.java:7611)
	at com.google.javascript.jscomp.TypeCheckTest.testTypes(TypeCheckTest.java:7555)
	at com.google.javascript.jscomp.TypeCheckTest.testBackwardsTypedefUse3(TypeCheckTest.java:2624)
	at sun.reflect.NativeMethodAccessorImpl.invoke0(Native Method)
	at sun.reflect.NativeMethodAccessorImpl.invoke(NativeMethodAccessorImpl.java:62)
	at sun.reflect.DelegatingMethodAccessorImpl.invoke(DelegatingMethodAccessorImpl.java:43)
	at java.lang.reflect.Method.invoke(Method.java:498)
	at junit.framework.TestCase.runTest(TestCase.java:176)
	at junit.framework.TestCase.runBare(TestCase.java:141)
	at junit.framework.TestResult$1.protect(TestResult.java:122)
	at junit.framework.TestResult.runProtected(TestResult.java:142)
	at junit.framework.TestResult.run(TestResult.java:125)
	at junit.framework.TestCase.run(TestCase.java:129)
	at junit.framework.TestSuite.runTest(TestSuite.java:255)
	at junit.framework.TestSuite.run(TestSuite.java:250)
	at org.apache.tools.ant.taskdefs.optional.junit.JUnitTestRunner.run(JUnitTestRunner.java:520)
	at org.apache.tools.ant.taskdefs.optional.junit.JUnitTask.executeInVM(JUnitTask.java:1484)
	at org.apache.tools.ant.taskdefs.optional.junit.JUnitTask.execute(JUnitTask.java:872)
	at org.apache.tools.ant.taskdefs.optional.junit.JUnitTask.executeOrQueue(JUnitTask.java:1972)
	at org.apache.tools.ant.taskdefs.optional.junit.JUnitTask.execute1(JUnitTask.java:824)
	at org.apache.tools.ant.taskdefs.optional.junit.JUnitTask.execute(JUnitTask.java:2277)
	at org.apache.tools.ant.UnknownElement.execute(UnknownElement.java:291)
	at sun.reflect.GeneratedMethodAccessor4.invoke(Unknown Source)
	at sun.reflect.DelegatingMethodAccessorImpl.invoke(DelegatingMethodAccessorImpl.java:43)
	at java.lang.reflect.Method.invoke(Method.java:498)
	at org.apache.tools.ant.dispatch.DispatchUtils.execute(DispatchUtils.java:106)
	at org.apache.tools.ant.Task.perform(Task.java:348)
	at org.apache.tools.ant.Target.execute(Target.java:392)
	at org.apache.tools.ant.Target.performTasks(Target.java:413)
	at org.apache.tools.ant.Project.executeSortedTargets(Project.java:1399)
	at org.apache.tools.ant.Project.executeTarget(Project.java:1368)
	at org.apache.tools.ant.helper.DefaultExecutor.executeTargets(DefaultExecutor.java:41)
	at org.apache.tools.ant.Project.executeTargets(Project.java:1251)
	at org.apache.tools.ant.Main.runBuild(Main.java:811)
	at org.apache.tools.ant.Main.startAnt(Main.java:217)
	at org.apache.tools.ant.launch.Launcher.run(Launcher.java:280)
	at org.apache.tools.ant.launch.Launcher.main(Launcher.java:109)

================== test_assert ==================
testTypes(

================== buggy_lines_in_method ==================
[11]
================== buggy_statements ==================
['    typeOfThis = (ObjectType) safeResolve(typeOfThis, t, scope);']
================== buggy_method_src_endswith_buggy_statement ==================
@Override
  JSType resolveInternal(ErrorReporter t, StaticScope<JSType> scope) {
    setResolvedTypeInternal(this);

    call = (ArrowType) safeResolve(call, t, scope);
    prototype = (FunctionPrototypeType) safeResolve(prototype, t, scope);

    // Warning about typeOfThis if it doesn't resolve to an ObjectType
    // is handled further upstream.
    // TODO(nicksantos): Handle this correctly if we have a UnionType.
    typeOfThis = (ObjectType) safeResolve(typeOfThis, t, scope);