[
    {
        "prompt_fl_1": "\nsource code:\n@Override\n  JSType resolveInternal(ErrorReporter t, StaticScope<JSType> scope) {\n    setResolvedTypeInternal(this);\n\n    call = (ArrowType) safeResolve(call, t, scope);\n    prototype = (FunctionPrototypeType) safeResolve(prototype, t, scope);\n\n    // Warning about typeOfThis if it doesn't resolve to an ObjectType\n    // is handled further upstream.\n    // TODO(nicksantos): Handle this correctly if we have a UnionType.\n    typeOfThis = (ObjectType) safeResolve(typeOfThis, t, scope);\n\n    boolean changed = false;\n    ImmutableList.Builder<ObjectType> resolvedInterfaces =\n        ImmutableList.builder();\n    for (ObjectType iface : implementedInterfaces) {\n      ObjectType resolvedIface = (ObjectType) iface.resolve(t, scope);\n      resolvedInterfaces.add(resolvedIface);\n      changed |= (resolvedIface != iface);\n    }\n    if (changed) {\n      implementedInterfaces = resolvedInterfaces.build();\n    }\n\n    if (subTypes != null) {\n      for (int i = 0; i < subTypes.size(); i++) {\n        subTypes.set(i, (FunctionType) subTypes.get(i).resolve(t, scope));\n      }\n    }\n\n    return super.resolveInternal(t, scope);\n  }\n\nThere is a bug in the above code, please help me locate it.\n\nPlease output **only one integer**: the line number of the buggy code (The code starts from line 1). Do not provide any explanations or additional content.\n",
        "prompt_fl_2": "\nsource code:\n@Override\n  JSType resolveInternal(ErrorReporter t, StaticScope<JSType> scope) {\n    setResolvedTypeInternal(this);\n\n    call = (ArrowType) safeResolve(call, t, scope);\n    prototype = (FunctionPrototypeType) safeResolve(prototype, t, scope);\n\n    // Warning about typeOfThis if it doesn't resolve to an ObjectType\n    // is handled further upstream.\n    // TODO(nicksantos): Handle this correctly if we have a UnionType.\n    typeOfThis = (ObjectType) safeResolve(typeOfThis, t, scope);\n\n    boolean changed = false;\n    ImmutableList.Builder<ObjectType> resolvedInterfaces =\n        ImmutableList.builder();\n    for (ObjectType iface : implementedInterfaces) {\n      ObjectType resolvedIface = (ObjectType) iface.resolve(t, scope);\n      resolvedInterfaces.add(resolvedIface);\n      changed |= (resolvedIface != iface);\n    }\n    if (changed) {\n      implementedInterfaces = resolvedInterfaces.build();\n    }\n\n    if (subTypes != null) {\n      for (int i = 0; i < subTypes.size(); i++) {\n        subTypes.set(i, (FunctionType) subTypes.get(i).resolve(t, scope));\n      }\n    }\n\n    return super.resolveInternal(t, scope);\n  }\n\nstack trace:\ncom.google.javascript.jscomp.TypeCheckTest::testBackwardsTypedefUse1\njava.lang.ClassCastException: com.google.javascript.rhino.jstype.StringType cannot be cast to com.google.javascript.rhino.jstype.ObjectType\n\tat com.google.javascript.rhino.jstype.FunctionType.resolveInternal(FunctionType.java:871)\n\tat com.google.javascript.rhino.jstype.JSType.resolve(JSType.java:894)\n\tat com.google.javascript.jscomp.TypedScopeCreator$DeferredSetType.resolve(TypedScopeCreator.java:146)\n\tat com.google.javascript.jscomp.TypedScopeCreator$AbstractScopeBuilder.resolveTypes(TypedScopeCreator.java:367)\n\tat com.google.javascript.jscomp.TypedScopeCreator.createScope(TypedScopeCreator.java:188)\n\tat com.google.javascript.jscomp.MemoizedScopeCreator.createScope(MemoizedScopeCreator.java:53)\n\tat com.google.javascript.jscomp.TypeCheck.processForTesting(TypeCheck.java:354)\n\tat com.google.javascript.jscomp.TypeCheckTest.parseAndTypeCheckWithScope(TypeCheckTest.java:7676)\n\tat com.google.javascript.jscomp.TypeCheckTest.parseAndTypeCheck(TypeCheckTest.java:7649)\n\tat com.google.javascript.jscomp.TypeCheckTest.testTypes(TypeCheckTest.java:7616)\n\tat com.google.javascript.jscomp.TypeCheckTest.testTypes(TypeCheckTest.java:7611)\n\tat com.google.javascript.jscomp.TypeCheckTest.testTypes(TypeCheckTest.java:7555)\n\tat com.google.javascript.jscomp.TypeCheckTest.testBackwardsTypedefUse1(TypeCheckTest.java:2610)\n\tat sun.reflect.NativeMethodAccessorImpl.invoke0(Native Method)\n\tat sun.reflect.NativeMethodAccessorImpl.invoke(NativeMethodAccessorImpl.java:62)\n\tat sun.reflect.DelegatingMethodAccessorImpl.invoke(DelegatingMethodAccessorImpl.java:43)\n\tat java.lang.reflect.Method.invoke(Method.java:498)\n\tat junit.framework.TestCase.runTest(TestCase.java:176)\n\tat junit.framework.TestCase.runBare(TestCase.java:141)\n\tat junit.framework.TestResult$1.protect(TestResult.java:122)\n\tat junit.framework.TestResult.runProtected(TestResult.java:142)\n\tat junit.framework.TestResult.run(TestResult.java:125)\n\tat junit.framework.TestCase.run(TestCase.java:129)\n\tat junit.framework.TestSuite.runTest(TestSuite.java:255)\n\tat junit.framework.TestSuite.run(TestSuite.java:250)\n\tat org.apache.tools.ant.taskdefs.optional.junit.JUnitTestRunner.run(JUnitTestRunner.java:520)\n\tat org.apache.tools.ant.taskdefs.optional.junit.JUnitTask.executeInVM(JUnitTask.java:1484)\n\tat org.apache.tools.ant.taskdefs.optional.junit.JUnitTask.execute(JUnitTask.java:872)\n\tat org.apache.tools.ant.taskdefs.optional.junit.JUnitTask.executeOrQueue(JUnitTask.java:1972)\n\tat org.apache.tools.ant.taskdefs.optional.junit.JUnitTask.execute1(JUnitTask.java:824)\n\tat org.apache.tools.ant.taskdefs.optional.junit.JUnitTask.execute(JUnitTask.java:2277)\n\tat org.apache.tools.ant.UnknownElement.execute(UnknownElement.java:291)\n\tat sun.reflect.GeneratedMethodAccessor4.invoke(Unknown Source)\n\tat sun.reflect.DelegatingMethodAccessorImpl.invoke(DelegatingMethodAccessorImpl.java:43)\n\tat java.lang.reflect.Method.invoke(Method.java:498)\n\tat org.apache.tools.ant.dispatch.DispatchUtils.execute(DispatchUtils.java:106)\n\tat org.apache.tools.ant.Task.perform(Task.java:348)\n\tat org.apache.tools.ant.Target.execute(Target.java:392)\n\tat org.apache.tools.ant.Target.performTasks(Target.java:413)\n\tat org.apache.tools.ant.Project.executeSortedTargets(Project.java:1399)\n\tat org.apache.tools.ant.Project.executeTarget(Project.java:1368)\n\tat org.apache.tools.ant.helper.DefaultExecutor.executeTargets(DefaultExecutor.java:41)\n\tat org.apache.tools.ant.Project.executeTargets(Project.java:1251)\n\tat org.apache.tools.ant.Main.runBuild(Main.java:811)\n\tat org.apache.tools.ant.Main.startAnt(Main.java:217)\n\tat org.apache.tools.ant.launch.Launcher.run(Launcher.java:280)\n\tat org.apache.tools.ant.launch.Launcher.main(Launcher.java:109)\ncom.google.javascript.jscomp.TypeCheckTest::testBackwardsTypedefUse2\njava.lang.ClassCastException: com.google.javascript.rhino.jstype.UnionType cannot be cast to com.google.javascript.rhino.jstype.ObjectType\n\tat com.google.javascript.rhino.jstype.FunctionType.resolveInternal(FunctionType.java:871)\n\tat com.google.javascript.rhino.jstype.JSType.resolve(JSType.java:894)\n\tat com.google.javascript.jscomp.TypedScopeCreator$DeferredSetType.resolve(TypedScopeCreator.java:146)\n\tat com.google.javascript.jscomp.TypedScopeCreator$AbstractScopeBuilder.resolveTypes(TypedScopeCreator.java:367)\n\tat com.google.javascript.jscomp.TypedScopeCreator.createScope(TypedScopeCreator.java:188)\n\tat com.google.javascript.jscomp.MemoizedScopeCreator.createScope(MemoizedScopeCreator.java:53)\n\tat com.google.javascript.jscomp.TypeCheck.processForTesting(TypeCheck.java:354)\n\tat com.google.javascript.jscomp.TypeCheckTest.parseAndTypeCheckWithScope(TypeCheckTest.java:7676)\n\tat com.google.javascript.jscomp.TypeCheckTest.parseAndTypeCheck(TypeCheckTest.java:7649)\n\tat com.google.javascript.jscomp.TypeCheckTest.testTypes(TypeCheckTest.java:7616)\n\tat com.google.javascript.jscomp.TypeCheckTest.testTypes(TypeCheckTest.java:7611)\n\tat com.google.javascript.jscomp.TypeCheckTest.testTypes(TypeCheckTest.java:7555)\n\tat com.google.javascript.jscomp.TypeCheckTest.testTypes(TypeCheckTest.java:7551)\n\tat com.google.javascript.jscomp.TypeCheckTest.testBackwardsTypedefUse2(TypeCheckTest.java:2618)\n\tat sun.reflect.NativeMethodAccessorImpl.invoke0(Native Method)\n\tat sun.reflect.NativeMethodAccessorImpl.invoke(NativeMethodAccessorImpl.java:62)\n\tat sun.reflect.DelegatingMethodAccessorImpl.invoke(DelegatingMethodAccessorImpl.java:43)\n\tat java.lang.reflect.Method.invoke(Method.java:498)\n\tat junit.framework.TestCase.runTest(TestCase.java:176)\n\tat junit.framework.TestCase.runBare(TestCase.java:141)\n\tat junit.framework.TestResult$1.protect(TestResult.java:122)\n\tat junit.framework.TestResult.runProtected(TestResult.java:142)\n\tat junit.framework.TestResult.run(TestResult.java:125)\n\tat junit.framework.TestCase.run(TestCase.java:129)\n\tat junit.framework.TestSuite.runTest(TestSuite.java:255)\n\tat junit.framework.TestSuite.run(TestSuite.java:250)\n\tat org.apache.tools.ant.taskdefs.optional.junit.JUnitTestRunner.run(JUnitTestRunner.java:520)\n\tat org.apache.tools.ant.taskdefs.optional.junit.JUnitTask.executeInVM(JUnitTask.java:1484)\n\tat org.apache.tools.ant.taskdefs.optional.junit.JUnitTask.execute(JUnitTask.java:872)\n\tat org.apache.tools.ant.taskdefs.optional.junit.JUnitTask.executeOrQueue(JUnitTask.java:1972)\n\tat org.apache.tools.ant.taskdefs.optional.junit.JUnitTask.execute1(JUnitTask.java:824)\n\tat org.apache.tools.ant.taskdefs.optional.junit.JUnitTask.execute(JUnitTask.java:2277)\n\tat org.apache.tools.ant.UnknownElement.execute(UnknownElement.java:291)\n\tat sun.reflect.GeneratedMethodAccessor4.invoke(Unknown Source)\n\tat sun.reflect.DelegatingMethodAccessorImpl.invoke(DelegatingMethodAccessorImpl.java:43)\n\tat java.lang.reflect.Method.invoke(Method.java:498)\n\tat org.apache.tools.ant.dispatch.DispatchUtils.execute(DispatchUtils.java:106)\n\tat org.apache.tools.ant.Task.perform(Task.java:348)\n\tat org.apache.tools.ant.Target.execute(Target.java:392)\n\tat org.apache.tools.ant.Target.performTasks(Target.java:413)\n\tat org.apache.tools.ant.Project.executeSortedTargets(Project.java:1399)\n\tat org.apache.tools.ant.Project.executeTarget(Project.java:1368)\n\tat org.apache.tools.ant.helper.DefaultExecutor.executeTargets(DefaultExecutor.java:41)\n\tat org.apache.tools.ant.Project.executeTargets(Project.java:1251)\n\tat org.apache.tools.ant.Main.runBuild(Main.java:811)\n\tat org.apache.tools.ant.Main.startAnt(Main.java:217)\n\tat org.apache.tools.ant.launch.Launcher.run(Launcher.java:280)\n\tat org.apache.tools.ant.launch.Launcher.main(Launcher.java:109)\ncom.google.javascript.jscomp.TypeCheckTest::testBackwardsTypedefUse3\njava.lang.ClassCastException: com.google.javascript.rhino.jstype.UnionType cannot be cast to com.google.javascript.rhino.jstype.ObjectType\n\tat com.google.javascript.rhino.jstype.FunctionType.resolveInternal(FunctionType.java:871)\n\tat com.google.javascript.rhino.jstype.JSType.resolve(JSType.java:894)\n\tat com.google.javascript.jscomp.TypedScopeCreator$DeferredSetType.resolve(TypedScopeCreator.java:146)\n\tat com.google.javascript.jscomp.TypedScopeCreator$AbstractScopeBuilder.resolveTypes(TypedScopeCreator.java:367)\n\tat com.google.javascript.jscomp.TypedScopeCreator.createScope(TypedScopeCreator.java:188)\n\tat com.google.javascript.jscomp.MemoizedScopeCreator.createScope(MemoizedScopeCreator.java:53)\n\tat com.google.javascript.jscomp.TypeCheck.processForTesting(TypeCheck.java:354)\n\tat com.google.javascript.jscomp.TypeCheckTest.parseAndTypeCheckWithScope(TypeCheckTest.java:7676)\n\tat com.google.javascript.jscomp.TypeCheckTest.parseAndTypeCheck(TypeCheckTest.java:7649)\n\tat com.google.javascript.jscomp.TypeCheckTest.testTypes(TypeCheckTest.java:7616)\n\tat com.google.javascript.jscomp.TypeCheckTest.testTypes(TypeCheckTest.java:7611)\n\tat com.google.javascript.jscomp.TypeCheckTest.testTypes(TypeCheckTest.java:7555)\n\tat com.google.javascript.jscomp.TypeCheckTest.testBackwardsTypedefUse3(TypeCheckTest.java:2624)\n\tat sun.reflect.NativeMethodAccessorImpl.invoke0(Native Method)\n\tat sun.reflect.NativeMethodAccessorImpl.invoke(NativeMethodAccessorImpl.java:62)\n\tat sun.reflect.DelegatingMethodAccessorImpl.invoke(DelegatingMethodAccessorImpl.java:43)\n\tat java.lang.reflect.Method.invoke(Method.java:498)\n\tat junit.framework.TestCase.runTest(TestCase.java:176)\n\tat junit.framework.TestCase.runBare(TestCase.java:141)\n\tat junit.framework.TestResult$1.protect(TestResult.java:122)\n\tat junit.framework.TestResult.runProtected(TestResult.java:142)\n\tat junit.framework.TestResult.run(TestResult.java:125)\n\tat junit.framework.TestCase.run(TestCase.java:129)\n\tat junit.framework.TestSuite.runTest(TestSuite.java:255)\n\tat junit.framework.TestSuite.run(TestSuite.java:250)\n\tat org.apache.tools.ant.taskdefs.optional.junit.JUnitTestRunner.run(JUnitTestRunner.java:520)\n\tat org.apache.tools.ant.taskdefs.optional.junit.JUnitTask.executeInVM(JUnitTask.java:1484)\n\tat org.apache.tools.ant.taskdefs.optional.junit.JUnitTask.execute(JUnitTask.java:872)\n\tat org.apache.tools.ant.taskdefs.optional.junit.JUnitTask.executeOrQueue(JUnitTask.java:1972)\n\tat org.apache.tools.ant.taskdefs.optional.junit.JUnitTask.execute1(JUnitTask.java:824)\n\tat org.apache.tools.ant.taskdefs.optional.junit.JUnitTask.execute(JUnitTask.java:2277)\n\tat org.apache.tools.ant.UnknownElement.execute(UnknownElement.java:291)\n\tat sun.reflect.GeneratedMethodAccessor4.invoke(Unknown Source)\n\tat sun.reflect.DelegatingMethodAccessorImpl.invoke(DelegatingMethodAccessorImpl.java:43)\n\tat java.lang.reflect.Method.invoke(Method.java:498)\n\tat org.apache.tools.ant.dispatch.DispatchUtils.execute(DispatchUtils.java:106)\n\tat org.apache.tools.ant.Task.perform(Task.java:348)\n\tat org.apache.tools.ant.Target.execute(Target.java:392)\n\tat org.apache.tools.ant.Target.performTasks(Target.java:413)\n\tat org.apache.tools.ant.Project.executeSortedTargets(Project.java:1399)\n\tat org.apache.tools.ant.Project.executeTarget(Project.java:1368)\n\tat org.apache.tools.ant.helper.DefaultExecutor.executeTargets(DefaultExecutor.java:41)\n\tat org.apache.tools.ant.Project.executeTargets(Project.java:1251)\n\tat org.apache.tools.ant.Main.runBuild(Main.java:811)\n\tat org.apache.tools.ant.Main.startAnt(Main.java:217)\n\tat org.apache.tools.ant.launch.Launcher.run(Launcher.java:280)\n\tat org.apache.tools.ant.launch.Launcher.main(Launcher.java:109)\n\n\nThere is a bug in the above code, please help me locate it by considering the stack trace.\n\nPlease output **only one integer**: the line number of the buggy code (The code starts from line 1). Do not provide any explanations or additional content.\n",
        "prompt_fl_3": "\nsource code:\n@Override\n  JSType resolveInternal(ErrorReporter t, StaticScope<JSType> scope) {\n    setResolvedTypeInternal(this);\n\n    call = (ArrowType) safeResolve(call, t, scope);\n    prototype = (FunctionPrototypeType) safeResolve(prototype, t, scope);\n\n    // Warning about typeOfThis if it doesn't resolve to an ObjectType\n    // is handled further upstream.\n    // TODO(nicksantos): Handle this correctly if we have a UnionType.\n    typeOfThis = (ObjectType) safeResolve(typeOfThis, t, scope);\n\n    boolean changed = false;\n    ImmutableList.Builder<ObjectType> resolvedInterfaces =\n        ImmutableList.builder();\n    for (ObjectType iface : implementedInterfaces) {\n      ObjectType resolvedIface = (ObjectType) iface.resolve(t, scope);\n      resolvedInterfaces.add(resolvedIface);\n      changed |= (resolvedIface != iface);\n    }\n    if (changed) {\n      implementedInterfaces = resolvedInterfaces.build();\n    }\n\n    if (subTypes != null) {\n      for (int i = 0; i < subTypes.size(); i++) {\n        subTypes.set(i, (FunctionType) subTypes.get(i).resolve(t, scope));\n      }\n    }\n\n    return super.resolveInternal(t, scope);\n  }\n\nstack trace:\ncom.google.javascript.jscomp.TypeCheckTest::testBackwardsTypedefUse1\njava.lang.ClassCastException: com.google.javascript.rhino.jstype.StringType cannot be cast to com.google.javascript.rhino.jstype.ObjectType\n\tat com.google.javascript.rhino.jstype.FunctionType.resolveInternal(FunctionType.java:871)\n\tat com.google.javascript.rhino.jstype.JSType.resolve(JSType.java:894)\n\tat com.google.javascript.jscomp.TypedScopeCreator$DeferredSetType.resolve(TypedScopeCreator.java:146)\n\tat com.google.javascript.jscomp.TypedScopeCreator$AbstractScopeBuilder.resolveTypes(TypedScopeCreator.java:367)\n\tat com.google.javascript.jscomp.TypedScopeCreator.createScope(TypedScopeCreator.java:188)\n\tat com.google.javascript.jscomp.MemoizedScopeCreator.createScope(MemoizedScopeCreator.java:53)\n\tat com.google.javascript.jscomp.TypeCheck.processForTesting(TypeCheck.java:354)\n\tat com.google.javascript.jscomp.TypeCheckTest.parseAndTypeCheckWithScope(TypeCheckTest.java:7676)\n\tat com.google.javascript.jscomp.TypeCheckTest.parseAndTypeCheck(TypeCheckTest.java:7649)\n\tat com.google.javascript.jscomp.TypeCheckTest.testTypes(TypeCheckTest.java:7616)\n\tat com.google.javascript.jscomp.TypeCheckTest.testTypes(TypeCheckTest.java:7611)\n\tat com.google.javascript.jscomp.TypeCheckTest.testTypes(TypeCheckTest.java:7555)\n\tat com.google.javascript.jscomp.TypeCheckTest.testBackwardsTypedefUse1(TypeCheckTest.java:2610)\n\tat sun.reflect.NativeMethodAccessorImpl.invoke0(Native Method)\n\tat sun.reflect.NativeMethodAccessorImpl.invoke(NativeMethodAccessorImpl.java:62)\n\tat sun.reflect.DelegatingMethodAccessorImpl.invoke(DelegatingMethodAccessorImpl.java:43)\n\tat java.lang.reflect.Method.invoke(Method.java:498)\n\tat junit.framework.TestCase.runTest(TestCase.java:176)\n\tat junit.framework.TestCase.runBare(TestCase.java:141)\n\tat junit.framework.TestResult$1.protect(TestResult.java:122)\n\tat junit.framework.TestResult.runProtected(TestResult.java:142)\n\tat junit.framework.TestResult.run(TestResult.java:125)\n\tat junit.framework.TestCase.run(TestCase.java:129)\n\tat junit.framework.TestSuite.runTest(TestSuite.java:255)\n\tat junit.framework.TestSuite.run(TestSuite.java:250)\n\tat org.apache.tools.ant.taskdefs.optional.junit.JUnitTestRunner.run(JUnitTestRunner.java:520)\n\tat org.apache.tools.ant.taskdefs.optional.junit.JUnitTask.executeInVM(JUnitTask.java:1484)\n\tat org.apache.tools.ant.taskdefs.optional.junit.JUnitTask.execute(JUnitTask.java:872)\n\tat org.apache.tools.ant.taskdefs.optional.junit.JUnitTask.executeOrQueue(JUnitTask.java:1972)\n\tat org.apache.tools.ant.taskdefs.optional.junit.JUnitTask.execute1(JUnitTask.java:824)\n\tat org.apache.tools.ant.taskdefs.optional.junit.JUnitTask.execute(JUnitTask.java:2277)\n\tat org.apache.tools.ant.UnknownElement.execute(UnknownElement.java:291)\n\tat sun.reflect.GeneratedMethodAccessor4.invoke(Unknown Source)\n\tat sun.reflect.DelegatingMethodAccessorImpl.invoke(DelegatingMethodAccessorImpl.java:43)\n\tat java.lang.reflect.Method.invoke(Method.java:498)\n\tat org.apache.tools.ant.dispatch.DispatchUtils.execute(DispatchUtils.java:106)\n\tat org.apache.tools.ant.Task.perform(Task.java:348)\n\tat org.apache.tools.ant.Target.execute(Target.java:392)\n\tat org.apache.tools.ant.Target.performTasks(Target.java:413)\n\tat org.apache.tools.ant.Project.executeSortedTargets(Project.java:1399)\n\tat org.apache.tools.ant.Project.executeTarget(Project.java:1368)\n\tat org.apache.tools.ant.helper.DefaultExecutor.executeTargets(DefaultExecutor.java:41)\n\tat org.apache.tools.ant.Project.executeTargets(Project.java:1251)\n\tat org.apache.tools.ant.Main.runBuild(Main.java:811)\n\tat org.apache.tools.ant.Main.startAnt(Main.java:217)\n\tat org.apache.tools.ant.launch.Launcher.run(Launcher.java:280)\n\tat org.apache.tools.ant.launch.Launcher.main(Launcher.java:109)\ncom.google.javascript.jscomp.TypeCheckTest::testBackwardsTypedefUse2\njava.lang.ClassCastException: com.google.javascript.rhino.jstype.UnionType cannot be cast to com.google.javascript.rhino.jstype.ObjectType\n\tat com.google.javascript.rhino.jstype.FunctionType.resolveInternal(FunctionType.java:871)\n\tat com.google.javascript.rhino.jstype.JSType.resolve(JSType.java:894)\n\tat com.google.javascript.jscomp.TypedScopeCreator$DeferredSetType.resolve(TypedScopeCreator.java:146)\n\tat com.google.javascript.jscomp.TypedScopeCreator$AbstractScopeBuilder.resolveTypes(TypedScopeCreator.java:367)\n\tat com.google.javascript.jscomp.TypedScopeCreator.createScope(TypedScopeCreator.java:188)\n\tat com.google.javascript.jscomp.MemoizedScopeCreator.createScope(MemoizedScopeCreator.java:53)\n\tat com.google.javascript.jscomp.TypeCheck.processForTesting(TypeCheck.java:354)\n\tat com.google.javascript.jscomp.TypeCheckTest.parseAndTypeCheckWithScope(TypeCheckTest.java:7676)\n\tat com.google.javascript.jscomp.TypeCheckTest.parseAndTypeCheck(TypeCheckTest.java:7649)\n\tat com.google.javascript.jscomp.TypeCheckTest.testTypes(TypeCheckTest.java:7616)\n\tat com.google.javascript.jscomp.TypeCheckTest.testTypes(TypeCheckTest.java:7611)\n\tat com.google.javascript.jscomp.TypeCheckTest.testTypes(TypeCheckTest.java:7555)\n\tat com.google.javascript.jscomp.TypeCheckTest.testTypes(TypeCheckTest.java:7551)\n\tat com.google.javascript.jscomp.TypeCheckTest.testBackwardsTypedefUse2(TypeCheckTest.java:2618)\n\tat sun.reflect.NativeMethodAccessorImpl.invoke0(Native Method)\n\tat sun.reflect.NativeMethodAccessorImpl.invoke(NativeMethodAccessorImpl.java:62)\n\tat sun.reflect.DelegatingMethodAccessorImpl.invoke(DelegatingMethodAccessorImpl.java:43)\n\tat java.lang.reflect.Method.invoke(Method.java:498)\n\tat junit.framework.TestCase.runTest(TestCase.java:176)\n\tat junit.framework.TestCase.runBare(TestCase.java:141)\n\tat junit.framework.TestResult$1.protect(TestResult.java:122)\n\tat junit.framework.TestResult.runProtected(TestResult.java:142)\n\tat junit.framework.TestResult.run(TestResult.java:125)\n\tat junit.framework.TestCase.run(TestCase.java:129)\n\tat junit.framework.TestSuite.runTest(TestSuite.java:255)\n\tat junit.framework.TestSuite.run(TestSuite.java:250)\n\tat org.apache.tools.ant.taskdefs.optional.junit.JUnitTestRunner.run(JUnitTestRunner.java:520)\n\tat org.apache.tools.ant.taskdefs.optional.junit.JUnitTask.executeInVM(JUnitTask.java:1484)\n\tat org.apache.tools.ant.taskdefs.optional.junit.JUnitTask.execute(JUnitTask.java:872)\n\tat org.apache.tools.ant.taskdefs.optional.junit.JUnitTask.executeOrQueue(JUnitTask.java:1972)\n\tat org.apache.tools.ant.taskdefs.optional.junit.JUnitTask.execute1(JUnitTask.java:824)\n\tat org.apache.tools.ant.taskdefs.optional.junit.JUnitTask.execute(JUnitTask.java:2277)\n\tat org.apache.tools.ant.UnknownElement.execute(UnknownElement.java:291)\n\tat sun.reflect.GeneratedMethodAccessor4.invoke(Unknown Source)\n\tat sun.reflect.DelegatingMethodAccessorImpl.invoke(DelegatingMethodAccessorImpl.java:43)\n\tat java.lang.reflect.Method.invoke(Method.java:498)\n\tat org.apache.tools.ant.dispatch.DispatchUtils.execute(DispatchUtils.java:106)\n\tat org.apache.tools.ant.Task.perform(Task.java:348)\n\tat org.apache.tools.ant.Target.execute(Target.java:392)\n\tat org.apache.tools.ant.Target.performTasks(Target.java:413)\n\tat org.apache.tools.ant.Project.executeSortedTargets(Project.java:1399)\n\tat org.apache.tools.ant.Project.executeTarget(Project.java:1368)\n\tat org.apache.tools.ant.helper.DefaultExecutor.executeTargets(DefaultExecutor.java:41)\n\tat org.apache.tools.ant.Project.executeTargets(Project.java:1251)\n\tat org.apache.tools.ant.Main.runBuild(Main.java:811)\n\tat org.apache.tools.ant.Main.startAnt(Main.java:217)\n\tat org.apache.tools.ant.launch.Launcher.run(Launcher.java:280)\n\tat org.apache.tools.ant.launch.Launcher.main(Launcher.java:109)\ncom.google.javascript.jscomp.TypeCheckTest::testBackwardsTypedefUse3\njava.lang.ClassCastException: com.google.javascript.rhino.jstype.UnionType cannot be cast to com.google.javascript.rhino.jstype.ObjectType\n\tat com.google.javascript.rhino.jstype.FunctionType.resolveInternal(FunctionType.java:871)\n\tat com.google.javascript.rhino.jstype.JSType.resolve(JSType.java:894)\n\tat com.google.javascript.jscomp.TypedScopeCreator$DeferredSetType.resolve(TypedScopeCreator.java:146)\n\tat com.google.javascript.jscomp.TypedScopeCreator$AbstractScopeBuilder.resolveTypes(TypedScopeCreator.java:367)\n\tat com.google.javascript.jscomp.TypedScopeCreator.createScope(TypedScopeCreator.java:188)\n\tat com.google.javascript.jscomp.MemoizedScopeCreator.createScope(MemoizedScopeCreator.java:53)\n\tat com.google.javascript.jscomp.TypeCheck.processForTesting(TypeCheck.java:354)\n\tat com.google.javascript.jscomp.TypeCheckTest.parseAndTypeCheckWithScope(TypeCheckTest.java:7676)\n\tat com.google.javascript.jscomp.TypeCheckTest.parseAndTypeCheck(TypeCheckTest.java:7649)\n\tat com.google.javascript.jscomp.TypeCheckTest.testTypes(TypeCheckTest.java:7616)\n\tat com.google.javascript.jscomp.TypeCheckTest.testTypes(TypeCheckTest.java:7611)\n\tat com.google.javascript.jscomp.TypeCheckTest.testTypes(TypeCheckTest.java:7555)\n\tat com.google.javascript.jscomp.TypeCheckTest.testBackwardsTypedefUse3(TypeCheckTest.java:2624)\n\tat sun.reflect.NativeMethodAccessorImpl.invoke0(Native Method)\n\tat sun.reflect.NativeMethodAccessorImpl.invoke(NativeMethodAccessorImpl.java:62)\n\tat sun.reflect.DelegatingMethodAccessorImpl.invoke(DelegatingMethodAccessorImpl.java:43)\n\tat java.lang.reflect.Method.invoke(Method.java:498)\n\tat junit.framework.TestCase.runTest(TestCase.java:176)\n\tat junit.framework.TestCase.runBare(TestCase.java:141)\n\tat junit.framework.TestResult$1.protect(TestResult.java:122)\n\tat junit.framework.TestResult.runProtected(TestResult.java:142)\n\tat junit.framework.TestResult.run(TestResult.java:125)\n\tat junit.framework.TestCase.run(TestCase.java:129)\n\tat junit.framework.TestSuite.runTest(TestSuite.java:255)\n\tat junit.framework.TestSuite.run(TestSuite.java:250)\n\tat org.apache.tools.ant.taskdefs.optional.junit.JUnitTestRunner.run(JUnitTestRunner.java:520)\n\tat org.apache.tools.ant.taskdefs.optional.junit.JUnitTask.executeInVM(JUnitTask.java:1484)\n\tat org.apache.tools.ant.taskdefs.optional.junit.JUnitTask.execute(JUnitTask.java:872)\n\tat org.apache.tools.ant.taskdefs.optional.junit.JUnitTask.executeOrQueue(JUnitTask.java:1972)\n\tat org.apache.tools.ant.taskdefs.optional.junit.JUnitTask.execute1(JUnitTask.java:824)\n\tat org.apache.tools.ant.taskdefs.optional.junit.JUnitTask.execute(JUnitTask.java:2277)\n\tat org.apache.tools.ant.UnknownElement.execute(UnknownElement.java:291)\n\tat sun.reflect.GeneratedMethodAccessor4.invoke(Unknown Source)\n\tat sun.reflect.DelegatingMethodAccessorImpl.invoke(DelegatingMethodAccessorImpl.java:43)\n\tat java.lang.reflect.Method.invoke(Method.java:498)\n\tat org.apache.tools.ant.dispatch.DispatchUtils.execute(DispatchUtils.java:106)\n\tat org.apache.tools.ant.Task.perform(Task.java:348)\n\tat org.apache.tools.ant.Target.execute(Target.java:392)\n\tat org.apache.tools.ant.Target.performTasks(Target.java:413)\n\tat org.apache.tools.ant.Project.executeSortedTargets(Project.java:1399)\n\tat org.apache.tools.ant.Project.executeTarget(Project.java:1368)\n\tat org.apache.tools.ant.helper.DefaultExecutor.executeTargets(DefaultExecutor.java:41)\n\tat org.apache.tools.ant.Project.executeTargets(Project.java:1251)\n\tat org.apache.tools.ant.Main.runBuild(Main.java:811)\n\tat org.apache.tools.ant.Main.startAnt(Main.java:217)\n\tat org.apache.tools.ant.launch.Launcher.run(Launcher.java:280)\n\tat org.apache.tools.ant.launch.Launcher.main(Launcher.java:109)\n\n\nfailure assertion code:\ntestTypes(\n\n\nThere is a bug in the above code, please help me locate it by considering the stack trace information and failure assertion code.\n\nPlease output **only one integer**: the line number of the buggy code (The code starts from line 1). Do not provide any explanations or additional content.\n",
        "prompt_fl_4": "\nsource code:\n@Override\n  JSType resolveInternal(ErrorReporter t, StaticScope<JSType> scope) {\n    setResolvedTypeInternal(this);\n\n    call = (ArrowType) safeResolve(call, t, scope);\n    prototype = (FunctionPrototypeType) safeResolve(prototype, t, scope);\n\n    // Warning about typeOfThis if it doesn't resolve to an ObjectType\n    // is handled further upstream.\n    // TODO(nicksantos): Handle this correctly if we have a UnionType.\n    typeOfThis = (ObjectType) safeResolve(typeOfThis, t, scope);\n\n    boolean changed = false;\n    ImmutableList.Builder<ObjectType> resolvedInterfaces =\n        ImmutableList.builder();\n    for (ObjectType iface : implementedInterfaces) {\n      ObjectType resolvedIface = (ObjectType) iface.resolve(t, scope);\n      resolvedInterfaces.add(resolvedIface);\n      changed |= (resolvedIface != iface);\n    }\n    if (changed) {\n      implementedInterfaces = resolvedInterfaces.build();\n    }\n\n    if (subTypes != null) {\n      for (int i = 0; i < subTypes.size(); i++) {\n        subTypes.set(i, (FunctionType) subTypes.get(i).resolve(t, scope));\n      }\n    }\n\n    return super.resolveInternal(t, scope);\n  }\n\nThere is a bug in the above code, please help me locate it.\n\nOutput **only** the exact buggy statement, with no line numbers, explanations, or additional content. Your response should contain just the buggy code line. Do not include ```java or ``` markers in the response.\n",
        "prompt_fl_5": "\nsource code:\n@Override\n  JSType resolveInternal(ErrorReporter t, StaticScope<JSType> scope) {\n    setResolvedTypeInternal(this);\n\n    call = (ArrowType) safeResolve(call, t, scope);\n    prototype = (FunctionPrototypeType) safeResolve(prototype, t, scope);\n\n    // Warning about typeOfThis if it doesn't resolve to an ObjectType\n    // is handled further upstream.\n    // TODO(nicksantos): Handle this correctly if we have a UnionType.\n    typeOfThis = (ObjectType) safeResolve(typeOfThis, t, scope);\n\n    boolean changed = false;\n    ImmutableList.Builder<ObjectType> resolvedInterfaces =\n        ImmutableList.builder();\n    for (ObjectType iface : implementedInterfaces) {\n      ObjectType resolvedIface = (ObjectType) iface.resolve(t, scope);\n      resolvedInterfaces.add(resolvedIface);\n      changed |= (resolvedIface != iface);\n    }\n    if (changed) {\n      implementedInterfaces = resolvedInterfaces.build();\n    }\n\n    if (subTypes != null) {\n      for (int i = 0; i < subTypes.size(); i++) {\n        subTypes.set(i, (FunctionType) subTypes.get(i).resolve(t, scope));\n      }\n    }\n\n    return super.resolveInternal(t, scope);\n  }\n\nstack trace:\ncom.google.javascript.jscomp.TypeCheckTest::testBackwardsTypedefUse1\njava.lang.ClassCastException: com.google.javascript.rhino.jstype.StringType cannot be cast to com.google.javascript.rhino.jstype.ObjectType\n\tat com.google.javascript.rhino.jstype.FunctionType.resolveInternal(FunctionType.java:871)\n\tat com.google.javascript.rhino.jstype.JSType.resolve(JSType.java:894)\n\tat com.google.javascript.jscomp.TypedScopeCreator$DeferredSetType.resolve(TypedScopeCreator.java:146)\n\tat com.google.javascript.jscomp.TypedScopeCreator$AbstractScopeBuilder.resolveTypes(TypedScopeCreator.java:367)\n\tat com.google.javascript.jscomp.TypedScopeCreator.createScope(TypedScopeCreator.java:188)\n\tat com.google.javascript.jscomp.MemoizedScopeCreator.createScope(MemoizedScopeCreator.java:53)\n\tat com.google.javascript.jscomp.TypeCheck.processForTesting(TypeCheck.java:354)\n\tat com.google.javascript.jscomp.TypeCheckTest.parseAndTypeCheckWithScope(TypeCheckTest.java:7676)\n\tat com.google.javascript.jscomp.TypeCheckTest.parseAndTypeCheck(TypeCheckTest.java:7649)\n\tat com.google.javascript.jscomp.TypeCheckTest.testTypes(TypeCheckTest.java:7616)\n\tat com.google.javascript.jscomp.TypeCheckTest.testTypes(TypeCheckTest.java:7611)\n\tat com.google.javascript.jscomp.TypeCheckTest.testTypes(TypeCheckTest.java:7555)\n\tat com.google.javascript.jscomp.TypeCheckTest.testBackwardsTypedefUse1(TypeCheckTest.java:2610)\n\tat sun.reflect.NativeMethodAccessorImpl.invoke0(Native Method)\n\tat sun.reflect.NativeMethodAccessorImpl.invoke(NativeMethodAccessorImpl.java:62)\n\tat sun.reflect.DelegatingMethodAccessorImpl.invoke(DelegatingMethodAccessorImpl.java:43)\n\tat java.lang.reflect.Method.invoke(Method.java:498)\n\tat junit.framework.TestCase.runTest(TestCase.java:176)\n\tat junit.framework.TestCase.runBare(TestCase.java:141)\n\tat junit.framework.TestResult$1.protect(TestResult.java:122)\n\tat junit.framework.TestResult.runProtected(TestResult.java:142)\n\tat junit.framework.TestResult.run(TestResult.java:125)\n\tat junit.framework.TestCase.run(TestCase.java:129)\n\tat junit.framework.TestSuite.runTest(TestSuite.java:255)\n\tat junit.framework.TestSuite.run(TestSuite.java:250)\n\tat org.apache.tools.ant.taskdefs.optional.junit.JUnitTestRunner.run(JUnitTestRunner.java:520)\n\tat org.apache.tools.ant.taskdefs.optional.junit.JUnitTask.executeInVM(JUnitTask.java:1484)\n\tat org.apache.tools.ant.taskdefs.optional.junit.JUnitTask.execute(JUnitTask.java:872)\n\tat org.apache.tools.ant.taskdefs.optional.junit.JUnitTask.executeOrQueue(JUnitTask.java:1972)\n\tat org.apache.tools.ant.taskdefs.optional.junit.JUnitTask.execute1(JUnitTask.java:824)\n\tat org.apache.tools.ant.taskdefs.optional.junit.JUnitTask.execute(JUnitTask.java:2277)\n\tat org.apache.tools.ant.UnknownElement.execute(UnknownElement.java:291)\n\tat sun.reflect.GeneratedMethodAccessor4.invoke(Unknown Source)\n\tat sun.reflect.DelegatingMethodAccessorImpl.invoke(DelegatingMethodAccessorImpl.java:43)\n\tat java.lang.reflect.Method.invoke(Method.java:498)\n\tat org.apache.tools.ant.dispatch.DispatchUtils.execute(DispatchUtils.java:106)\n\tat org.apache.tools.ant.Task.perform(Task.java:348)\n\tat org.apache.tools.ant.Target.execute(Target.java:392)\n\tat org.apache.tools.ant.Target.performTasks(Target.java:413)\n\tat org.apache.tools.ant.Project.executeSortedTargets(Project.java:1399)\n\tat org.apache.tools.ant.Project.executeTarget(Project.java:1368)\n\tat org.apache.tools.ant.helper.DefaultExecutor.executeTargets(DefaultExecutor.java:41)\n\tat org.apache.tools.ant.Project.executeTargets(Project.java:1251)\n\tat org.apache.tools.ant.Main.runBuild(Main.java:811)\n\tat org.apache.tools.ant.Main.startAnt(Main.java:217)\n\tat org.apache.tools.ant.launch.Launcher.run(Launcher.java:280)\n\tat org.apache.tools.ant.launch.Launcher.main(Launcher.java:109)\ncom.google.javascript.jscomp.TypeCheckTest::testBackwardsTypedefUse2\njava.lang.ClassCastException: com.google.javascript.rhino.jstype.UnionType cannot be cast to com.google.javascript.rhino.jstype.ObjectType\n\tat com.google.javascript.rhino.jstype.FunctionType.resolveInternal(FunctionType.java:871)\n\tat com.google.javascript.rhino.jstype.JSType.resolve(JSType.java:894)\n\tat com.google.javascript.jscomp.TypedScopeCreator$DeferredSetType.resolve(TypedScopeCreator.java:146)\n\tat com.google.javascript.jscomp.TypedScopeCreator$AbstractScopeBuilder.resolveTypes(TypedScopeCreator.java:367)\n\tat com.google.javascript.jscomp.TypedScopeCreator.createScope(TypedScopeCreator.java:188)\n\tat com.google.javascript.jscomp.MemoizedScopeCreator.createScope(MemoizedScopeCreator.java:53)\n\tat com.google.javascript.jscomp.TypeCheck.processForTesting(TypeCheck.java:354)\n\tat com.google.javascript.jscomp.TypeCheckTest.parseAndTypeCheckWithScope(TypeCheckTest.java:7676)\n\tat com.google.javascript.jscomp.TypeCheckTest.parseAndTypeCheck(TypeCheckTest.java:7649)\n\tat com.google.javascript.jscomp.TypeCheckTest.testTypes(TypeCheckTest.java:7616)\n\tat com.google.javascript.jscomp.TypeCheckTest.testTypes(TypeCheckTest.java:7611)\n\tat com.google.javascript.jscomp.TypeCheckTest.testTypes(TypeCheckTest.java:7555)\n\tat com.google.javascript.jscomp.TypeCheckTest.testTypes(TypeCheckTest.java:7551)\n\tat com.google.javascript.jscomp.TypeCheckTest.testBackwardsTypedefUse2(TypeCheckTest.java:2618)\n\tat sun.reflect.NativeMethodAccessorImpl.invoke0(Native Method)\n\tat sun.reflect.NativeMethodAccessorImpl.invoke(NativeMethodAccessorImpl.java:62)\n\tat sun.reflect.DelegatingMethodAccessorImpl.invoke(DelegatingMethodAccessorImpl.java:43)\n\tat java.lang.reflect.Method.invoke(Method.java:498)\n\tat junit.framework.TestCase.runTest(TestCase.java:176)\n\tat junit.framework.TestCase.runBare(TestCase.java:141)\n\tat junit.framework.TestResult$1.protect(TestResult.java:122)\n\tat junit.framework.TestResult.runProtected(TestResult.java:142)\n\tat junit.framework.TestResult.run(TestResult.java:125)\n\tat junit.framework.TestCase.run(TestCase.java:129)\n\tat junit.framework.TestSuite.runTest(TestSuite.java:255)\n\tat junit.framework.TestSuite.run(TestSuite.java:250)\n\tat org.apache.tools.ant.taskdefs.optional.junit.JUnitTestRunner.run(JUnitTestRunner.java:520)\n\tat org.apache.tools.ant.taskdefs.optional.junit.JUnitTask.executeInVM(JUnitTask.java:1484)\n\tat org.apache.tools.ant.taskdefs.optional.junit.JUnitTask.execute(JUnitTask.java:872)\n\tat org.apache.tools.ant.taskdefs.optional.junit.JUnitTask.executeOrQueue(JUnitTask.java:1972)\n\tat org.apache.tools.ant.taskdefs.optional.junit.JUnitTask.execute1(JUnitTask.java:824)\n\tat org.apache.tools.ant.taskdefs.optional.junit.JUnitTask.execute(JUnitTask.java:2277)\n\tat org.apache.tools.ant.UnknownElement.execute(UnknownElement.java:291)\n\tat sun.reflect.GeneratedMethodAccessor4.invoke(Unknown Source)\n\tat sun.reflect.DelegatingMethodAccessorImpl.invoke(DelegatingMethodAccessorImpl.java:43)\n\tat java.lang.reflect.Method.invoke(Method.java:498)\n\tat org.apache.tools.ant.dispatch.DispatchUtils.execute(DispatchUtils.java:106)\n\tat org.apache.tools.ant.Task.perform(Task.java:348)\n\tat org.apache.tools.ant.Target.execute(Target.java:392)\n\tat org.apache.tools.ant.Target.performTasks(Target.java:413)\n\tat org.apache.tools.ant.Project.executeSortedTargets(Project.java:1399)\n\tat org.apache.tools.ant.Project.executeTarget(Project.java:1368)\n\tat org.apache.tools.ant.helper.DefaultExecutor.executeTargets(DefaultExecutor.java:41)\n\tat org.apache.tools.ant.Project.executeTargets(Project.java:1251)\n\tat org.apache.tools.ant.Main.runBuild(Main.java:811)\n\tat org.apache.tools.ant.Main.startAnt(Main.java:217)\n\tat org.apache.tools.ant.launch.Launcher.run(Launcher.java:280)\n\tat org.apache.tools.ant.launch.Launcher.main(Launcher.java:109)\ncom.google.javascript.jscomp.TypeCheckTest::testBackwardsTypedefUse3\njava.lang.ClassCastException: com.google.javascript.rhino.jstype.UnionType cannot be cast to com.google.javascript.rhino.jstype.ObjectType\n\tat com.google.javascript.rhino.jstype.FunctionType.resolveInternal(FunctionType.java:871)\n\tat com.google.javascript.rhino.jstype.JSType.resolve(JSType.java:894)\n\tat com.google.javascript.jscomp.TypedScopeCreator$DeferredSetType.resolve(TypedScopeCreator.java:146)\n\tat com.google.javascript.jscomp.TypedScopeCreator$AbstractScopeBuilder.resolveTypes(TypedScopeCreator.java:367)\n\tat com.google.javascript.jscomp.TypedScopeCreator.createScope(TypedScopeCreator.java:188)\n\tat com.google.javascript.jscomp.MemoizedScopeCreator.createScope(MemoizedScopeCreator.java:53)\n\tat com.google.javascript.jscomp.TypeCheck.processForTesting(TypeCheck.java:354)\n\tat com.google.javascript.jscomp.TypeCheckTest.parseAndTypeCheckWithScope(TypeCheckTest.java:7676)\n\tat com.google.javascript.jscomp.TypeCheckTest.parseAndTypeCheck(TypeCheckTest.java:7649)\n\tat com.google.javascript.jscomp.TypeCheckTest.testTypes(TypeCheckTest.java:7616)\n\tat com.google.javascript.jscomp.TypeCheckTest.testTypes(TypeCheckTest.java:7611)\n\tat com.google.javascript.jscomp.TypeCheckTest.testTypes(TypeCheckTest.java:7555)\n\tat com.google.javascript.jscomp.TypeCheckTest.testBackwardsTypedefUse3(TypeCheckTest.java:2624)\n\tat sun.reflect.NativeMethodAccessorImpl.invoke0(Native Method)\n\tat sun.reflect.NativeMethodAccessorImpl.invoke(NativeMethodAccessorImpl.java:62)\n\tat sun.reflect.DelegatingMethodAccessorImpl.invoke(DelegatingMethodAccessorImpl.java:43)\n\tat java.lang.reflect.Method.invoke(Method.java:498)\n\tat junit.framework.TestCase.runTest(TestCase.java:176)\n\tat junit.framework.TestCase.runBare(TestCase.java:141)\n\tat junit.framework.TestResult$1.protect(TestResult.java:122)\n\tat junit.framework.TestResult.runProtected(TestResult.java:142)\n\tat junit.framework.TestResult.run(TestResult.java:125)\n\tat junit.framework.TestCase.run(TestCase.java:129)\n\tat junit.framework.TestSuite.runTest(TestSuite.java:255)\n\tat junit.framework.TestSuite.run(TestSuite.java:250)\n\tat org.apache.tools.ant.taskdefs.optional.junit.JUnitTestRunner.run(JUnitTestRunner.java:520)\n\tat org.apache.tools.ant.taskdefs.optional.junit.JUnitTask.executeInVM(JUnitTask.java:1484)\n\tat org.apache.tools.ant.taskdefs.optional.junit.JUnitTask.execute(JUnitTask.java:872)\n\tat org.apache.tools.ant.taskdefs.optional.junit.JUnitTask.executeOrQueue(JUnitTask.java:1972)\n\tat org.apache.tools.ant.taskdefs.optional.junit.JUnitTask.execute1(JUnitTask.java:824)\n\tat org.apache.tools.ant.taskdefs.optional.junit.JUnitTask.execute(JUnitTask.java:2277)\n\tat org.apache.tools.ant.UnknownElement.execute(UnknownElement.java:291)\n\tat sun.reflect.GeneratedMethodAccessor4.invoke(Unknown Source)\n\tat sun.reflect.DelegatingMethodAccessorImpl.invoke(DelegatingMethodAccessorImpl.java:43)\n\tat java.lang.reflect.Method.invoke(Method.java:498)\n\tat org.apache.tools.ant.dispatch.DispatchUtils.execute(DispatchUtils.java:106)\n\tat org.apache.tools.ant.Task.perform(Task.java:348)\n\tat org.apache.tools.ant.Target.execute(Target.java:392)\n\tat org.apache.tools.ant.Target.performTasks(Target.java:413)\n\tat org.apache.tools.ant.Project.executeSortedTargets(Project.java:1399)\n\tat org.apache.tools.ant.Project.executeTarget(Project.java:1368)\n\tat org.apache.tools.ant.helper.DefaultExecutor.executeTargets(DefaultExecutor.java:41)\n\tat org.apache.tools.ant.Project.executeTargets(Project.java:1251)\n\tat org.apache.tools.ant.Main.runBuild(Main.java:811)\n\tat org.apache.tools.ant.Main.startAnt(Main.java:217)\n\tat org.apache.tools.ant.launch.Launcher.run(Launcher.java:280)\n\tat org.apache.tools.ant.launch.Launcher.main(Launcher.java:109)\n\n\nThere is a bug in the above code, please help me locate it by considering the stack trace.\n\nOutput **only** the exact buggy statement, with no line numbers, explanations, or additional content. Your response should contain just the buggy code line. Do not include ```java or ``` markers in the response.\n",
        "prompt_fl_6": "\nsource code:\n@Override\n  JSType resolveInternal(ErrorReporter t, StaticScope<JSType> scope) {\n    setResolvedTypeInternal(this);\n\n    call = (ArrowType) safeResolve(call, t, scope);\n    prototype = (FunctionPrototypeType) safeResolve(prototype, t, scope);\n\n    // Warning about typeOfThis if it doesn't resolve to an ObjectType\n    // is handled further upstream.\n    // TODO(nicksantos): Handle this correctly if we have a UnionType.\n    typeOfThis = (ObjectType) safeResolve(typeOfThis, t, scope);\n\n    boolean changed = false;\n    ImmutableList.Builder<ObjectType> resolvedInterfaces =\n        ImmutableList.builder();\n    for (ObjectType iface : implementedInterfaces) {\n      ObjectType resolvedIface = (ObjectType) iface.resolve(t, scope);\n      resolvedInterfaces.add(resolvedIface);\n      changed |= (resolvedIface != iface);\n    }\n    if (changed) {\n      implementedInterfaces = resolvedInterfaces.build();\n    }\n\n    if (subTypes != null) {\n      for (int i = 0; i < subTypes.size(); i++) {\n        subTypes.set(i, (FunctionType) subTypes.get(i).resolve(t, scope));\n      }\n    }\n\n    return super.resolveInternal(t, scope);\n  }\n\nstack trace:\ncom.google.javascript.jscomp.TypeCheckTest::testBackwardsTypedefUse1\njava.lang.ClassCastException: com.google.javascript.rhino.jstype.StringType cannot be cast to com.google.javascript.rhino.jstype.ObjectType\n\tat com.google.javascript.rhino.jstype.FunctionType.resolveInternal(FunctionType.java:871)\n\tat com.google.javascript.rhino.jstype.JSType.resolve(JSType.java:894)\n\tat com.google.javascript.jscomp.TypedScopeCreator$DeferredSetType.resolve(TypedScopeCreator.java:146)\n\tat com.google.javascript.jscomp.TypedScopeCreator$AbstractScopeBuilder.resolveTypes(TypedScopeCreator.java:367)\n\tat com.google.javascript.jscomp.TypedScopeCreator.createScope(TypedScopeCreator.java:188)\n\tat com.google.javascript.jscomp.MemoizedScopeCreator.createScope(MemoizedScopeCreator.java:53)\n\tat com.google.javascript.jscomp.TypeCheck.processForTesting(TypeCheck.java:354)\n\tat com.google.javascript.jscomp.TypeCheckTest.parseAndTypeCheckWithScope(TypeCheckTest.java:7676)\n\tat com.google.javascript.jscomp.TypeCheckTest.parseAndTypeCheck(TypeCheckTest.java:7649)\n\tat com.google.javascript.jscomp.TypeCheckTest.testTypes(TypeCheckTest.java:7616)\n\tat com.google.javascript.jscomp.TypeCheckTest.testTypes(TypeCheckTest.java:7611)\n\tat com.google.javascript.jscomp.TypeCheckTest.testTypes(TypeCheckTest.java:7555)\n\tat com.google.javascript.jscomp.TypeCheckTest.testBackwardsTypedefUse1(TypeCheckTest.java:2610)\n\tat sun.reflect.NativeMethodAccessorImpl.invoke0(Native Method)\n\tat sun.reflect.NativeMethodAccessorImpl.invoke(NativeMethodAccessorImpl.java:62)\n\tat sun.reflect.DelegatingMethodAccessorImpl.invoke(DelegatingMethodAccessorImpl.java:43)\n\tat java.lang.reflect.Method.invoke(Method.java:498)\n\tat junit.framework.TestCase.runTest(TestCase.java:176)\n\tat junit.framework.TestCase.runBare(TestCase.java:141)\n\tat junit.framework.TestResult$1.protect(TestResult.java:122)\n\tat junit.framework.TestResult.runProtected(TestResult.java:142)\n\tat junit.framework.TestResult.run(TestResult.java:125)\n\tat junit.framework.TestCase.run(TestCase.java:129)\n\tat junit.framework.TestSuite.runTest(TestSuite.java:255)\n\tat junit.framework.TestSuite.run(TestSuite.java:250)\n\tat org.apache.tools.ant.taskdefs.optional.junit.JUnitTestRunner.run(JUnitTestRunner.java:520)\n\tat org.apache.tools.ant.taskdefs.optional.junit.JUnitTask.executeInVM(JUnitTask.java:1484)\n\tat org.apache.tools.ant.taskdefs.optional.junit.JUnitTask.execute(JUnitTask.java:872)\n\tat org.apache.tools.ant.taskdefs.optional.junit.JUnitTask.executeOrQueue(JUnitTask.java:1972)\n\tat org.apache.tools.ant.taskdefs.optional.junit.JUnitTask.execute1(JUnitTask.java:824)\n\tat org.apache.tools.ant.taskdefs.optional.junit.JUnitTask.execute(JUnitTask.java:2277)\n\tat org.apache.tools.ant.UnknownElement.execute(UnknownElement.java:291)\n\tat sun.reflect.GeneratedMethodAccessor4.invoke(Unknown Source)\n\tat sun.reflect.DelegatingMethodAccessorImpl.invoke(DelegatingMethodAccessorImpl.java:43)\n\tat java.lang.reflect.Method.invoke(Method.java:498)\n\tat org.apache.tools.ant.dispatch.DispatchUtils.execute(DispatchUtils.java:106)\n\tat org.apache.tools.ant.Task.perform(Task.java:348)\n\tat org.apache.tools.ant.Target.execute(Target.java:392)\n\tat org.apache.tools.ant.Target.performTasks(Target.java:413)\n\tat org.apache.tools.ant.Project.executeSortedTargets(Project.java:1399)\n\tat org.apache.tools.ant.Project.executeTarget(Project.java:1368)\n\tat org.apache.tools.ant.helper.DefaultExecutor.executeTargets(DefaultExecutor.java:41)\n\tat org.apache.tools.ant.Project.executeTargets(Project.java:1251)\n\tat org.apache.tools.ant.Main.runBuild(Main.java:811)\n\tat org.apache.tools.ant.Main.startAnt(Main.java:217)\n\tat org.apache.tools.ant.launch.Launcher.run(Launcher.java:280)\n\tat org.apache.tools.ant.launch.Launcher.main(Launcher.java:109)\ncom.google.javascript.jscomp.TypeCheckTest::testBackwardsTypedefUse2\njava.lang.ClassCastException: com.google.javascript.rhino.jstype.UnionType cannot be cast to com.google.javascript.rhino.jstype.ObjectType\n\tat com.google.javascript.rhino.jstype.FunctionType.resolveInternal(FunctionType.java:871)\n\tat com.google.javascript.rhino.jstype.JSType.resolve(JSType.java:894)\n\tat com.google.javascript.jscomp.TypedScopeCreator$DeferredSetType.resolve(TypedScopeCreator.java:146)\n\tat com.google.javascript.jscomp.TypedScopeCreator$AbstractScopeBuilder.resolveTypes(TypedScopeCreator.java:367)\n\tat com.google.javascript.jscomp.TypedScopeCreator.createScope(TypedScopeCreator.java:188)\n\tat com.google.javascript.jscomp.MemoizedScopeCreator.createScope(MemoizedScopeCreator.java:53)\n\tat com.google.javascript.jscomp.TypeCheck.processForTesting(TypeCheck.java:354)\n\tat com.google.javascript.jscomp.TypeCheckTest.parseAndTypeCheckWithScope(TypeCheckTest.java:7676)\n\tat com.google.javascript.jscomp.TypeCheckTest.parseAndTypeCheck(TypeCheckTest.java:7649)\n\tat com.google.javascript.jscomp.TypeCheckTest.testTypes(TypeCheckTest.java:7616)\n\tat com.google.javascript.jscomp.TypeCheckTest.testTypes(TypeCheckTest.java:7611)\n\tat com.google.javascript.jscomp.TypeCheckTest.testTypes(TypeCheckTest.java:7555)\n\tat com.google.javascript.jscomp.TypeCheckTest.testTypes(TypeCheckTest.java:7551)\n\tat com.google.javascript.jscomp.TypeCheckTest.testBackwardsTypedefUse2(TypeCheckTest.java:2618)\n\tat sun.reflect.NativeMethodAccessorImpl.invoke0(Native Method)\n\tat sun.reflect.NativeMethodAccessorImpl.invoke(NativeMethodAccessorImpl.java:62)\n\tat sun.reflect.DelegatingMethodAccessorImpl.invoke(DelegatingMethodAccessorImpl.java:43)\n\tat java.lang.reflect.Method.invoke(Method.java:498)\n\tat junit.framework.TestCase.runTest(TestCase.java:176)\n\tat junit.framework.TestCase.runBare(TestCase.java:141)\n\tat junit.framework.TestResult$1.protect(TestResult.java:122)\n\tat junit.framework.TestResult.runProtected(TestResult.java:142)\n\tat junit.framework.TestResult.run(TestResult.java:125)\n\tat junit.framework.TestCase.run(TestCase.java:129)\n\tat junit.framework.TestSuite.runTest(TestSuite.java:255)\n\tat junit.framework.TestSuite.run(TestSuite.java:250)\n\tat org.apache.tools.ant.taskdefs.optional.junit.JUnitTestRunner.run(JUnitTestRunner.java:520)\n\tat org.apache.tools.ant.taskdefs.optional.junit.JUnitTask.executeInVM(JUnitTask.java:1484)\n\tat org.apache.tools.ant.taskdefs.optional.junit.JUnitTask.execute(JUnitTask.java:872)\n\tat org.apache.tools.ant.taskdefs.optional.junit.JUnitTask.executeOrQueue(JUnitTask.java:1972)\n\tat org.apache.tools.ant.taskdefs.optional.junit.JUnitTask.execute1(JUnitTask.java:824)\n\tat org.apache.tools.ant.taskdefs.optional.junit.JUnitTask.execute(JUnitTask.java:2277)\n\tat org.apache.tools.ant.UnknownElement.execute(UnknownElement.java:291)\n\tat sun.reflect.GeneratedMethodAccessor4.invoke(Unknown Source)\n\tat sun.reflect.DelegatingMethodAccessorImpl.invoke(DelegatingMethodAccessorImpl.java:43)\n\tat java.lang.reflect.Method.invoke(Method.java:498)\n\tat org.apache.tools.ant.dispatch.DispatchUtils.execute(DispatchUtils.java:106)\n\tat org.apache.tools.ant.Task.perform(Task.java:348)\n\tat org.apache.tools.ant.Target.execute(Target.java:392)\n\tat org.apache.tools.ant.Target.performTasks(Target.java:413)\n\tat org.apache.tools.ant.Project.executeSortedTargets(Project.java:1399)\n\tat org.apache.tools.ant.Project.executeTarget(Project.java:1368)\n\tat org.apache.tools.ant.helper.DefaultExecutor.executeTargets(DefaultExecutor.java:41)\n\tat org.apache.tools.ant.Project.executeTargets(Project.java:1251)\n\tat org.apache.tools.ant.Main.runBuild(Main.java:811)\n\tat org.apache.tools.ant.Main.startAnt(Main.java:217)\n\tat org.apache.tools.ant.launch.Launcher.run(Launcher.java:280)\n\tat org.apache.tools.ant.launch.Launcher.main(Launcher.java:109)\ncom.google.javascript.jscomp.TypeCheckTest::testBackwardsTypedefUse3\njava.lang.ClassCastException: com.google.javascript.rhino.jstype.UnionType cannot be cast to com.google.javascript.rhino.jstype.ObjectType\n\tat com.google.javascript.rhino.jstype.FunctionType.resolveInternal(FunctionType.java:871)\n\tat com.google.javascript.rhino.jstype.JSType.resolve(JSType.java:894)\n\tat com.google.javascript.jscomp.TypedScopeCreator$DeferredSetType.resolve(TypedScopeCreator.java:146)\n\tat com.google.javascript.jscomp.TypedScopeCreator$AbstractScopeBuilder.resolveTypes(TypedScopeCreator.java:367)\n\tat com.google.javascript.jscomp.TypedScopeCreator.createScope(TypedScopeCreator.java:188)\n\tat com.google.javascript.jscomp.MemoizedScopeCreator.createScope(MemoizedScopeCreator.java:53)\n\tat com.google.javascript.jscomp.TypeCheck.processForTesting(TypeCheck.java:354)\n\tat com.google.javascript.jscomp.TypeCheckTest.parseAndTypeCheckWithScope(TypeCheckTest.java:7676)\n\tat com.google.javascript.jscomp.TypeCheckTest.parseAndTypeCheck(TypeCheckTest.java:7649)\n\tat com.google.javascript.jscomp.TypeCheckTest.testTypes(TypeCheckTest.java:7616)\n\tat com.google.javascript.jscomp.TypeCheckTest.testTypes(TypeCheckTest.java:7611)\n\tat com.google.javascript.jscomp.TypeCheckTest.testTypes(TypeCheckTest.java:7555)\n\tat com.google.javascript.jscomp.TypeCheckTest.testBackwardsTypedefUse3(TypeCheckTest.java:2624)\n\tat sun.reflect.NativeMethodAccessorImpl.invoke0(Native Method)\n\tat sun.reflect.NativeMethodAccessorImpl.invoke(NativeMethodAccessorImpl.java:62)\n\tat sun.reflect.DelegatingMethodAccessorImpl.invoke(DelegatingMethodAccessorImpl.java:43)\n\tat java.lang.reflect.Method.invoke(Method.java:498)\n\tat junit.framework.TestCase.runTest(TestCase.java:176)\n\tat junit.framework.TestCase.runBare(TestCase.java:141)\n\tat junit.framework.TestResult$1.protect(TestResult.java:122)\n\tat junit.framework.TestResult.runProtected(TestResult.java:142)\n\tat junit.framework.TestResult.run(TestResult.java:125)\n\tat junit.framework.TestCase.run(TestCase.java:129)\n\tat junit.framework.TestSuite.runTest(TestSuite.java:255)\n\tat junit.framework.TestSuite.run(TestSuite.java:250)\n\tat org.apache.tools.ant.taskdefs.optional.junit.JUnitTestRunner.run(JUnitTestRunner.java:520)\n\tat org.apache.tools.ant.taskdefs.optional.junit.JUnitTask.executeInVM(JUnitTask.java:1484)\n\tat org.apache.tools.ant.taskdefs.optional.junit.JUnitTask.execute(JUnitTask.java:872)\n\tat org.apache.tools.ant.taskdefs.optional.junit.JUnitTask.executeOrQueue(JUnitTask.java:1972)\n\tat org.apache.tools.ant.taskdefs.optional.junit.JUnitTask.execute1(JUnitTask.java:824)\n\tat org.apache.tools.ant.taskdefs.optional.junit.JUnitTask.execute(JUnitTask.java:2277)\n\tat org.apache.tools.ant.UnknownElement.execute(UnknownElement.java:291)\n\tat sun.reflect.GeneratedMethodAccessor4.invoke(Unknown Source)\n\tat sun.reflect.DelegatingMethodAccessorImpl.invoke(DelegatingMethodAccessorImpl.java:43)\n\tat java.lang.reflect.Method.invoke(Method.java:498)\n\tat org.apache.tools.ant.dispatch.DispatchUtils.execute(DispatchUtils.java:106)\n\tat org.apache.tools.ant.Task.perform(Task.java:348)\n\tat org.apache.tools.ant.Target.execute(Target.java:392)\n\tat org.apache.tools.ant.Target.performTasks(Target.java:413)\n\tat org.apache.tools.ant.Project.executeSortedTargets(Project.java:1399)\n\tat org.apache.tools.ant.Project.executeTarget(Project.java:1368)\n\tat org.apache.tools.ant.helper.DefaultExecutor.executeTargets(DefaultExecutor.java:41)\n\tat org.apache.tools.ant.Project.executeTargets(Project.java:1251)\n\tat org.apache.tools.ant.Main.runBuild(Main.java:811)\n\tat org.apache.tools.ant.Main.startAnt(Main.java:217)\n\tat org.apache.tools.ant.launch.Launcher.run(Launcher.java:280)\n\tat org.apache.tools.ant.launch.Launcher.main(Launcher.java:109)\n\n\nfailure assertion code:\ntestTypes(\n\n\nThere is a bug in the above code, please help me locate it by considering the stack trace information and failure assertion code.\n\nOutput **only** the exact buggy statement, with no line numbers, explanations, or additional content. Your response should contain just the buggy code line. Do not include ```java or ``` markers in the response.\n",
        "prompt_apr_1": "\n@Override\n  JSType resolveInternal(ErrorReporter t, StaticScope<JSType> scope) {\n    setResolvedTypeInternal(this);\n\n    call = (ArrowType) safeResolve(call, t, scope);\n    prototype = (FunctionPrototypeType) safeResolve(prototype, t, scope);\n\n    // Warning about typeOfThis if it doesn't resolve to an ObjectType\n    // is handled further upstream.\n    // TODO(nicksantos): Handle this correctly if we have a UnionType.\n    typeOfThis = (ObjectType) safeResolve(typeOfThis, t, scope);\n\n    boolean changed = false;\n    ImmutableList.Builder<ObjectType> resolvedInterfaces =\n        ImmutableList.builder();\n    for (ObjectType iface : implementedInterfaces) {\n      ObjectType resolvedIface = (ObjectType) iface.resolve(t, scope);\n      resolvedInterfaces.add(resolvedIface);\n      changed |= (resolvedIface != iface);\n    }\n    if (changed) {\n      implementedInterfaces = resolvedInterfaces.build();\n    }\n\n    if (subTypes != null) {\n      for (int i = 0; i < subTypes.size(); i++) {\n        subTypes.set(i, (FunctionType) subTypes.get(i).resolve(t, scope));\n      }\n    }\n\n    return super.resolveInternal(t, scope);\n  }\n\nThere is a bug in line [11] of the code, please help me fix it.\n\nPlease return the **complete corrected method**. Do not skip or omit any part of the code. Do not include ```java or ``` markers in the response.\n",
        "prompt_apr_2": "\n@Override\n  JSType resolveInternal(ErrorReporter t, StaticScope<JSType> scope) {\n    setResolvedTypeInternal(this);\n\n    call = (ArrowType) safeResolve(call, t, scope);\n    prototype = (FunctionPrototypeType) safeResolve(prototype, t, scope);\n\n    // Warning about typeOfThis if it doesn't resolve to an ObjectType\n    // is handled further upstream.\n    // TODO(nicksantos): Handle this correctly if we have a UnionType.\n    typeOfThis = (ObjectType) safeResolve(typeOfThis, t, scope);\n\n    boolean changed = false;\n    ImmutableList.Builder<ObjectType> resolvedInterfaces =\n        ImmutableList.builder();\n    for (ObjectType iface : implementedInterfaces) {\n      ObjectType resolvedIface = (ObjectType) iface.resolve(t, scope);\n      resolvedInterfaces.add(resolvedIface);\n      changed |= (resolvedIface != iface);\n    }\n    if (changed) {\n      implementedInterfaces = resolvedInterfaces.build();\n    }\n\n    if (subTypes != null) {\n      for (int i = 0; i < subTypes.size(); i++) {\n        subTypes.set(i, (FunctionType) subTypes.get(i).resolve(t, scope));\n      }\n    }\n\n    return super.resolveInternal(t, scope);\n  }\n\nThere is a bug in ['    typeOfThis = (ObjectType) safeResolve(typeOfThis, t, scope);'] , please help me fix it. \n\nPlease return the **complete corrected method**. Do not skip or omit any part of the code. Do not include ```java or ``` markers in the response.\n",
        "prompt_apr_3": "\n@Override\n  JSType resolveInternal(ErrorReporter t, StaticScope<JSType> scope) {\n    setResolvedTypeInternal(this);\n\n    call = (ArrowType) safeResolve(call, t, scope);\n    prototype = (FunctionPrototypeType) safeResolve(prototype, t, scope);\n\n    // Warning about typeOfThis if it doesn't resolve to an ObjectType\n    // is handled further upstream.\n    // TODO(nicksantos): Handle this correctly if we have a UnionType.\n    typeOfThis = (ObjectType) safeResolve(typeOfThis, t, scope);\n\nThere is a bug in the last statement, please help me fix it.\n\nReturn the code **only from the method declaration to the fixed statement**, without completing or adding additional code. Do not modify anything beyond fixing the bug, and do not complete the `if` statement or other unfinished parts. Do not include ```java or ``` markers in the response.\n",
        "prompt_apr_4": "\n@Override\n  JSType resolveInternal(ErrorReporter t, StaticScope<JSType> scope) {\n    setResolvedTypeInternal(this);\n\n    call = (ArrowType) safeResolve(call, t, scope);\n    prototype = (FunctionPrototypeType) safeResolve(prototype, t, scope);\n\n    // Warning about typeOfThis if it doesn't resolve to an ObjectType\n    // is handled further upstream.\n    // TODO(nicksantos): Handle this correctly if we have a UnionType.\n    typeOfThis = (ObjectType) safeResolve(typeOfThis, t, scope);\n\n    boolean changed = false;\n    ImmutableList.Builder<ObjectType> resolvedInterfaces =\n        ImmutableList.builder();\n    for (ObjectType iface : implementedInterfaces) {\n      ObjectType resolvedIface = (ObjectType) iface.resolve(t, scope);\n      resolvedInterfaces.add(resolvedIface);\n      changed |= (resolvedIface != iface);\n    }\n    if (changed) {\n      implementedInterfaces = resolvedInterfaces.build();\n    }\n\n    if (subTypes != null) {\n      for (int i = 0; i < subTypes.size(); i++) {\n        subTypes.set(i, (FunctionType) subTypes.get(i).resolve(t, scope));\n      }\n    }\n\n    return super.resolveInternal(t, scope);\n  }\n\nThere is a bug in line [11] of the code, please help me fix it.\n\nPlease return the results in a strict JSON format as described below. Please follow these instructions carefully:\n1. Your output must include each repaired line's number (`line_number`) and the corresponding fixed code statement (`fixed_statement`).\n2. The output format must be a valid JSON array, where each element represents one repaired line, with the following structure:\n   - `\"line_number\"`: The line number of the buggy code that was repaired (integer).\n   - `\"fixed_statement\"`: The repaired statement for that specific line (string).\n\n3. The result must strictly follow this format:\n[\n    {\n        \"line_number\": int,\n        \"fixed_statement\": \"string\"\n    },\n    {\n        \"line_number\": int,\n        \"fixed_statement\": \"string\"\n    }\n]\n4. The repaired statement in \"fixed_statement\" must replace the corresponding line in the buggy code.\n5. You must NOT include any additional explanation or description in your response. Only return the JSON array. Do not include ```json or ``` markers in the response.\n",
        "prompt_apr_5": "\n@Override\n  JSType resolveInternal(ErrorReporter t, StaticScope<JSType> scope) {\n    setResolvedTypeInternal(this);\n\n    call = (ArrowType) safeResolve(call, t, scope);\n    prototype = (FunctionPrototypeType) safeResolve(prototype, t, scope);\n\n    // Warning about typeOfThis if it doesn't resolve to an ObjectType\n    // is handled further upstream.\n    // TODO(nicksantos): Handle this correctly if we have a UnionType.\n    typeOfThis = (ObjectType) safeResolve(typeOfThis, t, scope);\n\n    boolean changed = false;\n    ImmutableList.Builder<ObjectType> resolvedInterfaces =\n        ImmutableList.builder();\n    for (ObjectType iface : implementedInterfaces) {\n      ObjectType resolvedIface = (ObjectType) iface.resolve(t, scope);\n      resolvedInterfaces.add(resolvedIface);\n      changed |= (resolvedIface != iface);\n    }\n    if (changed) {\n      implementedInterfaces = resolvedInterfaces.build();\n    }\n\n    if (subTypes != null) {\n      for (int i = 0; i < subTypes.size(); i++) {\n        subTypes.set(i, (FunctionType) subTypes.get(i).resolve(t, scope));\n      }\n    }\n\n    return super.resolveInternal(t, scope);\n  }\n\nThere is a bug in ['    typeOfThis = (ObjectType) safeResolve(typeOfThis, t, scope);'] , please help me fix it. \n\nPlease return the results in a strict JSON format as described below. Please follow these instructions carefully:\n1. Your output must include each repaired line's number (`line_number`) and the corresponding fixed code statement (`fixed_statement`).\n2. The output format must be a valid JSON array, where each element represents one repaired line, with the following structure:\n   - `\"line_number\"`: The line number of the buggy code that was repaired (integer).\n   - `\"fixed_statement\"`: The repaired statement for that specific line (string).\n\n3. The result must strictly follow this format:\n[\n    {\n        \"line_number\": int,\n        \"fixed_statement\": \"string\"\n    },\n    {\n        \"line_number\": int,\n        \"fixed_statement\": \"string\"\n    }\n]\n4. The repaired statement in \"fixed_statement\" must replace the corresponding line in the buggy code.\n5. You must NOT include any additional explanation or description in your response. Only return the JSON array. Do not include ```json or ``` markers in the response.\n",
        "prompt_apr_6": "\n@Override\n  JSType resolveInternal(ErrorReporter t, StaticScope<JSType> scope) {\n    setResolvedTypeInternal(this);\n\n    call = (ArrowType) safeResolve(call, t, scope);\n    prototype = (FunctionPrototypeType) safeResolve(prototype, t, scope);\n\n    // Warning about typeOfThis if it doesn't resolve to an ObjectType\n    // is handled further upstream.\n    // TODO(nicksantos): Handle this correctly if we have a UnionType.\n    typeOfThis = (ObjectType) safeResolve(typeOfThis, t, scope);\n\nThere is a bug in the last statement, please help me fix it.\n\nPlease return the results in a strict JSON format as described below. Please follow these instructions carefully:\n1. Your output must include each repaired line's number (`line_number`) and the corresponding fixed code statement (`fixed_statement`).\n2. The output format must be a valid JSON array, where each element represents one repaired line, with the following structure:\n   - `\"line_number\"`: The line number of the buggy code that was repaired (integer).\n   - `\"fixed_statement\"`: The repaired statement for that specific line (string).\n\n3. The result must strictly follow this format:\n[\n    {\n        \"line_number\": int,\n        \"fixed_statement\": \"string\"\n    },\n    {\n        \"line_number\": int,\n        \"fixed_statement\": \"string\"\n    }\n]\n4. The repaired statement in \"fixed_statement\" must replace the corresponding line in the buggy code.\n5. You must NOT include any additional explanation or description in your response. Only return the JSON array. Do not include ```json or ``` markers in the response.\n"
    }
]