
================== prompt_fl_1 ==================

source code:
private void addPossibleSignature(String name, Node node, NodeTraversal t) {
    boolean signatureAdded = false;
    if (node.getType() == Token.FUNCTION) {
      // The node we're looking at is a function, so we can add it directly
      addSignature(name, node, t.getSourceName());
      signatureAdded = true;
    } else if (node.getType() == Token.NAME) {
      String functionName = node.getString();
      Scope.Var v = t.getScope().getVar(functionName);
      if (v == null) {
        if (compiler.isIdeMode()) {
          return;
        } else {
          throw new IllegalStateException(
              "VarCheck should have caught this undefined function");
        }
      }
      Node function = v.getInitialValue();
      if (function != null &&
          function.getType() == Token.FUNCTION) {
        addSignature(name, function, v.getInputName());
        signatureAdded = true;
      }
    }
    if (!signatureAdded) {
      nonMethodProperties.add(name);
    }
  }

There is a bug in the above code, please help me locate it.

Please output **only one integer**: the line number of the buggy code (The code starts from line 1). Do not provide any explanations or additional content.

================== prompt_fl_2 ==================

source code:
private void addPossibleSignature(String name, Node node, NodeTraversal t) {
    boolean signatureAdded = false;
    if (node.getType() == Token.FUNCTION) {
      // The node we're looking at is a function, so we can add it directly
      addSignature(name, node, t.getSourceName());
      signatureAdded = true;
    } else if (node.getType() == Token.NAME) {
      String functionName = node.getString();
      Scope.Var v = t.getScope().getVar(functionName);
      if (v == null) {
        if (compiler.isIdeMode()) {
          return;
        } else {
          throw new IllegalStateException(
              "VarCheck should have caught this undefined function");
        }
      }
      Node function = v.getInitialValue();
      if (function != null &&
          function.getType() == Token.FUNCTION) {
        addSignature(name, function, v.getInputName());
        signatureAdded = true;
      }
    }
    if (!signatureAdded) {
      nonMethodProperties.add(name);
    }
  }

stack trace:
com.google.javascript.jscomp.InlineGettersTest::testIssue2508576_1
junit.framework.ComparisonFailure: expected:<[({a:alert,b:alert}).a("a")]> but was:<[]>
	at junit.framework.Assert.assertEquals(Assert.java:100)
	at junit.framework.Assert.assertEquals(Assert.java:107)
	at junit.framework.TestCase.assertEquals(TestCase.java:269)
	at com.google.javascript.jscomp.CompilerTestCase.test(CompilerTestCase.java:786)
	at com.google.javascript.jscomp.CompilerTestCase.test(CompilerTestCase.java:372)
	at com.google.javascript.jscomp.CompilerTestCase.testSame(CompilerTestCase.java:544)
	at com.google.javascript.jscomp.CompilerTestCase.testSame(CompilerTestCase.java:525)
	at com.google.javascript.jscomp.InlineGettersTest.testIssue2508576_1(InlineGettersTest.java:238)
	at sun.reflect.NativeMethodAccessorImpl.invoke0(Native Method)
	at sun.reflect.NativeMethodAccessorImpl.invoke(NativeMethodAccessorImpl.java:62)
	at sun.reflect.DelegatingMethodAccessorImpl.invoke(DelegatingMethodAccessorImpl.java:43)
	at java.lang.reflect.Method.invoke(Method.java:498)
	at junit.framework.TestCase.runTest(TestCase.java:176)
	at junit.framework.TestCase.runBare(TestCase.java:141)
	at junit.framework.TestResult$1.protect(TestResult.java:122)
	at junit.framework.TestResult.runProtected(TestResult.java:142)
	at junit.framework.TestResult.run(TestResult.java:125)
	at junit.framework.TestCase.run(TestCase.java:129)
	at junit.framework.TestSuite.runTest(TestSuite.java:255)
	at junit.framework.TestSuite.run(TestSuite.java:250)
	at org.apache.tools.ant.taskdefs.optional.junit.JUnitTestRunner.run(JUnitTestRunner.java:520)
	at org.apache.tools.ant.taskdefs.optional.junit.JUnitTask.executeInVM(JUnitTask.java:1484)
	at org.apache.tools.ant.taskdefs.optional.junit.JUnitTask.execute(JUnitTask.java:872)
	at org.apache.tools.ant.taskdefs.optional.junit.JUnitTask.executeOrQueue(JUnitTask.java:1972)
	at org.apache.tools.ant.taskdefs.optional.junit.JUnitTask.execute1(JUnitTask.java:824)
	at org.apache.tools.ant.taskdefs.optional.junit.JUnitTask.execute(JUnitTask.java:2277)
	at org.apache.tools.ant.UnknownElement.execute(UnknownElement.java:291)
	at sun.reflect.GeneratedMethodAccessor4.invoke(Unknown Source)
	at sun.reflect.DelegatingMethodAccessorImpl.invoke(DelegatingMethodAccessorImpl.java:43)
	at java.lang.reflect.Method.invoke(Method.java:498)
	at org.apache.tools.ant.dispatch.DispatchUtils.execute(DispatchUtils.java:106)
	at org.apache.tools.ant.Task.perform(Task.java:348)
	at org.apache.tools.ant.Target.execute(Target.java:392)
	at org.apache.tools.ant.Target.performTasks(Target.java:413)
	at org.apache.tools.ant.Project.executeSortedTargets(Project.java:1399)
	at org.apache.tools.ant.Project.executeTarget(Project.java:1368)
	at org.apache.tools.ant.helper.DefaultExecutor.executeTargets(DefaultExecutor.java:41)
	at org.apache.tools.ant.Project.executeTargets(Project.java:1251)
	at org.apache.tools.ant.Main.runBuild(Main.java:811)
	at org.apache.tools.ant.Main.startAnt(Main.java:217)
	at org.apache.tools.ant.launch.Launcher.run(Launcher.java:280)
	at org.apache.tools.ant.launch.Launcher.main(Launcher.java:109)
com.google.javascript.jscomp.InlineGettersTest::testIssue2508576_3
java.lang.RuntimeException: INTERNAL COMPILER ERROR.
Please report this problem.
VarCheck should have caught this undefined function
  Node(OBJECTLIT): testcode:1:1
[source unknown]
  Parent(GETPROP): testcode:1:1
[source unknown]

	at com.google.javascript.jscomp.MethodCompilerPass.addPossibleSignature(MethodCompilerPass.java:114)
	at com.google.javascript.jscomp.MethodCompilerPass.access$300(MethodCompilerPass.java:38)
	at com.google.javascript.jscomp.MethodCompilerPass$GatherSignatures.visit(MethodCompilerPass.java:236)
	at com.google.javascript.jscomp.NodeTraversal.traverseBranch(NodeTraversal.java:477)
	at com.google.javascript.jscomp.NodeTraversal.traverseBranch(NodeTraversal.java:470)
	at com.google.javascript.jscomp.NodeTraversal.traverseBranch(NodeTraversal.java:470)
	at com.google.javascript.jscomp.NodeTraversal.traverseBranch(NodeTraversal.java:470)
	at com.google.javascript.jscomp.NodeTraversal.traverseBranch(NodeTraversal.java:470)
	at com.google.javascript.jscomp.NodeTraversal.traverseBranch(NodeTraversal.java:470)
	at com.google.javascript.jscomp.NodeTraversal.traverseRoots(NodeTraversal.java:279)
	at com.google.javascript.jscomp.NodeTraversal.traverseRoots(NodeTraversal.java:435)
	at com.google.javascript.jscomp.MethodCompilerPass.process(MethodCompilerPass.java:79)
	at com.google.javascript.jscomp.CompilerTestCase.test(CompilerTestCase.java:694)
	at com.google.javascript.jscomp.CompilerTestCase.test(CompilerTestCase.java:372)
	at com.google.javascript.jscomp.CompilerTestCase.test(CompilerTestCase.java:302)
	at com.google.javascript.jscomp.CompilerTestCase.test(CompilerTestCase.java:271)
	at com.google.javascript.jscomp.CompilerTestCase.test(CompilerTestCase.java:259)
	at com.google.javascript.jscomp.InlineGettersTest.testIssue2508576_3(InlineGettersTest.java:248)
	at sun.reflect.NativeMethodAccessorImpl.invoke0(Native Method)
	at sun.reflect.NativeMethodAccessorImpl.invoke(NativeMethodAccessorImpl.java:62)
	at sun.reflect.DelegatingMethodAccessorImpl.invoke(DelegatingMethodAccessorImpl.java:43)
	at java.lang.reflect.Method.invoke(Method.java:498)
	at junit.framework.TestCase.runTest(TestCase.java:176)
	at junit.framework.TestCase.runBare(TestCase.java:141)
	at junit.framework.TestResult$1.protect(TestResult.java:122)
	at junit.framework.TestResult.runProtected(TestResult.java:142)
	at junit.framework.TestResult.run(TestResult.java:125)
	at junit.framework.TestCase.run(TestCase.java:129)
	at junit.framework.TestSuite.runTest(TestSuite.java:255)
	at junit.framework.TestSuite.run(TestSuite.java:250)
	at org.apache.tools.ant.taskdefs.optional.junit.JUnitTestRunner.run(JUnitTestRunner.java:520)
	at org.apache.tools.ant.taskdefs.optional.junit.JUnitTask.executeInVM(JUnitTask.java:1484)
	at org.apache.tools.ant.taskdefs.optional.junit.JUnitTask.execute(JUnitTask.java:872)
	at org.apache.tools.ant.taskdefs.optional.junit.JUnitTask.executeOrQueue(JUnitTask.java:1972)
	at org.apache.tools.ant.taskdefs.optional.junit.JUnitTask.execute1(JUnitTask.java:824)
	at org.apache.tools.ant.taskdefs.optional.junit.JUnitTask.execute(JUnitTask.java:2277)
	at org.apache.tools.ant.UnknownElement.execute(UnknownElement.java:291)
	at sun.reflect.GeneratedMethodAccessor4.invoke(Unknown Source)
	at sun.reflect.DelegatingMethodAccessorImpl.invoke(DelegatingMethodAccessorImpl.java:43)
	at java.lang.reflect.Method.invoke(Method.java:498)
	at org.apache.tools.ant.dispatch.DispatchUtils.execute(DispatchUtils.java:106)
	at org.apache.tools.ant.Task.perform(Task.java:348)
	at org.apache.tools.ant.Target.execute(Target.java:392)
	at org.apache.tools.ant.Target.performTasks(Target.java:413)
	at org.apache.tools.ant.Project.executeSortedTargets(Project.java:1399)
	at org.apache.tools.ant.Project.executeTarget(Project.java:1368)
	at org.apache.tools.ant.helper.DefaultExecutor.executeTargets(DefaultExecutor.java:41)
	at org.apache.tools.ant.Project.executeTargets(Project.java:1251)
	at org.apache.tools.ant.Main.runBuild(Main.java:811)
	at org.apache.tools.ant.Main.startAnt(Main.java:217)
	at org.apache.tools.ant.launch.Launcher.run(Launcher.java:280)
	at org.apache.tools.ant.launch.Launcher.main(Launcher.java:109)
Caused by: java.lang.IllegalStateException: VarCheck should have caught this undefined function
	... 52 more
com.google.javascript.jscomp.MethodCheckTest::testSeparateMethods
junit.framework.AssertionFailedError: Unexpected error(s): JSC_WRONG_ARGUMENT_COUNT. Function oneOrTwoArg2: called with 3 argument(s). All definitions of this function require at least 1 argument(s) and no more than 2 argument(s). at testcode line 1 expected:<0> but was:<1>
	at junit.framework.Assert.fail(Assert.java:57)
	at junit.framework.Assert.failNotEquals(Assert.java:329)
	at junit.framework.Assert.assertEquals(Assert.java:78)
	at junit.framework.Assert.assertEquals(Assert.java:234)
	at junit.framework.TestCase.assertEquals(TestCase.java:401)
	at com.google.javascript.jscomp.CompilerTestCase.test(CompilerTestCase.java:712)
	at com.google.javascript.jscomp.CompilerTestCase.test(CompilerTestCase.java:372)
	at com.google.javascript.jscomp.CompilerTestCase.test(CompilerTestCase.java:302)
	at com.google.javascript.jscomp.CompilerTestCase.test(CompilerTestCase.java:271)
	at com.google.javascript.jscomp.CompilerTestCase.test(CompilerTestCase.java:259)
	at com.google.javascript.jscomp.CompilerTestCase.testSame(CompilerTestCase.java:486)
	at com.google.javascript.jscomp.MethodCheckTest.testSame(MethodCheckTest.java:61)
	at com.google.javascript.jscomp.MethodCheckTest.testSeparateMethods(MethodCheckTest.java:101)
	at sun.reflect.NativeMethodAccessorImpl.invoke0(Native Method)
	at sun.reflect.NativeMethodAccessorImpl.invoke(NativeMethodAccessorImpl.java:62)
	at sun.reflect.DelegatingMethodAccessorImpl.invoke(DelegatingMethodAccessorImpl.java:43)
	at java.lang.reflect.Method.invoke(Method.java:498)
	at junit.framework.TestCase.runTest(TestCase.java:176)
	at junit.framework.TestCase.runBare(TestCase.java:141)
	at junit.framework.TestResult$1.protect(TestResult.java:122)
	at junit.framework.TestResult.runProtected(TestResult.java:142)
	at junit.framework.TestResult.run(TestResult.java:125)
	at junit.framework.TestCase.run(TestCase.java:129)
	at junit.framework.TestSuite.runTest(TestSuite.java:255)
	at junit.framework.TestSuite.run(TestSuite.java:250)
	at org.apache.tools.ant.taskdefs.optional.junit.JUnitTestRunner.run(JUnitTestRunner.java:520)
	at org.apache.tools.ant.taskdefs.optional.junit.JUnitTask.executeInVM(JUnitTask.java:1484)
	at org.apache.tools.ant.taskdefs.optional.junit.JUnitTask.execute(JUnitTask.java:872)
	at org.apache.tools.ant.taskdefs.optional.junit.JUnitTask.executeOrQueue(JUnitTask.java:1972)
	at org.apache.tools.ant.taskdefs.optional.junit.JUnitTask.execute1(JUnitTask.java:824)
	at org.apache.tools.ant.taskdefs.optional.junit.JUnitTask.execute(JUnitTask.java:2277)
	at org.apache.tools.ant.UnknownElement.execute(UnknownElement.java:291)
	at sun.reflect.GeneratedMethodAccessor4.invoke(Unknown Source)
	at sun.reflect.DelegatingMethodAccessorImpl.invoke(DelegatingMethodAccessorImpl.java:43)
	at java.lang.reflect.Method.invoke(Method.java:498)
	at org.apache.tools.ant.dispatch.DispatchUtils.execute(DispatchUtils.java:106)
	at org.apache.tools.ant.Task.perform(Task.java:348)
	at org.apache.tools.ant.Target.execute(Target.java:392)
	at org.apache.tools.ant.Target.performTasks(Target.java:413)
	at org.apache.tools.ant.Project.executeSortedTargets(Project.java:1399)
	at org.apache.tools.ant.Project.executeTarget(Project.java:1368)
	at org.apache.tools.ant.helper.DefaultExecutor.executeTargets(DefaultExecutor.java:41)
	at org.apache.tools.ant.Project.executeTargets(Project.java:1251)
	at org.apache.tools.ant.Main.runBuild(Main.java:811)
	at org.apache.tools.ant.Main.startAnt(Main.java:217)
	at org.apache.tools.ant.launch.Launcher.run(Launcher.java:280)
	at org.apache.tools.ant.launch.Launcher.main(Launcher.java:109)
com.google.javascript.jscomp.RenameVarsTest::testDollarSignSuperExport2
junit.framework.AssertionFailedError:
Expected: var c=function($super,a,b){};var d=function($super,a){}
Result: var c=function($super,a,b){};var d=function($super$$1,a){}
Node tree inequality:
Tree1:
BLOCK [synthetic: 1]
    SCRIPT [source name: null] [encoded source length: 0] [base line: -1] [end line: -1] 1 [sourcename: expected0] [synthetic: 1]
        VAR 1
            NAME c 1
                FUNCTION  1 [sourcename: expected0]
                    NAME  1
                    LP 1
                        NAME $super 1 [is_optional_param: 1]
                        NAME a 1 [is_optional_param: 1]
                        NAME b 1 [is_var_args_param: 1]
                    BLOCK 1
        VAR 1
            NAME d 1
                FUNCTION  1 [sourcename: expected0]
                    NAME  1
                    LP 1
                        NAME $super 1 [is_optional_param: 1]
                        NAME a 1 [is_var_args_param: 1]
                    BLOCK 1


Tree2:
BLOCK [synthetic: 1]
    SCRIPT [source name: null] [encoded source length: 0] [base line: -1] [end line: -1] 1 [sourcename: testcode] [synthetic: 1]
        VAR 1
            NAME c 1
                FUNCTION  1 [sourcename: testcode]
                    NAME  1
                    LP 1
                        NAME $super 1 [is_optional_param: 1]
                        NAME a 1 [is_optional_param: 1]
                        NAME b 1 [is_var_args_param: 1]
                    BLOCK 1
        VAR 1
            NAME d 1
                FUNCTION  1 [sourcename: testcode]
                    NAME  1
                    LP 1
                        NAME $super$$1 1 [is_optional_param: 1]
                        NAME a 1 [is_var_args_param: 1]
                    BLOCK 1

	at junit.framework.Assert.fail(Assert.java:57)
	at junit.framework.Assert.assertTrue(Assert.java:22)
	at junit.framework.Assert.assertNull(Assert.java:277)
	at junit.framework.TestCase.assertNull(TestCase.java:447)
	at com.google.javascript.jscomp.CompilerTestCase.test(CompilerTestCase.java:782)
	at com.google.javascript.jscomp.CompilerTestCase.test(CompilerTestCase.java:372)
	at com.google.javascript.jscomp.CompilerTestCase.test(CompilerTestCase.java:302)
	at com.google.javascript.jscomp.CompilerTestCase.test(CompilerTestCase.java:271)
	at com.google.javascript.jscomp.CompilerTestCase.test(CompilerTestCase.java:259)
	at com.google.javascript.jscomp.RenameVarsTest.testDollarSignSuperExport2(RenameVarsTest.java:465)
	at sun.reflect.NativeMethodAccessorImpl.invoke0(Native Method)
	at sun.reflect.NativeMethodAccessorImpl.invoke(NativeMethodAccessorImpl.java:62)
	at sun.reflect.DelegatingMethodAccessorImpl.invoke(DelegatingMethodAccessorImpl.java:43)
	at java.lang.reflect.Method.invoke(Method.java:498)
	at junit.framework.TestCase.runTest(TestCase.java:176)
	at junit.framework.TestCase.runBare(TestCase.java:141)
	at junit.framework.TestResult$1.protect(TestResult.java:122)
	at junit.framework.TestResult.runProtected(TestResult.java:142)
	at junit.framework.TestResult.run(TestResult.java:125)
	at junit.framework.TestCase.run(TestCase.java:129)
	at junit.framework.TestSuite.runTest(TestSuite.java:255)
	at junit.framework.TestSuite.run(TestSuite.java:250)
	at org.apache.tools.ant.taskdefs.optional.junit.JUnitTestRunner.run(JUnitTestRunner.java:520)
	at org.apache.tools.ant.taskdefs.optional.junit.JUnitTask.executeInVM(JUnitTask.java:1484)
	at org.apache.tools.ant.taskdefs.optional.junit.JUnitTask.execute(JUnitTask.java:872)
	at org.apache.tools.ant.taskdefs.optional.junit.JUnitTask.executeOrQueue(JUnitTask.java:1972)
	at org.apache.tools.ant.taskdefs.optional.junit.JUnitTask.execute1(JUnitTask.java:824)
	at org.apache.tools.ant.taskdefs.optional.junit.JUnitTask.execute(JUnitTask.java:2277)
	at org.apache.tools.ant.UnknownElement.execute(UnknownElement.java:291)
	at sun.reflect.GeneratedMethodAccessor4.invoke(Unknown Source)
	at sun.reflect.DelegatingMethodAccessorImpl.invoke(DelegatingMethodAccessorImpl.java:43)
	at java.lang.reflect.Method.invoke(Method.java:498)
	at org.apache.tools.ant.dispatch.DispatchUtils.execute(DispatchUtils.java:106)
	at org.apache.tools.ant.Task.perform(Task.java:348)
	at org.apache.tools.ant.Target.execute(Target.java:392)
	at org.apache.tools.ant.Target.performTasks(Target.java:413)
	at org.apache.tools.ant.Project.executeSortedTargets(Project.java:1399)
	at org.apache.tools.ant.Project.executeTarget(Project.java:1368)
	at org.apache.tools.ant.helper.DefaultExecutor.executeTargets(DefaultExecutor.java:41)
	at org.apache.tools.ant.Project.executeTargets(Project.java:1251)
	at org.apache.tools.ant.Main.runBuild(Main.java:811)
	at org.apache.tools.ant.Main.startAnt(Main.java:217)
	at org.apache.tools.ant.launch.Launcher.run(Launcher.java:280)
	at org.apache.tools.ant.launch.Launcher.main(Launcher.java:109)


There is a bug in the above code, please help me locate it by considering the stack trace.

Please output **only one integer**: the line number of the buggy code (The code starts from line 1). Do not provide any explanations or additional content.

================== prompt_fl_3 ==================

source code:
private void addPossibleSignature(String name, Node node, NodeTraversal t) {
    boolean signatureAdded = false;
    if (node.getType() == Token.FUNCTION) {
      // The node we're looking at is a function, so we can add it directly
      addSignature(name, node, t.getSourceName());
      signatureAdded = true;
    } else if (node.getType() == Token.NAME) {
      String functionName = node.getString();
      Scope.Var v = t.getScope().getVar(functionName);
      if (v == null) {
        if (compiler.isIdeMode()) {
          return;
        } else {
          throw new IllegalStateException(
              "VarCheck should have caught this undefined function");
        }
      }
      Node function = v.getInitialValue();
      if (function != null &&
          function.getType() == Token.FUNCTION) {
        addSignature(name, function, v.getInputName());
        signatureAdded = true;
      }
    }
    if (!signatureAdded) {
      nonMethodProperties.add(name);
    }
  }

stack trace:
com.google.javascript.jscomp.InlineGettersTest::testIssue2508576_1
junit.framework.ComparisonFailure: expected:<[({a:alert,b:alert}).a("a")]> but was:<[]>
	at junit.framework.Assert.assertEquals(Assert.java:100)
	at junit.framework.Assert.assertEquals(Assert.java:107)
	at junit.framework.TestCase.assertEquals(TestCase.java:269)
	at com.google.javascript.jscomp.CompilerTestCase.test(CompilerTestCase.java:786)
	at com.google.javascript.jscomp.CompilerTestCase.test(CompilerTestCase.java:372)
	at com.google.javascript.jscomp.CompilerTestCase.testSame(CompilerTestCase.java:544)
	at com.google.javascript.jscomp.CompilerTestCase.testSame(CompilerTestCase.java:525)
	at com.google.javascript.jscomp.InlineGettersTest.testIssue2508576_1(InlineGettersTest.java:238)
	at sun.reflect.NativeMethodAccessorImpl.invoke0(Native Method)
	at sun.reflect.NativeMethodAccessorImpl.invoke(NativeMethodAccessorImpl.java:62)
	at sun.reflect.DelegatingMethodAccessorImpl.invoke(DelegatingMethodAccessorImpl.java:43)
	at java.lang.reflect.Method.invoke(Method.java:498)
	at junit.framework.TestCase.runTest(TestCase.java:176)
	at junit.framework.TestCase.runBare(TestCase.java:141)
	at junit.framework.TestResult$1.protect(TestResult.java:122)
	at junit.framework.TestResult.runProtected(TestResult.java:142)
	at junit.framework.TestResult.run(TestResult.java:125)
	at junit.framework.TestCase.run(TestCase.java:129)
	at junit.framework.TestSuite.runTest(TestSuite.java:255)
	at junit.framework.TestSuite.run(TestSuite.java:250)
	at org.apache.tools.ant.taskdefs.optional.junit.JUnitTestRunner.run(JUnitTestRunner.java:520)
	at org.apache.tools.ant.taskdefs.optional.junit.JUnitTask.executeInVM(JUnitTask.java:1484)
	at org.apache.tools.ant.taskdefs.optional.junit.JUnitTask.execute(JUnitTask.java:872)
	at org.apache.tools.ant.taskdefs.optional.junit.JUnitTask.executeOrQueue(JUnitTask.java:1972)
	at org.apache.tools.ant.taskdefs.optional.junit.JUnitTask.execute1(JUnitTask.java:824)
	at org.apache.tools.ant.taskdefs.optional.junit.JUnitTask.execute(JUnitTask.java:2277)
	at org.apache.tools.ant.UnknownElement.execute(UnknownElement.java:291)
	at sun.reflect.GeneratedMethodAccessor4.invoke(Unknown Source)
	at sun.reflect.DelegatingMethodAccessorImpl.invoke(DelegatingMethodAccessorImpl.java:43)
	at java.lang.reflect.Method.invoke(Method.java:498)
	at org.apache.tools.ant.dispatch.DispatchUtils.execute(DispatchUtils.java:106)
	at org.apache.tools.ant.Task.perform(Task.java:348)
	at org.apache.tools.ant.Target.execute(Target.java:392)
	at org.apache.tools.ant.Target.performTasks(Target.java:413)
	at org.apache.tools.ant.Project.executeSortedTargets(Project.java:1399)
	at org.apache.tools.ant.Project.executeTarget(Project.java:1368)
	at org.apache.tools.ant.helper.DefaultExecutor.executeTargets(DefaultExecutor.java:41)
	at org.apache.tools.ant.Project.executeTargets(Project.java:1251)
	at org.apache.tools.ant.Main.runBuild(Main.java:811)
	at org.apache.tools.ant.Main.startAnt(Main.java:217)
	at org.apache.tools.ant.launch.Launcher.run(Launcher.java:280)
	at org.apache.tools.ant.launch.Launcher.main(Launcher.java:109)
com.google.javascript.jscomp.InlineGettersTest::testIssue2508576_3
java.lang.RuntimeException: INTERNAL COMPILER ERROR.
Please report this problem.
VarCheck should have caught this undefined function
  Node(OBJECTLIT): testcode:1:1
[source unknown]
  Parent(GETPROP): testcode:1:1
[source unknown]

	at com.google.javascript.jscomp.MethodCompilerPass.addPossibleSignature(MethodCompilerPass.java:114)
	at com.google.javascript.jscomp.MethodCompilerPass.access$300(MethodCompilerPass.java:38)
	at com.google.javascript.jscomp.MethodCompilerPass$GatherSignatures.visit(MethodCompilerPass.java:236)
	at com.google.javascript.jscomp.NodeTraversal.traverseBranch(NodeTraversal.java:477)
	at com.google.javascript.jscomp.NodeTraversal.traverseBranch(NodeTraversal.java:470)
	at com.google.javascript.jscomp.NodeTraversal.traverseBranch(NodeTraversal.java:470)
	at com.google.javascript.jscomp.NodeTraversal.traverseBranch(NodeTraversal.java:470)
	at com.google.javascript.jscomp.NodeTraversal.traverseBranch(NodeTraversal.java:470)
	at com.google.javascript.jscomp.NodeTraversal.traverseBranch(NodeTraversal.java:470)
	at com.google.javascript.jscomp.NodeTraversal.traverseRoots(NodeTraversal.java:279)
	at com.google.javascript.jscomp.NodeTraversal.traverseRoots(NodeTraversal.java:435)
	at com.google.javascript.jscomp.MethodCompilerPass.process(MethodCompilerPass.java:79)
	at com.google.javascript.jscomp.CompilerTestCase.test(CompilerTestCase.java:694)
	at com.google.javascript.jscomp.CompilerTestCase.test(CompilerTestCase.java:372)
	at com.google.javascript.jscomp.CompilerTestCase.test(CompilerTestCase.java:302)
	at com.google.javascript.jscomp.CompilerTestCase.test(CompilerTestCase.java:271)
	at com.google.javascript.jscomp.CompilerTestCase.test(CompilerTestCase.java:259)
	at com.google.javascript.jscomp.InlineGettersTest.testIssue2508576_3(InlineGettersTest.java:248)
	at sun.reflect.NativeMethodAccessorImpl.invoke0(Native Method)
	at sun.reflect.NativeMethodAccessorImpl.invoke(NativeMethodAccessorImpl.java:62)
	at sun.reflect.DelegatingMethodAccessorImpl.invoke(DelegatingMethodAccessorImpl.java:43)
	at java.lang.reflect.Method.invoke(Method.java:498)
	at junit.framework.TestCase.runTest(TestCase.java:176)
	at junit.framework.TestCase.runBare(TestCase.java:141)
	at junit.framework.TestResult$1.protect(TestResult.java:122)
	at junit.framework.TestResult.runProtected(TestResult.java:142)
	at junit.framework.TestResult.run(TestResult.java:125)
	at junit.framework.TestCase.run(TestCase.java:129)
	at junit.framework.TestSuite.runTest(TestSuite.java:255)
	at junit.framework.TestSuite.run(TestSuite.java:250)
	at org.apache.tools.ant.taskdefs.optional.junit.JUnitTestRunner.run(JUnitTestRunner.java:520)
	at org.apache.tools.ant.taskdefs.optional.junit.JUnitTask.executeInVM(JUnitTask.java:1484)
	at org.apache.tools.ant.taskdefs.optional.junit.JUnitTask.execute(JUnitTask.java:872)
	at org.apache.tools.ant.taskdefs.optional.junit.JUnitTask.executeOrQueue(JUnitTask.java:1972)
	at org.apache.tools.ant.taskdefs.optional.junit.JUnitTask.execute1(JUnitTask.java:824)
	at org.apache.tools.ant.taskdefs.optional.junit.JUnitTask.execute(JUnitTask.java:2277)
	at org.apache.tools.ant.UnknownElement.execute(UnknownElement.java:291)
	at sun.reflect.GeneratedMethodAccessor4.invoke(Unknown Source)
	at sun.reflect.DelegatingMethodAccessorImpl.invoke(DelegatingMethodAccessorImpl.java:43)
	at java.lang.reflect.Method.invoke(Method.java:498)
	at org.apache.tools.ant.dispatch.DispatchUtils.execute(DispatchUtils.java:106)
	at org.apache.tools.ant.Task.perform(Task.java:348)
	at org.apache.tools.ant.Target.execute(Target.java:392)
	at org.apache.tools.ant.Target.performTasks(Target.java:413)
	at org.apache.tools.ant.Project.executeSortedTargets(Project.java:1399)
	at org.apache.tools.ant.Project.executeTarget(Project.java:1368)
	at org.apache.tools.ant.helper.DefaultExecutor.executeTargets(DefaultExecutor.java:41)
	at org.apache.tools.ant.Project.executeTargets(Project.java:1251)
	at org.apache.tools.ant.Main.runBuild(Main.java:811)
	at org.apache.tools.ant.Main.startAnt(Main.java:217)
	at org.apache.tools.ant.launch.Launcher.run(Launcher.java:280)
	at org.apache.tools.ant.launch.Launcher.main(Launcher.java:109)
Caused by: java.lang.IllegalStateException: VarCheck should have caught this undefined function
	... 52 more
com.google.javascript.jscomp.MethodCheckTest::testSeparateMethods
junit.framework.AssertionFailedError: Unexpected error(s): JSC_WRONG_ARGUMENT_COUNT. Function oneOrTwoArg2: called with 3 argument(s). All definitions of this function require at least 1 argument(s) and no more than 2 argument(s). at testcode line 1 expected:<0> but was:<1>
	at junit.framework.Assert.fail(Assert.java:57)
	at junit.framework.Assert.failNotEquals(Assert.java:329)
	at junit.framework.Assert.assertEquals(Assert.java:78)
	at junit.framework.Assert.assertEquals(Assert.java:234)
	at junit.framework.TestCase.assertEquals(TestCase.java:401)
	at com.google.javascript.jscomp.CompilerTestCase.test(CompilerTestCase.java:712)
	at com.google.javascript.jscomp.CompilerTestCase.test(CompilerTestCase.java:372)
	at com.google.javascript.jscomp.CompilerTestCase.test(CompilerTestCase.java:302)
	at com.google.javascript.jscomp.CompilerTestCase.test(CompilerTestCase.java:271)
	at com.google.javascript.jscomp.CompilerTestCase.test(CompilerTestCase.java:259)
	at com.google.javascript.jscomp.CompilerTestCase.testSame(CompilerTestCase.java:486)
	at com.google.javascript.jscomp.MethodCheckTest.testSame(MethodCheckTest.java:61)
	at com.google.javascript.jscomp.MethodCheckTest.testSeparateMethods(MethodCheckTest.java:101)
	at sun.reflect.NativeMethodAccessorImpl.invoke0(Native Method)
	at sun.reflect.NativeMethodAccessorImpl.invoke(NativeMethodAccessorImpl.java:62)
	at sun.reflect.DelegatingMethodAccessorImpl.invoke(DelegatingMethodAccessorImpl.java:43)
	at java.lang.reflect.Method.invoke(Method.java:498)
	at junit.framework.TestCase.runTest(TestCase.java:176)
	at junit.framework.TestCase.runBare(TestCase.java:141)
	at junit.framework.TestResult$1.protect(TestResult.java:122)
	at junit.framework.TestResult.runProtected(TestResult.java:142)
	at junit.framework.TestResult.run(TestResult.java:125)
	at junit.framework.TestCase.run(TestCase.java:129)
	at junit.framework.TestSuite.runTest(TestSuite.java:255)
	at junit.framework.TestSuite.run(TestSuite.java:250)
	at org.apache.tools.ant.taskdefs.optional.junit.JUnitTestRunner.run(JUnitTestRunner.java:520)
	at org.apache.tools.ant.taskdefs.optional.junit.JUnitTask.executeInVM(JUnitTask.java:1484)
	at org.apache.tools.ant.taskdefs.optional.junit.JUnitTask.execute(JUnitTask.java:872)
	at org.apache.tools.ant.taskdefs.optional.junit.JUnitTask.executeOrQueue(JUnitTask.java:1972)
	at org.apache.tools.ant.taskdefs.optional.junit.JUnitTask.execute1(JUnitTask.java:824)
	at org.apache.tools.ant.taskdefs.optional.junit.JUnitTask.execute(JUnitTask.java:2277)
	at org.apache.tools.ant.UnknownElement.execute(UnknownElement.java:291)
	at sun.reflect.GeneratedMethodAccessor4.invoke(Unknown Source)
	at sun.reflect.DelegatingMethodAccessorImpl.invoke(DelegatingMethodAccessorImpl.java:43)
	at java.lang.reflect.Method.invoke(Method.java:498)
	at org.apache.tools.ant.dispatch.DispatchUtils.execute(DispatchUtils.java:106)
	at org.apache.tools.ant.Task.perform(Task.java:348)
	at org.apache.tools.ant.Target.execute(Target.java:392)
	at org.apache.tools.ant.Target.performTasks(Target.java:413)
	at org.apache.tools.ant.Project.executeSortedTargets(Project.java:1399)
	at org.apache.tools.ant.Project.executeTarget(Project.java:1368)
	at org.apache.tools.ant.helper.DefaultExecutor.executeTargets(DefaultExecutor.java:41)
	at org.apache.tools.ant.Project.executeTargets(Project.java:1251)
	at org.apache.tools.ant.Main.runBuild(Main.java:811)
	at org.apache.tools.ant.Main.startAnt(Main.java:217)
	at org.apache.tools.ant.launch.Launcher.run(Launcher.java:280)
	at org.apache.tools.ant.launch.Launcher.main(Launcher.java:109)
com.google.javascript.jscomp.RenameVarsTest::testDollarSignSuperExport2
junit.framework.AssertionFailedError:
Expected: var c=function($super,a,b){};var d=function($super,a){}
Result: var c=function($super,a,b){};var d=function($super$$1,a){}
Node tree inequality:
Tree1:
BLOCK [synthetic: 1]
    SCRIPT [source name: null] [encoded source length: 0] [base line: -1] [end line: -1] 1 [sourcename: expected0] [synthetic: 1]
        VAR 1
            NAME c 1
                FUNCTION  1 [sourcename: expected0]
                    NAME  1
                    LP 1
                        NAME $super 1 [is_optional_param: 1]
                        NAME a 1 [is_optional_param: 1]
                        NAME b 1 [is_var_args_param: 1]
                    BLOCK 1
        VAR 1
            NAME d 1
                FUNCTION  1 [sourcename: expected0]
                    NAME  1
                    LP 1
                        NAME $super 1 [is_optional_param: 1]
                        NAME a 1 [is_var_args_param: 1]
                    BLOCK 1


Tree2:
BLOCK [synthetic: 1]
    SCRIPT [source name: null] [encoded source length: 0] [base line: -1] [end line: -1] 1 [sourcename: testcode] [synthetic: 1]
        VAR 1
            NAME c 1
                FUNCTION  1 [sourcename: testcode]
                    NAME  1
                    LP 1
                        NAME $super 1 [is_optional_param: 1]
                        NAME a 1 [is_optional_param: 1]
                        NAME b 1 [is_var_args_param: 1]
                    BLOCK 1
        VAR 1
            NAME d 1
                FUNCTION  1 [sourcename: testcode]
                    NAME  1
                    LP 1
                        NAME $super$$1 1 [is_optional_param: 1]
                        NAME a 1 [is_var_args_param: 1]
                    BLOCK 1

	at junit.framework.Assert.fail(Assert.java:57)
	at junit.framework.Assert.assertTrue(Assert.java:22)
	at junit.framework.Assert.assertNull(Assert.java:277)
	at junit.framework.TestCase.assertNull(TestCase.java:447)
	at com.google.javascript.jscomp.CompilerTestCase.test(CompilerTestCase.java:782)
	at com.google.javascript.jscomp.CompilerTestCase.test(CompilerTestCase.java:372)
	at com.google.javascript.jscomp.CompilerTestCase.test(CompilerTestCase.java:302)
	at com.google.javascript.jscomp.CompilerTestCase.test(CompilerTestCase.java:271)
	at com.google.javascript.jscomp.CompilerTestCase.test(CompilerTestCase.java:259)
	at com.google.javascript.jscomp.RenameVarsTest.testDollarSignSuperExport2(RenameVarsTest.java:465)
	at sun.reflect.NativeMethodAccessorImpl.invoke0(Native Method)
	at sun.reflect.NativeMethodAccessorImpl.invoke(NativeMethodAccessorImpl.java:62)
	at sun.reflect.DelegatingMethodAccessorImpl.invoke(DelegatingMethodAccessorImpl.java:43)
	at java.lang.reflect.Method.invoke(Method.java:498)
	at junit.framework.TestCase.runTest(TestCase.java:176)
	at junit.framework.TestCase.runBare(TestCase.java:141)
	at junit.framework.TestResult$1.protect(TestResult.java:122)
	at junit.framework.TestResult.runProtected(TestResult.java:142)
	at junit.framework.TestResult.run(TestResult.java:125)
	at junit.framework.TestCase.run(TestCase.java:129)
	at junit.framework.TestSuite.runTest(TestSuite.java:255)
	at junit.framework.TestSuite.run(TestSuite.java:250)
	at org.apache.tools.ant.taskdefs.optional.junit.JUnitTestRunner.run(JUnitTestRunner.java:520)
	at org.apache.tools.ant.taskdefs.optional.junit.JUnitTask.executeInVM(JUnitTask.java:1484)
	at org.apache.tools.ant.taskdefs.optional.junit.JUnitTask.execute(JUnitTask.java:872)
	at org.apache.tools.ant.taskdefs.optional.junit.JUnitTask.executeOrQueue(JUnitTask.java:1972)
	at org.apache.tools.ant.taskdefs.optional.junit.JUnitTask.execute1(JUnitTask.java:824)
	at org.apache.tools.ant.taskdefs.optional.junit.JUnitTask.execute(JUnitTask.java:2277)
	at org.apache.tools.ant.UnknownElement.execute(UnknownElement.java:291)
	at sun.reflect.GeneratedMethodAccessor4.invoke(Unknown Source)
	at sun.reflect.DelegatingMethodAccessorImpl.invoke(DelegatingMethodAccessorImpl.java:43)
	at java.lang.reflect.Method.invoke(Method.java:498)
	at org.apache.tools.ant.dispatch.DispatchUtils.execute(DispatchUtils.java:106)
	at org.apache.tools.ant.Task.perform(Task.java:348)
	at org.apache.tools.ant.Target.execute(Target.java:392)
	at org.apache.tools.ant.Target.performTasks(Target.java:413)
	at org.apache.tools.ant.Project.executeSortedTargets(Project.java:1399)
	at org.apache.tools.ant.Project.executeTarget(Project.java:1368)
	at org.apache.tools.ant.helper.DefaultExecutor.executeTargets(DefaultExecutor.java:41)
	at org.apache.tools.ant.Project.executeTargets(Project.java:1251)
	at org.apache.tools.ant.Main.runBuild(Main.java:811)
	at org.apache.tools.ant.Main.startAnt(Main.java:217)
	at org.apache.tools.ant.launch.Launcher.run(Launcher.java:280)
	at org.apache.tools.ant.launch.Launcher.main(Launcher.java:109)


failure assertion code:
testSame(externs, "({a:alert,b:alert}).a(\"a\")", null);


There is a bug in the above code, please help me locate it by considering the stack trace information and failure assertion code.

Please output **only one integer**: the line number of the buggy code (The code starts from line 1). Do not provide any explanations or additional content.

================== prompt_fl_4 ==================

source code:
private void addPossibleSignature(String name, Node node, NodeTraversal t) {
    boolean signatureAdded = false;
    if (node.getType() == Token.FUNCTION) {
      // The node we're looking at is a function, so we can add it directly
      addSignature(name, node, t.getSourceName());
      signatureAdded = true;
    } else if (node.getType() == Token.NAME) {
      String functionName = node.getString();
      Scope.Var v = t.getScope().getVar(functionName);
      if (v == null) {
        if (compiler.isIdeMode()) {
          return;
        } else {
          throw new IllegalStateException(
              "VarCheck should have caught this undefined function");
        }
      }
      Node function = v.getInitialValue();
      if (function != null &&
          function.getType() == Token.FUNCTION) {
        addSignature(name, function, v.getInputName());
        signatureAdded = true;
      }
    }
    if (!signatureAdded) {
      nonMethodProperties.add(name);
    }
  }

There is a bug in the above code, please help me locate it.

Output **only** the exact buggy statement, with no line numbers, explanations, or additional content. Your response should contain just the buggy code line. Do not include ```java or ``` markers in the response.

================== prompt_fl_5 ==================

source code:
private void addPossibleSignature(String name, Node node, NodeTraversal t) {
    boolean signatureAdded = false;
    if (node.getType() == Token.FUNCTION) {
      // The node we're looking at is a function, so we can add it directly
      addSignature(name, node, t.getSourceName());
      signatureAdded = true;
    } else if (node.getType() == Token.NAME) {
      String functionName = node.getString();
      Scope.Var v = t.getScope().getVar(functionName);
      if (v == null) {
        if (compiler.isIdeMode()) {
          return;
        } else {
          throw new IllegalStateException(
              "VarCheck should have caught this undefined function");
        }
      }
      Node function = v.getInitialValue();
      if (function != null &&
          function.getType() == Token.FUNCTION) {
        addSignature(name, function, v.getInputName());
        signatureAdded = true;
      }
    }
    if (!signatureAdded) {
      nonMethodProperties.add(name);
    }
  }

stack trace:
com.google.javascript.jscomp.InlineGettersTest::testIssue2508576_1
junit.framework.ComparisonFailure: expected:<[({a:alert,b:alert}).a("a")]> but was:<[]>
	at junit.framework.Assert.assertEquals(Assert.java:100)
	at junit.framework.Assert.assertEquals(Assert.java:107)
	at junit.framework.TestCase.assertEquals(TestCase.java:269)
	at com.google.javascript.jscomp.CompilerTestCase.test(CompilerTestCase.java:786)
	at com.google.javascript.jscomp.CompilerTestCase.test(CompilerTestCase.java:372)
	at com.google.javascript.jscomp.CompilerTestCase.testSame(CompilerTestCase.java:544)
	at com.google.javascript.jscomp.CompilerTestCase.testSame(CompilerTestCase.java:525)
	at com.google.javascript.jscomp.InlineGettersTest.testIssue2508576_1(InlineGettersTest.java:238)
	at sun.reflect.NativeMethodAccessorImpl.invoke0(Native Method)
	at sun.reflect.NativeMethodAccessorImpl.invoke(NativeMethodAccessorImpl.java:62)
	at sun.reflect.DelegatingMethodAccessorImpl.invoke(DelegatingMethodAccessorImpl.java:43)
	at java.lang.reflect.Method.invoke(Method.java:498)
	at junit.framework.TestCase.runTest(TestCase.java:176)
	at junit.framework.TestCase.runBare(TestCase.java:141)
	at junit.framework.TestResult$1.protect(TestResult.java:122)
	at junit.framework.TestResult.runProtected(TestResult.java:142)
	at junit.framework.TestResult.run(TestResult.java:125)
	at junit.framework.TestCase.run(TestCase.java:129)
	at junit.framework.TestSuite.runTest(TestSuite.java:255)
	at junit.framework.TestSuite.run(TestSuite.java:250)
	at org.apache.tools.ant.taskdefs.optional.junit.JUnitTestRunner.run(JUnitTestRunner.java:520)
	at org.apache.tools.ant.taskdefs.optional.junit.JUnitTask.executeInVM(JUnitTask.java:1484)
	at org.apache.tools.ant.taskdefs.optional.junit.JUnitTask.execute(JUnitTask.java:872)
	at org.apache.tools.ant.taskdefs.optional.junit.JUnitTask.executeOrQueue(JUnitTask.java:1972)
	at org.apache.tools.ant.taskdefs.optional.junit.JUnitTask.execute1(JUnitTask.java:824)
	at org.apache.tools.ant.taskdefs.optional.junit.JUnitTask.execute(JUnitTask.java:2277)
	at org.apache.tools.ant.UnknownElement.execute(UnknownElement.java:291)
	at sun.reflect.GeneratedMethodAccessor4.invoke(Unknown Source)
	at sun.reflect.DelegatingMethodAccessorImpl.invoke(DelegatingMethodAccessorImpl.java:43)
	at java.lang.reflect.Method.invoke(Method.java:498)
	at org.apache.tools.ant.dispatch.DispatchUtils.execute(DispatchUtils.java:106)
	at org.apache.tools.ant.Task.perform(Task.java:348)
	at org.apache.tools.ant.Target.execute(Target.java:392)
	at org.apache.tools.ant.Target.performTasks(Target.java:413)
	at org.apache.tools.ant.Project.executeSortedTargets(Project.java:1399)
	at org.apache.tools.ant.Project.executeTarget(Project.java:1368)
	at org.apache.tools.ant.helper.DefaultExecutor.executeTargets(DefaultExecutor.java:41)
	at org.apache.tools.ant.Project.executeTargets(Project.java:1251)
	at org.apache.tools.ant.Main.runBuild(Main.java:811)
	at org.apache.tools.ant.Main.startAnt(Main.java:217)
	at org.apache.tools.ant.launch.Launcher.run(Launcher.java:280)
	at org.apache.tools.ant.launch.Launcher.main(Launcher.java:109)
com.google.javascript.jscomp.InlineGettersTest::testIssue2508576_3
java.lang.RuntimeException: INTERNAL COMPILER ERROR.
Please report this problem.
VarCheck should have caught this undefined function
  Node(OBJECTLIT): testcode:1:1
[source unknown]
  Parent(GETPROP): testcode:1:1
[source unknown]

	at com.google.javascript.jscomp.MethodCompilerPass.addPossibleSignature(MethodCompilerPass.java:114)
	at com.google.javascript.jscomp.MethodCompilerPass.access$300(MethodCompilerPass.java:38)
	at com.google.javascript.jscomp.MethodCompilerPass$GatherSignatures.visit(MethodCompilerPass.java:236)
	at com.google.javascript.jscomp.NodeTraversal.traverseBranch(NodeTraversal.java:477)
	at com.google.javascript.jscomp.NodeTraversal.traverseBranch(NodeTraversal.java:470)
	at com.google.javascript.jscomp.NodeTraversal.traverseBranch(NodeTraversal.java:470)
	at com.google.javascript.jscomp.NodeTraversal.traverseBranch(NodeTraversal.java:470)
	at com.google.javascript.jscomp.NodeTraversal.traverseBranch(NodeTraversal.java:470)
	at com.google.javascript.jscomp.NodeTraversal.traverseBranch(NodeTraversal.java:470)
	at com.google.javascript.jscomp.NodeTraversal.traverseRoots(NodeTraversal.java:279)
	at com.google.javascript.jscomp.NodeTraversal.traverseRoots(NodeTraversal.java:435)
	at com.google.javascript.jscomp.MethodCompilerPass.process(MethodCompilerPass.java:79)
	at com.google.javascript.jscomp.CompilerTestCase.test(CompilerTestCase.java:694)
	at com.google.javascript.jscomp.CompilerTestCase.test(CompilerTestCase.java:372)
	at com.google.javascript.jscomp.CompilerTestCase.test(CompilerTestCase.java:302)
	at com.google.javascript.jscomp.CompilerTestCase.test(CompilerTestCase.java:271)
	at com.google.javascript.jscomp.CompilerTestCase.test(CompilerTestCase.java:259)
	at com.google.javascript.jscomp.InlineGettersTest.testIssue2508576_3(InlineGettersTest.java:248)
	at sun.reflect.NativeMethodAccessorImpl.invoke0(Native Method)
	at sun.reflect.NativeMethodAccessorImpl.invoke(NativeMethodAccessorImpl.java:62)
	at sun.reflect.DelegatingMethodAccessorImpl.invoke(DelegatingMethodAccessorImpl.java:43)
	at java.lang.reflect.Method.invoke(Method.java:498)
	at junit.framework.TestCase.runTest(TestCase.java:176)
	at junit.framework.TestCase.runBare(TestCase.java:141)
	at junit.framework.TestResult$1.protect(TestResult.java:122)
	at junit.framework.TestResult.runProtected(TestResult.java:142)
	at junit.framework.TestResult.run(TestResult.java:125)
	at junit.framework.TestCase.run(TestCase.java:129)
	at junit.framework.TestSuite.runTest(TestSuite.java:255)
	at junit.framework.TestSuite.run(TestSuite.java:250)
	at org.apache.tools.ant.taskdefs.optional.junit.JUnitTestRunner.run(JUnitTestRunner.java:520)
	at org.apache.tools.ant.taskdefs.optional.junit.JUnitTask.executeInVM(JUnitTask.java:1484)
	at org.apache.tools.ant.taskdefs.optional.junit.JUnitTask.execute(JUnitTask.java:872)
	at org.apache.tools.ant.taskdefs.optional.junit.JUnitTask.executeOrQueue(JUnitTask.java:1972)
	at org.apache.tools.ant.taskdefs.optional.junit.JUnitTask.execute1(JUnitTask.java:824)
	at org.apache.tools.ant.taskdefs.optional.junit.JUnitTask.execute(JUnitTask.java:2277)
	at org.apache.tools.ant.UnknownElement.execute(UnknownElement.java:291)
	at sun.reflect.GeneratedMethodAccessor4.invoke(Unknown Source)
	at sun.reflect.DelegatingMethodAccessorImpl.invoke(DelegatingMethodAccessorImpl.java:43)
	at java.lang.reflect.Method.invoke(Method.java:498)
	at org.apache.tools.ant.dispatch.DispatchUtils.execute(DispatchUtils.java:106)
	at org.apache.tools.ant.Task.perform(Task.java:348)
	at org.apache.tools.ant.Target.execute(Target.java:392)
	at org.apache.tools.ant.Target.performTasks(Target.java:413)
	at org.apache.tools.ant.Project.executeSortedTargets(Project.java:1399)
	at org.apache.tools.ant.Project.executeTarget(Project.java:1368)
	at org.apache.tools.ant.helper.DefaultExecutor.executeTargets(DefaultExecutor.java:41)
	at org.apache.tools.ant.Project.executeTargets(Project.java:1251)
	at org.apache.tools.ant.Main.runBuild(Main.java:811)
	at org.apache.tools.ant.Main.startAnt(Main.java:217)
	at org.apache.tools.ant.launch.Launcher.run(Launcher.java:280)
	at org.apache.tools.ant.launch.Launcher.main(Launcher.java:109)
Caused by: java.lang.IllegalStateException: VarCheck should have caught this undefined function
	... 52 more
com.google.javascript.jscomp.MethodCheckTest::testSeparateMethods
junit.framework.AssertionFailedError: Unexpected error(s): JSC_WRONG_ARGUMENT_COUNT. Function oneOrTwoArg2: called with 3 argument(s). All definitions of this function require at least 1 argument(s) and no more than 2 argument(s). at testcode line 1 expected:<0> but was:<1>
	at junit.framework.Assert.fail(Assert.java:57)
	at junit.framework.Assert.failNotEquals(Assert.java:329)
	at junit.framework.Assert.assertEquals(Assert.java:78)
	at junit.framework.Assert.assertEquals(Assert.java:234)
	at junit.framework.TestCase.assertEquals(TestCase.java:401)
	at com.google.javascript.jscomp.CompilerTestCase.test(CompilerTestCase.java:712)
	at com.google.javascript.jscomp.CompilerTestCase.test(CompilerTestCase.java:372)
	at com.google.javascript.jscomp.CompilerTestCase.test(CompilerTestCase.java:302)
	at com.google.javascript.jscomp.CompilerTestCase.test(CompilerTestCase.java:271)
	at com.google.javascript.jscomp.CompilerTestCase.test(CompilerTestCase.java:259)
	at com.google.javascript.jscomp.CompilerTestCase.testSame(CompilerTestCase.java:486)
	at com.google.javascript.jscomp.MethodCheckTest.testSame(MethodCheckTest.java:61)
	at com.google.javascript.jscomp.MethodCheckTest.testSeparateMethods(MethodCheckTest.java:101)
	at sun.reflect.NativeMethodAccessorImpl.invoke0(Native Method)
	at sun.reflect.NativeMethodAccessorImpl.invoke(NativeMethodAccessorImpl.java:62)
	at sun.reflect.DelegatingMethodAccessorImpl.invoke(DelegatingMethodAccessorImpl.java:43)
	at java.lang.reflect.Method.invoke(Method.java:498)
	at junit.framework.TestCase.runTest(TestCase.java:176)
	at junit.framework.TestCase.runBare(TestCase.java:141)
	at junit.framework.TestResult$1.protect(TestResult.java:122)
	at junit.framework.TestResult.runProtected(TestResult.java:142)
	at junit.framework.TestResult.run(TestResult.java:125)
	at junit.framework.TestCase.run(TestCase.java:129)
	at junit.framework.TestSuite.runTest(TestSuite.java:255)
	at junit.framework.TestSuite.run(TestSuite.java:250)
	at org.apache.tools.ant.taskdefs.optional.junit.JUnitTestRunner.run(JUnitTestRunner.java:520)
	at org.apache.tools.ant.taskdefs.optional.junit.JUnitTask.executeInVM(JUnitTask.java:1484)
	at org.apache.tools.ant.taskdefs.optional.junit.JUnitTask.execute(JUnitTask.java:872)
	at org.apache.tools.ant.taskdefs.optional.junit.JUnitTask.executeOrQueue(JUnitTask.java:1972)
	at org.apache.tools.ant.taskdefs.optional.junit.JUnitTask.execute1(JUnitTask.java:824)
	at org.apache.tools.ant.taskdefs.optional.junit.JUnitTask.execute(JUnitTask.java:2277)
	at org.apache.tools.ant.UnknownElement.execute(UnknownElement.java:291)
	at sun.reflect.GeneratedMethodAccessor4.invoke(Unknown Source)
	at sun.reflect.DelegatingMethodAccessorImpl.invoke(DelegatingMethodAccessorImpl.java:43)
	at java.lang.reflect.Method.invoke(Method.java:498)
	at org.apache.tools.ant.dispatch.DispatchUtils.execute(DispatchUtils.java:106)
	at org.apache.tools.ant.Task.perform(Task.java:348)
	at org.apache.tools.ant.Target.execute(Target.java:392)
	at org.apache.tools.ant.Target.performTasks(Target.java:413)
	at org.apache.tools.ant.Project.executeSortedTargets(Project.java:1399)
	at org.apache.tools.ant.Project.executeTarget(Project.java:1368)
	at org.apache.tools.ant.helper.DefaultExecutor.executeTargets(DefaultExecutor.java:41)
	at org.apache.tools.ant.Project.executeTargets(Project.java:1251)
	at org.apache.tools.ant.Main.runBuild(Main.java:811)
	at org.apache.tools.ant.Main.startAnt(Main.java:217)
	at org.apache.tools.ant.launch.Launcher.run(Launcher.java:280)
	at org.apache.tools.ant.launch.Launcher.main(Launcher.java:109)
com.google.javascript.jscomp.RenameVarsTest::testDollarSignSuperExport2
junit.framework.AssertionFailedError:
Expected: var c=function($super,a,b){};var d=function($super,a){}
Result: var c=function($super,a,b){};var d=function($super$$1,a){}
Node tree inequality:
Tree1:
BLOCK [synthetic: 1]
    SCRIPT [source name: null] [encoded source length: 0] [base line: -1] [end line: -1] 1 [sourcename: expected0] [synthetic: 1]
        VAR 1
            NAME c 1
                FUNCTION  1 [sourcename: expected0]
                    NAME  1
                    LP 1
                        NAME $super 1 [is_optional_param: 1]
                        NAME a 1 [is_optional_param: 1]
                        NAME b 1 [is_var_args_param: 1]
                    BLOCK 1
        VAR 1
            NAME d 1
                FUNCTION  1 [sourcename: expected0]
                    NAME  1
                    LP 1
                        NAME $super 1 [is_optional_param: 1]
                        NAME a 1 [is_var_args_param: 1]
                    BLOCK 1


Tree2:
BLOCK [synthetic: 1]
    SCRIPT [source name: null] [encoded source length: 0] [base line: -1] [end line: -1] 1 [sourcename: testcode] [synthetic: 1]
        VAR 1
            NAME c 1
                FUNCTION  1 [sourcename: testcode]
                    NAME  1
                    LP 1
                        NAME $super 1 [is_optional_param: 1]
                        NAME a 1 [is_optional_param: 1]
                        NAME b 1 [is_var_args_param: 1]
                    BLOCK 1
        VAR 1
            NAME d 1
                FUNCTION  1 [sourcename: testcode]
                    NAME  1
                    LP 1
                        NAME $super$$1 1 [is_optional_param: 1]
                        NAME a 1 [is_var_args_param: 1]
                    BLOCK 1

	at junit.framework.Assert.fail(Assert.java:57)
	at junit.framework.Assert.assertTrue(Assert.java:22)
	at junit.framework.Assert.assertNull(Assert.java:277)
	at junit.framework.TestCase.assertNull(TestCase.java:447)
	at com.google.javascript.jscomp.CompilerTestCase.test(CompilerTestCase.java:782)
	at com.google.javascript.jscomp.CompilerTestCase.test(CompilerTestCase.java:372)
	at com.google.javascript.jscomp.CompilerTestCase.test(CompilerTestCase.java:302)
	at com.google.javascript.jscomp.CompilerTestCase.test(CompilerTestCase.java:271)
	at com.google.javascript.jscomp.CompilerTestCase.test(CompilerTestCase.java:259)
	at com.google.javascript.jscomp.RenameVarsTest.testDollarSignSuperExport2(RenameVarsTest.java:465)
	at sun.reflect.NativeMethodAccessorImpl.invoke0(Native Method)
	at sun.reflect.NativeMethodAccessorImpl.invoke(NativeMethodAccessorImpl.java:62)
	at sun.reflect.DelegatingMethodAccessorImpl.invoke(DelegatingMethodAccessorImpl.java:43)
	at java.lang.reflect.Method.invoke(Method.java:498)
	at junit.framework.TestCase.runTest(TestCase.java:176)
	at junit.framework.TestCase.runBare(TestCase.java:141)
	at junit.framework.TestResult$1.protect(TestResult.java:122)
	at junit.framework.TestResult.runProtected(TestResult.java:142)
	at junit.framework.TestResult.run(TestResult.java:125)
	at junit.framework.TestCase.run(TestCase.java:129)
	at junit.framework.TestSuite.runTest(TestSuite.java:255)
	at junit.framework.TestSuite.run(TestSuite.java:250)
	at org.apache.tools.ant.taskdefs.optional.junit.JUnitTestRunner.run(JUnitTestRunner.java:520)
	at org.apache.tools.ant.taskdefs.optional.junit.JUnitTask.executeInVM(JUnitTask.java:1484)
	at org.apache.tools.ant.taskdefs.optional.junit.JUnitTask.execute(JUnitTask.java:872)
	at org.apache.tools.ant.taskdefs.optional.junit.JUnitTask.executeOrQueue(JUnitTask.java:1972)
	at org.apache.tools.ant.taskdefs.optional.junit.JUnitTask.execute1(JUnitTask.java:824)
	at org.apache.tools.ant.taskdefs.optional.junit.JUnitTask.execute(JUnitTask.java:2277)
	at org.apache.tools.ant.UnknownElement.execute(UnknownElement.java:291)
	at sun.reflect.GeneratedMethodAccessor4.invoke(Unknown Source)
	at sun.reflect.DelegatingMethodAccessorImpl.invoke(DelegatingMethodAccessorImpl.java:43)
	at java.lang.reflect.Method.invoke(Method.java:498)
	at org.apache.tools.ant.dispatch.DispatchUtils.execute(DispatchUtils.java:106)
	at org.apache.tools.ant.Task.perform(Task.java:348)
	at org.apache.tools.ant.Target.execute(Target.java:392)
	at org.apache.tools.ant.Target.performTasks(Target.java:413)
	at org.apache.tools.ant.Project.executeSortedTargets(Project.java:1399)
	at org.apache.tools.ant.Project.executeTarget(Project.java:1368)
	at org.apache.tools.ant.helper.DefaultExecutor.executeTargets(DefaultExecutor.java:41)
	at org.apache.tools.ant.Project.executeTargets(Project.java:1251)
	at org.apache.tools.ant.Main.runBuild(Main.java:811)
	at org.apache.tools.ant.Main.startAnt(Main.java:217)
	at org.apache.tools.ant.launch.Launcher.run(Launcher.java:280)
	at org.apache.tools.ant.launch.Launcher.main(Launcher.java:109)


There is a bug in the above code, please help me locate it by considering the stack trace.

Output **only** the exact buggy statement, with no line numbers, explanations, or additional content. Your response should contain just the buggy code line. Do not include ```java or ``` markers in the response.

================== prompt_fl_6 ==================

source code:
private void addPossibleSignature(String name, Node node, NodeTraversal t) {
    boolean signatureAdded = false;
    if (node.getType() == Token.FUNCTION) {
      // The node we're looking at is a function, so we can add it directly
      addSignature(name, node, t.getSourceName());
      signatureAdded = true;
    } else if (node.getType() == Token.NAME) {
      String functionName = node.getString();
      Scope.Var v = t.getScope().getVar(functionName);
      if (v == null) {
        if (compiler.isIdeMode()) {
          return;
        } else {
          throw new IllegalStateException(
              "VarCheck should have caught this undefined function");
        }
      }
      Node function = v.getInitialValue();
      if (function != null &&
          function.getType() == Token.FUNCTION) {
        addSignature(name, function, v.getInputName());
        signatureAdded = true;
      }
    }
    if (!signatureAdded) {
      nonMethodProperties.add(name);
    }
  }

stack trace:
com.google.javascript.jscomp.InlineGettersTest::testIssue2508576_1
junit.framework.ComparisonFailure: expected:<[({a:alert,b:alert}).a("a")]> but was:<[]>
	at junit.framework.Assert.assertEquals(Assert.java:100)
	at junit.framework.Assert.assertEquals(Assert.java:107)
	at junit.framework.TestCase.assertEquals(TestCase.java:269)
	at com.google.javascript.jscomp.CompilerTestCase.test(CompilerTestCase.java:786)
	at com.google.javascript.jscomp.CompilerTestCase.test(CompilerTestCase.java:372)
	at com.google.javascript.jscomp.CompilerTestCase.testSame(CompilerTestCase.java:544)
	at com.google.javascript.jscomp.CompilerTestCase.testSame(CompilerTestCase.java:525)
	at com.google.javascript.jscomp.InlineGettersTest.testIssue2508576_1(InlineGettersTest.java:238)
	at sun.reflect.NativeMethodAccessorImpl.invoke0(Native Method)
	at sun.reflect.NativeMethodAccessorImpl.invoke(NativeMethodAccessorImpl.java:62)
	at sun.reflect.DelegatingMethodAccessorImpl.invoke(DelegatingMethodAccessorImpl.java:43)
	at java.lang.reflect.Method.invoke(Method.java:498)
	at junit.framework.TestCase.runTest(TestCase.java:176)
	at junit.framework.TestCase.runBare(TestCase.java:141)
	at junit.framework.TestResult$1.protect(TestResult.java:122)
	at junit.framework.TestResult.runProtected(TestResult.java:142)
	at junit.framework.TestResult.run(TestResult.java:125)
	at junit.framework.TestCase.run(TestCase.java:129)
	at junit.framework.TestSuite.runTest(TestSuite.java:255)
	at junit.framework.TestSuite.run(TestSuite.java:250)
	at org.apache.tools.ant.taskdefs.optional.junit.JUnitTestRunner.run(JUnitTestRunner.java:520)
	at org.apache.tools.ant.taskdefs.optional.junit.JUnitTask.executeInVM(JUnitTask.java:1484)
	at org.apache.tools.ant.taskdefs.optional.junit.JUnitTask.execute(JUnitTask.java:872)
	at org.apache.tools.ant.taskdefs.optional.junit.JUnitTask.executeOrQueue(JUnitTask.java:1972)
	at org.apache.tools.ant.taskdefs.optional.junit.JUnitTask.execute1(JUnitTask.java:824)
	at org.apache.tools.ant.taskdefs.optional.junit.JUnitTask.execute(JUnitTask.java:2277)
	at org.apache.tools.ant.UnknownElement.execute(UnknownElement.java:291)
	at sun.reflect.GeneratedMethodAccessor4.invoke(Unknown Source)
	at sun.reflect.DelegatingMethodAccessorImpl.invoke(DelegatingMethodAccessorImpl.java:43)
	at java.lang.reflect.Method.invoke(Method.java:498)
	at org.apache.tools.ant.dispatch.DispatchUtils.execute(DispatchUtils.java:106)
	at org.apache.tools.ant.Task.perform(Task.java:348)
	at org.apache.tools.ant.Target.execute(Target.java:392)
	at org.apache.tools.ant.Target.performTasks(Target.java:413)
	at org.apache.tools.ant.Project.executeSortedTargets(Project.java:1399)
	at org.apache.tools.ant.Project.executeTarget(Project.java:1368)
	at org.apache.tools.ant.helper.DefaultExecutor.executeTargets(DefaultExecutor.java:41)
	at org.apache.tools.ant.Project.executeTargets(Project.java:1251)
	at org.apache.tools.ant.Main.runBuild(Main.java:811)
	at org.apache.tools.ant.Main.startAnt(Main.java:217)
	at org.apache.tools.ant.launch.Launcher.run(Launcher.java:280)
	at org.apache.tools.ant.launch.Launcher.main(Launcher.java:109)
com.google.javascript.jscomp.InlineGettersTest::testIssue2508576_3
java.lang.RuntimeException: INTERNAL COMPILER ERROR.
Please report this problem.
VarCheck should have caught this undefined function
  Node(OBJECTLIT): testcode:1:1
[source unknown]
  Parent(GETPROP): testcode:1:1
[source unknown]

	at com.google.javascript.jscomp.MethodCompilerPass.addPossibleSignature(MethodCompilerPass.java:114)
	at com.google.javascript.jscomp.MethodCompilerPass.access$300(MethodCompilerPass.java:38)
	at com.google.javascript.jscomp.MethodCompilerPass$GatherSignatures.visit(MethodCompilerPass.java:236)
	at com.google.javascript.jscomp.NodeTraversal.traverseBranch(NodeTraversal.java:477)
	at com.google.javascript.jscomp.NodeTraversal.traverseBranch(NodeTraversal.java:470)
	at com.google.javascript.jscomp.NodeTraversal.traverseBranch(NodeTraversal.java:470)
	at com.google.javascript.jscomp.NodeTraversal.traverseBranch(NodeTraversal.java:470)
	at com.google.javascript.jscomp.NodeTraversal.traverseBranch(NodeTraversal.java:470)
	at com.google.javascript.jscomp.NodeTraversal.traverseBranch(NodeTraversal.java:470)
	at com.google.javascript.jscomp.NodeTraversal.traverseRoots(NodeTraversal.java:279)
	at com.google.javascript.jscomp.NodeTraversal.traverseRoots(NodeTraversal.java:435)
	at com.google.javascript.jscomp.MethodCompilerPass.process(MethodCompilerPass.java:79)
	at com.google.javascript.jscomp.CompilerTestCase.test(CompilerTestCase.java:694)
	at com.google.javascript.jscomp.CompilerTestCase.test(CompilerTestCase.java:372)
	at com.google.javascript.jscomp.CompilerTestCase.test(CompilerTestCase.java:302)
	at com.google.javascript.jscomp.CompilerTestCase.test(CompilerTestCase.java:271)
	at com.google.javascript.jscomp.CompilerTestCase.test(CompilerTestCase.java:259)
	at com.google.javascript.jscomp.InlineGettersTest.testIssue2508576_3(InlineGettersTest.java:248)
	at sun.reflect.NativeMethodAccessorImpl.invoke0(Native Method)
	at sun.reflect.NativeMethodAccessorImpl.invoke(NativeMethodAccessorImpl.java:62)
	at sun.reflect.DelegatingMethodAccessorImpl.invoke(DelegatingMethodAccessorImpl.java:43)
	at java.lang.reflect.Method.invoke(Method.java:498)
	at junit.framework.TestCase.runTest(TestCase.java:176)
	at junit.framework.TestCase.runBare(TestCase.java:141)
	at junit.framework.TestResult$1.protect(TestResult.java:122)
	at junit.framework.TestResult.runProtected(TestResult.java:142)
	at junit.framework.TestResult.run(TestResult.java:125)
	at junit.framework.TestCase.run(TestCase.java:129)
	at junit.framework.TestSuite.runTest(TestSuite.java:255)
	at junit.framework.TestSuite.run(TestSuite.java:250)
	at org.apache.tools.ant.taskdefs.optional.junit.JUnitTestRunner.run(JUnitTestRunner.java:520)
	at org.apache.tools.ant.taskdefs.optional.junit.JUnitTask.executeInVM(JUnitTask.java:1484)
	at org.apache.tools.ant.taskdefs.optional.junit.JUnitTask.execute(JUnitTask.java:872)
	at org.apache.tools.ant.taskdefs.optional.junit.JUnitTask.executeOrQueue(JUnitTask.java:1972)
	at org.apache.tools.ant.taskdefs.optional.junit.JUnitTask.execute1(JUnitTask.java:824)
	at org.apache.tools.ant.taskdefs.optional.junit.JUnitTask.execute(JUnitTask.java:2277)
	at org.apache.tools.ant.UnknownElement.execute(UnknownElement.java:291)
	at sun.reflect.GeneratedMethodAccessor4.invoke(Unknown Source)
	at sun.reflect.DelegatingMethodAccessorImpl.invoke(DelegatingMethodAccessorImpl.java:43)
	at java.lang.reflect.Method.invoke(Method.java:498)
	at org.apache.tools.ant.dispatch.DispatchUtils.execute(DispatchUtils.java:106)
	at org.apache.tools.ant.Task.perform(Task.java:348)
	at org.apache.tools.ant.Target.execute(Target.java:392)
	at org.apache.tools.ant.Target.performTasks(Target.java:413)
	at org.apache.tools.ant.Project.executeSortedTargets(Project.java:1399)
	at org.apache.tools.ant.Project.executeTarget(Project.java:1368)
	at org.apache.tools.ant.helper.DefaultExecutor.executeTargets(DefaultExecutor.java:41)
	at org.apache.tools.ant.Project.executeTargets(Project.java:1251)
	at org.apache.tools.ant.Main.runBuild(Main.java:811)
	at org.apache.tools.ant.Main.startAnt(Main.java:217)
	at org.apache.tools.ant.launch.Launcher.run(Launcher.java:280)
	at org.apache.tools.ant.launch.Launcher.main(Launcher.java:109)
Caused by: java.lang.IllegalStateException: VarCheck should have caught this undefined function
	... 52 more
com.google.javascript.jscomp.MethodCheckTest::testSeparateMethods
junit.framework.AssertionFailedError: Unexpected error(s): JSC_WRONG_ARGUMENT_COUNT. Function oneOrTwoArg2: called with 3 argument(s). All definitions of this function require at least 1 argument(s) and no more than 2 argument(s). at testcode line 1 expected:<0> but was:<1>
	at junit.framework.Assert.fail(Assert.java:57)
	at junit.framework.Assert.failNotEquals(Assert.java:329)
	at junit.framework.Assert.assertEquals(Assert.java:78)
	at junit.framework.Assert.assertEquals(Assert.java:234)
	at junit.framework.TestCase.assertEquals(TestCase.java:401)
	at com.google.javascript.jscomp.CompilerTestCase.test(CompilerTestCase.java:712)
	at com.google.javascript.jscomp.CompilerTestCase.test(CompilerTestCase.java:372)
	at com.google.javascript.jscomp.CompilerTestCase.test(CompilerTestCase.java:302)
	at com.google.javascript.jscomp.CompilerTestCase.test(CompilerTestCase.java:271)
	at com.google.javascript.jscomp.CompilerTestCase.test(CompilerTestCase.java:259)
	at com.google.javascript.jscomp.CompilerTestCase.testSame(CompilerTestCase.java:486)
	at com.google.javascript.jscomp.MethodCheckTest.testSame(MethodCheckTest.java:61)
	at com.google.javascript.jscomp.MethodCheckTest.testSeparateMethods(MethodCheckTest.java:101)
	at sun.reflect.NativeMethodAccessorImpl.invoke0(Native Method)
	at sun.reflect.NativeMethodAccessorImpl.invoke(NativeMethodAccessorImpl.java:62)
	at sun.reflect.DelegatingMethodAccessorImpl.invoke(DelegatingMethodAccessorImpl.java:43)
	at java.lang.reflect.Method.invoke(Method.java:498)
	at junit.framework.TestCase.runTest(TestCase.java:176)
	at junit.framework.TestCase.runBare(TestCase.java:141)
	at junit.framework.TestResult$1.protect(TestResult.java:122)
	at junit.framework.TestResult.runProtected(TestResult.java:142)
	at junit.framework.TestResult.run(TestResult.java:125)
	at junit.framework.TestCase.run(TestCase.java:129)
	at junit.framework.TestSuite.runTest(TestSuite.java:255)
	at junit.framework.TestSuite.run(TestSuite.java:250)
	at org.apache.tools.ant.taskdefs.optional.junit.JUnitTestRunner.run(JUnitTestRunner.java:520)
	at org.apache.tools.ant.taskdefs.optional.junit.JUnitTask.executeInVM(JUnitTask.java:1484)
	at org.apache.tools.ant.taskdefs.optional.junit.JUnitTask.execute(JUnitTask.java:872)
	at org.apache.tools.ant.taskdefs.optional.junit.JUnitTask.executeOrQueue(JUnitTask.java:1972)
	at org.apache.tools.ant.taskdefs.optional.junit.JUnitTask.execute1(JUnitTask.java:824)
	at org.apache.tools.ant.taskdefs.optional.junit.JUnitTask.execute(JUnitTask.java:2277)
	at org.apache.tools.ant.UnknownElement.execute(UnknownElement.java:291)
	at sun.reflect.GeneratedMethodAccessor4.invoke(Unknown Source)
	at sun.reflect.DelegatingMethodAccessorImpl.invoke(DelegatingMethodAccessorImpl.java:43)
	at java.lang.reflect.Method.invoke(Method.java:498)
	at org.apache.tools.ant.dispatch.DispatchUtils.execute(DispatchUtils.java:106)
	at org.apache.tools.ant.Task.perform(Task.java:348)
	at org.apache.tools.ant.Target.execute(Target.java:392)
	at org.apache.tools.ant.Target.performTasks(Target.java:413)
	at org.apache.tools.ant.Project.executeSortedTargets(Project.java:1399)
	at org.apache.tools.ant.Project.executeTarget(Project.java:1368)
	at org.apache.tools.ant.helper.DefaultExecutor.executeTargets(DefaultExecutor.java:41)
	at org.apache.tools.ant.Project.executeTargets(Project.java:1251)
	at org.apache.tools.ant.Main.runBuild(Main.java:811)
	at org.apache.tools.ant.Main.startAnt(Main.java:217)
	at org.apache.tools.ant.launch.Launcher.run(Launcher.java:280)
	at org.apache.tools.ant.launch.Launcher.main(Launcher.java:109)
com.google.javascript.jscomp.RenameVarsTest::testDollarSignSuperExport2
junit.framework.AssertionFailedError:
Expected: var c=function($super,a,b){};var d=function($super,a){}
Result: var c=function($super,a,b){};var d=function($super$$1,a){}
Node tree inequality:
Tree1:
BLOCK [synthetic: 1]
    SCRIPT [source name: null] [encoded source length: 0] [base line: -1] [end line: -1] 1 [sourcename: expected0] [synthetic: 1]
        VAR 1
            NAME c 1
                FUNCTION  1 [sourcename: expected0]
                    NAME  1
                    LP 1
                        NAME $super 1 [is_optional_param: 1]
                        NAME a 1 [is_optional_param: 1]
                        NAME b 1 [is_var_args_param: 1]
                    BLOCK 1
        VAR 1
            NAME d 1
                FUNCTION  1 [sourcename: expected0]
                    NAME  1
                    LP 1
                        NAME $super 1 [is_optional_param: 1]
                        NAME a 1 [is_var_args_param: 1]
                    BLOCK 1


Tree2:
BLOCK [synthetic: 1]
    SCRIPT [source name: null] [encoded source length: 0] [base line: -1] [end line: -1] 1 [sourcename: testcode] [synthetic: 1]
        VAR 1
            NAME c 1
                FUNCTION  1 [sourcename: testcode]
                    NAME  1
                    LP 1
                        NAME $super 1 [is_optional_param: 1]
                        NAME a 1 [is_optional_param: 1]
                        NAME b 1 [is_var_args_param: 1]
                    BLOCK 1
        VAR 1
            NAME d 1
                FUNCTION  1 [sourcename: testcode]
                    NAME  1
                    LP 1
                        NAME $super$$1 1 [is_optional_param: 1]
                        NAME a 1 [is_var_args_param: 1]
                    BLOCK 1

	at junit.framework.Assert.fail(Assert.java:57)
	at junit.framework.Assert.assertTrue(Assert.java:22)
	at junit.framework.Assert.assertNull(Assert.java:277)
	at junit.framework.TestCase.assertNull(TestCase.java:447)
	at com.google.javascript.jscomp.CompilerTestCase.test(CompilerTestCase.java:782)
	at com.google.javascript.jscomp.CompilerTestCase.test(CompilerTestCase.java:372)
	at com.google.javascript.jscomp.CompilerTestCase.test(CompilerTestCase.java:302)
	at com.google.javascript.jscomp.CompilerTestCase.test(CompilerTestCase.java:271)
	at com.google.javascript.jscomp.CompilerTestCase.test(CompilerTestCase.java:259)
	at com.google.javascript.jscomp.RenameVarsTest.testDollarSignSuperExport2(RenameVarsTest.java:465)
	at sun.reflect.NativeMethodAccessorImpl.invoke0(Native Method)
	at sun.reflect.NativeMethodAccessorImpl.invoke(NativeMethodAccessorImpl.java:62)
	at sun.reflect.DelegatingMethodAccessorImpl.invoke(DelegatingMethodAccessorImpl.java:43)
	at java.lang.reflect.Method.invoke(Method.java:498)
	at junit.framework.TestCase.runTest(TestCase.java:176)
	at junit.framework.TestCase.runBare(TestCase.java:141)
	at junit.framework.TestResult$1.protect(TestResult.java:122)
	at junit.framework.TestResult.runProtected(TestResult.java:142)
	at junit.framework.TestResult.run(TestResult.java:125)
	at junit.framework.TestCase.run(TestCase.java:129)
	at junit.framework.TestSuite.runTest(TestSuite.java:255)
	at junit.framework.TestSuite.run(TestSuite.java:250)
	at org.apache.tools.ant.taskdefs.optional.junit.JUnitTestRunner.run(JUnitTestRunner.java:520)
	at org.apache.tools.ant.taskdefs.optional.junit.JUnitTask.executeInVM(JUnitTask.java:1484)
	at org.apache.tools.ant.taskdefs.optional.junit.JUnitTask.execute(JUnitTask.java:872)
	at org.apache.tools.ant.taskdefs.optional.junit.JUnitTask.executeOrQueue(JUnitTask.java:1972)
	at org.apache.tools.ant.taskdefs.optional.junit.JUnitTask.execute1(JUnitTask.java:824)
	at org.apache.tools.ant.taskdefs.optional.junit.JUnitTask.execute(JUnitTask.java:2277)
	at org.apache.tools.ant.UnknownElement.execute(UnknownElement.java:291)
	at sun.reflect.GeneratedMethodAccessor4.invoke(Unknown Source)
	at sun.reflect.DelegatingMethodAccessorImpl.invoke(DelegatingMethodAccessorImpl.java:43)
	at java.lang.reflect.Method.invoke(Method.java:498)
	at org.apache.tools.ant.dispatch.DispatchUtils.execute(DispatchUtils.java:106)
	at org.apache.tools.ant.Task.perform(Task.java:348)
	at org.apache.tools.ant.Target.execute(Target.java:392)
	at org.apache.tools.ant.Target.performTasks(Target.java:413)
	at org.apache.tools.ant.Project.executeSortedTargets(Project.java:1399)
	at org.apache.tools.ant.Project.executeTarget(Project.java:1368)
	at org.apache.tools.ant.helper.DefaultExecutor.executeTargets(DefaultExecutor.java:41)
	at org.apache.tools.ant.Project.executeTargets(Project.java:1251)
	at org.apache.tools.ant.Main.runBuild(Main.java:811)
	at org.apache.tools.ant.Main.startAnt(Main.java:217)
	at org.apache.tools.ant.launch.Launcher.run(Launcher.java:280)
	at org.apache.tools.ant.launch.Launcher.main(Launcher.java:109)


failure assertion code:
testSame(externs, "({a:alert,b:alert}).a(\"a\")", null);


There is a bug in the above code, please help me locate it by considering the stack trace information and failure assertion code.

Output **only** the exact buggy statement, with no line numbers, explanations, or additional content. Your response should contain just the buggy code line. Do not include ```java or ``` markers in the response.

================== prompt_apr_1 ==================

private void addPossibleSignature(String name, Node node, NodeTraversal t) {
    boolean signatureAdded = false;
    if (node.getType() == Token.FUNCTION) {
      // The node we're looking at is a function, so we can add it directly
      addSignature(name, node, t.getSourceName());
      signatureAdded = true;
    } else if (node.getType() == Token.NAME) {
      String functionName = node.getString();
      Scope.Var v = t.getScope().getVar(functionName);
      if (v == null) {
        if (compiler.isIdeMode()) {
          return;
        } else {
          throw new IllegalStateException(
              "VarCheck should have caught this undefined function");
        }
      }
      Node function = v.getInitialValue();
      if (function != null &&
          function.getType() == Token.FUNCTION) {
        addSignature(name, function, v.getInputName());
        signatureAdded = true;
      }
    }
    if (!signatureAdded) {
      nonMethodProperties.add(name);
    }
  }

There is a bug in line [2, 6, 7, 8, 9, 10, 11, 12, 13, 14, 15, 16, 17, 18, 19, 20, 21, 22, 23, 24, 25] of the code, please help me fix it.

Please return the **complete corrected method**. Do not skip or omit any part of the code. Do not include ```java or ``` markers in the response.

================== prompt_apr_2 ==================

private void addPossibleSignature(String name, Node node, NodeTraversal t) {
    boolean signatureAdded = false;
    if (node.getType() == Token.FUNCTION) {
      // The node we're looking at is a function, so we can add it directly
      addSignature(name, node, t.getSourceName());
      signatureAdded = true;
    } else if (node.getType() == Token.NAME) {
      String functionName = node.getString();
      Scope.Var v = t.getScope().getVar(functionName);
      if (v == null) {
        if (compiler.isIdeMode()) {
          return;
        } else {
          throw new IllegalStateException(
              "VarCheck should have caught this undefined function");
        }
      }
      Node function = v.getInitialValue();
      if (function != null &&
          function.getType() == Token.FUNCTION) {
        addSignature(name, function, v.getInputName());
        signatureAdded = true;
      }
    }
    if (!signatureAdded) {
      nonMethodProperties.add(name);
    }
  }

There is a bug in ['    boolean signatureAdded = false;', '      signatureAdded = true;', '    } else if (node.getType() == Token.NAME) {', '      String functionName = node.getString();', '      Scope.Var v = t.getScope().getVar(functionName);', '      if (v == null) {', '        if (compiler.isIdeMode()) {', '          return;', '        } else {', '          throw new IllegalStateException(', '              "VarCheck should have caught this undefined function");', '        }', '      }', '      Node function = v.getInitialValue();', '      if (function != null &&', '          function.getType() == Token.FUNCTION) {', '        addSignature(name, function, v.getInputName());', '        signatureAdded = true;', '      }', '    }', '    if (!signatureAdded) {'] , please help me fix it. 

Please return the **complete corrected method**. Do not skip or omit any part of the code. Do not include ```java or ``` markers in the response.

================== prompt_apr_3 ==================

private void addPossibleSignature(String name, Node node, NodeTraversal t) {
    boolean signatureAdded = false;
    if (node.getType() == Token.FUNCTION) {
      // The node we're looking at is a function, so we can add it directly
      addSignature(name, node, t.getSourceName());
      signatureAdded = true;
    } else if (node.getType() == Token.NAME) {
      String functionName = node.getString();
      Scope.Var v = t.getScope().getVar(functionName);
      if (v == null) {
        if (compiler.isIdeMode()) {
          return;
        } else {
          throw new IllegalStateException(
              "VarCheck should have caught this undefined function");
        }
      }
      Node function = v.getInitialValue();
      if (function != null &&
          function.getType() == Token.FUNCTION) {
        addSignature(name, function, v.getInputName());
        signatureAdded = true;
      }
    }
    if (!signatureAdded) {

There is a bug in the last statement, please help me fix it.

Return the code **only from the method declaration to the fixed statement**, without completing or adding additional code. Do not modify anything beyond fixing the bug, and do not complete the `if` statement or other unfinished parts. Do not include ```java or ``` markers in the response.

================== prompt_apr_4 ==================

private void addPossibleSignature(String name, Node node, NodeTraversal t) {
    boolean signatureAdded = false;
    if (node.getType() == Token.FUNCTION) {
      // The node we're looking at is a function, so we can add it directly
      addSignature(name, node, t.getSourceName());
      signatureAdded = true;
    } else if (node.getType() == Token.NAME) {
      String functionName = node.getString();
      Scope.Var v = t.getScope().getVar(functionName);
      if (v == null) {
        if (compiler.isIdeMode()) {
          return;
        } else {
          throw new IllegalStateException(
              "VarCheck should have caught this undefined function");
        }
      }
      Node function = v.getInitialValue();
      if (function != null &&
          function.getType() == Token.FUNCTION) {
        addSignature(name, function, v.getInputName());
        signatureAdded = true;
      }
    }
    if (!signatureAdded) {
      nonMethodProperties.add(name);
    }
  }

There is a bug in line [2, 6, 7, 8, 9, 10, 11, 12, 13, 14, 15, 16, 17, 18, 19, 20, 21, 22, 23, 24, 25] of the code, please help me fix it.

Please return the results in a strict JSON format as described below. Please follow these instructions carefully:
1. Your output must include each repaired line's number (`line_number`) and the corresponding fixed code statement (`fixed_statement`).
2. The output format must be a valid JSON array, where each element represents one repaired line, with the following structure:
   - `"line_number"`: The line number of the buggy code that was repaired (integer).
   - `"fixed_statement"`: The repaired statement for that specific line (string).

3. The result must strictly follow this format:
[
    {
        "line_number": int,
        "fixed_statement": "string"
    },
    {
        "line_number": int,
        "fixed_statement": "string"
    }
]
4. The repaired statement in "fixed_statement" must replace the corresponding line in the buggy code.
5. You must NOT include any additional explanation or description in your response. Only return the JSON array. Do not include ```json or ``` markers in the response.

================== prompt_apr_5 ==================

private void addPossibleSignature(String name, Node node, NodeTraversal t) {
    boolean signatureAdded = false;
    if (node.getType() == Token.FUNCTION) {
      // The node we're looking at is a function, so we can add it directly
      addSignature(name, node, t.getSourceName());
      signatureAdded = true;
    } else if (node.getType() == Token.NAME) {
      String functionName = node.getString();
      Scope.Var v = t.getScope().getVar(functionName);
      if (v == null) {
        if (compiler.isIdeMode()) {
          return;
        } else {
          throw new IllegalStateException(
              "VarCheck should have caught this undefined function");
        }
      }
      Node function = v.getInitialValue();
      if (function != null &&
          function.getType() == Token.FUNCTION) {
        addSignature(name, function, v.getInputName());
        signatureAdded = true;
      }
    }
    if (!signatureAdded) {
      nonMethodProperties.add(name);
    }
  }

There is a bug in ['    boolean signatureAdded = false;', '      signatureAdded = true;', '    } else if (node.getType() == Token.NAME) {', '      String functionName = node.getString();', '      Scope.Var v = t.getScope().getVar(functionName);', '      if (v == null) {', '        if (compiler.isIdeMode()) {', '          return;', '        } else {', '          throw new IllegalStateException(', '              "VarCheck should have caught this undefined function");', '        }', '      }', '      Node function = v.getInitialValue();', '      if (function != null &&', '          function.getType() == Token.FUNCTION) {', '        addSignature(name, function, v.getInputName());', '        signatureAdded = true;', '      }', '    }', '    if (!signatureAdded) {'] , please help me fix it. 

Please return the results in a strict JSON format as described below. Please follow these instructions carefully:
1. Your output must include each repaired line's number (`line_number`) and the corresponding fixed code statement (`fixed_statement`).
2. The output format must be a valid JSON array, where each element represents one repaired line, with the following structure:
   - `"line_number"`: The line number of the buggy code that was repaired (integer).
   - `"fixed_statement"`: The repaired statement for that specific line (string).

3. The result must strictly follow this format:
[
    {
        "line_number": int,
        "fixed_statement": "string"
    },
    {
        "line_number": int,
        "fixed_statement": "string"
    }
]
4. The repaired statement in "fixed_statement" must replace the corresponding line in the buggy code.
5. You must NOT include any additional explanation or description in your response. Only return the JSON array. Do not include ```json or ``` markers in the response.

================== prompt_apr_6 ==================

private void addPossibleSignature(String name, Node node, NodeTraversal t) {
    boolean signatureAdded = false;
    if (node.getType() == Token.FUNCTION) {
      // The node we're looking at is a function, so we can add it directly
      addSignature(name, node, t.getSourceName());
      signatureAdded = true;
    } else if (node.getType() == Token.NAME) {
      String functionName = node.getString();
      Scope.Var v = t.getScope().getVar(functionName);
      if (v == null) {
        if (compiler.isIdeMode()) {
          return;
        } else {
          throw new IllegalStateException(
              "VarCheck should have caught this undefined function");
        }
      }
      Node function = v.getInitialValue();
      if (function != null &&
          function.getType() == Token.FUNCTION) {
        addSignature(name, function, v.getInputName());
        signatureAdded = true;
      }
    }
    if (!signatureAdded) {

There is a bug in the last statement, please help me fix it.

Please return the results in a strict JSON format as described below. Please follow these instructions carefully:
1. Your output must include each repaired line's number (`line_number`) and the corresponding fixed code statement (`fixed_statement`).
2. The output format must be a valid JSON array, where each element represents one repaired line, with the following structure:
   - `"line_number"`: The line number of the buggy code that was repaired (integer).
   - `"fixed_statement"`: The repaired statement for that specific line (string).

3. The result must strictly follow this format:
[
    {
        "line_number": int,
        "fixed_statement": "string"
    },
    {
        "line_number": int,
        "fixed_statement": "string"
    }
]
4. The repaired statement in "fixed_statement" must replace the corresponding line in the buggy code.
5. You must NOT include any additional explanation or description in your response. Only return the JSON array. Do not include ```json or ``` markers in the response.
