
================== prompt_fl_1 ==================

source code:
private void traverseFunction(Node n, Node parent) {
    Preconditions.checkState(n.getChildCount() == 3);
    Preconditions.checkState(n.isFunction());

    final Node fnName = n.getFirstChild();

    boolean isFunctionExpression = (parent != null)
        && NodeUtil.isFunctionExpression(n);

    if (!isFunctionExpression) {
      // Functions declarations are in the scope containing the declaration.
      traverseBranch(fnName, n);
    }

    curNode = n;
    pushScope(n);

    if (isFunctionExpression) {
      // Function expression names are only accessible within the function
      // scope.
      traverseBranch(fnName, n);
    }

    final Node args = fnName.getNext();
    final Node body = args.getNext();

    // Args
    traverseBranch(args, n);

    // Body
    Preconditions.checkState(body.getNext() == null &&
            body.isBlock());
    traverseBranch(body, n);

    popScope();
  }

There is a bug in the above code, please help me locate it.

Please output **only one integer**: the line number of the buggy code (The code starts from line 1). Do not provide any explanations or additional content.

================== prompt_fl_2 ==================

source code:
private void traverseFunction(Node n, Node parent) {
    Preconditions.checkState(n.getChildCount() == 3);
    Preconditions.checkState(n.isFunction());

    final Node fnName = n.getFirstChild();

    boolean isFunctionExpression = (parent != null)
        && NodeUtil.isFunctionExpression(n);

    if (!isFunctionExpression) {
      // Functions declarations are in the scope containing the declaration.
      traverseBranch(fnName, n);
    }

    curNode = n;
    pushScope(n);

    if (isFunctionExpression) {
      // Function expression names are only accessible within the function
      // scope.
      traverseBranch(fnName, n);
    }

    final Node args = fnName.getNext();
    final Node body = args.getNext();

    // Args
    traverseBranch(args, n);

    // Body
    Preconditions.checkState(body.getNext() == null &&
            body.isBlock());
    traverseBranch(body, n);

    popScope();
  }

stack trace:
com.google.javascript.jscomp.IntegrationTest::testIncompleteFunction
java.lang.RuntimeException: java.lang.RuntimeException: INTERNAL COMPILER ERROR.
Please report this problem.
null
	at com.google.javascript.jscomp.Compiler.runCallable(Compiler.java:642)
	at com.google.javascript.jscomp.Compiler.runInCompilerThread(Compiler.java:587)
	at com.google.javascript.jscomp.Compiler.compile(Compiler.java:569)
	at com.google.javascript.jscomp.Compiler.compileModules(Compiler.java:560)
	at com.google.javascript.jscomp.Compiler.compile(Compiler.java:542)
	at com.google.javascript.jscomp.IntegrationTest.compile(IntegrationTest.java:2080)
	at com.google.javascript.jscomp.IntegrationTest.test(IntegrationTest.java:2041)
	at com.google.javascript.jscomp.IntegrationTest.testIncompleteFunction(IntegrationTest.java:1945)
	at sun.reflect.NativeMethodAccessorImpl.invoke0(Native Method)
	at sun.reflect.NativeMethodAccessorImpl.invoke(NativeMethodAccessorImpl.java:62)
	at sun.reflect.DelegatingMethodAccessorImpl.invoke(DelegatingMethodAccessorImpl.java:43)
	at java.lang.reflect.Method.invoke(Method.java:498)
	at junit.framework.TestCase.runTest(TestCase.java:176)
	at junit.framework.TestCase.runBare(TestCase.java:141)
	at junit.framework.TestResult$1.protect(TestResult.java:122)
	at junit.framework.TestResult.runProtected(TestResult.java:142)
	at junit.framework.TestResult.run(TestResult.java:125)
	at junit.framework.TestCase.run(TestCase.java:129)
	at junit.framework.TestSuite.runTest(TestSuite.java:255)
	at junit.framework.TestSuite.run(TestSuite.java:250)
	at org.apache.tools.ant.taskdefs.optional.junit.JUnitTestRunner.run(JUnitTestRunner.java:520)
	at org.apache.tools.ant.taskdefs.optional.junit.JUnitTask.executeInVM(JUnitTask.java:1484)
	at org.apache.tools.ant.taskdefs.optional.junit.JUnitTask.execute(JUnitTask.java:872)
	at org.apache.tools.ant.taskdefs.optional.junit.JUnitTask.executeOrQueue(JUnitTask.java:1972)
	at org.apache.tools.ant.taskdefs.optional.junit.JUnitTask.execute1(JUnitTask.java:824)
	at org.apache.tools.ant.taskdefs.optional.junit.JUnitTask.execute(JUnitTask.java:2277)
	at org.apache.tools.ant.UnknownElement.execute(UnknownElement.java:291)
	at sun.reflect.GeneratedMethodAccessor4.invoke(Unknown Source)
	at sun.reflect.DelegatingMethodAccessorImpl.invoke(DelegatingMethodAccessorImpl.java:43)
	at java.lang.reflect.Method.invoke(Method.java:498)
	at org.apache.tools.ant.dispatch.DispatchUtils.execute(DispatchUtils.java:106)
	at org.apache.tools.ant.Task.perform(Task.java:348)
	at org.apache.tools.ant.Target.execute(Target.java:392)
	at org.apache.tools.ant.Target.performTasks(Target.java:413)
	at org.apache.tools.ant.Project.executeSortedTargets(Project.java:1399)
	at org.apache.tools.ant.Project.executeTarget(Project.java:1368)
	at org.apache.tools.ant.helper.DefaultExecutor.executeTargets(DefaultExecutor.java:41)
	at org.apache.tools.ant.Project.executeTargets(Project.java:1251)
	at org.apache.tools.ant.Main.runBuild(Main.java:811)
	at org.apache.tools.ant.Main.startAnt(Main.java:217)
	at org.apache.tools.ant.launch.Launcher.run(Launcher.java:280)
	at org.apache.tools.ant.launch.Launcher.main(Launcher.java:109)
Caused by: java.lang.RuntimeException: INTERNAL COMPILER ERROR.
Please report this problem.
null
	at com.google.common.base.Preconditions.checkState(Preconditions.java:129)
	at com.google.javascript.jscomp.NodeTraversal.traverseFunction(NodeTraversal.java:540)
	at com.google.javascript.jscomp.NodeTraversal.traverseBranch(NodeTraversal.java:489)
	at com.google.javascript.jscomp.NodeTraversal.traverseBranch(NodeTraversal.java:497)
	at com.google.javascript.jscomp.NodeTraversal.traverseBranch(NodeTraversal.java:497)
	at com.google.javascript.jscomp.NodeTraversal.traverseBranch(NodeTraversal.java:497)
	at com.google.javascript.jscomp.NodeTraversal.traverseBranch(NodeTraversal.java:497)
	at com.google.javascript.jscomp.NodeTraversal.traverseBranch(NodeTraversal.java:497)
	at com.google.javascript.jscomp.NodeTraversal.traverse(NodeTraversal.java:277)
	at com.google.javascript.jscomp.NodeTraversal.traverse(NodeTraversal.java:455)
	at com.google.javascript.jscomp.PrepareAst.process(PrepareAst.java:70)
	at com.google.javascript.jscomp.Compiler.prepareAst(Compiler.java:1835)
	at com.google.javascript.jscomp.JsAst.parse(JsAst.java:99)
	at com.google.javascript.jscomp.JsAst.getAstRoot(JsAst.java:52)
	at com.google.javascript.jscomp.CompilerInput.getAstRoot(CompilerInput.java:119)
	at com.google.javascript.jscomp.Compiler.parseInputs(Compiler.java:1302)
	at com.google.javascript.jscomp.Compiler.parse(Compiler.java:696)
	at com.google.javascript.jscomp.Compiler.compileInternal(Compiler.java:650)
	at com.google.javascript.jscomp.Compiler.access$000(Compiler.java:71)
	at com.google.javascript.jscomp.Compiler$1.call(Compiler.java:572)
	at com.google.javascript.jscomp.Compiler$1.call(Compiler.java:569)
	at com.google.javascript.jscomp.Compiler$2.run(Compiler.java:614)
	at java.lang.Thread.run(Thread.java:748)
Caused by: java.lang.IllegalStateException
	... 23 more


There is a bug in the above code, please help me locate it by considering the stack trace.

Please output **only one integer**: the line number of the buggy code (The code starts from line 1). Do not provide any explanations or additional content.

================== prompt_fl_3 ==================

source code:
private void traverseFunction(Node n, Node parent) {
    Preconditions.checkState(n.getChildCount() == 3);
    Preconditions.checkState(n.isFunction());

    final Node fnName = n.getFirstChild();

    boolean isFunctionExpression = (parent != null)
        && NodeUtil.isFunctionExpression(n);

    if (!isFunctionExpression) {
      // Functions declarations are in the scope containing the declaration.
      traverseBranch(fnName, n);
    }

    curNode = n;
    pushScope(n);

    if (isFunctionExpression) {
      // Function expression names are only accessible within the function
      // scope.
      traverseBranch(fnName, n);
    }

    final Node args = fnName.getNext();
    final Node body = args.getNext();

    // Args
    traverseBranch(args, n);

    // Body
    Preconditions.checkState(body.getNext() == null &&
            body.isBlock());
    traverseBranch(body, n);

    popScope();
  }

stack trace:
com.google.javascript.jscomp.IntegrationTest::testIncompleteFunction
java.lang.RuntimeException: java.lang.RuntimeException: INTERNAL COMPILER ERROR.
Please report this problem.
null
	at com.google.javascript.jscomp.Compiler.runCallable(Compiler.java:642)
	at com.google.javascript.jscomp.Compiler.runInCompilerThread(Compiler.java:587)
	at com.google.javascript.jscomp.Compiler.compile(Compiler.java:569)
	at com.google.javascript.jscomp.Compiler.compileModules(Compiler.java:560)
	at com.google.javascript.jscomp.Compiler.compile(Compiler.java:542)
	at com.google.javascript.jscomp.IntegrationTest.compile(IntegrationTest.java:2080)
	at com.google.javascript.jscomp.IntegrationTest.test(IntegrationTest.java:2041)
	at com.google.javascript.jscomp.IntegrationTest.testIncompleteFunction(IntegrationTest.java:1945)
	at sun.reflect.NativeMethodAccessorImpl.invoke0(Native Method)
	at sun.reflect.NativeMethodAccessorImpl.invoke(NativeMethodAccessorImpl.java:62)
	at sun.reflect.DelegatingMethodAccessorImpl.invoke(DelegatingMethodAccessorImpl.java:43)
	at java.lang.reflect.Method.invoke(Method.java:498)
	at junit.framework.TestCase.runTest(TestCase.java:176)
	at junit.framework.TestCase.runBare(TestCase.java:141)
	at junit.framework.TestResult$1.protect(TestResult.java:122)
	at junit.framework.TestResult.runProtected(TestResult.java:142)
	at junit.framework.TestResult.run(TestResult.java:125)
	at junit.framework.TestCase.run(TestCase.java:129)
	at junit.framework.TestSuite.runTest(TestSuite.java:255)
	at junit.framework.TestSuite.run(TestSuite.java:250)
	at org.apache.tools.ant.taskdefs.optional.junit.JUnitTestRunner.run(JUnitTestRunner.java:520)
	at org.apache.tools.ant.taskdefs.optional.junit.JUnitTask.executeInVM(JUnitTask.java:1484)
	at org.apache.tools.ant.taskdefs.optional.junit.JUnitTask.execute(JUnitTask.java:872)
	at org.apache.tools.ant.taskdefs.optional.junit.JUnitTask.executeOrQueue(JUnitTask.java:1972)
	at org.apache.tools.ant.taskdefs.optional.junit.JUnitTask.execute1(JUnitTask.java:824)
	at org.apache.tools.ant.taskdefs.optional.junit.JUnitTask.execute(JUnitTask.java:2277)
	at org.apache.tools.ant.UnknownElement.execute(UnknownElement.java:291)
	at sun.reflect.GeneratedMethodAccessor4.invoke(Unknown Source)
	at sun.reflect.DelegatingMethodAccessorImpl.invoke(DelegatingMethodAccessorImpl.java:43)
	at java.lang.reflect.Method.invoke(Method.java:498)
	at org.apache.tools.ant.dispatch.DispatchUtils.execute(DispatchUtils.java:106)
	at org.apache.tools.ant.Task.perform(Task.java:348)
	at org.apache.tools.ant.Target.execute(Target.java:392)
	at org.apache.tools.ant.Target.performTasks(Target.java:413)
	at org.apache.tools.ant.Project.executeSortedTargets(Project.java:1399)
	at org.apache.tools.ant.Project.executeTarget(Project.java:1368)
	at org.apache.tools.ant.helper.DefaultExecutor.executeTargets(DefaultExecutor.java:41)
	at org.apache.tools.ant.Project.executeTargets(Project.java:1251)
	at org.apache.tools.ant.Main.runBuild(Main.java:811)
	at org.apache.tools.ant.Main.startAnt(Main.java:217)
	at org.apache.tools.ant.launch.Launcher.run(Launcher.java:280)
	at org.apache.tools.ant.launch.Launcher.main(Launcher.java:109)
Caused by: java.lang.RuntimeException: INTERNAL COMPILER ERROR.
Please report this problem.
null
	at com.google.common.base.Preconditions.checkState(Preconditions.java:129)
	at com.google.javascript.jscomp.NodeTraversal.traverseFunction(NodeTraversal.java:540)
	at com.google.javascript.jscomp.NodeTraversal.traverseBranch(NodeTraversal.java:489)
	at com.google.javascript.jscomp.NodeTraversal.traverseBranch(NodeTraversal.java:497)
	at com.google.javascript.jscomp.NodeTraversal.traverseBranch(NodeTraversal.java:497)
	at com.google.javascript.jscomp.NodeTraversal.traverseBranch(NodeTraversal.java:497)
	at com.google.javascript.jscomp.NodeTraversal.traverseBranch(NodeTraversal.java:497)
	at com.google.javascript.jscomp.NodeTraversal.traverseBranch(NodeTraversal.java:497)
	at com.google.javascript.jscomp.NodeTraversal.traverse(NodeTraversal.java:277)
	at com.google.javascript.jscomp.NodeTraversal.traverse(NodeTraversal.java:455)
	at com.google.javascript.jscomp.PrepareAst.process(PrepareAst.java:70)
	at com.google.javascript.jscomp.Compiler.prepareAst(Compiler.java:1835)
	at com.google.javascript.jscomp.JsAst.parse(JsAst.java:99)
	at com.google.javascript.jscomp.JsAst.getAstRoot(JsAst.java:52)
	at com.google.javascript.jscomp.CompilerInput.getAstRoot(CompilerInput.java:119)
	at com.google.javascript.jscomp.Compiler.parseInputs(Compiler.java:1302)
	at com.google.javascript.jscomp.Compiler.parse(Compiler.java:696)
	at com.google.javascript.jscomp.Compiler.compileInternal(Compiler.java:650)
	at com.google.javascript.jscomp.Compiler.access$000(Compiler.java:71)
	at com.google.javascript.jscomp.Compiler$1.call(Compiler.java:572)
	at com.google.javascript.jscomp.Compiler$1.call(Compiler.java:569)
	at com.google.javascript.jscomp.Compiler$2.run(Compiler.java:614)
	at java.lang.Thread.run(Thread.java:748)
Caused by: java.lang.IllegalStateException
	... 23 more


failure assertion code:
test(options,


There is a bug in the above code, please help me locate it by considering the stack trace information and failure assertion code.

Please output **only one integer**: the line number of the buggy code (The code starts from line 1). Do not provide any explanations or additional content.

================== prompt_fl_4 ==================

source code:
private void traverseFunction(Node n, Node parent) {
    Preconditions.checkState(n.getChildCount() == 3);
    Preconditions.checkState(n.isFunction());

    final Node fnName = n.getFirstChild();

    boolean isFunctionExpression = (parent != null)
        && NodeUtil.isFunctionExpression(n);

    if (!isFunctionExpression) {
      // Functions declarations are in the scope containing the declaration.
      traverseBranch(fnName, n);
    }

    curNode = n;
    pushScope(n);

    if (isFunctionExpression) {
      // Function expression names are only accessible within the function
      // scope.
      traverseBranch(fnName, n);
    }

    final Node args = fnName.getNext();
    final Node body = args.getNext();

    // Args
    traverseBranch(args, n);

    // Body
    Preconditions.checkState(body.getNext() == null &&
            body.isBlock());
    traverseBranch(body, n);

    popScope();
  }

There is a bug in the above code, please help me locate it.

Output **only** the exact buggy statement, with no line numbers, explanations, or additional content. Your response should contain just the buggy code line. Do not include ```java or ``` markers in the response.

================== prompt_fl_5 ==================

source code:
private void traverseFunction(Node n, Node parent) {
    Preconditions.checkState(n.getChildCount() == 3);
    Preconditions.checkState(n.isFunction());

    final Node fnName = n.getFirstChild();

    boolean isFunctionExpression = (parent != null)
        && NodeUtil.isFunctionExpression(n);

    if (!isFunctionExpression) {
      // Functions declarations are in the scope containing the declaration.
      traverseBranch(fnName, n);
    }

    curNode = n;
    pushScope(n);

    if (isFunctionExpression) {
      // Function expression names are only accessible within the function
      // scope.
      traverseBranch(fnName, n);
    }

    final Node args = fnName.getNext();
    final Node body = args.getNext();

    // Args
    traverseBranch(args, n);

    // Body
    Preconditions.checkState(body.getNext() == null &&
            body.isBlock());
    traverseBranch(body, n);

    popScope();
  }

stack trace:
com.google.javascript.jscomp.IntegrationTest::testIncompleteFunction
java.lang.RuntimeException: java.lang.RuntimeException: INTERNAL COMPILER ERROR.
Please report this problem.
null
	at com.google.javascript.jscomp.Compiler.runCallable(Compiler.java:642)
	at com.google.javascript.jscomp.Compiler.runInCompilerThread(Compiler.java:587)
	at com.google.javascript.jscomp.Compiler.compile(Compiler.java:569)
	at com.google.javascript.jscomp.Compiler.compileModules(Compiler.java:560)
	at com.google.javascript.jscomp.Compiler.compile(Compiler.java:542)
	at com.google.javascript.jscomp.IntegrationTest.compile(IntegrationTest.java:2080)
	at com.google.javascript.jscomp.IntegrationTest.test(IntegrationTest.java:2041)
	at com.google.javascript.jscomp.IntegrationTest.testIncompleteFunction(IntegrationTest.java:1945)
	at sun.reflect.NativeMethodAccessorImpl.invoke0(Native Method)
	at sun.reflect.NativeMethodAccessorImpl.invoke(NativeMethodAccessorImpl.java:62)
	at sun.reflect.DelegatingMethodAccessorImpl.invoke(DelegatingMethodAccessorImpl.java:43)
	at java.lang.reflect.Method.invoke(Method.java:498)
	at junit.framework.TestCase.runTest(TestCase.java:176)
	at junit.framework.TestCase.runBare(TestCase.java:141)
	at junit.framework.TestResult$1.protect(TestResult.java:122)
	at junit.framework.TestResult.runProtected(TestResult.java:142)
	at junit.framework.TestResult.run(TestResult.java:125)
	at junit.framework.TestCase.run(TestCase.java:129)
	at junit.framework.TestSuite.runTest(TestSuite.java:255)
	at junit.framework.TestSuite.run(TestSuite.java:250)
	at org.apache.tools.ant.taskdefs.optional.junit.JUnitTestRunner.run(JUnitTestRunner.java:520)
	at org.apache.tools.ant.taskdefs.optional.junit.JUnitTask.executeInVM(JUnitTask.java:1484)
	at org.apache.tools.ant.taskdefs.optional.junit.JUnitTask.execute(JUnitTask.java:872)
	at org.apache.tools.ant.taskdefs.optional.junit.JUnitTask.executeOrQueue(JUnitTask.java:1972)
	at org.apache.tools.ant.taskdefs.optional.junit.JUnitTask.execute1(JUnitTask.java:824)
	at org.apache.tools.ant.taskdefs.optional.junit.JUnitTask.execute(JUnitTask.java:2277)
	at org.apache.tools.ant.UnknownElement.execute(UnknownElement.java:291)
	at sun.reflect.GeneratedMethodAccessor4.invoke(Unknown Source)
	at sun.reflect.DelegatingMethodAccessorImpl.invoke(DelegatingMethodAccessorImpl.java:43)
	at java.lang.reflect.Method.invoke(Method.java:498)
	at org.apache.tools.ant.dispatch.DispatchUtils.execute(DispatchUtils.java:106)
	at org.apache.tools.ant.Task.perform(Task.java:348)
	at org.apache.tools.ant.Target.execute(Target.java:392)
	at org.apache.tools.ant.Target.performTasks(Target.java:413)
	at org.apache.tools.ant.Project.executeSortedTargets(Project.java:1399)
	at org.apache.tools.ant.Project.executeTarget(Project.java:1368)
	at org.apache.tools.ant.helper.DefaultExecutor.executeTargets(DefaultExecutor.java:41)
	at org.apache.tools.ant.Project.executeTargets(Project.java:1251)
	at org.apache.tools.ant.Main.runBuild(Main.java:811)
	at org.apache.tools.ant.Main.startAnt(Main.java:217)
	at org.apache.tools.ant.launch.Launcher.run(Launcher.java:280)
	at org.apache.tools.ant.launch.Launcher.main(Launcher.java:109)
Caused by: java.lang.RuntimeException: INTERNAL COMPILER ERROR.
Please report this problem.
null
	at com.google.common.base.Preconditions.checkState(Preconditions.java:129)
	at com.google.javascript.jscomp.NodeTraversal.traverseFunction(NodeTraversal.java:540)
	at com.google.javascript.jscomp.NodeTraversal.traverseBranch(NodeTraversal.java:489)
	at com.google.javascript.jscomp.NodeTraversal.traverseBranch(NodeTraversal.java:497)
	at com.google.javascript.jscomp.NodeTraversal.traverseBranch(NodeTraversal.java:497)
	at com.google.javascript.jscomp.NodeTraversal.traverseBranch(NodeTraversal.java:497)
	at com.google.javascript.jscomp.NodeTraversal.traverseBranch(NodeTraversal.java:497)
	at com.google.javascript.jscomp.NodeTraversal.traverseBranch(NodeTraversal.java:497)
	at com.google.javascript.jscomp.NodeTraversal.traverse(NodeTraversal.java:277)
	at com.google.javascript.jscomp.NodeTraversal.traverse(NodeTraversal.java:455)
	at com.google.javascript.jscomp.PrepareAst.process(PrepareAst.java:70)
	at com.google.javascript.jscomp.Compiler.prepareAst(Compiler.java:1835)
	at com.google.javascript.jscomp.JsAst.parse(JsAst.java:99)
	at com.google.javascript.jscomp.JsAst.getAstRoot(JsAst.java:52)
	at com.google.javascript.jscomp.CompilerInput.getAstRoot(CompilerInput.java:119)
	at com.google.javascript.jscomp.Compiler.parseInputs(Compiler.java:1302)
	at com.google.javascript.jscomp.Compiler.parse(Compiler.java:696)
	at com.google.javascript.jscomp.Compiler.compileInternal(Compiler.java:650)
	at com.google.javascript.jscomp.Compiler.access$000(Compiler.java:71)
	at com.google.javascript.jscomp.Compiler$1.call(Compiler.java:572)
	at com.google.javascript.jscomp.Compiler$1.call(Compiler.java:569)
	at com.google.javascript.jscomp.Compiler$2.run(Compiler.java:614)
	at java.lang.Thread.run(Thread.java:748)
Caused by: java.lang.IllegalStateException
	... 23 more


There is a bug in the above code, please help me locate it by considering the stack trace.

Output **only** the exact buggy statement, with no line numbers, explanations, or additional content. Your response should contain just the buggy code line. Do not include ```java or ``` markers in the response.

================== prompt_fl_6 ==================

source code:
private void traverseFunction(Node n, Node parent) {
    Preconditions.checkState(n.getChildCount() == 3);
    Preconditions.checkState(n.isFunction());

    final Node fnName = n.getFirstChild();

    boolean isFunctionExpression = (parent != null)
        && NodeUtil.isFunctionExpression(n);

    if (!isFunctionExpression) {
      // Functions declarations are in the scope containing the declaration.
      traverseBranch(fnName, n);
    }

    curNode = n;
    pushScope(n);

    if (isFunctionExpression) {
      // Function expression names are only accessible within the function
      // scope.
      traverseBranch(fnName, n);
    }

    final Node args = fnName.getNext();
    final Node body = args.getNext();

    // Args
    traverseBranch(args, n);

    // Body
    Preconditions.checkState(body.getNext() == null &&
            body.isBlock());
    traverseBranch(body, n);

    popScope();
  }

stack trace:
com.google.javascript.jscomp.IntegrationTest::testIncompleteFunction
java.lang.RuntimeException: java.lang.RuntimeException: INTERNAL COMPILER ERROR.
Please report this problem.
null
	at com.google.javascript.jscomp.Compiler.runCallable(Compiler.java:642)
	at com.google.javascript.jscomp.Compiler.runInCompilerThread(Compiler.java:587)
	at com.google.javascript.jscomp.Compiler.compile(Compiler.java:569)
	at com.google.javascript.jscomp.Compiler.compileModules(Compiler.java:560)
	at com.google.javascript.jscomp.Compiler.compile(Compiler.java:542)
	at com.google.javascript.jscomp.IntegrationTest.compile(IntegrationTest.java:2080)
	at com.google.javascript.jscomp.IntegrationTest.test(IntegrationTest.java:2041)
	at com.google.javascript.jscomp.IntegrationTest.testIncompleteFunction(IntegrationTest.java:1945)
	at sun.reflect.NativeMethodAccessorImpl.invoke0(Native Method)
	at sun.reflect.NativeMethodAccessorImpl.invoke(NativeMethodAccessorImpl.java:62)
	at sun.reflect.DelegatingMethodAccessorImpl.invoke(DelegatingMethodAccessorImpl.java:43)
	at java.lang.reflect.Method.invoke(Method.java:498)
	at junit.framework.TestCase.runTest(TestCase.java:176)
	at junit.framework.TestCase.runBare(TestCase.java:141)
	at junit.framework.TestResult$1.protect(TestResult.java:122)
	at junit.framework.TestResult.runProtected(TestResult.java:142)
	at junit.framework.TestResult.run(TestResult.java:125)
	at junit.framework.TestCase.run(TestCase.java:129)
	at junit.framework.TestSuite.runTest(TestSuite.java:255)
	at junit.framework.TestSuite.run(TestSuite.java:250)
	at org.apache.tools.ant.taskdefs.optional.junit.JUnitTestRunner.run(JUnitTestRunner.java:520)
	at org.apache.tools.ant.taskdefs.optional.junit.JUnitTask.executeInVM(JUnitTask.java:1484)
	at org.apache.tools.ant.taskdefs.optional.junit.JUnitTask.execute(JUnitTask.java:872)
	at org.apache.tools.ant.taskdefs.optional.junit.JUnitTask.executeOrQueue(JUnitTask.java:1972)
	at org.apache.tools.ant.taskdefs.optional.junit.JUnitTask.execute1(JUnitTask.java:824)
	at org.apache.tools.ant.taskdefs.optional.junit.JUnitTask.execute(JUnitTask.java:2277)
	at org.apache.tools.ant.UnknownElement.execute(UnknownElement.java:291)
	at sun.reflect.GeneratedMethodAccessor4.invoke(Unknown Source)
	at sun.reflect.DelegatingMethodAccessorImpl.invoke(DelegatingMethodAccessorImpl.java:43)
	at java.lang.reflect.Method.invoke(Method.java:498)
	at org.apache.tools.ant.dispatch.DispatchUtils.execute(DispatchUtils.java:106)
	at org.apache.tools.ant.Task.perform(Task.java:348)
	at org.apache.tools.ant.Target.execute(Target.java:392)
	at org.apache.tools.ant.Target.performTasks(Target.java:413)
	at org.apache.tools.ant.Project.executeSortedTargets(Project.java:1399)
	at org.apache.tools.ant.Project.executeTarget(Project.java:1368)
	at org.apache.tools.ant.helper.DefaultExecutor.executeTargets(DefaultExecutor.java:41)
	at org.apache.tools.ant.Project.executeTargets(Project.java:1251)
	at org.apache.tools.ant.Main.runBuild(Main.java:811)
	at org.apache.tools.ant.Main.startAnt(Main.java:217)
	at org.apache.tools.ant.launch.Launcher.run(Launcher.java:280)
	at org.apache.tools.ant.launch.Launcher.main(Launcher.java:109)
Caused by: java.lang.RuntimeException: INTERNAL COMPILER ERROR.
Please report this problem.
null
	at com.google.common.base.Preconditions.checkState(Preconditions.java:129)
	at com.google.javascript.jscomp.NodeTraversal.traverseFunction(NodeTraversal.java:540)
	at com.google.javascript.jscomp.NodeTraversal.traverseBranch(NodeTraversal.java:489)
	at com.google.javascript.jscomp.NodeTraversal.traverseBranch(NodeTraversal.java:497)
	at com.google.javascript.jscomp.NodeTraversal.traverseBranch(NodeTraversal.java:497)
	at com.google.javascript.jscomp.NodeTraversal.traverseBranch(NodeTraversal.java:497)
	at com.google.javascript.jscomp.NodeTraversal.traverseBranch(NodeTraversal.java:497)
	at com.google.javascript.jscomp.NodeTraversal.traverseBranch(NodeTraversal.java:497)
	at com.google.javascript.jscomp.NodeTraversal.traverse(NodeTraversal.java:277)
	at com.google.javascript.jscomp.NodeTraversal.traverse(NodeTraversal.java:455)
	at com.google.javascript.jscomp.PrepareAst.process(PrepareAst.java:70)
	at com.google.javascript.jscomp.Compiler.prepareAst(Compiler.java:1835)
	at com.google.javascript.jscomp.JsAst.parse(JsAst.java:99)
	at com.google.javascript.jscomp.JsAst.getAstRoot(JsAst.java:52)
	at com.google.javascript.jscomp.CompilerInput.getAstRoot(CompilerInput.java:119)
	at com.google.javascript.jscomp.Compiler.parseInputs(Compiler.java:1302)
	at com.google.javascript.jscomp.Compiler.parse(Compiler.java:696)
	at com.google.javascript.jscomp.Compiler.compileInternal(Compiler.java:650)
	at com.google.javascript.jscomp.Compiler.access$000(Compiler.java:71)
	at com.google.javascript.jscomp.Compiler$1.call(Compiler.java:572)
	at com.google.javascript.jscomp.Compiler$1.call(Compiler.java:569)
	at com.google.javascript.jscomp.Compiler$2.run(Compiler.java:614)
	at java.lang.Thread.run(Thread.java:748)
Caused by: java.lang.IllegalStateException
	... 23 more


failure assertion code:
test(options,


There is a bug in the above code, please help me locate it by considering the stack trace information and failure assertion code.

Output **only** the exact buggy statement, with no line numbers, explanations, or additional content. Your response should contain just the buggy code line. Do not include ```java or ``` markers in the response.

================== prompt_apr_1 ==================

private void traverseFunction(Node n, Node parent) {
    Preconditions.checkState(n.getChildCount() == 3);
    Preconditions.checkState(n.isFunction());

    final Node fnName = n.getFirstChild();

    boolean isFunctionExpression = (parent != null)
        && NodeUtil.isFunctionExpression(n);

    if (!isFunctionExpression) {
      // Functions declarations are in the scope containing the declaration.
      traverseBranch(fnName, n);
    }

    curNode = n;
    pushScope(n);

    if (isFunctionExpression) {
      // Function expression names are only accessible within the function
      // scope.
      traverseBranch(fnName, n);
    }

    final Node args = fnName.getNext();
    final Node body = args.getNext();

    // Args
    traverseBranch(args, n);

    // Body
    Preconditions.checkState(body.getNext() == null &&
            body.isBlock());
    traverseBranch(body, n);

    popScope();
  }

There is a bug in line [32] of the code, please help me fix it.

Please return the **complete corrected method**. Do not skip or omit any part of the code. Do not include ```java or ``` markers in the response.

================== prompt_apr_2 ==================

private void traverseFunction(Node n, Node parent) {
    Preconditions.checkState(n.getChildCount() == 3);
    Preconditions.checkState(n.isFunction());

    final Node fnName = n.getFirstChild();

    boolean isFunctionExpression = (parent != null)
        && NodeUtil.isFunctionExpression(n);

    if (!isFunctionExpression) {
      // Functions declarations are in the scope containing the declaration.
      traverseBranch(fnName, n);
    }

    curNode = n;
    pushScope(n);

    if (isFunctionExpression) {
      // Function expression names are only accessible within the function
      // scope.
      traverseBranch(fnName, n);
    }

    final Node args = fnName.getNext();
    final Node body = args.getNext();

    // Args
    traverseBranch(args, n);

    // Body
    Preconditions.checkState(body.getNext() == null &&
            body.isBlock());
    traverseBranch(body, n);

    popScope();
  }

There is a bug in ['            body.isBlock());'] , please help me fix it. 

Please return the **complete corrected method**. Do not skip or omit any part of the code. Do not include ```java or ``` markers in the response.

================== prompt_apr_3 ==================

private void traverseFunction(Node n, Node parent) {
    Preconditions.checkState(n.getChildCount() == 3);
    Preconditions.checkState(n.isFunction());

    final Node fnName = n.getFirstChild();

    boolean isFunctionExpression = (parent != null)
        && NodeUtil.isFunctionExpression(n);

    if (!isFunctionExpression) {
      // Functions declarations are in the scope containing the declaration.
      traverseBranch(fnName, n);
    }

    curNode = n;
    pushScope(n);

    if (isFunctionExpression) {
      // Function expression names are only accessible within the function
      // scope.
      traverseBranch(fnName, n);
    }

    final Node args = fnName.getNext();
    final Node body = args.getNext();

    // Args
    traverseBranch(args, n);

    // Body
    Preconditions.checkState(body.getNext() == null &&
            body.isBlock());

There is a bug in the last statement, please help me fix it.

Return the code **only from the method declaration to the fixed statement**, without completing or adding additional code. Do not modify anything beyond fixing the bug, and do not complete the `if` statement or other unfinished parts. Do not include ```java or ``` markers in the response.

================== prompt_apr_4 ==================

private void traverseFunction(Node n, Node parent) {
    Preconditions.checkState(n.getChildCount() == 3);
    Preconditions.checkState(n.isFunction());

    final Node fnName = n.getFirstChild();

    boolean isFunctionExpression = (parent != null)
        && NodeUtil.isFunctionExpression(n);

    if (!isFunctionExpression) {
      // Functions declarations are in the scope containing the declaration.
      traverseBranch(fnName, n);
    }

    curNode = n;
    pushScope(n);

    if (isFunctionExpression) {
      // Function expression names are only accessible within the function
      // scope.
      traverseBranch(fnName, n);
    }

    final Node args = fnName.getNext();
    final Node body = args.getNext();

    // Args
    traverseBranch(args, n);

    // Body
    Preconditions.checkState(body.getNext() == null &&
            body.isBlock());
    traverseBranch(body, n);

    popScope();
  }

There is a bug in line [32] of the code, please help me fix it.

Please return the results in a strict JSON format as described below. Please follow these instructions carefully:
1. Your output must include each repaired line's number (`line_number`) and the corresponding fixed code statement (`fixed_statement`).
2. The output format must be a valid JSON array, where each element represents one repaired line, with the following structure:
   - `"line_number"`: The line number of the buggy code that was repaired (integer).
   - `"fixed_statement"`: The repaired statement for that specific line (string).

3. The result must strictly follow this format:
[
    {
        "line_number": int,
        "fixed_statement": "string"
    },
    {
        "line_number": int,
        "fixed_statement": "string"
    }
]
4. The repaired statement in "fixed_statement" must replace the corresponding line in the buggy code.
5. You must NOT include any additional explanation or description in your response. Only return the JSON array. Do not include ```json or ``` markers in the response.

================== prompt_apr_5 ==================

private void traverseFunction(Node n, Node parent) {
    Preconditions.checkState(n.getChildCount() == 3);
    Preconditions.checkState(n.isFunction());

    final Node fnName = n.getFirstChild();

    boolean isFunctionExpression = (parent != null)
        && NodeUtil.isFunctionExpression(n);

    if (!isFunctionExpression) {
      // Functions declarations are in the scope containing the declaration.
      traverseBranch(fnName, n);
    }

    curNode = n;
    pushScope(n);

    if (isFunctionExpression) {
      // Function expression names are only accessible within the function
      // scope.
      traverseBranch(fnName, n);
    }

    final Node args = fnName.getNext();
    final Node body = args.getNext();

    // Args
    traverseBranch(args, n);

    // Body
    Preconditions.checkState(body.getNext() == null &&
            body.isBlock());
    traverseBranch(body, n);

    popScope();
  }

There is a bug in ['            body.isBlock());'] , please help me fix it. 

Please return the results in a strict JSON format as described below. Please follow these instructions carefully:
1. Your output must include each repaired line's number (`line_number`) and the corresponding fixed code statement (`fixed_statement`).
2. The output format must be a valid JSON array, where each element represents one repaired line, with the following structure:
   - `"line_number"`: The line number of the buggy code that was repaired (integer).
   - `"fixed_statement"`: The repaired statement for that specific line (string).

3. The result must strictly follow this format:
[
    {
        "line_number": int,
        "fixed_statement": "string"
    },
    {
        "line_number": int,
        "fixed_statement": "string"
    }
]
4. The repaired statement in "fixed_statement" must replace the corresponding line in the buggy code.
5. You must NOT include any additional explanation or description in your response. Only return the JSON array. Do not include ```json or ``` markers in the response.

================== prompt_apr_6 ==================

private void traverseFunction(Node n, Node parent) {
    Preconditions.checkState(n.getChildCount() == 3);
    Preconditions.checkState(n.isFunction());

    final Node fnName = n.getFirstChild();

    boolean isFunctionExpression = (parent != null)
        && NodeUtil.isFunctionExpression(n);

    if (!isFunctionExpression) {
      // Functions declarations are in the scope containing the declaration.
      traverseBranch(fnName, n);
    }

    curNode = n;
    pushScope(n);

    if (isFunctionExpression) {
      // Function expression names are only accessible within the function
      // scope.
      traverseBranch(fnName, n);
    }

    final Node args = fnName.getNext();
    final Node body = args.getNext();

    // Args
    traverseBranch(args, n);

    // Body
    Preconditions.checkState(body.getNext() == null &&
            body.isBlock());

There is a bug in the last statement, please help me fix it.

Please return the results in a strict JSON format as described below. Please follow these instructions carefully:
1. Your output must include each repaired line's number (`line_number`) and the corresponding fixed code statement (`fixed_statement`).
2. The output format must be a valid JSON array, where each element represents one repaired line, with the following structure:
   - `"line_number"`: The line number of the buggy code that was repaired (integer).
   - `"fixed_statement"`: The repaired statement for that specific line (string).

3. The result must strictly follow this format:
[
    {
        "line_number": int,
        "fixed_statement": "string"
    },
    {
        "line_number": int,
        "fixed_statement": "string"
    }
]
4. The repaired statement in "fixed_statement" must replace the corresponding line in the buggy code.
5. You must NOT include any additional explanation or description in your response. Only return the JSON array. Do not include ```json or ``` markers in the response.
