
================== prompt_fl_1 ==================

source code:
@Override
    public void visit(NodeTraversal t, Node n, Node parent) {

      // Record global variable and function declarations
      if (t.inGlobalScope()) {
        if (NodeUtil.isVarDeclaration(n)) {
          NameInformation ns = createNameInformation(t, n, parent);
          Preconditions.checkNotNull(ns);
          recordSet(ns.name, n);
        } else if (NodeUtil.isFunctionDeclaration(n)) {
          Node nameNode = n.getFirstChild();
          NameInformation ns = createNameInformation(t, nameNode, n);
          if (ns != null) {
            JsName nameInfo = getName(nameNode.getString(), true);
            recordSet(nameInfo.name, nameNode);
          }
        } else if (NodeUtil.isObjectLitKey(n, parent)) {
          NameInformation ns = createNameInformation(t, n, parent);
          if (ns != null) {
            recordSet(ns.name, n);
          }
        }
      }

      // Record assignments and call sites
      if (n.isAssign()) {
        Node nameNode = n.getFirstChild();

        NameInformation ns = createNameInformation(t, nameNode, n);
        if (ns != null) {
          if (ns.isPrototype) {
            recordPrototypeSet(ns.prototypeClass, ns.prototypeProperty, n);
          } else {
            recordSet(ns.name, nameNode);
          }
        }
      } else if (n.isCall()) {
        Node nameNode = n.getFirstChild();
        NameInformation ns = createNameInformation(t, nameNode, n);
        if (ns != null && ns.onlyAffectsClassDef) {
          JsName name = getName(ns.name, false);
          if (name != null) {
          refNodes.add(new ClassDefiningFunctionNode(
              name, n, parent, parent.getParent()));
          }
        }
      }
    }

There is a bug in the above code, please help me locate it.

Please output **only one integer**: the line number of the buggy code (The code starts from line 1). Do not provide any explanations or additional content.

================== prompt_fl_2 ==================

source code:
@Override
    public void visit(NodeTraversal t, Node n, Node parent) {

      // Record global variable and function declarations
      if (t.inGlobalScope()) {
        if (NodeUtil.isVarDeclaration(n)) {
          NameInformation ns = createNameInformation(t, n, parent);
          Preconditions.checkNotNull(ns);
          recordSet(ns.name, n);
        } else if (NodeUtil.isFunctionDeclaration(n)) {
          Node nameNode = n.getFirstChild();
          NameInformation ns = createNameInformation(t, nameNode, n);
          if (ns != null) {
            JsName nameInfo = getName(nameNode.getString(), true);
            recordSet(nameInfo.name, nameNode);
          }
        } else if (NodeUtil.isObjectLitKey(n, parent)) {
          NameInformation ns = createNameInformation(t, n, parent);
          if (ns != null) {
            recordSet(ns.name, n);
          }
        }
      }

      // Record assignments and call sites
      if (n.isAssign()) {
        Node nameNode = n.getFirstChild();

        NameInformation ns = createNameInformation(t, nameNode, n);
        if (ns != null) {
          if (ns.isPrototype) {
            recordPrototypeSet(ns.prototypeClass, ns.prototypeProperty, n);
          } else {
            recordSet(ns.name, nameNode);
          }
        }
      } else if (n.isCall()) {
        Node nameNode = n.getFirstChild();
        NameInformation ns = createNameInformation(t, nameNode, n);
        if (ns != null && ns.onlyAffectsClassDef) {
          JsName name = getName(ns.name, false);
          if (name != null) {
          refNodes.add(new ClassDefiningFunctionNode(
              name, n, parent, parent.getParent()));
          }
        }
      }
    }

stack trace:
com.google.javascript.jscomp.IntegrationTest::testIssue284
java.lang.RuntimeException: java.lang.RuntimeException: INTERNAL COMPILER ERROR.
Please report this problem.
Unexpected variable goog
  Node(NAME goog): i0:1:252
var goog = {};goog.inherits = function(x, y) {};var ns = {};/** @constructor */ns.PageSelectionModel = function() {};/** @constructor */ns.PageSelectionModel.FooEvent = function() {};/** @constructor */ns.PageSelectionModel.SelectEvent = function() {};goog.inherits(ns.PageSelectionModel.ChangeEvent,    ns.PageSelectionModel.FooEvent);
  Parent(GETPROP): i0:1:252
var goog = {};goog.inherits = function(x, y) {};var ns = {};/** @constructor */ns.PageSelectionModel = function() {};/** @constructor */ns.PageSelectionModel.FooEvent = function() {};/** @constructor */ns.PageSelectionModel.SelectEvent = function() {};goog.inherits(ns.PageSelectionModel.ChangeEvent,    ns.PageSelectionModel.FooEvent);

	at com.google.javascript.jscomp.Compiler.runCallable(Compiler.java:639)
	at com.google.javascript.jscomp.Compiler.runInCompilerThread(Compiler.java:584)
	at com.google.javascript.jscomp.Compiler.compile(Compiler.java:566)
	at com.google.javascript.jscomp.Compiler.compileModules(Compiler.java:557)
	at com.google.javascript.jscomp.Compiler.compile(Compiler.java:539)
	at com.google.javascript.jscomp.IntegrationTest.compile(IntegrationTest.java:2046)
	at com.google.javascript.jscomp.IntegrationTest.test(IntegrationTest.java:1960)
	at com.google.javascript.jscomp.IntegrationTest.test(IntegrationTest.java:1951)
	at com.google.javascript.jscomp.IntegrationTest.testIssue284(IntegrationTest.java:1769)
	at sun.reflect.NativeMethodAccessorImpl.invoke0(Native Method)
	at sun.reflect.NativeMethodAccessorImpl.invoke(NativeMethodAccessorImpl.java:62)
	at sun.reflect.DelegatingMethodAccessorImpl.invoke(DelegatingMethodAccessorImpl.java:43)
	at java.lang.reflect.Method.invoke(Method.java:498)
	at junit.framework.TestCase.runTest(TestCase.java:176)
	at junit.framework.TestCase.runBare(TestCase.java:141)
	at junit.framework.TestResult$1.protect(TestResult.java:122)
	at junit.framework.TestResult.runProtected(TestResult.java:142)
	at junit.framework.TestResult.run(TestResult.java:125)
	at junit.framework.TestCase.run(TestCase.java:129)
	at junit.framework.TestSuite.runTest(TestSuite.java:255)
	at junit.framework.TestSuite.run(TestSuite.java:250)
	at org.apache.tools.ant.taskdefs.optional.junit.JUnitTestRunner.run(JUnitTestRunner.java:520)
	at org.apache.tools.ant.taskdefs.optional.junit.JUnitTask.executeInVM(JUnitTask.java:1484)
	at org.apache.tools.ant.taskdefs.optional.junit.JUnitTask.execute(JUnitTask.java:872)
	at org.apache.tools.ant.taskdefs.optional.junit.JUnitTask.executeOrQueue(JUnitTask.java:1972)
	at org.apache.tools.ant.taskdefs.optional.junit.JUnitTask.execute1(JUnitTask.java:824)
	at org.apache.tools.ant.taskdefs.optional.junit.JUnitTask.execute(JUnitTask.java:2277)
	at org.apache.tools.ant.UnknownElement.execute(UnknownElement.java:291)
	at sun.reflect.GeneratedMethodAccessor4.invoke(Unknown Source)
	at sun.reflect.DelegatingMethodAccessorImpl.invoke(DelegatingMethodAccessorImpl.java:43)
	at java.lang.reflect.Method.invoke(Method.java:498)
	at org.apache.tools.ant.dispatch.DispatchUtils.execute(DispatchUtils.java:106)
	at org.apache.tools.ant.Task.perform(Task.java:348)
	at org.apache.tools.ant.Target.execute(Target.java:392)
	at org.apache.tools.ant.Target.performTasks(Target.java:413)
	at org.apache.tools.ant.Project.executeSortedTargets(Project.java:1399)
	at org.apache.tools.ant.Project.executeTarget(Project.java:1368)
	at org.apache.tools.ant.helper.DefaultExecutor.executeTargets(DefaultExecutor.java:41)
	at org.apache.tools.ant.Project.executeTargets(Project.java:1251)
	at org.apache.tools.ant.Main.runBuild(Main.java:811)
	at org.apache.tools.ant.Main.startAnt(Main.java:217)
	at org.apache.tools.ant.launch.Launcher.run(Launcher.java:280)
	at org.apache.tools.ant.launch.Launcher.main(Launcher.java:109)
Caused by: java.lang.RuntimeException: INTERNAL COMPILER ERROR.
Please report this problem.
Unexpected variable goog
  Node(NAME goog): i0:1:252
var goog = {};goog.inherits = function(x, y) {};var ns = {};/** @constructor */ns.PageSelectionModel = function() {};/** @constructor */ns.PageSelectionModel.FooEvent = function() {};/** @constructor */ns.PageSelectionModel.SelectEvent = function() {};goog.inherits(ns.PageSelectionModel.ChangeEvent,    ns.PageSelectionModel.FooEvent);
  Parent(GETPROP): i0:1:252
var goog = {};goog.inherits = function(x, y) {};var ns = {};/** @constructor */ns.PageSelectionModel = function() {};/** @constructor */ns.PageSelectionModel.FooEvent = function() {};/** @constructor */ns.PageSelectionModel.SelectEvent = function() {};goog.inherits(ns.PageSelectionModel.ChangeEvent,    ns.PageSelectionModel.FooEvent);

	at com.google.javascript.jscomp.VarCheck.visit(VarCheck.java:159)
	at com.google.javascript.jscomp.NodeTraversal.traverseBranch(NodeTraversal.java:504)
	at com.google.javascript.jscomp.NodeTraversal.traverseBranch(NodeTraversal.java:497)
	at com.google.javascript.jscomp.NodeTraversal.traverseBranch(NodeTraversal.java:497)
	at com.google.javascript.jscomp.NodeTraversal.traverseBranch(NodeTraversal.java:497)
	at com.google.javascript.jscomp.NodeTraversal.traverseBranch(NodeTraversal.java:497)
	at com.google.javascript.jscomp.NodeTraversal.traverseBranch(NodeTraversal.java:497)
	at com.google.javascript.jscomp.NodeTraversal.traverseRoots(NodeTraversal.java:304)
	at com.google.javascript.jscomp.NodeTraversal.traverseRoots(NodeTraversal.java:464)
	at com.google.javascript.jscomp.VarCheck.process(VarCheck.java:102)
	at com.google.javascript.jscomp.PhaseOptimizer$PassFactoryDelegate.processInternal(PhaseOptimizer.java:273)
	at com.google.javascript.jscomp.PhaseOptimizer$NamedPass.process(PhaseOptimizer.java:250)
	at com.google.javascript.jscomp.PhaseOptimizer.process(PhaseOptimizer.java:168)
	at com.google.javascript.jscomp.Compiler.optimize(Compiler.java:1761)
	at com.google.javascript.jscomp.Compiler.compileInternal(Compiler.java:674)
	at com.google.javascript.jscomp.Compiler.access$000(Compiler.java:70)
	at com.google.javascript.jscomp.Compiler$1.call(Compiler.java:569)
	at com.google.javascript.jscomp.Compiler$1.call(Compiler.java:566)
	at com.google.javascript.jscomp.Compiler$2.run(Compiler.java:611)
	at java.lang.Thread.run(Thread.java:748)
Caused by: java.lang.IllegalStateException: Unexpected variable goog
	... 20 more
com.google.javascript.jscomp.NameAnalyzerTest::testIssue284
junit.framework.AssertionFailedError:
Expected:
Result: goog.inherits(ns.PageSelectionModel.ChangeEvent,ns.PageSelectionModel.FooEvent)
Node tree inequality:
Tree1:
BLOCK [synthetic: 1]
    SCRIPT 1 [synthetic: 1] [source_file: expected0] [input_id: InputId: expected0]


Tree2:
BLOCK [synthetic: 1]
    SCRIPT 1 [synthetic: 1] [source_file: testcode] [input_id: InputId: testcode]
        EXPR_RESULT 1 [source_file: testcode]
            CALL 1 [source_file: testcode]
                GETPROP 1 [source_file: testcode]
                    NAME goog 1 [source_file: testcode]
                    STRING inherits 1 [source_file: testcode]
                GETPROP 1 [source_file: testcode]
                    GETPROP 1 [source_file: testcode]
                        NAME ns 1 [source_file: testcode]
                        STRING PageSelectionModel 1 [source_file: testcode]
                    STRING ChangeEvent 1 [source_file: testcode]
                GETPROP 1 [source_file: testcode]
                    GETPROP 1 [source_file: testcode]
                        NAME ns 1 [source_file: testcode]
                        STRING PageSelectionModel 1 [source_file: testcode]
                    STRING FooEvent 1 [source_file: testcode]


Subtree1: SCRIPT 1 [synthetic: 1] [source_file: expected0] [input_id: InputId: expected0]


Subtree2: SCRIPT 1 [synthetic: 1] [source_file: testcode] [input_id: InputId: testcode]
    EXPR_RESULT 1 [source_file: testcode]
        CALL 1 [source_file: testcode]
            GETPROP 1 [source_file: testcode]
                NAME goog 1 [source_file: testcode]
                STRING inherits 1 [source_file: testcode]
            GETPROP 1 [source_file: testcode]
                GETPROP 1 [source_file: testcode]
                    NAME ns 1 [source_file: testcode]
                    STRING PageSelectionModel 1 [source_file: testcode]
                STRING ChangeEvent 1 [source_file: testcode]
            GETPROP 1 [source_file: testcode]
                GETPROP 1 [source_file: testcode]
                    NAME ns 1 [source_file: testcode]
                    STRING PageSelectionModel 1 [source_file: testcode]
                STRING FooEvent 1 [source_file: testcode]

	at junit.framework.Assert.fail(Assert.java:57)
	at junit.framework.Assert.assertTrue(Assert.java:22)
	at junit.framework.Assert.assertNull(Assert.java:277)
	at junit.framework.TestCase.assertNull(TestCase.java:447)
	at com.google.javascript.jscomp.CompilerTestCase.test(CompilerTestCase.java:872)
	at com.google.javascript.jscomp.CompilerTestCase.test(CompilerTestCase.java:433)
	at com.google.javascript.jscomp.CompilerTestCase.test(CompilerTestCase.java:358)
	at com.google.javascript.jscomp.CompilerTestCase.test(CompilerTestCase.java:327)
	at com.google.javascript.jscomp.CompilerTestCase.test(CompilerTestCase.java:315)
	at com.google.javascript.jscomp.NameAnalyzerTest.testIssue284(NameAnalyzerTest.java:1644)
	at sun.reflect.NativeMethodAccessorImpl.invoke0(Native Method)
	at sun.reflect.NativeMethodAccessorImpl.invoke(NativeMethodAccessorImpl.java:62)
	at sun.reflect.DelegatingMethodAccessorImpl.invoke(DelegatingMethodAccessorImpl.java:43)
	at java.lang.reflect.Method.invoke(Method.java:498)
	at junit.framework.TestCase.runTest(TestCase.java:176)
	at junit.framework.TestCase.runBare(TestCase.java:141)
	at junit.framework.TestResult$1.protect(TestResult.java:122)
	at junit.framework.TestResult.runProtected(TestResult.java:142)
	at junit.framework.TestResult.run(TestResult.java:125)
	at junit.framework.TestCase.run(TestCase.java:129)
	at junit.framework.TestSuite.runTest(TestSuite.java:255)
	at junit.framework.TestSuite.run(TestSuite.java:250)
	at org.apache.tools.ant.taskdefs.optional.junit.JUnitTestRunner.run(JUnitTestRunner.java:520)
	at org.apache.tools.ant.taskdefs.optional.junit.JUnitTask.executeInVM(JUnitTask.java:1484)
	at org.apache.tools.ant.taskdefs.optional.junit.JUnitTask.execute(JUnitTask.java:872)
	at org.apache.tools.ant.taskdefs.optional.junit.JUnitTask.executeOrQueue(JUnitTask.java:1972)
	at org.apache.tools.ant.taskdefs.optional.junit.JUnitTask.execute1(JUnitTask.java:824)
	at org.apache.tools.ant.taskdefs.optional.junit.JUnitTask.execute(JUnitTask.java:2277)
	at org.apache.tools.ant.UnknownElement.execute(UnknownElement.java:291)
	at sun.reflect.GeneratedMethodAccessor4.invoke(Unknown Source)
	at sun.reflect.DelegatingMethodAccessorImpl.invoke(DelegatingMethodAccessorImpl.java:43)
	at java.lang.reflect.Method.invoke(Method.java:498)
	at org.apache.tools.ant.dispatch.DispatchUtils.execute(DispatchUtils.java:106)
	at org.apache.tools.ant.Task.perform(Task.java:348)
	at org.apache.tools.ant.Target.execute(Target.java:392)
	at org.apache.tools.ant.Target.performTasks(Target.java:413)
	at org.apache.tools.ant.Project.executeSortedTargets(Project.java:1399)
	at org.apache.tools.ant.Project.executeTarget(Project.java:1368)
	at org.apache.tools.ant.helper.DefaultExecutor.executeTargets(DefaultExecutor.java:41)
	at org.apache.tools.ant.Project.executeTargets(Project.java:1251)
	at org.apache.tools.ant.Main.runBuild(Main.java:811)
	at org.apache.tools.ant.Main.startAnt(Main.java:217)
	at org.apache.tools.ant.launch.Launcher.run(Launcher.java:280)
	at org.apache.tools.ant.launch.Launcher.main(Launcher.java:109)


There is a bug in the above code, please help me locate it by considering the stack trace.

Please output **only one integer**: the line number of the buggy code (The code starts from line 1). Do not provide any explanations or additional content.

================== prompt_fl_3 ==================

source code:
@Override
    public void visit(NodeTraversal t, Node n, Node parent) {

      // Record global variable and function declarations
      if (t.inGlobalScope()) {
        if (NodeUtil.isVarDeclaration(n)) {
          NameInformation ns = createNameInformation(t, n, parent);
          Preconditions.checkNotNull(ns);
          recordSet(ns.name, n);
        } else if (NodeUtil.isFunctionDeclaration(n)) {
          Node nameNode = n.getFirstChild();
          NameInformation ns = createNameInformation(t, nameNode, n);
          if (ns != null) {
            JsName nameInfo = getName(nameNode.getString(), true);
            recordSet(nameInfo.name, nameNode);
          }
        } else if (NodeUtil.isObjectLitKey(n, parent)) {
          NameInformation ns = createNameInformation(t, n, parent);
          if (ns != null) {
            recordSet(ns.name, n);
          }
        }
      }

      // Record assignments and call sites
      if (n.isAssign()) {
        Node nameNode = n.getFirstChild();

        NameInformation ns = createNameInformation(t, nameNode, n);
        if (ns != null) {
          if (ns.isPrototype) {
            recordPrototypeSet(ns.prototypeClass, ns.prototypeProperty, n);
          } else {
            recordSet(ns.name, nameNode);
          }
        }
      } else if (n.isCall()) {
        Node nameNode = n.getFirstChild();
        NameInformation ns = createNameInformation(t, nameNode, n);
        if (ns != null && ns.onlyAffectsClassDef) {
          JsName name = getName(ns.name, false);
          if (name != null) {
          refNodes.add(new ClassDefiningFunctionNode(
              name, n, parent, parent.getParent()));
          }
        }
      }
    }

stack trace:
com.google.javascript.jscomp.IntegrationTest::testIssue284
java.lang.RuntimeException: java.lang.RuntimeException: INTERNAL COMPILER ERROR.
Please report this problem.
Unexpected variable goog
  Node(NAME goog): i0:1:252
var goog = {};goog.inherits = function(x, y) {};var ns = {};/** @constructor */ns.PageSelectionModel = function() {};/** @constructor */ns.PageSelectionModel.FooEvent = function() {};/** @constructor */ns.PageSelectionModel.SelectEvent = function() {};goog.inherits(ns.PageSelectionModel.ChangeEvent,    ns.PageSelectionModel.FooEvent);
  Parent(GETPROP): i0:1:252
var goog = {};goog.inherits = function(x, y) {};var ns = {};/** @constructor */ns.PageSelectionModel = function() {};/** @constructor */ns.PageSelectionModel.FooEvent = function() {};/** @constructor */ns.PageSelectionModel.SelectEvent = function() {};goog.inherits(ns.PageSelectionModel.ChangeEvent,    ns.PageSelectionModel.FooEvent);

	at com.google.javascript.jscomp.Compiler.runCallable(Compiler.java:639)
	at com.google.javascript.jscomp.Compiler.runInCompilerThread(Compiler.java:584)
	at com.google.javascript.jscomp.Compiler.compile(Compiler.java:566)
	at com.google.javascript.jscomp.Compiler.compileModules(Compiler.java:557)
	at com.google.javascript.jscomp.Compiler.compile(Compiler.java:539)
	at com.google.javascript.jscomp.IntegrationTest.compile(IntegrationTest.java:2046)
	at com.google.javascript.jscomp.IntegrationTest.test(IntegrationTest.java:1960)
	at com.google.javascript.jscomp.IntegrationTest.test(IntegrationTest.java:1951)
	at com.google.javascript.jscomp.IntegrationTest.testIssue284(IntegrationTest.java:1769)
	at sun.reflect.NativeMethodAccessorImpl.invoke0(Native Method)
	at sun.reflect.NativeMethodAccessorImpl.invoke(NativeMethodAccessorImpl.java:62)
	at sun.reflect.DelegatingMethodAccessorImpl.invoke(DelegatingMethodAccessorImpl.java:43)
	at java.lang.reflect.Method.invoke(Method.java:498)
	at junit.framework.TestCase.runTest(TestCase.java:176)
	at junit.framework.TestCase.runBare(TestCase.java:141)
	at junit.framework.TestResult$1.protect(TestResult.java:122)
	at junit.framework.TestResult.runProtected(TestResult.java:142)
	at junit.framework.TestResult.run(TestResult.java:125)
	at junit.framework.TestCase.run(TestCase.java:129)
	at junit.framework.TestSuite.runTest(TestSuite.java:255)
	at junit.framework.TestSuite.run(TestSuite.java:250)
	at org.apache.tools.ant.taskdefs.optional.junit.JUnitTestRunner.run(JUnitTestRunner.java:520)
	at org.apache.tools.ant.taskdefs.optional.junit.JUnitTask.executeInVM(JUnitTask.java:1484)
	at org.apache.tools.ant.taskdefs.optional.junit.JUnitTask.execute(JUnitTask.java:872)
	at org.apache.tools.ant.taskdefs.optional.junit.JUnitTask.executeOrQueue(JUnitTask.java:1972)
	at org.apache.tools.ant.taskdefs.optional.junit.JUnitTask.execute1(JUnitTask.java:824)
	at org.apache.tools.ant.taskdefs.optional.junit.JUnitTask.execute(JUnitTask.java:2277)
	at org.apache.tools.ant.UnknownElement.execute(UnknownElement.java:291)
	at sun.reflect.GeneratedMethodAccessor4.invoke(Unknown Source)
	at sun.reflect.DelegatingMethodAccessorImpl.invoke(DelegatingMethodAccessorImpl.java:43)
	at java.lang.reflect.Method.invoke(Method.java:498)
	at org.apache.tools.ant.dispatch.DispatchUtils.execute(DispatchUtils.java:106)
	at org.apache.tools.ant.Task.perform(Task.java:348)
	at org.apache.tools.ant.Target.execute(Target.java:392)
	at org.apache.tools.ant.Target.performTasks(Target.java:413)
	at org.apache.tools.ant.Project.executeSortedTargets(Project.java:1399)
	at org.apache.tools.ant.Project.executeTarget(Project.java:1368)
	at org.apache.tools.ant.helper.DefaultExecutor.executeTargets(DefaultExecutor.java:41)
	at org.apache.tools.ant.Project.executeTargets(Project.java:1251)
	at org.apache.tools.ant.Main.runBuild(Main.java:811)
	at org.apache.tools.ant.Main.startAnt(Main.java:217)
	at org.apache.tools.ant.launch.Launcher.run(Launcher.java:280)
	at org.apache.tools.ant.launch.Launcher.main(Launcher.java:109)
Caused by: java.lang.RuntimeException: INTERNAL COMPILER ERROR.
Please report this problem.
Unexpected variable goog
  Node(NAME goog): i0:1:252
var goog = {};goog.inherits = function(x, y) {};var ns = {};/** @constructor */ns.PageSelectionModel = function() {};/** @constructor */ns.PageSelectionModel.FooEvent = function() {};/** @constructor */ns.PageSelectionModel.SelectEvent = function() {};goog.inherits(ns.PageSelectionModel.ChangeEvent,    ns.PageSelectionModel.FooEvent);
  Parent(GETPROP): i0:1:252
var goog = {};goog.inherits = function(x, y) {};var ns = {};/** @constructor */ns.PageSelectionModel = function() {};/** @constructor */ns.PageSelectionModel.FooEvent = function() {};/** @constructor */ns.PageSelectionModel.SelectEvent = function() {};goog.inherits(ns.PageSelectionModel.ChangeEvent,    ns.PageSelectionModel.FooEvent);

	at com.google.javascript.jscomp.VarCheck.visit(VarCheck.java:159)
	at com.google.javascript.jscomp.NodeTraversal.traverseBranch(NodeTraversal.java:504)
	at com.google.javascript.jscomp.NodeTraversal.traverseBranch(NodeTraversal.java:497)
	at com.google.javascript.jscomp.NodeTraversal.traverseBranch(NodeTraversal.java:497)
	at com.google.javascript.jscomp.NodeTraversal.traverseBranch(NodeTraversal.java:497)
	at com.google.javascript.jscomp.NodeTraversal.traverseBranch(NodeTraversal.java:497)
	at com.google.javascript.jscomp.NodeTraversal.traverseBranch(NodeTraversal.java:497)
	at com.google.javascript.jscomp.NodeTraversal.traverseRoots(NodeTraversal.java:304)
	at com.google.javascript.jscomp.NodeTraversal.traverseRoots(NodeTraversal.java:464)
	at com.google.javascript.jscomp.VarCheck.process(VarCheck.java:102)
	at com.google.javascript.jscomp.PhaseOptimizer$PassFactoryDelegate.processInternal(PhaseOptimizer.java:273)
	at com.google.javascript.jscomp.PhaseOptimizer$NamedPass.process(PhaseOptimizer.java:250)
	at com.google.javascript.jscomp.PhaseOptimizer.process(PhaseOptimizer.java:168)
	at com.google.javascript.jscomp.Compiler.optimize(Compiler.java:1761)
	at com.google.javascript.jscomp.Compiler.compileInternal(Compiler.java:674)
	at com.google.javascript.jscomp.Compiler.access$000(Compiler.java:70)
	at com.google.javascript.jscomp.Compiler$1.call(Compiler.java:569)
	at com.google.javascript.jscomp.Compiler$1.call(Compiler.java:566)
	at com.google.javascript.jscomp.Compiler$2.run(Compiler.java:611)
	at java.lang.Thread.run(Thread.java:748)
Caused by: java.lang.IllegalStateException: Unexpected variable goog
	... 20 more
com.google.javascript.jscomp.NameAnalyzerTest::testIssue284
junit.framework.AssertionFailedError:
Expected:
Result: goog.inherits(ns.PageSelectionModel.ChangeEvent,ns.PageSelectionModel.FooEvent)
Node tree inequality:
Tree1:
BLOCK [synthetic: 1]
    SCRIPT 1 [synthetic: 1] [source_file: expected0] [input_id: InputId: expected0]


Tree2:
BLOCK [synthetic: 1]
    SCRIPT 1 [synthetic: 1] [source_file: testcode] [input_id: InputId: testcode]
        EXPR_RESULT 1 [source_file: testcode]
            CALL 1 [source_file: testcode]
                GETPROP 1 [source_file: testcode]
                    NAME goog 1 [source_file: testcode]
                    STRING inherits 1 [source_file: testcode]
                GETPROP 1 [source_file: testcode]
                    GETPROP 1 [source_file: testcode]
                        NAME ns 1 [source_file: testcode]
                        STRING PageSelectionModel 1 [source_file: testcode]
                    STRING ChangeEvent 1 [source_file: testcode]
                GETPROP 1 [source_file: testcode]
                    GETPROP 1 [source_file: testcode]
                        NAME ns 1 [source_file: testcode]
                        STRING PageSelectionModel 1 [source_file: testcode]
                    STRING FooEvent 1 [source_file: testcode]


Subtree1: SCRIPT 1 [synthetic: 1] [source_file: expected0] [input_id: InputId: expected0]


Subtree2: SCRIPT 1 [synthetic: 1] [source_file: testcode] [input_id: InputId: testcode]
    EXPR_RESULT 1 [source_file: testcode]
        CALL 1 [source_file: testcode]
            GETPROP 1 [source_file: testcode]
                NAME goog 1 [source_file: testcode]
                STRING inherits 1 [source_file: testcode]
            GETPROP 1 [source_file: testcode]
                GETPROP 1 [source_file: testcode]
                    NAME ns 1 [source_file: testcode]
                    STRING PageSelectionModel 1 [source_file: testcode]
                STRING ChangeEvent 1 [source_file: testcode]
            GETPROP 1 [source_file: testcode]
                GETPROP 1 [source_file: testcode]
                    NAME ns 1 [source_file: testcode]
                    STRING PageSelectionModel 1 [source_file: testcode]
                STRING FooEvent 1 [source_file: testcode]

	at junit.framework.Assert.fail(Assert.java:57)
	at junit.framework.Assert.assertTrue(Assert.java:22)
	at junit.framework.Assert.assertNull(Assert.java:277)
	at junit.framework.TestCase.assertNull(TestCase.java:447)
	at com.google.javascript.jscomp.CompilerTestCase.test(CompilerTestCase.java:872)
	at com.google.javascript.jscomp.CompilerTestCase.test(CompilerTestCase.java:433)
	at com.google.javascript.jscomp.CompilerTestCase.test(CompilerTestCase.java:358)
	at com.google.javascript.jscomp.CompilerTestCase.test(CompilerTestCase.java:327)
	at com.google.javascript.jscomp.CompilerTestCase.test(CompilerTestCase.java:315)
	at com.google.javascript.jscomp.NameAnalyzerTest.testIssue284(NameAnalyzerTest.java:1644)
	at sun.reflect.NativeMethodAccessorImpl.invoke0(Native Method)
	at sun.reflect.NativeMethodAccessorImpl.invoke(NativeMethodAccessorImpl.java:62)
	at sun.reflect.DelegatingMethodAccessorImpl.invoke(DelegatingMethodAccessorImpl.java:43)
	at java.lang.reflect.Method.invoke(Method.java:498)
	at junit.framework.TestCase.runTest(TestCase.java:176)
	at junit.framework.TestCase.runBare(TestCase.java:141)
	at junit.framework.TestResult$1.protect(TestResult.java:122)
	at junit.framework.TestResult.runProtected(TestResult.java:142)
	at junit.framework.TestResult.run(TestResult.java:125)
	at junit.framework.TestCase.run(TestCase.java:129)
	at junit.framework.TestSuite.runTest(TestSuite.java:255)
	at junit.framework.TestSuite.run(TestSuite.java:250)
	at org.apache.tools.ant.taskdefs.optional.junit.JUnitTestRunner.run(JUnitTestRunner.java:520)
	at org.apache.tools.ant.taskdefs.optional.junit.JUnitTask.executeInVM(JUnitTask.java:1484)
	at org.apache.tools.ant.taskdefs.optional.junit.JUnitTask.execute(JUnitTask.java:872)
	at org.apache.tools.ant.taskdefs.optional.junit.JUnitTask.executeOrQueue(JUnitTask.java:1972)
	at org.apache.tools.ant.taskdefs.optional.junit.JUnitTask.execute1(JUnitTask.java:824)
	at org.apache.tools.ant.taskdefs.optional.junit.JUnitTask.execute(JUnitTask.java:2277)
	at org.apache.tools.ant.UnknownElement.execute(UnknownElement.java:291)
	at sun.reflect.GeneratedMethodAccessor4.invoke(Unknown Source)
	at sun.reflect.DelegatingMethodAccessorImpl.invoke(DelegatingMethodAccessorImpl.java:43)
	at java.lang.reflect.Method.invoke(Method.java:498)
	at org.apache.tools.ant.dispatch.DispatchUtils.execute(DispatchUtils.java:106)
	at org.apache.tools.ant.Task.perform(Task.java:348)
	at org.apache.tools.ant.Target.execute(Target.java:392)
	at org.apache.tools.ant.Target.performTasks(Target.java:413)
	at org.apache.tools.ant.Project.executeSortedTargets(Project.java:1399)
	at org.apache.tools.ant.Project.executeTarget(Project.java:1368)
	at org.apache.tools.ant.helper.DefaultExecutor.executeTargets(DefaultExecutor.java:41)
	at org.apache.tools.ant.Project.executeTargets(Project.java:1251)
	at org.apache.tools.ant.Main.runBuild(Main.java:811)
	at org.apache.tools.ant.Main.startAnt(Main.java:217)
	at org.apache.tools.ant.launch.Launcher.run(Launcher.java:280)
	at org.apache.tools.ant.launch.Launcher.main(Launcher.java:109)


failure assertion code:
test(options,


There is a bug in the above code, please help me locate it by considering the stack trace information and failure assertion code.

Please output **only one integer**: the line number of the buggy code (The code starts from line 1). Do not provide any explanations or additional content.

================== prompt_fl_4 ==================

source code:
@Override
    public void visit(NodeTraversal t, Node n, Node parent) {

      // Record global variable and function declarations
      if (t.inGlobalScope()) {
        if (NodeUtil.isVarDeclaration(n)) {
          NameInformation ns = createNameInformation(t, n, parent);
          Preconditions.checkNotNull(ns);
          recordSet(ns.name, n);
        } else if (NodeUtil.isFunctionDeclaration(n)) {
          Node nameNode = n.getFirstChild();
          NameInformation ns = createNameInformation(t, nameNode, n);
          if (ns != null) {
            JsName nameInfo = getName(nameNode.getString(), true);
            recordSet(nameInfo.name, nameNode);
          }
        } else if (NodeUtil.isObjectLitKey(n, parent)) {
          NameInformation ns = createNameInformation(t, n, parent);
          if (ns != null) {
            recordSet(ns.name, n);
          }
        }
      }

      // Record assignments and call sites
      if (n.isAssign()) {
        Node nameNode = n.getFirstChild();

        NameInformation ns = createNameInformation(t, nameNode, n);
        if (ns != null) {
          if (ns.isPrototype) {
            recordPrototypeSet(ns.prototypeClass, ns.prototypeProperty, n);
          } else {
            recordSet(ns.name, nameNode);
          }
        }
      } else if (n.isCall()) {
        Node nameNode = n.getFirstChild();
        NameInformation ns = createNameInformation(t, nameNode, n);
        if (ns != null && ns.onlyAffectsClassDef) {
          JsName name = getName(ns.name, false);
          if (name != null) {
          refNodes.add(new ClassDefiningFunctionNode(
              name, n, parent, parent.getParent()));
          }
        }
      }
    }

There is a bug in the above code, please help me locate it.

Output **only** the exact buggy statement, with no line numbers, explanations, or additional content. Your response should contain just the buggy code line. Do not include ```java or ``` markers in the response.

================== prompt_fl_5 ==================

source code:
@Override
    public void visit(NodeTraversal t, Node n, Node parent) {

      // Record global variable and function declarations
      if (t.inGlobalScope()) {
        if (NodeUtil.isVarDeclaration(n)) {
          NameInformation ns = createNameInformation(t, n, parent);
          Preconditions.checkNotNull(ns);
          recordSet(ns.name, n);
        } else if (NodeUtil.isFunctionDeclaration(n)) {
          Node nameNode = n.getFirstChild();
          NameInformation ns = createNameInformation(t, nameNode, n);
          if (ns != null) {
            JsName nameInfo = getName(nameNode.getString(), true);
            recordSet(nameInfo.name, nameNode);
          }
        } else if (NodeUtil.isObjectLitKey(n, parent)) {
          NameInformation ns = createNameInformation(t, n, parent);
          if (ns != null) {
            recordSet(ns.name, n);
          }
        }
      }

      // Record assignments and call sites
      if (n.isAssign()) {
        Node nameNode = n.getFirstChild();

        NameInformation ns = createNameInformation(t, nameNode, n);
        if (ns != null) {
          if (ns.isPrototype) {
            recordPrototypeSet(ns.prototypeClass, ns.prototypeProperty, n);
          } else {
            recordSet(ns.name, nameNode);
          }
        }
      } else if (n.isCall()) {
        Node nameNode = n.getFirstChild();
        NameInformation ns = createNameInformation(t, nameNode, n);
        if (ns != null && ns.onlyAffectsClassDef) {
          JsName name = getName(ns.name, false);
          if (name != null) {
          refNodes.add(new ClassDefiningFunctionNode(
              name, n, parent, parent.getParent()));
          }
        }
      }
    }

stack trace:
com.google.javascript.jscomp.IntegrationTest::testIssue284
java.lang.RuntimeException: java.lang.RuntimeException: INTERNAL COMPILER ERROR.
Please report this problem.
Unexpected variable goog
  Node(NAME goog): i0:1:252
var goog = {};goog.inherits = function(x, y) {};var ns = {};/** @constructor */ns.PageSelectionModel = function() {};/** @constructor */ns.PageSelectionModel.FooEvent = function() {};/** @constructor */ns.PageSelectionModel.SelectEvent = function() {};goog.inherits(ns.PageSelectionModel.ChangeEvent,    ns.PageSelectionModel.FooEvent);
  Parent(GETPROP): i0:1:252
var goog = {};goog.inherits = function(x, y) {};var ns = {};/** @constructor */ns.PageSelectionModel = function() {};/** @constructor */ns.PageSelectionModel.FooEvent = function() {};/** @constructor */ns.PageSelectionModel.SelectEvent = function() {};goog.inherits(ns.PageSelectionModel.ChangeEvent,    ns.PageSelectionModel.FooEvent);

	at com.google.javascript.jscomp.Compiler.runCallable(Compiler.java:639)
	at com.google.javascript.jscomp.Compiler.runInCompilerThread(Compiler.java:584)
	at com.google.javascript.jscomp.Compiler.compile(Compiler.java:566)
	at com.google.javascript.jscomp.Compiler.compileModules(Compiler.java:557)
	at com.google.javascript.jscomp.Compiler.compile(Compiler.java:539)
	at com.google.javascript.jscomp.IntegrationTest.compile(IntegrationTest.java:2046)
	at com.google.javascript.jscomp.IntegrationTest.test(IntegrationTest.java:1960)
	at com.google.javascript.jscomp.IntegrationTest.test(IntegrationTest.java:1951)
	at com.google.javascript.jscomp.IntegrationTest.testIssue284(IntegrationTest.java:1769)
	at sun.reflect.NativeMethodAccessorImpl.invoke0(Native Method)
	at sun.reflect.NativeMethodAccessorImpl.invoke(NativeMethodAccessorImpl.java:62)
	at sun.reflect.DelegatingMethodAccessorImpl.invoke(DelegatingMethodAccessorImpl.java:43)
	at java.lang.reflect.Method.invoke(Method.java:498)
	at junit.framework.TestCase.runTest(TestCase.java:176)
	at junit.framework.TestCase.runBare(TestCase.java:141)
	at junit.framework.TestResult$1.protect(TestResult.java:122)
	at junit.framework.TestResult.runProtected(TestResult.java:142)
	at junit.framework.TestResult.run(TestResult.java:125)
	at junit.framework.TestCase.run(TestCase.java:129)
	at junit.framework.TestSuite.runTest(TestSuite.java:255)
	at junit.framework.TestSuite.run(TestSuite.java:250)
	at org.apache.tools.ant.taskdefs.optional.junit.JUnitTestRunner.run(JUnitTestRunner.java:520)
	at org.apache.tools.ant.taskdefs.optional.junit.JUnitTask.executeInVM(JUnitTask.java:1484)
	at org.apache.tools.ant.taskdefs.optional.junit.JUnitTask.execute(JUnitTask.java:872)
	at org.apache.tools.ant.taskdefs.optional.junit.JUnitTask.executeOrQueue(JUnitTask.java:1972)
	at org.apache.tools.ant.taskdefs.optional.junit.JUnitTask.execute1(JUnitTask.java:824)
	at org.apache.tools.ant.taskdefs.optional.junit.JUnitTask.execute(JUnitTask.java:2277)
	at org.apache.tools.ant.UnknownElement.execute(UnknownElement.java:291)
	at sun.reflect.GeneratedMethodAccessor4.invoke(Unknown Source)
	at sun.reflect.DelegatingMethodAccessorImpl.invoke(DelegatingMethodAccessorImpl.java:43)
	at java.lang.reflect.Method.invoke(Method.java:498)
	at org.apache.tools.ant.dispatch.DispatchUtils.execute(DispatchUtils.java:106)
	at org.apache.tools.ant.Task.perform(Task.java:348)
	at org.apache.tools.ant.Target.execute(Target.java:392)
	at org.apache.tools.ant.Target.performTasks(Target.java:413)
	at org.apache.tools.ant.Project.executeSortedTargets(Project.java:1399)
	at org.apache.tools.ant.Project.executeTarget(Project.java:1368)
	at org.apache.tools.ant.helper.DefaultExecutor.executeTargets(DefaultExecutor.java:41)
	at org.apache.tools.ant.Project.executeTargets(Project.java:1251)
	at org.apache.tools.ant.Main.runBuild(Main.java:811)
	at org.apache.tools.ant.Main.startAnt(Main.java:217)
	at org.apache.tools.ant.launch.Launcher.run(Launcher.java:280)
	at org.apache.tools.ant.launch.Launcher.main(Launcher.java:109)
Caused by: java.lang.RuntimeException: INTERNAL COMPILER ERROR.
Please report this problem.
Unexpected variable goog
  Node(NAME goog): i0:1:252
var goog = {};goog.inherits = function(x, y) {};var ns = {};/** @constructor */ns.PageSelectionModel = function() {};/** @constructor */ns.PageSelectionModel.FooEvent = function() {};/** @constructor */ns.PageSelectionModel.SelectEvent = function() {};goog.inherits(ns.PageSelectionModel.ChangeEvent,    ns.PageSelectionModel.FooEvent);
  Parent(GETPROP): i0:1:252
var goog = {};goog.inherits = function(x, y) {};var ns = {};/** @constructor */ns.PageSelectionModel = function() {};/** @constructor */ns.PageSelectionModel.FooEvent = function() {};/** @constructor */ns.PageSelectionModel.SelectEvent = function() {};goog.inherits(ns.PageSelectionModel.ChangeEvent,    ns.PageSelectionModel.FooEvent);

	at com.google.javascript.jscomp.VarCheck.visit(VarCheck.java:159)
	at com.google.javascript.jscomp.NodeTraversal.traverseBranch(NodeTraversal.java:504)
	at com.google.javascript.jscomp.NodeTraversal.traverseBranch(NodeTraversal.java:497)
	at com.google.javascript.jscomp.NodeTraversal.traverseBranch(NodeTraversal.java:497)
	at com.google.javascript.jscomp.NodeTraversal.traverseBranch(NodeTraversal.java:497)
	at com.google.javascript.jscomp.NodeTraversal.traverseBranch(NodeTraversal.java:497)
	at com.google.javascript.jscomp.NodeTraversal.traverseBranch(NodeTraversal.java:497)
	at com.google.javascript.jscomp.NodeTraversal.traverseRoots(NodeTraversal.java:304)
	at com.google.javascript.jscomp.NodeTraversal.traverseRoots(NodeTraversal.java:464)
	at com.google.javascript.jscomp.VarCheck.process(VarCheck.java:102)
	at com.google.javascript.jscomp.PhaseOptimizer$PassFactoryDelegate.processInternal(PhaseOptimizer.java:273)
	at com.google.javascript.jscomp.PhaseOptimizer$NamedPass.process(PhaseOptimizer.java:250)
	at com.google.javascript.jscomp.PhaseOptimizer.process(PhaseOptimizer.java:168)
	at com.google.javascript.jscomp.Compiler.optimize(Compiler.java:1761)
	at com.google.javascript.jscomp.Compiler.compileInternal(Compiler.java:674)
	at com.google.javascript.jscomp.Compiler.access$000(Compiler.java:70)
	at com.google.javascript.jscomp.Compiler$1.call(Compiler.java:569)
	at com.google.javascript.jscomp.Compiler$1.call(Compiler.java:566)
	at com.google.javascript.jscomp.Compiler$2.run(Compiler.java:611)
	at java.lang.Thread.run(Thread.java:748)
Caused by: java.lang.IllegalStateException: Unexpected variable goog
	... 20 more
com.google.javascript.jscomp.NameAnalyzerTest::testIssue284
junit.framework.AssertionFailedError:
Expected:
Result: goog.inherits(ns.PageSelectionModel.ChangeEvent,ns.PageSelectionModel.FooEvent)
Node tree inequality:
Tree1:
BLOCK [synthetic: 1]
    SCRIPT 1 [synthetic: 1] [source_file: expected0] [input_id: InputId: expected0]


Tree2:
BLOCK [synthetic: 1]
    SCRIPT 1 [synthetic: 1] [source_file: testcode] [input_id: InputId: testcode]
        EXPR_RESULT 1 [source_file: testcode]
            CALL 1 [source_file: testcode]
                GETPROP 1 [source_file: testcode]
                    NAME goog 1 [source_file: testcode]
                    STRING inherits 1 [source_file: testcode]
                GETPROP 1 [source_file: testcode]
                    GETPROP 1 [source_file: testcode]
                        NAME ns 1 [source_file: testcode]
                        STRING PageSelectionModel 1 [source_file: testcode]
                    STRING ChangeEvent 1 [source_file: testcode]
                GETPROP 1 [source_file: testcode]
                    GETPROP 1 [source_file: testcode]
                        NAME ns 1 [source_file: testcode]
                        STRING PageSelectionModel 1 [source_file: testcode]
                    STRING FooEvent 1 [source_file: testcode]


Subtree1: SCRIPT 1 [synthetic: 1] [source_file: expected0] [input_id: InputId: expected0]


Subtree2: SCRIPT 1 [synthetic: 1] [source_file: testcode] [input_id: InputId: testcode]
    EXPR_RESULT 1 [source_file: testcode]
        CALL 1 [source_file: testcode]
            GETPROP 1 [source_file: testcode]
                NAME goog 1 [source_file: testcode]
                STRING inherits 1 [source_file: testcode]
            GETPROP 1 [source_file: testcode]
                GETPROP 1 [source_file: testcode]
                    NAME ns 1 [source_file: testcode]
                    STRING PageSelectionModel 1 [source_file: testcode]
                STRING ChangeEvent 1 [source_file: testcode]
            GETPROP 1 [source_file: testcode]
                GETPROP 1 [source_file: testcode]
                    NAME ns 1 [source_file: testcode]
                    STRING PageSelectionModel 1 [source_file: testcode]
                STRING FooEvent 1 [source_file: testcode]

	at junit.framework.Assert.fail(Assert.java:57)
	at junit.framework.Assert.assertTrue(Assert.java:22)
	at junit.framework.Assert.assertNull(Assert.java:277)
	at junit.framework.TestCase.assertNull(TestCase.java:447)
	at com.google.javascript.jscomp.CompilerTestCase.test(CompilerTestCase.java:872)
	at com.google.javascript.jscomp.CompilerTestCase.test(CompilerTestCase.java:433)
	at com.google.javascript.jscomp.CompilerTestCase.test(CompilerTestCase.java:358)
	at com.google.javascript.jscomp.CompilerTestCase.test(CompilerTestCase.java:327)
	at com.google.javascript.jscomp.CompilerTestCase.test(CompilerTestCase.java:315)
	at com.google.javascript.jscomp.NameAnalyzerTest.testIssue284(NameAnalyzerTest.java:1644)
	at sun.reflect.NativeMethodAccessorImpl.invoke0(Native Method)
	at sun.reflect.NativeMethodAccessorImpl.invoke(NativeMethodAccessorImpl.java:62)
	at sun.reflect.DelegatingMethodAccessorImpl.invoke(DelegatingMethodAccessorImpl.java:43)
	at java.lang.reflect.Method.invoke(Method.java:498)
	at junit.framework.TestCase.runTest(TestCase.java:176)
	at junit.framework.TestCase.runBare(TestCase.java:141)
	at junit.framework.TestResult$1.protect(TestResult.java:122)
	at junit.framework.TestResult.runProtected(TestResult.java:142)
	at junit.framework.TestResult.run(TestResult.java:125)
	at junit.framework.TestCase.run(TestCase.java:129)
	at junit.framework.TestSuite.runTest(TestSuite.java:255)
	at junit.framework.TestSuite.run(TestSuite.java:250)
	at org.apache.tools.ant.taskdefs.optional.junit.JUnitTestRunner.run(JUnitTestRunner.java:520)
	at org.apache.tools.ant.taskdefs.optional.junit.JUnitTask.executeInVM(JUnitTask.java:1484)
	at org.apache.tools.ant.taskdefs.optional.junit.JUnitTask.execute(JUnitTask.java:872)
	at org.apache.tools.ant.taskdefs.optional.junit.JUnitTask.executeOrQueue(JUnitTask.java:1972)
	at org.apache.tools.ant.taskdefs.optional.junit.JUnitTask.execute1(JUnitTask.java:824)
	at org.apache.tools.ant.taskdefs.optional.junit.JUnitTask.execute(JUnitTask.java:2277)
	at org.apache.tools.ant.UnknownElement.execute(UnknownElement.java:291)
	at sun.reflect.GeneratedMethodAccessor4.invoke(Unknown Source)
	at sun.reflect.DelegatingMethodAccessorImpl.invoke(DelegatingMethodAccessorImpl.java:43)
	at java.lang.reflect.Method.invoke(Method.java:498)
	at org.apache.tools.ant.dispatch.DispatchUtils.execute(DispatchUtils.java:106)
	at org.apache.tools.ant.Task.perform(Task.java:348)
	at org.apache.tools.ant.Target.execute(Target.java:392)
	at org.apache.tools.ant.Target.performTasks(Target.java:413)
	at org.apache.tools.ant.Project.executeSortedTargets(Project.java:1399)
	at org.apache.tools.ant.Project.executeTarget(Project.java:1368)
	at org.apache.tools.ant.helper.DefaultExecutor.executeTargets(DefaultExecutor.java:41)
	at org.apache.tools.ant.Project.executeTargets(Project.java:1251)
	at org.apache.tools.ant.Main.runBuild(Main.java:811)
	at org.apache.tools.ant.Main.startAnt(Main.java:217)
	at org.apache.tools.ant.launch.Launcher.run(Launcher.java:280)
	at org.apache.tools.ant.launch.Launcher.main(Launcher.java:109)


There is a bug in the above code, please help me locate it by considering the stack trace.

Output **only** the exact buggy statement, with no line numbers, explanations, or additional content. Your response should contain just the buggy code line. Do not include ```java or ``` markers in the response.

================== prompt_fl_6 ==================

source code:
@Override
    public void visit(NodeTraversal t, Node n, Node parent) {

      // Record global variable and function declarations
      if (t.inGlobalScope()) {
        if (NodeUtil.isVarDeclaration(n)) {
          NameInformation ns = createNameInformation(t, n, parent);
          Preconditions.checkNotNull(ns);
          recordSet(ns.name, n);
        } else if (NodeUtil.isFunctionDeclaration(n)) {
          Node nameNode = n.getFirstChild();
          NameInformation ns = createNameInformation(t, nameNode, n);
          if (ns != null) {
            JsName nameInfo = getName(nameNode.getString(), true);
            recordSet(nameInfo.name, nameNode);
          }
        } else if (NodeUtil.isObjectLitKey(n, parent)) {
          NameInformation ns = createNameInformation(t, n, parent);
          if (ns != null) {
            recordSet(ns.name, n);
          }
        }
      }

      // Record assignments and call sites
      if (n.isAssign()) {
        Node nameNode = n.getFirstChild();

        NameInformation ns = createNameInformation(t, nameNode, n);
        if (ns != null) {
          if (ns.isPrototype) {
            recordPrototypeSet(ns.prototypeClass, ns.prototypeProperty, n);
          } else {
            recordSet(ns.name, nameNode);
          }
        }
      } else if (n.isCall()) {
        Node nameNode = n.getFirstChild();
        NameInformation ns = createNameInformation(t, nameNode, n);
        if (ns != null && ns.onlyAffectsClassDef) {
          JsName name = getName(ns.name, false);
          if (name != null) {
          refNodes.add(new ClassDefiningFunctionNode(
              name, n, parent, parent.getParent()));
          }
        }
      }
    }

stack trace:
com.google.javascript.jscomp.IntegrationTest::testIssue284
java.lang.RuntimeException: java.lang.RuntimeException: INTERNAL COMPILER ERROR.
Please report this problem.
Unexpected variable goog
  Node(NAME goog): i0:1:252
var goog = {};goog.inherits = function(x, y) {};var ns = {};/** @constructor */ns.PageSelectionModel = function() {};/** @constructor */ns.PageSelectionModel.FooEvent = function() {};/** @constructor */ns.PageSelectionModel.SelectEvent = function() {};goog.inherits(ns.PageSelectionModel.ChangeEvent,    ns.PageSelectionModel.FooEvent);
  Parent(GETPROP): i0:1:252
var goog = {};goog.inherits = function(x, y) {};var ns = {};/** @constructor */ns.PageSelectionModel = function() {};/** @constructor */ns.PageSelectionModel.FooEvent = function() {};/** @constructor */ns.PageSelectionModel.SelectEvent = function() {};goog.inherits(ns.PageSelectionModel.ChangeEvent,    ns.PageSelectionModel.FooEvent);

	at com.google.javascript.jscomp.Compiler.runCallable(Compiler.java:639)
	at com.google.javascript.jscomp.Compiler.runInCompilerThread(Compiler.java:584)
	at com.google.javascript.jscomp.Compiler.compile(Compiler.java:566)
	at com.google.javascript.jscomp.Compiler.compileModules(Compiler.java:557)
	at com.google.javascript.jscomp.Compiler.compile(Compiler.java:539)
	at com.google.javascript.jscomp.IntegrationTest.compile(IntegrationTest.java:2046)
	at com.google.javascript.jscomp.IntegrationTest.test(IntegrationTest.java:1960)
	at com.google.javascript.jscomp.IntegrationTest.test(IntegrationTest.java:1951)
	at com.google.javascript.jscomp.IntegrationTest.testIssue284(IntegrationTest.java:1769)
	at sun.reflect.NativeMethodAccessorImpl.invoke0(Native Method)
	at sun.reflect.NativeMethodAccessorImpl.invoke(NativeMethodAccessorImpl.java:62)
	at sun.reflect.DelegatingMethodAccessorImpl.invoke(DelegatingMethodAccessorImpl.java:43)
	at java.lang.reflect.Method.invoke(Method.java:498)
	at junit.framework.TestCase.runTest(TestCase.java:176)
	at junit.framework.TestCase.runBare(TestCase.java:141)
	at junit.framework.TestResult$1.protect(TestResult.java:122)
	at junit.framework.TestResult.runProtected(TestResult.java:142)
	at junit.framework.TestResult.run(TestResult.java:125)
	at junit.framework.TestCase.run(TestCase.java:129)
	at junit.framework.TestSuite.runTest(TestSuite.java:255)
	at junit.framework.TestSuite.run(TestSuite.java:250)
	at org.apache.tools.ant.taskdefs.optional.junit.JUnitTestRunner.run(JUnitTestRunner.java:520)
	at org.apache.tools.ant.taskdefs.optional.junit.JUnitTask.executeInVM(JUnitTask.java:1484)
	at org.apache.tools.ant.taskdefs.optional.junit.JUnitTask.execute(JUnitTask.java:872)
	at org.apache.tools.ant.taskdefs.optional.junit.JUnitTask.executeOrQueue(JUnitTask.java:1972)
	at org.apache.tools.ant.taskdefs.optional.junit.JUnitTask.execute1(JUnitTask.java:824)
	at org.apache.tools.ant.taskdefs.optional.junit.JUnitTask.execute(JUnitTask.java:2277)
	at org.apache.tools.ant.UnknownElement.execute(UnknownElement.java:291)
	at sun.reflect.GeneratedMethodAccessor4.invoke(Unknown Source)
	at sun.reflect.DelegatingMethodAccessorImpl.invoke(DelegatingMethodAccessorImpl.java:43)
	at java.lang.reflect.Method.invoke(Method.java:498)
	at org.apache.tools.ant.dispatch.DispatchUtils.execute(DispatchUtils.java:106)
	at org.apache.tools.ant.Task.perform(Task.java:348)
	at org.apache.tools.ant.Target.execute(Target.java:392)
	at org.apache.tools.ant.Target.performTasks(Target.java:413)
	at org.apache.tools.ant.Project.executeSortedTargets(Project.java:1399)
	at org.apache.tools.ant.Project.executeTarget(Project.java:1368)
	at org.apache.tools.ant.helper.DefaultExecutor.executeTargets(DefaultExecutor.java:41)
	at org.apache.tools.ant.Project.executeTargets(Project.java:1251)
	at org.apache.tools.ant.Main.runBuild(Main.java:811)
	at org.apache.tools.ant.Main.startAnt(Main.java:217)
	at org.apache.tools.ant.launch.Launcher.run(Launcher.java:280)
	at org.apache.tools.ant.launch.Launcher.main(Launcher.java:109)
Caused by: java.lang.RuntimeException: INTERNAL COMPILER ERROR.
Please report this problem.
Unexpected variable goog
  Node(NAME goog): i0:1:252
var goog = {};goog.inherits = function(x, y) {};var ns = {};/** @constructor */ns.PageSelectionModel = function() {};/** @constructor */ns.PageSelectionModel.FooEvent = function() {};/** @constructor */ns.PageSelectionModel.SelectEvent = function() {};goog.inherits(ns.PageSelectionModel.ChangeEvent,    ns.PageSelectionModel.FooEvent);
  Parent(GETPROP): i0:1:252
var goog = {};goog.inherits = function(x, y) {};var ns = {};/** @constructor */ns.PageSelectionModel = function() {};/** @constructor */ns.PageSelectionModel.FooEvent = function() {};/** @constructor */ns.PageSelectionModel.SelectEvent = function() {};goog.inherits(ns.PageSelectionModel.ChangeEvent,    ns.PageSelectionModel.FooEvent);

	at com.google.javascript.jscomp.VarCheck.visit(VarCheck.java:159)
	at com.google.javascript.jscomp.NodeTraversal.traverseBranch(NodeTraversal.java:504)
	at com.google.javascript.jscomp.NodeTraversal.traverseBranch(NodeTraversal.java:497)
	at com.google.javascript.jscomp.NodeTraversal.traverseBranch(NodeTraversal.java:497)
	at com.google.javascript.jscomp.NodeTraversal.traverseBranch(NodeTraversal.java:497)
	at com.google.javascript.jscomp.NodeTraversal.traverseBranch(NodeTraversal.java:497)
	at com.google.javascript.jscomp.NodeTraversal.traverseBranch(NodeTraversal.java:497)
	at com.google.javascript.jscomp.NodeTraversal.traverseRoots(NodeTraversal.java:304)
	at com.google.javascript.jscomp.NodeTraversal.traverseRoots(NodeTraversal.java:464)
	at com.google.javascript.jscomp.VarCheck.process(VarCheck.java:102)
	at com.google.javascript.jscomp.PhaseOptimizer$PassFactoryDelegate.processInternal(PhaseOptimizer.java:273)
	at com.google.javascript.jscomp.PhaseOptimizer$NamedPass.process(PhaseOptimizer.java:250)
	at com.google.javascript.jscomp.PhaseOptimizer.process(PhaseOptimizer.java:168)
	at com.google.javascript.jscomp.Compiler.optimize(Compiler.java:1761)
	at com.google.javascript.jscomp.Compiler.compileInternal(Compiler.java:674)
	at com.google.javascript.jscomp.Compiler.access$000(Compiler.java:70)
	at com.google.javascript.jscomp.Compiler$1.call(Compiler.java:569)
	at com.google.javascript.jscomp.Compiler$1.call(Compiler.java:566)
	at com.google.javascript.jscomp.Compiler$2.run(Compiler.java:611)
	at java.lang.Thread.run(Thread.java:748)
Caused by: java.lang.IllegalStateException: Unexpected variable goog
	... 20 more
com.google.javascript.jscomp.NameAnalyzerTest::testIssue284
junit.framework.AssertionFailedError:
Expected:
Result: goog.inherits(ns.PageSelectionModel.ChangeEvent,ns.PageSelectionModel.FooEvent)
Node tree inequality:
Tree1:
BLOCK [synthetic: 1]
    SCRIPT 1 [synthetic: 1] [source_file: expected0] [input_id: InputId: expected0]


Tree2:
BLOCK [synthetic: 1]
    SCRIPT 1 [synthetic: 1] [source_file: testcode] [input_id: InputId: testcode]
        EXPR_RESULT 1 [source_file: testcode]
            CALL 1 [source_file: testcode]
                GETPROP 1 [source_file: testcode]
                    NAME goog 1 [source_file: testcode]
                    STRING inherits 1 [source_file: testcode]
                GETPROP 1 [source_file: testcode]
                    GETPROP 1 [source_file: testcode]
                        NAME ns 1 [source_file: testcode]
                        STRING PageSelectionModel 1 [source_file: testcode]
                    STRING ChangeEvent 1 [source_file: testcode]
                GETPROP 1 [source_file: testcode]
                    GETPROP 1 [source_file: testcode]
                        NAME ns 1 [source_file: testcode]
                        STRING PageSelectionModel 1 [source_file: testcode]
                    STRING FooEvent 1 [source_file: testcode]


Subtree1: SCRIPT 1 [synthetic: 1] [source_file: expected0] [input_id: InputId: expected0]


Subtree2: SCRIPT 1 [synthetic: 1] [source_file: testcode] [input_id: InputId: testcode]
    EXPR_RESULT 1 [source_file: testcode]
        CALL 1 [source_file: testcode]
            GETPROP 1 [source_file: testcode]
                NAME goog 1 [source_file: testcode]
                STRING inherits 1 [source_file: testcode]
            GETPROP 1 [source_file: testcode]
                GETPROP 1 [source_file: testcode]
                    NAME ns 1 [source_file: testcode]
                    STRING PageSelectionModel 1 [source_file: testcode]
                STRING ChangeEvent 1 [source_file: testcode]
            GETPROP 1 [source_file: testcode]
                GETPROP 1 [source_file: testcode]
                    NAME ns 1 [source_file: testcode]
                    STRING PageSelectionModel 1 [source_file: testcode]
                STRING FooEvent 1 [source_file: testcode]

	at junit.framework.Assert.fail(Assert.java:57)
	at junit.framework.Assert.assertTrue(Assert.java:22)
	at junit.framework.Assert.assertNull(Assert.java:277)
	at junit.framework.TestCase.assertNull(TestCase.java:447)
	at com.google.javascript.jscomp.CompilerTestCase.test(CompilerTestCase.java:872)
	at com.google.javascript.jscomp.CompilerTestCase.test(CompilerTestCase.java:433)
	at com.google.javascript.jscomp.CompilerTestCase.test(CompilerTestCase.java:358)
	at com.google.javascript.jscomp.CompilerTestCase.test(CompilerTestCase.java:327)
	at com.google.javascript.jscomp.CompilerTestCase.test(CompilerTestCase.java:315)
	at com.google.javascript.jscomp.NameAnalyzerTest.testIssue284(NameAnalyzerTest.java:1644)
	at sun.reflect.NativeMethodAccessorImpl.invoke0(Native Method)
	at sun.reflect.NativeMethodAccessorImpl.invoke(NativeMethodAccessorImpl.java:62)
	at sun.reflect.DelegatingMethodAccessorImpl.invoke(DelegatingMethodAccessorImpl.java:43)
	at java.lang.reflect.Method.invoke(Method.java:498)
	at junit.framework.TestCase.runTest(TestCase.java:176)
	at junit.framework.TestCase.runBare(TestCase.java:141)
	at junit.framework.TestResult$1.protect(TestResult.java:122)
	at junit.framework.TestResult.runProtected(TestResult.java:142)
	at junit.framework.TestResult.run(TestResult.java:125)
	at junit.framework.TestCase.run(TestCase.java:129)
	at junit.framework.TestSuite.runTest(TestSuite.java:255)
	at junit.framework.TestSuite.run(TestSuite.java:250)
	at org.apache.tools.ant.taskdefs.optional.junit.JUnitTestRunner.run(JUnitTestRunner.java:520)
	at org.apache.tools.ant.taskdefs.optional.junit.JUnitTask.executeInVM(JUnitTask.java:1484)
	at org.apache.tools.ant.taskdefs.optional.junit.JUnitTask.execute(JUnitTask.java:872)
	at org.apache.tools.ant.taskdefs.optional.junit.JUnitTask.executeOrQueue(JUnitTask.java:1972)
	at org.apache.tools.ant.taskdefs.optional.junit.JUnitTask.execute1(JUnitTask.java:824)
	at org.apache.tools.ant.taskdefs.optional.junit.JUnitTask.execute(JUnitTask.java:2277)
	at org.apache.tools.ant.UnknownElement.execute(UnknownElement.java:291)
	at sun.reflect.GeneratedMethodAccessor4.invoke(Unknown Source)
	at sun.reflect.DelegatingMethodAccessorImpl.invoke(DelegatingMethodAccessorImpl.java:43)
	at java.lang.reflect.Method.invoke(Method.java:498)
	at org.apache.tools.ant.dispatch.DispatchUtils.execute(DispatchUtils.java:106)
	at org.apache.tools.ant.Task.perform(Task.java:348)
	at org.apache.tools.ant.Target.execute(Target.java:392)
	at org.apache.tools.ant.Target.performTasks(Target.java:413)
	at org.apache.tools.ant.Project.executeSortedTargets(Project.java:1399)
	at org.apache.tools.ant.Project.executeTarget(Project.java:1368)
	at org.apache.tools.ant.helper.DefaultExecutor.executeTargets(DefaultExecutor.java:41)
	at org.apache.tools.ant.Project.executeTargets(Project.java:1251)
	at org.apache.tools.ant.Main.runBuild(Main.java:811)
	at org.apache.tools.ant.Main.startAnt(Main.java:217)
	at org.apache.tools.ant.launch.Launcher.run(Launcher.java:280)
	at org.apache.tools.ant.launch.Launcher.main(Launcher.java:109)


failure assertion code:
test(options,


There is a bug in the above code, please help me locate it by considering the stack trace information and failure assertion code.

Output **only** the exact buggy statement, with no line numbers, explanations, or additional content. Your response should contain just the buggy code line. Do not include ```java or ``` markers in the response.

================== prompt_apr_1 ==================

@Override
    public void visit(NodeTraversal t, Node n, Node parent) {

      // Record global variable and function declarations
      if (t.inGlobalScope()) {
        if (NodeUtil.isVarDeclaration(n)) {
          NameInformation ns = createNameInformation(t, n, parent);
          Preconditions.checkNotNull(ns);
          recordSet(ns.name, n);
        } else if (NodeUtil.isFunctionDeclaration(n)) {
          Node nameNode = n.getFirstChild();
          NameInformation ns = createNameInformation(t, nameNode, n);
          if (ns != null) {
            JsName nameInfo = getName(nameNode.getString(), true);
            recordSet(nameInfo.name, nameNode);
          }
        } else if (NodeUtil.isObjectLitKey(n, parent)) {
          NameInformation ns = createNameInformation(t, n, parent);
          if (ns != null) {
            recordSet(ns.name, n);
          }
        }
      }

      // Record assignments and call sites
      if (n.isAssign()) {
        Node nameNode = n.getFirstChild();

        NameInformation ns = createNameInformation(t, nameNode, n);
        if (ns != null) {
          if (ns.isPrototype) {
            recordPrototypeSet(ns.prototypeClass, ns.prototypeProperty, n);
          } else {
            recordSet(ns.name, nameNode);
          }
        }
      } else if (n.isCall()) {
        Node nameNode = n.getFirstChild();
        NameInformation ns = createNameInformation(t, nameNode, n);
        if (ns != null && ns.onlyAffectsClassDef) {
          JsName name = getName(ns.name, false);
          if (name != null) {
          refNodes.add(new ClassDefiningFunctionNode(
              name, n, parent, parent.getParent()));
          }
        }
      }
    }

There is a bug in line [41, 42, 45] of the code, please help me fix it.

Please return the **complete corrected method**. Do not skip or omit any part of the code. Do not include ```java or ``` markers in the response.

================== prompt_apr_2 ==================

@Override
    public void visit(NodeTraversal t, Node n, Node parent) {

      // Record global variable and function declarations
      if (t.inGlobalScope()) {
        if (NodeUtil.isVarDeclaration(n)) {
          NameInformation ns = createNameInformation(t, n, parent);
          Preconditions.checkNotNull(ns);
          recordSet(ns.name, n);
        } else if (NodeUtil.isFunctionDeclaration(n)) {
          Node nameNode = n.getFirstChild();
          NameInformation ns = createNameInformation(t, nameNode, n);
          if (ns != null) {
            JsName nameInfo = getName(nameNode.getString(), true);
            recordSet(nameInfo.name, nameNode);
          }
        } else if (NodeUtil.isObjectLitKey(n, parent)) {
          NameInformation ns = createNameInformation(t, n, parent);
          if (ns != null) {
            recordSet(ns.name, n);
          }
        }
      }

      // Record assignments and call sites
      if (n.isAssign()) {
        Node nameNode = n.getFirstChild();

        NameInformation ns = createNameInformation(t, nameNode, n);
        if (ns != null) {
          if (ns.isPrototype) {
            recordPrototypeSet(ns.prototypeClass, ns.prototypeProperty, n);
          } else {
            recordSet(ns.name, nameNode);
          }
        }
      } else if (n.isCall()) {
        Node nameNode = n.getFirstChild();
        NameInformation ns = createNameInformation(t, nameNode, n);
        if (ns != null && ns.onlyAffectsClassDef) {
          JsName name = getName(ns.name, false);
          if (name != null) {
          refNodes.add(new ClassDefiningFunctionNode(
              name, n, parent, parent.getParent()));
          }
        }
      }
    }

There is a bug in ['          JsName name = getName(ns.name, false);', '          if (name != null) {', '          }'] , please help me fix it. 

Please return the **complete corrected method**. Do not skip or omit any part of the code. Do not include ```java or ``` markers in the response.

================== prompt_apr_3 ==================

@Override
    public void visit(NodeTraversal t, Node n, Node parent) {

      // Record global variable and function declarations
      if (t.inGlobalScope()) {
        if (NodeUtil.isVarDeclaration(n)) {
          NameInformation ns = createNameInformation(t, n, parent);
          Preconditions.checkNotNull(ns);
          recordSet(ns.name, n);
        } else if (NodeUtil.isFunctionDeclaration(n)) {
          Node nameNode = n.getFirstChild();
          NameInformation ns = createNameInformation(t, nameNode, n);
          if (ns != null) {
            JsName nameInfo = getName(nameNode.getString(), true);
            recordSet(nameInfo.name, nameNode);
          }
        } else if (NodeUtil.isObjectLitKey(n, parent)) {
          NameInformation ns = createNameInformation(t, n, parent);
          if (ns != null) {
            recordSet(ns.name, n);
          }
        }
      }

      // Record assignments and call sites
      if (n.isAssign()) {
        Node nameNode = n.getFirstChild();

        NameInformation ns = createNameInformation(t, nameNode, n);
        if (ns != null) {
          if (ns.isPrototype) {
            recordPrototypeSet(ns.prototypeClass, ns.prototypeProperty, n);
          } else {
            recordSet(ns.name, nameNode);
          }
        }
      } else if (n.isCall()) {
        Node nameNode = n.getFirstChild();
        NameInformation ns = createNameInformation(t, nameNode, n);
        if (ns != null && ns.onlyAffectsClassDef) {
          JsName name = getName(ns.name, false);
          if (name != null) {
          refNodes.add(new ClassDefiningFunctionNode(
              name, n, parent, parent.getParent()));
          }

There is a bug in the last statement, please help me fix it.

Return the code **only from the method declaration to the fixed statement**, without completing or adding additional code. Do not modify anything beyond fixing the bug, and do not complete the `if` statement or other unfinished parts. Do not include ```java or ``` markers in the response.

================== prompt_apr_4 ==================

@Override
    public void visit(NodeTraversal t, Node n, Node parent) {

      // Record global variable and function declarations
      if (t.inGlobalScope()) {
        if (NodeUtil.isVarDeclaration(n)) {
          NameInformation ns = createNameInformation(t, n, parent);
          Preconditions.checkNotNull(ns);
          recordSet(ns.name, n);
        } else if (NodeUtil.isFunctionDeclaration(n)) {
          Node nameNode = n.getFirstChild();
          NameInformation ns = createNameInformation(t, nameNode, n);
          if (ns != null) {
            JsName nameInfo = getName(nameNode.getString(), true);
            recordSet(nameInfo.name, nameNode);
          }
        } else if (NodeUtil.isObjectLitKey(n, parent)) {
          NameInformation ns = createNameInformation(t, n, parent);
          if (ns != null) {
            recordSet(ns.name, n);
          }
        }
      }

      // Record assignments and call sites
      if (n.isAssign()) {
        Node nameNode = n.getFirstChild();

        NameInformation ns = createNameInformation(t, nameNode, n);
        if (ns != null) {
          if (ns.isPrototype) {
            recordPrototypeSet(ns.prototypeClass, ns.prototypeProperty, n);
          } else {
            recordSet(ns.name, nameNode);
          }
        }
      } else if (n.isCall()) {
        Node nameNode = n.getFirstChild();
        NameInformation ns = createNameInformation(t, nameNode, n);
        if (ns != null && ns.onlyAffectsClassDef) {
          JsName name = getName(ns.name, false);
          if (name != null) {
          refNodes.add(new ClassDefiningFunctionNode(
              name, n, parent, parent.getParent()));
          }
        }
      }
    }

There is a bug in line [41, 42, 45] of the code, please help me fix it.

Please return the results in a strict JSON format as described below. Please follow these instructions carefully:
1. Your output must include each repaired line's number (`line_number`) and the corresponding fixed code statement (`fixed_statement`).
2. The output format must be a valid JSON array, where each element represents one repaired line, with the following structure:
   - `"line_number"`: The line number of the buggy code that was repaired (integer).
   - `"fixed_statement"`: The repaired statement for that specific line (string).

3. The result must strictly follow this format:
[
    {
        "line_number": int,
        "fixed_statement": "string"
    },
    {
        "line_number": int,
        "fixed_statement": "string"
    }
]
4. The repaired statement in "fixed_statement" must replace the corresponding line in the buggy code.
5. You must NOT include any additional explanation or description in your response. Only return the JSON array. Do not include ```json or ``` markers in the response.

================== prompt_apr_5 ==================

@Override
    public void visit(NodeTraversal t, Node n, Node parent) {

      // Record global variable and function declarations
      if (t.inGlobalScope()) {
        if (NodeUtil.isVarDeclaration(n)) {
          NameInformation ns = createNameInformation(t, n, parent);
          Preconditions.checkNotNull(ns);
          recordSet(ns.name, n);
        } else if (NodeUtil.isFunctionDeclaration(n)) {
          Node nameNode = n.getFirstChild();
          NameInformation ns = createNameInformation(t, nameNode, n);
          if (ns != null) {
            JsName nameInfo = getName(nameNode.getString(), true);
            recordSet(nameInfo.name, nameNode);
          }
        } else if (NodeUtil.isObjectLitKey(n, parent)) {
          NameInformation ns = createNameInformation(t, n, parent);
          if (ns != null) {
            recordSet(ns.name, n);
          }
        }
      }

      // Record assignments and call sites
      if (n.isAssign()) {
        Node nameNode = n.getFirstChild();

        NameInformation ns = createNameInformation(t, nameNode, n);
        if (ns != null) {
          if (ns.isPrototype) {
            recordPrototypeSet(ns.prototypeClass, ns.prototypeProperty, n);
          } else {
            recordSet(ns.name, nameNode);
          }
        }
      } else if (n.isCall()) {
        Node nameNode = n.getFirstChild();
        NameInformation ns = createNameInformation(t, nameNode, n);
        if (ns != null && ns.onlyAffectsClassDef) {
          JsName name = getName(ns.name, false);
          if (name != null) {
          refNodes.add(new ClassDefiningFunctionNode(
              name, n, parent, parent.getParent()));
          }
        }
      }
    }

There is a bug in ['          JsName name = getName(ns.name, false);', '          if (name != null) {', '          }'] , please help me fix it. 

Please return the results in a strict JSON format as described below. Please follow these instructions carefully:
1. Your output must include each repaired line's number (`line_number`) and the corresponding fixed code statement (`fixed_statement`).
2. The output format must be a valid JSON array, where each element represents one repaired line, with the following structure:
   - `"line_number"`: The line number of the buggy code that was repaired (integer).
   - `"fixed_statement"`: The repaired statement for that specific line (string).

3. The result must strictly follow this format:
[
    {
        "line_number": int,
        "fixed_statement": "string"
    },
    {
        "line_number": int,
        "fixed_statement": "string"
    }
]
4. The repaired statement in "fixed_statement" must replace the corresponding line in the buggy code.
5. You must NOT include any additional explanation or description in your response. Only return the JSON array. Do not include ```json or ``` markers in the response.

================== prompt_apr_6 ==================

@Override
    public void visit(NodeTraversal t, Node n, Node parent) {

      // Record global variable and function declarations
      if (t.inGlobalScope()) {
        if (NodeUtil.isVarDeclaration(n)) {
          NameInformation ns = createNameInformation(t, n, parent);
          Preconditions.checkNotNull(ns);
          recordSet(ns.name, n);
        } else if (NodeUtil.isFunctionDeclaration(n)) {
          Node nameNode = n.getFirstChild();
          NameInformation ns = createNameInformation(t, nameNode, n);
          if (ns != null) {
            JsName nameInfo = getName(nameNode.getString(), true);
            recordSet(nameInfo.name, nameNode);
          }
        } else if (NodeUtil.isObjectLitKey(n, parent)) {
          NameInformation ns = createNameInformation(t, n, parent);
          if (ns != null) {
            recordSet(ns.name, n);
          }
        }
      }

      // Record assignments and call sites
      if (n.isAssign()) {
        Node nameNode = n.getFirstChild();

        NameInformation ns = createNameInformation(t, nameNode, n);
        if (ns != null) {
          if (ns.isPrototype) {
            recordPrototypeSet(ns.prototypeClass, ns.prototypeProperty, n);
          } else {
            recordSet(ns.name, nameNode);
          }
        }
      } else if (n.isCall()) {
        Node nameNode = n.getFirstChild();
        NameInformation ns = createNameInformation(t, nameNode, n);
        if (ns != null && ns.onlyAffectsClassDef) {
          JsName name = getName(ns.name, false);
          if (name != null) {
          refNodes.add(new ClassDefiningFunctionNode(
              name, n, parent, parent.getParent()));
          }

There is a bug in the last statement, please help me fix it.

Please return the results in a strict JSON format as described below. Please follow these instructions carefully:
1. Your output must include each repaired line's number (`line_number`) and the corresponding fixed code statement (`fixed_statement`).
2. The output format must be a valid JSON array, where each element represents one repaired line, with the following structure:
   - `"line_number"`: The line number of the buggy code that was repaired (integer).
   - `"fixed_statement"`: The repaired statement for that specific line (string).

3. The result must strictly follow this format:
[
    {
        "line_number": int,
        "fixed_statement": "string"
    },
    {
        "line_number": int,
        "fixed_statement": "string"
    }
]
4. The repaired statement in "fixed_statement" must replace the corresponding line in the buggy code.
5. You must NOT include any additional explanation or description in your response. Only return the JSON array. Do not include ```json or ``` markers in the response.
