[
    {
        "prompt_fl_1": "\nsource code:\nprivate void parse(AbstractCompiler compiler) {\n    try {\n      ParserRunner.ParseResult result = ParserRunner.parse(sourceFile, sourceFile.getCode(),\n          compiler.getParserConfig(),\n          compiler.getDefaultErrorReporter(),\n          logger_);\n      root = result.ast;\n      compiler.setOldParseTree(sourceFile.getName(), result.oldAst);\n    } catch (IOException e) {\n      compiler.report(\n          JSError.make(AbstractCompiler.READ_ERROR, sourceFile.getName()));\n    }\n\n\n    if (root == null || compiler.hasHaltingErrors()) {\n        // Most passes try to report as many errors as possible,\n        // so there may already be errors. We only care if there were\n        // errors in the code we just parsed.\n      // There was a parse error or IOException, so use a dummy block.\n      root = IR.script();\n    } else {\n      compiler.prepareAst(root);\n    }\n\n    // Set the source name so that the compiler passes can track\n    // the source file and module.\n    root.setStaticSourceFile(sourceFile);\n  }\n\nThere is a bug in the above code, please help me locate it.\n\nPlease output **only one integer**: the line number of the buggy code (The code starts from line 1). Do not provide any explanations or additional content.\n",
        "prompt_fl_2": "\nsource code:\nprivate void parse(AbstractCompiler compiler) {\n    try {\n      ParserRunner.ParseResult result = ParserRunner.parse(sourceFile, sourceFile.getCode(),\n          compiler.getParserConfig(),\n          compiler.getDefaultErrorReporter(),\n          logger_);\n      root = result.ast;\n      compiler.setOldParseTree(sourceFile.getName(), result.oldAst);\n    } catch (IOException e) {\n      compiler.report(\n          JSError.make(AbstractCompiler.READ_ERROR, sourceFile.getName()));\n    }\n\n\n    if (root == null || compiler.hasHaltingErrors()) {\n        // Most passes try to report as many errors as possible,\n        // so there may already be errors. We only care if there were\n        // errors in the code we just parsed.\n      // There was a parse error or IOException, so use a dummy block.\n      root = IR.script();\n    } else {\n      compiler.prepareAst(root);\n    }\n\n    // Set the source name so that the compiler passes can track\n    // the source file and module.\n    root.setStaticSourceFile(sourceFile);\n  }\n\nstack trace:\ncom.google.javascript.jscomp.ScopedAliasesTest::testIssue1103a\njunit.framework.AssertionFailedError: Unexpected error(s): JSC_GOOG_SCOPE_NON_ALIAS_LOCAL. The local variable a is in a goog.scope and is not an alias. at testcode line 1 : 30 expected:<0> but was:<1>\n\tat junit.framework.Assert.fail(Assert.java:57)\n\tat junit.framework.Assert.failNotEquals(Assert.java:329)\n\tat junit.framework.Assert.assertEquals(Assert.java:78)\n\tat junit.framework.Assert.assertEquals(Assert.java:234)\n\tat junit.framework.TestCase.assertEquals(TestCase.java:401)\n\tat com.google.javascript.jscomp.CompilerTestCase.test(CompilerTestCase.java:871)\n\tat com.google.javascript.jscomp.CompilerTestCase.test(CompilerTestCase.java:477)\n\tat com.google.javascript.jscomp.CompilerTestCase.test(CompilerTestCase.java:403)\n\tat com.google.javascript.jscomp.CompilerTestCase.test(CompilerTestCase.java:372)\n\tat com.google.javascript.jscomp.CompilerTestCase.test(CompilerTestCase.java:360)\n\tat com.google.javascript.jscomp.ScopedAliasesTest.testIssue1103a(ScopedAliasesTest.java:526)\n\tat sun.reflect.NativeMethodAccessorImpl.invoke0(Native Method)\n\tat sun.reflect.NativeMethodAccessorImpl.invoke(NativeMethodAccessorImpl.java:62)\n\tat sun.reflect.DelegatingMethodAccessorImpl.invoke(DelegatingMethodAccessorImpl.java:43)\n\tat java.lang.reflect.Method.invoke(Method.java:498)\n\tat junit.framework.TestCase.runTest(TestCase.java:176)\n\tat junit.framework.TestCase.runBare(TestCase.java:141)\n\tat junit.framework.TestResult$1.protect(TestResult.java:122)\n\tat junit.framework.TestResult.runProtected(TestResult.java:142)\n\tat junit.framework.TestResult.run(TestResult.java:125)\n\tat junit.framework.TestCase.run(TestCase.java:129)\n\tat junit.framework.TestSuite.runTest(TestSuite.java:255)\n\tat junit.framework.TestSuite.run(TestSuite.java:250)\n\tat org.apache.tools.ant.taskdefs.optional.junit.JUnitTestRunner.run(JUnitTestRunner.java:520)\n\tat org.apache.tools.ant.taskdefs.optional.junit.JUnitTask.executeInVM(JUnitTask.java:1484)\n\tat org.apache.tools.ant.taskdefs.optional.junit.JUnitTask.execute(JUnitTask.java:872)\n\tat org.apache.tools.ant.taskdefs.optional.junit.JUnitTask.executeOrQueue(JUnitTask.java:1972)\n\tat org.apache.tools.ant.taskdefs.optional.junit.JUnitTask.execute1(JUnitTask.java:824)\n\tat org.apache.tools.ant.taskdefs.optional.junit.JUnitTask.execute(JUnitTask.java:2277)\n\tat org.apache.tools.ant.UnknownElement.execute(UnknownElement.java:291)\n\tat sun.reflect.GeneratedMethodAccessor4.invoke(Unknown Source)\n\tat sun.reflect.DelegatingMethodAccessorImpl.invoke(DelegatingMethodAccessorImpl.java:43)\n\tat java.lang.reflect.Method.invoke(Method.java:498)\n\tat org.apache.tools.ant.dispatch.DispatchUtils.execute(DispatchUtils.java:106)\n\tat org.apache.tools.ant.Task.perform(Task.java:348)\n\tat org.apache.tools.ant.Target.execute(Target.java:392)\n\tat org.apache.tools.ant.Target.performTasks(Target.java:413)\n\tat org.apache.tools.ant.Project.executeSortedTargets(Project.java:1399)\n\tat org.apache.tools.ant.Project.executeTarget(Project.java:1368)\n\tat org.apache.tools.ant.helper.DefaultExecutor.executeTargets(DefaultExecutor.java:41)\n\tat org.apache.tools.ant.Project.executeTargets(Project.java:1251)\n\tat org.apache.tools.ant.Main.runBuild(Main.java:811)\n\tat org.apache.tools.ant.Main.startAnt(Main.java:217)\n\tat org.apache.tools.ant.launch.Launcher.run(Launcher.java:280)\n\tat org.apache.tools.ant.launch.Launcher.main(Launcher.java:109)\ncom.google.javascript.jscomp.ScopedAliasesTest::testIssue1103b\njava.lang.RuntimeException: INTERNAL COMPILER ERROR.\nPlease report this problem.\nnull\n  Node(FUNCTION ): testcode:1:11\ngoog.scope(function () {  var a = foo, b, c = 1;});\n  Parent(CALL): testcode:1:0\ngoog.scope(function () {  var a = foo, b, c = 1;});\n\n\tat com.google.javascript.jscomp.Compiler.ensureLibraryInjected(Compiler.java:2554)\n\tat com.google.javascript.jscomp.ScopedAliases$Traversal.findAliases(ScopedAliases.java:373)\n\tat com.google.javascript.jscomp.ScopedAliases$Traversal.enterScope(ScopedAliases.java:298)\n\tat com.google.javascript.jscomp.NodeTraversal.pushScope(NodeTraversal.java:600)\n\tat com.google.javascript.jscomp.NodeTraversal.traverseFunction(NodeTraversal.java:558)\n\tat com.google.javascript.jscomp.NodeTraversal.traverseBranch(NodeTraversal.java:528)\n\tat com.google.javascript.jscomp.NodeTraversal.traverseBranch(NodeTraversal.java:534)\n\tat com.google.javascript.jscomp.NodeTraversal.traverseBranch(NodeTraversal.java:534)\n\tat com.google.javascript.jscomp.NodeTraversal.traverseBranch(NodeTraversal.java:534)\n\tat com.google.javascript.jscomp.NodeTraversal.traverseBranch(NodeTraversal.java:534)\n\tat com.google.javascript.jscomp.NodeTraversal.traverse(NodeTraversal.java:287)\n\tat com.google.javascript.jscomp.NodeTraversal.traverse(NodeTraversal.java:494)\n\tat com.google.javascript.jscomp.ScopedAliases.hotSwapScript(ScopedAliases.java:133)\n\tat com.google.javascript.jscomp.ScopedAliases.process(ScopedAliases.java:127)\n\tat com.google.javascript.jscomp.CompilerTestCase.test(CompilerTestCase.java:845)\n\tat com.google.javascript.jscomp.CompilerTestCase.test(CompilerTestCase.java:477)\n\tat com.google.javascript.jscomp.CompilerTestCase.test(CompilerTestCase.java:403)\n\tat com.google.javascript.jscomp.CompilerTestCase.test(CompilerTestCase.java:372)\n\tat com.google.javascript.jscomp.CompilerTestCase.test(CompilerTestCase.java:360)\n\tat com.google.javascript.jscomp.ScopedAliasesTest.testIssue1103b(ScopedAliasesTest.java:534)\n\tat sun.reflect.NativeMethodAccessorImpl.invoke0(Native Method)\n\tat sun.reflect.NativeMethodAccessorImpl.invoke(NativeMethodAccessorImpl.java:62)\n\tat sun.reflect.DelegatingMethodAccessorImpl.invoke(DelegatingMethodAccessorImpl.java:43)\n\tat java.lang.reflect.Method.invoke(Method.java:498)\n\tat junit.framework.TestCase.runTest(TestCase.java:176)\n\tat junit.framework.TestCase.runBare(TestCase.java:141)\n\tat junit.framework.TestResult$1.protect(TestResult.java:122)\n\tat junit.framework.TestResult.runProtected(TestResult.java:142)\n\tat junit.framework.TestResult.run(TestResult.java:125)\n\tat junit.framework.TestCase.run(TestCase.java:129)\n\tat junit.framework.TestSuite.runTest(TestSuite.java:255)\n\tat junit.framework.TestSuite.run(TestSuite.java:250)\n\tat org.apache.tools.ant.taskdefs.optional.junit.JUnitTestRunner.run(JUnitTestRunner.java:520)\n\tat org.apache.tools.ant.taskdefs.optional.junit.JUnitTask.executeInVM(JUnitTask.java:1484)\n\tat org.apache.tools.ant.taskdefs.optional.junit.JUnitTask.execute(JUnitTask.java:872)\n\tat org.apache.tools.ant.taskdefs.optional.junit.JUnitTask.executeOrQueue(JUnitTask.java:1972)\n\tat org.apache.tools.ant.taskdefs.optional.junit.JUnitTask.execute1(JUnitTask.java:824)\n\tat org.apache.tools.ant.taskdefs.optional.junit.JUnitTask.execute(JUnitTask.java:2277)\n\tat org.apache.tools.ant.UnknownElement.execute(UnknownElement.java:291)\n\tat sun.reflect.GeneratedMethodAccessor4.invoke(Unknown Source)\n\tat sun.reflect.DelegatingMethodAccessorImpl.invoke(DelegatingMethodAccessorImpl.java:43)\n\tat java.lang.reflect.Method.invoke(Method.java:498)\n\tat org.apache.tools.ant.dispatch.DispatchUtils.execute(DispatchUtils.java:106)\n\tat org.apache.tools.ant.Task.perform(Task.java:348)\n\tat org.apache.tools.ant.Target.execute(Target.java:392)\n\tat org.apache.tools.ant.Target.performTasks(Target.java:413)\n\tat org.apache.tools.ant.Project.executeSortedTargets(Project.java:1399)\n\tat org.apache.tools.ant.Project.executeTarget(Project.java:1368)\n\tat org.apache.tools.ant.helper.DefaultExecutor.executeTargets(DefaultExecutor.java:41)\n\tat org.apache.tools.ant.Project.executeTargets(Project.java:1251)\n\tat org.apache.tools.ant.Main.runBuild(Main.java:811)\n\tat org.apache.tools.ant.Main.startAnt(Main.java:217)\n\tat org.apache.tools.ant.launch.Launcher.run(Launcher.java:280)\n\tat org.apache.tools.ant.launch.Launcher.main(Launcher.java:109)\nCaused by: java.lang.NullPointerException\n\t... 54 more\ncom.google.javascript.jscomp.ScopedAliasesTest::testIssue1103c\njunit.framework.AssertionFailedError: Unexpected error(s): JSC_GOOG_SCOPE_NON_ALIAS_LOCAL. The local variable a is in a goog.scope and is not an alias. at testcode line 1 : 52 expected:<0> but was:<1>\n\tat junit.framework.Assert.fail(Assert.java:57)\n\tat junit.framework.Assert.failNotEquals(Assert.java:329)\n\tat junit.framework.Assert.assertEquals(Assert.java:78)\n\tat junit.framework.Assert.assertEquals(Assert.java:234)\n\tat junit.framework.TestCase.assertEquals(TestCase.java:401)\n\tat com.google.javascript.jscomp.CompilerTestCase.test(CompilerTestCase.java:871)\n\tat com.google.javascript.jscomp.CompilerTestCase.test(CompilerTestCase.java:477)\n\tat com.google.javascript.jscomp.CompilerTestCase.test(CompilerTestCase.java:403)\n\tat com.google.javascript.jscomp.CompilerTestCase.test(CompilerTestCase.java:372)\n\tat com.google.javascript.jscomp.CompilerTestCase.test(CompilerTestCase.java:360)\n\tat com.google.javascript.jscomp.ScopedAliasesTest.testIssue1103c(ScopedAliasesTest.java:541)\n\tat sun.reflect.NativeMethodAccessorImpl.invoke0(Native Method)\n\tat sun.reflect.NativeMethodAccessorImpl.invoke(NativeMethodAccessorImpl.java:62)\n\tat sun.reflect.DelegatingMethodAccessorImpl.invoke(DelegatingMethodAccessorImpl.java:43)\n\tat java.lang.reflect.Method.invoke(Method.java:498)\n\tat junit.framework.TestCase.runTest(TestCase.java:176)\n\tat junit.framework.TestCase.runBare(TestCase.java:141)\n\tat junit.framework.TestResult$1.protect(TestResult.java:122)\n\tat junit.framework.TestResult.runProtected(TestResult.java:142)\n\tat junit.framework.TestResult.run(TestResult.java:125)\n\tat junit.framework.TestCase.run(TestCase.java:129)\n\tat junit.framework.TestSuite.runTest(TestSuite.java:255)\n\tat junit.framework.TestSuite.run(TestSuite.java:250)\n\tat org.apache.tools.ant.taskdefs.optional.junit.JUnitTestRunner.run(JUnitTestRunner.java:520)\n\tat org.apache.tools.ant.taskdefs.optional.junit.JUnitTask.executeInVM(JUnitTask.java:1484)\n\tat org.apache.tools.ant.taskdefs.optional.junit.JUnitTask.execute(JUnitTask.java:872)\n\tat org.apache.tools.ant.taskdefs.optional.junit.JUnitTask.executeOrQueue(JUnitTask.java:1972)\n\tat org.apache.tools.ant.taskdefs.optional.junit.JUnitTask.execute1(JUnitTask.java:824)\n\tat org.apache.tools.ant.taskdefs.optional.junit.JUnitTask.execute(JUnitTask.java:2277)\n\tat org.apache.tools.ant.UnknownElement.execute(UnknownElement.java:291)\n\tat sun.reflect.GeneratedMethodAccessor4.invoke(Unknown Source)\n\tat sun.reflect.DelegatingMethodAccessorImpl.invoke(DelegatingMethodAccessorImpl.java:43)\n\tat java.lang.reflect.Method.invoke(Method.java:498)\n\tat org.apache.tools.ant.dispatch.DispatchUtils.execute(DispatchUtils.java:106)\n\tat org.apache.tools.ant.Task.perform(Task.java:348)\n\tat org.apache.tools.ant.Target.execute(Target.java:392)\n\tat org.apache.tools.ant.Target.performTasks(Target.java:413)\n\tat org.apache.tools.ant.Project.executeSortedTargets(Project.java:1399)\n\tat org.apache.tools.ant.Project.executeTarget(Project.java:1368)\n\tat org.apache.tools.ant.helper.DefaultExecutor.executeTargets(DefaultExecutor.java:41)\n\tat org.apache.tools.ant.Project.executeTargets(Project.java:1251)\n\tat org.apache.tools.ant.Main.runBuild(Main.java:811)\n\tat org.apache.tools.ant.Main.startAnt(Main.java:217)\n\tat org.apache.tools.ant.launch.Launcher.run(Launcher.java:280)\n\tat org.apache.tools.ant.launch.Launcher.main(Launcher.java:109)\n\n\nThere is a bug in the above code, please help me locate it by considering the stack trace.\n\nPlease output **only one integer**: the line number of the buggy code (The code starts from line 1). Do not provide any explanations or additional content.\n",
        "prompt_fl_3": "\nsource code:\nprivate void parse(AbstractCompiler compiler) {\n    try {\n      ParserRunner.ParseResult result = ParserRunner.parse(sourceFile, sourceFile.getCode(),\n          compiler.getParserConfig(),\n          compiler.getDefaultErrorReporter(),\n          logger_);\n      root = result.ast;\n      compiler.setOldParseTree(sourceFile.getName(), result.oldAst);\n    } catch (IOException e) {\n      compiler.report(\n          JSError.make(AbstractCompiler.READ_ERROR, sourceFile.getName()));\n    }\n\n\n    if (root == null || compiler.hasHaltingErrors()) {\n        // Most passes try to report as many errors as possible,\n        // so there may already be errors. We only care if there were\n        // errors in the code we just parsed.\n      // There was a parse error or IOException, so use a dummy block.\n      root = IR.script();\n    } else {\n      compiler.prepareAst(root);\n    }\n\n    // Set the source name so that the compiler passes can track\n    // the source file and module.\n    root.setStaticSourceFile(sourceFile);\n  }\n\nstack trace:\ncom.google.javascript.jscomp.ScopedAliasesTest::testIssue1103a\njunit.framework.AssertionFailedError: Unexpected error(s): JSC_GOOG_SCOPE_NON_ALIAS_LOCAL. The local variable a is in a goog.scope and is not an alias. at testcode line 1 : 30 expected:<0> but was:<1>\n\tat junit.framework.Assert.fail(Assert.java:57)\n\tat junit.framework.Assert.failNotEquals(Assert.java:329)\n\tat junit.framework.Assert.assertEquals(Assert.java:78)\n\tat junit.framework.Assert.assertEquals(Assert.java:234)\n\tat junit.framework.TestCase.assertEquals(TestCase.java:401)\n\tat com.google.javascript.jscomp.CompilerTestCase.test(CompilerTestCase.java:871)\n\tat com.google.javascript.jscomp.CompilerTestCase.test(CompilerTestCase.java:477)\n\tat com.google.javascript.jscomp.CompilerTestCase.test(CompilerTestCase.java:403)\n\tat com.google.javascript.jscomp.CompilerTestCase.test(CompilerTestCase.java:372)\n\tat com.google.javascript.jscomp.CompilerTestCase.test(CompilerTestCase.java:360)\n\tat com.google.javascript.jscomp.ScopedAliasesTest.testIssue1103a(ScopedAliasesTest.java:526)\n\tat sun.reflect.NativeMethodAccessorImpl.invoke0(Native Method)\n\tat sun.reflect.NativeMethodAccessorImpl.invoke(NativeMethodAccessorImpl.java:62)\n\tat sun.reflect.DelegatingMethodAccessorImpl.invoke(DelegatingMethodAccessorImpl.java:43)\n\tat java.lang.reflect.Method.invoke(Method.java:498)\n\tat junit.framework.TestCase.runTest(TestCase.java:176)\n\tat junit.framework.TestCase.runBare(TestCase.java:141)\n\tat junit.framework.TestResult$1.protect(TestResult.java:122)\n\tat junit.framework.TestResult.runProtected(TestResult.java:142)\n\tat junit.framework.TestResult.run(TestResult.java:125)\n\tat junit.framework.TestCase.run(TestCase.java:129)\n\tat junit.framework.TestSuite.runTest(TestSuite.java:255)\n\tat junit.framework.TestSuite.run(TestSuite.java:250)\n\tat org.apache.tools.ant.taskdefs.optional.junit.JUnitTestRunner.run(JUnitTestRunner.java:520)\n\tat org.apache.tools.ant.taskdefs.optional.junit.JUnitTask.executeInVM(JUnitTask.java:1484)\n\tat org.apache.tools.ant.taskdefs.optional.junit.JUnitTask.execute(JUnitTask.java:872)\n\tat org.apache.tools.ant.taskdefs.optional.junit.JUnitTask.executeOrQueue(JUnitTask.java:1972)\n\tat org.apache.tools.ant.taskdefs.optional.junit.JUnitTask.execute1(JUnitTask.java:824)\n\tat org.apache.tools.ant.taskdefs.optional.junit.JUnitTask.execute(JUnitTask.java:2277)\n\tat org.apache.tools.ant.UnknownElement.execute(UnknownElement.java:291)\n\tat sun.reflect.GeneratedMethodAccessor4.invoke(Unknown Source)\n\tat sun.reflect.DelegatingMethodAccessorImpl.invoke(DelegatingMethodAccessorImpl.java:43)\n\tat java.lang.reflect.Method.invoke(Method.java:498)\n\tat org.apache.tools.ant.dispatch.DispatchUtils.execute(DispatchUtils.java:106)\n\tat org.apache.tools.ant.Task.perform(Task.java:348)\n\tat org.apache.tools.ant.Target.execute(Target.java:392)\n\tat org.apache.tools.ant.Target.performTasks(Target.java:413)\n\tat org.apache.tools.ant.Project.executeSortedTargets(Project.java:1399)\n\tat org.apache.tools.ant.Project.executeTarget(Project.java:1368)\n\tat org.apache.tools.ant.helper.DefaultExecutor.executeTargets(DefaultExecutor.java:41)\n\tat org.apache.tools.ant.Project.executeTargets(Project.java:1251)\n\tat org.apache.tools.ant.Main.runBuild(Main.java:811)\n\tat org.apache.tools.ant.Main.startAnt(Main.java:217)\n\tat org.apache.tools.ant.launch.Launcher.run(Launcher.java:280)\n\tat org.apache.tools.ant.launch.Launcher.main(Launcher.java:109)\ncom.google.javascript.jscomp.ScopedAliasesTest::testIssue1103b\njava.lang.RuntimeException: INTERNAL COMPILER ERROR.\nPlease report this problem.\nnull\n  Node(FUNCTION ): testcode:1:11\ngoog.scope(function () {  var a = foo, b, c = 1;});\n  Parent(CALL): testcode:1:0\ngoog.scope(function () {  var a = foo, b, c = 1;});\n\n\tat com.google.javascript.jscomp.Compiler.ensureLibraryInjected(Compiler.java:2554)\n\tat com.google.javascript.jscomp.ScopedAliases$Traversal.findAliases(ScopedAliases.java:373)\n\tat com.google.javascript.jscomp.ScopedAliases$Traversal.enterScope(ScopedAliases.java:298)\n\tat com.google.javascript.jscomp.NodeTraversal.pushScope(NodeTraversal.java:600)\n\tat com.google.javascript.jscomp.NodeTraversal.traverseFunction(NodeTraversal.java:558)\n\tat com.google.javascript.jscomp.NodeTraversal.traverseBranch(NodeTraversal.java:528)\n\tat com.google.javascript.jscomp.NodeTraversal.traverseBranch(NodeTraversal.java:534)\n\tat com.google.javascript.jscomp.NodeTraversal.traverseBranch(NodeTraversal.java:534)\n\tat com.google.javascript.jscomp.NodeTraversal.traverseBranch(NodeTraversal.java:534)\n\tat com.google.javascript.jscomp.NodeTraversal.traverseBranch(NodeTraversal.java:534)\n\tat com.google.javascript.jscomp.NodeTraversal.traverse(NodeTraversal.java:287)\n\tat com.google.javascript.jscomp.NodeTraversal.traverse(NodeTraversal.java:494)\n\tat com.google.javascript.jscomp.ScopedAliases.hotSwapScript(ScopedAliases.java:133)\n\tat com.google.javascript.jscomp.ScopedAliases.process(ScopedAliases.java:127)\n\tat com.google.javascript.jscomp.CompilerTestCase.test(CompilerTestCase.java:845)\n\tat com.google.javascript.jscomp.CompilerTestCase.test(CompilerTestCase.java:477)\n\tat com.google.javascript.jscomp.CompilerTestCase.test(CompilerTestCase.java:403)\n\tat com.google.javascript.jscomp.CompilerTestCase.test(CompilerTestCase.java:372)\n\tat com.google.javascript.jscomp.CompilerTestCase.test(CompilerTestCase.java:360)\n\tat com.google.javascript.jscomp.ScopedAliasesTest.testIssue1103b(ScopedAliasesTest.java:534)\n\tat sun.reflect.NativeMethodAccessorImpl.invoke0(Native Method)\n\tat sun.reflect.NativeMethodAccessorImpl.invoke(NativeMethodAccessorImpl.java:62)\n\tat sun.reflect.DelegatingMethodAccessorImpl.invoke(DelegatingMethodAccessorImpl.java:43)\n\tat java.lang.reflect.Method.invoke(Method.java:498)\n\tat junit.framework.TestCase.runTest(TestCase.java:176)\n\tat junit.framework.TestCase.runBare(TestCase.java:141)\n\tat junit.framework.TestResult$1.protect(TestResult.java:122)\n\tat junit.framework.TestResult.runProtected(TestResult.java:142)\n\tat junit.framework.TestResult.run(TestResult.java:125)\n\tat junit.framework.TestCase.run(TestCase.java:129)\n\tat junit.framework.TestSuite.runTest(TestSuite.java:255)\n\tat junit.framework.TestSuite.run(TestSuite.java:250)\n\tat org.apache.tools.ant.taskdefs.optional.junit.JUnitTestRunner.run(JUnitTestRunner.java:520)\n\tat org.apache.tools.ant.taskdefs.optional.junit.JUnitTask.executeInVM(JUnitTask.java:1484)\n\tat org.apache.tools.ant.taskdefs.optional.junit.JUnitTask.execute(JUnitTask.java:872)\n\tat org.apache.tools.ant.taskdefs.optional.junit.JUnitTask.executeOrQueue(JUnitTask.java:1972)\n\tat org.apache.tools.ant.taskdefs.optional.junit.JUnitTask.execute1(JUnitTask.java:824)\n\tat org.apache.tools.ant.taskdefs.optional.junit.JUnitTask.execute(JUnitTask.java:2277)\n\tat org.apache.tools.ant.UnknownElement.execute(UnknownElement.java:291)\n\tat sun.reflect.GeneratedMethodAccessor4.invoke(Unknown Source)\n\tat sun.reflect.DelegatingMethodAccessorImpl.invoke(DelegatingMethodAccessorImpl.java:43)\n\tat java.lang.reflect.Method.invoke(Method.java:498)\n\tat org.apache.tools.ant.dispatch.DispatchUtils.execute(DispatchUtils.java:106)\n\tat org.apache.tools.ant.Task.perform(Task.java:348)\n\tat org.apache.tools.ant.Target.execute(Target.java:392)\n\tat org.apache.tools.ant.Target.performTasks(Target.java:413)\n\tat org.apache.tools.ant.Project.executeSortedTargets(Project.java:1399)\n\tat org.apache.tools.ant.Project.executeTarget(Project.java:1368)\n\tat org.apache.tools.ant.helper.DefaultExecutor.executeTargets(DefaultExecutor.java:41)\n\tat org.apache.tools.ant.Project.executeTargets(Project.java:1251)\n\tat org.apache.tools.ant.Main.runBuild(Main.java:811)\n\tat org.apache.tools.ant.Main.startAnt(Main.java:217)\n\tat org.apache.tools.ant.launch.Launcher.run(Launcher.java:280)\n\tat org.apache.tools.ant.launch.Launcher.main(Launcher.java:109)\nCaused by: java.lang.NullPointerException\n\t... 54 more\ncom.google.javascript.jscomp.ScopedAliasesTest::testIssue1103c\njunit.framework.AssertionFailedError: Unexpected error(s): JSC_GOOG_SCOPE_NON_ALIAS_LOCAL. The local variable a is in a goog.scope and is not an alias. at testcode line 1 : 52 expected:<0> but was:<1>\n\tat junit.framework.Assert.fail(Assert.java:57)\n\tat junit.framework.Assert.failNotEquals(Assert.java:329)\n\tat junit.framework.Assert.assertEquals(Assert.java:78)\n\tat junit.framework.Assert.assertEquals(Assert.java:234)\n\tat junit.framework.TestCase.assertEquals(TestCase.java:401)\n\tat com.google.javascript.jscomp.CompilerTestCase.test(CompilerTestCase.java:871)\n\tat com.google.javascript.jscomp.CompilerTestCase.test(CompilerTestCase.java:477)\n\tat com.google.javascript.jscomp.CompilerTestCase.test(CompilerTestCase.java:403)\n\tat com.google.javascript.jscomp.CompilerTestCase.test(CompilerTestCase.java:372)\n\tat com.google.javascript.jscomp.CompilerTestCase.test(CompilerTestCase.java:360)\n\tat com.google.javascript.jscomp.ScopedAliasesTest.testIssue1103c(ScopedAliasesTest.java:541)\n\tat sun.reflect.NativeMethodAccessorImpl.invoke0(Native Method)\n\tat sun.reflect.NativeMethodAccessorImpl.invoke(NativeMethodAccessorImpl.java:62)\n\tat sun.reflect.DelegatingMethodAccessorImpl.invoke(DelegatingMethodAccessorImpl.java:43)\n\tat java.lang.reflect.Method.invoke(Method.java:498)\n\tat junit.framework.TestCase.runTest(TestCase.java:176)\n\tat junit.framework.TestCase.runBare(TestCase.java:141)\n\tat junit.framework.TestResult$1.protect(TestResult.java:122)\n\tat junit.framework.TestResult.runProtected(TestResult.java:142)\n\tat junit.framework.TestResult.run(TestResult.java:125)\n\tat junit.framework.TestCase.run(TestCase.java:129)\n\tat junit.framework.TestSuite.runTest(TestSuite.java:255)\n\tat junit.framework.TestSuite.run(TestSuite.java:250)\n\tat org.apache.tools.ant.taskdefs.optional.junit.JUnitTestRunner.run(JUnitTestRunner.java:520)\n\tat org.apache.tools.ant.taskdefs.optional.junit.JUnitTask.executeInVM(JUnitTask.java:1484)\n\tat org.apache.tools.ant.taskdefs.optional.junit.JUnitTask.execute(JUnitTask.java:872)\n\tat org.apache.tools.ant.taskdefs.optional.junit.JUnitTask.executeOrQueue(JUnitTask.java:1972)\n\tat org.apache.tools.ant.taskdefs.optional.junit.JUnitTask.execute1(JUnitTask.java:824)\n\tat org.apache.tools.ant.taskdefs.optional.junit.JUnitTask.execute(JUnitTask.java:2277)\n\tat org.apache.tools.ant.UnknownElement.execute(UnknownElement.java:291)\n\tat sun.reflect.GeneratedMethodAccessor4.invoke(Unknown Source)\n\tat sun.reflect.DelegatingMethodAccessorImpl.invoke(DelegatingMethodAccessorImpl.java:43)\n\tat java.lang.reflect.Method.invoke(Method.java:498)\n\tat org.apache.tools.ant.dispatch.DispatchUtils.execute(DispatchUtils.java:106)\n\tat org.apache.tools.ant.Task.perform(Task.java:348)\n\tat org.apache.tools.ant.Target.execute(Target.java:392)\n\tat org.apache.tools.ant.Target.performTasks(Target.java:413)\n\tat org.apache.tools.ant.Project.executeSortedTargets(Project.java:1399)\n\tat org.apache.tools.ant.Project.executeTarget(Project.java:1368)\n\tat org.apache.tools.ant.helper.DefaultExecutor.executeTargets(DefaultExecutor.java:41)\n\tat org.apache.tools.ant.Project.executeTargets(Project.java:1251)\n\tat org.apache.tools.ant.Main.runBuild(Main.java:811)\n\tat org.apache.tools.ant.Main.startAnt(Main.java:217)\n\tat org.apache.tools.ant.launch.Launcher.run(Launcher.java:280)\n\tat org.apache.tools.ant.launch.Launcher.main(Launcher.java:109)\n\n\nfailure assertion code:\ntest(\"goog.scope(function () {\" +\n\n\nThere is a bug in the above code, please help me locate it by considering the stack trace information and failure assertion code.\n\nPlease output **only one integer**: the line number of the buggy code (The code starts from line 1). Do not provide any explanations or additional content.\n",
        "prompt_fl_4": "\nsource code:\nprivate void parse(AbstractCompiler compiler) {\n    try {\n      ParserRunner.ParseResult result = ParserRunner.parse(sourceFile, sourceFile.getCode(),\n          compiler.getParserConfig(),\n          compiler.getDefaultErrorReporter(),\n          logger_);\n      root = result.ast;\n      compiler.setOldParseTree(sourceFile.getName(), result.oldAst);\n    } catch (IOException e) {\n      compiler.report(\n          JSError.make(AbstractCompiler.READ_ERROR, sourceFile.getName()));\n    }\n\n\n    if (root == null || compiler.hasHaltingErrors()) {\n        // Most passes try to report as many errors as possible,\n        // so there may already be errors. We only care if there were\n        // errors in the code we just parsed.\n      // There was a parse error or IOException, so use a dummy block.\n      root = IR.script();\n    } else {\n      compiler.prepareAst(root);\n    }\n\n    // Set the source name so that the compiler passes can track\n    // the source file and module.\n    root.setStaticSourceFile(sourceFile);\n  }\n\nThere is a bug in the above code, please help me locate it.\n\nOutput **only** the exact buggy statement, with no line numbers, explanations, or additional content. Your response should contain just the buggy code line. Do not include ```java or ``` markers in the response.\n",
        "prompt_fl_5": "\nsource code:\nprivate void parse(AbstractCompiler compiler) {\n    try {\n      ParserRunner.ParseResult result = ParserRunner.parse(sourceFile, sourceFile.getCode(),\n          compiler.getParserConfig(),\n          compiler.getDefaultErrorReporter(),\n          logger_);\n      root = result.ast;\n      compiler.setOldParseTree(sourceFile.getName(), result.oldAst);\n    } catch (IOException e) {\n      compiler.report(\n          JSError.make(AbstractCompiler.READ_ERROR, sourceFile.getName()));\n    }\n\n\n    if (root == null || compiler.hasHaltingErrors()) {\n        // Most passes try to report as many errors as possible,\n        // so there may already be errors. We only care if there were\n        // errors in the code we just parsed.\n      // There was a parse error or IOException, so use a dummy block.\n      root = IR.script();\n    } else {\n      compiler.prepareAst(root);\n    }\n\n    // Set the source name so that the compiler passes can track\n    // the source file and module.\n    root.setStaticSourceFile(sourceFile);\n  }\n\nstack trace:\ncom.google.javascript.jscomp.ScopedAliasesTest::testIssue1103a\njunit.framework.AssertionFailedError: Unexpected error(s): JSC_GOOG_SCOPE_NON_ALIAS_LOCAL. The local variable a is in a goog.scope and is not an alias. at testcode line 1 : 30 expected:<0> but was:<1>\n\tat junit.framework.Assert.fail(Assert.java:57)\n\tat junit.framework.Assert.failNotEquals(Assert.java:329)\n\tat junit.framework.Assert.assertEquals(Assert.java:78)\n\tat junit.framework.Assert.assertEquals(Assert.java:234)\n\tat junit.framework.TestCase.assertEquals(TestCase.java:401)\n\tat com.google.javascript.jscomp.CompilerTestCase.test(CompilerTestCase.java:871)\n\tat com.google.javascript.jscomp.CompilerTestCase.test(CompilerTestCase.java:477)\n\tat com.google.javascript.jscomp.CompilerTestCase.test(CompilerTestCase.java:403)\n\tat com.google.javascript.jscomp.CompilerTestCase.test(CompilerTestCase.java:372)\n\tat com.google.javascript.jscomp.CompilerTestCase.test(CompilerTestCase.java:360)\n\tat com.google.javascript.jscomp.ScopedAliasesTest.testIssue1103a(ScopedAliasesTest.java:526)\n\tat sun.reflect.NativeMethodAccessorImpl.invoke0(Native Method)\n\tat sun.reflect.NativeMethodAccessorImpl.invoke(NativeMethodAccessorImpl.java:62)\n\tat sun.reflect.DelegatingMethodAccessorImpl.invoke(DelegatingMethodAccessorImpl.java:43)\n\tat java.lang.reflect.Method.invoke(Method.java:498)\n\tat junit.framework.TestCase.runTest(TestCase.java:176)\n\tat junit.framework.TestCase.runBare(TestCase.java:141)\n\tat junit.framework.TestResult$1.protect(TestResult.java:122)\n\tat junit.framework.TestResult.runProtected(TestResult.java:142)\n\tat junit.framework.TestResult.run(TestResult.java:125)\n\tat junit.framework.TestCase.run(TestCase.java:129)\n\tat junit.framework.TestSuite.runTest(TestSuite.java:255)\n\tat junit.framework.TestSuite.run(TestSuite.java:250)\n\tat org.apache.tools.ant.taskdefs.optional.junit.JUnitTestRunner.run(JUnitTestRunner.java:520)\n\tat org.apache.tools.ant.taskdefs.optional.junit.JUnitTask.executeInVM(JUnitTask.java:1484)\n\tat org.apache.tools.ant.taskdefs.optional.junit.JUnitTask.execute(JUnitTask.java:872)\n\tat org.apache.tools.ant.taskdefs.optional.junit.JUnitTask.executeOrQueue(JUnitTask.java:1972)\n\tat org.apache.tools.ant.taskdefs.optional.junit.JUnitTask.execute1(JUnitTask.java:824)\n\tat org.apache.tools.ant.taskdefs.optional.junit.JUnitTask.execute(JUnitTask.java:2277)\n\tat org.apache.tools.ant.UnknownElement.execute(UnknownElement.java:291)\n\tat sun.reflect.GeneratedMethodAccessor4.invoke(Unknown Source)\n\tat sun.reflect.DelegatingMethodAccessorImpl.invoke(DelegatingMethodAccessorImpl.java:43)\n\tat java.lang.reflect.Method.invoke(Method.java:498)\n\tat org.apache.tools.ant.dispatch.DispatchUtils.execute(DispatchUtils.java:106)\n\tat org.apache.tools.ant.Task.perform(Task.java:348)\n\tat org.apache.tools.ant.Target.execute(Target.java:392)\n\tat org.apache.tools.ant.Target.performTasks(Target.java:413)\n\tat org.apache.tools.ant.Project.executeSortedTargets(Project.java:1399)\n\tat org.apache.tools.ant.Project.executeTarget(Project.java:1368)\n\tat org.apache.tools.ant.helper.DefaultExecutor.executeTargets(DefaultExecutor.java:41)\n\tat org.apache.tools.ant.Project.executeTargets(Project.java:1251)\n\tat org.apache.tools.ant.Main.runBuild(Main.java:811)\n\tat org.apache.tools.ant.Main.startAnt(Main.java:217)\n\tat org.apache.tools.ant.launch.Launcher.run(Launcher.java:280)\n\tat org.apache.tools.ant.launch.Launcher.main(Launcher.java:109)\ncom.google.javascript.jscomp.ScopedAliasesTest::testIssue1103b\njava.lang.RuntimeException: INTERNAL COMPILER ERROR.\nPlease report this problem.\nnull\n  Node(FUNCTION ): testcode:1:11\ngoog.scope(function () {  var a = foo, b, c = 1;});\n  Parent(CALL): testcode:1:0\ngoog.scope(function () {  var a = foo, b, c = 1;});\n\n\tat com.google.javascript.jscomp.Compiler.ensureLibraryInjected(Compiler.java:2554)\n\tat com.google.javascript.jscomp.ScopedAliases$Traversal.findAliases(ScopedAliases.java:373)\n\tat com.google.javascript.jscomp.ScopedAliases$Traversal.enterScope(ScopedAliases.java:298)\n\tat com.google.javascript.jscomp.NodeTraversal.pushScope(NodeTraversal.java:600)\n\tat com.google.javascript.jscomp.NodeTraversal.traverseFunction(NodeTraversal.java:558)\n\tat com.google.javascript.jscomp.NodeTraversal.traverseBranch(NodeTraversal.java:528)\n\tat com.google.javascript.jscomp.NodeTraversal.traverseBranch(NodeTraversal.java:534)\n\tat com.google.javascript.jscomp.NodeTraversal.traverseBranch(NodeTraversal.java:534)\n\tat com.google.javascript.jscomp.NodeTraversal.traverseBranch(NodeTraversal.java:534)\n\tat com.google.javascript.jscomp.NodeTraversal.traverseBranch(NodeTraversal.java:534)\n\tat com.google.javascript.jscomp.NodeTraversal.traverse(NodeTraversal.java:287)\n\tat com.google.javascript.jscomp.NodeTraversal.traverse(NodeTraversal.java:494)\n\tat com.google.javascript.jscomp.ScopedAliases.hotSwapScript(ScopedAliases.java:133)\n\tat com.google.javascript.jscomp.ScopedAliases.process(ScopedAliases.java:127)\n\tat com.google.javascript.jscomp.CompilerTestCase.test(CompilerTestCase.java:845)\n\tat com.google.javascript.jscomp.CompilerTestCase.test(CompilerTestCase.java:477)\n\tat com.google.javascript.jscomp.CompilerTestCase.test(CompilerTestCase.java:403)\n\tat com.google.javascript.jscomp.CompilerTestCase.test(CompilerTestCase.java:372)\n\tat com.google.javascript.jscomp.CompilerTestCase.test(CompilerTestCase.java:360)\n\tat com.google.javascript.jscomp.ScopedAliasesTest.testIssue1103b(ScopedAliasesTest.java:534)\n\tat sun.reflect.NativeMethodAccessorImpl.invoke0(Native Method)\n\tat sun.reflect.NativeMethodAccessorImpl.invoke(NativeMethodAccessorImpl.java:62)\n\tat sun.reflect.DelegatingMethodAccessorImpl.invoke(DelegatingMethodAccessorImpl.java:43)\n\tat java.lang.reflect.Method.invoke(Method.java:498)\n\tat junit.framework.TestCase.runTest(TestCase.java:176)\n\tat junit.framework.TestCase.runBare(TestCase.java:141)\n\tat junit.framework.TestResult$1.protect(TestResult.java:122)\n\tat junit.framework.TestResult.runProtected(TestResult.java:142)\n\tat junit.framework.TestResult.run(TestResult.java:125)\n\tat junit.framework.TestCase.run(TestCase.java:129)\n\tat junit.framework.TestSuite.runTest(TestSuite.java:255)\n\tat junit.framework.TestSuite.run(TestSuite.java:250)\n\tat org.apache.tools.ant.taskdefs.optional.junit.JUnitTestRunner.run(JUnitTestRunner.java:520)\n\tat org.apache.tools.ant.taskdefs.optional.junit.JUnitTask.executeInVM(JUnitTask.java:1484)\n\tat org.apache.tools.ant.taskdefs.optional.junit.JUnitTask.execute(JUnitTask.java:872)\n\tat org.apache.tools.ant.taskdefs.optional.junit.JUnitTask.executeOrQueue(JUnitTask.java:1972)\n\tat org.apache.tools.ant.taskdefs.optional.junit.JUnitTask.execute1(JUnitTask.java:824)\n\tat org.apache.tools.ant.taskdefs.optional.junit.JUnitTask.execute(JUnitTask.java:2277)\n\tat org.apache.tools.ant.UnknownElement.execute(UnknownElement.java:291)\n\tat sun.reflect.GeneratedMethodAccessor4.invoke(Unknown Source)\n\tat sun.reflect.DelegatingMethodAccessorImpl.invoke(DelegatingMethodAccessorImpl.java:43)\n\tat java.lang.reflect.Method.invoke(Method.java:498)\n\tat org.apache.tools.ant.dispatch.DispatchUtils.execute(DispatchUtils.java:106)\n\tat org.apache.tools.ant.Task.perform(Task.java:348)\n\tat org.apache.tools.ant.Target.execute(Target.java:392)\n\tat org.apache.tools.ant.Target.performTasks(Target.java:413)\n\tat org.apache.tools.ant.Project.executeSortedTargets(Project.java:1399)\n\tat org.apache.tools.ant.Project.executeTarget(Project.java:1368)\n\tat org.apache.tools.ant.helper.DefaultExecutor.executeTargets(DefaultExecutor.java:41)\n\tat org.apache.tools.ant.Project.executeTargets(Project.java:1251)\n\tat org.apache.tools.ant.Main.runBuild(Main.java:811)\n\tat org.apache.tools.ant.Main.startAnt(Main.java:217)\n\tat org.apache.tools.ant.launch.Launcher.run(Launcher.java:280)\n\tat org.apache.tools.ant.launch.Launcher.main(Launcher.java:109)\nCaused by: java.lang.NullPointerException\n\t... 54 more\ncom.google.javascript.jscomp.ScopedAliasesTest::testIssue1103c\njunit.framework.AssertionFailedError: Unexpected error(s): JSC_GOOG_SCOPE_NON_ALIAS_LOCAL. The local variable a is in a goog.scope and is not an alias. at testcode line 1 : 52 expected:<0> but was:<1>\n\tat junit.framework.Assert.fail(Assert.java:57)\n\tat junit.framework.Assert.failNotEquals(Assert.java:329)\n\tat junit.framework.Assert.assertEquals(Assert.java:78)\n\tat junit.framework.Assert.assertEquals(Assert.java:234)\n\tat junit.framework.TestCase.assertEquals(TestCase.java:401)\n\tat com.google.javascript.jscomp.CompilerTestCase.test(CompilerTestCase.java:871)\n\tat com.google.javascript.jscomp.CompilerTestCase.test(CompilerTestCase.java:477)\n\tat com.google.javascript.jscomp.CompilerTestCase.test(CompilerTestCase.java:403)\n\tat com.google.javascript.jscomp.CompilerTestCase.test(CompilerTestCase.java:372)\n\tat com.google.javascript.jscomp.CompilerTestCase.test(CompilerTestCase.java:360)\n\tat com.google.javascript.jscomp.ScopedAliasesTest.testIssue1103c(ScopedAliasesTest.java:541)\n\tat sun.reflect.NativeMethodAccessorImpl.invoke0(Native Method)\n\tat sun.reflect.NativeMethodAccessorImpl.invoke(NativeMethodAccessorImpl.java:62)\n\tat sun.reflect.DelegatingMethodAccessorImpl.invoke(DelegatingMethodAccessorImpl.java:43)\n\tat java.lang.reflect.Method.invoke(Method.java:498)\n\tat junit.framework.TestCase.runTest(TestCase.java:176)\n\tat junit.framework.TestCase.runBare(TestCase.java:141)\n\tat junit.framework.TestResult$1.protect(TestResult.java:122)\n\tat junit.framework.TestResult.runProtected(TestResult.java:142)\n\tat junit.framework.TestResult.run(TestResult.java:125)\n\tat junit.framework.TestCase.run(TestCase.java:129)\n\tat junit.framework.TestSuite.runTest(TestSuite.java:255)\n\tat junit.framework.TestSuite.run(TestSuite.java:250)\n\tat org.apache.tools.ant.taskdefs.optional.junit.JUnitTestRunner.run(JUnitTestRunner.java:520)\n\tat org.apache.tools.ant.taskdefs.optional.junit.JUnitTask.executeInVM(JUnitTask.java:1484)\n\tat org.apache.tools.ant.taskdefs.optional.junit.JUnitTask.execute(JUnitTask.java:872)\n\tat org.apache.tools.ant.taskdefs.optional.junit.JUnitTask.executeOrQueue(JUnitTask.java:1972)\n\tat org.apache.tools.ant.taskdefs.optional.junit.JUnitTask.execute1(JUnitTask.java:824)\n\tat org.apache.tools.ant.taskdefs.optional.junit.JUnitTask.execute(JUnitTask.java:2277)\n\tat org.apache.tools.ant.UnknownElement.execute(UnknownElement.java:291)\n\tat sun.reflect.GeneratedMethodAccessor4.invoke(Unknown Source)\n\tat sun.reflect.DelegatingMethodAccessorImpl.invoke(DelegatingMethodAccessorImpl.java:43)\n\tat java.lang.reflect.Method.invoke(Method.java:498)\n\tat org.apache.tools.ant.dispatch.DispatchUtils.execute(DispatchUtils.java:106)\n\tat org.apache.tools.ant.Task.perform(Task.java:348)\n\tat org.apache.tools.ant.Target.execute(Target.java:392)\n\tat org.apache.tools.ant.Target.performTasks(Target.java:413)\n\tat org.apache.tools.ant.Project.executeSortedTargets(Project.java:1399)\n\tat org.apache.tools.ant.Project.executeTarget(Project.java:1368)\n\tat org.apache.tools.ant.helper.DefaultExecutor.executeTargets(DefaultExecutor.java:41)\n\tat org.apache.tools.ant.Project.executeTargets(Project.java:1251)\n\tat org.apache.tools.ant.Main.runBuild(Main.java:811)\n\tat org.apache.tools.ant.Main.startAnt(Main.java:217)\n\tat org.apache.tools.ant.launch.Launcher.run(Launcher.java:280)\n\tat org.apache.tools.ant.launch.Launcher.main(Launcher.java:109)\n\n\nThere is a bug in the above code, please help me locate it by considering the stack trace.\n\nOutput **only** the exact buggy statement, with no line numbers, explanations, or additional content. Your response should contain just the buggy code line. Do not include ```java or ``` markers in the response.\n",
        "prompt_fl_6": "\nsource code:\nprivate void parse(AbstractCompiler compiler) {\n    try {\n      ParserRunner.ParseResult result = ParserRunner.parse(sourceFile, sourceFile.getCode(),\n          compiler.getParserConfig(),\n          compiler.getDefaultErrorReporter(),\n          logger_);\n      root = result.ast;\n      compiler.setOldParseTree(sourceFile.getName(), result.oldAst);\n    } catch (IOException e) {\n      compiler.report(\n          JSError.make(AbstractCompiler.READ_ERROR, sourceFile.getName()));\n    }\n\n\n    if (root == null || compiler.hasHaltingErrors()) {\n        // Most passes try to report as many errors as possible,\n        // so there may already be errors. We only care if there were\n        // errors in the code we just parsed.\n      // There was a parse error or IOException, so use a dummy block.\n      root = IR.script();\n    } else {\n      compiler.prepareAst(root);\n    }\n\n    // Set the source name so that the compiler passes can track\n    // the source file and module.\n    root.setStaticSourceFile(sourceFile);\n  }\n\nstack trace:\ncom.google.javascript.jscomp.ScopedAliasesTest::testIssue1103a\njunit.framework.AssertionFailedError: Unexpected error(s): JSC_GOOG_SCOPE_NON_ALIAS_LOCAL. The local variable a is in a goog.scope and is not an alias. at testcode line 1 : 30 expected:<0> but was:<1>\n\tat junit.framework.Assert.fail(Assert.java:57)\n\tat junit.framework.Assert.failNotEquals(Assert.java:329)\n\tat junit.framework.Assert.assertEquals(Assert.java:78)\n\tat junit.framework.Assert.assertEquals(Assert.java:234)\n\tat junit.framework.TestCase.assertEquals(TestCase.java:401)\n\tat com.google.javascript.jscomp.CompilerTestCase.test(CompilerTestCase.java:871)\n\tat com.google.javascript.jscomp.CompilerTestCase.test(CompilerTestCase.java:477)\n\tat com.google.javascript.jscomp.CompilerTestCase.test(CompilerTestCase.java:403)\n\tat com.google.javascript.jscomp.CompilerTestCase.test(CompilerTestCase.java:372)\n\tat com.google.javascript.jscomp.CompilerTestCase.test(CompilerTestCase.java:360)\n\tat com.google.javascript.jscomp.ScopedAliasesTest.testIssue1103a(ScopedAliasesTest.java:526)\n\tat sun.reflect.NativeMethodAccessorImpl.invoke0(Native Method)\n\tat sun.reflect.NativeMethodAccessorImpl.invoke(NativeMethodAccessorImpl.java:62)\n\tat sun.reflect.DelegatingMethodAccessorImpl.invoke(DelegatingMethodAccessorImpl.java:43)\n\tat java.lang.reflect.Method.invoke(Method.java:498)\n\tat junit.framework.TestCase.runTest(TestCase.java:176)\n\tat junit.framework.TestCase.runBare(TestCase.java:141)\n\tat junit.framework.TestResult$1.protect(TestResult.java:122)\n\tat junit.framework.TestResult.runProtected(TestResult.java:142)\n\tat junit.framework.TestResult.run(TestResult.java:125)\n\tat junit.framework.TestCase.run(TestCase.java:129)\n\tat junit.framework.TestSuite.runTest(TestSuite.java:255)\n\tat junit.framework.TestSuite.run(TestSuite.java:250)\n\tat org.apache.tools.ant.taskdefs.optional.junit.JUnitTestRunner.run(JUnitTestRunner.java:520)\n\tat org.apache.tools.ant.taskdefs.optional.junit.JUnitTask.executeInVM(JUnitTask.java:1484)\n\tat org.apache.tools.ant.taskdefs.optional.junit.JUnitTask.execute(JUnitTask.java:872)\n\tat org.apache.tools.ant.taskdefs.optional.junit.JUnitTask.executeOrQueue(JUnitTask.java:1972)\n\tat org.apache.tools.ant.taskdefs.optional.junit.JUnitTask.execute1(JUnitTask.java:824)\n\tat org.apache.tools.ant.taskdefs.optional.junit.JUnitTask.execute(JUnitTask.java:2277)\n\tat org.apache.tools.ant.UnknownElement.execute(UnknownElement.java:291)\n\tat sun.reflect.GeneratedMethodAccessor4.invoke(Unknown Source)\n\tat sun.reflect.DelegatingMethodAccessorImpl.invoke(DelegatingMethodAccessorImpl.java:43)\n\tat java.lang.reflect.Method.invoke(Method.java:498)\n\tat org.apache.tools.ant.dispatch.DispatchUtils.execute(DispatchUtils.java:106)\n\tat org.apache.tools.ant.Task.perform(Task.java:348)\n\tat org.apache.tools.ant.Target.execute(Target.java:392)\n\tat org.apache.tools.ant.Target.performTasks(Target.java:413)\n\tat org.apache.tools.ant.Project.executeSortedTargets(Project.java:1399)\n\tat org.apache.tools.ant.Project.executeTarget(Project.java:1368)\n\tat org.apache.tools.ant.helper.DefaultExecutor.executeTargets(DefaultExecutor.java:41)\n\tat org.apache.tools.ant.Project.executeTargets(Project.java:1251)\n\tat org.apache.tools.ant.Main.runBuild(Main.java:811)\n\tat org.apache.tools.ant.Main.startAnt(Main.java:217)\n\tat org.apache.tools.ant.launch.Launcher.run(Launcher.java:280)\n\tat org.apache.tools.ant.launch.Launcher.main(Launcher.java:109)\ncom.google.javascript.jscomp.ScopedAliasesTest::testIssue1103b\njava.lang.RuntimeException: INTERNAL COMPILER ERROR.\nPlease report this problem.\nnull\n  Node(FUNCTION ): testcode:1:11\ngoog.scope(function () {  var a = foo, b, c = 1;});\n  Parent(CALL): testcode:1:0\ngoog.scope(function () {  var a = foo, b, c = 1;});\n\n\tat com.google.javascript.jscomp.Compiler.ensureLibraryInjected(Compiler.java:2554)\n\tat com.google.javascript.jscomp.ScopedAliases$Traversal.findAliases(ScopedAliases.java:373)\n\tat com.google.javascript.jscomp.ScopedAliases$Traversal.enterScope(ScopedAliases.java:298)\n\tat com.google.javascript.jscomp.NodeTraversal.pushScope(NodeTraversal.java:600)\n\tat com.google.javascript.jscomp.NodeTraversal.traverseFunction(NodeTraversal.java:558)\n\tat com.google.javascript.jscomp.NodeTraversal.traverseBranch(NodeTraversal.java:528)\n\tat com.google.javascript.jscomp.NodeTraversal.traverseBranch(NodeTraversal.java:534)\n\tat com.google.javascript.jscomp.NodeTraversal.traverseBranch(NodeTraversal.java:534)\n\tat com.google.javascript.jscomp.NodeTraversal.traverseBranch(NodeTraversal.java:534)\n\tat com.google.javascript.jscomp.NodeTraversal.traverseBranch(NodeTraversal.java:534)\n\tat com.google.javascript.jscomp.NodeTraversal.traverse(NodeTraversal.java:287)\n\tat com.google.javascript.jscomp.NodeTraversal.traverse(NodeTraversal.java:494)\n\tat com.google.javascript.jscomp.ScopedAliases.hotSwapScript(ScopedAliases.java:133)\n\tat com.google.javascript.jscomp.ScopedAliases.process(ScopedAliases.java:127)\n\tat com.google.javascript.jscomp.CompilerTestCase.test(CompilerTestCase.java:845)\n\tat com.google.javascript.jscomp.CompilerTestCase.test(CompilerTestCase.java:477)\n\tat com.google.javascript.jscomp.CompilerTestCase.test(CompilerTestCase.java:403)\n\tat com.google.javascript.jscomp.CompilerTestCase.test(CompilerTestCase.java:372)\n\tat com.google.javascript.jscomp.CompilerTestCase.test(CompilerTestCase.java:360)\n\tat com.google.javascript.jscomp.ScopedAliasesTest.testIssue1103b(ScopedAliasesTest.java:534)\n\tat sun.reflect.NativeMethodAccessorImpl.invoke0(Native Method)\n\tat sun.reflect.NativeMethodAccessorImpl.invoke(NativeMethodAccessorImpl.java:62)\n\tat sun.reflect.DelegatingMethodAccessorImpl.invoke(DelegatingMethodAccessorImpl.java:43)\n\tat java.lang.reflect.Method.invoke(Method.java:498)\n\tat junit.framework.TestCase.runTest(TestCase.java:176)\n\tat junit.framework.TestCase.runBare(TestCase.java:141)\n\tat junit.framework.TestResult$1.protect(TestResult.java:122)\n\tat junit.framework.TestResult.runProtected(TestResult.java:142)\n\tat junit.framework.TestResult.run(TestResult.java:125)\n\tat junit.framework.TestCase.run(TestCase.java:129)\n\tat junit.framework.TestSuite.runTest(TestSuite.java:255)\n\tat junit.framework.TestSuite.run(TestSuite.java:250)\n\tat org.apache.tools.ant.taskdefs.optional.junit.JUnitTestRunner.run(JUnitTestRunner.java:520)\n\tat org.apache.tools.ant.taskdefs.optional.junit.JUnitTask.executeInVM(JUnitTask.java:1484)\n\tat org.apache.tools.ant.taskdefs.optional.junit.JUnitTask.execute(JUnitTask.java:872)\n\tat org.apache.tools.ant.taskdefs.optional.junit.JUnitTask.executeOrQueue(JUnitTask.java:1972)\n\tat org.apache.tools.ant.taskdefs.optional.junit.JUnitTask.execute1(JUnitTask.java:824)\n\tat org.apache.tools.ant.taskdefs.optional.junit.JUnitTask.execute(JUnitTask.java:2277)\n\tat org.apache.tools.ant.UnknownElement.execute(UnknownElement.java:291)\n\tat sun.reflect.GeneratedMethodAccessor4.invoke(Unknown Source)\n\tat sun.reflect.DelegatingMethodAccessorImpl.invoke(DelegatingMethodAccessorImpl.java:43)\n\tat java.lang.reflect.Method.invoke(Method.java:498)\n\tat org.apache.tools.ant.dispatch.DispatchUtils.execute(DispatchUtils.java:106)\n\tat org.apache.tools.ant.Task.perform(Task.java:348)\n\tat org.apache.tools.ant.Target.execute(Target.java:392)\n\tat org.apache.tools.ant.Target.performTasks(Target.java:413)\n\tat org.apache.tools.ant.Project.executeSortedTargets(Project.java:1399)\n\tat org.apache.tools.ant.Project.executeTarget(Project.java:1368)\n\tat org.apache.tools.ant.helper.DefaultExecutor.executeTargets(DefaultExecutor.java:41)\n\tat org.apache.tools.ant.Project.executeTargets(Project.java:1251)\n\tat org.apache.tools.ant.Main.runBuild(Main.java:811)\n\tat org.apache.tools.ant.Main.startAnt(Main.java:217)\n\tat org.apache.tools.ant.launch.Launcher.run(Launcher.java:280)\n\tat org.apache.tools.ant.launch.Launcher.main(Launcher.java:109)\nCaused by: java.lang.NullPointerException\n\t... 54 more\ncom.google.javascript.jscomp.ScopedAliasesTest::testIssue1103c\njunit.framework.AssertionFailedError: Unexpected error(s): JSC_GOOG_SCOPE_NON_ALIAS_LOCAL. The local variable a is in a goog.scope and is not an alias. at testcode line 1 : 52 expected:<0> but was:<1>\n\tat junit.framework.Assert.fail(Assert.java:57)\n\tat junit.framework.Assert.failNotEquals(Assert.java:329)\n\tat junit.framework.Assert.assertEquals(Assert.java:78)\n\tat junit.framework.Assert.assertEquals(Assert.java:234)\n\tat junit.framework.TestCase.assertEquals(TestCase.java:401)\n\tat com.google.javascript.jscomp.CompilerTestCase.test(CompilerTestCase.java:871)\n\tat com.google.javascript.jscomp.CompilerTestCase.test(CompilerTestCase.java:477)\n\tat com.google.javascript.jscomp.CompilerTestCase.test(CompilerTestCase.java:403)\n\tat com.google.javascript.jscomp.CompilerTestCase.test(CompilerTestCase.java:372)\n\tat com.google.javascript.jscomp.CompilerTestCase.test(CompilerTestCase.java:360)\n\tat com.google.javascript.jscomp.ScopedAliasesTest.testIssue1103c(ScopedAliasesTest.java:541)\n\tat sun.reflect.NativeMethodAccessorImpl.invoke0(Native Method)\n\tat sun.reflect.NativeMethodAccessorImpl.invoke(NativeMethodAccessorImpl.java:62)\n\tat sun.reflect.DelegatingMethodAccessorImpl.invoke(DelegatingMethodAccessorImpl.java:43)\n\tat java.lang.reflect.Method.invoke(Method.java:498)\n\tat junit.framework.TestCase.runTest(TestCase.java:176)\n\tat junit.framework.TestCase.runBare(TestCase.java:141)\n\tat junit.framework.TestResult$1.protect(TestResult.java:122)\n\tat junit.framework.TestResult.runProtected(TestResult.java:142)\n\tat junit.framework.TestResult.run(TestResult.java:125)\n\tat junit.framework.TestCase.run(TestCase.java:129)\n\tat junit.framework.TestSuite.runTest(TestSuite.java:255)\n\tat junit.framework.TestSuite.run(TestSuite.java:250)\n\tat org.apache.tools.ant.taskdefs.optional.junit.JUnitTestRunner.run(JUnitTestRunner.java:520)\n\tat org.apache.tools.ant.taskdefs.optional.junit.JUnitTask.executeInVM(JUnitTask.java:1484)\n\tat org.apache.tools.ant.taskdefs.optional.junit.JUnitTask.execute(JUnitTask.java:872)\n\tat org.apache.tools.ant.taskdefs.optional.junit.JUnitTask.executeOrQueue(JUnitTask.java:1972)\n\tat org.apache.tools.ant.taskdefs.optional.junit.JUnitTask.execute1(JUnitTask.java:824)\n\tat org.apache.tools.ant.taskdefs.optional.junit.JUnitTask.execute(JUnitTask.java:2277)\n\tat org.apache.tools.ant.UnknownElement.execute(UnknownElement.java:291)\n\tat sun.reflect.GeneratedMethodAccessor4.invoke(Unknown Source)\n\tat sun.reflect.DelegatingMethodAccessorImpl.invoke(DelegatingMethodAccessorImpl.java:43)\n\tat java.lang.reflect.Method.invoke(Method.java:498)\n\tat org.apache.tools.ant.dispatch.DispatchUtils.execute(DispatchUtils.java:106)\n\tat org.apache.tools.ant.Task.perform(Task.java:348)\n\tat org.apache.tools.ant.Target.execute(Target.java:392)\n\tat org.apache.tools.ant.Target.performTasks(Target.java:413)\n\tat org.apache.tools.ant.Project.executeSortedTargets(Project.java:1399)\n\tat org.apache.tools.ant.Project.executeTarget(Project.java:1368)\n\tat org.apache.tools.ant.helper.DefaultExecutor.executeTargets(DefaultExecutor.java:41)\n\tat org.apache.tools.ant.Project.executeTargets(Project.java:1251)\n\tat org.apache.tools.ant.Main.runBuild(Main.java:811)\n\tat org.apache.tools.ant.Main.startAnt(Main.java:217)\n\tat org.apache.tools.ant.launch.Launcher.run(Launcher.java:280)\n\tat org.apache.tools.ant.launch.Launcher.main(Launcher.java:109)\n\n\nfailure assertion code:\ntest(\"goog.scope(function () {\" +\n\n\nThere is a bug in the above code, please help me locate it by considering the stack trace information and failure assertion code.\n\nOutput **only** the exact buggy statement, with no line numbers, explanations, or additional content. Your response should contain just the buggy code line. Do not include ```java or ``` markers in the response.\n",
        "prompt_apr_1": "\nprivate void parse(AbstractCompiler compiler) {\n    try {\n      ParserRunner.ParseResult result = ParserRunner.parse(sourceFile, sourceFile.getCode(),\n          compiler.getParserConfig(),\n          compiler.getDefaultErrorReporter(),\n          logger_);\n      root = result.ast;\n      compiler.setOldParseTree(sourceFile.getName(), result.oldAst);\n    } catch (IOException e) {\n      compiler.report(\n          JSError.make(AbstractCompiler.READ_ERROR, sourceFile.getName()));\n    }\n\n\n    if (root == null || compiler.hasHaltingErrors()) {\n        // Most passes try to report as many errors as possible,\n        // so there may already be errors. We only care if there were\n        // errors in the code we just parsed.\n      // There was a parse error or IOException, so use a dummy block.\n      root = IR.script();\n    } else {\n      compiler.prepareAst(root);\n    }\n\n    // Set the source name so that the compiler passes can track\n    // the source file and module.\n    root.setStaticSourceFile(sourceFile);\n  }\n\nThere is a bug in line [15] of the code, please help me fix it.\n\nPlease return the **complete corrected method**. Do not skip or omit any part of the code. Do not include ```java or ``` markers in the response.\n",
        "prompt_apr_2": "\nprivate void parse(AbstractCompiler compiler) {\n    try {\n      ParserRunner.ParseResult result = ParserRunner.parse(sourceFile, sourceFile.getCode(),\n          compiler.getParserConfig(),\n          compiler.getDefaultErrorReporter(),\n          logger_);\n      root = result.ast;\n      compiler.setOldParseTree(sourceFile.getName(), result.oldAst);\n    } catch (IOException e) {\n      compiler.report(\n          JSError.make(AbstractCompiler.READ_ERROR, sourceFile.getName()));\n    }\n\n\n    if (root == null || compiler.hasHaltingErrors()) {\n        // Most passes try to report as many errors as possible,\n        // so there may already be errors. We only care if there were\n        // errors in the code we just parsed.\n      // There was a parse error or IOException, so use a dummy block.\n      root = IR.script();\n    } else {\n      compiler.prepareAst(root);\n    }\n\n    // Set the source name so that the compiler passes can track\n    // the source file and module.\n    root.setStaticSourceFile(sourceFile);\n  }\n\nThere is a bug in ['    if (root == null || compiler.hasHaltingErrors()) {'] , please help me fix it. \n\nPlease return the **complete corrected method**. Do not skip or omit any part of the code. Do not include ```java or ``` markers in the response.\n",
        "prompt_apr_3": "\nprivate void parse(AbstractCompiler compiler) {\n    try {\n      ParserRunner.ParseResult result = ParserRunner.parse(sourceFile, sourceFile.getCode(),\n          compiler.getParserConfig(),\n          compiler.getDefaultErrorReporter(),\n          logger_);\n      root = result.ast;\n      compiler.setOldParseTree(sourceFile.getName(), result.oldAst);\n    } catch (IOException e) {\n      compiler.report(\n          JSError.make(AbstractCompiler.READ_ERROR, sourceFile.getName()));\n    }\n\n\n    if (root == null || compiler.hasHaltingErrors()) {\n\nThere is a bug in the last statement, please help me fix it.\n\nReturn the code **only from the method declaration to the fixed statement**, without completing or adding additional code. Do not modify anything beyond fixing the bug, and do not complete the `if` statement or other unfinished parts. Do not include ```java or ``` markers in the response.\n",
        "prompt_apr_4": "\nprivate void parse(AbstractCompiler compiler) {\n    try {\n      ParserRunner.ParseResult result = ParserRunner.parse(sourceFile, sourceFile.getCode(),\n          compiler.getParserConfig(),\n          compiler.getDefaultErrorReporter(),\n          logger_);\n      root = result.ast;\n      compiler.setOldParseTree(sourceFile.getName(), result.oldAst);\n    } catch (IOException e) {\n      compiler.report(\n          JSError.make(AbstractCompiler.READ_ERROR, sourceFile.getName()));\n    }\n\n\n    if (root == null || compiler.hasHaltingErrors()) {\n        // Most passes try to report as many errors as possible,\n        // so there may already be errors. We only care if there were\n        // errors in the code we just parsed.\n      // There was a parse error or IOException, so use a dummy block.\n      root = IR.script();\n    } else {\n      compiler.prepareAst(root);\n    }\n\n    // Set the source name so that the compiler passes can track\n    // the source file and module.\n    root.setStaticSourceFile(sourceFile);\n  }\n\nThere is a bug in line [15] of the code, please help me fix it.\n\nPlease return the results in a strict JSON format as described below. Please follow these instructions carefully:\n1. Your output must include each repaired line's number (`line_number`) and the corresponding fixed code statement (`fixed_statement`).\n2. The output format must be a valid JSON array, where each element represents one repaired line, with the following structure:\n   - `\"line_number\"`: The line number of the buggy code that was repaired (integer).\n   - `\"fixed_statement\"`: The repaired statement for that specific line (string).\n\n3. The result must strictly follow this format:\n[\n    {\n        \"line_number\": int,\n        \"fixed_statement\": \"string\"\n    },\n    {\n        \"line_number\": int,\n        \"fixed_statement\": \"string\"\n    }\n]\n4. The repaired statement in \"fixed_statement\" must replace the corresponding line in the buggy code.\n5. You must NOT include any additional explanation or description in your response. Only return the JSON array. Do not include ```json or ``` markers in the response.\n",
        "prompt_apr_5": "\nprivate void parse(AbstractCompiler compiler) {\n    try {\n      ParserRunner.ParseResult result = ParserRunner.parse(sourceFile, sourceFile.getCode(),\n          compiler.getParserConfig(),\n          compiler.getDefaultErrorReporter(),\n          logger_);\n      root = result.ast;\n      compiler.setOldParseTree(sourceFile.getName(), result.oldAst);\n    } catch (IOException e) {\n      compiler.report(\n          JSError.make(AbstractCompiler.READ_ERROR, sourceFile.getName()));\n    }\n\n\n    if (root == null || compiler.hasHaltingErrors()) {\n        // Most passes try to report as many errors as possible,\n        // so there may already be errors. We only care if there were\n        // errors in the code we just parsed.\n      // There was a parse error or IOException, so use a dummy block.\n      root = IR.script();\n    } else {\n      compiler.prepareAst(root);\n    }\n\n    // Set the source name so that the compiler passes can track\n    // the source file and module.\n    root.setStaticSourceFile(sourceFile);\n  }\n\nThere is a bug in ['    if (root == null || compiler.hasHaltingErrors()) {'] , please help me fix it. \n\nPlease return the results in a strict JSON format as described below. Please follow these instructions carefully:\n1. Your output must include each repaired line's number (`line_number`) and the corresponding fixed code statement (`fixed_statement`).\n2. The output format must be a valid JSON array, where each element represents one repaired line, with the following structure:\n   - `\"line_number\"`: The line number of the buggy code that was repaired (integer).\n   - `\"fixed_statement\"`: The repaired statement for that specific line (string).\n\n3. The result must strictly follow this format:\n[\n    {\n        \"line_number\": int,\n        \"fixed_statement\": \"string\"\n    },\n    {\n        \"line_number\": int,\n        \"fixed_statement\": \"string\"\n    }\n]\n4. The repaired statement in \"fixed_statement\" must replace the corresponding line in the buggy code.\n5. You must NOT include any additional explanation or description in your response. Only return the JSON array. Do not include ```json or ``` markers in the response.\n",
        "prompt_apr_6": "\nprivate void parse(AbstractCompiler compiler) {\n    try {\n      ParserRunner.ParseResult result = ParserRunner.parse(sourceFile, sourceFile.getCode(),\n          compiler.getParserConfig(),\n          compiler.getDefaultErrorReporter(),\n          logger_);\n      root = result.ast;\n      compiler.setOldParseTree(sourceFile.getName(), result.oldAst);\n    } catch (IOException e) {\n      compiler.report(\n          JSError.make(AbstractCompiler.READ_ERROR, sourceFile.getName()));\n    }\n\n\n    if (root == null || compiler.hasHaltingErrors()) {\n\nThere is a bug in the last statement, please help me fix it.\n\nPlease return the results in a strict JSON format as described below. Please follow these instructions carefully:\n1. Your output must include each repaired line's number (`line_number`) and the corresponding fixed code statement (`fixed_statement`).\n2. The output format must be a valid JSON array, where each element represents one repaired line, with the following structure:\n   - `\"line_number\"`: The line number of the buggy code that was repaired (integer).\n   - `\"fixed_statement\"`: The repaired statement for that specific line (string).\n\n3. The result must strictly follow this format:\n[\n    {\n        \"line_number\": int,\n        \"fixed_statement\": \"string\"\n    },\n    {\n        \"line_number\": int,\n        \"fixed_statement\": \"string\"\n    }\n]\n4. The repaired statement in \"fixed_statement\" must replace the corresponding line in the buggy code.\n5. You must NOT include any additional explanation or description in your response. Only return the JSON array. Do not include ```json or ``` markers in the response.\n"
    },
    {
        "prompt_fl_1": "\nsource code:\npublic static Node newQualifiedNameNodeDeclaration(\n      CodingConvention convention, String name, Node value, JSDocInfo info) {\n    Node result;\n    Node nameNode = newQualifiedNameNode(convention, name);\n    if (nameNode.isName()) {\n      result = IR.var(nameNode, value);\n      result.setJSDocInfo(info);\n    } else {\n      result = IR.exprResult(IR.assign(nameNode, value));\n      result.getFirstChild().setJSDocInfo(info);\n    }\n    return result;\n  }\n\nThere is a bug in the above code, please help me locate it.\n\nPlease output **only one integer**: the line number of the buggy code (The code starts from line 1). Do not provide any explanations or additional content.\n",
        "prompt_fl_2": "\nsource code:\npublic static Node newQualifiedNameNodeDeclaration(\n      CodingConvention convention, String name, Node value, JSDocInfo info) {\n    Node result;\n    Node nameNode = newQualifiedNameNode(convention, name);\n    if (nameNode.isName()) {\n      result = IR.var(nameNode, value);\n      result.setJSDocInfo(info);\n    } else {\n      result = IR.exprResult(IR.assign(nameNode, value));\n      result.getFirstChild().setJSDocInfo(info);\n    }\n    return result;\n  }\n\nstack trace:\ncom.google.javascript.jscomp.ScopedAliasesTest::testIssue1103a\njunit.framework.AssertionFailedError: Unexpected error(s): JSC_GOOG_SCOPE_NON_ALIAS_LOCAL. The local variable a is in a goog.scope and is not an alias. at testcode line 1 : 30 expected:<0> but was:<1>\n\tat junit.framework.Assert.fail(Assert.java:57)\n\tat junit.framework.Assert.failNotEquals(Assert.java:329)\n\tat junit.framework.Assert.assertEquals(Assert.java:78)\n\tat junit.framework.Assert.assertEquals(Assert.java:234)\n\tat junit.framework.TestCase.assertEquals(TestCase.java:401)\n\tat com.google.javascript.jscomp.CompilerTestCase.test(CompilerTestCase.java:871)\n\tat com.google.javascript.jscomp.CompilerTestCase.test(CompilerTestCase.java:477)\n\tat com.google.javascript.jscomp.CompilerTestCase.test(CompilerTestCase.java:403)\n\tat com.google.javascript.jscomp.CompilerTestCase.test(CompilerTestCase.java:372)\n\tat com.google.javascript.jscomp.CompilerTestCase.test(CompilerTestCase.java:360)\n\tat com.google.javascript.jscomp.ScopedAliasesTest.testIssue1103a(ScopedAliasesTest.java:526)\n\tat sun.reflect.NativeMethodAccessorImpl.invoke0(Native Method)\n\tat sun.reflect.NativeMethodAccessorImpl.invoke(NativeMethodAccessorImpl.java:62)\n\tat sun.reflect.DelegatingMethodAccessorImpl.invoke(DelegatingMethodAccessorImpl.java:43)\n\tat java.lang.reflect.Method.invoke(Method.java:498)\n\tat junit.framework.TestCase.runTest(TestCase.java:176)\n\tat junit.framework.TestCase.runBare(TestCase.java:141)\n\tat junit.framework.TestResult$1.protect(TestResult.java:122)\n\tat junit.framework.TestResult.runProtected(TestResult.java:142)\n\tat junit.framework.TestResult.run(TestResult.java:125)\n\tat junit.framework.TestCase.run(TestCase.java:129)\n\tat junit.framework.TestSuite.runTest(TestSuite.java:255)\n\tat junit.framework.TestSuite.run(TestSuite.java:250)\n\tat org.apache.tools.ant.taskdefs.optional.junit.JUnitTestRunner.run(JUnitTestRunner.java:520)\n\tat org.apache.tools.ant.taskdefs.optional.junit.JUnitTask.executeInVM(JUnitTask.java:1484)\n\tat org.apache.tools.ant.taskdefs.optional.junit.JUnitTask.execute(JUnitTask.java:872)\n\tat org.apache.tools.ant.taskdefs.optional.junit.JUnitTask.executeOrQueue(JUnitTask.java:1972)\n\tat org.apache.tools.ant.taskdefs.optional.junit.JUnitTask.execute1(JUnitTask.java:824)\n\tat org.apache.tools.ant.taskdefs.optional.junit.JUnitTask.execute(JUnitTask.java:2277)\n\tat org.apache.tools.ant.UnknownElement.execute(UnknownElement.java:291)\n\tat sun.reflect.GeneratedMethodAccessor4.invoke(Unknown Source)\n\tat sun.reflect.DelegatingMethodAccessorImpl.invoke(DelegatingMethodAccessorImpl.java:43)\n\tat java.lang.reflect.Method.invoke(Method.java:498)\n\tat org.apache.tools.ant.dispatch.DispatchUtils.execute(DispatchUtils.java:106)\n\tat org.apache.tools.ant.Task.perform(Task.java:348)\n\tat org.apache.tools.ant.Target.execute(Target.java:392)\n\tat org.apache.tools.ant.Target.performTasks(Target.java:413)\n\tat org.apache.tools.ant.Project.executeSortedTargets(Project.java:1399)\n\tat org.apache.tools.ant.Project.executeTarget(Project.java:1368)\n\tat org.apache.tools.ant.helper.DefaultExecutor.executeTargets(DefaultExecutor.java:41)\n\tat org.apache.tools.ant.Project.executeTargets(Project.java:1251)\n\tat org.apache.tools.ant.Main.runBuild(Main.java:811)\n\tat org.apache.tools.ant.Main.startAnt(Main.java:217)\n\tat org.apache.tools.ant.launch.Launcher.run(Launcher.java:280)\n\tat org.apache.tools.ant.launch.Launcher.main(Launcher.java:109)\ncom.google.javascript.jscomp.ScopedAliasesTest::testIssue1103b\njava.lang.RuntimeException: INTERNAL COMPILER ERROR.\nPlease report this problem.\nnull\n  Node(FUNCTION ): testcode:1:11\ngoog.scope(function () {  var a = foo, b, c = 1;});\n  Parent(CALL): testcode:1:0\ngoog.scope(function () {  var a = foo, b, c = 1;});\n\n\tat com.google.javascript.jscomp.Compiler.ensureLibraryInjected(Compiler.java:2554)\n\tat com.google.javascript.jscomp.ScopedAliases$Traversal.findAliases(ScopedAliases.java:373)\n\tat com.google.javascript.jscomp.ScopedAliases$Traversal.enterScope(ScopedAliases.java:298)\n\tat com.google.javascript.jscomp.NodeTraversal.pushScope(NodeTraversal.java:600)\n\tat com.google.javascript.jscomp.NodeTraversal.traverseFunction(NodeTraversal.java:558)\n\tat com.google.javascript.jscomp.NodeTraversal.traverseBranch(NodeTraversal.java:528)\n\tat com.google.javascript.jscomp.NodeTraversal.traverseBranch(NodeTraversal.java:534)\n\tat com.google.javascript.jscomp.NodeTraversal.traverseBranch(NodeTraversal.java:534)\n\tat com.google.javascript.jscomp.NodeTraversal.traverseBranch(NodeTraversal.java:534)\n\tat com.google.javascript.jscomp.NodeTraversal.traverseBranch(NodeTraversal.java:534)\n\tat com.google.javascript.jscomp.NodeTraversal.traverse(NodeTraversal.java:287)\n\tat com.google.javascript.jscomp.NodeTraversal.traverse(NodeTraversal.java:494)\n\tat com.google.javascript.jscomp.ScopedAliases.hotSwapScript(ScopedAliases.java:133)\n\tat com.google.javascript.jscomp.ScopedAliases.process(ScopedAliases.java:127)\n\tat com.google.javascript.jscomp.CompilerTestCase.test(CompilerTestCase.java:845)\n\tat com.google.javascript.jscomp.CompilerTestCase.test(CompilerTestCase.java:477)\n\tat com.google.javascript.jscomp.CompilerTestCase.test(CompilerTestCase.java:403)\n\tat com.google.javascript.jscomp.CompilerTestCase.test(CompilerTestCase.java:372)\n\tat com.google.javascript.jscomp.CompilerTestCase.test(CompilerTestCase.java:360)\n\tat com.google.javascript.jscomp.ScopedAliasesTest.testIssue1103b(ScopedAliasesTest.java:534)\n\tat sun.reflect.NativeMethodAccessorImpl.invoke0(Native Method)\n\tat sun.reflect.NativeMethodAccessorImpl.invoke(NativeMethodAccessorImpl.java:62)\n\tat sun.reflect.DelegatingMethodAccessorImpl.invoke(DelegatingMethodAccessorImpl.java:43)\n\tat java.lang.reflect.Method.invoke(Method.java:498)\n\tat junit.framework.TestCase.runTest(TestCase.java:176)\n\tat junit.framework.TestCase.runBare(TestCase.java:141)\n\tat junit.framework.TestResult$1.protect(TestResult.java:122)\n\tat junit.framework.TestResult.runProtected(TestResult.java:142)\n\tat junit.framework.TestResult.run(TestResult.java:125)\n\tat junit.framework.TestCase.run(TestCase.java:129)\n\tat junit.framework.TestSuite.runTest(TestSuite.java:255)\n\tat junit.framework.TestSuite.run(TestSuite.java:250)\n\tat org.apache.tools.ant.taskdefs.optional.junit.JUnitTestRunner.run(JUnitTestRunner.java:520)\n\tat org.apache.tools.ant.taskdefs.optional.junit.JUnitTask.executeInVM(JUnitTask.java:1484)\n\tat org.apache.tools.ant.taskdefs.optional.junit.JUnitTask.execute(JUnitTask.java:872)\n\tat org.apache.tools.ant.taskdefs.optional.junit.JUnitTask.executeOrQueue(JUnitTask.java:1972)\n\tat org.apache.tools.ant.taskdefs.optional.junit.JUnitTask.execute1(JUnitTask.java:824)\n\tat org.apache.tools.ant.taskdefs.optional.junit.JUnitTask.execute(JUnitTask.java:2277)\n\tat org.apache.tools.ant.UnknownElement.execute(UnknownElement.java:291)\n\tat sun.reflect.GeneratedMethodAccessor4.invoke(Unknown Source)\n\tat sun.reflect.DelegatingMethodAccessorImpl.invoke(DelegatingMethodAccessorImpl.java:43)\n\tat java.lang.reflect.Method.invoke(Method.java:498)\n\tat org.apache.tools.ant.dispatch.DispatchUtils.execute(DispatchUtils.java:106)\n\tat org.apache.tools.ant.Task.perform(Task.java:348)\n\tat org.apache.tools.ant.Target.execute(Target.java:392)\n\tat org.apache.tools.ant.Target.performTasks(Target.java:413)\n\tat org.apache.tools.ant.Project.executeSortedTargets(Project.java:1399)\n\tat org.apache.tools.ant.Project.executeTarget(Project.java:1368)\n\tat org.apache.tools.ant.helper.DefaultExecutor.executeTargets(DefaultExecutor.java:41)\n\tat org.apache.tools.ant.Project.executeTargets(Project.java:1251)\n\tat org.apache.tools.ant.Main.runBuild(Main.java:811)\n\tat org.apache.tools.ant.Main.startAnt(Main.java:217)\n\tat org.apache.tools.ant.launch.Launcher.run(Launcher.java:280)\n\tat org.apache.tools.ant.launch.Launcher.main(Launcher.java:109)\nCaused by: java.lang.NullPointerException\n\t... 54 more\ncom.google.javascript.jscomp.ScopedAliasesTest::testIssue1103c\njunit.framework.AssertionFailedError: Unexpected error(s): JSC_GOOG_SCOPE_NON_ALIAS_LOCAL. The local variable a is in a goog.scope and is not an alias. at testcode line 1 : 52 expected:<0> but was:<1>\n\tat junit.framework.Assert.fail(Assert.java:57)\n\tat junit.framework.Assert.failNotEquals(Assert.java:329)\n\tat junit.framework.Assert.assertEquals(Assert.java:78)\n\tat junit.framework.Assert.assertEquals(Assert.java:234)\n\tat junit.framework.TestCase.assertEquals(TestCase.java:401)\n\tat com.google.javascript.jscomp.CompilerTestCase.test(CompilerTestCase.java:871)\n\tat com.google.javascript.jscomp.CompilerTestCase.test(CompilerTestCase.java:477)\n\tat com.google.javascript.jscomp.CompilerTestCase.test(CompilerTestCase.java:403)\n\tat com.google.javascript.jscomp.CompilerTestCase.test(CompilerTestCase.java:372)\n\tat com.google.javascript.jscomp.CompilerTestCase.test(CompilerTestCase.java:360)\n\tat com.google.javascript.jscomp.ScopedAliasesTest.testIssue1103c(ScopedAliasesTest.java:541)\n\tat sun.reflect.NativeMethodAccessorImpl.invoke0(Native Method)\n\tat sun.reflect.NativeMethodAccessorImpl.invoke(NativeMethodAccessorImpl.java:62)\n\tat sun.reflect.DelegatingMethodAccessorImpl.invoke(DelegatingMethodAccessorImpl.java:43)\n\tat java.lang.reflect.Method.invoke(Method.java:498)\n\tat junit.framework.TestCase.runTest(TestCase.java:176)\n\tat junit.framework.TestCase.runBare(TestCase.java:141)\n\tat junit.framework.TestResult$1.protect(TestResult.java:122)\n\tat junit.framework.TestResult.runProtected(TestResult.java:142)\n\tat junit.framework.TestResult.run(TestResult.java:125)\n\tat junit.framework.TestCase.run(TestCase.java:129)\n\tat junit.framework.TestSuite.runTest(TestSuite.java:255)\n\tat junit.framework.TestSuite.run(TestSuite.java:250)\n\tat org.apache.tools.ant.taskdefs.optional.junit.JUnitTestRunner.run(JUnitTestRunner.java:520)\n\tat org.apache.tools.ant.taskdefs.optional.junit.JUnitTask.executeInVM(JUnitTask.java:1484)\n\tat org.apache.tools.ant.taskdefs.optional.junit.JUnitTask.execute(JUnitTask.java:872)\n\tat org.apache.tools.ant.taskdefs.optional.junit.JUnitTask.executeOrQueue(JUnitTask.java:1972)\n\tat org.apache.tools.ant.taskdefs.optional.junit.JUnitTask.execute1(JUnitTask.java:824)\n\tat org.apache.tools.ant.taskdefs.optional.junit.JUnitTask.execute(JUnitTask.java:2277)\n\tat org.apache.tools.ant.UnknownElement.execute(UnknownElement.java:291)\n\tat sun.reflect.GeneratedMethodAccessor4.invoke(Unknown Source)\n\tat sun.reflect.DelegatingMethodAccessorImpl.invoke(DelegatingMethodAccessorImpl.java:43)\n\tat java.lang.reflect.Method.invoke(Method.java:498)\n\tat org.apache.tools.ant.dispatch.DispatchUtils.execute(DispatchUtils.java:106)\n\tat org.apache.tools.ant.Task.perform(Task.java:348)\n\tat org.apache.tools.ant.Target.execute(Target.java:392)\n\tat org.apache.tools.ant.Target.performTasks(Target.java:413)\n\tat org.apache.tools.ant.Project.executeSortedTargets(Project.java:1399)\n\tat org.apache.tools.ant.Project.executeTarget(Project.java:1368)\n\tat org.apache.tools.ant.helper.DefaultExecutor.executeTargets(DefaultExecutor.java:41)\n\tat org.apache.tools.ant.Project.executeTargets(Project.java:1251)\n\tat org.apache.tools.ant.Main.runBuild(Main.java:811)\n\tat org.apache.tools.ant.Main.startAnt(Main.java:217)\n\tat org.apache.tools.ant.launch.Launcher.run(Launcher.java:280)\n\tat org.apache.tools.ant.launch.Launcher.main(Launcher.java:109)\n\n\nThere is a bug in the above code, please help me locate it by considering the stack trace.\n\nPlease output **only one integer**: the line number of the buggy code (The code starts from line 1). Do not provide any explanations or additional content.\n",
        "prompt_fl_3": "\nsource code:\npublic static Node newQualifiedNameNodeDeclaration(\n      CodingConvention convention, String name, Node value, JSDocInfo info) {\n    Node result;\n    Node nameNode = newQualifiedNameNode(convention, name);\n    if (nameNode.isName()) {\n      result = IR.var(nameNode, value);\n      result.setJSDocInfo(info);\n    } else {\n      result = IR.exprResult(IR.assign(nameNode, value));\n      result.getFirstChild().setJSDocInfo(info);\n    }\n    return result;\n  }\n\nstack trace:\ncom.google.javascript.jscomp.ScopedAliasesTest::testIssue1103a\njunit.framework.AssertionFailedError: Unexpected error(s): JSC_GOOG_SCOPE_NON_ALIAS_LOCAL. The local variable a is in a goog.scope and is not an alias. at testcode line 1 : 30 expected:<0> but was:<1>\n\tat junit.framework.Assert.fail(Assert.java:57)\n\tat junit.framework.Assert.failNotEquals(Assert.java:329)\n\tat junit.framework.Assert.assertEquals(Assert.java:78)\n\tat junit.framework.Assert.assertEquals(Assert.java:234)\n\tat junit.framework.TestCase.assertEquals(TestCase.java:401)\n\tat com.google.javascript.jscomp.CompilerTestCase.test(CompilerTestCase.java:871)\n\tat com.google.javascript.jscomp.CompilerTestCase.test(CompilerTestCase.java:477)\n\tat com.google.javascript.jscomp.CompilerTestCase.test(CompilerTestCase.java:403)\n\tat com.google.javascript.jscomp.CompilerTestCase.test(CompilerTestCase.java:372)\n\tat com.google.javascript.jscomp.CompilerTestCase.test(CompilerTestCase.java:360)\n\tat com.google.javascript.jscomp.ScopedAliasesTest.testIssue1103a(ScopedAliasesTest.java:526)\n\tat sun.reflect.NativeMethodAccessorImpl.invoke0(Native Method)\n\tat sun.reflect.NativeMethodAccessorImpl.invoke(NativeMethodAccessorImpl.java:62)\n\tat sun.reflect.DelegatingMethodAccessorImpl.invoke(DelegatingMethodAccessorImpl.java:43)\n\tat java.lang.reflect.Method.invoke(Method.java:498)\n\tat junit.framework.TestCase.runTest(TestCase.java:176)\n\tat junit.framework.TestCase.runBare(TestCase.java:141)\n\tat junit.framework.TestResult$1.protect(TestResult.java:122)\n\tat junit.framework.TestResult.runProtected(TestResult.java:142)\n\tat junit.framework.TestResult.run(TestResult.java:125)\n\tat junit.framework.TestCase.run(TestCase.java:129)\n\tat junit.framework.TestSuite.runTest(TestSuite.java:255)\n\tat junit.framework.TestSuite.run(TestSuite.java:250)\n\tat org.apache.tools.ant.taskdefs.optional.junit.JUnitTestRunner.run(JUnitTestRunner.java:520)\n\tat org.apache.tools.ant.taskdefs.optional.junit.JUnitTask.executeInVM(JUnitTask.java:1484)\n\tat org.apache.tools.ant.taskdefs.optional.junit.JUnitTask.execute(JUnitTask.java:872)\n\tat org.apache.tools.ant.taskdefs.optional.junit.JUnitTask.executeOrQueue(JUnitTask.java:1972)\n\tat org.apache.tools.ant.taskdefs.optional.junit.JUnitTask.execute1(JUnitTask.java:824)\n\tat org.apache.tools.ant.taskdefs.optional.junit.JUnitTask.execute(JUnitTask.java:2277)\n\tat org.apache.tools.ant.UnknownElement.execute(UnknownElement.java:291)\n\tat sun.reflect.GeneratedMethodAccessor4.invoke(Unknown Source)\n\tat sun.reflect.DelegatingMethodAccessorImpl.invoke(DelegatingMethodAccessorImpl.java:43)\n\tat java.lang.reflect.Method.invoke(Method.java:498)\n\tat org.apache.tools.ant.dispatch.DispatchUtils.execute(DispatchUtils.java:106)\n\tat org.apache.tools.ant.Task.perform(Task.java:348)\n\tat org.apache.tools.ant.Target.execute(Target.java:392)\n\tat org.apache.tools.ant.Target.performTasks(Target.java:413)\n\tat org.apache.tools.ant.Project.executeSortedTargets(Project.java:1399)\n\tat org.apache.tools.ant.Project.executeTarget(Project.java:1368)\n\tat org.apache.tools.ant.helper.DefaultExecutor.executeTargets(DefaultExecutor.java:41)\n\tat org.apache.tools.ant.Project.executeTargets(Project.java:1251)\n\tat org.apache.tools.ant.Main.runBuild(Main.java:811)\n\tat org.apache.tools.ant.Main.startAnt(Main.java:217)\n\tat org.apache.tools.ant.launch.Launcher.run(Launcher.java:280)\n\tat org.apache.tools.ant.launch.Launcher.main(Launcher.java:109)\ncom.google.javascript.jscomp.ScopedAliasesTest::testIssue1103b\njava.lang.RuntimeException: INTERNAL COMPILER ERROR.\nPlease report this problem.\nnull\n  Node(FUNCTION ): testcode:1:11\ngoog.scope(function () {  var a = foo, b, c = 1;});\n  Parent(CALL): testcode:1:0\ngoog.scope(function () {  var a = foo, b, c = 1;});\n\n\tat com.google.javascript.jscomp.Compiler.ensureLibraryInjected(Compiler.java:2554)\n\tat com.google.javascript.jscomp.ScopedAliases$Traversal.findAliases(ScopedAliases.java:373)\n\tat com.google.javascript.jscomp.ScopedAliases$Traversal.enterScope(ScopedAliases.java:298)\n\tat com.google.javascript.jscomp.NodeTraversal.pushScope(NodeTraversal.java:600)\n\tat com.google.javascript.jscomp.NodeTraversal.traverseFunction(NodeTraversal.java:558)\n\tat com.google.javascript.jscomp.NodeTraversal.traverseBranch(NodeTraversal.java:528)\n\tat com.google.javascript.jscomp.NodeTraversal.traverseBranch(NodeTraversal.java:534)\n\tat com.google.javascript.jscomp.NodeTraversal.traverseBranch(NodeTraversal.java:534)\n\tat com.google.javascript.jscomp.NodeTraversal.traverseBranch(NodeTraversal.java:534)\n\tat com.google.javascript.jscomp.NodeTraversal.traverseBranch(NodeTraversal.java:534)\n\tat com.google.javascript.jscomp.NodeTraversal.traverse(NodeTraversal.java:287)\n\tat com.google.javascript.jscomp.NodeTraversal.traverse(NodeTraversal.java:494)\n\tat com.google.javascript.jscomp.ScopedAliases.hotSwapScript(ScopedAliases.java:133)\n\tat com.google.javascript.jscomp.ScopedAliases.process(ScopedAliases.java:127)\n\tat com.google.javascript.jscomp.CompilerTestCase.test(CompilerTestCase.java:845)\n\tat com.google.javascript.jscomp.CompilerTestCase.test(CompilerTestCase.java:477)\n\tat com.google.javascript.jscomp.CompilerTestCase.test(CompilerTestCase.java:403)\n\tat com.google.javascript.jscomp.CompilerTestCase.test(CompilerTestCase.java:372)\n\tat com.google.javascript.jscomp.CompilerTestCase.test(CompilerTestCase.java:360)\n\tat com.google.javascript.jscomp.ScopedAliasesTest.testIssue1103b(ScopedAliasesTest.java:534)\n\tat sun.reflect.NativeMethodAccessorImpl.invoke0(Native Method)\n\tat sun.reflect.NativeMethodAccessorImpl.invoke(NativeMethodAccessorImpl.java:62)\n\tat sun.reflect.DelegatingMethodAccessorImpl.invoke(DelegatingMethodAccessorImpl.java:43)\n\tat java.lang.reflect.Method.invoke(Method.java:498)\n\tat junit.framework.TestCase.runTest(TestCase.java:176)\n\tat junit.framework.TestCase.runBare(TestCase.java:141)\n\tat junit.framework.TestResult$1.protect(TestResult.java:122)\n\tat junit.framework.TestResult.runProtected(TestResult.java:142)\n\tat junit.framework.TestResult.run(TestResult.java:125)\n\tat junit.framework.TestCase.run(TestCase.java:129)\n\tat junit.framework.TestSuite.runTest(TestSuite.java:255)\n\tat junit.framework.TestSuite.run(TestSuite.java:250)\n\tat org.apache.tools.ant.taskdefs.optional.junit.JUnitTestRunner.run(JUnitTestRunner.java:520)\n\tat org.apache.tools.ant.taskdefs.optional.junit.JUnitTask.executeInVM(JUnitTask.java:1484)\n\tat org.apache.tools.ant.taskdefs.optional.junit.JUnitTask.execute(JUnitTask.java:872)\n\tat org.apache.tools.ant.taskdefs.optional.junit.JUnitTask.executeOrQueue(JUnitTask.java:1972)\n\tat org.apache.tools.ant.taskdefs.optional.junit.JUnitTask.execute1(JUnitTask.java:824)\n\tat org.apache.tools.ant.taskdefs.optional.junit.JUnitTask.execute(JUnitTask.java:2277)\n\tat org.apache.tools.ant.UnknownElement.execute(UnknownElement.java:291)\n\tat sun.reflect.GeneratedMethodAccessor4.invoke(Unknown Source)\n\tat sun.reflect.DelegatingMethodAccessorImpl.invoke(DelegatingMethodAccessorImpl.java:43)\n\tat java.lang.reflect.Method.invoke(Method.java:498)\n\tat org.apache.tools.ant.dispatch.DispatchUtils.execute(DispatchUtils.java:106)\n\tat org.apache.tools.ant.Task.perform(Task.java:348)\n\tat org.apache.tools.ant.Target.execute(Target.java:392)\n\tat org.apache.tools.ant.Target.performTasks(Target.java:413)\n\tat org.apache.tools.ant.Project.executeSortedTargets(Project.java:1399)\n\tat org.apache.tools.ant.Project.executeTarget(Project.java:1368)\n\tat org.apache.tools.ant.helper.DefaultExecutor.executeTargets(DefaultExecutor.java:41)\n\tat org.apache.tools.ant.Project.executeTargets(Project.java:1251)\n\tat org.apache.tools.ant.Main.runBuild(Main.java:811)\n\tat org.apache.tools.ant.Main.startAnt(Main.java:217)\n\tat org.apache.tools.ant.launch.Launcher.run(Launcher.java:280)\n\tat org.apache.tools.ant.launch.Launcher.main(Launcher.java:109)\nCaused by: java.lang.NullPointerException\n\t... 54 more\ncom.google.javascript.jscomp.ScopedAliasesTest::testIssue1103c\njunit.framework.AssertionFailedError: Unexpected error(s): JSC_GOOG_SCOPE_NON_ALIAS_LOCAL. The local variable a is in a goog.scope and is not an alias. at testcode line 1 : 52 expected:<0> but was:<1>\n\tat junit.framework.Assert.fail(Assert.java:57)\n\tat junit.framework.Assert.failNotEquals(Assert.java:329)\n\tat junit.framework.Assert.assertEquals(Assert.java:78)\n\tat junit.framework.Assert.assertEquals(Assert.java:234)\n\tat junit.framework.TestCase.assertEquals(TestCase.java:401)\n\tat com.google.javascript.jscomp.CompilerTestCase.test(CompilerTestCase.java:871)\n\tat com.google.javascript.jscomp.CompilerTestCase.test(CompilerTestCase.java:477)\n\tat com.google.javascript.jscomp.CompilerTestCase.test(CompilerTestCase.java:403)\n\tat com.google.javascript.jscomp.CompilerTestCase.test(CompilerTestCase.java:372)\n\tat com.google.javascript.jscomp.CompilerTestCase.test(CompilerTestCase.java:360)\n\tat com.google.javascript.jscomp.ScopedAliasesTest.testIssue1103c(ScopedAliasesTest.java:541)\n\tat sun.reflect.NativeMethodAccessorImpl.invoke0(Native Method)\n\tat sun.reflect.NativeMethodAccessorImpl.invoke(NativeMethodAccessorImpl.java:62)\n\tat sun.reflect.DelegatingMethodAccessorImpl.invoke(DelegatingMethodAccessorImpl.java:43)\n\tat java.lang.reflect.Method.invoke(Method.java:498)\n\tat junit.framework.TestCase.runTest(TestCase.java:176)\n\tat junit.framework.TestCase.runBare(TestCase.java:141)\n\tat junit.framework.TestResult$1.protect(TestResult.java:122)\n\tat junit.framework.TestResult.runProtected(TestResult.java:142)\n\tat junit.framework.TestResult.run(TestResult.java:125)\n\tat junit.framework.TestCase.run(TestCase.java:129)\n\tat junit.framework.TestSuite.runTest(TestSuite.java:255)\n\tat junit.framework.TestSuite.run(TestSuite.java:250)\n\tat org.apache.tools.ant.taskdefs.optional.junit.JUnitTestRunner.run(JUnitTestRunner.java:520)\n\tat org.apache.tools.ant.taskdefs.optional.junit.JUnitTask.executeInVM(JUnitTask.java:1484)\n\tat org.apache.tools.ant.taskdefs.optional.junit.JUnitTask.execute(JUnitTask.java:872)\n\tat org.apache.tools.ant.taskdefs.optional.junit.JUnitTask.executeOrQueue(JUnitTask.java:1972)\n\tat org.apache.tools.ant.taskdefs.optional.junit.JUnitTask.execute1(JUnitTask.java:824)\n\tat org.apache.tools.ant.taskdefs.optional.junit.JUnitTask.execute(JUnitTask.java:2277)\n\tat org.apache.tools.ant.UnknownElement.execute(UnknownElement.java:291)\n\tat sun.reflect.GeneratedMethodAccessor4.invoke(Unknown Source)\n\tat sun.reflect.DelegatingMethodAccessorImpl.invoke(DelegatingMethodAccessorImpl.java:43)\n\tat java.lang.reflect.Method.invoke(Method.java:498)\n\tat org.apache.tools.ant.dispatch.DispatchUtils.execute(DispatchUtils.java:106)\n\tat org.apache.tools.ant.Task.perform(Task.java:348)\n\tat org.apache.tools.ant.Target.execute(Target.java:392)\n\tat org.apache.tools.ant.Target.performTasks(Target.java:413)\n\tat org.apache.tools.ant.Project.executeSortedTargets(Project.java:1399)\n\tat org.apache.tools.ant.Project.executeTarget(Project.java:1368)\n\tat org.apache.tools.ant.helper.DefaultExecutor.executeTargets(DefaultExecutor.java:41)\n\tat org.apache.tools.ant.Project.executeTargets(Project.java:1251)\n\tat org.apache.tools.ant.Main.runBuild(Main.java:811)\n\tat org.apache.tools.ant.Main.startAnt(Main.java:217)\n\tat org.apache.tools.ant.launch.Launcher.run(Launcher.java:280)\n\tat org.apache.tools.ant.launch.Launcher.main(Launcher.java:109)\n\n\nfailure assertion code:\ntest(\"goog.scope(function () {\" +\n\n\nThere is a bug in the above code, please help me locate it by considering the stack trace information and failure assertion code.\n\nPlease output **only one integer**: the line number of the buggy code (The code starts from line 1). Do not provide any explanations or additional content.\n",
        "prompt_fl_4": "\nsource code:\npublic static Node newQualifiedNameNodeDeclaration(\n      CodingConvention convention, String name, Node value, JSDocInfo info) {\n    Node result;\n    Node nameNode = newQualifiedNameNode(convention, name);\n    if (nameNode.isName()) {\n      result = IR.var(nameNode, value);\n      result.setJSDocInfo(info);\n    } else {\n      result = IR.exprResult(IR.assign(nameNode, value));\n      result.getFirstChild().setJSDocInfo(info);\n    }\n    return result;\n  }\n\nThere is a bug in the above code, please help me locate it.\n\nOutput **only** the exact buggy statement, with no line numbers, explanations, or additional content. Your response should contain just the buggy code line. Do not include ```java or ``` markers in the response.\n",
        "prompt_fl_5": "\nsource code:\npublic static Node newQualifiedNameNodeDeclaration(\n      CodingConvention convention, String name, Node value, JSDocInfo info) {\n    Node result;\n    Node nameNode = newQualifiedNameNode(convention, name);\n    if (nameNode.isName()) {\n      result = IR.var(nameNode, value);\n      result.setJSDocInfo(info);\n    } else {\n      result = IR.exprResult(IR.assign(nameNode, value));\n      result.getFirstChild().setJSDocInfo(info);\n    }\n    return result;\n  }\n\nstack trace:\ncom.google.javascript.jscomp.ScopedAliasesTest::testIssue1103a\njunit.framework.AssertionFailedError: Unexpected error(s): JSC_GOOG_SCOPE_NON_ALIAS_LOCAL. The local variable a is in a goog.scope and is not an alias. at testcode line 1 : 30 expected:<0> but was:<1>\n\tat junit.framework.Assert.fail(Assert.java:57)\n\tat junit.framework.Assert.failNotEquals(Assert.java:329)\n\tat junit.framework.Assert.assertEquals(Assert.java:78)\n\tat junit.framework.Assert.assertEquals(Assert.java:234)\n\tat junit.framework.TestCase.assertEquals(TestCase.java:401)\n\tat com.google.javascript.jscomp.CompilerTestCase.test(CompilerTestCase.java:871)\n\tat com.google.javascript.jscomp.CompilerTestCase.test(CompilerTestCase.java:477)\n\tat com.google.javascript.jscomp.CompilerTestCase.test(CompilerTestCase.java:403)\n\tat com.google.javascript.jscomp.CompilerTestCase.test(CompilerTestCase.java:372)\n\tat com.google.javascript.jscomp.CompilerTestCase.test(CompilerTestCase.java:360)\n\tat com.google.javascript.jscomp.ScopedAliasesTest.testIssue1103a(ScopedAliasesTest.java:526)\n\tat sun.reflect.NativeMethodAccessorImpl.invoke0(Native Method)\n\tat sun.reflect.NativeMethodAccessorImpl.invoke(NativeMethodAccessorImpl.java:62)\n\tat sun.reflect.DelegatingMethodAccessorImpl.invoke(DelegatingMethodAccessorImpl.java:43)\n\tat java.lang.reflect.Method.invoke(Method.java:498)\n\tat junit.framework.TestCase.runTest(TestCase.java:176)\n\tat junit.framework.TestCase.runBare(TestCase.java:141)\n\tat junit.framework.TestResult$1.protect(TestResult.java:122)\n\tat junit.framework.TestResult.runProtected(TestResult.java:142)\n\tat junit.framework.TestResult.run(TestResult.java:125)\n\tat junit.framework.TestCase.run(TestCase.java:129)\n\tat junit.framework.TestSuite.runTest(TestSuite.java:255)\n\tat junit.framework.TestSuite.run(TestSuite.java:250)\n\tat org.apache.tools.ant.taskdefs.optional.junit.JUnitTestRunner.run(JUnitTestRunner.java:520)\n\tat org.apache.tools.ant.taskdefs.optional.junit.JUnitTask.executeInVM(JUnitTask.java:1484)\n\tat org.apache.tools.ant.taskdefs.optional.junit.JUnitTask.execute(JUnitTask.java:872)\n\tat org.apache.tools.ant.taskdefs.optional.junit.JUnitTask.executeOrQueue(JUnitTask.java:1972)\n\tat org.apache.tools.ant.taskdefs.optional.junit.JUnitTask.execute1(JUnitTask.java:824)\n\tat org.apache.tools.ant.taskdefs.optional.junit.JUnitTask.execute(JUnitTask.java:2277)\n\tat org.apache.tools.ant.UnknownElement.execute(UnknownElement.java:291)\n\tat sun.reflect.GeneratedMethodAccessor4.invoke(Unknown Source)\n\tat sun.reflect.DelegatingMethodAccessorImpl.invoke(DelegatingMethodAccessorImpl.java:43)\n\tat java.lang.reflect.Method.invoke(Method.java:498)\n\tat org.apache.tools.ant.dispatch.DispatchUtils.execute(DispatchUtils.java:106)\n\tat org.apache.tools.ant.Task.perform(Task.java:348)\n\tat org.apache.tools.ant.Target.execute(Target.java:392)\n\tat org.apache.tools.ant.Target.performTasks(Target.java:413)\n\tat org.apache.tools.ant.Project.executeSortedTargets(Project.java:1399)\n\tat org.apache.tools.ant.Project.executeTarget(Project.java:1368)\n\tat org.apache.tools.ant.helper.DefaultExecutor.executeTargets(DefaultExecutor.java:41)\n\tat org.apache.tools.ant.Project.executeTargets(Project.java:1251)\n\tat org.apache.tools.ant.Main.runBuild(Main.java:811)\n\tat org.apache.tools.ant.Main.startAnt(Main.java:217)\n\tat org.apache.tools.ant.launch.Launcher.run(Launcher.java:280)\n\tat org.apache.tools.ant.launch.Launcher.main(Launcher.java:109)\ncom.google.javascript.jscomp.ScopedAliasesTest::testIssue1103b\njava.lang.RuntimeException: INTERNAL COMPILER ERROR.\nPlease report this problem.\nnull\n  Node(FUNCTION ): testcode:1:11\ngoog.scope(function () {  var a = foo, b, c = 1;});\n  Parent(CALL): testcode:1:0\ngoog.scope(function () {  var a = foo, b, c = 1;});\n\n\tat com.google.javascript.jscomp.Compiler.ensureLibraryInjected(Compiler.java:2554)\n\tat com.google.javascript.jscomp.ScopedAliases$Traversal.findAliases(ScopedAliases.java:373)\n\tat com.google.javascript.jscomp.ScopedAliases$Traversal.enterScope(ScopedAliases.java:298)\n\tat com.google.javascript.jscomp.NodeTraversal.pushScope(NodeTraversal.java:600)\n\tat com.google.javascript.jscomp.NodeTraversal.traverseFunction(NodeTraversal.java:558)\n\tat com.google.javascript.jscomp.NodeTraversal.traverseBranch(NodeTraversal.java:528)\n\tat com.google.javascript.jscomp.NodeTraversal.traverseBranch(NodeTraversal.java:534)\n\tat com.google.javascript.jscomp.NodeTraversal.traverseBranch(NodeTraversal.java:534)\n\tat com.google.javascript.jscomp.NodeTraversal.traverseBranch(NodeTraversal.java:534)\n\tat com.google.javascript.jscomp.NodeTraversal.traverseBranch(NodeTraversal.java:534)\n\tat com.google.javascript.jscomp.NodeTraversal.traverse(NodeTraversal.java:287)\n\tat com.google.javascript.jscomp.NodeTraversal.traverse(NodeTraversal.java:494)\n\tat com.google.javascript.jscomp.ScopedAliases.hotSwapScript(ScopedAliases.java:133)\n\tat com.google.javascript.jscomp.ScopedAliases.process(ScopedAliases.java:127)\n\tat com.google.javascript.jscomp.CompilerTestCase.test(CompilerTestCase.java:845)\n\tat com.google.javascript.jscomp.CompilerTestCase.test(CompilerTestCase.java:477)\n\tat com.google.javascript.jscomp.CompilerTestCase.test(CompilerTestCase.java:403)\n\tat com.google.javascript.jscomp.CompilerTestCase.test(CompilerTestCase.java:372)\n\tat com.google.javascript.jscomp.CompilerTestCase.test(CompilerTestCase.java:360)\n\tat com.google.javascript.jscomp.ScopedAliasesTest.testIssue1103b(ScopedAliasesTest.java:534)\n\tat sun.reflect.NativeMethodAccessorImpl.invoke0(Native Method)\n\tat sun.reflect.NativeMethodAccessorImpl.invoke(NativeMethodAccessorImpl.java:62)\n\tat sun.reflect.DelegatingMethodAccessorImpl.invoke(DelegatingMethodAccessorImpl.java:43)\n\tat java.lang.reflect.Method.invoke(Method.java:498)\n\tat junit.framework.TestCase.runTest(TestCase.java:176)\n\tat junit.framework.TestCase.runBare(TestCase.java:141)\n\tat junit.framework.TestResult$1.protect(TestResult.java:122)\n\tat junit.framework.TestResult.runProtected(TestResult.java:142)\n\tat junit.framework.TestResult.run(TestResult.java:125)\n\tat junit.framework.TestCase.run(TestCase.java:129)\n\tat junit.framework.TestSuite.runTest(TestSuite.java:255)\n\tat junit.framework.TestSuite.run(TestSuite.java:250)\n\tat org.apache.tools.ant.taskdefs.optional.junit.JUnitTestRunner.run(JUnitTestRunner.java:520)\n\tat org.apache.tools.ant.taskdefs.optional.junit.JUnitTask.executeInVM(JUnitTask.java:1484)\n\tat org.apache.tools.ant.taskdefs.optional.junit.JUnitTask.execute(JUnitTask.java:872)\n\tat org.apache.tools.ant.taskdefs.optional.junit.JUnitTask.executeOrQueue(JUnitTask.java:1972)\n\tat org.apache.tools.ant.taskdefs.optional.junit.JUnitTask.execute1(JUnitTask.java:824)\n\tat org.apache.tools.ant.taskdefs.optional.junit.JUnitTask.execute(JUnitTask.java:2277)\n\tat org.apache.tools.ant.UnknownElement.execute(UnknownElement.java:291)\n\tat sun.reflect.GeneratedMethodAccessor4.invoke(Unknown Source)\n\tat sun.reflect.DelegatingMethodAccessorImpl.invoke(DelegatingMethodAccessorImpl.java:43)\n\tat java.lang.reflect.Method.invoke(Method.java:498)\n\tat org.apache.tools.ant.dispatch.DispatchUtils.execute(DispatchUtils.java:106)\n\tat org.apache.tools.ant.Task.perform(Task.java:348)\n\tat org.apache.tools.ant.Target.execute(Target.java:392)\n\tat org.apache.tools.ant.Target.performTasks(Target.java:413)\n\tat org.apache.tools.ant.Project.executeSortedTargets(Project.java:1399)\n\tat org.apache.tools.ant.Project.executeTarget(Project.java:1368)\n\tat org.apache.tools.ant.helper.DefaultExecutor.executeTargets(DefaultExecutor.java:41)\n\tat org.apache.tools.ant.Project.executeTargets(Project.java:1251)\n\tat org.apache.tools.ant.Main.runBuild(Main.java:811)\n\tat org.apache.tools.ant.Main.startAnt(Main.java:217)\n\tat org.apache.tools.ant.launch.Launcher.run(Launcher.java:280)\n\tat org.apache.tools.ant.launch.Launcher.main(Launcher.java:109)\nCaused by: java.lang.NullPointerException\n\t... 54 more\ncom.google.javascript.jscomp.ScopedAliasesTest::testIssue1103c\njunit.framework.AssertionFailedError: Unexpected error(s): JSC_GOOG_SCOPE_NON_ALIAS_LOCAL. The local variable a is in a goog.scope and is not an alias. at testcode line 1 : 52 expected:<0> but was:<1>\n\tat junit.framework.Assert.fail(Assert.java:57)\n\tat junit.framework.Assert.failNotEquals(Assert.java:329)\n\tat junit.framework.Assert.assertEquals(Assert.java:78)\n\tat junit.framework.Assert.assertEquals(Assert.java:234)\n\tat junit.framework.TestCase.assertEquals(TestCase.java:401)\n\tat com.google.javascript.jscomp.CompilerTestCase.test(CompilerTestCase.java:871)\n\tat com.google.javascript.jscomp.CompilerTestCase.test(CompilerTestCase.java:477)\n\tat com.google.javascript.jscomp.CompilerTestCase.test(CompilerTestCase.java:403)\n\tat com.google.javascript.jscomp.CompilerTestCase.test(CompilerTestCase.java:372)\n\tat com.google.javascript.jscomp.CompilerTestCase.test(CompilerTestCase.java:360)\n\tat com.google.javascript.jscomp.ScopedAliasesTest.testIssue1103c(ScopedAliasesTest.java:541)\n\tat sun.reflect.NativeMethodAccessorImpl.invoke0(Native Method)\n\tat sun.reflect.NativeMethodAccessorImpl.invoke(NativeMethodAccessorImpl.java:62)\n\tat sun.reflect.DelegatingMethodAccessorImpl.invoke(DelegatingMethodAccessorImpl.java:43)\n\tat java.lang.reflect.Method.invoke(Method.java:498)\n\tat junit.framework.TestCase.runTest(TestCase.java:176)\n\tat junit.framework.TestCase.runBare(TestCase.java:141)\n\tat junit.framework.TestResult$1.protect(TestResult.java:122)\n\tat junit.framework.TestResult.runProtected(TestResult.java:142)\n\tat junit.framework.TestResult.run(TestResult.java:125)\n\tat junit.framework.TestCase.run(TestCase.java:129)\n\tat junit.framework.TestSuite.runTest(TestSuite.java:255)\n\tat junit.framework.TestSuite.run(TestSuite.java:250)\n\tat org.apache.tools.ant.taskdefs.optional.junit.JUnitTestRunner.run(JUnitTestRunner.java:520)\n\tat org.apache.tools.ant.taskdefs.optional.junit.JUnitTask.executeInVM(JUnitTask.java:1484)\n\tat org.apache.tools.ant.taskdefs.optional.junit.JUnitTask.execute(JUnitTask.java:872)\n\tat org.apache.tools.ant.taskdefs.optional.junit.JUnitTask.executeOrQueue(JUnitTask.java:1972)\n\tat org.apache.tools.ant.taskdefs.optional.junit.JUnitTask.execute1(JUnitTask.java:824)\n\tat org.apache.tools.ant.taskdefs.optional.junit.JUnitTask.execute(JUnitTask.java:2277)\n\tat org.apache.tools.ant.UnknownElement.execute(UnknownElement.java:291)\n\tat sun.reflect.GeneratedMethodAccessor4.invoke(Unknown Source)\n\tat sun.reflect.DelegatingMethodAccessorImpl.invoke(DelegatingMethodAccessorImpl.java:43)\n\tat java.lang.reflect.Method.invoke(Method.java:498)\n\tat org.apache.tools.ant.dispatch.DispatchUtils.execute(DispatchUtils.java:106)\n\tat org.apache.tools.ant.Task.perform(Task.java:348)\n\tat org.apache.tools.ant.Target.execute(Target.java:392)\n\tat org.apache.tools.ant.Target.performTasks(Target.java:413)\n\tat org.apache.tools.ant.Project.executeSortedTargets(Project.java:1399)\n\tat org.apache.tools.ant.Project.executeTarget(Project.java:1368)\n\tat org.apache.tools.ant.helper.DefaultExecutor.executeTargets(DefaultExecutor.java:41)\n\tat org.apache.tools.ant.Project.executeTargets(Project.java:1251)\n\tat org.apache.tools.ant.Main.runBuild(Main.java:811)\n\tat org.apache.tools.ant.Main.startAnt(Main.java:217)\n\tat org.apache.tools.ant.launch.Launcher.run(Launcher.java:280)\n\tat org.apache.tools.ant.launch.Launcher.main(Launcher.java:109)\n\n\nThere is a bug in the above code, please help me locate it by considering the stack trace.\n\nOutput **only** the exact buggy statement, with no line numbers, explanations, or additional content. Your response should contain just the buggy code line. Do not include ```java or ``` markers in the response.\n",
        "prompt_fl_6": "\nsource code:\npublic static Node newQualifiedNameNodeDeclaration(\n      CodingConvention convention, String name, Node value, JSDocInfo info) {\n    Node result;\n    Node nameNode = newQualifiedNameNode(convention, name);\n    if (nameNode.isName()) {\n      result = IR.var(nameNode, value);\n      result.setJSDocInfo(info);\n    } else {\n      result = IR.exprResult(IR.assign(nameNode, value));\n      result.getFirstChild().setJSDocInfo(info);\n    }\n    return result;\n  }\n\nstack trace:\ncom.google.javascript.jscomp.ScopedAliasesTest::testIssue1103a\njunit.framework.AssertionFailedError: Unexpected error(s): JSC_GOOG_SCOPE_NON_ALIAS_LOCAL. The local variable a is in a goog.scope and is not an alias. at testcode line 1 : 30 expected:<0> but was:<1>\n\tat junit.framework.Assert.fail(Assert.java:57)\n\tat junit.framework.Assert.failNotEquals(Assert.java:329)\n\tat junit.framework.Assert.assertEquals(Assert.java:78)\n\tat junit.framework.Assert.assertEquals(Assert.java:234)\n\tat junit.framework.TestCase.assertEquals(TestCase.java:401)\n\tat com.google.javascript.jscomp.CompilerTestCase.test(CompilerTestCase.java:871)\n\tat com.google.javascript.jscomp.CompilerTestCase.test(CompilerTestCase.java:477)\n\tat com.google.javascript.jscomp.CompilerTestCase.test(CompilerTestCase.java:403)\n\tat com.google.javascript.jscomp.CompilerTestCase.test(CompilerTestCase.java:372)\n\tat com.google.javascript.jscomp.CompilerTestCase.test(CompilerTestCase.java:360)\n\tat com.google.javascript.jscomp.ScopedAliasesTest.testIssue1103a(ScopedAliasesTest.java:526)\n\tat sun.reflect.NativeMethodAccessorImpl.invoke0(Native Method)\n\tat sun.reflect.NativeMethodAccessorImpl.invoke(NativeMethodAccessorImpl.java:62)\n\tat sun.reflect.DelegatingMethodAccessorImpl.invoke(DelegatingMethodAccessorImpl.java:43)\n\tat java.lang.reflect.Method.invoke(Method.java:498)\n\tat junit.framework.TestCase.runTest(TestCase.java:176)\n\tat junit.framework.TestCase.runBare(TestCase.java:141)\n\tat junit.framework.TestResult$1.protect(TestResult.java:122)\n\tat junit.framework.TestResult.runProtected(TestResult.java:142)\n\tat junit.framework.TestResult.run(TestResult.java:125)\n\tat junit.framework.TestCase.run(TestCase.java:129)\n\tat junit.framework.TestSuite.runTest(TestSuite.java:255)\n\tat junit.framework.TestSuite.run(TestSuite.java:250)\n\tat org.apache.tools.ant.taskdefs.optional.junit.JUnitTestRunner.run(JUnitTestRunner.java:520)\n\tat org.apache.tools.ant.taskdefs.optional.junit.JUnitTask.executeInVM(JUnitTask.java:1484)\n\tat org.apache.tools.ant.taskdefs.optional.junit.JUnitTask.execute(JUnitTask.java:872)\n\tat org.apache.tools.ant.taskdefs.optional.junit.JUnitTask.executeOrQueue(JUnitTask.java:1972)\n\tat org.apache.tools.ant.taskdefs.optional.junit.JUnitTask.execute1(JUnitTask.java:824)\n\tat org.apache.tools.ant.taskdefs.optional.junit.JUnitTask.execute(JUnitTask.java:2277)\n\tat org.apache.tools.ant.UnknownElement.execute(UnknownElement.java:291)\n\tat sun.reflect.GeneratedMethodAccessor4.invoke(Unknown Source)\n\tat sun.reflect.DelegatingMethodAccessorImpl.invoke(DelegatingMethodAccessorImpl.java:43)\n\tat java.lang.reflect.Method.invoke(Method.java:498)\n\tat org.apache.tools.ant.dispatch.DispatchUtils.execute(DispatchUtils.java:106)\n\tat org.apache.tools.ant.Task.perform(Task.java:348)\n\tat org.apache.tools.ant.Target.execute(Target.java:392)\n\tat org.apache.tools.ant.Target.performTasks(Target.java:413)\n\tat org.apache.tools.ant.Project.executeSortedTargets(Project.java:1399)\n\tat org.apache.tools.ant.Project.executeTarget(Project.java:1368)\n\tat org.apache.tools.ant.helper.DefaultExecutor.executeTargets(DefaultExecutor.java:41)\n\tat org.apache.tools.ant.Project.executeTargets(Project.java:1251)\n\tat org.apache.tools.ant.Main.runBuild(Main.java:811)\n\tat org.apache.tools.ant.Main.startAnt(Main.java:217)\n\tat org.apache.tools.ant.launch.Launcher.run(Launcher.java:280)\n\tat org.apache.tools.ant.launch.Launcher.main(Launcher.java:109)\ncom.google.javascript.jscomp.ScopedAliasesTest::testIssue1103b\njava.lang.RuntimeException: INTERNAL COMPILER ERROR.\nPlease report this problem.\nnull\n  Node(FUNCTION ): testcode:1:11\ngoog.scope(function () {  var a = foo, b, c = 1;});\n  Parent(CALL): testcode:1:0\ngoog.scope(function () {  var a = foo, b, c = 1;});\n\n\tat com.google.javascript.jscomp.Compiler.ensureLibraryInjected(Compiler.java:2554)\n\tat com.google.javascript.jscomp.ScopedAliases$Traversal.findAliases(ScopedAliases.java:373)\n\tat com.google.javascript.jscomp.ScopedAliases$Traversal.enterScope(ScopedAliases.java:298)\n\tat com.google.javascript.jscomp.NodeTraversal.pushScope(NodeTraversal.java:600)\n\tat com.google.javascript.jscomp.NodeTraversal.traverseFunction(NodeTraversal.java:558)\n\tat com.google.javascript.jscomp.NodeTraversal.traverseBranch(NodeTraversal.java:528)\n\tat com.google.javascript.jscomp.NodeTraversal.traverseBranch(NodeTraversal.java:534)\n\tat com.google.javascript.jscomp.NodeTraversal.traverseBranch(NodeTraversal.java:534)\n\tat com.google.javascript.jscomp.NodeTraversal.traverseBranch(NodeTraversal.java:534)\n\tat com.google.javascript.jscomp.NodeTraversal.traverseBranch(NodeTraversal.java:534)\n\tat com.google.javascript.jscomp.NodeTraversal.traverse(NodeTraversal.java:287)\n\tat com.google.javascript.jscomp.NodeTraversal.traverse(NodeTraversal.java:494)\n\tat com.google.javascript.jscomp.ScopedAliases.hotSwapScript(ScopedAliases.java:133)\n\tat com.google.javascript.jscomp.ScopedAliases.process(ScopedAliases.java:127)\n\tat com.google.javascript.jscomp.CompilerTestCase.test(CompilerTestCase.java:845)\n\tat com.google.javascript.jscomp.CompilerTestCase.test(CompilerTestCase.java:477)\n\tat com.google.javascript.jscomp.CompilerTestCase.test(CompilerTestCase.java:403)\n\tat com.google.javascript.jscomp.CompilerTestCase.test(CompilerTestCase.java:372)\n\tat com.google.javascript.jscomp.CompilerTestCase.test(CompilerTestCase.java:360)\n\tat com.google.javascript.jscomp.ScopedAliasesTest.testIssue1103b(ScopedAliasesTest.java:534)\n\tat sun.reflect.NativeMethodAccessorImpl.invoke0(Native Method)\n\tat sun.reflect.NativeMethodAccessorImpl.invoke(NativeMethodAccessorImpl.java:62)\n\tat sun.reflect.DelegatingMethodAccessorImpl.invoke(DelegatingMethodAccessorImpl.java:43)\n\tat java.lang.reflect.Method.invoke(Method.java:498)\n\tat junit.framework.TestCase.runTest(TestCase.java:176)\n\tat junit.framework.TestCase.runBare(TestCase.java:141)\n\tat junit.framework.TestResult$1.protect(TestResult.java:122)\n\tat junit.framework.TestResult.runProtected(TestResult.java:142)\n\tat junit.framework.TestResult.run(TestResult.java:125)\n\tat junit.framework.TestCase.run(TestCase.java:129)\n\tat junit.framework.TestSuite.runTest(TestSuite.java:255)\n\tat junit.framework.TestSuite.run(TestSuite.java:250)\n\tat org.apache.tools.ant.taskdefs.optional.junit.JUnitTestRunner.run(JUnitTestRunner.java:520)\n\tat org.apache.tools.ant.taskdefs.optional.junit.JUnitTask.executeInVM(JUnitTask.java:1484)\n\tat org.apache.tools.ant.taskdefs.optional.junit.JUnitTask.execute(JUnitTask.java:872)\n\tat org.apache.tools.ant.taskdefs.optional.junit.JUnitTask.executeOrQueue(JUnitTask.java:1972)\n\tat org.apache.tools.ant.taskdefs.optional.junit.JUnitTask.execute1(JUnitTask.java:824)\n\tat org.apache.tools.ant.taskdefs.optional.junit.JUnitTask.execute(JUnitTask.java:2277)\n\tat org.apache.tools.ant.UnknownElement.execute(UnknownElement.java:291)\n\tat sun.reflect.GeneratedMethodAccessor4.invoke(Unknown Source)\n\tat sun.reflect.DelegatingMethodAccessorImpl.invoke(DelegatingMethodAccessorImpl.java:43)\n\tat java.lang.reflect.Method.invoke(Method.java:498)\n\tat org.apache.tools.ant.dispatch.DispatchUtils.execute(DispatchUtils.java:106)\n\tat org.apache.tools.ant.Task.perform(Task.java:348)\n\tat org.apache.tools.ant.Target.execute(Target.java:392)\n\tat org.apache.tools.ant.Target.performTasks(Target.java:413)\n\tat org.apache.tools.ant.Project.executeSortedTargets(Project.java:1399)\n\tat org.apache.tools.ant.Project.executeTarget(Project.java:1368)\n\tat org.apache.tools.ant.helper.DefaultExecutor.executeTargets(DefaultExecutor.java:41)\n\tat org.apache.tools.ant.Project.executeTargets(Project.java:1251)\n\tat org.apache.tools.ant.Main.runBuild(Main.java:811)\n\tat org.apache.tools.ant.Main.startAnt(Main.java:217)\n\tat org.apache.tools.ant.launch.Launcher.run(Launcher.java:280)\n\tat org.apache.tools.ant.launch.Launcher.main(Launcher.java:109)\nCaused by: java.lang.NullPointerException\n\t... 54 more\ncom.google.javascript.jscomp.ScopedAliasesTest::testIssue1103c\njunit.framework.AssertionFailedError: Unexpected error(s): JSC_GOOG_SCOPE_NON_ALIAS_LOCAL. The local variable a is in a goog.scope and is not an alias. at testcode line 1 : 52 expected:<0> but was:<1>\n\tat junit.framework.Assert.fail(Assert.java:57)\n\tat junit.framework.Assert.failNotEquals(Assert.java:329)\n\tat junit.framework.Assert.assertEquals(Assert.java:78)\n\tat junit.framework.Assert.assertEquals(Assert.java:234)\n\tat junit.framework.TestCase.assertEquals(TestCase.java:401)\n\tat com.google.javascript.jscomp.CompilerTestCase.test(CompilerTestCase.java:871)\n\tat com.google.javascript.jscomp.CompilerTestCase.test(CompilerTestCase.java:477)\n\tat com.google.javascript.jscomp.CompilerTestCase.test(CompilerTestCase.java:403)\n\tat com.google.javascript.jscomp.CompilerTestCase.test(CompilerTestCase.java:372)\n\tat com.google.javascript.jscomp.CompilerTestCase.test(CompilerTestCase.java:360)\n\tat com.google.javascript.jscomp.ScopedAliasesTest.testIssue1103c(ScopedAliasesTest.java:541)\n\tat sun.reflect.NativeMethodAccessorImpl.invoke0(Native Method)\n\tat sun.reflect.NativeMethodAccessorImpl.invoke(NativeMethodAccessorImpl.java:62)\n\tat sun.reflect.DelegatingMethodAccessorImpl.invoke(DelegatingMethodAccessorImpl.java:43)\n\tat java.lang.reflect.Method.invoke(Method.java:498)\n\tat junit.framework.TestCase.runTest(TestCase.java:176)\n\tat junit.framework.TestCase.runBare(TestCase.java:141)\n\tat junit.framework.TestResult$1.protect(TestResult.java:122)\n\tat junit.framework.TestResult.runProtected(TestResult.java:142)\n\tat junit.framework.TestResult.run(TestResult.java:125)\n\tat junit.framework.TestCase.run(TestCase.java:129)\n\tat junit.framework.TestSuite.runTest(TestSuite.java:255)\n\tat junit.framework.TestSuite.run(TestSuite.java:250)\n\tat org.apache.tools.ant.taskdefs.optional.junit.JUnitTestRunner.run(JUnitTestRunner.java:520)\n\tat org.apache.tools.ant.taskdefs.optional.junit.JUnitTask.executeInVM(JUnitTask.java:1484)\n\tat org.apache.tools.ant.taskdefs.optional.junit.JUnitTask.execute(JUnitTask.java:872)\n\tat org.apache.tools.ant.taskdefs.optional.junit.JUnitTask.executeOrQueue(JUnitTask.java:1972)\n\tat org.apache.tools.ant.taskdefs.optional.junit.JUnitTask.execute1(JUnitTask.java:824)\n\tat org.apache.tools.ant.taskdefs.optional.junit.JUnitTask.execute(JUnitTask.java:2277)\n\tat org.apache.tools.ant.UnknownElement.execute(UnknownElement.java:291)\n\tat sun.reflect.GeneratedMethodAccessor4.invoke(Unknown Source)\n\tat sun.reflect.DelegatingMethodAccessorImpl.invoke(DelegatingMethodAccessorImpl.java:43)\n\tat java.lang.reflect.Method.invoke(Method.java:498)\n\tat org.apache.tools.ant.dispatch.DispatchUtils.execute(DispatchUtils.java:106)\n\tat org.apache.tools.ant.Task.perform(Task.java:348)\n\tat org.apache.tools.ant.Target.execute(Target.java:392)\n\tat org.apache.tools.ant.Target.performTasks(Target.java:413)\n\tat org.apache.tools.ant.Project.executeSortedTargets(Project.java:1399)\n\tat org.apache.tools.ant.Project.executeTarget(Project.java:1368)\n\tat org.apache.tools.ant.helper.DefaultExecutor.executeTargets(DefaultExecutor.java:41)\n\tat org.apache.tools.ant.Project.executeTargets(Project.java:1251)\n\tat org.apache.tools.ant.Main.runBuild(Main.java:811)\n\tat org.apache.tools.ant.Main.startAnt(Main.java:217)\n\tat org.apache.tools.ant.launch.Launcher.run(Launcher.java:280)\n\tat org.apache.tools.ant.launch.Launcher.main(Launcher.java:109)\n\n\nfailure assertion code:\ntest(\"goog.scope(function () {\" +\n\n\nThere is a bug in the above code, please help me locate it by considering the stack trace information and failure assertion code.\n\nOutput **only** the exact buggy statement, with no line numbers, explanations, or additional content. Your response should contain just the buggy code line. Do not include ```java or ``` markers in the response.\n",
        "prompt_apr_1": "\npublic static Node newQualifiedNameNodeDeclaration(\n      CodingConvention convention, String name, Node value, JSDocInfo info) {\n    Node result;\n    Node nameNode = newQualifiedNameNode(convention, name);\n    if (nameNode.isName()) {\n      result = IR.var(nameNode, value);\n      result.setJSDocInfo(info);\n    } else {\n      result = IR.exprResult(IR.assign(nameNode, value));\n      result.getFirstChild().setJSDocInfo(info);\n    }\n    return result;\n  }\n\nThere is a bug in line [9] of the code, please help me fix it.\n\nPlease return the **complete corrected method**. Do not skip or omit any part of the code. Do not include ```java or ``` markers in the response.\n",
        "prompt_apr_2": "\npublic static Node newQualifiedNameNodeDeclaration(\n      CodingConvention convention, String name, Node value, JSDocInfo info) {\n    Node result;\n    Node nameNode = newQualifiedNameNode(convention, name);\n    if (nameNode.isName()) {\n      result = IR.var(nameNode, value);\n      result.setJSDocInfo(info);\n    } else {\n      result = IR.exprResult(IR.assign(nameNode, value));\n      result.getFirstChild().setJSDocInfo(info);\n    }\n    return result;\n  }\n\nThere is a bug in ['      result = IR.exprResult(IR.assign(nameNode, value));'] , please help me fix it. \n\nPlease return the **complete corrected method**. Do not skip or omit any part of the code. Do not include ```java or ``` markers in the response.\n",
        "prompt_apr_3": "\npublic static Node newQualifiedNameNodeDeclaration(\n      CodingConvention convention, String name, Node value, JSDocInfo info) {\n    Node result;\n    Node nameNode = newQualifiedNameNode(convention, name);\n    if (nameNode.isName()) {\n      result = IR.var(nameNode, value);\n      result.setJSDocInfo(info);\n    } else {\n      result = IR.exprResult(IR.assign(nameNode, value));\n\nThere is a bug in the last statement, please help me fix it.\n\nReturn the code **only from the method declaration to the fixed statement**, without completing or adding additional code. Do not modify anything beyond fixing the bug, and do not complete the `if` statement or other unfinished parts. Do not include ```java or ``` markers in the response.\n",
        "prompt_apr_4": "\npublic static Node newQualifiedNameNodeDeclaration(\n      CodingConvention convention, String name, Node value, JSDocInfo info) {\n    Node result;\n    Node nameNode = newQualifiedNameNode(convention, name);\n    if (nameNode.isName()) {\n      result = IR.var(nameNode, value);\n      result.setJSDocInfo(info);\n    } else {\n      result = IR.exprResult(IR.assign(nameNode, value));\n      result.getFirstChild().setJSDocInfo(info);\n    }\n    return result;\n  }\n\nThere is a bug in line [9] of the code, please help me fix it.\n\nPlease return the results in a strict JSON format as described below. Please follow these instructions carefully:\n1. Your output must include each repaired line's number (`line_number`) and the corresponding fixed code statement (`fixed_statement`).\n2. The output format must be a valid JSON array, where each element represents one repaired line, with the following structure:\n   - `\"line_number\"`: The line number of the buggy code that was repaired (integer).\n   - `\"fixed_statement\"`: The repaired statement for that specific line (string).\n\n3. The result must strictly follow this format:\n[\n    {\n        \"line_number\": int,\n        \"fixed_statement\": \"string\"\n    },\n    {\n        \"line_number\": int,\n        \"fixed_statement\": \"string\"\n    }\n]\n4. The repaired statement in \"fixed_statement\" must replace the corresponding line in the buggy code.\n5. You must NOT include any additional explanation or description in your response. Only return the JSON array. Do not include ```json or ``` markers in the response.\n",
        "prompt_apr_5": "\npublic static Node newQualifiedNameNodeDeclaration(\n      CodingConvention convention, String name, Node value, JSDocInfo info) {\n    Node result;\n    Node nameNode = newQualifiedNameNode(convention, name);\n    if (nameNode.isName()) {\n      result = IR.var(nameNode, value);\n      result.setJSDocInfo(info);\n    } else {\n      result = IR.exprResult(IR.assign(nameNode, value));\n      result.getFirstChild().setJSDocInfo(info);\n    }\n    return result;\n  }\n\nThere is a bug in ['      result = IR.exprResult(IR.assign(nameNode, value));'] , please help me fix it. \n\nPlease return the results in a strict JSON format as described below. Please follow these instructions carefully:\n1. Your output must include each repaired line's number (`line_number`) and the corresponding fixed code statement (`fixed_statement`).\n2. The output format must be a valid JSON array, where each element represents one repaired line, with the following structure:\n   - `\"line_number\"`: The line number of the buggy code that was repaired (integer).\n   - `\"fixed_statement\"`: The repaired statement for that specific line (string).\n\n3. The result must strictly follow this format:\n[\n    {\n        \"line_number\": int,\n        \"fixed_statement\": \"string\"\n    },\n    {\n        \"line_number\": int,\n        \"fixed_statement\": \"string\"\n    }\n]\n4. The repaired statement in \"fixed_statement\" must replace the corresponding line in the buggy code.\n5. You must NOT include any additional explanation or description in your response. Only return the JSON array. Do not include ```json or ``` markers in the response.\n",
        "prompt_apr_6": "\npublic static Node newQualifiedNameNodeDeclaration(\n      CodingConvention convention, String name, Node value, JSDocInfo info) {\n    Node result;\n    Node nameNode = newQualifiedNameNode(convention, name);\n    if (nameNode.isName()) {\n      result = IR.var(nameNode, value);\n      result.setJSDocInfo(info);\n    } else {\n      result = IR.exprResult(IR.assign(nameNode, value));\n\nThere is a bug in the last statement, please help me fix it.\n\nPlease return the results in a strict JSON format as described below. Please follow these instructions carefully:\n1. Your output must include each repaired line's number (`line_number`) and the corresponding fixed code statement (`fixed_statement`).\n2. The output format must be a valid JSON array, where each element represents one repaired line, with the following structure:\n   - `\"line_number\"`: The line number of the buggy code that was repaired (integer).\n   - `\"fixed_statement\"`: The repaired statement for that specific line (string).\n\n3. The result must strictly follow this format:\n[\n    {\n        \"line_number\": int,\n        \"fixed_statement\": \"string\"\n    },\n    {\n        \"line_number\": int,\n        \"fixed_statement\": \"string\"\n    }\n]\n4. The repaired statement in \"fixed_statement\" must replace the corresponding line in the buggy code.\n5. You must NOT include any additional explanation or description in your response. Only return the JSON array. Do not include ```json or ``` markers in the response.\n"
    },
    {
        "prompt_fl_1": "\nsource code:\nprivate void findAliases(NodeTraversal t) {\n      Scope scope = t.getScope();\n      for (Var v : scope.getVarIterable()) {\n        Node n = v.getNode();\n        Node parent = n.getParent();\n        boolean isVarAssign = parent.isVar() && n.hasChildren();\n        if (isVarAssign && n.getFirstChild().isQualifiedName()) {\n          recordAlias(v);\n        } else if (v.isBleedingFunction()) {\n          // Bleeding functions already get a BAD_PARAMETERS error, so just\n          // do nothing.\n        } else if (parent.getType() == Token.LP) {\n          // Parameters of the scope function also get a BAD_PARAMETERS\n          // error.\n        } else if (isVarAssign) {\n          Node value = v.getInitialValue().detachFromParent();\n          String name = n.getString();\n          int nameCount = scopedAliasNames.count(name);\n          scopedAliasNames.add(name);\n          String globalName =\n              \"$jscomp.scope.\" + name + (nameCount == 0 ? \"\" : (\"$\" + nameCount));\n\n          compiler.ensureLibraryInjected(\"base\");\n\n          // Add $jscomp.scope.name = EXPR;\n          // Make sure we copy over all the jsdoc and debug info.\n            Node newDecl = NodeUtil.newQualifiedNameNodeDeclaration(\n                compiler.getCodingConvention(),\n                globalName,\n                value,\n                v.getJSDocInfo())\n                .useSourceInfoIfMissingFromForTree(n);\n            NodeUtil.setDebugInformation(\n                newDecl.getFirstChild().getFirstChild(), n, name);\n            parent.getParent().addChildBefore(newDecl, parent);\n\n          // Rewrite \"var name = EXPR;\" to \"var name = $jscomp.scope.name;\"\n          v.getNameNode().addChildToFront(\n              NodeUtil.newQualifiedNameNode(\n                  compiler.getCodingConvention(), globalName, n, name));\n\n          recordAlias(v);\n        } else {\n          // Do not allow hoisted functions or other kinds of local symbols.\n          report(t, n, GOOG_SCOPE_NON_ALIAS_LOCAL, n.getString());\n        }\n      }\n    }\n\nThere is a bug in the above code, please help me locate it.\n\nPlease output **only one integer**: the line number of the buggy code (The code starts from line 1). Do not provide any explanations or additional content.\n",
        "prompt_fl_2": "\nsource code:\nprivate void findAliases(NodeTraversal t) {\n      Scope scope = t.getScope();\n      for (Var v : scope.getVarIterable()) {\n        Node n = v.getNode();\n        Node parent = n.getParent();\n        boolean isVarAssign = parent.isVar() && n.hasChildren();\n        if (isVarAssign && n.getFirstChild().isQualifiedName()) {\n          recordAlias(v);\n        } else if (v.isBleedingFunction()) {\n          // Bleeding functions already get a BAD_PARAMETERS error, so just\n          // do nothing.\n        } else if (parent.getType() == Token.LP) {\n          // Parameters of the scope function also get a BAD_PARAMETERS\n          // error.\n        } else if (isVarAssign) {\n          Node value = v.getInitialValue().detachFromParent();\n          String name = n.getString();\n          int nameCount = scopedAliasNames.count(name);\n          scopedAliasNames.add(name);\n          String globalName =\n              \"$jscomp.scope.\" + name + (nameCount == 0 ? \"\" : (\"$\" + nameCount));\n\n          compiler.ensureLibraryInjected(\"base\");\n\n          // Add $jscomp.scope.name = EXPR;\n          // Make sure we copy over all the jsdoc and debug info.\n            Node newDecl = NodeUtil.newQualifiedNameNodeDeclaration(\n                compiler.getCodingConvention(),\n                globalName,\n                value,\n                v.getJSDocInfo())\n                .useSourceInfoIfMissingFromForTree(n);\n            NodeUtil.setDebugInformation(\n                newDecl.getFirstChild().getFirstChild(), n, name);\n            parent.getParent().addChildBefore(newDecl, parent);\n\n          // Rewrite \"var name = EXPR;\" to \"var name = $jscomp.scope.name;\"\n          v.getNameNode().addChildToFront(\n              NodeUtil.newQualifiedNameNode(\n                  compiler.getCodingConvention(), globalName, n, name));\n\n          recordAlias(v);\n        } else {\n          // Do not allow hoisted functions or other kinds of local symbols.\n          report(t, n, GOOG_SCOPE_NON_ALIAS_LOCAL, n.getString());\n        }\n      }\n    }\n\nstack trace:\ncom.google.javascript.jscomp.ScopedAliasesTest::testIssue1103a\njunit.framework.AssertionFailedError: Unexpected error(s): JSC_GOOG_SCOPE_NON_ALIAS_LOCAL. The local variable a is in a goog.scope and is not an alias. at testcode line 1 : 30 expected:<0> but was:<1>\n\tat junit.framework.Assert.fail(Assert.java:57)\n\tat junit.framework.Assert.failNotEquals(Assert.java:329)\n\tat junit.framework.Assert.assertEquals(Assert.java:78)\n\tat junit.framework.Assert.assertEquals(Assert.java:234)\n\tat junit.framework.TestCase.assertEquals(TestCase.java:401)\n\tat com.google.javascript.jscomp.CompilerTestCase.test(CompilerTestCase.java:871)\n\tat com.google.javascript.jscomp.CompilerTestCase.test(CompilerTestCase.java:477)\n\tat com.google.javascript.jscomp.CompilerTestCase.test(CompilerTestCase.java:403)\n\tat com.google.javascript.jscomp.CompilerTestCase.test(CompilerTestCase.java:372)\n\tat com.google.javascript.jscomp.CompilerTestCase.test(CompilerTestCase.java:360)\n\tat com.google.javascript.jscomp.ScopedAliasesTest.testIssue1103a(ScopedAliasesTest.java:526)\n\tat sun.reflect.NativeMethodAccessorImpl.invoke0(Native Method)\n\tat sun.reflect.NativeMethodAccessorImpl.invoke(NativeMethodAccessorImpl.java:62)\n\tat sun.reflect.DelegatingMethodAccessorImpl.invoke(DelegatingMethodAccessorImpl.java:43)\n\tat java.lang.reflect.Method.invoke(Method.java:498)\n\tat junit.framework.TestCase.runTest(TestCase.java:176)\n\tat junit.framework.TestCase.runBare(TestCase.java:141)\n\tat junit.framework.TestResult$1.protect(TestResult.java:122)\n\tat junit.framework.TestResult.runProtected(TestResult.java:142)\n\tat junit.framework.TestResult.run(TestResult.java:125)\n\tat junit.framework.TestCase.run(TestCase.java:129)\n\tat junit.framework.TestSuite.runTest(TestSuite.java:255)\n\tat junit.framework.TestSuite.run(TestSuite.java:250)\n\tat org.apache.tools.ant.taskdefs.optional.junit.JUnitTestRunner.run(JUnitTestRunner.java:520)\n\tat org.apache.tools.ant.taskdefs.optional.junit.JUnitTask.executeInVM(JUnitTask.java:1484)\n\tat org.apache.tools.ant.taskdefs.optional.junit.JUnitTask.execute(JUnitTask.java:872)\n\tat org.apache.tools.ant.taskdefs.optional.junit.JUnitTask.executeOrQueue(JUnitTask.java:1972)\n\tat org.apache.tools.ant.taskdefs.optional.junit.JUnitTask.execute1(JUnitTask.java:824)\n\tat org.apache.tools.ant.taskdefs.optional.junit.JUnitTask.execute(JUnitTask.java:2277)\n\tat org.apache.tools.ant.UnknownElement.execute(UnknownElement.java:291)\n\tat sun.reflect.GeneratedMethodAccessor4.invoke(Unknown Source)\n\tat sun.reflect.DelegatingMethodAccessorImpl.invoke(DelegatingMethodAccessorImpl.java:43)\n\tat java.lang.reflect.Method.invoke(Method.java:498)\n\tat org.apache.tools.ant.dispatch.DispatchUtils.execute(DispatchUtils.java:106)\n\tat org.apache.tools.ant.Task.perform(Task.java:348)\n\tat org.apache.tools.ant.Target.execute(Target.java:392)\n\tat org.apache.tools.ant.Target.performTasks(Target.java:413)\n\tat org.apache.tools.ant.Project.executeSortedTargets(Project.java:1399)\n\tat org.apache.tools.ant.Project.executeTarget(Project.java:1368)\n\tat org.apache.tools.ant.helper.DefaultExecutor.executeTargets(DefaultExecutor.java:41)\n\tat org.apache.tools.ant.Project.executeTargets(Project.java:1251)\n\tat org.apache.tools.ant.Main.runBuild(Main.java:811)\n\tat org.apache.tools.ant.Main.startAnt(Main.java:217)\n\tat org.apache.tools.ant.launch.Launcher.run(Launcher.java:280)\n\tat org.apache.tools.ant.launch.Launcher.main(Launcher.java:109)\ncom.google.javascript.jscomp.ScopedAliasesTest::testIssue1103b\njava.lang.RuntimeException: INTERNAL COMPILER ERROR.\nPlease report this problem.\nnull\n  Node(FUNCTION ): testcode:1:11\ngoog.scope(function () {  var a = foo, b, c = 1;});\n  Parent(CALL): testcode:1:0\ngoog.scope(function () {  var a = foo, b, c = 1;});\n\n\tat com.google.javascript.jscomp.Compiler.ensureLibraryInjected(Compiler.java:2554)\n\tat com.google.javascript.jscomp.ScopedAliases$Traversal.findAliases(ScopedAliases.java:373)\n\tat com.google.javascript.jscomp.ScopedAliases$Traversal.enterScope(ScopedAliases.java:298)\n\tat com.google.javascript.jscomp.NodeTraversal.pushScope(NodeTraversal.java:600)\n\tat com.google.javascript.jscomp.NodeTraversal.traverseFunction(NodeTraversal.java:558)\n\tat com.google.javascript.jscomp.NodeTraversal.traverseBranch(NodeTraversal.java:528)\n\tat com.google.javascript.jscomp.NodeTraversal.traverseBranch(NodeTraversal.java:534)\n\tat com.google.javascript.jscomp.NodeTraversal.traverseBranch(NodeTraversal.java:534)\n\tat com.google.javascript.jscomp.NodeTraversal.traverseBranch(NodeTraversal.java:534)\n\tat com.google.javascript.jscomp.NodeTraversal.traverseBranch(NodeTraversal.java:534)\n\tat com.google.javascript.jscomp.NodeTraversal.traverse(NodeTraversal.java:287)\n\tat com.google.javascript.jscomp.NodeTraversal.traverse(NodeTraversal.java:494)\n\tat com.google.javascript.jscomp.ScopedAliases.hotSwapScript(ScopedAliases.java:133)\n\tat com.google.javascript.jscomp.ScopedAliases.process(ScopedAliases.java:127)\n\tat com.google.javascript.jscomp.CompilerTestCase.test(CompilerTestCase.java:845)\n\tat com.google.javascript.jscomp.CompilerTestCase.test(CompilerTestCase.java:477)\n\tat com.google.javascript.jscomp.CompilerTestCase.test(CompilerTestCase.java:403)\n\tat com.google.javascript.jscomp.CompilerTestCase.test(CompilerTestCase.java:372)\n\tat com.google.javascript.jscomp.CompilerTestCase.test(CompilerTestCase.java:360)\n\tat com.google.javascript.jscomp.ScopedAliasesTest.testIssue1103b(ScopedAliasesTest.java:534)\n\tat sun.reflect.NativeMethodAccessorImpl.invoke0(Native Method)\n\tat sun.reflect.NativeMethodAccessorImpl.invoke(NativeMethodAccessorImpl.java:62)\n\tat sun.reflect.DelegatingMethodAccessorImpl.invoke(DelegatingMethodAccessorImpl.java:43)\n\tat java.lang.reflect.Method.invoke(Method.java:498)\n\tat junit.framework.TestCase.runTest(TestCase.java:176)\n\tat junit.framework.TestCase.runBare(TestCase.java:141)\n\tat junit.framework.TestResult$1.protect(TestResult.java:122)\n\tat junit.framework.TestResult.runProtected(TestResult.java:142)\n\tat junit.framework.TestResult.run(TestResult.java:125)\n\tat junit.framework.TestCase.run(TestCase.java:129)\n\tat junit.framework.TestSuite.runTest(TestSuite.java:255)\n\tat junit.framework.TestSuite.run(TestSuite.java:250)\n\tat org.apache.tools.ant.taskdefs.optional.junit.JUnitTestRunner.run(JUnitTestRunner.java:520)\n\tat org.apache.tools.ant.taskdefs.optional.junit.JUnitTask.executeInVM(JUnitTask.java:1484)\n\tat org.apache.tools.ant.taskdefs.optional.junit.JUnitTask.execute(JUnitTask.java:872)\n\tat org.apache.tools.ant.taskdefs.optional.junit.JUnitTask.executeOrQueue(JUnitTask.java:1972)\n\tat org.apache.tools.ant.taskdefs.optional.junit.JUnitTask.execute1(JUnitTask.java:824)\n\tat org.apache.tools.ant.taskdefs.optional.junit.JUnitTask.execute(JUnitTask.java:2277)\n\tat org.apache.tools.ant.UnknownElement.execute(UnknownElement.java:291)\n\tat sun.reflect.GeneratedMethodAccessor4.invoke(Unknown Source)\n\tat sun.reflect.DelegatingMethodAccessorImpl.invoke(DelegatingMethodAccessorImpl.java:43)\n\tat java.lang.reflect.Method.invoke(Method.java:498)\n\tat org.apache.tools.ant.dispatch.DispatchUtils.execute(DispatchUtils.java:106)\n\tat org.apache.tools.ant.Task.perform(Task.java:348)\n\tat org.apache.tools.ant.Target.execute(Target.java:392)\n\tat org.apache.tools.ant.Target.performTasks(Target.java:413)\n\tat org.apache.tools.ant.Project.executeSortedTargets(Project.java:1399)\n\tat org.apache.tools.ant.Project.executeTarget(Project.java:1368)\n\tat org.apache.tools.ant.helper.DefaultExecutor.executeTargets(DefaultExecutor.java:41)\n\tat org.apache.tools.ant.Project.executeTargets(Project.java:1251)\n\tat org.apache.tools.ant.Main.runBuild(Main.java:811)\n\tat org.apache.tools.ant.Main.startAnt(Main.java:217)\n\tat org.apache.tools.ant.launch.Launcher.run(Launcher.java:280)\n\tat org.apache.tools.ant.launch.Launcher.main(Launcher.java:109)\nCaused by: java.lang.NullPointerException\n\t... 54 more\ncom.google.javascript.jscomp.ScopedAliasesTest::testIssue1103c\njunit.framework.AssertionFailedError: Unexpected error(s): JSC_GOOG_SCOPE_NON_ALIAS_LOCAL. The local variable a is in a goog.scope and is not an alias. at testcode line 1 : 52 expected:<0> but was:<1>\n\tat junit.framework.Assert.fail(Assert.java:57)\n\tat junit.framework.Assert.failNotEquals(Assert.java:329)\n\tat junit.framework.Assert.assertEquals(Assert.java:78)\n\tat junit.framework.Assert.assertEquals(Assert.java:234)\n\tat junit.framework.TestCase.assertEquals(TestCase.java:401)\n\tat com.google.javascript.jscomp.CompilerTestCase.test(CompilerTestCase.java:871)\n\tat com.google.javascript.jscomp.CompilerTestCase.test(CompilerTestCase.java:477)\n\tat com.google.javascript.jscomp.CompilerTestCase.test(CompilerTestCase.java:403)\n\tat com.google.javascript.jscomp.CompilerTestCase.test(CompilerTestCase.java:372)\n\tat com.google.javascript.jscomp.CompilerTestCase.test(CompilerTestCase.java:360)\n\tat com.google.javascript.jscomp.ScopedAliasesTest.testIssue1103c(ScopedAliasesTest.java:541)\n\tat sun.reflect.NativeMethodAccessorImpl.invoke0(Native Method)\n\tat sun.reflect.NativeMethodAccessorImpl.invoke(NativeMethodAccessorImpl.java:62)\n\tat sun.reflect.DelegatingMethodAccessorImpl.invoke(DelegatingMethodAccessorImpl.java:43)\n\tat java.lang.reflect.Method.invoke(Method.java:498)\n\tat junit.framework.TestCase.runTest(TestCase.java:176)\n\tat junit.framework.TestCase.runBare(TestCase.java:141)\n\tat junit.framework.TestResult$1.protect(TestResult.java:122)\n\tat junit.framework.TestResult.runProtected(TestResult.java:142)\n\tat junit.framework.TestResult.run(TestResult.java:125)\n\tat junit.framework.TestCase.run(TestCase.java:129)\n\tat junit.framework.TestSuite.runTest(TestSuite.java:255)\n\tat junit.framework.TestSuite.run(TestSuite.java:250)\n\tat org.apache.tools.ant.taskdefs.optional.junit.JUnitTestRunner.run(JUnitTestRunner.java:520)\n\tat org.apache.tools.ant.taskdefs.optional.junit.JUnitTask.executeInVM(JUnitTask.java:1484)\n\tat org.apache.tools.ant.taskdefs.optional.junit.JUnitTask.execute(JUnitTask.java:872)\n\tat org.apache.tools.ant.taskdefs.optional.junit.JUnitTask.executeOrQueue(JUnitTask.java:1972)\n\tat org.apache.tools.ant.taskdefs.optional.junit.JUnitTask.execute1(JUnitTask.java:824)\n\tat org.apache.tools.ant.taskdefs.optional.junit.JUnitTask.execute(JUnitTask.java:2277)\n\tat org.apache.tools.ant.UnknownElement.execute(UnknownElement.java:291)\n\tat sun.reflect.GeneratedMethodAccessor4.invoke(Unknown Source)\n\tat sun.reflect.DelegatingMethodAccessorImpl.invoke(DelegatingMethodAccessorImpl.java:43)\n\tat java.lang.reflect.Method.invoke(Method.java:498)\n\tat org.apache.tools.ant.dispatch.DispatchUtils.execute(DispatchUtils.java:106)\n\tat org.apache.tools.ant.Task.perform(Task.java:348)\n\tat org.apache.tools.ant.Target.execute(Target.java:392)\n\tat org.apache.tools.ant.Target.performTasks(Target.java:413)\n\tat org.apache.tools.ant.Project.executeSortedTargets(Project.java:1399)\n\tat org.apache.tools.ant.Project.executeTarget(Project.java:1368)\n\tat org.apache.tools.ant.helper.DefaultExecutor.executeTargets(DefaultExecutor.java:41)\n\tat org.apache.tools.ant.Project.executeTargets(Project.java:1251)\n\tat org.apache.tools.ant.Main.runBuild(Main.java:811)\n\tat org.apache.tools.ant.Main.startAnt(Main.java:217)\n\tat org.apache.tools.ant.launch.Launcher.run(Launcher.java:280)\n\tat org.apache.tools.ant.launch.Launcher.main(Launcher.java:109)\n\n\nThere is a bug in the above code, please help me locate it by considering the stack trace.\n\nPlease output **only one integer**: the line number of the buggy code (The code starts from line 1). Do not provide any explanations or additional content.\n",
        "prompt_fl_3": "\nsource code:\nprivate void findAliases(NodeTraversal t) {\n      Scope scope = t.getScope();\n      for (Var v : scope.getVarIterable()) {\n        Node n = v.getNode();\n        Node parent = n.getParent();\n        boolean isVarAssign = parent.isVar() && n.hasChildren();\n        if (isVarAssign && n.getFirstChild().isQualifiedName()) {\n          recordAlias(v);\n        } else if (v.isBleedingFunction()) {\n          // Bleeding functions already get a BAD_PARAMETERS error, so just\n          // do nothing.\n        } else if (parent.getType() == Token.LP) {\n          // Parameters of the scope function also get a BAD_PARAMETERS\n          // error.\n        } else if (isVarAssign) {\n          Node value = v.getInitialValue().detachFromParent();\n          String name = n.getString();\n          int nameCount = scopedAliasNames.count(name);\n          scopedAliasNames.add(name);\n          String globalName =\n              \"$jscomp.scope.\" + name + (nameCount == 0 ? \"\" : (\"$\" + nameCount));\n\n          compiler.ensureLibraryInjected(\"base\");\n\n          // Add $jscomp.scope.name = EXPR;\n          // Make sure we copy over all the jsdoc and debug info.\n            Node newDecl = NodeUtil.newQualifiedNameNodeDeclaration(\n                compiler.getCodingConvention(),\n                globalName,\n                value,\n                v.getJSDocInfo())\n                .useSourceInfoIfMissingFromForTree(n);\n            NodeUtil.setDebugInformation(\n                newDecl.getFirstChild().getFirstChild(), n, name);\n            parent.getParent().addChildBefore(newDecl, parent);\n\n          // Rewrite \"var name = EXPR;\" to \"var name = $jscomp.scope.name;\"\n          v.getNameNode().addChildToFront(\n              NodeUtil.newQualifiedNameNode(\n                  compiler.getCodingConvention(), globalName, n, name));\n\n          recordAlias(v);\n        } else {\n          // Do not allow hoisted functions or other kinds of local symbols.\n          report(t, n, GOOG_SCOPE_NON_ALIAS_LOCAL, n.getString());\n        }\n      }\n    }\n\nstack trace:\ncom.google.javascript.jscomp.ScopedAliasesTest::testIssue1103a\njunit.framework.AssertionFailedError: Unexpected error(s): JSC_GOOG_SCOPE_NON_ALIAS_LOCAL. The local variable a is in a goog.scope and is not an alias. at testcode line 1 : 30 expected:<0> but was:<1>\n\tat junit.framework.Assert.fail(Assert.java:57)\n\tat junit.framework.Assert.failNotEquals(Assert.java:329)\n\tat junit.framework.Assert.assertEquals(Assert.java:78)\n\tat junit.framework.Assert.assertEquals(Assert.java:234)\n\tat junit.framework.TestCase.assertEquals(TestCase.java:401)\n\tat com.google.javascript.jscomp.CompilerTestCase.test(CompilerTestCase.java:871)\n\tat com.google.javascript.jscomp.CompilerTestCase.test(CompilerTestCase.java:477)\n\tat com.google.javascript.jscomp.CompilerTestCase.test(CompilerTestCase.java:403)\n\tat com.google.javascript.jscomp.CompilerTestCase.test(CompilerTestCase.java:372)\n\tat com.google.javascript.jscomp.CompilerTestCase.test(CompilerTestCase.java:360)\n\tat com.google.javascript.jscomp.ScopedAliasesTest.testIssue1103a(ScopedAliasesTest.java:526)\n\tat sun.reflect.NativeMethodAccessorImpl.invoke0(Native Method)\n\tat sun.reflect.NativeMethodAccessorImpl.invoke(NativeMethodAccessorImpl.java:62)\n\tat sun.reflect.DelegatingMethodAccessorImpl.invoke(DelegatingMethodAccessorImpl.java:43)\n\tat java.lang.reflect.Method.invoke(Method.java:498)\n\tat junit.framework.TestCase.runTest(TestCase.java:176)\n\tat junit.framework.TestCase.runBare(TestCase.java:141)\n\tat junit.framework.TestResult$1.protect(TestResult.java:122)\n\tat junit.framework.TestResult.runProtected(TestResult.java:142)\n\tat junit.framework.TestResult.run(TestResult.java:125)\n\tat junit.framework.TestCase.run(TestCase.java:129)\n\tat junit.framework.TestSuite.runTest(TestSuite.java:255)\n\tat junit.framework.TestSuite.run(TestSuite.java:250)\n\tat org.apache.tools.ant.taskdefs.optional.junit.JUnitTestRunner.run(JUnitTestRunner.java:520)\n\tat org.apache.tools.ant.taskdefs.optional.junit.JUnitTask.executeInVM(JUnitTask.java:1484)\n\tat org.apache.tools.ant.taskdefs.optional.junit.JUnitTask.execute(JUnitTask.java:872)\n\tat org.apache.tools.ant.taskdefs.optional.junit.JUnitTask.executeOrQueue(JUnitTask.java:1972)\n\tat org.apache.tools.ant.taskdefs.optional.junit.JUnitTask.execute1(JUnitTask.java:824)\n\tat org.apache.tools.ant.taskdefs.optional.junit.JUnitTask.execute(JUnitTask.java:2277)\n\tat org.apache.tools.ant.UnknownElement.execute(UnknownElement.java:291)\n\tat sun.reflect.GeneratedMethodAccessor4.invoke(Unknown Source)\n\tat sun.reflect.DelegatingMethodAccessorImpl.invoke(DelegatingMethodAccessorImpl.java:43)\n\tat java.lang.reflect.Method.invoke(Method.java:498)\n\tat org.apache.tools.ant.dispatch.DispatchUtils.execute(DispatchUtils.java:106)\n\tat org.apache.tools.ant.Task.perform(Task.java:348)\n\tat org.apache.tools.ant.Target.execute(Target.java:392)\n\tat org.apache.tools.ant.Target.performTasks(Target.java:413)\n\tat org.apache.tools.ant.Project.executeSortedTargets(Project.java:1399)\n\tat org.apache.tools.ant.Project.executeTarget(Project.java:1368)\n\tat org.apache.tools.ant.helper.DefaultExecutor.executeTargets(DefaultExecutor.java:41)\n\tat org.apache.tools.ant.Project.executeTargets(Project.java:1251)\n\tat org.apache.tools.ant.Main.runBuild(Main.java:811)\n\tat org.apache.tools.ant.Main.startAnt(Main.java:217)\n\tat org.apache.tools.ant.launch.Launcher.run(Launcher.java:280)\n\tat org.apache.tools.ant.launch.Launcher.main(Launcher.java:109)\ncom.google.javascript.jscomp.ScopedAliasesTest::testIssue1103b\njava.lang.RuntimeException: INTERNAL COMPILER ERROR.\nPlease report this problem.\nnull\n  Node(FUNCTION ): testcode:1:11\ngoog.scope(function () {  var a = foo, b, c = 1;});\n  Parent(CALL): testcode:1:0\ngoog.scope(function () {  var a = foo, b, c = 1;});\n\n\tat com.google.javascript.jscomp.Compiler.ensureLibraryInjected(Compiler.java:2554)\n\tat com.google.javascript.jscomp.ScopedAliases$Traversal.findAliases(ScopedAliases.java:373)\n\tat com.google.javascript.jscomp.ScopedAliases$Traversal.enterScope(ScopedAliases.java:298)\n\tat com.google.javascript.jscomp.NodeTraversal.pushScope(NodeTraversal.java:600)\n\tat com.google.javascript.jscomp.NodeTraversal.traverseFunction(NodeTraversal.java:558)\n\tat com.google.javascript.jscomp.NodeTraversal.traverseBranch(NodeTraversal.java:528)\n\tat com.google.javascript.jscomp.NodeTraversal.traverseBranch(NodeTraversal.java:534)\n\tat com.google.javascript.jscomp.NodeTraversal.traverseBranch(NodeTraversal.java:534)\n\tat com.google.javascript.jscomp.NodeTraversal.traverseBranch(NodeTraversal.java:534)\n\tat com.google.javascript.jscomp.NodeTraversal.traverseBranch(NodeTraversal.java:534)\n\tat com.google.javascript.jscomp.NodeTraversal.traverse(NodeTraversal.java:287)\n\tat com.google.javascript.jscomp.NodeTraversal.traverse(NodeTraversal.java:494)\n\tat com.google.javascript.jscomp.ScopedAliases.hotSwapScript(ScopedAliases.java:133)\n\tat com.google.javascript.jscomp.ScopedAliases.process(ScopedAliases.java:127)\n\tat com.google.javascript.jscomp.CompilerTestCase.test(CompilerTestCase.java:845)\n\tat com.google.javascript.jscomp.CompilerTestCase.test(CompilerTestCase.java:477)\n\tat com.google.javascript.jscomp.CompilerTestCase.test(CompilerTestCase.java:403)\n\tat com.google.javascript.jscomp.CompilerTestCase.test(CompilerTestCase.java:372)\n\tat com.google.javascript.jscomp.CompilerTestCase.test(CompilerTestCase.java:360)\n\tat com.google.javascript.jscomp.ScopedAliasesTest.testIssue1103b(ScopedAliasesTest.java:534)\n\tat sun.reflect.NativeMethodAccessorImpl.invoke0(Native Method)\n\tat sun.reflect.NativeMethodAccessorImpl.invoke(NativeMethodAccessorImpl.java:62)\n\tat sun.reflect.DelegatingMethodAccessorImpl.invoke(DelegatingMethodAccessorImpl.java:43)\n\tat java.lang.reflect.Method.invoke(Method.java:498)\n\tat junit.framework.TestCase.runTest(TestCase.java:176)\n\tat junit.framework.TestCase.runBare(TestCase.java:141)\n\tat junit.framework.TestResult$1.protect(TestResult.java:122)\n\tat junit.framework.TestResult.runProtected(TestResult.java:142)\n\tat junit.framework.TestResult.run(TestResult.java:125)\n\tat junit.framework.TestCase.run(TestCase.java:129)\n\tat junit.framework.TestSuite.runTest(TestSuite.java:255)\n\tat junit.framework.TestSuite.run(TestSuite.java:250)\n\tat org.apache.tools.ant.taskdefs.optional.junit.JUnitTestRunner.run(JUnitTestRunner.java:520)\n\tat org.apache.tools.ant.taskdefs.optional.junit.JUnitTask.executeInVM(JUnitTask.java:1484)\n\tat org.apache.tools.ant.taskdefs.optional.junit.JUnitTask.execute(JUnitTask.java:872)\n\tat org.apache.tools.ant.taskdefs.optional.junit.JUnitTask.executeOrQueue(JUnitTask.java:1972)\n\tat org.apache.tools.ant.taskdefs.optional.junit.JUnitTask.execute1(JUnitTask.java:824)\n\tat org.apache.tools.ant.taskdefs.optional.junit.JUnitTask.execute(JUnitTask.java:2277)\n\tat org.apache.tools.ant.UnknownElement.execute(UnknownElement.java:291)\n\tat sun.reflect.GeneratedMethodAccessor4.invoke(Unknown Source)\n\tat sun.reflect.DelegatingMethodAccessorImpl.invoke(DelegatingMethodAccessorImpl.java:43)\n\tat java.lang.reflect.Method.invoke(Method.java:498)\n\tat org.apache.tools.ant.dispatch.DispatchUtils.execute(DispatchUtils.java:106)\n\tat org.apache.tools.ant.Task.perform(Task.java:348)\n\tat org.apache.tools.ant.Target.execute(Target.java:392)\n\tat org.apache.tools.ant.Target.performTasks(Target.java:413)\n\tat org.apache.tools.ant.Project.executeSortedTargets(Project.java:1399)\n\tat org.apache.tools.ant.Project.executeTarget(Project.java:1368)\n\tat org.apache.tools.ant.helper.DefaultExecutor.executeTargets(DefaultExecutor.java:41)\n\tat org.apache.tools.ant.Project.executeTargets(Project.java:1251)\n\tat org.apache.tools.ant.Main.runBuild(Main.java:811)\n\tat org.apache.tools.ant.Main.startAnt(Main.java:217)\n\tat org.apache.tools.ant.launch.Launcher.run(Launcher.java:280)\n\tat org.apache.tools.ant.launch.Launcher.main(Launcher.java:109)\nCaused by: java.lang.NullPointerException\n\t... 54 more\ncom.google.javascript.jscomp.ScopedAliasesTest::testIssue1103c\njunit.framework.AssertionFailedError: Unexpected error(s): JSC_GOOG_SCOPE_NON_ALIAS_LOCAL. The local variable a is in a goog.scope and is not an alias. at testcode line 1 : 52 expected:<0> but was:<1>\n\tat junit.framework.Assert.fail(Assert.java:57)\n\tat junit.framework.Assert.failNotEquals(Assert.java:329)\n\tat junit.framework.Assert.assertEquals(Assert.java:78)\n\tat junit.framework.Assert.assertEquals(Assert.java:234)\n\tat junit.framework.TestCase.assertEquals(TestCase.java:401)\n\tat com.google.javascript.jscomp.CompilerTestCase.test(CompilerTestCase.java:871)\n\tat com.google.javascript.jscomp.CompilerTestCase.test(CompilerTestCase.java:477)\n\tat com.google.javascript.jscomp.CompilerTestCase.test(CompilerTestCase.java:403)\n\tat com.google.javascript.jscomp.CompilerTestCase.test(CompilerTestCase.java:372)\n\tat com.google.javascript.jscomp.CompilerTestCase.test(CompilerTestCase.java:360)\n\tat com.google.javascript.jscomp.ScopedAliasesTest.testIssue1103c(ScopedAliasesTest.java:541)\n\tat sun.reflect.NativeMethodAccessorImpl.invoke0(Native Method)\n\tat sun.reflect.NativeMethodAccessorImpl.invoke(NativeMethodAccessorImpl.java:62)\n\tat sun.reflect.DelegatingMethodAccessorImpl.invoke(DelegatingMethodAccessorImpl.java:43)\n\tat java.lang.reflect.Method.invoke(Method.java:498)\n\tat junit.framework.TestCase.runTest(TestCase.java:176)\n\tat junit.framework.TestCase.runBare(TestCase.java:141)\n\tat junit.framework.TestResult$1.protect(TestResult.java:122)\n\tat junit.framework.TestResult.runProtected(TestResult.java:142)\n\tat junit.framework.TestResult.run(TestResult.java:125)\n\tat junit.framework.TestCase.run(TestCase.java:129)\n\tat junit.framework.TestSuite.runTest(TestSuite.java:255)\n\tat junit.framework.TestSuite.run(TestSuite.java:250)\n\tat org.apache.tools.ant.taskdefs.optional.junit.JUnitTestRunner.run(JUnitTestRunner.java:520)\n\tat org.apache.tools.ant.taskdefs.optional.junit.JUnitTask.executeInVM(JUnitTask.java:1484)\n\tat org.apache.tools.ant.taskdefs.optional.junit.JUnitTask.execute(JUnitTask.java:872)\n\tat org.apache.tools.ant.taskdefs.optional.junit.JUnitTask.executeOrQueue(JUnitTask.java:1972)\n\tat org.apache.tools.ant.taskdefs.optional.junit.JUnitTask.execute1(JUnitTask.java:824)\n\tat org.apache.tools.ant.taskdefs.optional.junit.JUnitTask.execute(JUnitTask.java:2277)\n\tat org.apache.tools.ant.UnknownElement.execute(UnknownElement.java:291)\n\tat sun.reflect.GeneratedMethodAccessor4.invoke(Unknown Source)\n\tat sun.reflect.DelegatingMethodAccessorImpl.invoke(DelegatingMethodAccessorImpl.java:43)\n\tat java.lang.reflect.Method.invoke(Method.java:498)\n\tat org.apache.tools.ant.dispatch.DispatchUtils.execute(DispatchUtils.java:106)\n\tat org.apache.tools.ant.Task.perform(Task.java:348)\n\tat org.apache.tools.ant.Target.execute(Target.java:392)\n\tat org.apache.tools.ant.Target.performTasks(Target.java:413)\n\tat org.apache.tools.ant.Project.executeSortedTargets(Project.java:1399)\n\tat org.apache.tools.ant.Project.executeTarget(Project.java:1368)\n\tat org.apache.tools.ant.helper.DefaultExecutor.executeTargets(DefaultExecutor.java:41)\n\tat org.apache.tools.ant.Project.executeTargets(Project.java:1251)\n\tat org.apache.tools.ant.Main.runBuild(Main.java:811)\n\tat org.apache.tools.ant.Main.startAnt(Main.java:217)\n\tat org.apache.tools.ant.launch.Launcher.run(Launcher.java:280)\n\tat org.apache.tools.ant.launch.Launcher.main(Launcher.java:109)\n\n\nfailure assertion code:\ntest(\"goog.scope(function () {\" +\n\n\nThere is a bug in the above code, please help me locate it by considering the stack trace information and failure assertion code.\n\nPlease output **only one integer**: the line number of the buggy code (The code starts from line 1). Do not provide any explanations or additional content.\n",
        "prompt_fl_4": "\nsource code:\nprivate void findAliases(NodeTraversal t) {\n      Scope scope = t.getScope();\n      for (Var v : scope.getVarIterable()) {\n        Node n = v.getNode();\n        Node parent = n.getParent();\n        boolean isVarAssign = parent.isVar() && n.hasChildren();\n        if (isVarAssign && n.getFirstChild().isQualifiedName()) {\n          recordAlias(v);\n        } else if (v.isBleedingFunction()) {\n          // Bleeding functions already get a BAD_PARAMETERS error, so just\n          // do nothing.\n        } else if (parent.getType() == Token.LP) {\n          // Parameters of the scope function also get a BAD_PARAMETERS\n          // error.\n        } else if (isVarAssign) {\n          Node value = v.getInitialValue().detachFromParent();\n          String name = n.getString();\n          int nameCount = scopedAliasNames.count(name);\n          scopedAliasNames.add(name);\n          String globalName =\n              \"$jscomp.scope.\" + name + (nameCount == 0 ? \"\" : (\"$\" + nameCount));\n\n          compiler.ensureLibraryInjected(\"base\");\n\n          // Add $jscomp.scope.name = EXPR;\n          // Make sure we copy over all the jsdoc and debug info.\n            Node newDecl = NodeUtil.newQualifiedNameNodeDeclaration(\n                compiler.getCodingConvention(),\n                globalName,\n                value,\n                v.getJSDocInfo())\n                .useSourceInfoIfMissingFromForTree(n);\n            NodeUtil.setDebugInformation(\n                newDecl.getFirstChild().getFirstChild(), n, name);\n            parent.getParent().addChildBefore(newDecl, parent);\n\n          // Rewrite \"var name = EXPR;\" to \"var name = $jscomp.scope.name;\"\n          v.getNameNode().addChildToFront(\n              NodeUtil.newQualifiedNameNode(\n                  compiler.getCodingConvention(), globalName, n, name));\n\n          recordAlias(v);\n        } else {\n          // Do not allow hoisted functions or other kinds of local symbols.\n          report(t, n, GOOG_SCOPE_NON_ALIAS_LOCAL, n.getString());\n        }\n      }\n    }\n\nThere is a bug in the above code, please help me locate it.\n\nOutput **only** the exact buggy statement, with no line numbers, explanations, or additional content. Your response should contain just the buggy code line. Do not include ```java or ``` markers in the response.\n",
        "prompt_fl_5": "\nsource code:\nprivate void findAliases(NodeTraversal t) {\n      Scope scope = t.getScope();\n      for (Var v : scope.getVarIterable()) {\n        Node n = v.getNode();\n        Node parent = n.getParent();\n        boolean isVarAssign = parent.isVar() && n.hasChildren();\n        if (isVarAssign && n.getFirstChild().isQualifiedName()) {\n          recordAlias(v);\n        } else if (v.isBleedingFunction()) {\n          // Bleeding functions already get a BAD_PARAMETERS error, so just\n          // do nothing.\n        } else if (parent.getType() == Token.LP) {\n          // Parameters of the scope function also get a BAD_PARAMETERS\n          // error.\n        } else if (isVarAssign) {\n          Node value = v.getInitialValue().detachFromParent();\n          String name = n.getString();\n          int nameCount = scopedAliasNames.count(name);\n          scopedAliasNames.add(name);\n          String globalName =\n              \"$jscomp.scope.\" + name + (nameCount == 0 ? \"\" : (\"$\" + nameCount));\n\n          compiler.ensureLibraryInjected(\"base\");\n\n          // Add $jscomp.scope.name = EXPR;\n          // Make sure we copy over all the jsdoc and debug info.\n            Node newDecl = NodeUtil.newQualifiedNameNodeDeclaration(\n                compiler.getCodingConvention(),\n                globalName,\n                value,\n                v.getJSDocInfo())\n                .useSourceInfoIfMissingFromForTree(n);\n            NodeUtil.setDebugInformation(\n                newDecl.getFirstChild().getFirstChild(), n, name);\n            parent.getParent().addChildBefore(newDecl, parent);\n\n          // Rewrite \"var name = EXPR;\" to \"var name = $jscomp.scope.name;\"\n          v.getNameNode().addChildToFront(\n              NodeUtil.newQualifiedNameNode(\n                  compiler.getCodingConvention(), globalName, n, name));\n\n          recordAlias(v);\n        } else {\n          // Do not allow hoisted functions or other kinds of local symbols.\n          report(t, n, GOOG_SCOPE_NON_ALIAS_LOCAL, n.getString());\n        }\n      }\n    }\n\nstack trace:\ncom.google.javascript.jscomp.ScopedAliasesTest::testIssue1103a\njunit.framework.AssertionFailedError: Unexpected error(s): JSC_GOOG_SCOPE_NON_ALIAS_LOCAL. The local variable a is in a goog.scope and is not an alias. at testcode line 1 : 30 expected:<0> but was:<1>\n\tat junit.framework.Assert.fail(Assert.java:57)\n\tat junit.framework.Assert.failNotEquals(Assert.java:329)\n\tat junit.framework.Assert.assertEquals(Assert.java:78)\n\tat junit.framework.Assert.assertEquals(Assert.java:234)\n\tat junit.framework.TestCase.assertEquals(TestCase.java:401)\n\tat com.google.javascript.jscomp.CompilerTestCase.test(CompilerTestCase.java:871)\n\tat com.google.javascript.jscomp.CompilerTestCase.test(CompilerTestCase.java:477)\n\tat com.google.javascript.jscomp.CompilerTestCase.test(CompilerTestCase.java:403)\n\tat com.google.javascript.jscomp.CompilerTestCase.test(CompilerTestCase.java:372)\n\tat com.google.javascript.jscomp.CompilerTestCase.test(CompilerTestCase.java:360)\n\tat com.google.javascript.jscomp.ScopedAliasesTest.testIssue1103a(ScopedAliasesTest.java:526)\n\tat sun.reflect.NativeMethodAccessorImpl.invoke0(Native Method)\n\tat sun.reflect.NativeMethodAccessorImpl.invoke(NativeMethodAccessorImpl.java:62)\n\tat sun.reflect.DelegatingMethodAccessorImpl.invoke(DelegatingMethodAccessorImpl.java:43)\n\tat java.lang.reflect.Method.invoke(Method.java:498)\n\tat junit.framework.TestCase.runTest(TestCase.java:176)\n\tat junit.framework.TestCase.runBare(TestCase.java:141)\n\tat junit.framework.TestResult$1.protect(TestResult.java:122)\n\tat junit.framework.TestResult.runProtected(TestResult.java:142)\n\tat junit.framework.TestResult.run(TestResult.java:125)\n\tat junit.framework.TestCase.run(TestCase.java:129)\n\tat junit.framework.TestSuite.runTest(TestSuite.java:255)\n\tat junit.framework.TestSuite.run(TestSuite.java:250)\n\tat org.apache.tools.ant.taskdefs.optional.junit.JUnitTestRunner.run(JUnitTestRunner.java:520)\n\tat org.apache.tools.ant.taskdefs.optional.junit.JUnitTask.executeInVM(JUnitTask.java:1484)\n\tat org.apache.tools.ant.taskdefs.optional.junit.JUnitTask.execute(JUnitTask.java:872)\n\tat org.apache.tools.ant.taskdefs.optional.junit.JUnitTask.executeOrQueue(JUnitTask.java:1972)\n\tat org.apache.tools.ant.taskdefs.optional.junit.JUnitTask.execute1(JUnitTask.java:824)\n\tat org.apache.tools.ant.taskdefs.optional.junit.JUnitTask.execute(JUnitTask.java:2277)\n\tat org.apache.tools.ant.UnknownElement.execute(UnknownElement.java:291)\n\tat sun.reflect.GeneratedMethodAccessor4.invoke(Unknown Source)\n\tat sun.reflect.DelegatingMethodAccessorImpl.invoke(DelegatingMethodAccessorImpl.java:43)\n\tat java.lang.reflect.Method.invoke(Method.java:498)\n\tat org.apache.tools.ant.dispatch.DispatchUtils.execute(DispatchUtils.java:106)\n\tat org.apache.tools.ant.Task.perform(Task.java:348)\n\tat org.apache.tools.ant.Target.execute(Target.java:392)\n\tat org.apache.tools.ant.Target.performTasks(Target.java:413)\n\tat org.apache.tools.ant.Project.executeSortedTargets(Project.java:1399)\n\tat org.apache.tools.ant.Project.executeTarget(Project.java:1368)\n\tat org.apache.tools.ant.helper.DefaultExecutor.executeTargets(DefaultExecutor.java:41)\n\tat org.apache.tools.ant.Project.executeTargets(Project.java:1251)\n\tat org.apache.tools.ant.Main.runBuild(Main.java:811)\n\tat org.apache.tools.ant.Main.startAnt(Main.java:217)\n\tat org.apache.tools.ant.launch.Launcher.run(Launcher.java:280)\n\tat org.apache.tools.ant.launch.Launcher.main(Launcher.java:109)\ncom.google.javascript.jscomp.ScopedAliasesTest::testIssue1103b\njava.lang.RuntimeException: INTERNAL COMPILER ERROR.\nPlease report this problem.\nnull\n  Node(FUNCTION ): testcode:1:11\ngoog.scope(function () {  var a = foo, b, c = 1;});\n  Parent(CALL): testcode:1:0\ngoog.scope(function () {  var a = foo, b, c = 1;});\n\n\tat com.google.javascript.jscomp.Compiler.ensureLibraryInjected(Compiler.java:2554)\n\tat com.google.javascript.jscomp.ScopedAliases$Traversal.findAliases(ScopedAliases.java:373)\n\tat com.google.javascript.jscomp.ScopedAliases$Traversal.enterScope(ScopedAliases.java:298)\n\tat com.google.javascript.jscomp.NodeTraversal.pushScope(NodeTraversal.java:600)\n\tat com.google.javascript.jscomp.NodeTraversal.traverseFunction(NodeTraversal.java:558)\n\tat com.google.javascript.jscomp.NodeTraversal.traverseBranch(NodeTraversal.java:528)\n\tat com.google.javascript.jscomp.NodeTraversal.traverseBranch(NodeTraversal.java:534)\n\tat com.google.javascript.jscomp.NodeTraversal.traverseBranch(NodeTraversal.java:534)\n\tat com.google.javascript.jscomp.NodeTraversal.traverseBranch(NodeTraversal.java:534)\n\tat com.google.javascript.jscomp.NodeTraversal.traverseBranch(NodeTraversal.java:534)\n\tat com.google.javascript.jscomp.NodeTraversal.traverse(NodeTraversal.java:287)\n\tat com.google.javascript.jscomp.NodeTraversal.traverse(NodeTraversal.java:494)\n\tat com.google.javascript.jscomp.ScopedAliases.hotSwapScript(ScopedAliases.java:133)\n\tat com.google.javascript.jscomp.ScopedAliases.process(ScopedAliases.java:127)\n\tat com.google.javascript.jscomp.CompilerTestCase.test(CompilerTestCase.java:845)\n\tat com.google.javascript.jscomp.CompilerTestCase.test(CompilerTestCase.java:477)\n\tat com.google.javascript.jscomp.CompilerTestCase.test(CompilerTestCase.java:403)\n\tat com.google.javascript.jscomp.CompilerTestCase.test(CompilerTestCase.java:372)\n\tat com.google.javascript.jscomp.CompilerTestCase.test(CompilerTestCase.java:360)\n\tat com.google.javascript.jscomp.ScopedAliasesTest.testIssue1103b(ScopedAliasesTest.java:534)\n\tat sun.reflect.NativeMethodAccessorImpl.invoke0(Native Method)\n\tat sun.reflect.NativeMethodAccessorImpl.invoke(NativeMethodAccessorImpl.java:62)\n\tat sun.reflect.DelegatingMethodAccessorImpl.invoke(DelegatingMethodAccessorImpl.java:43)\n\tat java.lang.reflect.Method.invoke(Method.java:498)\n\tat junit.framework.TestCase.runTest(TestCase.java:176)\n\tat junit.framework.TestCase.runBare(TestCase.java:141)\n\tat junit.framework.TestResult$1.protect(TestResult.java:122)\n\tat junit.framework.TestResult.runProtected(TestResult.java:142)\n\tat junit.framework.TestResult.run(TestResult.java:125)\n\tat junit.framework.TestCase.run(TestCase.java:129)\n\tat junit.framework.TestSuite.runTest(TestSuite.java:255)\n\tat junit.framework.TestSuite.run(TestSuite.java:250)\n\tat org.apache.tools.ant.taskdefs.optional.junit.JUnitTestRunner.run(JUnitTestRunner.java:520)\n\tat org.apache.tools.ant.taskdefs.optional.junit.JUnitTask.executeInVM(JUnitTask.java:1484)\n\tat org.apache.tools.ant.taskdefs.optional.junit.JUnitTask.execute(JUnitTask.java:872)\n\tat org.apache.tools.ant.taskdefs.optional.junit.JUnitTask.executeOrQueue(JUnitTask.java:1972)\n\tat org.apache.tools.ant.taskdefs.optional.junit.JUnitTask.execute1(JUnitTask.java:824)\n\tat org.apache.tools.ant.taskdefs.optional.junit.JUnitTask.execute(JUnitTask.java:2277)\n\tat org.apache.tools.ant.UnknownElement.execute(UnknownElement.java:291)\n\tat sun.reflect.GeneratedMethodAccessor4.invoke(Unknown Source)\n\tat sun.reflect.DelegatingMethodAccessorImpl.invoke(DelegatingMethodAccessorImpl.java:43)\n\tat java.lang.reflect.Method.invoke(Method.java:498)\n\tat org.apache.tools.ant.dispatch.DispatchUtils.execute(DispatchUtils.java:106)\n\tat org.apache.tools.ant.Task.perform(Task.java:348)\n\tat org.apache.tools.ant.Target.execute(Target.java:392)\n\tat org.apache.tools.ant.Target.performTasks(Target.java:413)\n\tat org.apache.tools.ant.Project.executeSortedTargets(Project.java:1399)\n\tat org.apache.tools.ant.Project.executeTarget(Project.java:1368)\n\tat org.apache.tools.ant.helper.DefaultExecutor.executeTargets(DefaultExecutor.java:41)\n\tat org.apache.tools.ant.Project.executeTargets(Project.java:1251)\n\tat org.apache.tools.ant.Main.runBuild(Main.java:811)\n\tat org.apache.tools.ant.Main.startAnt(Main.java:217)\n\tat org.apache.tools.ant.launch.Launcher.run(Launcher.java:280)\n\tat org.apache.tools.ant.launch.Launcher.main(Launcher.java:109)\nCaused by: java.lang.NullPointerException\n\t... 54 more\ncom.google.javascript.jscomp.ScopedAliasesTest::testIssue1103c\njunit.framework.AssertionFailedError: Unexpected error(s): JSC_GOOG_SCOPE_NON_ALIAS_LOCAL. The local variable a is in a goog.scope and is not an alias. at testcode line 1 : 52 expected:<0> but was:<1>\n\tat junit.framework.Assert.fail(Assert.java:57)\n\tat junit.framework.Assert.failNotEquals(Assert.java:329)\n\tat junit.framework.Assert.assertEquals(Assert.java:78)\n\tat junit.framework.Assert.assertEquals(Assert.java:234)\n\tat junit.framework.TestCase.assertEquals(TestCase.java:401)\n\tat com.google.javascript.jscomp.CompilerTestCase.test(CompilerTestCase.java:871)\n\tat com.google.javascript.jscomp.CompilerTestCase.test(CompilerTestCase.java:477)\n\tat com.google.javascript.jscomp.CompilerTestCase.test(CompilerTestCase.java:403)\n\tat com.google.javascript.jscomp.CompilerTestCase.test(CompilerTestCase.java:372)\n\tat com.google.javascript.jscomp.CompilerTestCase.test(CompilerTestCase.java:360)\n\tat com.google.javascript.jscomp.ScopedAliasesTest.testIssue1103c(ScopedAliasesTest.java:541)\n\tat sun.reflect.NativeMethodAccessorImpl.invoke0(Native Method)\n\tat sun.reflect.NativeMethodAccessorImpl.invoke(NativeMethodAccessorImpl.java:62)\n\tat sun.reflect.DelegatingMethodAccessorImpl.invoke(DelegatingMethodAccessorImpl.java:43)\n\tat java.lang.reflect.Method.invoke(Method.java:498)\n\tat junit.framework.TestCase.runTest(TestCase.java:176)\n\tat junit.framework.TestCase.runBare(TestCase.java:141)\n\tat junit.framework.TestResult$1.protect(TestResult.java:122)\n\tat junit.framework.TestResult.runProtected(TestResult.java:142)\n\tat junit.framework.TestResult.run(TestResult.java:125)\n\tat junit.framework.TestCase.run(TestCase.java:129)\n\tat junit.framework.TestSuite.runTest(TestSuite.java:255)\n\tat junit.framework.TestSuite.run(TestSuite.java:250)\n\tat org.apache.tools.ant.taskdefs.optional.junit.JUnitTestRunner.run(JUnitTestRunner.java:520)\n\tat org.apache.tools.ant.taskdefs.optional.junit.JUnitTask.executeInVM(JUnitTask.java:1484)\n\tat org.apache.tools.ant.taskdefs.optional.junit.JUnitTask.execute(JUnitTask.java:872)\n\tat org.apache.tools.ant.taskdefs.optional.junit.JUnitTask.executeOrQueue(JUnitTask.java:1972)\n\tat org.apache.tools.ant.taskdefs.optional.junit.JUnitTask.execute1(JUnitTask.java:824)\n\tat org.apache.tools.ant.taskdefs.optional.junit.JUnitTask.execute(JUnitTask.java:2277)\n\tat org.apache.tools.ant.UnknownElement.execute(UnknownElement.java:291)\n\tat sun.reflect.GeneratedMethodAccessor4.invoke(Unknown Source)\n\tat sun.reflect.DelegatingMethodAccessorImpl.invoke(DelegatingMethodAccessorImpl.java:43)\n\tat java.lang.reflect.Method.invoke(Method.java:498)\n\tat org.apache.tools.ant.dispatch.DispatchUtils.execute(DispatchUtils.java:106)\n\tat org.apache.tools.ant.Task.perform(Task.java:348)\n\tat org.apache.tools.ant.Target.execute(Target.java:392)\n\tat org.apache.tools.ant.Target.performTasks(Target.java:413)\n\tat org.apache.tools.ant.Project.executeSortedTargets(Project.java:1399)\n\tat org.apache.tools.ant.Project.executeTarget(Project.java:1368)\n\tat org.apache.tools.ant.helper.DefaultExecutor.executeTargets(DefaultExecutor.java:41)\n\tat org.apache.tools.ant.Project.executeTargets(Project.java:1251)\n\tat org.apache.tools.ant.Main.runBuild(Main.java:811)\n\tat org.apache.tools.ant.Main.startAnt(Main.java:217)\n\tat org.apache.tools.ant.launch.Launcher.run(Launcher.java:280)\n\tat org.apache.tools.ant.launch.Launcher.main(Launcher.java:109)\n\n\nThere is a bug in the above code, please help me locate it by considering the stack trace.\n\nOutput **only** the exact buggy statement, with no line numbers, explanations, or additional content. Your response should contain just the buggy code line. Do not include ```java or ``` markers in the response.\n",
        "prompt_fl_6": "\nsource code:\nprivate void findAliases(NodeTraversal t) {\n      Scope scope = t.getScope();\n      for (Var v : scope.getVarIterable()) {\n        Node n = v.getNode();\n        Node parent = n.getParent();\n        boolean isVarAssign = parent.isVar() && n.hasChildren();\n        if (isVarAssign && n.getFirstChild().isQualifiedName()) {\n          recordAlias(v);\n        } else if (v.isBleedingFunction()) {\n          // Bleeding functions already get a BAD_PARAMETERS error, so just\n          // do nothing.\n        } else if (parent.getType() == Token.LP) {\n          // Parameters of the scope function also get a BAD_PARAMETERS\n          // error.\n        } else if (isVarAssign) {\n          Node value = v.getInitialValue().detachFromParent();\n          String name = n.getString();\n          int nameCount = scopedAliasNames.count(name);\n          scopedAliasNames.add(name);\n          String globalName =\n              \"$jscomp.scope.\" + name + (nameCount == 0 ? \"\" : (\"$\" + nameCount));\n\n          compiler.ensureLibraryInjected(\"base\");\n\n          // Add $jscomp.scope.name = EXPR;\n          // Make sure we copy over all the jsdoc and debug info.\n            Node newDecl = NodeUtil.newQualifiedNameNodeDeclaration(\n                compiler.getCodingConvention(),\n                globalName,\n                value,\n                v.getJSDocInfo())\n                .useSourceInfoIfMissingFromForTree(n);\n            NodeUtil.setDebugInformation(\n                newDecl.getFirstChild().getFirstChild(), n, name);\n            parent.getParent().addChildBefore(newDecl, parent);\n\n          // Rewrite \"var name = EXPR;\" to \"var name = $jscomp.scope.name;\"\n          v.getNameNode().addChildToFront(\n              NodeUtil.newQualifiedNameNode(\n                  compiler.getCodingConvention(), globalName, n, name));\n\n          recordAlias(v);\n        } else {\n          // Do not allow hoisted functions or other kinds of local symbols.\n          report(t, n, GOOG_SCOPE_NON_ALIAS_LOCAL, n.getString());\n        }\n      }\n    }\n\nstack trace:\ncom.google.javascript.jscomp.ScopedAliasesTest::testIssue1103a\njunit.framework.AssertionFailedError: Unexpected error(s): JSC_GOOG_SCOPE_NON_ALIAS_LOCAL. The local variable a is in a goog.scope and is not an alias. at testcode line 1 : 30 expected:<0> but was:<1>\n\tat junit.framework.Assert.fail(Assert.java:57)\n\tat junit.framework.Assert.failNotEquals(Assert.java:329)\n\tat junit.framework.Assert.assertEquals(Assert.java:78)\n\tat junit.framework.Assert.assertEquals(Assert.java:234)\n\tat junit.framework.TestCase.assertEquals(TestCase.java:401)\n\tat com.google.javascript.jscomp.CompilerTestCase.test(CompilerTestCase.java:871)\n\tat com.google.javascript.jscomp.CompilerTestCase.test(CompilerTestCase.java:477)\n\tat com.google.javascript.jscomp.CompilerTestCase.test(CompilerTestCase.java:403)\n\tat com.google.javascript.jscomp.CompilerTestCase.test(CompilerTestCase.java:372)\n\tat com.google.javascript.jscomp.CompilerTestCase.test(CompilerTestCase.java:360)\n\tat com.google.javascript.jscomp.ScopedAliasesTest.testIssue1103a(ScopedAliasesTest.java:526)\n\tat sun.reflect.NativeMethodAccessorImpl.invoke0(Native Method)\n\tat sun.reflect.NativeMethodAccessorImpl.invoke(NativeMethodAccessorImpl.java:62)\n\tat sun.reflect.DelegatingMethodAccessorImpl.invoke(DelegatingMethodAccessorImpl.java:43)\n\tat java.lang.reflect.Method.invoke(Method.java:498)\n\tat junit.framework.TestCase.runTest(TestCase.java:176)\n\tat junit.framework.TestCase.runBare(TestCase.java:141)\n\tat junit.framework.TestResult$1.protect(TestResult.java:122)\n\tat junit.framework.TestResult.runProtected(TestResult.java:142)\n\tat junit.framework.TestResult.run(TestResult.java:125)\n\tat junit.framework.TestCase.run(TestCase.java:129)\n\tat junit.framework.TestSuite.runTest(TestSuite.java:255)\n\tat junit.framework.TestSuite.run(TestSuite.java:250)\n\tat org.apache.tools.ant.taskdefs.optional.junit.JUnitTestRunner.run(JUnitTestRunner.java:520)\n\tat org.apache.tools.ant.taskdefs.optional.junit.JUnitTask.executeInVM(JUnitTask.java:1484)\n\tat org.apache.tools.ant.taskdefs.optional.junit.JUnitTask.execute(JUnitTask.java:872)\n\tat org.apache.tools.ant.taskdefs.optional.junit.JUnitTask.executeOrQueue(JUnitTask.java:1972)\n\tat org.apache.tools.ant.taskdefs.optional.junit.JUnitTask.execute1(JUnitTask.java:824)\n\tat org.apache.tools.ant.taskdefs.optional.junit.JUnitTask.execute(JUnitTask.java:2277)\n\tat org.apache.tools.ant.UnknownElement.execute(UnknownElement.java:291)\n\tat sun.reflect.GeneratedMethodAccessor4.invoke(Unknown Source)\n\tat sun.reflect.DelegatingMethodAccessorImpl.invoke(DelegatingMethodAccessorImpl.java:43)\n\tat java.lang.reflect.Method.invoke(Method.java:498)\n\tat org.apache.tools.ant.dispatch.DispatchUtils.execute(DispatchUtils.java:106)\n\tat org.apache.tools.ant.Task.perform(Task.java:348)\n\tat org.apache.tools.ant.Target.execute(Target.java:392)\n\tat org.apache.tools.ant.Target.performTasks(Target.java:413)\n\tat org.apache.tools.ant.Project.executeSortedTargets(Project.java:1399)\n\tat org.apache.tools.ant.Project.executeTarget(Project.java:1368)\n\tat org.apache.tools.ant.helper.DefaultExecutor.executeTargets(DefaultExecutor.java:41)\n\tat org.apache.tools.ant.Project.executeTargets(Project.java:1251)\n\tat org.apache.tools.ant.Main.runBuild(Main.java:811)\n\tat org.apache.tools.ant.Main.startAnt(Main.java:217)\n\tat org.apache.tools.ant.launch.Launcher.run(Launcher.java:280)\n\tat org.apache.tools.ant.launch.Launcher.main(Launcher.java:109)\ncom.google.javascript.jscomp.ScopedAliasesTest::testIssue1103b\njava.lang.RuntimeException: INTERNAL COMPILER ERROR.\nPlease report this problem.\nnull\n  Node(FUNCTION ): testcode:1:11\ngoog.scope(function () {  var a = foo, b, c = 1;});\n  Parent(CALL): testcode:1:0\ngoog.scope(function () {  var a = foo, b, c = 1;});\n\n\tat com.google.javascript.jscomp.Compiler.ensureLibraryInjected(Compiler.java:2554)\n\tat com.google.javascript.jscomp.ScopedAliases$Traversal.findAliases(ScopedAliases.java:373)\n\tat com.google.javascript.jscomp.ScopedAliases$Traversal.enterScope(ScopedAliases.java:298)\n\tat com.google.javascript.jscomp.NodeTraversal.pushScope(NodeTraversal.java:600)\n\tat com.google.javascript.jscomp.NodeTraversal.traverseFunction(NodeTraversal.java:558)\n\tat com.google.javascript.jscomp.NodeTraversal.traverseBranch(NodeTraversal.java:528)\n\tat com.google.javascript.jscomp.NodeTraversal.traverseBranch(NodeTraversal.java:534)\n\tat com.google.javascript.jscomp.NodeTraversal.traverseBranch(NodeTraversal.java:534)\n\tat com.google.javascript.jscomp.NodeTraversal.traverseBranch(NodeTraversal.java:534)\n\tat com.google.javascript.jscomp.NodeTraversal.traverseBranch(NodeTraversal.java:534)\n\tat com.google.javascript.jscomp.NodeTraversal.traverse(NodeTraversal.java:287)\n\tat com.google.javascript.jscomp.NodeTraversal.traverse(NodeTraversal.java:494)\n\tat com.google.javascript.jscomp.ScopedAliases.hotSwapScript(ScopedAliases.java:133)\n\tat com.google.javascript.jscomp.ScopedAliases.process(ScopedAliases.java:127)\n\tat com.google.javascript.jscomp.CompilerTestCase.test(CompilerTestCase.java:845)\n\tat com.google.javascript.jscomp.CompilerTestCase.test(CompilerTestCase.java:477)\n\tat com.google.javascript.jscomp.CompilerTestCase.test(CompilerTestCase.java:403)\n\tat com.google.javascript.jscomp.CompilerTestCase.test(CompilerTestCase.java:372)\n\tat com.google.javascript.jscomp.CompilerTestCase.test(CompilerTestCase.java:360)\n\tat com.google.javascript.jscomp.ScopedAliasesTest.testIssue1103b(ScopedAliasesTest.java:534)\n\tat sun.reflect.NativeMethodAccessorImpl.invoke0(Native Method)\n\tat sun.reflect.NativeMethodAccessorImpl.invoke(NativeMethodAccessorImpl.java:62)\n\tat sun.reflect.DelegatingMethodAccessorImpl.invoke(DelegatingMethodAccessorImpl.java:43)\n\tat java.lang.reflect.Method.invoke(Method.java:498)\n\tat junit.framework.TestCase.runTest(TestCase.java:176)\n\tat junit.framework.TestCase.runBare(TestCase.java:141)\n\tat junit.framework.TestResult$1.protect(TestResult.java:122)\n\tat junit.framework.TestResult.runProtected(TestResult.java:142)\n\tat junit.framework.TestResult.run(TestResult.java:125)\n\tat junit.framework.TestCase.run(TestCase.java:129)\n\tat junit.framework.TestSuite.runTest(TestSuite.java:255)\n\tat junit.framework.TestSuite.run(TestSuite.java:250)\n\tat org.apache.tools.ant.taskdefs.optional.junit.JUnitTestRunner.run(JUnitTestRunner.java:520)\n\tat org.apache.tools.ant.taskdefs.optional.junit.JUnitTask.executeInVM(JUnitTask.java:1484)\n\tat org.apache.tools.ant.taskdefs.optional.junit.JUnitTask.execute(JUnitTask.java:872)\n\tat org.apache.tools.ant.taskdefs.optional.junit.JUnitTask.executeOrQueue(JUnitTask.java:1972)\n\tat org.apache.tools.ant.taskdefs.optional.junit.JUnitTask.execute1(JUnitTask.java:824)\n\tat org.apache.tools.ant.taskdefs.optional.junit.JUnitTask.execute(JUnitTask.java:2277)\n\tat org.apache.tools.ant.UnknownElement.execute(UnknownElement.java:291)\n\tat sun.reflect.GeneratedMethodAccessor4.invoke(Unknown Source)\n\tat sun.reflect.DelegatingMethodAccessorImpl.invoke(DelegatingMethodAccessorImpl.java:43)\n\tat java.lang.reflect.Method.invoke(Method.java:498)\n\tat org.apache.tools.ant.dispatch.DispatchUtils.execute(DispatchUtils.java:106)\n\tat org.apache.tools.ant.Task.perform(Task.java:348)\n\tat org.apache.tools.ant.Target.execute(Target.java:392)\n\tat org.apache.tools.ant.Target.performTasks(Target.java:413)\n\tat org.apache.tools.ant.Project.executeSortedTargets(Project.java:1399)\n\tat org.apache.tools.ant.Project.executeTarget(Project.java:1368)\n\tat org.apache.tools.ant.helper.DefaultExecutor.executeTargets(DefaultExecutor.java:41)\n\tat org.apache.tools.ant.Project.executeTargets(Project.java:1251)\n\tat org.apache.tools.ant.Main.runBuild(Main.java:811)\n\tat org.apache.tools.ant.Main.startAnt(Main.java:217)\n\tat org.apache.tools.ant.launch.Launcher.run(Launcher.java:280)\n\tat org.apache.tools.ant.launch.Launcher.main(Launcher.java:109)\nCaused by: java.lang.NullPointerException\n\t... 54 more\ncom.google.javascript.jscomp.ScopedAliasesTest::testIssue1103c\njunit.framework.AssertionFailedError: Unexpected error(s): JSC_GOOG_SCOPE_NON_ALIAS_LOCAL. The local variable a is in a goog.scope and is not an alias. at testcode line 1 : 52 expected:<0> but was:<1>\n\tat junit.framework.Assert.fail(Assert.java:57)\n\tat junit.framework.Assert.failNotEquals(Assert.java:329)\n\tat junit.framework.Assert.assertEquals(Assert.java:78)\n\tat junit.framework.Assert.assertEquals(Assert.java:234)\n\tat junit.framework.TestCase.assertEquals(TestCase.java:401)\n\tat com.google.javascript.jscomp.CompilerTestCase.test(CompilerTestCase.java:871)\n\tat com.google.javascript.jscomp.CompilerTestCase.test(CompilerTestCase.java:477)\n\tat com.google.javascript.jscomp.CompilerTestCase.test(CompilerTestCase.java:403)\n\tat com.google.javascript.jscomp.CompilerTestCase.test(CompilerTestCase.java:372)\n\tat com.google.javascript.jscomp.CompilerTestCase.test(CompilerTestCase.java:360)\n\tat com.google.javascript.jscomp.ScopedAliasesTest.testIssue1103c(ScopedAliasesTest.java:541)\n\tat sun.reflect.NativeMethodAccessorImpl.invoke0(Native Method)\n\tat sun.reflect.NativeMethodAccessorImpl.invoke(NativeMethodAccessorImpl.java:62)\n\tat sun.reflect.DelegatingMethodAccessorImpl.invoke(DelegatingMethodAccessorImpl.java:43)\n\tat java.lang.reflect.Method.invoke(Method.java:498)\n\tat junit.framework.TestCase.runTest(TestCase.java:176)\n\tat junit.framework.TestCase.runBare(TestCase.java:141)\n\tat junit.framework.TestResult$1.protect(TestResult.java:122)\n\tat junit.framework.TestResult.runProtected(TestResult.java:142)\n\tat junit.framework.TestResult.run(TestResult.java:125)\n\tat junit.framework.TestCase.run(TestCase.java:129)\n\tat junit.framework.TestSuite.runTest(TestSuite.java:255)\n\tat junit.framework.TestSuite.run(TestSuite.java:250)\n\tat org.apache.tools.ant.taskdefs.optional.junit.JUnitTestRunner.run(JUnitTestRunner.java:520)\n\tat org.apache.tools.ant.taskdefs.optional.junit.JUnitTask.executeInVM(JUnitTask.java:1484)\n\tat org.apache.tools.ant.taskdefs.optional.junit.JUnitTask.execute(JUnitTask.java:872)\n\tat org.apache.tools.ant.taskdefs.optional.junit.JUnitTask.executeOrQueue(JUnitTask.java:1972)\n\tat org.apache.tools.ant.taskdefs.optional.junit.JUnitTask.execute1(JUnitTask.java:824)\n\tat org.apache.tools.ant.taskdefs.optional.junit.JUnitTask.execute(JUnitTask.java:2277)\n\tat org.apache.tools.ant.UnknownElement.execute(UnknownElement.java:291)\n\tat sun.reflect.GeneratedMethodAccessor4.invoke(Unknown Source)\n\tat sun.reflect.DelegatingMethodAccessorImpl.invoke(DelegatingMethodAccessorImpl.java:43)\n\tat java.lang.reflect.Method.invoke(Method.java:498)\n\tat org.apache.tools.ant.dispatch.DispatchUtils.execute(DispatchUtils.java:106)\n\tat org.apache.tools.ant.Task.perform(Task.java:348)\n\tat org.apache.tools.ant.Target.execute(Target.java:392)\n\tat org.apache.tools.ant.Target.performTasks(Target.java:413)\n\tat org.apache.tools.ant.Project.executeSortedTargets(Project.java:1399)\n\tat org.apache.tools.ant.Project.executeTarget(Project.java:1368)\n\tat org.apache.tools.ant.helper.DefaultExecutor.executeTargets(DefaultExecutor.java:41)\n\tat org.apache.tools.ant.Project.executeTargets(Project.java:1251)\n\tat org.apache.tools.ant.Main.runBuild(Main.java:811)\n\tat org.apache.tools.ant.Main.startAnt(Main.java:217)\n\tat org.apache.tools.ant.launch.Launcher.run(Launcher.java:280)\n\tat org.apache.tools.ant.launch.Launcher.main(Launcher.java:109)\n\n\nfailure assertion code:\ntest(\"goog.scope(function () {\" +\n\n\nThere is a bug in the above code, please help me locate it by considering the stack trace information and failure assertion code.\n\nOutput **only** the exact buggy statement, with no line numbers, explanations, or additional content. Your response should contain just the buggy code line. Do not include ```java or ``` markers in the response.\n",
        "prompt_apr_1": "\nprivate void findAliases(NodeTraversal t) {\n      Scope scope = t.getScope();\n      for (Var v : scope.getVarIterable()) {\n        Node n = v.getNode();\n        Node parent = n.getParent();\n        boolean isVarAssign = parent.isVar() && n.hasChildren();\n        if (isVarAssign && n.getFirstChild().isQualifiedName()) {\n          recordAlias(v);\n        } else if (v.isBleedingFunction()) {\n          // Bleeding functions already get a BAD_PARAMETERS error, so just\n          // do nothing.\n        } else if (parent.getType() == Token.LP) {\n          // Parameters of the scope function also get a BAD_PARAMETERS\n          // error.\n        } else if (isVarAssign) {\n          Node value = v.getInitialValue().detachFromParent();\n          String name = n.getString();\n          int nameCount = scopedAliasNames.count(name);\n          scopedAliasNames.add(name);\n          String globalName =\n              \"$jscomp.scope.\" + name + (nameCount == 0 ? \"\" : (\"$\" + nameCount));\n\n          compiler.ensureLibraryInjected(\"base\");\n\n          // Add $jscomp.scope.name = EXPR;\n          // Make sure we copy over all the jsdoc and debug info.\n            Node newDecl = NodeUtil.newQualifiedNameNodeDeclaration(\n                compiler.getCodingConvention(),\n                globalName,\n                value,\n                v.getJSDocInfo())\n                .useSourceInfoIfMissingFromForTree(n);\n            NodeUtil.setDebugInformation(\n                newDecl.getFirstChild().getFirstChild(), n, name);\n            parent.getParent().addChildBefore(newDecl, parent);\n\n          // Rewrite \"var name = EXPR;\" to \"var name = $jscomp.scope.name;\"\n          v.getNameNode().addChildToFront(\n              NodeUtil.newQualifiedNameNode(\n                  compiler.getCodingConvention(), globalName, n, name));\n\n          recordAlias(v);\n        } else {\n          // Do not allow hoisted functions or other kinds of local symbols.\n          report(t, n, GOOG_SCOPE_NON_ALIAS_LOCAL, n.getString());\n        }\n      }\n    }\n\nThere is a bug in line [6, 7, 15, 16] of the code, please help me fix it.\n\nPlease return the **complete corrected method**. Do not skip or omit any part of the code. Do not include ```java or ``` markers in the response.\n",
        "prompt_apr_2": "\nprivate void findAliases(NodeTraversal t) {\n      Scope scope = t.getScope();\n      for (Var v : scope.getVarIterable()) {\n        Node n = v.getNode();\n        Node parent = n.getParent();\n        boolean isVarAssign = parent.isVar() && n.hasChildren();\n        if (isVarAssign && n.getFirstChild().isQualifiedName()) {\n          recordAlias(v);\n        } else if (v.isBleedingFunction()) {\n          // Bleeding functions already get a BAD_PARAMETERS error, so just\n          // do nothing.\n        } else if (parent.getType() == Token.LP) {\n          // Parameters of the scope function also get a BAD_PARAMETERS\n          // error.\n        } else if (isVarAssign) {\n          Node value = v.getInitialValue().detachFromParent();\n          String name = n.getString();\n          int nameCount = scopedAliasNames.count(name);\n          scopedAliasNames.add(name);\n          String globalName =\n              \"$jscomp.scope.\" + name + (nameCount == 0 ? \"\" : (\"$\" + nameCount));\n\n          compiler.ensureLibraryInjected(\"base\");\n\n          // Add $jscomp.scope.name = EXPR;\n          // Make sure we copy over all the jsdoc and debug info.\n            Node newDecl = NodeUtil.newQualifiedNameNodeDeclaration(\n                compiler.getCodingConvention(),\n                globalName,\n                value,\n                v.getJSDocInfo())\n                .useSourceInfoIfMissingFromForTree(n);\n            NodeUtil.setDebugInformation(\n                newDecl.getFirstChild().getFirstChild(), n, name);\n            parent.getParent().addChildBefore(newDecl, parent);\n\n          // Rewrite \"var name = EXPR;\" to \"var name = $jscomp.scope.name;\"\n          v.getNameNode().addChildToFront(\n              NodeUtil.newQualifiedNameNode(\n                  compiler.getCodingConvention(), globalName, n, name));\n\n          recordAlias(v);\n        } else {\n          // Do not allow hoisted functions or other kinds of local symbols.\n          report(t, n, GOOG_SCOPE_NON_ALIAS_LOCAL, n.getString());\n        }\n      }\n    }\n\nThere is a bug in ['        boolean isVarAssign = parent.isVar() && n.hasChildren();', '        if (isVarAssign && n.getFirstChild().isQualifiedName()) {', '        } else if (isVarAssign) {', '          Node value = v.getInitialValue().detachFromParent();'] , please help me fix it. \n\nPlease return the **complete corrected method**. Do not skip or omit any part of the code. Do not include ```java or ``` markers in the response.\n",
        "prompt_apr_3": "\nprivate void findAliases(NodeTraversal t) {\n      Scope scope = t.getScope();\n      for (Var v : scope.getVarIterable()) {\n        Node n = v.getNode();\n        Node parent = n.getParent();\n        boolean isVarAssign = parent.isVar() && n.hasChildren();\n        if (isVarAssign && n.getFirstChild().isQualifiedName()) {\n          recordAlias(v);\n        } else if (v.isBleedingFunction()) {\n          // Bleeding functions already get a BAD_PARAMETERS error, so just\n          // do nothing.\n        } else if (parent.getType() == Token.LP) {\n          // Parameters of the scope function also get a BAD_PARAMETERS\n          // error.\n        } else if (isVarAssign) {\n          Node value = v.getInitialValue().detachFromParent();\n\nThere is a bug in the last statement, please help me fix it.\n\nReturn the code **only from the method declaration to the fixed statement**, without completing or adding additional code. Do not modify anything beyond fixing the bug, and do not complete the `if` statement or other unfinished parts. Do not include ```java or ``` markers in the response.\n",
        "prompt_apr_4": "\nprivate void findAliases(NodeTraversal t) {\n      Scope scope = t.getScope();\n      for (Var v : scope.getVarIterable()) {\n        Node n = v.getNode();\n        Node parent = n.getParent();\n        boolean isVarAssign = parent.isVar() && n.hasChildren();\n        if (isVarAssign && n.getFirstChild().isQualifiedName()) {\n          recordAlias(v);\n        } else if (v.isBleedingFunction()) {\n          // Bleeding functions already get a BAD_PARAMETERS error, so just\n          // do nothing.\n        } else if (parent.getType() == Token.LP) {\n          // Parameters of the scope function also get a BAD_PARAMETERS\n          // error.\n        } else if (isVarAssign) {\n          Node value = v.getInitialValue().detachFromParent();\n          String name = n.getString();\n          int nameCount = scopedAliasNames.count(name);\n          scopedAliasNames.add(name);\n          String globalName =\n              \"$jscomp.scope.\" + name + (nameCount == 0 ? \"\" : (\"$\" + nameCount));\n\n          compiler.ensureLibraryInjected(\"base\");\n\n          // Add $jscomp.scope.name = EXPR;\n          // Make sure we copy over all the jsdoc and debug info.\n            Node newDecl = NodeUtil.newQualifiedNameNodeDeclaration(\n                compiler.getCodingConvention(),\n                globalName,\n                value,\n                v.getJSDocInfo())\n                .useSourceInfoIfMissingFromForTree(n);\n            NodeUtil.setDebugInformation(\n                newDecl.getFirstChild().getFirstChild(), n, name);\n            parent.getParent().addChildBefore(newDecl, parent);\n\n          // Rewrite \"var name = EXPR;\" to \"var name = $jscomp.scope.name;\"\n          v.getNameNode().addChildToFront(\n              NodeUtil.newQualifiedNameNode(\n                  compiler.getCodingConvention(), globalName, n, name));\n\n          recordAlias(v);\n        } else {\n          // Do not allow hoisted functions or other kinds of local symbols.\n          report(t, n, GOOG_SCOPE_NON_ALIAS_LOCAL, n.getString());\n        }\n      }\n    }\n\nThere is a bug in line [6, 7, 15, 16] of the code, please help me fix it.\n\nPlease return the results in a strict JSON format as described below. Please follow these instructions carefully:\n1. Your output must include each repaired line's number (`line_number`) and the corresponding fixed code statement (`fixed_statement`).\n2. The output format must be a valid JSON array, where each element represents one repaired line, with the following structure:\n   - `\"line_number\"`: The line number of the buggy code that was repaired (integer).\n   - `\"fixed_statement\"`: The repaired statement for that specific line (string).\n\n3. The result must strictly follow this format:\n[\n    {\n        \"line_number\": int,\n        \"fixed_statement\": \"string\"\n    },\n    {\n        \"line_number\": int,\n        \"fixed_statement\": \"string\"\n    }\n]\n4. The repaired statement in \"fixed_statement\" must replace the corresponding line in the buggy code.\n5. You must NOT include any additional explanation or description in your response. Only return the JSON array. Do not include ```json or ``` markers in the response.\n",
        "prompt_apr_5": "\nprivate void findAliases(NodeTraversal t) {\n      Scope scope = t.getScope();\n      for (Var v : scope.getVarIterable()) {\n        Node n = v.getNode();\n        Node parent = n.getParent();\n        boolean isVarAssign = parent.isVar() && n.hasChildren();\n        if (isVarAssign && n.getFirstChild().isQualifiedName()) {\n          recordAlias(v);\n        } else if (v.isBleedingFunction()) {\n          // Bleeding functions already get a BAD_PARAMETERS error, so just\n          // do nothing.\n        } else if (parent.getType() == Token.LP) {\n          // Parameters of the scope function also get a BAD_PARAMETERS\n          // error.\n        } else if (isVarAssign) {\n          Node value = v.getInitialValue().detachFromParent();\n          String name = n.getString();\n          int nameCount = scopedAliasNames.count(name);\n          scopedAliasNames.add(name);\n          String globalName =\n              \"$jscomp.scope.\" + name + (nameCount == 0 ? \"\" : (\"$\" + nameCount));\n\n          compiler.ensureLibraryInjected(\"base\");\n\n          // Add $jscomp.scope.name = EXPR;\n          // Make sure we copy over all the jsdoc and debug info.\n            Node newDecl = NodeUtil.newQualifiedNameNodeDeclaration(\n                compiler.getCodingConvention(),\n                globalName,\n                value,\n                v.getJSDocInfo())\n                .useSourceInfoIfMissingFromForTree(n);\n            NodeUtil.setDebugInformation(\n                newDecl.getFirstChild().getFirstChild(), n, name);\n            parent.getParent().addChildBefore(newDecl, parent);\n\n          // Rewrite \"var name = EXPR;\" to \"var name = $jscomp.scope.name;\"\n          v.getNameNode().addChildToFront(\n              NodeUtil.newQualifiedNameNode(\n                  compiler.getCodingConvention(), globalName, n, name));\n\n          recordAlias(v);\n        } else {\n          // Do not allow hoisted functions or other kinds of local symbols.\n          report(t, n, GOOG_SCOPE_NON_ALIAS_LOCAL, n.getString());\n        }\n      }\n    }\n\nThere is a bug in ['        boolean isVarAssign = parent.isVar() && n.hasChildren();', '        if (isVarAssign && n.getFirstChild().isQualifiedName()) {', '        } else if (isVarAssign) {', '          Node value = v.getInitialValue().detachFromParent();'] , please help me fix it. \n\nPlease return the results in a strict JSON format as described below. Please follow these instructions carefully:\n1. Your output must include each repaired line's number (`line_number`) and the corresponding fixed code statement (`fixed_statement`).\n2. The output format must be a valid JSON array, where each element represents one repaired line, with the following structure:\n   - `\"line_number\"`: The line number of the buggy code that was repaired (integer).\n   - `\"fixed_statement\"`: The repaired statement for that specific line (string).\n\n3. The result must strictly follow this format:\n[\n    {\n        \"line_number\": int,\n        \"fixed_statement\": \"string\"\n    },\n    {\n        \"line_number\": int,\n        \"fixed_statement\": \"string\"\n    }\n]\n4. The repaired statement in \"fixed_statement\" must replace the corresponding line in the buggy code.\n5. You must NOT include any additional explanation or description in your response. Only return the JSON array. Do not include ```json or ``` markers in the response.\n",
        "prompt_apr_6": "\nprivate void findAliases(NodeTraversal t) {\n      Scope scope = t.getScope();\n      for (Var v : scope.getVarIterable()) {\n        Node n = v.getNode();\n        Node parent = n.getParent();\n        boolean isVarAssign = parent.isVar() && n.hasChildren();\n        if (isVarAssign && n.getFirstChild().isQualifiedName()) {\n          recordAlias(v);\n        } else if (v.isBleedingFunction()) {\n          // Bleeding functions already get a BAD_PARAMETERS error, so just\n          // do nothing.\n        } else if (parent.getType() == Token.LP) {\n          // Parameters of the scope function also get a BAD_PARAMETERS\n          // error.\n        } else if (isVarAssign) {\n          Node value = v.getInitialValue().detachFromParent();\n\nThere is a bug in the last statement, please help me fix it.\n\nPlease return the results in a strict JSON format as described below. Please follow these instructions carefully:\n1. Your output must include each repaired line's number (`line_number`) and the corresponding fixed code statement (`fixed_statement`).\n2. The output format must be a valid JSON array, where each element represents one repaired line, with the following structure:\n   - `\"line_number\"`: The line number of the buggy code that was repaired (integer).\n   - `\"fixed_statement\"`: The repaired statement for that specific line (string).\n\n3. The result must strictly follow this format:\n[\n    {\n        \"line_number\": int,\n        \"fixed_statement\": \"string\"\n    },\n    {\n        \"line_number\": int,\n        \"fixed_statement\": \"string\"\n    }\n]\n4. The repaired statement in \"fixed_statement\" must replace the corresponding line in the buggy code.\n5. You must NOT include any additional explanation or description in your response. Only return the JSON array. Do not include ```json or ``` markers in the response.\n"
    }
]