[
    {
        "buggy_file": "src/main/java/org/apache/commons/codec/binary/StringUtils.java",
        "buggy_method": {
            "method_name": "equals",
            "method_body": "public static boolean equals(final CharSequence cs1, final CharSequence cs2) {\n        if (cs1 == cs2) {\n            return true;\n        }\n        if (cs1 == null || cs2 == null) {\n            return false;\n        }\n        if (cs1 instanceof String && cs2 instanceof String) {\n            return cs1.equals(cs2);\n        }\n        return CharSequenceUtils.regionMatches(cs1, false, 0, cs2, 0, Math.max(cs1.length(), cs2.length()));\n    }",
            "start_line": 71,
            "end_line": 82,
            "buggy_lines": [
                81
            ]
        },
        "buggy_method_src": "public static boolean equals(final CharSequence cs1, final CharSequence cs2) {\n        if (cs1 == cs2) {\n            return true;\n        }\n        if (cs1 == null || cs2 == null) {\n            return false;\n        }\n        if (cs1 instanceof String && cs2 instanceof String) {\n            return cs1.equals(cs2);\n        }\n        return CharSequenceUtils.regionMatches(cs1, false, 0, cs2, 0, Math.max(cs1.length(), cs2.length()));\n    }",
        "test_stack": "org.apache.commons.codec.binary.StringUtilsTest::testEqualsCS1\njava.lang.StringIndexOutOfBoundsException: String index out of range: 3\n\tat java.lang.AbstractStringBuilder.charAt(AbstractStringBuilder.java:237)\n\tat java.lang.StringBuilder.charAt(StringBuilder.java:76)\n\tat org.apache.commons.codec.binary.CharSequenceUtils.regionMatches(CharSequenceUtils.java:59)\n\tat org.apache.commons.codec.binary.StringUtils.equals(StringUtils.java:81)\n\tat org.apache.commons.codec.binary.StringUtilsTest.testEqualsCS1(StringUtilsTest.java:228)\n\tat sun.reflect.NativeMethodAccessorImpl.invoke0(Native Method)\n\tat sun.reflect.NativeMethodAccessorImpl.invoke(NativeMethodAccessorImpl.java:62)\n\tat sun.reflect.DelegatingMethodAccessorImpl.invoke(DelegatingMethodAccessorImpl.java:43)\n\tat java.lang.reflect.Method.invoke(Method.java:498)\n\tat org.junit.runners.model.FrameworkMethod$1.runReflectiveCall(FrameworkMethod.java:47)\n\tat org.junit.internal.runners.model.ReflectiveCallable.run(ReflectiveCallable.java:12)\n\tat org.junit.runners.model.FrameworkMethod.invokeExplosively(FrameworkMethod.java:44)\n\tat org.junit.internal.runners.statements.InvokeMethod.evaluate(InvokeMethod.java:17)\n\tat org.junit.runners.ParentRunner.runLeaf(ParentRunner.java:271)\n\tat org.junit.runners.BlockJUnit4ClassRunner.runChild(BlockJUnit4ClassRunner.java:70)\n\tat org.junit.runners.BlockJUnit4ClassRunner.runChild(BlockJUnit4ClassRunner.java:50)\n\tat org.junit.runners.ParentRunner$3.run(ParentRunner.java:238)\n\tat org.junit.runners.ParentRunner$1.schedule(ParentRunner.java:63)\n\tat org.junit.runners.ParentRunner.runChildren(ParentRunner.java:236)\n\tat org.junit.runners.ParentRunner.access$000(ParentRunner.java:53)\n\tat org.junit.runners.ParentRunner$2.evaluate(ParentRunner.java:229)\n\tat org.junit.runners.ParentRunner.run(ParentRunner.java:309)\n\tat junit.framework.JUnit4TestAdapter.run(JUnit4TestAdapter.java:38)\n\tat org.apache.tools.ant.taskdefs.optional.junit.JUnitTestRunner.run(JUnitTestRunner.java:520)\n\tat org.apache.tools.ant.taskdefs.optional.junit.JUnitTask.executeInVM(JUnitTask.java:1484)\n\tat org.apache.tools.ant.taskdefs.optional.junit.JUnitTask.execute(JUnitTask.java:872)\n\tat org.apache.tools.ant.taskdefs.optional.junit.JUnitTask.executeOrQueue(JUnitTask.java:1972)\n\tat org.apache.tools.ant.taskdefs.optional.junit.JUnitTask.execute1(JUnitTask.java:824)\n\tat org.apache.tools.ant.taskdefs.optional.junit.JUnitTask.execute(JUnitTask.java:2277)\n\tat org.apache.tools.ant.UnknownElement.execute(UnknownElement.java:291)\n\tat sun.reflect.GeneratedMethodAccessor4.invoke(Unknown Source)\n\tat sun.reflect.DelegatingMethodAccessorImpl.invoke(DelegatingMethodAccessorImpl.java:43)\n\tat java.lang.reflect.Method.invoke(Method.java:498)\n\tat org.apache.tools.ant.dispatch.DispatchUtils.execute(DispatchUtils.java:106)\n\tat org.apache.tools.ant.Task.perform(Task.java:348)\n\tat org.apache.tools.ant.Target.execute(Target.java:392)\n\tat org.apache.tools.ant.Target.performTasks(Target.java:413)\n\tat org.apache.tools.ant.Project.executeSortedTargets(Project.java:1399)\n\tat org.apache.tools.ant.Project.executeTarget(Project.java:1368)\n\tat org.apache.tools.ant.helper.DefaultExecutor.executeTargets(DefaultExecutor.java:41)\n\tat org.apache.tools.ant.Project.executeTargets(Project.java:1251)\n\tat org.apache.tools.ant.Main.runBuild(Main.java:811)\n\tat org.apache.tools.ant.Main.startAnt(Main.java:217)\n\tat org.apache.tools.ant.launch.Launcher.run(Launcher.java:280)\n\tat org.apache.tools.ant.launch.Launcher.main(Launcher.java:109)\norg.apache.commons.codec.binary.StringUtilsTest::testEqualsCS2\njava.lang.StringIndexOutOfBoundsException: String index out of range: 3\n\tat java.lang.AbstractStringBuilder.charAt(AbstractStringBuilder.java:237)\n\tat java.lang.StringBuilder.charAt(StringBuilder.java:76)\n\tat org.apache.commons.codec.binary.CharSequenceUtils.regionMatches(CharSequenceUtils.java:59)\n\tat org.apache.commons.codec.binary.StringUtils.equals(StringUtils.java:81)\n\tat org.apache.commons.codec.binary.StringUtilsTest.testEqualsCS2(StringUtilsTest.java:236)\n\tat sun.reflect.NativeMethodAccessorImpl.invoke0(Native Method)\n\tat sun.reflect.NativeMethodAccessorImpl.invoke(NativeMethodAccessorImpl.java:62)\n\tat sun.reflect.DelegatingMethodAccessorImpl.invoke(DelegatingMethodAccessorImpl.java:43)\n\tat java.lang.reflect.Method.invoke(Method.java:498)\n\tat org.junit.runners.model.FrameworkMethod$1.runReflectiveCall(FrameworkMethod.java:47)\n\tat org.junit.internal.runners.model.ReflectiveCallable.run(ReflectiveCallable.java:12)\n\tat org.junit.runners.model.FrameworkMethod.invokeExplosively(FrameworkMethod.java:44)\n\tat org.junit.internal.runners.statements.InvokeMethod.evaluate(InvokeMethod.java:17)\n\tat org.junit.runners.ParentRunner.runLeaf(ParentRunner.java:271)\n\tat org.junit.runners.BlockJUnit4ClassRunner.runChild(BlockJUnit4ClassRunner.java:70)\n\tat org.junit.runners.BlockJUnit4ClassRunner.runChild(BlockJUnit4ClassRunner.java:50)\n\tat org.junit.runners.ParentRunner$3.run(ParentRunner.java:238)\n\tat org.junit.runners.ParentRunner$1.schedule(ParentRunner.java:63)\n\tat org.junit.runners.ParentRunner.runChildren(ParentRunner.java:236)\n\tat org.junit.runners.ParentRunner.access$000(ParentRunner.java:53)\n\tat org.junit.runners.ParentRunner$2.evaluate(ParentRunner.java:229)\n\tat org.junit.runners.ParentRunner.run(ParentRunner.java:309)\n\tat junit.framework.JUnit4TestAdapter.run(JUnit4TestAdapter.java:38)\n\tat org.apache.tools.ant.taskdefs.optional.junit.JUnitTestRunner.run(JUnitTestRunner.java:520)\n\tat org.apache.tools.ant.taskdefs.optional.junit.JUnitTask.executeInVM(JUnitTask.java:1484)\n\tat org.apache.tools.ant.taskdefs.optional.junit.JUnitTask.execute(JUnitTask.java:872)\n\tat org.apache.tools.ant.taskdefs.optional.junit.JUnitTask.executeOrQueue(JUnitTask.java:1972)\n\tat org.apache.tools.ant.taskdefs.optional.junit.JUnitTask.execute1(JUnitTask.java:824)\n\tat org.apache.tools.ant.taskdefs.optional.junit.JUnitTask.execute(JUnitTask.java:2277)\n\tat org.apache.tools.ant.UnknownElement.execute(UnknownElement.java:291)\n\tat sun.reflect.GeneratedMethodAccessor4.invoke(Unknown Source)\n\tat sun.reflect.DelegatingMethodAccessorImpl.invoke(DelegatingMethodAccessorImpl.java:43)\n\tat java.lang.reflect.Method.invoke(Method.java:498)\n\tat org.apache.tools.ant.dispatch.DispatchUtils.execute(DispatchUtils.java:106)\n\tat org.apache.tools.ant.Task.perform(Task.java:348)\n\tat org.apache.tools.ant.Target.execute(Target.java:392)\n\tat org.apache.tools.ant.Target.performTasks(Target.java:413)\n\tat org.apache.tools.ant.Project.executeSortedTargets(Project.java:1399)\n\tat org.apache.tools.ant.Project.executeTarget(Project.java:1368)\n\tat org.apache.tools.ant.helper.DefaultExecutor.executeTargets(DefaultExecutor.java:41)\n\tat org.apache.tools.ant.Project.executeTargets(Project.java:1251)\n\tat org.apache.tools.ant.Main.runBuild(Main.java:811)\n\tat org.apache.tools.ant.Main.startAnt(Main.java:217)\n\tat org.apache.tools.ant.launch.Launcher.run(Launcher.java:280)\n\tat org.apache.tools.ant.launch.Launcher.main(Launcher.java:109)\n",
        "test_assert": "Assert.assertFalse(StringUtils.equals(new StringBuilder(\"abc\"), new StringBuilder(\"abcd\")));\n",
        "buggy_lines_in_method": [
            11
        ],
        "buggy_statements": [
            "        return CharSequenceUtils.regionMatches(cs1, false, 0, cs2, 0, Math.max(cs1.length(), cs2.length()));"
        ],
        "buggy_method_src_endswith_buggy_statement": "public static boolean equals(final CharSequence cs1, final CharSequence cs2) {\n        if (cs1 == cs2) {\n            return true;\n        }\n        if (cs1 == null || cs2 == null) {\n            return false;\n        }\n        if (cs1 instanceof String && cs2 instanceof String) {\n            return cs1.equals(cs2);\n        }\n        return CharSequenceUtils.regionMatches(cs1, false, 0, cs2, 0, Math.max(cs1.length(), cs2.length()));"
    }
]