{
    "overall_status": {
        "prompt_apr_1": {
            "ernie-3.5-128k": "Fail some tests",
            "qwen-turbo": "Compile failed",
            "doubao-pro-4k": "Fail some tests",
            "gpt-4o-mini": "Fail some tests",
            "deepseek-chat": "Fail some tests"
        },
        "prompt_apr_2": {
            "ernie-3.5-128k": "Compile failed",
            "qwen-turbo": "Compile failed",
            "doubao-pro-4k": "Fail some tests",
            "gpt-4o-mini": "Fail some tests",
            "deepseek-chat": "Fail some tests"
        },
        "prompt_apr_3": {
            "ernie-3.5-128k": "Compile failed",
            "qwen-turbo": "Compile failed",
            "doubao-pro-4k": "Fail some tests",
            "gpt-4o-mini": "Compile failed",
            "deepseek-chat": "Compile failed"
        },
        "prompt_apr_4": {
            "ernie-3.5-128k": "Fail some tests",
            "qwen-turbo": "Fail some tests",
            "doubao-pro-4k": "Fail some tests",
            "gpt-4o-mini": "Fail some tests",
            "deepseek-chat": "Fail some tests"
        },
        "prompt_apr_5": {
            "ernie-3.5-128k": "Compile failed",
            "qwen-turbo": "Compile failed",
            "doubao-pro-4k": "Compile failed",
            "gpt-4o-mini": "Fail some tests",
            "deepseek-chat": "Compile failed"
        },
        "prompt_apr_6": {
            "ernie-3.5-128k": "Fail some tests",
            "qwen-turbo": "Compile failed",
            "doubao-pro-4k": "Compile failed",
            "gpt-4o-mini": "Fail some tests",
            "deepseek-chat": "Compile failed"
        }
    },
    "check_results_list": {
        "prompt_apr_1": {
            "ernie-3.5-128k": {
                "compile": {
                    "rc": 0,
                    "so": "",
                    "se": "Running ant (compile)...................................................... OK\nRunning ant (compile.tests)................................................ OK\n"
                },
                "test": {
                    "rc": 0,
                    "so": "Failing tests: 1\n  - org.apache.commons.csv.CSVRecordTest::testGetStringInconsistentRecord\n",
                    "se": "Running ant (compile.tests)................................................ OK\nRunning ant (run.dev.tests)................................................ OK\n"
                }
            },
            "qwen-turbo": {
                "compile": {
                    "rc": 1,
                    "so": "",
                    "se": "Running ant (compile)...................................................... FAIL\nExecuted command:  cd /data/cmd/Ming/llm-fl-apr/tmp/Csv_2-prompt_apr_1-qwen-turbo && /data/cmd/Ming/LLM_Based-Mutation/tools/mutant/defects4j-2.1.0/major/bin/ant -f /data/cmd/Ming/LLM_Based-Mutation/tools/mutant/defects4j-2.1.0/framework/projects/defects4j.build.xml -Dd4j.home=/data/cmd/Ming/LLM_Based-Mutation/tools/mutant/defects4j-2.1.0 -Dd4j.dir.projects=/data/cmd/Ming/LLM_Based-Mutation/tools/mutant/defects4j-2.1.0/framework/projects -Dbasedir=/data/cmd/Ming/llm-fl-apr/tmp/Csv_2-prompt_apr_1-qwen-turbo -Dbuild.compiler=javac1.7  compile 2>&1\nJava HotSpot(TM) 64-Bit Server VM warning: ignoring option MaxPermSize=1G; support was removed in 8.0\nBuildfile: /data/cmd/Ming/LLM_Based-Mutation/tools/mutant/defects4j-2.1.0/framework/projects/defects4j.build.xml\n\ntest-offline:\n\nget-deps:\n\ncommons-csv-from-maven.compile:\n    [mkdir] Created dir: /data/cmd/Ming/llm-fl-apr/tmp/Csv_2-prompt_apr_1-qwen-turbo/target/classes\n    [javac] /data/cmd/Ming/llm-fl-apr/tmp/Csv_2-prompt_apr_1-qwen-turbo/maven-build.xml:79: warning: 'includeantruntime' was not set, defaulting to build.sysclasspath=last; set to false for repeatable builds\n    [javac] Compiling 11 source files to /data/cmd/Ming/llm-fl-apr/tmp/Csv_2-prompt_apr_1-qwen-turbo/target/classes\n    [javac] warning: [options] bootstrap class path not set in conjunction with -source 1.5\n    [javac] /data/cmd/Ming/llm-fl-apr/tmp/Csv_2-prompt_apr_1-qwen-turbo/src/main/java/org/apache/commons/csv/CSVRecord.java:79: error: <identifier> expected\n    [javac] Certainly, here is the complete corrected method with the bug fixed:\n    [javac]          ^\n    [javac] /data/cmd/Ming/llm-fl-apr/tmp/Csv_2-prompt_apr_1-qwen-turbo/src/main/java/org/apache/commons/csv/CSVRecord.java:79: error: ';' expected\n    [javac] Certainly, here is the complete corrected method with the bug fixed:\n    [javac]                ^\n    [javac] /data/cmd/Ming/llm-fl-apr/tmp/Csv_2-prompt_apr_1-qwen-turbo/src/main/java/org/apache/commons/csv/CSVRecord.java:79: error: ';' expected\n    [javac] Certainly, here is the complete corrected method with the bug fixed:\n    [javac]                       ^\n    [javac] /data/cmd/Ming/llm-fl-apr/tmp/Csv_2-prompt_apr_1-qwen-turbo/src/main/java/org/apache/commons/csv/CSVRecord.java:79: error: ';' expected\n    [javac] Certainly, here is the complete corrected method with the bug fixed:\n    [javac]                                          ^\n    [javac] /data/cmd/Ming/llm-fl-apr/tmp/Csv_2-prompt_apr_1-qwen-turbo/src/main/java/org/apache/commons/csv/CSVRecord.java:79: error: ';' expected\n    [javac] Certainly, here is the complete corrected method with the bug fixed:\n    [javac]                                                      ^\n    [javac] /data/cmd/Ming/llm-fl-apr/tmp/Csv_2-prompt_apr_1-qwen-turbo/src/main/java/org/apache/commons/csv/CSVRecord.java:79: error: ';' expected\n    [javac] Certainly, here is the complete corrected method with the bug fixed:\n    [javac]                                                              ^\n    [javac] /data/cmd/Ming/llm-fl-apr/tmp/Csv_2-prompt_apr_1-qwen-turbo/src/main/java/org/apache/commons/csv/CSVRecord.java:79: error: <identifier> expected\n    [javac] Certainly, here is the complete corrected method with the bug fixed:\n    [javac]                                                                    ^\n    [javac] /data/cmd/Ming/llm-fl-apr/tmp/Csv_2-prompt_apr_1-qwen-turbo/src/main/java/org/apache/commons/csv/CSVRecord.java:81: error: illegal character: \\96\n    [javac] ```java\n    [javac] ^\n    [javac] /data/cmd/Ming/llm-fl-apr/tmp/Csv_2-prompt_apr_1-qwen-turbo/src/main/java/org/apache/commons/csv/CSVRecord.java:81: error: illegal character: \\96\n    [javac] ```java\n    [javac]  ^\n    [javac] /data/cmd/Ming/llm-fl-apr/tmp/Csv_2-prompt_apr_1-qwen-turbo/src/main/java/org/apache/commons/csv/CSVRecord.java:81: error: illegal character: \\96\n    [javac] ```java\n    [javac]   ^\n    [javac] /data/cmd/Ming/llm-fl-apr/tmp/Csv_2-prompt_apr_1-qwen-turbo/src/main/java/org/apache/commons/csv/CSVRecord.java:94: error: illegal character: \\96\n    [javac] ```\n    [javac] ^\n    [javac] /data/cmd/Ming/llm-fl-apr/tmp/Csv_2-prompt_apr_1-qwen-turbo/src/main/java/org/apache/commons/csv/CSVRecord.java:94: error: illegal character: \\96\n    [javac] ```\n    [javac]  ^\n    [javac] /data/cmd/Ming/llm-fl-apr/tmp/Csv_2-prompt_apr_1-qwen-turbo/src/main/java/org/apache/commons/csv/CSVRecord.java:94: error: illegal character: \\96\n    [javac] ```\n    [javac]   ^\n    [javac] /data/cmd/Ming/llm-fl-apr/tmp/Csv_2-prompt_apr_1-qwen-turbo/src/main/java/org/apache/commons/csv/CSVRecord.java:96: error: ';' expected\n    [javac] The bug was related to the placement of the `return` statement outside of the conditional block, which could cause an issue if `index` was `null`. The corrected version ensures that the `return` statement is inside the `if` block when `index` is not `null`.\n    [javac]            ^\n    [javac] /data/cmd/Ming/llm-fl-apr/tmp/Csv_2-prompt_apr_1-qwen-turbo/src/main/java/org/apache/commons/csv/CSVRecord.java:96: error: ';' expected\n    [javac] The bug was related to the placement of the `return` statement outside of the conditional block, which could cause an issue if `index` was `null`. The corrected version ensures that the `return` statement is inside the `if` block when `index` is not `null`.\n    [javac]                       ^\n    [javac] /data/cmd/Ming/llm-fl-apr/tmp/Csv_2-prompt_apr_1-qwen-turbo/src/main/java/org/apache/commons/csv/CSVRecord.java:96: error: ';' expected\n    [javac] The bug was related to the placement of the `return` statement outside of the conditional block, which could cause an issue if `index` was `null`. The corrected version ensures that the `return` statement is inside the `if` block when `index` is not `null`.\n    [javac]                                     ^\n    [javac] /data/cmd/Ming/llm-fl-apr/tmp/Csv_2-prompt_apr_1-qwen-turbo/src/main/java/org/apache/commons/csv/CSVRecord.java:96: error: illegal character: \\96\n    [javac] The bug was related to the placement of the `return` statement outside of the conditional block, which could cause an issue if `index` was `null`. The corrected version ensures that the `return` statement is inside the `if` block when `index` is not `null`.\n    [javac]                                             ^\n    [javac] /data/cmd/Ming/llm-fl-apr/tmp/Csv_2-prompt_apr_1-qwen-turbo/src/main/java/org/apache/commons/csv/CSVRecord.java:96: error: illegal character: \\96\n    [javac] The bug was related to the placement of the `return` statement outside of the conditional block, which could cause an issue if `index` was `null`. The corrected version ensures that the `return` statement is inside the `if` block when `index` is not `null`.\n    [javac]                                                    ^\n    [javac] /data/cmd/Ming/llm-fl-apr/tmp/Csv_2-prompt_apr_1-qwen-turbo/src/main/java/org/apache/commons/csv/CSVRecord.java:96: error: ';' expected\n    [javac] The bug was related to the placement of the `return` statement outside of the conditional block, which could cause an issue if `index` was `null`. The corrected version ensures that the `return` statement is inside the `if` block when `index` is not `null`.\n    [javac]                                                                       ^\n    [javac] /data/cmd/Ming/llm-fl-apr/tmp/Csv_2-prompt_apr_1-qwen-turbo/src/main/java/org/apache/commons/csv/CSVRecord.java:96: error: ';' expected\n    [javac] The bug was related to the placement of the `return` statement outside of the conditional block, which could cause an issue if `index` was `null`. The corrected version ensures that the `return` statement is inside the `if` block when `index` is not `null`.\n    [javac]                                                                              ^\n    [javac] /data/cmd/Ming/llm-fl-apr/tmp/Csv_2-prompt_apr_1-qwen-turbo/src/main/java/org/apache/commons/csv/CSVRecord.java:96: error: ';' expected\n    [javac] The bug was related to the placement of the `return` statement outside of the conditional block, which could cause an issue if `index` was `null`. The corrected version ensures that the `return` statement is inside the `if` block when `index` is not `null`.\n    [javac]                                                                                                       ^\n    [javac] /data/cmd/Ming/llm-fl-apr/tmp/Csv_2-prompt_apr_1-qwen-turbo/src/main/java/org/apache/commons/csv/CSVRecord.java:96: error: ';' expected\n    [javac] The bug was related to the placement of the `return` statement outside of the conditional block, which could cause an issue if `index` was `null`. The corrected version ensures that the `return` statement is inside the `if` block when `index` is not `null`.\n    [javac]                                                                                                                   ^\n    [javac] /data/cmd/Ming/llm-fl-apr/tmp/Csv_2-prompt_apr_1-qwen-turbo/src/main/java/org/apache/commons/csv/CSVRecord.java:96: error: ';' expected\n    [javac] The bug was related to the placement of the `return` statement outside of the conditional block, which could cause an issue if `index` was `null`. The corrected version ensures that the `return` statement is inside the `if` block when `index` is not `null`.\n    [javac]                                                                                                                            ^\n    [javac] /data/cmd/Ming/llm-fl-apr/tmp/Csv_2-prompt_apr_1-qwen-turbo/src/main/java/org/apache/commons/csv/CSVRecord.java:96: error: illegal character: \\96\n    [javac] The bug was related to the placement of the `return` statement outside of the conditional block, which could cause an issue if `index` was `null`. The corrected version ensures that the `return` statement is inside the `if` block when `index` is not `null`.\n    [javac]                                                                                                                                ^\n    [javac] /data/cmd/Ming/llm-fl-apr/tmp/Csv_2-prompt_apr_1-qwen-turbo/src/main/java/org/apache/commons/csv/CSVRecord.java:96: error: illegal character: \\96\n    [javac] The bug was related to the placement of the `return` statement outside of the conditional block, which could cause an issue if `index` was `null`. The corrected version ensures that the `return` statement is inside the `if` block when `index` is not `null`.\n    [javac]                                                                                                                                      ^\n    [javac] /data/cmd/Ming/llm-fl-apr/tmp/Csv_2-prompt_apr_1-qwen-turbo/src/main/java/org/apache/commons/csv/CSVRecord.java:96: error: illegal character: \\96\n    [javac] The bug was related to the placement of the `return` statement outside of the conditional block, which could cause an issue if `index` was `null`. The corrected version ensures that the `return` statement is inside the `if` block when `index` is not `null`.\n    [javac]                                                                                                                                            ^\n    [javac] /data/cmd/Ming/llm-fl-apr/tmp/Csv_2-prompt_apr_1-qwen-turbo/src/main/java/org/apache/commons/csv/CSVRecord.java:96: error: illegal start of type\n    [javac] The bug was related to the placement of the `return` statement outside of the conditional block, which could cause an issue if `index` was `null`. The corrected version ensures that the `return` statement is inside the `if` block when `index` is not `null`.\n    [javac]                                                                                                                                             ^\n    [javac] /data/cmd/Ming/llm-fl-apr/tmp/Csv_2-prompt_apr_1-qwen-turbo/src/main/java/org/apache/commons/csv/CSVRecord.java:96: error: illegal character: \\96\n    [javac] The bug was related to the placement of the `return` statement outside of the conditional block, which could cause an issue if `index` was `null`. The corrected version ensures that the `return` statement is inside the `if` block when `index` is not `null`.\n    [javac]                                                                                                                                                 ^\n    [javac] /data/cmd/Ming/llm-fl-apr/tmp/Csv_2-prompt_apr_1-qwen-turbo/src/main/java/org/apache/commons/csv/CSVRecord.java:96: error: ';' expected\n    [javac] The bug was related to the placement of the `return` statement outside of the conditional block, which could cause an issue if `index` was `null`. The corrected version ensures that the `return` statement is inside the `if` block when `index` is not `null`.\n    [javac]                                                                                                                                                  ^\n    [javac] /data/cmd/Ming/llm-fl-apr/tmp/Csv_2-prompt_apr_1-qwen-turbo/src/main/java/org/apache/commons/csv/CSVRecord.java:96: error: ';' expected\n    [javac] The bug was related to the placement of the `return` statement outside of the conditional block, which could cause an issue if `index` was `null`. The corrected version ensures that the `return` statement is inside the `if` block when `index` is not `null`.\n    [javac]                                                                                                                                                                 ^\n    [javac] /data/cmd/Ming/llm-fl-apr/tmp/Csv_2-prompt_apr_1-qwen-turbo/src/main/java/org/apache/commons/csv/CSVRecord.java:96: error: ';' expected\n    [javac] The bug was related to the placement of the `return` statement outside of the conditional block, which could cause an issue if `index` was `null`. The corrected version ensures that the `return` statement is inside the `if` block when `index` is not `null`.\n    [javac]                                                                                                                                                                                 ^\n    [javac] /data/cmd/Ming/llm-fl-apr/tmp/Csv_2-prompt_apr_1-qwen-turbo/src/main/java/org/apache/commons/csv/CSVRecord.java:96: error: illegal character: \\96\n    [javac] The bug was related to the placement of the `return` statement outside of the conditional block, which could cause an issue if `index` was `null`. The corrected version ensures that the `return` statement is inside the `if` block when `index` is not `null`.\n    [javac]                                                                                                                                                                                           ^\n    [javac] /data/cmd/Ming/llm-fl-apr/tmp/Csv_2-prompt_apr_1-qwen-turbo/src/main/java/org/apache/commons/csv/CSVRecord.java:96: error: illegal character: \\96\n    [javac] The bug was related to the placement of the `return` statement outside of the conditional block, which could cause an issue if `index` was `null`. The corrected version ensures that the `return` statement is inside the `if` block when `index` is not `null`.\n    [javac]                                                                                                                                                                                                  ^\n    [javac] /data/cmd/Ming/llm-fl-apr/tmp/Csv_2-prompt_apr_1-qwen-turbo/src/main/java/org/apache/commons/csv/CSVRecord.java:96: error: ';' expected\n    [javac] The bug was related to the placement of the `return` statement outside of the conditional block, which could cause an issue if `index` was `null`. The corrected version ensures that the `return` statement is inside the `if` block when `index` is not `null`.\n    [javac]                                                                                                                                                                                                                ^\n    [javac] /data/cmd/Ming/llm-fl-apr/tmp/Csv_2-prompt_apr_1-qwen-turbo/src/main/java/org/apache/commons/csv/CSVRecord.java:96: error: illegal character: \\96\n    [javac] The bug was related to the placement of the `return` statement outside of the conditional block, which could cause an issue if `index` was `null`. The corrected version ensures that the `return` statement is inside the `if` block when `index` is not `null`.\n    [javac]                                                                                                                                                                                                                            ^\n    [javac] /data/cmd/Ming/llm-fl-apr/tmp/Csv_2-prompt_apr_1-qwen-turbo/src/main/java/org/apache/commons/csv/CSVRecord.java:96: error: illegal character: \\96\n    [javac] The bug was related to the placement of the `return` statement outside of the conditional block, which could cause an issue if `index` was `null`. The corrected version ensures that the `return` statement is inside the `if` block when `index` is not `null`.\n    [javac]                                                                                                                                                                                                                               ^\n    [javac] /data/cmd/Ming/llm-fl-apr/tmp/Csv_2-prompt_apr_1-qwen-turbo/src/main/java/org/apache/commons/csv/CSVRecord.java:96: error: illegal character: \\96\n    [javac] The bug was related to the placement of the `return` statement outside of the conditional block, which could cause an issue if `index` was `null`. The corrected version ensures that the `return` statement is inside the `if` block when `index` is not `null`.\n    [javac]                                                                                                                                                                                                                                            ^\n    [javac] /data/cmd/Ming/llm-fl-apr/tmp/Csv_2-prompt_apr_1-qwen-turbo/src/main/java/org/apache/commons/csv/CSVRecord.java:96: error: illegal character: \\96\n    [javac] The bug was related to the placement of the `return` statement outside of the conditional block, which could cause an issue if `index` was `null`. The corrected version ensures that the `return` statement is inside the `if` block when `index` is not `null`.\n    [javac]                                                                                                                                                                                                                                                  ^\n    [javac] /data/cmd/Ming/llm-fl-apr/tmp/Csv_2-prompt_apr_1-qwen-turbo/src/main/java/org/apache/commons/csv/CSVRecord.java:96: error: illegal character: \\96\n    [javac] The bug was related to the placement of the `return` statement outside of the conditional block, which could cause an issue if `index` was `null`. The corrected version ensures that the `return` statement is inside the `if` block when `index` is not `null`.\n    [javac]                                                                                                                                                                                                                                                           ^\n    [javac] /data/cmd/Ming/llm-fl-apr/tmp/Csv_2-prompt_apr_1-qwen-turbo/src/main/java/org/apache/commons/csv/CSVRecord.java:96: error: illegal character: \\96\n    [javac] The bug was related to the placement of the `return` statement outside of the conditional block, which could cause an issue if `index` was `null`. The corrected version ensures that the `return` statement is inside the `if` block when `index` is not `null`.\n    [javac]                                                                                                                                                                                                                                                                ^\n    [javac] 40 errors\n    [javac] 1 warning\n\nBUILD FAILED\n/data/cmd/Ming/llm-fl-apr/tmp/Csv_2-prompt_apr_1-qwen-turbo/maven-build.xml:79: Compile failed; see the compiler error output for details.\n\nTotal time: 2 seconds\nCannot compile sources! at /data/cmd/Ming/LLM_Based-Mutation/tools/mutant/defects4j-2.1.0/framework/bin/d4j/d4j-compile line 82.\nCompilation failed in require at /data/cmd/Ming/LLM_Based-Mutation/tools/mutant/defects4j-2.1.0/framework/bin/defects4j line 195.\n"
                }
            },
            "doubao-pro-4k": {
                "compile": {
                    "rc": 0,
                    "so": "",
                    "se": "Running ant (compile)...................................................... OK\nRunning ant (compile.tests)................................................ OK\n"
                },
                "test": {
                    "rc": 0,
                    "so": "Failing tests: 1\n  - org.apache.commons.csv.CSVRecordTest::testGetStringInconsistentRecord\n",
                    "se": "Running ant (compile.tests)................................................ OK\nRunning ant (run.dev.tests)................................................ OK\n"
                }
            },
            "gpt-4o-mini": {
                "compile": {
                    "rc": 0,
                    "so": "",
                    "se": "Running ant (compile)...................................................... OK\nRunning ant (compile.tests)................................................ OK\n"
                },
                "test": {
                    "rc": 0,
                    "so": "Failing tests: 1\n  - org.apache.commons.csv.CSVRecordTest::testGetStringInconsistentRecord\n",
                    "se": "Running ant (compile.tests)................................................ OK\nRunning ant (run.dev.tests)................................................ OK\n"
                }
            },
            "deepseek-chat": {
                "compile": {
                    "rc": 0,
                    "so": "",
                    "se": "Running ant (compile)...................................................... OK\nRunning ant (compile.tests)................................................ OK\n"
                },
                "test": {
                    "rc": 0,
                    "so": "Failing tests: 1\n  - org.apache.commons.csv.CSVRecordTest::testGetStringInconsistentRecord\n",
                    "se": "Running ant (compile.tests)................................................ OK\nRunning ant (run.dev.tests)................................................ OK\n"
                }
            }
        },
        "prompt_apr_2": {
            "ernie-3.5-128k": {
                "compile": {
                    "rc": 1,
                    "so": "",
                    "se": "Running ant (compile)...................................................... FAIL\nExecuted command:  cd /data/cmd/Ming/llm-fl-apr/tmp/Csv_2-prompt_apr_2-ernie-3.5-128k && /data/cmd/Ming/LLM_Based-Mutation/tools/mutant/defects4j-2.1.0/major/bin/ant -f /data/cmd/Ming/LLM_Based-Mutation/tools/mutant/defects4j-2.1.0/framework/projects/defects4j.build.xml -Dd4j.home=/data/cmd/Ming/LLM_Based-Mutation/tools/mutant/defects4j-2.1.0 -Dd4j.dir.projects=/data/cmd/Ming/LLM_Based-Mutation/tools/mutant/defects4j-2.1.0/framework/projects -Dbasedir=/data/cmd/Ming/llm-fl-apr/tmp/Csv_2-prompt_apr_2-ernie-3.5-128k -Dbuild.compiler=javac1.7  compile 2>&1\nJava HotSpot(TM) 64-Bit Server VM warning: ignoring option MaxPermSize=1G; support was removed in 8.0\nBuildfile: /data/cmd/Ming/LLM_Based-Mutation/tools/mutant/defects4j-2.1.0/framework/projects/defects4j.build.xml\n\ntest-offline:\n\nget-deps:\n\ncommons-csv-from-maven.compile:\n    [mkdir] Created dir: /data/cmd/Ming/llm-fl-apr/tmp/Csv_2-prompt_apr_2-ernie-3.5-128k/target/classes\n    [javac] /data/cmd/Ming/llm-fl-apr/tmp/Csv_2-prompt_apr_2-ernie-3.5-128k/maven-build.xml:79: warning: 'includeantruntime' was not set, defaulting to build.sysclasspath=last; set to false for repeatable builds\n    [javac] Compiling 11 source files to /data/cmd/Ming/llm-fl-apr/tmp/Csv_2-prompt_apr_2-ernie-3.5-128k/target/classes\n    [javac] warning: [options] bootstrap class path not set in conjunction with -source 1.5\n    [javac] /data/cmd/Ming/llm-fl-apr/tmp/Csv_2-prompt_apr_2-ernie-3.5-128k/src/main/java/org/apache/commons/csv/CSVRecord.java:79: error: <identifier> expected\n    [javac] Sure, here is the complete corrected method with the bug fixed:\n    [javac]     ^\n    [javac] /data/cmd/Ming/llm-fl-apr/tmp/Csv_2-prompt_apr_2-ernie-3.5-128k/src/main/java/org/apache/commons/csv/CSVRecord.java:79: error: ';' expected\n    [javac] Sure, here is the complete corrected method with the bug fixed:\n    [javac]           ^\n    [javac] /data/cmd/Ming/llm-fl-apr/tmp/Csv_2-prompt_apr_2-ernie-3.5-128k/src/main/java/org/apache/commons/csv/CSVRecord.java:79: error: ';' expected\n    [javac] Sure, here is the complete corrected method with the bug fixed:\n    [javac]                  ^\n    [javac] /data/cmd/Ming/llm-fl-apr/tmp/Csv_2-prompt_apr_2-ernie-3.5-128k/src/main/java/org/apache/commons/csv/CSVRecord.java:79: error: ';' expected\n    [javac] Sure, here is the complete corrected method with the bug fixed:\n    [javac]                                     ^\n    [javac] /data/cmd/Ming/llm-fl-apr/tmp/Csv_2-prompt_apr_2-ernie-3.5-128k/src/main/java/org/apache/commons/csv/CSVRecord.java:79: error: ';' expected\n    [javac] Sure, here is the complete corrected method with the bug fixed:\n    [javac]                                                 ^\n    [javac] /data/cmd/Ming/llm-fl-apr/tmp/Csv_2-prompt_apr_2-ernie-3.5-128k/src/main/java/org/apache/commons/csv/CSVRecord.java:79: error: ';' expected\n    [javac] Sure, here is the complete corrected method with the bug fixed:\n    [javac]                                                         ^\n    [javac] /data/cmd/Ming/llm-fl-apr/tmp/Csv_2-prompt_apr_2-ernie-3.5-128k/src/main/java/org/apache/commons/csv/CSVRecord.java:79: error: <identifier> expected\n    [javac] Sure, here is the complete corrected method with the bug fixed:\n    [javac]                                                               ^\n    [javac] /data/cmd/Ming/llm-fl-apr/tmp/Csv_2-prompt_apr_2-ernie-3.5-128k/src/main/java/org/apache/commons/csv/CSVRecord.java:93: error: <identifier> expected\n    [javac] In this corrected version, I added a check to ensure that the index is within the bounds of the `values` array before attempting to access it. This prevents `ArrayIndexOutOfBoundsException` from being thrown if an invalid index is retrieved from the mapping.\n    [javac]   ^\n    [javac] /data/cmd/Ming/llm-fl-apr/tmp/Csv_2-prompt_apr_2-ernie-3.5-128k/src/main/java/org/apache/commons/csv/CSVRecord.java:93: error: ';' expected\n    [javac] In this corrected version, I added a check to ensure that the index is within the bounds of the `values` array before attempting to access it. This prevents `ArrayIndexOutOfBoundsException` from being thrown if an invalid index is retrieved from the mapping.\n    [javac]                             ^\n    [javac] /data/cmd/Ming/llm-fl-apr/tmp/Csv_2-prompt_apr_2-ernie-3.5-128k/src/main/java/org/apache/commons/csv/CSVRecord.java:93: error: ';' expected\n    [javac] In this corrected version, I added a check to ensure that the index is within the bounds of the `values` array before attempting to access it. This prevents `ArrayIndexOutOfBoundsException` from being thrown if an invalid index is retrieved from the mapping.\n    [javac]                                     ^\n    [javac] /data/cmd/Ming/llm-fl-apr/tmp/Csv_2-prompt_apr_2-ernie-3.5-128k/src/main/java/org/apache/commons/csv/CSVRecord.java:93: error: ';' expected\n    [javac] In this corrected version, I added a check to ensure that the index is within the bounds of the `values` array before attempting to access it. This prevents `ArrayIndexOutOfBoundsException` from being thrown if an invalid index is retrieved from the mapping.\n    [javac]                                              ^\n    [javac] /data/cmd/Ming/llm-fl-apr/tmp/Csv_2-prompt_apr_2-ernie-3.5-128k/src/main/java/org/apache/commons/csv/CSVRecord.java:93: error: ';' expected\n    [javac] In this corrected version, I added a check to ensure that the index is within the bounds of the `values` array before attempting to access it. This prevents `ArrayIndexOutOfBoundsException` from being thrown if an invalid index is retrieved from the mapping.\n    [javac]                                                          ^\n    [javac] /data/cmd/Ming/llm-fl-apr/tmp/Csv_2-prompt_apr_2-ernie-3.5-128k/src/main/java/org/apache/commons/csv/CSVRecord.java:93: error: ';' expected\n    [javac] In this corrected version, I added a check to ensure that the index is within the bounds of the `values` array before attempting to access it. This prevents `ArrayIndexOutOfBoundsException` from being thrown if an invalid index is retrieved from the mapping.\n    [javac]                                                                    ^\n    [javac] /data/cmd/Ming/llm-fl-apr/tmp/Csv_2-prompt_apr_2-ernie-3.5-128k/src/main/java/org/apache/commons/csv/CSVRecord.java:93: error: ';' expected\n    [javac] In this corrected version, I added a check to ensure that the index is within the bounds of the `values` array before attempting to access it. This prevents `ArrayIndexOutOfBoundsException` from being thrown if an invalid index is retrieved from the mapping.\n    [javac]                                                                              ^\n    [javac] /data/cmd/Ming/llm-fl-apr/tmp/Csv_2-prompt_apr_2-ernie-3.5-128k/src/main/java/org/apache/commons/csv/CSVRecord.java:93: error: ';' expected\n    [javac] In this corrected version, I added a check to ensure that the index is within the bounds of the `values` array before attempting to access it. This prevents `ArrayIndexOutOfBoundsException` from being thrown if an invalid index is retrieved from the mapping.\n    [javac]                                                                                         ^\n    [javac] /data/cmd/Ming/llm-fl-apr/tmp/Csv_2-prompt_apr_2-ernie-3.5-128k/src/main/java/org/apache/commons/csv/CSVRecord.java:93: error: illegal character: \\96\n    [javac] In this corrected version, I added a check to ensure that the index is within the bounds of the `values` array before attempting to access it. This prevents `ArrayIndexOutOfBoundsException` from being thrown if an invalid index is retrieved from the mapping.\n    [javac]                                                                                                 ^\n    [javac] /data/cmd/Ming/llm-fl-apr/tmp/Csv_2-prompt_apr_2-ernie-3.5-128k/src/main/java/org/apache/commons/csv/CSVRecord.java:93: error: illegal character: \\96\n    [javac] In this corrected version, I added a check to ensure that the index is within the bounds of the `values` array before attempting to access it. This prevents `ArrayIndexOutOfBoundsException` from being thrown if an invalid index is retrieved from the mapping.\n    [javac]                                                                                                        ^\n    [javac] /data/cmd/Ming/llm-fl-apr/tmp/Csv_2-prompt_apr_2-ernie-3.5-128k/src/main/java/org/apache/commons/csv/CSVRecord.java:93: error: ';' expected\n    [javac] In this corrected version, I added a check to ensure that the index is within the bounds of the `values` array before attempting to access it. This prevents `ArrayIndexOutOfBoundsException` from being thrown if an invalid index is retrieved from the mapping.\n    [javac]                                                                                                                      ^\n    [javac] /data/cmd/Ming/llm-fl-apr/tmp/Csv_2-prompt_apr_2-ernie-3.5-128k/src/main/java/org/apache/commons/csv/CSVRecord.java:93: error: ';' expected\n    [javac] In this corrected version, I added a check to ensure that the index is within the bounds of the `values` array before attempting to access it. This prevents `ArrayIndexOutOfBoundsException` from being thrown if an invalid index is retrieved from the mapping.\n    [javac]                                                                                                                                    ^\n    [javac] /data/cmd/Ming/llm-fl-apr/tmp/Csv_2-prompt_apr_2-ernie-3.5-128k/src/main/java/org/apache/commons/csv/CSVRecord.java:93: error: ';' expected\n    [javac] In this corrected version, I added a check to ensure that the index is within the bounds of the `values` array before attempting to access it. This prevents `ArrayIndexOutOfBoundsException` from being thrown if an invalid index is retrieved from the mapping.\n    [javac]                                                                                                                                              ^\n    [javac] /data/cmd/Ming/llm-fl-apr/tmp/Csv_2-prompt_apr_2-ernie-3.5-128k/src/main/java/org/apache/commons/csv/CSVRecord.java:93: error: illegal character: \\96\n    [javac] In this corrected version, I added a check to ensure that the index is within the bounds of the `values` array before attempting to access it. This prevents `ArrayIndexOutOfBoundsException` from being thrown if an invalid index is retrieved from the mapping.\n    [javac]                                                                                                                                                              ^\n    [javac] /data/cmd/Ming/llm-fl-apr/tmp/Csv_2-prompt_apr_2-ernie-3.5-128k/src/main/java/org/apache/commons/csv/CSVRecord.java:93: error: illegal character: \\96\n    [javac] In this corrected version, I added a check to ensure that the index is within the bounds of the `values` array before attempting to access it. This prevents `ArrayIndexOutOfBoundsException` from being thrown if an invalid index is retrieved from the mapping.\n    [javac]                                                                                                                                                                                             ^\n    [javac] /data/cmd/Ming/llm-fl-apr/tmp/Csv_2-prompt_apr_2-ernie-3.5-128k/src/main/java/org/apache/commons/csv/CSVRecord.java:93: error: ';' expected\n    [javac] In this corrected version, I added a check to ensure that the index is within the bounds of the `values` array before attempting to access it. This prevents `ArrayIndexOutOfBoundsException` from being thrown if an invalid index is retrieved from the mapping.\n    [javac]                                                                                                                                                                                                         ^\n    [javac] /data/cmd/Ming/llm-fl-apr/tmp/Csv_2-prompt_apr_2-ernie-3.5-128k/src/main/java/org/apache/commons/csv/CSVRecord.java:93: error: <identifier> expected\n    [javac] In this corrected version, I added a check to ensure that the index is within the bounds of the `values` array before attempting to access it. This prevents `ArrayIndexOutOfBoundsException` from being thrown if an invalid index is retrieved from the mapping.\n    [javac]                                                                                                                                                                                                                ^\n    [javac] /data/cmd/Ming/llm-fl-apr/tmp/Csv_2-prompt_apr_2-ernie-3.5-128k/src/main/java/org/apache/commons/csv/CSVRecord.java:93: error: ';' expected\n    [javac] In this corrected version, I added a check to ensure that the index is within the bounds of the `values` array before attempting to access it. This prevents `ArrayIndexOutOfBoundsException` from being thrown if an invalid index is retrieved from the mapping.\n    [javac]                                                                                                                                                                                                                              ^\n    [javac] /data/cmd/Ming/llm-fl-apr/tmp/Csv_2-prompt_apr_2-ernie-3.5-128k/src/main/java/org/apache/commons/csv/CSVRecord.java:93: error: ';' expected\n    [javac] In this corrected version, I added a check to ensure that the index is within the bounds of the `values` array before attempting to access it. This prevents `ArrayIndexOutOfBoundsException` from being thrown if an invalid index is retrieved from the mapping.\n    [javac]                                                                                                                                                                                                                                       ^\n    [javac] /data/cmd/Ming/llm-fl-apr/tmp/Csv_2-prompt_apr_2-ernie-3.5-128k/src/main/java/org/apache/commons/csv/CSVRecord.java:93: error: ';' expected\n    [javac] In this corrected version, I added a check to ensure that the index is within the bounds of the `values` array before attempting to access it. This prevents `ArrayIndexOutOfBoundsException` from being thrown if an invalid index is retrieved from the mapping.\n    [javac]                                                                                                                                                                                                                                                      ^\n    [javac] /data/cmd/Ming/llm-fl-apr/tmp/Csv_2-prompt_apr_2-ernie-3.5-128k/src/main/java/org/apache/commons/csv/CSVRecord.java:93: error: ';' expected\n    [javac] In this corrected version, I added a check to ensure that the index is within the bounds of the `values` array before attempting to access it. This prevents `ArrayIndexOutOfBoundsException` from being thrown if an invalid index is retrieved from the mapping.\n    [javac]                                                                                                                                                                                                                                                                  ^\n    [javac] 28 errors\n    [javac] 1 warning\n\nBUILD FAILED\n/data/cmd/Ming/llm-fl-apr/tmp/Csv_2-prompt_apr_2-ernie-3.5-128k/maven-build.xml:79: Compile failed; see the compiler error output for details.\n\nTotal time: 1 second\nCannot compile sources! at /data/cmd/Ming/LLM_Based-Mutation/tools/mutant/defects4j-2.1.0/framework/bin/d4j/d4j-compile line 82.\nCompilation failed in require at /data/cmd/Ming/LLM_Based-Mutation/tools/mutant/defects4j-2.1.0/framework/bin/defects4j line 195.\n"
                }
            },
            "qwen-turbo": {
                "compile": {
                    "rc": 1,
                    "so": "",
                    "se": "Running ant (compile)...................................................... FAIL\nExecuted command:  cd /data/cmd/Ming/llm-fl-apr/tmp/Csv_2-prompt_apr_2-qwen-turbo && /data/cmd/Ming/LLM_Based-Mutation/tools/mutant/defects4j-2.1.0/major/bin/ant -f /data/cmd/Ming/LLM_Based-Mutation/tools/mutant/defects4j-2.1.0/framework/projects/defects4j.build.xml -Dd4j.home=/data/cmd/Ming/LLM_Based-Mutation/tools/mutant/defects4j-2.1.0 -Dd4j.dir.projects=/data/cmd/Ming/LLM_Based-Mutation/tools/mutant/defects4j-2.1.0/framework/projects -Dbasedir=/data/cmd/Ming/llm-fl-apr/tmp/Csv_2-prompt_apr_2-qwen-turbo -Dbuild.compiler=javac1.7  compile 2>&1\nJava HotSpot(TM) 64-Bit Server VM warning: ignoring option MaxPermSize=1G; support was removed in 8.0\nBuildfile: /data/cmd/Ming/LLM_Based-Mutation/tools/mutant/defects4j-2.1.0/framework/projects/defects4j.build.xml\n\ntest-offline:\n\nget-deps:\n\ncommons-csv-from-maven.compile:\n    [mkdir] Created dir: /data/cmd/Ming/llm-fl-apr/tmp/Csv_2-prompt_apr_2-qwen-turbo/target/classes\n    [javac] /data/cmd/Ming/llm-fl-apr/tmp/Csv_2-prompt_apr_2-qwen-turbo/maven-build.xml:79: warning: 'includeantruntime' was not set, defaulting to build.sysclasspath=last; set to false for repeatable builds\n    [javac] Compiling 11 source files to /data/cmd/Ming/llm-fl-apr/tmp/Csv_2-prompt_apr_2-qwen-turbo/target/classes\n    [javac] warning: [options] bootstrap class path not set in conjunction with -source 1.5\n    [javac] /data/cmd/Ming/llm-fl-apr/tmp/Csv_2-prompt_apr_2-qwen-turbo/src/main/java/org/apache/commons/csv/CSVRecord.java:79: error: <identifier> expected\n    [javac] Certainly, here is the complete corrected method:\n    [javac]          ^\n    [javac] /data/cmd/Ming/llm-fl-apr/tmp/Csv_2-prompt_apr_2-qwen-turbo/src/main/java/org/apache/commons/csv/CSVRecord.java:79: error: ';' expected\n    [javac] Certainly, here is the complete corrected method:\n    [javac]                ^\n    [javac] /data/cmd/Ming/llm-fl-apr/tmp/Csv_2-prompt_apr_2-qwen-turbo/src/main/java/org/apache/commons/csv/CSVRecord.java:79: error: ';' expected\n    [javac] Certainly, here is the complete corrected method:\n    [javac]                       ^\n    [javac] /data/cmd/Ming/llm-fl-apr/tmp/Csv_2-prompt_apr_2-qwen-turbo/src/main/java/org/apache/commons/csv/CSVRecord.java:79: error: ';' expected\n    [javac] Certainly, here is the complete corrected method:\n    [javac]                                          ^\n    [javac] /data/cmd/Ming/llm-fl-apr/tmp/Csv_2-prompt_apr_2-qwen-turbo/src/main/java/org/apache/commons/csv/CSVRecord.java:79: error: <identifier> expected\n    [javac] Certainly, here is the complete corrected method:\n    [javac]                                                 ^\n    [javac] /data/cmd/Ming/llm-fl-apr/tmp/Csv_2-prompt_apr_2-qwen-turbo/src/main/java/org/apache/commons/csv/CSVRecord.java:81: error: illegal character: \\96\n    [javac] ```java\n    [javac] ^\n    [javac] /data/cmd/Ming/llm-fl-apr/tmp/Csv_2-prompt_apr_2-qwen-turbo/src/main/java/org/apache/commons/csv/CSVRecord.java:81: error: illegal character: \\96\n    [javac] ```java\n    [javac]  ^\n    [javac] /data/cmd/Ming/llm-fl-apr/tmp/Csv_2-prompt_apr_2-qwen-turbo/src/main/java/org/apache/commons/csv/CSVRecord.java:81: error: illegal character: \\96\n    [javac] ```java\n    [javac]   ^\n    [javac] /data/cmd/Ming/llm-fl-apr/tmp/Csv_2-prompt_apr_2-qwen-turbo/src/main/java/org/apache/commons/csv/CSVRecord.java:94: error: illegal character: \\96\n    [javac] ```\n    [javac] ^\n    [javac] /data/cmd/Ming/llm-fl-apr/tmp/Csv_2-prompt_apr_2-qwen-turbo/src/main/java/org/apache/commons/csv/CSVRecord.java:94: error: illegal character: \\96\n    [javac] ```\n    [javac]  ^\n    [javac] /data/cmd/Ming/llm-fl-apr/tmp/Csv_2-prompt_apr_2-qwen-turbo/src/main/java/org/apache/commons/csv/CSVRecord.java:94: error: illegal character: \\96\n    [javac] ```\n    [javac]   ^\n    [javac] /data/cmd/Ming/llm-fl-apr/tmp/Csv_2-prompt_apr_2-qwen-turbo/src/main/java/org/apache/commons/csv/CSVRecord.java:96: error: ';' expected\n    [javac] This ensures that the index is within the bounds of the `values` array before attempting to access it.\n    [javac]                  ^\n    [javac] /data/cmd/Ming/llm-fl-apr/tmp/Csv_2-prompt_apr_2-qwen-turbo/src/main/java/org/apache/commons/csv/CSVRecord.java:96: error: ';' expected\n    [javac] This ensures that the index is within the bounds of the `values` array before attempting to access it.\n    [javac]                            ^\n    [javac] /data/cmd/Ming/llm-fl-apr/tmp/Csv_2-prompt_apr_2-qwen-turbo/src/main/java/org/apache/commons/csv/CSVRecord.java:96: error: ';' expected\n    [javac] This ensures that the index is within the bounds of the `values` array before attempting to access it.\n    [javac]                                      ^\n    [javac] /data/cmd/Ming/llm-fl-apr/tmp/Csv_2-prompt_apr_2-qwen-turbo/src/main/java/org/apache/commons/csv/CSVRecord.java:96: error: ';' expected\n    [javac] This ensures that the index is within the bounds of the `values` array before attempting to access it.\n    [javac]                                                 ^\n    [javac] /data/cmd/Ming/llm-fl-apr/tmp/Csv_2-prompt_apr_2-qwen-turbo/src/main/java/org/apache/commons/csv/CSVRecord.java:96: error: illegal character: \\96\n    [javac] This ensures that the index is within the bounds of the `values` array before attempting to access it.\n    [javac]                                                         ^\n    [javac] /data/cmd/Ming/llm-fl-apr/tmp/Csv_2-prompt_apr_2-qwen-turbo/src/main/java/org/apache/commons/csv/CSVRecord.java:96: error: illegal character: \\96\n    [javac] This ensures that the index is within the bounds of the `values` array before attempting to access it.\n    [javac]                                                                ^\n    [javac] /data/cmd/Ming/llm-fl-apr/tmp/Csv_2-prompt_apr_2-qwen-turbo/src/main/java/org/apache/commons/csv/CSVRecord.java:96: error: ';' expected\n    [javac] This ensures that the index is within the bounds of the `values` array before attempting to access it.\n    [javac]                                                                              ^\n    [javac] /data/cmd/Ming/llm-fl-apr/tmp/Csv_2-prompt_apr_2-qwen-turbo/src/main/java/org/apache/commons/csv/CSVRecord.java:96: error: ';' expected\n    [javac] This ensures that the index is within the bounds of the `values` array before attempting to access it.\n    [javac]                                                                                            ^\n    [javac] /data/cmd/Ming/llm-fl-apr/tmp/Csv_2-prompt_apr_2-qwen-turbo/src/main/java/org/apache/commons/csv/CSVRecord.java:96: error: ';' expected\n    [javac] This ensures that the index is within the bounds of the `values` array before attempting to access it.\n    [javac]                                                                                                      ^\n    [javac] 20 errors\n    [javac] 1 warning\n\nBUILD FAILED\n/data/cmd/Ming/llm-fl-apr/tmp/Csv_2-prompt_apr_2-qwen-turbo/maven-build.xml:79: Compile failed; see the compiler error output for details.\n\nTotal time: 1 second\nCannot compile sources! at /data/cmd/Ming/LLM_Based-Mutation/tools/mutant/defects4j-2.1.0/framework/bin/d4j/d4j-compile line 82.\nCompilation failed in require at /data/cmd/Ming/LLM_Based-Mutation/tools/mutant/defects4j-2.1.0/framework/bin/defects4j line 195.\n"
                }
            },
            "doubao-pro-4k": {
                "compile": {
                    "rc": 0,
                    "so": "",
                    "se": "Running ant (compile)...................................................... OK\nRunning ant (compile.tests)................................................ OK\n"
                },
                "test": {
                    "rc": 0,
                    "so": "Failing tests: 1\n  - org.apache.commons.csv.CSVRecordTest::testGetStringInconsistentRecord\n",
                    "se": "Running ant (compile.tests)................................................ OK\nRunning ant (run.dev.tests)................................................ OK\n"
                }
            },
            "gpt-4o-mini": {
                "compile": {
                    "rc": 0,
                    "so": "",
                    "se": "Running ant (compile)...................................................... OK\nRunning ant (compile.tests)................................................ OK\n"
                },
                "test": {
                    "rc": 0,
                    "so": "Failing tests: 1\n  - org.apache.commons.csv.CSVRecordTest::testGetStringInconsistentRecord\n",
                    "se": "Running ant (compile.tests)................................................ OK\nRunning ant (run.dev.tests)................................................ OK\n"
                }
            },
            "deepseek-chat": {
                "compile": {
                    "rc": 0,
                    "so": "",
                    "se": "Running ant (compile)...................................................... OK\nRunning ant (compile.tests)................................................ OK\n"
                },
                "test": {
                    "rc": 0,
                    "so": "Failing tests: 1\n  - org.apache.commons.csv.CSVRecordTest::testGetStringInconsistentRecord\n",
                    "se": "Running ant (compile.tests)................................................ OK\nRunning ant (run.dev.tests)................................................ OK\n"
                }
            }
        },
        "prompt_apr_3": {
            "ernie-3.5-128k": {
                "compile": {
                    "rc": 1,
                    "so": "",
                    "se": "Running ant (compile)...................................................... FAIL\nExecuted command:  cd /data/cmd/Ming/llm-fl-apr/tmp/Csv_2-prompt_apr_3-ernie-3.5-128k && /data/cmd/Ming/LLM_Based-Mutation/tools/mutant/defects4j-2.1.0/major/bin/ant -f /data/cmd/Ming/LLM_Based-Mutation/tools/mutant/defects4j-2.1.0/framework/projects/defects4j.build.xml -Dd4j.home=/data/cmd/Ming/LLM_Based-Mutation/tools/mutant/defects4j-2.1.0 -Dd4j.dir.projects=/data/cmd/Ming/LLM_Based-Mutation/tools/mutant/defects4j-2.1.0/framework/projects -Dbasedir=/data/cmd/Ming/llm-fl-apr/tmp/Csv_2-prompt_apr_3-ernie-3.5-128k -Dbuild.compiler=javac1.7  compile 2>&1\nJava HotSpot(TM) 64-Bit Server VM warning: ignoring option MaxPermSize=1G; support was removed in 8.0\nBuildfile: /data/cmd/Ming/LLM_Based-Mutation/tools/mutant/defects4j-2.1.0/framework/projects/defects4j.build.xml\n\ntest-offline:\n\nget-deps:\n\ncommons-csv-from-maven.compile:\n    [mkdir] Created dir: /data/cmd/Ming/llm-fl-apr/tmp/Csv_2-prompt_apr_3-ernie-3.5-128k/target/classes\n    [javac] /data/cmd/Ming/llm-fl-apr/tmp/Csv_2-prompt_apr_3-ernie-3.5-128k/maven-build.xml:79: warning: 'includeantruntime' was not set, defaulting to build.sysclasspath=last; set to false for repeatable builds\n    [javac] Compiling 11 source files to /data/cmd/Ming/llm-fl-apr/tmp/Csv_2-prompt_apr_3-ernie-3.5-128k/target/classes\n    [javac] warning: [options] bootstrap class path not set in conjunction with -source 1.5\n    [javac] /data/cmd/Ming/llm-fl-apr/tmp/Csv_2-prompt_apr_3-ernie-3.5-128k/src/main/java/org/apache/commons/csv/CSVRecord.java:93: error: illegal start of expression\n    [javac]     public boolean isConsistent() {\n    [javac]     ^\n    [javac] /data/cmd/Ming/llm-fl-apr/tmp/Csv_2-prompt_apr_3-ernie-3.5-128k/src/main/java/org/apache/commons/csv/CSVRecord.java:93: error: ';' expected\n    [javac]     public boolean isConsistent() {\n    [javac]                                ^\n    [javac] /data/cmd/Ming/llm-fl-apr/tmp/Csv_2-prompt_apr_3-ernie-3.5-128k/src/main/java/org/apache/commons/csv/CSVRecord.java:104: error: illegal start of expression\n    [javac]     public boolean isMapped(final String name) {\n    [javac]     ^\n    [javac] /data/cmd/Ming/llm-fl-apr/tmp/Csv_2-prompt_apr_3-ernie-3.5-128k/src/main/java/org/apache/commons/csv/CSVRecord.java:104: error: ';' expected\n    [javac]     public boolean isMapped(final String name) {\n    [javac]                            ^\n    [javac] /data/cmd/Ming/llm-fl-apr/tmp/Csv_2-prompt_apr_3-ernie-3.5-128k/src/main/java/org/apache/commons/csv/CSVRecord.java:104: error: ';' expected\n    [javac]     public boolean isMapped(final String name) {\n    [javac]                                              ^\n    [javac] /data/cmd/Ming/llm-fl-apr/tmp/Csv_2-prompt_apr_3-ernie-3.5-128k/src/main/java/org/apache/commons/csv/CSVRecord.java:115: error: illegal start of expression\n    [javac]     public boolean isSet(final String name) {\n    [javac]     ^\n    [javac] /data/cmd/Ming/llm-fl-apr/tmp/Csv_2-prompt_apr_3-ernie-3.5-128k/src/main/java/org/apache/commons/csv/CSVRecord.java:115: error: ';' expected\n    [javac]     public boolean isSet(final String name) {\n    [javac]                         ^\n    [javac] /data/cmd/Ming/llm-fl-apr/tmp/Csv_2-prompt_apr_3-ernie-3.5-128k/src/main/java/org/apache/commons/csv/CSVRecord.java:115: error: ';' expected\n    [javac]     public boolean isSet(final String name) {\n    [javac]                                           ^\n    [javac] /data/cmd/Ming/llm-fl-apr/tmp/Csv_2-prompt_apr_3-ernie-3.5-128k/src/main/java/org/apache/commons/csv/CSVRecord.java:124: error: illegal start of expression\n    [javac]     public Iterator<String> iterator() {\n    [javac]     ^\n    [javac] /data/cmd/Ming/llm-fl-apr/tmp/Csv_2-prompt_apr_3-ernie-3.5-128k/src/main/java/org/apache/commons/csv/CSVRecord.java:124: error: ';' expected\n    [javac]     public Iterator<String> iterator() {\n    [javac]                                     ^\n    [javac] /data/cmd/Ming/llm-fl-apr/tmp/Csv_2-prompt_apr_3-ernie-3.5-128k/src/main/java/org/apache/commons/csv/CSVRecord.java:128: error: ';' expected\n    [javac]     String[] values() {\n    [javac]                    ^\n    [javac] /data/cmd/Ming/llm-fl-apr/tmp/Csv_2-prompt_apr_3-ernie-3.5-128k/src/main/java/org/apache/commons/csv/CSVRecord.java:138: error: illegal start of expression\n    [javac]     public String getComment() {\n    [javac]     ^\n    [javac] /data/cmd/Ming/llm-fl-apr/tmp/Csv_2-prompt_apr_3-ernie-3.5-128k/src/main/java/org/apache/commons/csv/CSVRecord.java:138: error: ';' expected\n    [javac]     public String getComment() {\n    [javac]                             ^\n    [javac] /data/cmd/Ming/llm-fl-apr/tmp/Csv_2-prompt_apr_3-ernie-3.5-128k/src/main/java/org/apache/commons/csv/CSVRecord.java:147: error: illegal start of expression\n    [javac]     public long getRecordNumber() {\n    [javac]     ^\n    [javac] /data/cmd/Ming/llm-fl-apr/tmp/Csv_2-prompt_apr_3-ernie-3.5-128k/src/main/java/org/apache/commons/csv/CSVRecord.java:147: error: ';' expected\n    [javac]     public long getRecordNumber() {\n    [javac]                                ^\n    [javac] /data/cmd/Ming/llm-fl-apr/tmp/Csv_2-prompt_apr_3-ernie-3.5-128k/src/main/java/org/apache/commons/csv/CSVRecord.java:156: error: illegal start of expression\n    [javac]     public int size() {\n    [javac]     ^\n    [javac] /data/cmd/Ming/llm-fl-apr/tmp/Csv_2-prompt_apr_3-ernie-3.5-128k/src/main/java/org/apache/commons/csv/CSVRecord.java:156: error: ';' expected\n    [javac]     public int size() {\n    [javac]                    ^\n    [javac] /data/cmd/Ming/llm-fl-apr/tmp/Csv_2-prompt_apr_3-ernie-3.5-128k/src/main/java/org/apache/commons/csv/CSVRecord.java:161: error: ';' expected\n    [javac]     public String toString() {\n    [javac]                           ^\n    [javac] /data/cmd/Ming/llm-fl-apr/tmp/Csv_2-prompt_apr_3-ernie-3.5-128k/src/main/java/org/apache/commons/csv/CSVRecord.java:165: error: reached end of file while parsing\n    [javac] }\n    [javac]  ^\n    [javac] 19 errors\n    [javac] 1 warning\n\nBUILD FAILED\n/data/cmd/Ming/llm-fl-apr/tmp/Csv_2-prompt_apr_3-ernie-3.5-128k/maven-build.xml:79: Compile failed; see the compiler error output for details.\n\nTotal time: 1 second\nCannot compile sources! at /data/cmd/Ming/LLM_Based-Mutation/tools/mutant/defects4j-2.1.0/framework/bin/d4j/d4j-compile line 82.\nCompilation failed in require at /data/cmd/Ming/LLM_Based-Mutation/tools/mutant/defects4j-2.1.0/framework/bin/defects4j line 195.\n"
                }
            },
            "qwen-turbo": {
                "compile": {
                    "rc": 1,
                    "so": "",
                    "se": "Running ant (compile)...................................................... FAIL\nExecuted command:  cd /data/cmd/Ming/llm-fl-apr/tmp/Csv_2-prompt_apr_3-qwen-turbo && /data/cmd/Ming/LLM_Based-Mutation/tools/mutant/defects4j-2.1.0/major/bin/ant -f /data/cmd/Ming/LLM_Based-Mutation/tools/mutant/defects4j-2.1.0/framework/projects/defects4j.build.xml -Dd4j.home=/data/cmd/Ming/LLM_Based-Mutation/tools/mutant/defects4j-2.1.0 -Dd4j.dir.projects=/data/cmd/Ming/LLM_Based-Mutation/tools/mutant/defects4j-2.1.0/framework/projects -Dbasedir=/data/cmd/Ming/llm-fl-apr/tmp/Csv_2-prompt_apr_3-qwen-turbo -Dbuild.compiler=javac1.7  compile 2>&1\nJava HotSpot(TM) 64-Bit Server VM warning: ignoring option MaxPermSize=1G; support was removed in 8.0\nBuildfile: /data/cmd/Ming/LLM_Based-Mutation/tools/mutant/defects4j-2.1.0/framework/projects/defects4j.build.xml\n\ntest-offline:\n\nget-deps:\n\ncommons-csv-from-maven.compile:\n    [mkdir] Created dir: /data/cmd/Ming/llm-fl-apr/tmp/Csv_2-prompt_apr_3-qwen-turbo/target/classes\n    [javac] /data/cmd/Ming/llm-fl-apr/tmp/Csv_2-prompt_apr_3-qwen-turbo/maven-build.xml:79: warning: 'includeantruntime' was not set, defaulting to build.sysclasspath=last; set to false for repeatable builds\n    [javac] Compiling 11 source files to /data/cmd/Ming/llm-fl-apr/tmp/Csv_2-prompt_apr_3-qwen-turbo/target/classes\n    [javac] warning: [options] bootstrap class path not set in conjunction with -source 1.5\n    [javac] /data/cmd/Ming/llm-fl-apr/tmp/Csv_2-prompt_apr_3-qwen-turbo/src/main/java/org/apache/commons/csv/CSVRecord.java:79: error: illegal character: \\96\n    [javac] ```java\n    [javac] ^\n    [javac] /data/cmd/Ming/llm-fl-apr/tmp/Csv_2-prompt_apr_3-qwen-turbo/src/main/java/org/apache/commons/csv/CSVRecord.java:79: error: illegal character: \\96\n    [javac] ```java\n    [javac]  ^\n    [javac] /data/cmd/Ming/llm-fl-apr/tmp/Csv_2-prompt_apr_3-qwen-turbo/src/main/java/org/apache/commons/csv/CSVRecord.java:79: error: illegal character: \\96\n    [javac] ```java\n    [javac]   ^\n    [javac] /data/cmd/Ming/llm-fl-apr/tmp/Csv_2-prompt_apr_3-qwen-turbo/src/main/java/org/apache/commons/csv/CSVRecord.java:88: error: illegal character: \\96\n    [javac] ```\n    [javac] ^\n    [javac] /data/cmd/Ming/llm-fl-apr/tmp/Csv_2-prompt_apr_3-qwen-turbo/src/main/java/org/apache/commons/csv/CSVRecord.java:88: error: illegal character: \\96\n    [javac] ```\n    [javac]  ^\n    [javac] /data/cmd/Ming/llm-fl-apr/tmp/Csv_2-prompt_apr_3-qwen-turbo/src/main/java/org/apache/commons/csv/CSVRecord.java:88: error: illegal character: \\96\n    [javac] ```\n    [javac]   ^\n    [javac] 6 errors\n    [javac] 1 warning\n\nBUILD FAILED\n/data/cmd/Ming/llm-fl-apr/tmp/Csv_2-prompt_apr_3-qwen-turbo/maven-build.xml:79: Compile failed; see the compiler error output for details.\n\nTotal time: 1 second\nCannot compile sources! at /data/cmd/Ming/LLM_Based-Mutation/tools/mutant/defects4j-2.1.0/framework/bin/d4j/d4j-compile line 82.\nCompilation failed in require at /data/cmd/Ming/LLM_Based-Mutation/tools/mutant/defects4j-2.1.0/framework/bin/defects4j line 195.\n"
                }
            },
            "doubao-pro-4k": {
                "compile": {
                    "rc": 0,
                    "so": "",
                    "se": "Running ant (compile)...................................................... OK\nRunning ant (compile.tests)................................................ OK\n"
                },
                "test": {
                    "rc": 0,
                    "so": "Failing tests: 1\n  - org.apache.commons.csv.CSVRecordTest::testGetStringInconsistentRecord\n",
                    "se": "Running ant (compile.tests)................................................ OK\nRunning ant (run.dev.tests)................................................ OK\n"
                }
            },
            "gpt-4o-mini": {
                "compile": {
                    "rc": 1,
                    "so": "",
                    "se": "Running ant (compile)...................................................... FAIL\nExecuted command:  cd /data/cmd/Ming/llm-fl-apr/tmp/Csv_2-prompt_apr_3-gpt-4o-mini && /data/cmd/Ming/LLM_Based-Mutation/tools/mutant/defects4j-2.1.0/major/bin/ant -f /data/cmd/Ming/LLM_Based-Mutation/tools/mutant/defects4j-2.1.0/framework/projects/defects4j.build.xml -Dd4j.home=/data/cmd/Ming/LLM_Based-Mutation/tools/mutant/defects4j-2.1.0 -Dd4j.dir.projects=/data/cmd/Ming/LLM_Based-Mutation/tools/mutant/defects4j-2.1.0/framework/projects -Dbasedir=/data/cmd/Ming/llm-fl-apr/tmp/Csv_2-prompt_apr_3-gpt-4o-mini -Dbuild.compiler=javac1.7  compile 2>&1\nJava HotSpot(TM) 64-Bit Server VM warning: ignoring option MaxPermSize=1G; support was removed in 8.0\nBuildfile: /data/cmd/Ming/LLM_Based-Mutation/tools/mutant/defects4j-2.1.0/framework/projects/defects4j.build.xml\n\ntest-offline:\n\nget-deps:\n\ncommons-csv-from-maven.compile:\n    [mkdir] Created dir: /data/cmd/Ming/llm-fl-apr/tmp/Csv_2-prompt_apr_3-gpt-4o-mini/target/classes\n    [javac] /data/cmd/Ming/llm-fl-apr/tmp/Csv_2-prompt_apr_3-gpt-4o-mini/maven-build.xml:79: warning: 'includeantruntime' was not set, defaulting to build.sysclasspath=last; set to false for repeatable builds\n    [javac] Compiling 11 source files to /data/cmd/Ming/llm-fl-apr/tmp/Csv_2-prompt_apr_3-gpt-4o-mini/target/classes\n    [javac] warning: [options] bootstrap class path not set in conjunction with -source 1.5\n    [javac] /data/cmd/Ming/llm-fl-apr/tmp/Csv_2-prompt_apr_3-gpt-4o-mini/src/main/java/org/apache/commons/csv/CSVRecord.java:93: error: illegal start of expression\n    [javac]     public boolean isConsistent() {\n    [javac]     ^\n    [javac] /data/cmd/Ming/llm-fl-apr/tmp/Csv_2-prompt_apr_3-gpt-4o-mini/src/main/java/org/apache/commons/csv/CSVRecord.java:93: error: ';' expected\n    [javac]     public boolean isConsistent() {\n    [javac]                                ^\n    [javac] /data/cmd/Ming/llm-fl-apr/tmp/Csv_2-prompt_apr_3-gpt-4o-mini/src/main/java/org/apache/commons/csv/CSVRecord.java:104: error: illegal start of expression\n    [javac]     public boolean isMapped(final String name) {\n    [javac]     ^\n    [javac] /data/cmd/Ming/llm-fl-apr/tmp/Csv_2-prompt_apr_3-gpt-4o-mini/src/main/java/org/apache/commons/csv/CSVRecord.java:104: error: ';' expected\n    [javac]     public boolean isMapped(final String name) {\n    [javac]                            ^\n    [javac] /data/cmd/Ming/llm-fl-apr/tmp/Csv_2-prompt_apr_3-gpt-4o-mini/src/main/java/org/apache/commons/csv/CSVRecord.java:104: error: ';' expected\n    [javac]     public boolean isMapped(final String name) {\n    [javac]                                              ^\n    [javac] /data/cmd/Ming/llm-fl-apr/tmp/Csv_2-prompt_apr_3-gpt-4o-mini/src/main/java/org/apache/commons/csv/CSVRecord.java:115: error: illegal start of expression\n    [javac]     public boolean isSet(final String name) {\n    [javac]     ^\n    [javac] /data/cmd/Ming/llm-fl-apr/tmp/Csv_2-prompt_apr_3-gpt-4o-mini/src/main/java/org/apache/commons/csv/CSVRecord.java:115: error: ';' expected\n    [javac]     public boolean isSet(final String name) {\n    [javac]                         ^\n    [javac] /data/cmd/Ming/llm-fl-apr/tmp/Csv_2-prompt_apr_3-gpt-4o-mini/src/main/java/org/apache/commons/csv/CSVRecord.java:115: error: ';' expected\n    [javac]     public boolean isSet(final String name) {\n    [javac]                                           ^\n    [javac] /data/cmd/Ming/llm-fl-apr/tmp/Csv_2-prompt_apr_3-gpt-4o-mini/src/main/java/org/apache/commons/csv/CSVRecord.java:124: error: illegal start of expression\n    [javac]     public Iterator<String> iterator() {\n    [javac]     ^\n    [javac] /data/cmd/Ming/llm-fl-apr/tmp/Csv_2-prompt_apr_3-gpt-4o-mini/src/main/java/org/apache/commons/csv/CSVRecord.java:124: error: ';' expected\n    [javac]     public Iterator<String> iterator() {\n    [javac]                                     ^\n    [javac] /data/cmd/Ming/llm-fl-apr/tmp/Csv_2-prompt_apr_3-gpt-4o-mini/src/main/java/org/apache/commons/csv/CSVRecord.java:128: error: ';' expected\n    [javac]     String[] values() {\n    [javac]                    ^\n    [javac] /data/cmd/Ming/llm-fl-apr/tmp/Csv_2-prompt_apr_3-gpt-4o-mini/src/main/java/org/apache/commons/csv/CSVRecord.java:138: error: illegal start of expression\n    [javac]     public String getComment() {\n    [javac]     ^\n    [javac] /data/cmd/Ming/llm-fl-apr/tmp/Csv_2-prompt_apr_3-gpt-4o-mini/src/main/java/org/apache/commons/csv/CSVRecord.java:138: error: ';' expected\n    [javac]     public String getComment() {\n    [javac]                             ^\n    [javac] /data/cmd/Ming/llm-fl-apr/tmp/Csv_2-prompt_apr_3-gpt-4o-mini/src/main/java/org/apache/commons/csv/CSVRecord.java:147: error: illegal start of expression\n    [javac]     public long getRecordNumber() {\n    [javac]     ^\n    [javac] /data/cmd/Ming/llm-fl-apr/tmp/Csv_2-prompt_apr_3-gpt-4o-mini/src/main/java/org/apache/commons/csv/CSVRecord.java:147: error: ';' expected\n    [javac]     public long getRecordNumber() {\n    [javac]                                ^\n    [javac] /data/cmd/Ming/llm-fl-apr/tmp/Csv_2-prompt_apr_3-gpt-4o-mini/src/main/java/org/apache/commons/csv/CSVRecord.java:156: error: illegal start of expression\n    [javac]     public int size() {\n    [javac]     ^\n    [javac] /data/cmd/Ming/llm-fl-apr/tmp/Csv_2-prompt_apr_3-gpt-4o-mini/src/main/java/org/apache/commons/csv/CSVRecord.java:156: error: ';' expected\n    [javac]     public int size() {\n    [javac]                    ^\n    [javac] /data/cmd/Ming/llm-fl-apr/tmp/Csv_2-prompt_apr_3-gpt-4o-mini/src/main/java/org/apache/commons/csv/CSVRecord.java:161: error: ';' expected\n    [javac]     public String toString() {\n    [javac]                           ^\n    [javac] /data/cmd/Ming/llm-fl-apr/tmp/Csv_2-prompt_apr_3-gpt-4o-mini/src/main/java/org/apache/commons/csv/CSVRecord.java:165: error: reached end of file while parsing\n    [javac] }\n    [javac]  ^\n    [javac] 19 errors\n    [javac] 1 warning\n\nBUILD FAILED\n/data/cmd/Ming/llm-fl-apr/tmp/Csv_2-prompt_apr_3-gpt-4o-mini/maven-build.xml:79: Compile failed; see the compiler error output for details.\n\nTotal time: 1 second\nCannot compile sources! at /data/cmd/Ming/LLM_Based-Mutation/tools/mutant/defects4j-2.1.0/framework/bin/d4j/d4j-compile line 82.\nCompilation failed in require at /data/cmd/Ming/LLM_Based-Mutation/tools/mutant/defects4j-2.1.0/framework/bin/defects4j line 195.\n"
                }
            },
            "deepseek-chat": {
                "compile": {
                    "rc": 1,
                    "so": "",
                    "se": "Running ant (compile)...................................................... FAIL\nExecuted command:  cd /data/cmd/Ming/llm-fl-apr/tmp/Csv_2-prompt_apr_3-deepseek-chat && /data/cmd/Ming/LLM_Based-Mutation/tools/mutant/defects4j-2.1.0/major/bin/ant -f /data/cmd/Ming/LLM_Based-Mutation/tools/mutant/defects4j-2.1.0/framework/projects/defects4j.build.xml -Dd4j.home=/data/cmd/Ming/LLM_Based-Mutation/tools/mutant/defects4j-2.1.0 -Dd4j.dir.projects=/data/cmd/Ming/LLM_Based-Mutation/tools/mutant/defects4j-2.1.0/framework/projects -Dbasedir=/data/cmd/Ming/llm-fl-apr/tmp/Csv_2-prompt_apr_3-deepseek-chat -Dbuild.compiler=javac1.7  compile 2>&1\nJava HotSpot(TM) 64-Bit Server VM warning: ignoring option MaxPermSize=1G; support was removed in 8.0\nBuildfile: /data/cmd/Ming/LLM_Based-Mutation/tools/mutant/defects4j-2.1.0/framework/projects/defects4j.build.xml\n\ntest-offline:\n\nget-deps:\n\ncommons-csv-from-maven.compile:\n    [mkdir] Created dir: /data/cmd/Ming/llm-fl-apr/tmp/Csv_2-prompt_apr_3-deepseek-chat/target/classes\n    [javac] /data/cmd/Ming/llm-fl-apr/tmp/Csv_2-prompt_apr_3-deepseek-chat/maven-build.xml:79: warning: 'includeantruntime' was not set, defaulting to build.sysclasspath=last; set to false for repeatable builds\n    [javac] Compiling 11 source files to /data/cmd/Ming/llm-fl-apr/tmp/Csv_2-prompt_apr_3-deepseek-chat/target/classes\n    [javac] warning: [options] bootstrap class path not set in conjunction with -source 1.5\n    [javac] /data/cmd/Ming/llm-fl-apr/tmp/Csv_2-prompt_apr_3-deepseek-chat/src/main/java/org/apache/commons/csv/CSVRecord.java:79: error: illegal character: \\96\n    [javac] ```java\n    [javac] ^\n    [javac] /data/cmd/Ming/llm-fl-apr/tmp/Csv_2-prompt_apr_3-deepseek-chat/src/main/java/org/apache/commons/csv/CSVRecord.java:79: error: illegal character: \\96\n    [javac] ```java\n    [javac]  ^\n    [javac] /data/cmd/Ming/llm-fl-apr/tmp/Csv_2-prompt_apr_3-deepseek-chat/src/main/java/org/apache/commons/csv/CSVRecord.java:79: error: illegal character: \\96\n    [javac] ```java\n    [javac]   ^\n    [javac] /data/cmd/Ming/llm-fl-apr/tmp/Csv_2-prompt_apr_3-deepseek-chat/src/main/java/org/apache/commons/csv/CSVRecord.java:87: error: illegal character: \\96\n    [javac] ```\n    [javac] ^\n    [javac] /data/cmd/Ming/llm-fl-apr/tmp/Csv_2-prompt_apr_3-deepseek-chat/src/main/java/org/apache/commons/csv/CSVRecord.java:87: error: illegal character: \\96\n    [javac] ```\n    [javac]  ^\n    [javac] /data/cmd/Ming/llm-fl-apr/tmp/Csv_2-prompt_apr_3-deepseek-chat/src/main/java/org/apache/commons/csv/CSVRecord.java:87: error: illegal character: \\96\n    [javac] ```\n    [javac]   ^\n    [javac] /data/cmd/Ming/llm-fl-apr/tmp/Csv_2-prompt_apr_3-deepseek-chat/src/main/java/org/apache/commons/csv/CSVRecord.java:95: error: illegal start of expression\n    [javac]     public boolean isConsistent() {\n    [javac]     ^\n    [javac] /data/cmd/Ming/llm-fl-apr/tmp/Csv_2-prompt_apr_3-deepseek-chat/src/main/java/org/apache/commons/csv/CSVRecord.java:95: error: ';' expected\n    [javac]     public boolean isConsistent() {\n    [javac]           ^\n    [javac] /data/cmd/Ming/llm-fl-apr/tmp/Csv_2-prompt_apr_3-deepseek-chat/src/main/java/org/apache/commons/csv/CSVRecord.java:95: error: ';' expected\n    [javac]     public boolean isConsistent() {\n    [javac]                                  ^\n    [javac] /data/cmd/Ming/llm-fl-apr/tmp/Csv_2-prompt_apr_3-deepseek-chat/src/main/java/org/apache/commons/csv/CSVRecord.java:106: error: illegal start of expression\n    [javac]     public boolean isMapped(final String name) {\n    [javac]     ^\n    [javac] /data/cmd/Ming/llm-fl-apr/tmp/Csv_2-prompt_apr_3-deepseek-chat/src/main/java/org/apache/commons/csv/CSVRecord.java:106: error: ';' expected\n    [javac]     public boolean isMapped(final String name) {\n    [javac]                            ^\n    [javac] /data/cmd/Ming/llm-fl-apr/tmp/Csv_2-prompt_apr_3-deepseek-chat/src/main/java/org/apache/commons/csv/CSVRecord.java:106: error: ';' expected\n    [javac]     public boolean isMapped(final String name) {\n    [javac]                                              ^\n    [javac] /data/cmd/Ming/llm-fl-apr/tmp/Csv_2-prompt_apr_3-deepseek-chat/src/main/java/org/apache/commons/csv/CSVRecord.java:117: error: illegal start of expression\n    [javac]     public boolean isSet(final String name) {\n    [javac]     ^\n    [javac] /data/cmd/Ming/llm-fl-apr/tmp/Csv_2-prompt_apr_3-deepseek-chat/src/main/java/org/apache/commons/csv/CSVRecord.java:117: error: ';' expected\n    [javac]     public boolean isSet(final String name) {\n    [javac]                         ^\n    [javac] /data/cmd/Ming/llm-fl-apr/tmp/Csv_2-prompt_apr_3-deepseek-chat/src/main/java/org/apache/commons/csv/CSVRecord.java:117: error: ';' expected\n    [javac]     public boolean isSet(final String name) {\n    [javac]                                           ^\n    [javac] /data/cmd/Ming/llm-fl-apr/tmp/Csv_2-prompt_apr_3-deepseek-chat/src/main/java/org/apache/commons/csv/CSVRecord.java:126: error: illegal start of expression\n    [javac]     public Iterator<String> iterator() {\n    [javac]     ^\n    [javac] /data/cmd/Ming/llm-fl-apr/tmp/Csv_2-prompt_apr_3-deepseek-chat/src/main/java/org/apache/commons/csv/CSVRecord.java:126: error: ';' expected\n    [javac]     public Iterator<String> iterator() {\n    [javac]                                     ^\n    [javac] /data/cmd/Ming/llm-fl-apr/tmp/Csv_2-prompt_apr_3-deepseek-chat/src/main/java/org/apache/commons/csv/CSVRecord.java:130: error: ';' expected\n    [javac]     String[] values() {\n    [javac]                    ^\n    [javac] /data/cmd/Ming/llm-fl-apr/tmp/Csv_2-prompt_apr_3-deepseek-chat/src/main/java/org/apache/commons/csv/CSVRecord.java:140: error: illegal start of expression\n    [javac]     public String getComment() {\n    [javac]     ^\n    [javac] /data/cmd/Ming/llm-fl-apr/tmp/Csv_2-prompt_apr_3-deepseek-chat/src/main/java/org/apache/commons/csv/CSVRecord.java:140: error: ';' expected\n    [javac]     public String getComment() {\n    [javac]                             ^\n    [javac] /data/cmd/Ming/llm-fl-apr/tmp/Csv_2-prompt_apr_3-deepseek-chat/src/main/java/org/apache/commons/csv/CSVRecord.java:149: error: illegal start of expression\n    [javac]     public long getRecordNumber() {\n    [javac]     ^\n    [javac] /data/cmd/Ming/llm-fl-apr/tmp/Csv_2-prompt_apr_3-deepseek-chat/src/main/java/org/apache/commons/csv/CSVRecord.java:149: error: ';' expected\n    [javac]     public long getRecordNumber() {\n    [javac]                                ^\n    [javac] /data/cmd/Ming/llm-fl-apr/tmp/Csv_2-prompt_apr_3-deepseek-chat/src/main/java/org/apache/commons/csv/CSVRecord.java:158: error: illegal start of expression\n    [javac]     public int size() {\n    [javac]     ^\n    [javac] /data/cmd/Ming/llm-fl-apr/tmp/Csv_2-prompt_apr_3-deepseek-chat/src/main/java/org/apache/commons/csv/CSVRecord.java:158: error: ';' expected\n    [javac]     public int size() {\n    [javac]                    ^\n    [javac] /data/cmd/Ming/llm-fl-apr/tmp/Csv_2-prompt_apr_3-deepseek-chat/src/main/java/org/apache/commons/csv/CSVRecord.java:163: error: ';' expected\n    [javac]     public String toString() {\n    [javac]                           ^\n    [javac] /data/cmd/Ming/llm-fl-apr/tmp/Csv_2-prompt_apr_3-deepseek-chat/src/main/java/org/apache/commons/csv/CSVRecord.java:167: error: reached end of file while parsing\n    [javac] }\n    [javac]  ^\n    [javac] 26 errors\n    [javac] 1 warning\n\nBUILD FAILED\n/data/cmd/Ming/llm-fl-apr/tmp/Csv_2-prompt_apr_3-deepseek-chat/maven-build.xml:79: Compile failed; see the compiler error output for details.\n\nTotal time: 2 seconds\nCannot compile sources! at /data/cmd/Ming/LLM_Based-Mutation/tools/mutant/defects4j-2.1.0/framework/bin/d4j/d4j-compile line 82.\nCompilation failed in require at /data/cmd/Ming/LLM_Based-Mutation/tools/mutant/defects4j-2.1.0/framework/bin/defects4j line 195.\n"
                }
            }
        },
        "prompt_apr_4": {
            "ernie-3.5-128k": {
                "compile": {
                    "rc": 0,
                    "so": "",
                    "se": "Running ant (compile)...................................................... OK\nRunning ant (compile.tests)................................................ OK\n"
                },
                "test": {
                    "rc": 0,
                    "so": "Failing tests: 1\n  - org.apache.commons.csv.CSVRecordTest::testGetStringInconsistentRecord\n",
                    "se": "Running ant (compile.tests)................................................ OK\nRunning ant (run.dev.tests)................................................ OK\n"
                }
            },
            "qwen-turbo": {
                "compile": {
                    "rc": 0,
                    "so": "",
                    "se": "Running ant (compile)...................................................... OK\nRunning ant (compile.tests)................................................ OK\n"
                },
                "test": {
                    "rc": 0,
                    "so": "Failing tests: 1\n  - org.apache.commons.csv.CSVRecordTest::testGetStringInconsistentRecord\n",
                    "se": "Running ant (compile.tests)................................................ OK\nRunning ant (run.dev.tests)................................................ OK\n"
                }
            },
            "doubao-pro-4k": {
                "compile": {
                    "rc": 0,
                    "so": "",
                    "se": "Running ant (compile)...................................................... OK\nRunning ant (compile.tests)................................................ OK\n"
                },
                "test": {
                    "rc": 0,
                    "so": "Failing tests: 1\n  - org.apache.commons.csv.CSVRecordTest::testGetStringInconsistentRecord\n",
                    "se": "Running ant (compile.tests)................................................ OK\nRunning ant (run.dev.tests)................................................ OK\n"
                }
            },
            "gpt-4o-mini": {
                "compile": {
                    "rc": 0,
                    "so": "",
                    "se": "Running ant (compile)...................................................... OK\nRunning ant (compile.tests)................................................ OK\n"
                },
                "test": {
                    "rc": 0,
                    "so": "Failing tests: 1\n  - org.apache.commons.csv.CSVRecordTest::testGetStringInconsistentRecord\n",
                    "se": "Running ant (compile.tests)................................................ OK\nRunning ant (run.dev.tests)................................................ OK\n"
                }
            },
            "deepseek-chat": {
                "compile": {
                    "rc": 0,
                    "so": "",
                    "se": "Running ant (compile)...................................................... OK\nRunning ant (compile.tests)................................................ OK\n"
                },
                "test": {
                    "rc": 0,
                    "so": "Failing tests: 1\n  - org.apache.commons.csv.CSVRecordTest::testGetStringInconsistentRecord\n",
                    "se": "Running ant (compile.tests)................................................ OK\nRunning ant (run.dev.tests)................................................ OK\n"
                }
            }
        },
        "prompt_apr_5": {
            "ernie-3.5-128k": {
                "compile": {
                    "rc": 1,
                    "so": "",
                    "se": "Running ant (compile)...................................................... FAIL\nExecuted command:  cd /data/cmd/Ming/llm-fl-apr/tmp/Csv_2-prompt_apr_5-ernie-3.5-128k && /data/cmd/Ming/LLM_Based-Mutation/tools/mutant/defects4j-2.1.0/major/bin/ant -f /data/cmd/Ming/LLM_Based-Mutation/tools/mutant/defects4j-2.1.0/framework/projects/defects4j.build.xml -Dd4j.home=/data/cmd/Ming/LLM_Based-Mutation/tools/mutant/defects4j-2.1.0 -Dd4j.dir.projects=/data/cmd/Ming/LLM_Based-Mutation/tools/mutant/defects4j-2.1.0/framework/projects -Dbasedir=/data/cmd/Ming/llm-fl-apr/tmp/Csv_2-prompt_apr_5-ernie-3.5-128k -Dbuild.compiler=javac1.7  compile 2>&1\nJava HotSpot(TM) 64-Bit Server VM warning: ignoring option MaxPermSize=1G; support was removed in 8.0\nBuildfile: /data/cmd/Ming/LLM_Based-Mutation/tools/mutant/defects4j-2.1.0/framework/projects/defects4j.build.xml\n\ntest-offline:\n\nget-deps:\n\ncommons-csv-from-maven.compile:\n    [mkdir] Created dir: /data/cmd/Ming/llm-fl-apr/tmp/Csv_2-prompt_apr_5-ernie-3.5-128k/target/classes\n    [javac] /data/cmd/Ming/llm-fl-apr/tmp/Csv_2-prompt_apr_5-ernie-3.5-128k/maven-build.xml:79: warning: 'includeantruntime' was not set, defaulting to build.sysclasspath=last; set to false for repeatable builds\n    [javac] Compiling 11 source files to /data/cmd/Ming/llm-fl-apr/tmp/Csv_2-prompt_apr_5-ernie-3.5-128k/target/classes\n    [javac] warning: [options] bootstrap class path not set in conjunction with -source 1.5\n    [javac] warning: /home/cmd/jdk1.8.0_391/lib/ct.sym(META-INF/sym/rt.jar/java/lang/Object.class): major version 52 is newer than 51, the highest major version supported by this compiler.\n    [javac]   It is recommended that the compiler be upgraded.\n    [javac] warning: /home/cmd/jdk1.8.0_391/lib/ct.sym(META-INF/sym/rt.jar/java/io/IOException.class): major version 52 is newer than 51, the highest major version supported by this compiler.\n    [javac]   It is recommended that the compiler be upgraded.\n    [javac] warning: /home/cmd/jdk1.8.0_391/lib/ct.sym(META-INF/sym/rt.jar/java/io/Reader.class): major version 52 is newer than 51, the highest major version supported by this compiler.\n    [javac]   It is recommended that the compiler be upgraded.\n    [javac] warning: /home/cmd/jdk1.8.0_391/lib/ct.sym(META-INF/sym/rt.jar/java/io/Serializable.class): major version 52 is newer than 51, the highest major version supported by this compiler.\n    [javac]   It is recommended that the compiler be upgraded.\n    [javac] warning: /home/cmd/jdk1.8.0_391/lib/ct.sym(META-INF/sym/rt.jar/java/io/StringWriter.class): major version 52 is newer than 51, the highest major version supported by this compiler.\n    [javac]   It is recommended that the compiler be upgraded.\n    [javac] warning: /home/cmd/jdk1.8.0_391/lib/ct.sym(META-INF/sym/rt.jar/java/util/Arrays.class): major version 52 is newer than 51, the highest major version supported by this compiler.\n    [javac]   It is recommended that the compiler be upgraded.\n    [javac] warning: /home/cmd/jdk1.8.0_391/lib/ct.sym(META-INF/sym/rt.jar/java/lang/Character.class): major version 52 is newer than 51, the highest major version supported by this compiler.\n    [javac]   It is recommended that the compiler be upgraded.\n    [javac] warning: /home/cmd/jdk1.8.0_391/lib/ct.sym(META-INF/sym/rt.jar/java/lang/Enum.class): major version 52 is newer than 51, the highest major version supported by this compiler.\n    [javac]   It is recommended that the compiler be upgraded.\n    [javac] warning: /home/cmd/jdk1.8.0_391/lib/ct.sym(META-INF/sym/rt.jar/java/lang/Comparable.class): major version 52 is newer than 51, the highest major version supported by this compiler.\n    [javac]   It is recommended that the compiler be upgraded.\n    [javac] warning: /home/cmd/jdk1.8.0_391/lib/ct.sym(META-INF/sym/rt.jar/java/lang/String.class): major version 52 is newer than 51, the highest major version supported by this compiler.\n    [javac]   It is recommended that the compiler be upgraded.\n    [javac] warning: /home/cmd/jdk1.8.0_391/lib/ct.sym(META-INF/sym/rt.jar/java/lang/Iterable.class): major version 52 is newer than 51, the highest major version supported by this compiler.\n    [javac]   It is recommended that the compiler be upgraded.\n    [javac] warning: /home/cmd/jdk1.8.0_391/lib/ct.sym(META-INF/sym/rt.jar/java/util/Iterator.class): major version 52 is newer than 51, the highest major version supported by this compiler.\n    [javac]   It is recommended that the compiler be upgraded.\n    [javac] warning: /home/cmd/jdk1.8.0_391/lib/ct.sym(META-INF/sym/rt.jar/java/util/Map.class): major version 52 is newer than 51, the highest major version supported by this compiler.\n    [javac]   It is recommended that the compiler be upgraded.\n    [javac] warning: /home/cmd/jdk1.8.0_391/lib/ct.sym(META-INF/sym/rt.jar/java/lang/IllegalStateException.class): major version 52 is newer than 51, the highest major version supported by this compiler.\n    [javac]   It is recommended that the compiler be upgraded.\n    [javac] warning: /home/cmd/jdk1.8.0_391/lib/ct.sym(META-INF/sym/rt.jar/java/lang/Integer.class): major version 52 is newer than 51, the highest major version supported by this compiler.\n    [javac]   It is recommended that the compiler be upgraded.\n    [javac] warning: /home/cmd/jdk1.8.0_391/lib/ct.sym(META-INF/sym/rt.jar/java/io/BufferedReader.class): major version 52 is newer than 51, the highest major version supported by this compiler.\n    [javac]   It is recommended that the compiler be upgraded.\n    [javac] warning: /home/cmd/jdk1.8.0_391/lib/ct.sym(META-INF/sym/rt.jar/java/lang/Readable.class): major version 52 is newer than 51, the highest major version supported by this compiler.\n    [javac]   It is recommended that the compiler be upgraded.\n    [javac] warning: /home/cmd/jdk1.8.0_391/lib/ct.sym(META-INF/sym/rt.jar/java/io/Closeable.class): major version 52 is newer than 51, the highest major version supported by this compiler.\n    [javac]   It is recommended that the compiler be upgraded.\n    [javac] warning: /home/cmd/jdk1.8.0_391/lib/ct.sym(META-INF/sym/rt.jar/java/lang/AutoCloseable.class): major version 52 is newer than 51, the highest major version supported by this compiler.\n    [javac]   It is recommended that the compiler be upgraded.\n    [javac] warning: /home/cmd/jdk1.8.0_391/lib/ct.sym(META-INF/sym/rt.jar/java/lang/StringBuilder.class): major version 52 is newer than 51, the highest major version supported by this compiler.\n    [javac]   It is recommended that the compiler be upgraded.\n    [javac] warning: /home/cmd/jdk1.8.0_391/lib/ct.sym(META-INF/sym/rt.jar/java/io/StringReader.class): major version 52 is newer than 51, the highest major version supported by this compiler.\n    [javac]   It is recommended that the compiler be upgraded.\n    [javac] warning: /home/cmd/jdk1.8.0_391/lib/ct.sym(META-INF/sym/rt.jar/java/util/ArrayList.class): major version 52 is newer than 51, the highest major version supported by this compiler.\n    [javac]   It is recommended that the compiler be upgraded.\n    [javac] warning: /home/cmd/jdk1.8.0_391/lib/ct.sym(META-INF/sym/rt.jar/java/util/LinkedHashMap.class): major version 52 is newer than 51, the highest major version supported by this compiler.\n    [javac]   It is recommended that the compiler be upgraded.\n    [javac] warning: /home/cmd/jdk1.8.0_391/lib/ct.sym(META-INF/sym/rt.jar/java/util/List.class): major version 52 is newer than 51, the highest major version supported by this compiler.\n    [javac]   It is recommended that the compiler be upgraded.\n    [javac] warning: /home/cmd/jdk1.8.0_391/lib/ct.sym(META-INF/sym/rt.jar/java/util/NoSuchElementException.class): major version 52 is newer than 51, the highest major version supported by this compiler.\n    [javac]   It is recommended that the compiler be upgraded.\n    [javac] warning: /home/cmd/jdk1.8.0_391/lib/ct.sym(META-INF/sym/rt.jar/java/io/Flushable.class): major version 52 is newer than 51, the highest major version supported by this compiler.\n    [javac]   It is recommended that the compiler be upgraded.\n    [javac] warning: /home/cmd/jdk1.8.0_391/lib/ct.sym(META-INF/sym/rt.jar/java/sql/ResultSet.class): major version 52 is newer than 51, the highest major version supported by this compiler.\n    [javac]   It is recommended that the compiler be upgraded.\n    [javac] warning: /home/cmd/jdk1.8.0_391/lib/ct.sym(META-INF/sym/rt.jar/java/sql/SQLException.class): major version 52 is newer than 51, the highest major version supported by this compiler.\n    [javac]   It is recommended that the compiler be upgraded.\n    [javac] warning: /home/cmd/jdk1.8.0_391/lib/ct.sym(META-INF/sym/rt.jar/java/lang/Appendable.class): major version 52 is newer than 51, the highest major version supported by this compiler.\n    [javac]   It is recommended that the compiler be upgraded.\n    [javac] warning: /home/cmd/jdk1.8.0_391/lib/ct.sym(META-INF/sym/rt.jar/java/lang/CharSequence.class): major version 52 is newer than 51, the highest major version supported by this compiler.\n    [javac]   It is recommended that the compiler be upgraded.\n    [javac] /home/cmd/jdk1.8.0_391/lib/ct.sym(META-INF/sym/rt.jar/java/lang/Object.class): warning: Cannot find annotation method 'value()' in type 'Profile+Annotation': class file for jdk.Profile+Annotation not found\n    [javac] /home/cmd/jdk1.8.0_391/lib/ct.sym(META-INF/sym/rt.jar/java/io/IOException.class): warning: Cannot find annotation method 'value()' in type 'Profile+Annotation'\n    [javac] /home/cmd/jdk1.8.0_391/lib/ct.sym(META-INF/sym/rt.jar/java/io/Reader.class): warning: Cannot find annotation method 'value()' in type 'Profile+Annotation'\n    [javac] /home/cmd/jdk1.8.0_391/lib/ct.sym(META-INF/sym/rt.jar/java/io/Serializable.class): warning: Cannot find annotation method 'value()' in type 'Profile+Annotation'\n    [javac] /home/cmd/jdk1.8.0_391/lib/ct.sym(META-INF/sym/rt.jar/java/io/StringWriter.class): warning: Cannot find annotation method 'value()' in type 'Profile+Annotation'\n    [javac] /home/cmd/jdk1.8.0_391/lib/ct.sym(META-INF/sym/rt.jar/java/util/Arrays.class): warning: Cannot find annotation method 'value()' in type 'Profile+Annotation'\n    [javac] /home/cmd/jdk1.8.0_391/lib/ct.sym(META-INF/sym/rt.jar/java/lang/Character.class): warning: Cannot find annotation method 'value()' in type 'Profile+Annotation'\n    [javac] /home/cmd/jdk1.8.0_391/lib/ct.sym(META-INF/sym/rt.jar/java/lang/Enum.class): warning: Cannot find annotation method 'value()' in type 'Profile+Annotation'\n    [javac] /home/cmd/jdk1.8.0_391/lib/ct.sym(META-INF/sym/rt.jar/java/lang/Comparable.class): warning: Cannot find annotation method 'value()' in type 'Profile+Annotation'\n    [javac] /home/cmd/jdk1.8.0_391/lib/ct.sym(META-INF/sym/rt.jar/java/lang/String.class): warning: Cannot find annotation method 'value()' in type 'Profile+Annotation'\n    [javac] /home/cmd/jdk1.8.0_391/lib/ct.sym(META-INF/sym/rt.jar/java/lang/Iterable.class): warning: Cannot find annotation method 'value()' in type 'Profile+Annotation'\n    [javac] /home/cmd/jdk1.8.0_391/lib/ct.sym(META-INF/sym/rt.jar/java/util/Iterator.class): warning: Cannot find annotation method 'value()' in type 'Profile+Annotation'\n    [javac] /home/cmd/jdk1.8.0_391/lib/ct.sym(META-INF/sym/rt.jar/java/util/Map.class): warning: Cannot find annotation method 'value()' in type 'Profile+Annotation'\n    [javac] warning: /home/cmd/jdk1.8.0_391/lib/ct.sym(META-INF/sym/rt.jar/java/lang/Override.class): major version 52 is newer than 51, the highest major version supported by this compiler.\n    [javac]   It is recommended that the compiler be upgraded.\n    [javac] warning: /home/cmd/jdk1.8.0_391/lib/ct.sym(META-INF/sym/rt.jar/java/lang/annotation/Annotation.class): major version 52 is newer than 51, the highest major version supported by this compiler.\n    [javac]   It is recommended that the compiler be upgraded.\n    [javac] warning: /home/cmd/jdk1.8.0_391/lib/ct.sym(META-INF/sym/rt.jar/java/lang/SuppressWarnings.class): major version 52 is newer than 51, the highest major version supported by this compiler.\n    [javac]   It is recommended that the compiler be upgraded.\n    [javac] /home/cmd/jdk1.8.0_391/lib/ct.sym(META-INF/sym/rt.jar/java/lang/IllegalStateException.class): warning: Cannot find annotation method 'value()' in type 'Profile+Annotation'\n    [javac] /home/cmd/jdk1.8.0_391/lib/ct.sym(META-INF/sym/rt.jar/java/lang/Integer.class): warning: Cannot find annotation method 'value()' in type 'Profile+Annotation'\n    [javac] /home/cmd/jdk1.8.0_391/lib/ct.sym(META-INF/sym/rt.jar/java/io/BufferedReader.class): warning: Cannot find annotation method 'value()' in type 'Profile+Annotation'\n    [javac] /home/cmd/jdk1.8.0_391/lib/ct.sym(META-INF/sym/rt.jar/java/lang/Readable.class): warning: Cannot find annotation method 'value()' in type 'Profile+Annotation'\n    [javac] /home/cmd/jdk1.8.0_391/lib/ct.sym(META-INF/sym/rt.jar/java/io/Closeable.class): warning: Cannot find annotation method 'value()' in type 'Profile+Annotation'\n    [javac] /home/cmd/jdk1.8.0_391/lib/ct.sym(META-INF/sym/rt.jar/java/lang/AutoCloseable.class): warning: Cannot find annotation method 'value()' in type 'Profile+Annotation'\n    [javac] /home/cmd/jdk1.8.0_391/lib/ct.sym(META-INF/sym/rt.jar/java/lang/StringBuilder.class): warning: Cannot find annotation method 'value()' in type 'Profile+Annotation'\n    [javac] /home/cmd/jdk1.8.0_391/lib/ct.sym(META-INF/sym/rt.jar/java/io/StringReader.class): warning: Cannot find annotation method 'value()' in type 'Profile+Annotation'\n    [javac] /home/cmd/jdk1.8.0_391/lib/ct.sym(META-INF/sym/rt.jar/java/util/ArrayList.class): warning: Cannot find annotation method 'value()' in type 'Profile+Annotation'\n    [javac] /home/cmd/jdk1.8.0_391/lib/ct.sym(META-INF/sym/rt.jar/java/util/LinkedHashMap.class): warning: Cannot find annotation method 'value()' in type 'Profile+Annotation'\n    [javac] /home/cmd/jdk1.8.0_391/lib/ct.sym(META-INF/sym/rt.jar/java/util/List.class): warning: Cannot find annotation method 'value()' in type 'Profile+Annotation'\n    [javac] /home/cmd/jdk1.8.0_391/lib/ct.sym(META-INF/sym/rt.jar/java/util/NoSuchElementException.class): warning: Cannot find annotation method 'value()' in type 'Profile+Annotation'\n    [javac] /home/cmd/jdk1.8.0_391/lib/ct.sym(META-INF/sym/rt.jar/java/io/Flushable.class): warning: Cannot find annotation method 'value()' in type 'Profile+Annotation'\n    [javac] /home/cmd/jdk1.8.0_391/lib/ct.sym(META-INF/sym/rt.jar/java/sql/ResultSet.class): warning: Cannot find annotation method 'value()' in type 'Profile+Annotation'\n    [javac] /home/cmd/jdk1.8.0_391/lib/ct.sym(META-INF/sym/rt.jar/java/sql/SQLException.class): warning: Cannot find annotation method 'value()' in type 'Profile+Annotation'\n    [javac] /home/cmd/jdk1.8.0_391/lib/ct.sym(META-INF/sym/rt.jar/java/lang/Appendable.class): warning: Cannot find annotation method 'value()' in type 'Profile+Annotation'\n    [javac] /home/cmd/jdk1.8.0_391/lib/ct.sym(META-INF/sym/rt.jar/java/lang/CharSequence.class): warning: Cannot find annotation method 'value()' in type 'Profile+Annotation'\n    [javac] warning: /home/cmd/jdk1.8.0_391/lib/ct.sym(META-INF/sym/rt.jar/java/lang/annotation/Target.class): major version 52 is newer than 51, the highest major version supported by this compiler.\n    [javac]   It is recommended that the compiler be upgraded.\n    [javac] warning: /home/cmd/jdk1.8.0_391/lib/ct.sym(META-INF/sym/rt.jar/java/lang/annotation/ElementType.class): major version 52 is newer than 51, the highest major version supported by this compiler.\n    [javac]   It is recommended that the compiler be upgraded.\n    [javac] warning: /home/cmd/jdk1.8.0_391/lib/ct.sym(META-INF/sym/rt.jar/java/lang/annotation/Retention.class): major version 52 is newer than 51, the highest major version supported by this compiler.\n    [javac]   It is recommended that the compiler be upgraded.\n    [javac] warning: /home/cmd/jdk1.8.0_391/lib/ct.sym(META-INF/sym/rt.jar/java/lang/annotation/RetentionPolicy.class): major version 52 is newer than 51, the highest major version supported by this compiler.\n    [javac]   It is recommended that the compiler be upgraded.\n    [javac] /home/cmd/jdk1.8.0_391/lib/ct.sym(META-INF/sym/rt.jar/java/lang/Override.class): warning: Cannot find annotation method 'value()' in type 'Profile+Annotation'\n    [javac] /home/cmd/jdk1.8.0_391/lib/ct.sym(META-INF/sym/rt.jar/java/lang/annotation/Annotation.class): warning: Cannot find annotation method 'value()' in type 'Profile+Annotation'\n    [javac] /home/cmd/jdk1.8.0_391/lib/ct.sym(META-INF/sym/rt.jar/java/lang/SuppressWarnings.class): warning: Cannot find annotation method 'value()' in type 'Profile+Annotation'\n    [javac] /home/cmd/jdk1.8.0_391/lib/ct.sym(META-INF/sym/rt.jar/java/lang/annotation/Target.class): warning: Cannot find annotation method 'value()' in type 'Profile+Annotation'\n    [javac] /home/cmd/jdk1.8.0_391/lib/ct.sym(META-INF/sym/rt.jar/java/lang/annotation/ElementType.class): warning: Cannot find annotation method 'value()' in type 'Profile+Annotation'\n    [javac] /home/cmd/jdk1.8.0_391/lib/ct.sym(META-INF/sym/rt.jar/java/lang/annotation/Retention.class): warning: Cannot find annotation method 'value()' in type 'Profile+Annotation'\n    [javac] /home/cmd/jdk1.8.0_391/lib/ct.sym(META-INF/sym/rt.jar/java/lang/annotation/RetentionPolicy.class): warning: Cannot find annotation method 'value()' in type 'Profile+Annotation'\n    [javac] warning: /home/cmd/jdk1.8.0_391/lib/ct.sym(META-INF/sym/rt.jar/java/lang/IllegalArgumentException.class): major version 52 is newer than 51, the highest major version supported by this compiler.\n    [javac]   It is recommended that the compiler be upgraded.\n    [javac] /home/cmd/jdk1.8.0_391/lib/ct.sym(META-INF/sym/rt.jar/java/lang/IllegalArgumentException.class): warning: Cannot find annotation method 'value()' in type 'Profile+Annotation'\n    [javac] warning: /home/cmd/jdk1.8.0_391/lib/ct.sym(META-INF/sym/rt.jar/java/lang/Throwable.class): major version 52 is newer than 51, the highest major version supported by this compiler.\n    [javac]   It is recommended that the compiler be upgraded.\n    [javac] /home/cmd/jdk1.8.0_391/lib/ct.sym(META-INF/sym/rt.jar/java/lang/Throwable.class): warning: Cannot find annotation method 'value()' in type 'Profile+Annotation'\n    [javac] warning: /home/cmd/jdk1.8.0_391/lib/ct.sym(META-INF/sym/rt.jar/java/lang/RuntimeException.class): major version 52 is newer than 51, the highest major version supported by this compiler.\n    [javac]   It is recommended that the compiler be upgraded.\n    [javac] /home/cmd/jdk1.8.0_391/lib/ct.sym(META-INF/sym/rt.jar/java/lang/RuntimeException.class): warning: Cannot find annotation method 'value()' in type 'Profile+Annotation'\n    [javac] warning: /home/cmd/jdk1.8.0_391/lib/ct.sym(META-INF/sym/rt.jar/java/lang/Exception.class): major version 52 is newer than 51, the highest major version supported by this compiler.\n    [javac]   It is recommended that the compiler be upgraded.\n    [javac] /home/cmd/jdk1.8.0_391/lib/ct.sym(META-INF/sym/rt.jar/java/lang/Exception.class): warning: Cannot find annotation method 'value()' in type 'Profile+Annotation'\n    [javac] warning: /home/cmd/jdk1.8.0_391/lib/ct.sym(META-INF/sym/rt.jar/java/io/Writer.class): major version 52 is newer than 51, the highest major version supported by this compiler.\n    [javac]   It is recommended that the compiler be upgraded.\n    [javac] /home/cmd/jdk1.8.0_391/lib/ct.sym(META-INF/sym/rt.jar/java/io/Writer.class): warning: Cannot find annotation method 'value()' in type 'Profile+Annotation'\n    [javac] warning: /home/cmd/jdk1.8.0_391/lib/ct.sym(META-INF/sym/rt.jar/java/lang/AbstractStringBuilder.class): major version 52 is newer than 51, the highest major version supported by this compiler.\n    [javac]   It is recommended that the compiler be upgraded.\n    [javac] /home/cmd/jdk1.8.0_391/lib/ct.sym(META-INF/sym/rt.jar/java/lang/AbstractStringBuilder.class): warning: Cannot find annotation method 'value()' in type 'Profile+Annotation'\n    [javac] warning: /home/cmd/jdk1.8.0_391/lib/ct.sym(META-INF/sym/rt.jar/java/lang/StringBuffer.class): major version 52 is newer than 51, the highest major version supported by this compiler.\n    [javac]   It is recommended that the compiler be upgraded.\n    [javac] /home/cmd/jdk1.8.0_391/lib/ct.sym(META-INF/sym/rt.jar/java/lang/StringBuffer.class): warning: Cannot find annotation method 'value()' in type 'Profile+Annotation'\n    [javac] warning: /home/cmd/jdk1.8.0_391/lib/ct.sym(META-INF/sym/rt.jar/java/lang/Class.class): major version 52 is newer than 51, the highest major version supported by this compiler.\n    [javac]   It is recommended that the compiler be upgraded.\n    [javac] /home/cmd/jdk1.8.0_391/lib/ct.sym(META-INF/sym/rt.jar/java/lang/Class.class): warning: Cannot find annotation method 'value()' in type 'Profile+Annotation'\n    [javac] warning: /home/cmd/jdk1.8.0_391/lib/ct.sym(META-INF/sym/rt.jar/java/lang/Error.class): major version 52 is newer than 51, the highest major version supported by this compiler.\n    [javac]   It is recommended that the compiler be upgraded.\n    [javac] /home/cmd/jdk1.8.0_391/lib/ct.sym(META-INF/sym/rt.jar/java/lang/Error.class): warning: Cannot find annotation method 'value()' in type 'Profile+Annotation'\n    [javac] warning: /home/cmd/jdk1.8.0_391/lib/ct.sym(META-INF/sym/rt.jar/java/lang/CloneNotSupportedException.class): major version 52 is newer than 51, the highest major version supported by this compiler.\n    [javac]   It is recommended that the compiler be upgraded.\n    [javac] /home/cmd/jdk1.8.0_391/lib/ct.sym(META-INF/sym/rt.jar/java/lang/CloneNotSupportedException.class): warning: Cannot find annotation method 'value()' in type 'Profile+Annotation'\n    [javac] warning: /home/cmd/jdk1.8.0_391/lib/ct.sym(META-INF/sym/rt.jar/java/lang/Number.class): major version 52 is newer than 51, the highest major version supported by this compiler.\n    [javac]   It is recommended that the compiler be upgraded.\n    [javac] /home/cmd/jdk1.8.0_391/lib/ct.sym(META-INF/sym/rt.jar/java/lang/Number.class): warning: Cannot find annotation method 'value()' in type 'Profile+Annotation'\n    [javac] /data/cmd/Ming/llm-fl-apr/tmp/Csv_2-prompt_apr_5-ernie-3.5-128k/src/main/java/org/apache/commons/csv/CSVRecord.java:84: error: cannot find symbol\n    [javac] return index != null && index >= 0 && index < values.length ? values[index] : null;            return index != null ? values[index.intValue()] : null;\n    [javac]        ^\n    [javac]   symbol:   variable index\n    [javac]   location: class CSVRecord\n    [javac] /data/cmd/Ming/llm-fl-apr/tmp/Csv_2-prompt_apr_5-ernie-3.5-128k/src/main/java/org/apache/commons/csv/CSVRecord.java:84: error: cannot find symbol\n    [javac] return index != null && index >= 0 && index < values.length ? values[index] : null;            return index != null ? values[index.intValue()] : null;\n    [javac]                         ^\n    [javac]   symbol:   variable index\n    [javac]   location: class CSVRecord\n    [javac] /data/cmd/Ming/llm-fl-apr/tmp/Csv_2-prompt_apr_5-ernie-3.5-128k/src/main/java/org/apache/commons/csv/CSVRecord.java:84: error: cannot find symbol\n    [javac] return index != null && index >= 0 && index < values.length ? values[index] : null;            return index != null ? values[index.intValue()] : null;\n    [javac]                                       ^\n    [javac]   symbol:   variable index\n    [javac]   location: class CSVRecord\n    [javac] /data/cmd/Ming/llm-fl-apr/tmp/Csv_2-prompt_apr_5-ernie-3.5-128k/src/main/java/org/apache/commons/csv/CSVRecord.java:84: error: cannot find symbol\n    [javac] return index != null && index >= 0 && index < values.length ? values[index] : null;            return index != null ? values[index.intValue()] : null;\n    [javac]                                                                      ^\n    [javac]   symbol:   variable index\n    [javac]   location: class CSVRecord\n    [javac] warning: /home/cmd/jdk1.8.0_391/lib/ct.sym(META-INF/sym/rt.jar/java/lang/Byte.class): major version 52 is newer than 51, the highest major version supported by this compiler.\n    [javac]   It is recommended that the compiler be upgraded.\n    [javac] /home/cmd/jdk1.8.0_391/lib/ct.sym(META-INF/sym/rt.jar/java/lang/Byte.class): warning: Cannot find annotation method 'value()' in type 'Profile+Annotation'\n    [javac] warning: /home/cmd/jdk1.8.0_391/lib/ct.sym(META-INF/sym/rt.jar/java/lang/Short.class): major version 52 is newer than 51, the highest major version supported by this compiler.\n    [javac]   It is recommended that the compiler be upgraded.\n    [javac] /data/cmd/Ming/llm-fl-apr/tmp/Csv_2-prompt_apr_5-ernie-3.5-128k/src/main/java/org/apache/commons/csv/CSVRecord.java:84: error: cannot find symbol\n    [javac] return index != null && index >= 0 && index < values.length ? values[index] : null;            return index != null ? values[index.intValue()] : null;\n    [javac]                                                                                                       ^\n    [javac]   symbol:   variable index\n    [javac]   location: class CSVRecord\n    [javac] /data/cmd/Ming/llm-fl-apr/tmp/Csv_2-prompt_apr_5-ernie-3.5-128k/src/main/java/org/apache/commons/csv/CSVRecord.java:84: error: cannot find symbol\n    [javac] return index != null && index >= 0 && index < values.length ? values[index] : null;            return index != null ? values[index.intValue()] : null;\n    [javac]                                                                                                                              ^\n    [javac]   symbol:   variable index\n    [javac]   location: class CSVRecord\n    [javac] 6 errors\n    [javac] 100 warnings\n\nBUILD FAILED\n/data/cmd/Ming/llm-fl-apr/tmp/Csv_2-prompt_apr_5-ernie-3.5-128k/maven-build.xml:79: Compile failed; see the compiler error output for details.\n\nTotal time: 2 seconds\nCannot compile sources! at /data/cmd/Ming/LLM_Based-Mutation/tools/mutant/defects4j-2.1.0/framework/bin/d4j/d4j-compile line 82.\nCompilation failed in require at /data/cmd/Ming/LLM_Based-Mutation/tools/mutant/defects4j-2.1.0/framework/bin/defects4j line 195.\n"
                }
            },
            "qwen-turbo": {
                "compile": {
                    "rc": 1,
                    "so": "",
                    "se": "Running ant (compile)...................................................... FAIL\nExecuted command:  cd /data/cmd/Ming/llm-fl-apr/tmp/Csv_2-prompt_apr_5-qwen-turbo && /data/cmd/Ming/LLM_Based-Mutation/tools/mutant/defects4j-2.1.0/major/bin/ant -f /data/cmd/Ming/LLM_Based-Mutation/tools/mutant/defects4j-2.1.0/framework/projects/defects4j.build.xml -Dd4j.home=/data/cmd/Ming/LLM_Based-Mutation/tools/mutant/defects4j-2.1.0 -Dd4j.dir.projects=/data/cmd/Ming/LLM_Based-Mutation/tools/mutant/defects4j-2.1.0/framework/projects -Dbasedir=/data/cmd/Ming/llm-fl-apr/tmp/Csv_2-prompt_apr_5-qwen-turbo -Dbuild.compiler=javac1.7  compile 2>&1\nJava HotSpot(TM) 64-Bit Server VM warning: ignoring option MaxPermSize=1G; support was removed in 8.0\nBuildfile: /data/cmd/Ming/LLM_Based-Mutation/tools/mutant/defects4j-2.1.0/framework/projects/defects4j.build.xml\n\ntest-offline:\n\nget-deps:\n\ncommons-csv-from-maven.compile:\n    [mkdir] Created dir: /data/cmd/Ming/llm-fl-apr/tmp/Csv_2-prompt_apr_5-qwen-turbo/target/classes\n    [javac] /data/cmd/Ming/llm-fl-apr/tmp/Csv_2-prompt_apr_5-qwen-turbo/maven-build.xml:79: warning: 'includeantruntime' was not set, defaulting to build.sysclasspath=last; set to false for repeatable builds\n    [javac] Compiling 11 source files to /data/cmd/Ming/llm-fl-apr/tmp/Csv_2-prompt_apr_5-qwen-turbo/target/classes\n    [javac] warning: [options] bootstrap class path not set in conjunction with -source 1.5\n    [javac] /data/cmd/Ming/llm-fl-apr/tmp/Csv_2-prompt_apr_5-qwen-turbo/src/main/java/org/apache/commons/csv/CSVRecord.java:94: error: illegal start of expression\n    [javac]     public boolean isConsistent() {\n    [javac]     ^\n    [javac] /data/cmd/Ming/llm-fl-apr/tmp/Csv_2-prompt_apr_5-qwen-turbo/src/main/java/org/apache/commons/csv/CSVRecord.java:94: error: ';' expected\n    [javac]     public boolean isConsistent() {\n    [javac]                                ^\n    [javac] /data/cmd/Ming/llm-fl-apr/tmp/Csv_2-prompt_apr_5-qwen-turbo/src/main/java/org/apache/commons/csv/CSVRecord.java:105: error: illegal start of expression\n    [javac]     public boolean isMapped(final String name) {\n    [javac]     ^\n    [javac] /data/cmd/Ming/llm-fl-apr/tmp/Csv_2-prompt_apr_5-qwen-turbo/src/main/java/org/apache/commons/csv/CSVRecord.java:105: error: ';' expected\n    [javac]     public boolean isMapped(final String name) {\n    [javac]                            ^\n    [javac] /data/cmd/Ming/llm-fl-apr/tmp/Csv_2-prompt_apr_5-qwen-turbo/src/main/java/org/apache/commons/csv/CSVRecord.java:105: error: ';' expected\n    [javac]     public boolean isMapped(final String name) {\n    [javac]                                              ^\n    [javac] /data/cmd/Ming/llm-fl-apr/tmp/Csv_2-prompt_apr_5-qwen-turbo/src/main/java/org/apache/commons/csv/CSVRecord.java:116: error: illegal start of expression\n    [javac]     public boolean isSet(final String name) {\n    [javac]     ^\n    [javac] /data/cmd/Ming/llm-fl-apr/tmp/Csv_2-prompt_apr_5-qwen-turbo/src/main/java/org/apache/commons/csv/CSVRecord.java:116: error: ';' expected\n    [javac]     public boolean isSet(final String name) {\n    [javac]                         ^\n    [javac] /data/cmd/Ming/llm-fl-apr/tmp/Csv_2-prompt_apr_5-qwen-turbo/src/main/java/org/apache/commons/csv/CSVRecord.java:116: error: ';' expected\n    [javac]     public boolean isSet(final String name) {\n    [javac]                                           ^\n    [javac] /data/cmd/Ming/llm-fl-apr/tmp/Csv_2-prompt_apr_5-qwen-turbo/src/main/java/org/apache/commons/csv/CSVRecord.java:125: error: illegal start of expression\n    [javac]     public Iterator<String> iterator() {\n    [javac]     ^\n    [javac] /data/cmd/Ming/llm-fl-apr/tmp/Csv_2-prompt_apr_5-qwen-turbo/src/main/java/org/apache/commons/csv/CSVRecord.java:125: error: ';' expected\n    [javac]     public Iterator<String> iterator() {\n    [javac]                                     ^\n    [javac] /data/cmd/Ming/llm-fl-apr/tmp/Csv_2-prompt_apr_5-qwen-turbo/src/main/java/org/apache/commons/csv/CSVRecord.java:129: error: ';' expected\n    [javac]     String[] values() {\n    [javac]                    ^\n    [javac] /data/cmd/Ming/llm-fl-apr/tmp/Csv_2-prompt_apr_5-qwen-turbo/src/main/java/org/apache/commons/csv/CSVRecord.java:139: error: illegal start of expression\n    [javac]     public String getComment() {\n    [javac]     ^\n    [javac] /data/cmd/Ming/llm-fl-apr/tmp/Csv_2-prompt_apr_5-qwen-turbo/src/main/java/org/apache/commons/csv/CSVRecord.java:139: error: ';' expected\n    [javac]     public String getComment() {\n    [javac]                             ^\n    [javac] /data/cmd/Ming/llm-fl-apr/tmp/Csv_2-prompt_apr_5-qwen-turbo/src/main/java/org/apache/commons/csv/CSVRecord.java:148: error: illegal start of expression\n    [javac]     public long getRecordNumber() {\n    [javac]     ^\n    [javac] /data/cmd/Ming/llm-fl-apr/tmp/Csv_2-prompt_apr_5-qwen-turbo/src/main/java/org/apache/commons/csv/CSVRecord.java:148: error: ';' expected\n    [javac]     public long getRecordNumber() {\n    [javac]                                ^\n    [javac] /data/cmd/Ming/llm-fl-apr/tmp/Csv_2-prompt_apr_5-qwen-turbo/src/main/java/org/apache/commons/csv/CSVRecord.java:157: error: illegal start of expression\n    [javac]     public int size() {\n    [javac]     ^\n    [javac] /data/cmd/Ming/llm-fl-apr/tmp/Csv_2-prompt_apr_5-qwen-turbo/src/main/java/org/apache/commons/csv/CSVRecord.java:157: error: ';' expected\n    [javac]     public int size() {\n    [javac]                    ^\n    [javac] /data/cmd/Ming/llm-fl-apr/tmp/Csv_2-prompt_apr_5-qwen-turbo/src/main/java/org/apache/commons/csv/CSVRecord.java:162: error: ';' expected\n    [javac]     public String toString() {\n    [javac]                           ^\n    [javac] /data/cmd/Ming/llm-fl-apr/tmp/Csv_2-prompt_apr_5-qwen-turbo/src/main/java/org/apache/commons/csv/CSVRecord.java:166: error: reached end of file while parsing\n    [javac] }\n    [javac]  ^\n    [javac] 19 errors\n    [javac] 1 warning\n\nBUILD FAILED\n/data/cmd/Ming/llm-fl-apr/tmp/Csv_2-prompt_apr_5-qwen-turbo/maven-build.xml:79: Compile failed; see the compiler error output for details.\n\nTotal time: 1 second\nCannot compile sources! at /data/cmd/Ming/LLM_Based-Mutation/tools/mutant/defects4j-2.1.0/framework/bin/d4j/d4j-compile line 82.\nCompilation failed in require at /data/cmd/Ming/LLM_Based-Mutation/tools/mutant/defects4j-2.1.0/framework/bin/defects4j line 195.\n"
                }
            },
            "doubao-pro-4k": {
                "compile": {
                    "rc": 1,
                    "so": "",
                    "se": "Running ant (compile)...................................................... FAIL\nExecuted command:  cd /data/cmd/Ming/llm-fl-apr/tmp/Csv_2-prompt_apr_5-doubao-pro-4k && /data/cmd/Ming/LLM_Based-Mutation/tools/mutant/defects4j-2.1.0/major/bin/ant -f /data/cmd/Ming/LLM_Based-Mutation/tools/mutant/defects4j-2.1.0/framework/projects/defects4j.build.xml -Dd4j.home=/data/cmd/Ming/LLM_Based-Mutation/tools/mutant/defects4j-2.1.0 -Dd4j.dir.projects=/data/cmd/Ming/LLM_Based-Mutation/tools/mutant/defects4j-2.1.0/framework/projects -Dbasedir=/data/cmd/Ming/llm-fl-apr/tmp/Csv_2-prompt_apr_5-doubao-pro-4k -Dbuild.compiler=javac1.7  compile 2>&1\nJava HotSpot(TM) 64-Bit Server VM warning: ignoring option MaxPermSize=1G; support was removed in 8.0\nBuildfile: /data/cmd/Ming/LLM_Based-Mutation/tools/mutant/defects4j-2.1.0/framework/projects/defects4j.build.xml\n\ntest-offline:\n\nget-deps:\n\ncommons-csv-from-maven.compile:\n    [mkdir] Created dir: /data/cmd/Ming/llm-fl-apr/tmp/Csv_2-prompt_apr_5-doubao-pro-4k/target/classes\n    [javac] /data/cmd/Ming/llm-fl-apr/tmp/Csv_2-prompt_apr_5-doubao-pro-4k/maven-build.xml:79: warning: 'includeantruntime' was not set, defaulting to build.sysclasspath=last; set to false for repeatable builds\n    [javac] Compiling 11 source files to /data/cmd/Ming/llm-fl-apr/tmp/Csv_2-prompt_apr_5-doubao-pro-4k/target/classes\n    [javac] warning: [options] bootstrap class path not set in conjunction with -source 1.5\n    [javac] /data/cmd/Ming/llm-fl-apr/tmp/Csv_2-prompt_apr_5-doubao-pro-4k/src/main/java/org/apache/commons/csv/CSVRecord.java:94: error: illegal start of expression\n    [javac]     public boolean isConsistent() {\n    [javac]     ^\n    [javac] /data/cmd/Ming/llm-fl-apr/tmp/Csv_2-prompt_apr_5-doubao-pro-4k/src/main/java/org/apache/commons/csv/CSVRecord.java:94: error: ';' expected\n    [javac]     public boolean isConsistent() {\n    [javac]                                ^\n    [javac] /data/cmd/Ming/llm-fl-apr/tmp/Csv_2-prompt_apr_5-doubao-pro-4k/src/main/java/org/apache/commons/csv/CSVRecord.java:105: error: illegal start of expression\n    [javac]     public boolean isMapped(final String name) {\n    [javac]     ^\n    [javac] /data/cmd/Ming/llm-fl-apr/tmp/Csv_2-prompt_apr_5-doubao-pro-4k/src/main/java/org/apache/commons/csv/CSVRecord.java:105: error: ';' expected\n    [javac]     public boolean isMapped(final String name) {\n    [javac]                            ^\n    [javac] /data/cmd/Ming/llm-fl-apr/tmp/Csv_2-prompt_apr_5-doubao-pro-4k/src/main/java/org/apache/commons/csv/CSVRecord.java:105: error: ';' expected\n    [javac]     public boolean isMapped(final String name) {\n    [javac]                                              ^\n    [javac] /data/cmd/Ming/llm-fl-apr/tmp/Csv_2-prompt_apr_5-doubao-pro-4k/src/main/java/org/apache/commons/csv/CSVRecord.java:116: error: illegal start of expression\n    [javac]     public boolean isSet(final String name) {\n    [javac]     ^\n    [javac] /data/cmd/Ming/llm-fl-apr/tmp/Csv_2-prompt_apr_5-doubao-pro-4k/src/main/java/org/apache/commons/csv/CSVRecord.java:116: error: ';' expected\n    [javac]     public boolean isSet(final String name) {\n    [javac]                         ^\n    [javac] /data/cmd/Ming/llm-fl-apr/tmp/Csv_2-prompt_apr_5-doubao-pro-4k/src/main/java/org/apache/commons/csv/CSVRecord.java:116: error: ';' expected\n    [javac]     public boolean isSet(final String name) {\n    [javac]                                           ^\n    [javac] /data/cmd/Ming/llm-fl-apr/tmp/Csv_2-prompt_apr_5-doubao-pro-4k/src/main/java/org/apache/commons/csv/CSVRecord.java:125: error: illegal start of expression\n    [javac]     public Iterator<String> iterator() {\n    [javac]     ^\n    [javac] /data/cmd/Ming/llm-fl-apr/tmp/Csv_2-prompt_apr_5-doubao-pro-4k/src/main/java/org/apache/commons/csv/CSVRecord.java:125: error: ';' expected\n    [javac]     public Iterator<String> iterator() {\n    [javac]                                     ^\n    [javac] /data/cmd/Ming/llm-fl-apr/tmp/Csv_2-prompt_apr_5-doubao-pro-4k/src/main/java/org/apache/commons/csv/CSVRecord.java:129: error: ';' expected\n    [javac]     String[] values() {\n    [javac]                    ^\n    [javac] /data/cmd/Ming/llm-fl-apr/tmp/Csv_2-prompt_apr_5-doubao-pro-4k/src/main/java/org/apache/commons/csv/CSVRecord.java:139: error: illegal start of expression\n    [javac]     public String getComment() {\n    [javac]     ^\n    [javac] /data/cmd/Ming/llm-fl-apr/tmp/Csv_2-prompt_apr_5-doubao-pro-4k/src/main/java/org/apache/commons/csv/CSVRecord.java:139: error: ';' expected\n    [javac]     public String getComment() {\n    [javac]                             ^\n    [javac] /data/cmd/Ming/llm-fl-apr/tmp/Csv_2-prompt_apr_5-doubao-pro-4k/src/main/java/org/apache/commons/csv/CSVRecord.java:148: error: illegal start of expression\n    [javac]     public long getRecordNumber() {\n    [javac]     ^\n    [javac] /data/cmd/Ming/llm-fl-apr/tmp/Csv_2-prompt_apr_5-doubao-pro-4k/src/main/java/org/apache/commons/csv/CSVRecord.java:148: error: ';' expected\n    [javac]     public long getRecordNumber() {\n    [javac]                                ^\n    [javac] /data/cmd/Ming/llm-fl-apr/tmp/Csv_2-prompt_apr_5-doubao-pro-4k/src/main/java/org/apache/commons/csv/CSVRecord.java:157: error: illegal start of expression\n    [javac]     public int size() {\n    [javac]     ^\n    [javac] /data/cmd/Ming/llm-fl-apr/tmp/Csv_2-prompt_apr_5-doubao-pro-4k/src/main/java/org/apache/commons/csv/CSVRecord.java:157: error: ';' expected\n    [javac]     public int size() {\n    [javac]                    ^\n    [javac] /data/cmd/Ming/llm-fl-apr/tmp/Csv_2-prompt_apr_5-doubao-pro-4k/src/main/java/org/apache/commons/csv/CSVRecord.java:162: error: ';' expected\n    [javac]     public String toString() {\n    [javac]                           ^\n    [javac] /data/cmd/Ming/llm-fl-apr/tmp/Csv_2-prompt_apr_5-doubao-pro-4k/src/main/java/org/apache/commons/csv/CSVRecord.java:166: error: reached end of file while parsing\n    [javac] }\n    [javac]  ^\n    [javac] 19 errors\n    [javac] 1 warning\n\nBUILD FAILED\n/data/cmd/Ming/llm-fl-apr/tmp/Csv_2-prompt_apr_5-doubao-pro-4k/maven-build.xml:79: Compile failed; see the compiler error output for details.\n\nTotal time: 1 second\nCannot compile sources! at /data/cmd/Ming/LLM_Based-Mutation/tools/mutant/defects4j-2.1.0/framework/bin/d4j/d4j-compile line 82.\nCompilation failed in require at /data/cmd/Ming/LLM_Based-Mutation/tools/mutant/defects4j-2.1.0/framework/bin/defects4j line 195.\n"
                }
            },
            "gpt-4o-mini": {
                "compile": {
                    "rc": 0,
                    "so": "",
                    "se": "Running ant (compile)...................................................... OK\nRunning ant (compile.tests)................................................ OK\n"
                },
                "test": {
                    "rc": 0,
                    "so": "Failing tests: 1\n  - org.apache.commons.csv.CSVRecordTest::testGetStringInconsistentRecord\n",
                    "se": "Running ant (compile.tests)................................................ OK\nRunning ant (run.dev.tests)................................................ OK\n"
                }
            },
            "deepseek-chat": {
                "compile": {
                    "rc": 1,
                    "so": "",
                    "se": "Running ant (compile)...................................................... FAIL\nExecuted command:  cd /data/cmd/Ming/llm-fl-apr/tmp/Csv_2-prompt_apr_5-deepseek-chat && /data/cmd/Ming/LLM_Based-Mutation/tools/mutant/defects4j-2.1.0/major/bin/ant -f /data/cmd/Ming/LLM_Based-Mutation/tools/mutant/defects4j-2.1.0/framework/projects/defects4j.build.xml -Dd4j.home=/data/cmd/Ming/LLM_Based-Mutation/tools/mutant/defects4j-2.1.0 -Dd4j.dir.projects=/data/cmd/Ming/LLM_Based-Mutation/tools/mutant/defects4j-2.1.0/framework/projects -Dbasedir=/data/cmd/Ming/llm-fl-apr/tmp/Csv_2-prompt_apr_5-deepseek-chat -Dbuild.compiler=javac1.7  compile 2>&1\nJava HotSpot(TM) 64-Bit Server VM warning: ignoring option MaxPermSize=1G; support was removed in 8.0\nBuildfile: /data/cmd/Ming/LLM_Based-Mutation/tools/mutant/defects4j-2.1.0/framework/projects/defects4j.build.xml\n\ntest-offline:\n\nget-deps:\n\ncommons-csv-from-maven.compile:\n    [mkdir] Created dir: /data/cmd/Ming/llm-fl-apr/tmp/Csv_2-prompt_apr_5-deepseek-chat/target/classes\n    [javac] /data/cmd/Ming/llm-fl-apr/tmp/Csv_2-prompt_apr_5-deepseek-chat/maven-build.xml:79: warning: 'includeantruntime' was not set, defaulting to build.sysclasspath=last; set to false for repeatable builds\n    [javac] Compiling 11 source files to /data/cmd/Ming/llm-fl-apr/tmp/Csv_2-prompt_apr_5-deepseek-chat/target/classes\n    [javac] warning: [options] bootstrap class path not set in conjunction with -source 1.5\n    [javac] warning: /home/cmd/jdk1.8.0_391/lib/ct.sym(META-INF/sym/rt.jar/java/lang/Object.class): major version 52 is newer than 51, the highest major version supported by this compiler.\n    [javac]   It is recommended that the compiler be upgraded.\n    [javac] warning: /home/cmd/jdk1.8.0_391/lib/ct.sym(META-INF/sym/rt.jar/java/io/IOException.class): major version 52 is newer than 51, the highest major version supported by this compiler.\n    [javac]   It is recommended that the compiler be upgraded.\n    [javac] warning: /home/cmd/jdk1.8.0_391/lib/ct.sym(META-INF/sym/rt.jar/java/io/Reader.class): major version 52 is newer than 51, the highest major version supported by this compiler.\n    [javac]   It is recommended that the compiler be upgraded.\n    [javac] warning: /home/cmd/jdk1.8.0_391/lib/ct.sym(META-INF/sym/rt.jar/java/io/Serializable.class): major version 52 is newer than 51, the highest major version supported by this compiler.\n    [javac]   It is recommended that the compiler be upgraded.\n    [javac] warning: /home/cmd/jdk1.8.0_391/lib/ct.sym(META-INF/sym/rt.jar/java/io/StringWriter.class): major version 52 is newer than 51, the highest major version supported by this compiler.\n    [javac]   It is recommended that the compiler be upgraded.\n    [javac] warning: /home/cmd/jdk1.8.0_391/lib/ct.sym(META-INF/sym/rt.jar/java/util/Arrays.class): major version 52 is newer than 51, the highest major version supported by this compiler.\n    [javac]   It is recommended that the compiler be upgraded.\n    [javac] warning: /home/cmd/jdk1.8.0_391/lib/ct.sym(META-INF/sym/rt.jar/java/lang/Character.class): major version 52 is newer than 51, the highest major version supported by this compiler.\n    [javac]   It is recommended that the compiler be upgraded.\n    [javac] warning: /home/cmd/jdk1.8.0_391/lib/ct.sym(META-INF/sym/rt.jar/java/lang/Enum.class): major version 52 is newer than 51, the highest major version supported by this compiler.\n    [javac]   It is recommended that the compiler be upgraded.\n    [javac] warning: /home/cmd/jdk1.8.0_391/lib/ct.sym(META-INF/sym/rt.jar/java/lang/Comparable.class): major version 52 is newer than 51, the highest major version supported by this compiler.\n    [javac]   It is recommended that the compiler be upgraded.\n    [javac] warning: /home/cmd/jdk1.8.0_391/lib/ct.sym(META-INF/sym/rt.jar/java/lang/String.class): major version 52 is newer than 51, the highest major version supported by this compiler.\n    [javac]   It is recommended that the compiler be upgraded.\n    [javac] warning: /home/cmd/jdk1.8.0_391/lib/ct.sym(META-INF/sym/rt.jar/java/lang/Iterable.class): major version 52 is newer than 51, the highest major version supported by this compiler.\n    [javac]   It is recommended that the compiler be upgraded.\n    [javac] warning: /home/cmd/jdk1.8.0_391/lib/ct.sym(META-INF/sym/rt.jar/java/util/Iterator.class): major version 52 is newer than 51, the highest major version supported by this compiler.\n    [javac]   It is recommended that the compiler be upgraded.\n    [javac] warning: /home/cmd/jdk1.8.0_391/lib/ct.sym(META-INF/sym/rt.jar/java/util/Map.class): major version 52 is newer than 51, the highest major version supported by this compiler.\n    [javac]   It is recommended that the compiler be upgraded.\n    [javac] warning: /home/cmd/jdk1.8.0_391/lib/ct.sym(META-INF/sym/rt.jar/java/lang/IllegalStateException.class): major version 52 is newer than 51, the highest major version supported by this compiler.\n    [javac]   It is recommended that the compiler be upgraded.\n    [javac] warning: /home/cmd/jdk1.8.0_391/lib/ct.sym(META-INF/sym/rt.jar/java/lang/Integer.class): major version 52 is newer than 51, the highest major version supported by this compiler.\n    [javac]   It is recommended that the compiler be upgraded.\n    [javac] warning: /home/cmd/jdk1.8.0_391/lib/ct.sym(META-INF/sym/rt.jar/java/io/BufferedReader.class): major version 52 is newer than 51, the highest major version supported by this compiler.\n    [javac]   It is recommended that the compiler be upgraded.\n    [javac] warning: /home/cmd/jdk1.8.0_391/lib/ct.sym(META-INF/sym/rt.jar/java/lang/Readable.class): major version 52 is newer than 51, the highest major version supported by this compiler.\n    [javac]   It is recommended that the compiler be upgraded.\n    [javac] warning: /home/cmd/jdk1.8.0_391/lib/ct.sym(META-INF/sym/rt.jar/java/io/Closeable.class): major version 52 is newer than 51, the highest major version supported by this compiler.\n    [javac]   It is recommended that the compiler be upgraded.\n    [javac] warning: /home/cmd/jdk1.8.0_391/lib/ct.sym(META-INF/sym/rt.jar/java/lang/AutoCloseable.class): major version 52 is newer than 51, the highest major version supported by this compiler.\n    [javac]   It is recommended that the compiler be upgraded.\n    [javac] warning: /home/cmd/jdk1.8.0_391/lib/ct.sym(META-INF/sym/rt.jar/java/lang/StringBuilder.class): major version 52 is newer than 51, the highest major version supported by this compiler.\n    [javac]   It is recommended that the compiler be upgraded.\n    [javac] warning: /home/cmd/jdk1.8.0_391/lib/ct.sym(META-INF/sym/rt.jar/java/io/StringReader.class): major version 52 is newer than 51, the highest major version supported by this compiler.\n    [javac]   It is recommended that the compiler be upgraded.\n    [javac] warning: /home/cmd/jdk1.8.0_391/lib/ct.sym(META-INF/sym/rt.jar/java/util/ArrayList.class): major version 52 is newer than 51, the highest major version supported by this compiler.\n    [javac]   It is recommended that the compiler be upgraded.\n    [javac] warning: /home/cmd/jdk1.8.0_391/lib/ct.sym(META-INF/sym/rt.jar/java/util/LinkedHashMap.class): major version 52 is newer than 51, the highest major version supported by this compiler.\n    [javac]   It is recommended that the compiler be upgraded.\n    [javac] warning: /home/cmd/jdk1.8.0_391/lib/ct.sym(META-INF/sym/rt.jar/java/util/List.class): major version 52 is newer than 51, the highest major version supported by this compiler.\n    [javac]   It is recommended that the compiler be upgraded.\n    [javac] warning: /home/cmd/jdk1.8.0_391/lib/ct.sym(META-INF/sym/rt.jar/java/util/NoSuchElementException.class): major version 52 is newer than 51, the highest major version supported by this compiler.\n    [javac]   It is recommended that the compiler be upgraded.\n    [javac] warning: /home/cmd/jdk1.8.0_391/lib/ct.sym(META-INF/sym/rt.jar/java/io/Flushable.class): major version 52 is newer than 51, the highest major version supported by this compiler.\n    [javac]   It is recommended that the compiler be upgraded.\n    [javac] warning: /home/cmd/jdk1.8.0_391/lib/ct.sym(META-INF/sym/rt.jar/java/sql/ResultSet.class): major version 52 is newer than 51, the highest major version supported by this compiler.\n    [javac]   It is recommended that the compiler be upgraded.\n    [javac] warning: /home/cmd/jdk1.8.0_391/lib/ct.sym(META-INF/sym/rt.jar/java/sql/SQLException.class): major version 52 is newer than 51, the highest major version supported by this compiler.\n    [javac]   It is recommended that the compiler be upgraded.\n    [javac] warning: /home/cmd/jdk1.8.0_391/lib/ct.sym(META-INF/sym/rt.jar/java/lang/Appendable.class): major version 52 is newer than 51, the highest major version supported by this compiler.\n    [javac]   It is recommended that the compiler be upgraded.\n    [javac] warning: /home/cmd/jdk1.8.0_391/lib/ct.sym(META-INF/sym/rt.jar/java/lang/CharSequence.class): major version 52 is newer than 51, the highest major version supported by this compiler.\n    [javac]   It is recommended that the compiler be upgraded.\n    [javac] /home/cmd/jdk1.8.0_391/lib/ct.sym(META-INF/sym/rt.jar/java/lang/Object.class): warning: Cannot find annotation method 'value()' in type 'Profile+Annotation': class file for jdk.Profile+Annotation not found\n    [javac] /home/cmd/jdk1.8.0_391/lib/ct.sym(META-INF/sym/rt.jar/java/io/IOException.class): warning: Cannot find annotation method 'value()' in type 'Profile+Annotation'\n    [javac] /home/cmd/jdk1.8.0_391/lib/ct.sym(META-INF/sym/rt.jar/java/io/Reader.class): warning: Cannot find annotation method 'value()' in type 'Profile+Annotation'\n    [javac] /home/cmd/jdk1.8.0_391/lib/ct.sym(META-INF/sym/rt.jar/java/io/Serializable.class): warning: Cannot find annotation method 'value()' in type 'Profile+Annotation'\n    [javac] /home/cmd/jdk1.8.0_391/lib/ct.sym(META-INF/sym/rt.jar/java/io/StringWriter.class): warning: Cannot find annotation method 'value()' in type 'Profile+Annotation'\n    [javac] /home/cmd/jdk1.8.0_391/lib/ct.sym(META-INF/sym/rt.jar/java/util/Arrays.class): warning: Cannot find annotation method 'value()' in type 'Profile+Annotation'\n    [javac] /home/cmd/jdk1.8.0_391/lib/ct.sym(META-INF/sym/rt.jar/java/lang/Character.class): warning: Cannot find annotation method 'value()' in type 'Profile+Annotation'\n    [javac] /home/cmd/jdk1.8.0_391/lib/ct.sym(META-INF/sym/rt.jar/java/lang/Enum.class): warning: Cannot find annotation method 'value()' in type 'Profile+Annotation'\n    [javac] /home/cmd/jdk1.8.0_391/lib/ct.sym(META-INF/sym/rt.jar/java/lang/Comparable.class): warning: Cannot find annotation method 'value()' in type 'Profile+Annotation'\n    [javac] /home/cmd/jdk1.8.0_391/lib/ct.sym(META-INF/sym/rt.jar/java/lang/String.class): warning: Cannot find annotation method 'value()' in type 'Profile+Annotation'\n    [javac] /home/cmd/jdk1.8.0_391/lib/ct.sym(META-INF/sym/rt.jar/java/lang/Iterable.class): warning: Cannot find annotation method 'value()' in type 'Profile+Annotation'\n    [javac] /home/cmd/jdk1.8.0_391/lib/ct.sym(META-INF/sym/rt.jar/java/util/Iterator.class): warning: Cannot find annotation method 'value()' in type 'Profile+Annotation'\n    [javac] /home/cmd/jdk1.8.0_391/lib/ct.sym(META-INF/sym/rt.jar/java/util/Map.class): warning: Cannot find annotation method 'value()' in type 'Profile+Annotation'\n    [javac] warning: /home/cmd/jdk1.8.0_391/lib/ct.sym(META-INF/sym/rt.jar/java/lang/Override.class): major version 52 is newer than 51, the highest major version supported by this compiler.\n    [javac]   It is recommended that the compiler be upgraded.\n    [javac] warning: /home/cmd/jdk1.8.0_391/lib/ct.sym(META-INF/sym/rt.jar/java/lang/annotation/Annotation.class): major version 52 is newer than 51, the highest major version supported by this compiler.\n    [javac]   It is recommended that the compiler be upgraded.\n    [javac] warning: /home/cmd/jdk1.8.0_391/lib/ct.sym(META-INF/sym/rt.jar/java/lang/SuppressWarnings.class): major version 52 is newer than 51, the highest major version supported by this compiler.\n    [javac]   It is recommended that the compiler be upgraded.\n    [javac] /home/cmd/jdk1.8.0_391/lib/ct.sym(META-INF/sym/rt.jar/java/lang/IllegalStateException.class): warning: Cannot find annotation method 'value()' in type 'Profile+Annotation'\n    [javac] /home/cmd/jdk1.8.0_391/lib/ct.sym(META-INF/sym/rt.jar/java/lang/Integer.class): warning: Cannot find annotation method 'value()' in type 'Profile+Annotation'\n    [javac] /home/cmd/jdk1.8.0_391/lib/ct.sym(META-INF/sym/rt.jar/java/io/BufferedReader.class): warning: Cannot find annotation method 'value()' in type 'Profile+Annotation'\n    [javac] /home/cmd/jdk1.8.0_391/lib/ct.sym(META-INF/sym/rt.jar/java/lang/Readable.class): warning: Cannot find annotation method 'value()' in type 'Profile+Annotation'\n    [javac] /home/cmd/jdk1.8.0_391/lib/ct.sym(META-INF/sym/rt.jar/java/io/Closeable.class): warning: Cannot find annotation method 'value()' in type 'Profile+Annotation'\n    [javac] /home/cmd/jdk1.8.0_391/lib/ct.sym(META-INF/sym/rt.jar/java/lang/AutoCloseable.class): warning: Cannot find annotation method 'value()' in type 'Profile+Annotation'\n    [javac] /home/cmd/jdk1.8.0_391/lib/ct.sym(META-INF/sym/rt.jar/java/lang/StringBuilder.class): warning: Cannot find annotation method 'value()' in type 'Profile+Annotation'\n    [javac] /home/cmd/jdk1.8.0_391/lib/ct.sym(META-INF/sym/rt.jar/java/io/StringReader.class): warning: Cannot find annotation method 'value()' in type 'Profile+Annotation'\n    [javac] /home/cmd/jdk1.8.0_391/lib/ct.sym(META-INF/sym/rt.jar/java/util/ArrayList.class): warning: Cannot find annotation method 'value()' in type 'Profile+Annotation'\n    [javac] /home/cmd/jdk1.8.0_391/lib/ct.sym(META-INF/sym/rt.jar/java/util/LinkedHashMap.class): warning: Cannot find annotation method 'value()' in type 'Profile+Annotation'\n    [javac] /home/cmd/jdk1.8.0_391/lib/ct.sym(META-INF/sym/rt.jar/java/util/List.class): warning: Cannot find annotation method 'value()' in type 'Profile+Annotation'\n    [javac] /home/cmd/jdk1.8.0_391/lib/ct.sym(META-INF/sym/rt.jar/java/util/NoSuchElementException.class): warning: Cannot find annotation method 'value()' in type 'Profile+Annotation'\n    [javac] /home/cmd/jdk1.8.0_391/lib/ct.sym(META-INF/sym/rt.jar/java/io/Flushable.class): warning: Cannot find annotation method 'value()' in type 'Profile+Annotation'\n    [javac] /home/cmd/jdk1.8.0_391/lib/ct.sym(META-INF/sym/rt.jar/java/sql/ResultSet.class): warning: Cannot find annotation method 'value()' in type 'Profile+Annotation'\n    [javac] /home/cmd/jdk1.8.0_391/lib/ct.sym(META-INF/sym/rt.jar/java/sql/SQLException.class): warning: Cannot find annotation method 'value()' in type 'Profile+Annotation'\n    [javac] /home/cmd/jdk1.8.0_391/lib/ct.sym(META-INF/sym/rt.jar/java/lang/Appendable.class): warning: Cannot find annotation method 'value()' in type 'Profile+Annotation'\n    [javac] /home/cmd/jdk1.8.0_391/lib/ct.sym(META-INF/sym/rt.jar/java/lang/CharSequence.class): warning: Cannot find annotation method 'value()' in type 'Profile+Annotation'\n    [javac] warning: /home/cmd/jdk1.8.0_391/lib/ct.sym(META-INF/sym/rt.jar/java/lang/annotation/Target.class): major version 52 is newer than 51, the highest major version supported by this compiler.\n    [javac]   It is recommended that the compiler be upgraded.\n    [javac] warning: /home/cmd/jdk1.8.0_391/lib/ct.sym(META-INF/sym/rt.jar/java/lang/annotation/ElementType.class): major version 52 is newer than 51, the highest major version supported by this compiler.\n    [javac]   It is recommended that the compiler be upgraded.\n    [javac] warning: /home/cmd/jdk1.8.0_391/lib/ct.sym(META-INF/sym/rt.jar/java/lang/annotation/Retention.class): major version 52 is newer than 51, the highest major version supported by this compiler.\n    [javac]   It is recommended that the compiler be upgraded.\n    [javac] warning: /home/cmd/jdk1.8.0_391/lib/ct.sym(META-INF/sym/rt.jar/java/lang/annotation/RetentionPolicy.class): major version 52 is newer than 51, the highest major version supported by this compiler.\n    [javac]   It is recommended that the compiler be upgraded.\n    [javac] /home/cmd/jdk1.8.0_391/lib/ct.sym(META-INF/sym/rt.jar/java/lang/Override.class): warning: Cannot find annotation method 'value()' in type 'Profile+Annotation'\n    [javac] /home/cmd/jdk1.8.0_391/lib/ct.sym(META-INF/sym/rt.jar/java/lang/annotation/Annotation.class): warning: Cannot find annotation method 'value()' in type 'Profile+Annotation'\n    [javac] /home/cmd/jdk1.8.0_391/lib/ct.sym(META-INF/sym/rt.jar/java/lang/SuppressWarnings.class): warning: Cannot find annotation method 'value()' in type 'Profile+Annotation'\n    [javac] /home/cmd/jdk1.8.0_391/lib/ct.sym(META-INF/sym/rt.jar/java/lang/annotation/Target.class): warning: Cannot find annotation method 'value()' in type 'Profile+Annotation'\n    [javac] /home/cmd/jdk1.8.0_391/lib/ct.sym(META-INF/sym/rt.jar/java/lang/annotation/ElementType.class): warning: Cannot find annotation method 'value()' in type 'Profile+Annotation'\n    [javac] /home/cmd/jdk1.8.0_391/lib/ct.sym(META-INF/sym/rt.jar/java/lang/annotation/Retention.class): warning: Cannot find annotation method 'value()' in type 'Profile+Annotation'\n    [javac] /home/cmd/jdk1.8.0_391/lib/ct.sym(META-INF/sym/rt.jar/java/lang/annotation/RetentionPolicy.class): warning: Cannot find annotation method 'value()' in type 'Profile+Annotation'\n    [javac] warning: /home/cmd/jdk1.8.0_391/lib/ct.sym(META-INF/sym/rt.jar/java/lang/IllegalArgumentException.class): major version 52 is newer than 51, the highest major version supported by this compiler.\n    [javac]   It is recommended that the compiler be upgraded.\n    [javac] /home/cmd/jdk1.8.0_391/lib/ct.sym(META-INF/sym/rt.jar/java/lang/IllegalArgumentException.class): warning: Cannot find annotation method 'value()' in type 'Profile+Annotation'\n    [javac] warning: /home/cmd/jdk1.8.0_391/lib/ct.sym(META-INF/sym/rt.jar/java/lang/Throwable.class): major version 52 is newer than 51, the highest major version supported by this compiler.\n    [javac]   It is recommended that the compiler be upgraded.\n    [javac] /home/cmd/jdk1.8.0_391/lib/ct.sym(META-INF/sym/rt.jar/java/lang/Throwable.class): warning: Cannot find annotation method 'value()' in type 'Profile+Annotation'\n    [javac] warning: /home/cmd/jdk1.8.0_391/lib/ct.sym(META-INF/sym/rt.jar/java/lang/RuntimeException.class): major version 52 is newer than 51, the highest major version supported by this compiler.\n    [javac]   It is recommended that the compiler be upgraded.\n    [javac] /home/cmd/jdk1.8.0_391/lib/ct.sym(META-INF/sym/rt.jar/java/lang/RuntimeException.class): warning: Cannot find annotation method 'value()' in type 'Profile+Annotation'\n    [javac] warning: /home/cmd/jdk1.8.0_391/lib/ct.sym(META-INF/sym/rt.jar/java/lang/Exception.class): major version 52 is newer than 51, the highest major version supported by this compiler.\n    [javac]   It is recommended that the compiler be upgraded.\n    [javac] /home/cmd/jdk1.8.0_391/lib/ct.sym(META-INF/sym/rt.jar/java/lang/Exception.class): warning: Cannot find annotation method 'value()' in type 'Profile+Annotation'\n    [javac] warning: /home/cmd/jdk1.8.0_391/lib/ct.sym(META-INF/sym/rt.jar/java/io/Writer.class): major version 52 is newer than 51, the highest major version supported by this compiler.\n    [javac]   It is recommended that the compiler be upgraded.\n    [javac] /home/cmd/jdk1.8.0_391/lib/ct.sym(META-INF/sym/rt.jar/java/io/Writer.class): warning: Cannot find annotation method 'value()' in type 'Profile+Annotation'\n    [javac] warning: /home/cmd/jdk1.8.0_391/lib/ct.sym(META-INF/sym/rt.jar/java/lang/AbstractStringBuilder.class): major version 52 is newer than 51, the highest major version supported by this compiler.\n    [javac]   It is recommended that the compiler be upgraded.\n    [javac] /home/cmd/jdk1.8.0_391/lib/ct.sym(META-INF/sym/rt.jar/java/lang/AbstractStringBuilder.class): warning: Cannot find annotation method 'value()' in type 'Profile+Annotation'\n    [javac] warning: /home/cmd/jdk1.8.0_391/lib/ct.sym(META-INF/sym/rt.jar/java/lang/StringBuffer.class): major version 52 is newer than 51, the highest major version supported by this compiler.\n    [javac]   It is recommended that the compiler be upgraded.\n    [javac] /home/cmd/jdk1.8.0_391/lib/ct.sym(META-INF/sym/rt.jar/java/lang/StringBuffer.class): warning: Cannot find annotation method 'value()' in type 'Profile+Annotation'\n    [javac] warning: /home/cmd/jdk1.8.0_391/lib/ct.sym(META-INF/sym/rt.jar/java/lang/Class.class): major version 52 is newer than 51, the highest major version supported by this compiler.\n    [javac]   It is recommended that the compiler be upgraded.\n    [javac] /home/cmd/jdk1.8.0_391/lib/ct.sym(META-INF/sym/rt.jar/java/lang/Class.class): warning: Cannot find annotation method 'value()' in type 'Profile+Annotation'\n    [javac] warning: /home/cmd/jdk1.8.0_391/lib/ct.sym(META-INF/sym/rt.jar/java/lang/Error.class): major version 52 is newer than 51, the highest major version supported by this compiler.\n    [javac]   It is recommended that the compiler be upgraded.\n    [javac] /home/cmd/jdk1.8.0_391/lib/ct.sym(META-INF/sym/rt.jar/java/lang/Error.class): warning: Cannot find annotation method 'value()' in type 'Profile+Annotation'\n    [javac] warning: /home/cmd/jdk1.8.0_391/lib/ct.sym(META-INF/sym/rt.jar/java/lang/CloneNotSupportedException.class): major version 52 is newer than 51, the highest major version supported by this compiler.\n    [javac]   It is recommended that the compiler be upgraded.\n    [javac] /home/cmd/jdk1.8.0_391/lib/ct.sym(META-INF/sym/rt.jar/java/lang/CloneNotSupportedException.class): warning: Cannot find annotation method 'value()' in type 'Profile+Annotation'\n    [javac] warning: /home/cmd/jdk1.8.0_391/lib/ct.sym(META-INF/sym/rt.jar/java/lang/Number.class): major version 52 is newer than 51, the highest major version supported by this compiler.\n    [javac]   It is recommended that the compiler be upgraded.\n    [javac] /home/cmd/jdk1.8.0_391/lib/ct.sym(META-INF/sym/rt.jar/java/lang/Number.class): warning: Cannot find annotation method 'value()' in type 'Profile+Annotation'\n    [javac] /data/cmd/Ming/llm-fl-apr/tmp/Csv_2-prompt_apr_5-deepseek-chat/src/main/java/org/apache/commons/csv/CSVRecord.java:84: error: cannot find symbol\n    [javac] return index != null && index.intValue() < values.length ? values[index.intValue()] : null;            return index != null ? values[index.intValue()] : null;\n    [javac]        ^\n    [javac]   symbol:   variable index\n    [javac]   location: class CSVRecord\n    [javac] /data/cmd/Ming/llm-fl-apr/tmp/Csv_2-prompt_apr_5-deepseek-chat/src/main/java/org/apache/commons/csv/CSVRecord.java:84: error: cannot find symbol\n    [javac] return index != null && index.intValue() < values.length ? values[index.intValue()] : null;            return index != null ? values[index.intValue()] : null;\n    [javac]                         ^\n    [javac]   symbol:   variable index\n    [javac]   location: class CSVRecord\n    [javac] /data/cmd/Ming/llm-fl-apr/tmp/Csv_2-prompt_apr_5-deepseek-chat/src/main/java/org/apache/commons/csv/CSVRecord.java:84: error: cannot find symbol\n    [javac] return index != null && index.intValue() < values.length ? values[index.intValue()] : null;            return index != null ? values[index.intValue()] : null;\n    [javac]                                                                   ^\n    [javac]   symbol:   variable index\n    [javac]   location: class CSVRecord\n    [javac] warning: /home/cmd/jdk1.8.0_391/lib/ct.sym(META-INF/sym/rt.jar/java/lang/Byte.class): major version 52 is newer than 51, the highest major version supported by this compiler.\n    [javac]   It is recommended that the compiler be upgraded.\n    [javac] /home/cmd/jdk1.8.0_391/lib/ct.sym(META-INF/sym/rt.jar/java/lang/Byte.class): warning: Cannot find annotation method 'value()' in type 'Profile+Annotation'\n    [javac] warning: /home/cmd/jdk1.8.0_391/lib/ct.sym(META-INF/sym/rt.jar/java/lang/Short.class): major version 52 is newer than 51, the highest major version supported by this compiler.\n    [javac]   It is recommended that the compiler be upgraded.\n    [javac] /data/cmd/Ming/llm-fl-apr/tmp/Csv_2-prompt_apr_5-deepseek-chat/src/main/java/org/apache/commons/csv/CSVRecord.java:84: error: cannot find symbol\n    [javac] return index != null && index.intValue() < values.length ? values[index.intValue()] : null;            return index != null ? values[index.intValue()] : null;\n    [javac]                                                                                                               ^\n    [javac]   symbol:   variable index\n    [javac]   location: class CSVRecord\n    [javac] /data/cmd/Ming/llm-fl-apr/tmp/Csv_2-prompt_apr_5-deepseek-chat/src/main/java/org/apache/commons/csv/CSVRecord.java:84: error: cannot find symbol\n    [javac] return index != null && index.intValue() < values.length ? values[index.intValue()] : null;            return index != null ? values[index.intValue()] : null;\n    [javac]                                                                                                                                      ^\n    [javac]   symbol:   variable index\n    [javac]   location: class CSVRecord\n    [javac] 5 errors\n    [javac] 100 warnings\n\nBUILD FAILED\n/data/cmd/Ming/llm-fl-apr/tmp/Csv_2-prompt_apr_5-deepseek-chat/maven-build.xml:79: Compile failed; see the compiler error output for details.\n\nTotal time: 2 seconds\nCannot compile sources! at /data/cmd/Ming/LLM_Based-Mutation/tools/mutant/defects4j-2.1.0/framework/bin/d4j/d4j-compile line 82.\nCompilation failed in require at /data/cmd/Ming/LLM_Based-Mutation/tools/mutant/defects4j-2.1.0/framework/bin/defects4j line 195.\n"
                }
            }
        },
        "prompt_apr_6": {
            "ernie-3.5-128k": {
                "compile": {
                    "rc": 0,
                    "so": "",
                    "se": "Running ant (compile)...................................................... OK\nRunning ant (compile.tests)................................................ OK\n"
                },
                "test": {
                    "rc": 0,
                    "so": "Failing tests: 1\n  - org.apache.commons.csv.CSVRecordTest::testGetStringInconsistentRecord\n",
                    "se": "Running ant (compile.tests)................................................ OK\nRunning ant (run.dev.tests)................................................ OK\n"
                }
            },
            "qwen-turbo": {
                "compile": {
                    "rc": 1,
                    "so": "",
                    "se": "Running ant (compile)...................................................... FAIL\nExecuted command:  cd /data/cmd/Ming/llm-fl-apr/tmp/Csv_2-prompt_apr_6-qwen-turbo && /data/cmd/Ming/LLM_Based-Mutation/tools/mutant/defects4j-2.1.0/major/bin/ant -f /data/cmd/Ming/LLM_Based-Mutation/tools/mutant/defects4j-2.1.0/framework/projects/defects4j.build.xml -Dd4j.home=/data/cmd/Ming/LLM_Based-Mutation/tools/mutant/defects4j-2.1.0 -Dd4j.dir.projects=/data/cmd/Ming/LLM_Based-Mutation/tools/mutant/defects4j-2.1.0/framework/projects -Dbasedir=/data/cmd/Ming/llm-fl-apr/tmp/Csv_2-prompt_apr_6-qwen-turbo -Dbuild.compiler=javac1.7  compile 2>&1\nJava HotSpot(TM) 64-Bit Server VM warning: ignoring option MaxPermSize=1G; support was removed in 8.0\nBuildfile: /data/cmd/Ming/LLM_Based-Mutation/tools/mutant/defects4j-2.1.0/framework/projects/defects4j.build.xml\n\ntest-offline:\n\nget-deps:\n\ncommons-csv-from-maven.compile:\n    [mkdir] Created dir: /data/cmd/Ming/llm-fl-apr/tmp/Csv_2-prompt_apr_6-qwen-turbo/target/classes\n    [javac] /data/cmd/Ming/llm-fl-apr/tmp/Csv_2-prompt_apr_6-qwen-turbo/maven-build.xml:79: warning: 'includeantruntime' was not set, defaulting to build.sysclasspath=last; set to false for repeatable builds\n    [javac] Compiling 11 source files to /data/cmd/Ming/llm-fl-apr/tmp/Csv_2-prompt_apr_6-qwen-turbo/target/classes\n    [javac] warning: [options] bootstrap class path not set in conjunction with -source 1.5\n    [javac] /data/cmd/Ming/llm-fl-apr/tmp/Csv_2-prompt_apr_6-qwen-turbo/src/main/java/org/apache/commons/csv/CSVRecord.java:82: error: illegal start of expression\n    [javac] return index != null ? values[index.intValue()] : null;        }\n    [javac] ^\n    [javac] /data/cmd/Ming/llm-fl-apr/tmp/Csv_2-prompt_apr_6-qwen-turbo/src/main/java/org/apache/commons/csv/CSVRecord.java:82: error: ';' expected\n    [javac] return index != null ? values[index.intValue()] : null;        }\n    [javac]       ^\n    [javac] /data/cmd/Ming/llm-fl-apr/tmp/Csv_2-prompt_apr_6-qwen-turbo/src/main/java/org/apache/commons/csv/CSVRecord.java:82: error: illegal start of expression\n    [javac] return index != null ? values[index.intValue()] : null;        }\n    [javac]              ^\n    [javac] /data/cmd/Ming/llm-fl-apr/tmp/Csv_2-prompt_apr_6-qwen-turbo/src/main/java/org/apache/commons/csv/CSVRecord.java:82: error: ';' expected\n    [javac] return index != null ? values[index.intValue()] : null;        }\n    [javac]                ^\n    [javac] /data/cmd/Ming/llm-fl-apr/tmp/Csv_2-prompt_apr_6-qwen-turbo/src/main/java/org/apache/commons/csv/CSVRecord.java:82: error: illegal start of expression\n    [javac] return index != null ? values[index.intValue()] : null;        }\n    [javac]                      ^\n    [javac] /data/cmd/Ming/llm-fl-apr/tmp/Csv_2-prompt_apr_6-qwen-turbo/src/main/java/org/apache/commons/csv/CSVRecord.java:82: error: ']' expected\n    [javac] return index != null ? values[index.intValue()] : null;        }\n    [javac]                               ^\n    [javac] /data/cmd/Ming/llm-fl-apr/tmp/Csv_2-prompt_apr_6-qwen-turbo/src/main/java/org/apache/commons/csv/CSVRecord.java:82: error: illegal start of expression\n    [javac] return index != null ? values[index.intValue()] : null;        }\n    [javac]                                    ^\n    [javac] /data/cmd/Ming/llm-fl-apr/tmp/Csv_2-prompt_apr_6-qwen-turbo/src/main/java/org/apache/commons/csv/CSVRecord.java:82: error: ';' expected\n    [javac] return index != null ? values[index.intValue()] : null;        }\n    [javac]                                             ^\n    [javac] 8 errors\n    [javac] 1 warning\n\nBUILD FAILED\n/data/cmd/Ming/llm-fl-apr/tmp/Csv_2-prompt_apr_6-qwen-turbo/maven-build.xml:79: Compile failed; see the compiler error output for details.\n\nTotal time: 1 second\nCannot compile sources! at /data/cmd/Ming/LLM_Based-Mutation/tools/mutant/defects4j-2.1.0/framework/bin/d4j/d4j-compile line 82.\nCompilation failed in require at /data/cmd/Ming/LLM_Based-Mutation/tools/mutant/defects4j-2.1.0/framework/bin/defects4j line 195.\n"
                }
            },
            "doubao-pro-4k": {
                "compile": {
                    "rc": 1,
                    "so": "",
                    "se": "Running ant (compile)...................................................... FAIL\nExecuted command:  cd /data/cmd/Ming/llm-fl-apr/tmp/Csv_2-prompt_apr_6-doubao-pro-4k && /data/cmd/Ming/LLM_Based-Mutation/tools/mutant/defects4j-2.1.0/major/bin/ant -f /data/cmd/Ming/LLM_Based-Mutation/tools/mutant/defects4j-2.1.0/framework/projects/defects4j.build.xml -Dd4j.home=/data/cmd/Ming/LLM_Based-Mutation/tools/mutant/defects4j-2.1.0 -Dd4j.dir.projects=/data/cmd/Ming/LLM_Based-Mutation/tools/mutant/defects4j-2.1.0/framework/projects -Dbasedir=/data/cmd/Ming/llm-fl-apr/tmp/Csv_2-prompt_apr_6-doubao-pro-4k -Dbuild.compiler=javac1.7  compile 2>&1\nJava HotSpot(TM) 64-Bit Server VM warning: ignoring option MaxPermSize=1G; support was removed in 8.0\nBuildfile: /data/cmd/Ming/LLM_Based-Mutation/tools/mutant/defects4j-2.1.0/framework/projects/defects4j.build.xml\n\ntest-offline:\n\nget-deps:\n\ncommons-csv-from-maven.compile:\n    [mkdir] Created dir: /data/cmd/Ming/llm-fl-apr/tmp/Csv_2-prompt_apr_6-doubao-pro-4k/target/classes\n    [javac] /data/cmd/Ming/llm-fl-apr/tmp/Csv_2-prompt_apr_6-doubao-pro-4k/maven-build.xml:79: warning: 'includeantruntime' was not set, defaulting to build.sysclasspath=last; set to false for repeatable builds\n    [javac] Compiling 11 source files to /data/cmd/Ming/llm-fl-apr/tmp/Csv_2-prompt_apr_6-doubao-pro-4k/target/classes\n    [javac] warning: [options] bootstrap class path not set in conjunction with -source 1.5\n    [javac] /data/cmd/Ming/llm-fl-apr/tmp/Csv_2-prompt_apr_6-doubao-pro-4k/src/main/java/org/apache/commons/csv/CSVRecord.java:87: error: illegal start of type\n    [javac] return index!= null && index.intValue() < values.length? values[index.intValue()] : null;    /**\n    [javac] ^\n    [javac] /data/cmd/Ming/llm-fl-apr/tmp/Csv_2-prompt_apr_6-doubao-pro-4k/src/main/java/org/apache/commons/csv/CSVRecord.java:87: error: ';' expected\n    [javac] return index!= null && index.intValue() < values.length? values[index.intValue()] : null;    /**\n    [javac]       ^\n    [javac] /data/cmd/Ming/llm-fl-apr/tmp/Csv_2-prompt_apr_6-doubao-pro-4k/src/main/java/org/apache/commons/csv/CSVRecord.java:87: error: illegal start of type\n    [javac] return index!= null && index.intValue() < values.length? values[index.intValue()] : null;    /**\n    [javac]             ^\n    [javac] /data/cmd/Ming/llm-fl-apr/tmp/Csv_2-prompt_apr_6-doubao-pro-4k/src/main/java/org/apache/commons/csv/CSVRecord.java:87: error: <identifier> expected\n    [javac] return index!= null && index.intValue() < values.length? values[index.intValue()] : null;    /**\n    [javac]               ^\n    [javac] /data/cmd/Ming/llm-fl-apr/tmp/Csv_2-prompt_apr_6-doubao-pro-4k/src/main/java/org/apache/commons/csv/CSVRecord.java:87: error: ';' expected\n    [javac] return index!= null && index.intValue() < values.length? values[index.intValue()] : null;    /**\n    [javac]                    ^\n    [javac] /data/cmd/Ming/llm-fl-apr/tmp/Csv_2-prompt_apr_6-doubao-pro-4k/src/main/java/org/apache/commons/csv/CSVRecord.java:87: error: <identifier> expected\n    [javac] return index!= null && index.intValue() < values.length? values[index.intValue()] : null;    /**\n    [javac]                                      ^\n    [javac] /data/cmd/Ming/llm-fl-apr/tmp/Csv_2-prompt_apr_6-doubao-pro-4k/src/main/java/org/apache/commons/csv/CSVRecord.java:87: error: ';' expected\n    [javac] return index!= null && index.intValue() < values.length? values[index.intValue()] : null;    /**\n    [javac]                                        ^\n    [javac] /data/cmd/Ming/llm-fl-apr/tmp/Csv_2-prompt_apr_6-doubao-pro-4k/src/main/java/org/apache/commons/csv/CSVRecord.java:87: error: > expected\n    [javac] return index!= null && index.intValue() < values.length? values[index.intValue()] : null;    /**\n    [javac]                                                 ^\n    [javac] /data/cmd/Ming/llm-fl-apr/tmp/Csv_2-prompt_apr_6-doubao-pro-4k/src/main/java/org/apache/commons/csv/CSVRecord.java:87: error: '(' expected\n    [javac] return index!= null && index.intValue() < values.length? values[index.intValue()] : null;    /**\n    [javac]                                                        ^\n    [javac] /data/cmd/Ming/llm-fl-apr/tmp/Csv_2-prompt_apr_6-doubao-pro-4k/src/main/java/org/apache/commons/csv/CSVRecord.java:87: error: ']' expected\n    [javac] return index!= null && index.intValue() < values.length? values[index.intValue()] : null;    /**\n    [javac]                                                                 ^\n    [javac] /data/cmd/Ming/llm-fl-apr/tmp/Csv_2-prompt_apr_6-doubao-pro-4k/src/main/java/org/apache/commons/csv/CSVRecord.java:87: error: ';' expected\n    [javac] return index!= null && index.intValue() < values.length? values[index.intValue()] : null;    /**\n    [javac]                                                                      ^\n    [javac] /data/cmd/Ming/llm-fl-apr/tmp/Csv_2-prompt_apr_6-doubao-pro-4k/src/main/java/org/apache/commons/csv/CSVRecord.java:87: error: invalid method declaration; return type required\n    [javac] return index!= null && index.intValue() < values.length? values[index.intValue()] : null;    /**\n    [javac]                                                                       ^\n    [javac] /data/cmd/Ming/llm-fl-apr/tmp/Csv_2-prompt_apr_6-doubao-pro-4k/src/main/java/org/apache/commons/csv/CSVRecord.java:87: error: ';' expected\n    [javac] return index!= null && index.intValue() < values.length? values[index.intValue()] : null;    /**\n    [javac]                                                                                 ^\n    [javac] 13 errors\n    [javac] 1 warning\n\nBUILD FAILED\n/data/cmd/Ming/llm-fl-apr/tmp/Csv_2-prompt_apr_6-doubao-pro-4k/maven-build.xml:79: Compile failed; see the compiler error output for details.\n\nTotal time: 1 second\nCannot compile sources! at /data/cmd/Ming/LLM_Based-Mutation/tools/mutant/defects4j-2.1.0/framework/bin/d4j/d4j-compile line 82.\nCompilation failed in require at /data/cmd/Ming/LLM_Based-Mutation/tools/mutant/defects4j-2.1.0/framework/bin/defects4j line 195.\n"
                }
            },
            "gpt-4o-mini": {
                "compile": {
                    "rc": 0,
                    "so": "",
                    "se": "Running ant (compile)...................................................... OK\nRunning ant (compile.tests)................................................ OK\n"
                },
                "test": {
                    "rc": 0,
                    "so": "Failing tests: 1\n  - org.apache.commons.csv.CSVRecordTest::testGetStringInconsistentRecord\n",
                    "se": "Running ant (compile.tests)................................................ OK\nRunning ant (run.dev.tests)................................................ OK\n"
                }
            },
            "deepseek-chat": {
                "compile": {
                    "rc": 1,
                    "so": "",
                    "se": "Running ant (compile)...................................................... FAIL\nExecuted command:  cd /data/cmd/Ming/llm-fl-apr/tmp/Csv_2-prompt_apr_6-deepseek-chat && /data/cmd/Ming/LLM_Based-Mutation/tools/mutant/defects4j-2.1.0/major/bin/ant -f /data/cmd/Ming/LLM_Based-Mutation/tools/mutant/defects4j-2.1.0/framework/projects/defects4j.build.xml -Dd4j.home=/data/cmd/Ming/LLM_Based-Mutation/tools/mutant/defects4j-2.1.0 -Dd4j.dir.projects=/data/cmd/Ming/LLM_Based-Mutation/tools/mutant/defects4j-2.1.0/framework/projects -Dbasedir=/data/cmd/Ming/llm-fl-apr/tmp/Csv_2-prompt_apr_6-deepseek-chat -Dbuild.compiler=javac1.7  compile 2>&1\nJava HotSpot(TM) 64-Bit Server VM warning: ignoring option MaxPermSize=1G; support was removed in 8.0\nBuildfile: /data/cmd/Ming/LLM_Based-Mutation/tools/mutant/defects4j-2.1.0/framework/projects/defects4j.build.xml\n\ntest-offline:\n\nget-deps:\n\ncommons-csv-from-maven.compile:\n    [mkdir] Created dir: /data/cmd/Ming/llm-fl-apr/tmp/Csv_2-prompt_apr_6-deepseek-chat/target/classes\n    [javac] /data/cmd/Ming/llm-fl-apr/tmp/Csv_2-prompt_apr_6-deepseek-chat/maven-build.xml:79: warning: 'includeantruntime' was not set, defaulting to build.sysclasspath=last; set to false for repeatable builds\n    [javac] Compiling 11 source files to /data/cmd/Ming/llm-fl-apr/tmp/Csv_2-prompt_apr_6-deepseek-chat/target/classes\n    [javac] warning: [options] bootstrap class path not set in conjunction with -source 1.5\n    [javac] warning: /home/cmd/jdk1.8.0_391/lib/ct.sym(META-INF/sym/rt.jar/java/lang/Object.class): major version 52 is newer than 51, the highest major version supported by this compiler.\n    [javac]   It is recommended that the compiler be upgraded.\n    [javac] warning: /home/cmd/jdk1.8.0_391/lib/ct.sym(META-INF/sym/rt.jar/java/io/IOException.class): major version 52 is newer than 51, the highest major version supported by this compiler.\n    [javac]   It is recommended that the compiler be upgraded.\n    [javac] warning: /home/cmd/jdk1.8.0_391/lib/ct.sym(META-INF/sym/rt.jar/java/io/Reader.class): major version 52 is newer than 51, the highest major version supported by this compiler.\n    [javac]   It is recommended that the compiler be upgraded.\n    [javac] warning: /home/cmd/jdk1.8.0_391/lib/ct.sym(META-INF/sym/rt.jar/java/io/Serializable.class): major version 52 is newer than 51, the highest major version supported by this compiler.\n    [javac]   It is recommended that the compiler be upgraded.\n    [javac] warning: /home/cmd/jdk1.8.0_391/lib/ct.sym(META-INF/sym/rt.jar/java/io/StringWriter.class): major version 52 is newer than 51, the highest major version supported by this compiler.\n    [javac]   It is recommended that the compiler be upgraded.\n    [javac] warning: /home/cmd/jdk1.8.0_391/lib/ct.sym(META-INF/sym/rt.jar/java/util/Arrays.class): major version 52 is newer than 51, the highest major version supported by this compiler.\n    [javac]   It is recommended that the compiler be upgraded.\n    [javac] warning: /home/cmd/jdk1.8.0_391/lib/ct.sym(META-INF/sym/rt.jar/java/lang/Character.class): major version 52 is newer than 51, the highest major version supported by this compiler.\n    [javac]   It is recommended that the compiler be upgraded.\n    [javac] warning: /home/cmd/jdk1.8.0_391/lib/ct.sym(META-INF/sym/rt.jar/java/lang/Enum.class): major version 52 is newer than 51, the highest major version supported by this compiler.\n    [javac]   It is recommended that the compiler be upgraded.\n    [javac] warning: /home/cmd/jdk1.8.0_391/lib/ct.sym(META-INF/sym/rt.jar/java/lang/Comparable.class): major version 52 is newer than 51, the highest major version supported by this compiler.\n    [javac]   It is recommended that the compiler be upgraded.\n    [javac] warning: /home/cmd/jdk1.8.0_391/lib/ct.sym(META-INF/sym/rt.jar/java/lang/String.class): major version 52 is newer than 51, the highest major version supported by this compiler.\n    [javac]   It is recommended that the compiler be upgraded.\n    [javac] warning: /home/cmd/jdk1.8.0_391/lib/ct.sym(META-INF/sym/rt.jar/java/lang/Iterable.class): major version 52 is newer than 51, the highest major version supported by this compiler.\n    [javac]   It is recommended that the compiler be upgraded.\n    [javac] warning: /home/cmd/jdk1.8.0_391/lib/ct.sym(META-INF/sym/rt.jar/java/util/Iterator.class): major version 52 is newer than 51, the highest major version supported by this compiler.\n    [javac]   It is recommended that the compiler be upgraded.\n    [javac] warning: /home/cmd/jdk1.8.0_391/lib/ct.sym(META-INF/sym/rt.jar/java/util/Map.class): major version 52 is newer than 51, the highest major version supported by this compiler.\n    [javac]   It is recommended that the compiler be upgraded.\n    [javac] warning: /home/cmd/jdk1.8.0_391/lib/ct.sym(META-INF/sym/rt.jar/java/lang/IllegalStateException.class): major version 52 is newer than 51, the highest major version supported by this compiler.\n    [javac]   It is recommended that the compiler be upgraded.\n    [javac] warning: /home/cmd/jdk1.8.0_391/lib/ct.sym(META-INF/sym/rt.jar/java/lang/Integer.class): major version 52 is newer than 51, the highest major version supported by this compiler.\n    [javac]   It is recommended that the compiler be upgraded.\n    [javac] warning: /home/cmd/jdk1.8.0_391/lib/ct.sym(META-INF/sym/rt.jar/java/io/BufferedReader.class): major version 52 is newer than 51, the highest major version supported by this compiler.\n    [javac]   It is recommended that the compiler be upgraded.\n    [javac] warning: /home/cmd/jdk1.8.0_391/lib/ct.sym(META-INF/sym/rt.jar/java/lang/Readable.class): major version 52 is newer than 51, the highest major version supported by this compiler.\n    [javac]   It is recommended that the compiler be upgraded.\n    [javac] warning: /home/cmd/jdk1.8.0_391/lib/ct.sym(META-INF/sym/rt.jar/java/io/Closeable.class): major version 52 is newer than 51, the highest major version supported by this compiler.\n    [javac]   It is recommended that the compiler be upgraded.\n    [javac] warning: /home/cmd/jdk1.8.0_391/lib/ct.sym(META-INF/sym/rt.jar/java/lang/AutoCloseable.class): major version 52 is newer than 51, the highest major version supported by this compiler.\n    [javac]   It is recommended that the compiler be upgraded.\n    [javac] warning: /home/cmd/jdk1.8.0_391/lib/ct.sym(META-INF/sym/rt.jar/java/lang/StringBuilder.class): major version 52 is newer than 51, the highest major version supported by this compiler.\n    [javac]   It is recommended that the compiler be upgraded.\n    [javac] warning: /home/cmd/jdk1.8.0_391/lib/ct.sym(META-INF/sym/rt.jar/java/io/StringReader.class): major version 52 is newer than 51, the highest major version supported by this compiler.\n    [javac]   It is recommended that the compiler be upgraded.\n    [javac] warning: /home/cmd/jdk1.8.0_391/lib/ct.sym(META-INF/sym/rt.jar/java/util/ArrayList.class): major version 52 is newer than 51, the highest major version supported by this compiler.\n    [javac]   It is recommended that the compiler be upgraded.\n    [javac] warning: /home/cmd/jdk1.8.0_391/lib/ct.sym(META-INF/sym/rt.jar/java/util/LinkedHashMap.class): major version 52 is newer than 51, the highest major version supported by this compiler.\n    [javac]   It is recommended that the compiler be upgraded.\n    [javac] warning: /home/cmd/jdk1.8.0_391/lib/ct.sym(META-INF/sym/rt.jar/java/util/List.class): major version 52 is newer than 51, the highest major version supported by this compiler.\n    [javac]   It is recommended that the compiler be upgraded.\n    [javac] warning: /home/cmd/jdk1.8.0_391/lib/ct.sym(META-INF/sym/rt.jar/java/util/NoSuchElementException.class): major version 52 is newer than 51, the highest major version supported by this compiler.\n    [javac]   It is recommended that the compiler be upgraded.\n    [javac] warning: /home/cmd/jdk1.8.0_391/lib/ct.sym(META-INF/sym/rt.jar/java/io/Flushable.class): major version 52 is newer than 51, the highest major version supported by this compiler.\n    [javac]   It is recommended that the compiler be upgraded.\n    [javac] warning: /home/cmd/jdk1.8.0_391/lib/ct.sym(META-INF/sym/rt.jar/java/sql/ResultSet.class): major version 52 is newer than 51, the highest major version supported by this compiler.\n    [javac]   It is recommended that the compiler be upgraded.\n    [javac] warning: /home/cmd/jdk1.8.0_391/lib/ct.sym(META-INF/sym/rt.jar/java/sql/SQLException.class): major version 52 is newer than 51, the highest major version supported by this compiler.\n    [javac]   It is recommended that the compiler be upgraded.\n    [javac] warning: /home/cmd/jdk1.8.0_391/lib/ct.sym(META-INF/sym/rt.jar/java/lang/Appendable.class): major version 52 is newer than 51, the highest major version supported by this compiler.\n    [javac]   It is recommended that the compiler be upgraded.\n    [javac] warning: /home/cmd/jdk1.8.0_391/lib/ct.sym(META-INF/sym/rt.jar/java/lang/CharSequence.class): major version 52 is newer than 51, the highest major version supported by this compiler.\n    [javac]   It is recommended that the compiler be upgraded.\n    [javac] /home/cmd/jdk1.8.0_391/lib/ct.sym(META-INF/sym/rt.jar/java/lang/Object.class): warning: Cannot find annotation method 'value()' in type 'Profile+Annotation': class file for jdk.Profile+Annotation not found\n    [javac] /home/cmd/jdk1.8.0_391/lib/ct.sym(META-INF/sym/rt.jar/java/io/IOException.class): warning: Cannot find annotation method 'value()' in type 'Profile+Annotation'\n    [javac] /home/cmd/jdk1.8.0_391/lib/ct.sym(META-INF/sym/rt.jar/java/io/Reader.class): warning: Cannot find annotation method 'value()' in type 'Profile+Annotation'\n    [javac] /home/cmd/jdk1.8.0_391/lib/ct.sym(META-INF/sym/rt.jar/java/io/Serializable.class): warning: Cannot find annotation method 'value()' in type 'Profile+Annotation'\n    [javac] /home/cmd/jdk1.8.0_391/lib/ct.sym(META-INF/sym/rt.jar/java/io/StringWriter.class): warning: Cannot find annotation method 'value()' in type 'Profile+Annotation'\n    [javac] /home/cmd/jdk1.8.0_391/lib/ct.sym(META-INF/sym/rt.jar/java/util/Arrays.class): warning: Cannot find annotation method 'value()' in type 'Profile+Annotation'\n    [javac] /home/cmd/jdk1.8.0_391/lib/ct.sym(META-INF/sym/rt.jar/java/lang/Character.class): warning: Cannot find annotation method 'value()' in type 'Profile+Annotation'\n    [javac] /home/cmd/jdk1.8.0_391/lib/ct.sym(META-INF/sym/rt.jar/java/lang/Enum.class): warning: Cannot find annotation method 'value()' in type 'Profile+Annotation'\n    [javac] /home/cmd/jdk1.8.0_391/lib/ct.sym(META-INF/sym/rt.jar/java/lang/Comparable.class): warning: Cannot find annotation method 'value()' in type 'Profile+Annotation'\n    [javac] /home/cmd/jdk1.8.0_391/lib/ct.sym(META-INF/sym/rt.jar/java/lang/String.class): warning: Cannot find annotation method 'value()' in type 'Profile+Annotation'\n    [javac] /home/cmd/jdk1.8.0_391/lib/ct.sym(META-INF/sym/rt.jar/java/lang/Iterable.class): warning: Cannot find annotation method 'value()' in type 'Profile+Annotation'\n    [javac] /home/cmd/jdk1.8.0_391/lib/ct.sym(META-INF/sym/rt.jar/java/util/Iterator.class): warning: Cannot find annotation method 'value()' in type 'Profile+Annotation'\n    [javac] /home/cmd/jdk1.8.0_391/lib/ct.sym(META-INF/sym/rt.jar/java/util/Map.class): warning: Cannot find annotation method 'value()' in type 'Profile+Annotation'\n    [javac] warning: /home/cmd/jdk1.8.0_391/lib/ct.sym(META-INF/sym/rt.jar/java/lang/Override.class): major version 52 is newer than 51, the highest major version supported by this compiler.\n    [javac]   It is recommended that the compiler be upgraded.\n    [javac] warning: /home/cmd/jdk1.8.0_391/lib/ct.sym(META-INF/sym/rt.jar/java/lang/annotation/Annotation.class): major version 52 is newer than 51, the highest major version supported by this compiler.\n    [javac]   It is recommended that the compiler be upgraded.\n    [javac] warning: /home/cmd/jdk1.8.0_391/lib/ct.sym(META-INF/sym/rt.jar/java/lang/SuppressWarnings.class): major version 52 is newer than 51, the highest major version supported by this compiler.\n    [javac]   It is recommended that the compiler be upgraded.\n    [javac] /home/cmd/jdk1.8.0_391/lib/ct.sym(META-INF/sym/rt.jar/java/lang/IllegalStateException.class): warning: Cannot find annotation method 'value()' in type 'Profile+Annotation'\n    [javac] /home/cmd/jdk1.8.0_391/lib/ct.sym(META-INF/sym/rt.jar/java/lang/Integer.class): warning: Cannot find annotation method 'value()' in type 'Profile+Annotation'\n    [javac] /home/cmd/jdk1.8.0_391/lib/ct.sym(META-INF/sym/rt.jar/java/io/BufferedReader.class): warning: Cannot find annotation method 'value()' in type 'Profile+Annotation'\n    [javac] /home/cmd/jdk1.8.0_391/lib/ct.sym(META-INF/sym/rt.jar/java/lang/Readable.class): warning: Cannot find annotation method 'value()' in type 'Profile+Annotation'\n    [javac] /home/cmd/jdk1.8.0_391/lib/ct.sym(META-INF/sym/rt.jar/java/io/Closeable.class): warning: Cannot find annotation method 'value()' in type 'Profile+Annotation'\n    [javac] /home/cmd/jdk1.8.0_391/lib/ct.sym(META-INF/sym/rt.jar/java/lang/AutoCloseable.class): warning: Cannot find annotation method 'value()' in type 'Profile+Annotation'\n    [javac] /home/cmd/jdk1.8.0_391/lib/ct.sym(META-INF/sym/rt.jar/java/lang/StringBuilder.class): warning: Cannot find annotation method 'value()' in type 'Profile+Annotation'\n    [javac] /home/cmd/jdk1.8.0_391/lib/ct.sym(META-INF/sym/rt.jar/java/io/StringReader.class): warning: Cannot find annotation method 'value()' in type 'Profile+Annotation'\n    [javac] /home/cmd/jdk1.8.0_391/lib/ct.sym(META-INF/sym/rt.jar/java/util/ArrayList.class): warning: Cannot find annotation method 'value()' in type 'Profile+Annotation'\n    [javac] /home/cmd/jdk1.8.0_391/lib/ct.sym(META-INF/sym/rt.jar/java/util/LinkedHashMap.class): warning: Cannot find annotation method 'value()' in type 'Profile+Annotation'\n    [javac] /home/cmd/jdk1.8.0_391/lib/ct.sym(META-INF/sym/rt.jar/java/util/List.class): warning: Cannot find annotation method 'value()' in type 'Profile+Annotation'\n    [javac] /home/cmd/jdk1.8.0_391/lib/ct.sym(META-INF/sym/rt.jar/java/util/NoSuchElementException.class): warning: Cannot find annotation method 'value()' in type 'Profile+Annotation'\n    [javac] /home/cmd/jdk1.8.0_391/lib/ct.sym(META-INF/sym/rt.jar/java/io/Flushable.class): warning: Cannot find annotation method 'value()' in type 'Profile+Annotation'\n    [javac] /home/cmd/jdk1.8.0_391/lib/ct.sym(META-INF/sym/rt.jar/java/sql/ResultSet.class): warning: Cannot find annotation method 'value()' in type 'Profile+Annotation'\n    [javac] /home/cmd/jdk1.8.0_391/lib/ct.sym(META-INF/sym/rt.jar/java/sql/SQLException.class): warning: Cannot find annotation method 'value()' in type 'Profile+Annotation'\n    [javac] /home/cmd/jdk1.8.0_391/lib/ct.sym(META-INF/sym/rt.jar/java/lang/Appendable.class): warning: Cannot find annotation method 'value()' in type 'Profile+Annotation'\n    [javac] /home/cmd/jdk1.8.0_391/lib/ct.sym(META-INF/sym/rt.jar/java/lang/CharSequence.class): warning: Cannot find annotation method 'value()' in type 'Profile+Annotation'\n    [javac] warning: /home/cmd/jdk1.8.0_391/lib/ct.sym(META-INF/sym/rt.jar/java/lang/annotation/Target.class): major version 52 is newer than 51, the highest major version supported by this compiler.\n    [javac]   It is recommended that the compiler be upgraded.\n    [javac] warning: /home/cmd/jdk1.8.0_391/lib/ct.sym(META-INF/sym/rt.jar/java/lang/annotation/ElementType.class): major version 52 is newer than 51, the highest major version supported by this compiler.\n    [javac]   It is recommended that the compiler be upgraded.\n    [javac] warning: /home/cmd/jdk1.8.0_391/lib/ct.sym(META-INF/sym/rt.jar/java/lang/annotation/Retention.class): major version 52 is newer than 51, the highest major version supported by this compiler.\n    [javac]   It is recommended that the compiler be upgraded.\n    [javac] warning: /home/cmd/jdk1.8.0_391/lib/ct.sym(META-INF/sym/rt.jar/java/lang/annotation/RetentionPolicy.class): major version 52 is newer than 51, the highest major version supported by this compiler.\n    [javac]   It is recommended that the compiler be upgraded.\n    [javac] /home/cmd/jdk1.8.0_391/lib/ct.sym(META-INF/sym/rt.jar/java/lang/Override.class): warning: Cannot find annotation method 'value()' in type 'Profile+Annotation'\n    [javac] /home/cmd/jdk1.8.0_391/lib/ct.sym(META-INF/sym/rt.jar/java/lang/annotation/Annotation.class): warning: Cannot find annotation method 'value()' in type 'Profile+Annotation'\n    [javac] /home/cmd/jdk1.8.0_391/lib/ct.sym(META-INF/sym/rt.jar/java/lang/SuppressWarnings.class): warning: Cannot find annotation method 'value()' in type 'Profile+Annotation'\n    [javac] /home/cmd/jdk1.8.0_391/lib/ct.sym(META-INF/sym/rt.jar/java/lang/annotation/Target.class): warning: Cannot find annotation method 'value()' in type 'Profile+Annotation'\n    [javac] /home/cmd/jdk1.8.0_391/lib/ct.sym(META-INF/sym/rt.jar/java/lang/annotation/ElementType.class): warning: Cannot find annotation method 'value()' in type 'Profile+Annotation'\n    [javac] /home/cmd/jdk1.8.0_391/lib/ct.sym(META-INF/sym/rt.jar/java/lang/annotation/Retention.class): warning: Cannot find annotation method 'value()' in type 'Profile+Annotation'\n    [javac] /home/cmd/jdk1.8.0_391/lib/ct.sym(META-INF/sym/rt.jar/java/lang/annotation/RetentionPolicy.class): warning: Cannot find annotation method 'value()' in type 'Profile+Annotation'\n    [javac] warning: /home/cmd/jdk1.8.0_391/lib/ct.sym(META-INF/sym/rt.jar/java/lang/IllegalArgumentException.class): major version 52 is newer than 51, the highest major version supported by this compiler.\n    [javac]   It is recommended that the compiler be upgraded.\n    [javac] /home/cmd/jdk1.8.0_391/lib/ct.sym(META-INF/sym/rt.jar/java/lang/IllegalArgumentException.class): warning: Cannot find annotation method 'value()' in type 'Profile+Annotation'\n    [javac] warning: /home/cmd/jdk1.8.0_391/lib/ct.sym(META-INF/sym/rt.jar/java/lang/Throwable.class): major version 52 is newer than 51, the highest major version supported by this compiler.\n    [javac]   It is recommended that the compiler be upgraded.\n    [javac] /home/cmd/jdk1.8.0_391/lib/ct.sym(META-INF/sym/rt.jar/java/lang/Throwable.class): warning: Cannot find annotation method 'value()' in type 'Profile+Annotation'\n    [javac] warning: /home/cmd/jdk1.8.0_391/lib/ct.sym(META-INF/sym/rt.jar/java/lang/RuntimeException.class): major version 52 is newer than 51, the highest major version supported by this compiler.\n    [javac]   It is recommended that the compiler be upgraded.\n    [javac] /home/cmd/jdk1.8.0_391/lib/ct.sym(META-INF/sym/rt.jar/java/lang/RuntimeException.class): warning: Cannot find annotation method 'value()' in type 'Profile+Annotation'\n    [javac] warning: /home/cmd/jdk1.8.0_391/lib/ct.sym(META-INF/sym/rt.jar/java/lang/Exception.class): major version 52 is newer than 51, the highest major version supported by this compiler.\n    [javac]   It is recommended that the compiler be upgraded.\n    [javac] /home/cmd/jdk1.8.0_391/lib/ct.sym(META-INF/sym/rt.jar/java/lang/Exception.class): warning: Cannot find annotation method 'value()' in type 'Profile+Annotation'\n    [javac] warning: /home/cmd/jdk1.8.0_391/lib/ct.sym(META-INF/sym/rt.jar/java/io/Writer.class): major version 52 is newer than 51, the highest major version supported by this compiler.\n    [javac]   It is recommended that the compiler be upgraded.\n    [javac] /home/cmd/jdk1.8.0_391/lib/ct.sym(META-INF/sym/rt.jar/java/io/Writer.class): warning: Cannot find annotation method 'value()' in type 'Profile+Annotation'\n    [javac] warning: /home/cmd/jdk1.8.0_391/lib/ct.sym(META-INF/sym/rt.jar/java/lang/AbstractStringBuilder.class): major version 52 is newer than 51, the highest major version supported by this compiler.\n    [javac]   It is recommended that the compiler be upgraded.\n    [javac] /home/cmd/jdk1.8.0_391/lib/ct.sym(META-INF/sym/rt.jar/java/lang/AbstractStringBuilder.class): warning: Cannot find annotation method 'value()' in type 'Profile+Annotation'\n    [javac] warning: /home/cmd/jdk1.8.0_391/lib/ct.sym(META-INF/sym/rt.jar/java/lang/StringBuffer.class): major version 52 is newer than 51, the highest major version supported by this compiler.\n    [javac]   It is recommended that the compiler be upgraded.\n    [javac] /home/cmd/jdk1.8.0_391/lib/ct.sym(META-INF/sym/rt.jar/java/lang/StringBuffer.class): warning: Cannot find annotation method 'value()' in type 'Profile+Annotation'\n    [javac] warning: /home/cmd/jdk1.8.0_391/lib/ct.sym(META-INF/sym/rt.jar/java/lang/Class.class): major version 52 is newer than 51, the highest major version supported by this compiler.\n    [javac]   It is recommended that the compiler be upgraded.\n    [javac] /home/cmd/jdk1.8.0_391/lib/ct.sym(META-INF/sym/rt.jar/java/lang/Class.class): warning: Cannot find annotation method 'value()' in type 'Profile+Annotation'\n    [javac] warning: /home/cmd/jdk1.8.0_391/lib/ct.sym(META-INF/sym/rt.jar/java/lang/Error.class): major version 52 is newer than 51, the highest major version supported by this compiler.\n    [javac]   It is recommended that the compiler be upgraded.\n    [javac] /home/cmd/jdk1.8.0_391/lib/ct.sym(META-INF/sym/rt.jar/java/lang/Error.class): warning: Cannot find annotation method 'value()' in type 'Profile+Annotation'\n    [javac] warning: /home/cmd/jdk1.8.0_391/lib/ct.sym(META-INF/sym/rt.jar/java/lang/CloneNotSupportedException.class): major version 52 is newer than 51, the highest major version supported by this compiler.\n    [javac]   It is recommended that the compiler be upgraded.\n    [javac] /home/cmd/jdk1.8.0_391/lib/ct.sym(META-INF/sym/rt.jar/java/lang/CloneNotSupportedException.class): warning: Cannot find annotation method 'value()' in type 'Profile+Annotation'\n    [javac] warning: /home/cmd/jdk1.8.0_391/lib/ct.sym(META-INF/sym/rt.jar/java/lang/Number.class): major version 52 is newer than 51, the highest major version supported by this compiler.\n    [javac]   It is recommended that the compiler be upgraded.\n    [javac] /home/cmd/jdk1.8.0_391/lib/ct.sym(META-INF/sym/rt.jar/java/lang/Number.class): warning: Cannot find annotation method 'value()' in type 'Profile+Annotation'\n    [javac] /data/cmd/Ming/llm-fl-apr/tmp/Csv_2-prompt_apr_6-deepseek-chat/src/main/java/org/apache/commons/csv/CSVRecord.java:84: error: cannot find symbol\n    [javac] return index != null && index.intValue() < values.length ? values[index.intValue()] : null;            return index != null ? values[index.intValue()] : null;\n    [javac]        ^\n    [javac]   symbol:   variable index\n    [javac]   location: class CSVRecord\n    [javac] /data/cmd/Ming/llm-fl-apr/tmp/Csv_2-prompt_apr_6-deepseek-chat/src/main/java/org/apache/commons/csv/CSVRecord.java:84: error: cannot find symbol\n    [javac] return index != null && index.intValue() < values.length ? values[index.intValue()] : null;            return index != null ? values[index.intValue()] : null;\n    [javac]                         ^\n    [javac]   symbol:   variable index\n    [javac]   location: class CSVRecord\n    [javac] /data/cmd/Ming/llm-fl-apr/tmp/Csv_2-prompt_apr_6-deepseek-chat/src/main/java/org/apache/commons/csv/CSVRecord.java:84: error: cannot find symbol\n    [javac] return index != null && index.intValue() < values.length ? values[index.intValue()] : null;            return index != null ? values[index.intValue()] : null;\n    [javac]                                                                   ^\n    [javac]   symbol:   variable index\n    [javac]   location: class CSVRecord\n    [javac] warning: /home/cmd/jdk1.8.0_391/lib/ct.sym(META-INF/sym/rt.jar/java/lang/Byte.class): major version 52 is newer than 51, the highest major version supported by this compiler.\n    [javac]   It is recommended that the compiler be upgraded.\n    [javac] /home/cmd/jdk1.8.0_391/lib/ct.sym(META-INF/sym/rt.jar/java/lang/Byte.class): warning: Cannot find annotation method 'value()' in type 'Profile+Annotation'\n    [javac] warning: /home/cmd/jdk1.8.0_391/lib/ct.sym(META-INF/sym/rt.jar/java/lang/Short.class): major version 52 is newer than 51, the highest major version supported by this compiler.\n    [javac]   It is recommended that the compiler be upgraded.\n    [javac] /data/cmd/Ming/llm-fl-apr/tmp/Csv_2-prompt_apr_6-deepseek-chat/src/main/java/org/apache/commons/csv/CSVRecord.java:84: error: cannot find symbol\n    [javac] return index != null && index.intValue() < values.length ? values[index.intValue()] : null;            return index != null ? values[index.intValue()] : null;\n    [javac]                                                                                                               ^\n    [javac]   symbol:   variable index\n    [javac]   location: class CSVRecord\n    [javac] /data/cmd/Ming/llm-fl-apr/tmp/Csv_2-prompt_apr_6-deepseek-chat/src/main/java/org/apache/commons/csv/CSVRecord.java:84: error: cannot find symbol\n    [javac] return index != null && index.intValue() < values.length ? values[index.intValue()] : null;            return index != null ? values[index.intValue()] : null;\n    [javac]                                                                                                                                      ^\n    [javac]   symbol:   variable index\n    [javac]   location: class CSVRecord\n    [javac] 5 errors\n    [javac] 100 warnings\n\nBUILD FAILED\n/data/cmd/Ming/llm-fl-apr/tmp/Csv_2-prompt_apr_6-deepseek-chat/maven-build.xml:79: Compile failed; see the compiler error output for details.\n\nTotal time: 2 seconds\nCannot compile sources! at /data/cmd/Ming/LLM_Based-Mutation/tools/mutant/defects4j-2.1.0/framework/bin/d4j/d4j-compile line 82.\nCompilation failed in require at /data/cmd/Ming/LLM_Based-Mutation/tools/mutant/defects4j-2.1.0/framework/bin/defects4j line 195.\n"
                }
            }
        }
    }
}