{
    "overall_status": {
        "prompt_apr_1": {
            "ernie-3.5-128k": "Fail some tests",
            "qwen-turbo": "Compile failed",
            "doubao-pro-4k": "Fail some tests",
            "gpt-4o-mini": "Fail some tests",
            "deepseek-chat": "Fail some tests"
        },
        "prompt_apr_2": {
            "ernie-3.5-128k": "Compile failed",
            "qwen-turbo": "Compile failed",
            "doubao-pro-4k": "Fail some tests",
            "gpt-4o-mini": "Fail some tests",
            "deepseek-chat": "Compile failed"
        },
        "prompt_apr_3": {
            "ernie-3.5-128k": "Compile failed",
            "qwen-turbo": "Compile failed",
            "doubao-pro-4k": "Fail some tests",
            "gpt-4o-mini": "Compile failed",
            "deepseek-chat": "Compile failed"
        },
        "prompt_apr_4": {
            "ernie-3.5-128k": "Compile failed",
            "qwen-turbo": "Compile failed",
            "doubao-pro-4k": "Compile failed",
            "gpt-4o-mini": "Compile failed",
            "deepseek-chat": "Compile failed"
        },
        "prompt_apr_5": {
            "ernie-3.5-128k": "Compile failed",
            "qwen-turbo": "Compile failed",
            "doubao-pro-4k": "Compile failed",
            "gpt-4o-mini": "Compile failed",
            "deepseek-chat": "Compile failed"
        },
        "prompt_apr_6": {
            "ernie-3.5-128k": "Compile failed",
            "qwen-turbo": "Compile failed",
            "doubao-pro-4k": "Failed",
            "gpt-4o-mini": "Compile failed",
            "deepseek-chat": "Fail some tests"
        }
    },
    "check_results_list": {
        "prompt_apr_1": {
            "ernie-3.5-128k": {
                "compile": {
                    "rc": 0,
                    "so": "",
                    "se": "Running ant (compile)...................................................... OK\nRunning ant (compile.tests)................................................ OK\n"
                },
                "test": {
                    "rc": 0,
                    "so": "Failing tests: 1\n  - com.fasterxml.jackson.databind.interop.IllegalTypesCheckTest::testC3P0Types\n",
                    "se": "Running ant (compile.tests)................................................ OK\nRunning ant (run.dev.tests)................................................ OK\n"
                }
            },
            "qwen-turbo": {
                "compile": {
                    "rc": 1,
                    "so": "",
                    "se": "Running ant (compile)...................................................... FAIL\nExecuted command:  cd /data/cmd/Ming/llm-fl-apr/tmp/JacksonDatabind_94-prompt_apr_1-qwen-turbo && /data/cmd/Ming/LLM_Based-Mutation/tools/mutant/defects4j-2.1.0/major/bin/ant -f /data/cmd/Ming/LLM_Based-Mutation/tools/mutant/defects4j-2.1.0/framework/projects/defects4j.build.xml -Dd4j.home=/data/cmd/Ming/LLM_Based-Mutation/tools/mutant/defects4j-2.1.0 -Dd4j.dir.projects=/data/cmd/Ming/LLM_Based-Mutation/tools/mutant/defects4j-2.1.0/framework/projects -Dbasedir=/data/cmd/Ming/llm-fl-apr/tmp/JacksonDatabind_94-prompt_apr_1-qwen-turbo -Dbuild.compiler=javac1.7  compile 2>&1\nJava HotSpot(TM) 64-Bit Server VM warning: ignoring option MaxPermSize=1G; support was removed in 8.0\nBuildfile: /data/cmd/Ming/LLM_Based-Mutation/tools/mutant/defects4j-2.1.0/framework/projects/defects4j.build.xml\n\ntest-offline:\n\nget-deps:\n\njackson-databind-from-maven.compile:\n    [mkdir] Created dir: /data/cmd/Ming/llm-fl-apr/tmp/JacksonDatabind_94-prompt_apr_1-qwen-turbo/target/classes\n    [javac] /data/cmd/Ming/llm-fl-apr/tmp/JacksonDatabind_94-prompt_apr_1-qwen-turbo/maven-build.xml:89: warning: 'includeantruntime' was not set, defaulting to build.sysclasspath=last; set to false for repeatable builds\n    [javac] Compiling 391 source files to /data/cmd/Ming/llm-fl-apr/tmp/JacksonDatabind_94-prompt_apr_1-qwen-turbo/target/classes\n    [javac] /data/cmd/Ming/llm-fl-apr/tmp/JacksonDatabind_94-prompt_apr_1-qwen-turbo/src/main/java/com/fasterxml/jackson/databind/jsontype/impl/SubTypeValidator.java:71: error: <identifier> expected\n    [javac] Certainly! The issue in the provided code is that the `return` statement is placed inside the loop, which means it will prematurely exit the method before completing the necessary checks. To fix this, we should ensure that the `return` statement is placed outside the loop and after all necessary checks have been performed.\n    [javac]          ^\n    [javac] /data/cmd/Ming/llm-fl-apr/tmp/JacksonDatabind_94-prompt_apr_1-qwen-turbo/src/main/java/com/fasterxml/jackson/databind/jsontype/impl/SubTypeValidator.java:71: error: ';' expected\n    [javac] Certainly! The issue in the provided code is that the `return` statement is placed inside the loop, which means it will prematurely exit the method before completing the necessary checks. To fix this, we should ensure that the `return` statement is placed outside the loop and after all necessary checks have been performed.\n    [javac]                     ^\n    [javac] /data/cmd/Ming/llm-fl-apr/tmp/JacksonDatabind_94-prompt_apr_1-qwen-turbo/src/main/java/com/fasterxml/jackson/databind/jsontype/impl/SubTypeValidator.java:71: error: ';' expected\n    [javac] Certainly! The issue in the provided code is that the `return` statement is placed inside the loop, which means it will prematurely exit the method before completing the necessary checks. To fix this, we should ensure that the `return` statement is placed outside the loop and after all necessary checks have been performed.\n    [javac]                            ^\n    [javac] /data/cmd/Ming/llm-fl-apr/tmp/JacksonDatabind_94-prompt_apr_1-qwen-turbo/src/main/java/com/fasterxml/jackson/databind/jsontype/impl/SubTypeValidator.java:71: error: ';' expected\n    [javac] Certainly! The issue in the provided code is that the `return` statement is placed inside the loop, which means it will prematurely exit the method before completing the necessary checks. To fix this, we should ensure that the `return` statement is placed outside the loop and after all necessary checks have been performed.\n    [javac]                                          ^\n    [javac] /data/cmd/Ming/llm-fl-apr/tmp/JacksonDatabind_94-prompt_apr_1-qwen-turbo/src/main/java/com/fasterxml/jackson/databind/jsontype/impl/SubTypeValidator.java:71: error: ';' expected\n    [javac] Certainly! The issue in the provided code is that the `return` statement is placed inside the loop, which means it will prematurely exit the method before completing the necessary checks. To fix this, we should ensure that the `return` statement is placed outside the loop and after all necessary checks have been performed.\n    [javac]                                                  ^\n    [javac] /data/cmd/Ming/llm-fl-apr/tmp/JacksonDatabind_94-prompt_apr_1-qwen-turbo/src/main/java/com/fasterxml/jackson/databind/jsontype/impl/SubTypeValidator.java:71: error: illegal character: \\96\n    [javac] Certainly! The issue in the provided code is that the `return` statement is placed inside the loop, which means it will prematurely exit the method before completing the necessary checks. To fix this, we should ensure that the `return` statement is placed outside the loop and after all necessary checks have been performed.\n    [javac]                                                       ^\n    [javac] /data/cmd/Ming/llm-fl-apr/tmp/JacksonDatabind_94-prompt_apr_1-qwen-turbo/src/main/java/com/fasterxml/jackson/databind/jsontype/impl/SubTypeValidator.java:71: error: illegal start of type\n    [javac] Certainly! The issue in the provided code is that the `return` statement is placed inside the loop, which means it will prematurely exit the method before completing the necessary checks. To fix this, we should ensure that the `return` statement is placed outside the loop and after all necessary checks have been performed.\n    [javac]                                                        ^\n    [javac] /data/cmd/Ming/llm-fl-apr/tmp/JacksonDatabind_94-prompt_apr_1-qwen-turbo/src/main/java/com/fasterxml/jackson/databind/jsontype/impl/SubTypeValidator.java:71: error: illegal character: \\96\n    [javac] Certainly! The issue in the provided code is that the `return` statement is placed inside the loop, which means it will prematurely exit the method before completing the necessary checks. To fix this, we should ensure that the `return` statement is placed outside the loop and after all necessary checks have been performed.\n    [javac]                                                              ^\n    [javac] /data/cmd/Ming/llm-fl-apr/tmp/JacksonDatabind_94-prompt_apr_1-qwen-turbo/src/main/java/com/fasterxml/jackson/databind/jsontype/impl/SubTypeValidator.java:71: error: ';' expected\n    [javac] Certainly! The issue in the provided code is that the `return` statement is placed inside the loop, which means it will prematurely exit the method before completing the necessary checks. To fix this, we should ensure that the `return` statement is placed outside the loop and after all necessary checks have been performed.\n    [javac]                                                               ^\n    [javac] /data/cmd/Ming/llm-fl-apr/tmp/JacksonDatabind_94-prompt_apr_1-qwen-turbo/src/main/java/com/fasterxml/jackson/databind/jsontype/impl/SubTypeValidator.java:71: error: ';' expected\n    [javac] Certainly! The issue in the provided code is that the `return` statement is placed inside the loop, which means it will prematurely exit the method before completing the necessary checks. To fix this, we should ensure that the `return` statement is placed outside the loop and after all necessary checks have been performed.\n    [javac]                                                                                   ^\n    [javac] /data/cmd/Ming/llm-fl-apr/tmp/JacksonDatabind_94-prompt_apr_1-qwen-turbo/src/main/java/com/fasterxml/jackson/databind/jsontype/impl/SubTypeValidator.java:71: error: ';' expected\n    [javac] Certainly! The issue in the provided code is that the `return` statement is placed inside the loop, which means it will prematurely exit the method before completing the necessary checks. To fix this, we should ensure that the `return` statement is placed outside the loop and after all necessary checks have been performed.\n    [javac]                                                                                              ^\n    [javac] /data/cmd/Ming/llm-fl-apr/tmp/JacksonDatabind_94-prompt_apr_1-qwen-turbo/src/main/java/com/fasterxml/jackson/databind/jsontype/impl/SubTypeValidator.java:71: error: <identifier> expected\n    [javac] Certainly! The issue in the provided code is that the `return` statement is placed inside the loop, which means it will prematurely exit the method before completing the necessary checks. To fix this, we should ensure that the `return` statement is placed outside the loop and after all necessary checks have been performed.\n    [javac]                                                                                                   ^\n    [javac] /data/cmd/Ming/llm-fl-apr/tmp/JacksonDatabind_94-prompt_apr_1-qwen-turbo/src/main/java/com/fasterxml/jackson/databind/jsontype/impl/SubTypeValidator.java:71: error: ';' expected\n    [javac] Certainly! The issue in the provided code is that the `return` statement is placed inside the loop, which means it will prematurely exit the method before completing the necessary checks. To fix this, we should ensure that the `return` statement is placed outside the loop and after all necessary checks have been performed.\n    [javac]                                                                                                          ^\n    [javac] /data/cmd/Ming/llm-fl-apr/tmp/JacksonDatabind_94-prompt_apr_1-qwen-turbo/src/main/java/com/fasterxml/jackson/databind/jsontype/impl/SubTypeValidator.java:71: error: ';' expected\n    [javac] Certainly! The issue in the provided code is that the `return` statement is placed inside the loop, which means it will prematurely exit the method before completing the necessary checks. To fix this, we should ensure that the `return` statement is placed outside the loop and after all necessary checks have been performed.\n    [javac]                                                                                                                   ^\n    [javac] /data/cmd/Ming/llm-fl-apr/tmp/JacksonDatabind_94-prompt_apr_1-qwen-turbo/src/main/java/com/fasterxml/jackson/databind/jsontype/impl/SubTypeValidator.java:71: error: ';' expected\n    [javac] Certainly! The issue in the provided code is that the `return` statement is placed inside the loop, which means it will prematurely exit the method before completing the necessary checks. To fix this, we should ensure that the `return` statement is placed outside the loop and after all necessary checks have been performed.\n    [javac]                                                                                                                                    ^\n    [javac] /data/cmd/Ming/llm-fl-apr/tmp/JacksonDatabind_94-prompt_apr_1-qwen-turbo/src/main/java/com/fasterxml/jackson/databind/jsontype/impl/SubTypeValidator.java:71: error: ';' expected\n    [javac] Certainly! The issue in the provided code is that the `return` statement is placed inside the loop, which means it will prematurely exit the method before completing the necessary checks. To fix this, we should ensure that the `return` statement is placed outside the loop and after all necessary checks have been performed.\n    [javac]                                                                                                                                             ^\n    [javac] /data/cmd/Ming/llm-fl-apr/tmp/JacksonDatabind_94-prompt_apr_1-qwen-turbo/src/main/java/com/fasterxml/jackson/databind/jsontype/impl/SubTypeValidator.java:71: error: ';' expected\n    [javac] Certainly! The issue in the provided code is that the `return` statement is placed inside the loop, which means it will prematurely exit the method before completing the necessary checks. To fix this, we should ensure that the `return` statement is placed outside the loop and after all necessary checks have been performed.\n    [javac]                                                                                                                                                           ^\n    [javac] /data/cmd/Ming/llm-fl-apr/tmp/JacksonDatabind_94-prompt_apr_1-qwen-turbo/src/main/java/com/fasterxml/jackson/databind/jsontype/impl/SubTypeValidator.java:71: error: ';' expected\n    [javac] Certainly! The issue in the provided code is that the `return` statement is placed inside the loop, which means it will prematurely exit the method before completing the necessary checks. To fix this, we should ensure that the `return` statement is placed outside the loop and after all necessary checks have been performed.\n    [javac]                                                                                                                                                                          ^\n    [javac] /data/cmd/Ming/llm-fl-apr/tmp/JacksonDatabind_94-prompt_apr_1-qwen-turbo/src/main/java/com/fasterxml/jackson/databind/jsontype/impl/SubTypeValidator.java:71: error: ';' expected\n    [javac] Certainly! The issue in the provided code is that the `return` statement is placed inside the loop, which means it will prematurely exit the method before completing the necessary checks. To fix this, we should ensure that the `return` statement is placed outside the loop and after all necessary checks have been performed.\n    [javac]                                                                                                                                                                                           ^\n    [javac] /data/cmd/Ming/llm-fl-apr/tmp/JacksonDatabind_94-prompt_apr_1-qwen-turbo/src/main/java/com/fasterxml/jackson/databind/jsontype/impl/SubTypeValidator.java:71: error: ';' expected\n    [javac] Certainly! The issue in the provided code is that the `return` statement is placed inside the loop, which means it will prematurely exit the method before completing the necessary checks. To fix this, we should ensure that the `return` statement is placed outside the loop and after all necessary checks have been performed.\n    [javac]                                                                                                                                                                                                   ^\n    [javac] /data/cmd/Ming/llm-fl-apr/tmp/JacksonDatabind_94-prompt_apr_1-qwen-turbo/src/main/java/com/fasterxml/jackson/databind/jsontype/impl/SubTypeValidator.java:71: error: ';' expected\n    [javac] Certainly! The issue in the provided code is that the `return` statement is placed inside the loop, which means it will prematurely exit the method before completing the necessary checks. To fix this, we should ensure that the `return` statement is placed outside the loop and after all necessary checks have been performed.\n    [javac]                                                                                                                                                                                                                   ^\n    [javac] /data/cmd/Ming/llm-fl-apr/tmp/JacksonDatabind_94-prompt_apr_1-qwen-turbo/src/main/java/com/fasterxml/jackson/databind/jsontype/impl/SubTypeValidator.java:71: error: ';' expected\n    [javac] Certainly! The issue in the provided code is that the `return` statement is placed inside the loop, which means it will prematurely exit the method before completing the necessary checks. To fix this, we should ensure that the `return` statement is placed outside the loop and after all necessary checks have been performed.\n    [javac]                                                                                                                                                                                                                               ^\n    [javac] /data/cmd/Ming/llm-fl-apr/tmp/JacksonDatabind_94-prompt_apr_1-qwen-turbo/src/main/java/com/fasterxml/jackson/databind/jsontype/impl/SubTypeValidator.java:71: error: illegal character: \\96\n    [javac] Certainly! The issue in the provided code is that the `return` statement is placed inside the loop, which means it will prematurely exit the method before completing the necessary checks. To fix this, we should ensure that the `return` statement is placed outside the loop and after all necessary checks have been performed.\n    [javac]                                                                                                                                                                                                                                    ^\n    [javac] /data/cmd/Ming/llm-fl-apr/tmp/JacksonDatabind_94-prompt_apr_1-qwen-turbo/src/main/java/com/fasterxml/jackson/databind/jsontype/impl/SubTypeValidator.java:71: error: illegal start of type\n    [javac] Certainly! The issue in the provided code is that the `return` statement is placed inside the loop, which means it will prematurely exit the method before completing the necessary checks. To fix this, we should ensure that the `return` statement is placed outside the loop and after all necessary checks have been performed.\n    [javac]                                                                                                                                                                                                                                     ^\n    [javac] /data/cmd/Ming/llm-fl-apr/tmp/JacksonDatabind_94-prompt_apr_1-qwen-turbo/src/main/java/com/fasterxml/jackson/databind/jsontype/impl/SubTypeValidator.java:71: error: illegal character: \\96\n    [javac] Certainly! The issue in the provided code is that the `return` statement is placed inside the loop, which means it will prematurely exit the method before completing the necessary checks. To fix this, we should ensure that the `return` statement is placed outside the loop and after all necessary checks have been performed.\n    [javac]                                                                                                                                                                                                                                           ^\n    [javac] /data/cmd/Ming/llm-fl-apr/tmp/JacksonDatabind_94-prompt_apr_1-qwen-turbo/src/main/java/com/fasterxml/jackson/databind/jsontype/impl/SubTypeValidator.java:71: error: ';' expected\n    [javac] Certainly! The issue in the provided code is that the `return` statement is placed inside the loop, which means it will prematurely exit the method before completing the necessary checks. To fix this, we should ensure that the `return` statement is placed outside the loop and after all necessary checks have been performed.\n    [javac]                                                                                                                                                                                                                                            ^\n    [javac] /data/cmd/Ming/llm-fl-apr/tmp/JacksonDatabind_94-prompt_apr_1-qwen-turbo/src/main/java/com/fasterxml/jackson/databind/jsontype/impl/SubTypeValidator.java:71: error: ';' expected\n    [javac] Certainly! The issue in the provided code is that the `return` statement is placed inside the loop, which means it will prematurely exit the method before completing the necessary checks. To fix this, we should ensure that the `return` statement is placed outside the loop and after all necessary checks have been performed.\n    [javac]                                                                                                                                                                                                                                                                ^\n    [javac] /data/cmd/Ming/llm-fl-apr/tmp/JacksonDatabind_94-prompt_apr_1-qwen-turbo/src/main/java/com/fasterxml/jackson/databind/jsontype/impl/SubTypeValidator.java:71: error: ';' expected\n    [javac] Certainly! The issue in the provided code is that the `return` statement is placed inside the loop, which means it will prematurely exit the method before completing the necessary checks. To fix this, we should ensure that the `return` statement is placed outside the loop and after all necessary checks have been performed.\n    [javac]                                                                                                                                                                                                                                                                            ^\n    [javac] /data/cmd/Ming/llm-fl-apr/tmp/JacksonDatabind_94-prompt_apr_1-qwen-turbo/src/main/java/com/fasterxml/jackson/databind/jsontype/impl/SubTypeValidator.java:71: error: ';' expected\n    [javac] Certainly! The issue in the provided code is that the `return` statement is placed inside the loop, which means it will prematurely exit the method before completing the necessary checks. To fix this, we should ensure that the `return` statement is placed outside the loop and after all necessary checks have been performed.\n    [javac]                                                                                                                                                                                                                                                                                     ^\n    [javac] /data/cmd/Ming/llm-fl-apr/tmp/JacksonDatabind_94-prompt_apr_1-qwen-turbo/src/main/java/com/fasterxml/jackson/databind/jsontype/impl/SubTypeValidator.java:71: error: ';' expected\n    [javac] Certainly! The issue in the provided code is that the `return` statement is placed inside the loop, which means it will prematurely exit the method before completing the necessary checks. To fix this, we should ensure that the `return` statement is placed outside the loop and after all necessary checks have been performed.\n    [javac]                                                                                                                                                                                                                                                                                               ^\n    [javac] /data/cmd/Ming/llm-fl-apr/tmp/JacksonDatabind_94-prompt_apr_1-qwen-turbo/src/main/java/com/fasterxml/jackson/databind/jsontype/impl/SubTypeValidator.java:71: error: ';' expected\n    [javac] Certainly! The issue in the provided code is that the `return` statement is placed inside the loop, which means it will prematurely exit the method before completing the necessary checks. To fix this, we should ensure that the `return` statement is placed outside the loop and after all necessary checks have been performed.\n    [javac]                                                                                                                                                                                                                                                                                                                ^\n    [javac] /data/cmd/Ming/llm-fl-apr/tmp/JacksonDatabind_94-prompt_apr_1-qwen-turbo/src/main/java/com/fasterxml/jackson/databind/jsontype/impl/SubTypeValidator.java:71: error: ';' expected\n    [javac] Certainly! The issue in the provided code is that the `return` statement is placed inside the loop, which means it will prematurely exit the method before completing the necessary checks. To fix this, we should ensure that the `return` statement is placed outside the loop and after all necessary checks have been performed.\n    [javac]                                                                                                                                                                                                                                                                                                                          ^\n    [javac] /data/cmd/Ming/llm-fl-apr/tmp/JacksonDatabind_94-prompt_apr_1-qwen-turbo/src/main/java/com/fasterxml/jackson/databind/jsontype/impl/SubTypeValidator.java:73: error: unclosed character literal\n    [javac] Here's the corrected method:\n    [javac]     ^\n    [javac] /data/cmd/Ming/llm-fl-apr/tmp/JacksonDatabind_94-prompt_apr_1-qwen-turbo/src/main/java/com/fasterxml/jackson/databind/jsontype/impl/SubTypeValidator.java:73: error: ';' expected\n    [javac] Here's the corrected method:\n    [javac]                     ^\n    [javac] /data/cmd/Ming/llm-fl-apr/tmp/JacksonDatabind_94-prompt_apr_1-qwen-turbo/src/main/java/com/fasterxml/jackson/databind/jsontype/impl/SubTypeValidator.java:73: error: <identifier> expected\n    [javac] Here's the corrected method:\n    [javac]                            ^\n    [javac] /data/cmd/Ming/llm-fl-apr/tmp/JacksonDatabind_94-prompt_apr_1-qwen-turbo/src/main/java/com/fasterxml/jackson/databind/jsontype/impl/SubTypeValidator.java:75: error: illegal character: \\96\n    [javac] ```java\n    [javac] ^\n    [javac] /data/cmd/Ming/llm-fl-apr/tmp/JacksonDatabind_94-prompt_apr_1-qwen-turbo/src/main/java/com/fasterxml/jackson/databind/jsontype/impl/SubTypeValidator.java:75: error: illegal character: \\96\n    [javac] ```java\n    [javac]  ^\n    [javac] /data/cmd/Ming/llm-fl-apr/tmp/JacksonDatabind_94-prompt_apr_1-qwen-turbo/src/main/java/com/fasterxml/jackson/databind/jsontype/impl/SubTypeValidator.java:75: error: illegal character: \\96\n    [javac] ```java\n    [javac]   ^\n    [javac] /data/cmd/Ming/llm-fl-apr/tmp/JacksonDatabind_94-prompt_apr_1-qwen-turbo/src/main/java/com/fasterxml/jackson/databind/jsontype/impl/SubTypeValidator.java:112: error: illegal character: \\96\n    [javac] ```\n    [javac] ^\n    [javac] /data/cmd/Ming/llm-fl-apr/tmp/JacksonDatabind_94-prompt_apr_1-qwen-turbo/src/main/java/com/fasterxml/jackson/databind/jsontype/impl/SubTypeValidator.java:112: error: illegal character: \\96\n    [javac] ```\n    [javac]  ^\n    [javac] /data/cmd/Ming/llm-fl-apr/tmp/JacksonDatabind_94-prompt_apr_1-qwen-turbo/src/main/java/com/fasterxml/jackson/databind/jsontype/impl/SubTypeValidator.java:112: error: illegal character: \\96\n    [javac] ```\n    [javac]   ^\n    [javac] /data/cmd/Ming/llm-fl-apr/tmp/JacksonDatabind_94-prompt_apr_1-qwen-turbo/src/main/java/com/fasterxml/jackson/databind/jsontype/impl/SubTypeValidator.java:114: error: illegal start of type\n    [javac] In this corrected version, the `return` statement is placed outside the loop and after all necessary checks have been performed. This ensures that the method will only throw an exception if none of the conditions to return early are met.}\n    [javac]    ^\n    [javac] /data/cmd/Ming/llm-fl-apr/tmp/JacksonDatabind_94-prompt_apr_1-qwen-turbo/src/main/java/com/fasterxml/jackson/databind/jsontype/impl/SubTypeValidator.java:114: error: ';' expected\n    [javac] In this corrected version, the `return` statement is placed outside the loop and after all necessary checks have been performed. This ensures that the method will only throw an exception if none of the conditions to return early are met.}\n    [javac]        ^\n    [javac] /data/cmd/Ming/llm-fl-apr/tmp/JacksonDatabind_94-prompt_apr_1-qwen-turbo/src/main/java/com/fasterxml/jackson/databind/jsontype/impl/SubTypeValidator.java:114: error: <identifier> expected\n    [javac] In this corrected version, the `return` statement is placed outside the loop and after all necessary checks have been performed. This ensures that the method will only throw an exception if none of the conditions to return early are met.}\n    [javac]                          ^\n    [javac] /data/cmd/Ming/llm-fl-apr/tmp/JacksonDatabind_94-prompt_apr_1-qwen-turbo/src/main/java/com/fasterxml/jackson/databind/jsontype/impl/SubTypeValidator.java:114: error: illegal character: \\96\n    [javac] In this corrected version, the `return` statement is placed outside the loop and after all necessary checks have been performed. This ensures that the method will only throw an exception if none of the conditions to return early are met.}\n    [javac]                                ^\n    [javac] /data/cmd/Ming/llm-fl-apr/tmp/JacksonDatabind_94-prompt_apr_1-qwen-turbo/src/main/java/com/fasterxml/jackson/databind/jsontype/impl/SubTypeValidator.java:114: error: illegal character: \\96\n    [javac] In this corrected version, the `return` statement is placed outside the loop and after all necessary checks have been performed. This ensures that the method will only throw an exception if none of the conditions to return early are met.}\n    [javac]                                       ^\n    [javac] /data/cmd/Ming/llm-fl-apr/tmp/JacksonDatabind_94-prompt_apr_1-qwen-turbo/src/main/java/com/fasterxml/jackson/databind/jsontype/impl/SubTypeValidator.java:114: error: ';' expected\n    [javac] In this corrected version, the `return` statement is placed outside the loop and after all necessary checks have been performed. This ensures that the method will only throw an exception if none of the conditions to return early are met.}\n    [javac]                                                     ^\n    [javac] /data/cmd/Ming/llm-fl-apr/tmp/JacksonDatabind_94-prompt_apr_1-qwen-turbo/src/main/java/com/fasterxml/jackson/databind/jsontype/impl/SubTypeValidator.java:114: error: ';' expected\n    [javac] In this corrected version, the `return` statement is placed outside the loop and after all necessary checks have been performed. This ensures that the method will only throw an exception if none of the conditions to return early are met.}\n    [javac]                                                                    ^\n    [javac] /data/cmd/Ming/llm-fl-apr/tmp/JacksonDatabind_94-prompt_apr_1-qwen-turbo/src/main/java/com/fasterxml/jackson/databind/jsontype/impl/SubTypeValidator.java:114: error: ';' expected\n    [javac] In this corrected version, the `return` statement is placed outside the loop and after all necessary checks have been performed. This ensures that the method will only throw an exception if none of the conditions to return early are met.}\n    [javac]                                                                             ^\n    [javac] /data/cmd/Ming/llm-fl-apr/tmp/JacksonDatabind_94-prompt_apr_1-qwen-turbo/src/main/java/com/fasterxml/jackson/databind/jsontype/impl/SubTypeValidator.java:114: error: ';' expected\n    [javac] In this corrected version, the `return` statement is placed outside the loop and after all necessary checks have been performed. This ensures that the method will only throw an exception if none of the conditions to return early are met.}\n    [javac]                                                                                       ^\n    [javac] /data/cmd/Ming/llm-fl-apr/tmp/JacksonDatabind_94-prompt_apr_1-qwen-turbo/src/main/java/com/fasterxml/jackson/databind/jsontype/impl/SubTypeValidator.java:114: error: ';' expected\n    [javac] In this corrected version, the `return` statement is placed outside the loop and after all necessary checks have been performed. This ensures that the method will only throw an exception if none of the conditions to return early are met.}\n    [javac]                                                                                                     ^\n    [javac] /data/cmd/Ming/llm-fl-apr/tmp/JacksonDatabind_94-prompt_apr_1-qwen-turbo/src/main/java/com/fasterxml/jackson/databind/jsontype/impl/SubTypeValidator.java:114: error: ';' expected\n    [javac] In this corrected version, the `return` statement is placed outside the loop and after all necessary checks have been performed. This ensures that the method will only throw an exception if none of the conditions to return early are met.}\n    [javac]                                                                                                                 ^\n    [javac] /data/cmd/Ming/llm-fl-apr/tmp/JacksonDatabind_94-prompt_apr_1-qwen-turbo/src/main/java/com/fasterxml/jackson/databind/jsontype/impl/SubTypeValidator.java:114: error: ';' expected\n    [javac] In this corrected version, the `return` statement is placed outside the loop and after all necessary checks have been performed. This ensures that the method will only throw an exception if none of the conditions to return early are met.}\n    [javac]                                                                                                                                ^\n    [javac] /data/cmd/Ming/llm-fl-apr/tmp/JacksonDatabind_94-prompt_apr_1-qwen-turbo/src/main/java/com/fasterxml/jackson/databind/jsontype/impl/SubTypeValidator.java:114: error: ';' expected\n    [javac] In this corrected version, the `return` statement is placed outside the loop and after all necessary checks have been performed. This ensures that the method will only throw an exception if none of the conditions to return early are met.}\n    [javac]                                                                                                                                              ^\n    [javac] /data/cmd/Ming/llm-fl-apr/tmp/JacksonDatabind_94-prompt_apr_1-qwen-turbo/src/main/java/com/fasterxml/jackson/databind/jsontype/impl/SubTypeValidator.java:114: error: ';' expected\n    [javac] In this corrected version, the `return` statement is placed outside the loop and after all necessary checks have been performed. This ensures that the method will only throw an exception if none of the conditions to return early are met.}\n    [javac]                                                                                                                                                       ^\n    [javac] /data/cmd/Ming/llm-fl-apr/tmp/JacksonDatabind_94-prompt_apr_1-qwen-turbo/src/main/java/com/fasterxml/jackson/databind/jsontype/impl/SubTypeValidator.java:114: error: ';' expected\n    [javac] In this corrected version, the `return` statement is placed outside the loop and after all necessary checks have been performed. This ensures that the method will only throw an exception if none of the conditions to return early are met.}\n    [javac]                                                                                                                                                                   ^\n    [javac] /data/cmd/Ming/llm-fl-apr/tmp/JacksonDatabind_94-prompt_apr_1-qwen-turbo/src/main/java/com/fasterxml/jackson/databind/jsontype/impl/SubTypeValidator.java:114: error: <identifier> expected\n    [javac] In this corrected version, the `return` statement is placed outside the loop and after all necessary checks have been performed. This ensures that the method will only throw an exception if none of the conditions to return early are met.}\n    [javac]                                                                                                                                                                        ^\n    [javac] /data/cmd/Ming/llm-fl-apr/tmp/JacksonDatabind_94-prompt_apr_1-qwen-turbo/src/main/java/com/fasterxml/jackson/databind/jsontype/impl/SubTypeValidator.java:114: error: ';' expected\n    [javac] In this corrected version, the `return` statement is placed outside the loop and after all necessary checks have been performed. This ensures that the method will only throw an exception if none of the conditions to return early are met.}\n    [javac]                                                                                                                                                                                           ^\n    [javac] /data/cmd/Ming/llm-fl-apr/tmp/JacksonDatabind_94-prompt_apr_1-qwen-turbo/src/main/java/com/fasterxml/jackson/databind/jsontype/impl/SubTypeValidator.java:114: error: ';' expected\n    [javac] In this corrected version, the `return` statement is placed outside the loop and after all necessary checks have been performed. This ensures that the method will only throw an exception if none of the conditions to return early are met.}\n    [javac]                                                                                                                                                                                                      ^\n    [javac] /data/cmd/Ming/llm-fl-apr/tmp/JacksonDatabind_94-prompt_apr_1-qwen-turbo/src/main/java/com/fasterxml/jackson/databind/jsontype/impl/SubTypeValidator.java:114: error: ';' expected\n    [javac] In this corrected version, the `return` statement is placed outside the loop and after all necessary checks have been performed. This ensures that the method will only throw an exception if none of the conditions to return early are met.}\n    [javac]                                                                                                                                                                                                                     ^\n    [javac] /data/cmd/Ming/llm-fl-apr/tmp/JacksonDatabind_94-prompt_apr_1-qwen-turbo/src/main/java/com/fasterxml/jackson/databind/jsontype/impl/SubTypeValidator.java:114: error: <identifier> expected\n    [javac] In this corrected version, the `return` statement is placed outside the loop and after all necessary checks have been performed. This ensures that the method will only throw an exception if none of the conditions to return early are met.}\n    [javac]                                                                                                                                                                                                                        ^\n    [javac] /data/cmd/Ming/llm-fl-apr/tmp/JacksonDatabind_94-prompt_apr_1-qwen-turbo/src/main/java/com/fasterxml/jackson/databind/jsontype/impl/SubTypeValidator.java:114: error: ';' expected\n    [javac] In this corrected version, the `return` statement is placed outside the loop and after all necessary checks have been performed. This ensures that the method will only throw an exception if none of the conditions to return early are met.}\n    [javac]                                                                                                                                                                                                                                         ^\n    [javac] /data/cmd/Ming/llm-fl-apr/tmp/JacksonDatabind_94-prompt_apr_1-qwen-turbo/src/main/java/com/fasterxml/jackson/databind/jsontype/impl/SubTypeValidator.java:114: error: <identifier> expected\n    [javac] In this corrected version, the `return` statement is placed outside the loop and after all necessary checks have been performed. This ensures that the method will only throw an exception if none of the conditions to return early are met.}\n    [javac]                                                                                                                                                                                                                                              ^\n    [javac] /data/cmd/Ming/llm-fl-apr/tmp/JacksonDatabind_94-prompt_apr_1-qwen-turbo/src/main/java/com/fasterxml/jackson/databind/jsontype/impl/SubTypeValidator.java:114: error: reached end of file while parsing\n    [javac] In this corrected version, the `return` statement is placed outside the loop and after all necessary checks have been performed. This ensures that the method will only throw an exception if none of the conditions to return early are met.}\n    [javac]                                                                                                                                                                                                                                               ^\n    [javac] /data/cmd/Ming/llm-fl-apr/tmp/JacksonDatabind_94-prompt_apr_1-qwen-turbo/src/main/java/com/fasterxml/jackson/databind/jsontype/impl/SubTypeValidator.java:115: error: reached end of file while parsing\n    [javac] 65 errors\n\nBUILD FAILED\n/data/cmd/Ming/llm-fl-apr/tmp/JacksonDatabind_94-prompt_apr_1-qwen-turbo/maven-build.xml:89: Compile failed; see the compiler error output for details.\n\nTotal time: 1 second\nCannot compile sources! at /data/cmd/Ming/LLM_Based-Mutation/tools/mutant/defects4j-2.1.0/framework/bin/d4j/d4j-compile line 82.\nCompilation failed in require at /data/cmd/Ming/LLM_Based-Mutation/tools/mutant/defects4j-2.1.0/framework/bin/defects4j line 195.\n"
                }
            },
            "doubao-pro-4k": {
                "compile": {
                    "rc": 0,
                    "so": "",
                    "se": "Running ant (compile)...................................................... OK\nRunning ant (compile.tests)................................................ OK\n"
                },
                "test": {
                    "rc": 0,
                    "so": "Failing tests: 1\n  - com.fasterxml.jackson.databind.interop.IllegalTypesCheckTest::testC3P0Types\n",
                    "se": "Running ant (compile.tests)................................................ OK\nRunning ant (run.dev.tests)................................................ OK\n"
                }
            },
            "gpt-4o-mini": {
                "compile": {
                    "rc": 0,
                    "so": "",
                    "se": "Running ant (compile)...................................................... OK\nRunning ant (compile.tests)................................................ OK\n"
                },
                "test": {
                    "rc": 0,
                    "so": "Failing tests: 1\n  - com.fasterxml.jackson.databind.interop.IllegalTypesCheckTest::testC3P0Types\n",
                    "se": "Running ant (compile.tests)................................................ OK\nRunning ant (run.dev.tests)................................................ OK\n"
                }
            },
            "deepseek-chat": {
                "compile": {
                    "rc": 0,
                    "so": "",
                    "se": "Running ant (compile)...................................................... OK\nRunning ant (compile.tests)................................................ OK\n"
                },
                "test": {
                    "rc": 0,
                    "so": "Failing tests: 1\n  - com.fasterxml.jackson.databind.interop.IllegalTypesCheckTest::testC3P0Types\n",
                    "se": "Running ant (compile.tests)................................................ OK\nRunning ant (run.dev.tests)................................................ OK\n"
                }
            }
        },
        "prompt_apr_2": {
            "ernie-3.5-128k": {
                "compile": {
                    "rc": 1,
                    "so": "",
                    "se": "Running ant (compile)...................................................... FAIL\nExecuted command:  cd /data/cmd/Ming/llm-fl-apr/tmp/JacksonDatabind_94-prompt_apr_2-ernie-3.5-128k && /data/cmd/Ming/LLM_Based-Mutation/tools/mutant/defects4j-2.1.0/major/bin/ant -f /data/cmd/Ming/LLM_Based-Mutation/tools/mutant/defects4j-2.1.0/framework/projects/defects4j.build.xml -Dd4j.home=/data/cmd/Ming/LLM_Based-Mutation/tools/mutant/defects4j-2.1.0 -Dd4j.dir.projects=/data/cmd/Ming/LLM_Based-Mutation/tools/mutant/defects4j-2.1.0/framework/projects -Dbasedir=/data/cmd/Ming/llm-fl-apr/tmp/JacksonDatabind_94-prompt_apr_2-ernie-3.5-128k -Dbuild.compiler=javac1.7  compile 2>&1\nJava HotSpot(TM) 64-Bit Server VM warning: ignoring option MaxPermSize=1G; support was removed in 8.0\nBuildfile: /data/cmd/Ming/LLM_Based-Mutation/tools/mutant/defects4j-2.1.0/framework/projects/defects4j.build.xml\n\ntest-offline:\n\nget-deps:\n\njackson-databind-from-maven.compile:\n    [mkdir] Created dir: /data/cmd/Ming/llm-fl-apr/tmp/JacksonDatabind_94-prompt_apr_2-ernie-3.5-128k/target/classes\n    [javac] /data/cmd/Ming/llm-fl-apr/tmp/JacksonDatabind_94-prompt_apr_2-ernie-3.5-128k/maven-build.xml:89: warning: 'includeantruntime' was not set, defaulting to build.sysclasspath=last; set to false for repeatable builds\n    [javac] Compiling 391 source files to /data/cmd/Ming/llm-fl-apr/tmp/JacksonDatabind_94-prompt_apr_2-ernie-3.5-128k/target/classes\n    [javac] /data/cmd/Ming/llm-fl-apr/tmp/JacksonDatabind_94-prompt_apr_2-ernie-3.5-128k/src/main/java/com/fasterxml/jackson/databind/jsontype/impl/SubTypeValidator.java:118: error: <identifier> expected\n    [javac] Note: The lines related to `com.mchange.v2.c3p0.WrapperConnectionPoolDataSource` and other c3p0 classes were commented out in the original code snippet. If you need to uncomment and add these checks, you can do so by removing the comment marks (`//`) as shown in the commented-out section. However, based on your request to \"fix\" the line, I left them commented out as they were in the original code, assuming that might have been intentional. If you want to activate these checks, simply uncomment the relevant lines.}\n    [javac]     ^\n    [javac] /data/cmd/Ming/llm-fl-apr/tmp/JacksonDatabind_94-prompt_apr_2-ernie-3.5-128k/src/main/java/com/fasterxml/jackson/databind/jsontype/impl/SubTypeValidator.java:118: error: ';' expected\n    [javac] Note: The lines related to `com.mchange.v2.c3p0.WrapperConnectionPoolDataSource` and other c3p0 classes were commented out in the original code snippet. If you need to uncomment and add these checks, you can do so by removing the comment marks (`//`) as shown in the commented-out section. However, based on your request to \"fix\" the line, I left them commented out as they were in the original code, assuming that might have been intentional. If you want to activate these checks, simply uncomment the relevant lines.}\n    [javac]                ^\n    [javac] /data/cmd/Ming/llm-fl-apr/tmp/JacksonDatabind_94-prompt_apr_2-ernie-3.5-128k/src/main/java/com/fasterxml/jackson/databind/jsontype/impl/SubTypeValidator.java:118: error: illegal character: \\96\n    [javac] Note: The lines related to `com.mchange.v2.c3p0.WrapperConnectionPoolDataSource` and other c3p0 classes were commented out in the original code snippet. If you need to uncomment and add these checks, you can do so by removing the comment marks (`//`) as shown in the commented-out section. However, based on your request to \"fix\" the line, I left them commented out as they were in the original code, assuming that might have been intentional. If you want to activate these checks, simply uncomment the relevant lines.}\n    [javac]                            ^\n    [javac] /data/cmd/Ming/llm-fl-apr/tmp/JacksonDatabind_94-prompt_apr_2-ernie-3.5-128k/src/main/java/com/fasterxml/jackson/databind/jsontype/impl/SubTypeValidator.java:118: error: illegal character: \\96\n    [javac] Note: The lines related to `com.mchange.v2.c3p0.WrapperConnectionPoolDataSource` and other c3p0 classes were commented out in the original code snippet. If you need to uncomment and add these checks, you can do so by removing the comment marks (`//`) as shown in the commented-out section. However, based on your request to \"fix\" the line, I left them commented out as they were in the original code, assuming that might have been intentional. If you want to activate these checks, simply uncomment the relevant lines.}\n    [javac]                                                                                ^\n    [javac] /data/cmd/Ming/llm-fl-apr/tmp/JacksonDatabind_94-prompt_apr_2-ernie-3.5-128k/src/main/java/com/fasterxml/jackson/databind/jsontype/impl/SubTypeValidator.java:118: error: ';' expected\n    [javac] Note: The lines related to `com.mchange.v2.c3p0.WrapperConnectionPoolDataSource` and other c3p0 classes were commented out in the original code snippet. If you need to uncomment and add these checks, you can do so by removing the comment marks (`//`) as shown in the commented-out section. However, based on your request to \"fix\" the line, I left them commented out as they were in the original code, assuming that might have been intentional. If you want to activate these checks, simply uncomment the relevant lines.}\n    [javac]                                                                                           ^\n    [javac] /data/cmd/Ming/llm-fl-apr/tmp/JacksonDatabind_94-prompt_apr_2-ernie-3.5-128k/src/main/java/com/fasterxml/jackson/databind/jsontype/impl/SubTypeValidator.java:118: error: ';' expected\n    [javac] Note: The lines related to `com.mchange.v2.c3p0.WrapperConnectionPoolDataSource` and other c3p0 classes were commented out in the original code snippet. If you need to uncomment and add these checks, you can do so by removing the comment marks (`//`) as shown in the commented-out section. However, based on your request to \"fix\" the line, I left them commented out as they were in the original code, assuming that might have been intentional. If you want to activate these checks, simply uncomment the relevant lines.}\n    [javac]                                                                                                        ^\n    [javac] /data/cmd/Ming/llm-fl-apr/tmp/JacksonDatabind_94-prompt_apr_2-ernie-3.5-128k/src/main/java/com/fasterxml/jackson/databind/jsontype/impl/SubTypeValidator.java:118: error: ';' expected\n    [javac] Note: The lines related to `com.mchange.v2.c3p0.WrapperConnectionPoolDataSource` and other c3p0 classes were commented out in the original code snippet. If you need to uncomment and add these checks, you can do so by removing the comment marks (`//`) as shown in the commented-out section. However, based on your request to \"fix\" the line, I left them commented out as they were in the original code, assuming that might have been intentional. If you want to activate these checks, simply uncomment the relevant lines.}\n    [javac]                                                                                                                       ^\n    [javac] /data/cmd/Ming/llm-fl-apr/tmp/JacksonDatabind_94-prompt_apr_2-ernie-3.5-128k/src/main/java/com/fasterxml/jackson/databind/jsontype/impl/SubTypeValidator.java:118: error: ';' expected\n    [javac] Note: The lines related to `com.mchange.v2.c3p0.WrapperConnectionPoolDataSource` and other c3p0 classes were commented out in the original code snippet. If you need to uncomment and add these checks, you can do so by removing the comment marks (`//`) as shown in the commented-out section. However, based on your request to \"fix\" the line, I left them commented out as they were in the original code, assuming that might have been intentional. If you want to activate these checks, simply uncomment the relevant lines.}\n    [javac]                                                                                                                              ^\n    [javac] /data/cmd/Ming/llm-fl-apr/tmp/JacksonDatabind_94-prompt_apr_2-ernie-3.5-128k/src/main/java/com/fasterxml/jackson/databind/jsontype/impl/SubTypeValidator.java:118: error: ';' expected\n    [javac] Note: The lines related to `com.mchange.v2.c3p0.WrapperConnectionPoolDataSource` and other c3p0 classes were commented out in the original code snippet. If you need to uncomment and add these checks, you can do so by removing the comment marks (`//`) as shown in the commented-out section. However, based on your request to \"fix\" the line, I left them commented out as they were in the original code, assuming that might have been intentional. If you want to activate these checks, simply uncomment the relevant lines.}\n    [javac]                                                                                                                                           ^\n    [javac] /data/cmd/Ming/llm-fl-apr/tmp/JacksonDatabind_94-prompt_apr_2-ernie-3.5-128k/src/main/java/com/fasterxml/jackson/databind/jsontype/impl/SubTypeValidator.java:118: error: ';' expected\n    [javac] Note: The lines related to `com.mchange.v2.c3p0.WrapperConnectionPoolDataSource` and other c3p0 classes were commented out in the original code snippet. If you need to uncomment and add these checks, you can do so by removing the comment marks (`//`) as shown in the commented-out section. However, based on your request to \"fix\" the line, I left them commented out as they were in the original code, assuming that might have been intentional. If you want to activate these checks, simply uncomment the relevant lines.}\n    [javac]                                                                                                                                                        ^\n    [javac] /data/cmd/Ming/llm-fl-apr/tmp/JacksonDatabind_94-prompt_apr_2-ernie-3.5-128k/src/main/java/com/fasterxml/jackson/databind/jsontype/impl/SubTypeValidator.java:118: error: ';' expected\n    [javac] Note: The lines related to `com.mchange.v2.c3p0.WrapperConnectionPoolDataSource` and other c3p0 classes were commented out in the original code snippet. If you need to uncomment and add these checks, you can do so by removing the comment marks (`//`) as shown in the commented-out section. However, based on your request to \"fix\" the line, I left them commented out as they were in the original code, assuming that might have been intentional. If you want to activate these checks, simply uncomment the relevant lines.}\n    [javac]                                                                                                                                                                ^\n    [javac] /data/cmd/Ming/llm-fl-apr/tmp/JacksonDatabind_94-prompt_apr_2-ernie-3.5-128k/src/main/java/com/fasterxml/jackson/databind/jsontype/impl/SubTypeValidator.java:118: error: ';' expected\n    [javac] Note: The lines related to `com.mchange.v2.c3p0.WrapperConnectionPoolDataSource` and other c3p0 classes were commented out in the original code snippet. If you need to uncomment and add these checks, you can do so by removing the comment marks (`//`) as shown in the commented-out section. However, based on your request to \"fix\" the line, I left them commented out as they were in the original code, assuming that might have been intentional. If you want to activate these checks, simply uncomment the relevant lines.}\n    [javac]                                                                                                                                                                        ^\n    [javac] /data/cmd/Ming/llm-fl-apr/tmp/JacksonDatabind_94-prompt_apr_2-ernie-3.5-128k/src/main/java/com/fasterxml/jackson/databind/jsontype/impl/SubTypeValidator.java:118: error: ';' expected\n    [javac] Note: The lines related to `com.mchange.v2.c3p0.WrapperConnectionPoolDataSource` and other c3p0 classes were commented out in the original code snippet. If you need to uncomment and add these checks, you can do so by removing the comment marks (`//`) as shown in the commented-out section. However, based on your request to \"fix\" the line, I left them commented out as they were in the original code, assuming that might have been intentional. If you want to activate these checks, simply uncomment the relevant lines.}\n    [javac]                                                                                                                                                                                      ^\n    [javac] /data/cmd/Ming/llm-fl-apr/tmp/JacksonDatabind_94-prompt_apr_2-ernie-3.5-128k/src/main/java/com/fasterxml/jackson/databind/jsontype/impl/SubTypeValidator.java:118: error: ';' expected\n    [javac] Note: The lines related to `com.mchange.v2.c3p0.WrapperConnectionPoolDataSource` and other c3p0 classes were commented out in the original code snippet. If you need to uncomment and add these checks, you can do so by removing the comment marks (`//`) as shown in the commented-out section. However, based on your request to \"fix\" the line, I left them commented out as they were in the original code, assuming that might have been intentional. If you want to activate these checks, simply uncomment the relevant lines.}\n    [javac]                                                                                                                                                                                                ^\n    [javac] /data/cmd/Ming/llm-fl-apr/tmp/JacksonDatabind_94-prompt_apr_2-ernie-3.5-128k/src/main/java/com/fasterxml/jackson/databind/jsontype/impl/SubTypeValidator.java:118: error: <identifier> expected\n    [javac] Note: The lines related to `com.mchange.v2.c3p0.WrapperConnectionPoolDataSource` and other c3p0 classes were commented out in the original code snippet. If you need to uncomment and add these checks, you can do so by removing the comment marks (`//`) as shown in the commented-out section. However, based on your request to \"fix\" the line, I left them commented out as they were in the original code, assuming that might have been intentional. If you want to activate these checks, simply uncomment the relevant lines.}\n    [javac]                                                                                                                                                                                                       ^\n    [javac] /data/cmd/Ming/llm-fl-apr/tmp/JacksonDatabind_94-prompt_apr_2-ernie-3.5-128k/src/main/java/com/fasterxml/jackson/databind/jsontype/impl/SubTypeValidator.java:118: error: ';' expected\n    [javac] Note: The lines related to `com.mchange.v2.c3p0.WrapperConnectionPoolDataSource` and other c3p0 classes were commented out in the original code snippet. If you need to uncomment and add these checks, you can do so by removing the comment marks (`//`) as shown in the commented-out section. However, based on your request to \"fix\" the line, I left them commented out as they were in the original code, assuming that might have been intentional. If you want to activate these checks, simply uncomment the relevant lines.}\n    [javac]                                                                                                                                                                                                            ^\n    [javac] /data/cmd/Ming/llm-fl-apr/tmp/JacksonDatabind_94-prompt_apr_2-ernie-3.5-128k/src/main/java/com/fasterxml/jackson/databind/jsontype/impl/SubTypeValidator.java:118: error: <identifier> expected\n    [javac] Note: The lines related to `com.mchange.v2.c3p0.WrapperConnectionPoolDataSource` and other c3p0 classes were commented out in the original code snippet. If you need to uncomment and add these checks, you can do so by removing the comment marks (`//`) as shown in the commented-out section. However, based on your request to \"fix\" the line, I left them commented out as they were in the original code, assuming that might have been intentional. If you want to activate these checks, simply uncomment the relevant lines.}\n    [javac]                                                                                                                                                                                                                ^\n    [javac] /data/cmd/Ming/llm-fl-apr/tmp/JacksonDatabind_94-prompt_apr_2-ernie-3.5-128k/src/main/java/com/fasterxml/jackson/databind/jsontype/impl/SubTypeValidator.java:118: error: ';' expected\n    [javac] Note: The lines related to `com.mchange.v2.c3p0.WrapperConnectionPoolDataSource` and other c3p0 classes were commented out in the original code snippet. If you need to uncomment and add these checks, you can do so by removing the comment marks (`//`) as shown in the commented-out section. However, based on your request to \"fix\" the line, I left them commented out as they were in the original code, assuming that might have been intentional. If you want to activate these checks, simply uncomment the relevant lines.}\n    [javac]                                                                                                                                                                                                                         ^\n    [javac] /data/cmd/Ming/llm-fl-apr/tmp/JacksonDatabind_94-prompt_apr_2-ernie-3.5-128k/src/main/java/com/fasterxml/jackson/databind/jsontype/impl/SubTypeValidator.java:118: error: ';' expected\n    [javac] Note: The lines related to `com.mchange.v2.c3p0.WrapperConnectionPoolDataSource` and other c3p0 classes were commented out in the original code snippet. If you need to uncomment and add these checks, you can do so by removing the comment marks (`//`) as shown in the commented-out section. However, based on your request to \"fix\" the line, I left them commented out as they were in the original code, assuming that might have been intentional. If you want to activate these checks, simply uncomment the relevant lines.}\n    [javac]                                                                                                                                                                                                                                      ^\n    [javac] /data/cmd/Ming/llm-fl-apr/tmp/JacksonDatabind_94-prompt_apr_2-ernie-3.5-128k/src/main/java/com/fasterxml/jackson/databind/jsontype/impl/SubTypeValidator.java:118: error: illegal character: \\96\n    [javac] Note: The lines related to `com.mchange.v2.c3p0.WrapperConnectionPoolDataSource` and other c3p0 classes were commented out in the original code snippet. If you need to uncomment and add these checks, you can do so by removing the comment marks (`//`) as shown in the commented-out section. However, based on your request to \"fix\" the line, I left them commented out as they were in the original code, assuming that might have been intentional. If you want to activate these checks, simply uncomment the relevant lines.}\n    [javac]                                                                                                                                                                                                                                                      ^\n    [javac] /data/cmd/Ming/llm-fl-apr/tmp/JacksonDatabind_94-prompt_apr_2-ernie-3.5-128k/src/main/java/com/fasterxml/jackson/databind/jsontype/impl/SubTypeValidator.java:119: error: reached end of file while parsing\n    [javac] 21 errors\n\nBUILD FAILED\n/data/cmd/Ming/llm-fl-apr/tmp/JacksonDatabind_94-prompt_apr_2-ernie-3.5-128k/maven-build.xml:89: Compile failed; see the compiler error output for details.\n\nTotal time: 1 second\nCannot compile sources! at /data/cmd/Ming/LLM_Based-Mutation/tools/mutant/defects4j-2.1.0/framework/bin/d4j/d4j-compile line 82.\nCompilation failed in require at /data/cmd/Ming/LLM_Based-Mutation/tools/mutant/defects4j-2.1.0/framework/bin/defects4j line 195.\n"
                }
            },
            "qwen-turbo": {
                "compile": {
                    "rc": 1,
                    "so": "",
                    "se": "Running ant (compile)...................................................... FAIL\nExecuted command:  cd /data/cmd/Ming/llm-fl-apr/tmp/JacksonDatabind_94-prompt_apr_2-qwen-turbo && /data/cmd/Ming/LLM_Based-Mutation/tools/mutant/defects4j-2.1.0/major/bin/ant -f /data/cmd/Ming/LLM_Based-Mutation/tools/mutant/defects4j-2.1.0/framework/projects/defects4j.build.xml -Dd4j.home=/data/cmd/Ming/LLM_Based-Mutation/tools/mutant/defects4j-2.1.0 -Dd4j.dir.projects=/data/cmd/Ming/LLM_Based-Mutation/tools/mutant/defects4j-2.1.0/framework/projects -Dbasedir=/data/cmd/Ming/llm-fl-apr/tmp/JacksonDatabind_94-prompt_apr_2-qwen-turbo -Dbuild.compiler=javac1.7  compile 2>&1\nJava HotSpot(TM) 64-Bit Server VM warning: ignoring option MaxPermSize=1G; support was removed in 8.0\nBuildfile: /data/cmd/Ming/LLM_Based-Mutation/tools/mutant/defects4j-2.1.0/framework/projects/defects4j.build.xml\n\ntest-offline:\n\nget-deps:\n\njackson-databind-from-maven.compile:\n    [mkdir] Created dir: /data/cmd/Ming/llm-fl-apr/tmp/JacksonDatabind_94-prompt_apr_2-qwen-turbo/target/classes\n    [javac] /data/cmd/Ming/llm-fl-apr/tmp/JacksonDatabind_94-prompt_apr_2-qwen-turbo/maven-build.xml:89: warning: 'includeantruntime' was not set, defaulting to build.sysclasspath=last; set to false for repeatable builds\n    [javac] Compiling 391 source files to /data/cmd/Ming/llm-fl-apr/tmp/JacksonDatabind_94-prompt_apr_2-qwen-turbo/target/classes\n    [javac] /data/cmd/Ming/llm-fl-apr/tmp/JacksonDatabind_94-prompt_apr_2-qwen-turbo/src/main/java/com/fasterxml/jackson/databind/jsontype/impl/SubTypeValidator.java:71: error: <identifier> expected\n    [javac] Certainly! Here is the complete corrected method with the bug fixed:\n    [javac]          ^\n    [javac] /data/cmd/Ming/llm-fl-apr/tmp/JacksonDatabind_94-prompt_apr_2-qwen-turbo/src/main/java/com/fasterxml/jackson/databind/jsontype/impl/SubTypeValidator.java:71: error: ';' expected\n    [javac] Certainly! Here is the complete corrected method with the bug fixed:\n    [javac]                   ^\n    [javac] /data/cmd/Ming/llm-fl-apr/tmp/JacksonDatabind_94-prompt_apr_2-qwen-turbo/src/main/java/com/fasterxml/jackson/databind/jsontype/impl/SubTypeValidator.java:71: error: ';' expected\n    [javac] Certainly! Here is the complete corrected method with the bug fixed:\n    [javac]                                ^\n    [javac] /data/cmd/Ming/llm-fl-apr/tmp/JacksonDatabind_94-prompt_apr_2-qwen-turbo/src/main/java/com/fasterxml/jackson/databind/jsontype/impl/SubTypeValidator.java:71: error: ';' expected\n    [javac] Certainly! Here is the complete corrected method with the bug fixed:\n    [javac]                                                 ^\n    [javac] /data/cmd/Ming/llm-fl-apr/tmp/JacksonDatabind_94-prompt_apr_2-qwen-turbo/src/main/java/com/fasterxml/jackson/databind/jsontype/impl/SubTypeValidator.java:71: error: ';' expected\n    [javac] Certainly! Here is the complete corrected method with the bug fixed:\n    [javac]                                                          ^\n    [javac] /data/cmd/Ming/llm-fl-apr/tmp/JacksonDatabind_94-prompt_apr_2-qwen-turbo/src/main/java/com/fasterxml/jackson/databind/jsontype/impl/SubTypeValidator.java:71: error: ';' expected\n    [javac] Certainly! Here is the complete corrected method with the bug fixed:\n    [javac]                                                                    ^\n    [javac] /data/cmd/Ming/llm-fl-apr/tmp/JacksonDatabind_94-prompt_apr_2-qwen-turbo/src/main/java/com/fasterxml/jackson/databind/jsontype/impl/SubTypeValidator.java:73: error: illegal character: \\96\n    [javac] ```java\n    [javac] ^\n    [javac] /data/cmd/Ming/llm-fl-apr/tmp/JacksonDatabind_94-prompt_apr_2-qwen-turbo/src/main/java/com/fasterxml/jackson/databind/jsontype/impl/SubTypeValidator.java:73: error: illegal character: \\96\n    [javac] ```java\n    [javac]  ^\n    [javac] /data/cmd/Ming/llm-fl-apr/tmp/JacksonDatabind_94-prompt_apr_2-qwen-turbo/src/main/java/com/fasterxml/jackson/databind/jsontype/impl/SubTypeValidator.java:73: error: illegal character: \\96\n    [javac] ```java\n    [javac]   ^\n    [javac] /data/cmd/Ming/llm-fl-apr/tmp/JacksonDatabind_94-prompt_apr_2-qwen-turbo/src/main/java/com/fasterxml/jackson/databind/jsontype/impl/SubTypeValidator.java:73: error: <identifier> expected\n    [javac] ```java\n    [javac]        ^\n    [javac] /data/cmd/Ming/llm-fl-apr/tmp/JacksonDatabind_94-prompt_apr_2-qwen-turbo/src/main/java/com/fasterxml/jackson/databind/jsontype/impl/SubTypeValidator.java:115: error: illegal character: \\96\n    [javac] ```\n    [javac] ^\n    [javac] /data/cmd/Ming/llm-fl-apr/tmp/JacksonDatabind_94-prompt_apr_2-qwen-turbo/src/main/java/com/fasterxml/jackson/databind/jsontype/impl/SubTypeValidator.java:115: error: illegal character: \\96\n    [javac] ```\n    [javac]  ^\n    [javac] /data/cmd/Ming/llm-fl-apr/tmp/JacksonDatabind_94-prompt_apr_2-qwen-turbo/src/main/java/com/fasterxml/jackson/databind/jsontype/impl/SubTypeValidator.java:115: error: illegal character: \\96\n    [javac] ```\n    [javac]   ^\n    [javac] /data/cmd/Ming/llm-fl-apr/tmp/JacksonDatabind_94-prompt_apr_2-qwen-turbo/src/main/java/com/fasterxml/jackson/databind/jsontype/impl/SubTypeValidator.java:117: error: ';' expected\n    [javac] The bug you mentioned was related to the commented-out lines within the loop. Since these lines were already commented out, they did not affect the functionality. However, if you intended to add these lines back into the code, you can uncomment them as shown above. If you want to add additional checks or handle other classes, you can follow the pattern used in the existing comments.}\n    [javac]            ^\n    [javac] /data/cmd/Ming/llm-fl-apr/tmp/JacksonDatabind_94-prompt_apr_2-qwen-turbo/src/main/java/com/fasterxml/jackson/databind/jsontype/impl/SubTypeValidator.java:117: error: ';' expected\n    [javac] The bug you mentioned was related to the commented-out lines within the loop. Since these lines were already commented out, they did not affect the functionality. However, if you intended to add these lines back into the code, you can uncomment them as shown above. If you want to add additional checks or handle other classes, you can follow the pattern used in the existing comments.}\n    [javac]                          ^\n    [javac] /data/cmd/Ming/llm-fl-apr/tmp/JacksonDatabind_94-prompt_apr_2-qwen-turbo/src/main/java/com/fasterxml/jackson/databind/jsontype/impl/SubTypeValidator.java:117: error: ';' expected\n    [javac] The bug you mentioned was related to the commented-out lines within the loop. Since these lines were already commented out, they did not affect the functionality. However, if you intended to add these lines back into the code, you can uncomment them as shown above. If you want to add additional checks or handle other classes, you can follow the pattern used in the existing comments.}\n    [javac]                                     ^\n    [javac] /data/cmd/Ming/llm-fl-apr/tmp/JacksonDatabind_94-prompt_apr_2-qwen-turbo/src/main/java/com/fasterxml/jackson/databind/jsontype/impl/SubTypeValidator.java:117: error: ';' expected\n    [javac] The bug you mentioned was related to the commented-out lines within the loop. Since these lines were already commented out, they did not affect the functionality. However, if you intended to add these lines back into the code, you can uncomment them as shown above. If you want to add additional checks or handle other classes, you can follow the pattern used in the existing comments.}\n    [javac]                                                   ^\n    [javac] /data/cmd/Ming/llm-fl-apr/tmp/JacksonDatabind_94-prompt_apr_2-qwen-turbo/src/main/java/com/fasterxml/jackson/databind/jsontype/impl/SubTypeValidator.java:117: error: ';' expected\n    [javac] The bug you mentioned was related to the commented-out lines within the loop. Since these lines were already commented out, they did not affect the functionality. However, if you intended to add these lines back into the code, you can uncomment them as shown above. If you want to add additional checks or handle other classes, you can follow the pattern used in the existing comments.}\n    [javac]                                                             ^\n    [javac] /data/cmd/Ming/llm-fl-apr/tmp/JacksonDatabind_94-prompt_apr_2-qwen-turbo/src/main/java/com/fasterxml/jackson/databind/jsontype/impl/SubTypeValidator.java:117: error: ';' expected\n    [javac] The bug you mentioned was related to the commented-out lines within the loop. Since these lines were already commented out, they did not affect the functionality. However, if you intended to add these lines back into the code, you can uncomment them as shown above. If you want to add additional checks or handle other classes, you can follow the pattern used in the existing comments.}\n    [javac]                                                                        ^\n    [javac] /data/cmd/Ming/llm-fl-apr/tmp/JacksonDatabind_94-prompt_apr_2-qwen-turbo/src/main/java/com/fasterxml/jackson/databind/jsontype/impl/SubTypeValidator.java:117: error: ';' expected\n    [javac] The bug you mentioned was related to the commented-out lines within the loop. Since these lines were already commented out, they did not affect the functionality. However, if you intended to add these lines back into the code, you can uncomment them as shown above. If you want to add additional checks or handle other classes, you can follow the pattern used in the existing comments.}\n    [javac]                                                                                          ^\n    [javac] /data/cmd/Ming/llm-fl-apr/tmp/JacksonDatabind_94-prompt_apr_2-qwen-turbo/src/main/java/com/fasterxml/jackson/databind/jsontype/impl/SubTypeValidator.java:117: error: ';' expected\n    [javac] The bug you mentioned was related to the commented-out lines within the loop. Since these lines were already commented out, they did not affect the functionality. However, if you intended to add these lines back into the code, you can uncomment them as shown above. If you want to add additional checks or handle other classes, you can follow the pattern used in the existing comments.}\n    [javac]                                                                                                     ^\n    [javac] /data/cmd/Ming/llm-fl-apr/tmp/JacksonDatabind_94-prompt_apr_2-qwen-turbo/src/main/java/com/fasterxml/jackson/databind/jsontype/impl/SubTypeValidator.java:117: error: ';' expected\n    [javac] The bug you mentioned was related to the commented-out lines within the loop. Since these lines were already commented out, they did not affect the functionality. However, if you intended to add these lines back into the code, you can uncomment them as shown above. If you want to add additional checks or handle other classes, you can follow the pattern used in the existing comments.}\n    [javac]                                                                                                                       ^\n    [javac] /data/cmd/Ming/llm-fl-apr/tmp/JacksonDatabind_94-prompt_apr_2-qwen-turbo/src/main/java/com/fasterxml/jackson/databind/jsontype/impl/SubTypeValidator.java:117: error: <identifier> expected\n    [javac] The bug you mentioned was related to the commented-out lines within the loop. Since these lines were already commented out, they did not affect the functionality. However, if you intended to add these lines back into the code, you can uncomment them as shown above. If you want to add additional checks or handle other classes, you can follow the pattern used in the existing comments.}\n    [javac]                                                                                                                           ^\n    [javac] /data/cmd/Ming/llm-fl-apr/tmp/JacksonDatabind_94-prompt_apr_2-qwen-turbo/src/main/java/com/fasterxml/jackson/databind/jsontype/impl/SubTypeValidator.java:117: error: ';' expected\n    [javac] The bug you mentioned was related to the commented-out lines within the loop. Since these lines were already commented out, they did not affect the functionality. However, if you intended to add these lines back into the code, you can uncomment them as shown above. If you want to add additional checks or handle other classes, you can follow the pattern used in the existing comments.}\n    [javac]                                                                                                                                 ^\n    [javac] /data/cmd/Ming/llm-fl-apr/tmp/JacksonDatabind_94-prompt_apr_2-qwen-turbo/src/main/java/com/fasterxml/jackson/databind/jsontype/impl/SubTypeValidator.java:117: error: ';' expected\n    [javac] The bug you mentioned was related to the commented-out lines within the loop. Since these lines were already commented out, they did not affect the functionality. However, if you intended to add these lines back into the code, you can uncomment them as shown above. If you want to add additional checks or handle other classes, you can follow the pattern used in the existing comments.}\n    [javac]                                                                                                                                         ^\n    [javac] /data/cmd/Ming/llm-fl-apr/tmp/JacksonDatabind_94-prompt_apr_2-qwen-turbo/src/main/java/com/fasterxml/jackson/databind/jsontype/impl/SubTypeValidator.java:117: error: ';' expected\n    [javac] The bug you mentioned was related to the commented-out lines within the loop. Since these lines were already commented out, they did not affect the functionality. However, if you intended to add these lines back into the code, you can uncomment them as shown above. If you want to add additional checks or handle other classes, you can follow the pattern used in the existing comments.}\n    [javac]                                                                                                                                                    ^\n    [javac] /data/cmd/Ming/llm-fl-apr/tmp/JacksonDatabind_94-prompt_apr_2-qwen-turbo/src/main/java/com/fasterxml/jackson/databind/jsontype/impl/SubTypeValidator.java:117: error: <identifier> expected\n    [javac] The bug you mentioned was related to the commented-out lines within the loop. Since these lines were already commented out, they did not affect the functionality. However, if you intended to add these lines back into the code, you can uncomment them as shown above. If you want to add additional checks or handle other classes, you can follow the pattern used in the existing comments.}\n    [javac]                                                                                                                                                                           ^\n    [javac] /data/cmd/Ming/llm-fl-apr/tmp/JacksonDatabind_94-prompt_apr_2-qwen-turbo/src/main/java/com/fasterxml/jackson/databind/jsontype/impl/SubTypeValidator.java:117: error: <identifier> expected\n    [javac] The bug you mentioned was related to the commented-out lines within the loop. Since these lines were already commented out, they did not affect the functionality. However, if you intended to add these lines back into the code, you can uncomment them as shown above. If you want to add additional checks or handle other classes, you can follow the pattern used in the existing comments.}\n    [javac]                                                                                                                                                                            ^\n    [javac] /data/cmd/Ming/llm-fl-apr/tmp/JacksonDatabind_94-prompt_apr_2-qwen-turbo/src/main/java/com/fasterxml/jackson/databind/jsontype/impl/SubTypeValidator.java:117: error: ';' expected\n    [javac] The bug you mentioned was related to the commented-out lines within the loop. Since these lines were already commented out, they did not affect the functionality. However, if you intended to add these lines back into the code, you can uncomment them as shown above. If you want to add additional checks or handle other classes, you can follow the pattern used in the existing comments.}\n    [javac]                                                                                                                                                                                            ^\n    [javac] /data/cmd/Ming/llm-fl-apr/tmp/JacksonDatabind_94-prompt_apr_2-qwen-turbo/src/main/java/com/fasterxml/jackson/databind/jsontype/impl/SubTypeValidator.java:117: error: ';' expected\n    [javac] The bug you mentioned was related to the commented-out lines within the loop. Since these lines were already commented out, they did not affect the functionality. However, if you intended to add these lines back into the code, you can uncomment them as shown above. If you want to add additional checks or handle other classes, you can follow the pattern used in the existing comments.}\n    [javac]                                                                                                                                                                                                   ^\n    [javac] /data/cmd/Ming/llm-fl-apr/tmp/JacksonDatabind_94-prompt_apr_2-qwen-turbo/src/main/java/com/fasterxml/jackson/databind/jsontype/impl/SubTypeValidator.java:117: error: ';' expected\n    [javac] The bug you mentioned was related to the commented-out lines within the loop. Since these lines were already commented out, they did not affect the functionality. However, if you intended to add these lines back into the code, you can uncomment them as shown above. If you want to add additional checks or handle other classes, you can follow the pattern used in the existing comments.}\n    [javac]                                                                                                                                                                                                               ^\n    [javac] /data/cmd/Ming/llm-fl-apr/tmp/JacksonDatabind_94-prompt_apr_2-qwen-turbo/src/main/java/com/fasterxml/jackson/databind/jsontype/impl/SubTypeValidator.java:117: error: ';' expected\n    [javac] The bug you mentioned was related to the commented-out lines within the loop. Since these lines were already commented out, they did not affect the functionality. However, if you intended to add these lines back into the code, you can uncomment them as shown above. If you want to add additional checks or handle other classes, you can follow the pattern used in the existing comments.}\n    [javac]                                                                                                                                                                                                                         ^\n    [javac] /data/cmd/Ming/llm-fl-apr/tmp/JacksonDatabind_94-prompt_apr_2-qwen-turbo/src/main/java/com/fasterxml/jackson/databind/jsontype/impl/SubTypeValidator.java:117: error: ';' expected\n    [javac] The bug you mentioned was related to the commented-out lines within the loop. Since these lines were already commented out, they did not affect the functionality. However, if you intended to add these lines back into the code, you can uncomment them as shown above. If you want to add additional checks or handle other classes, you can follow the pattern used in the existing comments.}\n    [javac]                                                                                                                                                                                                                                       ^\n    [javac] /data/cmd/Ming/llm-fl-apr/tmp/JacksonDatabind_94-prompt_apr_2-qwen-turbo/src/main/java/com/fasterxml/jackson/databind/jsontype/impl/SubTypeValidator.java:117: error: ';' expected\n    [javac] The bug you mentioned was related to the commented-out lines within the loop. Since these lines were already commented out, they did not affect the functionality. However, if you intended to add these lines back into the code, you can uncomment them as shown above. If you want to add additional checks or handle other classes, you can follow the pattern used in the existing comments.}\n    [javac]                                                                                                                                                                                                                                                     ^\n    [javac] /data/cmd/Ming/llm-fl-apr/tmp/JacksonDatabind_94-prompt_apr_2-qwen-turbo/src/main/java/com/fasterxml/jackson/databind/jsontype/impl/SubTypeValidator.java:117: error: ';' expected\n    [javac] The bug you mentioned was related to the commented-out lines within the loop. Since these lines were already commented out, they did not affect the functionality. However, if you intended to add these lines back into the code, you can uncomment them as shown above. If you want to add additional checks or handle other classes, you can follow the pattern used in the existing comments.}\n    [javac]                                                                                                                                                                                                                                                             ^\n    [javac] /data/cmd/Ming/llm-fl-apr/tmp/JacksonDatabind_94-prompt_apr_2-qwen-turbo/src/main/java/com/fasterxml/jackson/databind/jsontype/impl/SubTypeValidator.java:117: error: ';' expected\n    [javac] The bug you mentioned was related to the commented-out lines within the loop. Since these lines were already commented out, they did not affect the functionality. However, if you intended to add these lines back into the code, you can uncomment them as shown above. If you want to add additional checks or handle other classes, you can follow the pattern used in the existing comments.}\n    [javac]                                                                                                                                                                                                                                                                         ^\n    [javac] /data/cmd/Ming/llm-fl-apr/tmp/JacksonDatabind_94-prompt_apr_2-qwen-turbo/src/main/java/com/fasterxml/jackson/databind/jsontype/impl/SubTypeValidator.java:117: error: ';' expected\n    [javac] The bug you mentioned was related to the commented-out lines within the loop. Since these lines were already commented out, they did not affect the functionality. However, if you intended to add these lines back into the code, you can uncomment them as shown above. If you want to add additional checks or handle other classes, you can follow the pattern used in the existing comments.}\n    [javac]                                                                                                                                                                                                                                                                                 ^\n    [javac] /data/cmd/Ming/llm-fl-apr/tmp/JacksonDatabind_94-prompt_apr_2-qwen-turbo/src/main/java/com/fasterxml/jackson/databind/jsontype/impl/SubTypeValidator.java:117: error: ';' expected\n    [javac] The bug you mentioned was related to the commented-out lines within the loop. Since these lines were already commented out, they did not affect the functionality. However, if you intended to add these lines back into the code, you can uncomment them as shown above. If you want to add additional checks or handle other classes, you can follow the pattern used in the existing comments.}\n    [javac]                                                                                                                                                                                                                                                                                         ^\n    [javac] /data/cmd/Ming/llm-fl-apr/tmp/JacksonDatabind_94-prompt_apr_2-qwen-turbo/src/main/java/com/fasterxml/jackson/databind/jsontype/impl/SubTypeValidator.java:117: error: ';' expected\n    [javac] The bug you mentioned was related to the commented-out lines within the loop. Since these lines were already commented out, they did not affect the functionality. However, if you intended to add these lines back into the code, you can uncomment them as shown above. If you want to add additional checks or handle other classes, you can follow the pattern used in the existing comments.}\n    [javac]                                                                                                                                                                                                                                                                                                        ^\n    [javac] /data/cmd/Ming/llm-fl-apr/tmp/JacksonDatabind_94-prompt_apr_2-qwen-turbo/src/main/java/com/fasterxml/jackson/databind/jsontype/impl/SubTypeValidator.java:117: error: ';' expected\n    [javac] The bug you mentioned was related to the commented-out lines within the loop. Since these lines were already commented out, they did not affect the functionality. However, if you intended to add these lines back into the code, you can uncomment them as shown above. If you want to add additional checks or handle other classes, you can follow the pattern used in the existing comments.}\n    [javac]                                                                                                                                                                                                                                                                                                                  ^\n    [javac] /data/cmd/Ming/llm-fl-apr/tmp/JacksonDatabind_94-prompt_apr_2-qwen-turbo/src/main/java/com/fasterxml/jackson/databind/jsontype/impl/SubTypeValidator.java:117: error: ';' expected\n    [javac] The bug you mentioned was related to the commented-out lines within the loop. Since these lines were already commented out, they did not affect the functionality. However, if you intended to add these lines back into the code, you can uncomment them as shown above. If you want to add additional checks or handle other classes, you can follow the pattern used in the existing comments.}\n    [javac]                                                                                                                                                                                                                                                                                                                               ^\n    [javac] /data/cmd/Ming/llm-fl-apr/tmp/JacksonDatabind_94-prompt_apr_2-qwen-turbo/src/main/java/com/fasterxml/jackson/databind/jsontype/impl/SubTypeValidator.java:117: error: <identifier> expected\n    [javac] The bug you mentioned was related to the commented-out lines within the loop. Since these lines were already commented out, they did not affect the functionality. However, if you intended to add these lines back into the code, you can uncomment them as shown above. If you want to add additional checks or handle other classes, you can follow the pattern used in the existing comments.}\n    [javac]                                                                                                                                                                                                                                                                                                                                       ^\n    [javac] /data/cmd/Ming/llm-fl-apr/tmp/JacksonDatabind_94-prompt_apr_2-qwen-turbo/src/main/java/com/fasterxml/jackson/databind/jsontype/impl/SubTypeValidator.java:117: error: ';' expected\n    [javac] The bug you mentioned was related to the commented-out lines within the loop. Since these lines were already commented out, they did not affect the functionality. However, if you intended to add these lines back into the code, you can uncomment them as shown above. If you want to add additional checks or handle other classes, you can follow the pattern used in the existing comments.}\n    [javac]                                                                                                                                                                                                                                                                                                                                            ^\n    [javac] /data/cmd/Ming/llm-fl-apr/tmp/JacksonDatabind_94-prompt_apr_2-qwen-turbo/src/main/java/com/fasterxml/jackson/databind/jsontype/impl/SubTypeValidator.java:117: error: ';' expected\n    [javac] The bug you mentioned was related to the commented-out lines within the loop. Since these lines were already commented out, they did not affect the functionality. However, if you intended to add these lines back into the code, you can uncomment them as shown above. If you want to add additional checks or handle other classes, you can follow the pattern used in the existing comments.}\n    [javac]                                                                                                                                                                                                                                                                                                                                                       ^\n    [javac] /data/cmd/Ming/llm-fl-apr/tmp/JacksonDatabind_94-prompt_apr_2-qwen-turbo/src/main/java/com/fasterxml/jackson/databind/jsontype/impl/SubTypeValidator.java:117: error: ';' expected\n    [javac] The bug you mentioned was related to the commented-out lines within the loop. Since these lines were already commented out, they did not affect the functionality. However, if you intended to add these lines back into the code, you can uncomment them as shown above. If you want to add additional checks or handle other classes, you can follow the pattern used in the existing comments.}\n    [javac]                                                                                                                                                                                                                                                                                                                                                                   ^\n    [javac] /data/cmd/Ming/llm-fl-apr/tmp/JacksonDatabind_94-prompt_apr_2-qwen-turbo/src/main/java/com/fasterxml/jackson/databind/jsontype/impl/SubTypeValidator.java:117: error: ';' expected\n    [javac] The bug you mentioned was related to the commented-out lines within the loop. Since these lines were already commented out, they did not affect the functionality. However, if you intended to add these lines back into the code, you can uncomment them as shown above. If you want to add additional checks or handle other classes, you can follow the pattern used in the existing comments.}\n    [javac]                                                                                                                                                                                                                                                                                                                                                                           ^\n    [javac] /data/cmd/Ming/llm-fl-apr/tmp/JacksonDatabind_94-prompt_apr_2-qwen-turbo/src/main/java/com/fasterxml/jackson/databind/jsontype/impl/SubTypeValidator.java:117: error: ';' expected\n    [javac] The bug you mentioned was related to the commented-out lines within the loop. Since these lines were already commented out, they did not affect the functionality. However, if you intended to add these lines back into the code, you can uncomment them as shown above. If you want to add additional checks or handle other classes, you can follow the pattern used in the existing comments.}\n    [javac]                                                                                                                                                                                                                                                                                                                                                                                        ^\n    [javac] /data/cmd/Ming/llm-fl-apr/tmp/JacksonDatabind_94-prompt_apr_2-qwen-turbo/src/main/java/com/fasterxml/jackson/databind/jsontype/impl/SubTypeValidator.java:117: error: <identifier> expected\n    [javac] The bug you mentioned was related to the commented-out lines within the loop. Since these lines were already commented out, they did not affect the functionality. However, if you intended to add these lines back into the code, you can uncomment them as shown above. If you want to add additional checks or handle other classes, you can follow the pattern used in the existing comments.}\n    [javac]                                                                                                                                                                                                                                                                                                                                                                                                  ^\n    [javac] /data/cmd/Ming/llm-fl-apr/tmp/JacksonDatabind_94-prompt_apr_2-qwen-turbo/src/main/java/com/fasterxml/jackson/databind/jsontype/impl/SubTypeValidator.java:117: error: reached end of file while parsing\n    [javac] The bug you mentioned was related to the commented-out lines within the loop. Since these lines were already commented out, they did not affect the functionality. However, if you intended to add these lines back into the code, you can uncomment them as shown above. If you want to add additional checks or handle other classes, you can follow the pattern used in the existing comments.}\n    [javac]                                                                                                                                                                                                                                                                                                                                                                                                   ^\n    [javac] /data/cmd/Ming/llm-fl-apr/tmp/JacksonDatabind_94-prompt_apr_2-qwen-turbo/src/main/java/com/fasterxml/jackson/databind/jsontype/impl/SubTypeValidator.java:118: error: reached end of file while parsing\n    [javac] 50 errors\n\nBUILD FAILED\n/data/cmd/Ming/llm-fl-apr/tmp/JacksonDatabind_94-prompt_apr_2-qwen-turbo/maven-build.xml:89: Compile failed; see the compiler error output for details.\n\nTotal time: 1 second\nCannot compile sources! at /data/cmd/Ming/LLM_Based-Mutation/tools/mutant/defects4j-2.1.0/framework/bin/d4j/d4j-compile line 82.\nCompilation failed in require at /data/cmd/Ming/LLM_Based-Mutation/tools/mutant/defects4j-2.1.0/framework/bin/defects4j line 195.\n"
                }
            },
            "doubao-pro-4k": {
                "compile": {
                    "rc": 0,
                    "so": "",
                    "se": "Running ant (compile)...................................................... OK\nRunning ant (compile.tests)................................................ OK\n"
                },
                "test": {
                    "rc": 0,
                    "so": "Failing tests: 1\n  - com.fasterxml.jackson.databind.interop.IllegalTypesCheckTest::testC3P0Types\n",
                    "se": "Running ant (compile.tests)................................................ OK\nRunning ant (run.dev.tests)................................................ OK\n"
                }
            },
            "gpt-4o-mini": {
                "compile": {
                    "rc": 0,
                    "so": "",
                    "se": "Running ant (compile)...................................................... OK\nRunning ant (compile.tests)................................................ OK\n"
                },
                "test": {
                    "rc": 0,
                    "so": "Failing tests: 1\n  - com.fasterxml.jackson.databind.interop.IllegalTypesCheckTest::testC3P0Types\n",
                    "se": "Running ant (compile.tests)................................................ OK\nRunning ant (run.dev.tests)................................................ OK\n"
                }
            },
            "deepseek-chat": {
                "compile": {
                    "rc": 1,
                    "so": "",
                    "se": "Running ant (compile)...................................................... FAIL\nExecuted command:  cd /data/cmd/Ming/llm-fl-apr/tmp/JacksonDatabind_94-prompt_apr_2-deepseek-chat && /data/cmd/Ming/LLM_Based-Mutation/tools/mutant/defects4j-2.1.0/major/bin/ant -f /data/cmd/Ming/LLM_Based-Mutation/tools/mutant/defects4j-2.1.0/framework/projects/defects4j.build.xml -Dd4j.home=/data/cmd/Ming/LLM_Based-Mutation/tools/mutant/defects4j-2.1.0 -Dd4j.dir.projects=/data/cmd/Ming/LLM_Based-Mutation/tools/mutant/defects4j-2.1.0/framework/projects -Dbasedir=/data/cmd/Ming/llm-fl-apr/tmp/JacksonDatabind_94-prompt_apr_2-deepseek-chat -Dbuild.compiler=javac1.7  compile 2>&1\nJava HotSpot(TM) 64-Bit Server VM warning: ignoring option MaxPermSize=1G; support was removed in 8.0\nBuildfile: /data/cmd/Ming/LLM_Based-Mutation/tools/mutant/defects4j-2.1.0/framework/projects/defects4j.build.xml\n\ntest-offline:\n\nget-deps:\n\njackson-databind-from-maven.compile:\n    [mkdir] Created dir: /data/cmd/Ming/llm-fl-apr/tmp/JacksonDatabind_94-prompt_apr_2-deepseek-chat/target/classes\n    [javac] /data/cmd/Ming/llm-fl-apr/tmp/JacksonDatabind_94-prompt_apr_2-deepseek-chat/maven-build.xml:89: warning: 'includeantruntime' was not set, defaulting to build.sysclasspath=last; set to false for repeatable builds\n    [javac] Compiling 391 source files to /data/cmd/Ming/llm-fl-apr/tmp/JacksonDatabind_94-prompt_apr_2-deepseek-chat/target/classes\n    [javac] /data/cmd/Ming/llm-fl-apr/tmp/JacksonDatabind_94-prompt_apr_2-deepseek-chat/src/main/java/com/fasterxml/jackson/databind/jsontype/impl/SubTypeValidator.java:113: error: ';' expected\n    [javac] The bug in the code is that the commented lines `// s.add(\"com.mchange.v2.c3p0.WrapperConnectionPoolDataSource\");` and `// s.add(\"com.mchange.v2.c3p0.JndiRefForwardingDataSource\");` are not being used to add these class names to the `_cfgIllegalClassNames` set. To fix this, you should uncomment these lines and add the class names to the `_cfgIllegalClassNames` set. Here is the corrected method:\n    [javac]        ^\n    [javac] /data/cmd/Ming/llm-fl-apr/tmp/JacksonDatabind_94-prompt_apr_2-deepseek-chat/src/main/java/com/fasterxml/jackson/databind/jsontype/impl/SubTypeValidator.java:113: error: ';' expected\n    [javac] The bug in the code is that the commented lines `// s.add(\"com.mchange.v2.c3p0.WrapperConnectionPoolDataSource\");` and `// s.add(\"com.mchange.v2.c3p0.JndiRefForwardingDataSource\");` are not being used to add these class names to the `_cfgIllegalClassNames` set. To fix this, you should uncomment these lines and add the class names to the `_cfgIllegalClassNames` set. Here is the corrected method:\n    [javac]               ^\n    [javac] /data/cmd/Ming/llm-fl-apr/tmp/JacksonDatabind_94-prompt_apr_2-deepseek-chat/src/main/java/com/fasterxml/jackson/databind/jsontype/impl/SubTypeValidator.java:113: error: ';' expected\n    [javac] The bug in the code is that the commented lines `// s.add(\"com.mchange.v2.c3p0.WrapperConnectionPoolDataSource\");` and `// s.add(\"com.mchange.v2.c3p0.JndiRefForwardingDataSource\");` are not being used to add these class names to the `_cfgIllegalClassNames` set. To fix this, you should uncomment these lines and add the class names to the `_cfgIllegalClassNames` set. Here is the corrected method:\n    [javac]                       ^\n    [javac] /data/cmd/Ming/llm-fl-apr/tmp/JacksonDatabind_94-prompt_apr_2-deepseek-chat/src/main/java/com/fasterxml/jackson/databind/jsontype/impl/SubTypeValidator.java:113: error: ';' expected\n    [javac] The bug in the code is that the commented lines `// s.add(\"com.mchange.v2.c3p0.WrapperConnectionPoolDataSource\");` and `// s.add(\"com.mchange.v2.c3p0.JndiRefForwardingDataSource\");` are not being used to add these class names to the `_cfgIllegalClassNames` set. To fix this, you should uncomment these lines and add the class names to the `_cfgIllegalClassNames` set. Here is the corrected method:\n    [javac]                                ^\n    [javac] /data/cmd/Ming/llm-fl-apr/tmp/JacksonDatabind_94-prompt_apr_2-deepseek-chat/src/main/java/com/fasterxml/jackson/databind/jsontype/impl/SubTypeValidator.java:113: error: illegal character: \\96\n    [javac] The bug in the code is that the commented lines `// s.add(\"com.mchange.v2.c3p0.WrapperConnectionPoolDataSource\");` and `// s.add(\"com.mchange.v2.c3p0.JndiRefForwardingDataSource\");` are not being used to add these class names to the `_cfgIllegalClassNames` set. To fix this, you should uncomment these lines and add the class names to the `_cfgIllegalClassNames` set. Here is the corrected method:\n    [javac]                                                 ^\n    [javac] 5 errors\n\nBUILD FAILED\n/data/cmd/Ming/llm-fl-apr/tmp/JacksonDatabind_94-prompt_apr_2-deepseek-chat/maven-build.xml:89: Compile failed; see the compiler error output for details.\n\nTotal time: 2 seconds\nCannot compile sources! at /data/cmd/Ming/LLM_Based-Mutation/tools/mutant/defects4j-2.1.0/framework/bin/d4j/d4j-compile line 82.\nCompilation failed in require at /data/cmd/Ming/LLM_Based-Mutation/tools/mutant/defects4j-2.1.0/framework/bin/defects4j line 195.\n"
                }
            }
        },
        "prompt_apr_3": {
            "ernie-3.5-128k": {
                "compile": {
                    "rc": 1,
                    "so": "",
                    "se": "Running ant (compile)...................................................... FAIL\nExecuted command:  cd /data/cmd/Ming/llm-fl-apr/tmp/JacksonDatabind_94-prompt_apr_3-ernie-3.5-128k && /data/cmd/Ming/LLM_Based-Mutation/tools/mutant/defects4j-2.1.0/major/bin/ant -f /data/cmd/Ming/LLM_Based-Mutation/tools/mutant/defects4j-2.1.0/framework/projects/defects4j.build.xml -Dd4j.home=/data/cmd/Ming/LLM_Based-Mutation/tools/mutant/defects4j-2.1.0 -Dd4j.dir.projects=/data/cmd/Ming/LLM_Based-Mutation/tools/mutant/defects4j-2.1.0/framework/projects -Dbasedir=/data/cmd/Ming/llm-fl-apr/tmp/JacksonDatabind_94-prompt_apr_3-ernie-3.5-128k -Dbuild.compiler=javac1.7  compile 2>&1\nJava HotSpot(TM) 64-Bit Server VM warning: ignoring option MaxPermSize=1G; support was removed in 8.0\nBuildfile: /data/cmd/Ming/LLM_Based-Mutation/tools/mutant/defects4j-2.1.0/framework/projects/defects4j.build.xml\n\ntest-offline:\n\nget-deps:\n\njackson-databind-from-maven.compile:\n    [mkdir] Created dir: /data/cmd/Ming/llm-fl-apr/tmp/JacksonDatabind_94-prompt_apr_3-ernie-3.5-128k/target/classes\n    [javac] /data/cmd/Ming/llm-fl-apr/tmp/JacksonDatabind_94-prompt_apr_3-ernie-3.5-128k/maven-build.xml:89: warning: 'includeantruntime' was not set, defaulting to build.sysclasspath=last; set to false for repeatable builds\n    [javac] Compiling 391 source files to /data/cmd/Ming/llm-fl-apr/tmp/JacksonDatabind_94-prompt_apr_3-ernie-3.5-128k/target/classes\n    [javac] /data/cmd/Ming/llm-fl-apr/tmp/JacksonDatabind_94-prompt_apr_3-ernie-3.5-128k/src/main/java/com/fasterxml/jackson/databind/ser/impl/SimpleBeanPropertyFilter.java:22: warning: [deprecation] BeanPropertyFilter in com.fasterxml.jackson.databind.ser has been deprecated\n    [javac]     implements BeanPropertyFilter, PropertyFilter\n    [javac]                ^\n    [javac] /data/cmd/Ming/llm-fl-apr/tmp/JacksonDatabind_94-prompt_apr_3-ernie-3.5-128k/src/main/java/com/fasterxml/jackson/databind/jsontype/impl/TypeDeserializerBase.java:89: warning: [deprecation] forcedNarrowBy(Class<?>) in JavaType has been deprecated\n    [javac]             _defaultImpl = baseType.forcedNarrowBy(defaultImpl);\n    [javac]                                    ^\n    [javac] /data/cmd/Ming/llm-fl-apr/tmp/JacksonDatabind_94-prompt_apr_3-ernie-3.5-128k/src/main/java/com/fasterxml/jackson/databind/jsontype/impl/SubTypeValidator.java:105: error: no suitable constructor found for JsonMappingException(DeserializationContext,String)\n    [javac]         throw new JsonMappingException(ctxt, \"Illegal type: \" + full);\n    [javac]               ^\n    [javac]     constructor JsonMappingException.JsonMappingException(Closeable,String,JsonLocation) is not applicable\n    [javac]       (actual and formal argument lists differ in length)\n    [javac]     constructor JsonMappingException.JsonMappingException(Closeable,String,Throwable) is not applicable\n    [javac]       (actual and formal argument lists differ in length)\n    [javac]     constructor JsonMappingException.JsonMappingException(Closeable,String) is not applicable\n    [javac]       (actual argument DeserializationContext cannot be converted to Closeable by method invocation conversion)\n    [javac]     constructor JsonMappingException.JsonMappingException(String,JsonLocation,Throwable) is not applicable\n    [javac]       (actual and formal argument lists differ in length)\n    [javac]     constructor JsonMappingException.JsonMappingException(String,JsonLocation) is not applicable\n    [javac]       (actual argument DeserializationContext cannot be converted to String by method invocation conversion)\n    [javac]     constructor JsonMappingException.JsonMappingException(String,Throwable) is not applicable\n    [javac]       (actual argument DeserializationContext cannot be converted to String by method invocation conversion)\n    [javac]     constructor JsonMappingException.JsonMappingException(String) is not applicable\n    [javac]       (actual and formal argument lists differ in length)\n    [javac] Note: Some input files use unchecked or unsafe operations.\n    [javac] Note: Recompile with -Xlint:unchecked for details.\n    [javac] 1 error\n    [javac] 2 warnings\n\nBUILD FAILED\n/data/cmd/Ming/llm-fl-apr/tmp/JacksonDatabind_94-prompt_apr_3-ernie-3.5-128k/maven-build.xml:89: Compile failed; see the compiler error output for details.\n\nTotal time: 6 seconds\nCannot compile sources! at /data/cmd/Ming/LLM_Based-Mutation/tools/mutant/defects4j-2.1.0/framework/bin/d4j/d4j-compile line 82.\nCompilation failed in require at /data/cmd/Ming/LLM_Based-Mutation/tools/mutant/defects4j-2.1.0/framework/bin/defects4j line 195.\n"
                }
            },
            "qwen-turbo": {
                "compile": {
                    "rc": 1,
                    "so": "",
                    "se": "Running ant (compile)...................................................... FAIL\nExecuted command:  cd /data/cmd/Ming/llm-fl-apr/tmp/JacksonDatabind_94-prompt_apr_3-qwen-turbo && /data/cmd/Ming/LLM_Based-Mutation/tools/mutant/defects4j-2.1.0/major/bin/ant -f /data/cmd/Ming/LLM_Based-Mutation/tools/mutant/defects4j-2.1.0/framework/projects/defects4j.build.xml -Dd4j.home=/data/cmd/Ming/LLM_Based-Mutation/tools/mutant/defects4j-2.1.0 -Dd4j.dir.projects=/data/cmd/Ming/LLM_Based-Mutation/tools/mutant/defects4j-2.1.0/framework/projects -Dbasedir=/data/cmd/Ming/llm-fl-apr/tmp/JacksonDatabind_94-prompt_apr_3-qwen-turbo -Dbuild.compiler=javac1.7  compile 2>&1\nJava HotSpot(TM) 64-Bit Server VM warning: ignoring option MaxPermSize=1G; support was removed in 8.0\nBuildfile: /data/cmd/Ming/LLM_Based-Mutation/tools/mutant/defects4j-2.1.0/framework/projects/defects4j.build.xml\n\ntest-offline:\n\nget-deps:\n\njackson-databind-from-maven.compile:\n    [mkdir] Created dir: /data/cmd/Ming/llm-fl-apr/tmp/JacksonDatabind_94-prompt_apr_3-qwen-turbo/target/classes\n    [javac] /data/cmd/Ming/llm-fl-apr/tmp/JacksonDatabind_94-prompt_apr_3-qwen-turbo/maven-build.xml:89: warning: 'includeantruntime' was not set, defaulting to build.sysclasspath=last; set to false for repeatable builds\n    [javac] Compiling 391 source files to /data/cmd/Ming/llm-fl-apr/tmp/JacksonDatabind_94-prompt_apr_3-qwen-turbo/target/classes\n    [javac] /data/cmd/Ming/llm-fl-apr/tmp/JacksonDatabind_94-prompt_apr_3-qwen-turbo/src/main/java/com/fasterxml/jackson/databind/jsontype/impl/SubTypeValidator.java:71: error: illegal character: \\96\n    [javac] ```java\n    [javac] ^\n    [javac] /data/cmd/Ming/llm-fl-apr/tmp/JacksonDatabind_94-prompt_apr_3-qwen-turbo/src/main/java/com/fasterxml/jackson/databind/jsontype/impl/SubTypeValidator.java:71: error: illegal character: \\96\n    [javac] ```java\n    [javac]  ^\n    [javac] /data/cmd/Ming/llm-fl-apr/tmp/JacksonDatabind_94-prompt_apr_3-qwen-turbo/src/main/java/com/fasterxml/jackson/databind/jsontype/impl/SubTypeValidator.java:71: error: illegal character: \\96\n    [javac] ```java\n    [javac]   ^\n    [javac] /data/cmd/Ming/llm-fl-apr/tmp/JacksonDatabind_94-prompt_apr_3-qwen-turbo/src/main/java/com/fasterxml/jackson/databind/jsontype/impl/SubTypeValidator.java:111: error: illegal character: \\96\n    [javac] ```}\n    [javac] ^\n    [javac] /data/cmd/Ming/llm-fl-apr/tmp/JacksonDatabind_94-prompt_apr_3-qwen-turbo/src/main/java/com/fasterxml/jackson/databind/jsontype/impl/SubTypeValidator.java:111: error: illegal character: \\96\n    [javac] ```}\n    [javac]  ^\n    [javac] /data/cmd/Ming/llm-fl-apr/tmp/JacksonDatabind_94-prompt_apr_3-qwen-turbo/src/main/java/com/fasterxml/jackson/databind/jsontype/impl/SubTypeValidator.java:111: error: illegal character: \\96\n    [javac] ```}\n    [javac]   ^\n    [javac] /data/cmd/Ming/llm-fl-apr/tmp/JacksonDatabind_94-prompt_apr_3-qwen-turbo/src/main/java/com/fasterxml/jackson/databind/jsontype/impl/SubTypeValidator.java:112: error: reached end of file while parsing\n    [javac] 7 errors\n\nBUILD FAILED\n/data/cmd/Ming/llm-fl-apr/tmp/JacksonDatabind_94-prompt_apr_3-qwen-turbo/maven-build.xml:89: Compile failed; see the compiler error output for details.\n\nTotal time: 3 seconds\nCannot compile sources! at /data/cmd/Ming/LLM_Based-Mutation/tools/mutant/defects4j-2.1.0/framework/bin/d4j/d4j-compile line 82.\nCompilation failed in require at /data/cmd/Ming/LLM_Based-Mutation/tools/mutant/defects4j-2.1.0/framework/bin/defects4j line 195.\n"
                }
            },
            "doubao-pro-4k": {
                "compile": {
                    "rc": 0,
                    "so": "",
                    "se": "Running ant (compile)...................................................... OK\nRunning ant (compile.tests)................................................ OK\n"
                },
                "test": {
                    "rc": 0,
                    "so": "Failing tests: 560\n  - com.fasterxml.jackson.databind.ObjectMapperTest::testProviderConfig\n  - com.fasterxml.jackson.databind.RoundtripTest::testMedaItemRoundtrip\n  - com.fasterxml.jackson.databind.TestHandlerInstantiation::testTypeIdResolver\n  - com.fasterxml.jackson.databind.TestJDKSerialization::testObjectMapper\n  - com.fasterxml.jackson.databind.TestJDKSerialization::testObjectReader\n  - com.fasterxml.jackson.databind.TestJDKSerialization::testEnumHandlers\n  - com.fasterxml.jackson.databind.TestObjectMapperBeanDeserializer::testSimpleBean\n  - com.fasterxml.jackson.databind.TestObjectMapperBeanDeserializer::testFromStringCtor\n  - com.fasterxml.jackson.databind.TestObjectMapperBeanDeserializer::testFromLongFactory\n  - com.fasterxml.jackson.databind.TestObjectMapperBeanDeserializer::testFromStringFactory\n  - com.fasterxml.jackson.databind.TestObjectMapperBeanDeserializer::testFromLongCtor\n  - com.fasterxml.jackson.databind.TestObjectMapperBeanDeserializer::testFromIntFactory\n  - com.fasterxml.jackson.databind.TestObjectMapperBeanDeserializer::testFromDoubleCtor\n  - com.fasterxml.jackson.databind.TestObjectMapperBeanDeserializer::testFromIntCtor\n  - com.fasterxml.jackson.databind.TestObjectMapperBeanDeserializer::testListBean\n  - com.fasterxml.jackson.databind.TestParserUsingMapper::testPojoReading\n  - com.fasterxml.jackson.databind.TestRootName::testReconfiguringOfWrapping\n  - com.fasterxml.jackson.databind.TestRootName::testRootUsingExplicitConfig\n  - com.fasterxml.jackson.databind.TestRootName::testRootViaWriterAndReader\n  - com.fasterxml.jackson.databind.TestRootName::testRootViaMapper\n  - com.fasterxml.jackson.databind.access.TestSerAnyGetter::testDynaBean\n  - com.fasterxml.jackson.databind.big.TestBiggerData::testRoundTrip\n  - com.fasterxml.jackson.databind.big.TestBiggerData::testReading\n  - com.fasterxml.jackson.databind.contextual.TestContextAttributeWithDeser::testSimplePerCall\n  - com.fasterxml.jackson.databind.contextual.TestContextAttributeWithDeser::testHierarchic\n  - com.fasterxml.jackson.databind.contextual.TestContextAttributeWithDeser::testSimpleDefaults\n  - com.fasterxml.jackson.databind.contextual.TestContextualDeserialization::testSimpleWithAnnotations\n  - com.fasterxml.jackson.databind.contextual.TestContextualDeserialization::testContextualType\n  - com.fasterxml.jackson.databind.contextual.TestContextualDeserialization::testAnnotatedArray\n  - com.fasterxml.jackson.databind.contextual.TestContextualDeserialization::testAnnotatedCtor\n  - com.fasterxml.jackson.databind.contextual.TestContextualDeserialization::testAnnotatedList\n  - com.fasterxml.jackson.databind.contextual.TestContextualDeserialization::testSimpleWithClassAnnotations\n  - com.fasterxml.jackson.databind.contextual.TestContextualDeserialization::testAnnotatedMap\n  - com.fasterxml.jackson.databind.contextual.TestContextualDeserialization::testSimple\n  - com.fasterxml.jackson.databind.contextual.TestContextualKeyTypes::testSimpleKeyDeser\n  - com.fasterxml.jackson.databind.contextual.TestContextualWithAnnDeserializer::testAnnotatedContextual\n  - com.fasterxml.jackson.databind.convert.ConvertingAbstractSerializer795Test::testNonAbstractDeserialization\n  - com.fasterxml.jackson.databind.convert.ConvertingAbstractSerializer795Test::testAbstractTypeDeserialization\n  - com.fasterxml.jackson.databind.convert.NumericConversionTest::testDoubleToInt\n  - com.fasterxml.jackson.databind.convert.NumericConversionTest::testDoubleToLong\n  - com.fasterxml.jackson.databind.convert.TestBeanConversions::testBeanConvert\n  - com.fasterxml.jackson.databind.convert.TestBeanConversions::testErrorReporting\n  - com.fasterxml.jackson.databind.convert.TestBeanConversions::testIssue11\n  - com.fasterxml.jackson.databind.convert.TestConvertingDeserializer::testPropertyAnnotationArrayLC\n  - com.fasterxml.jackson.databind.convert.TestConvertingDeserializer::testPropertyAnnotationForMaps\n  - com.fasterxml.jackson.databind.convert.TestConvertingDeserializer::testPropertyAnnotationForArrays\n  - com.fasterxml.jackson.databind.convert.TestConvertingDeserializer::testConvertToAbstract\n  - com.fasterxml.jackson.databind.convert.TestConvertingDeserializer::testClassAnnotationForLists\n  - com.fasterxml.jackson.databind.convert.TestConvertingDeserializer::testPropertyAnnotationForLists\n  - com.fasterxml.jackson.databind.convert.TestConvertingDeserializer::testPropertyAnnotationLowerCasing\n  - com.fasterxml.jackson.databind.convert.TestConvertingDeserializer::testPropertyAnnotationSimple\n  - com.fasterxml.jackson.databind.convert.TestMapConversions::testMapToBean\n  - com.fasterxml.jackson.databind.convert.TestPolymorphicUpdateValue::testPolymorphicTest\n  - com.fasterxml.jackson.databind.convert.TestStringConversions::testLowerCasingDeserializer\n  - com.fasterxml.jackson.databind.convert.TestUpdateValue::testBeanUpdate\n  - com.fasterxml.jackson.databind.convert.TestUpdateValue::testUpdatingWithViews\n  - com.fasterxml.jackson.databind.convert.TestUpdateValue::testUpdateSequence\n  - com.fasterxml.jackson.databind.convert.TestUpdateValue::testIssue744\n  - com.fasterxml.jackson.databind.creators.BigCreatorTest::testBigPartial\n  - com.fasterxml.jackson.databind.creators.Creator1476Test::testConstructorChoice\n  - com.fasterxml.jackson.databind.creators.CreatorPropertiesTest::testPossibleNamingConflict\n  - com.fasterxml.jackson.databind.creators.CreatorPropertiesTest::testCreatorPropertiesAnnotation\n  - com.fasterxml.jackson.databind.creators.CreatorWithObjectIdTest::testObjectIdWithCreator\n  - com.fasterxml.jackson.databind.creators.DelegatingExternalProperty1003Test::testExtrnalPropertyDelegatingCreator\n  - com.fasterxml.jackson.databind.creators.DisablingCreatorsTest::testDisabling\n  - com.fasterxml.jackson.databind.creators.ImplicitNameMatch792Test::testWriteOnly\n  - com.fasterxml.jackson.databind.creators.ImplicitParamsForCreatorTest::testNonSingleArgCreator\n  - com.fasterxml.jackson.databind.creators.MultiArgConstructorTest::testMultiArgNotVisible\n  - com.fasterxml.jackson.databind.creators.MultiArgConstructorTest::testMultiArgVisible\n  - com.fasterxml.jackson.databind.creators.MultiArgConstructorTest::testMultiArgWithPartialOverride\n  - com.fasterxml.jackson.databind.creators.RequiredCreatorTest::testRequiredAnnotatedParam\n  - com.fasterxml.jackson.databind.creators.RequiredCreatorTest::testRequiredGloballyParam\n  - com.fasterxml.jackson.databind.creators.SingleArgCreatorTest::testSingleImplicitlyNamedNotDelegating\n  - com.fasterxml.jackson.databind.creators.SingleArgCreatorTest::testSingleImplicitDelegating\n  - com.fasterxml.jackson.databind.creators.SingleArgCreatorTest::testNamedSingleArg\n  - com.fasterxml.jackson.databind.creators.SingleArgCreatorTest::testSingleStringArgWithImplicitName\n  - com.fasterxml.jackson.databind.creators.SingleArgCreatorTest::testExplicitFactory660a\n  - com.fasterxml.jackson.databind.creators.SingleArgCreatorTest::testExplicitFactory660b\n  - com.fasterxml.jackson.databind.creators.SingleArgCreatorTest::testSingleExplicitlyNamedButDelegating\n  - com.fasterxml.jackson.databind.creators.TestConstructFromMap::testViaConstructor\n  - com.fasterxml.jackson.databind.creators.TestConstructFromMap::testViaFactory\n  - com.fasterxml.jackson.databind.creators.TestConstructFromMap::testViaFactoryUsingString\n  - com.fasterxml.jackson.databind.creators.TestCreatorNullValue::testCreatorReturningNull\n  - com.fasterxml.jackson.databind.creators.TestCreatorNullValue::testUsesDeserializersNullValue\n  - com.fasterxml.jackson.databind.creators.TestCreatorWithNamingStrategy556::testRenameViaCtor\n  - com.fasterxml.jackson.databind.creators.TestCreatorWithNamingStrategy556::testRenameViaFactory\n  - com.fasterxml.jackson.databind.creators.TestCreatorWithPolymorphic113::testSubtypes\n  - com.fasterxml.jackson.databind.creators.TestCreators::testMultipleCreators\n  - com.fasterxml.jackson.databind.creators.TestCreators::testBrokenConstructor\n  - com.fasterxml.jackson.databind.creators.TestCreators::testDeferredFactoryAndProps\n  - com.fasterxml.jackson.databind.creators.TestCreators::testSimpleFactory\n  - com.fasterxml.jackson.databind.creators.TestCreators::testConstructorAndProps\n  - com.fasterxml.jackson.databind.creators.TestCreators::testSimpleDoubleConstructor\n  - com.fasterxml.jackson.databind.creators.TestCreators::testSimpleConstructor\n  - com.fasterxml.jackson.databind.creators.TestCreators::testStringFactory\n  - com.fasterxml.jackson.databind.creators.TestCreators::testLongFactory\n  - com.fasterxml.jackson.databind.creators.TestCreators::testFactoryCreatorWithMixin\n  - com.fasterxml.jackson.databind.creators.TestCreators::testFactoryCreatorWithRenamingMixin\n  - com.fasterxml.jackson.databind.creators.TestCreators::testFactoryAndProps\n  - com.fasterxml.jackson.databind.creators.TestCreators::testNoArgsFactory\n  - com.fasterxml.jackson.databind.creators.TestCreators::testStringFactoryAlt\n  - com.fasterxml.jackson.databind.creators.TestCreators::testDeferredConstructorAndProps\n  - com.fasterxml.jackson.databind.creators.TestCreators::testConstructorCreator\n  - com.fasterxml.jackson.databind.creators.TestCreators::testSimpleBooleanConstructor\n  - com.fasterxml.jackson.databind.creators.TestCreators2::testAbstractFactory\n  - com.fasterxml.jackson.databind.creators.TestCreators2::testCreatorWithDupNames\n  - com.fasterxml.jackson.databind.creators.TestCreators2::testSimpleConstructor\n  - com.fasterxml.jackson.databind.creators.TestCreators2::testExceptionFromConstructor\n  - com.fasterxml.jackson.databind.creators.TestCreators2::testCreatorMultipleArgumentWithoutAnnotation\n  - com.fasterxml.jackson.databind.creators.TestCreators2::testCreatorProperties\n  - com.fasterxml.jackson.databind.creators.TestCreators2::testJackson431\n  - com.fasterxml.jackson.databind.creators.TestCreators2::testJackson438\n  - com.fasterxml.jackson.databind.creators.TestCreators2::testIssue465\n  - com.fasterxml.jackson.databind.creators.TestCreators2::testMissingPrimitives\n  - com.fasterxml.jackson.databind.creators.TestCreators2::testIgnoredSingleArgCtor\n  - com.fasterxml.jackson.databind.creators.TestCreators421::testMultiCtor421\n  - com.fasterxml.jackson.databind.creators.TestCreators541::testCreator541\n  - com.fasterxml.jackson.databind.creators.TestCreatorsDelegating::testWithCtorAndDelegate\n  - com.fasterxml.jackson.databind.creators.TestCreatorsDelegating::testDelegateWithTokenBuffer\n  - com.fasterxml.jackson.databind.creators.TestCreatorsDelegating::testWithFactoryAndDelegate\n  - com.fasterxml.jackson.databind.creators.TestCreatorsDelegating::testBooleanDelegate\n  - com.fasterxml.jackson.databind.creators.TestCreatorsWithIdentity::testSimple\n  - com.fasterxml.jackson.databind.creators.TestPolymorphicCreators::testManualPolymorphicDog\n  - com.fasterxml.jackson.databind.creators.TestPolymorphicCreators::testManualPolymorphicWithNumbered\n  - com.fasterxml.jackson.databind.creators.TestPolymorphicCreators::testManualPolymorphicCatBasic\n  - com.fasterxml.jackson.databind.creators.TestPolymorphicCreators::testManualPolymorphicCatWithReorder\n  - com.fasterxml.jackson.databind.creators.TestPolymorphicDelegating::testAbstractDelegateWithCreator\n  - com.fasterxml.jackson.databind.creators.TestValueInstantiator::testBeanFromBoolean\n  - com.fasterxml.jackson.databind.creators.TestValueInstantiator::testPolymorphicCreatorBean\n  - com.fasterxml.jackson.databind.creators.TestValueInstantiator::testCustomDelegateInstantiator\n  - com.fasterxml.jackson.databind.creators.TestValueInstantiator::testEmptyBean\n  - com.fasterxml.jackson.databind.creators.TestValueInstantiator::testBeanFromLong\n  - com.fasterxml.jackson.databind.creators.TestValueInstantiator::testPropertyBasedBeanInstantiator\n  - com.fasterxml.jackson.databind.creators.TestValueInstantiator::testBeanFromDouble\n  - com.fasterxml.jackson.databind.creators.TestValueInstantiator::testDelegateBeanInstantiator\n  - com.fasterxml.jackson.databind.creators.TestValueInstantiator::testBeanFromString\n  - com.fasterxml.jackson.databind.creators.TestValueInstantiator::testCustomBeanInstantiator\n  - com.fasterxml.jackson.databind.creators.TestValueInstantiator::testBeanFromInt\n  - com.fasterxml.jackson.databind.creators.TestValueUpdate::testValueUpdateWithCreator\n  - com.fasterxml.jackson.databind.deser.NumberDeserTest::testDeserializeDecimalProperException\n  - com.fasterxml.jackson.databind.deser.NumberDeserTest::testDeserializeDecimalHappyPath\n  - com.fasterxml.jackson.databind.deser.NumberDeserTest::testDeserializeDecimalProperExceptionWhenIdSet\n  - com.fasterxml.jackson.databind.deser.TestAbstract::testAbstractFailure\n  - com.fasterxml.jackson.databind.deser.TestAnnotationIgnore::testFailOnIgnore\n  - com.fasterxml.jackson.databind.deser.TestAnnotationIgnore::testSimpleIgnore\n  - com.fasterxml.jackson.databind.deser.TestAnnotationUsing::testListContentUsing\n  - com.fasterxml.jackson.databind.deser.TestAnnotationUsing::testMethodDeserializer\n  - com.fasterxml.jackson.databind.deser.TestAnnotationUsing::testMapKeyUsing\n  - com.fasterxml.jackson.databind.deser.TestAnnotationUsing::testArrayContentUsing\n  - com.fasterxml.jackson.databind.deser.TestAnnotationUsing::testMapContentUsing\n  - com.fasterxml.jackson.databind.deser.TestAnyProperties::testSimpleTyped\n  - com.fasterxml.jackson.databind.deser.TestAnyProperties::testBrokenWithDoubleAnnotations\n  - com.fasterxml.jackson.databind.deser.TestAnyProperties::testProblem744\n  - com.fasterxml.jackson.databind.deser.TestAnyProperties::testPolymorphic\n  - com.fasterxml.jackson.databind.deser.TestAnyProperties::testIgnored\n  - com.fasterxml.jackson.databind.deser.TestAnyProperties::testSimpleMapImitation\n  - com.fasterxml.jackson.databind.deser.TestAnyProperties::testIgnoredPart2\n  - com.fasterxml.jackson.databind.deser.TestArrayDeserialization::testBeanArray\n  - com.fasterxml.jackson.databind.deser.TestArrayDeserialization::testFromEmptyString2\n  - com.fasterxml.jackson.databind.deser.TestArrayDeserialization::testByteArrayTypeOverride890\n  - com.fasterxml.jackson.databind.deser.TestArrayDeserialization::testUntypedArrayOfArrays\n  - com.fasterxml.jackson.databind.deser.TestBasicAnnotations::testImpliedProperty\n  - com.fasterxml.jackson.databind.deser.TestBasicAnnotations::testIssue442PrivateUnwrapped\n  - com.fasterxml.jackson.databind.deser.TestBasicAnnotations::testSimpleSetter\n  - com.fasterxml.jackson.databind.deser.TestBasicAnnotations::testSetterInheritance\n  - com.fasterxml.jackson.databind.deser.TestBasicAnnotations::testSimpleSetter2\n  - com.fasterxml.jackson.databind.deser.TestBasicAnnotations::testSimpleSetter3\n  - com.fasterxml.jackson.databind.deser.TestBeanDeserializer::testDeserializerReplacement\n  - com.fasterxml.jackson.databind.deser.TestBeanDeserializer::testPOJOFromEmptyString\n  - com.fasterxml.jackson.databind.deser.TestBeanDeserializer::testPropertyRemoval\n  - com.fasterxml.jackson.databind.deser.TestBeanDeserializer::testIssue476\n  - com.fasterxml.jackson.databind.deser.TestBeanDeserializer::testPOJOFromEmptyArray\n  - com.fasterxml.jackson.databind.deser.TestCachingOfDeser::testCustomListCaching1\n  - com.fasterxml.jackson.databind.deser.TestCachingOfDeser::testCustomListCaching2\n  - com.fasterxml.jackson.databind.deser.TestCachingOfDeser::testCustomMapCaching1\n  - com.fasterxml.jackson.databind.deser.TestCachingOfDeser::testCustomMapCaching2\n  - com.fasterxml.jackson.databind.deser.TestCollectionDeserialization::testIterableWithStrings\n  - com.fasterxml.jackson.databind.deser.TestCollectionDeserialization::testImplicitArrays\n  - com.fasterxml.jackson.databind.deser.TestCollectionDeserialization::testArrayIndexForExceptions\n  - com.fasterxml.jackson.databind.deser.TestCollectionDeserialization::testIterableWithBeans\n  - com.fasterxml.jackson.databind.deser.TestCollectionDeserialization::testSingletonCollections\n  - com.fasterxml.jackson.databind.deser.TestConfig::testAnnotationsDisabled\n  - com.fasterxml.jackson.databind.deser.TestConfig::testNoAccessOverrides\n  - com.fasterxml.jackson.databind.deser.TestCustomDeserializers::testContextReadValue\n  - com.fasterxml.jackson.databind.deser.TestCustomDeserializers::testCustomBeanDeserializer\n  - com.fasterxml.jackson.databind.deser.TestCustomDeserializers::testCurrentValueAccess\n  - com.fasterxml.jackson.databind.deser.TestCustomDeserializers::testCustomStringDeser\n  - com.fasterxml.jackson.databind.deser.TestCustomDeserializers::testIssue882\n  - com.fasterxml.jackson.databind.deser.TestCustomFactory::testCustomBeanDeserializer\n  - com.fasterxml.jackson.databind.deser.TestCyclicTypes::testLinkedGeneric\n  - com.fasterxml.jackson.databind.deser.TestCyclicTypes::testCycleWith2Classes\n  - com.fasterxml.jackson.databind.deser.TestCyclicTypes::testLinked\n  - com.fasterxml.jackson.databind.deser.TestDateDeserialization::testCustomDateWithAnnotation\n  - com.fasterxml.jackson.databind.deser.TestDateDeserialization::testCustomCalendarWithAnnotation\n  - com.fasterxml.jackson.databind.deser.TestDateDeserialization::testCustomCalendarWithTimeZone\n  - com.fasterxml.jackson.databind.deser.TestEnumDeserialization::testAllowUnknownEnumValuesAsMapKeysReadAsNull\n  - com.fasterxml.jackson.databind.deser.TestEnumDeserialization::testDoNotAllowUnknownEnumValuesAsMapKeysWhenReadAsNullDisabled\n  - com.fasterxml.jackson.databind.deser.TestExceptionDeserialization::testFailingNoSerdeConstructor\n  - com.fasterxml.jackson.databind.deser.TestExceptionHandling::testHandlingOfUnrecognized\n  - com.fasterxml.jackson.databind.deser.TestExceptionHandlingWithDefaultDeserialization::testShouldThrowJsonMappingExceptionWithPathReference\n  - com.fasterxml.jackson.databind.deser.TestExceptionHandlingWithJsonCreatorDeserialization::testShouldThrowJsonMappingExceptionWithPathReference\n  - com.fasterxml.jackson.databind.deser.TestFieldDeserialization::testSimpleAnnotation\n  - com.fasterxml.jackson.databind.deser.TestFieldDeserialization::testOkFieldOverride\n  - com.fasterxml.jackson.databind.deser.TestFieldDeserialization::testSimpleAutoDetect\n  - com.fasterxml.jackson.databind.deser.TestFieldDeserialization::testTypeAnnotation\n  - com.fasterxml.jackson.databind.deser.TestFieldDeserialization::testNoAutoDetect\n  - com.fasterxml.jackson.databind.deser.TestGenericCollectionDeser::testAnnotatedBooleanList\n  - com.fasterxml.jackson.databind.deser.TestGenericCollectionDeser::testAnnotatedLStringist\n  - com.fasterxml.jackson.databind.deser.TestGenericCollectionDeser::testListSubClass\n  - com.fasterxml.jackson.databind.deser.TestGenericMapDeser::testIntermediateTypes\n  - com.fasterxml.jackson.databind.deser.TestGenericMapDeser::testMapSubClass\n  - com.fasterxml.jackson.databind.deser.TestGenericMapDeser::testMapWrapper\n  - com.fasterxml.jackson.databind.deser.TestGenericMapDeser::testAnnotatedMap\n  - com.fasterxml.jackson.databind.deser.TestGenerics::testMultipleWrappers\n  - com.fasterxml.jackson.databind.deser.TestGenerics::testArrayOfGenericWrappersSingleValueArray\n  - com.fasterxml.jackson.databind.deser.TestGenerics::testSimpleNumberBean\n  - com.fasterxml.jackson.databind.deser.TestGenerics::testArrayOfGenericWrappers\n  - com.fasterxml.jackson.databind.deser.TestGenerics::testGenericWrapper\n  - com.fasterxml.jackson.databind.deser.TestGenerics::testGenericWrapperWithSingleElementArray\n  - com.fasterxml.jackson.databind.deser.TestGenerics::testMultipleWrappersSingleValueArray\n  - com.fasterxml.jackson.databind.deser.TestIgnoredTypes::testIgnoredType\n  - com.fasterxml.jackson.databind.deser.TestInjectables::testTwoInjectablesViaCreator\n  - com.fasterxml.jackson.databind.deser.TestInjectables::testIssueGH471\n  - com.fasterxml.jackson.databind.deser.TestInjectables::testTransientField\n  - com.fasterxml.jackson.databind.deser.TestInjectables::testWithCtors\n  - com.fasterxml.jackson.databind.deser.TestInjectables::testSimple\n  - com.fasterxml.jackson.databind.deser.TestInjectables::testInvalidDup\n  - com.fasterxml.jackson.databind.deser.TestInnerClass::testSimpleNonStaticInner\n  - com.fasterxml.jackson.databind.deser.TestJDKAtomicTypes::testWithCustomDeserializer\n  - com.fasterxml.jackson.databind.deser.TestJDKAtomicTypes::testPolymorphicAtomicReference\n  - com.fasterxml.jackson.databind.deser.TestJDKAtomicTypes::testDeserializeWithContentAs\n  - com.fasterxml.jackson.databind.deser.TestJDKAtomicTypes::testAtomicLong\n  - com.fasterxml.jackson.databind.deser.TestJDKAtomicTypes::testAtomicInt\n  - com.fasterxml.jackson.databind.deser.TestJDKAtomicTypes::testTypeRefinement\n  - com.fasterxml.jackson.databind.deser.TestJacksonTypes::testJsonLocation\n  - com.fasterxml.jackson.databind.deser.TestJdkTypes::testStringBuilder\n  - com.fasterxml.jackson.databind.deser.TestJdkTypes::testClassWithParams\n  - com.fasterxml.jackson.databind.deser.TestJdkTypes::testEmptyStringForWrappers\n  - com.fasterxml.jackson.databind.deser.TestJdkTypes::testLongToBoolean\n  - com.fasterxml.jackson.databind.deser.TestJdkTypes::testEmptyStringForPrimitives\n  - com.fasterxml.jackson.databind.deser.TestJdkTypes::testStackTraceElementWithCustom\n  - com.fasterxml.jackson.databind.deser.TestJdkTypes::testNullForPrimitives\n  - com.fasterxml.jackson.databind.deser.TestMapDeserialization::testSpecialMap\n  - com.fasterxml.jackson.databind.deser.TestMapDeserialization::testKeyWithCreator\n  - com.fasterxml.jackson.databind.deser.TestMapDeserialization::testEnumPolymorphicSerializationTest\n  - com.fasterxml.jackson.databind.deser.TestMapDeserialization::testGenericMap\n  - com.fasterxml.jackson.databind.deser.TestMapDeserialization::testMapEntryFail\n  - com.fasterxml.jackson.databind.deser.TestMapDeserialization::testSingletonMapRoundtrip\n  - com.fasterxml.jackson.databind.deser.TestMapDeserialization::testMapEntryWithStringBean\n  - com.fasterxml.jackson.databind.deser.TestNullHandling::testPolymorphicDataNull\n  - com.fasterxml.jackson.databind.deser.TestNullHandling::testAnySetterNulls\n  - com.fasterxml.jackson.databind.deser.TestObjectOrArrayDeserialization::testNotEmptyArrayCase\n  - com.fasterxml.jackson.databind.deser.TestObjectOrArrayDeserialization::testEmptyArrayCase\n  - com.fasterxml.jackson.databind.deser.TestObjectOrArrayDeserialization::testObjectCase\n  - com.fasterxml.jackson.databind.deser.TestOverloaded::testSetterConflict\n  - com.fasterxml.jackson.databind.deser.TestOverloaded::testSpecialization\n  - com.fasterxml.jackson.databind.deser.TestOverloaded::testConflictResolution\n  - com.fasterxml.jackson.databind.deser.TestOverloaded::testOverride\n  - com.fasterxml.jackson.databind.deser.TestPolymorphicDeserialization676::testDeSerCorrect\n  - com.fasterxml.jackson.databind.deser.TestPolymorphicDeserialization676::testDeSerFail\n  - com.fasterxml.jackson.databind.deser.TestSetterlessProperties::testSimpleSetterlessCollectionOk\n  - com.fasterxml.jackson.databind.deser.TestSetterlessProperties::testSetterlessPrecedence\n  - com.fasterxml.jackson.databind.deser.TestSetterlessProperties::testSimpleSetterlessMapOk\n  - com.fasterxml.jackson.databind.deser.TestSetterlessProperties::testSimpleSetterlessCollectionFailure\n  - com.fasterxml.jackson.databind.deser.TestSetterlessProperties::testSimpleSetterlessMapFailure\n  - com.fasterxml.jackson.databind.deser.TestSimpleTypes::testIntWithOverride\n  - com.fasterxml.jackson.databind.deser.TestSimpleTypes::testCharacterWrapper\n  - com.fasterxml.jackson.databind.deser.TestSimpleTypes::testBooleanPrimitive\n  - com.fasterxml.jackson.databind.deser.TestSimpleTypes::testIntPrimitive\n  - com.fasterxml.jackson.databind.deser.TestSimpleTypes::testDoublePrimitive\n  - com.fasterxml.jackson.databind.deser.TestSimpleTypes::testFloatPrimitiveNonNumeric\n  - com.fasterxml.jackson.databind.deser.TestSimpleTypes::testDoublePrimitiveNonNumeric\n  - com.fasterxml.jackson.databind.deser.TestStatics::testSimpleIgnore\n  - com.fasterxml.jackson.databind.deser.TestUntypedDeserialization::testNestedUntyped989\n  - com.fasterxml.jackson.databind.deser.TestValueAnnotations::testOverrideClassValid\n  - com.fasterxml.jackson.databind.deser.TestValueAnnotations::testOverrideMapContents\n  - com.fasterxml.jackson.databind.deser.TestValueAnnotations::testRootInterfaceAs\n  - com.fasterxml.jackson.databind.deser.TestValueAnnotations::testOverrideKeyClassInvalid\n  - com.fasterxml.jackson.databind.deser.TestValueAnnotations::testOverrideMapValid\n  - com.fasterxml.jackson.databind.deser.TestValueAnnotations::testOverrideContentClassValid\n  - com.fasterxml.jackson.databind.deser.TestValueAnnotations::testOverrideKeyClassValid\n  - com.fasterxml.jackson.databind.deser.TestValueAnnotations::testOverrideArrayClass\n  - com.fasterxml.jackson.databind.deser.TestValueAnnotations::testOverrideArrayContents\n  - com.fasterxml.jackson.databind.deser.TestValueAnnotations::testOverrideClassInvalid\n  - com.fasterxml.jackson.databind.filter.JsonIgnoreProperties1595Test::testIgnoreGetterNotSetter1595\n  - com.fasterxml.jackson.databind.filter.ReadOnlyProperties95Test::testReadOnlyProp\n  - com.fasterxml.jackson.databind.filter.TestJsonFilter::testIssue89\n  - com.fasterxml.jackson.databind.filter.TestUnknownPropertyDeserialization::testClassWithIgnoreUnknown\n  - com.fasterxml.jackson.databind.filter.TestUnknownPropertyDeserialization::testUnknownHandlingIgnoreWithFeature\n  - com.fasterxml.jackson.databind.filter.TestUnknownPropertyDeserialization::testClassWithUnknownAndIgnore\n  - com.fasterxml.jackson.databind.filter.TestUnknownPropertyDeserialization::testWithClassIgnore\n  - com.fasterxml.jackson.databind.filter.TestUnknownPropertyDeserialization::testPropertyIgnoralWithClass\n  - com.fasterxml.jackson.databind.filter.TestUnknownPropertyDeserialization::testPropertyIgnoralForMap\n  - com.fasterxml.jackson.databind.filter.TestUnknownPropertyDeserialization::testUnknownHandlingIgnoreWithHandler\n  - com.fasterxml.jackson.databind.filter.TestUnknownPropertyDeserialization::testPropertyIgnoral\n  - com.fasterxml.jackson.databind.filter.TestUnknownPropertyDeserialization::testIssue987\n  - com.fasterxml.jackson.databind.filter.TestUnknownPropertyDeserialization::testUnknownHandlingDefault\n  - com.fasterxml.jackson.databind.filter.TestUnknownPropertyDeserialization::testUnknownHandlingIgnoreWithHandlerAndObjectReader\n  - com.fasterxml.jackson.databind.interop.DeprecatedTypeHandling1102Test::testExplicitMapType\n  - com.fasterxml.jackson.databind.interop.DeprecatedTypeHandling1102Test::testExplicitCollectionType\n  - com.fasterxml.jackson.databind.interop.DeprecatedTypeHandling1102Test::testPOJOSubType\n  - com.fasterxml.jackson.databind.interop.DeprecatedTypeHandling1102Test::testSimplePOJOType\n  - com.fasterxml.jackson.databind.interop.IllegalTypesCheckTest::testC3P0Types\n  - com.fasterxml.jackson.databind.interop.IllegalTypesCheckTest::testJDKTypes1737\n  - com.fasterxml.jackson.databind.interop.IllegalTypesCheckTest::testJDKTypes1855\n  - com.fasterxml.jackson.databind.interop.IllegalTypesCheckTest::testJDKTypes1872\n  - com.fasterxml.jackson.databind.interop.IllegalTypesCheckTest::testXalanTypes1599\n  - com.fasterxml.jackson.databind.interop.TestExternalizable::testSerializeAsExternalizable\n  - com.fasterxml.jackson.databind.interop.TestFormatDetection::testSimpleWithJSON\n  - com.fasterxml.jackson.databind.interop.TestJDKProxy::testSimple\n  - com.fasterxml.jackson.databind.introspect.NoClassDefFoundWorkaroundTest::testDeserialize\n  - com.fasterxml.jackson.databind.introspect.SetterConflictTest::testSetterPriority\n  - com.fasterxml.jackson.databind.introspect.TestAnnotationMerging::testSharedTypeInfoWithCtor\n  - com.fasterxml.jackson.databind.introspect.TestAnnotationMerging::testSharedNamesFromGetterToSetter\n  - com.fasterxml.jackson.databind.introspect.TestAnnotationMerging::testSharedTypeInfo\n  - com.fasterxml.jackson.databind.introspect.TestAutoDetect::testPrivateCtor\n  - com.fasterxml.jackson.databind.introspect.TestInferredMutators::testFinalFieldIgnoral\n  - com.fasterxml.jackson.databind.introspect.TestInferredMutators::testDeserializationInference\n  - com.fasterxml.jackson.databind.introspect.TestJacksonAnnotationIntrospector::testSerializeDeserializeWithJaxbAnnotations\n  - com.fasterxml.jackson.databind.introspect.TestNameConflicts::testOverrideName\n  - com.fasterxml.jackson.databind.introspect.TestNamingStrategyCustom::testWithGetterAsSetter\n  - com.fasterxml.jackson.databind.introspect.TestNamingStrategyCustom::testSimpleFields\n  - com.fasterxml.jackson.databind.introspect.TestNamingStrategyCustom::testLowerCase\n  - com.fasterxml.jackson.databind.introspect.TestNamingStrategyCustom::testSimpleSetters\n  - com.fasterxml.jackson.databind.introspect.TestNamingStrategyCustom::testPerClassAnnotation\n  - com.fasterxml.jackson.databind.introspect.TestNamingStrategyCustom::testCStyleNaming\n  - com.fasterxml.jackson.databind.introspect.TestNamingStrategyStd::testLowerCaseUnchangedNames\n  - com.fasterxml.jackson.databind.introspect.TestNamingStrategyStd::testLowerCaseAcronymsTranslations\n  - com.fasterxml.jackson.databind.introspect.TestNamingStrategyStd::testNamingWithObjectNode\n  - com.fasterxml.jackson.databind.introspect.TestNamingStrategyStd::testLowerCaseTranslations\n  - com.fasterxml.jackson.databind.introspect.TestNamingStrategyStd::testLowerCaseOtherNonStandardNamesTranslations\n  - com.fasterxml.jackson.databind.introspect.TestNamingStrategyStd::testSimpleKebabCase\n  - com.fasterxml.jackson.databind.introspect.TestNamingStrategyStd::testExplicitRename\n  - com.fasterxml.jackson.databind.introspect.TestPropertyConflicts::testInferredNameConflictsWithSetters\n  - com.fasterxml.jackson.databind.introspect.TestPropertyConflicts::testIssue541\n  - com.fasterxml.jackson.databind.introspect.TestPropertyConflicts::testRegularAndIsGetter\n  - com.fasterxml.jackson.databind.introspect.TestScalaLikeImplicitProperties::testVarProperty\n  - com.fasterxml.jackson.databind.introspect.TestScalaLikeImplicitProperties::testGetterSetterProperty\n  - com.fasterxml.jackson.databind.introspect.TestScalaLikeImplicitProperties::testVarWithBeanProperty\n  - com.fasterxml.jackson.databind.jsonschema.TestReadJsonSchema::testDeserializeSimple\n  - com.fasterxml.jackson.databind.jsontype.AbstracTypeMapping1186Test::testDeserializeMyContainer\n  - com.fasterxml.jackson.databind.jsontype.ExternalTypeId198Test::testFails\n  - com.fasterxml.jackson.databind.jsontype.ExternalTypeId198Test::testWorks\n  - com.fasterxml.jackson.databind.jsontype.Generic1128Test::testIssue1128\n  - com.fasterxml.jackson.databind.jsontype.PolymorphicList1451SerTest::testCollectionWithTypeInfo\n  - com.fasterxml.jackson.databind.jsontype.PolymorphicViaRefTypeTest::testPolymorphicAtomicRefProperty\n  - com.fasterxml.jackson.databind.jsontype.PolymorphicViaRefTypeTest::testAtomicRefViaDefaultTyping\n  - com.fasterxml.jackson.databind.jsontype.TestAbstractContainers::testAbstractLists\n  - com.fasterxml.jackson.databind.jsontype.TestAbstractContainers::testAbstractMaps\n  - com.fasterxml.jackson.databind.jsontype.TestAbstractTypeNames::testEmptyCollection\n  - com.fasterxml.jackson.databind.jsontype.TestAbstractTypeNames::testInnerClassWithType\n  - com.fasterxml.jackson.databind.jsontype.TestCustomTypeIdResolver::testCustomTypeIdResolver\n  - com.fasterxml.jackson.databind.jsontype.TestCustomTypeIdResolver::testCustomWithExternal\n  - com.fasterxml.jackson.databind.jsontype.TestDefaultForArrays::testArrayTypingNested\n  - com.fasterxml.jackson.databind.jsontype.TestDefaultForArrays::testArrayTypingSimple\n  - com.fasterxml.jackson.databind.jsontype.TestDefaultForEnums::testSimpleEnumBean\n  - com.fasterxml.jackson.databind.jsontype.TestDefaultForEnums::testSimpleEnumsAsField\n  - com.fasterxml.jackson.databind.jsontype.TestDefaultForLists::testListOfLongs\n  - com.fasterxml.jackson.databind.jsontype.TestDefaultForLists::testListOfNumbers\n  - com.fasterxml.jackson.databind.jsontype.TestDefaultForLists::testDateTypes\n  - com.fasterxml.jackson.databind.jsontype.TestDefaultForLists::testJackson667\n  - com.fasterxml.jackson.databind.jsontype.TestDefaultForMaps::testMap\n  - com.fasterxml.jackson.databind.jsontype.TestDefaultForMaps::testList\n  - com.fasterxml.jackson.databind.jsontype.TestDefaultForMaps::testJackson428\n  - com.fasterxml.jackson.databind.jsontype.TestDefaultForObject::testBeanAsObject\n  - com.fasterxml.jackson.databind.jsontype.TestDefaultForObject::testBeanAsObjectUsingAsProperty\n  - com.fasterxml.jackson.databind.jsontype.TestDefaultForObject::testAbstractBean\n  - com.fasterxml.jackson.databind.jsontype.TestDefaultForObject::testJackson311\n  - com.fasterxml.jackson.databind.jsontype.TestDefaultForObject::testIssue352\n  - com.fasterxml.jackson.databind.jsontype.TestDefaultForObject::testTokenBuffer\n  - com.fasterxml.jackson.databind.jsontype.TestDefaultForObject::testNullValue\n  - com.fasterxml.jackson.databind.jsontype.TestDefaultForScalars::test417\n  - com.fasterxml.jackson.databind.jsontype.TestDefaultWithCreators::testWithCreators\n  - com.fasterxml.jackson.databind.jsontype.TestEnumTyping::testEnumInterfaceList\n  - com.fasterxml.jackson.databind.jsontype.TestEnumTyping::testUntypedEnum\n  - com.fasterxml.jackson.databind.jsontype.TestEnumTyping::testEnumInterface\n  - com.fasterxml.jackson.databind.jsontype.TestExternalId::testInverseExternalId928\n  - com.fasterxml.jackson.databind.jsontype.TestExternalId::testWithNaturalScalar118\n  - com.fasterxml.jackson.databind.jsontype.TestExternalId::testExternalTypeWithCreator\n  - com.fasterxml.jackson.databind.jsontype.TestExternalId::testBigDecimal965\n  - com.fasterxml.jackson.databind.jsontype.TestExternalId::testWithAsValue\n  - com.fasterxml.jackson.databind.jsontype.TestExternalId::testExternalTypeIdWithNull\n  - com.fasterxml.jackson.databind.jsontype.TestExternalId::testWithScalar118\n  - com.fasterxml.jackson.databind.jsontype.TestExternalId::testIssue798\n  - com.fasterxml.jackson.databind.jsontype.TestExternalId::testIssue831\n  - com.fasterxml.jackson.databind.jsontype.TestExternalId::testImproperExternalIdDeserialization\n  - com.fasterxml.jackson.databind.jsontype.TestExternalId::testSimpleDeserialization\n  - com.fasterxml.jackson.databind.jsontype.TestExternalId::testMultipleTypeIdsDeserialization\n  - com.fasterxml.jackson.databind.jsontype.TestGenericListSerialization::testSubTypesFor356\n  - com.fasterxml.jackson.databind.jsontype.TestNoTypeInfo::testWithIdNone\n  - com.fasterxml.jackson.databind.jsontype.TestOverlappingTypeIdNames312::testOverlappingNameDeser\n  - com.fasterxml.jackson.databind.jsontype.TestPolymorphicWithDefaultImpl::testDefaultAsVoid\n  - com.fasterxml.jackson.databind.jsontype.TestPolymorphicWithDefaultImpl::testDeserializationWithArrayOfSize2\n  - com.fasterxml.jackson.databind.jsontype.TestPolymorphicWithDefaultImpl::testInvalidTypeId511\n  - com.fasterxml.jackson.databind.jsontype.TestPolymorphicWithDefaultImpl::testDeserializationWithObject\n  - com.fasterxml.jackson.databind.jsontype.TestPolymorphicWithDefaultImpl::testDeserializationWithString\n  - com.fasterxml.jackson.databind.jsontype.TestPolymorphicWithDefaultImpl::testBadTypeAsNull\n  - com.fasterxml.jackson.databind.jsontype.TestPolymorphicWithDefaultImpl::testDefaultAsNoClass\n  - com.fasterxml.jackson.databind.jsontype.TestPolymorphicWithDefaultImpl::testUnknownTypeIDRecovery\n  - com.fasterxml.jackson.databind.jsontype.TestPolymorphicWithDefaultImpl::testDefaultImplWithObjectWrapper\n  - com.fasterxml.jackson.databind.jsontype.TestPolymorphicWithDefaultImpl::testDeserializationWithArray\n  - com.fasterxml.jackson.databind.jsontype.TestPropertyTypeInfo::testSimpleField\n  - com.fasterxml.jackson.databind.jsontype.TestPropertyTypeInfo::testSimpleArrayField\n  - com.fasterxml.jackson.databind.jsontype.TestPropertyTypeInfo::testSimpleMapMethod\n  - com.fasterxml.jackson.databind.jsontype.TestPropertyTypeInfo::testSimpleMethod\n  - com.fasterxml.jackson.databind.jsontype.TestPropertyTypeInfo::testSimpleListMethod\n  - com.fasterxml.jackson.databind.jsontype.TestPropertyTypeInfo::testSimpleMapField\n  - com.fasterxml.jackson.databind.jsontype.TestPropertyTypeInfo::testSimpleListField\n  - com.fasterxml.jackson.databind.jsontype.TestPropertyTypeInfo::testSimpleArrayMethod\n  - com.fasterxml.jackson.databind.jsontype.TestScalars::testHeterogenousStringScalars\n  - com.fasterxml.jackson.databind.jsontype.TestScalars::testScalarsViaAbstractType\n  - com.fasterxml.jackson.databind.jsontype.TestScalars::testScalarsWithTyping\n  - com.fasterxml.jackson.databind.jsontype.TestSubtypes::testErrorMessage\n  - com.fasterxml.jackson.databind.jsontype.TestSubtypes::testViaAtomic\n  - com.fasterxml.jackson.databind.jsontype.TestSubtypes::testIssue1125WithDefault\n  - com.fasterxml.jackson.databind.jsontype.TestSubtypes::testDefaultImpl\n  - com.fasterxml.jackson.databind.jsontype.TestSubtypes::testSubclassLimits\n  - com.fasterxml.jackson.databind.jsontype.TestSubtypes::testDefaultImplViaModule\n  - com.fasterxml.jackson.databind.jsontype.TestSubtypes::testSubtypesViaModule\n  - com.fasterxml.jackson.databind.jsontype.TestSubtypes::testDeserializatioNamed\n  - com.fasterxml.jackson.databind.jsontype.TestSubtypes::testPropertyWithSubtypes\n  - com.fasterxml.jackson.databind.jsontype.TestSubtypes::testIssue1125NonDefault\n  - com.fasterxml.jackson.databind.jsontype.TestSubtypes::testDeserializationNonNamed\n  - com.fasterxml.jackson.databind.jsontype.TestSubtypesExistingProperty::testSimpleClassAsExistingPropertyDeserializationCars\n  - com.fasterxml.jackson.databind.jsontype.TestSubtypesExistingProperty::testSimpleClassAsExistingPropertyDeserializationFruits\n  - com.fasterxml.jackson.databind.jsontype.TestSubtypesExistingProperty::testSimpleClassAsExistingPropertyDeserializationAnimals\n  - com.fasterxml.jackson.databind.jsontype.TestTypeNames::testRoundTrip\n  - com.fasterxml.jackson.databind.jsontype.TestTypeNames::testRoundTripMap\n  - com.fasterxml.jackson.databind.jsontype.TestTypedContainerSerialization::testIssue508\n  - com.fasterxml.jackson.databind.jsontype.TestTypedDeserialization::testTypeAsWrapper\n  - com.fasterxml.jackson.databind.jsontype.TestTypedDeserialization::testListAsArray\n  - com.fasterxml.jackson.databind.jsontype.TestTypedDeserialization::testCagedAnimal\n  - com.fasterxml.jackson.databind.jsontype.TestTypedDeserialization::testTypeAsArray\n  - com.fasterxml.jackson.databind.jsontype.TestTypedDeserialization::testIssue506WithDate\n  - com.fasterxml.jackson.databind.jsontype.TestTypedDeserialization::testAbstractEmptyBaseClass\n  - com.fasterxml.jackson.databind.jsontype.TestTypedDeserialization::testIssue506WithNumber\n  - com.fasterxml.jackson.databind.jsontype.TestTypedDeserialization::testSimpleClassAsProperty\n  - com.fasterxml.jackson.databind.jsontype.TestVisibleTypeId::testVisibleTypeId408\n  - com.fasterxml.jackson.databind.jsontype.TestVisibleTypeId::testVisibleWithWrapperArray\n  - com.fasterxml.jackson.databind.jsontype.TestVisibleTypeId::testVisibleWithProperty\n  - com.fasterxml.jackson.databind.jsontype.TestVisibleTypeId::testVisibleWithWrapperObject\n  - com.fasterxml.jackson.databind.jsontype.TestVisibleTypeId::testIssue263\n  - com.fasterxml.jackson.databind.jsontype.TestWithGenerics::testJackson387\n  - com.fasterxml.jackson.databind.jsontype.TestWithGenerics::testJackson430\n  - com.fasterxml.jackson.databind.jsontype.TypeRefinementForMapTest::testMapRefinement\n  - com.fasterxml.jackson.databind.jsontype.TypeRefinementForMapTest::testMapKeyRefinement1384\n  - com.fasterxml.jackson.databind.jsontype.TypeResolverTest::testSubtypeResolution\n  - com.fasterxml.jackson.databind.jsontype.WrapperObjectWithObjectIdTest::testSimple\n  - com.fasterxml.jackson.databind.mixins.TestMixinDeserForClass::testClassMixInsTopLevel\n  - com.fasterxml.jackson.databind.mixins.TestMixinDeserForClass::testClassMixInsForObjectClass\n  - com.fasterxml.jackson.databind.mixins.TestMixinDeserForClass::testClassMixInsMidLevel\n  - com.fasterxml.jackson.databind.mixins.TestMixinDeserForCreators::testForConstructor\n  - com.fasterxml.jackson.databind.mixins.TestMixinDeserForCreators::testFactoryMixIn\n  - com.fasterxml.jackson.databind.mixins.TestMixinDeserForCreators::testForFactoryAndCtor\n  - com.fasterxml.jackson.databind.mixins.TestMixinDeserForMethods::testWithAnySetter\n  - com.fasterxml.jackson.databind.module.TestAbstractTypes::testInterfaceDefaulting\n  - com.fasterxml.jackson.databind.module.TestSimpleModule::testWithoutModule\n  - com.fasterxml.jackson.databind.node.TestConversions::testTreeToValue\n  - com.fasterxml.jackson.databind.node.TestConversions::testIssue709\n  - com.fasterxml.jackson.databind.node.TestObjectNode::testEmptyNodeAsValue\n  - com.fasterxml.jackson.databind.node.TestObjectNode::testIssue941\n  - com.fasterxml.jackson.databind.node.TestTreeDeserialization::testMixed\n  - com.fasterxml.jackson.databind.node.TestTreeDeserialization::testNullHandlingCovariance\n  - com.fasterxml.jackson.databind.node.TestTreeTraversingParser::testDataBind\n  - com.fasterxml.jackson.databind.node.TestTreeTraversingParser::testSkipChildrenWrt370\n  - com.fasterxml.jackson.databind.objectid.AlwaysAsReferenceFirstTest::testIssue1255\n  - com.fasterxml.jackson.databind.objectid.JSOGDeserialize622Test::testAlterativePolymorphicRoundTrip669\n  - com.fasterxml.jackson.databind.objectid.JSOGDeserialize622Test::testPolymorphicRoundTrip\n  - com.fasterxml.jackson.databind.objectid.JSOGDeserialize622Test::testStructJSOGRef\n  - com.fasterxml.jackson.databind.objectid.Objecid1083Test::testSimple\n  - com.fasterxml.jackson.databind.objectid.ObjectId825BTest::testFull825\n  - com.fasterxml.jackson.databind.objectid.ObjectId825Test::testDeserialize\n  - com.fasterxml.jackson.databind.objectid.ReferentialWithObjectIdTest::testAtomicWithObjectId\n  - com.fasterxml.jackson.databind.objectid.TestAbstractWithObjectId::testIssue877\n  - com.fasterxml.jackson.databind.objectid.TestObjectId::testObjectAndTypeId\n  - com.fasterxml.jackson.databind.objectid.TestObjectId::testColumnMetadata\n  - com.fasterxml.jackson.databind.objectid.TestObjectIdDeserialization::testSimpleDeserializationClass\n  - com.fasterxml.jackson.databind.objectid.TestObjectIdDeserialization::testKeepMapOrdering\n  - com.fasterxml.jackson.databind.objectid.TestObjectIdDeserialization::testSimpleDeserializationProperty\n  - com.fasterxml.jackson.databind.objectid.TestObjectIdDeserialization::testCustomDeserializationClass\n  - com.fasterxml.jackson.databind.objectid.TestObjectIdDeserialization::testForwardReferenceAnySetterCombo\n  - com.fasterxml.jackson.databind.objectid.TestObjectIdDeserialization::testForwardReferenceInMap\n  - com.fasterxml.jackson.databind.objectid.TestObjectIdDeserialization::testKeepCollectionOrdering\n  - com.fasterxml.jackson.databind.objectid.TestObjectIdDeserialization::testForwardReference\n  - com.fasterxml.jackson.databind.objectid.TestObjectIdDeserialization::testUnresolvedForwardReference\n  - com.fasterxml.jackson.databind.objectid.TestObjectIdDeserialization::testCustomDeserializationProperty\n  - com.fasterxml.jackson.databind.objectid.TestObjectIdDeserialization::testForwardReferenceInCollection\n  - com.fasterxml.jackson.databind.objectid.TestObjectIdDeserialization::testMissingObjectId\n  - com.fasterxml.jackson.databind.objectid.TestObjectIdDeserialization::testUnresolvableAsNull\n  - com.fasterxml.jackson.databind.objectid.TestObjectIdDeserialization::testSimpleUUIDForClassRoundTrip\n  - com.fasterxml.jackson.databind.objectid.TestObjectIdDeserialization::testNullObjectId\n  - com.fasterxml.jackson.databind.objectid.TestObjectIdDeserialization::testCustomPoolResolver\n  - com.fasterxml.jackson.databind.objectid.TestObjectIdDeserialization::testSimpleDeserWithForwardRefs\n  - com.fasterxml.jackson.databind.objectid.TestObjectIdSerialization::testNullStringPropertyId\n  - com.fasterxml.jackson.databind.objectid.TestObjectIdSerialization::testSerializeWithOpaqueStringId\n  - com.fasterxml.jackson.databind.objectid.TestObjectIdWithEquals::testEqualObjectIdsExternal\n  - com.fasterxml.jackson.databind.objectid.TestObjectIdWithEquals::testSimpleEquals\n  - com.fasterxml.jackson.databind.objectid.TestObjectIdWithPolymorphic::testPolymorphicRoundtrip\n  - com.fasterxml.jackson.databind.objectid.TestObjectIdWithPolymorphic::testIssue811\n  - com.fasterxml.jackson.databind.seq.ObjectReaderTest::testPointerLoadingMappingIteratorMany\n  - com.fasterxml.jackson.databind.seq.ObjectReaderTest::testNoPointerLoading\n  - com.fasterxml.jackson.databind.seq.ObjectReaderTest::testPointerLoading\n  - com.fasterxml.jackson.databind.seq.ObjectReaderTest::testPointerLoadingMappingIteratorOne\n  - com.fasterxml.jackson.databind.seq.ReadRecoveryTest::testSimpleRootRecovery\n  - com.fasterxml.jackson.databind.seq.ReadRecoveryTest::testRootBeans\n  - com.fasterxml.jackson.databind.seq.ReadRecoveryTest::testSimpleArrayRecovery\n  - com.fasterxml.jackson.databind.seq.ReadValuesTest::testRootBeansInArray\n  - com.fasterxml.jackson.databind.seq.ReadValuesTest::testRootBeans\n  - com.fasterxml.jackson.databind.seq.ReadValuesTest::testNonRootBeans\n  - com.fasterxml.jackson.databind.seq.ReadValuesTest::testRootBeansWithParser\n  - com.fasterxml.jackson.databind.ser.TestJsonValue::testPolymorphicSerdeWithDelegate\n  - com.fasterxml.jackson.databind.struct.FormatFeaturesTest::testSingleLongArrayRead\n  - com.fasterxml.jackson.databind.struct.FormatFeaturesTest::testSingleElementArrayRead\n  - com.fasterxml.jackson.databind.struct.FormatFeaturesTest::testSingleElementListRead\n  - com.fasterxml.jackson.databind.struct.FormatFeaturesTest::testSingleEnumSetRead\n  - com.fasterxml.jackson.databind.struct.FormatFeaturesTest::testSingleStringListRead\n  - com.fasterxml.jackson.databind.struct.FormatFeaturesTest::testSingleStringArrayRead\n  - com.fasterxml.jackson.databind.struct.FormatFeaturesTest::testSingleIntArrayRead\n  - com.fasterxml.jackson.databind.struct.PojoAsArray646Test::testWithCustomTypeId\n  - com.fasterxml.jackson.databind.struct.TestBackRefsWithPolymorphic::testDeserialize\n  - com.fasterxml.jackson.databind.struct.TestFormatForCollections::testListAsObject\n  - com.fasterxml.jackson.databind.struct.TestForwardReference::testForwardRef\n  - com.fasterxml.jackson.databind.struct.TestPOJOAsArray::testReadSimpleRootValue\n  - com.fasterxml.jackson.databind.struct.TestPOJOAsArray::testReadSimplePropertyValue\n  - com.fasterxml.jackson.databind.struct.TestPOJOAsArray::testSimpleWithIndex\n  - com.fasterxml.jackson.databind.struct.TestPOJOAsArray::testWithMaps\n  - com.fasterxml.jackson.databind.struct.TestPOJOAsArray::testBeanAsArrayUnwrapped\n  - com.fasterxml.jackson.databind.struct.TestPOJOAsArrayAdvanced::testWithView\n  - com.fasterxml.jackson.databind.struct.TestPOJOAsArrayAdvanced::testWithCreatorsOrdered\n  - com.fasterxml.jackson.databind.struct.TestPOJOAsArrayAdvanced::testWithCreatorsShuffled\n  - com.fasterxml.jackson.databind.struct.TestParentChildReferences::testSimpleRefs\n  - com.fasterxml.jackson.databind.struct.TestParentChildReferences::testAbstract368\n  - com.fasterxml.jackson.databind.struct.TestParentChildReferences::testListOfRefs\n  - com.fasterxml.jackson.databind.struct.TestParentChildReferences::testSimpleRefsWithGetter\n  - com.fasterxml.jackson.databind.struct.TestParentChildReferences::testArrayOfRefs\n  - com.fasterxml.jackson.databind.struct.TestParentChildReferences::testIssue693\n  - com.fasterxml.jackson.databind.struct.TestParentChildReferences::testIssue708\n  - com.fasterxml.jackson.databind.struct.TestParentChildReferences::testMapOfRefs\n  - com.fasterxml.jackson.databind.struct.TestParentChildReferences::testFullRefs\n  - com.fasterxml.jackson.databind.struct.TestUnwrapped::testDeepUnwrapping\n  - com.fasterxml.jackson.databind.struct.TestUnwrapped::testDoubleUnwrapping\n  - com.fasterxml.jackson.databind.struct.TestUnwrapped::testSimpleUnwrappedDeserialize\n  - com.fasterxml.jackson.databind.struct.TestUnwrapped::testIssue615\n  - com.fasterxml.jackson.databind.struct.TestUnwrapped::testUnwrappedDeserializeWithCreator\n  - com.fasterxml.jackson.databind.struct.TestUnwrappedWithPrefix::testHierarchicConfigDeserialize\n  - com.fasterxml.jackson.databind.struct.TestUnwrappedWithPrefix::testPrefixedUnwrapping\n  - com.fasterxml.jackson.databind.struct.TestUnwrappedWithPrefix::testIssue226\n  - com.fasterxml.jackson.databind.struct.TestUnwrappedWithPrefix::testDeepPrefixedUnwrappingDeserialize\n  - com.fasterxml.jackson.databind.struct.TestUnwrappedWithPrefix::testHierarchicConfigRoundTrip\n  - com.fasterxml.jackson.databind.struct.TestUnwrappedWithSameName647::testUnwrappedWithSamePropertyName\n  - com.fasterxml.jackson.databind.type.LocalTypeTest::testLocalPartialType609\n  - com.fasterxml.jackson.databind.type.TestGenericFieldInSubtype::testInnerType\n  - com.fasterxml.jackson.databind.type.TestGenericsBounded::testGenericsComplex\n  - com.fasterxml.jackson.databind.type.TestGenericsBounded::testBounded\n  - com.fasterxml.jackson.databind.type.TestGenericsBounded::testLowerBound\n  - com.fasterxml.jackson.databind.type.TestGenericsBounded::testIssue778\n  - com.fasterxml.jackson.databind.type.TestTypeFactory::testSneakyBeanProperties\n  - com.fasterxml.jackson.databind.type.TypeAliasesTest::testAliasResolutionIssue743\n  - com.fasterxml.jackson.databind.views.TestViewDeserialization::testWithoutDefaultInclusion\n  - com.fasterxml.jackson.databind.views.TestViewDeserialization::testSimple\n",
                    "se": "Running ant (compile.tests)................................................ OK\nRunning ant (run.dev.tests)................................................ OK\n"
                }
            },
            "gpt-4o-mini": {
                "compile": {
                    "rc": 1,
                    "so": "",
                    "se": "Running ant (compile)...................................................... FAIL\nExecuted command:  cd /data/cmd/Ming/llm-fl-apr/tmp/JacksonDatabind_94-prompt_apr_3-gpt-4o-mini && /data/cmd/Ming/LLM_Based-Mutation/tools/mutant/defects4j-2.1.0/major/bin/ant -f /data/cmd/Ming/LLM_Based-Mutation/tools/mutant/defects4j-2.1.0/framework/projects/defects4j.build.xml -Dd4j.home=/data/cmd/Ming/LLM_Based-Mutation/tools/mutant/defects4j-2.1.0 -Dd4j.dir.projects=/data/cmd/Ming/LLM_Based-Mutation/tools/mutant/defects4j-2.1.0/framework/projects -Dbasedir=/data/cmd/Ming/llm-fl-apr/tmp/JacksonDatabind_94-prompt_apr_3-gpt-4o-mini -Dbuild.compiler=javac1.7  compile 2>&1\nJava HotSpot(TM) 64-Bit Server VM warning: ignoring option MaxPermSize=1G; support was removed in 8.0\nBuildfile: /data/cmd/Ming/LLM_Based-Mutation/tools/mutant/defects4j-2.1.0/framework/projects/defects4j.build.xml\n\ntest-offline:\n\nget-deps:\n\njackson-databind-from-maven.compile:\n    [mkdir] Created dir: /data/cmd/Ming/llm-fl-apr/tmp/JacksonDatabind_94-prompt_apr_3-gpt-4o-mini/target/classes\n    [javac] /data/cmd/Ming/llm-fl-apr/tmp/JacksonDatabind_94-prompt_apr_3-gpt-4o-mini/maven-build.xml:89: warning: 'includeantruntime' was not set, defaulting to build.sysclasspath=last; set to false for repeatable builds\n    [javac] Compiling 391 source files to /data/cmd/Ming/llm-fl-apr/tmp/JacksonDatabind_94-prompt_apr_3-gpt-4o-mini/target/classes\n    [javac] /data/cmd/Ming/llm-fl-apr/tmp/JacksonDatabind_94-prompt_apr_3-gpt-4o-mini/src/main/java/com/fasterxml/jackson/databind/jsontype/impl/SubTypeValidator.java:107: error: reached end of file while parsing\n    [javac]         } while (false);}\n    [javac]                          ^\n    [javac] 1 error\n\nBUILD FAILED\n/data/cmd/Ming/llm-fl-apr/tmp/JacksonDatabind_94-prompt_apr_3-gpt-4o-mini/maven-build.xml:89: Compile failed; see the compiler error output for details.\n\nTotal time: 3 seconds\nCannot compile sources! at /data/cmd/Ming/LLM_Based-Mutation/tools/mutant/defects4j-2.1.0/framework/bin/d4j/d4j-compile line 82.\nCompilation failed in require at /data/cmd/Ming/LLM_Based-Mutation/tools/mutant/defects4j-2.1.0/framework/bin/defects4j line 195.\n"
                }
            },
            "deepseek-chat": {
                "compile": {
                    "rc": 1,
                    "so": "",
                    "se": "Running ant (compile)...................................................... FAIL\nExecuted command:  cd /data/cmd/Ming/llm-fl-apr/tmp/JacksonDatabind_94-prompt_apr_3-deepseek-chat && /data/cmd/Ming/LLM_Based-Mutation/tools/mutant/defects4j-2.1.0/major/bin/ant -f /data/cmd/Ming/LLM_Based-Mutation/tools/mutant/defects4j-2.1.0/framework/projects/defects4j.build.xml -Dd4j.home=/data/cmd/Ming/LLM_Based-Mutation/tools/mutant/defects4j-2.1.0 -Dd4j.dir.projects=/data/cmd/Ming/LLM_Based-Mutation/tools/mutant/defects4j-2.1.0/framework/projects -Dbasedir=/data/cmd/Ming/llm-fl-apr/tmp/JacksonDatabind_94-prompt_apr_3-deepseek-chat -Dbuild.compiler=javac1.7  compile 2>&1\nJava HotSpot(TM) 64-Bit Server VM warning: ignoring option MaxPermSize=1G; support was removed in 8.0\nBuildfile: /data/cmd/Ming/LLM_Based-Mutation/tools/mutant/defects4j-2.1.0/framework/projects/defects4j.build.xml\n\ntest-offline:\n\nget-deps:\n\njackson-databind-from-maven.compile:\n    [mkdir] Created dir: /data/cmd/Ming/llm-fl-apr/tmp/JacksonDatabind_94-prompt_apr_3-deepseek-chat/target/classes\n    [javac] /data/cmd/Ming/llm-fl-apr/tmp/JacksonDatabind_94-prompt_apr_3-deepseek-chat/maven-build.xml:89: warning: 'includeantruntime' was not set, defaulting to build.sysclasspath=last; set to false for repeatable builds\n    [javac] Compiling 391 source files to /data/cmd/Ming/llm-fl-apr/tmp/JacksonDatabind_94-prompt_apr_3-deepseek-chat/target/classes\n    [javac] /data/cmd/Ming/llm-fl-apr/tmp/JacksonDatabind_94-prompt_apr_3-deepseek-chat/src/main/java/com/fasterxml/jackson/databind/jsontype/impl/SubTypeValidator.java:71: error: illegal character: \\96\n    [javac] ```java\n    [javac] ^\n    [javac] /data/cmd/Ming/llm-fl-apr/tmp/JacksonDatabind_94-prompt_apr_3-deepseek-chat/src/main/java/com/fasterxml/jackson/databind/jsontype/impl/SubTypeValidator.java:71: error: illegal character: \\96\n    [javac] ```java\n    [javac]  ^\n    [javac] /data/cmd/Ming/llm-fl-apr/tmp/JacksonDatabind_94-prompt_apr_3-deepseek-chat/src/main/java/com/fasterxml/jackson/databind/jsontype/impl/SubTypeValidator.java:71: error: illegal character: \\96\n    [javac] ```java\n    [javac]   ^\n    [javac] /data/cmd/Ming/llm-fl-apr/tmp/JacksonDatabind_94-prompt_apr_3-deepseek-chat/src/main/java/com/fasterxml/jackson/databind/jsontype/impl/SubTypeValidator.java:109: error: illegal character: \\96\n    [javac] ```}\n    [javac] ^\n    [javac] /data/cmd/Ming/llm-fl-apr/tmp/JacksonDatabind_94-prompt_apr_3-deepseek-chat/src/main/java/com/fasterxml/jackson/databind/jsontype/impl/SubTypeValidator.java:109: error: illegal character: \\96\n    [javac] ```}\n    [javac]  ^\n    [javac] /data/cmd/Ming/llm-fl-apr/tmp/JacksonDatabind_94-prompt_apr_3-deepseek-chat/src/main/java/com/fasterxml/jackson/databind/jsontype/impl/SubTypeValidator.java:109: error: illegal character: \\96\n    [javac] ```}\n    [javac]   ^\n    [javac] /data/cmd/Ming/llm-fl-apr/tmp/JacksonDatabind_94-prompt_apr_3-deepseek-chat/src/main/java/com/fasterxml/jackson/databind/jsontype/impl/SubTypeValidator.java:109: error: reached end of file while parsing\n    [javac] ```}\n    [javac]     ^\n    [javac] 7 errors\n\nBUILD FAILED\n/data/cmd/Ming/llm-fl-apr/tmp/JacksonDatabind_94-prompt_apr_3-deepseek-chat/maven-build.xml:89: Compile failed; see the compiler error output for details.\n\nTotal time: 2 seconds\nCannot compile sources! at /data/cmd/Ming/LLM_Based-Mutation/tools/mutant/defects4j-2.1.0/framework/bin/d4j/d4j-compile line 82.\nCompilation failed in require at /data/cmd/Ming/LLM_Based-Mutation/tools/mutant/defects4j-2.1.0/framework/bin/defects4j line 195.\n"
                }
            }
        },
        "prompt_apr_4": {
            "ernie-3.5-128k": {
                "compile": {
                    "rc": 1,
                    "so": "",
                    "se": "Running ant (compile)...................................................... FAIL\nExecuted command:  cd /data/cmd/Ming/llm-fl-apr/tmp/JacksonDatabind_94-prompt_apr_4-ernie-3.5-128k && /data/cmd/Ming/LLM_Based-Mutation/tools/mutant/defects4j-2.1.0/major/bin/ant -f /data/cmd/Ming/LLM_Based-Mutation/tools/mutant/defects4j-2.1.0/framework/projects/defects4j.build.xml -Dd4j.home=/data/cmd/Ming/LLM_Based-Mutation/tools/mutant/defects4j-2.1.0 -Dd4j.dir.projects=/data/cmd/Ming/LLM_Based-Mutation/tools/mutant/defects4j-2.1.0/framework/projects -Dbasedir=/data/cmd/Ming/llm-fl-apr/tmp/JacksonDatabind_94-prompt_apr_4-ernie-3.5-128k -Dbuild.compiler=javac1.7  compile 2>&1\nJava HotSpot(TM) 64-Bit Server VM warning: ignoring option MaxPermSize=1G; support was removed in 8.0\nBuildfile: /data/cmd/Ming/LLM_Based-Mutation/tools/mutant/defects4j-2.1.0/framework/projects/defects4j.build.xml\n\ntest-offline:\n\nget-deps:\n\njackson-databind-from-maven.compile:\n    [mkdir] Created dir: /data/cmd/Ming/llm-fl-apr/tmp/JacksonDatabind_94-prompt_apr_4-ernie-3.5-128k/target/classes\n    [javac] /data/cmd/Ming/llm-fl-apr/tmp/JacksonDatabind_94-prompt_apr_4-ernie-3.5-128k/maven-build.xml:89: warning: 'includeantruntime' was not set, defaulting to build.sysclasspath=last; set to false for repeatable builds\n    [javac] Compiling 391 source files to /data/cmd/Ming/llm-fl-apr/tmp/JacksonDatabind_94-prompt_apr_4-ernie-3.5-128k/target/classes\n    [javac] /data/cmd/Ming/llm-fl-apr/tmp/JacksonDatabind_94-prompt_apr_4-ernie-3.5-128k/src/main/java/com/fasterxml/jackson/databind/jsontype/impl/SubTypeValidator.java:100: error: 'else' without 'if'\n    [javac]             } else if (full.startsWith(PREFIX_SPRING)) {                // [databind#1931]; more 3rd party\n    [javac]               ^\n    [javac] /data/cmd/Ming/llm-fl-apr/tmp/JacksonDatabind_94-prompt_apr_4-ernie-3.5-128k/src/main/java/com/fasterxml/jackson/databind/jsontype/impl/SubTypeValidator.java:107: error: illegal start of type\n    [javac]                 }        throw JsonMappingException.from(ctxt,\n    [javac]                          ^\n    [javac] /data/cmd/Ming/llm-fl-apr/tmp/JacksonDatabind_94-prompt_apr_4-ernie-3.5-128k/src/main/java/com/fasterxml/jackson/databind/jsontype/impl/SubTypeValidator.java:107: error: ';' expected\n    [javac]                 }        throw JsonMappingException.from(ctxt,\n    [javac]                               ^\n    [javac] /data/cmd/Ming/llm-fl-apr/tmp/JacksonDatabind_94-prompt_apr_4-ernie-3.5-128k/src/main/java/com/fasterxml/jackson/databind/jsontype/impl/SubTypeValidator.java:107: error: illegal start of type\n    [javac]                 }        throw JsonMappingException.from(ctxt,\n    [javac]                                                    ^\n    [javac] /data/cmd/Ming/llm-fl-apr/tmp/JacksonDatabind_94-prompt_apr_4-ernie-3.5-128k/src/main/java/com/fasterxml/jackson/databind/jsontype/impl/SubTypeValidator.java:107: error: <identifier> expected\n    [javac]                 }        throw JsonMappingException.from(ctxt,\n    [javac]                                                              ^\n    [javac] /data/cmd/Ming/llm-fl-apr/tmp/JacksonDatabind_94-prompt_apr_4-ernie-3.5-128k/src/main/java/com/fasterxml/jackson/databind/jsontype/impl/SubTypeValidator.java:108: error: <identifier> expected\n    [javac]                 String.format(\"Illegal type (%s) to deserialize: prevented for security reasons\", full));\n    [javac]                              ^\n    [javac] /data/cmd/Ming/llm-fl-apr/tmp/JacksonDatabind_94-prompt_apr_4-ernie-3.5-128k/src/main/java/com/fasterxml/jackson/databind/jsontype/impl/SubTypeValidator.java:108: error: ';' expected\n    [javac]                 String.format(\"Illegal type (%s) to deserialize: prevented for security reasons\", full));\n    [javac]                               ^\n    [javac] /data/cmd/Ming/llm-fl-apr/tmp/JacksonDatabind_94-prompt_apr_4-ernie-3.5-128k/src/main/java/com/fasterxml/jackson/databind/jsontype/impl/SubTypeValidator.java:108: error: illegal start of type\n    [javac]                 String.format(\"Illegal type (%s) to deserialize: prevented for security reasons\", full));\n    [javac]                                                                                                 ^\n    [javac] /data/cmd/Ming/llm-fl-apr/tmp/JacksonDatabind_94-prompt_apr_4-ernie-3.5-128k/src/main/java/com/fasterxml/jackson/databind/jsontype/impl/SubTypeValidator.java:108: error: ';' expected\n    [javac]                 String.format(\"Illegal type (%s) to deserialize: prevented for security reasons\", full));\n    [javac]                                                                                                       ^\n    [javac] /data/cmd/Ming/llm-fl-apr/tmp/JacksonDatabind_94-prompt_apr_4-ernie-3.5-128k/src/main/java/com/fasterxml/jackson/databind/jsontype/impl/SubTypeValidator.java:110: error: class, interface, or enum expected\n    [javac] }\n    [javac] ^\n    [javac] 10 errors\n\nBUILD FAILED\n/data/cmd/Ming/llm-fl-apr/tmp/JacksonDatabind_94-prompt_apr_4-ernie-3.5-128k/maven-build.xml:89: Compile failed; see the compiler error output for details.\n\nTotal time: 2 seconds\nCannot compile sources! at /data/cmd/Ming/LLM_Based-Mutation/tools/mutant/defects4j-2.1.0/framework/bin/d4j/d4j-compile line 82.\nCompilation failed in require at /data/cmd/Ming/LLM_Based-Mutation/tools/mutant/defects4j-2.1.0/framework/bin/defects4j line 195.\n"
                }
            },
            "qwen-turbo": {
                "compile": {
                    "rc": 1,
                    "so": "",
                    "se": "Running ant (compile)...................................................... FAIL\nExecuted command:  cd /data/cmd/Ming/llm-fl-apr/tmp/JacksonDatabind_94-prompt_apr_4-qwen-turbo && /data/cmd/Ming/LLM_Based-Mutation/tools/mutant/defects4j-2.1.0/major/bin/ant -f /data/cmd/Ming/LLM_Based-Mutation/tools/mutant/defects4j-2.1.0/framework/projects/defects4j.build.xml -Dd4j.home=/data/cmd/Ming/LLM_Based-Mutation/tools/mutant/defects4j-2.1.0 -Dd4j.dir.projects=/data/cmd/Ming/LLM_Based-Mutation/tools/mutant/defects4j-2.1.0/framework/projects -Dbasedir=/data/cmd/Ming/llm-fl-apr/tmp/JacksonDatabind_94-prompt_apr_4-qwen-turbo -Dbuild.compiler=javac1.7  compile 2>&1\nJava HotSpot(TM) 64-Bit Server VM warning: ignoring option MaxPermSize=1G; support was removed in 8.0\nBuildfile: /data/cmd/Ming/LLM_Based-Mutation/tools/mutant/defects4j-2.1.0/framework/projects/defects4j.build.xml\n\ntest-offline:\n\nget-deps:\n\njackson-databind-from-maven.compile:\n    [mkdir] Created dir: /data/cmd/Ming/llm-fl-apr/tmp/JacksonDatabind_94-prompt_apr_4-qwen-turbo/target/classes\n    [javac] /data/cmd/Ming/llm-fl-apr/tmp/JacksonDatabind_94-prompt_apr_4-qwen-turbo/maven-build.xml:89: warning: 'includeantruntime' was not set, defaulting to build.sysclasspath=last; set to false for repeatable builds\n    [javac] Compiling 391 source files to /data/cmd/Ming/llm-fl-apr/tmp/JacksonDatabind_94-prompt_apr_4-qwen-turbo/target/classes\n    [javac] /data/cmd/Ming/llm-fl-apr/tmp/JacksonDatabind_94-prompt_apr_4-qwen-turbo/src/main/java/com/fasterxml/jackson/databind/jsontype/impl/SubTypeValidator.java:110: error: reached end of file while parsing\n    [javac] }\n    [javac]  ^\n    [javac] /data/cmd/Ming/llm-fl-apr/tmp/JacksonDatabind_94-prompt_apr_4-qwen-turbo/src/main/java/com/fasterxml/jackson/databind/jsontype/impl/SubTypeValidator.java:111: error: reached end of file while parsing\n    [javac] 2 errors\n\nBUILD FAILED\n/data/cmd/Ming/llm-fl-apr/tmp/JacksonDatabind_94-prompt_apr_4-qwen-turbo/maven-build.xml:89: Compile failed; see the compiler error output for details.\n\nTotal time: 2 seconds\nCannot compile sources! at /data/cmd/Ming/LLM_Based-Mutation/tools/mutant/defects4j-2.1.0/framework/bin/d4j/d4j-compile line 82.\nCompilation failed in require at /data/cmd/Ming/LLM_Based-Mutation/tools/mutant/defects4j-2.1.0/framework/bin/defects4j line 195.\n"
                }
            },
            "doubao-pro-4k": {
                "compile": {
                    "rc": 1,
                    "so": "",
                    "se": "Running ant (compile)...................................................... FAIL\nExecuted command:  cd /data/cmd/Ming/llm-fl-apr/tmp/JacksonDatabind_94-prompt_apr_4-doubao-pro-4k && /data/cmd/Ming/LLM_Based-Mutation/tools/mutant/defects4j-2.1.0/major/bin/ant -f /data/cmd/Ming/LLM_Based-Mutation/tools/mutant/defects4j-2.1.0/framework/projects/defects4j.build.xml -Dd4j.home=/data/cmd/Ming/LLM_Based-Mutation/tools/mutant/defects4j-2.1.0 -Dd4j.dir.projects=/data/cmd/Ming/LLM_Based-Mutation/tools/mutant/defects4j-2.1.0/framework/projects -Dbasedir=/data/cmd/Ming/llm-fl-apr/tmp/JacksonDatabind_94-prompt_apr_4-doubao-pro-4k -Dbuild.compiler=javac1.7  compile 2>&1\nJava HotSpot(TM) 64-Bit Server VM warning: ignoring option MaxPermSize=1G; support was removed in 8.0\nBuildfile: /data/cmd/Ming/LLM_Based-Mutation/tools/mutant/defects4j-2.1.0/framework/projects/defects4j.build.xml\n\ntest-offline:\n\nget-deps:\n\njackson-databind-from-maven.compile:\n    [mkdir] Created dir: /data/cmd/Ming/llm-fl-apr/tmp/JacksonDatabind_94-prompt_apr_4-doubao-pro-4k/target/classes\n    [javac] /data/cmd/Ming/llm-fl-apr/tmp/JacksonDatabind_94-prompt_apr_4-doubao-pro-4k/maven-build.xml:89: warning: 'includeantruntime' was not set, defaulting to build.sysclasspath=last; set to false for repeatable builds\n    [javac] Compiling 391 source files to /data/cmd/Ming/llm-fl-apr/tmp/JacksonDatabind_94-prompt_apr_4-doubao-pro-4k/target/classes\n    [javac] /data/cmd/Ming/llm-fl-apr/tmp/JacksonDatabind_94-prompt_apr_4-doubao-pro-4k/src/main/java/com/fasterxml/jackson/databind/jsontype/impl/SubTypeValidator.java:107: error: while expected\n    [javac] }        throw JsonMappingException.from(ctxt,\n    [javac]  ^\n    [javac] /data/cmd/Ming/llm-fl-apr/tmp/JacksonDatabind_94-prompt_apr_4-doubao-pro-4k/src/main/java/com/fasterxml/jackson/databind/jsontype/impl/SubTypeValidator.java:108: error: ')' expected\n    [javac]                 String.format(\"Illegal type (%s) to deserialize: prevented for security reasons\", full));\n    [javac]                                                                                                         ^\n    [javac] 2 errors\n\nBUILD FAILED\n/data/cmd/Ming/llm-fl-apr/tmp/JacksonDatabind_94-prompt_apr_4-doubao-pro-4k/maven-build.xml:89: Compile failed; see the compiler error output for details.\n\nTotal time: 2 seconds\nCannot compile sources! at /data/cmd/Ming/LLM_Based-Mutation/tools/mutant/defects4j-2.1.0/framework/bin/d4j/d4j-compile line 82.\nCompilation failed in require at /data/cmd/Ming/LLM_Based-Mutation/tools/mutant/defects4j-2.1.0/framework/bin/defects4j line 195.\n"
                }
            },
            "gpt-4o-mini": {
                "compile": {
                    "rc": 1,
                    "so": "",
                    "se": "Running ant (compile)...................................................... FAIL\nExecuted command:  cd /data/cmd/Ming/llm-fl-apr/tmp/JacksonDatabind_94-prompt_apr_4-gpt-4o-mini && /data/cmd/Ming/LLM_Based-Mutation/tools/mutant/defects4j-2.1.0/major/bin/ant -f /data/cmd/Ming/LLM_Based-Mutation/tools/mutant/defects4j-2.1.0/framework/projects/defects4j.build.xml -Dd4j.home=/data/cmd/Ming/LLM_Based-Mutation/tools/mutant/defects4j-2.1.0 -Dd4j.dir.projects=/data/cmd/Ming/LLM_Based-Mutation/tools/mutant/defects4j-2.1.0/framework/projects -Dbasedir=/data/cmd/Ming/llm-fl-apr/tmp/JacksonDatabind_94-prompt_apr_4-gpt-4o-mini -Dbuild.compiler=javac1.7  compile 2>&1\nJava HotSpot(TM) 64-Bit Server VM warning: ignoring option MaxPermSize=1G; support was removed in 8.0\nBuildfile: /data/cmd/Ming/LLM_Based-Mutation/tools/mutant/defects4j-2.1.0/framework/projects/defects4j.build.xml\n\ntest-offline:\n\nget-deps:\n\njackson-databind-from-maven.compile:\n    [mkdir] Created dir: /data/cmd/Ming/llm-fl-apr/tmp/JacksonDatabind_94-prompt_apr_4-gpt-4o-mini/target/classes\n    [javac] /data/cmd/Ming/llm-fl-apr/tmp/JacksonDatabind_94-prompt_apr_4-gpt-4o-mini/maven-build.xml:89: warning: 'includeantruntime' was not set, defaulting to build.sysclasspath=last; set to false for repeatable builds\n    [javac] Compiling 391 source files to /data/cmd/Ming/llm-fl-apr/tmp/JacksonDatabind_94-prompt_apr_4-gpt-4o-mini/target/classes\n    [javac] /data/cmd/Ming/llm-fl-apr/tmp/JacksonDatabind_94-prompt_apr_4-gpt-4o-mini/src/main/java/com/fasterxml/jackson/databind/ser/impl/SimpleBeanPropertyFilter.java:22: warning: [deprecation] BeanPropertyFilter in com.fasterxml.jackson.databind.ser has been deprecated\n    [javac]     implements BeanPropertyFilter, PropertyFilter\n    [javac]                ^\n    [javac] /data/cmd/Ming/llm-fl-apr/tmp/JacksonDatabind_94-prompt_apr_4-gpt-4o-mini/src/main/java/com/fasterxml/jackson/databind/jsontype/impl/TypeDeserializerBase.java:89: warning: [deprecation] forcedNarrowBy(Class<?>) in JavaType has been deprecated\n    [javac]             _defaultImpl = baseType.forcedNarrowBy(defaultImpl);\n    [javac]                                    ^\n    [javac] /data/cmd/Ming/llm-fl-apr/tmp/JacksonDatabind_94-prompt_apr_4-gpt-4o-mini/src/main/java/com/fasterxml/jackson/databind/jsontype/impl/SubTypeValidator.java:107: error: undefined label: main_check\n    [javac] continue main_check;        throw JsonMappingException.from(ctxt,\n    [javac] ^\n    [javac] Note: Some input files use unchecked or unsafe operations.\n    [javac] Note: Recompile with -Xlint:unchecked for details.\n    [javac] 1 error\n    [javac] 2 warnings\n\nBUILD FAILED\n/data/cmd/Ming/llm-fl-apr/tmp/JacksonDatabind_94-prompt_apr_4-gpt-4o-mini/maven-build.xml:89: Compile failed; see the compiler error output for details.\n\nTotal time: 8 seconds\nCannot compile sources! at /data/cmd/Ming/LLM_Based-Mutation/tools/mutant/defects4j-2.1.0/framework/bin/d4j/d4j-compile line 82.\nCompilation failed in require at /data/cmd/Ming/LLM_Based-Mutation/tools/mutant/defects4j-2.1.0/framework/bin/defects4j line 195.\n"
                }
            },
            "deepseek-chat": {
                "compile": {
                    "rc": 1,
                    "so": "",
                    "se": "Running ant (compile)...................................................... FAIL\nExecuted command:  cd /data/cmd/Ming/llm-fl-apr/tmp/JacksonDatabind_94-prompt_apr_4-deepseek-chat && /data/cmd/Ming/LLM_Based-Mutation/tools/mutant/defects4j-2.1.0/major/bin/ant -f /data/cmd/Ming/LLM_Based-Mutation/tools/mutant/defects4j-2.1.0/framework/projects/defects4j.build.xml -Dd4j.home=/data/cmd/Ming/LLM_Based-Mutation/tools/mutant/defects4j-2.1.0 -Dd4j.dir.projects=/data/cmd/Ming/LLM_Based-Mutation/tools/mutant/defects4j-2.1.0/framework/projects -Dbasedir=/data/cmd/Ming/llm-fl-apr/tmp/JacksonDatabind_94-prompt_apr_4-deepseek-chat -Dbuild.compiler=javac1.7  compile 2>&1\nJava HotSpot(TM) 64-Bit Server VM warning: ignoring option MaxPermSize=1G; support was removed in 8.0\nBuildfile: /data/cmd/Ming/LLM_Based-Mutation/tools/mutant/defects4j-2.1.0/framework/projects/defects4j.build.xml\n\ntest-offline:\n\nget-deps:\n\njackson-databind-from-maven.compile:\n    [mkdir] Created dir: /data/cmd/Ming/llm-fl-apr/tmp/JacksonDatabind_94-prompt_apr_4-deepseek-chat/target/classes\n    [javac] /data/cmd/Ming/llm-fl-apr/tmp/JacksonDatabind_94-prompt_apr_4-deepseek-chat/maven-build.xml:89: warning: 'includeantruntime' was not set, defaulting to build.sysclasspath=last; set to false for repeatable builds\n    [javac] Compiling 391 source files to /data/cmd/Ming/llm-fl-apr/tmp/JacksonDatabind_94-prompt_apr_4-deepseek-chat/target/classes\n    [javac] /data/cmd/Ming/llm-fl-apr/tmp/JacksonDatabind_94-prompt_apr_4-deepseek-chat/src/main/java/com/fasterxml/jackson/databind/jsontype/impl/SubTypeValidator.java:107: error: while expected\n    [javac]                 }        throw JsonMappingException.from(ctxt,\n    [javac]                  ^\n    [javac] /data/cmd/Ming/llm-fl-apr/tmp/JacksonDatabind_94-prompt_apr_4-deepseek-chat/src/main/java/com/fasterxml/jackson/databind/jsontype/impl/SubTypeValidator.java:108: error: ')' expected\n    [javac]                 String.format(\"Illegal type (%s) to deserialize: prevented for security reasons\", full));\n    [javac]                                                                                                         ^\n    [javac] 2 errors\n\nBUILD FAILED\n/data/cmd/Ming/llm-fl-apr/tmp/JacksonDatabind_94-prompt_apr_4-deepseek-chat/maven-build.xml:89: Compile failed; see the compiler error output for details.\n\nTotal time: 2 seconds\nCannot compile sources! at /data/cmd/Ming/LLM_Based-Mutation/tools/mutant/defects4j-2.1.0/framework/bin/d4j/d4j-compile line 82.\nCompilation failed in require at /data/cmd/Ming/LLM_Based-Mutation/tools/mutant/defects4j-2.1.0/framework/bin/defects4j line 195.\n"
                }
            }
        },
        "prompt_apr_5": {
            "ernie-3.5-128k": {
                "compile": {
                    "rc": 1,
                    "so": "",
                    "se": "Running ant (compile)...................................................... FAIL\nExecuted command:  cd /data/cmd/Ming/llm-fl-apr/tmp/JacksonDatabind_94-prompt_apr_5-ernie-3.5-128k && /data/cmd/Ming/LLM_Based-Mutation/tools/mutant/defects4j-2.1.0/major/bin/ant -f /data/cmd/Ming/LLM_Based-Mutation/tools/mutant/defects4j-2.1.0/framework/projects/defects4j.build.xml -Dd4j.home=/data/cmd/Ming/LLM_Based-Mutation/tools/mutant/defects4j-2.1.0 -Dd4j.dir.projects=/data/cmd/Ming/LLM_Based-Mutation/tools/mutant/defects4j-2.1.0/framework/projects -Dbasedir=/data/cmd/Ming/llm-fl-apr/tmp/JacksonDatabind_94-prompt_apr_5-ernie-3.5-128k -Dbuild.compiler=javac1.7  compile 2>&1\nJava HotSpot(TM) 64-Bit Server VM warning: ignoring option MaxPermSize=1G; support was removed in 8.0\nBuildfile: /data/cmd/Ming/LLM_Based-Mutation/tools/mutant/defects4j-2.1.0/framework/projects/defects4j.build.xml\n\ntest-offline:\n\nget-deps:\n\njackson-databind-from-maven.compile:\n    [mkdir] Created dir: /data/cmd/Ming/llm-fl-apr/tmp/JacksonDatabind_94-prompt_apr_5-ernie-3.5-128k/target/classes\n    [javac] /data/cmd/Ming/llm-fl-apr/tmp/JacksonDatabind_94-prompt_apr_5-ernie-3.5-128k/maven-build.xml:89: warning: 'includeantruntime' was not set, defaulting to build.sysclasspath=last; set to false for repeatable builds\n    [javac] Compiling 391 source files to /data/cmd/Ming/llm-fl-apr/tmp/JacksonDatabind_94-prompt_apr_5-ernie-3.5-128k/target/classes\n    [javac] /data/cmd/Ming/llm-fl-apr/tmp/JacksonDatabind_94-prompt_apr_5-ernie-3.5-128k/src/main/java/com/fasterxml/jackson/databind/ser/impl/SimpleBeanPropertyFilter.java:22: warning: [deprecation] BeanPropertyFilter in com.fasterxml.jackson.databind.ser has been deprecated\n    [javac]     implements BeanPropertyFilter, PropertyFilter\n    [javac]                ^\n    [javac] /data/cmd/Ming/llm-fl-apr/tmp/JacksonDatabind_94-prompt_apr_5-ernie-3.5-128k/src/main/java/com/fasterxml/jackson/databind/jsontype/impl/TypeDeserializerBase.java:89: warning: [deprecation] forcedNarrowBy(Class<?>) in JavaType has been deprecated\n    [javac]             _defaultImpl = baseType.forcedNarrowBy(defaultImpl);\n    [javac]                                    ^\n    [javac] /data/cmd/Ming/llm-fl-apr/tmp/JacksonDatabind_94-prompt_apr_5-ernie-3.5-128k/src/main/java/com/fasterxml/jackson/databind/jsontype/impl/SubTypeValidator.java:91: error: cannot find symbol\n    [javac] if (\"AbstractPointcutAdvisor\".equals(name) || \"AbstractApplicationContext\".equals(name) || \"WrapperConnectionPoolDataSource\".equals(name))                    // looking for \"AbstractBeanFactoryPointcutAdvisor\" but no point to allow any is there?\n    [javac]                                      ^\n    [javac]   symbol:   variable name\n    [javac]   location: class SubTypeValidator\n    [javac] /data/cmd/Ming/llm-fl-apr/tmp/JacksonDatabind_94-prompt_apr_5-ernie-3.5-128k/src/main/java/com/fasterxml/jackson/databind/jsontype/impl/SubTypeValidator.java:91: error: cannot find symbol\n    [javac] if (\"AbstractPointcutAdvisor\".equals(name) || \"AbstractApplicationContext\".equals(name) || \"WrapperConnectionPoolDataSource\".equals(name))                    // looking for \"AbstractBeanFactoryPointcutAdvisor\" but no point to allow any is there?\n    [javac]                                                                                   ^\n    [javac]   symbol:   variable name\n    [javac]   location: class SubTypeValidator\n    [javac] /data/cmd/Ming/llm-fl-apr/tmp/JacksonDatabind_94-prompt_apr_5-ernie-3.5-128k/src/main/java/com/fasterxml/jackson/databind/jsontype/impl/SubTypeValidator.java:91: error: cannot find symbol\n    [javac] if (\"AbstractPointcutAdvisor\".equals(name) || \"AbstractApplicationContext\".equals(name) || \"WrapperConnectionPoolDataSource\".equals(name))                    // looking for \"AbstractBeanFactoryPointcutAdvisor\" but no point to allow any is there?\n    [javac]                                                                                                                                     ^\n    [javac]   symbol:   variable name\n    [javac]   location: class SubTypeValidator\n    [javac] /data/cmd/Ming/llm-fl-apr/tmp/JacksonDatabind_94-prompt_apr_5-ernie-3.5-128k/src/main/java/com/fasterxml/jackson/databind/jsontype/impl/SubTypeValidator.java:92: error: cannot find symbol\n    [javac]                     if (\"AbstractPointcutAdvisor\".equals(name)\n    [javac]                                                          ^\n    [javac]   symbol:   variable name\n    [javac]   location: class SubTypeValidator\n    [javac] /data/cmd/Ming/llm-fl-apr/tmp/JacksonDatabind_94-prompt_apr_5-ernie-3.5-128k/src/main/java/com/fasterxml/jackson/databind/jsontype/impl/SubTypeValidator.java:94: error: cannot find symbol\n    [javac]                             || \"AbstractApplicationContext\".equals(name)) {\n    [javac]                                                                    ^\n    [javac]   symbol:   variable name\n    [javac]   location: class SubTypeValidator\n    [javac] Note: Some input files use unchecked or unsafe operations.\n    [javac] Note: Recompile with -Xlint:unchecked for details.\n    [javac] 5 errors\n    [javac] 2 warnings\n\nBUILD FAILED\n/data/cmd/Ming/llm-fl-apr/tmp/JacksonDatabind_94-prompt_apr_5-ernie-3.5-128k/maven-build.xml:89: Compile failed; see the compiler error output for details.\n\nTotal time: 8 seconds\nCannot compile sources! at /data/cmd/Ming/LLM_Based-Mutation/tools/mutant/defects4j-2.1.0/framework/bin/d4j/d4j-compile line 82.\nCompilation failed in require at /data/cmd/Ming/LLM_Based-Mutation/tools/mutant/defects4j-2.1.0/framework/bin/defects4j line 195.\n"
                }
            },
            "qwen-turbo": {
                "compile": {
                    "rc": 1,
                    "so": "",
                    "se": "Running ant (compile)...................................................... FAIL\nExecuted command:  cd /data/cmd/Ming/llm-fl-apr/tmp/JacksonDatabind_94-prompt_apr_5-qwen-turbo && /data/cmd/Ming/LLM_Based-Mutation/tools/mutant/defects4j-2.1.0/major/bin/ant -f /data/cmd/Ming/LLM_Based-Mutation/tools/mutant/defects4j-2.1.0/framework/projects/defects4j.build.xml -Dd4j.home=/data/cmd/Ming/LLM_Based-Mutation/tools/mutant/defects4j-2.1.0 -Dd4j.dir.projects=/data/cmd/Ming/LLM_Based-Mutation/tools/mutant/defects4j-2.1.0/framework/projects -Dbasedir=/data/cmd/Ming/llm-fl-apr/tmp/JacksonDatabind_94-prompt_apr_5-qwen-turbo -Dbuild.compiler=javac1.7  compile 2>&1\nJava HotSpot(TM) 64-Bit Server VM warning: ignoring option MaxPermSize=1G; support was removed in 8.0\nBuildfile: /data/cmd/Ming/LLM_Based-Mutation/tools/mutant/defects4j-2.1.0/framework/projects/defects4j.build.xml\n\ntest-offline:\n\nget-deps:\n\njackson-databind-from-maven.compile:\n    [mkdir] Created dir: /data/cmd/Ming/llm-fl-apr/tmp/JacksonDatabind_94-prompt_apr_5-qwen-turbo/target/classes\n    [javac] /data/cmd/Ming/llm-fl-apr/tmp/JacksonDatabind_94-prompt_apr_5-qwen-turbo/maven-build.xml:89: warning: 'includeantruntime' was not set, defaulting to build.sysclasspath=last; set to false for repeatable builds\n    [javac] Compiling 391 source files to /data/cmd/Ming/llm-fl-apr/tmp/JacksonDatabind_94-prompt_apr_5-qwen-turbo/target/classes\n    [javac] /data/cmd/Ming/llm-fl-apr/tmp/JacksonDatabind_94-prompt_apr_5-qwen-turbo/src/main/java/com/fasterxml/jackson/databind/jsontype/impl/SubTypeValidator.java:93: error: ')' expected\n    [javac]                     if (\"AbstractPointcutAdvisor\".equals(name)\n    [javac]                                                               ^\n    [javac] /data/cmd/Ming/llm-fl-apr/tmp/JacksonDatabind_94-prompt_apr_5-qwen-turbo/src/main/java/com/fasterxml/jackson/databind/jsontype/impl/SubTypeValidator.java:96: error: illegal start of expression\n    [javac]                     }\n    [javac]                     ^\n    [javac] /data/cmd/Ming/llm-fl-apr/tmp/JacksonDatabind_94-prompt_apr_5-qwen-turbo/src/main/java/com/fasterxml/jackson/databind/jsontype/impl/SubTypeValidator.java:96: error: ';' expected\n    [javac]                     }\n    [javac]                      ^\n    [javac] /data/cmd/Ming/llm-fl-apr/tmp/JacksonDatabind_94-prompt_apr_5-qwen-turbo/src/main/java/com/fasterxml/jackson/databind/jsontype/impl/SubTypeValidator.java:110: error: while expected\n    [javac]     }\n    [javac]      ^\n    [javac] /data/cmd/Ming/llm-fl-apr/tmp/JacksonDatabind_94-prompt_apr_5-qwen-turbo/src/main/java/com/fasterxml/jackson/databind/jsontype/impl/SubTypeValidator.java:112: error: reached end of file while parsing\n    [javac] 5 errors\n\nBUILD FAILED\n/data/cmd/Ming/llm-fl-apr/tmp/JacksonDatabind_94-prompt_apr_5-qwen-turbo/maven-build.xml:89: Compile failed; see the compiler error output for details.\n\nTotal time: 2 seconds\nCannot compile sources! at /data/cmd/Ming/LLM_Based-Mutation/tools/mutant/defects4j-2.1.0/framework/bin/d4j/d4j-compile line 82.\nCompilation failed in require at /data/cmd/Ming/LLM_Based-Mutation/tools/mutant/defects4j-2.1.0/framework/bin/defects4j line 195.\n"
                }
            },
            "doubao-pro-4k": {
                "compile": {
                    "rc": 1,
                    "so": "",
                    "se": "Running ant (compile)...................................................... FAIL\nExecuted command:  cd /data/cmd/Ming/llm-fl-apr/tmp/JacksonDatabind_94-prompt_apr_5-doubao-pro-4k && /data/cmd/Ming/LLM_Based-Mutation/tools/mutant/defects4j-2.1.0/major/bin/ant -f /data/cmd/Ming/LLM_Based-Mutation/tools/mutant/defects4j-2.1.0/framework/projects/defects4j.build.xml -Dd4j.home=/data/cmd/Ming/LLM_Based-Mutation/tools/mutant/defects4j-2.1.0 -Dd4j.dir.projects=/data/cmd/Ming/LLM_Based-Mutation/tools/mutant/defects4j-2.1.0/framework/projects -Dbasedir=/data/cmd/Ming/llm-fl-apr/tmp/JacksonDatabind_94-prompt_apr_5-doubao-pro-4k -Dbuild.compiler=javac1.7  compile 2>&1\nJava HotSpot(TM) 64-Bit Server VM warning: ignoring option MaxPermSize=1G; support was removed in 8.0\nBuildfile: /data/cmd/Ming/LLM_Based-Mutation/tools/mutant/defects4j-2.1.0/framework/projects/defects4j.build.xml\n\ntest-offline:\n\nget-deps:\n\njackson-databind-from-maven.compile:\n    [mkdir] Created dir: /data/cmd/Ming/llm-fl-apr/tmp/JacksonDatabind_94-prompt_apr_5-doubao-pro-4k/target/classes\n    [javac] /data/cmd/Ming/llm-fl-apr/tmp/JacksonDatabind_94-prompt_apr_5-doubao-pro-4k/maven-build.xml:89: warning: 'includeantruntime' was not set, defaulting to build.sysclasspath=last; set to false for repeatable builds\n    [javac] Compiling 391 source files to /data/cmd/Ming/llm-fl-apr/tmp/JacksonDatabind_94-prompt_apr_5-doubao-pro-4k/target/classes\n    [javac] /data/cmd/Ming/llm-fl-apr/tmp/JacksonDatabind_94-prompt_apr_5-doubao-pro-4k/src/main/java/com/fasterxml/jackson/databind/jsontype/impl/SubTypeValidator.java:77: error: <identifier> expected\n    [javac]         main_check:\n    [javac]                   ^\n    [javac] /data/cmd/Ming/llm-fl-apr/tmp/JacksonDatabind_94-prompt_apr_5-doubao-pro-4k/src/main/java/com/fasterxml/jackson/databind/jsontype/impl/SubTypeValidator.java:78: error: illegal start of type\n    [javac]         do {\n    [javac]         ^\n    [javac] /data/cmd/Ming/llm-fl-apr/tmp/JacksonDatabind_94-prompt_apr_5-doubao-pro-4k/src/main/java/com/fasterxml/jackson/databind/jsontype/impl/SubTypeValidator.java:78: error: <identifier> expected\n    [javac]         do {\n    [javac]           ^\n    [javac] /data/cmd/Ming/llm-fl-apr/tmp/JacksonDatabind_94-prompt_apr_5-doubao-pro-4k/src/main/java/com/fasterxml/jackson/databind/jsontype/impl/SubTypeValidator.java:78: error: ';' expected\n    [javac]         do {\n    [javac]             ^\n    [javac] /data/cmd/Ming/llm-fl-apr/tmp/JacksonDatabind_94-prompt_apr_5-doubao-pro-4k/src/main/java/com/fasterxml/jackson/databind/jsontype/impl/SubTypeValidator.java:79: error: illegal start of type\n    [javac]             if (_cfgIllegalClassNames.contains(full)) {\n    [javac]                ^\n    [javac] /data/cmd/Ming/llm-fl-apr/tmp/JacksonDatabind_94-prompt_apr_5-doubao-pro-4k/src/main/java/com/fasterxml/jackson/databind/jsontype/impl/SubTypeValidator.java:79: error: ';' expected\n    [javac]             if (_cfgIllegalClassNames.contains(full)) {\n    [javac]                                      ^\n    [javac] /data/cmd/Ming/llm-fl-apr/tmp/JacksonDatabind_94-prompt_apr_5-doubao-pro-4k/src/main/java/com/fasterxml/jackson/databind/jsontype/impl/SubTypeValidator.java:79: error: invalid method declaration; return type required\n    [javac]             if (_cfgIllegalClassNames.contains(full)) {\n    [javac]                                       ^\n    [javac] /data/cmd/Ming/llm-fl-apr/tmp/JacksonDatabind_94-prompt_apr_5-doubao-pro-4k/src/main/java/com/fasterxml/jackson/databind/jsontype/impl/SubTypeValidator.java:79: error: <identifier> expected\n    [javac]             if (_cfgIllegalClassNames.contains(full)) {\n    [javac]                                                    ^\n    [javac] /data/cmd/Ming/llm-fl-apr/tmp/JacksonDatabind_94-prompt_apr_5-doubao-pro-4k/src/main/java/com/fasterxml/jackson/databind/jsontype/impl/SubTypeValidator.java:79: error: ';' expected\n    [javac]             if (_cfgIllegalClassNames.contains(full)) {\n    [javac]                                                     ^\n    [javac] /data/cmd/Ming/llm-fl-apr/tmp/JacksonDatabind_94-prompt_apr_5-doubao-pro-4k/src/main/java/com/fasterxml/jackson/databind/jsontype/impl/SubTypeValidator.java:86: error: illegal start of type\n    [javac]             if (raw.isInterface()) {\n    [javac]             ^\n    [javac] /data/cmd/Ming/llm-fl-apr/tmp/JacksonDatabind_94-prompt_apr_5-doubao-pro-4k/src/main/java/com/fasterxml/jackson/databind/jsontype/impl/SubTypeValidator.java:86: error: <identifier> expected\n    [javac]             if (raw.isInterface()) {\n    [javac]                                ^\n    [javac] /data/cmd/Ming/llm-fl-apr/tmp/JacksonDatabind_94-prompt_apr_5-doubao-pro-4k/src/main/java/com/fasterxml/jackson/databind/jsontype/impl/SubTypeValidator.java:86: error: ';' expected\n    [javac]             if (raw.isInterface()) {\n    [javac]                                 ^\n    [javac] /data/cmd/Ming/llm-fl-apr/tmp/JacksonDatabind_94-prompt_apr_5-doubao-pro-4k/src/main/java/com/fasterxml/jackson/databind/jsontype/impl/SubTypeValidator.java:86: error: illegal start of type\n    [javac]             if (raw.isInterface()) {\n    [javac]                                  ^\n    [javac] /data/cmd/Ming/llm-fl-apr/tmp/JacksonDatabind_94-prompt_apr_5-doubao-pro-4k/src/main/java/com/fasterxml/jackson/databind/jsontype/impl/SubTypeValidator.java:86: error: <identifier> expected\n    [javac]             if (raw.isInterface()) {\n    [javac]                                   ^\n    [javac] /data/cmd/Ming/llm-fl-apr/tmp/JacksonDatabind_94-prompt_apr_5-doubao-pro-4k/src/main/java/com/fasterxml/jackson/databind/jsontype/impl/SubTypeValidator.java:88: error: class, interface, or enum expected\n    [javac]             } else if (full.startsWith(PREFIX_SPRING)) {\n    [javac]               ^\n    [javac] /data/cmd/Ming/llm-fl-apr/tmp/JacksonDatabind_94-prompt_apr_5-doubao-pro-4k/src/main/java/com/fasterxml/jackson/databind/jsontype/impl/SubTypeValidator.java:89: error: class, interface, or enum expected\n    [javac]                 for (Class<?> cls = raw; (cls != null) && (cls != Object.class); cls = cls.getSuperclass()){\n    [javac]                                          ^\n    [javac] /data/cmd/Ming/llm-fl-apr/tmp/JacksonDatabind_94-prompt_apr_5-doubao-pro-4k/src/main/java/com/fasterxml/jackson/databind/jsontype/impl/SubTypeValidator.java:89: error: <identifier> expected\n    [javac]                 for (Class<?> cls = raw; (cls != null) && (cls != Object.class); cls = cls.getSuperclass()){\n    [javac]                                                                               ^\n    [javac] /data/cmd/Ming/llm-fl-apr/tmp/JacksonDatabind_94-prompt_apr_5-doubao-pro-4k/src/main/java/com/fasterxml/jackson/databind/jsontype/impl/SubTypeValidator.java:89: error: <identifier> expected\n    [javac]                 for (Class<?> cls = raw; (cls != null) && (cls != Object.class); cls = cls.getSuperclass()){\n    [javac]                                                                                     ^\n    [javac] /data/cmd/Ming/llm-fl-apr/tmp/JacksonDatabind_94-prompt_apr_5-doubao-pro-4k/src/main/java/com/fasterxml/jackson/databind/jsontype/impl/SubTypeValidator.java:89: error: ';' expected\n    [javac]                 for (Class<?> cls = raw; (cls != null) && (cls != Object.class); cls = cls.getSuperclass()){\n    [javac]                                                                                                           ^\n    [javac] /data/cmd/Ming/llm-fl-apr/tmp/JacksonDatabind_94-prompt_apr_5-doubao-pro-4k/src/main/java/com/fasterxml/jackson/databind/jsontype/impl/SubTypeValidator.java:105: error: class, interface, or enum expected\n    [javac]             return;\n    [javac]             ^\n    [javac] /data/cmd/Ming/llm-fl-apr/tmp/JacksonDatabind_94-prompt_apr_5-doubao-pro-4k/src/main/java/com/fasterxml/jackson/databind/jsontype/impl/SubTypeValidator.java:106: error: class, interface, or enum expected\n    [javac]         } while (false);\n    [javac]         ^\n    [javac] /data/cmd/Ming/llm-fl-apr/tmp/JacksonDatabind_94-prompt_apr_5-doubao-pro-4k/src/main/java/com/fasterxml/jackson/databind/jsontype/impl/SubTypeValidator.java:108: error: class, interface, or enum expected\n    [javac]         throw JsonMappingException.from(ctxt,\n    [javac]         ^\n    [javac] /data/cmd/Ming/llm-fl-apr/tmp/JacksonDatabind_94-prompt_apr_5-doubao-pro-4k/src/main/java/com/fasterxml/jackson/databind/jsontype/impl/SubTypeValidator.java:110: error: class, interface, or enum expected\n    [javac]     }\n    [javac]     ^\n    [javac] 23 errors\n\nBUILD FAILED\n/data/cmd/Ming/llm-fl-apr/tmp/JacksonDatabind_94-prompt_apr_5-doubao-pro-4k/maven-build.xml:89: Compile failed; see the compiler error output for details.\n\nTotal time: 2 seconds\nCannot compile sources! at /data/cmd/Ming/LLM_Based-Mutation/tools/mutant/defects4j-2.1.0/framework/bin/d4j/d4j-compile line 82.\nCompilation failed in require at /data/cmd/Ming/LLM_Based-Mutation/tools/mutant/defects4j-2.1.0/framework/bin/defects4j line 195.\n"
                }
            },
            "gpt-4o-mini": {
                "compile": {
                    "rc": 1,
                    "so": "",
                    "se": "Running ant (compile)...................................................... FAIL\nExecuted command:  cd /data/cmd/Ming/llm-fl-apr/tmp/JacksonDatabind_94-prompt_apr_5-gpt-4o-mini && /data/cmd/Ming/LLM_Based-Mutation/tools/mutant/defects4j-2.1.0/major/bin/ant -f /data/cmd/Ming/LLM_Based-Mutation/tools/mutant/defects4j-2.1.0/framework/projects/defects4j.build.xml -Dd4j.home=/data/cmd/Ming/LLM_Based-Mutation/tools/mutant/defects4j-2.1.0 -Dd4j.dir.projects=/data/cmd/Ming/LLM_Based-Mutation/tools/mutant/defects4j-2.1.0/framework/projects -Dbasedir=/data/cmd/Ming/llm-fl-apr/tmp/JacksonDatabind_94-prompt_apr_5-gpt-4o-mini -Dbuild.compiler=javac1.7  compile 2>&1\nJava HotSpot(TM) 64-Bit Server VM warning: ignoring option MaxPermSize=1G; support was removed in 8.0\nBuildfile: /data/cmd/Ming/LLM_Based-Mutation/tools/mutant/defects4j-2.1.0/framework/projects/defects4j.build.xml\n\ntest-offline:\n\nget-deps:\n\njackson-databind-from-maven.compile:\n    [mkdir] Created dir: /data/cmd/Ming/llm-fl-apr/tmp/JacksonDatabind_94-prompt_apr_5-gpt-4o-mini/target/classes\n    [javac] /data/cmd/Ming/llm-fl-apr/tmp/JacksonDatabind_94-prompt_apr_5-gpt-4o-mini/maven-build.xml:89: warning: 'includeantruntime' was not set, defaulting to build.sysclasspath=last; set to false for repeatable builds\n    [javac] Compiling 391 source files to /data/cmd/Ming/llm-fl-apr/tmp/JacksonDatabind_94-prompt_apr_5-gpt-4o-mini/target/classes\n    [javac] /data/cmd/Ming/llm-fl-apr/tmp/JacksonDatabind_94-prompt_apr_5-gpt-4o-mini/src/main/java/com/fasterxml/jackson/databind/ser/impl/SimpleBeanPropertyFilter.java:22: warning: [deprecation] BeanPropertyFilter in com.fasterxml.jackson.databind.ser has been deprecated\n    [javac]     implements BeanPropertyFilter, PropertyFilter\n    [javac]                ^\n    [javac] /data/cmd/Ming/llm-fl-apr/tmp/JacksonDatabind_94-prompt_apr_5-gpt-4o-mini/src/main/java/com/fasterxml/jackson/databind/jsontype/impl/TypeDeserializerBase.java:89: warning: [deprecation] forcedNarrowBy(Class<?>) in JavaType has been deprecated\n    [javac]             _defaultImpl = baseType.forcedNarrowBy(defaultImpl);\n    [javac]                                    ^\n    [javac] /data/cmd/Ming/llm-fl-apr/tmp/JacksonDatabind_94-prompt_apr_5-gpt-4o-mini/src/main/java/com/fasterxml/jackson/databind/jsontype/impl/SubTypeValidator.java:92: error: cannot find symbol\n    [javac] s.add(\"com.mchange.v2.c3p0.WrapperConnectionPoolDataSource\");                    if (\"AbstractPointcutAdvisor\".equals(name)\n    [javac] ^\n    [javac]   symbol:   variable s\n    [javac]   location: class SubTypeValidator\n    [javac] Note: Some input files use unchecked or unsafe operations.\n    [javac] Note: Recompile with -Xlint:unchecked for details.\n    [javac] 1 error\n    [javac] 2 warnings\n\nBUILD FAILED\n/data/cmd/Ming/llm-fl-apr/tmp/JacksonDatabind_94-prompt_apr_5-gpt-4o-mini/maven-build.xml:89: Compile failed; see the compiler error output for details.\n\nTotal time: 7 seconds\nCannot compile sources! at /data/cmd/Ming/LLM_Based-Mutation/tools/mutant/defects4j-2.1.0/framework/bin/d4j/d4j-compile line 82.\nCompilation failed in require at /data/cmd/Ming/LLM_Based-Mutation/tools/mutant/defects4j-2.1.0/framework/bin/defects4j line 195.\n"
                }
            },
            "deepseek-chat": {
                "compile": {
                    "rc": 1,
                    "so": "",
                    "se": "Running ant (compile)...................................................... FAIL\nExecuted command:  cd /data/cmd/Ming/llm-fl-apr/tmp/JacksonDatabind_94-prompt_apr_5-deepseek-chat && /data/cmd/Ming/LLM_Based-Mutation/tools/mutant/defects4j-2.1.0/major/bin/ant -f /data/cmd/Ming/LLM_Based-Mutation/tools/mutant/defects4j-2.1.0/framework/projects/defects4j.build.xml -Dd4j.home=/data/cmd/Ming/LLM_Based-Mutation/tools/mutant/defects4j-2.1.0 -Dd4j.dir.projects=/data/cmd/Ming/LLM_Based-Mutation/tools/mutant/defects4j-2.1.0/framework/projects -Dbasedir=/data/cmd/Ming/llm-fl-apr/tmp/JacksonDatabind_94-prompt_apr_5-deepseek-chat -Dbuild.compiler=javac1.7  compile 2>&1\nJava HotSpot(TM) 64-Bit Server VM warning: ignoring option MaxPermSize=1G; support was removed in 8.0\nBuildfile: /data/cmd/Ming/LLM_Based-Mutation/tools/mutant/defects4j-2.1.0/framework/projects/defects4j.build.xml\n\ntest-offline:\n\nget-deps:\n\njackson-databind-from-maven.compile:\n    [mkdir] Created dir: /data/cmd/Ming/llm-fl-apr/tmp/JacksonDatabind_94-prompt_apr_5-deepseek-chat/target/classes\n    [javac] /data/cmd/Ming/llm-fl-apr/tmp/JacksonDatabind_94-prompt_apr_5-deepseek-chat/maven-build.xml:89: warning: 'includeantruntime' was not set, defaulting to build.sysclasspath=last; set to false for repeatable builds\n    [javac] Compiling 391 source files to /data/cmd/Ming/llm-fl-apr/tmp/JacksonDatabind_94-prompt_apr_5-deepseek-chat/target/classes\n    [javac] /data/cmd/Ming/llm-fl-apr/tmp/JacksonDatabind_94-prompt_apr_5-deepseek-chat/src/main/java/com/fasterxml/jackson/databind/ser/impl/SimpleBeanPropertyFilter.java:22: warning: [deprecation] BeanPropertyFilter in com.fasterxml.jackson.databind.ser has been deprecated\n    [javac]     implements BeanPropertyFilter, PropertyFilter\n    [javac]                ^\n    [javac] /data/cmd/Ming/llm-fl-apr/tmp/JacksonDatabind_94-prompt_apr_5-deepseek-chat/src/main/java/com/fasterxml/jackson/databind/jsontype/impl/TypeDeserializerBase.java:89: warning: [deprecation] forcedNarrowBy(Class<?>) in JavaType has been deprecated\n    [javac]             _defaultImpl = baseType.forcedNarrowBy(defaultImpl);\n    [javac]                                    ^\n    [javac] /data/cmd/Ming/llm-fl-apr/tmp/JacksonDatabind_94-prompt_apr_5-deepseek-chat/src/main/java/com/fasterxml/jackson/databind/jsontype/impl/SubTypeValidator.java:92: error: cannot find symbol\n    [javac]                     if (\"AbstractPointcutAdvisor\".equals(name)\n    [javac]                                                          ^\n    [javac]   symbol:   variable name\n    [javac]   location: class SubTypeValidator\n    [javac] /data/cmd/Ming/llm-fl-apr/tmp/JacksonDatabind_94-prompt_apr_5-deepseek-chat/src/main/java/com/fasterxml/jackson/databind/jsontype/impl/SubTypeValidator.java:94: error: cannot find symbol\n    [javac]                             || \"AbstractApplicationContext\".equals(name)) {\n    [javac]                                                                    ^\n    [javac]   symbol:   variable name\n    [javac]   location: class SubTypeValidator\n    [javac] Note: Some input files use unchecked or unsafe operations.\n    [javac] Note: Recompile with -Xlint:unchecked for details.\n    [javac] 2 errors\n    [javac] 2 warnings\n\nBUILD FAILED\n/data/cmd/Ming/llm-fl-apr/tmp/JacksonDatabind_94-prompt_apr_5-deepseek-chat/maven-build.xml:89: Compile failed; see the compiler error output for details.\n\nTotal time: 7 seconds\nCannot compile sources! at /data/cmd/Ming/LLM_Based-Mutation/tools/mutant/defects4j-2.1.0/framework/bin/d4j/d4j-compile line 82.\nCompilation failed in require at /data/cmd/Ming/LLM_Based-Mutation/tools/mutant/defects4j-2.1.0/framework/bin/defects4j line 195.\n"
                }
            }
        },
        "prompt_apr_6": {
            "ernie-3.5-128k": {
                "compile": {
                    "rc": 1,
                    "so": "",
                    "se": "Running ant (compile)...................................................... FAIL\nExecuted command:  cd /data/cmd/Ming/llm-fl-apr/tmp/JacksonDatabind_94-prompt_apr_6-ernie-3.5-128k && /data/cmd/Ming/LLM_Based-Mutation/tools/mutant/defects4j-2.1.0/major/bin/ant -f /data/cmd/Ming/LLM_Based-Mutation/tools/mutant/defects4j-2.1.0/framework/projects/defects4j.build.xml -Dd4j.home=/data/cmd/Ming/LLM_Based-Mutation/tools/mutant/defects4j-2.1.0 -Dd4j.dir.projects=/data/cmd/Ming/LLM_Based-Mutation/tools/mutant/defects4j-2.1.0/framework/projects -Dbasedir=/data/cmd/Ming/llm-fl-apr/tmp/JacksonDatabind_94-prompt_apr_6-ernie-3.5-128k -Dbuild.compiler=javac1.7  compile 2>&1\nJava HotSpot(TM) 64-Bit Server VM warning: ignoring option MaxPermSize=1G; support was removed in 8.0\nBuildfile: /data/cmd/Ming/LLM_Based-Mutation/tools/mutant/defects4j-2.1.0/framework/projects/defects4j.build.xml\n\ntest-offline:\n\nget-deps:\n\njackson-databind-from-maven.compile:\n    [mkdir] Created dir: /data/cmd/Ming/llm-fl-apr/tmp/JacksonDatabind_94-prompt_apr_6-ernie-3.5-128k/target/classes\n    [javac] /data/cmd/Ming/llm-fl-apr/tmp/JacksonDatabind_94-prompt_apr_6-ernie-3.5-128k/maven-build.xml:89: warning: 'includeantruntime' was not set, defaulting to build.sysclasspath=last; set to false for repeatable builds\n    [javac] Compiling 391 source files to /data/cmd/Ming/llm-fl-apr/tmp/JacksonDatabind_94-prompt_apr_6-ernie-3.5-128k/target/classes\n    [javac] /data/cmd/Ming/llm-fl-apr/tmp/JacksonDatabind_94-prompt_apr_6-ernie-3.5-128k/src/main/java/com/fasterxml/jackson/databind/jsontype/impl/SubTypeValidator.java:110: error: reached end of file while parsing\n    [javac] }\n    [javac]  ^\n    [javac] /data/cmd/Ming/llm-fl-apr/tmp/JacksonDatabind_94-prompt_apr_6-ernie-3.5-128k/src/main/java/com/fasterxml/jackson/databind/jsontype/impl/SubTypeValidator.java:111: error: reached end of file while parsing\n    [javac] 2 errors\n\nBUILD FAILED\n/data/cmd/Ming/llm-fl-apr/tmp/JacksonDatabind_94-prompt_apr_6-ernie-3.5-128k/maven-build.xml:89: Compile failed; see the compiler error output for details.\n\nTotal time: 3 seconds\nCannot compile sources! at /data/cmd/Ming/LLM_Based-Mutation/tools/mutant/defects4j-2.1.0/framework/bin/d4j/d4j-compile line 82.\nCompilation failed in require at /data/cmd/Ming/LLM_Based-Mutation/tools/mutant/defects4j-2.1.0/framework/bin/defects4j line 195.\n"
                }
            },
            "qwen-turbo": {
                "compile": {
                    "rc": 1,
                    "so": "",
                    "se": "Running ant (compile)...................................................... FAIL\nExecuted command:  cd /data/cmd/Ming/llm-fl-apr/tmp/JacksonDatabind_94-prompt_apr_6-qwen-turbo && /data/cmd/Ming/LLM_Based-Mutation/tools/mutant/defects4j-2.1.0/major/bin/ant -f /data/cmd/Ming/LLM_Based-Mutation/tools/mutant/defects4j-2.1.0/framework/projects/defects4j.build.xml -Dd4j.home=/data/cmd/Ming/LLM_Based-Mutation/tools/mutant/defects4j-2.1.0 -Dd4j.dir.projects=/data/cmd/Ming/LLM_Based-Mutation/tools/mutant/defects4j-2.1.0/framework/projects -Dbasedir=/data/cmd/Ming/llm-fl-apr/tmp/JacksonDatabind_94-prompt_apr_6-qwen-turbo -Dbuild.compiler=javac1.7  compile 2>&1\nJava HotSpot(TM) 64-Bit Server VM warning: ignoring option MaxPermSize=1G; support was removed in 8.0\nBuildfile: /data/cmd/Ming/LLM_Based-Mutation/tools/mutant/defects4j-2.1.0/framework/projects/defects4j.build.xml\n\ntest-offline:\n\nget-deps:\n\njackson-databind-from-maven.compile:\n    [mkdir] Created dir: /data/cmd/Ming/llm-fl-apr/tmp/JacksonDatabind_94-prompt_apr_6-qwen-turbo/target/classes\n    [javac] /data/cmd/Ming/llm-fl-apr/tmp/JacksonDatabind_94-prompt_apr_6-qwen-turbo/maven-build.xml:89: warning: 'includeantruntime' was not set, defaulting to build.sysclasspath=last; set to false for repeatable builds\n    [javac] Compiling 391 source files to /data/cmd/Ming/llm-fl-apr/tmp/JacksonDatabind_94-prompt_apr_6-qwen-turbo/target/classes\n    [javac] /data/cmd/Ming/llm-fl-apr/tmp/JacksonDatabind_94-prompt_apr_6-qwen-turbo/src/main/java/com/fasterxml/jackson/databind/jsontype/impl/SubTypeValidator.java:94: error: illegal start of expression\n    [javac]                             || \"AbstractApplicationContext\".equals(name)) {\n    [javac]                             ^\n    [javac] /data/cmd/Ming/llm-fl-apr/tmp/JacksonDatabind_94-prompt_apr_6-qwen-turbo/src/main/java/com/fasterxml/jackson/databind/jsontype/impl/SubTypeValidator.java:94: error: ';' expected\n    [javac]                             || \"AbstractApplicationContext\".equals(name)) {\n    [javac]                                                                         ^\n    [javac] 2 errors\n\nBUILD FAILED\n/data/cmd/Ming/llm-fl-apr/tmp/JacksonDatabind_94-prompt_apr_6-qwen-turbo/maven-build.xml:89: Compile failed; see the compiler error output for details.\n\nTotal time: 2 seconds\nCannot compile sources! at /data/cmd/Ming/LLM_Based-Mutation/tools/mutant/defects4j-2.1.0/framework/bin/d4j/d4j-compile line 82.\nCompilation failed in require at /data/cmd/Ming/LLM_Based-Mutation/tools/mutant/defects4j-2.1.0/framework/bin/defects4j line 195.\n"
                }
            },
            "doubao-pro-4k": {},
            "gpt-4o-mini": {
                "compile": {
                    "rc": 1,
                    "so": "",
                    "se": "Running ant (compile)...................................................... FAIL\nExecuted command:  cd /data/cmd/Ming/llm-fl-apr/tmp/JacksonDatabind_94-prompt_apr_6-gpt-4o-mini && /data/cmd/Ming/LLM_Based-Mutation/tools/mutant/defects4j-2.1.0/major/bin/ant -f /data/cmd/Ming/LLM_Based-Mutation/tools/mutant/defects4j-2.1.0/framework/projects/defects4j.build.xml -Dd4j.home=/data/cmd/Ming/LLM_Based-Mutation/tools/mutant/defects4j-2.1.0 -Dd4j.dir.projects=/data/cmd/Ming/LLM_Based-Mutation/tools/mutant/defects4j-2.1.0/framework/projects -Dbasedir=/data/cmd/Ming/llm-fl-apr/tmp/JacksonDatabind_94-prompt_apr_6-gpt-4o-mini -Dbuild.compiler=javac1.7  compile 2>&1\nJava HotSpot(TM) 64-Bit Server VM warning: ignoring option MaxPermSize=1G; support was removed in 8.0\nBuildfile: /data/cmd/Ming/LLM_Based-Mutation/tools/mutant/defects4j-2.1.0/framework/projects/defects4j.build.xml\n\ntest-offline:\n\nget-deps:\n\njackson-databind-from-maven.compile:\n    [mkdir] Created dir: /data/cmd/Ming/llm-fl-apr/tmp/JacksonDatabind_94-prompt_apr_6-gpt-4o-mini/target/classes\n    [javac] /data/cmd/Ming/llm-fl-apr/tmp/JacksonDatabind_94-prompt_apr_6-gpt-4o-mini/maven-build.xml:89: warning: 'includeantruntime' was not set, defaulting to build.sysclasspath=last; set to false for repeatable builds\n    [javac] Compiling 391 source files to /data/cmd/Ming/llm-fl-apr/tmp/JacksonDatabind_94-prompt_apr_6-gpt-4o-mini/target/classes\n    [javac] /data/cmd/Ming/llm-fl-apr/tmp/JacksonDatabind_94-prompt_apr_6-gpt-4o-mini/src/main/java/com/fasterxml/jackson/databind/jsontype/impl/SubTypeValidator.java:112: error: illegal start of type\n    [javac] return;\n    [javac] ^\n    [javac] /data/cmd/Ming/llm-fl-apr/tmp/JacksonDatabind_94-prompt_apr_6-gpt-4o-mini/src/main/java/com/fasterxml/jackson/databind/jsontype/impl/SubTypeValidator.java:112: error: reached end of file while parsing\n    [javac] return;\n    [javac]        ^\n    [javac] 2 errors\n\nBUILD FAILED\n/data/cmd/Ming/llm-fl-apr/tmp/JacksonDatabind_94-prompt_apr_6-gpt-4o-mini/maven-build.xml:89: Compile failed; see the compiler error output for details.\n\nTotal time: 3 seconds\nCannot compile sources! at /data/cmd/Ming/LLM_Based-Mutation/tools/mutant/defects4j-2.1.0/framework/bin/d4j/d4j-compile line 82.\nCompilation failed in require at /data/cmd/Ming/LLM_Based-Mutation/tools/mutant/defects4j-2.1.0/framework/bin/defects4j line 195.\n"
                }
            },
            "deepseek-chat": {
                "compile": {
                    "rc": 0,
                    "so": "",
                    "se": "Running ant (compile)...................................................... OK\nRunning ant (compile.tests)................................................ OK\n"
                },
                "test": {
                    "rc": 0,
                    "so": "Failing tests: 2\n  - com.fasterxml.jackson.databind.interop.IllegalTypesCheckTest::testC3P0Types\n  - com.fasterxml.jackson.databind.interop.IllegalTypesCheckTest::testJDKTypes1855\n",
                    "se": "Running ant (compile.tests)................................................ OK\nRunning ant (run.dev.tests)................................................ OK\n"
                }
            }
        }
    }
}