{
    "overall_status": {
        "prompt_apr_1": {
            "ernie-3.5-128k": "Fail some tests",
            "qwen-turbo": "Compile failed",
            "doubao-pro-4k": "Fail some tests",
            "gpt-4o-mini": "Fail some tests",
            "deepseek-chat": "Compile failed"
        },
        "prompt_apr_2": {
            "ernie-3.5-128k": "Fail some tests",
            "qwen-turbo": "Compile failed",
            "doubao-pro-4k": "Fail some tests",
            "gpt-4o-mini": "Fail some tests",
            "deepseek-chat": "Fail some tests"
        },
        "prompt_apr_3": {
            "ernie-3.5-128k": "Compile failed",
            "qwen-turbo": "Compile failed",
            "doubao-pro-4k": "Compile failed",
            "gpt-4o-mini": "Compile failed",
            "deepseek-chat": "Compile failed"
        },
        "prompt_apr_4": {
            "ernie-3.5-128k": "Fail some tests",
            "qwen-turbo": "Fail some tests",
            "doubao-pro-4k": "Fail some tests",
            "gpt-4o-mini": "Fail some tests",
            "deepseek-chat": "Compile failed"
        },
        "prompt_apr_5": {
            "ernie-3.5-128k": "Compile failed",
            "qwen-turbo": "Compile failed",
            "doubao-pro-4k": "Compile failed",
            "gpt-4o-mini": "Compile failed",
            "deepseek-chat": "Compile failed"
        },
        "prompt_apr_6": {
            "ernie-3.5-128k": "Compile failed",
            "qwen-turbo": "Compile failed",
            "doubao-pro-4k": "Compile failed",
            "gpt-4o-mini": "Compile failed",
            "deepseek-chat": "Compile failed"
        }
    },
    "check_results_list": {
        "prompt_apr_1": {
            "ernie-3.5-128k": {
                "compile": {
                    "rc": 0,
                    "so": "",
                    "se": "Running ant (compile)...................................................... OK\nRunning ant (compile.tests)................................................ OK\n"
                },
                "test": {
                    "rc": 0,
                    "so": "Failing tests: 8\n  - com.fasterxml.jackson.core.json.GeneratorFailTest::testFailOnWritingStringNotFieldNameBytes\n  - com.fasterxml.jackson.core.json.GeneratorFailTest::testFailOnWritingStringNotFieldNameChars\n  - com.fasterxml.jackson.core.json.TestJsonGenerator::testRootIntsWrite\n  - com.fasterxml.jackson.core.json.TestRootValues::testSimpleWrites\n  - com.fasterxml.jackson.core.json.TestUtf8Generator::testUtf8Issue462\n  - com.fasterxml.jackson.core.main.TestGeneratorCopy::testCopyRootTokens\n  - com.fasterxml.jackson.core.main.TestPrettyPrinter::testCustomRootSeparatorWithPP\n  - com.fasterxml.jackson.core.main.TestPrettyPrinter::testCustomRootSeparatorWithFactory\n",
                    "se": "Running ant (compile.tests)................................................ OK\nRunning ant (run.dev.tests)................................................ OK\n"
                }
            },
            "qwen-turbo": {
                "compile": {
                    "rc": 1,
                    "so": "",
                    "se": "Running ant (compile)...................................................... FAIL\nExecuted command:  cd /data/cmd/Ming/llm-fl-apr/tmp/JacksonCore_7-prompt_apr_1-qwen-turbo && /data/cmd/Ming/LLM_Based-Mutation/tools/mutant/defects4j-2.1.0/major/bin/ant -f /data/cmd/Ming/LLM_Based-Mutation/tools/mutant/defects4j-2.1.0/framework/projects/defects4j.build.xml -Dd4j.home=/data/cmd/Ming/LLM_Based-Mutation/tools/mutant/defects4j-2.1.0 -Dd4j.dir.projects=/data/cmd/Ming/LLM_Based-Mutation/tools/mutant/defects4j-2.1.0/framework/projects -Dbasedir=/data/cmd/Ming/llm-fl-apr/tmp/JacksonCore_7-prompt_apr_1-qwen-turbo -Dbuild.compiler=javac1.7  compile 2>&1\nJava HotSpot(TM) 64-Bit Server VM warning: ignoring option MaxPermSize=1G; support was removed in 8.0\nBuildfile: /data/cmd/Ming/LLM_Based-Mutation/tools/mutant/defects4j-2.1.0/framework/projects/defects4j.build.xml\n\ntest-offline:\n\nget-deps:\n\njackson-core-from-maven.compile:\n    [mkdir] Created dir: /data/cmd/Ming/llm-fl-apr/tmp/JacksonCore_7-prompt_apr_1-qwen-turbo/target/classes\n    [javac] /data/cmd/Ming/llm-fl-apr/tmp/JacksonCore_7-prompt_apr_1-qwen-turbo/maven-build.xml:74: warning: 'includeantruntime' was not set, defaulting to build.sysclasspath=last; set to false for repeatable builds\n    [javac] Compiling 80 source files to /data/cmd/Ming/llm-fl-apr/tmp/JacksonCore_7-prompt_apr_1-qwen-turbo/target/classes\n    [javac] /data/cmd/Ming/llm-fl-apr/tmp/JacksonCore_7-prompt_apr_1-qwen-turbo/src/main/java/com/fasterxml/jackson/core/json/JsonWriteContext.java:166: error: <identifier> expected\n    [javac] Certainly! The issue on line 6 is that `_index` is being incremented and then used to check against `0`. This can lead to incorrect behavior when `_index` is already set to a value that is not `-1`. To fix this, we should check the value of `_index` before incrementing it. Here is the corrected method:\n    [javac]          ^\n    [javac] /data/cmd/Ming/llm-fl-apr/tmp/JacksonCore_7-prompt_apr_1-qwen-turbo/src/main/java/com/fasterxml/jackson/core/json/JsonWriteContext.java:166: error: ';' expected\n    [javac] Certainly! The issue on line 6 is that `_index` is being incremented and then used to check against `0`. This can lead to incorrect behavior when `_index` is already set to a value that is not `-1`. To fix this, we should check the value of `_index` before incrementing it. Here is the corrected method:\n    [javac]                     ^\n    [javac] /data/cmd/Ming/llm-fl-apr/tmp/JacksonCore_7-prompt_apr_1-qwen-turbo/src/main/java/com/fasterxml/jackson/core/json/JsonWriteContext.java:166: error: ';' expected\n    [javac] Certainly! The issue on line 6 is that `_index` is being incremented and then used to check against `0`. This can lead to incorrect behavior when `_index` is already set to a value that is not `-1`. To fix this, we should check the value of `_index` before incrementing it. Here is the corrected method:\n    [javac]                             ^\n    [javac] /data/cmd/Ming/llm-fl-apr/tmp/JacksonCore_7-prompt_apr_1-qwen-turbo/src/main/java/com/fasterxml/jackson/core/json/JsonWriteContext.java:166: error: illegal character: \\96\n    [javac] Certainly! The issue on line 6 is that `_index` is being incremented and then used to check against `0`. This can lead to incorrect behavior when `_index` is already set to a value that is not `-1`. To fix this, we should check the value of `_index` before incrementing it. Here is the corrected method:\n    [javac]                                        ^\n    [javac] /data/cmd/Ming/llm-fl-apr/tmp/JacksonCore_7-prompt_apr_1-qwen-turbo/src/main/java/com/fasterxml/jackson/core/json/JsonWriteContext.java:166: error: illegal character: \\96\n    [javac] Certainly! The issue on line 6 is that `_index` is being incremented and then used to check against `0`. This can lead to incorrect behavior when `_index` is already set to a value that is not `-1`. To fix this, we should check the value of `_index` before incrementing it. Here is the corrected method:\n    [javac]                                               ^\n    [javac] /data/cmd/Ming/llm-fl-apr/tmp/JacksonCore_7-prompt_apr_1-qwen-turbo/src/main/java/com/fasterxml/jackson/core/json/JsonWriteContext.java:166: error: ';' expected\n    [javac] Certainly! The issue on line 6 is that `_index` is being incremented and then used to check against `0`. This can lead to incorrect behavior when `_index` is already set to a value that is not `-1`. To fix this, we should check the value of `_index` before incrementing it. Here is the corrected method:\n    [javac]                                                         ^\n    [javac] /data/cmd/Ming/llm-fl-apr/tmp/JacksonCore_7-prompt_apr_1-qwen-turbo/src/main/java/com/fasterxml/jackson/core/json/JsonWriteContext.java:166: error: ';' expected\n    [javac] Certainly! The issue on line 6 is that `_index` is being incremented and then used to check against `0`. This can lead to incorrect behavior when `_index` is already set to a value that is not `-1`. To fix this, we should check the value of `_index` before incrementing it. Here is the corrected method:\n    [javac]                                                                         ^\n    [javac] /data/cmd/Ming/llm-fl-apr/tmp/JacksonCore_7-prompt_apr_1-qwen-turbo/src/main/java/com/fasterxml/jackson/core/json/JsonWriteContext.java:166: error: ';' expected\n    [javac] Certainly! The issue on line 6 is that `_index` is being incremented and then used to check against `0`. This can lead to incorrect behavior when `_index` is already set to a value that is not `-1`. To fix this, we should check the value of `_index` before incrementing it. Here is the corrected method:\n    [javac]                                                                                   ^\n    [javac] /data/cmd/Ming/llm-fl-apr/tmp/JacksonCore_7-prompt_apr_1-qwen-turbo/src/main/java/com/fasterxml/jackson/core/json/JsonWriteContext.java:166: error: ';' expected\n    [javac] Certainly! The issue on line 6 is that `_index` is being incremented and then used to check against `0`. This can lead to incorrect behavior when `_index` is already set to a value that is not `-1`. To fix this, we should check the value of `_index` before incrementing it. Here is the corrected method:\n    [javac]                                                                                            ^\n    [javac] /data/cmd/Ming/llm-fl-apr/tmp/JacksonCore_7-prompt_apr_1-qwen-turbo/src/main/java/com/fasterxml/jackson/core/json/JsonWriteContext.java:166: error: illegal character: \\96\n    [javac] Certainly! The issue on line 6 is that `_index` is being incremented and then used to check against `0`. This can lead to incorrect behavior when `_index` is already set to a value that is not `-1`. To fix this, we should check the value of `_index` before incrementing it. Here is the corrected method:\n    [javac]                                                                                                     ^\n    [javac] /data/cmd/Ming/llm-fl-apr/tmp/JacksonCore_7-prompt_apr_1-qwen-turbo/src/main/java/com/fasterxml/jackson/core/json/JsonWriteContext.java:166: error: illegal start of type\n    [javac] Certainly! The issue on line 6 is that `_index` is being incremented and then used to check against `0`. This can lead to incorrect behavior when `_index` is already set to a value that is not `-1`. To fix this, we should check the value of `_index` before incrementing it. Here is the corrected method:\n    [javac]                                                                                                      ^\n    [javac] /data/cmd/Ming/llm-fl-apr/tmp/JacksonCore_7-prompt_apr_1-qwen-turbo/src/main/java/com/fasterxml/jackson/core/json/JsonWriteContext.java:166: error: illegal character: \\96\n    [javac] Certainly! The issue on line 6 is that `_index` is being incremented and then used to check against `0`. This can lead to incorrect behavior when `_index` is already set to a value that is not `-1`. To fix this, we should check the value of `_index` before incrementing it. Here is the corrected method:\n    [javac]                                                                                                       ^\n    [javac] /data/cmd/Ming/llm-fl-apr/tmp/JacksonCore_7-prompt_apr_1-qwen-turbo/src/main/java/com/fasterxml/jackson/core/json/JsonWriteContext.java:166: error: ';' expected\n    [javac] Certainly! The issue on line 6 is that `_index` is being incremented and then used to check against `0`. This can lead to incorrect behavior when `_index` is already set to a value that is not `-1`. To fix this, we should check the value of `_index` before incrementing it. Here is the corrected method:\n    [javac]                                                                                                        ^\n    [javac] /data/cmd/Ming/llm-fl-apr/tmp/JacksonCore_7-prompt_apr_1-qwen-turbo/src/main/java/com/fasterxml/jackson/core/json/JsonWriteContext.java:166: error: ';' expected\n    [javac] Certainly! The issue on line 6 is that `_index` is being incremented and then used to check against `0`. This can lead to incorrect behavior when `_index` is already set to a value that is not `-1`. To fix this, we should check the value of `_index` before incrementing it. Here is the corrected method:\n    [javac]                                                                                                                  ^\n    [javac] /data/cmd/Ming/llm-fl-apr/tmp/JacksonCore_7-prompt_apr_1-qwen-turbo/src/main/java/com/fasterxml/jackson/core/json/JsonWriteContext.java:166: error: ';' expected\n    [javac] Certainly! The issue on line 6 is that `_index` is being incremented and then used to check against `0`. This can lead to incorrect behavior when `_index` is already set to a value that is not `-1`. To fix this, we should check the value of `_index` before incrementing it. Here is the corrected method:\n    [javac]                                                                                                                          ^\n    [javac] /data/cmd/Ming/llm-fl-apr/tmp/JacksonCore_7-prompt_apr_1-qwen-turbo/src/main/java/com/fasterxml/jackson/core/json/JsonWriteContext.java:166: error: ';' expected\n    [javac] Certainly! The issue on line 6 is that `_index` is being incremented and then used to check against `0`. This can lead to incorrect behavior when `_index` is already set to a value that is not `-1`. To fix this, we should check the value of `_index` before incrementing it. Here is the corrected method:\n    [javac]                                                                                                                                             ^\n    [javac] /data/cmd/Ming/llm-fl-apr/tmp/JacksonCore_7-prompt_apr_1-qwen-turbo/src/main/java/com/fasterxml/jackson/core/json/JsonWriteContext.java:166: error: illegal character: \\96\n    [javac] Certainly! The issue on line 6 is that `_index` is being incremented and then used to check against `0`. This can lead to incorrect behavior when `_index` is already set to a value that is not `-1`. To fix this, we should check the value of `_index` before incrementing it. Here is the corrected method:\n    [javac]                                                                                                                                                   ^\n    [javac] /data/cmd/Ming/llm-fl-apr/tmp/JacksonCore_7-prompt_apr_1-qwen-turbo/src/main/java/com/fasterxml/jackson/core/json/JsonWriteContext.java:166: error: illegal character: \\96\n    [javac] Certainly! The issue on line 6 is that `_index` is being incremented and then used to check against `0`. This can lead to incorrect behavior when `_index` is already set to a value that is not `-1`. To fix this, we should check the value of `_index` before incrementing it. Here is the corrected method:\n    [javac]                                                                                                                                                          ^\n    [javac] /data/cmd/Ming/llm-fl-apr/tmp/JacksonCore_7-prompt_apr_1-qwen-turbo/src/main/java/com/fasterxml/jackson/core/json/JsonWriteContext.java:166: error: ';' expected\n    [javac] Certainly! The issue on line 6 is that `_index` is being incremented and then used to check against `0`. This can lead to incorrect behavior when `_index` is already set to a value that is not `-1`. To fix this, we should check the value of `_index` before incrementing it. Here is the corrected method:\n    [javac]                                                                                                                                                                      ^\n    [javac] /data/cmd/Ming/llm-fl-apr/tmp/JacksonCore_7-prompt_apr_1-qwen-turbo/src/main/java/com/fasterxml/jackson/core/json/JsonWriteContext.java:166: error: ';' expected\n    [javac] Certainly! The issue on line 6 is that `_index` is being incremented and then used to check against `0`. This can lead to incorrect behavior when `_index` is already set to a value that is not `-1`. To fix this, we should check the value of `_index` before incrementing it. Here is the corrected method:\n    [javac]                                                                                                                                                                             ^\n    [javac] /data/cmd/Ming/llm-fl-apr/tmp/JacksonCore_7-prompt_apr_1-qwen-turbo/src/main/java/com/fasterxml/jackson/core/json/JsonWriteContext.java:166: error: ';' expected\n    [javac] Certainly! The issue on line 6 is that `_index` is being incremented and then used to check against `0`. This can lead to incorrect behavior when `_index` is already set to a value that is not `-1`. To fix this, we should check the value of `_index` before incrementing it. Here is the corrected method:\n    [javac]                                                                                                                                                                                     ^\n    [javac] /data/cmd/Ming/llm-fl-apr/tmp/JacksonCore_7-prompt_apr_1-qwen-turbo/src/main/java/com/fasterxml/jackson/core/json/JsonWriteContext.java:166: error: ';' expected\n    [javac] Certainly! The issue on line 6 is that `_index` is being incremented and then used to check against `0`. This can lead to incorrect behavior when `_index` is already set to a value that is not `-1`. To fix this, we should check the value of `_index` before incrementing it. Here is the corrected method:\n    [javac]                                                                                                                                                                                             ^\n    [javac] /data/cmd/Ming/llm-fl-apr/tmp/JacksonCore_7-prompt_apr_1-qwen-turbo/src/main/java/com/fasterxml/jackson/core/json/JsonWriteContext.java:166: error: illegal character: \\96\n    [javac] Certainly! The issue on line 6 is that `_index` is being incremented and then used to check against `0`. This can lead to incorrect behavior when `_index` is already set to a value that is not `-1`. To fix this, we should check the value of `_index` before incrementing it. Here is the corrected method:\n    [javac]                                                                                                                                                                                                  ^\n    [javac] /data/cmd/Ming/llm-fl-apr/tmp/JacksonCore_7-prompt_apr_1-qwen-turbo/src/main/java/com/fasterxml/jackson/core/json/JsonWriteContext.java:166: error: illegal start of type\n    [javac] Certainly! The issue on line 6 is that `_index` is being incremented and then used to check against `0`. This can lead to incorrect behavior when `_index` is already set to a value that is not `-1`. To fix this, we should check the value of `_index` before incrementing it. Here is the corrected method:\n    [javac]                                                                                                                                                                                                   ^\n    [javac] /data/cmd/Ming/llm-fl-apr/tmp/JacksonCore_7-prompt_apr_1-qwen-turbo/src/main/java/com/fasterxml/jackson/core/json/JsonWriteContext.java:166: error: <identifier> expected\n    [javac] Certainly! The issue on line 6 is that `_index` is being incremented and then used to check against `0`. This can lead to incorrect behavior when `_index` is already set to a value that is not `-1`. To fix this, we should check the value of `_index` before incrementing it. Here is the corrected method:\n    [javac]                                                                                                                                                                                                    ^\n    [javac] /data/cmd/Ming/llm-fl-apr/tmp/JacksonCore_7-prompt_apr_1-qwen-turbo/src/main/java/com/fasterxml/jackson/core/json/JsonWriteContext.java:166: error: illegal character: \\96\n    [javac] Certainly! The issue on line 6 is that `_index` is being incremented and then used to check against `0`. This can lead to incorrect behavior when `_index` is already set to a value that is not `-1`. To fix this, we should check the value of `_index` before incrementing it. Here is the corrected method:\n    [javac]                                                                                                                                                                                                     ^\n    [javac] /data/cmd/Ming/llm-fl-apr/tmp/JacksonCore_7-prompt_apr_1-qwen-turbo/src/main/java/com/fasterxml/jackson/core/json/JsonWriteContext.java:166: error: illegal start of type\n    [javac] Certainly! The issue on line 6 is that `_index` is being incremented and then used to check against `0`. This can lead to incorrect behavior when `_index` is already set to a value that is not `-1`. To fix this, we should check the value of `_index` before incrementing it. Here is the corrected method:\n    [javac]                                                                                                                                                                                                      ^\n    [javac] /data/cmd/Ming/llm-fl-apr/tmp/JacksonCore_7-prompt_apr_1-qwen-turbo/src/main/java/com/fasterxml/jackson/core/json/JsonWriteContext.java:166: error: ';' expected\n    [javac] Certainly! The issue on line 6 is that `_index` is being incremented and then used to check against `0`. This can lead to incorrect behavior when `_index` is already set to a value that is not `-1`. To fix this, we should check the value of `_index` before incrementing it. Here is the corrected method:\n    [javac]                                                                                                                                                                                                          ^\n    [javac] /data/cmd/Ming/llm-fl-apr/tmp/JacksonCore_7-prompt_apr_1-qwen-turbo/src/main/java/com/fasterxml/jackson/core/json/JsonWriteContext.java:166: error: <identifier> expected\n    [javac] Certainly! The issue on line 6 is that `_index` is being incremented and then used to check against `0`. This can lead to incorrect behavior when `_index` is already set to a value that is not `-1`. To fix this, we should check the value of `_index` before incrementing it. Here is the corrected method:\n    [javac]                                                                                                                                                                                                              ^\n    [javac] /data/cmd/Ming/llm-fl-apr/tmp/JacksonCore_7-prompt_apr_1-qwen-turbo/src/main/java/com/fasterxml/jackson/core/json/JsonWriteContext.java:166: error: illegal start of type\n    [javac] Certainly! The issue on line 6 is that `_index` is being incremented and then used to check against `0`. This can lead to incorrect behavior when `_index` is already set to a value that is not `-1`. To fix this, we should check the value of `_index` before incrementing it. Here is the corrected method:\n    [javac]                                                                                                                                                                                                                   ^\n    [javac] /data/cmd/Ming/llm-fl-apr/tmp/JacksonCore_7-prompt_apr_1-qwen-turbo/src/main/java/com/fasterxml/jackson/core/json/JsonWriteContext.java:166: error: ';' expected\n    [javac] Certainly! The issue on line 6 is that `_index` is being incremented and then used to check against `0`. This can lead to incorrect behavior when `_index` is already set to a value that is not `-1`. To fix this, we should check the value of `_index` before incrementing it. Here is the corrected method:\n    [javac]                                                                                                                                                                                                                       ^\n    [javac] /data/cmd/Ming/llm-fl-apr/tmp/JacksonCore_7-prompt_apr_1-qwen-turbo/src/main/java/com/fasterxml/jackson/core/json/JsonWriteContext.java:166: error: ';' expected\n    [javac] Certainly! The issue on line 6 is that `_index` is being incremented and then used to check against `0`. This can lead to incorrect behavior when `_index` is already set to a value that is not `-1`. To fix this, we should check the value of `_index` before incrementing it. Here is the corrected method:\n    [javac]                                                                                                                                                                                                                                    ^\n    [javac] /data/cmd/Ming/llm-fl-apr/tmp/JacksonCore_7-prompt_apr_1-qwen-turbo/src/main/java/com/fasterxml/jackson/core/json/JsonWriteContext.java:166: error: ';' expected\n    [javac] Certainly! The issue on line 6 is that `_index` is being incremented and then used to check against `0`. This can lead to incorrect behavior when `_index` is already set to a value that is not `-1`. To fix this, we should check the value of `_index` before incrementing it. Here is the corrected method:\n    [javac]                                                                                                                                                                                                                                              ^\n    [javac] /data/cmd/Ming/llm-fl-apr/tmp/JacksonCore_7-prompt_apr_1-qwen-turbo/src/main/java/com/fasterxml/jackson/core/json/JsonWriteContext.java:166: error: illegal character: \\96\n    [javac] Certainly! The issue on line 6 is that `_index` is being incremented and then used to check against `0`. This can lead to incorrect behavior when `_index` is already set to a value that is not `-1`. To fix this, we should check the value of `_index` before incrementing it. Here is the corrected method:\n    [javac]                                                                                                                                                                                                                                                  ^\n    [javac] /data/cmd/Ming/llm-fl-apr/tmp/JacksonCore_7-prompt_apr_1-qwen-turbo/src/main/java/com/fasterxml/jackson/core/json/JsonWriteContext.java:166: error: illegal character: \\96\n    [javac] Certainly! The issue on line 6 is that `_index` is being incremented and then used to check against `0`. This can lead to incorrect behavior when `_index` is already set to a value that is not `-1`. To fix this, we should check the value of `_index` before incrementing it. Here is the corrected method:\n    [javac]                                                                                                                                                                                                                                                         ^\n    [javac] /data/cmd/Ming/llm-fl-apr/tmp/JacksonCore_7-prompt_apr_1-qwen-turbo/src/main/java/com/fasterxml/jackson/core/json/JsonWriteContext.java:166: error: ';' expected\n    [javac] Certainly! The issue on line 6 is that `_index` is being incremented and then used to check against `0`. This can lead to incorrect behavior when `_index` is already set to a value that is not `-1`. To fix this, we should check the value of `_index` before incrementing it. Here is the corrected method:\n    [javac]                                                                                                                                                                                                                                                                              ^\n    [javac] /data/cmd/Ming/llm-fl-apr/tmp/JacksonCore_7-prompt_apr_1-qwen-turbo/src/main/java/com/fasterxml/jackson/core/json/JsonWriteContext.java:166: error: ';' expected\n    [javac] Certainly! The issue on line 6 is that `_index` is being incremented and then used to check against `0`. This can lead to incorrect behavior when `_index` is already set to a value that is not `-1`. To fix this, we should check the value of `_index` before incrementing it. Here is the corrected method:\n    [javac]                                                                                                                                                                                                                                                                                          ^\n    [javac] /data/cmd/Ming/llm-fl-apr/tmp/JacksonCore_7-prompt_apr_1-qwen-turbo/src/main/java/com/fasterxml/jackson/core/json/JsonWriteContext.java:166: error: ';' expected\n    [javac] Certainly! The issue on line 6 is that `_index` is being incremented and then used to check against `0`. This can lead to incorrect behavior when `_index` is already set to a value that is not `-1`. To fix this, we should check the value of `_index` before incrementing it. Here is the corrected method:\n    [javac]                                                                                                                                                                                                                                                                                                        ^\n    [javac] /data/cmd/Ming/llm-fl-apr/tmp/JacksonCore_7-prompt_apr_1-qwen-turbo/src/main/java/com/fasterxml/jackson/core/json/JsonWriteContext.java:166: error: <identifier> expected\n    [javac] Certainly! The issue on line 6 is that `_index` is being incremented and then used to check against `0`. This can lead to incorrect behavior when `_index` is already set to a value that is not `-1`. To fix this, we should check the value of `_index` before incrementing it. Here is the corrected method:\n    [javac]                                                                                                                                                                                                                                                                                                               ^\n    [javac] /data/cmd/Ming/llm-fl-apr/tmp/JacksonCore_7-prompt_apr_1-qwen-turbo/src/main/java/com/fasterxml/jackson/core/json/JsonWriteContext.java:168: error: illegal character: \\96\n    [javac] ```java\n    [javac] ^\n    [javac] /data/cmd/Ming/llm-fl-apr/tmp/JacksonCore_7-prompt_apr_1-qwen-turbo/src/main/java/com/fasterxml/jackson/core/json/JsonWriteContext.java:168: error: illegal character: \\96\n    [javac] ```java\n    [javac]  ^\n    [javac] /data/cmd/Ming/llm-fl-apr/tmp/JacksonCore_7-prompt_apr_1-qwen-turbo/src/main/java/com/fasterxml/jackson/core/json/JsonWriteContext.java:168: error: illegal character: \\96\n    [javac] ```java\n    [javac]   ^\n    [javac] /data/cmd/Ming/llm-fl-apr/tmp/JacksonCore_7-prompt_apr_1-qwen-turbo/src/main/java/com/fasterxml/jackson/core/json/JsonWriteContext.java:190: error: illegal character: \\96\n    [javac] ```\n    [javac] ^\n    [javac] /data/cmd/Ming/llm-fl-apr/tmp/JacksonCore_7-prompt_apr_1-qwen-turbo/src/main/java/com/fasterxml/jackson/core/json/JsonWriteContext.java:190: error: illegal character: \\96\n    [javac] ```\n    [javac]  ^\n    [javac] /data/cmd/Ming/llm-fl-apr/tmp/JacksonCore_7-prompt_apr_1-qwen-turbo/src/main/java/com/fasterxml/jackson/core/json/JsonWriteContext.java:190: error: illegal character: \\96\n    [javac] ```\n    [javac]   ^\n    [javac] /data/cmd/Ming/llm-fl-apr/tmp/JacksonCore_7-prompt_apr_1-qwen-turbo/src/main/java/com/fasterxml/jackson/core/json/JsonWriteContext.java:192: error: illegal start of type\n    [javac] In this corrected version, I've introduced a local variable `currentIndex` to capture the current value of `_index` before it is incremented. This ensures that the comparison correctly reflects the initial state of `_index`.\n    [javac]    ^\n    [javac] /data/cmd/Ming/llm-fl-apr/tmp/JacksonCore_7-prompt_apr_1-qwen-turbo/src/main/java/com/fasterxml/jackson/core/json/JsonWriteContext.java:192: error: ';' expected\n    [javac] In this corrected version, I've introduced a local variable `currentIndex` to capture the current value of `_index` before it is incremented. This ensures that the comparison correctly reflects the initial state of `_index`.\n    [javac]        ^\n    [javac] /data/cmd/Ming/llm-fl-apr/tmp/JacksonCore_7-prompt_apr_1-qwen-turbo/src/main/java/com/fasterxml/jackson/core/json/JsonWriteContext.java:192: error: <identifier> expected\n    [javac] In this corrected version, I've introduced a local variable `currentIndex` to capture the current value of `_index` before it is incremented. This ensures that the comparison correctly reflects the initial state of `_index`.\n    [javac]                          ^\n    [javac] /data/cmd/Ming/llm-fl-apr/tmp/JacksonCore_7-prompt_apr_1-qwen-turbo/src/main/java/com/fasterxml/jackson/core/json/JsonWriteContext.java:192: error: unclosed character literal\n    [javac] In this corrected version, I've introduced a local variable `currentIndex` to capture the current value of `_index` before it is incremented. This ensures that the comparison correctly reflects the initial state of `_index`.\n    [javac]                             ^\n    [javac] /data/cmd/Ming/llm-fl-apr/tmp/JacksonCore_7-prompt_apr_1-qwen-turbo/src/main/java/com/fasterxml/jackson/core/json/JsonWriteContext.java:192: error: ';' expected\n    [javac] In this corrected version, I've introduced a local variable `currentIndex` to capture the current value of `_index` before it is incremented. This ensures that the comparison correctly reflects the initial state of `_index`.\n    [javac]                                           ^\n    [javac] /data/cmd/Ming/llm-fl-apr/tmp/JacksonCore_7-prompt_apr_1-qwen-turbo/src/main/java/com/fasterxml/jackson/core/json/JsonWriteContext.java:192: error: ';' expected\n    [javac] In this corrected version, I've introduced a local variable `currentIndex` to capture the current value of `_index` before it is incremented. This ensures that the comparison correctly reflects the initial state of `_index`.\n    [javac]                                                   ^\n    [javac] /data/cmd/Ming/llm-fl-apr/tmp/JacksonCore_7-prompt_apr_1-qwen-turbo/src/main/java/com/fasterxml/jackson/core/json/JsonWriteContext.java:192: error: illegal character: \\96\n    [javac] In this corrected version, I've introduced a local variable `currentIndex` to capture the current value of `_index` before it is incremented. This ensures that the comparison correctly reflects the initial state of `_index`.\n    [javac]                                                             ^\n    [javac] /data/cmd/Ming/llm-fl-apr/tmp/JacksonCore_7-prompt_apr_1-qwen-turbo/src/main/java/com/fasterxml/jackson/core/json/JsonWriteContext.java:192: error: illegal character: \\96\n    [javac] In this corrected version, I've introduced a local variable `currentIndex` to capture the current value of `_index` before it is incremented. This ensures that the comparison correctly reflects the initial state of `_index`.\n    [javac]                                                                          ^\n    [javac] /data/cmd/Ming/llm-fl-apr/tmp/JacksonCore_7-prompt_apr_1-qwen-turbo/src/main/java/com/fasterxml/jackson/core/json/JsonWriteContext.java:192: error: ';' expected\n    [javac] In this corrected version, I've introduced a local variable `currentIndex` to capture the current value of `_index` before it is incremented. This ensures that the comparison correctly reflects the initial state of `_index`.\n    [javac]                                                                                      ^\n    [javac] /data/cmd/Ming/llm-fl-apr/tmp/JacksonCore_7-prompt_apr_1-qwen-turbo/src/main/java/com/fasterxml/jackson/core/json/JsonWriteContext.java:192: error: ';' expected\n    [javac] In this corrected version, I've introduced a local variable `currentIndex` to capture the current value of `_index` before it is incremented. This ensures that the comparison correctly reflects the initial state of `_index`.\n    [javac]                                                                                                  ^\n    [javac] /data/cmd/Ming/llm-fl-apr/tmp/JacksonCore_7-prompt_apr_1-qwen-turbo/src/main/java/com/fasterxml/jackson/core/json/JsonWriteContext.java:192: error: illegal character: \\96\n    [javac] In this corrected version, I've introduced a local variable `currentIndex` to capture the current value of `_index` before it is incremented. This ensures that the comparison correctly reflects the initial state of `_index`.\n    [javac]                                                                                                            ^\n    [javac] /data/cmd/Ming/llm-fl-apr/tmp/JacksonCore_7-prompt_apr_1-qwen-turbo/src/main/java/com/fasterxml/jackson/core/json/JsonWriteContext.java:192: error: illegal character: \\96\n    [javac] In this corrected version, I've introduced a local variable `currentIndex` to capture the current value of `_index` before it is incremented. This ensures that the comparison correctly reflects the initial state of `_index`.\n    [javac]                                                                                                                   ^\n    [javac] /data/cmd/Ming/llm-fl-apr/tmp/JacksonCore_7-prompt_apr_1-qwen-turbo/src/main/java/com/fasterxml/jackson/core/json/JsonWriteContext.java:192: error: ';' expected\n    [javac] In this corrected version, I've introduced a local variable `currentIndex` to capture the current value of `_index` before it is incremented. This ensures that the comparison correctly reflects the initial state of `_index`.\n    [javac]                                                                                                                              ^\n    [javac] /data/cmd/Ming/llm-fl-apr/tmp/JacksonCore_7-prompt_apr_1-qwen-turbo/src/main/java/com/fasterxml/jackson/core/json/JsonWriteContext.java:192: error: ';' expected\n    [javac] In this corrected version, I've introduced a local variable `currentIndex` to capture the current value of `_index` before it is incremented. This ensures that the comparison correctly reflects the initial state of `_index`.\n    [javac]                                                                                                                                             ^\n    [javac] /data/cmd/Ming/llm-fl-apr/tmp/JacksonCore_7-prompt_apr_1-qwen-turbo/src/main/java/com/fasterxml/jackson/core/json/JsonWriteContext.java:192: error: ';' expected\n    [javac] In this corrected version, I've introduced a local variable `currentIndex` to capture the current value of `_index` before it is incremented. This ensures that the comparison correctly reflects the initial state of `_index`.\n    [javac]                                                                                                                                                           ^\n    [javac] /data/cmd/Ming/llm-fl-apr/tmp/JacksonCore_7-prompt_apr_1-qwen-turbo/src/main/java/com/fasterxml/jackson/core/json/JsonWriteContext.java:192: error: ';' expected\n    [javac] In this corrected version, I've introduced a local variable `currentIndex` to capture the current value of `_index` before it is incremented. This ensures that the comparison correctly reflects the initial state of `_index`.\n    [javac]                                                                                                                                                                    ^\n    [javac] /data/cmd/Ming/llm-fl-apr/tmp/JacksonCore_7-prompt_apr_1-qwen-turbo/src/main/java/com/fasterxml/jackson/core/json/JsonWriteContext.java:192: error: ';' expected\n    [javac] In this corrected version, I've introduced a local variable `currentIndex` to capture the current value of `_index` before it is incremented. This ensures that the comparison correctly reflects the initial state of `_index`.\n    [javac]                                                                                                                                                                                         ^\n    [javac] /data/cmd/Ming/llm-fl-apr/tmp/JacksonCore_7-prompt_apr_1-qwen-turbo/src/main/java/com/fasterxml/jackson/core/json/JsonWriteContext.java:192: error: ';' expected\n    [javac] In this corrected version, I've introduced a local variable `currentIndex` to capture the current value of `_index` before it is incremented. This ensures that the comparison correctly reflects the initial state of `_index`.\n    [javac]                                                                                                                                                                                                      ^\n    [javac] /data/cmd/Ming/llm-fl-apr/tmp/JacksonCore_7-prompt_apr_1-qwen-turbo/src/main/java/com/fasterxml/jackson/core/json/JsonWriteContext.java:192: error: ';' expected\n    [javac] In this corrected version, I've introduced a local variable `currentIndex` to capture the current value of `_index` before it is incremented. This ensures that the comparison correctly reflects the initial state of `_index`.\n    [javac]                                                                                                                                                                                                                    ^\n    [javac] /data/cmd/Ming/llm-fl-apr/tmp/JacksonCore_7-prompt_apr_1-qwen-turbo/src/main/java/com/fasterxml/jackson/core/json/JsonWriteContext.java:192: error: illegal character: \\96\n    [javac] In this corrected version, I've introduced a local variable `currentIndex` to capture the current value of `_index` before it is incremented. This ensures that the comparison correctly reflects the initial state of `_index`.\n    [javac]                                                                                                                                                                                                                        ^\n    [javac] /data/cmd/Ming/llm-fl-apr/tmp/JacksonCore_7-prompt_apr_1-qwen-turbo/src/main/java/com/fasterxml/jackson/core/json/JsonWriteContext.java:192: error: illegal character: \\96\n    [javac] In this corrected version, I've introduced a local variable `currentIndex` to capture the current value of `_index` before it is incremented. This ensures that the comparison correctly reflects the initial state of `_index`.\n    [javac]                                                                                                                                                                                                                               ^\n    [javac] /data/cmd/Ming/llm-fl-apr/tmp/JacksonCore_7-prompt_apr_1-qwen-turbo/src/main/java/com/fasterxml/jackson/core/json/JsonWriteContext.java:192: error: illegal start of type\n    [javac] In this corrected version, I've introduced a local variable `currentIndex` to capture the current value of `_index` before it is incremented. This ensures that the comparison correctly reflects the initial state of `_index`.\n    [javac]                                                                                                                                                                                                                                ^\n    [javac] /data/cmd/Ming/llm-fl-apr/tmp/JacksonCore_7-prompt_apr_1-qwen-turbo/src/main/java/com/fasterxml/jackson/core/json/JsonWriteContext.java:192: error: <identifier> expected\n    [javac] In this corrected version, I've introduced a local variable `currentIndex` to capture the current value of `_index` before it is incremented. This ensures that the comparison correctly reflects the initial state of `_index`.\n    [javac]                                                                                                                                                                                                                                 ^\n    [javac] /data/cmd/Ming/llm-fl-apr/tmp/JacksonCore_7-prompt_apr_1-qwen-turbo/src/main/java/com/fasterxml/jackson/core/json/JsonWriteContext.java:195: error: ';' expected\n    [javac]     protected void appendDesc(StringBuilder sb) {\n    [javac]              ^\n    [javac] /data/cmd/Ming/llm-fl-apr/tmp/JacksonCore_7-prompt_apr_1-qwen-turbo/src/main/java/com/fasterxml/jackson/core/json/JsonWriteContext.java:195: error: invalid method declaration; return type required\n    [javac]     protected void appendDesc(StringBuilder sb) {\n    [javac]                    ^\n    [javac] 70 errors\n\nBUILD FAILED\n/data/cmd/Ming/llm-fl-apr/tmp/JacksonCore_7-prompt_apr_1-qwen-turbo/maven-build.xml:74: Compile failed; see the compiler error output for details.\n\nTotal time: 2 seconds\nCannot compile sources! at /data/cmd/Ming/LLM_Based-Mutation/tools/mutant/defects4j-2.1.0/framework/bin/d4j/d4j-compile line 82.\nCompilation failed in require at /data/cmd/Ming/LLM_Based-Mutation/tools/mutant/defects4j-2.1.0/framework/bin/defects4j line 195.\n"
                }
            },
            "doubao-pro-4k": {
                "compile": {
                    "rc": 0,
                    "so": "",
                    "se": "Running ant (compile)...................................................... OK\nRunning ant (compile.tests)................................................ OK\n"
                },
                "test": {
                    "rc": 0,
                    "so": "Failing tests: 2\n  - com.fasterxml.jackson.core.json.GeneratorFailTest::testFailOnWritingStringNotFieldNameBytes\n  - com.fasterxml.jackson.core.json.GeneratorFailTest::testFailOnWritingStringNotFieldNameChars\n",
                    "se": "Running ant (compile.tests)................................................ OK\nRunning ant (run.dev.tests)................................................ OK\n"
                }
            },
            "gpt-4o-mini": {
                "compile": {
                    "rc": 0,
                    "so": "",
                    "se": "Running ant (compile)...................................................... OK\nRunning ant (compile.tests)................................................ OK\n"
                },
                "test": {
                    "rc": 0,
                    "so": "Failing tests: 36\n  - com.fasterxml.jackson.core.TestJDKSerializability::testJsonFactorySerializable\n  - com.fasterxml.jackson.core.base64.TestBase64Generation::testStreamingWrites\n  - com.fasterxml.jackson.core.base64.TestBase64Generation::testIssue55\n  - com.fasterxml.jackson.core.io.TestJsonStringEncoder::testQuoteAsUTF8\n  - com.fasterxml.jackson.core.json.GeneratorFailTest::testFailOnWritingStringNotFieldNameBytes\n  - com.fasterxml.jackson.core.json.GeneratorFailTest::testFailOnWritingStringNotFieldNameChars\n  - com.fasterxml.jackson.core.json.TestCharEscaping::testEscapesForCharArrays\n  - com.fasterxml.jackson.core.json.TestCustomEscaping::testAboveAsciiEscapeWithUTF8Stream\n  - com.fasterxml.jackson.core.json.TestCustomEscaping::testAboveAsciiEscapeWithReader\n  - com.fasterxml.jackson.core.json.TestCustomEscaping::testEscapeCustomWithReader\n  - com.fasterxml.jackson.core.json.TestCustomEscaping::testEscapeCustomWithUTF8Stream\n  - com.fasterxml.jackson.core.json.TestJsonGenerator::testRootIntsWrite\n  - com.fasterxml.jackson.core.json.TestJsonGeneratorFeatures::testNonNumericQuoting\n  - com.fasterxml.jackson.core.json.TestJsonGeneratorFeatures::testFieldNameQuoting\n  - com.fasterxml.jackson.core.json.TestJsonGeneratorFeatures::testNumbersAsJSONStrings\n  - com.fasterxml.jackson.core.json.TestJsonGeneratorFeatures::testBigDecimalAsPlain\n  - com.fasterxml.jackson.core.json.TestRootValues::testSimpleWrites\n  - com.fasterxml.jackson.core.json.TestUtf8Generator::testUtf8Issue462\n  - com.fasterxml.jackson.core.main.TestGeneratorClosing::testAutoFlushOrNot\n  - com.fasterxml.jackson.core.main.TestGeneratorClosing::testNoAutoCloseArraysAndObjects\n  - com.fasterxml.jackson.core.main.TestGeneratorClosing::testAutoCloseArraysAndObjects\n  - com.fasterxml.jackson.core.main.TestGeneratorCopy::testCopyArrayTokens\n  - com.fasterxml.jackson.core.main.TestGeneratorCopy::testCopyObjectTokens\n  - com.fasterxml.jackson.core.main.TestGeneratorCopy::testCopyRootTokens\n  - com.fasterxml.jackson.core.main.TestPrettyPrinter::testCustomRootSeparatorWithPP\n  - com.fasterxml.jackson.core.main.TestPrettyPrinter::testObjectCount\n  - com.fasterxml.jackson.core.main.TestPrettyPrinter::testArrayCount\n  - com.fasterxml.jackson.core.main.TestPrettyPrinter::testCustomRootSeparatorWithFactory\n  - com.fasterxml.jackson.core.util.TestDefaultPrettyPrinter::testSystemLinefeed\n  - com.fasterxml.jackson.core.util.TestDefaultPrettyPrinter::testUnixLinefeed\n  - com.fasterxml.jackson.core.util.TestDefaultPrettyPrinter::testWindowsLinefeed\n  - com.fasterxml.jackson.core.util.TestDefaultPrettyPrinter::testWithLineFeed\n  - com.fasterxml.jackson.core.util.TestDefaultPrettyPrinter::testWithIndent\n  - com.fasterxml.jackson.core.util.TestDefaultPrettyPrinter::testTabIndent\n  - com.fasterxml.jackson.core.util.TestDelegates::testNotDelegateCopyMethods\n  - com.fasterxml.jackson.core.util.TestDelegates::testGeneratorDelegate\n",
                    "se": "Running ant (compile.tests)................................................ OK\nRunning ant (run.dev.tests)................................................ OK\n"
                }
            },
            "deepseek-chat": {
                "compile": {
                    "rc": 1,
                    "so": "",
                    "se": "Running ant (compile)...................................................... FAIL\nExecuted command:  cd /data/cmd/Ming/llm-fl-apr/tmp/JacksonCore_7-prompt_apr_1-deepseek-chat && /data/cmd/Ming/LLM_Based-Mutation/tools/mutant/defects4j-2.1.0/major/bin/ant -f /data/cmd/Ming/LLM_Based-Mutation/tools/mutant/defects4j-2.1.0/framework/projects/defects4j.build.xml -Dd4j.home=/data/cmd/Ming/LLM_Based-Mutation/tools/mutant/defects4j-2.1.0 -Dd4j.dir.projects=/data/cmd/Ming/LLM_Based-Mutation/tools/mutant/defects4j-2.1.0/framework/projects -Dbasedir=/data/cmd/Ming/llm-fl-apr/tmp/JacksonCore_7-prompt_apr_1-deepseek-chat -Dbuild.compiler=javac1.7  compile 2>&1\nJava HotSpot(TM) 64-Bit Server VM warning: ignoring option MaxPermSize=1G; support was removed in 8.0\nBuildfile: /data/cmd/Ming/LLM_Based-Mutation/tools/mutant/defects4j-2.1.0/framework/projects/defects4j.build.xml\n\ntest-offline:\n\nget-deps:\n\njackson-core-from-maven.compile:\n    [mkdir] Created dir: /data/cmd/Ming/llm-fl-apr/tmp/JacksonCore_7-prompt_apr_1-deepseek-chat/target/classes\n    [javac] /data/cmd/Ming/llm-fl-apr/tmp/JacksonCore_7-prompt_apr_1-deepseek-chat/maven-build.xml:74: warning: 'includeantruntime' was not set, defaulting to build.sysclasspath=last; set to false for repeatable builds\n    [javac] Compiling 80 source files to /data/cmd/Ming/llm-fl-apr/tmp/JacksonCore_7-prompt_apr_1-deepseek-chat/target/classes\n    [javac] /data/cmd/Ming/llm-fl-apr/tmp/JacksonCore_7-prompt_apr_1-deepseek-chat/src/main/java/com/fasterxml/jackson/core/json/JsonWriteContext.java:187: error: ';' expected\n    [javac] The bug in line 6 was that the condition `(ix < 0)` was incorrect. It should be `(ix <= 0)` to ensure that the first element of the array is treated correctly. This change ensures that the first element of the array returns `STATUS_OK_AS_IS`, while subsequent elements return `STATUS_OK_AFTER_COMMA`.\n    [javac]        ^\n    [javac] /data/cmd/Ming/llm-fl-apr/tmp/JacksonCore_7-prompt_apr_1-deepseek-chat/src/main/java/com/fasterxml/jackson/core/json/JsonWriteContext.java:187: error: ';' expected\n    [javac] The bug in line 6 was that the condition `(ix < 0)` was incorrect. It should be `(ix <= 0)` to ensure that the first element of the array is treated correctly. This change ensures that the first element of the array returns `STATUS_OK_AS_IS`, while subsequent elements return `STATUS_OK_AFTER_COMMA`.\n    [javac]                ^\n    [javac] /data/cmd/Ming/llm-fl-apr/tmp/JacksonCore_7-prompt_apr_1-deepseek-chat/src/main/java/com/fasterxml/jackson/core/json/JsonWriteContext.java:187: error: ';' expected\n    [javac] The bug in line 6 was that the condition `(ix < 0)` was incorrect. It should be `(ix <= 0)` to ensure that the first element of the array is treated correctly. This change ensures that the first element of the array returns `STATUS_OK_AS_IS`, while subsequent elements return `STATUS_OK_AFTER_COMMA`.\n    [javac]                           ^\n    [javac] /data/cmd/Ming/llm-fl-apr/tmp/JacksonCore_7-prompt_apr_1-deepseek-chat/src/main/java/com/fasterxml/jackson/core/json/JsonWriteContext.java:187: error: illegal character: \\96\n    [javac] The bug in line 6 was that the condition `(ix < 0)` was incorrect. It should be `(ix <= 0)` to ensure that the first element of the array is treated correctly. This change ensures that the first element of the array returns `STATUS_OK_AS_IS`, while subsequent elements return `STATUS_OK_AFTER_COMMA`.\n    [javac]                                          ^\n    [javac] /data/cmd/Ming/llm-fl-apr/tmp/JacksonCore_7-prompt_apr_1-deepseek-chat/src/main/java/com/fasterxml/jackson/core/json/JsonWriteContext.java:187: error: illegal start of type\n    [javac] The bug in line 6 was that the condition `(ix < 0)` was incorrect. It should be `(ix <= 0)` to ensure that the first element of the array is treated correctly. This change ensures that the first element of the array returns `STATUS_OK_AS_IS`, while subsequent elements return `STATUS_OK_AFTER_COMMA`.\n    [javac]                                                 ^\n    [javac] /data/cmd/Ming/llm-fl-apr/tmp/JacksonCore_7-prompt_apr_1-deepseek-chat/src/main/java/com/fasterxml/jackson/core/json/JsonWriteContext.java:187: error: <identifier> expected\n    [javac] The bug in line 6 was that the condition `(ix < 0)` was incorrect. It should be `(ix <= 0)` to ensure that the first element of the array is treated correctly. This change ensures that the first element of the array returns `STATUS_OK_AS_IS`, while subsequent elements return `STATUS_OK_AFTER_COMMA`.\n    [javac]                                                  ^\n    [javac] /data/cmd/Ming/llm-fl-apr/tmp/JacksonCore_7-prompt_apr_1-deepseek-chat/src/main/java/com/fasterxml/jackson/core/json/JsonWriteContext.java:187: error: illegal character: \\96\n    [javac] The bug in line 6 was that the condition `(ix < 0)` was incorrect. It should be `(ix <= 0)` to ensure that the first element of the array is treated correctly. This change ensures that the first element of the array returns `STATUS_OK_AS_IS`, while subsequent elements return `STATUS_OK_AFTER_COMMA`.\n    [javac]                                                   ^\n    [javac] /data/cmd/Ming/llm-fl-apr/tmp/JacksonCore_7-prompt_apr_1-deepseek-chat/src/main/java/com/fasterxml/jackson/core/json/JsonWriteContext.java:187: error: ';' expected\n    [javac] The bug in line 6 was that the condition `(ix < 0)` was incorrect. It should be `(ix <= 0)` to ensure that the first element of the array is treated correctly. This change ensures that the first element of the array returns `STATUS_OK_AS_IS`, while subsequent elements return `STATUS_OK_AFTER_COMMA`.\n    [javac]                                                                  ^\n    [javac] /data/cmd/Ming/llm-fl-apr/tmp/JacksonCore_7-prompt_apr_1-deepseek-chat/src/main/java/com/fasterxml/jackson/core/json/JsonWriteContext.java:187: error: ';' expected\n    [javac] The bug in line 6 was that the condition `(ix < 0)` was incorrect. It should be `(ix <= 0)` to ensure that the first element of the array is treated correctly. This change ensures that the first element of the array returns `STATUS_OK_AS_IS`, while subsequent elements return `STATUS_OK_AFTER_COMMA`.\n    [javac]                                                                             ^\n    [javac] /data/cmd/Ming/llm-fl-apr/tmp/JacksonCore_7-prompt_apr_1-deepseek-chat/src/main/java/com/fasterxml/jackson/core/json/JsonWriteContext.java:187: error: illegal character: \\96\n    [javac] The bug in line 6 was that the condition `(ix < 0)` was incorrect. It should be `(ix <= 0)` to ensure that the first element of the array is treated correctly. This change ensures that the first element of the array returns `STATUS_OK_AS_IS`, while subsequent elements return `STATUS_OK_AFTER_COMMA`.\n    [javac]                                                                                 ^\n    [javac] /data/cmd/Ming/llm-fl-apr/tmp/JacksonCore_7-prompt_apr_1-deepseek-chat/src/main/java/com/fasterxml/jackson/core/json/JsonWriteContext.java:187: error: illegal start of type\n    [javac] The bug in line 6 was that the condition `(ix < 0)` was incorrect. It should be `(ix <= 0)` to ensure that the first element of the array is treated correctly. This change ensures that the first element of the array returns `STATUS_OK_AS_IS`, while subsequent elements return `STATUS_OK_AFTER_COMMA`.\n    [javac]                                                                                  ^\n    [javac] /data/cmd/Ming/llm-fl-apr/tmp/JacksonCore_7-prompt_apr_1-deepseek-chat/src/main/java/com/fasterxml/jackson/core/json/JsonWriteContext.java:187: error: ';' expected\n    [javac] The bug in line 6 was that the condition `(ix < 0)` was incorrect. It should be `(ix <= 0)` to ensure that the first element of the array is treated correctly. This change ensures that the first element of the array returns `STATUS_OK_AS_IS`, while subsequent elements return `STATUS_OK_AFTER_COMMA`.\n    [javac]                                                                                     ^\n    [javac] /data/cmd/Ming/llm-fl-apr/tmp/JacksonCore_7-prompt_apr_1-deepseek-chat/src/main/java/com/fasterxml/jackson/core/json/JsonWriteContext.java:187: error: illegal character: \\96\n    [javac] The bug in line 6 was that the condition `(ix < 0)` was incorrect. It should be `(ix <= 0)` to ensure that the first element of the array is treated correctly. This change ensures that the first element of the array returns `STATUS_OK_AS_IS`, while subsequent elements return `STATUS_OK_AFTER_COMMA`.\n    [javac]                                                                                           ^\n    [javac] /data/cmd/Ming/llm-fl-apr/tmp/JacksonCore_7-prompt_apr_1-deepseek-chat/src/main/java/com/fasterxml/jackson/core/json/JsonWriteContext.java:187: error: ';' expected\n    [javac] The bug in line 6 was that the condition `(ix < 0)` was incorrect. It should be `(ix <= 0)` to ensure that the first element of the array is treated correctly. This change ensures that the first element of the array returns `STATUS_OK_AS_IS`, while subsequent elements return `STATUS_OK_AFTER_COMMA`.\n    [javac]                                                                                                      ^\n    [javac] /data/cmd/Ming/llm-fl-apr/tmp/JacksonCore_7-prompt_apr_1-deepseek-chat/src/main/java/com/fasterxml/jackson/core/json/JsonWriteContext.java:187: error: ';' expected\n    [javac] The bug in line 6 was that the condition `(ix < 0)` was incorrect. It should be `(ix <= 0)` to ensure that the first element of the array is treated correctly. This change ensures that the first element of the array returns `STATUS_OK_AS_IS`, while subsequent elements return `STATUS_OK_AFTER_COMMA`.\n    [javac]                                                                                                               ^\n    [javac] /data/cmd/Ming/llm-fl-apr/tmp/JacksonCore_7-prompt_apr_1-deepseek-chat/src/main/java/com/fasterxml/jackson/core/json/JsonWriteContext.java:187: error: ';' expected\n    [javac] The bug in line 6 was that the condition `(ix < 0)` was incorrect. It should be `(ix <= 0)` to ensure that the first element of the array is treated correctly. This change ensures that the first element of the array returns `STATUS_OK_AS_IS`, while subsequent elements return `STATUS_OK_AFTER_COMMA`.\n    [javac]                                                                                                                             ^\n    [javac] /data/cmd/Ming/llm-fl-apr/tmp/JacksonCore_7-prompt_apr_1-deepseek-chat/src/main/java/com/fasterxml/jackson/core/json/JsonWriteContext.java:187: error: ';' expected\n    [javac] The bug in line 6 was that the condition `(ix < 0)` was incorrect. It should be `(ix <= 0)` to ensure that the first element of the array is treated correctly. This change ensures that the first element of the array returns `STATUS_OK_AS_IS`, while subsequent elements return `STATUS_OK_AFTER_COMMA`.\n    [javac]                                                                                                                                    ^\n    [javac] /data/cmd/Ming/llm-fl-apr/tmp/JacksonCore_7-prompt_apr_1-deepseek-chat/src/main/java/com/fasterxml/jackson/core/json/JsonWriteContext.java:187: error: ';' expected\n    [javac] The bug in line 6 was that the condition `(ix < 0)` was incorrect. It should be `(ix <= 0)` to ensure that the first element of the array is treated correctly. This change ensures that the first element of the array returns `STATUS_OK_AS_IS`, while subsequent elements return `STATUS_OK_AFTER_COMMA`.\n    [javac]                                                                                                                                             ^\n    [javac] /data/cmd/Ming/llm-fl-apr/tmp/JacksonCore_7-prompt_apr_1-deepseek-chat/src/main/java/com/fasterxml/jackson/core/json/JsonWriteContext.java:187: error: ';' expected\n    [javac] The bug in line 6 was that the condition `(ix < 0)` was incorrect. It should be `(ix <= 0)` to ensure that the first element of the array is treated correctly. This change ensures that the first element of the array returns `STATUS_OK_AS_IS`, while subsequent elements return `STATUS_OK_AFTER_COMMA`.\n    [javac]                                                                                                                                                               ^\n    [javac] /data/cmd/Ming/llm-fl-apr/tmp/JacksonCore_7-prompt_apr_1-deepseek-chat/src/main/java/com/fasterxml/jackson/core/json/JsonWriteContext.java:187: error: ';' expected\n    [javac] The bug in line 6 was that the condition `(ix < 0)` was incorrect. It should be `(ix <= 0)` to ensure that the first element of the array is treated correctly. This change ensures that the first element of the array returns `STATUS_OK_AS_IS`, while subsequent elements return `STATUS_OK_AFTER_COMMA`.\n    [javac]                                                                                                                                                                            ^\n    [javac] /data/cmd/Ming/llm-fl-apr/tmp/JacksonCore_7-prompt_apr_1-deepseek-chat/src/main/java/com/fasterxml/jackson/core/json/JsonWriteContext.java:187: error: ';' expected\n    [javac] The bug in line 6 was that the condition `(ix < 0)` was incorrect. It should be `(ix <= 0)` to ensure that the first element of the array is treated correctly. This change ensures that the first element of the array returns `STATUS_OK_AS_IS`, while subsequent elements return `STATUS_OK_AFTER_COMMA`.\n    [javac]                                                                                                                                                                                         ^\n    [javac] /data/cmd/Ming/llm-fl-apr/tmp/JacksonCore_7-prompt_apr_1-deepseek-chat/src/main/java/com/fasterxml/jackson/core/json/JsonWriteContext.java:187: error: ';' expected\n    [javac] The bug in line 6 was that the condition `(ix < 0)` was incorrect. It should be `(ix <= 0)` to ensure that the first element of the array is treated correctly. This change ensures that the first element of the array returns `STATUS_OK_AS_IS`, while subsequent elements return `STATUS_OK_AFTER_COMMA`.\n    [javac]                                                                                                                                                                                                   ^\n    [javac] /data/cmd/Ming/llm-fl-apr/tmp/JacksonCore_7-prompt_apr_1-deepseek-chat/src/main/java/com/fasterxml/jackson/core/json/JsonWriteContext.java:187: error: ';' expected\n    [javac] The bug in line 6 was that the condition `(ix < 0)` was incorrect. It should be `(ix <= 0)` to ensure that the first element of the array is treated correctly. This change ensures that the first element of the array returns `STATUS_OK_AS_IS`, while subsequent elements return `STATUS_OK_AFTER_COMMA`.\n    [javac]                                                                                                                                                                                                              ^\n    [javac] /data/cmd/Ming/llm-fl-apr/tmp/JacksonCore_7-prompt_apr_1-deepseek-chat/src/main/java/com/fasterxml/jackson/core/json/JsonWriteContext.java:187: error: ';' expected\n    [javac] The bug in line 6 was that the condition `(ix < 0)` was incorrect. It should be `(ix <= 0)` to ensure that the first element of the array is treated correctly. This change ensures that the first element of the array returns `STATUS_OK_AS_IS`, while subsequent elements return `STATUS_OK_AFTER_COMMA`.\n    [javac]                                                                                                                                                                                                                        ^\n    [javac] /data/cmd/Ming/llm-fl-apr/tmp/JacksonCore_7-prompt_apr_1-deepseek-chat/src/main/java/com/fasterxml/jackson/core/json/JsonWriteContext.java:187: error: illegal character: \\96\n    [javac] The bug in line 6 was that the condition `(ix < 0)` was incorrect. It should be `(ix <= 0)` to ensure that the first element of the array is treated correctly. This change ensures that the first element of the array returns `STATUS_OK_AS_IS`, while subsequent elements return `STATUS_OK_AFTER_COMMA`.\n    [javac]                                                                                                                                                                                                                                 ^\n    [javac] /data/cmd/Ming/llm-fl-apr/tmp/JacksonCore_7-prompt_apr_1-deepseek-chat/src/main/java/com/fasterxml/jackson/core/json/JsonWriteContext.java:187: error: illegal character: \\96\n    [javac] The bug in line 6 was that the condition `(ix < 0)` was incorrect. It should be `(ix <= 0)` to ensure that the first element of the array is treated correctly. This change ensures that the first element of the array returns `STATUS_OK_AS_IS`, while subsequent elements return `STATUS_OK_AFTER_COMMA`.\n    [javac]                                                                                                                                                                                                                                                 ^\n    [javac] /data/cmd/Ming/llm-fl-apr/tmp/JacksonCore_7-prompt_apr_1-deepseek-chat/src/main/java/com/fasterxml/jackson/core/json/JsonWriteContext.java:187: error: illegal start of type\n    [javac] The bug in line 6 was that the condition `(ix < 0)` was incorrect. It should be `(ix <= 0)` to ensure that the first element of the array is treated correctly. This change ensures that the first element of the array returns `STATUS_OK_AS_IS`, while subsequent elements return `STATUS_OK_AFTER_COMMA`.\n    [javac]                                                                                                                                                                                                                                                  ^\n    [javac] /data/cmd/Ming/llm-fl-apr/tmp/JacksonCore_7-prompt_apr_1-deepseek-chat/src/main/java/com/fasterxml/jackson/core/json/JsonWriteContext.java:187: error: <identifier> expected\n    [javac] The bug in line 6 was that the condition `(ix < 0)` was incorrect. It should be `(ix <= 0)` to ensure that the first element of the array is treated correctly. This change ensures that the first element of the array returns `STATUS_OK_AS_IS`, while subsequent elements return `STATUS_OK_AFTER_COMMA`.\n    [javac]                                                                                                                                                                                                                                                   ^\n    [javac] /data/cmd/Ming/llm-fl-apr/tmp/JacksonCore_7-prompt_apr_1-deepseek-chat/src/main/java/com/fasterxml/jackson/core/json/JsonWriteContext.java:187: error: ';' expected\n    [javac] The bug in line 6 was that the condition `(ix < 0)` was incorrect. It should be `(ix <= 0)` to ensure that the first element of the array is treated correctly. This change ensures that the first element of the array returns `STATUS_OK_AS_IS`, while subsequent elements return `STATUS_OK_AFTER_COMMA`.\n    [javac]                                                                                                                                                                                                                                                         ^\n    [javac] /data/cmd/Ming/llm-fl-apr/tmp/JacksonCore_7-prompt_apr_1-deepseek-chat/src/main/java/com/fasterxml/jackson/core/json/JsonWriteContext.java:187: error: <identifier> expected\n    [javac] The bug in line 6 was that the condition `(ix < 0)` was incorrect. It should be `(ix <= 0)` to ensure that the first element of the array is treated correctly. This change ensures that the first element of the array returns `STATUS_OK_AS_IS`, while subsequent elements return `STATUS_OK_AFTER_COMMA`.\n    [javac]                                                                                                                                                                                                                                                                             ^\n    [javac] /data/cmd/Ming/llm-fl-apr/tmp/JacksonCore_7-prompt_apr_1-deepseek-chat/src/main/java/com/fasterxml/jackson/core/json/JsonWriteContext.java:187: error: illegal character: \\96\n    [javac] The bug in line 6 was that the condition `(ix < 0)` was incorrect. It should be `(ix <= 0)` to ensure that the first element of the array is treated correctly. This change ensures that the first element of the array returns `STATUS_OK_AS_IS`, while subsequent elements return `STATUS_OK_AFTER_COMMA`.\n    [javac]                                                                                                                                                                                                                                                                                     ^\n    [javac] /data/cmd/Ming/llm-fl-apr/tmp/JacksonCore_7-prompt_apr_1-deepseek-chat/src/main/java/com/fasterxml/jackson/core/json/JsonWriteContext.java:187: error: illegal character: \\96\n    [javac] The bug in line 6 was that the condition `(ix < 0)` was incorrect. It should be `(ix <= 0)` to ensure that the first element of the array is treated correctly. This change ensures that the first element of the array returns `STATUS_OK_AS_IS`, while subsequent elements return `STATUS_OK_AFTER_COMMA`.\n    [javac]                                                                                                                                                                                                                                                                                                           ^\n    [javac] 32 errors\n\nBUILD FAILED\n/data/cmd/Ming/llm-fl-apr/tmp/JacksonCore_7-prompt_apr_1-deepseek-chat/maven-build.xml:74: Compile failed; see the compiler error output for details.\n\nTotal time: 2 seconds\nCannot compile sources! at /data/cmd/Ming/LLM_Based-Mutation/tools/mutant/defects4j-2.1.0/framework/bin/d4j/d4j-compile line 82.\nCompilation failed in require at /data/cmd/Ming/LLM_Based-Mutation/tools/mutant/defects4j-2.1.0/framework/bin/defects4j line 195.\n"
                }
            }
        },
        "prompt_apr_2": {
            "ernie-3.5-128k": {
                "compile": {
                    "rc": 0,
                    "so": "",
                    "se": "Running ant (compile)...................................................... OK\nRunning ant (compile.tests)................................................ OK\n"
                },
                "test": {
                    "rc": 0,
                    "so": "Failing tests: 29\n  - com.fasterxml.jackson.core.TestJDKSerializability::testJsonFactorySerializable\n  - com.fasterxml.jackson.core.base64.TestBase64Parsing::testStreaming\n  - com.fasterxml.jackson.core.json.GeneratorFailTest::testFailOnWritingStringNotFieldNameBytes\n  - com.fasterxml.jackson.core.json.GeneratorFailTest::testFailOnWritingStringNotFieldNameChars\n  - com.fasterxml.jackson.core.json.TestCustomEscaping::testAboveAsciiEscapeWithUTF8Stream\n  - com.fasterxml.jackson.core.json.TestCustomEscaping::testAboveAsciiEscapeWithReader\n  - com.fasterxml.jackson.core.json.TestCustomEscaping::testEscapeCustomWithReader\n  - com.fasterxml.jackson.core.json.TestCustomEscaping::testEscapeCustomWithUTF8Stream\n  - com.fasterxml.jackson.core.json.TestGeneratorWithSerializedString::testSimple\n  - com.fasterxml.jackson.core.json.TestJsonGenerator::testFieldValueWrites\n  - com.fasterxml.jackson.core.json.TestJsonGeneratorFeatures::testNonNumericQuoting\n  - com.fasterxml.jackson.core.json.TestJsonGeneratorFeatures::testFieldNameQuoting\n  - com.fasterxml.jackson.core.json.TestJsonParser::testLongText\n  - com.fasterxml.jackson.core.main.TestGeneratorCopy::testCopyObjectTokens\n  - com.fasterxml.jackson.core.main.TestGeneratorMisc::testLongerObjects\n  - com.fasterxml.jackson.core.main.TestGeneratorMisc::testBinaryWrite\n  - com.fasterxml.jackson.core.main.TestGeneratorObject::testSimpleObjectWrite\n  - com.fasterxml.jackson.core.main.TestGeneratorObject::testConvenienceMethods\n  - com.fasterxml.jackson.core.main.TestGeneratorObject::testConvenienceMethodsWithNulls\n  - com.fasterxml.jackson.core.main.TestPrettyPrinter::testObjectCount\n  - com.fasterxml.jackson.core.main.TestPrettyPrinter::testSimpleDocWithMinimal\n  - com.fasterxml.jackson.core.main.TestPrettyPrinter::testSimpleDocWithDefault\n  - com.fasterxml.jackson.core.util.TestDefaultPrettyPrinter::testSystemLinefeed\n  - com.fasterxml.jackson.core.util.TestDefaultPrettyPrinter::testUnixLinefeed\n  - com.fasterxml.jackson.core.util.TestDefaultPrettyPrinter::testWindowsLinefeed\n  - com.fasterxml.jackson.core.util.TestDefaultPrettyPrinter::testWithLineFeed\n  - com.fasterxml.jackson.core.util.TestDefaultPrettyPrinter::testWithIndent\n  - com.fasterxml.jackson.core.util.TestDefaultPrettyPrinter::testTabIndent\n  - com.fasterxml.jackson.core.util.TestDelegates::testNotDelegateCopyMethods\n",
                    "se": "Running ant (compile.tests)................................................ OK\nRunning ant (run.dev.tests)................................................ OK\n"
                }
            },
            "qwen-turbo": {
                "compile": {
                    "rc": 1,
                    "so": "",
                    "se": "Running ant (compile)...................................................... FAIL\nExecuted command:  cd /data/cmd/Ming/llm-fl-apr/tmp/JacksonCore_7-prompt_apr_2-qwen-turbo && /data/cmd/Ming/LLM_Based-Mutation/tools/mutant/defects4j-2.1.0/major/bin/ant -f /data/cmd/Ming/LLM_Based-Mutation/tools/mutant/defects4j-2.1.0/framework/projects/defects4j.build.xml -Dd4j.home=/data/cmd/Ming/LLM_Based-Mutation/tools/mutant/defects4j-2.1.0 -Dd4j.dir.projects=/data/cmd/Ming/LLM_Based-Mutation/tools/mutant/defects4j-2.1.0/framework/projects -Dbasedir=/data/cmd/Ming/llm-fl-apr/tmp/JacksonCore_7-prompt_apr_2-qwen-turbo -Dbuild.compiler=javac1.7  compile 2>&1\nJava HotSpot(TM) 64-Bit Server VM warning: ignoring option MaxPermSize=1G; support was removed in 8.0\nBuildfile: /data/cmd/Ming/LLM_Based-Mutation/tools/mutant/defects4j-2.1.0/framework/projects/defects4j.build.xml\n\ntest-offline:\n\nget-deps:\n\njackson-core-from-maven.compile:\n    [mkdir] Created dir: /data/cmd/Ming/llm-fl-apr/tmp/JacksonCore_7-prompt_apr_2-qwen-turbo/target/classes\n    [javac] /data/cmd/Ming/llm-fl-apr/tmp/JacksonCore_7-prompt_apr_2-qwen-turbo/maven-build.xml:74: warning: 'includeantruntime' was not set, defaulting to build.sysclasspath=last; set to false for repeatable builds\n    [javac] Compiling 80 source files to /data/cmd/Ming/llm-fl-apr/tmp/JacksonCore_7-prompt_apr_2-qwen-turbo/target/classes\n    [javac] /data/cmd/Ming/llm-fl-apr/tmp/JacksonCore_7-prompt_apr_2-qwen-turbo/src/main/java/com/fasterxml/jackson/core/json/JsonWriteContext.java:166: error: <identifier> expected\n    [javac] Certainly! The issue with the `return STATUS_OK_AFTER_COLON;` line is that it does not account for the `_gotName` flag being set to `false`. When `_gotName` is `false`, it indicates that the name has not yet been written, and thus we should return `STATUS_OK_AS_IS` instead of `STATUS_OK_AFTER_COLON`.\n    [javac]          ^\n    [javac] /data/cmd/Ming/llm-fl-apr/tmp/JacksonCore_7-prompt_apr_2-qwen-turbo/src/main/java/com/fasterxml/jackson/core/json/JsonWriteContext.java:166: error: ';' expected\n    [javac] Certainly! The issue with the `return STATUS_OK_AFTER_COLON;` line is that it does not account for the `_gotName` flag being set to `false`. When `_gotName` is `false`, it indicates that the name has not yet been written, and thus we should return `STATUS_OK_AS_IS` instead of `STATUS_OK_AFTER_COLON`.\n    [javac]                     ^\n    [javac] /data/cmd/Ming/llm-fl-apr/tmp/JacksonCore_7-prompt_apr_2-qwen-turbo/src/main/java/com/fasterxml/jackson/core/json/JsonWriteContext.java:166: error: illegal character: \\96\n    [javac] Certainly! The issue with the `return STATUS_OK_AFTER_COLON;` line is that it does not account for the `_gotName` flag being set to `false`. When `_gotName` is `false`, it indicates that the name has not yet been written, and thus we should return `STATUS_OK_AS_IS` instead of `STATUS_OK_AFTER_COLON`.\n    [javac]                               ^\n    [javac] /data/cmd/Ming/llm-fl-apr/tmp/JacksonCore_7-prompt_apr_2-qwen-turbo/src/main/java/com/fasterxml/jackson/core/json/JsonWriteContext.java:166: error: <identifier> expected\n    [javac] Certainly! The issue with the `return STATUS_OK_AFTER_COLON;` line is that it does not account for the `_gotName` flag being set to `false`. When `_gotName` is `false`, it indicates that the name has not yet been written, and thus we should return `STATUS_OK_AS_IS` instead of `STATUS_OK_AFTER_COLON`.\n    [javac]                                                            ^\n    [javac] /data/cmd/Ming/llm-fl-apr/tmp/JacksonCore_7-prompt_apr_2-qwen-turbo/src/main/java/com/fasterxml/jackson/core/json/JsonWriteContext.java:166: error: illegal character: \\96\n    [javac] Certainly! The issue with the `return STATUS_OK_AFTER_COLON;` line is that it does not account for the `_gotName` flag being set to `false`. When `_gotName` is `false`, it indicates that the name has not yet been written, and thus we should return `STATUS_OK_AS_IS` instead of `STATUS_OK_AFTER_COLON`.\n    [javac]                                                             ^\n    [javac] /data/cmd/Ming/llm-fl-apr/tmp/JacksonCore_7-prompt_apr_2-qwen-turbo/src/main/java/com/fasterxml/jackson/core/json/JsonWriteContext.java:166: error: ';' expected\n    [javac] Certainly! The issue with the `return STATUS_OK_AFTER_COLON;` line is that it does not account for the `_gotName` flag being set to `false`. When `_gotName` is `false`, it indicates that the name has not yet been written, and thus we should return `STATUS_OK_AS_IS` instead of `STATUS_OK_AFTER_COLON`.\n    [javac]                                                                           ^\n    [javac] /data/cmd/Ming/llm-fl-apr/tmp/JacksonCore_7-prompt_apr_2-qwen-turbo/src/main/java/com/fasterxml/jackson/core/json/JsonWriteContext.java:166: error: ';' expected\n    [javac] Certainly! The issue with the `return STATUS_OK_AFTER_COLON;` line is that it does not account for the `_gotName` flag being set to `false`. When `_gotName` is `false`, it indicates that the name has not yet been written, and thus we should return `STATUS_OK_AS_IS` instead of `STATUS_OK_AFTER_COLON`.\n    [javac]                                                                                   ^\n    [javac] /data/cmd/Ming/llm-fl-apr/tmp/JacksonCore_7-prompt_apr_2-qwen-turbo/src/main/java/com/fasterxml/jackson/core/json/JsonWriteContext.java:166: error: ';' expected\n    [javac] Certainly! The issue with the `return STATUS_OK_AFTER_COLON;` line is that it does not account for the `_gotName` flag being set to `false`. When `_gotName` is `false`, it indicates that the name has not yet been written, and thus we should return `STATUS_OK_AS_IS` instead of `STATUS_OK_AFTER_COLON`.\n    [javac]                                                                                               ^\n    [javac] /data/cmd/Ming/llm-fl-apr/tmp/JacksonCore_7-prompt_apr_2-qwen-turbo/src/main/java/com/fasterxml/jackson/core/json/JsonWriteContext.java:166: error: illegal character: \\96\n    [javac] Certainly! The issue with the `return STATUS_OK_AFTER_COLON;` line is that it does not account for the `_gotName` flag being set to `false`. When `_gotName` is `false`, it indicates that the name has not yet been written, and thus we should return `STATUS_OK_AS_IS` instead of `STATUS_OK_AFTER_COLON`.\n    [javac]                                                                                                        ^\n    [javac] /data/cmd/Ming/llm-fl-apr/tmp/JacksonCore_7-prompt_apr_2-qwen-turbo/src/main/java/com/fasterxml/jackson/core/json/JsonWriteContext.java:166: error: illegal character: \\96\n    [javac] Certainly! The issue with the `return STATUS_OK_AFTER_COLON;` line is that it does not account for the `_gotName` flag being set to `false`. When `_gotName` is `false`, it indicates that the name has not yet been written, and thus we should return `STATUS_OK_AS_IS` instead of `STATUS_OK_AFTER_COLON`.\n    [javac]                                                                                                                 ^\n    [javac] /data/cmd/Ming/llm-fl-apr/tmp/JacksonCore_7-prompt_apr_2-qwen-turbo/src/main/java/com/fasterxml/jackson/core/json/JsonWriteContext.java:166: error: ';' expected\n    [javac] Certainly! The issue with the `return STATUS_OK_AFTER_COLON;` line is that it does not account for the `_gotName` flag being set to `false`. When `_gotName` is `false`, it indicates that the name has not yet been written, and thus we should return `STATUS_OK_AS_IS` instead of `STATUS_OK_AFTER_COLON`.\n    [javac]                                                                                                                             ^\n    [javac] /data/cmd/Ming/llm-fl-apr/tmp/JacksonCore_7-prompt_apr_2-qwen-turbo/src/main/java/com/fasterxml/jackson/core/json/JsonWriteContext.java:166: error: illegal character: \\96\n    [javac] Certainly! The issue with the `return STATUS_OK_AFTER_COLON;` line is that it does not account for the `_gotName` flag being set to `false`. When `_gotName` is `false`, it indicates that the name has not yet been written, and thus we should return `STATUS_OK_AS_IS` instead of `STATUS_OK_AFTER_COLON`.\n    [javac]                                                                                                                                     ^\n    [javac] /data/cmd/Ming/llm-fl-apr/tmp/JacksonCore_7-prompt_apr_2-qwen-turbo/src/main/java/com/fasterxml/jackson/core/json/JsonWriteContext.java:166: error: illegal character: \\96\n    [javac] Certainly! The issue with the `return STATUS_OK_AFTER_COLON;` line is that it does not account for the `_gotName` flag being set to `false`. When `_gotName` is `false`, it indicates that the name has not yet been written, and thus we should return `STATUS_OK_AS_IS` instead of `STATUS_OK_AFTER_COLON`.\n    [javac]                                                                                                                                           ^\n    [javac] /data/cmd/Ming/llm-fl-apr/tmp/JacksonCore_7-prompt_apr_2-qwen-turbo/src/main/java/com/fasterxml/jackson/core/json/JsonWriteContext.java:166: error: illegal character: \\96\n    [javac] Certainly! The issue with the `return STATUS_OK_AFTER_COLON;` line is that it does not account for the `_gotName` flag being set to `false`. When `_gotName` is `false`, it indicates that the name has not yet been written, and thus we should return `STATUS_OK_AS_IS` instead of `STATUS_OK_AFTER_COLON`.\n    [javac]                                                                                                                                                   ^\n    [javac] /data/cmd/Ming/llm-fl-apr/tmp/JacksonCore_7-prompt_apr_2-qwen-turbo/src/main/java/com/fasterxml/jackson/core/json/JsonWriteContext.java:166: error: illegal character: \\96\n    [javac] Certainly! The issue with the `return STATUS_OK_AFTER_COLON;` line is that it does not account for the `_gotName` flag being set to `false`. When `_gotName` is `false`, it indicates that the name has not yet been written, and thus we should return `STATUS_OK_AS_IS` instead of `STATUS_OK_AFTER_COLON`.\n    [javac]                                                                                                                                                            ^\n    [javac] /data/cmd/Ming/llm-fl-apr/tmp/JacksonCore_7-prompt_apr_2-qwen-turbo/src/main/java/com/fasterxml/jackson/core/json/JsonWriteContext.java:166: error: illegal character: \\96\n    [javac] Certainly! The issue with the `return STATUS_OK_AFTER_COLON;` line is that it does not account for the `_gotName` flag being set to `false`. When `_gotName` is `false`, it indicates that the name has not yet been written, and thus we should return `STATUS_OK_AS_IS` instead of `STATUS_OK_AFTER_COLON`.\n    [javac]                                                                                                                                                                 ^\n    [javac] /data/cmd/Ming/llm-fl-apr/tmp/JacksonCore_7-prompt_apr_2-qwen-turbo/src/main/java/com/fasterxml/jackson/core/json/JsonWriteContext.java:166: error: illegal start of type\n    [javac] Certainly! The issue with the `return STATUS_OK_AFTER_COLON;` line is that it does not account for the `_gotName` flag being set to `false`. When `_gotName` is `false`, it indicates that the name has not yet been written, and thus we should return `STATUS_OK_AS_IS` instead of `STATUS_OK_AFTER_COLON`.\n    [javac]                                                                                                                                                                  ^\n    [javac] /data/cmd/Ming/llm-fl-apr/tmp/JacksonCore_7-prompt_apr_2-qwen-turbo/src/main/java/com/fasterxml/jackson/core/json/JsonWriteContext.java:166: error: illegal character: \\96\n    [javac] Certainly! The issue with the `return STATUS_OK_AFTER_COLON;` line is that it does not account for the `_gotName` flag being set to `false`. When `_gotName` is `false`, it indicates that the name has not yet been written, and thus we should return `STATUS_OK_AS_IS` instead of `STATUS_OK_AFTER_COLON`.\n    [javac]                                                                                                                                                                       ^\n    [javac] /data/cmd/Ming/llm-fl-apr/tmp/JacksonCore_7-prompt_apr_2-qwen-turbo/src/main/java/com/fasterxml/jackson/core/json/JsonWriteContext.java:166: error: ';' expected\n    [javac] Certainly! The issue with the `return STATUS_OK_AFTER_COLON;` line is that it does not account for the `_gotName` flag being set to `false`. When `_gotName` is `false`, it indicates that the name has not yet been written, and thus we should return `STATUS_OK_AS_IS` instead of `STATUS_OK_AFTER_COLON`.\n    [javac]                                                                                                                                                                            ^\n    [javac] /data/cmd/Ming/llm-fl-apr/tmp/JacksonCore_7-prompt_apr_2-qwen-turbo/src/main/java/com/fasterxml/jackson/core/json/JsonWriteContext.java:166: error: ';' expected\n    [javac] Certainly! The issue with the `return STATUS_OK_AFTER_COLON;` line is that it does not account for the `_gotName` flag being set to `false`. When `_gotName` is `false`, it indicates that the name has not yet been written, and thus we should return `STATUS_OK_AS_IS` instead of `STATUS_OK_AFTER_COLON`.\n    [javac]                                                                                                                                                                                           ^\n    [javac] /data/cmd/Ming/llm-fl-apr/tmp/JacksonCore_7-prompt_apr_2-qwen-turbo/src/main/java/com/fasterxml/jackson/core/json/JsonWriteContext.java:166: error: ';' expected\n    [javac] Certainly! The issue with the `return STATUS_OK_AFTER_COLON;` line is that it does not account for the `_gotName` flag being set to `false`. When `_gotName` is `false`, it indicates that the name has not yet been written, and thus we should return `STATUS_OK_AS_IS` instead of `STATUS_OK_AFTER_COLON`.\n    [javac]                                                                                                                                                                                                    ^\n    [javac] /data/cmd/Ming/llm-fl-apr/tmp/JacksonCore_7-prompt_apr_2-qwen-turbo/src/main/java/com/fasterxml/jackson/core/json/JsonWriteContext.java:166: error: ';' expected\n    [javac] Certainly! The issue with the `return STATUS_OK_AFTER_COLON;` line is that it does not account for the `_gotName` flag being set to `false`. When `_gotName` is `false`, it indicates that the name has not yet been written, and thus we should return `STATUS_OK_AS_IS` instead of `STATUS_OK_AFTER_COLON`.\n    [javac]                                                                                                                                                                                                            ^\n    [javac] /data/cmd/Ming/llm-fl-apr/tmp/JacksonCore_7-prompt_apr_2-qwen-turbo/src/main/java/com/fasterxml/jackson/core/json/JsonWriteContext.java:166: error: ';' expected\n    [javac] Certainly! The issue with the `return STATUS_OK_AFTER_COLON;` line is that it does not account for the `_gotName` flag being set to `false`. When `_gotName` is `false`, it indicates that the name has not yet been written, and thus we should return `STATUS_OK_AS_IS` instead of `STATUS_OK_AFTER_COLON`.\n    [javac]                                                                                                                                                                                                                     ^\n    [javac] /data/cmd/Ming/llm-fl-apr/tmp/JacksonCore_7-prompt_apr_2-qwen-turbo/src/main/java/com/fasterxml/jackson/core/json/JsonWriteContext.java:166: error: <identifier> expected\n    [javac] Certainly! The issue with the `return STATUS_OK_AFTER_COLON;` line is that it does not account for the `_gotName` flag being set to `false`. When `_gotName` is `false`, it indicates that the name has not yet been written, and thus we should return `STATUS_OK_AS_IS` instead of `STATUS_OK_AFTER_COLON`.\n    [javac]                                                                                                                                                                                                                             ^\n    [javac] /data/cmd/Ming/llm-fl-apr/tmp/JacksonCore_7-prompt_apr_2-qwen-turbo/src/main/java/com/fasterxml/jackson/core/json/JsonWriteContext.java:166: error: ';' expected\n    [javac] Certainly! The issue with the `return STATUS_OK_AFTER_COLON;` line is that it does not account for the `_gotName` flag being set to `false`. When `_gotName` is `false`, it indicates that the name has not yet been written, and thus we should return `STATUS_OK_AS_IS` instead of `STATUS_OK_AFTER_COLON`.\n    [javac]                                                                                                                                                                                                                                  ^\n    [javac] /data/cmd/Ming/llm-fl-apr/tmp/JacksonCore_7-prompt_apr_2-qwen-turbo/src/main/java/com/fasterxml/jackson/core/json/JsonWriteContext.java:166: error: ';' expected\n    [javac] Certainly! The issue with the `return STATUS_OK_AFTER_COLON;` line is that it does not account for the `_gotName` flag being set to `false`. When `_gotName` is `false`, it indicates that the name has not yet been written, and thus we should return `STATUS_OK_AS_IS` instead of `STATUS_OK_AFTER_COLON`.\n    [javac]                                                                                                                                                                                                                                          ^\n    [javac] /data/cmd/Ming/llm-fl-apr/tmp/JacksonCore_7-prompt_apr_2-qwen-turbo/src/main/java/com/fasterxml/jackson/core/json/JsonWriteContext.java:166: error: <identifier> expected\n    [javac] Certainly! The issue with the `return STATUS_OK_AFTER_COLON;` line is that it does not account for the `_gotName` flag being set to `false`. When `_gotName` is `false`, it indicates that the name has not yet been written, and thus we should return `STATUS_OK_AS_IS` instead of `STATUS_OK_AFTER_COLON`.\n    [javac]                                                                                                                                                                                                                                                 ^\n    [javac] /data/cmd/Ming/llm-fl-apr/tmp/JacksonCore_7-prompt_apr_2-qwen-turbo/src/main/java/com/fasterxml/jackson/core/json/JsonWriteContext.java:166: error: illegal character: \\96\n    [javac] Certainly! The issue with the `return STATUS_OK_AFTER_COLON;` line is that it does not account for the `_gotName` flag being set to `false`. When `_gotName` is `false`, it indicates that the name has not yet been written, and thus we should return `STATUS_OK_AS_IS` instead of `STATUS_OK_AFTER_COLON`.\n    [javac]                                                                                                                                                                                                                                                         ^\n    [javac] /data/cmd/Ming/llm-fl-apr/tmp/JacksonCore_7-prompt_apr_2-qwen-turbo/src/main/java/com/fasterxml/jackson/core/json/JsonWriteContext.java:166: error: illegal character: \\96\n    [javac] Certainly! The issue with the `return STATUS_OK_AFTER_COLON;` line is that it does not account for the `_gotName` flag being set to `false`. When `_gotName` is `false`, it indicates that the name has not yet been written, and thus we should return `STATUS_OK_AS_IS` instead of `STATUS_OK_AFTER_COLON`.\n    [javac]                                                                                                                                                                                                                                                                         ^\n    [javac] /data/cmd/Ming/llm-fl-apr/tmp/JacksonCore_7-prompt_apr_2-qwen-turbo/src/main/java/com/fasterxml/jackson/core/json/JsonWriteContext.java:166: error: illegal character: \\96\n    [javac] Certainly! The issue with the `return STATUS_OK_AFTER_COLON;` line is that it does not account for the `_gotName` flag being set to `false`. When `_gotName` is `false`, it indicates that the name has not yet been written, and thus we should return `STATUS_OK_AS_IS` instead of `STATUS_OK_AFTER_COLON`.\n    [javac]                                                                                                                                                                                                                                                                                      ^\n    [javac] /data/cmd/Ming/llm-fl-apr/tmp/JacksonCore_7-prompt_apr_2-qwen-turbo/src/main/java/com/fasterxml/jackson/core/json/JsonWriteContext.java:166: error: illegal character: \\96\n    [javac] Certainly! The issue with the `return STATUS_OK_AFTER_COLON;` line is that it does not account for the `_gotName` flag being set to `false`. When `_gotName` is `false`, it indicates that the name has not yet been written, and thus we should return `STATUS_OK_AS_IS` instead of `STATUS_OK_AFTER_COLON`.\n    [javac]                                                                                                                                                                                                                                                                                                            ^\n    [javac] /data/cmd/Ming/llm-fl-apr/tmp/JacksonCore_7-prompt_apr_2-qwen-turbo/src/main/java/com/fasterxml/jackson/core/json/JsonWriteContext.java:166: error: illegal start of type\n    [javac] Certainly! The issue with the `return STATUS_OK_AFTER_COLON;` line is that it does not account for the `_gotName` flag being set to `false`. When `_gotName` is `false`, it indicates that the name has not yet been written, and thus we should return `STATUS_OK_AS_IS` instead of `STATUS_OK_AFTER_COLON`.\n    [javac]                                                                                                                                                                                                                                                                                                             ^\n    [javac] /data/cmd/Ming/llm-fl-apr/tmp/JacksonCore_7-prompt_apr_2-qwen-turbo/src/main/java/com/fasterxml/jackson/core/json/JsonWriteContext.java:168: error: ';' expected\n    [javac] Here is the complete corrected method:\n    [javac]     ^\n    [javac] /data/cmd/Ming/llm-fl-apr/tmp/JacksonCore_7-prompt_apr_2-qwen-turbo/src/main/java/com/fasterxml/jackson/core/json/JsonWriteContext.java:168: error: ';' expected\n    [javac] Here is the complete corrected method:\n    [javac]            ^\n    [javac] /data/cmd/Ming/llm-fl-apr/tmp/JacksonCore_7-prompt_apr_2-qwen-turbo/src/main/java/com/fasterxml/jackson/core/json/JsonWriteContext.java:168: error: ';' expected\n    [javac] Here is the complete corrected method:\n    [javac]                               ^\n    [javac] /data/cmd/Ming/llm-fl-apr/tmp/JacksonCore_7-prompt_apr_2-qwen-turbo/src/main/java/com/fasterxml/jackson/core/json/JsonWriteContext.java:168: error: <identifier> expected\n    [javac] Here is the complete corrected method:\n    [javac]                                      ^\n    [javac] /data/cmd/Ming/llm-fl-apr/tmp/JacksonCore_7-prompt_apr_2-qwen-turbo/src/main/java/com/fasterxml/jackson/core/json/JsonWriteContext.java:170: error: illegal character: \\96\n    [javac] ```java\n    [javac] ^\n    [javac] /data/cmd/Ming/llm-fl-apr/tmp/JacksonCore_7-prompt_apr_2-qwen-turbo/src/main/java/com/fasterxml/jackson/core/json/JsonWriteContext.java:170: error: illegal character: \\96\n    [javac] ```java\n    [javac]  ^\n    [javac] /data/cmd/Ming/llm-fl-apr/tmp/JacksonCore_7-prompt_apr_2-qwen-turbo/src/main/java/com/fasterxml/jackson/core/json/JsonWriteContext.java:170: error: illegal character: \\96\n    [javac] ```java\n    [javac]   ^\n    [javac] /data/cmd/Ming/llm-fl-apr/tmp/JacksonCore_7-prompt_apr_2-qwen-turbo/src/main/java/com/fasterxml/jackson/core/json/JsonWriteContext.java:191: error: illegal character: \\96\n    [javac] ```\n    [javac] ^\n    [javac] /data/cmd/Ming/llm-fl-apr/tmp/JacksonCore_7-prompt_apr_2-qwen-turbo/src/main/java/com/fasterxml/jackson/core/json/JsonWriteContext.java:191: error: illegal character: \\96\n    [javac] ```\n    [javac]  ^\n    [javac] /data/cmd/Ming/llm-fl-apr/tmp/JacksonCore_7-prompt_apr_2-qwen-turbo/src/main/java/com/fasterxml/jackson/core/json/JsonWriteContext.java:191: error: illegal character: \\96\n    [javac] ```\n    [javac]   ^\n    [javac] /data/cmd/Ming/llm-fl-apr/tmp/JacksonCore_7-prompt_apr_2-qwen-turbo/src/main/java/com/fasterxml/jackson/core/json/JsonWriteContext.java:193: error: illegal start of type\n    [javac] In this corrected version, the logic checks whether `_gotName` is `false` and returns `STATUS_OK_AS_IS` accordingly.\n    [javac]    ^\n    [javac] /data/cmd/Ming/llm-fl-apr/tmp/JacksonCore_7-prompt_apr_2-qwen-turbo/src/main/java/com/fasterxml/jackson/core/json/JsonWriteContext.java:193: error: ';' expected\n    [javac] In this corrected version, the logic checks whether `_gotName` is `false` and returns `STATUS_OK_AS_IS` accordingly.\n    [javac]        ^\n    [javac] /data/cmd/Ming/llm-fl-apr/tmp/JacksonCore_7-prompt_apr_2-qwen-turbo/src/main/java/com/fasterxml/jackson/core/json/JsonWriteContext.java:193: error: <identifier> expected\n    [javac] In this corrected version, the logic checks whether `_gotName` is `false` and returns `STATUS_OK_AS_IS` accordingly.\n    [javac]                          ^\n    [javac] /data/cmd/Ming/llm-fl-apr/tmp/JacksonCore_7-prompt_apr_2-qwen-turbo/src/main/java/com/fasterxml/jackson/core/json/JsonWriteContext.java:193: error: ';' expected\n    [javac] In this corrected version, the logic checks whether `_gotName` is `false` and returns `STATUS_OK_AS_IS` accordingly.\n    [javac]                               ^\n    [javac] /data/cmd/Ming/llm-fl-apr/tmp/JacksonCore_7-prompt_apr_2-qwen-turbo/src/main/java/com/fasterxml/jackson/core/json/JsonWriteContext.java:193: error: ';' expected\n    [javac] In this corrected version, the logic checks whether `_gotName` is `false` and returns `STATUS_OK_AS_IS` accordingly.\n    [javac]                                            ^\n    [javac] /data/cmd/Ming/llm-fl-apr/tmp/JacksonCore_7-prompt_apr_2-qwen-turbo/src/main/java/com/fasterxml/jackson/core/json/JsonWriteContext.java:193: error: illegal character: \\96\n    [javac] In this corrected version, the logic checks whether `_gotName` is `false` and returns `STATUS_OK_AS_IS` accordingly.\n    [javac]                                                     ^\n    [javac] /data/cmd/Ming/llm-fl-apr/tmp/JacksonCore_7-prompt_apr_2-qwen-turbo/src/main/java/com/fasterxml/jackson/core/json/JsonWriteContext.java:193: error: illegal character: \\96\n    [javac] In this corrected version, the logic checks whether `_gotName` is `false` and returns `STATUS_OK_AS_IS` accordingly.\n    [javac]                                                              ^\n    [javac] /data/cmd/Ming/llm-fl-apr/tmp/JacksonCore_7-prompt_apr_2-qwen-turbo/src/main/java/com/fasterxml/jackson/core/json/JsonWriteContext.java:193: error: illegal character: \\96\n    [javac] In this corrected version, the logic checks whether `_gotName` is `false` and returns `STATUS_OK_AS_IS` accordingly.\n    [javac]                                                                   ^\n    [javac] /data/cmd/Ming/llm-fl-apr/tmp/JacksonCore_7-prompt_apr_2-qwen-turbo/src/main/java/com/fasterxml/jackson/core/json/JsonWriteContext.java:193: error: illegal start of type\n    [javac] In this corrected version, the logic checks whether `_gotName` is `false` and returns `STATUS_OK_AS_IS` accordingly.\n    [javac]                                                                    ^\n    [javac] /data/cmd/Ming/llm-fl-apr/tmp/JacksonCore_7-prompt_apr_2-qwen-turbo/src/main/java/com/fasterxml/jackson/core/json/JsonWriteContext.java:193: error: illegal character: \\96\n    [javac] In this corrected version, the logic checks whether `_gotName` is `false` and returns `STATUS_OK_AS_IS` accordingly.\n    [javac]                                                                         ^\n    [javac] /data/cmd/Ming/llm-fl-apr/tmp/JacksonCore_7-prompt_apr_2-qwen-turbo/src/main/java/com/fasterxml/jackson/core/json/JsonWriteContext.java:193: error: ';' expected\n    [javac] In this corrected version, the logic checks whether `_gotName` is `false` and returns `STATUS_OK_AS_IS` accordingly.\n    [javac]                                                                          ^\n    [javac] /data/cmd/Ming/llm-fl-apr/tmp/JacksonCore_7-prompt_apr_2-qwen-turbo/src/main/java/com/fasterxml/jackson/core/json/JsonWriteContext.java:193: error: illegal character: \\96\n    [javac] In this corrected version, the logic checks whether `_gotName` is `false` and returns `STATUS_OK_AS_IS` accordingly.\n    [javac]                                                                                       ^\n    [javac] /data/cmd/Ming/llm-fl-apr/tmp/JacksonCore_7-prompt_apr_2-qwen-turbo/src/main/java/com/fasterxml/jackson/core/json/JsonWriteContext.java:193: error: illegal character: \\96\n    [javac] In this corrected version, the logic checks whether `_gotName` is `false` and returns `STATUS_OK_AS_IS` accordingly.\n    [javac]                                                                                                       ^\n    [javac] /data/cmd/Ming/llm-fl-apr/tmp/JacksonCore_7-prompt_apr_2-qwen-turbo/src/main/java/com/fasterxml/jackson/core/json/JsonWriteContext.java:193: error: <identifier> expected\n    [javac] In this corrected version, the logic checks whether `_gotName` is `false` and returns `STATUS_OK_AS_IS` accordingly.\n    [javac]                                                                                                                     ^\n    [javac] /data/cmd/Ming/llm-fl-apr/tmp/JacksonCore_7-prompt_apr_2-qwen-turbo/src/main/java/com/fasterxml/jackson/core/json/JsonWriteContext.java:196: error: ';' expected\n    [javac]     protected void appendDesc(StringBuilder sb) {\n    [javac]              ^\n    [javac] /data/cmd/Ming/llm-fl-apr/tmp/JacksonCore_7-prompt_apr_2-qwen-turbo/src/main/java/com/fasterxml/jackson/core/json/JsonWriteContext.java:196: error: invalid method declaration; return type required\n    [javac]     protected void appendDesc(StringBuilder sb) {\n    [javac]                    ^\n    [javac] 58 errors\n\nBUILD FAILED\n/data/cmd/Ming/llm-fl-apr/tmp/JacksonCore_7-prompt_apr_2-qwen-turbo/maven-build.xml:74: Compile failed; see the compiler error output for details.\n\nTotal time: 2 seconds\nCannot compile sources! at /data/cmd/Ming/LLM_Based-Mutation/tools/mutant/defects4j-2.1.0/framework/bin/d4j/d4j-compile line 82.\nCompilation failed in require at /data/cmd/Ming/LLM_Based-Mutation/tools/mutant/defects4j-2.1.0/framework/bin/defects4j line 195.\n"
                }
            },
            "doubao-pro-4k": {
                "compile": {
                    "rc": 0,
                    "so": "",
                    "se": "Running ant (compile)...................................................... OK\nRunning ant (compile.tests)................................................ OK\n"
                },
                "test": {
                    "rc": 0,
                    "so": "Failing tests: 2\n  - com.fasterxml.jackson.core.json.GeneratorFailTest::testFailOnWritingStringNotFieldNameBytes\n  - com.fasterxml.jackson.core.json.GeneratorFailTest::testFailOnWritingStringNotFieldNameChars\n",
                    "se": "Running ant (compile.tests)................................................ OK\nRunning ant (run.dev.tests)................................................ OK\n"
                }
            },
            "gpt-4o-mini": {
                "compile": {
                    "rc": 0,
                    "so": "",
                    "se": "Running ant (compile)...................................................... OK\nRunning ant (compile.tests)................................................ OK\n"
                },
                "test": {
                    "rc": 0,
                    "so": "Failing tests: 29\n  - com.fasterxml.jackson.core.TestJDKSerializability::testJsonFactorySerializable\n  - com.fasterxml.jackson.core.base64.TestBase64Parsing::testStreaming\n  - com.fasterxml.jackson.core.json.GeneratorFailTest::testFailOnWritingStringNotFieldNameBytes\n  - com.fasterxml.jackson.core.json.GeneratorFailTest::testFailOnWritingStringNotFieldNameChars\n  - com.fasterxml.jackson.core.json.TestCustomEscaping::testAboveAsciiEscapeWithUTF8Stream\n  - com.fasterxml.jackson.core.json.TestCustomEscaping::testAboveAsciiEscapeWithReader\n  - com.fasterxml.jackson.core.json.TestCustomEscaping::testEscapeCustomWithReader\n  - com.fasterxml.jackson.core.json.TestCustomEscaping::testEscapeCustomWithUTF8Stream\n  - com.fasterxml.jackson.core.json.TestGeneratorWithSerializedString::testSimple\n  - com.fasterxml.jackson.core.json.TestJsonGenerator::testFieldValueWrites\n  - com.fasterxml.jackson.core.json.TestJsonGeneratorFeatures::testNonNumericQuoting\n  - com.fasterxml.jackson.core.json.TestJsonGeneratorFeatures::testFieldNameQuoting\n  - com.fasterxml.jackson.core.json.TestJsonParser::testLongText\n  - com.fasterxml.jackson.core.main.TestGeneratorCopy::testCopyObjectTokens\n  - com.fasterxml.jackson.core.main.TestGeneratorMisc::testLongerObjects\n  - com.fasterxml.jackson.core.main.TestGeneratorMisc::testBinaryWrite\n  - com.fasterxml.jackson.core.main.TestGeneratorObject::testSimpleObjectWrite\n  - com.fasterxml.jackson.core.main.TestGeneratorObject::testConvenienceMethods\n  - com.fasterxml.jackson.core.main.TestGeneratorObject::testConvenienceMethodsWithNulls\n  - com.fasterxml.jackson.core.main.TestPrettyPrinter::testObjectCount\n  - com.fasterxml.jackson.core.main.TestPrettyPrinter::testSimpleDocWithMinimal\n  - com.fasterxml.jackson.core.main.TestPrettyPrinter::testSimpleDocWithDefault\n  - com.fasterxml.jackson.core.util.TestDefaultPrettyPrinter::testSystemLinefeed\n  - com.fasterxml.jackson.core.util.TestDefaultPrettyPrinter::testUnixLinefeed\n  - com.fasterxml.jackson.core.util.TestDefaultPrettyPrinter::testWindowsLinefeed\n  - com.fasterxml.jackson.core.util.TestDefaultPrettyPrinter::testWithLineFeed\n  - com.fasterxml.jackson.core.util.TestDefaultPrettyPrinter::testWithIndent\n  - com.fasterxml.jackson.core.util.TestDefaultPrettyPrinter::testTabIndent\n  - com.fasterxml.jackson.core.util.TestDelegates::testNotDelegateCopyMethods\n",
                    "se": "Running ant (compile.tests)................................................ OK\nRunning ant (run.dev.tests)................................................ OK\n"
                }
            },
            "deepseek-chat": {
                "compile": {
                    "rc": 0,
                    "so": "",
                    "se": "Running ant (compile)...................................................... OK\nRunning ant (compile.tests)................................................ OK\n"
                },
                "test": {
                    "rc": 0,
                    "so": "Failing tests: 29\n  - com.fasterxml.jackson.core.TestJDKSerializability::testJsonFactorySerializable\n  - com.fasterxml.jackson.core.base64.TestBase64Parsing::testStreaming\n  - com.fasterxml.jackson.core.json.GeneratorFailTest::testFailOnWritingStringNotFieldNameBytes\n  - com.fasterxml.jackson.core.json.GeneratorFailTest::testFailOnWritingStringNotFieldNameChars\n  - com.fasterxml.jackson.core.json.TestCustomEscaping::testAboveAsciiEscapeWithUTF8Stream\n  - com.fasterxml.jackson.core.json.TestCustomEscaping::testAboveAsciiEscapeWithReader\n  - com.fasterxml.jackson.core.json.TestCustomEscaping::testEscapeCustomWithReader\n  - com.fasterxml.jackson.core.json.TestCustomEscaping::testEscapeCustomWithUTF8Stream\n  - com.fasterxml.jackson.core.json.TestGeneratorWithSerializedString::testSimple\n  - com.fasterxml.jackson.core.json.TestJsonGenerator::testFieldValueWrites\n  - com.fasterxml.jackson.core.json.TestJsonGeneratorFeatures::testNonNumericQuoting\n  - com.fasterxml.jackson.core.json.TestJsonGeneratorFeatures::testFieldNameQuoting\n  - com.fasterxml.jackson.core.json.TestJsonParser::testLongText\n  - com.fasterxml.jackson.core.main.TestGeneratorCopy::testCopyObjectTokens\n  - com.fasterxml.jackson.core.main.TestGeneratorMisc::testLongerObjects\n  - com.fasterxml.jackson.core.main.TestGeneratorMisc::testBinaryWrite\n  - com.fasterxml.jackson.core.main.TestGeneratorObject::testSimpleObjectWrite\n  - com.fasterxml.jackson.core.main.TestGeneratorObject::testConvenienceMethods\n  - com.fasterxml.jackson.core.main.TestGeneratorObject::testConvenienceMethodsWithNulls\n  - com.fasterxml.jackson.core.main.TestPrettyPrinter::testObjectCount\n  - com.fasterxml.jackson.core.main.TestPrettyPrinter::testSimpleDocWithMinimal\n  - com.fasterxml.jackson.core.main.TestPrettyPrinter::testSimpleDocWithDefault\n  - com.fasterxml.jackson.core.util.TestDefaultPrettyPrinter::testSystemLinefeed\n  - com.fasterxml.jackson.core.util.TestDefaultPrettyPrinter::testUnixLinefeed\n  - com.fasterxml.jackson.core.util.TestDefaultPrettyPrinter::testWindowsLinefeed\n  - com.fasterxml.jackson.core.util.TestDefaultPrettyPrinter::testWithLineFeed\n  - com.fasterxml.jackson.core.util.TestDefaultPrettyPrinter::testWithIndent\n  - com.fasterxml.jackson.core.util.TestDefaultPrettyPrinter::testTabIndent\n  - com.fasterxml.jackson.core.util.TestDelegates::testNotDelegateCopyMethods\n",
                    "se": "Running ant (compile.tests)................................................ OK\nRunning ant (run.dev.tests)................................................ OK\n"
                }
            }
        },
        "prompt_apr_3": {
            "ernie-3.5-128k": {
                "compile": {
                    "rc": 1,
                    "so": "",
                    "se": "Running ant (compile)...................................................... FAIL\nExecuted command:  cd /data/cmd/Ming/llm-fl-apr/tmp/JacksonCore_7-prompt_apr_3-ernie-3.5-128k && /data/cmd/Ming/LLM_Based-Mutation/tools/mutant/defects4j-2.1.0/major/bin/ant -f /data/cmd/Ming/LLM_Based-Mutation/tools/mutant/defects4j-2.1.0/framework/projects/defects4j.build.xml -Dd4j.home=/data/cmd/Ming/LLM_Based-Mutation/tools/mutant/defects4j-2.1.0 -Dd4j.dir.projects=/data/cmd/Ming/LLM_Based-Mutation/tools/mutant/defects4j-2.1.0/framework/projects -Dbasedir=/data/cmd/Ming/llm-fl-apr/tmp/JacksonCore_7-prompt_apr_3-ernie-3.5-128k -Dbuild.compiler=javac1.7  compile 2>&1\nJava HotSpot(TM) 64-Bit Server VM warning: ignoring option MaxPermSize=1G; support was removed in 8.0\nBuildfile: /data/cmd/Ming/LLM_Based-Mutation/tools/mutant/defects4j-2.1.0/framework/projects/defects4j.build.xml\n\ntest-offline:\n\nget-deps:\n\njackson-core-from-maven.compile:\n    [mkdir] Created dir: /data/cmd/Ming/llm-fl-apr/tmp/JacksonCore_7-prompt_apr_3-ernie-3.5-128k/target/classes\n    [javac] /data/cmd/Ming/llm-fl-apr/tmp/JacksonCore_7-prompt_apr_3-ernie-3.5-128k/maven-build.xml:74: warning: 'includeantruntime' was not set, defaulting to build.sysclasspath=last; set to false for repeatable builds\n    [javac] Compiling 80 source files to /data/cmd/Ming/llm-fl-apr/tmp/JacksonCore_7-prompt_apr_3-ernie-3.5-128k/target/classes\n    [javac] /data/cmd/Ming/llm-fl-apr/tmp/JacksonCore_7-prompt_apr_3-ernie-3.5-128k/src/main/java/com/fasterxml/jackson/core/json/JsonWriteContext.java:175: error: illegal start of expression\n    [javac]     protected void appendDesc(StringBuilder sb) {\n    [javac]     ^\n    [javac] /data/cmd/Ming/llm-fl-apr/tmp/JacksonCore_7-prompt_apr_3-ernie-3.5-128k/src/main/java/com/fasterxml/jackson/core/json/JsonWriteContext.java:175: error: illegal start of expression\n    [javac]     protected void appendDesc(StringBuilder sb) {\n    [javac]               ^\n    [javac] /data/cmd/Ming/llm-fl-apr/tmp/JacksonCore_7-prompt_apr_3-ernie-3.5-128k/src/main/java/com/fasterxml/jackson/core/json/JsonWriteContext.java:175: error: ';' expected\n    [javac]     protected void appendDesc(StringBuilder sb) {\n    [javac]                              ^\n    [javac] /data/cmd/Ming/llm-fl-apr/tmp/JacksonCore_7-prompt_apr_3-ernie-3.5-128k/src/main/java/com/fasterxml/jackson/core/json/JsonWriteContext.java:175: error: ';' expected\n    [javac]     protected void appendDesc(StringBuilder sb) {\n    [javac]                                               ^\n    [javac] /data/cmd/Ming/llm-fl-apr/tmp/JacksonCore_7-prompt_apr_3-ernie-3.5-128k/src/main/java/com/fasterxml/jackson/core/json/JsonWriteContext.java:203: error: ';' expected\n    [javac]     @Override public String toString() {\n    [javac]                                     ^\n    [javac] /data/cmd/Ming/llm-fl-apr/tmp/JacksonCore_7-prompt_apr_3-ernie-3.5-128k/src/main/java/com/fasterxml/jackson/core/json/JsonWriteContext.java:208: error: reached end of file while parsing\n    [javac] }\n    [javac]  ^\n    [javac] 6 errors\n\nBUILD FAILED\n/data/cmd/Ming/llm-fl-apr/tmp/JacksonCore_7-prompt_apr_3-ernie-3.5-128k/maven-build.xml:74: Compile failed; see the compiler error output for details.\n\nTotal time: 2 seconds\nCannot compile sources! at /data/cmd/Ming/LLM_Based-Mutation/tools/mutant/defects4j-2.1.0/framework/bin/d4j/d4j-compile line 82.\nCompilation failed in require at /data/cmd/Ming/LLM_Based-Mutation/tools/mutant/defects4j-2.1.0/framework/bin/defects4j line 195.\n"
                }
            },
            "qwen-turbo": {
                "compile": {
                    "rc": 1,
                    "so": "",
                    "se": "Running ant (compile)...................................................... FAIL\nExecuted command:  cd /data/cmd/Ming/llm-fl-apr/tmp/JacksonCore_7-prompt_apr_3-qwen-turbo && /data/cmd/Ming/LLM_Based-Mutation/tools/mutant/defects4j-2.1.0/major/bin/ant -f /data/cmd/Ming/LLM_Based-Mutation/tools/mutant/defects4j-2.1.0/framework/projects/defects4j.build.xml -Dd4j.home=/data/cmd/Ming/LLM_Based-Mutation/tools/mutant/defects4j-2.1.0 -Dd4j.dir.projects=/data/cmd/Ming/LLM_Based-Mutation/tools/mutant/defects4j-2.1.0/framework/projects -Dbasedir=/data/cmd/Ming/llm-fl-apr/tmp/JacksonCore_7-prompt_apr_3-qwen-turbo -Dbuild.compiler=javac1.7  compile 2>&1\nJava HotSpot(TM) 64-Bit Server VM warning: ignoring option MaxPermSize=1G; support was removed in 8.0\nBuildfile: /data/cmd/Ming/LLM_Based-Mutation/tools/mutant/defects4j-2.1.0/framework/projects/defects4j.build.xml\n\ntest-offline:\n\nget-deps:\n\njackson-core-from-maven.compile:\n    [mkdir] Created dir: /data/cmd/Ming/llm-fl-apr/tmp/JacksonCore_7-prompt_apr_3-qwen-turbo/target/classes\n    [javac] /data/cmd/Ming/llm-fl-apr/tmp/JacksonCore_7-prompt_apr_3-qwen-turbo/maven-build.xml:74: warning: 'includeantruntime' was not set, defaulting to build.sysclasspath=last; set to false for repeatable builds\n    [javac] Compiling 80 source files to /data/cmd/Ming/llm-fl-apr/tmp/JacksonCore_7-prompt_apr_3-qwen-turbo/target/classes\n    [javac] /data/cmd/Ming/llm-fl-apr/tmp/JacksonCore_7-prompt_apr_3-qwen-turbo/src/main/java/com/fasterxml/jackson/core/json/JsonWriteContext.java:166: error: illegal character: \\96\n    [javac] ```java\n    [javac] ^\n    [javac] /data/cmd/Ming/llm-fl-apr/tmp/JacksonCore_7-prompt_apr_3-qwen-turbo/src/main/java/com/fasterxml/jackson/core/json/JsonWriteContext.java:166: error: illegal character: \\96\n    [javac] ```java\n    [javac]  ^\n    [javac] /data/cmd/Ming/llm-fl-apr/tmp/JacksonCore_7-prompt_apr_3-qwen-turbo/src/main/java/com/fasterxml/jackson/core/json/JsonWriteContext.java:166: error: illegal character: \\96\n    [javac] ```java\n    [javac]   ^\n    [javac] /data/cmd/Ming/llm-fl-apr/tmp/JacksonCore_7-prompt_apr_3-qwen-turbo/src/main/java/com/fasterxml/jackson/core/json/JsonWriteContext.java:173: error: illegal character: \\96\n    [javac] ```\n    [javac] ^\n    [javac] /data/cmd/Ming/llm-fl-apr/tmp/JacksonCore_7-prompt_apr_3-qwen-turbo/src/main/java/com/fasterxml/jackson/core/json/JsonWriteContext.java:173: error: illegal character: \\96\n    [javac] ```\n    [javac]  ^\n    [javac] /data/cmd/Ming/llm-fl-apr/tmp/JacksonCore_7-prompt_apr_3-qwen-turbo/src/main/java/com/fasterxml/jackson/core/json/JsonWriteContext.java:173: error: illegal character: \\96\n    [javac] ```\n    [javac]   ^\n    [javac] /data/cmd/Ming/llm-fl-apr/tmp/JacksonCore_7-prompt_apr_3-qwen-turbo/src/main/java/com/fasterxml/jackson/core/json/JsonWriteContext.java:176: error: illegal start of expression\n    [javac]     protected void appendDesc(StringBuilder sb) {\n    [javac]     ^\n    [javac] /data/cmd/Ming/llm-fl-apr/tmp/JacksonCore_7-prompt_apr_3-qwen-turbo/src/main/java/com/fasterxml/jackson/core/json/JsonWriteContext.java:176: error: ';' expected\n    [javac]     protected void appendDesc(StringBuilder sb) {\n    [javac]              ^\n    [javac] /data/cmd/Ming/llm-fl-apr/tmp/JacksonCore_7-prompt_apr_3-qwen-turbo/src/main/java/com/fasterxml/jackson/core/json/JsonWriteContext.java:176: error: ')' expected\n    [javac]     protected void appendDesc(StringBuilder sb) {\n    [javac]                                            ^\n    [javac] /data/cmd/Ming/llm-fl-apr/tmp/JacksonCore_7-prompt_apr_3-qwen-turbo/src/main/java/com/fasterxml/jackson/core/json/JsonWriteContext.java:176: error: illegal start of expression\n    [javac]     protected void appendDesc(StringBuilder sb) {\n    [javac]                                               ^\n    [javac] /data/cmd/Ming/llm-fl-apr/tmp/JacksonCore_7-prompt_apr_3-qwen-turbo/src/main/java/com/fasterxml/jackson/core/json/JsonWriteContext.java:176: error: ';' expected\n    [javac]     protected void appendDesc(StringBuilder sb) {\n    [javac]                                                ^\n    [javac] /data/cmd/Ming/llm-fl-apr/tmp/JacksonCore_7-prompt_apr_3-qwen-turbo/src/main/java/com/fasterxml/jackson/core/json/JsonWriteContext.java:204: error: ';' expected\n    [javac]     @Override public String toString() {\n    [javac]                                     ^\n    [javac] /data/cmd/Ming/llm-fl-apr/tmp/JacksonCore_7-prompt_apr_3-qwen-turbo/src/main/java/com/fasterxml/jackson/core/json/JsonWriteContext.java:209: error: reached end of file while parsing\n    [javac] }\n    [javac]  ^\n    [javac] 13 errors\n\nBUILD FAILED\n/data/cmd/Ming/llm-fl-apr/tmp/JacksonCore_7-prompt_apr_3-qwen-turbo/maven-build.xml:74: Compile failed; see the compiler error output for details.\n\nTotal time: 2 seconds\nCannot compile sources! at /data/cmd/Ming/LLM_Based-Mutation/tools/mutant/defects4j-2.1.0/framework/bin/d4j/d4j-compile line 82.\nCompilation failed in require at /data/cmd/Ming/LLM_Based-Mutation/tools/mutant/defects4j-2.1.0/framework/bin/defects4j line 195.\n"
                }
            },
            "doubao-pro-4k": {
                "compile": {
                    "rc": 1,
                    "so": "",
                    "se": "Running ant (compile)...................................................... FAIL\nExecuted command:  cd /data/cmd/Ming/llm-fl-apr/tmp/JacksonCore_7-prompt_apr_3-doubao-pro-4k && /data/cmd/Ming/LLM_Based-Mutation/tools/mutant/defects4j-2.1.0/major/bin/ant -f /data/cmd/Ming/LLM_Based-Mutation/tools/mutant/defects4j-2.1.0/framework/projects/defects4j.build.xml -Dd4j.home=/data/cmd/Ming/LLM_Based-Mutation/tools/mutant/defects4j-2.1.0 -Dd4j.dir.projects=/data/cmd/Ming/LLM_Based-Mutation/tools/mutant/defects4j-2.1.0/framework/projects -Dbasedir=/data/cmd/Ming/llm-fl-apr/tmp/JacksonCore_7-prompt_apr_3-doubao-pro-4k -Dbuild.compiler=javac1.7  compile 2>&1\nJava HotSpot(TM) 64-Bit Server VM warning: ignoring option MaxPermSize=1G; support was removed in 8.0\nBuildfile: /data/cmd/Ming/LLM_Based-Mutation/tools/mutant/defects4j-2.1.0/framework/projects/defects4j.build.xml\n\ntest-offline:\n\nget-deps:\n\njackson-core-from-maven.compile:\n    [mkdir] Created dir: /data/cmd/Ming/llm-fl-apr/tmp/JacksonCore_7-prompt_apr_3-doubao-pro-4k/target/classes\n    [javac] /data/cmd/Ming/llm-fl-apr/tmp/JacksonCore_7-prompt_apr_3-doubao-pro-4k/maven-build.xml:74: warning: 'includeantruntime' was not set, defaulting to build.sysclasspath=last; set to false for repeatable builds\n    [javac] Compiling 80 source files to /data/cmd/Ming/llm-fl-apr/tmp/JacksonCore_7-prompt_apr_3-doubao-pro-4k/target/classes\n    [javac] /data/cmd/Ming/llm-fl-apr/tmp/JacksonCore_7-prompt_apr_3-doubao-pro-4k/src/main/java/com/fasterxml/jackson/core/json/JsonWriteContext.java:173: error: missing return statement\n    [javac] }\n    [javac] ^\n    [javac] 1 error\n\nBUILD FAILED\n/data/cmd/Ming/llm-fl-apr/tmp/JacksonCore_7-prompt_apr_3-doubao-pro-4k/maven-build.xml:74: Compile failed; see the compiler error output for details.\n\nTotal time: 5 seconds\nCannot compile sources! at /data/cmd/Ming/LLM_Based-Mutation/tools/mutant/defects4j-2.1.0/framework/bin/d4j/d4j-compile line 82.\nCompilation failed in require at /data/cmd/Ming/LLM_Based-Mutation/tools/mutant/defects4j-2.1.0/framework/bin/defects4j line 195.\n"
                }
            },
            "gpt-4o-mini": {
                "compile": {
                    "rc": 1,
                    "so": "",
                    "se": "Running ant (compile)...................................................... FAIL\nExecuted command:  cd /data/cmd/Ming/llm-fl-apr/tmp/JacksonCore_7-prompt_apr_3-gpt-4o-mini && /data/cmd/Ming/LLM_Based-Mutation/tools/mutant/defects4j-2.1.0/major/bin/ant -f /data/cmd/Ming/LLM_Based-Mutation/tools/mutant/defects4j-2.1.0/framework/projects/defects4j.build.xml -Dd4j.home=/data/cmd/Ming/LLM_Based-Mutation/tools/mutant/defects4j-2.1.0 -Dd4j.dir.projects=/data/cmd/Ming/LLM_Based-Mutation/tools/mutant/defects4j-2.1.0/framework/projects -Dbasedir=/data/cmd/Ming/llm-fl-apr/tmp/JacksonCore_7-prompt_apr_3-gpt-4o-mini -Dbuild.compiler=javac1.7  compile 2>&1\nJava HotSpot(TM) 64-Bit Server VM warning: ignoring option MaxPermSize=1G; support was removed in 8.0\nBuildfile: /data/cmd/Ming/LLM_Based-Mutation/tools/mutant/defects4j-2.1.0/framework/projects/defects4j.build.xml\n\ntest-offline:\n\nget-deps:\n\njackson-core-from-maven.compile:\n    [mkdir] Created dir: /data/cmd/Ming/llm-fl-apr/tmp/JacksonCore_7-prompt_apr_3-gpt-4o-mini/target/classes\n    [javac] /data/cmd/Ming/llm-fl-apr/tmp/JacksonCore_7-prompt_apr_3-gpt-4o-mini/maven-build.xml:74: warning: 'includeantruntime' was not set, defaulting to build.sysclasspath=last; set to false for repeatable builds\n    [javac] Compiling 80 source files to /data/cmd/Ming/llm-fl-apr/tmp/JacksonCore_7-prompt_apr_3-gpt-4o-mini/target/classes\n    [javac] /data/cmd/Ming/llm-fl-apr/tmp/JacksonCore_7-prompt_apr_3-gpt-4o-mini/src/main/java/com/fasterxml/jackson/core/json/JsonWriteContext.java:175: error: illegal start of expression\n    [javac]     protected void appendDesc(StringBuilder sb) {\n    [javac]     ^\n    [javac] /data/cmd/Ming/llm-fl-apr/tmp/JacksonCore_7-prompt_apr_3-gpt-4o-mini/src/main/java/com/fasterxml/jackson/core/json/JsonWriteContext.java:175: error: illegal start of expression\n    [javac]     protected void appendDesc(StringBuilder sb) {\n    [javac]               ^\n    [javac] /data/cmd/Ming/llm-fl-apr/tmp/JacksonCore_7-prompt_apr_3-gpt-4o-mini/src/main/java/com/fasterxml/jackson/core/json/JsonWriteContext.java:175: error: ';' expected\n    [javac]     protected void appendDesc(StringBuilder sb) {\n    [javac]                              ^\n    [javac] /data/cmd/Ming/llm-fl-apr/tmp/JacksonCore_7-prompt_apr_3-gpt-4o-mini/src/main/java/com/fasterxml/jackson/core/json/JsonWriteContext.java:175: error: ';' expected\n    [javac]     protected void appendDesc(StringBuilder sb) {\n    [javac]                                               ^\n    [javac] /data/cmd/Ming/llm-fl-apr/tmp/JacksonCore_7-prompt_apr_3-gpt-4o-mini/src/main/java/com/fasterxml/jackson/core/json/JsonWriteContext.java:203: error: ';' expected\n    [javac]     @Override public String toString() {\n    [javac]                                     ^\n    [javac] /data/cmd/Ming/llm-fl-apr/tmp/JacksonCore_7-prompt_apr_3-gpt-4o-mini/src/main/java/com/fasterxml/jackson/core/json/JsonWriteContext.java:208: error: reached end of file while parsing\n    [javac] }\n    [javac]  ^\n    [javac] 6 errors\n\nBUILD FAILED\n/data/cmd/Ming/llm-fl-apr/tmp/JacksonCore_7-prompt_apr_3-gpt-4o-mini/maven-build.xml:74: Compile failed; see the compiler error output for details.\n\nTotal time: 2 seconds\nCannot compile sources! at /data/cmd/Ming/LLM_Based-Mutation/tools/mutant/defects4j-2.1.0/framework/bin/d4j/d4j-compile line 82.\nCompilation failed in require at /data/cmd/Ming/LLM_Based-Mutation/tools/mutant/defects4j-2.1.0/framework/bin/defects4j line 195.\n"
                }
            },
            "deepseek-chat": {
                "compile": {
                    "rc": 1,
                    "so": "",
                    "se": "Running ant (compile)...................................................... FAIL\nExecuted command:  cd /data/cmd/Ming/llm-fl-apr/tmp/JacksonCore_7-prompt_apr_3-deepseek-chat && /data/cmd/Ming/LLM_Based-Mutation/tools/mutant/defects4j-2.1.0/major/bin/ant -f /data/cmd/Ming/LLM_Based-Mutation/tools/mutant/defects4j-2.1.0/framework/projects/defects4j.build.xml -Dd4j.home=/data/cmd/Ming/LLM_Based-Mutation/tools/mutant/defects4j-2.1.0 -Dd4j.dir.projects=/data/cmd/Ming/LLM_Based-Mutation/tools/mutant/defects4j-2.1.0/framework/projects -Dbasedir=/data/cmd/Ming/llm-fl-apr/tmp/JacksonCore_7-prompt_apr_3-deepseek-chat -Dbuild.compiler=javac1.7  compile 2>&1\nJava HotSpot(TM) 64-Bit Server VM warning: ignoring option MaxPermSize=1G; support was removed in 8.0\nBuildfile: /data/cmd/Ming/LLM_Based-Mutation/tools/mutant/defects4j-2.1.0/framework/projects/defects4j.build.xml\n\ntest-offline:\n\nget-deps:\n\njackson-core-from-maven.compile:\n    [mkdir] Created dir: /data/cmd/Ming/llm-fl-apr/tmp/JacksonCore_7-prompt_apr_3-deepseek-chat/target/classes\n    [javac] /data/cmd/Ming/llm-fl-apr/tmp/JacksonCore_7-prompt_apr_3-deepseek-chat/maven-build.xml:74: warning: 'includeantruntime' was not set, defaulting to build.sysclasspath=last; set to false for repeatable builds\n    [javac] Compiling 80 source files to /data/cmd/Ming/llm-fl-apr/tmp/JacksonCore_7-prompt_apr_3-deepseek-chat/target/classes\n    [javac] /data/cmd/Ming/llm-fl-apr/tmp/JacksonCore_7-prompt_apr_3-deepseek-chat/src/main/java/com/fasterxml/jackson/core/json/JsonWriteContext.java:175: error: illegal start of expression\n    [javac]     protected void appendDesc(StringBuilder sb) {\n    [javac]     ^\n    [javac] /data/cmd/Ming/llm-fl-apr/tmp/JacksonCore_7-prompt_apr_3-deepseek-chat/src/main/java/com/fasterxml/jackson/core/json/JsonWriteContext.java:175: error: illegal start of expression\n    [javac]     protected void appendDesc(StringBuilder sb) {\n    [javac]               ^\n    [javac] /data/cmd/Ming/llm-fl-apr/tmp/JacksonCore_7-prompt_apr_3-deepseek-chat/src/main/java/com/fasterxml/jackson/core/json/JsonWriteContext.java:175: error: ';' expected\n    [javac]     protected void appendDesc(StringBuilder sb) {\n    [javac]                              ^\n    [javac] /data/cmd/Ming/llm-fl-apr/tmp/JacksonCore_7-prompt_apr_3-deepseek-chat/src/main/java/com/fasterxml/jackson/core/json/JsonWriteContext.java:175: error: ';' expected\n    [javac]     protected void appendDesc(StringBuilder sb) {\n    [javac]                                               ^\n    [javac] /data/cmd/Ming/llm-fl-apr/tmp/JacksonCore_7-prompt_apr_3-deepseek-chat/src/main/java/com/fasterxml/jackson/core/json/JsonWriteContext.java:203: error: ';' expected\n    [javac]     @Override public String toString() {\n    [javac]                                     ^\n    [javac] /data/cmd/Ming/llm-fl-apr/tmp/JacksonCore_7-prompt_apr_3-deepseek-chat/src/main/java/com/fasterxml/jackson/core/json/JsonWriteContext.java:208: error: reached end of file while parsing\n    [javac] }\n    [javac]  ^\n    [javac] 6 errors\n\nBUILD FAILED\n/data/cmd/Ming/llm-fl-apr/tmp/JacksonCore_7-prompt_apr_3-deepseek-chat/maven-build.xml:74: Compile failed; see the compiler error output for details.\n\nTotal time: 2 seconds\nCannot compile sources! at /data/cmd/Ming/LLM_Based-Mutation/tools/mutant/defects4j-2.1.0/framework/bin/d4j/d4j-compile line 82.\nCompilation failed in require at /data/cmd/Ming/LLM_Based-Mutation/tools/mutant/defects4j-2.1.0/framework/bin/defects4j line 195.\n"
                }
            }
        },
        "prompt_apr_4": {
            "ernie-3.5-128k": {
                "compile": {
                    "rc": 0,
                    "so": "",
                    "se": "Running ant (compile)...................................................... OK\nRunning ant (compile.tests)................................................ OK\n"
                },
                "test": {
                    "rc": 0,
                    "so": "Failing tests: 29\n  - com.fasterxml.jackson.core.TestJDKSerializability::testJsonFactorySerializable\n  - com.fasterxml.jackson.core.base64.TestBase64Parsing::testStreaming\n  - com.fasterxml.jackson.core.json.GeneratorFailTest::testFailOnWritingStringNotFieldNameBytes\n  - com.fasterxml.jackson.core.json.GeneratorFailTest::testFailOnWritingStringNotFieldNameChars\n  - com.fasterxml.jackson.core.json.TestCustomEscaping::testAboveAsciiEscapeWithUTF8Stream\n  - com.fasterxml.jackson.core.json.TestCustomEscaping::testAboveAsciiEscapeWithReader\n  - com.fasterxml.jackson.core.json.TestCustomEscaping::testEscapeCustomWithReader\n  - com.fasterxml.jackson.core.json.TestCustomEscaping::testEscapeCustomWithUTF8Stream\n  - com.fasterxml.jackson.core.json.TestGeneratorWithSerializedString::testSimple\n  - com.fasterxml.jackson.core.json.TestJsonGenerator::testFieldValueWrites\n  - com.fasterxml.jackson.core.json.TestJsonGeneratorFeatures::testNonNumericQuoting\n  - com.fasterxml.jackson.core.json.TestJsonGeneratorFeatures::testFieldNameQuoting\n  - com.fasterxml.jackson.core.json.TestJsonParser::testLongText\n  - com.fasterxml.jackson.core.main.TestGeneratorCopy::testCopyObjectTokens\n  - com.fasterxml.jackson.core.main.TestGeneratorMisc::testLongerObjects\n  - com.fasterxml.jackson.core.main.TestGeneratorMisc::testBinaryWrite\n  - com.fasterxml.jackson.core.main.TestGeneratorObject::testSimpleObjectWrite\n  - com.fasterxml.jackson.core.main.TestGeneratorObject::testConvenienceMethods\n  - com.fasterxml.jackson.core.main.TestGeneratorObject::testConvenienceMethodsWithNulls\n  - com.fasterxml.jackson.core.main.TestPrettyPrinter::testObjectCount\n  - com.fasterxml.jackson.core.main.TestPrettyPrinter::testSimpleDocWithMinimal\n  - com.fasterxml.jackson.core.main.TestPrettyPrinter::testSimpleDocWithDefault\n  - com.fasterxml.jackson.core.util.TestDefaultPrettyPrinter::testSystemLinefeed\n  - com.fasterxml.jackson.core.util.TestDefaultPrettyPrinter::testUnixLinefeed\n  - com.fasterxml.jackson.core.util.TestDefaultPrettyPrinter::testWindowsLinefeed\n  - com.fasterxml.jackson.core.util.TestDefaultPrettyPrinter::testWithLineFeed\n  - com.fasterxml.jackson.core.util.TestDefaultPrettyPrinter::testWithIndent\n  - com.fasterxml.jackson.core.util.TestDefaultPrettyPrinter::testTabIndent\n  - com.fasterxml.jackson.core.util.TestDelegates::testNotDelegateCopyMethods\n",
                    "se": "Running ant (compile.tests)................................................ OK\nRunning ant (run.dev.tests)................................................ OK\n"
                }
            },
            "qwen-turbo": {
                "compile": {
                    "rc": 0,
                    "so": "",
                    "se": "Running ant (compile)...................................................... OK\nRunning ant (compile.tests)................................................ OK\n"
                },
                "test": {
                    "rc": 0,
                    "so": "Failing tests: 29\n  - com.fasterxml.jackson.core.TestJDKSerializability::testJsonFactorySerializable\n  - com.fasterxml.jackson.core.base64.TestBase64Parsing::testStreaming\n  - com.fasterxml.jackson.core.json.GeneratorFailTest::testFailOnWritingStringNotFieldNameBytes\n  - com.fasterxml.jackson.core.json.GeneratorFailTest::testFailOnWritingStringNotFieldNameChars\n  - com.fasterxml.jackson.core.json.TestCustomEscaping::testAboveAsciiEscapeWithUTF8Stream\n  - com.fasterxml.jackson.core.json.TestCustomEscaping::testAboveAsciiEscapeWithReader\n  - com.fasterxml.jackson.core.json.TestCustomEscaping::testEscapeCustomWithReader\n  - com.fasterxml.jackson.core.json.TestCustomEscaping::testEscapeCustomWithUTF8Stream\n  - com.fasterxml.jackson.core.json.TestGeneratorWithSerializedString::testSimple\n  - com.fasterxml.jackson.core.json.TestJsonGenerator::testFieldValueWrites\n  - com.fasterxml.jackson.core.json.TestJsonGeneratorFeatures::testNonNumericQuoting\n  - com.fasterxml.jackson.core.json.TestJsonGeneratorFeatures::testFieldNameQuoting\n  - com.fasterxml.jackson.core.json.TestJsonParser::testLongText\n  - com.fasterxml.jackson.core.main.TestGeneratorCopy::testCopyObjectTokens\n  - com.fasterxml.jackson.core.main.TestGeneratorMisc::testLongerObjects\n  - com.fasterxml.jackson.core.main.TestGeneratorMisc::testBinaryWrite\n  - com.fasterxml.jackson.core.main.TestGeneratorObject::testSimpleObjectWrite\n  - com.fasterxml.jackson.core.main.TestGeneratorObject::testConvenienceMethods\n  - com.fasterxml.jackson.core.main.TestGeneratorObject::testConvenienceMethodsWithNulls\n  - com.fasterxml.jackson.core.main.TestPrettyPrinter::testObjectCount\n  - com.fasterxml.jackson.core.main.TestPrettyPrinter::testSimpleDocWithMinimal\n  - com.fasterxml.jackson.core.main.TestPrettyPrinter::testSimpleDocWithDefault\n  - com.fasterxml.jackson.core.util.TestDefaultPrettyPrinter::testSystemLinefeed\n  - com.fasterxml.jackson.core.util.TestDefaultPrettyPrinter::testUnixLinefeed\n  - com.fasterxml.jackson.core.util.TestDefaultPrettyPrinter::testWindowsLinefeed\n  - com.fasterxml.jackson.core.util.TestDefaultPrettyPrinter::testWithLineFeed\n  - com.fasterxml.jackson.core.util.TestDefaultPrettyPrinter::testWithIndent\n  - com.fasterxml.jackson.core.util.TestDefaultPrettyPrinter::testTabIndent\n  - com.fasterxml.jackson.core.util.TestDelegates::testNotDelegateCopyMethods\n",
                    "se": "Running ant (compile.tests)................................................ OK\nRunning ant (run.dev.tests)................................................ OK\n"
                }
            },
            "doubao-pro-4k": {
                "compile": {
                    "rc": 0,
                    "so": "",
                    "se": "Running ant (compile)...................................................... OK\nRunning ant (compile.tests)................................................ OK\n"
                },
                "test": {
                    "rc": 0,
                    "so": "Failing tests: 29\n  - com.fasterxml.jackson.core.TestJDKSerializability::testJsonFactorySerializable\n  - com.fasterxml.jackson.core.base64.TestBase64Parsing::testStreaming\n  - com.fasterxml.jackson.core.json.GeneratorFailTest::testFailOnWritingStringNotFieldNameBytes\n  - com.fasterxml.jackson.core.json.GeneratorFailTest::testFailOnWritingStringNotFieldNameChars\n  - com.fasterxml.jackson.core.json.TestCustomEscaping::testAboveAsciiEscapeWithUTF8Stream\n  - com.fasterxml.jackson.core.json.TestCustomEscaping::testAboveAsciiEscapeWithReader\n  - com.fasterxml.jackson.core.json.TestCustomEscaping::testEscapeCustomWithReader\n  - com.fasterxml.jackson.core.json.TestCustomEscaping::testEscapeCustomWithUTF8Stream\n  - com.fasterxml.jackson.core.json.TestGeneratorWithSerializedString::testSimple\n  - com.fasterxml.jackson.core.json.TestJsonGenerator::testFieldValueWrites\n  - com.fasterxml.jackson.core.json.TestJsonGeneratorFeatures::testNonNumericQuoting\n  - com.fasterxml.jackson.core.json.TestJsonGeneratorFeatures::testFieldNameQuoting\n  - com.fasterxml.jackson.core.json.TestJsonParser::testLongText\n  - com.fasterxml.jackson.core.main.TestGeneratorCopy::testCopyObjectTokens\n  - com.fasterxml.jackson.core.main.TestGeneratorMisc::testLongerObjects\n  - com.fasterxml.jackson.core.main.TestGeneratorMisc::testBinaryWrite\n  - com.fasterxml.jackson.core.main.TestGeneratorObject::testSimpleObjectWrite\n  - com.fasterxml.jackson.core.main.TestGeneratorObject::testConvenienceMethods\n  - com.fasterxml.jackson.core.main.TestGeneratorObject::testConvenienceMethodsWithNulls\n  - com.fasterxml.jackson.core.main.TestPrettyPrinter::testObjectCount\n  - com.fasterxml.jackson.core.main.TestPrettyPrinter::testSimpleDocWithMinimal\n  - com.fasterxml.jackson.core.main.TestPrettyPrinter::testSimpleDocWithDefault\n  - com.fasterxml.jackson.core.util.TestDefaultPrettyPrinter::testSystemLinefeed\n  - com.fasterxml.jackson.core.util.TestDefaultPrettyPrinter::testUnixLinefeed\n  - com.fasterxml.jackson.core.util.TestDefaultPrettyPrinter::testWindowsLinefeed\n  - com.fasterxml.jackson.core.util.TestDefaultPrettyPrinter::testWithLineFeed\n  - com.fasterxml.jackson.core.util.TestDefaultPrettyPrinter::testWithIndent\n  - com.fasterxml.jackson.core.util.TestDefaultPrettyPrinter::testTabIndent\n  - com.fasterxml.jackson.core.util.TestDelegates::testNotDelegateCopyMethods\n",
                    "se": "Running ant (compile.tests)................................................ OK\nRunning ant (run.dev.tests)................................................ OK\n"
                }
            },
            "gpt-4o-mini": {
                "compile": {
                    "rc": 0,
                    "so": "",
                    "se": "Running ant (compile)...................................................... OK\nRunning ant (compile.tests)................................................ OK\n"
                },
                "test": {
                    "rc": 0,
                    "so": "Failing tests: 29\n  - com.fasterxml.jackson.core.TestJDKSerializability::testJsonFactorySerializable\n  - com.fasterxml.jackson.core.base64.TestBase64Parsing::testStreaming\n  - com.fasterxml.jackson.core.json.GeneratorFailTest::testFailOnWritingStringNotFieldNameBytes\n  - com.fasterxml.jackson.core.json.GeneratorFailTest::testFailOnWritingStringNotFieldNameChars\n  - com.fasterxml.jackson.core.json.TestCustomEscaping::testAboveAsciiEscapeWithUTF8Stream\n  - com.fasterxml.jackson.core.json.TestCustomEscaping::testAboveAsciiEscapeWithReader\n  - com.fasterxml.jackson.core.json.TestCustomEscaping::testEscapeCustomWithReader\n  - com.fasterxml.jackson.core.json.TestCustomEscaping::testEscapeCustomWithUTF8Stream\n  - com.fasterxml.jackson.core.json.TestGeneratorWithSerializedString::testSimple\n  - com.fasterxml.jackson.core.json.TestJsonGenerator::testFieldValueWrites\n  - com.fasterxml.jackson.core.json.TestJsonGeneratorFeatures::testNonNumericQuoting\n  - com.fasterxml.jackson.core.json.TestJsonGeneratorFeatures::testFieldNameQuoting\n  - com.fasterxml.jackson.core.json.TestJsonParser::testLongText\n  - com.fasterxml.jackson.core.main.TestGeneratorCopy::testCopyObjectTokens\n  - com.fasterxml.jackson.core.main.TestGeneratorMisc::testLongerObjects\n  - com.fasterxml.jackson.core.main.TestGeneratorMisc::testBinaryWrite\n  - com.fasterxml.jackson.core.main.TestGeneratorObject::testSimpleObjectWrite\n  - com.fasterxml.jackson.core.main.TestGeneratorObject::testConvenienceMethods\n  - com.fasterxml.jackson.core.main.TestGeneratorObject::testConvenienceMethodsWithNulls\n  - com.fasterxml.jackson.core.main.TestPrettyPrinter::testObjectCount\n  - com.fasterxml.jackson.core.main.TestPrettyPrinter::testSimpleDocWithMinimal\n  - com.fasterxml.jackson.core.main.TestPrettyPrinter::testSimpleDocWithDefault\n  - com.fasterxml.jackson.core.util.TestDefaultPrettyPrinter::testSystemLinefeed\n  - com.fasterxml.jackson.core.util.TestDefaultPrettyPrinter::testUnixLinefeed\n  - com.fasterxml.jackson.core.util.TestDefaultPrettyPrinter::testWindowsLinefeed\n  - com.fasterxml.jackson.core.util.TestDefaultPrettyPrinter::testWithLineFeed\n  - com.fasterxml.jackson.core.util.TestDefaultPrettyPrinter::testWithIndent\n  - com.fasterxml.jackson.core.util.TestDefaultPrettyPrinter::testTabIndent\n  - com.fasterxml.jackson.core.util.TestDelegates::testNotDelegateCopyMethods\n",
                    "se": "Running ant (compile.tests)................................................ OK\nRunning ant (run.dev.tests)................................................ OK\n"
                }
            },
            "deepseek-chat": {
                "compile": {
                    "rc": 1,
                    "so": "",
                    "se": "Running ant (compile)...................................................... FAIL\nExecuted command:  cd /data/cmd/Ming/llm-fl-apr/tmp/JacksonCore_7-prompt_apr_4-deepseek-chat && /data/cmd/Ming/LLM_Based-Mutation/tools/mutant/defects4j-2.1.0/major/bin/ant -f /data/cmd/Ming/LLM_Based-Mutation/tools/mutant/defects4j-2.1.0/framework/projects/defects4j.build.xml -Dd4j.home=/data/cmd/Ming/LLM_Based-Mutation/tools/mutant/defects4j-2.1.0 -Dd4j.dir.projects=/data/cmd/Ming/LLM_Based-Mutation/tools/mutant/defects4j-2.1.0/framework/projects -Dbasedir=/data/cmd/Ming/llm-fl-apr/tmp/JacksonCore_7-prompt_apr_4-deepseek-chat -Dbuild.compiler=javac1.7  compile 2>&1\nJava HotSpot(TM) 64-Bit Server VM warning: ignoring option MaxPermSize=1G; support was removed in 8.0\nBuildfile: /data/cmd/Ming/LLM_Based-Mutation/tools/mutant/defects4j-2.1.0/framework/projects/defects4j.build.xml\n\ntest-offline:\n\nget-deps:\n\njackson-core-from-maven.compile:\n    [mkdir] Created dir: /data/cmd/Ming/llm-fl-apr/tmp/JacksonCore_7-prompt_apr_4-deepseek-chat/target/classes\n    [javac] /data/cmd/Ming/llm-fl-apr/tmp/JacksonCore_7-prompt_apr_4-deepseek-chat/maven-build.xml:74: warning: 'includeantruntime' was not set, defaulting to build.sysclasspath=last; set to false for repeatable builds\n    [javac] Compiling 80 source files to /data/cmd/Ming/llm-fl-apr/tmp/JacksonCore_7-prompt_apr_4-deepseek-chat/target/classes\n    [javac] /data/cmd/Ming/llm-fl-apr/tmp/JacksonCore_7-prompt_apr_4-deepseek-chat/src/main/java/com/fasterxml/jackson/core/json/JsonWriteContext.java:171: error: cannot find symbol\n    [javac]             return (ix < 0) ? STATUS_OK_AS_IS : STATUS_OK_AFTER_COMMA;        }\n    [javac]                     ^\n    [javac]   symbol:   variable ix\n    [javac]   location: class JsonWriteContext\n    [javac] 1 error\n\nBUILD FAILED\n/data/cmd/Ming/llm-fl-apr/tmp/JacksonCore_7-prompt_apr_4-deepseek-chat/maven-build.xml:74: Compile failed; see the compiler error output for details.\n\nTotal time: 5 seconds\nCannot compile sources! at /data/cmd/Ming/LLM_Based-Mutation/tools/mutant/defects4j-2.1.0/framework/bin/d4j/d4j-compile line 82.\nCompilation failed in require at /data/cmd/Ming/LLM_Based-Mutation/tools/mutant/defects4j-2.1.0/framework/bin/defects4j line 195.\n"
                }
            }
        },
        "prompt_apr_5": {
            "ernie-3.5-128k": {
                "compile": {
                    "rc": 1,
                    "so": "",
                    "se": "Running ant (compile)...................................................... FAIL\nExecuted command:  cd /data/cmd/Ming/llm-fl-apr/tmp/JacksonCore_7-prompt_apr_5-ernie-3.5-128k && /data/cmd/Ming/LLM_Based-Mutation/tools/mutant/defects4j-2.1.0/major/bin/ant -f /data/cmd/Ming/LLM_Based-Mutation/tools/mutant/defects4j-2.1.0/framework/projects/defects4j.build.xml -Dd4j.home=/data/cmd/Ming/LLM_Based-Mutation/tools/mutant/defects4j-2.1.0 -Dd4j.dir.projects=/data/cmd/Ming/LLM_Based-Mutation/tools/mutant/defects4j-2.1.0/framework/projects -Dbasedir=/data/cmd/Ming/llm-fl-apr/tmp/JacksonCore_7-prompt_apr_5-ernie-3.5-128k -Dbuild.compiler=javac1.7  compile 2>&1\nJava HotSpot(TM) 64-Bit Server VM warning: ignoring option MaxPermSize=1G; support was removed in 8.0\nBuildfile: /data/cmd/Ming/LLM_Based-Mutation/tools/mutant/defects4j-2.1.0/framework/projects/defects4j.build.xml\n\ntest-offline:\n\nget-deps:\n\njackson-core-from-maven.compile:\n    [mkdir] Created dir: /data/cmd/Ming/llm-fl-apr/tmp/JacksonCore_7-prompt_apr_5-ernie-3.5-128k/target/classes\n    [javac] /data/cmd/Ming/llm-fl-apr/tmp/JacksonCore_7-prompt_apr_5-ernie-3.5-128k/maven-build.xml:74: warning: 'includeantruntime' was not set, defaulting to build.sysclasspath=last; set to false for repeatable builds\n    [javac] Compiling 80 source files to /data/cmd/Ming/llm-fl-apr/tmp/JacksonCore_7-prompt_apr_5-ernie-3.5-128k/target/classes\n    [javac] /data/cmd/Ming/llm-fl-apr/tmp/JacksonCore_7-prompt_apr_5-ernie-3.5-128k/src/main/java/com/fasterxml/jackson/core/json/JsonWriteContext.java:171: error: cannot find symbol\n    [javac] return (_gotName) ? STATUS_OK_AFTER_COLON : STATUS_OK_BEFORE_NAME;        }\n    [javac]                                             ^\n    [javac]   symbol:   variable STATUS_OK_BEFORE_NAME\n    [javac]   location: class JsonWriteContext\n    [javac] 1 error\n\nBUILD FAILED\n/data/cmd/Ming/llm-fl-apr/tmp/JacksonCore_7-prompt_apr_5-ernie-3.5-128k/maven-build.xml:74: Compile failed; see the compiler error output for details.\n\nTotal time: 5 seconds\nCannot compile sources! at /data/cmd/Ming/LLM_Based-Mutation/tools/mutant/defects4j-2.1.0/framework/bin/d4j/d4j-compile line 82.\nCompilation failed in require at /data/cmd/Ming/LLM_Based-Mutation/tools/mutant/defects4j-2.1.0/framework/bin/defects4j line 195.\n"
                }
            },
            "qwen-turbo": {
                "compile": {
                    "rc": 1,
                    "so": "",
                    "se": "Running ant (compile)...................................................... FAIL\nExecuted command:  cd /data/cmd/Ming/llm-fl-apr/tmp/JacksonCore_7-prompt_apr_5-qwen-turbo && /data/cmd/Ming/LLM_Based-Mutation/tools/mutant/defects4j-2.1.0/major/bin/ant -f /data/cmd/Ming/LLM_Based-Mutation/tools/mutant/defects4j-2.1.0/framework/projects/defects4j.build.xml -Dd4j.home=/data/cmd/Ming/LLM_Based-Mutation/tools/mutant/defects4j-2.1.0 -Dd4j.dir.projects=/data/cmd/Ming/LLM_Based-Mutation/tools/mutant/defects4j-2.1.0/framework/projects -Dbasedir=/data/cmd/Ming/llm-fl-apr/tmp/JacksonCore_7-prompt_apr_5-qwen-turbo -Dbuild.compiler=javac1.7  compile 2>&1\nJava HotSpot(TM) 64-Bit Server VM warning: ignoring option MaxPermSize=1G; support was removed in 8.0\nBuildfile: /data/cmd/Ming/LLM_Based-Mutation/tools/mutant/defects4j-2.1.0/framework/projects/defects4j.build.xml\n\ntest-offline:\n\nget-deps:\n\njackson-core-from-maven.compile:\n    [mkdir] Created dir: /data/cmd/Ming/llm-fl-apr/tmp/JacksonCore_7-prompt_apr_5-qwen-turbo/target/classes\n    [javac] /data/cmd/Ming/llm-fl-apr/tmp/JacksonCore_7-prompt_apr_5-qwen-turbo/maven-build.xml:74: warning: 'includeantruntime' was not set, defaulting to build.sysclasspath=last; set to false for repeatable builds\n    [javac] Compiling 80 source files to /data/cmd/Ming/llm-fl-apr/tmp/JacksonCore_7-prompt_apr_5-qwen-turbo/target/classes\n    [javac] /data/cmd/Ming/llm-fl-apr/tmp/JacksonCore_7-prompt_apr_5-qwen-turbo/src/main/java/com/fasterxml/jackson/core/json/JsonWriteContext.java:188: error: illegal start of expression\n    [javac]     protected void appendDesc(StringBuilder sb) {\n    [javac]     ^\n    [javac] /data/cmd/Ming/llm-fl-apr/tmp/JacksonCore_7-prompt_apr_5-qwen-turbo/src/main/java/com/fasterxml/jackson/core/json/JsonWriteContext.java:188: error: illegal start of expression\n    [javac]     protected void appendDesc(StringBuilder sb) {\n    [javac]               ^\n    [javac] /data/cmd/Ming/llm-fl-apr/tmp/JacksonCore_7-prompt_apr_5-qwen-turbo/src/main/java/com/fasterxml/jackson/core/json/JsonWriteContext.java:188: error: ';' expected\n    [javac]     protected void appendDesc(StringBuilder sb) {\n    [javac]                              ^\n    [javac] /data/cmd/Ming/llm-fl-apr/tmp/JacksonCore_7-prompt_apr_5-qwen-turbo/src/main/java/com/fasterxml/jackson/core/json/JsonWriteContext.java:188: error: ';' expected\n    [javac]     protected void appendDesc(StringBuilder sb) {\n    [javac]                                               ^\n    [javac] /data/cmd/Ming/llm-fl-apr/tmp/JacksonCore_7-prompt_apr_5-qwen-turbo/src/main/java/com/fasterxml/jackson/core/json/JsonWriteContext.java:216: error: ';' expected\n    [javac]     @Override public String toString() {\n    [javac]                                     ^\n    [javac] /data/cmd/Ming/llm-fl-apr/tmp/JacksonCore_7-prompt_apr_5-qwen-turbo/src/main/java/com/fasterxml/jackson/core/json/JsonWriteContext.java:221: error: reached end of file while parsing\n    [javac] }\n    [javac]  ^\n    [javac] 6 errors\n\nBUILD FAILED\n/data/cmd/Ming/llm-fl-apr/tmp/JacksonCore_7-prompt_apr_5-qwen-turbo/maven-build.xml:74: Compile failed; see the compiler error output for details.\n\nTotal time: 2 seconds\nCannot compile sources! at /data/cmd/Ming/LLM_Based-Mutation/tools/mutant/defects4j-2.1.0/framework/bin/d4j/d4j-compile line 82.\nCompilation failed in require at /data/cmd/Ming/LLM_Based-Mutation/tools/mutant/defects4j-2.1.0/framework/bin/defects4j line 195.\n"
                }
            },
            "doubao-pro-4k": {
                "compile": {
                    "rc": 1,
                    "so": "",
                    "se": "Running ant (compile)...................................................... FAIL\nExecuted command:  cd /data/cmd/Ming/llm-fl-apr/tmp/JacksonCore_7-prompt_apr_5-doubao-pro-4k && /data/cmd/Ming/LLM_Based-Mutation/tools/mutant/defects4j-2.1.0/major/bin/ant -f /data/cmd/Ming/LLM_Based-Mutation/tools/mutant/defects4j-2.1.0/framework/projects/defects4j.build.xml -Dd4j.home=/data/cmd/Ming/LLM_Based-Mutation/tools/mutant/defects4j-2.1.0 -Dd4j.dir.projects=/data/cmd/Ming/LLM_Based-Mutation/tools/mutant/defects4j-2.1.0/framework/projects -Dbasedir=/data/cmd/Ming/llm-fl-apr/tmp/JacksonCore_7-prompt_apr_5-doubao-pro-4k -Dbuild.compiler=javac1.7  compile 2>&1\nJava HotSpot(TM) 64-Bit Server VM warning: ignoring option MaxPermSize=1G; support was removed in 8.0\nBuildfile: /data/cmd/Ming/LLM_Based-Mutation/tools/mutant/defects4j-2.1.0/framework/projects/defects4j.build.xml\n\ntest-offline:\n\nget-deps:\n\njackson-core-from-maven.compile:\n    [mkdir] Created dir: /data/cmd/Ming/llm-fl-apr/tmp/JacksonCore_7-prompt_apr_5-doubao-pro-4k/target/classes\n    [javac] /data/cmd/Ming/llm-fl-apr/tmp/JacksonCore_7-prompt_apr_5-doubao-pro-4k/maven-build.xml:74: warning: 'includeantruntime' was not set, defaulting to build.sysclasspath=last; set to false for repeatable builds\n    [javac] Compiling 80 source files to /data/cmd/Ming/llm-fl-apr/tmp/JacksonCore_7-prompt_apr_5-doubao-pro-4k/target/classes\n    [javac] /data/cmd/Ming/llm-fl-apr/tmp/JacksonCore_7-prompt_apr_5-doubao-pro-4k/src/main/java/com/fasterxml/jackson/core/json/JsonWriteContext.java:188: error: illegal start of expression\n    [javac]     protected void appendDesc(StringBuilder sb) {\n    [javac]     ^\n    [javac] /data/cmd/Ming/llm-fl-apr/tmp/JacksonCore_7-prompt_apr_5-doubao-pro-4k/src/main/java/com/fasterxml/jackson/core/json/JsonWriteContext.java:188: error: illegal start of expression\n    [javac]     protected void appendDesc(StringBuilder sb) {\n    [javac]               ^\n    [javac] /data/cmd/Ming/llm-fl-apr/tmp/JacksonCore_7-prompt_apr_5-doubao-pro-4k/src/main/java/com/fasterxml/jackson/core/json/JsonWriteContext.java:188: error: ';' expected\n    [javac]     protected void appendDesc(StringBuilder sb) {\n    [javac]                              ^\n    [javac] /data/cmd/Ming/llm-fl-apr/tmp/JacksonCore_7-prompt_apr_5-doubao-pro-4k/src/main/java/com/fasterxml/jackson/core/json/JsonWriteContext.java:188: error: ';' expected\n    [javac]     protected void appendDesc(StringBuilder sb) {\n    [javac]                                               ^\n    [javac] /data/cmd/Ming/llm-fl-apr/tmp/JacksonCore_7-prompt_apr_5-doubao-pro-4k/src/main/java/com/fasterxml/jackson/core/json/JsonWriteContext.java:216: error: ';' expected\n    [javac]     @Override public String toString() {\n    [javac]                                     ^\n    [javac] /data/cmd/Ming/llm-fl-apr/tmp/JacksonCore_7-prompt_apr_5-doubao-pro-4k/src/main/java/com/fasterxml/jackson/core/json/JsonWriteContext.java:221: error: reached end of file while parsing\n    [javac] }\n    [javac]  ^\n    [javac] 6 errors\n\nBUILD FAILED\n/data/cmd/Ming/llm-fl-apr/tmp/JacksonCore_7-prompt_apr_5-doubao-pro-4k/maven-build.xml:74: Compile failed; see the compiler error output for details.\n\nTotal time: 2 seconds\nCannot compile sources! at /data/cmd/Ming/LLM_Based-Mutation/tools/mutant/defects4j-2.1.0/framework/bin/d4j/d4j-compile line 82.\nCompilation failed in require at /data/cmd/Ming/LLM_Based-Mutation/tools/mutant/defects4j-2.1.0/framework/bin/defects4j line 195.\n"
                }
            },
            "gpt-4o-mini": {
                "compile": {
                    "rc": 1,
                    "so": "",
                    "se": "Running ant (compile)...................................................... FAIL\nExecuted command:  cd /data/cmd/Ming/llm-fl-apr/tmp/JacksonCore_7-prompt_apr_5-gpt-4o-mini && /data/cmd/Ming/LLM_Based-Mutation/tools/mutant/defects4j-2.1.0/major/bin/ant -f /data/cmd/Ming/LLM_Based-Mutation/tools/mutant/defects4j-2.1.0/framework/projects/defects4j.build.xml -Dd4j.home=/data/cmd/Ming/LLM_Based-Mutation/tools/mutant/defects4j-2.1.0 -Dd4j.dir.projects=/data/cmd/Ming/LLM_Based-Mutation/tools/mutant/defects4j-2.1.0/framework/projects -Dbasedir=/data/cmd/Ming/llm-fl-apr/tmp/JacksonCore_7-prompt_apr_5-gpt-4o-mini -Dbuild.compiler=javac1.7  compile 2>&1\nJava HotSpot(TM) 64-Bit Server VM warning: ignoring option MaxPermSize=1G; support was removed in 8.0\nBuildfile: /data/cmd/Ming/LLM_Based-Mutation/tools/mutant/defects4j-2.1.0/framework/projects/defects4j.build.xml\n\ntest-offline:\n\nget-deps:\n\njackson-core-from-maven.compile:\n    [mkdir] Created dir: /data/cmd/Ming/llm-fl-apr/tmp/JacksonCore_7-prompt_apr_5-gpt-4o-mini/target/classes\n    [javac] /data/cmd/Ming/llm-fl-apr/tmp/JacksonCore_7-prompt_apr_5-gpt-4o-mini/maven-build.xml:74: warning: 'includeantruntime' was not set, defaulting to build.sysclasspath=last; set to false for repeatable builds\n    [javac] Compiling 80 source files to /data/cmd/Ming/llm-fl-apr/tmp/JacksonCore_7-prompt_apr_5-gpt-4o-mini/target/classes\n    [javac] /data/cmd/Ming/llm-fl-apr/tmp/JacksonCore_7-prompt_apr_5-gpt-4o-mini/src/main/java/com/fasterxml/jackson/core/json/JsonWriteContext.java:177: error: unreachable statement\n    [javac] return (_index == 0) ? STATUS_OK_AS_IS : STATUS_OK_AFTER_COLON;            return (ix < 0) ? STATUS_OK_AS_IS : STATUS_OK_AFTER_COMMA;\n    [javac]                                                                            ^\n    [javac] 1 error\n\nBUILD FAILED\n/data/cmd/Ming/llm-fl-apr/tmp/JacksonCore_7-prompt_apr_5-gpt-4o-mini/maven-build.xml:74: Compile failed; see the compiler error output for details.\n\nTotal time: 5 seconds\nCannot compile sources! at /data/cmd/Ming/LLM_Based-Mutation/tools/mutant/defects4j-2.1.0/framework/bin/d4j/d4j-compile line 82.\nCompilation failed in require at /data/cmd/Ming/LLM_Based-Mutation/tools/mutant/defects4j-2.1.0/framework/bin/defects4j line 195.\n"
                }
            },
            "deepseek-chat": {
                "compile": {
                    "rc": 1,
                    "so": "",
                    "se": "Running ant (compile)...................................................... FAIL\nExecuted command:  cd /data/cmd/Ming/llm-fl-apr/tmp/JacksonCore_7-prompt_apr_5-deepseek-chat && /data/cmd/Ming/LLM_Based-Mutation/tools/mutant/defects4j-2.1.0/major/bin/ant -f /data/cmd/Ming/LLM_Based-Mutation/tools/mutant/defects4j-2.1.0/framework/projects/defects4j.build.xml -Dd4j.home=/data/cmd/Ming/LLM_Based-Mutation/tools/mutant/defects4j-2.1.0 -Dd4j.dir.projects=/data/cmd/Ming/LLM_Based-Mutation/tools/mutant/defects4j-2.1.0/framework/projects -Dbasedir=/data/cmd/Ming/llm-fl-apr/tmp/JacksonCore_7-prompt_apr_5-deepseek-chat -Dbuild.compiler=javac1.7  compile 2>&1\nJava HotSpot(TM) 64-Bit Server VM warning: ignoring option MaxPermSize=1G; support was removed in 8.0\nBuildfile: /data/cmd/Ming/LLM_Based-Mutation/tools/mutant/defects4j-2.1.0/framework/projects/defects4j.build.xml\n\ntest-offline:\n\nget-deps:\n\njackson-core-from-maven.compile:\n    [mkdir] Created dir: /data/cmd/Ming/llm-fl-apr/tmp/JacksonCore_7-prompt_apr_5-deepseek-chat/target/classes\n    [javac] /data/cmd/Ming/llm-fl-apr/tmp/JacksonCore_7-prompt_apr_5-deepseek-chat/maven-build.xml:74: warning: 'includeantruntime' was not set, defaulting to build.sysclasspath=last; set to false for repeatable builds\n    [javac] Compiling 80 source files to /data/cmd/Ming/llm-fl-apr/tmp/JacksonCore_7-prompt_apr_5-deepseek-chat/target/classes\n    [javac] /data/cmd/Ming/llm-fl-apr/tmp/JacksonCore_7-prompt_apr_5-deepseek-chat/src/main/java/com/fasterxml/jackson/core/json/JsonWriteContext.java:169: error: unreachable statement\n    [javac]             return (_gotName) ? STATUS_OK_AFTER_COLON : STATUS_OK_AS_IS;            ++_index;\n    [javac]                                                                                     ^\n    [javac] 1 error\n\nBUILD FAILED\n/data/cmd/Ming/llm-fl-apr/tmp/JacksonCore_7-prompt_apr_5-deepseek-chat/maven-build.xml:74: Compile failed; see the compiler error output for details.\n\nTotal time: 5 seconds\nCannot compile sources! at /data/cmd/Ming/LLM_Based-Mutation/tools/mutant/defects4j-2.1.0/framework/bin/d4j/d4j-compile line 82.\nCompilation failed in require at /data/cmd/Ming/LLM_Based-Mutation/tools/mutant/defects4j-2.1.0/framework/bin/defects4j line 195.\n"
                }
            }
        },
        "prompt_apr_6": {
            "ernie-3.5-128k": {
                "compile": {
                    "rc": 1,
                    "so": "",
                    "se": "Running ant (compile)...................................................... FAIL\nExecuted command:  cd /data/cmd/Ming/llm-fl-apr/tmp/JacksonCore_7-prompt_apr_6-ernie-3.5-128k && /data/cmd/Ming/LLM_Based-Mutation/tools/mutant/defects4j-2.1.0/major/bin/ant -f /data/cmd/Ming/LLM_Based-Mutation/tools/mutant/defects4j-2.1.0/framework/projects/defects4j.build.xml -Dd4j.home=/data/cmd/Ming/LLM_Based-Mutation/tools/mutant/defects4j-2.1.0 -Dd4j.dir.projects=/data/cmd/Ming/LLM_Based-Mutation/tools/mutant/defects4j-2.1.0/framework/projects -Dbasedir=/data/cmd/Ming/llm-fl-apr/tmp/JacksonCore_7-prompt_apr_6-ernie-3.5-128k -Dbuild.compiler=javac1.7  compile 2>&1\nJava HotSpot(TM) 64-Bit Server VM warning: ignoring option MaxPermSize=1G; support was removed in 8.0\nBuildfile: /data/cmd/Ming/LLM_Based-Mutation/tools/mutant/defects4j-2.1.0/framework/projects/defects4j.build.xml\n\ntest-offline:\n\nget-deps:\n\njackson-core-from-maven.compile:\n    [mkdir] Created dir: /data/cmd/Ming/llm-fl-apr/tmp/JacksonCore_7-prompt_apr_6-ernie-3.5-128k/target/classes\n    [javac] /data/cmd/Ming/llm-fl-apr/tmp/JacksonCore_7-prompt_apr_6-ernie-3.5-128k/maven-build.xml:74: warning: 'includeantruntime' was not set, defaulting to build.sysclasspath=last; set to false for repeatable builds\n    [javac] Compiling 80 source files to /data/cmd/Ming/llm-fl-apr/tmp/JacksonCore_7-prompt_apr_6-ernie-3.5-128k/target/classes\n    [javac] /data/cmd/Ming/llm-fl-apr/tmp/JacksonCore_7-prompt_apr_6-ernie-3.5-128k/src/main/java/com/fasterxml/jackson/core/json/JsonWriteContext.java:171: error: cannot find symbol\n    [javac] return STATUS_OK;        }\n    [javac]        ^\n    [javac]   symbol:   variable STATUS_OK\n    [javac]   location: class JsonWriteContext\n    [javac] 1 error\n\nBUILD FAILED\n/data/cmd/Ming/llm-fl-apr/tmp/JacksonCore_7-prompt_apr_6-ernie-3.5-128k/maven-build.xml:74: Compile failed; see the compiler error output for details.\n\nTotal time: 5 seconds\nCannot compile sources! at /data/cmd/Ming/LLM_Based-Mutation/tools/mutant/defects4j-2.1.0/framework/bin/d4j/d4j-compile line 82.\nCompilation failed in require at /data/cmd/Ming/LLM_Based-Mutation/tools/mutant/defects4j-2.1.0/framework/bin/defects4j line 195.\n"
                }
            },
            "qwen-turbo": {
                "compile": {
                    "rc": 1,
                    "so": "",
                    "se": "Running ant (compile)...................................................... FAIL\nExecuted command:  cd /data/cmd/Ming/llm-fl-apr/tmp/JacksonCore_7-prompt_apr_6-qwen-turbo && /data/cmd/Ming/LLM_Based-Mutation/tools/mutant/defects4j-2.1.0/major/bin/ant -f /data/cmd/Ming/LLM_Based-Mutation/tools/mutant/defects4j-2.1.0/framework/projects/defects4j.build.xml -Dd4j.home=/data/cmd/Ming/LLM_Based-Mutation/tools/mutant/defects4j-2.1.0 -Dd4j.dir.projects=/data/cmd/Ming/LLM_Based-Mutation/tools/mutant/defects4j-2.1.0/framework/projects -Dbasedir=/data/cmd/Ming/llm-fl-apr/tmp/JacksonCore_7-prompt_apr_6-qwen-turbo -Dbuild.compiler=javac1.7  compile 2>&1\nJava HotSpot(TM) 64-Bit Server VM warning: ignoring option MaxPermSize=1G; support was removed in 8.0\nBuildfile: /data/cmd/Ming/LLM_Based-Mutation/tools/mutant/defects4j-2.1.0/framework/projects/defects4j.build.xml\n\ntest-offline:\n\nget-deps:\n\njackson-core-from-maven.compile:\n    [mkdir] Created dir: /data/cmd/Ming/llm-fl-apr/tmp/JacksonCore_7-prompt_apr_6-qwen-turbo/target/classes\n    [javac] /data/cmd/Ming/llm-fl-apr/tmp/JacksonCore_7-prompt_apr_6-qwen-turbo/maven-build.xml:74: warning: 'includeantruntime' was not set, defaulting to build.sysclasspath=last; set to false for repeatable builds\n    [javac] Compiling 80 source files to /data/cmd/Ming/llm-fl-apr/tmp/JacksonCore_7-prompt_apr_6-qwen-turbo/target/classes\n    [javac] /data/cmd/Ming/llm-fl-apr/tmp/JacksonCore_7-prompt_apr_6-qwen-turbo/src/main/java/com/fasterxml/jackson/core/json/JsonWriteContext.java:169: error: unreachable statement\n    [javac] return STATUS_OK_AFTER_COLON;            ++_index;\n    [javac]                                          ^\n    [javac] 1 error\n\nBUILD FAILED\n/data/cmd/Ming/llm-fl-apr/tmp/JacksonCore_7-prompt_apr_6-qwen-turbo/maven-build.xml:74: Compile failed; see the compiler error output for details.\n\nTotal time: 5 seconds\nCannot compile sources! at /data/cmd/Ming/LLM_Based-Mutation/tools/mutant/defects4j-2.1.0/framework/bin/d4j/d4j-compile line 82.\nCompilation failed in require at /data/cmd/Ming/LLM_Based-Mutation/tools/mutant/defects4j-2.1.0/framework/bin/defects4j line 195.\n"
                }
            },
            "doubao-pro-4k": {
                "compile": {
                    "rc": 1,
                    "so": "",
                    "se": "Running ant (compile)...................................................... FAIL\nExecuted command:  cd /data/cmd/Ming/llm-fl-apr/tmp/JacksonCore_7-prompt_apr_6-doubao-pro-4k && /data/cmd/Ming/LLM_Based-Mutation/tools/mutant/defects4j-2.1.0/major/bin/ant -f /data/cmd/Ming/LLM_Based-Mutation/tools/mutant/defects4j-2.1.0/framework/projects/defects4j.build.xml -Dd4j.home=/data/cmd/Ming/LLM_Based-Mutation/tools/mutant/defects4j-2.1.0 -Dd4j.dir.projects=/data/cmd/Ming/LLM_Based-Mutation/tools/mutant/defects4j-2.1.0/framework/projects -Dbasedir=/data/cmd/Ming/llm-fl-apr/tmp/JacksonCore_7-prompt_apr_6-doubao-pro-4k -Dbuild.compiler=javac1.7  compile 2>&1\nJava HotSpot(TM) 64-Bit Server VM warning: ignoring option MaxPermSize=1G; support was removed in 8.0\nBuildfile: /data/cmd/Ming/LLM_Based-Mutation/tools/mutant/defects4j-2.1.0/framework/projects/defects4j.build.xml\n\ntest-offline:\n\nget-deps:\n\njackson-core-from-maven.compile:\n    [mkdir] Created dir: /data/cmd/Ming/llm-fl-apr/tmp/JacksonCore_7-prompt_apr_6-doubao-pro-4k/target/classes\n    [javac] /data/cmd/Ming/llm-fl-apr/tmp/JacksonCore_7-prompt_apr_6-doubao-pro-4k/maven-build.xml:74: warning: 'includeantruntime' was not set, defaulting to build.sysclasspath=last; set to false for repeatable builds\n    [javac] Compiling 80 source files to /data/cmd/Ming/llm-fl-apr/tmp/JacksonCore_7-prompt_apr_6-doubao-pro-4k/target/classes\n    [javac] /data/cmd/Ming/llm-fl-apr/tmp/JacksonCore_7-prompt_apr_6-doubao-pro-4k/src/main/java/com/fasterxml/jackson/core/json/JsonWriteContext.java:170: error: unreachable statement\n    [javac] return STATUS_OK_AFTER_COLON;            return STATUS_OK_AFTER_COLON;\n    [javac]                                          ^\n    [javac] 1 error\n\nBUILD FAILED\n/data/cmd/Ming/llm-fl-apr/tmp/JacksonCore_7-prompt_apr_6-doubao-pro-4k/maven-build.xml:74: Compile failed; see the compiler error output for details.\n\nTotal time: 5 seconds\nCannot compile sources! at /data/cmd/Ming/LLM_Based-Mutation/tools/mutant/defects4j-2.1.0/framework/bin/d4j/d4j-compile line 82.\nCompilation failed in require at /data/cmd/Ming/LLM_Based-Mutation/tools/mutant/defects4j-2.1.0/framework/bin/defects4j line 195.\n"
                }
            },
            "gpt-4o-mini": {
                "compile": {
                    "rc": 1,
                    "so": "",
                    "se": "Running ant (compile)...................................................... FAIL\nExecuted command:  cd /data/cmd/Ming/llm-fl-apr/tmp/JacksonCore_7-prompt_apr_6-gpt-4o-mini && /data/cmd/Ming/LLM_Based-Mutation/tools/mutant/defects4j-2.1.0/major/bin/ant -f /data/cmd/Ming/LLM_Based-Mutation/tools/mutant/defects4j-2.1.0/framework/projects/defects4j.build.xml -Dd4j.home=/data/cmd/Ming/LLM_Based-Mutation/tools/mutant/defects4j-2.1.0 -Dd4j.dir.projects=/data/cmd/Ming/LLM_Based-Mutation/tools/mutant/defects4j-2.1.0/framework/projects -Dbasedir=/data/cmd/Ming/llm-fl-apr/tmp/JacksonCore_7-prompt_apr_6-gpt-4o-mini -Dbuild.compiler=javac1.7  compile 2>&1\nJava HotSpot(TM) 64-Bit Server VM warning: ignoring option MaxPermSize=1G; support was removed in 8.0\nBuildfile: /data/cmd/Ming/LLM_Based-Mutation/tools/mutant/defects4j-2.1.0/framework/projects/defects4j.build.xml\n\ntest-offline:\n\nget-deps:\n\njackson-core-from-maven.compile:\n    [mkdir] Created dir: /data/cmd/Ming/llm-fl-apr/tmp/JacksonCore_7-prompt_apr_6-gpt-4o-mini/target/classes\n    [javac] /data/cmd/Ming/llm-fl-apr/tmp/JacksonCore_7-prompt_apr_6-gpt-4o-mini/maven-build.xml:74: warning: 'includeantruntime' was not set, defaulting to build.sysclasspath=last; set to false for repeatable builds\n    [javac] Compiling 80 source files to /data/cmd/Ming/llm-fl-apr/tmp/JacksonCore_7-prompt_apr_6-gpt-4o-mini/target/classes\n    [javac] /data/cmd/Ming/llm-fl-apr/tmp/JacksonCore_7-prompt_apr_6-gpt-4o-mini/src/main/java/com/fasterxml/jackson/core/json/JsonWriteContext.java:173: error: cannot find symbol\n    [javac] _index++;return STATUS_OK;        if (_type == TYPE_ARRAY) {\n    [javac]                 ^\n    [javac]   symbol:   variable STATUS_OK\n    [javac]   location: class JsonWriteContext\n    [javac] 1 error\n\nBUILD FAILED\n/data/cmd/Ming/llm-fl-apr/tmp/JacksonCore_7-prompt_apr_6-gpt-4o-mini/maven-build.xml:74: Compile failed; see the compiler error output for details.\n\nTotal time: 5 seconds\nCannot compile sources! at /data/cmd/Ming/LLM_Based-Mutation/tools/mutant/defects4j-2.1.0/framework/bin/d4j/d4j-compile line 82.\nCompilation failed in require at /data/cmd/Ming/LLM_Based-Mutation/tools/mutant/defects4j-2.1.0/framework/bin/defects4j line 195.\n"
                }
            },
            "deepseek-chat": {
                "compile": {
                    "rc": 1,
                    "so": "",
                    "se": "Running ant (compile)...................................................... FAIL\nExecuted command:  cd /data/cmd/Ming/llm-fl-apr/tmp/JacksonCore_7-prompt_apr_6-deepseek-chat && /data/cmd/Ming/LLM_Based-Mutation/tools/mutant/defects4j-2.1.0/major/bin/ant -f /data/cmd/Ming/LLM_Based-Mutation/tools/mutant/defects4j-2.1.0/framework/projects/defects4j.build.xml -Dd4j.home=/data/cmd/Ming/LLM_Based-Mutation/tools/mutant/defects4j-2.1.0 -Dd4j.dir.projects=/data/cmd/Ming/LLM_Based-Mutation/tools/mutant/defects4j-2.1.0/framework/projects -Dbasedir=/data/cmd/Ming/llm-fl-apr/tmp/JacksonCore_7-prompt_apr_6-deepseek-chat -Dbuild.compiler=javac1.7  compile 2>&1\nJava HotSpot(TM) 64-Bit Server VM warning: ignoring option MaxPermSize=1G; support was removed in 8.0\nBuildfile: /data/cmd/Ming/LLM_Based-Mutation/tools/mutant/defects4j-2.1.0/framework/projects/defects4j.build.xml\n\ntest-offline:\n\nget-deps:\n\njackson-core-from-maven.compile:\n    [mkdir] Created dir: /data/cmd/Ming/llm-fl-apr/tmp/JacksonCore_7-prompt_apr_6-deepseek-chat/target/classes\n    [javac] /data/cmd/Ming/llm-fl-apr/tmp/JacksonCore_7-prompt_apr_6-deepseek-chat/maven-build.xml:74: warning: 'includeantruntime' was not set, defaulting to build.sysclasspath=last; set to false for repeatable builds\n    [javac] Compiling 80 source files to /data/cmd/Ming/llm-fl-apr/tmp/JacksonCore_7-prompt_apr_6-deepseek-chat/target/classes\n    [javac] /data/cmd/Ming/llm-fl-apr/tmp/JacksonCore_7-prompt_apr_6-deepseek-chat/src/main/java/com/fasterxml/jackson/core/json/JsonWriteContext.java:170: error: unreachable statement\n    [javac] return STATUS_OK_AFTER_COLON;            return STATUS_OK_AFTER_COLON;\n    [javac]                                          ^\n    [javac] 1 error\n\nBUILD FAILED\n/data/cmd/Ming/llm-fl-apr/tmp/JacksonCore_7-prompt_apr_6-deepseek-chat/maven-build.xml:74: Compile failed; see the compiler error output for details.\n\nTotal time: 5 seconds\nCannot compile sources! at /data/cmd/Ming/LLM_Based-Mutation/tools/mutant/defects4j-2.1.0/framework/bin/d4j/d4j-compile line 82.\nCompilation failed in require at /data/cmd/Ming/LLM_Based-Mutation/tools/mutant/defects4j-2.1.0/framework/bin/defects4j line 195.\n"
                }
            }
        }
    }
}