[
    {
        "buggy_file": "src/main/java/com/fasterxml/jackson/core/sym/ByteQuadsCanonicalizer.java",
        "buggy_method": {
            "method_name": "_findOffsetForAdd",
            "method_body": "private int _findOffsetForAdd(int hash)\n    {\n        // first, check the primary:\n        int offset = _calcOffset(hash);\n        final int[] hashArea = _hashArea;\n        if (hashArea[offset+3] == 0) {\n//System.err.printf(\" PRImary slot #%d, hash %X\\n\", (offset>>2), hash & 0x7F);\n            return offset;\n        }\n        // then secondary\n        int offset2 = _secondaryStart + ((offset >> 3) << 2);\n        if (hashArea[offset2+3] == 0) {\n//System.err.printf(\" SECondary slot #%d (start x%X), hash %X\\n\",(offset >> 3), _secondaryStart, (hash & 0x7F));\n            return offset2;\n        }\n        // if not, tertiary?\n\n        offset2 = _tertiaryStart + ((offset >> (_tertiaryShift + 2)) << _tertiaryShift);\n        final int bucketSize = (1 << _tertiaryShift);\n        for (int end = offset2 + bucketSize; offset2 < end; offset2 += 4) {\n            if (hashArea[offset2+3] == 0) {\n//System.err.printf(\" TERtiary slot x%X (from x%X, start x%X), hash %X.\\n\", offset2, ((offset >> (_tertiaryShift + 2)) << _tertiaryShift), _tertiaryStart, (hash & 0x7F));\n                return offset2;\n            }\n        }\n\n        // and if even tertiary full, append at the end of spill area\n        offset = _spilloverEnd;\n        _spilloverEnd += 4;\n\n//System.err.printf(\" SPIll-over at x%X; start x%X; end x%X, hash %X\\n\", offset, _spilloverStart(), _hashArea.length, (hash & 0x7F));\n        \n        // one caveat: in the unlikely event if spill-over filling up,\n        // check if that could be considered a DoS attack; handle appropriately\n        // (NOTE: approximate for now; we could verify details if that becomes necessary)\n        /* 31-Jul-2015, tatu: Note that spillover area does NOT end at end of array,\n         *   since \"long names\" area follows. Instead, need to calculate from hash size.\n         */\n        if (_spilloverEnd >= hashArea.length) {\n            if (_failOnDoS) {\n                _reportTooManyCollisions();\n            }\n            // and if we didn't fail, we'll simply force rehash for next add\n            // (which, in turn, may double up or nuke contents, depending on size etc)\n            _needRehash = true;\n        }\n        return offset;\n    }",
            "start_line": 887,
            "end_line": 934,
            "buggy_lines": [
                925
            ]
        },
        "buggy_method_src": "private int _findOffsetForAdd(int hash)\n    {\n        // first, check the primary:\n        int offset = _calcOffset(hash);\n        final int[] hashArea = _hashArea;\n        if (hashArea[offset+3] == 0) {\n//System.err.printf(\" PRImary slot #%d, hash %X\\n\", (offset>>2), hash & 0x7F);\n            return offset;\n        }\n        // then secondary\n        int offset2 = _secondaryStart + ((offset >> 3) << 2);\n        if (hashArea[offset2+3] == 0) {\n//System.err.printf(\" SECondary slot #%d (start x%X), hash %X\\n\",(offset >> 3), _secondaryStart, (hash & 0x7F));\n            return offset2;\n        }\n        // if not, tertiary?\n\n        offset2 = _tertiaryStart + ((offset >> (_tertiaryShift + 2)) << _tertiaryShift);\n        final int bucketSize = (1 << _tertiaryShift);\n        for (int end = offset2 + bucketSize; offset2 < end; offset2 += 4) {\n            if (hashArea[offset2+3] == 0) {\n//System.err.printf(\" TERtiary slot x%X (from x%X, start x%X), hash %X.\\n\", offset2, ((offset >> (_tertiaryShift + 2)) << _tertiaryShift), _tertiaryStart, (hash & 0x7F));\n                return offset2;\n            }\n        }\n\n        // and if even tertiary full, append at the end of spill area\n        offset = _spilloverEnd;\n        _spilloverEnd += 4;\n\n//System.err.printf(\" SPIll-over at x%X; start x%X; end x%X, hash %X\\n\", offset, _spilloverStart(), _hashArea.length, (hash & 0x7F));\n        \n        // one caveat: in the unlikely event if spill-over filling up,\n        // check if that could be considered a DoS attack; handle appropriately\n        // (NOTE: approximate for now; we could verify details if that becomes necessary)\n        /* 31-Jul-2015, tatu: Note that spillover area does NOT end at end of array,\n         *   since \"long names\" area follows. Instead, need to calculate from hash size.\n         */\n        if (_spilloverEnd >= hashArea.length) {\n            if (_failOnDoS) {\n                _reportTooManyCollisions();\n            }\n            // and if we didn't fail, we'll simply force rehash for next add\n            // (which, in turn, may double up or nuke contents, depending on size etc)\n            _needRehash = true;\n        }\n        return offset;\n    }",
        "test_stack": "com.fasterxml.jackson.core.sym.TestByteBasedSymbols::testIssue207\njava.lang.ArrayIndexOutOfBoundsException: 256\n\tat com.fasterxml.jackson.core.sym.ByteQuadsCanonicalizer.addName(ByteQuadsCanonicalizer.java:853)\n\tat com.fasterxml.jackson.core.json.UTF8StreamJsonParser.addName(UTF8StreamJsonParser.java:2340)\n\tat com.fasterxml.jackson.core.json.UTF8StreamJsonParser.parseEscapedName(UTF8StreamJsonParser.java:1980)\n\tat com.fasterxml.jackson.core.json.UTF8StreamJsonParser.slowParseName(UTF8StreamJsonParser.java:1867)\n\tat com.fasterxml.jackson.core.json.UTF8StreamJsonParser._parseName(UTF8StreamJsonParser.java:1651)\n\tat com.fasterxml.jackson.core.json.UTF8StreamJsonParser.nextToken(UTF8StreamJsonParser.java:740)\n\tat com.fasterxml.jackson.core.sym.TestByteBasedSymbols.testIssue207(TestByteBasedSymbols.java:119)\n\tat sun.reflect.NativeMethodAccessorImpl.invoke0(Native Method)\n\tat sun.reflect.NativeMethodAccessorImpl.invoke(NativeMethodAccessorImpl.java:62)\n\tat sun.reflect.DelegatingMethodAccessorImpl.invoke(DelegatingMethodAccessorImpl.java:43)\n\tat java.lang.reflect.Method.invoke(Method.java:498)\n\tat junit.framework.TestCase.runTest(TestCase.java:176)\n\tat junit.framework.TestCase.runBare(TestCase.java:141)\n\tat junit.framework.TestResult$1.protect(TestResult.java:122)\n\tat junit.framework.TestResult.runProtected(TestResult.java:142)\n\tat junit.framework.TestResult.run(TestResult.java:125)\n\tat junit.framework.TestCase.run(TestCase.java:129)\n\tat junit.framework.TestSuite.runTest(TestSuite.java:255)\n\tat junit.framework.TestSuite.run(TestSuite.java:250)\n\tat org.apache.tools.ant.taskdefs.optional.junit.JUnitTestRunner.run(JUnitTestRunner.java:520)\n\tat org.apache.tools.ant.taskdefs.optional.junit.JUnitTask.executeInVM(JUnitTask.java:1484)\n\tat org.apache.tools.ant.taskdefs.optional.junit.JUnitTask.execute(JUnitTask.java:872)\n\tat org.apache.tools.ant.taskdefs.optional.junit.JUnitTask.executeOrQueue(JUnitTask.java:1972)\n\tat org.apache.tools.ant.taskdefs.optional.junit.JUnitTask.execute1(JUnitTask.java:824)\n\tat org.apache.tools.ant.taskdefs.optional.junit.JUnitTask.execute(JUnitTask.java:2277)\n\tat org.apache.tools.ant.UnknownElement.execute(UnknownElement.java:291)\n\tat sun.reflect.GeneratedMethodAccessor4.invoke(Unknown Source)\n\tat sun.reflect.DelegatingMethodAccessorImpl.invoke(DelegatingMethodAccessorImpl.java:43)\n\tat java.lang.reflect.Method.invoke(Method.java:498)\n\tat org.apache.tools.ant.dispatch.DispatchUtils.execute(DispatchUtils.java:106)\n\tat org.apache.tools.ant.Task.perform(Task.java:348)\n\tat org.apache.tools.ant.Target.execute(Target.java:392)\n\tat org.apache.tools.ant.Target.performTasks(Target.java:413)\n\tat org.apache.tools.ant.Project.executeSortedTargets(Project.java:1399)\n\tat org.apache.tools.ant.Project.executeTarget(Project.java:1368)\n\tat org.apache.tools.ant.helper.DefaultExecutor.executeTargets(DefaultExecutor.java:41)\n\tat org.apache.tools.ant.Project.executeTargets(Project.java:1251)\n\tat org.apache.tools.ant.Main.runBuild(Main.java:811)\n\tat org.apache.tools.ant.Main.startAnt(Main.java:217)\n\tat org.apache.tools.ant.launch.Launcher.run(Launcher.java:280)\n\tat org.apache.tools.ant.launch.Launcher.main(Launcher.java:109)\ncom.fasterxml.jackson.core.sym.TestSymbolTables::testCollisionsWithBytesNew187b\njunit.framework.AssertionFailedError: expected:<16384> but was:<32768>\n\tat junit.framework.Assert.fail(Assert.java:57)\n\tat junit.framework.Assert.failNotEquals(Assert.java:329)\n\tat junit.framework.Assert.assertEquals(Assert.java:78)\n\tat junit.framework.Assert.assertEquals(Assert.java:234)\n\tat junit.framework.Assert.assertEquals(Assert.java:241)\n\tat junit.framework.TestCase.assertEquals(TestCase.java:409)\n\tat com.fasterxml.jackson.core.sym.TestSymbolTables.testCollisionsWithBytesNew187b(TestSymbolTables.java:316)\n\tat sun.reflect.NativeMethodAccessorImpl.invoke0(Native Method)\n\tat sun.reflect.NativeMethodAccessorImpl.invoke(NativeMethodAccessorImpl.java:62)\n\tat sun.reflect.DelegatingMethodAccessorImpl.invoke(DelegatingMethodAccessorImpl.java:43)\n\tat java.lang.reflect.Method.invoke(Method.java:498)\n\tat junit.framework.TestCase.runTest(TestCase.java:176)\n\tat junit.framework.TestCase.runBare(TestCase.java:141)\n\tat junit.framework.TestResult$1.protect(TestResult.java:122)\n\tat junit.framework.TestResult.runProtected(TestResult.java:142)\n\tat junit.framework.TestResult.run(TestResult.java:125)\n\tat junit.framework.TestCase.run(TestCase.java:129)\n\tat junit.framework.TestSuite.runTest(TestSuite.java:255)\n\tat junit.framework.TestSuite.run(TestSuite.java:250)\n\tat org.apache.tools.ant.taskdefs.optional.junit.JUnitTestRunner.run(JUnitTestRunner.java:520)\n\tat org.apache.tools.ant.taskdefs.optional.junit.JUnitTask.executeInVM(JUnitTask.java:1484)\n\tat org.apache.tools.ant.taskdefs.optional.junit.JUnitTask.execute(JUnitTask.java:872)\n\tat org.apache.tools.ant.taskdefs.optional.junit.JUnitTask.executeOrQueue(JUnitTask.java:1972)\n\tat org.apache.tools.ant.taskdefs.optional.junit.JUnitTask.execute1(JUnitTask.java:824)\n\tat org.apache.tools.ant.taskdefs.optional.junit.JUnitTask.execute(JUnitTask.java:2277)\n\tat org.apache.tools.ant.UnknownElement.execute(UnknownElement.java:291)\n\tat sun.reflect.GeneratedMethodAccessor4.invoke(Unknown Source)\n\tat sun.reflect.DelegatingMethodAccessorImpl.invoke(DelegatingMethodAccessorImpl.java:43)\n\tat java.lang.reflect.Method.invoke(Method.java:498)\n\tat org.apache.tools.ant.dispatch.DispatchUtils.execute(DispatchUtils.java:106)\n\tat org.apache.tools.ant.Task.perform(Task.java:348)\n\tat org.apache.tools.ant.Target.execute(Target.java:392)\n\tat org.apache.tools.ant.Target.performTasks(Target.java:413)\n\tat org.apache.tools.ant.Project.executeSortedTargets(Project.java:1399)\n\tat org.apache.tools.ant.Project.executeTarget(Project.java:1368)\n\tat org.apache.tools.ant.helper.DefaultExecutor.executeTargets(DefaultExecutor.java:41)\n\tat org.apache.tools.ant.Project.executeTargets(Project.java:1251)\n\tat org.apache.tools.ant.Main.runBuild(Main.java:811)\n\tat org.apache.tools.ant.Main.startAnt(Main.java:217)\n\tat org.apache.tools.ant.launch.Launcher.run(Launcher.java:280)\n\tat org.apache.tools.ant.launch.Launcher.main(Launcher.java:109)\ncom.fasterxml.jackson.core.sym.TestSymbolTables::testSyntheticWithBytesNew\njunit.framework.AssertionFailedError: expected:<8534> but was:<8524>\n\tat junit.framework.Assert.fail(Assert.java:57)\n\tat junit.framework.Assert.failNotEquals(Assert.java:329)\n\tat junit.framework.Assert.assertEquals(Assert.java:78)\n\tat junit.framework.Assert.assertEquals(Assert.java:234)\n\tat junit.framework.Assert.assertEquals(Assert.java:241)\n\tat junit.framework.TestCase.assertEquals(TestCase.java:409)\n\tat com.fasterxml.jackson.core.sym.TestSymbolTables.testSyntheticWithBytesNew(TestSymbolTables.java:82)\n\tat sun.reflect.NativeMethodAccessorImpl.invoke0(Native Method)\n\tat sun.reflect.NativeMethodAccessorImpl.invoke(NativeMethodAccessorImpl.java:62)\n\tat sun.reflect.DelegatingMethodAccessorImpl.invoke(DelegatingMethodAccessorImpl.java:43)\n\tat java.lang.reflect.Method.invoke(Method.java:498)\n\tat junit.framework.TestCase.runTest(TestCase.java:176)\n\tat junit.framework.TestCase.runBare(TestCase.java:141)\n\tat junit.framework.TestResult$1.protect(TestResult.java:122)\n\tat junit.framework.TestResult.runProtected(TestResult.java:142)\n\tat junit.framework.TestResult.run(TestResult.java:125)\n\tat junit.framework.TestCase.run(TestCase.java:129)\n\tat junit.framework.TestSuite.runTest(TestSuite.java:255)\n\tat junit.framework.TestSuite.run(TestSuite.java:250)\n\tat org.apache.tools.ant.taskdefs.optional.junit.JUnitTestRunner.run(JUnitTestRunner.java:520)\n\tat org.apache.tools.ant.taskdefs.optional.junit.JUnitTask.executeInVM(JUnitTask.java:1484)\n\tat org.apache.tools.ant.taskdefs.optional.junit.JUnitTask.execute(JUnitTask.java:872)\n\tat org.apache.tools.ant.taskdefs.optional.junit.JUnitTask.executeOrQueue(JUnitTask.java:1972)\n\tat org.apache.tools.ant.taskdefs.optional.junit.JUnitTask.execute1(JUnitTask.java:824)\n\tat org.apache.tools.ant.taskdefs.optional.junit.JUnitTask.execute(JUnitTask.java:2277)\n\tat org.apache.tools.ant.UnknownElement.execute(UnknownElement.java:291)\n\tat sun.reflect.GeneratedMethodAccessor4.invoke(Unknown Source)\n\tat sun.reflect.DelegatingMethodAccessorImpl.invoke(DelegatingMethodAccessorImpl.java:43)\n\tat java.lang.reflect.Method.invoke(Method.java:498)\n\tat org.apache.tools.ant.dispatch.DispatchUtils.execute(DispatchUtils.java:106)\n\tat org.apache.tools.ant.Task.perform(Task.java:348)\n\tat org.apache.tools.ant.Target.execute(Target.java:392)\n\tat org.apache.tools.ant.Target.performTasks(Target.java:413)\n\tat org.apache.tools.ant.Project.executeSortedTargets(Project.java:1399)\n\tat org.apache.tools.ant.Project.executeTarget(Project.java:1368)\n\tat org.apache.tools.ant.helper.DefaultExecutor.executeTargets(DefaultExecutor.java:41)\n\tat org.apache.tools.ant.Project.executeTargets(Project.java:1251)\n\tat org.apache.tools.ant.Main.runBuild(Main.java:811)\n\tat org.apache.tools.ant.Main.startAnt(Main.java:217)\n\tat org.apache.tools.ant.launch.Launcher.run(Launcher.java:280)\n\tat org.apache.tools.ant.launch.Launcher.main(Launcher.java:109)\ncom.fasterxml.jackson.core.sym.TestSymbolTables::testShortNameCollisionsDirectNew\njunit.framework.AssertionFailedError: expected:<1024> but was:<2048>\n\tat junit.framework.Assert.fail(Assert.java:57)\n\tat junit.framework.Assert.failNotEquals(Assert.java:329)\n\tat junit.framework.Assert.assertEquals(Assert.java:78)\n\tat junit.framework.Assert.assertEquals(Assert.java:234)\n\tat junit.framework.Assert.assertEquals(Assert.java:241)\n\tat junit.framework.TestCase.assertEquals(TestCase.java:409)\n\tat com.fasterxml.jackson.core.sym.TestSymbolTables.testShortNameCollisionsDirectNew(TestSymbolTables.java:473)\n\tat sun.reflect.NativeMethodAccessorImpl.invoke0(Native Method)\n\tat sun.reflect.NativeMethodAccessorImpl.invoke(NativeMethodAccessorImpl.java:62)\n\tat sun.reflect.DelegatingMethodAccessorImpl.invoke(DelegatingMethodAccessorImpl.java:43)\n\tat java.lang.reflect.Method.invoke(Method.java:498)\n\tat junit.framework.TestCase.runTest(TestCase.java:176)\n\tat junit.framework.TestCase.runBare(TestCase.java:141)\n\tat junit.framework.TestResult$1.protect(TestResult.java:122)\n\tat junit.framework.TestResult.runProtected(TestResult.java:142)\n\tat junit.framework.TestResult.run(TestResult.java:125)\n\tat junit.framework.TestCase.run(TestCase.java:129)\n\tat junit.framework.TestSuite.runTest(TestSuite.java:255)\n\tat junit.framework.TestSuite.run(TestSuite.java:250)\n\tat org.apache.tools.ant.taskdefs.optional.junit.JUnitTestRunner.run(JUnitTestRunner.java:520)\n\tat org.apache.tools.ant.taskdefs.optional.junit.JUnitTask.executeInVM(JUnitTask.java:1484)\n\tat org.apache.tools.ant.taskdefs.optional.junit.JUnitTask.execute(JUnitTask.java:872)\n\tat org.apache.tools.ant.taskdefs.optional.junit.JUnitTask.executeOrQueue(JUnitTask.java:1972)\n\tat org.apache.tools.ant.taskdefs.optional.junit.JUnitTask.execute1(JUnitTask.java:824)\n\tat org.apache.tools.ant.taskdefs.optional.junit.JUnitTask.execute(JUnitTask.java:2277)\n\tat org.apache.tools.ant.UnknownElement.execute(UnknownElement.java:291)\n\tat sun.reflect.GeneratedMethodAccessor4.invoke(Unknown Source)\n\tat sun.reflect.DelegatingMethodAccessorImpl.invoke(DelegatingMethodAccessorImpl.java:43)\n\tat java.lang.reflect.Method.invoke(Method.java:498)\n\tat org.apache.tools.ant.dispatch.DispatchUtils.execute(DispatchUtils.java:106)\n\tat org.apache.tools.ant.Task.perform(Task.java:348)\n\tat org.apache.tools.ant.Target.execute(Target.java:392)\n\tat org.apache.tools.ant.Target.performTasks(Target.java:413)\n\tat org.apache.tools.ant.Project.executeSortedTargets(Project.java:1399)\n\tat org.apache.tools.ant.Project.executeTarget(Project.java:1368)\n\tat org.apache.tools.ant.helper.DefaultExecutor.executeTargets(DefaultExecutor.java:41)\n\tat org.apache.tools.ant.Project.executeTargets(Project.java:1251)\n\tat org.apache.tools.ant.Main.runBuild(Main.java:811)\n\tat org.apache.tools.ant.Main.startAnt(Main.java:217)\n\tat org.apache.tools.ant.launch.Launcher.run(Launcher.java:280)\n\tat org.apache.tools.ant.launch.Launcher.main(Launcher.java:109)\n",
        "test_assert": "while (p.nextToken() != null) { }\n",
        "buggy_lines_in_method": [
            39
        ],
        "buggy_statements": [
            "        if (_spilloverEnd >= hashArea.length) {"
        ],
        "buggy_method_src_endswith_buggy_statement": "private int _findOffsetForAdd(int hash)\n    {\n        // first, check the primary:\n        int offset = _calcOffset(hash);\n        final int[] hashArea = _hashArea;\n        if (hashArea[offset+3] == 0) {\n//System.err.printf(\" PRImary slot #%d, hash %X\\n\", (offset>>2), hash & 0x7F);\n            return offset;\n        }\n        // then secondary\n        int offset2 = _secondaryStart + ((offset >> 3) << 2);\n        if (hashArea[offset2+3] == 0) {\n//System.err.printf(\" SECondary slot #%d (start x%X), hash %X\\n\",(offset >> 3), _secondaryStart, (hash & 0x7F));\n            return offset2;\n        }\n        // if not, tertiary?\n\n        offset2 = _tertiaryStart + ((offset >> (_tertiaryShift + 2)) << _tertiaryShift);\n        final int bucketSize = (1 << _tertiaryShift);\n        for (int end = offset2 + bucketSize; offset2 < end; offset2 += 4) {\n            if (hashArea[offset2+3] == 0) {\n//System.err.printf(\" TERtiary slot x%X (from x%X, start x%X), hash %X.\\n\", offset2, ((offset >> (_tertiaryShift + 2)) << _tertiaryShift), _tertiaryStart, (hash & 0x7F));\n                return offset2;\n            }\n        }\n\n        // and if even tertiary full, append at the end of spill area\n        offset = _spilloverEnd;\n        _spilloverEnd += 4;\n\n//System.err.printf(\" SPIll-over at x%X; start x%X; end x%X, hash %X\\n\", offset, _spilloverStart(), _hashArea.length, (hash & 0x7F));\n        \n        // one caveat: in the unlikely event if spill-over filling up,\n        // check if that could be considered a DoS attack; handle appropriately\n        // (NOTE: approximate for now; we could verify details if that becomes necessary)\n        /* 31-Jul-2015, tatu: Note that spillover area does NOT end at end of array,\n         *   since \"long names\" area follows. Instead, need to calculate from hash size.\n         */\n        if (_spilloverEnd >= hashArea.length) {"
    },
    {
        "buggy_file": "src/main/java/com/fasterxml/jackson/core/sym/ByteQuadsCanonicalizer.java",
        "buggy_method": {
            "method_name": "calcHash",
            "method_body": "public int calcHash(int q1)\n    {\n        int hash = q1 ^ _seed;\n        /* 29-Mar-2015, tatu: Earlier used 15 + 9 right shifts, which worked ok\n         *    except for one specific problem case: numbers. So needed to make sure\n         *    that all 4 least-significant bits participate in hash. Couple of ways\n         *    to work it out, but this is the simplest, fast and seems to do ok.\n         */\n        hash += (hash >>> 16); // to xor hi- and low- 16-bits\n        hash ^= (hash >>> 12);\n        return hash;\n    }",
            "start_line": 975,
            "end_line": 986,
            "buggy_lines": [
                984
            ]
        },
        "buggy_method_src": "public int calcHash(int q1)\n    {\n        int hash = q1 ^ _seed;\n        /* 29-Mar-2015, tatu: Earlier used 15 + 9 right shifts, which worked ok\n         *    except for one specific problem case: numbers. So needed to make sure\n         *    that all 4 least-significant bits participate in hash. Couple of ways\n         *    to work it out, but this is the simplest, fast and seems to do ok.\n         */\n        hash += (hash >>> 16); // to xor hi- and low- 16-bits\n        hash ^= (hash >>> 12);\n        return hash;\n    }",
        "test_stack": "com.fasterxml.jackson.core.sym.TestByteBasedSymbols::testIssue207\njava.lang.ArrayIndexOutOfBoundsException: 256\n\tat com.fasterxml.jackson.core.sym.ByteQuadsCanonicalizer.addName(ByteQuadsCanonicalizer.java:853)\n\tat com.fasterxml.jackson.core.json.UTF8StreamJsonParser.addName(UTF8StreamJsonParser.java:2340)\n\tat com.fasterxml.jackson.core.json.UTF8StreamJsonParser.parseEscapedName(UTF8StreamJsonParser.java:1980)\n\tat com.fasterxml.jackson.core.json.UTF8StreamJsonParser.slowParseName(UTF8StreamJsonParser.java:1867)\n\tat com.fasterxml.jackson.core.json.UTF8StreamJsonParser._parseName(UTF8StreamJsonParser.java:1651)\n\tat com.fasterxml.jackson.core.json.UTF8StreamJsonParser.nextToken(UTF8StreamJsonParser.java:740)\n\tat com.fasterxml.jackson.core.sym.TestByteBasedSymbols.testIssue207(TestByteBasedSymbols.java:119)\n\tat sun.reflect.NativeMethodAccessorImpl.invoke0(Native Method)\n\tat sun.reflect.NativeMethodAccessorImpl.invoke(NativeMethodAccessorImpl.java:62)\n\tat sun.reflect.DelegatingMethodAccessorImpl.invoke(DelegatingMethodAccessorImpl.java:43)\n\tat java.lang.reflect.Method.invoke(Method.java:498)\n\tat junit.framework.TestCase.runTest(TestCase.java:176)\n\tat junit.framework.TestCase.runBare(TestCase.java:141)\n\tat junit.framework.TestResult$1.protect(TestResult.java:122)\n\tat junit.framework.TestResult.runProtected(TestResult.java:142)\n\tat junit.framework.TestResult.run(TestResult.java:125)\n\tat junit.framework.TestCase.run(TestCase.java:129)\n\tat junit.framework.TestSuite.runTest(TestSuite.java:255)\n\tat junit.framework.TestSuite.run(TestSuite.java:250)\n\tat org.apache.tools.ant.taskdefs.optional.junit.JUnitTestRunner.run(JUnitTestRunner.java:520)\n\tat org.apache.tools.ant.taskdefs.optional.junit.JUnitTask.executeInVM(JUnitTask.java:1484)\n\tat org.apache.tools.ant.taskdefs.optional.junit.JUnitTask.execute(JUnitTask.java:872)\n\tat org.apache.tools.ant.taskdefs.optional.junit.JUnitTask.executeOrQueue(JUnitTask.java:1972)\n\tat org.apache.tools.ant.taskdefs.optional.junit.JUnitTask.execute1(JUnitTask.java:824)\n\tat org.apache.tools.ant.taskdefs.optional.junit.JUnitTask.execute(JUnitTask.java:2277)\n\tat org.apache.tools.ant.UnknownElement.execute(UnknownElement.java:291)\n\tat sun.reflect.GeneratedMethodAccessor4.invoke(Unknown Source)\n\tat sun.reflect.DelegatingMethodAccessorImpl.invoke(DelegatingMethodAccessorImpl.java:43)\n\tat java.lang.reflect.Method.invoke(Method.java:498)\n\tat org.apache.tools.ant.dispatch.DispatchUtils.execute(DispatchUtils.java:106)\n\tat org.apache.tools.ant.Task.perform(Task.java:348)\n\tat org.apache.tools.ant.Target.execute(Target.java:392)\n\tat org.apache.tools.ant.Target.performTasks(Target.java:413)\n\tat org.apache.tools.ant.Project.executeSortedTargets(Project.java:1399)\n\tat org.apache.tools.ant.Project.executeTarget(Project.java:1368)\n\tat org.apache.tools.ant.helper.DefaultExecutor.executeTargets(DefaultExecutor.java:41)\n\tat org.apache.tools.ant.Project.executeTargets(Project.java:1251)\n\tat org.apache.tools.ant.Main.runBuild(Main.java:811)\n\tat org.apache.tools.ant.Main.startAnt(Main.java:217)\n\tat org.apache.tools.ant.launch.Launcher.run(Launcher.java:280)\n\tat org.apache.tools.ant.launch.Launcher.main(Launcher.java:109)\ncom.fasterxml.jackson.core.sym.TestSymbolTables::testCollisionsWithBytesNew187b\njunit.framework.AssertionFailedError: expected:<16384> but was:<32768>\n\tat junit.framework.Assert.fail(Assert.java:57)\n\tat junit.framework.Assert.failNotEquals(Assert.java:329)\n\tat junit.framework.Assert.assertEquals(Assert.java:78)\n\tat junit.framework.Assert.assertEquals(Assert.java:234)\n\tat junit.framework.Assert.assertEquals(Assert.java:241)\n\tat junit.framework.TestCase.assertEquals(TestCase.java:409)\n\tat com.fasterxml.jackson.core.sym.TestSymbolTables.testCollisionsWithBytesNew187b(TestSymbolTables.java:316)\n\tat sun.reflect.NativeMethodAccessorImpl.invoke0(Native Method)\n\tat sun.reflect.NativeMethodAccessorImpl.invoke(NativeMethodAccessorImpl.java:62)\n\tat sun.reflect.DelegatingMethodAccessorImpl.invoke(DelegatingMethodAccessorImpl.java:43)\n\tat java.lang.reflect.Method.invoke(Method.java:498)\n\tat junit.framework.TestCase.runTest(TestCase.java:176)\n\tat junit.framework.TestCase.runBare(TestCase.java:141)\n\tat junit.framework.TestResult$1.protect(TestResult.java:122)\n\tat junit.framework.TestResult.runProtected(TestResult.java:142)\n\tat junit.framework.TestResult.run(TestResult.java:125)\n\tat junit.framework.TestCase.run(TestCase.java:129)\n\tat junit.framework.TestSuite.runTest(TestSuite.java:255)\n\tat junit.framework.TestSuite.run(TestSuite.java:250)\n\tat org.apache.tools.ant.taskdefs.optional.junit.JUnitTestRunner.run(JUnitTestRunner.java:520)\n\tat org.apache.tools.ant.taskdefs.optional.junit.JUnitTask.executeInVM(JUnitTask.java:1484)\n\tat org.apache.tools.ant.taskdefs.optional.junit.JUnitTask.execute(JUnitTask.java:872)\n\tat org.apache.tools.ant.taskdefs.optional.junit.JUnitTask.executeOrQueue(JUnitTask.java:1972)\n\tat org.apache.tools.ant.taskdefs.optional.junit.JUnitTask.execute1(JUnitTask.java:824)\n\tat org.apache.tools.ant.taskdefs.optional.junit.JUnitTask.execute(JUnitTask.java:2277)\n\tat org.apache.tools.ant.UnknownElement.execute(UnknownElement.java:291)\n\tat sun.reflect.GeneratedMethodAccessor4.invoke(Unknown Source)\n\tat sun.reflect.DelegatingMethodAccessorImpl.invoke(DelegatingMethodAccessorImpl.java:43)\n\tat java.lang.reflect.Method.invoke(Method.java:498)\n\tat org.apache.tools.ant.dispatch.DispatchUtils.execute(DispatchUtils.java:106)\n\tat org.apache.tools.ant.Task.perform(Task.java:348)\n\tat org.apache.tools.ant.Target.execute(Target.java:392)\n\tat org.apache.tools.ant.Target.performTasks(Target.java:413)\n\tat org.apache.tools.ant.Project.executeSortedTargets(Project.java:1399)\n\tat org.apache.tools.ant.Project.executeTarget(Project.java:1368)\n\tat org.apache.tools.ant.helper.DefaultExecutor.executeTargets(DefaultExecutor.java:41)\n\tat org.apache.tools.ant.Project.executeTargets(Project.java:1251)\n\tat org.apache.tools.ant.Main.runBuild(Main.java:811)\n\tat org.apache.tools.ant.Main.startAnt(Main.java:217)\n\tat org.apache.tools.ant.launch.Launcher.run(Launcher.java:280)\n\tat org.apache.tools.ant.launch.Launcher.main(Launcher.java:109)\ncom.fasterxml.jackson.core.sym.TestSymbolTables::testSyntheticWithBytesNew\njunit.framework.AssertionFailedError: expected:<8534> but was:<8524>\n\tat junit.framework.Assert.fail(Assert.java:57)\n\tat junit.framework.Assert.failNotEquals(Assert.java:329)\n\tat junit.framework.Assert.assertEquals(Assert.java:78)\n\tat junit.framework.Assert.assertEquals(Assert.java:234)\n\tat junit.framework.Assert.assertEquals(Assert.java:241)\n\tat junit.framework.TestCase.assertEquals(TestCase.java:409)\n\tat com.fasterxml.jackson.core.sym.TestSymbolTables.testSyntheticWithBytesNew(TestSymbolTables.java:82)\n\tat sun.reflect.NativeMethodAccessorImpl.invoke0(Native Method)\n\tat sun.reflect.NativeMethodAccessorImpl.invoke(NativeMethodAccessorImpl.java:62)\n\tat sun.reflect.DelegatingMethodAccessorImpl.invoke(DelegatingMethodAccessorImpl.java:43)\n\tat java.lang.reflect.Method.invoke(Method.java:498)\n\tat junit.framework.TestCase.runTest(TestCase.java:176)\n\tat junit.framework.TestCase.runBare(TestCase.java:141)\n\tat junit.framework.TestResult$1.protect(TestResult.java:122)\n\tat junit.framework.TestResult.runProtected(TestResult.java:142)\n\tat junit.framework.TestResult.run(TestResult.java:125)\n\tat junit.framework.TestCase.run(TestCase.java:129)\n\tat junit.framework.TestSuite.runTest(TestSuite.java:255)\n\tat junit.framework.TestSuite.run(TestSuite.java:250)\n\tat org.apache.tools.ant.taskdefs.optional.junit.JUnitTestRunner.run(JUnitTestRunner.java:520)\n\tat org.apache.tools.ant.taskdefs.optional.junit.JUnitTask.executeInVM(JUnitTask.java:1484)\n\tat org.apache.tools.ant.taskdefs.optional.junit.JUnitTask.execute(JUnitTask.java:872)\n\tat org.apache.tools.ant.taskdefs.optional.junit.JUnitTask.executeOrQueue(JUnitTask.java:1972)\n\tat org.apache.tools.ant.taskdefs.optional.junit.JUnitTask.execute1(JUnitTask.java:824)\n\tat org.apache.tools.ant.taskdefs.optional.junit.JUnitTask.execute(JUnitTask.java:2277)\n\tat org.apache.tools.ant.UnknownElement.execute(UnknownElement.java:291)\n\tat sun.reflect.GeneratedMethodAccessor4.invoke(Unknown Source)\n\tat sun.reflect.DelegatingMethodAccessorImpl.invoke(DelegatingMethodAccessorImpl.java:43)\n\tat java.lang.reflect.Method.invoke(Method.java:498)\n\tat org.apache.tools.ant.dispatch.DispatchUtils.execute(DispatchUtils.java:106)\n\tat org.apache.tools.ant.Task.perform(Task.java:348)\n\tat org.apache.tools.ant.Target.execute(Target.java:392)\n\tat org.apache.tools.ant.Target.performTasks(Target.java:413)\n\tat org.apache.tools.ant.Project.executeSortedTargets(Project.java:1399)\n\tat org.apache.tools.ant.Project.executeTarget(Project.java:1368)\n\tat org.apache.tools.ant.helper.DefaultExecutor.executeTargets(DefaultExecutor.java:41)\n\tat org.apache.tools.ant.Project.executeTargets(Project.java:1251)\n\tat org.apache.tools.ant.Main.runBuild(Main.java:811)\n\tat org.apache.tools.ant.Main.startAnt(Main.java:217)\n\tat org.apache.tools.ant.launch.Launcher.run(Launcher.java:280)\n\tat org.apache.tools.ant.launch.Launcher.main(Launcher.java:109)\ncom.fasterxml.jackson.core.sym.TestSymbolTables::testShortNameCollisionsDirectNew\njunit.framework.AssertionFailedError: expected:<1024> but was:<2048>\n\tat junit.framework.Assert.fail(Assert.java:57)\n\tat junit.framework.Assert.failNotEquals(Assert.java:329)\n\tat junit.framework.Assert.assertEquals(Assert.java:78)\n\tat junit.framework.Assert.assertEquals(Assert.java:234)\n\tat junit.framework.Assert.assertEquals(Assert.java:241)\n\tat junit.framework.TestCase.assertEquals(TestCase.java:409)\n\tat com.fasterxml.jackson.core.sym.TestSymbolTables.testShortNameCollisionsDirectNew(TestSymbolTables.java:473)\n\tat sun.reflect.NativeMethodAccessorImpl.invoke0(Native Method)\n\tat sun.reflect.NativeMethodAccessorImpl.invoke(NativeMethodAccessorImpl.java:62)\n\tat sun.reflect.DelegatingMethodAccessorImpl.invoke(DelegatingMethodAccessorImpl.java:43)\n\tat java.lang.reflect.Method.invoke(Method.java:498)\n\tat junit.framework.TestCase.runTest(TestCase.java:176)\n\tat junit.framework.TestCase.runBare(TestCase.java:141)\n\tat junit.framework.TestResult$1.protect(TestResult.java:122)\n\tat junit.framework.TestResult.runProtected(TestResult.java:142)\n\tat junit.framework.TestResult.run(TestResult.java:125)\n\tat junit.framework.TestCase.run(TestCase.java:129)\n\tat junit.framework.TestSuite.runTest(TestSuite.java:255)\n\tat junit.framework.TestSuite.run(TestSuite.java:250)\n\tat org.apache.tools.ant.taskdefs.optional.junit.JUnitTestRunner.run(JUnitTestRunner.java:520)\n\tat org.apache.tools.ant.taskdefs.optional.junit.JUnitTask.executeInVM(JUnitTask.java:1484)\n\tat org.apache.tools.ant.taskdefs.optional.junit.JUnitTask.execute(JUnitTask.java:872)\n\tat org.apache.tools.ant.taskdefs.optional.junit.JUnitTask.executeOrQueue(JUnitTask.java:1972)\n\tat org.apache.tools.ant.taskdefs.optional.junit.JUnitTask.execute1(JUnitTask.java:824)\n\tat org.apache.tools.ant.taskdefs.optional.junit.JUnitTask.execute(JUnitTask.java:2277)\n\tat org.apache.tools.ant.UnknownElement.execute(UnknownElement.java:291)\n\tat sun.reflect.GeneratedMethodAccessor4.invoke(Unknown Source)\n\tat sun.reflect.DelegatingMethodAccessorImpl.invoke(DelegatingMethodAccessorImpl.java:43)\n\tat java.lang.reflect.Method.invoke(Method.java:498)\n\tat org.apache.tools.ant.dispatch.DispatchUtils.execute(DispatchUtils.java:106)\n\tat org.apache.tools.ant.Task.perform(Task.java:348)\n\tat org.apache.tools.ant.Target.execute(Target.java:392)\n\tat org.apache.tools.ant.Target.performTasks(Target.java:413)\n\tat org.apache.tools.ant.Project.executeSortedTargets(Project.java:1399)\n\tat org.apache.tools.ant.Project.executeTarget(Project.java:1368)\n\tat org.apache.tools.ant.helper.DefaultExecutor.executeTargets(DefaultExecutor.java:41)\n\tat org.apache.tools.ant.Project.executeTargets(Project.java:1251)\n\tat org.apache.tools.ant.Main.runBuild(Main.java:811)\n\tat org.apache.tools.ant.Main.startAnt(Main.java:217)\n\tat org.apache.tools.ant.launch.Launcher.run(Launcher.java:280)\n\tat org.apache.tools.ant.launch.Launcher.main(Launcher.java:109)\n",
        "test_assert": "while (p.nextToken() != null) { }\n",
        "buggy_lines_in_method": [
            10
        ],
        "buggy_statements": [
            "        hash ^= (hash >>> 12);"
        ],
        "buggy_method_src_endswith_buggy_statement": "public int calcHash(int q1)\n    {\n        int hash = q1 ^ _seed;\n        /* 29-Mar-2015, tatu: Earlier used 15 + 9 right shifts, which worked ok\n         *    except for one specific problem case: numbers. So needed to make sure\n         *    that all 4 least-significant bits participate in hash. Couple of ways\n         *    to work it out, but this is the simplest, fast and seems to do ok.\n         */\n        hash += (hash >>> 16); // to xor hi- and low- 16-bits\n        hash ^= (hash >>> 12);"
    }
]