{
    "overall_status": {
        "prompt_apr_1": {
            "ernie-3.5-128k": "Compile failed",
            "qwen-turbo": "Compile failed",
            "doubao-pro-4k": "Fail some tests",
            "gpt-4o-mini": "Fail some tests",
            "deepseek-chat": "Compile failed"
        },
        "prompt_apr_2": {
            "ernie-3.5-128k": "Compile failed",
            "qwen-turbo": "Compile failed",
            "doubao-pro-4k": "Fail some tests",
            "gpt-4o-mini": "Compile failed",
            "deepseek-chat": "Fail some tests"
        },
        "prompt_apr_3": {
            "ernie-3.5-128k": "Compile failed",
            "qwen-turbo": "Compile failed",
            "doubao-pro-4k": "Fail some tests",
            "gpt-4o-mini": "Compile failed",
            "deepseek-chat": "Compile failed"
        },
        "prompt_apr_4": {
            "ernie-3.5-128k": "Compile failed",
            "qwen-turbo": "Fail some tests",
            "doubao-pro-4k": "Fail some tests",
            "gpt-4o-mini": "Compile failed",
            "deepseek-chat": "Fail some tests"
        },
        "prompt_apr_5": {
            "ernie-3.5-128k": "Fail some tests",
            "qwen-turbo": "Compile failed",
            "doubao-pro-4k": "Fail some tests",
            "gpt-4o-mini": "Compile failed",
            "deepseek-chat": "Compile failed"
        },
        "prompt_apr_6": {
            "ernie-3.5-128k": "Compile failed",
            "qwen-turbo": "Compile failed",
            "doubao-pro-4k": "Compile failed",
            "gpt-4o-mini": "Compile failed",
            "deepseek-chat": "Fail some tests"
        }
    },
    "check_results_list": {
        "prompt_apr_1": {
            "ernie-3.5-128k": {
                "compile": {
                    "rc": 1,
                    "so": "",
                    "se": "Running ant (compile)...................................................... FAIL\nExecuted command:  cd /data/cmd/Ming/llm-fl-apr/tmp/Jsoup_1-prompt_apr_1-ernie-3.5-128k && /data/cmd/Ming/LLM_Based-Mutation/tools/mutant/defects4j-2.1.0/major/bin/ant -f /data/cmd/Ming/LLM_Based-Mutation/tools/mutant/defects4j-2.1.0/framework/projects/defects4j.build.xml -Dd4j.home=/data/cmd/Ming/LLM_Based-Mutation/tools/mutant/defects4j-2.1.0 -Dd4j.dir.projects=/data/cmd/Ming/LLM_Based-Mutation/tools/mutant/defects4j-2.1.0/framework/projects -Dbasedir=/data/cmd/Ming/llm-fl-apr/tmp/Jsoup_1-prompt_apr_1-ernie-3.5-128k -Dbuild.compiler=javac1.7  compile 2>&1\nJava HotSpot(TM) 64-Bit Server VM warning: ignoring option MaxPermSize=1G; support was removed in 8.0\nBuildfile: /data/cmd/Ming/LLM_Based-Mutation/tools/mutant/defects4j-2.1.0/framework/projects/defects4j.build.xml\n\ntest-offline:\n\nget-deps:\n\njsoup-from-maven.compile:\n    [mkdir] Created dir: /data/cmd/Ming/llm-fl-apr/tmp/Jsoup_1-prompt_apr_1-ernie-3.5-128k/target/classes\n    [javac] /data/cmd/Ming/llm-fl-apr/tmp/Jsoup_1-prompt_apr_1-ernie-3.5-128k/maven-build.xml:77: warning: 'includeantruntime' was not set, defaulting to build.sysclasspath=last; set to false for repeatable builds\n    [javac] Compiling 27 source files to /data/cmd/Ming/llm-fl-apr/tmp/Jsoup_1-prompt_apr_1-ernie-3.5-128k/target/classes\n    [javac] warning: [options] bootstrap class path not set in conjunction with -source 1.5\n    [javac] /data/cmd/Ming/llm-fl-apr/tmp/Jsoup_1-prompt_apr_1-ernie-3.5-128k/src/main/java/org/jsoup/nodes/Document.java:134: error: illegal start of type\n    [javac] **Note**: The correction assumes that `body()` method in your context refers to getting the body of the document that contains the `element`. However, it is more logical to append the new text node and the moved node directly to the `element`'s parent (if that is the intended behavior) rather than to the body of the document, unless `body()` has a different specific meaning in your context that we are not aware of. The above code assumes `element.getParentElement().body()` is a valid way to get to the body where these nodes should be appended. If `body()` should refer to a different part of the DOM, you will need to adjust the code accordingly.\n    [javac] ^\n    [javac] /data/cmd/Ming/llm-fl-apr/tmp/Jsoup_1-prompt_apr_1-ernie-3.5-128k/src/main/java/org/jsoup/nodes/Document.java:134: error: ';' expected\n    [javac] **Note**: The correction assumes that `body()` method in your context refers to getting the body of the document that contains the `element`. However, it is more logical to append the new text node and the moved node directly to the `element`'s parent (if that is the intended behavior) rather than to the body of the document, unless `body()` has a different specific meaning in your context that we are not aware of. The above code assumes `element.getParentElement().body()` is a valid way to get to the body where these nodes should be appended. If `body()` should refer to a different part of the DOM, you will need to adjust the code accordingly.\n    [javac]  ^\n    [javac] /data/cmd/Ming/llm-fl-apr/tmp/Jsoup_1-prompt_apr_1-ernie-3.5-128k/src/main/java/org/jsoup/nodes/Document.java:134: error: <identifier> expected\n    [javac] **Note**: The correction assumes that `body()` method in your context refers to getting the body of the document that contains the `element`. However, it is more logical to append the new text node and the moved node directly to the `element`'s parent (if that is the intended behavior) rather than to the body of the document, unless `body()` has a different specific meaning in your context that we are not aware of. The above code assumes `element.getParentElement().body()` is a valid way to get to the body where these nodes should be appended. If `body()` should refer to a different part of the DOM, you will need to adjust the code accordingly.\n    [javac]       ^\n    [javac] /data/cmd/Ming/llm-fl-apr/tmp/Jsoup_1-prompt_apr_1-ernie-3.5-128k/src/main/java/org/jsoup/nodes/Document.java:134: error: illegal start of type\n    [javac] **Note**: The correction assumes that `body()` method in your context refers to getting the body of the document that contains the `element`. However, it is more logical to append the new text node and the moved node directly to the `element`'s parent (if that is the intended behavior) rather than to the body of the document, unless `body()` has a different specific meaning in your context that we are not aware of. The above code assumes `element.getParentElement().body()` is a valid way to get to the body where these nodes should be appended. If `body()` should refer to a different part of the DOM, you will need to adjust the code accordingly.\n    [javac]        ^\n    [javac] /data/cmd/Ming/llm-fl-apr/tmp/Jsoup_1-prompt_apr_1-ernie-3.5-128k/src/main/java/org/jsoup/nodes/Document.java:134: error: <identifier> expected\n    [javac] **Note**: The correction assumes that `body()` method in your context refers to getting the body of the document that contains the `element`. However, it is more logical to append the new text node and the moved node directly to the `element`'s parent (if that is the intended behavior) rather than to the body of the document, unless `body()` has a different specific meaning in your context that we are not aware of. The above code assumes `element.getParentElement().body()` is a valid way to get to the body where these nodes should be appended. If `body()` should refer to a different part of the DOM, you will need to adjust the code accordingly.\n    [javac]         ^\n    [javac] /data/cmd/Ming/llm-fl-apr/tmp/Jsoup_1-prompt_apr_1-ernie-3.5-128k/src/main/java/org/jsoup/nodes/Document.java:134: error: ';' expected\n    [javac] **Note**: The correction assumes that `body()` method in your context refers to getting the body of the document that contains the `element`. However, it is more logical to append the new text node and the moved node directly to the `element`'s parent (if that is the intended behavior) rather than to the body of the document, unless `body()` has a different specific meaning in your context that we are not aware of. The above code assumes `element.getParentElement().body()` is a valid way to get to the body where these nodes should be appended. If `body()` should refer to a different part of the DOM, you will need to adjust the code accordingly.\n    [javac]          ^\n    [javac] /data/cmd/Ming/llm-fl-apr/tmp/Jsoup_1-prompt_apr_1-ernie-3.5-128k/src/main/java/org/jsoup/nodes/Document.java:134: error: ';' expected\n    [javac] **Note**: The correction assumes that `body()` method in your context refers to getting the body of the document that contains the `element`. However, it is more logical to append the new text node and the moved node directly to the `element`'s parent (if that is the intended behavior) rather than to the body of the document, unless `body()` has a different specific meaning in your context that we are not aware of. The above code assumes `element.getParentElement().body()` is a valid way to get to the body where these nodes should be appended. If `body()` should refer to a different part of the DOM, you will need to adjust the code accordingly.\n    [javac]                                 ^\n    [javac] /data/cmd/Ming/llm-fl-apr/tmp/Jsoup_1-prompt_apr_1-ernie-3.5-128k/src/main/java/org/jsoup/nodes/Document.java:134: error: illegal character: \\96\n    [javac] **Note**: The correction assumes that `body()` method in your context refers to getting the body of the document that contains the `element`. However, it is more logical to append the new text node and the moved node directly to the `element`'s parent (if that is the intended behavior) rather than to the body of the document, unless `body()` has a different specific meaning in your context that we are not aware of. The above code assumes `element.getParentElement().body()` is a valid way to get to the body where these nodes should be appended. If `body()` should refer to a different part of the DOM, you will need to adjust the code accordingly.\n    [javac]                                       ^\n    [javac] /data/cmd/Ming/llm-fl-apr/tmp/Jsoup_1-prompt_apr_1-ernie-3.5-128k/src/main/java/org/jsoup/nodes/Document.java:134: error: invalid method declaration; return type required\n    [javac] **Note**: The correction assumes that `body()` method in your context refers to getting the body of the document that contains the `element`. However, it is more logical to append the new text node and the moved node directly to the `element`'s parent (if that is the intended behavior) rather than to the body of the document, unless `body()` has a different specific meaning in your context that we are not aware of. The above code assumes `element.getParentElement().body()` is a valid way to get to the body where these nodes should be appended. If `body()` should refer to a different part of the DOM, you will need to adjust the code accordingly.\n    [javac]                                        ^\n    [javac] /data/cmd/Ming/llm-fl-apr/tmp/Jsoup_1-prompt_apr_1-ernie-3.5-128k/src/main/java/org/jsoup/nodes/Document.java:134: error: illegal character: \\96\n    [javac] **Note**: The correction assumes that `body()` method in your context refers to getting the body of the document that contains the `element`. However, it is more logical to append the new text node and the moved node directly to the `element`'s parent (if that is the intended behavior) rather than to the body of the document, unless `body()` has a different specific meaning in your context that we are not aware of. The above code assumes `element.getParentElement().body()` is a valid way to get to the body where these nodes should be appended. If `body()` should refer to a different part of the DOM, you will need to adjust the code accordingly.\n    [javac]                                              ^\n    [javac] /data/cmd/Ming/llm-fl-apr/tmp/Jsoup_1-prompt_apr_1-ernie-3.5-128k/src/main/java/org/jsoup/nodes/Document.java:134: error: illegal character: \\96\n    [javac] **Note**: The correction assumes that `body()` method in your context refers to getting the body of the document that contains the `element`. However, it is more logical to append the new text node and the moved node directly to the `element`'s parent (if that is the intended behavior) rather than to the body of the document, unless `body()` has a different specific meaning in your context that we are not aware of. The above code assumes `element.getParentElement().body()` is a valid way to get to the body where these nodes should be appended. If `body()` should refer to a different part of the DOM, you will need to adjust the code accordingly.\n    [javac]                                                                                                                                    ^\n    [javac] /data/cmd/Ming/llm-fl-apr/tmp/Jsoup_1-prompt_apr_1-ernie-3.5-128k/src/main/java/org/jsoup/nodes/Document.java:134: error: illegal character: \\96\n    [javac] **Note**: The correction assumes that `body()` method in your context refers to getting the body of the document that contains the `element`. However, it is more logical to append the new text node and the moved node directly to the `element`'s parent (if that is the intended behavior) rather than to the body of the document, unless `body()` has a different specific meaning in your context that we are not aware of. The above code assumes `element.getParentElement().body()` is a valid way to get to the body where these nodes should be appended. If `body()` should refer to a different part of the DOM, you will need to adjust the code accordingly.\n    [javac]                                                                                                                                            ^\n    [javac] /data/cmd/Ming/llm-fl-apr/tmp/Jsoup_1-prompt_apr_1-ernie-3.5-128k/src/main/java/org/jsoup/nodes/Document.java:134: error: illegal character: \\96\n    [javac] **Note**: The correction assumes that `body()` method in your context refers to getting the body of the document that contains the `element`. However, it is more logical to append the new text node and the moved node directly to the `element`'s parent (if that is the intended behavior) rather than to the body of the document, unless `body()` has a different specific meaning in your context that we are not aware of. The above code assumes `element.getParentElement().body()` is a valid way to get to the body where these nodes should be appended. If `body()` should refer to a different part of the DOM, you will need to adjust the code accordingly.\n    [javac]                                                                                                                                                                                                                                          ^\n    [javac] /data/cmd/Ming/llm-fl-apr/tmp/Jsoup_1-prompt_apr_1-ernie-3.5-128k/src/main/java/org/jsoup/nodes/Document.java:134: error: illegal character: \\96\n    [javac] **Note**: The correction assumes that `body()` method in your context refers to getting the body of the document that contains the `element`. However, it is more logical to append the new text node and the moved node directly to the `element`'s parent (if that is the intended behavior) rather than to the body of the document, unless `body()` has a different specific meaning in your context that we are not aware of. The above code assumes `element.getParentElement().body()` is a valid way to get to the body where these nodes should be appended. If `body()` should refer to a different part of the DOM, you will need to adjust the code accordingly.\n    [javac]                                                                                                                                                                                                                                                  ^\n    [javac] /data/cmd/Ming/llm-fl-apr/tmp/Jsoup_1-prompt_apr_1-ernie-3.5-128k/src/main/java/org/jsoup/nodes/Document.java:134: error: unclosed character literal\n    [javac] **Note**: The correction assumes that `body()` method in your context refers to getting the body of the document that contains the `element`. However, it is more logical to append the new text node and the moved node directly to the `element`'s parent (if that is the intended behavior) rather than to the body of the document, unless `body()` has a different specific meaning in your context that we are not aware of. The above code assumes `element.getParentElement().body()` is a valid way to get to the body where these nodes should be appended. If `body()` should refer to a different part of the DOM, you will need to adjust the code accordingly.\n    [javac]                                                                                                                                                                                                                                                   ^\n    [javac] /data/cmd/Ming/llm-fl-apr/tmp/Jsoup_1-prompt_apr_1-ernie-3.5-128k/src/main/java/org/jsoup/nodes/Document.java:134: error: illegal character: \\96\n    [javac] **Note**: The correction assumes that `body()` method in your context refers to getting the body of the document that contains the `element`. However, it is more logical to append the new text node and the moved node directly to the `element`'s parent (if that is the intended behavior) rather than to the body of the document, unless `body()` has a different specific meaning in your context that we are not aware of. The above code assumes `element.getParentElement().body()` is a valid way to get to the body where these nodes should be appended. If `body()` should refer to a different part of the DOM, you will need to adjust the code accordingly.\n    [javac]                                                                                                                                                                                                                                                                                                                                                ^\n    [javac] /data/cmd/Ming/llm-fl-apr/tmp/Jsoup_1-prompt_apr_1-ernie-3.5-128k/src/main/java/org/jsoup/nodes/Document.java:134: error: illegal character: \\96\n    [javac] **Note**: The correction assumes that `body()` method in your context refers to getting the body of the document that contains the `element`. However, it is more logical to append the new text node and the moved node directly to the `element`'s parent (if that is the intended behavior) rather than to the body of the document, unless `body()` has a different specific meaning in your context that we are not aware of. The above code assumes `element.getParentElement().body()` is a valid way to get to the body where these nodes should be appended. If `body()` should refer to a different part of the DOM, you will need to adjust the code accordingly.\n    [javac]                                                                                                                                                                                                                                                                                                                                                       ^\n    [javac] /data/cmd/Ming/llm-fl-apr/tmp/Jsoup_1-prompt_apr_1-ernie-3.5-128k/src/main/java/org/jsoup/nodes/Document.java:134: error: illegal character: \\96\n    [javac] **Note**: The correction assumes that `body()` method in your context refers to getting the body of the document that contains the `element`. However, it is more logical to append the new text node and the moved node directly to the `element`'s parent (if that is the intended behavior) rather than to the body of the document, unless `body()` has a different specific meaning in your context that we are not aware of. The above code assumes `element.getParentElement().body()` is a valid way to get to the body where these nodes should be appended. If `body()` should refer to a different part of the DOM, you will need to adjust the code accordingly.\n    [javac]                                                                                                                                                                                                                                                                                                                                                                                                                                                           ^\n    [javac] /data/cmd/Ming/llm-fl-apr/tmp/Jsoup_1-prompt_apr_1-ernie-3.5-128k/src/main/java/org/jsoup/nodes/Document.java:134: error: illegal character: \\96\n    [javac] **Note**: The correction assumes that `body()` method in your context refers to getting the body of the document that contains the `element`. However, it is more logical to append the new text node and the moved node directly to the `element`'s parent (if that is the intended behavior) rather than to the body of the document, unless `body()` has a different specific meaning in your context that we are not aware of. The above code assumes `element.getParentElement().body()` is a valid way to get to the body where these nodes should be appended. If `body()` should refer to a different part of the DOM, you will need to adjust the code accordingly.\n    [javac]                                                                                                                                                                                                                                                                                                                                                                                                                                                                                             ^\n    [javac] /data/cmd/Ming/llm-fl-apr/tmp/Jsoup_1-prompt_apr_1-ernie-3.5-128k/src/main/java/org/jsoup/nodes/Document.java:134: error: illegal character: \\96\n    [javac] **Note**: The correction assumes that `body()` method in your context refers to getting the body of the document that contains the `element`. However, it is more logical to append the new text node and the moved node directly to the `element`'s parent (if that is the intended behavior) rather than to the body of the document, unless `body()` has a different specific meaning in your context that we are not aware of. The above code assumes `element.getParentElement().body()` is a valid way to get to the body where these nodes should be appended. If `body()` should refer to a different part of the DOM, you will need to adjust the code accordingly.\n    [javac]                                                                                                                                                                                                                                                                                                                                                                                                                                                                                                                                                                          ^\n    [javac] /data/cmd/Ming/llm-fl-apr/tmp/Jsoup_1-prompt_apr_1-ernie-3.5-128k/src/main/java/org/jsoup/nodes/Document.java:134: error: illegal character: \\96\n    [javac] **Note**: The correction assumes that `body()` method in your context refers to getting the body of the document that contains the `element`. However, it is more logical to append the new text node and the moved node directly to the `element`'s parent (if that is the intended behavior) rather than to the body of the document, unless `body()` has a different specific meaning in your context that we are not aware of. The above code assumes `element.getParentElement().body()` is a valid way to get to the body where these nodes should be appended. If `body()` should refer to a different part of the DOM, you will need to adjust the code accordingly.\n    [javac]                                                                                                                                                                                                                                                                                                                                                                                                                                                                                                                                                                                 ^\n    [javac] 21 errors\n    [javac] 1 warning\n\nBUILD FAILED\n/data/cmd/Ming/llm-fl-apr/tmp/Jsoup_1-prompt_apr_1-ernie-3.5-128k/maven-build.xml:77: Compile failed; see the compiler error output for details.\n\nTotal time: 1 second\nCannot compile sources! at /data/cmd/Ming/LLM_Based-Mutation/tools/mutant/defects4j-2.1.0/framework/bin/d4j/d4j-compile line 82.\nCompilation failed in require at /data/cmd/Ming/LLM_Based-Mutation/tools/mutant/defects4j-2.1.0/framework/bin/defects4j line 195.\n"
                }
            },
            "qwen-turbo": {
                "compile": {
                    "rc": 1,
                    "so": "",
                    "se": "Running ant (compile)...................................................... FAIL\nExecuted command:  cd /data/cmd/Ming/llm-fl-apr/tmp/Jsoup_1-prompt_apr_1-qwen-turbo && /data/cmd/Ming/LLM_Based-Mutation/tools/mutant/defects4j-2.1.0/major/bin/ant -f /data/cmd/Ming/LLM_Based-Mutation/tools/mutant/defects4j-2.1.0/framework/projects/defects4j.build.xml -Dd4j.home=/data/cmd/Ming/LLM_Based-Mutation/tools/mutant/defects4j-2.1.0 -Dd4j.dir.projects=/data/cmd/Ming/LLM_Based-Mutation/tools/mutant/defects4j-2.1.0/framework/projects -Dbasedir=/data/cmd/Ming/llm-fl-apr/tmp/Jsoup_1-prompt_apr_1-qwen-turbo -Dbuild.compiler=javac1.7  compile 2>&1\nJava HotSpot(TM) 64-Bit Server VM warning: ignoring option MaxPermSize=1G; support was removed in 8.0\nBuildfile: /data/cmd/Ming/LLM_Based-Mutation/tools/mutant/defects4j-2.1.0/framework/projects/defects4j.build.xml\n\ntest-offline:\n\nget-deps:\n\njsoup-from-maven.compile:\n    [mkdir] Created dir: /data/cmd/Ming/llm-fl-apr/tmp/Jsoup_1-prompt_apr_1-qwen-turbo/target/classes\n    [javac] /data/cmd/Ming/llm-fl-apr/tmp/Jsoup_1-prompt_apr_1-qwen-turbo/maven-build.xml:77: warning: 'includeantruntime' was not set, defaulting to build.sysclasspath=last; set to false for repeatable builds\n    [javac] Compiling 27 source files to /data/cmd/Ming/llm-fl-apr/tmp/Jsoup_1-prompt_apr_1-qwen-turbo/target/classes\n    [javac] warning: [options] bootstrap class path not set in conjunction with -source 1.5\n    [javac] /data/cmd/Ming/llm-fl-apr/tmp/Jsoup_1-prompt_apr_1-qwen-turbo/src/main/java/org/jsoup/nodes/Document.java:113: error: <identifier> expected\n    [javac] Certainly! The issue in your code is that you are appending a space and then immediately appending another node right after it, which might not be the intended behavior. Instead, you should append the space only once before appending all the non-blank text nodes. Here's the corrected version of your method:\n    [javac]          ^\n    [javac] /data/cmd/Ming/llm-fl-apr/tmp/Jsoup_1-prompt_apr_1-qwen-turbo/src/main/java/org/jsoup/nodes/Document.java:113: error: ';' expected\n    [javac] Certainly! The issue in your code is that you are appending a space and then immediately appending another node right after it, which might not be the intended behavior. Instead, you should append the space only once before appending all the non-blank text nodes. Here's the corrected version of your method:\n    [javac]                     ^\n    [javac] /data/cmd/Ming/llm-fl-apr/tmp/Jsoup_1-prompt_apr_1-qwen-turbo/src/main/java/org/jsoup/nodes/Document.java:113: error: ';' expected\n    [javac] Certainly! The issue in your code is that you are appending a space and then immediately appending another node right after it, which might not be the intended behavior. Instead, you should append the space only once before appending all the non-blank text nodes. Here's the corrected version of your method:\n    [javac]                             ^\n    [javac] /data/cmd/Ming/llm-fl-apr/tmp/Jsoup_1-prompt_apr_1-qwen-turbo/src/main/java/org/jsoup/nodes/Document.java:113: error: ';' expected\n    [javac] Certainly! The issue in your code is that you are appending a space and then immediately appending another node right after it, which might not be the intended behavior. Instead, you should append the space only once before appending all the non-blank text nodes. Here's the corrected version of your method:\n    [javac]                                     ^\n    [javac] /data/cmd/Ming/llm-fl-apr/tmp/Jsoup_1-prompt_apr_1-qwen-turbo/src/main/java/org/jsoup/nodes/Document.java:113: error: ';' expected\n    [javac] Certainly! The issue in your code is that you are appending a space and then immediately appending another node right after it, which might not be the intended behavior. Instead, you should append the space only once before appending all the non-blank text nodes. Here's the corrected version of your method:\n    [javac]                                              ^\n    [javac] /data/cmd/Ming/llm-fl-apr/tmp/Jsoup_1-prompt_apr_1-qwen-turbo/src/main/java/org/jsoup/nodes/Document.java:113: error: ';' expected\n    [javac] Certainly! The issue in your code is that you are appending a space and then immediately appending another node right after it, which might not be the intended behavior. Instead, you should append the space only once before appending all the non-blank text nodes. Here's the corrected version of your method:\n    [javac]                                                            ^\n    [javac] /data/cmd/Ming/llm-fl-apr/tmp/Jsoup_1-prompt_apr_1-qwen-turbo/src/main/java/org/jsoup/nodes/Document.java:113: error: ';' expected\n    [javac] Certainly! The issue in your code is that you are appending a space and then immediately appending another node right after it, which might not be the intended behavior. Instead, you should append the space only once before appending all the non-blank text nodes. Here's the corrected version of your method:\n    [javac]                                                                    ^\n    [javac] /data/cmd/Ming/llm-fl-apr/tmp/Jsoup_1-prompt_apr_1-qwen-turbo/src/main/java/org/jsoup/nodes/Document.java:113: error: ';' expected\n    [javac] Certainly! The issue in your code is that you are appending a space and then immediately appending another node right after it, which might not be the intended behavior. Instead, you should append the space only once before appending all the non-blank text nodes. Here's the corrected version of your method:\n    [javac]                                                                             ^\n    [javac] /data/cmd/Ming/llm-fl-apr/tmp/Jsoup_1-prompt_apr_1-qwen-turbo/src/main/java/org/jsoup/nodes/Document.java:113: error: ';' expected\n    [javac] Certainly! The issue in your code is that you are appending a space and then immediately appending another node right after it, which might not be the intended behavior. Instead, you should append the space only once before appending all the non-blank text nodes. Here's the corrected version of your method:\n    [javac]                                                                                                   ^\n    [javac] /data/cmd/Ming/llm-fl-apr/tmp/Jsoup_1-prompt_apr_1-qwen-turbo/src/main/java/org/jsoup/nodes/Document.java:113: error: ';' expected\n    [javac] Certainly! The issue in your code is that you are appending a space and then immediately appending another node right after it, which might not be the intended behavior. Instead, you should append the space only once before appending all the non-blank text nodes. Here's the corrected version of your method:\n    [javac]                                                                                                                ^\n    [javac] /data/cmd/Ming/llm-fl-apr/tmp/Jsoup_1-prompt_apr_1-qwen-turbo/src/main/java/org/jsoup/nodes/Document.java:113: error: ';' expected\n    [javac] Certainly! The issue in your code is that you are appending a space and then immediately appending another node right after it, which might not be the intended behavior. Instead, you should append the space only once before appending all the non-blank text nodes. Here's the corrected version of your method:\n    [javac]                                                                                                                            ^\n    [javac] /data/cmd/Ming/llm-fl-apr/tmp/Jsoup_1-prompt_apr_1-qwen-turbo/src/main/java/org/jsoup/nodes/Document.java:113: error: <identifier> expected\n    [javac] Certainly! The issue in your code is that you are appending a space and then immediately appending another node right after it, which might not be the intended behavior. Instead, you should append the space only once before appending all the non-blank text nodes. Here's the corrected version of your method:\n    [javac]                                                                                                                               ^\n    [javac] /data/cmd/Ming/llm-fl-apr/tmp/Jsoup_1-prompt_apr_1-qwen-turbo/src/main/java/org/jsoup/nodes/Document.java:113: error: ';' expected\n    [javac] Certainly! The issue in your code is that you are appending a space and then immediately appending another node right after it, which might not be the intended behavior. Instead, you should append the space only once before appending all the non-blank text nodes. Here's the corrected version of your method:\n    [javac]                                                                                                                                      ^\n    [javac] /data/cmd/Ming/llm-fl-apr/tmp/Jsoup_1-prompt_apr_1-qwen-turbo/src/main/java/org/jsoup/nodes/Document.java:113: error: ';' expected\n    [javac] Certainly! The issue in your code is that you are appending a space and then immediately appending another node right after it, which might not be the intended behavior. Instead, you should append the space only once before appending all the non-blank text nodes. Here's the corrected version of your method:\n    [javac]                                                                                                                                                ^\n    [javac] /data/cmd/Ming/llm-fl-apr/tmp/Jsoup_1-prompt_apr_1-qwen-turbo/src/main/java/org/jsoup/nodes/Document.java:113: error: ';' expected\n    [javac] Certainly! The issue in your code is that you are appending a space and then immediately appending another node right after it, which might not be the intended behavior. Instead, you should append the space only once before appending all the non-blank text nodes. Here's the corrected version of your method:\n    [javac]                                                                                                                                                       ^\n    [javac] /data/cmd/Ming/llm-fl-apr/tmp/Jsoup_1-prompt_apr_1-qwen-turbo/src/main/java/org/jsoup/nodes/Document.java:113: error: ';' expected\n    [javac] Certainly! The issue in your code is that you are appending a space and then immediately appending another node right after it, which might not be the intended behavior. Instead, you should append the space only once before appending all the non-blank text nodes. Here's the corrected version of your method:\n    [javac]                                                                                                                                                                         ^\n    [javac] /data/cmd/Ming/llm-fl-apr/tmp/Jsoup_1-prompt_apr_1-qwen-turbo/src/main/java/org/jsoup/nodes/Document.java:113: error: <identifier> expected\n    [javac] Certainly! The issue in your code is that you are appending a space and then immediately appending another node right after it, which might not be the intended behavior. Instead, you should append the space only once before appending all the non-blank text nodes. Here's the corrected version of your method:\n    [javac]                                                                                                                                                                                  ^\n    [javac] /data/cmd/Ming/llm-fl-apr/tmp/Jsoup_1-prompt_apr_1-qwen-turbo/src/main/java/org/jsoup/nodes/Document.java:113: error: ';' expected\n    [javac] Certainly! The issue in your code is that you are appending a space and then immediately appending another node right after it, which might not be the intended behavior. Instead, you should append the space only once before appending all the non-blank text nodes. Here's the corrected version of your method:\n    [javac]                                                                                                                                                                                       ^\n    [javac] /data/cmd/Ming/llm-fl-apr/tmp/Jsoup_1-prompt_apr_1-qwen-turbo/src/main/java/org/jsoup/nodes/Document.java:113: error: ';' expected\n    [javac] Certainly! The issue in your code is that you are appending a space and then immediately appending another node right after it, which might not be the intended behavior. Instead, you should append the space only once before appending all the non-blank text nodes. Here's the corrected version of your method:\n    [javac]                                                                                                                                                                                                     ^\n    [javac] /data/cmd/Ming/llm-fl-apr/tmp/Jsoup_1-prompt_apr_1-qwen-turbo/src/main/java/org/jsoup/nodes/Document.java:113: error: ';' expected\n    [javac] Certainly! The issue in your code is that you are appending a space and then immediately appending another node right after it, which might not be the intended behavior. Instead, you should append the space only once before appending all the non-blank text nodes. Here's the corrected version of your method:\n    [javac]                                                                                                                                                                                                               ^\n    [javac] /data/cmd/Ming/llm-fl-apr/tmp/Jsoup_1-prompt_apr_1-qwen-turbo/src/main/java/org/jsoup/nodes/Document.java:113: error: ';' expected\n    [javac] Certainly! The issue in your code is that you are appending a space and then immediately appending another node right after it, which might not be the intended behavior. Instead, you should append the space only once before appending all the non-blank text nodes. Here's the corrected version of your method:\n    [javac]                                                                                                                                                                                                                         ^\n    [javac] /data/cmd/Ming/llm-fl-apr/tmp/Jsoup_1-prompt_apr_1-qwen-turbo/src/main/java/org/jsoup/nodes/Document.java:113: error: ';' expected\n    [javac] Certainly! The issue in your code is that you are appending a space and then immediately appending another node right after it, which might not be the intended behavior. Instead, you should append the space only once before appending all the non-blank text nodes. Here's the corrected version of your method:\n    [javac]                                                                                                                                                                                                                                          ^\n    [javac] /data/cmd/Ming/llm-fl-apr/tmp/Jsoup_1-prompt_apr_1-qwen-turbo/src/main/java/org/jsoup/nodes/Document.java:113: error: ';' expected\n    [javac] Certainly! The issue in your code is that you are appending a space and then immediately appending another node right after it, which might not be the intended behavior. Instead, you should append the space only once before appending all the non-blank text nodes. Here's the corrected version of your method:\n    [javac]                                                                                                                                                                                                                                                  ^\n    [javac] /data/cmd/Ming/llm-fl-apr/tmp/Jsoup_1-prompt_apr_1-qwen-turbo/src/main/java/org/jsoup/nodes/Document.java:113: error: <identifier> expected\n    [javac] Certainly! The issue in your code is that you are appending a space and then immediately appending another node right after it, which might not be the intended behavior. Instead, you should append the space only once before appending all the non-blank text nodes. Here's the corrected version of your method:\n    [javac]                                                                                                                                                                                                                                                      ^\n    [javac] /data/cmd/Ming/llm-fl-apr/tmp/Jsoup_1-prompt_apr_1-qwen-turbo/src/main/java/org/jsoup/nodes/Document.java:113: error: ';' expected\n    [javac] Certainly! The issue in your code is that you are appending a space and then immediately appending another node right after it, which might not be the intended behavior. Instead, you should append the space only once before appending all the non-blank text nodes. Here's the corrected version of your method:\n    [javac]                                                                                                                                                                                                                                                                 ^\n    [javac] /data/cmd/Ming/llm-fl-apr/tmp/Jsoup_1-prompt_apr_1-qwen-turbo/src/main/java/org/jsoup/nodes/Document.java:113: error: unclosed character literal\n    [javac] Certainly! The issue in your code is that you are appending a space and then immediately appending another node right after it, which might not be the intended behavior. Instead, you should append the space only once before appending all the non-blank text nodes. Here's the corrected version of your method:\n    [javac]                                                                                                                                                                                                                                                                             ^\n    [javac] /data/cmd/Ming/llm-fl-apr/tmp/Jsoup_1-prompt_apr_1-qwen-turbo/src/main/java/org/jsoup/nodes/Document.java:113: error: ';' expected\n    [javac] Certainly! The issue in your code is that you are appending a space and then immediately appending another node right after it, which might not be the intended behavior. Instead, you should append the space only once before appending all the non-blank text nodes. Here's the corrected version of your method:\n    [javac]                                                                                                                                                                                                                                                                                             ^\n    [javac] /data/cmd/Ming/llm-fl-apr/tmp/Jsoup_1-prompt_apr_1-qwen-turbo/src/main/java/org/jsoup/nodes/Document.java:113: error: ';' expected\n    [javac] Certainly! The issue in your code is that you are appending a space and then immediately appending another node right after it, which might not be the intended behavior. Instead, you should append the space only once before appending all the non-blank text nodes. Here's the corrected version of your method:\n    [javac]                                                                                                                                                                                                                                                                                                        ^\n    [javac] /data/cmd/Ming/llm-fl-apr/tmp/Jsoup_1-prompt_apr_1-qwen-turbo/src/main/java/org/jsoup/nodes/Document.java:113: error: ';' expected\n    [javac] Certainly! The issue in your code is that you are appending a space and then immediately appending another node right after it, which might not be the intended behavior. Instead, you should append the space only once before appending all the non-blank text nodes. Here's the corrected version of your method:\n    [javac]                                                                                                                                                                                                                                                                                                                    ^\n    [javac] /data/cmd/Ming/llm-fl-apr/tmp/Jsoup_1-prompt_apr_1-qwen-turbo/src/main/java/org/jsoup/nodes/Document.java:115: error: illegal character: \\96\n    [javac] ```java\n    [javac] ^\n    [javac] /data/cmd/Ming/llm-fl-apr/tmp/Jsoup_1-prompt_apr_1-qwen-turbo/src/main/java/org/jsoup/nodes/Document.java:115: error: illegal character: \\96\n    [javac] ```java\n    [javac]  ^\n    [javac] /data/cmd/Ming/llm-fl-apr/tmp/Jsoup_1-prompt_apr_1-qwen-turbo/src/main/java/org/jsoup/nodes/Document.java:115: error: illegal character: \\96\n    [javac] ```java\n    [javac]   ^\n    [javac] /data/cmd/Ming/llm-fl-apr/tmp/Jsoup_1-prompt_apr_1-qwen-turbo/src/main/java/org/jsoup/nodes/Document.java:115: error: <identifier> expected\n    [javac] ```java\n    [javac]        ^\n    [javac] /data/cmd/Ming/llm-fl-apr/tmp/Jsoup_1-prompt_apr_1-qwen-turbo/src/main/java/org/jsoup/nodes/Document.java:117: error: diamond operator is not supported in -source 1.5\n    [javac]     List<Node> toMove = new ArrayList<>();\n    [javac]                                       ^\n    [javac]   (use -source 7 or higher to enable diamond operator)\n    [javac] /data/cmd/Ming/llm-fl-apr/tmp/Jsoup_1-prompt_apr_1-qwen-turbo/src/main/java/org/jsoup/nodes/Document.java:136: error: illegal character: \\96\n    [javac] ```\n    [javac] ^\n    [javac] /data/cmd/Ming/llm-fl-apr/tmp/Jsoup_1-prompt_apr_1-qwen-turbo/src/main/java/org/jsoup/nodes/Document.java:136: error: illegal character: \\96\n    [javac] ```\n    [javac]  ^\n    [javac] /data/cmd/Ming/llm-fl-apr/tmp/Jsoup_1-prompt_apr_1-qwen-turbo/src/main/java/org/jsoup/nodes/Document.java:136: error: illegal character: \\96\n    [javac] ```\n    [javac]   ^\n    [javac] /data/cmd/Ming/llm-fl-apr/tmp/Jsoup_1-prompt_apr_1-qwen-turbo/src/main/java/org/jsoup/nodes/Document.java:138: error: illegal start of type\n    [javac] In this corrected version, I've moved the logic for appending the space inside the loop but only after the first node is appended. This ensures that a space is inserted between each pair of text nodes being moved.\n    [javac]    ^\n    [javac] /data/cmd/Ming/llm-fl-apr/tmp/Jsoup_1-prompt_apr_1-qwen-turbo/src/main/java/org/jsoup/nodes/Document.java:138: error: ';' expected\n    [javac] In this corrected version, I've moved the logic for appending the space inside the loop but only after the first node is appended. This ensures that a space is inserted between each pair of text nodes being moved.\n    [javac]        ^\n    [javac] /data/cmd/Ming/llm-fl-apr/tmp/Jsoup_1-prompt_apr_1-qwen-turbo/src/main/java/org/jsoup/nodes/Document.java:138: error: <identifier> expected\n    [javac] In this corrected version, I've moved the logic for appending the space inside the loop but only after the first node is appended. This ensures that a space is inserted between each pair of text nodes being moved.\n    [javac]                          ^\n    [javac] /data/cmd/Ming/llm-fl-apr/tmp/Jsoup_1-prompt_apr_1-qwen-turbo/src/main/java/org/jsoup/nodes/Document.java:138: error: unclosed character literal\n    [javac] In this corrected version, I've moved the logic for appending the space inside the loop but only after the first node is appended. This ensures that a space is inserted between each pair of text nodes being moved.\n    [javac]                             ^\n    [javac] /data/cmd/Ming/llm-fl-apr/tmp/Jsoup_1-prompt_apr_1-qwen-turbo/src/main/java/org/jsoup/nodes/Document.java:138: error: ';' expected\n    [javac] In this corrected version, I've moved the logic for appending the space inside the loop but only after the first node is appended. This ensures that a space is inserted between each pair of text nodes being moved.\n    [javac]                                      ^\n    [javac] /data/cmd/Ming/llm-fl-apr/tmp/Jsoup_1-prompt_apr_1-qwen-turbo/src/main/java/org/jsoup/nodes/Document.java:138: error: ';' expected\n    [javac] In this corrected version, I've moved the logic for appending the space inside the loop but only after the first node is appended. This ensures that a space is inserted between each pair of text nodes being moved.\n    [javac]                                                ^\n    [javac] /data/cmd/Ming/llm-fl-apr/tmp/Jsoup_1-prompt_apr_1-qwen-turbo/src/main/java/org/jsoup/nodes/Document.java:138: error: ';' expected\n    [javac] In this corrected version, I've moved the logic for appending the space inside the loop but only after the first node is appended. This ensures that a space is inserted between each pair of text nodes being moved.\n    [javac]                                                                  ^\n    [javac] /data/cmd/Ming/llm-fl-apr/tmp/Jsoup_1-prompt_apr_1-qwen-turbo/src/main/java/org/jsoup/nodes/Document.java:138: error: ';' expected\n    [javac] In this corrected version, I've moved the logic for appending the space inside the loop but only after the first node is appended. This ensures that a space is inserted between each pair of text nodes being moved.\n    [javac]                                                                               ^\n    [javac] /data/cmd/Ming/llm-fl-apr/tmp/Jsoup_1-prompt_apr_1-qwen-turbo/src/main/java/org/jsoup/nodes/Document.java:138: error: ';' expected\n    [javac] In this corrected version, I've moved the logic for appending the space inside the loop but only after the first node is appended. This ensures that a space is inserted between each pair of text nodes being moved.\n    [javac]                                                                                        ^\n    [javac] /data/cmd/Ming/llm-fl-apr/tmp/Jsoup_1-prompt_apr_1-qwen-turbo/src/main/java/org/jsoup/nodes/Document.java:138: error: ';' expected\n    [javac] In this corrected version, I've moved the logic for appending the space inside the loop but only after the first node is appended. This ensures that a space is inserted between each pair of text nodes being moved.\n    [javac]                                                                                                 ^\n    [javac] /data/cmd/Ming/llm-fl-apr/tmp/Jsoup_1-prompt_apr_1-qwen-turbo/src/main/java/org/jsoup/nodes/Document.java:138: error: ';' expected\n    [javac] In this corrected version, I've moved the logic for appending the space inside the loop but only after the first node is appended. This ensures that a space is inserted between each pair of text nodes being moved.\n    [javac]                                                                                                           ^\n    [javac] /data/cmd/Ming/llm-fl-apr/tmp/Jsoup_1-prompt_apr_1-qwen-turbo/src/main/java/org/jsoup/nodes/Document.java:138: error: ';' expected\n    [javac] In this corrected version, I've moved the logic for appending the space inside the loop but only after the first node is appended. This ensures that a space is inserted between each pair of text nodes being moved.\n    [javac]                                                                                                                      ^\n    [javac] /data/cmd/Ming/llm-fl-apr/tmp/Jsoup_1-prompt_apr_1-qwen-turbo/src/main/java/org/jsoup/nodes/Document.java:138: error: ';' expected\n    [javac] In this corrected version, I've moved the logic for appending the space inside the loop but only after the first node is appended. This ensures that a space is inserted between each pair of text nodes being moved.\n    [javac]                                                                                                                                  ^\n    [javac] /data/cmd/Ming/llm-fl-apr/tmp/Jsoup_1-prompt_apr_1-qwen-turbo/src/main/java/org/jsoup/nodes/Document.java:138: error: ';' expected\n    [javac] In this corrected version, I've moved the logic for appending the space inside the loop but only after the first node is appended. This ensures that a space is inserted between each pair of text nodes being moved.\n    [javac]                                                                                                                                                ^\n    [javac] /data/cmd/Ming/llm-fl-apr/tmp/Jsoup_1-prompt_apr_1-qwen-turbo/src/main/java/org/jsoup/nodes/Document.java:138: error: ';' expected\n    [javac] In this corrected version, I've moved the logic for appending the space inside the loop but only after the first node is appended. This ensures that a space is inserted between each pair of text nodes being moved.\n    [javac]                                                                                                                                                       ^\n    [javac] /data/cmd/Ming/llm-fl-apr/tmp/Jsoup_1-prompt_apr_1-qwen-turbo/src/main/java/org/jsoup/nodes/Document.java:138: error: ';' expected\n    [javac] In this corrected version, I've moved the logic for appending the space inside the loop but only after the first node is appended. This ensures that a space is inserted between each pair of text nodes being moved.\n    [javac]                                                                                                                                                                ^\n    [javac] /data/cmd/Ming/llm-fl-apr/tmp/Jsoup_1-prompt_apr_1-qwen-turbo/src/main/java/org/jsoup/nodes/Document.java:138: error: ';' expected\n    [javac] In this corrected version, I've moved the logic for appending the space inside the loop but only after the first node is appended. This ensures that a space is inserted between each pair of text nodes being moved.\n    [javac]                                                                                                                                                                                 ^\n    [javac] /data/cmd/Ming/llm-fl-apr/tmp/Jsoup_1-prompt_apr_1-qwen-turbo/src/main/java/org/jsoup/nodes/Document.java:138: error: ';' expected\n    [javac] In this corrected version, I've moved the logic for appending the space inside the loop but only after the first node is appended. This ensures that a space is inserted between each pair of text nodes being moved.\n    [javac]                                                                                                                                                                                           ^\n    [javac] /data/cmd/Ming/llm-fl-apr/tmp/Jsoup_1-prompt_apr_1-qwen-turbo/src/main/java/org/jsoup/nodes/Document.java:138: error: ';' expected\n    [javac] In this corrected version, I've moved the logic for appending the space inside the loop but only after the first node is appended. This ensures that a space is inserted between each pair of text nodes being moved.\n    [javac]                                                                                                                                                                                                   ^\n    [javac] /data/cmd/Ming/llm-fl-apr/tmp/Jsoup_1-prompt_apr_1-qwen-turbo/src/main/java/org/jsoup/nodes/Document.java:138: error: ';' expected\n    [javac] In this corrected version, I've moved the logic for appending the space inside the loop but only after the first node is appended. This ensures that a space is inserted between each pair of text nodes being moved.\n    [javac]                                                                                                                                                                                                               ^\n    [javac] /data/cmd/Ming/llm-fl-apr/tmp/Jsoup_1-prompt_apr_1-qwen-turbo/src/main/java/org/jsoup/nodes/Document.java:138: error: <identifier> expected\n    [javac] In this corrected version, I've moved the logic for appending the space inside the loop but only after the first node is appended. This ensures that a space is inserted between each pair of text nodes being moved.\n    [javac]                                                                                                                                                                                                                      ^\n    [javac] /data/cmd/Ming/llm-fl-apr/tmp/Jsoup_1-prompt_apr_1-qwen-turbo/src/main/java/org/jsoup/nodes/Document.java:139: error: ';' expected\n    [javac]     @Override\n    [javac]      ^\n    [javac] 59 errors\n    [javac] 1 warning\n\nBUILD FAILED\n/data/cmd/Ming/llm-fl-apr/tmp/Jsoup_1-prompt_apr_1-qwen-turbo/maven-build.xml:77: Compile failed; see the compiler error output for details.\n\nTotal time: 1 second\nCannot compile sources! at /data/cmd/Ming/LLM_Based-Mutation/tools/mutant/defects4j-2.1.0/framework/bin/d4j/d4j-compile line 82.\nCompilation failed in require at /data/cmd/Ming/LLM_Based-Mutation/tools/mutant/defects4j-2.1.0/framework/bin/defects4j line 195.\n"
                }
            },
            "doubao-pro-4k": {
                "compile": {
                    "rc": 0,
                    "so": "",
                    "se": "Running ant (compile)...................................................... OK\nRunning ant (compile.tests)................................................ OK\n"
                },
                "test": {
                    "rc": 0,
                    "so": "Failing tests: 2\n  - org.jsoup.integration.ParseTest::testBinary\n  - org.jsoup.parser.ParserTest::createsStructureFromBodySnippet\n",
                    "se": "Running ant (compile.tests)................................................ OK\nRunning ant (run.dev.tests)................................................ OK\n"
                }
            },
            "gpt-4o-mini": {
                "compile": {
                    "rc": 0,
                    "so": "",
                    "se": "Running ant (compile)...................................................... OK\nRunning ant (compile.tests)................................................ OK\n"
                },
                "test": {
                    "rc": 0,
                    "so": "Failing tests: 1\n  - org.jsoup.parser.ParserTest::createsStructureFromBodySnippet\n",
                    "se": "Running ant (compile.tests)................................................ OK\nRunning ant (run.dev.tests)................................................ OK\n"
                }
            },
            "deepseek-chat": {
                "compile": {
                    "rc": 1,
                    "so": "",
                    "se": "Running ant (compile)...................................................... FAIL\nExecuted command:  cd /data/cmd/Ming/llm-fl-apr/tmp/Jsoup_1-prompt_apr_1-deepseek-chat && /data/cmd/Ming/LLM_Based-Mutation/tools/mutant/defects4j-2.1.0/major/bin/ant -f /data/cmd/Ming/LLM_Based-Mutation/tools/mutant/defects4j-2.1.0/framework/projects/defects4j.build.xml -Dd4j.home=/data/cmd/Ming/LLM_Based-Mutation/tools/mutant/defects4j-2.1.0 -Dd4j.dir.projects=/data/cmd/Ming/LLM_Based-Mutation/tools/mutant/defects4j-2.1.0/framework/projects -Dbasedir=/data/cmd/Ming/llm-fl-apr/tmp/Jsoup_1-prompt_apr_1-deepseek-chat -Dbuild.compiler=javac1.7  compile 2>&1\nJava HotSpot(TM) 64-Bit Server VM warning: ignoring option MaxPermSize=1G; support was removed in 8.0\nBuildfile: /data/cmd/Ming/LLM_Based-Mutation/tools/mutant/defects4j-2.1.0/framework/projects/defects4j.build.xml\n\ntest-offline:\n\nget-deps:\n\njsoup-from-maven.compile:\n    [mkdir] Created dir: /data/cmd/Ming/llm-fl-apr/tmp/Jsoup_1-prompt_apr_1-deepseek-chat/target/classes\n    [javac] /data/cmd/Ming/llm-fl-apr/tmp/Jsoup_1-prompt_apr_1-deepseek-chat/maven-build.xml:77: warning: 'includeantruntime' was not set, defaulting to build.sysclasspath=last; set to false for repeatable builds\n    [javac] Compiling 27 source files to /data/cmd/Ming/llm-fl-apr/tmp/Jsoup_1-prompt_apr_1-deepseek-chat/target/classes\n    [javac] warning: [options] bootstrap class path not set in conjunction with -source 1.5\n    [javac] /data/cmd/Ming/llm-fl-apr/tmp/Jsoup_1-prompt_apr_1-deepseek-chat/src/main/java/org/jsoup/nodes/Document.java:130: error: ';' expected\n    [javac] The bug in the original code was that the order of appending the `TextNode` and the `node` was incorrect. The corrected code first appends the `node` and then appends a new `TextNode` with a space. This ensures that the nodes are moved correctly and a space is added after each moved node.\n    [javac]        ^\n    [javac] /data/cmd/Ming/llm-fl-apr/tmp/Jsoup_1-prompt_apr_1-deepseek-chat/src/main/java/org/jsoup/nodes/Document.java:130: error: ';' expected\n    [javac] The bug in the original code was that the order of appending the `TextNode` and the `node` was incorrect. The corrected code first appends the `node` and then appends a new `TextNode` with a space. This ensures that the nodes are moved correctly and a space is added after each moved node.\n    [javac]               ^\n    [javac] /data/cmd/Ming/llm-fl-apr/tmp/Jsoup_1-prompt_apr_1-deepseek-chat/src/main/java/org/jsoup/nodes/Document.java:130: error: ';' expected\n    [javac] The bug in the original code was that the order of appending the `TextNode` and the `node` was incorrect. The corrected code first appends the `node` and then appends a new `TextNode` with a space. This ensures that the nodes are moved correctly and a space is added after each moved node.\n    [javac]                             ^\n    [javac] /data/cmd/Ming/llm-fl-apr/tmp/Jsoup_1-prompt_apr_1-deepseek-chat/src/main/java/org/jsoup/nodes/Document.java:130: error: ';' expected\n    [javac] The bug in the original code was that the order of appending the `TextNode` and the `node` was incorrect. The corrected code first appends the `node` and then appends a new `TextNode` with a space. This ensures that the nodes are moved correctly and a space is added after each moved node.\n    [javac]                                      ^\n    [javac] /data/cmd/Ming/llm-fl-apr/tmp/Jsoup_1-prompt_apr_1-deepseek-chat/src/main/java/org/jsoup/nodes/Document.java:130: error: ';' expected\n    [javac] The bug in the original code was that the order of appending the `TextNode` and the `node` was incorrect. The corrected code first appends the `node` and then appends a new `TextNode` with a space. This ensures that the nodes are moved correctly and a space is added after each moved node.\n    [javac]                                                ^\n    [javac] /data/cmd/Ming/llm-fl-apr/tmp/Jsoup_1-prompt_apr_1-deepseek-chat/src/main/java/org/jsoup/nodes/Document.java:130: error: ';' expected\n    [javac] The bug in the original code was that the order of appending the `TextNode` and the `node` was incorrect. The corrected code first appends the `node` and then appends a new `TextNode` with a space. This ensures that the nodes are moved correctly and a space is added after each moved node.\n    [javac]                                                             ^\n    [javac] /data/cmd/Ming/llm-fl-apr/tmp/Jsoup_1-prompt_apr_1-deepseek-chat/src/main/java/org/jsoup/nodes/Document.java:130: error: illegal character: \\96\n    [javac] The bug in the original code was that the order of appending the `TextNode` and the `node` was incorrect. The corrected code first appends the `node` and then appends a new `TextNode` with a space. This ensures that the nodes are moved correctly and a space is added after each moved node.\n    [javac]                                                                  ^\n    [javac] /data/cmd/Ming/llm-fl-apr/tmp/Jsoup_1-prompt_apr_1-deepseek-chat/src/main/java/org/jsoup/nodes/Document.java:130: error: illegal character: \\96\n    [javac] The bug in the original code was that the order of appending the `TextNode` and the `node` was incorrect. The corrected code first appends the `node` and then appends a new `TextNode` with a space. This ensures that the nodes are moved correctly and a space is added after each moved node.\n    [javac]                                                                           ^\n    [javac] /data/cmd/Ming/llm-fl-apr/tmp/Jsoup_1-prompt_apr_1-deepseek-chat/src/main/java/org/jsoup/nodes/Document.java:130: error: illegal character: \\96\n    [javac] The bug in the original code was that the order of appending the `TextNode` and the `node` was incorrect. The corrected code first appends the `node` and then appends a new `TextNode` with a space. This ensures that the nodes are moved correctly and a space is added after each moved node.\n    [javac]                                                                                     ^\n    [javac] /data/cmd/Ming/llm-fl-apr/tmp/Jsoup_1-prompt_apr_1-deepseek-chat/src/main/java/org/jsoup/nodes/Document.java:130: error: illegal character: \\96\n    [javac] The bug in the original code was that the order of appending the `TextNode` and the `node` was incorrect. The corrected code first appends the `node` and then appends a new `TextNode` with a space. This ensures that the nodes are moved correctly and a space is added after each moved node.\n    [javac]                                                                                          ^\n    [javac] /data/cmd/Ming/llm-fl-apr/tmp/Jsoup_1-prompt_apr_1-deepseek-chat/src/main/java/org/jsoup/nodes/Document.java:130: error: ';' expected\n    [javac] The bug in the original code was that the order of appending the `TextNode` and the `node` was incorrect. The corrected code first appends the `node` and then appends a new `TextNode` with a space. This ensures that the nodes are moved correctly and a space is added after each moved node.\n    [javac]                                                                                                         ^\n    [javac] /data/cmd/Ming/llm-fl-apr/tmp/Jsoup_1-prompt_apr_1-deepseek-chat/src/main/java/org/jsoup/nodes/Document.java:130: error: ';' expected\n    [javac] The bug in the original code was that the order of appending the `TextNode` and the `node` was incorrect. The corrected code first appends the `node` and then appends a new `TextNode` with a space. This ensures that the nodes are moved correctly and a space is added after each moved node.\n    [javac]                                                                                                                        ^\n    [javac] /data/cmd/Ming/llm-fl-apr/tmp/Jsoup_1-prompt_apr_1-deepseek-chat/src/main/java/org/jsoup/nodes/Document.java:130: error: ';' expected\n    [javac] The bug in the original code was that the order of appending the `TextNode` and the `node` was incorrect. The corrected code first appends the `node` and then appends a new `TextNode` with a space. This ensures that the nodes are moved correctly and a space is added after each moved node.\n    [javac]                                                                                                                                   ^\n    [javac] /data/cmd/Ming/llm-fl-apr/tmp/Jsoup_1-prompt_apr_1-deepseek-chat/src/main/java/org/jsoup/nodes/Document.java:130: error: illegal character: \\96\n    [javac] The bug in the original code was that the order of appending the `TextNode` and the `node` was incorrect. The corrected code first appends the `node` and then appends a new `TextNode` with a space. This ensures that the nodes are moved correctly and a space is added after each moved node.\n    [javac]                                                                                                                                                ^\n    [javac] /data/cmd/Ming/llm-fl-apr/tmp/Jsoup_1-prompt_apr_1-deepseek-chat/src/main/java/org/jsoup/nodes/Document.java:130: error: illegal character: \\96\n    [javac] The bug in the original code was that the order of appending the `TextNode` and the `node` was incorrect. The corrected code first appends the `node` and then appends a new `TextNode` with a space. This ensures that the nodes are moved correctly and a space is added after each moved node.\n    [javac]                                                                                                                                                     ^\n    [javac] /data/cmd/Ming/llm-fl-apr/tmp/Jsoup_1-prompt_apr_1-deepseek-chat/src/main/java/org/jsoup/nodes/Document.java:130: error: ';' expected\n    [javac] The bug in the original code was that the order of appending the `TextNode` and the `node` was incorrect. The corrected code first appends the `node` and then appends a new `TextNode` with a space. This ensures that the nodes are moved correctly and a space is added after each moved node.\n    [javac]                                                                                                                                                               ^\n    [javac] /data/cmd/Ming/llm-fl-apr/tmp/Jsoup_1-prompt_apr_1-deepseek-chat/src/main/java/org/jsoup/nodes/Document.java:130: error: ';' expected\n    [javac] The bug in the original code was that the order of appending the `TextNode` and the `node` was incorrect. The corrected code first appends the `node` and then appends a new `TextNode` with a space. This ensures that the nodes are moved correctly and a space is added after each moved node.\n    [javac]                                                                                                                                                                         ^\n    [javac] /data/cmd/Ming/llm-fl-apr/tmp/Jsoup_1-prompt_apr_1-deepseek-chat/src/main/java/org/jsoup/nodes/Document.java:130: error: illegal character: \\96\n    [javac] The bug in the original code was that the order of appending the `TextNode` and the `node` was incorrect. The corrected code first appends the `node` and then appends a new `TextNode` with a space. This ensures that the nodes are moved correctly and a space is added after each moved node.\n    [javac]                                                                                                                                                                              ^\n    [javac] /data/cmd/Ming/llm-fl-apr/tmp/Jsoup_1-prompt_apr_1-deepseek-chat/src/main/java/org/jsoup/nodes/Document.java:130: error: illegal character: \\96\n    [javac] The bug in the original code was that the order of appending the `TextNode` and the `node` was incorrect. The corrected code first appends the `node` and then appends a new `TextNode` with a space. This ensures that the nodes are moved correctly and a space is added after each moved node.\n    [javac]                                                                                                                                                                                       ^\n    [javac] /data/cmd/Ming/llm-fl-apr/tmp/Jsoup_1-prompt_apr_1-deepseek-chat/src/main/java/org/jsoup/nodes/Document.java:130: error: ';' expected\n    [javac] The bug in the original code was that the order of appending the `TextNode` and the `node` was incorrect. The corrected code first appends the `node` and then appends a new `TextNode` with a space. This ensures that the nodes are moved correctly and a space is added after each moved node.\n    [javac]                                                                                                                                                                                               ^\n    [javac] /data/cmd/Ming/llm-fl-apr/tmp/Jsoup_1-prompt_apr_1-deepseek-chat/src/main/java/org/jsoup/nodes/Document.java:130: error: ';' expected\n    [javac] The bug in the original code was that the order of appending the `TextNode` and the `node` was incorrect. The corrected code first appends the `node` and then appends a new `TextNode` with a space. This ensures that the nodes are moved correctly and a space is added after each moved node.\n    [javac]                                                                                                                                                                                                                   ^\n    [javac] /data/cmd/Ming/llm-fl-apr/tmp/Jsoup_1-prompt_apr_1-deepseek-chat/src/main/java/org/jsoup/nodes/Document.java:130: error: ';' expected\n    [javac] The bug in the original code was that the order of appending the `TextNode` and the `node` was incorrect. The corrected code first appends the `node` and then appends a new `TextNode` with a space. This ensures that the nodes are moved correctly and a space is added after each moved node.\n    [javac]                                                                                                                                                                                                                            ^\n    [javac] /data/cmd/Ming/llm-fl-apr/tmp/Jsoup_1-prompt_apr_1-deepseek-chat/src/main/java/org/jsoup/nodes/Document.java:130: error: ';' expected\n    [javac] The bug in the original code was that the order of appending the `TextNode` and the `node` was incorrect. The corrected code first appends the `node` and then appends a new `TextNode` with a space. This ensures that the nodes are moved correctly and a space is added after each moved node.\n    [javac]                                                                                                                                                                                                                                      ^\n    [javac] /data/cmd/Ming/llm-fl-apr/tmp/Jsoup_1-prompt_apr_1-deepseek-chat/src/main/java/org/jsoup/nodes/Document.java:130: error: ';' expected\n    [javac] The bug in the original code was that the order of appending the `TextNode` and the `node` was incorrect. The corrected code first appends the `node` and then appends a new `TextNode` with a space. This ensures that the nodes are moved correctly and a space is added after each moved node.\n    [javac]                                                                                                                                                                                                                                                      ^\n    [javac] /data/cmd/Ming/llm-fl-apr/tmp/Jsoup_1-prompt_apr_1-deepseek-chat/src/main/java/org/jsoup/nodes/Document.java:130: error: ';' expected\n    [javac] The bug in the original code was that the order of appending the `TextNode` and the `node` was incorrect. The corrected code first appends the `node` and then appends a new `TextNode` with a space. This ensures that the nodes are moved correctly and a space is added after each moved node.\n    [javac]                                                                                                                                                                                                                                                            ^\n    [javac] /data/cmd/Ming/llm-fl-apr/tmp/Jsoup_1-prompt_apr_1-deepseek-chat/src/main/java/org/jsoup/nodes/Document.java:130: error: ';' expected\n    [javac] The bug in the original code was that the order of appending the `TextNode` and the `node` was incorrect. The corrected code first appends the `node` and then appends a new `TextNode` with a space. This ensures that the nodes are moved correctly and a space is added after each moved node.\n    [javac]                                                                                                                                                                                                                                                                     ^\n    [javac] /data/cmd/Ming/llm-fl-apr/tmp/Jsoup_1-prompt_apr_1-deepseek-chat/src/main/java/org/jsoup/nodes/Document.java:130: error: ';' expected\n    [javac] The bug in the original code was that the order of appending the `TextNode` and the `node` was incorrect. The corrected code first appends the `node` and then appends a new `TextNode` with a space. This ensures that the nodes are moved correctly and a space is added after each moved node.\n    [javac]                                                                                                                                                                                                                                                                                 ^\n    [javac] /data/cmd/Ming/llm-fl-apr/tmp/Jsoup_1-prompt_apr_1-deepseek-chat/src/main/java/org/jsoup/nodes/Document.java:130: error: ';' expected\n    [javac] The bug in the original code was that the order of appending the `TextNode` and the `node` was incorrect. The corrected code first appends the `node` and then appends a new `TextNode` with a space. This ensures that the nodes are moved correctly and a space is added after each moved node.\n    [javac]                                                                                                                                                                                                                                                                                            ^\n    [javac] /data/cmd/Ming/llm-fl-apr/tmp/Jsoup_1-prompt_apr_1-deepseek-chat/src/main/java/org/jsoup/nodes/Document.java:130: error: <identifier> expected\n    [javac] The bug in the original code was that the order of appending the `TextNode` and the `node` was incorrect. The corrected code first appends the `node` and then appends a new `TextNode` with a space. This ensures that the nodes are moved correctly and a space is added after each moved node.\n    [javac]                                                                                                                                                                                                                                                                                                  ^\n    [javac] /data/cmd/Ming/llm-fl-apr/tmp/Jsoup_1-prompt_apr_1-deepseek-chat/src/main/java/org/jsoup/nodes/Document.java:131: error: ';' expected\n    [javac]     @Override\n    [javac]      ^\n    [javac] 30 errors\n    [javac] 1 warning\n\nBUILD FAILED\n/data/cmd/Ming/llm-fl-apr/tmp/Jsoup_1-prompt_apr_1-deepseek-chat/maven-build.xml:77: Compile failed; see the compiler error output for details.\n\nTotal time: 1 second\nCannot compile sources! at /data/cmd/Ming/LLM_Based-Mutation/tools/mutant/defects4j-2.1.0/framework/bin/d4j/d4j-compile line 82.\nCompilation failed in require at /data/cmd/Ming/LLM_Based-Mutation/tools/mutant/defects4j-2.1.0/framework/bin/defects4j line 195.\n"
                }
            }
        },
        "prompt_apr_2": {
            "ernie-3.5-128k": {
                "compile": {
                    "rc": 1,
                    "so": "",
                    "se": "Running ant (compile)...................................................... FAIL\nExecuted command:  cd /data/cmd/Ming/llm-fl-apr/tmp/Jsoup_1-prompt_apr_2-ernie-3.5-128k && /data/cmd/Ming/LLM_Based-Mutation/tools/mutant/defects4j-2.1.0/major/bin/ant -f /data/cmd/Ming/LLM_Based-Mutation/tools/mutant/defects4j-2.1.0/framework/projects/defects4j.build.xml -Dd4j.home=/data/cmd/Ming/LLM_Based-Mutation/tools/mutant/defects4j-2.1.0 -Dd4j.dir.projects=/data/cmd/Ming/LLM_Based-Mutation/tools/mutant/defects4j-2.1.0/framework/projects -Dbasedir=/data/cmd/Ming/llm-fl-apr/tmp/Jsoup_1-prompt_apr_2-ernie-3.5-128k -Dbuild.compiler=javac1.7  compile 2>&1\nJava HotSpot(TM) 64-Bit Server VM warning: ignoring option MaxPermSize=1G; support was removed in 8.0\nBuildfile: /data/cmd/Ming/LLM_Based-Mutation/tools/mutant/defects4j-2.1.0/framework/projects/defects4j.build.xml\n\ntest-offline:\n\nget-deps:\n\njsoup-from-maven.compile:\n    [mkdir] Created dir: /data/cmd/Ming/llm-fl-apr/tmp/Jsoup_1-prompt_apr_2-ernie-3.5-128k/target/classes\n    [javac] /data/cmd/Ming/llm-fl-apr/tmp/Jsoup_1-prompt_apr_2-ernie-3.5-128k/maven-build.xml:77: warning: 'includeantruntime' was not set, defaulting to build.sysclasspath=last; set to false for repeatable builds\n    [javac] Compiling 27 source files to /data/cmd/Ming/llm-fl-apr/tmp/Jsoup_1-prompt_apr_2-ernie-3.5-128k/target/classes\n    [javac] warning: [options] bootstrap class path not set in conjunction with -source 1.5\n    [javac] /data/cmd/Ming/llm-fl-apr/tmp/Jsoup_1-prompt_apr_2-ernie-3.5-128k/src/main/java/org/jsoup/nodes/Document.java:113: error: <identifier> expected\n    [javac] Sure, I can help you fix the bug in your method. The issue seems to be that you are appending nodes to the `body()`, which is not defined in the method and might not be the correct parent to append the nodes to. Instead, you should append the nodes back to the original `element` after creating a space `TextNode`. Here's the corrected method:\n    [javac]     ^\n    [javac] /data/cmd/Ming/llm-fl-apr/tmp/Jsoup_1-prompt_apr_2-ernie-3.5-128k/src/main/java/org/jsoup/nodes/Document.java:113: error: ';' expected\n    [javac] Sure, I can help you fix the bug in your method. The issue seems to be that you are appending nodes to the `body()`, which is not defined in the method and might not be the correct parent to append the nodes to. Instead, you should append the nodes back to the original `element` after creating a space `TextNode`. Here's the corrected method:\n    [javac]        ^\n    [javac] /data/cmd/Ming/llm-fl-apr/tmp/Jsoup_1-prompt_apr_2-ernie-3.5-128k/src/main/java/org/jsoup/nodes/Document.java:113: error: ';' expected\n    [javac] Sure, I can help you fix the bug in your method. The issue seems to be that you are appending nodes to the `body()`, which is not defined in the method and might not be the correct parent to append the nodes to. Instead, you should append the nodes back to the original `element` after creating a space `TextNode`. Here's the corrected method:\n    [javac]                 ^\n    [javac] /data/cmd/Ming/llm-fl-apr/tmp/Jsoup_1-prompt_apr_2-ernie-3.5-128k/src/main/java/org/jsoup/nodes/Document.java:113: error: ';' expected\n    [javac] Sure, I can help you fix the bug in your method. The issue seems to be that you are appending nodes to the `body()`, which is not defined in the method and might not be the correct parent to append the nodes to. Instead, you should append the nodes back to the original `element` after creating a space `TextNode`. Here's the corrected method:\n    [javac]                         ^\n    [javac] /data/cmd/Ming/llm-fl-apr/tmp/Jsoup_1-prompt_apr_2-ernie-3.5-128k/src/main/java/org/jsoup/nodes/Document.java:113: error: ';' expected\n    [javac] Sure, I can help you fix the bug in your method. The issue seems to be that you are appending nodes to the `body()`, which is not defined in the method and might not be the correct parent to append the nodes to. Instead, you should append the nodes back to the original `element` after creating a space `TextNode`. Here's the corrected method:\n    [javac]                                 ^\n    [javac] /data/cmd/Ming/llm-fl-apr/tmp/Jsoup_1-prompt_apr_2-ernie-3.5-128k/src/main/java/org/jsoup/nodes/Document.java:113: error: ';' expected\n    [javac] Sure, I can help you fix the bug in your method. The issue seems to be that you are appending nodes to the `body()`, which is not defined in the method and might not be the correct parent to append the nodes to. Instead, you should append the nodes back to the original `element` after creating a space `TextNode`. Here's the corrected method:\n    [javac]                                         ^\n    [javac] /data/cmd/Ming/llm-fl-apr/tmp/Jsoup_1-prompt_apr_2-ernie-3.5-128k/src/main/java/org/jsoup/nodes/Document.java:113: error: ';' expected\n    [javac] Sure, I can help you fix the bug in your method. The issue seems to be that you are appending nodes to the `body()`, which is not defined in the method and might not be the correct parent to append the nodes to. Instead, you should append the nodes back to the original `element` after creating a space `TextNode`. Here's the corrected method:\n    [javac]                                                           ^\n    [javac] /data/cmd/Ming/llm-fl-apr/tmp/Jsoup_1-prompt_apr_2-ernie-3.5-128k/src/main/java/org/jsoup/nodes/Document.java:113: error: ';' expected\n    [javac] Sure, I can help you fix the bug in your method. The issue seems to be that you are appending nodes to the `body()`, which is not defined in the method and might not be the correct parent to append the nodes to. Instead, you should append the nodes back to the original `element` after creating a space `TextNode`. Here's the corrected method:\n    [javac]                                                                    ^\n    [javac] /data/cmd/Ming/llm-fl-apr/tmp/Jsoup_1-prompt_apr_2-ernie-3.5-128k/src/main/java/org/jsoup/nodes/Document.java:113: error: ';' expected\n    [javac] Sure, I can help you fix the bug in your method. The issue seems to be that you are appending nodes to the `body()`, which is not defined in the method and might not be the correct parent to append the nodes to. Instead, you should append the nodes back to the original `element` after creating a space `TextNode`. Here's the corrected method:\n    [javac]                                                                            ^\n    [javac] /data/cmd/Ming/llm-fl-apr/tmp/Jsoup_1-prompt_apr_2-ernie-3.5-128k/src/main/java/org/jsoup/nodes/Document.java:113: error: ';' expected\n    [javac] Sure, I can help you fix the bug in your method. The issue seems to be that you are appending nodes to the `body()`, which is not defined in the method and might not be the correct parent to append the nodes to. Instead, you should append the nodes back to the original `element` after creating a space `TextNode`. Here's the corrected method:\n    [javac]                                                                                    ^\n    [javac] /data/cmd/Ming/llm-fl-apr/tmp/Jsoup_1-prompt_apr_2-ernie-3.5-128k/src/main/java/org/jsoup/nodes/Document.java:113: error: ';' expected\n    [javac] Sure, I can help you fix the bug in your method. The issue seems to be that you are appending nodes to the `body()`, which is not defined in the method and might not be the correct parent to append the nodes to. Instead, you should append the nodes back to the original `element` after creating a space `TextNode`. Here's the corrected method:\n    [javac]                                                                                                    ^\n    [javac] /data/cmd/Ming/llm-fl-apr/tmp/Jsoup_1-prompt_apr_2-ernie-3.5-128k/src/main/java/org/jsoup/nodes/Document.java:113: error: illegal character: \\96\n    [javac] Sure, I can help you fix the bug in your method. The issue seems to be that you are appending nodes to the `body()`, which is not defined in the method and might not be the correct parent to append the nodes to. Instead, you should append the nodes back to the original `element` after creating a space `TextNode`. Here's the corrected method:\n    [javac]                                                                                                            ^\n    [javac] /data/cmd/Ming/llm-fl-apr/tmp/Jsoup_1-prompt_apr_2-ernie-3.5-128k/src/main/java/org/jsoup/nodes/Document.java:113: error: invalid method declaration; return type required\n    [javac] Sure, I can help you fix the bug in your method. The issue seems to be that you are appending nodes to the `body()`, which is not defined in the method and might not be the correct parent to append the nodes to. Instead, you should append the nodes back to the original `element` after creating a space `TextNode`. Here's the corrected method:\n    [javac]                                                                                                             ^\n    [javac] /data/cmd/Ming/llm-fl-apr/tmp/Jsoup_1-prompt_apr_2-ernie-3.5-128k/src/main/java/org/jsoup/nodes/Document.java:113: error: illegal character: \\96\n    [javac] Sure, I can help you fix the bug in your method. The issue seems to be that you are appending nodes to the `body()`, which is not defined in the method and might not be the correct parent to append the nodes to. Instead, you should append the nodes back to the original `element` after creating a space `TextNode`. Here's the corrected method:\n    [javac]                                                                                                                   ^\n    [javac] /data/cmd/Ming/llm-fl-apr/tmp/Jsoup_1-prompt_apr_2-ernie-3.5-128k/src/main/java/org/jsoup/nodes/Document.java:113: error: illegal character: \\96\n    [javac] Sure, I can help you fix the bug in your method. The issue seems to be that you are appending nodes to the `body()`, which is not defined in the method and might not be the correct parent to append the nodes to. Instead, you should append the nodes back to the original `element` after creating a space `TextNode`. Here's the corrected method:\n    [javac]                                                                                                                                                                                                                                                                               ^\n    [javac] /data/cmd/Ming/llm-fl-apr/tmp/Jsoup_1-prompt_apr_2-ernie-3.5-128k/src/main/java/org/jsoup/nodes/Document.java:113: error: illegal character: \\96\n    [javac] Sure, I can help you fix the bug in your method. The issue seems to be that you are appending nodes to the `body()`, which is not defined in the method and might not be the correct parent to append the nodes to. Instead, you should append the nodes back to the original `element` after creating a space `TextNode`. Here's the corrected method:\n    [javac]                                                                                                                                                                                                                                                                                       ^\n    [javac] /data/cmd/Ming/llm-fl-apr/tmp/Jsoup_1-prompt_apr_2-ernie-3.5-128k/src/main/java/org/jsoup/nodes/Document.java:113: error: illegal character: \\96\n    [javac] Sure, I can help you fix the bug in your method. The issue seems to be that you are appending nodes to the `body()`, which is not defined in the method and might not be the correct parent to append the nodes to. Instead, you should append the nodes back to the original `element` after creating a space `TextNode`. Here's the corrected method:\n    [javac]                                                                                                                                                                                                                                                                                                                ^\n    [javac] /data/cmd/Ming/llm-fl-apr/tmp/Jsoup_1-prompt_apr_2-ernie-3.5-128k/src/main/java/org/jsoup/nodes/Document.java:113: error: illegal character: \\96\n    [javac] Sure, I can help you fix the bug in your method. The issue seems to be that you are appending nodes to the `body()`, which is not defined in the method and might not be the correct parent to append the nodes to. Instead, you should append the nodes back to the original `element` after creating a space `TextNode`. Here's the corrected method:\n    [javac]                                                                                                                                                                                                                                                                                                                         ^\n    [javac] /data/cmd/Ming/llm-fl-apr/tmp/Jsoup_1-prompt_apr_2-ernie-3.5-128k/src/main/java/org/jsoup/nodes/Document.java:113: error: unclosed character literal\n    [javac] Sure, I can help you fix the bug in your method. The issue seems to be that you are appending nodes to the `body()`, which is not defined in the method and might not be the correct parent to append the nodes to. Instead, you should append the nodes back to the original `element` after creating a space `TextNode`. Here's the corrected method:\n    [javac]                                                                                                                                                                                                                                                                                                                                ^\n    [javac] /data/cmd/Ming/llm-fl-apr/tmp/Jsoup_1-prompt_apr_2-ernie-3.5-128k/src/main/java/org/jsoup/nodes/Document.java:133: error: ';' expected\n    [javac] This ensures that the space node and the original text node are appended back to the `element` itself, maintaining the correct DOM structure.\n    [javac]             ^\n    [javac] /data/cmd/Ming/llm-fl-apr/tmp/Jsoup_1-prompt_apr_2-ernie-3.5-128k/src/main/java/org/jsoup/nodes/Document.java:133: error: ';' expected\n    [javac] This ensures that the space node and the original text node are appended back to the `element` itself, maintaining the correct DOM structure.\n    [javac]                      ^\n    [javac] /data/cmd/Ming/llm-fl-apr/tmp/Jsoup_1-prompt_apr_2-ernie-3.5-128k/src/main/java/org/jsoup/nodes/Document.java:133: error: ';' expected\n    [javac] This ensures that the space node and the original text node are appended back to the `element` itself, maintaining the correct DOM structure.\n    [javac]                                 ^\n    [javac] /data/cmd/Ming/llm-fl-apr/tmp/Jsoup_1-prompt_apr_2-ernie-3.5-128k/src/main/java/org/jsoup/nodes/Document.java:133: error: ';' expected\n    [javac] This ensures that the space node and the original text node are appended back to the `element` itself, maintaining the correct DOM structure.\n    [javac]                                         ^\n    [javac] /data/cmd/Ming/llm-fl-apr/tmp/Jsoup_1-prompt_apr_2-ernie-3.5-128k/src/main/java/org/jsoup/nodes/Document.java:133: error: ';' expected\n    [javac] This ensures that the space node and the original text node are appended back to the `element` itself, maintaining the correct DOM structure.\n    [javac]                                                       ^\n    [javac] /data/cmd/Ming/llm-fl-apr/tmp/Jsoup_1-prompt_apr_2-ernie-3.5-128k/src/main/java/org/jsoup/nodes/Document.java:133: error: ';' expected\n    [javac] This ensures that the space node and the original text node are appended back to the `element` itself, maintaining the correct DOM structure.\n    [javac]                                                                ^\n    [javac] /data/cmd/Ming/llm-fl-apr/tmp/Jsoup_1-prompt_apr_2-ernie-3.5-128k/src/main/java/org/jsoup/nodes/Document.java:133: error: ';' expected\n    [javac] This ensures that the space node and the original text node are appended back to the `element` itself, maintaining the correct DOM structure.\n    [javac]                                                                              ^\n    [javac] /data/cmd/Ming/llm-fl-apr/tmp/Jsoup_1-prompt_apr_2-ernie-3.5-128k/src/main/java/org/jsoup/nodes/Document.java:133: error: illegal character: \\96\n    [javac] This ensures that the space node and the original text node are appended back to the `element` itself, maintaining the correct DOM structure.\n    [javac]                                                                                      ^\n    [javac] /data/cmd/Ming/llm-fl-apr/tmp/Jsoup_1-prompt_apr_2-ernie-3.5-128k/src/main/java/org/jsoup/nodes/Document.java:133: error: illegal character: \\96\n    [javac] This ensures that the space node and the original text node are appended back to the `element` itself, maintaining the correct DOM structure.\n    [javac]                                                                                              ^\n    [javac] /data/cmd/Ming/llm-fl-apr/tmp/Jsoup_1-prompt_apr_2-ernie-3.5-128k/src/main/java/org/jsoup/nodes/Document.java:133: error: <identifier> expected\n    [javac] This ensures that the space node and the original text node are appended back to the `element` itself, maintaining the correct DOM structure.\n    [javac]                                                                                                      ^\n    [javac] /data/cmd/Ming/llm-fl-apr/tmp/Jsoup_1-prompt_apr_2-ernie-3.5-128k/src/main/java/org/jsoup/nodes/Document.java:133: error: ';' expected\n    [javac] This ensures that the space node and the original text node are appended back to the `element` itself, maintaining the correct DOM structure.\n    [javac]                                                                                                                   ^\n    [javac] /data/cmd/Ming/llm-fl-apr/tmp/Jsoup_1-prompt_apr_2-ernie-3.5-128k/src/main/java/org/jsoup/nodes/Document.java:133: error: ';' expected\n    [javac] This ensures that the space node and the original text node are appended back to the `element` itself, maintaining the correct DOM structure.\n    [javac]                                                                                                                               ^\n    [javac] /data/cmd/Ming/llm-fl-apr/tmp/Jsoup_1-prompt_apr_2-ernie-3.5-128k/src/main/java/org/jsoup/nodes/Document.java:133: error: ';' expected\n    [javac] This ensures that the space node and the original text node are appended back to the `element` itself, maintaining the correct DOM structure.\n    [javac]                                                                                                                                             ^\n    [javac] 32 errors\n    [javac] 1 warning\n\nBUILD FAILED\n/data/cmd/Ming/llm-fl-apr/tmp/Jsoup_1-prompt_apr_2-ernie-3.5-128k/maven-build.xml:77: Compile failed; see the compiler error output for details.\n\nTotal time: 1 second\nCannot compile sources! at /data/cmd/Ming/LLM_Based-Mutation/tools/mutant/defects4j-2.1.0/framework/bin/d4j/d4j-compile line 82.\nCompilation failed in require at /data/cmd/Ming/LLM_Based-Mutation/tools/mutant/defects4j-2.1.0/framework/bin/defects4j line 195.\n"
                }
            },
            "qwen-turbo": {
                "compile": {
                    "rc": 1,
                    "so": "",
                    "se": "Running ant (compile)...................................................... FAIL\nExecuted command:  cd /data/cmd/Ming/llm-fl-apr/tmp/Jsoup_1-prompt_apr_2-qwen-turbo && /data/cmd/Ming/LLM_Based-Mutation/tools/mutant/defects4j-2.1.0/major/bin/ant -f /data/cmd/Ming/LLM_Based-Mutation/tools/mutant/defects4j-2.1.0/framework/projects/defects4j.build.xml -Dd4j.home=/data/cmd/Ming/LLM_Based-Mutation/tools/mutant/defects4j-2.1.0 -Dd4j.dir.projects=/data/cmd/Ming/LLM_Based-Mutation/tools/mutant/defects4j-2.1.0/framework/projects -Dbasedir=/data/cmd/Ming/llm-fl-apr/tmp/Jsoup_1-prompt_apr_2-qwen-turbo -Dbuild.compiler=javac1.7  compile 2>&1\nJava HotSpot(TM) 64-Bit Server VM warning: ignoring option MaxPermSize=1G; support was removed in 8.0\nBuildfile: /data/cmd/Ming/LLM_Based-Mutation/tools/mutant/defects4j-2.1.0/framework/projects/defects4j.build.xml\n\ntest-offline:\n\nget-deps:\n\njsoup-from-maven.compile:\n    [mkdir] Created dir: /data/cmd/Ming/llm-fl-apr/tmp/Jsoup_1-prompt_apr_2-qwen-turbo/target/classes\n    [javac] /data/cmd/Ming/llm-fl-apr/tmp/Jsoup_1-prompt_apr_2-qwen-turbo/maven-build.xml:77: warning: 'includeantruntime' was not set, defaulting to build.sysclasspath=last; set to false for repeatable builds\n    [javac] Compiling 27 source files to /data/cmd/Ming/llm-fl-apr/tmp/Jsoup_1-prompt_apr_2-qwen-turbo/target/classes\n    [javac] warning: [options] bootstrap class path not set in conjunction with -source 1.5\n    [javac] /data/cmd/Ming/llm-fl-apr/tmp/Jsoup_1-prompt_apr_2-qwen-turbo/src/main/java/org/jsoup/nodes/Document.java:113: error: illegal character: \\96\n    [javac] ```java\n    [javac] ^\n    [javac] /data/cmd/Ming/llm-fl-apr/tmp/Jsoup_1-prompt_apr_2-qwen-turbo/src/main/java/org/jsoup/nodes/Document.java:113: error: illegal character: \\96\n    [javac] ```java\n    [javac]  ^\n    [javac] /data/cmd/Ming/llm-fl-apr/tmp/Jsoup_1-prompt_apr_2-qwen-turbo/src/main/java/org/jsoup/nodes/Document.java:113: error: illegal character: \\96\n    [javac] ```java\n    [javac]   ^\n    [javac] /data/cmd/Ming/llm-fl-apr/tmp/Jsoup_1-prompt_apr_2-qwen-turbo/src/main/java/org/jsoup/nodes/Document.java:136: error: illegal character: \\96\n    [javac] ```\n    [javac] ^\n    [javac] /data/cmd/Ming/llm-fl-apr/tmp/Jsoup_1-prompt_apr_2-qwen-turbo/src/main/java/org/jsoup/nodes/Document.java:136: error: illegal character: \\96\n    [javac] ```\n    [javac]  ^\n    [javac] /data/cmd/Ming/llm-fl-apr/tmp/Jsoup_1-prompt_apr_2-qwen-turbo/src/main/java/org/jsoup/nodes/Document.java:136: error: illegal character: \\96\n    [javac] ```\n    [javac]   ^\n    [javac] /data/cmd/Ming/llm-fl-apr/tmp/Jsoup_1-prompt_apr_2-qwen-turbo/src/main/java/org/jsoup/nodes/Document.java:137: error: <identifier> expected\n    [javac]     @Override\n    [javac]              ^\n    [javac] 7 errors\n    [javac] 1 warning\n\nBUILD FAILED\n/data/cmd/Ming/llm-fl-apr/tmp/Jsoup_1-prompt_apr_2-qwen-turbo/maven-build.xml:77: Compile failed; see the compiler error output for details.\n\nTotal time: 1 second\nCannot compile sources! at /data/cmd/Ming/LLM_Based-Mutation/tools/mutant/defects4j-2.1.0/framework/bin/d4j/d4j-compile line 82.\nCompilation failed in require at /data/cmd/Ming/LLM_Based-Mutation/tools/mutant/defects4j-2.1.0/framework/bin/defects4j line 195.\n"
                }
            },
            "doubao-pro-4k": {
                "compile": {
                    "rc": 0,
                    "so": "",
                    "se": "Running ant (compile)...................................................... OK\nRunning ant (compile.tests)................................................ OK\n"
                },
                "test": {
                    "rc": 0,
                    "so": "Failing tests: 1\n  - org.jsoup.parser.ParserTest::createsStructureFromBodySnippet\n",
                    "se": "Running ant (compile.tests)................................................ OK\nRunning ant (run.dev.tests)................................................ OK\n"
                }
            },
            "gpt-4o-mini": {
                "compile": {
                    "rc": 1,
                    "so": "",
                    "se": "Running ant (compile)...................................................... FAIL\nExecuted command:  cd /data/cmd/Ming/llm-fl-apr/tmp/Jsoup_1-prompt_apr_2-gpt-4o-mini && /data/cmd/Ming/LLM_Based-Mutation/tools/mutant/defects4j-2.1.0/major/bin/ant -f /data/cmd/Ming/LLM_Based-Mutation/tools/mutant/defects4j-2.1.0/framework/projects/defects4j.build.xml -Dd4j.home=/data/cmd/Ming/LLM_Based-Mutation/tools/mutant/defects4j-2.1.0 -Dd4j.dir.projects=/data/cmd/Ming/LLM_Based-Mutation/tools/mutant/defects4j-2.1.0/framework/projects -Dbasedir=/data/cmd/Ming/llm-fl-apr/tmp/Jsoup_1-prompt_apr_2-gpt-4o-mini -Dbuild.compiler=javac1.7  compile 2>&1\nJava HotSpot(TM) 64-Bit Server VM warning: ignoring option MaxPermSize=1G; support was removed in 8.0\nBuildfile: /data/cmd/Ming/LLM_Based-Mutation/tools/mutant/defects4j-2.1.0/framework/projects/defects4j.build.xml\n\ntest-offline:\n\nget-deps:\n\njsoup-from-maven.compile:\n    [mkdir] Created dir: /data/cmd/Ming/llm-fl-apr/tmp/Jsoup_1-prompt_apr_2-gpt-4o-mini/target/classes\n    [javac] /data/cmd/Ming/llm-fl-apr/tmp/Jsoup_1-prompt_apr_2-gpt-4o-mini/maven-build.xml:77: warning: 'includeantruntime' was not set, defaulting to build.sysclasspath=last; set to false for repeatable builds\n    [javac] Compiling 27 source files to /data/cmd/Ming/llm-fl-apr/tmp/Jsoup_1-prompt_apr_2-gpt-4o-mini/target/classes\n    [javac] warning: [options] bootstrap class path not set in conjunction with -source 1.5\n    [javac] warning: /home/cmd/jdk1.8.0_391/lib/ct.sym(META-INF/sym/rt.jar/java/net/URL.class): major version 52 is newer than 51, the highest major version supported by this compiler.\n    [javac]   It is recommended that the compiler be upgraded.\n    [javac] warning: /home/cmd/jdk1.8.0_391/lib/ct.sym(META-INF/sym/rt.jar/java/net/HttpURLConnection.class): major version 52 is newer than 51, the highest major version supported by this compiler.\n    [javac]   It is recommended that the compiler be upgraded.\n    [javac] warning: /home/cmd/jdk1.8.0_391/lib/ct.sym(META-INF/sym/rt.jar/java/lang/Object.class): major version 52 is newer than 51, the highest major version supported by this compiler.\n    [javac]   It is recommended that the compiler be upgraded.\n    [javac] warning: /home/cmd/jdk1.8.0_391/lib/ct.sym(META-INF/sym/rt.jar/java/io/File.class): major version 52 is newer than 51, the highest major version supported by this compiler.\n    [javac]   It is recommended that the compiler be upgraded.\n    [javac] warning: /home/cmd/jdk1.8.0_391/lib/ct.sym(META-INF/sym/rt.jar/java/lang/String.class): major version 52 is newer than 51, the highest major version supported by this compiler.\n    [javac]   It is recommended that the compiler be upgraded.\n    [javac] warning: /home/cmd/jdk1.8.0_391/lib/ct.sym(META-INF/sym/rt.jar/java/io/IOException.class): major version 52 is newer than 51, the highest major version supported by this compiler.\n    [javac]   It is recommended that the compiler be upgraded.\n    [javac] warning: /home/cmd/jdk1.8.0_391/lib/ct.sym(META-INF/sym/rt.jar/java/io/InputStream.class): major version 52 is newer than 51, the highest major version supported by this compiler.\n    [javac]   It is recommended that the compiler be upgraded.\n    [javac] warning: /home/cmd/jdk1.8.0_391/lib/ct.sym(META-INF/sym/rt.jar/java/util/List.class): major version 52 is newer than 51, the highest major version supported by this compiler.\n    [javac]   It is recommended that the compiler be upgraded.\n    [javac] warning: /home/cmd/jdk1.8.0_391/lib/ct.sym(META-INF/sym/rt.jar/java/util/ArrayList.class): major version 52 is newer than 51, the highest major version supported by this compiler.\n    [javac]   It is recommended that the compiler be upgraded.\n    [javac] warning: /home/cmd/jdk1.8.0_391/lib/ct.sym(META-INF/sym/rt.jar/java/net/MalformedURLException.class): major version 52 is newer than 51, the highest major version supported by this compiler.\n    [javac]   It is recommended that the compiler be upgraded.\n    [javac] warning: /home/cmd/jdk1.8.0_391/lib/ct.sym(META-INF/sym/rt.jar/java/util/Collections.class): major version 52 is newer than 51, the highest major version supported by this compiler.\n    [javac]   It is recommended that the compiler be upgraded.\n    [javac] warning: /home/cmd/jdk1.8.0_391/lib/ct.sym(META-INF/sym/rt.jar/java/util/HashMap.class): major version 52 is newer than 51, the highest major version supported by this compiler.\n    [javac]   It is recommended that the compiler be upgraded.\n    [javac] warning: /home/cmd/jdk1.8.0_391/lib/ct.sym(META-INF/sym/rt.jar/java/util/HashSet.class): major version 52 is newer than 51, the highest major version supported by this compiler.\n    [javac]   It is recommended that the compiler be upgraded.\n    [javac] warning: /home/cmd/jdk1.8.0_391/lib/ct.sym(META-INF/sym/rt.jar/java/util/Map.class): major version 52 is newer than 51, the highest major version supported by this compiler.\n    [javac]   It is recommended that the compiler be upgraded.\n    [javac] warning: /home/cmd/jdk1.8.0_391/lib/ct.sym(META-INF/sym/rt.jar/java/util/Set.class): major version 52 is newer than 51, the highest major version supported by this compiler.\n    [javac]   It is recommended that the compiler be upgraded.\n    [javac] warning: /home/cmd/jdk1.8.0_391/lib/ct.sym(META-INF/sym/rt.jar/java/lang/Iterable.class): major version 52 is newer than 51, the highest major version supported by this compiler.\n    [javac]   It is recommended that the compiler be upgraded.\n    [javac] warning: /home/cmd/jdk1.8.0_391/lib/ct.sym(META-INF/sym/rt.jar/java/util/Collection.class): major version 52 is newer than 51, the highest major version supported by this compiler.\n    [javac]   It is recommended that the compiler be upgraded.\n    [javac] warning: /home/cmd/jdk1.8.0_391/lib/ct.sym(META-INF/sym/rt.jar/java/lang/Integer.class): major version 52 is newer than 51, the highest major version supported by this compiler.\n    [javac]   It is recommended that the compiler be upgraded.\n    [javac] warning: /home/cmd/jdk1.8.0_391/lib/ct.sym(META-INF/sym/rt.jar/java/lang/StringBuilder.class): major version 52 is newer than 51, the highest major version supported by this compiler.\n    [javac]   It is recommended that the compiler be upgraded.\n    [javac] warning: /home/cmd/jdk1.8.0_391/lib/ct.sym(META-INF/sym/rt.jar/java/util/LinkedHashMap.class): major version 52 is newer than 51, the highest major version supported by this compiler.\n    [javac]   It is recommended that the compiler be upgraded.\n    [javac] warning: /home/cmd/jdk1.8.0_391/lib/ct.sym(META-INF/sym/rt.jar/java/util/Iterator.class): major version 52 is newer than 51, the highest major version supported by this compiler.\n    [javac]   It is recommended that the compiler be upgraded.\n    [javac] warning: /home/cmd/jdk1.8.0_391/lib/ct.sym(META-INF/sym/rt.jar/java/util/ListIterator.class): major version 52 is newer than 51, the highest major version supported by this compiler.\n    [javac]   It is recommended that the compiler be upgraded.\n    [javac] warning: /home/cmd/jdk1.8.0_391/lib/ct.sym(META-INF/sym/rt.jar/java/util/LinkedList.class): major version 52 is newer than 51, the highest major version supported by this compiler.\n    [javac]   It is recommended that the compiler be upgraded.\n    [javac] warning: /home/cmd/jdk1.8.0_391/lib/ct.sym(META-INF/sym/rt.jar/java/lang/Character.class): major version 52 is newer than 51, the highest major version supported by this compiler.\n    [javac]   It is recommended that the compiler be upgraded.\n    [javac] warning: /home/cmd/jdk1.8.0_391/lib/ct.sym(META-INF/sym/rt.jar/java/util/LinkedHashSet.class): major version 52 is newer than 51, the highest major version supported by this compiler.\n    [javac]   It is recommended that the compiler be upgraded.\n    [javac] warning: /home/cmd/jdk1.8.0_391/lib/ct.sym(META-INF/sym/rt.jar/java/lang/IllegalStateException.class): major version 52 is newer than 51, the highest major version supported by this compiler.\n    [javac]   It is recommended that the compiler be upgraded.\n    [javac] warning: /home/cmd/jdk1.8.0_391/lib/ct.sym(META-INF/sym/rt.jar/java/lang/RuntimeException.class): major version 52 is newer than 51, the highest major version supported by this compiler.\n    [javac]   It is recommended that the compiler be upgraded.\n    [javac] warning: /home/cmd/jdk1.8.0_391/lib/ct.sym(META-INF/sym/rt.jar/java/lang/Exception.class): major version 52 is newer than 51, the highest major version supported by this compiler.\n    [javac]   It is recommended that the compiler be upgraded.\n    [javac] warning: /home/cmd/jdk1.8.0_391/lib/ct.sym(META-INF/sym/rt.jar/java/lang/Throwable.class): major version 52 is newer than 51, the highest major version supported by this compiler.\n    [javac]   It is recommended that the compiler be upgraded.\n    [javac] warning: /home/cmd/jdk1.8.0_391/lib/ct.sym(META-INF/sym/rt.jar/java/io/Serializable.class): major version 52 is newer than 51, the highest major version supported by this compiler.\n    [javac]   It is recommended that the compiler be upgraded.\n    [javac] /home/cmd/jdk1.8.0_391/lib/ct.sym(META-INF/sym/rt.jar/java/net/URL.class): warning: Cannot find annotation method 'value()' in type 'Profile+Annotation': class file for jdk.Profile+Annotation not found\n    [javac] /home/cmd/jdk1.8.0_391/lib/ct.sym(META-INF/sym/rt.jar/java/net/HttpURLConnection.class): warning: Cannot find annotation method 'value()' in type 'Profile+Annotation'\n    [javac] /home/cmd/jdk1.8.0_391/lib/ct.sym(META-INF/sym/rt.jar/java/lang/Object.class): warning: Cannot find annotation method 'value()' in type 'Profile+Annotation'\n    [javac] /home/cmd/jdk1.8.0_391/lib/ct.sym(META-INF/sym/rt.jar/java/io/File.class): warning: Cannot find annotation method 'value()' in type 'Profile+Annotation'\n    [javac] /home/cmd/jdk1.8.0_391/lib/ct.sym(META-INF/sym/rt.jar/java/lang/String.class): warning: Cannot find annotation method 'value()' in type 'Profile+Annotation'\n    [javac] /home/cmd/jdk1.8.0_391/lib/ct.sym(META-INF/sym/rt.jar/java/io/IOException.class): warning: Cannot find annotation method 'value()' in type 'Profile+Annotation'\n    [javac] /home/cmd/jdk1.8.0_391/lib/ct.sym(META-INF/sym/rt.jar/java/io/InputStream.class): warning: Cannot find annotation method 'value()' in type 'Profile+Annotation'\n    [javac] /home/cmd/jdk1.8.0_391/lib/ct.sym(META-INF/sym/rt.jar/java/util/List.class): warning: Cannot find annotation method 'value()' in type 'Profile+Annotation'\n    [javac] /home/cmd/jdk1.8.0_391/lib/ct.sym(META-INF/sym/rt.jar/java/util/ArrayList.class): warning: Cannot find annotation method 'value()' in type 'Profile+Annotation'\n    [javac] /home/cmd/jdk1.8.0_391/lib/ct.sym(META-INF/sym/rt.jar/java/net/MalformedURLException.class): warning: Cannot find annotation method 'value()' in type 'Profile+Annotation'\n    [javac] /home/cmd/jdk1.8.0_391/lib/ct.sym(META-INF/sym/rt.jar/java/util/Collections.class): warning: Cannot find annotation method 'value()' in type 'Profile+Annotation'\n    [javac] /home/cmd/jdk1.8.0_391/lib/ct.sym(META-INF/sym/rt.jar/java/util/HashMap.class): warning: Cannot find annotation method 'value()' in type 'Profile+Annotation'\n    [javac] /home/cmd/jdk1.8.0_391/lib/ct.sym(META-INF/sym/rt.jar/java/util/HashSet.class): warning: Cannot find annotation method 'value()' in type 'Profile+Annotation'\n    [javac] /home/cmd/jdk1.8.0_391/lib/ct.sym(META-INF/sym/rt.jar/java/util/Map.class): warning: Cannot find annotation method 'value()' in type 'Profile+Annotation'\n    [javac] /home/cmd/jdk1.8.0_391/lib/ct.sym(META-INF/sym/rt.jar/java/util/Set.class): warning: Cannot find annotation method 'value()' in type 'Profile+Annotation'\n    [javac] warning: /home/cmd/jdk1.8.0_391/lib/ct.sym(META-INF/sym/rt.jar/java/lang/Override.class): major version 52 is newer than 51, the highest major version supported by this compiler.\n    [javac]   It is recommended that the compiler be upgraded.\n    [javac] warning: /home/cmd/jdk1.8.0_391/lib/ct.sym(META-INF/sym/rt.jar/java/lang/annotation/Annotation.class): major version 52 is newer than 51, the highest major version supported by this compiler.\n    [javac]   It is recommended that the compiler be upgraded.\n    [javac] /home/cmd/jdk1.8.0_391/lib/ct.sym(META-INF/sym/rt.jar/java/lang/Iterable.class): warning: Cannot find annotation method 'value()' in type 'Profile+Annotation'\n    [javac] /home/cmd/jdk1.8.0_391/lib/ct.sym(META-INF/sym/rt.jar/java/util/Collection.class): warning: Cannot find annotation method 'value()' in type 'Profile+Annotation'\n    [javac] /home/cmd/jdk1.8.0_391/lib/ct.sym(META-INF/sym/rt.jar/java/lang/Integer.class): warning: Cannot find annotation method 'value()' in type 'Profile+Annotation'\n    [javac] /home/cmd/jdk1.8.0_391/lib/ct.sym(META-INF/sym/rt.jar/java/lang/StringBuilder.class): warning: Cannot find annotation method 'value()' in type 'Profile+Annotation'\n    [javac] /home/cmd/jdk1.8.0_391/lib/ct.sym(META-INF/sym/rt.jar/java/util/LinkedHashMap.class): warning: Cannot find annotation method 'value()' in type 'Profile+Annotation'\n    [javac] /home/cmd/jdk1.8.0_391/lib/ct.sym(META-INF/sym/rt.jar/java/util/Iterator.class): warning: Cannot find annotation method 'value()' in type 'Profile+Annotation'\n    [javac] /home/cmd/jdk1.8.0_391/lib/ct.sym(META-INF/sym/rt.jar/java/util/ListIterator.class): warning: Cannot find annotation method 'value()' in type 'Profile+Annotation'\n    [javac] /home/cmd/jdk1.8.0_391/lib/ct.sym(META-INF/sym/rt.jar/java/util/LinkedList.class): warning: Cannot find annotation method 'value()' in type 'Profile+Annotation'\n    [javac] /home/cmd/jdk1.8.0_391/lib/ct.sym(META-INF/sym/rt.jar/java/lang/Character.class): warning: Cannot find annotation method 'value()' in type 'Profile+Annotation'\n    [javac] /home/cmd/jdk1.8.0_391/lib/ct.sym(META-INF/sym/rt.jar/java/util/LinkedHashSet.class): warning: Cannot find annotation method 'value()' in type 'Profile+Annotation'\n    [javac] /home/cmd/jdk1.8.0_391/lib/ct.sym(META-INF/sym/rt.jar/java/lang/IllegalStateException.class): warning: Cannot find annotation method 'value()' in type 'Profile+Annotation'\n    [javac] /home/cmd/jdk1.8.0_391/lib/ct.sym(META-INF/sym/rt.jar/java/lang/RuntimeException.class): warning: Cannot find annotation method 'value()' in type 'Profile+Annotation'\n    [javac] /home/cmd/jdk1.8.0_391/lib/ct.sym(META-INF/sym/rt.jar/java/lang/Exception.class): warning: Cannot find annotation method 'value()' in type 'Profile+Annotation'\n    [javac] /home/cmd/jdk1.8.0_391/lib/ct.sym(META-INF/sym/rt.jar/java/lang/Throwable.class): warning: Cannot find annotation method 'value()' in type 'Profile+Annotation'\n    [javac] /home/cmd/jdk1.8.0_391/lib/ct.sym(META-INF/sym/rt.jar/java/io/Serializable.class): warning: Cannot find annotation method 'value()' in type 'Profile+Annotation'\n    [javac] warning: /home/cmd/jdk1.8.0_391/lib/ct.sym(META-INF/sym/rt.jar/java/lang/annotation/Target.class): major version 52 is newer than 51, the highest major version supported by this compiler.\n    [javac]   It is recommended that the compiler be upgraded.\n    [javac] warning: /home/cmd/jdk1.8.0_391/lib/ct.sym(META-INF/sym/rt.jar/java/lang/annotation/ElementType.class): major version 52 is newer than 51, the highest major version supported by this compiler.\n    [javac]   It is recommended that the compiler be upgraded.\n    [javac] warning: /home/cmd/jdk1.8.0_391/lib/ct.sym(META-INF/sym/rt.jar/java/lang/annotation/Retention.class): major version 52 is newer than 51, the highest major version supported by this compiler.\n    [javac]   It is recommended that the compiler be upgraded.\n    [javac] warning: /home/cmd/jdk1.8.0_391/lib/ct.sym(META-INF/sym/rt.jar/java/lang/annotation/RetentionPolicy.class): major version 52 is newer than 51, the highest major version supported by this compiler.\n    [javac]   It is recommended that the compiler be upgraded.\n    [javac] /home/cmd/jdk1.8.0_391/lib/ct.sym(META-INF/sym/rt.jar/java/lang/Override.class): warning: Cannot find annotation method 'value()' in type 'Profile+Annotation'\n    [javac] /home/cmd/jdk1.8.0_391/lib/ct.sym(META-INF/sym/rt.jar/java/lang/annotation/Annotation.class): warning: Cannot find annotation method 'value()' in type 'Profile+Annotation'\n    [javac] /home/cmd/jdk1.8.0_391/lib/ct.sym(META-INF/sym/rt.jar/java/lang/annotation/Target.class): warning: Cannot find annotation method 'value()' in type 'Profile+Annotation'\n    [javac] /home/cmd/jdk1.8.0_391/lib/ct.sym(META-INF/sym/rt.jar/java/lang/annotation/ElementType.class): warning: Cannot find annotation method 'value()' in type 'Profile+Annotation'\n    [javac] /home/cmd/jdk1.8.0_391/lib/ct.sym(META-INF/sym/rt.jar/java/lang/annotation/Retention.class): warning: Cannot find annotation method 'value()' in type 'Profile+Annotation'\n    [javac] /home/cmd/jdk1.8.0_391/lib/ct.sym(META-INF/sym/rt.jar/java/lang/annotation/RetentionPolicy.class): warning: Cannot find annotation method 'value()' in type 'Profile+Annotation'\n    [javac] warning: /home/cmd/jdk1.8.0_391/lib/ct.sym(META-INF/sym/rt.jar/java/lang/AutoCloseable.class): major version 52 is newer than 51, the highest major version supported by this compiler.\n    [javac]   It is recommended that the compiler be upgraded.\n    [javac] /home/cmd/jdk1.8.0_391/lib/ct.sym(META-INF/sym/rt.jar/java/lang/AutoCloseable.class): warning: Cannot find annotation method 'value()' in type 'Profile+Annotation'\n    [javac] warning: /home/cmd/jdk1.8.0_391/lib/ct.sym(META-INF/sym/rt.jar/java/io/FileInputStream.class): major version 52 is newer than 51, the highest major version supported by this compiler.\n    [javac]   It is recommended that the compiler be upgraded.\n    [javac] /home/cmd/jdk1.8.0_391/lib/ct.sym(META-INF/sym/rt.jar/java/io/FileInputStream.class): warning: Cannot find annotation method 'value()' in type 'Profile+Annotation'\n    [javac] warning: /home/cmd/jdk1.8.0_391/lib/ct.sym(META-INF/sym/rt.jar/java/io/FileDescriptor.class): major version 52 is newer than 51, the highest major version supported by this compiler.\n    [javac]   It is recommended that the compiler be upgraded.\n    [javac] /home/cmd/jdk1.8.0_391/lib/ct.sym(META-INF/sym/rt.jar/java/io/FileDescriptor.class): warning: Cannot find annotation method 'value()' in type 'Profile+Annotation'\n    [javac] warning: /home/cmd/jdk1.8.0_391/lib/ct.sym(META-INF/sym/rt.jar/java/io/Closeable.class): major version 52 is newer than 51, the highest major version supported by this compiler.\n    [javac]   It is recommended that the compiler be upgraded.\n    [javac] /home/cmd/jdk1.8.0_391/lib/ct.sym(META-INF/sym/rt.jar/java/io/Closeable.class): warning: Cannot find annotation method 'value()' in type 'Profile+Annotation'\n    [javac] warning: /home/cmd/jdk1.8.0_391/lib/ct.sym(META-INF/sym/rt.jar/java/net/URLConnection.class): major version 52 is newer than 51, the highest major version supported by this compiler.\n    [javac]   It is recommended that the compiler be upgraded.\n    [javac] /home/cmd/jdk1.8.0_391/lib/ct.sym(META-INF/sym/rt.jar/java/net/URLConnection.class): warning: Cannot find annotation method 'value()' in type 'Profile+Annotation'\n    [javac] warning: /home/cmd/jdk1.8.0_391/lib/ct.sym(META-INF/sym/rt.jar/java/util/Locale.class): major version 52 is newer than 51, the highest major version supported by this compiler.\n    [javac]   It is recommended that the compiler be upgraded.\n    [javac] /home/cmd/jdk1.8.0_391/lib/ct.sym(META-INF/sym/rt.jar/java/util/Locale.class): warning: Cannot find annotation method 'value()' in type 'Profile+Annotation'\n    [javac] warning: /home/cmd/jdk1.8.0_391/lib/ct.sym(META-INF/sym/rt.jar/java/io/BufferedInputStream.class): major version 52 is newer than 51, the highest major version supported by this compiler.\n    [javac]   It is recommended that the compiler be upgraded.\n    [javac] /home/cmd/jdk1.8.0_391/lib/ct.sym(META-INF/sym/rt.jar/java/io/BufferedInputStream.class): warning: Cannot find annotation method 'value()' in type 'Profile+Annotation'\n    [javac] warning: /home/cmd/jdk1.8.0_391/lib/ct.sym(META-INF/sym/rt.jar/java/io/FilterInputStream.class): major version 52 is newer than 51, the highest major version supported by this compiler.\n    [javac]   It is recommended that the compiler be upgraded.\n    [javac] /home/cmd/jdk1.8.0_391/lib/ct.sym(META-INF/sym/rt.jar/java/io/FilterInputStream.class): warning: Cannot find annotation method 'value()' in type 'Profile+Annotation'\n    [javac] warning: /home/cmd/jdk1.8.0_391/lib/ct.sym(META-INF/sym/rt.jar/java/lang/CharSequence.class): major version 52 is newer than 51, the highest major version supported by this compiler.\n    [javac]   It is recommended that the compiler be upgraded.\n    [javac] /home/cmd/jdk1.8.0_391/lib/ct.sym(META-INF/sym/rt.jar/java/lang/CharSequence.class): warning: Cannot find annotation method 'value()' in type 'Profile+Annotation'\n    [javac] warning: /home/cmd/jdk1.8.0_391/lib/ct.sym(META-INF/sym/rt.jar/java/io/Reader.class): major version 52 is newer than 51, the highest major version supported by this compiler.\n    [javac]   It is recommended that the compiler be upgraded.\n    [javac] /home/cmd/jdk1.8.0_391/lib/ct.sym(META-INF/sym/rt.jar/java/io/Reader.class): warning: Cannot find annotation method 'value()' in type 'Profile+Annotation'\n    [javac] warning: /home/cmd/jdk1.8.0_391/lib/ct.sym(META-INF/sym/rt.jar/java/io/InputStreamReader.class): major version 52 is newer than 51, the highest major version supported by this compiler.\n    [javac]   It is recommended that the compiler be upgraded.\n    [javac] /home/cmd/jdk1.8.0_391/lib/ct.sym(META-INF/sym/rt.jar/java/io/InputStreamReader.class): warning: Cannot find annotation method 'value()' in type 'Profile+Annotation'\n    [javac] warning: /home/cmd/jdk1.8.0_391/lib/ct.sym(META-INF/sym/rt.jar/java/nio/charset/CharsetDecoder.class): major version 52 is newer than 51, the highest major version supported by this compiler.\n    [javac]   It is recommended that the compiler be upgraded.\n    [javac] /home/cmd/jdk1.8.0_391/lib/ct.sym(META-INF/sym/rt.jar/java/nio/charset/CharsetDecoder.class): warning: Cannot find annotation method 'value()' in type 'Profile+Annotation'\n    [javac] warning: /home/cmd/jdk1.8.0_391/lib/ct.sym(META-INF/sym/rt.jar/java/nio/charset/Charset.class): major version 52 is newer than 51, the highest major version supported by this compiler.\n    [javac]   It is recommended that the compiler be upgraded.\n    [javac] /home/cmd/jdk1.8.0_391/lib/ct.sym(META-INF/sym/rt.jar/java/nio/charset/Charset.class): warning: Cannot find annotation method 'value()' in type 'Profile+Annotation'\n    [javac] warning: /home/cmd/jdk1.8.0_391/lib/ct.sym(META-INF/sym/rt.jar/java/lang/Readable.class): major version 52 is newer than 51, the highest major version supported by this compiler.\n    [javac]   It is recommended that the compiler be upgraded.\n    [javac] /data/cmd/Ming/llm-fl-apr/tmp/Jsoup_1-prompt_apr_2-gpt-4o-mini/src/main/java/org/jsoup/nodes/Document.java:125: error: constructor TextNode in class TextNode cannot be applied to given types;\n    [javac]         body().appendChild(new TextNode(\" \")); // Fix: Create a TextNode with only one space character\n    [javac]                            ^\n    [javac]   required: String,String\n    [javac]   found: String\n    [javac]   reason: actual and formal argument lists differ in length\n    [javac] 1 error\n    [javac] 100 warnings\n\nBUILD FAILED\n/data/cmd/Ming/llm-fl-apr/tmp/Jsoup_1-prompt_apr_2-gpt-4o-mini/maven-build.xml:77: Compile failed; see the compiler error output for details.\n\nTotal time: 2 seconds\nCannot compile sources! at /data/cmd/Ming/LLM_Based-Mutation/tools/mutant/defects4j-2.1.0/framework/bin/d4j/d4j-compile line 82.\nCompilation failed in require at /data/cmd/Ming/LLM_Based-Mutation/tools/mutant/defects4j-2.1.0/framework/bin/defects4j line 195.\n"
                }
            },
            "deepseek-chat": {
                "compile": {
                    "rc": 0,
                    "so": "",
                    "se": "Running ant (compile)...................................................... OK\nRunning ant (compile.tests)................................................ OK\n"
                },
                "test": {
                    "rc": 0,
                    "so": "Failing tests: 1\n  - org.jsoup.parser.ParserTest::createsStructureFromBodySnippet\n",
                    "se": "Running ant (compile.tests)................................................ OK\nRunning ant (run.dev.tests)................................................ OK\n"
                }
            }
        },
        "prompt_apr_3": {
            "ernie-3.5-128k": {
                "compile": {
                    "rc": 1,
                    "so": "",
                    "se": "Running ant (compile)...................................................... FAIL\nExecuted command:  cd /data/cmd/Ming/llm-fl-apr/tmp/Jsoup_1-prompt_apr_3-ernie-3.5-128k && /data/cmd/Ming/LLM_Based-Mutation/tools/mutant/defects4j-2.1.0/major/bin/ant -f /data/cmd/Ming/LLM_Based-Mutation/tools/mutant/defects4j-2.1.0/framework/projects/defects4j.build.xml -Dd4j.home=/data/cmd/Ming/LLM_Based-Mutation/tools/mutant/defects4j-2.1.0 -Dd4j.dir.projects=/data/cmd/Ming/LLM_Based-Mutation/tools/mutant/defects4j-2.1.0/framework/projects -Dbasedir=/data/cmd/Ming/llm-fl-apr/tmp/Jsoup_1-prompt_apr_3-ernie-3.5-128k -Dbuild.compiler=javac1.7  compile 2>&1\nJava HotSpot(TM) 64-Bit Server VM warning: ignoring option MaxPermSize=1G; support was removed in 8.0\nBuildfile: /data/cmd/Ming/LLM_Based-Mutation/tools/mutant/defects4j-2.1.0/framework/projects/defects4j.build.xml\n\ntest-offline:\n\nget-deps:\n\njsoup-from-maven.compile:\n    [mkdir] Created dir: /data/cmd/Ming/llm-fl-apr/tmp/Jsoup_1-prompt_apr_3-ernie-3.5-128k/target/classes\n    [javac] /data/cmd/Ming/llm-fl-apr/tmp/Jsoup_1-prompt_apr_3-ernie-3.5-128k/maven-build.xml:77: warning: 'includeantruntime' was not set, defaulting to build.sysclasspath=last; set to false for repeatable builds\n    [javac] Compiling 27 source files to /data/cmd/Ming/llm-fl-apr/tmp/Jsoup_1-prompt_apr_3-ernie-3.5-128k/target/classes\n    [javac] warning: [options] bootstrap class path not set in conjunction with -source 1.5\n    [javac] /data/cmd/Ming/llm-fl-apr/tmp/Jsoup_1-prompt_apr_3-ernie-3.5-128k/src/main/java/org/jsoup/nodes/Document.java:129: error: ';' expected\n    [javac]     public String outerHtml() {\n    [javac]                            ^\n    [javac] /data/cmd/Ming/llm-fl-apr/tmp/Jsoup_1-prompt_apr_3-ernie-3.5-128k/src/main/java/org/jsoup/nodes/Document.java:139: error: ';' expected\n    [javac]     public Element text(String text) {\n    [javac]                        ^\n    [javac] /data/cmd/Ming/llm-fl-apr/tmp/Jsoup_1-prompt_apr_3-ernie-3.5-128k/src/main/java/org/jsoup/nodes/Document.java:139: error: ';' expected\n    [javac]     public Element text(String text) {\n    [javac]                                    ^\n    [javac] /data/cmd/Ming/llm-fl-apr/tmp/Jsoup_1-prompt_apr_3-ernie-3.5-128k/src/main/java/org/jsoup/nodes/Document.java:145: error: ';' expected\n    [javac]     public String nodeName() {\n    [javac]                           ^\n    [javac] /data/cmd/Ming/llm-fl-apr/tmp/Jsoup_1-prompt_apr_3-ernie-3.5-128k/src/main/java/org/jsoup/nodes/Document.java:148: error: reached end of file while parsing\n    [javac] }\n    [javac]  ^\n    [javac] 5 errors\n    [javac] 1 warning\n\nBUILD FAILED\n/data/cmd/Ming/llm-fl-apr/tmp/Jsoup_1-prompt_apr_3-ernie-3.5-128k/maven-build.xml:77: Compile failed; see the compiler error output for details.\n\nTotal time: 1 second\nCannot compile sources! at /data/cmd/Ming/LLM_Based-Mutation/tools/mutant/defects4j-2.1.0/framework/bin/d4j/d4j-compile line 82.\nCompilation failed in require at /data/cmd/Ming/LLM_Based-Mutation/tools/mutant/defects4j-2.1.0/framework/bin/defects4j line 195.\n"
                }
            },
            "qwen-turbo": {
                "compile": {
                    "rc": 1,
                    "so": "",
                    "se": "Running ant (compile)...................................................... FAIL\nExecuted command:  cd /data/cmd/Ming/llm-fl-apr/tmp/Jsoup_1-prompt_apr_3-qwen-turbo && /data/cmd/Ming/LLM_Based-Mutation/tools/mutant/defects4j-2.1.0/major/bin/ant -f /data/cmd/Ming/LLM_Based-Mutation/tools/mutant/defects4j-2.1.0/framework/projects/defects4j.build.xml -Dd4j.home=/data/cmd/Ming/LLM_Based-Mutation/tools/mutant/defects4j-2.1.0 -Dd4j.dir.projects=/data/cmd/Ming/LLM_Based-Mutation/tools/mutant/defects4j-2.1.0/framework/projects -Dbasedir=/data/cmd/Ming/llm-fl-apr/tmp/Jsoup_1-prompt_apr_3-qwen-turbo -Dbuild.compiler=javac1.7  compile 2>&1\nJava HotSpot(TM) 64-Bit Server VM warning: ignoring option MaxPermSize=1G; support was removed in 8.0\nBuildfile: /data/cmd/Ming/LLM_Based-Mutation/tools/mutant/defects4j-2.1.0/framework/projects/defects4j.build.xml\n\ntest-offline:\n\nget-deps:\n\njsoup-from-maven.compile:\n    [mkdir] Created dir: /data/cmd/Ming/llm-fl-apr/tmp/Jsoup_1-prompt_apr_3-qwen-turbo/target/classes\n    [javac] /data/cmd/Ming/llm-fl-apr/tmp/Jsoup_1-prompt_apr_3-qwen-turbo/maven-build.xml:77: warning: 'includeantruntime' was not set, defaulting to build.sysclasspath=last; set to false for repeatable builds\n    [javac] Compiling 27 source files to /data/cmd/Ming/llm-fl-apr/tmp/Jsoup_1-prompt_apr_3-qwen-turbo/target/classes\n    [javac] warning: [options] bootstrap class path not set in conjunction with -source 1.5\n    [javac] /data/cmd/Ming/llm-fl-apr/tmp/Jsoup_1-prompt_apr_3-qwen-turbo/src/main/java/org/jsoup/nodes/Document.java:113: error: illegal character: \\96\n    [javac] ```java\n    [javac] ^\n    [javac] /data/cmd/Ming/llm-fl-apr/tmp/Jsoup_1-prompt_apr_3-qwen-turbo/src/main/java/org/jsoup/nodes/Document.java:113: error: illegal character: \\96\n    [javac] ```java\n    [javac]  ^\n    [javac] /data/cmd/Ming/llm-fl-apr/tmp/Jsoup_1-prompt_apr_3-qwen-turbo/src/main/java/org/jsoup/nodes/Document.java:113: error: illegal character: \\96\n    [javac] ```java\n    [javac]   ^\n    [javac] /data/cmd/Ming/llm-fl-apr/tmp/Jsoup_1-prompt_apr_3-qwen-turbo/src/main/java/org/jsoup/nodes/Document.java:128: error: illegal character: \\96\n    [javac] ```\n    [javac] ^\n    [javac] /data/cmd/Ming/llm-fl-apr/tmp/Jsoup_1-prompt_apr_3-qwen-turbo/src/main/java/org/jsoup/nodes/Document.java:128: error: illegal character: \\96\n    [javac] ```\n    [javac]  ^\n    [javac] /data/cmd/Ming/llm-fl-apr/tmp/Jsoup_1-prompt_apr_3-qwen-turbo/src/main/java/org/jsoup/nodes/Document.java:128: error: illegal character: \\96\n    [javac] ```\n    [javac]   ^\n    [javac] /data/cmd/Ming/llm-fl-apr/tmp/Jsoup_1-prompt_apr_3-qwen-turbo/src/main/java/org/jsoup/nodes/Document.java:130: error: ';' expected\n    [javac]     public String outerHtml() {\n    [javac]                            ^\n    [javac] /data/cmd/Ming/llm-fl-apr/tmp/Jsoup_1-prompt_apr_3-qwen-turbo/src/main/java/org/jsoup/nodes/Document.java:140: error: ';' expected\n    [javac]     public Element text(String text) {\n    [javac]                        ^\n    [javac] /data/cmd/Ming/llm-fl-apr/tmp/Jsoup_1-prompt_apr_3-qwen-turbo/src/main/java/org/jsoup/nodes/Document.java:140: error: ';' expected\n    [javac]     public Element text(String text) {\n    [javac]                                    ^\n    [javac] /data/cmd/Ming/llm-fl-apr/tmp/Jsoup_1-prompt_apr_3-qwen-turbo/src/main/java/org/jsoup/nodes/Document.java:146: error: ';' expected\n    [javac]     public String nodeName() {\n    [javac]                           ^\n    [javac] /data/cmd/Ming/llm-fl-apr/tmp/Jsoup_1-prompt_apr_3-qwen-turbo/src/main/java/org/jsoup/nodes/Document.java:149: error: reached end of file while parsing\n    [javac] }\n    [javac]  ^\n    [javac] 11 errors\n    [javac] 1 warning\n\nBUILD FAILED\n/data/cmd/Ming/llm-fl-apr/tmp/Jsoup_1-prompt_apr_3-qwen-turbo/maven-build.xml:77: Compile failed; see the compiler error output for details.\n\nTotal time: 1 second\nCannot compile sources! at /data/cmd/Ming/LLM_Based-Mutation/tools/mutant/defects4j-2.1.0/framework/bin/d4j/d4j-compile line 82.\nCompilation failed in require at /data/cmd/Ming/LLM_Based-Mutation/tools/mutant/defects4j-2.1.0/framework/bin/defects4j line 195.\n"
                }
            },
            "doubao-pro-4k": {
                "compile": {
                    "rc": 0,
                    "so": "",
                    "se": "Running ant (compile)...................................................... OK\nRunning ant (compile.tests)................................................ OK\n"
                },
                "test": {
                    "rc": 0,
                    "so": "Failing tests: 1\n  - org.jsoup.parser.ParserTest::createsStructureFromBodySnippet\n",
                    "se": "Running ant (compile.tests)................................................ OK\nRunning ant (run.dev.tests)................................................ OK\n"
                }
            },
            "gpt-4o-mini": {
                "compile": {
                    "rc": 1,
                    "so": "",
                    "se": "Running ant (compile)...................................................... FAIL\nExecuted command:  cd /data/cmd/Ming/llm-fl-apr/tmp/Jsoup_1-prompt_apr_3-gpt-4o-mini && /data/cmd/Ming/LLM_Based-Mutation/tools/mutant/defects4j-2.1.0/major/bin/ant -f /data/cmd/Ming/LLM_Based-Mutation/tools/mutant/defects4j-2.1.0/framework/projects/defects4j.build.xml -Dd4j.home=/data/cmd/Ming/LLM_Based-Mutation/tools/mutant/defects4j-2.1.0 -Dd4j.dir.projects=/data/cmd/Ming/LLM_Based-Mutation/tools/mutant/defects4j-2.1.0/framework/projects -Dbasedir=/data/cmd/Ming/llm-fl-apr/tmp/Jsoup_1-prompt_apr_3-gpt-4o-mini -Dbuild.compiler=javac1.7  compile 2>&1\nJava HotSpot(TM) 64-Bit Server VM warning: ignoring option MaxPermSize=1G; support was removed in 8.0\nBuildfile: /data/cmd/Ming/LLM_Based-Mutation/tools/mutant/defects4j-2.1.0/framework/projects/defects4j.build.xml\n\ntest-offline:\n\nget-deps:\n\njsoup-from-maven.compile:\n    [mkdir] Created dir: /data/cmd/Ming/llm-fl-apr/tmp/Jsoup_1-prompt_apr_3-gpt-4o-mini/target/classes\n    [javac] /data/cmd/Ming/llm-fl-apr/tmp/Jsoup_1-prompt_apr_3-gpt-4o-mini/maven-build.xml:77: warning: 'includeantruntime' was not set, defaulting to build.sysclasspath=last; set to false for repeatable builds\n    [javac] Compiling 27 source files to /data/cmd/Ming/llm-fl-apr/tmp/Jsoup_1-prompt_apr_3-gpt-4o-mini/target/classes\n    [javac] warning: [options] bootstrap class path not set in conjunction with -source 1.5\n    [javac] /data/cmd/Ming/llm-fl-apr/tmp/Jsoup_1-prompt_apr_3-gpt-4o-mini/src/main/java/org/jsoup/nodes/Document.java:128: error: ';' expected\n    [javac]     public String outerHtml() {\n    [javac]                            ^\n    [javac] /data/cmd/Ming/llm-fl-apr/tmp/Jsoup_1-prompt_apr_3-gpt-4o-mini/src/main/java/org/jsoup/nodes/Document.java:138: error: ';' expected\n    [javac]     public Element text(String text) {\n    [javac]                        ^\n    [javac] /data/cmd/Ming/llm-fl-apr/tmp/Jsoup_1-prompt_apr_3-gpt-4o-mini/src/main/java/org/jsoup/nodes/Document.java:138: error: ';' expected\n    [javac]     public Element text(String text) {\n    [javac]                                    ^\n    [javac] /data/cmd/Ming/llm-fl-apr/tmp/Jsoup_1-prompt_apr_3-gpt-4o-mini/src/main/java/org/jsoup/nodes/Document.java:144: error: ';' expected\n    [javac]     public String nodeName() {\n    [javac]                           ^\n    [javac] /data/cmd/Ming/llm-fl-apr/tmp/Jsoup_1-prompt_apr_3-gpt-4o-mini/src/main/java/org/jsoup/nodes/Document.java:147: error: reached end of file while parsing\n    [javac] }\n    [javac]  ^\n    [javac] 5 errors\n    [javac] 1 warning\n\nBUILD FAILED\n/data/cmd/Ming/llm-fl-apr/tmp/Jsoup_1-prompt_apr_3-gpt-4o-mini/maven-build.xml:77: Compile failed; see the compiler error output for details.\n\nTotal time: 1 second\nCannot compile sources! at /data/cmd/Ming/LLM_Based-Mutation/tools/mutant/defects4j-2.1.0/framework/bin/d4j/d4j-compile line 82.\nCompilation failed in require at /data/cmd/Ming/LLM_Based-Mutation/tools/mutant/defects4j-2.1.0/framework/bin/defects4j line 195.\n"
                }
            },
            "deepseek-chat": {
                "compile": {
                    "rc": 1,
                    "so": "",
                    "se": "Running ant (compile)...................................................... FAIL\nExecuted command:  cd /data/cmd/Ming/llm-fl-apr/tmp/Jsoup_1-prompt_apr_3-deepseek-chat && /data/cmd/Ming/LLM_Based-Mutation/tools/mutant/defects4j-2.1.0/major/bin/ant -f /data/cmd/Ming/LLM_Based-Mutation/tools/mutant/defects4j-2.1.0/framework/projects/defects4j.build.xml -Dd4j.home=/data/cmd/Ming/LLM_Based-Mutation/tools/mutant/defects4j-2.1.0 -Dd4j.dir.projects=/data/cmd/Ming/LLM_Based-Mutation/tools/mutant/defects4j-2.1.0/framework/projects -Dbasedir=/data/cmd/Ming/llm-fl-apr/tmp/Jsoup_1-prompt_apr_3-deepseek-chat -Dbuild.compiler=javac1.7  compile 2>&1\nJava HotSpot(TM) 64-Bit Server VM warning: ignoring option MaxPermSize=1G; support was removed in 8.0\nBuildfile: /data/cmd/Ming/LLM_Based-Mutation/tools/mutant/defects4j-2.1.0/framework/projects/defects4j.build.xml\n\ntest-offline:\n\nget-deps:\n\njsoup-from-maven.compile:\n    [mkdir] Created dir: /data/cmd/Ming/llm-fl-apr/tmp/Jsoup_1-prompt_apr_3-deepseek-chat/target/classes\n    [javac] /data/cmd/Ming/llm-fl-apr/tmp/Jsoup_1-prompt_apr_3-deepseek-chat/maven-build.xml:77: warning: 'includeantruntime' was not set, defaulting to build.sysclasspath=last; set to false for repeatable builds\n    [javac] Compiling 27 source files to /data/cmd/Ming/llm-fl-apr/tmp/Jsoup_1-prompt_apr_3-deepseek-chat/target/classes\n    [javac] warning: [options] bootstrap class path not set in conjunction with -source 1.5\n    [javac] /data/cmd/Ming/llm-fl-apr/tmp/Jsoup_1-prompt_apr_3-deepseek-chat/src/main/java/org/jsoup/nodes/Document.java:129: error: ';' expected\n    [javac]     public String outerHtml() {\n    [javac]                            ^\n    [javac] /data/cmd/Ming/llm-fl-apr/tmp/Jsoup_1-prompt_apr_3-deepseek-chat/src/main/java/org/jsoup/nodes/Document.java:139: error: ';' expected\n    [javac]     public Element text(String text) {\n    [javac]                        ^\n    [javac] /data/cmd/Ming/llm-fl-apr/tmp/Jsoup_1-prompt_apr_3-deepseek-chat/src/main/java/org/jsoup/nodes/Document.java:139: error: ';' expected\n    [javac]     public Element text(String text) {\n    [javac]                                    ^\n    [javac] /data/cmd/Ming/llm-fl-apr/tmp/Jsoup_1-prompt_apr_3-deepseek-chat/src/main/java/org/jsoup/nodes/Document.java:145: error: ';' expected\n    [javac]     public String nodeName() {\n    [javac]                           ^\n    [javac] /data/cmd/Ming/llm-fl-apr/tmp/Jsoup_1-prompt_apr_3-deepseek-chat/src/main/java/org/jsoup/nodes/Document.java:148: error: reached end of file while parsing\n    [javac] }\n    [javac]  ^\n    [javac] 5 errors\n    [javac] 1 warning\n\nBUILD FAILED\n/data/cmd/Ming/llm-fl-apr/tmp/Jsoup_1-prompt_apr_3-deepseek-chat/maven-build.xml:77: Compile failed; see the compiler error output for details.\n\nTotal time: 1 second\nCannot compile sources! at /data/cmd/Ming/LLM_Based-Mutation/tools/mutant/defects4j-2.1.0/framework/bin/d4j/d4j-compile line 82.\nCompilation failed in require at /data/cmd/Ming/LLM_Based-Mutation/tools/mutant/defects4j-2.1.0/framework/bin/defects4j line 195.\n"
                }
            }
        },
        "prompt_apr_4": {
            "ernie-3.5-128k": {
                "compile": {
                    "rc": 1,
                    "so": "",
                    "se": "Running ant (compile)...................................................... FAIL\nExecuted command:  cd /data/cmd/Ming/llm-fl-apr/tmp/Jsoup_1-prompt_apr_4-ernie-3.5-128k && /data/cmd/Ming/LLM_Based-Mutation/tools/mutant/defects4j-2.1.0/major/bin/ant -f /data/cmd/Ming/LLM_Based-Mutation/tools/mutant/defects4j-2.1.0/framework/projects/defects4j.build.xml -Dd4j.home=/data/cmd/Ming/LLM_Based-Mutation/tools/mutant/defects4j-2.1.0 -Dd4j.dir.projects=/data/cmd/Ming/LLM_Based-Mutation/tools/mutant/defects4j-2.1.0/framework/projects -Dbasedir=/data/cmd/Ming/llm-fl-apr/tmp/Jsoup_1-prompt_apr_4-ernie-3.5-128k -Dbuild.compiler=javac1.7  compile 2>&1\nJava HotSpot(TM) 64-Bit Server VM warning: ignoring option MaxPermSize=1G; support was removed in 8.0\nBuildfile: /data/cmd/Ming/LLM_Based-Mutation/tools/mutant/defects4j-2.1.0/framework/projects/defects4j.build.xml\n\ntest-offline:\n\nget-deps:\n\njsoup-from-maven.compile:\n    [mkdir] Created dir: /data/cmd/Ming/llm-fl-apr/tmp/Jsoup_1-prompt_apr_4-ernie-3.5-128k/target/classes\n    [javac] /data/cmd/Ming/llm-fl-apr/tmp/Jsoup_1-prompt_apr_4-ernie-3.5-128k/maven-build.xml:77: warning: 'includeantruntime' was not set, defaulting to build.sysclasspath=last; set to false for repeatable builds\n    [javac] Compiling 27 source files to /data/cmd/Ming/llm-fl-apr/tmp/Jsoup_1-prompt_apr_4-ernie-3.5-128k/target/classes\n    [javac] warning: [options] bootstrap class path not set in conjunction with -source 1.5\n    [javac] warning: /home/cmd/jdk1.8.0_391/lib/ct.sym(META-INF/sym/rt.jar/java/net/URL.class): major version 52 is newer than 51, the highest major version supported by this compiler.\n    [javac]   It is recommended that the compiler be upgraded.\n    [javac] warning: /home/cmd/jdk1.8.0_391/lib/ct.sym(META-INF/sym/rt.jar/java/net/HttpURLConnection.class): major version 52 is newer than 51, the highest major version supported by this compiler.\n    [javac]   It is recommended that the compiler be upgraded.\n    [javac] warning: /home/cmd/jdk1.8.0_391/lib/ct.sym(META-INF/sym/rt.jar/java/lang/Object.class): major version 52 is newer than 51, the highest major version supported by this compiler.\n    [javac]   It is recommended that the compiler be upgraded.\n    [javac] warning: /home/cmd/jdk1.8.0_391/lib/ct.sym(META-INF/sym/rt.jar/java/io/File.class): major version 52 is newer than 51, the highest major version supported by this compiler.\n    [javac]   It is recommended that the compiler be upgraded.\n    [javac] warning: /home/cmd/jdk1.8.0_391/lib/ct.sym(META-INF/sym/rt.jar/java/lang/String.class): major version 52 is newer than 51, the highest major version supported by this compiler.\n    [javac]   It is recommended that the compiler be upgraded.\n    [javac] warning: /home/cmd/jdk1.8.0_391/lib/ct.sym(META-INF/sym/rt.jar/java/io/IOException.class): major version 52 is newer than 51, the highest major version supported by this compiler.\n    [javac]   It is recommended that the compiler be upgraded.\n    [javac] warning: /home/cmd/jdk1.8.0_391/lib/ct.sym(META-INF/sym/rt.jar/java/io/InputStream.class): major version 52 is newer than 51, the highest major version supported by this compiler.\n    [javac]   It is recommended that the compiler be upgraded.\n    [javac] warning: /home/cmd/jdk1.8.0_391/lib/ct.sym(META-INF/sym/rt.jar/java/util/List.class): major version 52 is newer than 51, the highest major version supported by this compiler.\n    [javac]   It is recommended that the compiler be upgraded.\n    [javac] warning: /home/cmd/jdk1.8.0_391/lib/ct.sym(META-INF/sym/rt.jar/java/util/ArrayList.class): major version 52 is newer than 51, the highest major version supported by this compiler.\n    [javac]   It is recommended that the compiler be upgraded.\n    [javac] warning: /home/cmd/jdk1.8.0_391/lib/ct.sym(META-INF/sym/rt.jar/java/net/MalformedURLException.class): major version 52 is newer than 51, the highest major version supported by this compiler.\n    [javac]   It is recommended that the compiler be upgraded.\n    [javac] warning: /home/cmd/jdk1.8.0_391/lib/ct.sym(META-INF/sym/rt.jar/java/util/Collections.class): major version 52 is newer than 51, the highest major version supported by this compiler.\n    [javac]   It is recommended that the compiler be upgraded.\n    [javac] warning: /home/cmd/jdk1.8.0_391/lib/ct.sym(META-INF/sym/rt.jar/java/util/HashMap.class): major version 52 is newer than 51, the highest major version supported by this compiler.\n    [javac]   It is recommended that the compiler be upgraded.\n    [javac] warning: /home/cmd/jdk1.8.0_391/lib/ct.sym(META-INF/sym/rt.jar/java/util/HashSet.class): major version 52 is newer than 51, the highest major version supported by this compiler.\n    [javac]   It is recommended that the compiler be upgraded.\n    [javac] warning: /home/cmd/jdk1.8.0_391/lib/ct.sym(META-INF/sym/rt.jar/java/util/Map.class): major version 52 is newer than 51, the highest major version supported by this compiler.\n    [javac]   It is recommended that the compiler be upgraded.\n    [javac] warning: /home/cmd/jdk1.8.0_391/lib/ct.sym(META-INF/sym/rt.jar/java/util/Set.class): major version 52 is newer than 51, the highest major version supported by this compiler.\n    [javac]   It is recommended that the compiler be upgraded.\n    [javac] warning: /home/cmd/jdk1.8.0_391/lib/ct.sym(META-INF/sym/rt.jar/java/lang/Iterable.class): major version 52 is newer than 51, the highest major version supported by this compiler.\n    [javac]   It is recommended that the compiler be upgraded.\n    [javac] warning: /home/cmd/jdk1.8.0_391/lib/ct.sym(META-INF/sym/rt.jar/java/util/Collection.class): major version 52 is newer than 51, the highest major version supported by this compiler.\n    [javac]   It is recommended that the compiler be upgraded.\n    [javac] warning: /home/cmd/jdk1.8.0_391/lib/ct.sym(META-INF/sym/rt.jar/java/lang/Integer.class): major version 52 is newer than 51, the highest major version supported by this compiler.\n    [javac]   It is recommended that the compiler be upgraded.\n    [javac] warning: /home/cmd/jdk1.8.0_391/lib/ct.sym(META-INF/sym/rt.jar/java/lang/StringBuilder.class): major version 52 is newer than 51, the highest major version supported by this compiler.\n    [javac]   It is recommended that the compiler be upgraded.\n    [javac] warning: /home/cmd/jdk1.8.0_391/lib/ct.sym(META-INF/sym/rt.jar/java/util/LinkedHashMap.class): major version 52 is newer than 51, the highest major version supported by this compiler.\n    [javac]   It is recommended that the compiler be upgraded.\n    [javac] warning: /home/cmd/jdk1.8.0_391/lib/ct.sym(META-INF/sym/rt.jar/java/util/Iterator.class): major version 52 is newer than 51, the highest major version supported by this compiler.\n    [javac]   It is recommended that the compiler be upgraded.\n    [javac] warning: /home/cmd/jdk1.8.0_391/lib/ct.sym(META-INF/sym/rt.jar/java/util/ListIterator.class): major version 52 is newer than 51, the highest major version supported by this compiler.\n    [javac]   It is recommended that the compiler be upgraded.\n    [javac] warning: /home/cmd/jdk1.8.0_391/lib/ct.sym(META-INF/sym/rt.jar/java/util/LinkedList.class): major version 52 is newer than 51, the highest major version supported by this compiler.\n    [javac]   It is recommended that the compiler be upgraded.\n    [javac] warning: /home/cmd/jdk1.8.0_391/lib/ct.sym(META-INF/sym/rt.jar/java/lang/Character.class): major version 52 is newer than 51, the highest major version supported by this compiler.\n    [javac]   It is recommended that the compiler be upgraded.\n    [javac] warning: /home/cmd/jdk1.8.0_391/lib/ct.sym(META-INF/sym/rt.jar/java/util/LinkedHashSet.class): major version 52 is newer than 51, the highest major version supported by this compiler.\n    [javac]   It is recommended that the compiler be upgraded.\n    [javac] warning: /home/cmd/jdk1.8.0_391/lib/ct.sym(META-INF/sym/rt.jar/java/lang/IllegalStateException.class): major version 52 is newer than 51, the highest major version supported by this compiler.\n    [javac]   It is recommended that the compiler be upgraded.\n    [javac] warning: /home/cmd/jdk1.8.0_391/lib/ct.sym(META-INF/sym/rt.jar/java/lang/RuntimeException.class): major version 52 is newer than 51, the highest major version supported by this compiler.\n    [javac]   It is recommended that the compiler be upgraded.\n    [javac] warning: /home/cmd/jdk1.8.0_391/lib/ct.sym(META-INF/sym/rt.jar/java/lang/Exception.class): major version 52 is newer than 51, the highest major version supported by this compiler.\n    [javac]   It is recommended that the compiler be upgraded.\n    [javac] warning: /home/cmd/jdk1.8.0_391/lib/ct.sym(META-INF/sym/rt.jar/java/lang/Throwable.class): major version 52 is newer than 51, the highest major version supported by this compiler.\n    [javac]   It is recommended that the compiler be upgraded.\n    [javac] warning: /home/cmd/jdk1.8.0_391/lib/ct.sym(META-INF/sym/rt.jar/java/io/Serializable.class): major version 52 is newer than 51, the highest major version supported by this compiler.\n    [javac]   It is recommended that the compiler be upgraded.\n    [javac] /home/cmd/jdk1.8.0_391/lib/ct.sym(META-INF/sym/rt.jar/java/net/URL.class): warning: Cannot find annotation method 'value()' in type 'Profile+Annotation': class file for jdk.Profile+Annotation not found\n    [javac] /home/cmd/jdk1.8.0_391/lib/ct.sym(META-INF/sym/rt.jar/java/net/HttpURLConnection.class): warning: Cannot find annotation method 'value()' in type 'Profile+Annotation'\n    [javac] /home/cmd/jdk1.8.0_391/lib/ct.sym(META-INF/sym/rt.jar/java/lang/Object.class): warning: Cannot find annotation method 'value()' in type 'Profile+Annotation'\n    [javac] /home/cmd/jdk1.8.0_391/lib/ct.sym(META-INF/sym/rt.jar/java/io/File.class): warning: Cannot find annotation method 'value()' in type 'Profile+Annotation'\n    [javac] /home/cmd/jdk1.8.0_391/lib/ct.sym(META-INF/sym/rt.jar/java/lang/String.class): warning: Cannot find annotation method 'value()' in type 'Profile+Annotation'\n    [javac] /home/cmd/jdk1.8.0_391/lib/ct.sym(META-INF/sym/rt.jar/java/io/IOException.class): warning: Cannot find annotation method 'value()' in type 'Profile+Annotation'\n    [javac] /home/cmd/jdk1.8.0_391/lib/ct.sym(META-INF/sym/rt.jar/java/io/InputStream.class): warning: Cannot find annotation method 'value()' in type 'Profile+Annotation'\n    [javac] /home/cmd/jdk1.8.0_391/lib/ct.sym(META-INF/sym/rt.jar/java/util/List.class): warning: Cannot find annotation method 'value()' in type 'Profile+Annotation'\n    [javac] /home/cmd/jdk1.8.0_391/lib/ct.sym(META-INF/sym/rt.jar/java/util/ArrayList.class): warning: Cannot find annotation method 'value()' in type 'Profile+Annotation'\n    [javac] /home/cmd/jdk1.8.0_391/lib/ct.sym(META-INF/sym/rt.jar/java/net/MalformedURLException.class): warning: Cannot find annotation method 'value()' in type 'Profile+Annotation'\n    [javac] /home/cmd/jdk1.8.0_391/lib/ct.sym(META-INF/sym/rt.jar/java/util/Collections.class): warning: Cannot find annotation method 'value()' in type 'Profile+Annotation'\n    [javac] /home/cmd/jdk1.8.0_391/lib/ct.sym(META-INF/sym/rt.jar/java/util/HashMap.class): warning: Cannot find annotation method 'value()' in type 'Profile+Annotation'\n    [javac] /home/cmd/jdk1.8.0_391/lib/ct.sym(META-INF/sym/rt.jar/java/util/HashSet.class): warning: Cannot find annotation method 'value()' in type 'Profile+Annotation'\n    [javac] /home/cmd/jdk1.8.0_391/lib/ct.sym(META-INF/sym/rt.jar/java/util/Map.class): warning: Cannot find annotation method 'value()' in type 'Profile+Annotation'\n    [javac] /home/cmd/jdk1.8.0_391/lib/ct.sym(META-INF/sym/rt.jar/java/util/Set.class): warning: Cannot find annotation method 'value()' in type 'Profile+Annotation'\n    [javac] warning: /home/cmd/jdk1.8.0_391/lib/ct.sym(META-INF/sym/rt.jar/java/lang/Override.class): major version 52 is newer than 51, the highest major version supported by this compiler.\n    [javac]   It is recommended that the compiler be upgraded.\n    [javac] warning: /home/cmd/jdk1.8.0_391/lib/ct.sym(META-INF/sym/rt.jar/java/lang/annotation/Annotation.class): major version 52 is newer than 51, the highest major version supported by this compiler.\n    [javac]   It is recommended that the compiler be upgraded.\n    [javac] /home/cmd/jdk1.8.0_391/lib/ct.sym(META-INF/sym/rt.jar/java/lang/Iterable.class): warning: Cannot find annotation method 'value()' in type 'Profile+Annotation'\n    [javac] /home/cmd/jdk1.8.0_391/lib/ct.sym(META-INF/sym/rt.jar/java/util/Collection.class): warning: Cannot find annotation method 'value()' in type 'Profile+Annotation'\n    [javac] /home/cmd/jdk1.8.0_391/lib/ct.sym(META-INF/sym/rt.jar/java/lang/Integer.class): warning: Cannot find annotation method 'value()' in type 'Profile+Annotation'\n    [javac] /home/cmd/jdk1.8.0_391/lib/ct.sym(META-INF/sym/rt.jar/java/lang/StringBuilder.class): warning: Cannot find annotation method 'value()' in type 'Profile+Annotation'\n    [javac] /home/cmd/jdk1.8.0_391/lib/ct.sym(META-INF/sym/rt.jar/java/util/LinkedHashMap.class): warning: Cannot find annotation method 'value()' in type 'Profile+Annotation'\n    [javac] /home/cmd/jdk1.8.0_391/lib/ct.sym(META-INF/sym/rt.jar/java/util/Iterator.class): warning: Cannot find annotation method 'value()' in type 'Profile+Annotation'\n    [javac] /home/cmd/jdk1.8.0_391/lib/ct.sym(META-INF/sym/rt.jar/java/util/ListIterator.class): warning: Cannot find annotation method 'value()' in type 'Profile+Annotation'\n    [javac] /home/cmd/jdk1.8.0_391/lib/ct.sym(META-INF/sym/rt.jar/java/util/LinkedList.class): warning: Cannot find annotation method 'value()' in type 'Profile+Annotation'\n    [javac] /home/cmd/jdk1.8.0_391/lib/ct.sym(META-INF/sym/rt.jar/java/lang/Character.class): warning: Cannot find annotation method 'value()' in type 'Profile+Annotation'\n    [javac] /home/cmd/jdk1.8.0_391/lib/ct.sym(META-INF/sym/rt.jar/java/util/LinkedHashSet.class): warning: Cannot find annotation method 'value()' in type 'Profile+Annotation'\n    [javac] /home/cmd/jdk1.8.0_391/lib/ct.sym(META-INF/sym/rt.jar/java/lang/IllegalStateException.class): warning: Cannot find annotation method 'value()' in type 'Profile+Annotation'\n    [javac] /home/cmd/jdk1.8.0_391/lib/ct.sym(META-INF/sym/rt.jar/java/lang/RuntimeException.class): warning: Cannot find annotation method 'value()' in type 'Profile+Annotation'\n    [javac] /home/cmd/jdk1.8.0_391/lib/ct.sym(META-INF/sym/rt.jar/java/lang/Exception.class): warning: Cannot find annotation method 'value()' in type 'Profile+Annotation'\n    [javac] /home/cmd/jdk1.8.0_391/lib/ct.sym(META-INF/sym/rt.jar/java/lang/Throwable.class): warning: Cannot find annotation method 'value()' in type 'Profile+Annotation'\n    [javac] /home/cmd/jdk1.8.0_391/lib/ct.sym(META-INF/sym/rt.jar/java/io/Serializable.class): warning: Cannot find annotation method 'value()' in type 'Profile+Annotation'\n    [javac] warning: /home/cmd/jdk1.8.0_391/lib/ct.sym(META-INF/sym/rt.jar/java/lang/annotation/Target.class): major version 52 is newer than 51, the highest major version supported by this compiler.\n    [javac]   It is recommended that the compiler be upgraded.\n    [javac] warning: /home/cmd/jdk1.8.0_391/lib/ct.sym(META-INF/sym/rt.jar/java/lang/annotation/ElementType.class): major version 52 is newer than 51, the highest major version supported by this compiler.\n    [javac]   It is recommended that the compiler be upgraded.\n    [javac] warning: /home/cmd/jdk1.8.0_391/lib/ct.sym(META-INF/sym/rt.jar/java/lang/annotation/Retention.class): major version 52 is newer than 51, the highest major version supported by this compiler.\n    [javac]   It is recommended that the compiler be upgraded.\n    [javac] warning: /home/cmd/jdk1.8.0_391/lib/ct.sym(META-INF/sym/rt.jar/java/lang/annotation/RetentionPolicy.class): major version 52 is newer than 51, the highest major version supported by this compiler.\n    [javac]   It is recommended that the compiler be upgraded.\n    [javac] /home/cmd/jdk1.8.0_391/lib/ct.sym(META-INF/sym/rt.jar/java/lang/Override.class): warning: Cannot find annotation method 'value()' in type 'Profile+Annotation'\n    [javac] /home/cmd/jdk1.8.0_391/lib/ct.sym(META-INF/sym/rt.jar/java/lang/annotation/Annotation.class): warning: Cannot find annotation method 'value()' in type 'Profile+Annotation'\n    [javac] /home/cmd/jdk1.8.0_391/lib/ct.sym(META-INF/sym/rt.jar/java/lang/annotation/Target.class): warning: Cannot find annotation method 'value()' in type 'Profile+Annotation'\n    [javac] /home/cmd/jdk1.8.0_391/lib/ct.sym(META-INF/sym/rt.jar/java/lang/annotation/ElementType.class): warning: Cannot find annotation method 'value()' in type 'Profile+Annotation'\n    [javac] /home/cmd/jdk1.8.0_391/lib/ct.sym(META-INF/sym/rt.jar/java/lang/annotation/Retention.class): warning: Cannot find annotation method 'value()' in type 'Profile+Annotation'\n    [javac] /home/cmd/jdk1.8.0_391/lib/ct.sym(META-INF/sym/rt.jar/java/lang/annotation/RetentionPolicy.class): warning: Cannot find annotation method 'value()' in type 'Profile+Annotation'\n    [javac] warning: /home/cmd/jdk1.8.0_391/lib/ct.sym(META-INF/sym/rt.jar/java/lang/AutoCloseable.class): major version 52 is newer than 51, the highest major version supported by this compiler.\n    [javac]   It is recommended that the compiler be upgraded.\n    [javac] /home/cmd/jdk1.8.0_391/lib/ct.sym(META-INF/sym/rt.jar/java/lang/AutoCloseable.class): warning: Cannot find annotation method 'value()' in type 'Profile+Annotation'\n    [javac] warning: /home/cmd/jdk1.8.0_391/lib/ct.sym(META-INF/sym/rt.jar/java/io/FileInputStream.class): major version 52 is newer than 51, the highest major version supported by this compiler.\n    [javac]   It is recommended that the compiler be upgraded.\n    [javac] /home/cmd/jdk1.8.0_391/lib/ct.sym(META-INF/sym/rt.jar/java/io/FileInputStream.class): warning: Cannot find annotation method 'value()' in type 'Profile+Annotation'\n    [javac] warning: /home/cmd/jdk1.8.0_391/lib/ct.sym(META-INF/sym/rt.jar/java/io/FileDescriptor.class): major version 52 is newer than 51, the highest major version supported by this compiler.\n    [javac]   It is recommended that the compiler be upgraded.\n    [javac] /home/cmd/jdk1.8.0_391/lib/ct.sym(META-INF/sym/rt.jar/java/io/FileDescriptor.class): warning: Cannot find annotation method 'value()' in type 'Profile+Annotation'\n    [javac] warning: /home/cmd/jdk1.8.0_391/lib/ct.sym(META-INF/sym/rt.jar/java/io/Closeable.class): major version 52 is newer than 51, the highest major version supported by this compiler.\n    [javac]   It is recommended that the compiler be upgraded.\n    [javac] /home/cmd/jdk1.8.0_391/lib/ct.sym(META-INF/sym/rt.jar/java/io/Closeable.class): warning: Cannot find annotation method 'value()' in type 'Profile+Annotation'\n    [javac] warning: /home/cmd/jdk1.8.0_391/lib/ct.sym(META-INF/sym/rt.jar/java/net/URLConnection.class): major version 52 is newer than 51, the highest major version supported by this compiler.\n    [javac]   It is recommended that the compiler be upgraded.\n    [javac] /home/cmd/jdk1.8.0_391/lib/ct.sym(META-INF/sym/rt.jar/java/net/URLConnection.class): warning: Cannot find annotation method 'value()' in type 'Profile+Annotation'\n    [javac] warning: /home/cmd/jdk1.8.0_391/lib/ct.sym(META-INF/sym/rt.jar/java/util/Locale.class): major version 52 is newer than 51, the highest major version supported by this compiler.\n    [javac]   It is recommended that the compiler be upgraded.\n    [javac] /home/cmd/jdk1.8.0_391/lib/ct.sym(META-INF/sym/rt.jar/java/util/Locale.class): warning: Cannot find annotation method 'value()' in type 'Profile+Annotation'\n    [javac] warning: /home/cmd/jdk1.8.0_391/lib/ct.sym(META-INF/sym/rt.jar/java/io/BufferedInputStream.class): major version 52 is newer than 51, the highest major version supported by this compiler.\n    [javac]   It is recommended that the compiler be upgraded.\n    [javac] /home/cmd/jdk1.8.0_391/lib/ct.sym(META-INF/sym/rt.jar/java/io/BufferedInputStream.class): warning: Cannot find annotation method 'value()' in type 'Profile+Annotation'\n    [javac] warning: /home/cmd/jdk1.8.0_391/lib/ct.sym(META-INF/sym/rt.jar/java/io/FilterInputStream.class): major version 52 is newer than 51, the highest major version supported by this compiler.\n    [javac]   It is recommended that the compiler be upgraded.\n    [javac] /home/cmd/jdk1.8.0_391/lib/ct.sym(META-INF/sym/rt.jar/java/io/FilterInputStream.class): warning: Cannot find annotation method 'value()' in type 'Profile+Annotation'\n    [javac] warning: /home/cmd/jdk1.8.0_391/lib/ct.sym(META-INF/sym/rt.jar/java/lang/CharSequence.class): major version 52 is newer than 51, the highest major version supported by this compiler.\n    [javac]   It is recommended that the compiler be upgraded.\n    [javac] /home/cmd/jdk1.8.0_391/lib/ct.sym(META-INF/sym/rt.jar/java/lang/CharSequence.class): warning: Cannot find annotation method 'value()' in type 'Profile+Annotation'\n    [javac] warning: /home/cmd/jdk1.8.0_391/lib/ct.sym(META-INF/sym/rt.jar/java/io/Reader.class): major version 52 is newer than 51, the highest major version supported by this compiler.\n    [javac]   It is recommended that the compiler be upgraded.\n    [javac] /home/cmd/jdk1.8.0_391/lib/ct.sym(META-INF/sym/rt.jar/java/io/Reader.class): warning: Cannot find annotation method 'value()' in type 'Profile+Annotation'\n    [javac] warning: /home/cmd/jdk1.8.0_391/lib/ct.sym(META-INF/sym/rt.jar/java/io/InputStreamReader.class): major version 52 is newer than 51, the highest major version supported by this compiler.\n    [javac]   It is recommended that the compiler be upgraded.\n    [javac] /home/cmd/jdk1.8.0_391/lib/ct.sym(META-INF/sym/rt.jar/java/io/InputStreamReader.class): warning: Cannot find annotation method 'value()' in type 'Profile+Annotation'\n    [javac] warning: /home/cmd/jdk1.8.0_391/lib/ct.sym(META-INF/sym/rt.jar/java/nio/charset/CharsetDecoder.class): major version 52 is newer than 51, the highest major version supported by this compiler.\n    [javac]   It is recommended that the compiler be upgraded.\n    [javac] /home/cmd/jdk1.8.0_391/lib/ct.sym(META-INF/sym/rt.jar/java/nio/charset/CharsetDecoder.class): warning: Cannot find annotation method 'value()' in type 'Profile+Annotation'\n    [javac] warning: /home/cmd/jdk1.8.0_391/lib/ct.sym(META-INF/sym/rt.jar/java/nio/charset/Charset.class): major version 52 is newer than 51, the highest major version supported by this compiler.\n    [javac]   It is recommended that the compiler be upgraded.\n    [javac] /home/cmd/jdk1.8.0_391/lib/ct.sym(META-INF/sym/rt.jar/java/nio/charset/Charset.class): warning: Cannot find annotation method 'value()' in type 'Profile+Annotation'\n    [javac] warning: /home/cmd/jdk1.8.0_391/lib/ct.sym(META-INF/sym/rt.jar/java/lang/Readable.class): major version 52 is newer than 51, the highest major version supported by this compiler.\n    [javac]   It is recommended that the compiler be upgraded.\n    [javac] /data/cmd/Ming/llm-fl-apr/tmp/Jsoup_1-prompt_apr_4-ernie-3.5-128k/src/main/java/org/jsoup/nodes/Document.java:125: error: cannot find symbol\n    [javac] body().appendChild(new TextNode(\" \", \"\"));body().appendChild(node.deepCopy());        }\n    [javac]                                                                  ^\n    [javac]   symbol:   method deepCopy()\n    [javac]   location: variable node of type Node\n    [javac] 1 error\n    [javac] 100 warnings\n\nBUILD FAILED\n/data/cmd/Ming/llm-fl-apr/tmp/Jsoup_1-prompt_apr_4-ernie-3.5-128k/maven-build.xml:77: Compile failed; see the compiler error output for details.\n\nTotal time: 2 seconds\nCannot compile sources! at /data/cmd/Ming/LLM_Based-Mutation/tools/mutant/defects4j-2.1.0/framework/bin/d4j/d4j-compile line 82.\nCompilation failed in require at /data/cmd/Ming/LLM_Based-Mutation/tools/mutant/defects4j-2.1.0/framework/bin/defects4j line 195.\n"
                }
            },
            "qwen-turbo": {
                "compile": {
                    "rc": 0,
                    "so": "",
                    "se": "Running ant (compile)...................................................... OK\nRunning ant (compile.tests)................................................ OK\n"
                },
                "test": {
                    "rc": 0,
                    "so": "Failing tests: 1\n  - org.jsoup.parser.ParserTest::createsStructureFromBodySnippet\n",
                    "se": "Running ant (compile.tests)................................................ OK\nRunning ant (run.dev.tests)................................................ OK\n"
                }
            },
            "doubao-pro-4k": {
                "compile": {
                    "rc": 0,
                    "so": "",
                    "se": "Running ant (compile)...................................................... OK\nRunning ant (compile.tests)................................................ OK\n"
                },
                "test": {
                    "rc": 0,
                    "so": "Failing tests: 2\n  - org.jsoup.integration.ParseTest::testBinary\n  - org.jsoup.parser.ParserTest::createsStructureFromBodySnippet\n",
                    "se": "Running ant (compile.tests)................................................ OK\nRunning ant (run.dev.tests)................................................ OK\n"
                }
            },
            "gpt-4o-mini": {
                "compile": {
                    "rc": 1,
                    "so": "",
                    "se": "Running ant (compile)...................................................... FAIL\nExecuted command:  cd /data/cmd/Ming/llm-fl-apr/tmp/Jsoup_1-prompt_apr_4-gpt-4o-mini && /data/cmd/Ming/LLM_Based-Mutation/tools/mutant/defects4j-2.1.0/major/bin/ant -f /data/cmd/Ming/LLM_Based-Mutation/tools/mutant/defects4j-2.1.0/framework/projects/defects4j.build.xml -Dd4j.home=/data/cmd/Ming/LLM_Based-Mutation/tools/mutant/defects4j-2.1.0 -Dd4j.dir.projects=/data/cmd/Ming/LLM_Based-Mutation/tools/mutant/defects4j-2.1.0/framework/projects -Dbasedir=/data/cmd/Ming/llm-fl-apr/tmp/Jsoup_1-prompt_apr_4-gpt-4o-mini -Dbuild.compiler=javac1.7  compile 2>&1\nJava HotSpot(TM) 64-Bit Server VM warning: ignoring option MaxPermSize=1G; support was removed in 8.0\nBuildfile: /data/cmd/Ming/LLM_Based-Mutation/tools/mutant/defects4j-2.1.0/framework/projects/defects4j.build.xml\n\ntest-offline:\n\nget-deps:\n\njsoup-from-maven.compile:\n    [mkdir] Created dir: /data/cmd/Ming/llm-fl-apr/tmp/Jsoup_1-prompt_apr_4-gpt-4o-mini/target/classes\n    [javac] /data/cmd/Ming/llm-fl-apr/tmp/Jsoup_1-prompt_apr_4-gpt-4o-mini/maven-build.xml:77: warning: 'includeantruntime' was not set, defaulting to build.sysclasspath=last; set to false for repeatable builds\n    [javac] Compiling 27 source files to /data/cmd/Ming/llm-fl-apr/tmp/Jsoup_1-prompt_apr_4-gpt-4o-mini/target/classes\n    [javac] warning: [options] bootstrap class path not set in conjunction with -source 1.5\n    [javac] warning: /home/cmd/jdk1.8.0_391/lib/ct.sym(META-INF/sym/rt.jar/java/net/URL.class): major version 52 is newer than 51, the highest major version supported by this compiler.\n    [javac]   It is recommended that the compiler be upgraded.\n    [javac] warning: /home/cmd/jdk1.8.0_391/lib/ct.sym(META-INF/sym/rt.jar/java/net/HttpURLConnection.class): major version 52 is newer than 51, the highest major version supported by this compiler.\n    [javac]   It is recommended that the compiler be upgraded.\n    [javac] warning: /home/cmd/jdk1.8.0_391/lib/ct.sym(META-INF/sym/rt.jar/java/lang/Object.class): major version 52 is newer than 51, the highest major version supported by this compiler.\n    [javac]   It is recommended that the compiler be upgraded.\n    [javac] warning: /home/cmd/jdk1.8.0_391/lib/ct.sym(META-INF/sym/rt.jar/java/io/File.class): major version 52 is newer than 51, the highest major version supported by this compiler.\n    [javac]   It is recommended that the compiler be upgraded.\n    [javac] warning: /home/cmd/jdk1.8.0_391/lib/ct.sym(META-INF/sym/rt.jar/java/lang/String.class): major version 52 is newer than 51, the highest major version supported by this compiler.\n    [javac]   It is recommended that the compiler be upgraded.\n    [javac] warning: /home/cmd/jdk1.8.0_391/lib/ct.sym(META-INF/sym/rt.jar/java/io/IOException.class): major version 52 is newer than 51, the highest major version supported by this compiler.\n    [javac]   It is recommended that the compiler be upgraded.\n    [javac] warning: /home/cmd/jdk1.8.0_391/lib/ct.sym(META-INF/sym/rt.jar/java/io/InputStream.class): major version 52 is newer than 51, the highest major version supported by this compiler.\n    [javac]   It is recommended that the compiler be upgraded.\n    [javac] warning: /home/cmd/jdk1.8.0_391/lib/ct.sym(META-INF/sym/rt.jar/java/util/List.class): major version 52 is newer than 51, the highest major version supported by this compiler.\n    [javac]   It is recommended that the compiler be upgraded.\n    [javac] warning: /home/cmd/jdk1.8.0_391/lib/ct.sym(META-INF/sym/rt.jar/java/util/ArrayList.class): major version 52 is newer than 51, the highest major version supported by this compiler.\n    [javac]   It is recommended that the compiler be upgraded.\n    [javac] warning: /home/cmd/jdk1.8.0_391/lib/ct.sym(META-INF/sym/rt.jar/java/net/MalformedURLException.class): major version 52 is newer than 51, the highest major version supported by this compiler.\n    [javac]   It is recommended that the compiler be upgraded.\n    [javac] warning: /home/cmd/jdk1.8.0_391/lib/ct.sym(META-INF/sym/rt.jar/java/util/Collections.class): major version 52 is newer than 51, the highest major version supported by this compiler.\n    [javac]   It is recommended that the compiler be upgraded.\n    [javac] warning: /home/cmd/jdk1.8.0_391/lib/ct.sym(META-INF/sym/rt.jar/java/util/HashMap.class): major version 52 is newer than 51, the highest major version supported by this compiler.\n    [javac]   It is recommended that the compiler be upgraded.\n    [javac] warning: /home/cmd/jdk1.8.0_391/lib/ct.sym(META-INF/sym/rt.jar/java/util/HashSet.class): major version 52 is newer than 51, the highest major version supported by this compiler.\n    [javac]   It is recommended that the compiler be upgraded.\n    [javac] warning: /home/cmd/jdk1.8.0_391/lib/ct.sym(META-INF/sym/rt.jar/java/util/Map.class): major version 52 is newer than 51, the highest major version supported by this compiler.\n    [javac]   It is recommended that the compiler be upgraded.\n    [javac] warning: /home/cmd/jdk1.8.0_391/lib/ct.sym(META-INF/sym/rt.jar/java/util/Set.class): major version 52 is newer than 51, the highest major version supported by this compiler.\n    [javac]   It is recommended that the compiler be upgraded.\n    [javac] warning: /home/cmd/jdk1.8.0_391/lib/ct.sym(META-INF/sym/rt.jar/java/lang/Iterable.class): major version 52 is newer than 51, the highest major version supported by this compiler.\n    [javac]   It is recommended that the compiler be upgraded.\n    [javac] warning: /home/cmd/jdk1.8.0_391/lib/ct.sym(META-INF/sym/rt.jar/java/util/Collection.class): major version 52 is newer than 51, the highest major version supported by this compiler.\n    [javac]   It is recommended that the compiler be upgraded.\n    [javac] warning: /home/cmd/jdk1.8.0_391/lib/ct.sym(META-INF/sym/rt.jar/java/lang/Integer.class): major version 52 is newer than 51, the highest major version supported by this compiler.\n    [javac]   It is recommended that the compiler be upgraded.\n    [javac] warning: /home/cmd/jdk1.8.0_391/lib/ct.sym(META-INF/sym/rt.jar/java/lang/StringBuilder.class): major version 52 is newer than 51, the highest major version supported by this compiler.\n    [javac]   It is recommended that the compiler be upgraded.\n    [javac] warning: /home/cmd/jdk1.8.0_391/lib/ct.sym(META-INF/sym/rt.jar/java/util/LinkedHashMap.class): major version 52 is newer than 51, the highest major version supported by this compiler.\n    [javac]   It is recommended that the compiler be upgraded.\n    [javac] warning: /home/cmd/jdk1.8.0_391/lib/ct.sym(META-INF/sym/rt.jar/java/util/Iterator.class): major version 52 is newer than 51, the highest major version supported by this compiler.\n    [javac]   It is recommended that the compiler be upgraded.\n    [javac] warning: /home/cmd/jdk1.8.0_391/lib/ct.sym(META-INF/sym/rt.jar/java/util/ListIterator.class): major version 52 is newer than 51, the highest major version supported by this compiler.\n    [javac]   It is recommended that the compiler be upgraded.\n    [javac] warning: /home/cmd/jdk1.8.0_391/lib/ct.sym(META-INF/sym/rt.jar/java/util/LinkedList.class): major version 52 is newer than 51, the highest major version supported by this compiler.\n    [javac]   It is recommended that the compiler be upgraded.\n    [javac] warning: /home/cmd/jdk1.8.0_391/lib/ct.sym(META-INF/sym/rt.jar/java/lang/Character.class): major version 52 is newer than 51, the highest major version supported by this compiler.\n    [javac]   It is recommended that the compiler be upgraded.\n    [javac] warning: /home/cmd/jdk1.8.0_391/lib/ct.sym(META-INF/sym/rt.jar/java/util/LinkedHashSet.class): major version 52 is newer than 51, the highest major version supported by this compiler.\n    [javac]   It is recommended that the compiler be upgraded.\n    [javac] warning: /home/cmd/jdk1.8.0_391/lib/ct.sym(META-INF/sym/rt.jar/java/lang/IllegalStateException.class): major version 52 is newer than 51, the highest major version supported by this compiler.\n    [javac]   It is recommended that the compiler be upgraded.\n    [javac] warning: /home/cmd/jdk1.8.0_391/lib/ct.sym(META-INF/sym/rt.jar/java/lang/RuntimeException.class): major version 52 is newer than 51, the highest major version supported by this compiler.\n    [javac]   It is recommended that the compiler be upgraded.\n    [javac] warning: /home/cmd/jdk1.8.0_391/lib/ct.sym(META-INF/sym/rt.jar/java/lang/Exception.class): major version 52 is newer than 51, the highest major version supported by this compiler.\n    [javac]   It is recommended that the compiler be upgraded.\n    [javac] warning: /home/cmd/jdk1.8.0_391/lib/ct.sym(META-INF/sym/rt.jar/java/lang/Throwable.class): major version 52 is newer than 51, the highest major version supported by this compiler.\n    [javac]   It is recommended that the compiler be upgraded.\n    [javac] warning: /home/cmd/jdk1.8.0_391/lib/ct.sym(META-INF/sym/rt.jar/java/io/Serializable.class): major version 52 is newer than 51, the highest major version supported by this compiler.\n    [javac]   It is recommended that the compiler be upgraded.\n    [javac] /home/cmd/jdk1.8.0_391/lib/ct.sym(META-INF/sym/rt.jar/java/net/URL.class): warning: Cannot find annotation method 'value()' in type 'Profile+Annotation': class file for jdk.Profile+Annotation not found\n    [javac] /home/cmd/jdk1.8.0_391/lib/ct.sym(META-INF/sym/rt.jar/java/net/HttpURLConnection.class): warning: Cannot find annotation method 'value()' in type 'Profile+Annotation'\n    [javac] /home/cmd/jdk1.8.0_391/lib/ct.sym(META-INF/sym/rt.jar/java/lang/Object.class): warning: Cannot find annotation method 'value()' in type 'Profile+Annotation'\n    [javac] /home/cmd/jdk1.8.0_391/lib/ct.sym(META-INF/sym/rt.jar/java/io/File.class): warning: Cannot find annotation method 'value()' in type 'Profile+Annotation'\n    [javac] /home/cmd/jdk1.8.0_391/lib/ct.sym(META-INF/sym/rt.jar/java/lang/String.class): warning: Cannot find annotation method 'value()' in type 'Profile+Annotation'\n    [javac] /home/cmd/jdk1.8.0_391/lib/ct.sym(META-INF/sym/rt.jar/java/io/IOException.class): warning: Cannot find annotation method 'value()' in type 'Profile+Annotation'\n    [javac] /home/cmd/jdk1.8.0_391/lib/ct.sym(META-INF/sym/rt.jar/java/io/InputStream.class): warning: Cannot find annotation method 'value()' in type 'Profile+Annotation'\n    [javac] /home/cmd/jdk1.8.0_391/lib/ct.sym(META-INF/sym/rt.jar/java/util/List.class): warning: Cannot find annotation method 'value()' in type 'Profile+Annotation'\n    [javac] /home/cmd/jdk1.8.0_391/lib/ct.sym(META-INF/sym/rt.jar/java/util/ArrayList.class): warning: Cannot find annotation method 'value()' in type 'Profile+Annotation'\n    [javac] /home/cmd/jdk1.8.0_391/lib/ct.sym(META-INF/sym/rt.jar/java/net/MalformedURLException.class): warning: Cannot find annotation method 'value()' in type 'Profile+Annotation'\n    [javac] /home/cmd/jdk1.8.0_391/lib/ct.sym(META-INF/sym/rt.jar/java/util/Collections.class): warning: Cannot find annotation method 'value()' in type 'Profile+Annotation'\n    [javac] /home/cmd/jdk1.8.0_391/lib/ct.sym(META-INF/sym/rt.jar/java/util/HashMap.class): warning: Cannot find annotation method 'value()' in type 'Profile+Annotation'\n    [javac] /home/cmd/jdk1.8.0_391/lib/ct.sym(META-INF/sym/rt.jar/java/util/HashSet.class): warning: Cannot find annotation method 'value()' in type 'Profile+Annotation'\n    [javac] /home/cmd/jdk1.8.0_391/lib/ct.sym(META-INF/sym/rt.jar/java/util/Map.class): warning: Cannot find annotation method 'value()' in type 'Profile+Annotation'\n    [javac] /home/cmd/jdk1.8.0_391/lib/ct.sym(META-INF/sym/rt.jar/java/util/Set.class): warning: Cannot find annotation method 'value()' in type 'Profile+Annotation'\n    [javac] warning: /home/cmd/jdk1.8.0_391/lib/ct.sym(META-INF/sym/rt.jar/java/lang/Override.class): major version 52 is newer than 51, the highest major version supported by this compiler.\n    [javac]   It is recommended that the compiler be upgraded.\n    [javac] warning: /home/cmd/jdk1.8.0_391/lib/ct.sym(META-INF/sym/rt.jar/java/lang/annotation/Annotation.class): major version 52 is newer than 51, the highest major version supported by this compiler.\n    [javac]   It is recommended that the compiler be upgraded.\n    [javac] /home/cmd/jdk1.8.0_391/lib/ct.sym(META-INF/sym/rt.jar/java/lang/Iterable.class): warning: Cannot find annotation method 'value()' in type 'Profile+Annotation'\n    [javac] /home/cmd/jdk1.8.0_391/lib/ct.sym(META-INF/sym/rt.jar/java/util/Collection.class): warning: Cannot find annotation method 'value()' in type 'Profile+Annotation'\n    [javac] /home/cmd/jdk1.8.0_391/lib/ct.sym(META-INF/sym/rt.jar/java/lang/Integer.class): warning: Cannot find annotation method 'value()' in type 'Profile+Annotation'\n    [javac] /home/cmd/jdk1.8.0_391/lib/ct.sym(META-INF/sym/rt.jar/java/lang/StringBuilder.class): warning: Cannot find annotation method 'value()' in type 'Profile+Annotation'\n    [javac] /home/cmd/jdk1.8.0_391/lib/ct.sym(META-INF/sym/rt.jar/java/util/LinkedHashMap.class): warning: Cannot find annotation method 'value()' in type 'Profile+Annotation'\n    [javac] /home/cmd/jdk1.8.0_391/lib/ct.sym(META-INF/sym/rt.jar/java/util/Iterator.class): warning: Cannot find annotation method 'value()' in type 'Profile+Annotation'\n    [javac] /home/cmd/jdk1.8.0_391/lib/ct.sym(META-INF/sym/rt.jar/java/util/ListIterator.class): warning: Cannot find annotation method 'value()' in type 'Profile+Annotation'\n    [javac] /home/cmd/jdk1.8.0_391/lib/ct.sym(META-INF/sym/rt.jar/java/util/LinkedList.class): warning: Cannot find annotation method 'value()' in type 'Profile+Annotation'\n    [javac] /home/cmd/jdk1.8.0_391/lib/ct.sym(META-INF/sym/rt.jar/java/lang/Character.class): warning: Cannot find annotation method 'value()' in type 'Profile+Annotation'\n    [javac] /home/cmd/jdk1.8.0_391/lib/ct.sym(META-INF/sym/rt.jar/java/util/LinkedHashSet.class): warning: Cannot find annotation method 'value()' in type 'Profile+Annotation'\n    [javac] /home/cmd/jdk1.8.0_391/lib/ct.sym(META-INF/sym/rt.jar/java/lang/IllegalStateException.class): warning: Cannot find annotation method 'value()' in type 'Profile+Annotation'\n    [javac] /home/cmd/jdk1.8.0_391/lib/ct.sym(META-INF/sym/rt.jar/java/lang/RuntimeException.class): warning: Cannot find annotation method 'value()' in type 'Profile+Annotation'\n    [javac] /home/cmd/jdk1.8.0_391/lib/ct.sym(META-INF/sym/rt.jar/java/lang/Exception.class): warning: Cannot find annotation method 'value()' in type 'Profile+Annotation'\n    [javac] /home/cmd/jdk1.8.0_391/lib/ct.sym(META-INF/sym/rt.jar/java/lang/Throwable.class): warning: Cannot find annotation method 'value()' in type 'Profile+Annotation'\n    [javac] /home/cmd/jdk1.8.0_391/lib/ct.sym(META-INF/sym/rt.jar/java/io/Serializable.class): warning: Cannot find annotation method 'value()' in type 'Profile+Annotation'\n    [javac] warning: /home/cmd/jdk1.8.0_391/lib/ct.sym(META-INF/sym/rt.jar/java/lang/annotation/Target.class): major version 52 is newer than 51, the highest major version supported by this compiler.\n    [javac]   It is recommended that the compiler be upgraded.\n    [javac] warning: /home/cmd/jdk1.8.0_391/lib/ct.sym(META-INF/sym/rt.jar/java/lang/annotation/ElementType.class): major version 52 is newer than 51, the highest major version supported by this compiler.\n    [javac]   It is recommended that the compiler be upgraded.\n    [javac] warning: /home/cmd/jdk1.8.0_391/lib/ct.sym(META-INF/sym/rt.jar/java/lang/annotation/Retention.class): major version 52 is newer than 51, the highest major version supported by this compiler.\n    [javac]   It is recommended that the compiler be upgraded.\n    [javac] warning: /home/cmd/jdk1.8.0_391/lib/ct.sym(META-INF/sym/rt.jar/java/lang/annotation/RetentionPolicy.class): major version 52 is newer than 51, the highest major version supported by this compiler.\n    [javac]   It is recommended that the compiler be upgraded.\n    [javac] /home/cmd/jdk1.8.0_391/lib/ct.sym(META-INF/sym/rt.jar/java/lang/Override.class): warning: Cannot find annotation method 'value()' in type 'Profile+Annotation'\n    [javac] /home/cmd/jdk1.8.0_391/lib/ct.sym(META-INF/sym/rt.jar/java/lang/annotation/Annotation.class): warning: Cannot find annotation method 'value()' in type 'Profile+Annotation'\n    [javac] /home/cmd/jdk1.8.0_391/lib/ct.sym(META-INF/sym/rt.jar/java/lang/annotation/Target.class): warning: Cannot find annotation method 'value()' in type 'Profile+Annotation'\n    [javac] /home/cmd/jdk1.8.0_391/lib/ct.sym(META-INF/sym/rt.jar/java/lang/annotation/ElementType.class): warning: Cannot find annotation method 'value()' in type 'Profile+Annotation'\n    [javac] /home/cmd/jdk1.8.0_391/lib/ct.sym(META-INF/sym/rt.jar/java/lang/annotation/Retention.class): warning: Cannot find annotation method 'value()' in type 'Profile+Annotation'\n    [javac] /home/cmd/jdk1.8.0_391/lib/ct.sym(META-INF/sym/rt.jar/java/lang/annotation/RetentionPolicy.class): warning: Cannot find annotation method 'value()' in type 'Profile+Annotation'\n    [javac] warning: /home/cmd/jdk1.8.0_391/lib/ct.sym(META-INF/sym/rt.jar/java/lang/AutoCloseable.class): major version 52 is newer than 51, the highest major version supported by this compiler.\n    [javac]   It is recommended that the compiler be upgraded.\n    [javac] /home/cmd/jdk1.8.0_391/lib/ct.sym(META-INF/sym/rt.jar/java/lang/AutoCloseable.class): warning: Cannot find annotation method 'value()' in type 'Profile+Annotation'\n    [javac] warning: /home/cmd/jdk1.8.0_391/lib/ct.sym(META-INF/sym/rt.jar/java/io/FileInputStream.class): major version 52 is newer than 51, the highest major version supported by this compiler.\n    [javac]   It is recommended that the compiler be upgraded.\n    [javac] /home/cmd/jdk1.8.0_391/lib/ct.sym(META-INF/sym/rt.jar/java/io/FileInputStream.class): warning: Cannot find annotation method 'value()' in type 'Profile+Annotation'\n    [javac] warning: /home/cmd/jdk1.8.0_391/lib/ct.sym(META-INF/sym/rt.jar/java/io/FileDescriptor.class): major version 52 is newer than 51, the highest major version supported by this compiler.\n    [javac]   It is recommended that the compiler be upgraded.\n    [javac] /home/cmd/jdk1.8.0_391/lib/ct.sym(META-INF/sym/rt.jar/java/io/FileDescriptor.class): warning: Cannot find annotation method 'value()' in type 'Profile+Annotation'\n    [javac] warning: /home/cmd/jdk1.8.0_391/lib/ct.sym(META-INF/sym/rt.jar/java/io/Closeable.class): major version 52 is newer than 51, the highest major version supported by this compiler.\n    [javac]   It is recommended that the compiler be upgraded.\n    [javac] /home/cmd/jdk1.8.0_391/lib/ct.sym(META-INF/sym/rt.jar/java/io/Closeable.class): warning: Cannot find annotation method 'value()' in type 'Profile+Annotation'\n    [javac] warning: /home/cmd/jdk1.8.0_391/lib/ct.sym(META-INF/sym/rt.jar/java/net/URLConnection.class): major version 52 is newer than 51, the highest major version supported by this compiler.\n    [javac]   It is recommended that the compiler be upgraded.\n    [javac] /home/cmd/jdk1.8.0_391/lib/ct.sym(META-INF/sym/rt.jar/java/net/URLConnection.class): warning: Cannot find annotation method 'value()' in type 'Profile+Annotation'\n    [javac] warning: /home/cmd/jdk1.8.0_391/lib/ct.sym(META-INF/sym/rt.jar/java/util/Locale.class): major version 52 is newer than 51, the highest major version supported by this compiler.\n    [javac]   It is recommended that the compiler be upgraded.\n    [javac] /home/cmd/jdk1.8.0_391/lib/ct.sym(META-INF/sym/rt.jar/java/util/Locale.class): warning: Cannot find annotation method 'value()' in type 'Profile+Annotation'\n    [javac] warning: /home/cmd/jdk1.8.0_391/lib/ct.sym(META-INF/sym/rt.jar/java/io/BufferedInputStream.class): major version 52 is newer than 51, the highest major version supported by this compiler.\n    [javac]   It is recommended that the compiler be upgraded.\n    [javac] /home/cmd/jdk1.8.0_391/lib/ct.sym(META-INF/sym/rt.jar/java/io/BufferedInputStream.class): warning: Cannot find annotation method 'value()' in type 'Profile+Annotation'\n    [javac] warning: /home/cmd/jdk1.8.0_391/lib/ct.sym(META-INF/sym/rt.jar/java/io/FilterInputStream.class): major version 52 is newer than 51, the highest major version supported by this compiler.\n    [javac]   It is recommended that the compiler be upgraded.\n    [javac] /home/cmd/jdk1.8.0_391/lib/ct.sym(META-INF/sym/rt.jar/java/io/FilterInputStream.class): warning: Cannot find annotation method 'value()' in type 'Profile+Annotation'\n    [javac] warning: /home/cmd/jdk1.8.0_391/lib/ct.sym(META-INF/sym/rt.jar/java/lang/CharSequence.class): major version 52 is newer than 51, the highest major version supported by this compiler.\n    [javac]   It is recommended that the compiler be upgraded.\n    [javac] /home/cmd/jdk1.8.0_391/lib/ct.sym(META-INF/sym/rt.jar/java/lang/CharSequence.class): warning: Cannot find annotation method 'value()' in type 'Profile+Annotation'\n    [javac] warning: /home/cmd/jdk1.8.0_391/lib/ct.sym(META-INF/sym/rt.jar/java/io/Reader.class): major version 52 is newer than 51, the highest major version supported by this compiler.\n    [javac]   It is recommended that the compiler be upgraded.\n    [javac] /home/cmd/jdk1.8.0_391/lib/ct.sym(META-INF/sym/rt.jar/java/io/Reader.class): warning: Cannot find annotation method 'value()' in type 'Profile+Annotation'\n    [javac] warning: /home/cmd/jdk1.8.0_391/lib/ct.sym(META-INF/sym/rt.jar/java/io/InputStreamReader.class): major version 52 is newer than 51, the highest major version supported by this compiler.\n    [javac]   It is recommended that the compiler be upgraded.\n    [javac] /home/cmd/jdk1.8.0_391/lib/ct.sym(META-INF/sym/rt.jar/java/io/InputStreamReader.class): warning: Cannot find annotation method 'value()' in type 'Profile+Annotation'\n    [javac] warning: /home/cmd/jdk1.8.0_391/lib/ct.sym(META-INF/sym/rt.jar/java/nio/charset/CharsetDecoder.class): major version 52 is newer than 51, the highest major version supported by this compiler.\n    [javac]   It is recommended that the compiler be upgraded.\n    [javac] /home/cmd/jdk1.8.0_391/lib/ct.sym(META-INF/sym/rt.jar/java/nio/charset/CharsetDecoder.class): warning: Cannot find annotation method 'value()' in type 'Profile+Annotation'\n    [javac] warning: /home/cmd/jdk1.8.0_391/lib/ct.sym(META-INF/sym/rt.jar/java/nio/charset/Charset.class): major version 52 is newer than 51, the highest major version supported by this compiler.\n    [javac]   It is recommended that the compiler be upgraded.\n    [javac] /home/cmd/jdk1.8.0_391/lib/ct.sym(META-INF/sym/rt.jar/java/nio/charset/Charset.class): warning: Cannot find annotation method 'value()' in type 'Profile+Annotation'\n    [javac] warning: /home/cmd/jdk1.8.0_391/lib/ct.sym(META-INF/sym/rt.jar/java/lang/Readable.class): major version 52 is newer than 51, the highest major version supported by this compiler.\n    [javac]   It is recommended that the compiler be upgraded.\n    [javac] /data/cmd/Ming/llm-fl-apr/tmp/Jsoup_1-prompt_apr_4-gpt-4o-mini/src/main/java/org/jsoup/nodes/Document.java:125: error: constructor TextNode in class TextNode cannot be applied to given types;\n    [javac] body().appendChild(new TextNode(' ', \"\"));body().appendChild(node);        }\n    [javac]                    ^\n    [javac]   required: String,String\n    [javac]   found: char,String\n    [javac]   reason: actual argument char cannot be converted to String by method invocation conversion\n    [javac] 1 error\n    [javac] 100 warnings\n\nBUILD FAILED\n/data/cmd/Ming/llm-fl-apr/tmp/Jsoup_1-prompt_apr_4-gpt-4o-mini/maven-build.xml:77: Compile failed; see the compiler error output for details.\n\nTotal time: 2 seconds\nCannot compile sources! at /data/cmd/Ming/LLM_Based-Mutation/tools/mutant/defects4j-2.1.0/framework/bin/d4j/d4j-compile line 82.\nCompilation failed in require at /data/cmd/Ming/LLM_Based-Mutation/tools/mutant/defects4j-2.1.0/framework/bin/defects4j line 195.\n"
                }
            },
            "deepseek-chat": {
                "compile": {
                    "rc": 0,
                    "so": "",
                    "se": "Running ant (compile)...................................................... OK\nRunning ant (compile.tests)................................................ OK\n"
                },
                "test": {
                    "rc": 0,
                    "so": "Failing tests: 1\n  - org.jsoup.parser.ParserTest::createsStructureFromBodySnippet\n",
                    "se": "Running ant (compile.tests)................................................ OK\nRunning ant (run.dev.tests)................................................ OK\n"
                }
            }
        },
        "prompt_apr_5": {
            "ernie-3.5-128k": {
                "compile": {
                    "rc": 0,
                    "so": "",
                    "se": "Running ant (compile)...................................................... OK\nRunning ant (compile.tests)................................................ OK\n"
                },
                "test": {
                    "rc": 0,
                    "so": "Failing tests: 5\n  - org.jsoup.integration.ParseTest::testYahooJp\n  - org.jsoup.integration.ParseTest::testSmhBizArticle\n  - org.jsoup.integration.ParseTest::testBinary\n  - org.jsoup.integration.ParseTest::testNewsHomepage\n  - org.jsoup.parser.ParserTest::createsStructureFromBodySnippet\n",
                    "se": "Running ant (compile.tests)................................................ OK\nRunning ant (run.dev.tests)................................................ OK\n"
                }
            },
            "qwen-turbo": {
                "compile": {
                    "rc": 1,
                    "so": "",
                    "se": "Running ant (compile)...................................................... FAIL\nExecuted command:  cd /data/cmd/Ming/llm-fl-apr/tmp/Jsoup_1-prompt_apr_5-qwen-turbo && /data/cmd/Ming/LLM_Based-Mutation/tools/mutant/defects4j-2.1.0/major/bin/ant -f /data/cmd/Ming/LLM_Based-Mutation/tools/mutant/defects4j-2.1.0/framework/projects/defects4j.build.xml -Dd4j.home=/data/cmd/Ming/LLM_Based-Mutation/tools/mutant/defects4j-2.1.0 -Dd4j.dir.projects=/data/cmd/Ming/LLM_Based-Mutation/tools/mutant/defects4j-2.1.0/framework/projects -Dbasedir=/data/cmd/Ming/llm-fl-apr/tmp/Jsoup_1-prompt_apr_5-qwen-turbo -Dbuild.compiler=javac1.7  compile 2>&1\nJava HotSpot(TM) 64-Bit Server VM warning: ignoring option MaxPermSize=1G; support was removed in 8.0\nBuildfile: /data/cmd/Ming/LLM_Based-Mutation/tools/mutant/defects4j-2.1.0/framework/projects/defects4j.build.xml\n\ntest-offline:\n\nget-deps:\n\njsoup-from-maven.compile:\n    [mkdir] Created dir: /data/cmd/Ming/llm-fl-apr/tmp/Jsoup_1-prompt_apr_5-qwen-turbo/target/classes\n    [javac] /data/cmd/Ming/llm-fl-apr/tmp/Jsoup_1-prompt_apr_5-qwen-turbo/maven-build.xml:77: warning: 'includeantruntime' was not set, defaulting to build.sysclasspath=last; set to false for repeatable builds\n    [javac] Compiling 27 source files to /data/cmd/Ming/llm-fl-apr/tmp/Jsoup_1-prompt_apr_5-qwen-turbo/target/classes\n    [javac] warning: [options] bootstrap class path not set in conjunction with -source 1.5\n    [javac] /data/cmd/Ming/llm-fl-apr/tmp/Jsoup_1-prompt_apr_5-qwen-turbo/src/main/java/org/jsoup/nodes/Document.java:129: error: ';' expected\n    [javac]     public String outerHtml() {\n    [javac]                            ^\n    [javac] /data/cmd/Ming/llm-fl-apr/tmp/Jsoup_1-prompt_apr_5-qwen-turbo/src/main/java/org/jsoup/nodes/Document.java:139: error: ';' expected\n    [javac]     public Element text(String text) {\n    [javac]                        ^\n    [javac] /data/cmd/Ming/llm-fl-apr/tmp/Jsoup_1-prompt_apr_5-qwen-turbo/src/main/java/org/jsoup/nodes/Document.java:139: error: ';' expected\n    [javac]     public Element text(String text) {\n    [javac]                                    ^\n    [javac] /data/cmd/Ming/llm-fl-apr/tmp/Jsoup_1-prompt_apr_5-qwen-turbo/src/main/java/org/jsoup/nodes/Document.java:145: error: ';' expected\n    [javac]     public String nodeName() {\n    [javac]                           ^\n    [javac] /data/cmd/Ming/llm-fl-apr/tmp/Jsoup_1-prompt_apr_5-qwen-turbo/src/main/java/org/jsoup/nodes/Document.java:148: error: reached end of file while parsing\n    [javac] }\n    [javac]  ^\n    [javac] 5 errors\n    [javac] 1 warning\n\nBUILD FAILED\n/data/cmd/Ming/llm-fl-apr/tmp/Jsoup_1-prompt_apr_5-qwen-turbo/maven-build.xml:77: Compile failed; see the compiler error output for details.\n\nTotal time: 1 second\nCannot compile sources! at /data/cmd/Ming/LLM_Based-Mutation/tools/mutant/defects4j-2.1.0/framework/bin/d4j/d4j-compile line 82.\nCompilation failed in require at /data/cmd/Ming/LLM_Based-Mutation/tools/mutant/defects4j-2.1.0/framework/bin/defects4j line 195.\n"
                }
            },
            "doubao-pro-4k": {
                "compile": {
                    "rc": 0,
                    "so": "",
                    "se": "Running ant (compile)...................................................... OK\nRunning ant (compile.tests)................................................ OK\n"
                },
                "test": {
                    "rc": 0,
                    "so": "Failing tests: 2\n  - org.jsoup.integration.ParseTest::testBinary\n  - org.jsoup.parser.ParserTest::createsStructureFromBodySnippet\n",
                    "se": "Running ant (compile.tests)................................................ OK\nRunning ant (run.dev.tests)................................................ OK\n"
                }
            },
            "gpt-4o-mini": {
                "compile": {
                    "rc": 1,
                    "so": "",
                    "se": "Running ant (compile)...................................................... FAIL\nExecuted command:  cd /data/cmd/Ming/llm-fl-apr/tmp/Jsoup_1-prompt_apr_5-gpt-4o-mini && /data/cmd/Ming/LLM_Based-Mutation/tools/mutant/defects4j-2.1.0/major/bin/ant -f /data/cmd/Ming/LLM_Based-Mutation/tools/mutant/defects4j-2.1.0/framework/projects/defects4j.build.xml -Dd4j.home=/data/cmd/Ming/LLM_Based-Mutation/tools/mutant/defects4j-2.1.0 -Dd4j.dir.projects=/data/cmd/Ming/LLM_Based-Mutation/tools/mutant/defects4j-2.1.0/framework/projects -Dbasedir=/data/cmd/Ming/llm-fl-apr/tmp/Jsoup_1-prompt_apr_5-gpt-4o-mini -Dbuild.compiler=javac1.7  compile 2>&1\nJava HotSpot(TM) 64-Bit Server VM warning: ignoring option MaxPermSize=1G; support was removed in 8.0\nBuildfile: /data/cmd/Ming/LLM_Based-Mutation/tools/mutant/defects4j-2.1.0/framework/projects/defects4j.build.xml\n\ntest-offline:\n\nget-deps:\n\njsoup-from-maven.compile:\n    [mkdir] Created dir: /data/cmd/Ming/llm-fl-apr/tmp/Jsoup_1-prompt_apr_5-gpt-4o-mini/target/classes\n    [javac] /data/cmd/Ming/llm-fl-apr/tmp/Jsoup_1-prompt_apr_5-gpt-4o-mini/maven-build.xml:77: warning: 'includeantruntime' was not set, defaulting to build.sysclasspath=last; set to false for repeatable builds\n    [javac] Compiling 27 source files to /data/cmd/Ming/llm-fl-apr/tmp/Jsoup_1-prompt_apr_5-gpt-4o-mini/target/classes\n    [javac] warning: [options] bootstrap class path not set in conjunction with -source 1.5\n    [javac] /data/cmd/Ming/llm-fl-apr/tmp/Jsoup_1-prompt_apr_5-gpt-4o-mini/src/main/java/org/jsoup/nodes/Document.java:124: error: empty character literal\n    [javac] element.appendChild(new TextNode(' ', ''));element.appendChild(node);            body().appendChild(node);\n    [javac]                                       ^\n    [javac] /data/cmd/Ming/llm-fl-apr/tmp/Jsoup_1-prompt_apr_5-gpt-4o-mini/src/main/java/org/jsoup/nodes/Document.java:124: error: unclosed character literal\n    [javac] element.appendChild(new TextNode(' ', ''));element.appendChild(node);            body().appendChild(node);\n    [javac]                                        ^\n    [javac] /data/cmd/Ming/llm-fl-apr/tmp/Jsoup_1-prompt_apr_5-gpt-4o-mini/src/main/java/org/jsoup/nodes/Document.java:124: error: ';' expected\n    [javac] element.appendChild(new TextNode(' ', ''));element.appendChild(node);            body().appendChild(node);\n    [javac]                                          ^\n    [javac] 3 errors\n    [javac] 1 warning\n\nBUILD FAILED\n/data/cmd/Ming/llm-fl-apr/tmp/Jsoup_1-prompt_apr_5-gpt-4o-mini/maven-build.xml:77: Compile failed; see the compiler error output for details.\n\nTotal time: 1 second\nCannot compile sources! at /data/cmd/Ming/LLM_Based-Mutation/tools/mutant/defects4j-2.1.0/framework/bin/d4j/d4j-compile line 82.\nCompilation failed in require at /data/cmd/Ming/LLM_Based-Mutation/tools/mutant/defects4j-2.1.0/framework/bin/defects4j line 195.\n"
                }
            },
            "deepseek-chat": {
                "compile": {
                    "rc": 1,
                    "so": "",
                    "se": "Running ant (compile)...................................................... FAIL\nExecuted command:  cd /data/cmd/Ming/llm-fl-apr/tmp/Jsoup_1-prompt_apr_5-deepseek-chat && /data/cmd/Ming/LLM_Based-Mutation/tools/mutant/defects4j-2.1.0/major/bin/ant -f /data/cmd/Ming/LLM_Based-Mutation/tools/mutant/defects4j-2.1.0/framework/projects/defects4j.build.xml -Dd4j.home=/data/cmd/Ming/LLM_Based-Mutation/tools/mutant/defects4j-2.1.0 -Dd4j.dir.projects=/data/cmd/Ming/LLM_Based-Mutation/tools/mutant/defects4j-2.1.0/framework/projects -Dbasedir=/data/cmd/Ming/llm-fl-apr/tmp/Jsoup_1-prompt_apr_5-deepseek-chat -Dbuild.compiler=javac1.7  compile 2>&1\nJava HotSpot(TM) 64-Bit Server VM warning: ignoring option MaxPermSize=1G; support was removed in 8.0\nBuildfile: /data/cmd/Ming/LLM_Based-Mutation/tools/mutant/defects4j-2.1.0/framework/projects/defects4j.build.xml\n\ntest-offline:\n\nget-deps:\n\njsoup-from-maven.compile:\n    [mkdir] Created dir: /data/cmd/Ming/llm-fl-apr/tmp/Jsoup_1-prompt_apr_5-deepseek-chat/target/classes\n    [javac] /data/cmd/Ming/llm-fl-apr/tmp/Jsoup_1-prompt_apr_5-deepseek-chat/maven-build.xml:77: warning: 'includeantruntime' was not set, defaulting to build.sysclasspath=last; set to false for repeatable builds\n    [javac] Compiling 27 source files to /data/cmd/Ming/llm-fl-apr/tmp/Jsoup_1-prompt_apr_5-deepseek-chat/target/classes\n    [javac] warning: [options] bootstrap class path not set in conjunction with -source 1.5\n    [javac] /data/cmd/Ming/llm-fl-apr/tmp/Jsoup_1-prompt_apr_5-deepseek-chat/src/main/java/org/jsoup/nodes/Document.java:129: error: class, interface, or enum expected\n    [javac]     public String outerHtml() {\n    [javac]            ^\n    [javac] /data/cmd/Ming/llm-fl-apr/tmp/Jsoup_1-prompt_apr_5-deepseek-chat/src/main/java/org/jsoup/nodes/Document.java:131: error: class, interface, or enum expected\n    [javac]     }\n    [javac]     ^\n    [javac] /data/cmd/Ming/llm-fl-apr/tmp/Jsoup_1-prompt_apr_5-deepseek-chat/src/main/java/org/jsoup/nodes/Document.java:139: error: class, interface, or enum expected\n    [javac]     public Element text(String text) {\n    [javac]            ^\n    [javac] /data/cmd/Ming/llm-fl-apr/tmp/Jsoup_1-prompt_apr_5-deepseek-chat/src/main/java/org/jsoup/nodes/Document.java:141: error: class, interface, or enum expected\n    [javac]         return this;\n    [javac]         ^\n    [javac] /data/cmd/Ming/llm-fl-apr/tmp/Jsoup_1-prompt_apr_5-deepseek-chat/src/main/java/org/jsoup/nodes/Document.java:142: error: class, interface, or enum expected\n    [javac]     }\n    [javac]     ^\n    [javac] /data/cmd/Ming/llm-fl-apr/tmp/Jsoup_1-prompt_apr_5-deepseek-chat/src/main/java/org/jsoup/nodes/Document.java:145: error: class, interface, or enum expected\n    [javac]     public String nodeName() {\n    [javac]            ^\n    [javac] /data/cmd/Ming/llm-fl-apr/tmp/Jsoup_1-prompt_apr_5-deepseek-chat/src/main/java/org/jsoup/nodes/Document.java:147: error: class, interface, or enum expected\n    [javac]     }\n    [javac]     ^\n    [javac] 7 errors\n    [javac] 1 warning\n\nBUILD FAILED\n/data/cmd/Ming/llm-fl-apr/tmp/Jsoup_1-prompt_apr_5-deepseek-chat/maven-build.xml:77: Compile failed; see the compiler error output for details.\n\nTotal time: 1 second\nCannot compile sources! at /data/cmd/Ming/LLM_Based-Mutation/tools/mutant/defects4j-2.1.0/framework/bin/d4j/d4j-compile line 82.\nCompilation failed in require at /data/cmd/Ming/LLM_Based-Mutation/tools/mutant/defects4j-2.1.0/framework/bin/defects4j line 195.\n"
                }
            }
        },
        "prompt_apr_6": {
            "ernie-3.5-128k": {
                "compile": {
                    "rc": 1,
                    "so": "",
                    "se": "Running ant (compile)...................................................... FAIL\nExecuted command:  cd /data/cmd/Ming/llm-fl-apr/tmp/Jsoup_1-prompt_apr_6-ernie-3.5-128k && /data/cmd/Ming/LLM_Based-Mutation/tools/mutant/defects4j-2.1.0/major/bin/ant -f /data/cmd/Ming/LLM_Based-Mutation/tools/mutant/defects4j-2.1.0/framework/projects/defects4j.build.xml -Dd4j.home=/data/cmd/Ming/LLM_Based-Mutation/tools/mutant/defects4j-2.1.0 -Dd4j.dir.projects=/data/cmd/Ming/LLM_Based-Mutation/tools/mutant/defects4j-2.1.0/framework/projects -Dbasedir=/data/cmd/Ming/llm-fl-apr/tmp/Jsoup_1-prompt_apr_6-ernie-3.5-128k -Dbuild.compiler=javac1.7  compile 2>&1\nJava HotSpot(TM) 64-Bit Server VM warning: ignoring option MaxPermSize=1G; support was removed in 8.0\nBuildfile: /data/cmd/Ming/LLM_Based-Mutation/tools/mutant/defects4j-2.1.0/framework/projects/defects4j.build.xml\n\ntest-offline:\n\nget-deps:\n\njsoup-from-maven.compile:\n    [mkdir] Created dir: /data/cmd/Ming/llm-fl-apr/tmp/Jsoup_1-prompt_apr_6-ernie-3.5-128k/target/classes\n    [javac] /data/cmd/Ming/llm-fl-apr/tmp/Jsoup_1-prompt_apr_6-ernie-3.5-128k/maven-build.xml:77: warning: 'includeantruntime' was not set, defaulting to build.sysclasspath=last; set to false for repeatable builds\n    [javac] Compiling 27 source files to /data/cmd/Ming/llm-fl-apr/tmp/Jsoup_1-prompt_apr_6-ernie-3.5-128k/target/classes\n    [javac] warning: [options] bootstrap class path not set in conjunction with -source 1.5\n    [javac] /data/cmd/Ming/llm-fl-apr/tmp/Jsoup_1-prompt_apr_6-ernie-3.5-128k/src/main/java/org/jsoup/nodes/Document.java:130: error: ';' expected\n    [javac]     public String outerHtml() {\n    [javac]                            ^\n    [javac] /data/cmd/Ming/llm-fl-apr/tmp/Jsoup_1-prompt_apr_6-ernie-3.5-128k/src/main/java/org/jsoup/nodes/Document.java:140: error: ';' expected\n    [javac]     public Element text(String text) {\n    [javac]                        ^\n    [javac] /data/cmd/Ming/llm-fl-apr/tmp/Jsoup_1-prompt_apr_6-ernie-3.5-128k/src/main/java/org/jsoup/nodes/Document.java:140: error: ';' expected\n    [javac]     public Element text(String text) {\n    [javac]                                    ^\n    [javac] /data/cmd/Ming/llm-fl-apr/tmp/Jsoup_1-prompt_apr_6-ernie-3.5-128k/src/main/java/org/jsoup/nodes/Document.java:146: error: ';' expected\n    [javac]     public String nodeName() {\n    [javac]                           ^\n    [javac] /data/cmd/Ming/llm-fl-apr/tmp/Jsoup_1-prompt_apr_6-ernie-3.5-128k/src/main/java/org/jsoup/nodes/Document.java:149: error: reached end of file while parsing\n    [javac] }\n    [javac]  ^\n    [javac] 5 errors\n    [javac] 1 warning\n\nBUILD FAILED\n/data/cmd/Ming/llm-fl-apr/tmp/Jsoup_1-prompt_apr_6-ernie-3.5-128k/maven-build.xml:77: Compile failed; see the compiler error output for details.\n\nTotal time: 2 seconds\nCannot compile sources! at /data/cmd/Ming/LLM_Based-Mutation/tools/mutant/defects4j-2.1.0/framework/bin/d4j/d4j-compile line 82.\nCompilation failed in require at /data/cmd/Ming/LLM_Based-Mutation/tools/mutant/defects4j-2.1.0/framework/bin/defects4j line 195.\n"
                }
            },
            "qwen-turbo": {
                "compile": {
                    "rc": 1,
                    "so": "",
                    "se": "Running ant (compile)...................................................... FAIL\nExecuted command:  cd /data/cmd/Ming/llm-fl-apr/tmp/Jsoup_1-prompt_apr_6-qwen-turbo && /data/cmd/Ming/LLM_Based-Mutation/tools/mutant/defects4j-2.1.0/major/bin/ant -f /data/cmd/Ming/LLM_Based-Mutation/tools/mutant/defects4j-2.1.0/framework/projects/defects4j.build.xml -Dd4j.home=/data/cmd/Ming/LLM_Based-Mutation/tools/mutant/defects4j-2.1.0 -Dd4j.dir.projects=/data/cmd/Ming/LLM_Based-Mutation/tools/mutant/defects4j-2.1.0/framework/projects -Dbasedir=/data/cmd/Ming/llm-fl-apr/tmp/Jsoup_1-prompt_apr_6-qwen-turbo -Dbuild.compiler=javac1.7  compile 2>&1\nJava HotSpot(TM) 64-Bit Server VM warning: ignoring option MaxPermSize=1G; support was removed in 8.0\nBuildfile: /data/cmd/Ming/LLM_Based-Mutation/tools/mutant/defects4j-2.1.0/framework/projects/defects4j.build.xml\n\ntest-offline:\n\nget-deps:\n\njsoup-from-maven.compile:\n    [mkdir] Created dir: /data/cmd/Ming/llm-fl-apr/tmp/Jsoup_1-prompt_apr_6-qwen-turbo/target/classes\n    [javac] /data/cmd/Ming/llm-fl-apr/tmp/Jsoup_1-prompt_apr_6-qwen-turbo/maven-build.xml:77: warning: 'includeantruntime' was not set, defaulting to build.sysclasspath=last; set to false for repeatable builds\n    [javac] Compiling 27 source files to /data/cmd/Ming/llm-fl-apr/tmp/Jsoup_1-prompt_apr_6-qwen-turbo/target/classes\n    [javac] warning: [options] bootstrap class path not set in conjunction with -source 1.5\n    [javac] /data/cmd/Ming/llm-fl-apr/tmp/Jsoup_1-prompt_apr_6-qwen-turbo/src/main/java/org/jsoup/nodes/Document.java:130: error: ';' expected\n    [javac]     public String outerHtml() {\n    [javac]                            ^\n    [javac] /data/cmd/Ming/llm-fl-apr/tmp/Jsoup_1-prompt_apr_6-qwen-turbo/src/main/java/org/jsoup/nodes/Document.java:140: error: ';' expected\n    [javac]     public Element text(String text) {\n    [javac]                        ^\n    [javac] /data/cmd/Ming/llm-fl-apr/tmp/Jsoup_1-prompt_apr_6-qwen-turbo/src/main/java/org/jsoup/nodes/Document.java:140: error: ';' expected\n    [javac]     public Element text(String text) {\n    [javac]                                    ^\n    [javac] /data/cmd/Ming/llm-fl-apr/tmp/Jsoup_1-prompt_apr_6-qwen-turbo/src/main/java/org/jsoup/nodes/Document.java:146: error: ';' expected\n    [javac]     public String nodeName() {\n    [javac]                           ^\n    [javac] /data/cmd/Ming/llm-fl-apr/tmp/Jsoup_1-prompt_apr_6-qwen-turbo/src/main/java/org/jsoup/nodes/Document.java:149: error: reached end of file while parsing\n    [javac] }\n    [javac]  ^\n    [javac] 5 errors\n    [javac] 1 warning\n\nBUILD FAILED\n/data/cmd/Ming/llm-fl-apr/tmp/Jsoup_1-prompt_apr_6-qwen-turbo/maven-build.xml:77: Compile failed; see the compiler error output for details.\n\nTotal time: 2 seconds\nCannot compile sources! at /data/cmd/Ming/LLM_Based-Mutation/tools/mutant/defects4j-2.1.0/framework/bin/d4j/d4j-compile line 82.\nCompilation failed in require at /data/cmd/Ming/LLM_Based-Mutation/tools/mutant/defects4j-2.1.0/framework/bin/defects4j line 195.\n"
                }
            },
            "doubao-pro-4k": {
                "compile": {
                    "rc": 1,
                    "so": "",
                    "se": "Running ant (compile)...................................................... FAIL\nExecuted command:  cd /data/cmd/Ming/llm-fl-apr/tmp/Jsoup_1-prompt_apr_6-doubao-pro-4k && /data/cmd/Ming/LLM_Based-Mutation/tools/mutant/defects4j-2.1.0/major/bin/ant -f /data/cmd/Ming/LLM_Based-Mutation/tools/mutant/defects4j-2.1.0/framework/projects/defects4j.build.xml -Dd4j.home=/data/cmd/Ming/LLM_Based-Mutation/tools/mutant/defects4j-2.1.0 -Dd4j.dir.projects=/data/cmd/Ming/LLM_Based-Mutation/tools/mutant/defects4j-2.1.0/framework/projects -Dbasedir=/data/cmd/Ming/llm-fl-apr/tmp/Jsoup_1-prompt_apr_6-doubao-pro-4k -Dbuild.compiler=javac1.7  compile 2>&1\nJava HotSpot(TM) 64-Bit Server VM warning: ignoring option MaxPermSize=1G; support was removed in 8.0\nBuildfile: /data/cmd/Ming/LLM_Based-Mutation/tools/mutant/defects4j-2.1.0/framework/projects/defects4j.build.xml\n\ntest-offline:\n\nget-deps:\n\njsoup-from-maven.compile:\n    [mkdir] Created dir: /data/cmd/Ming/llm-fl-apr/tmp/Jsoup_1-prompt_apr_6-doubao-pro-4k/target/classes\n    [javac] /data/cmd/Ming/llm-fl-apr/tmp/Jsoup_1-prompt_apr_6-doubao-pro-4k/maven-build.xml:77: warning: 'includeantruntime' was not set, defaulting to build.sysclasspath=last; set to false for repeatable builds\n    [javac] Compiling 27 source files to /data/cmd/Ming/llm-fl-apr/tmp/Jsoup_1-prompt_apr_6-doubao-pro-4k/target/classes\n    [javac] warning: [options] bootstrap class path not set in conjunction with -source 1.5\n    [javac] /data/cmd/Ming/llm-fl-apr/tmp/Jsoup_1-prompt_apr_6-doubao-pro-4k/src/main/java/org/jsoup/nodes/Document.java:130: error: ';' expected\n    [javac]     public String outerHtml() {\n    [javac]                            ^\n    [javac] /data/cmd/Ming/llm-fl-apr/tmp/Jsoup_1-prompt_apr_6-doubao-pro-4k/src/main/java/org/jsoup/nodes/Document.java:140: error: ';' expected\n    [javac]     public Element text(String text) {\n    [javac]                        ^\n    [javac] /data/cmd/Ming/llm-fl-apr/tmp/Jsoup_1-prompt_apr_6-doubao-pro-4k/src/main/java/org/jsoup/nodes/Document.java:140: error: ';' expected\n    [javac]     public Element text(String text) {\n    [javac]                                    ^\n    [javac] /data/cmd/Ming/llm-fl-apr/tmp/Jsoup_1-prompt_apr_6-doubao-pro-4k/src/main/java/org/jsoup/nodes/Document.java:146: error: ';' expected\n    [javac]     public String nodeName() {\n    [javac]                           ^\n    [javac] /data/cmd/Ming/llm-fl-apr/tmp/Jsoup_1-prompt_apr_6-doubao-pro-4k/src/main/java/org/jsoup/nodes/Document.java:149: error: reached end of file while parsing\n    [javac] }\n    [javac]  ^\n    [javac] 5 errors\n    [javac] 1 warning\n\nBUILD FAILED\n/data/cmd/Ming/llm-fl-apr/tmp/Jsoup_1-prompt_apr_6-doubao-pro-4k/maven-build.xml:77: Compile failed; see the compiler error output for details.\n\nTotal time: 1 second\nCannot compile sources! at /data/cmd/Ming/LLM_Based-Mutation/tools/mutant/defects4j-2.1.0/framework/bin/d4j/d4j-compile line 82.\nCompilation failed in require at /data/cmd/Ming/LLM_Based-Mutation/tools/mutant/defects4j-2.1.0/framework/bin/defects4j line 195.\n"
                }
            },
            "gpt-4o-mini": {
                "compile": {
                    "rc": 1,
                    "so": "",
                    "se": "Running ant (compile)...................................................... FAIL\nExecuted command:  cd /data/cmd/Ming/llm-fl-apr/tmp/Jsoup_1-prompt_apr_6-gpt-4o-mini && /data/cmd/Ming/LLM_Based-Mutation/tools/mutant/defects4j-2.1.0/major/bin/ant -f /data/cmd/Ming/LLM_Based-Mutation/tools/mutant/defects4j-2.1.0/framework/projects/defects4j.build.xml -Dd4j.home=/data/cmd/Ming/LLM_Based-Mutation/tools/mutant/defects4j-2.1.0 -Dd4j.dir.projects=/data/cmd/Ming/LLM_Based-Mutation/tools/mutant/defects4j-2.1.0/framework/projects -Dbasedir=/data/cmd/Ming/llm-fl-apr/tmp/Jsoup_1-prompt_apr_6-gpt-4o-mini -Dbuild.compiler=javac1.7  compile 2>&1\nJava HotSpot(TM) 64-Bit Server VM warning: ignoring option MaxPermSize=1G; support was removed in 8.0\nBuildfile: /data/cmd/Ming/LLM_Based-Mutation/tools/mutant/defects4j-2.1.0/framework/projects/defects4j.build.xml\n\ntest-offline:\n\nget-deps:\n\njsoup-from-maven.compile:\n    [mkdir] Created dir: /data/cmd/Ming/llm-fl-apr/tmp/Jsoup_1-prompt_apr_6-gpt-4o-mini/target/classes\n    [javac] /data/cmd/Ming/llm-fl-apr/tmp/Jsoup_1-prompt_apr_6-gpt-4o-mini/maven-build.xml:77: warning: 'includeantruntime' was not set, defaulting to build.sysclasspath=last; set to false for repeatable builds\n    [javac] Compiling 27 source files to /data/cmd/Ming/llm-fl-apr/tmp/Jsoup_1-prompt_apr_6-gpt-4o-mini/target/classes\n    [javac] warning: [options] bootstrap class path not set in conjunction with -source 1.5\n    [javac] /data/cmd/Ming/llm-fl-apr/tmp/Jsoup_1-prompt_apr_6-gpt-4o-mini/src/main/java/org/jsoup/nodes/Document.java:129: error: ';' expected\n    [javac]     public String outerHtml() {\n    [javac]                            ^\n    [javac] /data/cmd/Ming/llm-fl-apr/tmp/Jsoup_1-prompt_apr_6-gpt-4o-mini/src/main/java/org/jsoup/nodes/Document.java:139: error: ';' expected\n    [javac]     public Element text(String text) {\n    [javac]                        ^\n    [javac] /data/cmd/Ming/llm-fl-apr/tmp/Jsoup_1-prompt_apr_6-gpt-4o-mini/src/main/java/org/jsoup/nodes/Document.java:139: error: ';' expected\n    [javac]     public Element text(String text) {\n    [javac]                                    ^\n    [javac] /data/cmd/Ming/llm-fl-apr/tmp/Jsoup_1-prompt_apr_6-gpt-4o-mini/src/main/java/org/jsoup/nodes/Document.java:145: error: ';' expected\n    [javac]     public String nodeName() {\n    [javac]                           ^\n    [javac] /data/cmd/Ming/llm-fl-apr/tmp/Jsoup_1-prompt_apr_6-gpt-4o-mini/src/main/java/org/jsoup/nodes/Document.java:148: error: reached end of file while parsing\n    [javac] }\n    [javac]  ^\n    [javac] 5 errors\n    [javac] 1 warning\n\nBUILD FAILED\n/data/cmd/Ming/llm-fl-apr/tmp/Jsoup_1-prompt_apr_6-gpt-4o-mini/maven-build.xml:77: Compile failed; see the compiler error output for details.\n\nTotal time: 2 seconds\nCannot compile sources! at /data/cmd/Ming/LLM_Based-Mutation/tools/mutant/defects4j-2.1.0/framework/bin/d4j/d4j-compile line 82.\nCompilation failed in require at /data/cmd/Ming/LLM_Based-Mutation/tools/mutant/defects4j-2.1.0/framework/bin/defects4j line 195.\n"
                }
            },
            "deepseek-chat": {
                "compile": {
                    "rc": 0,
                    "so": "",
                    "se": "Running ant (compile)...................................................... OK\nRunning ant (compile.tests)................................................ OK\n"
                },
                "test": {
                    "rc": 0,
                    "so": "Failing tests: 2\n  - org.jsoup.integration.ParseTest::testBinary\n  - org.jsoup.parser.ParserTest::createsStructureFromBodySnippet\n",
                    "se": "Running ant (compile.tests)................................................ OK\nRunning ant (run.dev.tests)................................................ OK\n"
                }
            }
        }
    }
}