[
    {
        "prompt_fl_1": "\nsource code:\nprivate void findElements() {\n        if (tq.matchChomp(\"#\"))\n            byId();\n        else if (tq.matchChomp(\".\"))\n            byClass();\n        else if (tq.matchesWord() || tq.matches(\"*|\"))\n            byTag();\n        else if (tq.matches(\"[\"))\n            byAttribute();\n        else if (tq.matchChomp(\"*\"))\n            allElements();\n        else if (tq.matchChomp(\":lt(\"))\n            indexLessThan();\n        else if (tq.matchChomp(\":gt(\"))\n            indexGreaterThan();\n        else if (tq.matchChomp(\":eq(\"))\n            indexEquals();\n        else if (tq.matches(\":has(\"))\n            has();\n        else if (tq.matches(\":contains(\"))\n            contains(false);\n        else if (tq.matches(\":containsOwn(\"))\n            contains(true);\n        else if (tq.matches(\":containsData(\"))\n            containsData();\n        else if (tq.matches(\":matches(\"))\n            matches(false);\n        else if (tq.matches(\":matchesOwn(\"))\n            matches(true);\n        else if (tq.matches(\":not(\"))\n            not();\n\t\telse if (tq.matchChomp(\":nth-child(\"))\n        \tcssNthChild(false, false);\n        else if (tq.matchChomp(\":nth-last-child(\"))\n        \tcssNthChild(true, false);\n        else if (tq.matchChomp(\":nth-of-type(\"))\n        \tcssNthChild(false, true);\n        else if (tq.matchChomp(\":nth-last-of-type(\"))\n        \tcssNthChild(true, true);\n        else if (tq.matchChomp(\":first-child\"))\n        \tevals.add(new Evaluator.IsFirstChild());\n        else if (tq.matchChomp(\":last-child\"))\n        \tevals.add(new Evaluator.IsLastChild());\n        else if (tq.matchChomp(\":first-of-type\"))\n        \tevals.add(new Evaluator.IsFirstOfType());\n        else if (tq.matchChomp(\":last-of-type\"))\n        \tevals.add(new Evaluator.IsLastOfType());\n        else if (tq.matchChomp(\":only-child\"))\n        \tevals.add(new Evaluator.IsOnlyChild());\n        else if (tq.matchChomp(\":only-of-type\"))\n        \tevals.add(new Evaluator.IsOnlyOfType());\n        else if (tq.matchChomp(\":empty\"))\n        \tevals.add(new Evaluator.IsEmpty());\n        else if (tq.matchChomp(\":root\"))\n        \tevals.add(new Evaluator.IsRoot());\n\t\telse // unhandled\n            throw new Selector.SelectorParseException(\"Could not parse query '%s': unexpected token at '%s'\", query, tq.remainder());\n\n    }\n\nThere is a bug in the above code, please help me locate it.\n\nPlease output **only one integer**: the line number of the buggy code (The code starts from line 1). Do not provide any explanations or additional content.\n",
        "prompt_fl_2": "\nsource code:\nprivate void findElements() {\n        if (tq.matchChomp(\"#\"))\n            byId();\n        else if (tq.matchChomp(\".\"))\n            byClass();\n        else if (tq.matchesWord() || tq.matches(\"*|\"))\n            byTag();\n        else if (tq.matches(\"[\"))\n            byAttribute();\n        else if (tq.matchChomp(\"*\"))\n            allElements();\n        else if (tq.matchChomp(\":lt(\"))\n            indexLessThan();\n        else if (tq.matchChomp(\":gt(\"))\n            indexGreaterThan();\n        else if (tq.matchChomp(\":eq(\"))\n            indexEquals();\n        else if (tq.matches(\":has(\"))\n            has();\n        else if (tq.matches(\":contains(\"))\n            contains(false);\n        else if (tq.matches(\":containsOwn(\"))\n            contains(true);\n        else if (tq.matches(\":containsData(\"))\n            containsData();\n        else if (tq.matches(\":matches(\"))\n            matches(false);\n        else if (tq.matches(\":matchesOwn(\"))\n            matches(true);\n        else if (tq.matches(\":not(\"))\n            not();\n\t\telse if (tq.matchChomp(\":nth-child(\"))\n        \tcssNthChild(false, false);\n        else if (tq.matchChomp(\":nth-last-child(\"))\n        \tcssNthChild(true, false);\n        else if (tq.matchChomp(\":nth-of-type(\"))\n        \tcssNthChild(false, true);\n        else if (tq.matchChomp(\":nth-last-of-type(\"))\n        \tcssNthChild(true, true);\n        else if (tq.matchChomp(\":first-child\"))\n        \tevals.add(new Evaluator.IsFirstChild());\n        else if (tq.matchChomp(\":last-child\"))\n        \tevals.add(new Evaluator.IsLastChild());\n        else if (tq.matchChomp(\":first-of-type\"))\n        \tevals.add(new Evaluator.IsFirstOfType());\n        else if (tq.matchChomp(\":last-of-type\"))\n        \tevals.add(new Evaluator.IsLastOfType());\n        else if (tq.matchChomp(\":only-child\"))\n        \tevals.add(new Evaluator.IsOnlyChild());\n        else if (tq.matchChomp(\":only-of-type\"))\n        \tevals.add(new Evaluator.IsOnlyOfType());\n        else if (tq.matchChomp(\":empty\"))\n        \tevals.add(new Evaluator.IsEmpty());\n        else if (tq.matchChomp(\":root\"))\n        \tevals.add(new Evaluator.IsRoot());\n\t\telse // unhandled\n            throw new Selector.SelectorParseException(\"Could not parse query '%s': unexpected token at '%s'\", query, tq.remainder());\n\n    }\n\nstack trace:\norg.jsoup.select.SelectorTest::splitOnBr\norg.jsoup.select.Selector$SelectorParseException: Could not parse query 'p:matchText': unexpected token at ':matchText'\n\tat org.jsoup.select.QueryParser.findElements(QueryParser.java:204)\n\tat org.jsoup.select.QueryParser.parse(QueryParser.java:71)\n\tat org.jsoup.select.QueryParser.parse(QueryParser.java:42)\n\tat org.jsoup.select.Selector.select(Selector.java:91)\n\tat org.jsoup.nodes.Element.select(Element.java:363)\n\tat org.jsoup.select.SelectorTest.splitOnBr(SelectorTest.java:790)\n\tat sun.reflect.NativeMethodAccessorImpl.invoke0(Native Method)\n\tat sun.reflect.NativeMethodAccessorImpl.invoke(NativeMethodAccessorImpl.java:62)\n\tat sun.reflect.DelegatingMethodAccessorImpl.invoke(DelegatingMethodAccessorImpl.java:43)\n\tat java.lang.reflect.Method.invoke(Method.java:498)\n\tat org.junit.runners.model.FrameworkMethod$1.runReflectiveCall(FrameworkMethod.java:47)\n\tat org.junit.internal.runners.model.ReflectiveCallable.run(ReflectiveCallable.java:12)\n\tat org.junit.runners.model.FrameworkMethod.invokeExplosively(FrameworkMethod.java:44)\n\tat org.junit.internal.runners.statements.InvokeMethod.evaluate(InvokeMethod.java:17)\n\tat org.jsoup.MultiLocaleRule$1.evaluate(MultiLocaleRule.java:22)\n\tat org.junit.rules.RunRules.evaluate(RunRules.java:20)\n\tat org.junit.runners.ParentRunner.runLeaf(ParentRunner.java:271)\n\tat org.junit.runners.BlockJUnit4ClassRunner.runChild(BlockJUnit4ClassRunner.java:70)\n\tat org.junit.runners.BlockJUnit4ClassRunner.runChild(BlockJUnit4ClassRunner.java:50)\n\tat org.junit.runners.ParentRunner$3.run(ParentRunner.java:238)\n\tat org.junit.runners.ParentRunner$1.schedule(ParentRunner.java:63)\n\tat org.junit.runners.ParentRunner.runChildren(ParentRunner.java:236)\n\tat org.junit.runners.ParentRunner.access$000(ParentRunner.java:53)\n\tat org.junit.runners.ParentRunner$2.evaluate(ParentRunner.java:229)\n\tat org.junit.runners.ParentRunner.run(ParentRunner.java:309)\n\tat junit.framework.JUnit4TestAdapter.run(JUnit4TestAdapter.java:38)\n\tat org.apache.tools.ant.taskdefs.optional.junit.JUnitTestRunner.run(JUnitTestRunner.java:520)\n\tat org.apache.tools.ant.taskdefs.optional.junit.JUnitTask.executeInVM(JUnitTask.java:1484)\n\tat org.apache.tools.ant.taskdefs.optional.junit.JUnitTask.execute(JUnitTask.java:872)\n\tat org.apache.tools.ant.taskdefs.optional.junit.JUnitTask.executeOrQueue(JUnitTask.java:1972)\n\tat org.apache.tools.ant.taskdefs.optional.junit.JUnitTask.execute1(JUnitTask.java:824)\n\tat org.apache.tools.ant.taskdefs.optional.junit.JUnitTask.execute(JUnitTask.java:2277)\n\tat org.apache.tools.ant.UnknownElement.execute(UnknownElement.java:291)\n\tat sun.reflect.GeneratedMethodAccessor4.invoke(Unknown Source)\n\tat sun.reflect.DelegatingMethodAccessorImpl.invoke(DelegatingMethodAccessorImpl.java:43)\n\tat java.lang.reflect.Method.invoke(Method.java:498)\n\tat org.apache.tools.ant.dispatch.DispatchUtils.execute(DispatchUtils.java:106)\n\tat org.apache.tools.ant.Task.perform(Task.java:348)\n\tat org.apache.tools.ant.Target.execute(Target.java:392)\n\tat org.apache.tools.ant.Target.performTasks(Target.java:413)\n\tat org.apache.tools.ant.Project.executeSortedTargets(Project.java:1399)\n\tat org.apache.tools.ant.Project.executeTarget(Project.java:1368)\n\tat org.apache.tools.ant.helper.DefaultExecutor.executeTargets(DefaultExecutor.java:41)\n\tat org.apache.tools.ant.Project.executeTargets(Project.java:1251)\n\tat org.apache.tools.ant.Main.runBuild(Main.java:811)\n\tat org.apache.tools.ant.Main.startAnt(Main.java:217)\n\tat org.apache.tools.ant.launch.Launcher.run(Launcher.java:280)\n\tat org.apache.tools.ant.launch.Launcher.main(Launcher.java:109)\norg.jsoup.select.SelectorTest::textAsElements\norg.jsoup.select.Selector$SelectorParseException: Could not parse query 'p:matchText:first-child': unexpected token at ':matchText:first-child'\n\tat org.jsoup.select.QueryParser.findElements(QueryParser.java:204)\n\tat org.jsoup.select.QueryParser.parse(QueryParser.java:71)\n\tat org.jsoup.select.QueryParser.parse(QueryParser.java:42)\n\tat org.jsoup.select.Selector.select(Selector.java:91)\n\tat org.jsoup.nodes.Element.select(Element.java:363)\n\tat org.jsoup.select.SelectorTest.textAsElements(SelectorTest.java:775)\n\tat sun.reflect.NativeMethodAccessorImpl.invoke0(Native Method)\n\tat sun.reflect.NativeMethodAccessorImpl.invoke(NativeMethodAccessorImpl.java:62)\n\tat sun.reflect.DelegatingMethodAccessorImpl.invoke(DelegatingMethodAccessorImpl.java:43)\n\tat java.lang.reflect.Method.invoke(Method.java:498)\n\tat org.junit.runners.model.FrameworkMethod$1.runReflectiveCall(FrameworkMethod.java:47)\n\tat org.junit.internal.runners.model.ReflectiveCallable.run(ReflectiveCallable.java:12)\n\tat org.junit.runners.model.FrameworkMethod.invokeExplosively(FrameworkMethod.java:44)\n\tat org.junit.internal.runners.statements.InvokeMethod.evaluate(InvokeMethod.java:17)\n\tat org.jsoup.MultiLocaleRule$1.evaluate(MultiLocaleRule.java:22)\n\tat org.junit.rules.RunRules.evaluate(RunRules.java:20)\n\tat org.junit.runners.ParentRunner.runLeaf(ParentRunner.java:271)\n\tat org.junit.runners.BlockJUnit4ClassRunner.runChild(BlockJUnit4ClassRunner.java:70)\n\tat org.junit.runners.BlockJUnit4ClassRunner.runChild(BlockJUnit4ClassRunner.java:50)\n\tat org.junit.runners.ParentRunner$3.run(ParentRunner.java:238)\n\tat org.junit.runners.ParentRunner$1.schedule(ParentRunner.java:63)\n\tat org.junit.runners.ParentRunner.runChildren(ParentRunner.java:236)\n\tat org.junit.runners.ParentRunner.access$000(ParentRunner.java:53)\n\tat org.junit.runners.ParentRunner$2.evaluate(ParentRunner.java:229)\n\tat org.junit.runners.ParentRunner.run(ParentRunner.java:309)\n\tat junit.framework.JUnit4TestAdapter.run(JUnit4TestAdapter.java:38)\n\tat org.apache.tools.ant.taskdefs.optional.junit.JUnitTestRunner.run(JUnitTestRunner.java:520)\n\tat org.apache.tools.ant.taskdefs.optional.junit.JUnitTask.executeInVM(JUnitTask.java:1484)\n\tat org.apache.tools.ant.taskdefs.optional.junit.JUnitTask.execute(JUnitTask.java:872)\n\tat org.apache.tools.ant.taskdefs.optional.junit.JUnitTask.executeOrQueue(JUnitTask.java:1972)\n\tat org.apache.tools.ant.taskdefs.optional.junit.JUnitTask.execute1(JUnitTask.java:824)\n\tat org.apache.tools.ant.taskdefs.optional.junit.JUnitTask.execute(JUnitTask.java:2277)\n\tat org.apache.tools.ant.UnknownElement.execute(UnknownElement.java:291)\n\tat sun.reflect.GeneratedMethodAccessor4.invoke(Unknown Source)\n\tat sun.reflect.DelegatingMethodAccessorImpl.invoke(DelegatingMethodAccessorImpl.java:43)\n\tat java.lang.reflect.Method.invoke(Method.java:498)\n\tat org.apache.tools.ant.dispatch.DispatchUtils.execute(DispatchUtils.java:106)\n\tat org.apache.tools.ant.Task.perform(Task.java:348)\n\tat org.apache.tools.ant.Target.execute(Target.java:392)\n\tat org.apache.tools.ant.Target.performTasks(Target.java:413)\n\tat org.apache.tools.ant.Project.executeSortedTargets(Project.java:1399)\n\tat org.apache.tools.ant.Project.executeTarget(Project.java:1368)\n\tat org.apache.tools.ant.helper.DefaultExecutor.executeTargets(DefaultExecutor.java:41)\n\tat org.apache.tools.ant.Project.executeTargets(Project.java:1251)\n\tat org.apache.tools.ant.Main.runBuild(Main.java:811)\n\tat org.apache.tools.ant.Main.startAnt(Main.java:217)\n\tat org.apache.tools.ant.launch.Launcher.run(Launcher.java:280)\n\tat org.apache.tools.ant.launch.Launcher.main(Launcher.java:109)\n\n\nThere is a bug in the above code, please help me locate it by considering the stack trace.\n\nPlease output **only one integer**: the line number of the buggy code (The code starts from line 1). Do not provide any explanations or additional content.\n",
        "prompt_fl_3": "\nsource code:\nprivate void findElements() {\n        if (tq.matchChomp(\"#\"))\n            byId();\n        else if (tq.matchChomp(\".\"))\n            byClass();\n        else if (tq.matchesWord() || tq.matches(\"*|\"))\n            byTag();\n        else if (tq.matches(\"[\"))\n            byAttribute();\n        else if (tq.matchChomp(\"*\"))\n            allElements();\n        else if (tq.matchChomp(\":lt(\"))\n            indexLessThan();\n        else if (tq.matchChomp(\":gt(\"))\n            indexGreaterThan();\n        else if (tq.matchChomp(\":eq(\"))\n            indexEquals();\n        else if (tq.matches(\":has(\"))\n            has();\n        else if (tq.matches(\":contains(\"))\n            contains(false);\n        else if (tq.matches(\":containsOwn(\"))\n            contains(true);\n        else if (tq.matches(\":containsData(\"))\n            containsData();\n        else if (tq.matches(\":matches(\"))\n            matches(false);\n        else if (tq.matches(\":matchesOwn(\"))\n            matches(true);\n        else if (tq.matches(\":not(\"))\n            not();\n\t\telse if (tq.matchChomp(\":nth-child(\"))\n        \tcssNthChild(false, false);\n        else if (tq.matchChomp(\":nth-last-child(\"))\n        \tcssNthChild(true, false);\n        else if (tq.matchChomp(\":nth-of-type(\"))\n        \tcssNthChild(false, true);\n        else if (tq.matchChomp(\":nth-last-of-type(\"))\n        \tcssNthChild(true, true);\n        else if (tq.matchChomp(\":first-child\"))\n        \tevals.add(new Evaluator.IsFirstChild());\n        else if (tq.matchChomp(\":last-child\"))\n        \tevals.add(new Evaluator.IsLastChild());\n        else if (tq.matchChomp(\":first-of-type\"))\n        \tevals.add(new Evaluator.IsFirstOfType());\n        else if (tq.matchChomp(\":last-of-type\"))\n        \tevals.add(new Evaluator.IsLastOfType());\n        else if (tq.matchChomp(\":only-child\"))\n        \tevals.add(new Evaluator.IsOnlyChild());\n        else if (tq.matchChomp(\":only-of-type\"))\n        \tevals.add(new Evaluator.IsOnlyOfType());\n        else if (tq.matchChomp(\":empty\"))\n        \tevals.add(new Evaluator.IsEmpty());\n        else if (tq.matchChomp(\":root\"))\n        \tevals.add(new Evaluator.IsRoot());\n\t\telse // unhandled\n            throw new Selector.SelectorParseException(\"Could not parse query '%s': unexpected token at '%s'\", query, tq.remainder());\n\n    }\n\nstack trace:\norg.jsoup.select.SelectorTest::splitOnBr\norg.jsoup.select.Selector$SelectorParseException: Could not parse query 'p:matchText': unexpected token at ':matchText'\n\tat org.jsoup.select.QueryParser.findElements(QueryParser.java:204)\n\tat org.jsoup.select.QueryParser.parse(QueryParser.java:71)\n\tat org.jsoup.select.QueryParser.parse(QueryParser.java:42)\n\tat org.jsoup.select.Selector.select(Selector.java:91)\n\tat org.jsoup.nodes.Element.select(Element.java:363)\n\tat org.jsoup.select.SelectorTest.splitOnBr(SelectorTest.java:790)\n\tat sun.reflect.NativeMethodAccessorImpl.invoke0(Native Method)\n\tat sun.reflect.NativeMethodAccessorImpl.invoke(NativeMethodAccessorImpl.java:62)\n\tat sun.reflect.DelegatingMethodAccessorImpl.invoke(DelegatingMethodAccessorImpl.java:43)\n\tat java.lang.reflect.Method.invoke(Method.java:498)\n\tat org.junit.runners.model.FrameworkMethod$1.runReflectiveCall(FrameworkMethod.java:47)\n\tat org.junit.internal.runners.model.ReflectiveCallable.run(ReflectiveCallable.java:12)\n\tat org.junit.runners.model.FrameworkMethod.invokeExplosively(FrameworkMethod.java:44)\n\tat org.junit.internal.runners.statements.InvokeMethod.evaluate(InvokeMethod.java:17)\n\tat org.jsoup.MultiLocaleRule$1.evaluate(MultiLocaleRule.java:22)\n\tat org.junit.rules.RunRules.evaluate(RunRules.java:20)\n\tat org.junit.runners.ParentRunner.runLeaf(ParentRunner.java:271)\n\tat org.junit.runners.BlockJUnit4ClassRunner.runChild(BlockJUnit4ClassRunner.java:70)\n\tat org.junit.runners.BlockJUnit4ClassRunner.runChild(BlockJUnit4ClassRunner.java:50)\n\tat org.junit.runners.ParentRunner$3.run(ParentRunner.java:238)\n\tat org.junit.runners.ParentRunner$1.schedule(ParentRunner.java:63)\n\tat org.junit.runners.ParentRunner.runChildren(ParentRunner.java:236)\n\tat org.junit.runners.ParentRunner.access$000(ParentRunner.java:53)\n\tat org.junit.runners.ParentRunner$2.evaluate(ParentRunner.java:229)\n\tat org.junit.runners.ParentRunner.run(ParentRunner.java:309)\n\tat junit.framework.JUnit4TestAdapter.run(JUnit4TestAdapter.java:38)\n\tat org.apache.tools.ant.taskdefs.optional.junit.JUnitTestRunner.run(JUnitTestRunner.java:520)\n\tat org.apache.tools.ant.taskdefs.optional.junit.JUnitTask.executeInVM(JUnitTask.java:1484)\n\tat org.apache.tools.ant.taskdefs.optional.junit.JUnitTask.execute(JUnitTask.java:872)\n\tat org.apache.tools.ant.taskdefs.optional.junit.JUnitTask.executeOrQueue(JUnitTask.java:1972)\n\tat org.apache.tools.ant.taskdefs.optional.junit.JUnitTask.execute1(JUnitTask.java:824)\n\tat org.apache.tools.ant.taskdefs.optional.junit.JUnitTask.execute(JUnitTask.java:2277)\n\tat org.apache.tools.ant.UnknownElement.execute(UnknownElement.java:291)\n\tat sun.reflect.GeneratedMethodAccessor4.invoke(Unknown Source)\n\tat sun.reflect.DelegatingMethodAccessorImpl.invoke(DelegatingMethodAccessorImpl.java:43)\n\tat java.lang.reflect.Method.invoke(Method.java:498)\n\tat org.apache.tools.ant.dispatch.DispatchUtils.execute(DispatchUtils.java:106)\n\tat org.apache.tools.ant.Task.perform(Task.java:348)\n\tat org.apache.tools.ant.Target.execute(Target.java:392)\n\tat org.apache.tools.ant.Target.performTasks(Target.java:413)\n\tat org.apache.tools.ant.Project.executeSortedTargets(Project.java:1399)\n\tat org.apache.tools.ant.Project.executeTarget(Project.java:1368)\n\tat org.apache.tools.ant.helper.DefaultExecutor.executeTargets(DefaultExecutor.java:41)\n\tat org.apache.tools.ant.Project.executeTargets(Project.java:1251)\n\tat org.apache.tools.ant.Main.runBuild(Main.java:811)\n\tat org.apache.tools.ant.Main.startAnt(Main.java:217)\n\tat org.apache.tools.ant.launch.Launcher.run(Launcher.java:280)\n\tat org.apache.tools.ant.launch.Launcher.main(Launcher.java:109)\norg.jsoup.select.SelectorTest::textAsElements\norg.jsoup.select.Selector$SelectorParseException: Could not parse query 'p:matchText:first-child': unexpected token at ':matchText:first-child'\n\tat org.jsoup.select.QueryParser.findElements(QueryParser.java:204)\n\tat org.jsoup.select.QueryParser.parse(QueryParser.java:71)\n\tat org.jsoup.select.QueryParser.parse(QueryParser.java:42)\n\tat org.jsoup.select.Selector.select(Selector.java:91)\n\tat org.jsoup.nodes.Element.select(Element.java:363)\n\tat org.jsoup.select.SelectorTest.textAsElements(SelectorTest.java:775)\n\tat sun.reflect.NativeMethodAccessorImpl.invoke0(Native Method)\n\tat sun.reflect.NativeMethodAccessorImpl.invoke(NativeMethodAccessorImpl.java:62)\n\tat sun.reflect.DelegatingMethodAccessorImpl.invoke(DelegatingMethodAccessorImpl.java:43)\n\tat java.lang.reflect.Method.invoke(Method.java:498)\n\tat org.junit.runners.model.FrameworkMethod$1.runReflectiveCall(FrameworkMethod.java:47)\n\tat org.junit.internal.runners.model.ReflectiveCallable.run(ReflectiveCallable.java:12)\n\tat org.junit.runners.model.FrameworkMethod.invokeExplosively(FrameworkMethod.java:44)\n\tat org.junit.internal.runners.statements.InvokeMethod.evaluate(InvokeMethod.java:17)\n\tat org.jsoup.MultiLocaleRule$1.evaluate(MultiLocaleRule.java:22)\n\tat org.junit.rules.RunRules.evaluate(RunRules.java:20)\n\tat org.junit.runners.ParentRunner.runLeaf(ParentRunner.java:271)\n\tat org.junit.runners.BlockJUnit4ClassRunner.runChild(BlockJUnit4ClassRunner.java:70)\n\tat org.junit.runners.BlockJUnit4ClassRunner.runChild(BlockJUnit4ClassRunner.java:50)\n\tat org.junit.runners.ParentRunner$3.run(ParentRunner.java:238)\n\tat org.junit.runners.ParentRunner$1.schedule(ParentRunner.java:63)\n\tat org.junit.runners.ParentRunner.runChildren(ParentRunner.java:236)\n\tat org.junit.runners.ParentRunner.access$000(ParentRunner.java:53)\n\tat org.junit.runners.ParentRunner$2.evaluate(ParentRunner.java:229)\n\tat org.junit.runners.ParentRunner.run(ParentRunner.java:309)\n\tat junit.framework.JUnit4TestAdapter.run(JUnit4TestAdapter.java:38)\n\tat org.apache.tools.ant.taskdefs.optional.junit.JUnitTestRunner.run(JUnitTestRunner.java:520)\n\tat org.apache.tools.ant.taskdefs.optional.junit.JUnitTask.executeInVM(JUnitTask.java:1484)\n\tat org.apache.tools.ant.taskdefs.optional.junit.JUnitTask.execute(JUnitTask.java:872)\n\tat org.apache.tools.ant.taskdefs.optional.junit.JUnitTask.executeOrQueue(JUnitTask.java:1972)\n\tat org.apache.tools.ant.taskdefs.optional.junit.JUnitTask.execute1(JUnitTask.java:824)\n\tat org.apache.tools.ant.taskdefs.optional.junit.JUnitTask.execute(JUnitTask.java:2277)\n\tat org.apache.tools.ant.UnknownElement.execute(UnknownElement.java:291)\n\tat sun.reflect.GeneratedMethodAccessor4.invoke(Unknown Source)\n\tat sun.reflect.DelegatingMethodAccessorImpl.invoke(DelegatingMethodAccessorImpl.java:43)\n\tat java.lang.reflect.Method.invoke(Method.java:498)\n\tat org.apache.tools.ant.dispatch.DispatchUtils.execute(DispatchUtils.java:106)\n\tat org.apache.tools.ant.Task.perform(Task.java:348)\n\tat org.apache.tools.ant.Target.execute(Target.java:392)\n\tat org.apache.tools.ant.Target.performTasks(Target.java:413)\n\tat org.apache.tools.ant.Project.executeSortedTargets(Project.java:1399)\n\tat org.apache.tools.ant.Project.executeTarget(Project.java:1368)\n\tat org.apache.tools.ant.helper.DefaultExecutor.executeTargets(DefaultExecutor.java:41)\n\tat org.apache.tools.ant.Project.executeTargets(Project.java:1251)\n\tat org.apache.tools.ant.Main.runBuild(Main.java:811)\n\tat org.apache.tools.ant.Main.startAnt(Main.java:217)\n\tat org.apache.tools.ant.launch.Launcher.run(Launcher.java:280)\n\tat org.apache.tools.ant.launch.Launcher.main(Launcher.java:109)\n\n\nfailure assertion code:\nElements els = doc.select(\"p:matchText\");\n\n\nThere is a bug in the above code, please help me locate it by considering the stack trace information and failure assertion code.\n\nPlease output **only one integer**: the line number of the buggy code (The code starts from line 1). Do not provide any explanations or additional content.\n",
        "prompt_fl_4": "\nsource code:\nprivate void findElements() {\n        if (tq.matchChomp(\"#\"))\n            byId();\n        else if (tq.matchChomp(\".\"))\n            byClass();\n        else if (tq.matchesWord() || tq.matches(\"*|\"))\n            byTag();\n        else if (tq.matches(\"[\"))\n            byAttribute();\n        else if (tq.matchChomp(\"*\"))\n            allElements();\n        else if (tq.matchChomp(\":lt(\"))\n            indexLessThan();\n        else if (tq.matchChomp(\":gt(\"))\n            indexGreaterThan();\n        else if (tq.matchChomp(\":eq(\"))\n            indexEquals();\n        else if (tq.matches(\":has(\"))\n            has();\n        else if (tq.matches(\":contains(\"))\n            contains(false);\n        else if (tq.matches(\":containsOwn(\"))\n            contains(true);\n        else if (tq.matches(\":containsData(\"))\n            containsData();\n        else if (tq.matches(\":matches(\"))\n            matches(false);\n        else if (tq.matches(\":matchesOwn(\"))\n            matches(true);\n        else if (tq.matches(\":not(\"))\n            not();\n\t\telse if (tq.matchChomp(\":nth-child(\"))\n        \tcssNthChild(false, false);\n        else if (tq.matchChomp(\":nth-last-child(\"))\n        \tcssNthChild(true, false);\n        else if (tq.matchChomp(\":nth-of-type(\"))\n        \tcssNthChild(false, true);\n        else if (tq.matchChomp(\":nth-last-of-type(\"))\n        \tcssNthChild(true, true);\n        else if (tq.matchChomp(\":first-child\"))\n        \tevals.add(new Evaluator.IsFirstChild());\n        else if (tq.matchChomp(\":last-child\"))\n        \tevals.add(new Evaluator.IsLastChild());\n        else if (tq.matchChomp(\":first-of-type\"))\n        \tevals.add(new Evaluator.IsFirstOfType());\n        else if (tq.matchChomp(\":last-of-type\"))\n        \tevals.add(new Evaluator.IsLastOfType());\n        else if (tq.matchChomp(\":only-child\"))\n        \tevals.add(new Evaluator.IsOnlyChild());\n        else if (tq.matchChomp(\":only-of-type\"))\n        \tevals.add(new Evaluator.IsOnlyOfType());\n        else if (tq.matchChomp(\":empty\"))\n        \tevals.add(new Evaluator.IsEmpty());\n        else if (tq.matchChomp(\":root\"))\n        \tevals.add(new Evaluator.IsRoot());\n\t\telse // unhandled\n            throw new Selector.SelectorParseException(\"Could not parse query '%s': unexpected token at '%s'\", query, tq.remainder());\n\n    }\n\nThere is a bug in the above code, please help me locate it.\n\nOutput **only** the exact buggy statement, with no line numbers, explanations, or additional content. Your response should contain just the buggy code line. Do not include ```java or ``` markers in the response.\n",
        "prompt_fl_5": "\nsource code:\nprivate void findElements() {\n        if (tq.matchChomp(\"#\"))\n            byId();\n        else if (tq.matchChomp(\".\"))\n            byClass();\n        else if (tq.matchesWord() || tq.matches(\"*|\"))\n            byTag();\n        else if (tq.matches(\"[\"))\n            byAttribute();\n        else if (tq.matchChomp(\"*\"))\n            allElements();\n        else if (tq.matchChomp(\":lt(\"))\n            indexLessThan();\n        else if (tq.matchChomp(\":gt(\"))\n            indexGreaterThan();\n        else if (tq.matchChomp(\":eq(\"))\n            indexEquals();\n        else if (tq.matches(\":has(\"))\n            has();\n        else if (tq.matches(\":contains(\"))\n            contains(false);\n        else if (tq.matches(\":containsOwn(\"))\n            contains(true);\n        else if (tq.matches(\":containsData(\"))\n            containsData();\n        else if (tq.matches(\":matches(\"))\n            matches(false);\n        else if (tq.matches(\":matchesOwn(\"))\n            matches(true);\n        else if (tq.matches(\":not(\"))\n            not();\n\t\telse if (tq.matchChomp(\":nth-child(\"))\n        \tcssNthChild(false, false);\n        else if (tq.matchChomp(\":nth-last-child(\"))\n        \tcssNthChild(true, false);\n        else if (tq.matchChomp(\":nth-of-type(\"))\n        \tcssNthChild(false, true);\n        else if (tq.matchChomp(\":nth-last-of-type(\"))\n        \tcssNthChild(true, true);\n        else if (tq.matchChomp(\":first-child\"))\n        \tevals.add(new Evaluator.IsFirstChild());\n        else if (tq.matchChomp(\":last-child\"))\n        \tevals.add(new Evaluator.IsLastChild());\n        else if (tq.matchChomp(\":first-of-type\"))\n        \tevals.add(new Evaluator.IsFirstOfType());\n        else if (tq.matchChomp(\":last-of-type\"))\n        \tevals.add(new Evaluator.IsLastOfType());\n        else if (tq.matchChomp(\":only-child\"))\n        \tevals.add(new Evaluator.IsOnlyChild());\n        else if (tq.matchChomp(\":only-of-type\"))\n        \tevals.add(new Evaluator.IsOnlyOfType());\n        else if (tq.matchChomp(\":empty\"))\n        \tevals.add(new Evaluator.IsEmpty());\n        else if (tq.matchChomp(\":root\"))\n        \tevals.add(new Evaluator.IsRoot());\n\t\telse // unhandled\n            throw new Selector.SelectorParseException(\"Could not parse query '%s': unexpected token at '%s'\", query, tq.remainder());\n\n    }\n\nstack trace:\norg.jsoup.select.SelectorTest::splitOnBr\norg.jsoup.select.Selector$SelectorParseException: Could not parse query 'p:matchText': unexpected token at ':matchText'\n\tat org.jsoup.select.QueryParser.findElements(QueryParser.java:204)\n\tat org.jsoup.select.QueryParser.parse(QueryParser.java:71)\n\tat org.jsoup.select.QueryParser.parse(QueryParser.java:42)\n\tat org.jsoup.select.Selector.select(Selector.java:91)\n\tat org.jsoup.nodes.Element.select(Element.java:363)\n\tat org.jsoup.select.SelectorTest.splitOnBr(SelectorTest.java:790)\n\tat sun.reflect.NativeMethodAccessorImpl.invoke0(Native Method)\n\tat sun.reflect.NativeMethodAccessorImpl.invoke(NativeMethodAccessorImpl.java:62)\n\tat sun.reflect.DelegatingMethodAccessorImpl.invoke(DelegatingMethodAccessorImpl.java:43)\n\tat java.lang.reflect.Method.invoke(Method.java:498)\n\tat org.junit.runners.model.FrameworkMethod$1.runReflectiveCall(FrameworkMethod.java:47)\n\tat org.junit.internal.runners.model.ReflectiveCallable.run(ReflectiveCallable.java:12)\n\tat org.junit.runners.model.FrameworkMethod.invokeExplosively(FrameworkMethod.java:44)\n\tat org.junit.internal.runners.statements.InvokeMethod.evaluate(InvokeMethod.java:17)\n\tat org.jsoup.MultiLocaleRule$1.evaluate(MultiLocaleRule.java:22)\n\tat org.junit.rules.RunRules.evaluate(RunRules.java:20)\n\tat org.junit.runners.ParentRunner.runLeaf(ParentRunner.java:271)\n\tat org.junit.runners.BlockJUnit4ClassRunner.runChild(BlockJUnit4ClassRunner.java:70)\n\tat org.junit.runners.BlockJUnit4ClassRunner.runChild(BlockJUnit4ClassRunner.java:50)\n\tat org.junit.runners.ParentRunner$3.run(ParentRunner.java:238)\n\tat org.junit.runners.ParentRunner$1.schedule(ParentRunner.java:63)\n\tat org.junit.runners.ParentRunner.runChildren(ParentRunner.java:236)\n\tat org.junit.runners.ParentRunner.access$000(ParentRunner.java:53)\n\tat org.junit.runners.ParentRunner$2.evaluate(ParentRunner.java:229)\n\tat org.junit.runners.ParentRunner.run(ParentRunner.java:309)\n\tat junit.framework.JUnit4TestAdapter.run(JUnit4TestAdapter.java:38)\n\tat org.apache.tools.ant.taskdefs.optional.junit.JUnitTestRunner.run(JUnitTestRunner.java:520)\n\tat org.apache.tools.ant.taskdefs.optional.junit.JUnitTask.executeInVM(JUnitTask.java:1484)\n\tat org.apache.tools.ant.taskdefs.optional.junit.JUnitTask.execute(JUnitTask.java:872)\n\tat org.apache.tools.ant.taskdefs.optional.junit.JUnitTask.executeOrQueue(JUnitTask.java:1972)\n\tat org.apache.tools.ant.taskdefs.optional.junit.JUnitTask.execute1(JUnitTask.java:824)\n\tat org.apache.tools.ant.taskdefs.optional.junit.JUnitTask.execute(JUnitTask.java:2277)\n\tat org.apache.tools.ant.UnknownElement.execute(UnknownElement.java:291)\n\tat sun.reflect.GeneratedMethodAccessor4.invoke(Unknown Source)\n\tat sun.reflect.DelegatingMethodAccessorImpl.invoke(DelegatingMethodAccessorImpl.java:43)\n\tat java.lang.reflect.Method.invoke(Method.java:498)\n\tat org.apache.tools.ant.dispatch.DispatchUtils.execute(DispatchUtils.java:106)\n\tat org.apache.tools.ant.Task.perform(Task.java:348)\n\tat org.apache.tools.ant.Target.execute(Target.java:392)\n\tat org.apache.tools.ant.Target.performTasks(Target.java:413)\n\tat org.apache.tools.ant.Project.executeSortedTargets(Project.java:1399)\n\tat org.apache.tools.ant.Project.executeTarget(Project.java:1368)\n\tat org.apache.tools.ant.helper.DefaultExecutor.executeTargets(DefaultExecutor.java:41)\n\tat org.apache.tools.ant.Project.executeTargets(Project.java:1251)\n\tat org.apache.tools.ant.Main.runBuild(Main.java:811)\n\tat org.apache.tools.ant.Main.startAnt(Main.java:217)\n\tat org.apache.tools.ant.launch.Launcher.run(Launcher.java:280)\n\tat org.apache.tools.ant.launch.Launcher.main(Launcher.java:109)\norg.jsoup.select.SelectorTest::textAsElements\norg.jsoup.select.Selector$SelectorParseException: Could not parse query 'p:matchText:first-child': unexpected token at ':matchText:first-child'\n\tat org.jsoup.select.QueryParser.findElements(QueryParser.java:204)\n\tat org.jsoup.select.QueryParser.parse(QueryParser.java:71)\n\tat org.jsoup.select.QueryParser.parse(QueryParser.java:42)\n\tat org.jsoup.select.Selector.select(Selector.java:91)\n\tat org.jsoup.nodes.Element.select(Element.java:363)\n\tat org.jsoup.select.SelectorTest.textAsElements(SelectorTest.java:775)\n\tat sun.reflect.NativeMethodAccessorImpl.invoke0(Native Method)\n\tat sun.reflect.NativeMethodAccessorImpl.invoke(NativeMethodAccessorImpl.java:62)\n\tat sun.reflect.DelegatingMethodAccessorImpl.invoke(DelegatingMethodAccessorImpl.java:43)\n\tat java.lang.reflect.Method.invoke(Method.java:498)\n\tat org.junit.runners.model.FrameworkMethod$1.runReflectiveCall(FrameworkMethod.java:47)\n\tat org.junit.internal.runners.model.ReflectiveCallable.run(ReflectiveCallable.java:12)\n\tat org.junit.runners.model.FrameworkMethod.invokeExplosively(FrameworkMethod.java:44)\n\tat org.junit.internal.runners.statements.InvokeMethod.evaluate(InvokeMethod.java:17)\n\tat org.jsoup.MultiLocaleRule$1.evaluate(MultiLocaleRule.java:22)\n\tat org.junit.rules.RunRules.evaluate(RunRules.java:20)\n\tat org.junit.runners.ParentRunner.runLeaf(ParentRunner.java:271)\n\tat org.junit.runners.BlockJUnit4ClassRunner.runChild(BlockJUnit4ClassRunner.java:70)\n\tat org.junit.runners.BlockJUnit4ClassRunner.runChild(BlockJUnit4ClassRunner.java:50)\n\tat org.junit.runners.ParentRunner$3.run(ParentRunner.java:238)\n\tat org.junit.runners.ParentRunner$1.schedule(ParentRunner.java:63)\n\tat org.junit.runners.ParentRunner.runChildren(ParentRunner.java:236)\n\tat org.junit.runners.ParentRunner.access$000(ParentRunner.java:53)\n\tat org.junit.runners.ParentRunner$2.evaluate(ParentRunner.java:229)\n\tat org.junit.runners.ParentRunner.run(ParentRunner.java:309)\n\tat junit.framework.JUnit4TestAdapter.run(JUnit4TestAdapter.java:38)\n\tat org.apache.tools.ant.taskdefs.optional.junit.JUnitTestRunner.run(JUnitTestRunner.java:520)\n\tat org.apache.tools.ant.taskdefs.optional.junit.JUnitTask.executeInVM(JUnitTask.java:1484)\n\tat org.apache.tools.ant.taskdefs.optional.junit.JUnitTask.execute(JUnitTask.java:872)\n\tat org.apache.tools.ant.taskdefs.optional.junit.JUnitTask.executeOrQueue(JUnitTask.java:1972)\n\tat org.apache.tools.ant.taskdefs.optional.junit.JUnitTask.execute1(JUnitTask.java:824)\n\tat org.apache.tools.ant.taskdefs.optional.junit.JUnitTask.execute(JUnitTask.java:2277)\n\tat org.apache.tools.ant.UnknownElement.execute(UnknownElement.java:291)\n\tat sun.reflect.GeneratedMethodAccessor4.invoke(Unknown Source)\n\tat sun.reflect.DelegatingMethodAccessorImpl.invoke(DelegatingMethodAccessorImpl.java:43)\n\tat java.lang.reflect.Method.invoke(Method.java:498)\n\tat org.apache.tools.ant.dispatch.DispatchUtils.execute(DispatchUtils.java:106)\n\tat org.apache.tools.ant.Task.perform(Task.java:348)\n\tat org.apache.tools.ant.Target.execute(Target.java:392)\n\tat org.apache.tools.ant.Target.performTasks(Target.java:413)\n\tat org.apache.tools.ant.Project.executeSortedTargets(Project.java:1399)\n\tat org.apache.tools.ant.Project.executeTarget(Project.java:1368)\n\tat org.apache.tools.ant.helper.DefaultExecutor.executeTargets(DefaultExecutor.java:41)\n\tat org.apache.tools.ant.Project.executeTargets(Project.java:1251)\n\tat org.apache.tools.ant.Main.runBuild(Main.java:811)\n\tat org.apache.tools.ant.Main.startAnt(Main.java:217)\n\tat org.apache.tools.ant.launch.Launcher.run(Launcher.java:280)\n\tat org.apache.tools.ant.launch.Launcher.main(Launcher.java:109)\n\n\nThere is a bug in the above code, please help me locate it by considering the stack trace.\n\nOutput **only** the exact buggy statement, with no line numbers, explanations, or additional content. Your response should contain just the buggy code line. Do not include ```java or ``` markers in the response.\n",
        "prompt_fl_6": "\nsource code:\nprivate void findElements() {\n        if (tq.matchChomp(\"#\"))\n            byId();\n        else if (tq.matchChomp(\".\"))\n            byClass();\n        else if (tq.matchesWord() || tq.matches(\"*|\"))\n            byTag();\n        else if (tq.matches(\"[\"))\n            byAttribute();\n        else if (tq.matchChomp(\"*\"))\n            allElements();\n        else if (tq.matchChomp(\":lt(\"))\n            indexLessThan();\n        else if (tq.matchChomp(\":gt(\"))\n            indexGreaterThan();\n        else if (tq.matchChomp(\":eq(\"))\n            indexEquals();\n        else if (tq.matches(\":has(\"))\n            has();\n        else if (tq.matches(\":contains(\"))\n            contains(false);\n        else if (tq.matches(\":containsOwn(\"))\n            contains(true);\n        else if (tq.matches(\":containsData(\"))\n            containsData();\n        else if (tq.matches(\":matches(\"))\n            matches(false);\n        else if (tq.matches(\":matchesOwn(\"))\n            matches(true);\n        else if (tq.matches(\":not(\"))\n            not();\n\t\telse if (tq.matchChomp(\":nth-child(\"))\n        \tcssNthChild(false, false);\n        else if (tq.matchChomp(\":nth-last-child(\"))\n        \tcssNthChild(true, false);\n        else if (tq.matchChomp(\":nth-of-type(\"))\n        \tcssNthChild(false, true);\n        else if (tq.matchChomp(\":nth-last-of-type(\"))\n        \tcssNthChild(true, true);\n        else if (tq.matchChomp(\":first-child\"))\n        \tevals.add(new Evaluator.IsFirstChild());\n        else if (tq.matchChomp(\":last-child\"))\n        \tevals.add(new Evaluator.IsLastChild());\n        else if (tq.matchChomp(\":first-of-type\"))\n        \tevals.add(new Evaluator.IsFirstOfType());\n        else if (tq.matchChomp(\":last-of-type\"))\n        \tevals.add(new Evaluator.IsLastOfType());\n        else if (tq.matchChomp(\":only-child\"))\n        \tevals.add(new Evaluator.IsOnlyChild());\n        else if (tq.matchChomp(\":only-of-type\"))\n        \tevals.add(new Evaluator.IsOnlyOfType());\n        else if (tq.matchChomp(\":empty\"))\n        \tevals.add(new Evaluator.IsEmpty());\n        else if (tq.matchChomp(\":root\"))\n        \tevals.add(new Evaluator.IsRoot());\n\t\telse // unhandled\n            throw new Selector.SelectorParseException(\"Could not parse query '%s': unexpected token at '%s'\", query, tq.remainder());\n\n    }\n\nstack trace:\norg.jsoup.select.SelectorTest::splitOnBr\norg.jsoup.select.Selector$SelectorParseException: Could not parse query 'p:matchText': unexpected token at ':matchText'\n\tat org.jsoup.select.QueryParser.findElements(QueryParser.java:204)\n\tat org.jsoup.select.QueryParser.parse(QueryParser.java:71)\n\tat org.jsoup.select.QueryParser.parse(QueryParser.java:42)\n\tat org.jsoup.select.Selector.select(Selector.java:91)\n\tat org.jsoup.nodes.Element.select(Element.java:363)\n\tat org.jsoup.select.SelectorTest.splitOnBr(SelectorTest.java:790)\n\tat sun.reflect.NativeMethodAccessorImpl.invoke0(Native Method)\n\tat sun.reflect.NativeMethodAccessorImpl.invoke(NativeMethodAccessorImpl.java:62)\n\tat sun.reflect.DelegatingMethodAccessorImpl.invoke(DelegatingMethodAccessorImpl.java:43)\n\tat java.lang.reflect.Method.invoke(Method.java:498)\n\tat org.junit.runners.model.FrameworkMethod$1.runReflectiveCall(FrameworkMethod.java:47)\n\tat org.junit.internal.runners.model.ReflectiveCallable.run(ReflectiveCallable.java:12)\n\tat org.junit.runners.model.FrameworkMethod.invokeExplosively(FrameworkMethod.java:44)\n\tat org.junit.internal.runners.statements.InvokeMethod.evaluate(InvokeMethod.java:17)\n\tat org.jsoup.MultiLocaleRule$1.evaluate(MultiLocaleRule.java:22)\n\tat org.junit.rules.RunRules.evaluate(RunRules.java:20)\n\tat org.junit.runners.ParentRunner.runLeaf(ParentRunner.java:271)\n\tat org.junit.runners.BlockJUnit4ClassRunner.runChild(BlockJUnit4ClassRunner.java:70)\n\tat org.junit.runners.BlockJUnit4ClassRunner.runChild(BlockJUnit4ClassRunner.java:50)\n\tat org.junit.runners.ParentRunner$3.run(ParentRunner.java:238)\n\tat org.junit.runners.ParentRunner$1.schedule(ParentRunner.java:63)\n\tat org.junit.runners.ParentRunner.runChildren(ParentRunner.java:236)\n\tat org.junit.runners.ParentRunner.access$000(ParentRunner.java:53)\n\tat org.junit.runners.ParentRunner$2.evaluate(ParentRunner.java:229)\n\tat org.junit.runners.ParentRunner.run(ParentRunner.java:309)\n\tat junit.framework.JUnit4TestAdapter.run(JUnit4TestAdapter.java:38)\n\tat org.apache.tools.ant.taskdefs.optional.junit.JUnitTestRunner.run(JUnitTestRunner.java:520)\n\tat org.apache.tools.ant.taskdefs.optional.junit.JUnitTask.executeInVM(JUnitTask.java:1484)\n\tat org.apache.tools.ant.taskdefs.optional.junit.JUnitTask.execute(JUnitTask.java:872)\n\tat org.apache.tools.ant.taskdefs.optional.junit.JUnitTask.executeOrQueue(JUnitTask.java:1972)\n\tat org.apache.tools.ant.taskdefs.optional.junit.JUnitTask.execute1(JUnitTask.java:824)\n\tat org.apache.tools.ant.taskdefs.optional.junit.JUnitTask.execute(JUnitTask.java:2277)\n\tat org.apache.tools.ant.UnknownElement.execute(UnknownElement.java:291)\n\tat sun.reflect.GeneratedMethodAccessor4.invoke(Unknown Source)\n\tat sun.reflect.DelegatingMethodAccessorImpl.invoke(DelegatingMethodAccessorImpl.java:43)\n\tat java.lang.reflect.Method.invoke(Method.java:498)\n\tat org.apache.tools.ant.dispatch.DispatchUtils.execute(DispatchUtils.java:106)\n\tat org.apache.tools.ant.Task.perform(Task.java:348)\n\tat org.apache.tools.ant.Target.execute(Target.java:392)\n\tat org.apache.tools.ant.Target.performTasks(Target.java:413)\n\tat org.apache.tools.ant.Project.executeSortedTargets(Project.java:1399)\n\tat org.apache.tools.ant.Project.executeTarget(Project.java:1368)\n\tat org.apache.tools.ant.helper.DefaultExecutor.executeTargets(DefaultExecutor.java:41)\n\tat org.apache.tools.ant.Project.executeTargets(Project.java:1251)\n\tat org.apache.tools.ant.Main.runBuild(Main.java:811)\n\tat org.apache.tools.ant.Main.startAnt(Main.java:217)\n\tat org.apache.tools.ant.launch.Launcher.run(Launcher.java:280)\n\tat org.apache.tools.ant.launch.Launcher.main(Launcher.java:109)\norg.jsoup.select.SelectorTest::textAsElements\norg.jsoup.select.Selector$SelectorParseException: Could not parse query 'p:matchText:first-child': unexpected token at ':matchText:first-child'\n\tat org.jsoup.select.QueryParser.findElements(QueryParser.java:204)\n\tat org.jsoup.select.QueryParser.parse(QueryParser.java:71)\n\tat org.jsoup.select.QueryParser.parse(QueryParser.java:42)\n\tat org.jsoup.select.Selector.select(Selector.java:91)\n\tat org.jsoup.nodes.Element.select(Element.java:363)\n\tat org.jsoup.select.SelectorTest.textAsElements(SelectorTest.java:775)\n\tat sun.reflect.NativeMethodAccessorImpl.invoke0(Native Method)\n\tat sun.reflect.NativeMethodAccessorImpl.invoke(NativeMethodAccessorImpl.java:62)\n\tat sun.reflect.DelegatingMethodAccessorImpl.invoke(DelegatingMethodAccessorImpl.java:43)\n\tat java.lang.reflect.Method.invoke(Method.java:498)\n\tat org.junit.runners.model.FrameworkMethod$1.runReflectiveCall(FrameworkMethod.java:47)\n\tat org.junit.internal.runners.model.ReflectiveCallable.run(ReflectiveCallable.java:12)\n\tat org.junit.runners.model.FrameworkMethod.invokeExplosively(FrameworkMethod.java:44)\n\tat org.junit.internal.runners.statements.InvokeMethod.evaluate(InvokeMethod.java:17)\n\tat org.jsoup.MultiLocaleRule$1.evaluate(MultiLocaleRule.java:22)\n\tat org.junit.rules.RunRules.evaluate(RunRules.java:20)\n\tat org.junit.runners.ParentRunner.runLeaf(ParentRunner.java:271)\n\tat org.junit.runners.BlockJUnit4ClassRunner.runChild(BlockJUnit4ClassRunner.java:70)\n\tat org.junit.runners.BlockJUnit4ClassRunner.runChild(BlockJUnit4ClassRunner.java:50)\n\tat org.junit.runners.ParentRunner$3.run(ParentRunner.java:238)\n\tat org.junit.runners.ParentRunner$1.schedule(ParentRunner.java:63)\n\tat org.junit.runners.ParentRunner.runChildren(ParentRunner.java:236)\n\tat org.junit.runners.ParentRunner.access$000(ParentRunner.java:53)\n\tat org.junit.runners.ParentRunner$2.evaluate(ParentRunner.java:229)\n\tat org.junit.runners.ParentRunner.run(ParentRunner.java:309)\n\tat junit.framework.JUnit4TestAdapter.run(JUnit4TestAdapter.java:38)\n\tat org.apache.tools.ant.taskdefs.optional.junit.JUnitTestRunner.run(JUnitTestRunner.java:520)\n\tat org.apache.tools.ant.taskdefs.optional.junit.JUnitTask.executeInVM(JUnitTask.java:1484)\n\tat org.apache.tools.ant.taskdefs.optional.junit.JUnitTask.execute(JUnitTask.java:872)\n\tat org.apache.tools.ant.taskdefs.optional.junit.JUnitTask.executeOrQueue(JUnitTask.java:1972)\n\tat org.apache.tools.ant.taskdefs.optional.junit.JUnitTask.execute1(JUnitTask.java:824)\n\tat org.apache.tools.ant.taskdefs.optional.junit.JUnitTask.execute(JUnitTask.java:2277)\n\tat org.apache.tools.ant.UnknownElement.execute(UnknownElement.java:291)\n\tat sun.reflect.GeneratedMethodAccessor4.invoke(Unknown Source)\n\tat sun.reflect.DelegatingMethodAccessorImpl.invoke(DelegatingMethodAccessorImpl.java:43)\n\tat java.lang.reflect.Method.invoke(Method.java:498)\n\tat org.apache.tools.ant.dispatch.DispatchUtils.execute(DispatchUtils.java:106)\n\tat org.apache.tools.ant.Task.perform(Task.java:348)\n\tat org.apache.tools.ant.Target.execute(Target.java:392)\n\tat org.apache.tools.ant.Target.performTasks(Target.java:413)\n\tat org.apache.tools.ant.Project.executeSortedTargets(Project.java:1399)\n\tat org.apache.tools.ant.Project.executeTarget(Project.java:1368)\n\tat org.apache.tools.ant.helper.DefaultExecutor.executeTargets(DefaultExecutor.java:41)\n\tat org.apache.tools.ant.Project.executeTargets(Project.java:1251)\n\tat org.apache.tools.ant.Main.runBuild(Main.java:811)\n\tat org.apache.tools.ant.Main.startAnt(Main.java:217)\n\tat org.apache.tools.ant.launch.Launcher.run(Launcher.java:280)\n\tat org.apache.tools.ant.launch.Launcher.main(Launcher.java:109)\n\n\nfailure assertion code:\nElements els = doc.select(\"p:matchText\");\n\n\nThere is a bug in the above code, please help me locate it by considering the stack trace information and failure assertion code.\n\nOutput **only** the exact buggy statement, with no line numbers, explanations, or additional content. Your response should contain just the buggy code line. Do not include ```java or ``` markers in the response.\n",
        "prompt_apr_1": "\nprivate void findElements() {\n        if (tq.matchChomp(\"#\"))\n            byId();\n        else if (tq.matchChomp(\".\"))\n            byClass();\n        else if (tq.matchesWord() || tq.matches(\"*|\"))\n            byTag();\n        else if (tq.matches(\"[\"))\n            byAttribute();\n        else if (tq.matchChomp(\"*\"))\n            allElements();\n        else if (tq.matchChomp(\":lt(\"))\n            indexLessThan();\n        else if (tq.matchChomp(\":gt(\"))\n            indexGreaterThan();\n        else if (tq.matchChomp(\":eq(\"))\n            indexEquals();\n        else if (tq.matches(\":has(\"))\n            has();\n        else if (tq.matches(\":contains(\"))\n            contains(false);\n        else if (tq.matches(\":containsOwn(\"))\n            contains(true);\n        else if (tq.matches(\":containsData(\"))\n            containsData();\n        else if (tq.matches(\":matches(\"))\n            matches(false);\n        else if (tq.matches(\":matchesOwn(\"))\n            matches(true);\n        else if (tq.matches(\":not(\"))\n            not();\n\t\telse if (tq.matchChomp(\":nth-child(\"))\n        \tcssNthChild(false, false);\n        else if (tq.matchChomp(\":nth-last-child(\"))\n        \tcssNthChild(true, false);\n        else if (tq.matchChomp(\":nth-of-type(\"))\n        \tcssNthChild(false, true);\n        else if (tq.matchChomp(\":nth-last-of-type(\"))\n        \tcssNthChild(true, true);\n        else if (tq.matchChomp(\":first-child\"))\n        \tevals.add(new Evaluator.IsFirstChild());\n        else if (tq.matchChomp(\":last-child\"))\n        \tevals.add(new Evaluator.IsLastChild());\n        else if (tq.matchChomp(\":first-of-type\"))\n        \tevals.add(new Evaluator.IsFirstOfType());\n        else if (tq.matchChomp(\":last-of-type\"))\n        \tevals.add(new Evaluator.IsLastOfType());\n        else if (tq.matchChomp(\":only-child\"))\n        \tevals.add(new Evaluator.IsOnlyChild());\n        else if (tq.matchChomp(\":only-of-type\"))\n        \tevals.add(new Evaluator.IsOnlyOfType());\n        else if (tq.matchChomp(\":empty\"))\n        \tevals.add(new Evaluator.IsEmpty());\n        else if (tq.matchChomp(\":root\"))\n        \tevals.add(new Evaluator.IsRoot());\n\t\telse // unhandled\n            throw new Selector.SelectorParseException(\"Could not parse query '%s': unexpected token at '%s'\", query, tq.remainder());\n\n    }\n\nThere is a bug in line [57] of the code, please help me fix it.\n\nPlease return the **complete corrected method**. Do not skip or omit any part of the code. Do not include ```java or ``` markers in the response.\n",
        "prompt_apr_2": "\nprivate void findElements() {\n        if (tq.matchChomp(\"#\"))\n            byId();\n        else if (tq.matchChomp(\".\"))\n            byClass();\n        else if (tq.matchesWord() || tq.matches(\"*|\"))\n            byTag();\n        else if (tq.matches(\"[\"))\n            byAttribute();\n        else if (tq.matchChomp(\"*\"))\n            allElements();\n        else if (tq.matchChomp(\":lt(\"))\n            indexLessThan();\n        else if (tq.matchChomp(\":gt(\"))\n            indexGreaterThan();\n        else if (tq.matchChomp(\":eq(\"))\n            indexEquals();\n        else if (tq.matches(\":has(\"))\n            has();\n        else if (tq.matches(\":contains(\"))\n            contains(false);\n        else if (tq.matches(\":containsOwn(\"))\n            contains(true);\n        else if (tq.matches(\":containsData(\"))\n            containsData();\n        else if (tq.matches(\":matches(\"))\n            matches(false);\n        else if (tq.matches(\":matchesOwn(\"))\n            matches(true);\n        else if (tq.matches(\":not(\"))\n            not();\n\t\telse if (tq.matchChomp(\":nth-child(\"))\n        \tcssNthChild(false, false);\n        else if (tq.matchChomp(\":nth-last-child(\"))\n        \tcssNthChild(true, false);\n        else if (tq.matchChomp(\":nth-of-type(\"))\n        \tcssNthChild(false, true);\n        else if (tq.matchChomp(\":nth-last-of-type(\"))\n        \tcssNthChild(true, true);\n        else if (tq.matchChomp(\":first-child\"))\n        \tevals.add(new Evaluator.IsFirstChild());\n        else if (tq.matchChomp(\":last-child\"))\n        \tevals.add(new Evaluator.IsLastChild());\n        else if (tq.matchChomp(\":first-of-type\"))\n        \tevals.add(new Evaluator.IsFirstOfType());\n        else if (tq.matchChomp(\":last-of-type\"))\n        \tevals.add(new Evaluator.IsLastOfType());\n        else if (tq.matchChomp(\":only-child\"))\n        \tevals.add(new Evaluator.IsOnlyChild());\n        else if (tq.matchChomp(\":only-of-type\"))\n        \tevals.add(new Evaluator.IsOnlyOfType());\n        else if (tq.matchChomp(\":empty\"))\n        \tevals.add(new Evaluator.IsEmpty());\n        else if (tq.matchChomp(\":root\"))\n        \tevals.add(new Evaluator.IsRoot());\n\t\telse // unhandled\n            throw new Selector.SelectorParseException(\"Could not parse query '%s': unexpected token at '%s'\", query, tq.remainder());\n\n    }\n\nThere is a bug in ['            throw new Selector.SelectorParseException(\"Could not parse query \\'%s\\': unexpected token at \\'%s\\'\", query, tq.remainder());'] , please help me fix it. \n\nPlease return the **complete corrected method**. Do not skip or omit any part of the code. Do not include ```java or ``` markers in the response.\n",
        "prompt_apr_3": "\nprivate void findElements() {\n        if (tq.matchChomp(\"#\"))\n            byId();\n        else if (tq.matchChomp(\".\"))\n            byClass();\n        else if (tq.matchesWord() || tq.matches(\"*|\"))\n            byTag();\n        else if (tq.matches(\"[\"))\n            byAttribute();\n        else if (tq.matchChomp(\"*\"))\n            allElements();\n        else if (tq.matchChomp(\":lt(\"))\n            indexLessThan();\n        else if (tq.matchChomp(\":gt(\"))\n            indexGreaterThan();\n        else if (tq.matchChomp(\":eq(\"))\n            indexEquals();\n        else if (tq.matches(\":has(\"))\n            has();\n        else if (tq.matches(\":contains(\"))\n            contains(false);\n        else if (tq.matches(\":containsOwn(\"))\n            contains(true);\n        else if (tq.matches(\":containsData(\"))\n            containsData();\n        else if (tq.matches(\":matches(\"))\n            matches(false);\n        else if (tq.matches(\":matchesOwn(\"))\n            matches(true);\n        else if (tq.matches(\":not(\"))\n            not();\n\t\telse if (tq.matchChomp(\":nth-child(\"))\n        \tcssNthChild(false, false);\n        else if (tq.matchChomp(\":nth-last-child(\"))\n        \tcssNthChild(true, false);\n        else if (tq.matchChomp(\":nth-of-type(\"))\n        \tcssNthChild(false, true);\n        else if (tq.matchChomp(\":nth-last-of-type(\"))\n        \tcssNthChild(true, true);\n        else if (tq.matchChomp(\":first-child\"))\n        \tevals.add(new Evaluator.IsFirstChild());\n        else if (tq.matchChomp(\":last-child\"))\n        \tevals.add(new Evaluator.IsLastChild());\n        else if (tq.matchChomp(\":first-of-type\"))\n        \tevals.add(new Evaluator.IsFirstOfType());\n        else if (tq.matchChomp(\":last-of-type\"))\n        \tevals.add(new Evaluator.IsLastOfType());\n        else if (tq.matchChomp(\":only-child\"))\n        \tevals.add(new Evaluator.IsOnlyChild());\n        else if (tq.matchChomp(\":only-of-type\"))\n        \tevals.add(new Evaluator.IsOnlyOfType());\n        else if (tq.matchChomp(\":empty\"))\n        \tevals.add(new Evaluator.IsEmpty());\n        else if (tq.matchChomp(\":root\"))\n        \tevals.add(new Evaluator.IsRoot());\n\t\telse // unhandled\n            throw new Selector.SelectorParseException(\"Could not parse query '%s': unexpected token at '%s'\", query, tq.remainder());\n\nThere is a bug in the last statement, please help me fix it.\n\nReturn the code **only from the method declaration to the fixed statement**, without completing or adding additional code. Do not modify anything beyond fixing the bug, and do not complete the `if` statement or other unfinished parts. Do not include ```java or ``` markers in the response.\n",
        "prompt_apr_4": "\nprivate void findElements() {\n        if (tq.matchChomp(\"#\"))\n            byId();\n        else if (tq.matchChomp(\".\"))\n            byClass();\n        else if (tq.matchesWord() || tq.matches(\"*|\"))\n            byTag();\n        else if (tq.matches(\"[\"))\n            byAttribute();\n        else if (tq.matchChomp(\"*\"))\n            allElements();\n        else if (tq.matchChomp(\":lt(\"))\n            indexLessThan();\n        else if (tq.matchChomp(\":gt(\"))\n            indexGreaterThan();\n        else if (tq.matchChomp(\":eq(\"))\n            indexEquals();\n        else if (tq.matches(\":has(\"))\n            has();\n        else if (tq.matches(\":contains(\"))\n            contains(false);\n        else if (tq.matches(\":containsOwn(\"))\n            contains(true);\n        else if (tq.matches(\":containsData(\"))\n            containsData();\n        else if (tq.matches(\":matches(\"))\n            matches(false);\n        else if (tq.matches(\":matchesOwn(\"))\n            matches(true);\n        else if (tq.matches(\":not(\"))\n            not();\n\t\telse if (tq.matchChomp(\":nth-child(\"))\n        \tcssNthChild(false, false);\n        else if (tq.matchChomp(\":nth-last-child(\"))\n        \tcssNthChild(true, false);\n        else if (tq.matchChomp(\":nth-of-type(\"))\n        \tcssNthChild(false, true);\n        else if (tq.matchChomp(\":nth-last-of-type(\"))\n        \tcssNthChild(true, true);\n        else if (tq.matchChomp(\":first-child\"))\n        \tevals.add(new Evaluator.IsFirstChild());\n        else if (tq.matchChomp(\":last-child\"))\n        \tevals.add(new Evaluator.IsLastChild());\n        else if (tq.matchChomp(\":first-of-type\"))\n        \tevals.add(new Evaluator.IsFirstOfType());\n        else if (tq.matchChomp(\":last-of-type\"))\n        \tevals.add(new Evaluator.IsLastOfType());\n        else if (tq.matchChomp(\":only-child\"))\n        \tevals.add(new Evaluator.IsOnlyChild());\n        else if (tq.matchChomp(\":only-of-type\"))\n        \tevals.add(new Evaluator.IsOnlyOfType());\n        else if (tq.matchChomp(\":empty\"))\n        \tevals.add(new Evaluator.IsEmpty());\n        else if (tq.matchChomp(\":root\"))\n        \tevals.add(new Evaluator.IsRoot());\n\t\telse // unhandled\n            throw new Selector.SelectorParseException(\"Could not parse query '%s': unexpected token at '%s'\", query, tq.remainder());\n\n    }\n\nThere is a bug in line [57] of the code, please help me fix it.\n\nPlease return the results in a strict JSON format as described below. Please follow these instructions carefully:\n1. Your output must include each repaired line's number (`line_number`) and the corresponding fixed code statement (`fixed_statement`).\n2. The output format must be a valid JSON array, where each element represents one repaired line, with the following structure:\n   - `\"line_number\"`: The line number of the buggy code that was repaired (integer).\n   - `\"fixed_statement\"`: The repaired statement for that specific line (string).\n\n3. The result must strictly follow this format:\n[\n    {\n        \"line_number\": int,\n        \"fixed_statement\": \"string\"\n    },\n    {\n        \"line_number\": int,\n        \"fixed_statement\": \"string\"\n    }\n]\n4. The repaired statement in \"fixed_statement\" must replace the corresponding line in the buggy code.\n5. You must NOT include any additional explanation or description in your response. Only return the JSON array. Do not include ```json or ``` markers in the response.\n",
        "prompt_apr_5": "\nprivate void findElements() {\n        if (tq.matchChomp(\"#\"))\n            byId();\n        else if (tq.matchChomp(\".\"))\n            byClass();\n        else if (tq.matchesWord() || tq.matches(\"*|\"))\n            byTag();\n        else if (tq.matches(\"[\"))\n            byAttribute();\n        else if (tq.matchChomp(\"*\"))\n            allElements();\n        else if (tq.matchChomp(\":lt(\"))\n            indexLessThan();\n        else if (tq.matchChomp(\":gt(\"))\n            indexGreaterThan();\n        else if (tq.matchChomp(\":eq(\"))\n            indexEquals();\n        else if (tq.matches(\":has(\"))\n            has();\n        else if (tq.matches(\":contains(\"))\n            contains(false);\n        else if (tq.matches(\":containsOwn(\"))\n            contains(true);\n        else if (tq.matches(\":containsData(\"))\n            containsData();\n        else if (tq.matches(\":matches(\"))\n            matches(false);\n        else if (tq.matches(\":matchesOwn(\"))\n            matches(true);\n        else if (tq.matches(\":not(\"))\n            not();\n\t\telse if (tq.matchChomp(\":nth-child(\"))\n        \tcssNthChild(false, false);\n        else if (tq.matchChomp(\":nth-last-child(\"))\n        \tcssNthChild(true, false);\n        else if (tq.matchChomp(\":nth-of-type(\"))\n        \tcssNthChild(false, true);\n        else if (tq.matchChomp(\":nth-last-of-type(\"))\n        \tcssNthChild(true, true);\n        else if (tq.matchChomp(\":first-child\"))\n        \tevals.add(new Evaluator.IsFirstChild());\n        else if (tq.matchChomp(\":last-child\"))\n        \tevals.add(new Evaluator.IsLastChild());\n        else if (tq.matchChomp(\":first-of-type\"))\n        \tevals.add(new Evaluator.IsFirstOfType());\n        else if (tq.matchChomp(\":last-of-type\"))\n        \tevals.add(new Evaluator.IsLastOfType());\n        else if (tq.matchChomp(\":only-child\"))\n        \tevals.add(new Evaluator.IsOnlyChild());\n        else if (tq.matchChomp(\":only-of-type\"))\n        \tevals.add(new Evaluator.IsOnlyOfType());\n        else if (tq.matchChomp(\":empty\"))\n        \tevals.add(new Evaluator.IsEmpty());\n        else if (tq.matchChomp(\":root\"))\n        \tevals.add(new Evaluator.IsRoot());\n\t\telse // unhandled\n            throw new Selector.SelectorParseException(\"Could not parse query '%s': unexpected token at '%s'\", query, tq.remainder());\n\n    }\n\nThere is a bug in ['            throw new Selector.SelectorParseException(\"Could not parse query \\'%s\\': unexpected token at \\'%s\\'\", query, tq.remainder());'] , please help me fix it. \n\nPlease return the results in a strict JSON format as described below. Please follow these instructions carefully:\n1. Your output must include each repaired line's number (`line_number`) and the corresponding fixed code statement (`fixed_statement`).\n2. The output format must be a valid JSON array, where each element represents one repaired line, with the following structure:\n   - `\"line_number\"`: The line number of the buggy code that was repaired (integer).\n   - `\"fixed_statement\"`: The repaired statement for that specific line (string).\n\n3. The result must strictly follow this format:\n[\n    {\n        \"line_number\": int,\n        \"fixed_statement\": \"string\"\n    },\n    {\n        \"line_number\": int,\n        \"fixed_statement\": \"string\"\n    }\n]\n4. The repaired statement in \"fixed_statement\" must replace the corresponding line in the buggy code.\n5. You must NOT include any additional explanation or description in your response. Only return the JSON array. Do not include ```json or ``` markers in the response.\n",
        "prompt_apr_6": "\nprivate void findElements() {\n        if (tq.matchChomp(\"#\"))\n            byId();\n        else if (tq.matchChomp(\".\"))\n            byClass();\n        else if (tq.matchesWord() || tq.matches(\"*|\"))\n            byTag();\n        else if (tq.matches(\"[\"))\n            byAttribute();\n        else if (tq.matchChomp(\"*\"))\n            allElements();\n        else if (tq.matchChomp(\":lt(\"))\n            indexLessThan();\n        else if (tq.matchChomp(\":gt(\"))\n            indexGreaterThan();\n        else if (tq.matchChomp(\":eq(\"))\n            indexEquals();\n        else if (tq.matches(\":has(\"))\n            has();\n        else if (tq.matches(\":contains(\"))\n            contains(false);\n        else if (tq.matches(\":containsOwn(\"))\n            contains(true);\n        else if (tq.matches(\":containsData(\"))\n            containsData();\n        else if (tq.matches(\":matches(\"))\n            matches(false);\n        else if (tq.matches(\":matchesOwn(\"))\n            matches(true);\n        else if (tq.matches(\":not(\"))\n            not();\n\t\telse if (tq.matchChomp(\":nth-child(\"))\n        \tcssNthChild(false, false);\n        else if (tq.matchChomp(\":nth-last-child(\"))\n        \tcssNthChild(true, false);\n        else if (tq.matchChomp(\":nth-of-type(\"))\n        \tcssNthChild(false, true);\n        else if (tq.matchChomp(\":nth-last-of-type(\"))\n        \tcssNthChild(true, true);\n        else if (tq.matchChomp(\":first-child\"))\n        \tevals.add(new Evaluator.IsFirstChild());\n        else if (tq.matchChomp(\":last-child\"))\n        \tevals.add(new Evaluator.IsLastChild());\n        else if (tq.matchChomp(\":first-of-type\"))\n        \tevals.add(new Evaluator.IsFirstOfType());\n        else if (tq.matchChomp(\":last-of-type\"))\n        \tevals.add(new Evaluator.IsLastOfType());\n        else if (tq.matchChomp(\":only-child\"))\n        \tevals.add(new Evaluator.IsOnlyChild());\n        else if (tq.matchChomp(\":only-of-type\"))\n        \tevals.add(new Evaluator.IsOnlyOfType());\n        else if (tq.matchChomp(\":empty\"))\n        \tevals.add(new Evaluator.IsEmpty());\n        else if (tq.matchChomp(\":root\"))\n        \tevals.add(new Evaluator.IsRoot());\n\t\telse // unhandled\n            throw new Selector.SelectorParseException(\"Could not parse query '%s': unexpected token at '%s'\", query, tq.remainder());\n\nThere is a bug in the last statement, please help me fix it.\n\nPlease return the results in a strict JSON format as described below. Please follow these instructions carefully:\n1. Your output must include each repaired line's number (`line_number`) and the corresponding fixed code statement (`fixed_statement`).\n2. The output format must be a valid JSON array, where each element represents one repaired line, with the following structure:\n   - `\"line_number\"`: The line number of the buggy code that was repaired (integer).\n   - `\"fixed_statement\"`: The repaired statement for that specific line (string).\n\n3. The result must strictly follow this format:\n[\n    {\n        \"line_number\": int,\n        \"fixed_statement\": \"string\"\n    },\n    {\n        \"line_number\": int,\n        \"fixed_statement\": \"string\"\n    }\n]\n4. The repaired statement in \"fixed_statement\" must replace the corresponding line in the buggy code.\n5. You must NOT include any additional explanation or description in your response. Only return the JSON array. Do not include ```json or ``` markers in the response.\n"
    }
]