{
    "overall_status": {
        "prompt_apr_1": {
            "ernie-3.5-128k": "Compile failed",
            "qwen-turbo": "Compile failed",
            "doubao-pro-4k": "Fail some tests",
            "gpt-4o-mini": "Fail some tests",
            "deepseek-chat": "Fail some tests"
        },
        "prompt_apr_2": {
            "ernie-3.5-128k": "Compile failed",
            "qwen-turbo": "Compile failed",
            "doubao-pro-4k": "Fail some tests",
            "gpt-4o-mini": "Fail some tests",
            "deepseek-chat": "Fail some tests"
        },
        "prompt_apr_3": {
            "ernie-3.5-128k": "Compile failed",
            "qwen-turbo": "Compile failed",
            "doubao-pro-4k": "Fail some tests",
            "gpt-4o-mini": "Compile failed",
            "deepseek-chat": "Compile failed"
        },
        "prompt_apr_4": {
            "ernie-3.5-128k": "Fail some tests",
            "qwen-turbo": "Compile failed",
            "doubao-pro-4k": "Failed",
            "gpt-4o-mini": "Compile failed",
            "deepseek-chat": "Fail some tests"
        },
        "prompt_apr_5": {
            "ernie-3.5-128k": "Fail some tests",
            "qwen-turbo": "Compile failed",
            "doubao-pro-4k": "Failed",
            "gpt-4o-mini": "Compile failed",
            "deepseek-chat": "Compile failed"
        },
        "prompt_apr_6": {
            "ernie-3.5-128k": "Fail some tests",
            "qwen-turbo": "Compile failed",
            "doubao-pro-4k": "Failed",
            "gpt-4o-mini": "Compile failed",
            "deepseek-chat": "Fail some tests"
        }
    },
    "check_results_list": {
        "prompt_apr_1": {
            "ernie-3.5-128k": {
                "compile": {
                    "rc": 1,
                    "so": "",
                    "se": "Running ant (compile)...................................................... FAIL\nExecuted command:  cd /data/cmd/Ming/llm-fl-apr/tmp/Jsoup_16-prompt_apr_1-ernie-3.5-128k && /data/cmd/Ming/LLM_Based-Mutation/tools/mutant/defects4j-2.1.0/major/bin/ant -f /data/cmd/Ming/LLM_Based-Mutation/tools/mutant/defects4j-2.1.0/framework/projects/defects4j.build.xml -Dd4j.home=/data/cmd/Ming/LLM_Based-Mutation/tools/mutant/defects4j-2.1.0 -Dd4j.dir.projects=/data/cmd/Ming/LLM_Based-Mutation/tools/mutant/defects4j-2.1.0/framework/projects -Dbasedir=/data/cmd/Ming/llm-fl-apr/tmp/Jsoup_16-prompt_apr_1-ernie-3.5-128k -Dbuild.compiler=javac1.7  compile 2>&1\nJava HotSpot(TM) 64-Bit Server VM warning: ignoring option MaxPermSize=1G; support was removed in 8.0\nBuildfile: /data/cmd/Ming/LLM_Based-Mutation/tools/mutant/defects4j-2.1.0/framework/projects/defects4j.build.xml\n\ntest-offline:\n\nget-deps:\n\njsoup-from-maven.compile:\n    [mkdir] Created dir: /data/cmd/Ming/llm-fl-apr/tmp/Jsoup_16-prompt_apr_1-ernie-3.5-128k/target/classes\n    [javac] /data/cmd/Ming/llm-fl-apr/tmp/Jsoup_16-prompt_apr_1-ernie-3.5-128k/maven-build.xml:74: warning: 'includeantruntime' was not set, defaulting to build.sysclasspath=last; set to false for repeatable builds\n    [javac] Compiling 46 source files to /data/cmd/Ming/llm-fl-apr/tmp/Jsoup_16-prompt_apr_1-ernie-3.5-128k/target/classes\n    [javac] warning: [options] bootstrap class path not set in conjunction with -source 1.5\n    [javac] /data/cmd/Ming/llm-fl-apr/tmp/Jsoup_16-prompt_apr_1-ernie-3.5-128k/src/main/java/org/jsoup/nodes/DocumentType.java:31: error: <identifier> expected\n    [javac] Sure, here is the corrected method:\n    [javac]     ^\n    [javac] /data/cmd/Ming/llm-fl-apr/tmp/Jsoup_16-prompt_apr_1-ernie-3.5-128k/src/main/java/org/jsoup/nodes/DocumentType.java:31: error: ';' expected\n    [javac] Sure, here is the corrected method:\n    [javac]           ^\n    [javac] /data/cmd/Ming/llm-fl-apr/tmp/Jsoup_16-prompt_apr_1-ernie-3.5-128k/src/main/java/org/jsoup/nodes/DocumentType.java:31: error: ';' expected\n    [javac] Sure, here is the corrected method:\n    [javac]                  ^\n    [javac] /data/cmd/Ming/llm-fl-apr/tmp/Jsoup_16-prompt_apr_1-ernie-3.5-128k/src/main/java/org/jsoup/nodes/DocumentType.java:31: error: ';' expected\n    [javac] Sure, here is the corrected method:\n    [javac]                                   ^\n    [javac] /data/cmd/Ming/llm-fl-apr/tmp/Jsoup_16-prompt_apr_1-ernie-3.5-128k/src/main/java/org/jsoup/nodes/DocumentType.java:46: error: ';' expected\n    [javac] The issue was that the original code incorrectly appended the `systemId` without a space before the quotes if `publicId` was missing, leading to a malformed DOCTYPE declaration. The corrected code ensures that the `systemId` is correctly appended with a space and quotes, both when `publicId` is present and when it is not.\n    [javac]          ^\n    [javac] /data/cmd/Ming/llm-fl-apr/tmp/Jsoup_16-prompt_apr_1-ernie-3.5-128k/src/main/java/org/jsoup/nodes/DocumentType.java:46: error: ';' expected\n    [javac] The issue was that the original code incorrectly appended the `systemId` without a space before the quotes if `publicId` was missing, leading to a malformed DOCTYPE declaration. The corrected code ensures that the `systemId` is correctly appended with a space and quotes, both when `publicId` is present and when it is not.\n    [javac]                   ^\n    [javac] /data/cmd/Ming/llm-fl-apr/tmp/Jsoup_16-prompt_apr_1-ernie-3.5-128k/src/main/java/org/jsoup/nodes/DocumentType.java:46: error: ';' expected\n    [javac] The issue was that the original code incorrectly appended the `systemId` without a space before the quotes if `publicId` was missing, leading to a malformed DOCTYPE declaration. The corrected code ensures that the `systemId` is correctly appended with a space and quotes, both when `publicId` is present and when it is not.\n    [javac]                                ^\n    [javac] /data/cmd/Ming/llm-fl-apr/tmp/Jsoup_16-prompt_apr_1-ernie-3.5-128k/src/main/java/org/jsoup/nodes/DocumentType.java:46: error: ';' expected\n    [javac] The issue was that the original code incorrectly appended the `systemId` without a space before the quotes if `publicId` was missing, leading to a malformed DOCTYPE declaration. The corrected code ensures that the `systemId` is correctly appended with a space and quotes, both when `publicId` is present and when it is not.\n    [javac]                                                 ^\n    [javac] /data/cmd/Ming/llm-fl-apr/tmp/Jsoup_16-prompt_apr_1-ernie-3.5-128k/src/main/java/org/jsoup/nodes/DocumentType.java:46: error: illegal character: \\96\n    [javac] The issue was that the original code incorrectly appended the `systemId` without a space before the quotes if `publicId` was missing, leading to a malformed DOCTYPE declaration. The corrected code ensures that the `systemId` is correctly appended with a space and quotes, both when `publicId` is present and when it is not.\n    [javac]                                                               ^\n    [javac] /data/cmd/Ming/llm-fl-apr/tmp/Jsoup_16-prompt_apr_1-ernie-3.5-128k/src/main/java/org/jsoup/nodes/DocumentType.java:46: error: illegal character: \\96\n    [javac] The issue was that the original code incorrectly appended the `systemId` without a space before the quotes if `publicId` was missing, leading to a malformed DOCTYPE declaration. The corrected code ensures that the `systemId` is correctly appended with a space and quotes, both when `publicId` is present and when it is not.\n    [javac]                                                                        ^\n    [javac] /data/cmd/Ming/llm-fl-apr/tmp/Jsoup_16-prompt_apr_1-ernie-3.5-128k/src/main/java/org/jsoup/nodes/DocumentType.java:46: error: ';' expected\n    [javac] The issue was that the original code incorrectly appended the `systemId` without a space before the quotes if `publicId` was missing, leading to a malformed DOCTYPE declaration. The corrected code ensures that the `systemId` is correctly appended with a space and quotes, both when `publicId` is present and when it is not.\n    [javac]                                                                                   ^\n    [javac] /data/cmd/Ming/llm-fl-apr/tmp/Jsoup_16-prompt_apr_1-ernie-3.5-128k/src/main/java/org/jsoup/nodes/DocumentType.java:46: error: ';' expected\n    [javac] The issue was that the original code incorrectly appended the `systemId` without a space before the quotes if `publicId` was missing, leading to a malformed DOCTYPE declaration. The corrected code ensures that the `systemId` is correctly appended with a space and quotes, both when `publicId` is present and when it is not.\n    [javac]                                                                                                ^\n    [javac] /data/cmd/Ming/llm-fl-apr/tmp/Jsoup_16-prompt_apr_1-ernie-3.5-128k/src/main/java/org/jsoup/nodes/DocumentType.java:46: error: ';' expected\n    [javac] The issue was that the original code incorrectly appended the `systemId` without a space before the quotes if `publicId` was missing, leading to a malformed DOCTYPE declaration. The corrected code ensures that the `systemId` is correctly appended with a space and quotes, both when `publicId` is present and when it is not.\n    [javac]                                                                                                           ^\n    [javac] /data/cmd/Ming/llm-fl-apr/tmp/Jsoup_16-prompt_apr_1-ernie-3.5-128k/src/main/java/org/jsoup/nodes/DocumentType.java:46: error: illegal character: \\96\n    [javac] The issue was that the original code incorrectly appended the `systemId` without a space before the quotes if `publicId` was missing, leading to a malformed DOCTYPE declaration. The corrected code ensures that the `systemId` is correctly appended with a space and quotes, both when `publicId` is present and when it is not.\n    [javac]                                                                                                               ^\n    [javac] /data/cmd/Ming/llm-fl-apr/tmp/Jsoup_16-prompt_apr_1-ernie-3.5-128k/src/main/java/org/jsoup/nodes/DocumentType.java:46: error: illegal character: \\96\n    [javac] The issue was that the original code incorrectly appended the `systemId` without a space before the quotes if `publicId` was missing, leading to a malformed DOCTYPE declaration. The corrected code ensures that the `systemId` is correctly appended with a space and quotes, both when `publicId` is present and when it is not.\n    [javac]                                                                                                                        ^\n    [javac] /data/cmd/Ming/llm-fl-apr/tmp/Jsoup_16-prompt_apr_1-ernie-3.5-128k/src/main/java/org/jsoup/nodes/DocumentType.java:46: error: ';' expected\n    [javac] The issue was that the original code incorrectly appended the `systemId` without a space before the quotes if `publicId` was missing, leading to a malformed DOCTYPE declaration. The corrected code ensures that the `systemId` is correctly appended with a space and quotes, both when `publicId` is present and when it is not.\n    [javac]                                                                                                                                              ^\n    [javac] /data/cmd/Ming/llm-fl-apr/tmp/Jsoup_16-prompt_apr_1-ernie-3.5-128k/src/main/java/org/jsoup/nodes/DocumentType.java:46: error: ';' expected\n    [javac] The issue was that the original code incorrectly appended the `systemId` without a space before the quotes if `publicId` was missing, leading to a malformed DOCTYPE declaration. The corrected code ensures that the `systemId` is correctly appended with a space and quotes, both when `publicId` is present and when it is not.\n    [javac]                                                                                                                                                   ^\n    [javac] /data/cmd/Ming/llm-fl-apr/tmp/Jsoup_16-prompt_apr_1-ernie-3.5-128k/src/main/java/org/jsoup/nodes/DocumentType.java:46: error: ';' expected\n    [javac] The issue was that the original code incorrectly appended the `systemId` without a space before the quotes if `publicId` was missing, leading to a malformed DOCTYPE declaration. The corrected code ensures that the `systemId` is correctly appended with a space and quotes, both when `publicId` is present and when it is not.\n    [javac]                                                                                                                                                                     ^\n    [javac] /data/cmd/Ming/llm-fl-apr/tmp/Jsoup_16-prompt_apr_1-ernie-3.5-128k/src/main/java/org/jsoup/nodes/DocumentType.java:46: error: ';' expected\n    [javac] The issue was that the original code incorrectly appended the `systemId` without a space before the quotes if `publicId` was missing, leading to a malformed DOCTYPE declaration. The corrected code ensures that the `systemId` is correctly appended with a space and quotes, both when `publicId` is present and when it is not.\n    [javac]                                                                                                                                                                                                ^\n    [javac] /data/cmd/Ming/llm-fl-apr/tmp/Jsoup_16-prompt_apr_1-ernie-3.5-128k/src/main/java/org/jsoup/nodes/DocumentType.java:46: error: ';' expected\n    [javac] The issue was that the original code incorrectly appended the `systemId` without a space before the quotes if `publicId` was missing, leading to a malformed DOCTYPE declaration. The corrected code ensures that the `systemId` is correctly appended with a space and quotes, both when `publicId` is present and when it is not.\n    [javac]                                                                                                                                                                                                             ^\n    [javac] /data/cmd/Ming/llm-fl-apr/tmp/Jsoup_16-prompt_apr_1-ernie-3.5-128k/src/main/java/org/jsoup/nodes/DocumentType.java:46: error: illegal character: \\96\n    [javac] The issue was that the original code incorrectly appended the `systemId` without a space before the quotes if `publicId` was missing, leading to a malformed DOCTYPE declaration. The corrected code ensures that the `systemId` is correctly appended with a space and quotes, both when `publicId` is present and when it is not.\n    [javac]                                                                                                                                                                                                                       ^\n    [javac] /data/cmd/Ming/llm-fl-apr/tmp/Jsoup_16-prompt_apr_1-ernie-3.5-128k/src/main/java/org/jsoup/nodes/DocumentType.java:46: error: illegal character: \\96\n    [javac] The issue was that the original code incorrectly appended the `systemId` without a space before the quotes if `publicId` was missing, leading to a malformed DOCTYPE declaration. The corrected code ensures that the `systemId` is correctly appended with a space and quotes, both when `publicId` is present and when it is not.\n    [javac]                                                                                                                                                                                                                                ^\n    [javac] /data/cmd/Ming/llm-fl-apr/tmp/Jsoup_16-prompt_apr_1-ernie-3.5-128k/src/main/java/org/jsoup/nodes/DocumentType.java:46: error: ';' expected\n    [javac] The issue was that the original code incorrectly appended the `systemId` without a space before the quotes if `publicId` was missing, leading to a malformed DOCTYPE declaration. The corrected code ensures that the `systemId` is correctly appended with a space and quotes, both when `publicId` is present and when it is not.\n    [javac]                                                                                                                                                                                                                                              ^\n    [javac] /data/cmd/Ming/llm-fl-apr/tmp/Jsoup_16-prompt_apr_1-ernie-3.5-128k/src/main/java/org/jsoup/nodes/DocumentType.java:46: error: ';' expected\n    [javac] The issue was that the original code incorrectly appended the `systemId` without a space before the quotes if `publicId` was missing, leading to a malformed DOCTYPE declaration. The corrected code ensures that the `systemId` is correctly appended with a space and quotes, both when `publicId` is present and when it is not.\n    [javac]                                                                                                                                                                                                                                                            ^\n    [javac] /data/cmd/Ming/llm-fl-apr/tmp/Jsoup_16-prompt_apr_1-ernie-3.5-128k/src/main/java/org/jsoup/nodes/DocumentType.java:46: error: ';' expected\n    [javac] The issue was that the original code incorrectly appended the `systemId` without a space before the quotes if `publicId` was missing, leading to a malformed DOCTYPE declaration. The corrected code ensures that the `systemId` is correctly appended with a space and quotes, both when `publicId` is present and when it is not.\n    [javac]                                                                                                                                                                                                                                                                    ^\n    [javac] /data/cmd/Ming/llm-fl-apr/tmp/Jsoup_16-prompt_apr_1-ernie-3.5-128k/src/main/java/org/jsoup/nodes/DocumentType.java:46: error: ';' expected\n    [javac] The issue was that the original code incorrectly appended the `systemId` without a space before the quotes if `publicId` was missing, leading to a malformed DOCTYPE declaration. The corrected code ensures that the `systemId` is correctly appended with a space and quotes, both when `publicId` is present and when it is not.\n    [javac]                                                                                                                                                                                                                                                                                     ^\n    [javac] /data/cmd/Ming/llm-fl-apr/tmp/Jsoup_16-prompt_apr_1-ernie-3.5-128k/src/main/java/org/jsoup/nodes/DocumentType.java:46: error: illegal character: \\96\n    [javac] The issue was that the original code incorrectly appended the `systemId` without a space before the quotes if `publicId` was missing, leading to a malformed DOCTYPE declaration. The corrected code ensures that the `systemId` is correctly appended with a space and quotes, both when `publicId` is present and when it is not.\n    [javac]                                                                                                                                                                                                                                                                                           ^\n    [javac] /data/cmd/Ming/llm-fl-apr/tmp/Jsoup_16-prompt_apr_1-ernie-3.5-128k/src/main/java/org/jsoup/nodes/DocumentType.java:46: error: illegal character: \\96\n    [javac] The issue was that the original code incorrectly appended the `systemId` without a space before the quotes if `publicId` was missing, leading to a malformed DOCTYPE declaration. The corrected code ensures that the `systemId` is correctly appended with a space and quotes, both when `publicId` is present and when it is not.\n    [javac]                                                                                                                                                                                                                                                                                                    ^\n    [javac] /data/cmd/Ming/llm-fl-apr/tmp/Jsoup_16-prompt_apr_1-ernie-3.5-128k/src/main/java/org/jsoup/nodes/DocumentType.java:46: error: ';' expected\n    [javac] The issue was that the original code incorrectly appended the `systemId` without a space before the quotes if `publicId` was missing, leading to a malformed DOCTYPE declaration. The corrected code ensures that the `systemId` is correctly appended with a space and quotes, both when `publicId` is present and when it is not.\n    [javac]                                                                                                                                                                                                                                                                                                                ^\n    [javac] /data/cmd/Ming/llm-fl-apr/tmp/Jsoup_16-prompt_apr_1-ernie-3.5-128k/src/main/java/org/jsoup/nodes/DocumentType.java:46: error: ';' expected\n    [javac] The issue was that the original code incorrectly appended the `systemId` without a space before the quotes if `publicId` was missing, leading to a malformed DOCTYPE declaration. The corrected code ensures that the `systemId` is correctly appended with a space and quotes, both when `publicId` is present and when it is not.\n    [javac]                                                                                                                                                                                                                                                                                                                         ^\n    [javac] /data/cmd/Ming/llm-fl-apr/tmp/Jsoup_16-prompt_apr_1-ernie-3.5-128k/src/main/java/org/jsoup/nodes/DocumentType.java:46: error: ';' expected\n    [javac] The issue was that the original code incorrectly appended the `systemId` without a space before the quotes if `publicId` was missing, leading to a malformed DOCTYPE declaration. The corrected code ensures that the `systemId` is correctly appended with a space and quotes, both when `publicId` is present and when it is not.\n    [javac]                                                                                                                                                                                                                                                                                                                               ^\n    [javac] /data/cmd/Ming/llm-fl-apr/tmp/Jsoup_16-prompt_apr_1-ernie-3.5-128k/src/main/java/org/jsoup/nodes/DocumentType.java:46: error: <identifier> expected\n    [javac] The issue was that the original code incorrectly appended the `systemId` without a space before the quotes if `publicId` was missing, leading to a malformed DOCTYPE declaration. The corrected code ensures that the `systemId` is correctly appended with a space and quotes, both when `publicId` is present and when it is not.\n    [javac]                                                                                                                                                                                                                                                                                                                                    ^\n    [javac] /data/cmd/Ming/llm-fl-apr/tmp/Jsoup_16-prompt_apr_1-ernie-3.5-128k/src/main/java/org/jsoup/nodes/DocumentType.java:47: error: ';' expected\n    [javac]     @Override\n    [javac]      ^\n    [javac] 33 errors\n    [javac] 1 warning\n\nBUILD FAILED\n/data/cmd/Ming/llm-fl-apr/tmp/Jsoup_16-prompt_apr_1-ernie-3.5-128k/maven-build.xml:74: Compile failed; see the compiler error output for details.\n\nTotal time: 1 second\nCannot compile sources! at /data/cmd/Ming/LLM_Based-Mutation/tools/mutant/defects4j-2.1.0/framework/bin/d4j/d4j-compile line 82.\nCompilation failed in require at /data/cmd/Ming/LLM_Based-Mutation/tools/mutant/defects4j-2.1.0/framework/bin/defects4j line 195.\n"
                }
            },
            "qwen-turbo": {
                "compile": {
                    "rc": 1,
                    "so": "",
                    "se": "Running ant (compile)...................................................... FAIL\nExecuted command:  cd /data/cmd/Ming/llm-fl-apr/tmp/Jsoup_16-prompt_apr_1-qwen-turbo && /data/cmd/Ming/LLM_Based-Mutation/tools/mutant/defects4j-2.1.0/major/bin/ant -f /data/cmd/Ming/LLM_Based-Mutation/tools/mutant/defects4j-2.1.0/framework/projects/defects4j.build.xml -Dd4j.home=/data/cmd/Ming/LLM_Based-Mutation/tools/mutant/defects4j-2.1.0 -Dd4j.dir.projects=/data/cmd/Ming/LLM_Based-Mutation/tools/mutant/defects4j-2.1.0/framework/projects -Dbasedir=/data/cmd/Ming/llm-fl-apr/tmp/Jsoup_16-prompt_apr_1-qwen-turbo -Dbuild.compiler=javac1.7  compile 2>&1\nJava HotSpot(TM) 64-Bit Server VM warning: ignoring option MaxPermSize=1G; support was removed in 8.0\nBuildfile: /data/cmd/Ming/LLM_Based-Mutation/tools/mutant/defects4j-2.1.0/framework/projects/defects4j.build.xml\n\ntest-offline:\n\nget-deps:\n\njsoup-from-maven.compile:\n    [mkdir] Created dir: /data/cmd/Ming/llm-fl-apr/tmp/Jsoup_16-prompt_apr_1-qwen-turbo/target/classes\n    [javac] /data/cmd/Ming/llm-fl-apr/tmp/Jsoup_16-prompt_apr_1-qwen-turbo/maven-build.xml:74: warning: 'includeantruntime' was not set, defaulting to build.sysclasspath=last; set to false for repeatable builds\n    [javac] Compiling 46 source files to /data/cmd/Ming/llm-fl-apr/tmp/Jsoup_16-prompt_apr_1-qwen-turbo/target/classes\n    [javac] warning: [options] bootstrap class path not set in conjunction with -source 1.5\n    [javac] /data/cmd/Ming/llm-fl-apr/tmp/Jsoup_16-prompt_apr_1-qwen-turbo/src/main/java/org/jsoup/nodes/DocumentType.java:31: error: <identifier> expected\n    [javac] Sure, here is the corrected version of your method. The issue was with the appending of the `systemId` where an extra closing quote was added incorrectly. Here is the fixed code:\n    [javac]     ^\n    [javac] /data/cmd/Ming/llm-fl-apr/tmp/Jsoup_16-prompt_apr_1-qwen-turbo/src/main/java/org/jsoup/nodes/DocumentType.java:31: error: ';' expected\n    [javac] Sure, here is the corrected version of your method. The issue was with the appending of the `systemId` where an extra closing quote was added incorrectly. Here is the fixed code:\n    [javac]           ^\n    [javac] /data/cmd/Ming/llm-fl-apr/tmp/Jsoup_16-prompt_apr_1-qwen-turbo/src/main/java/org/jsoup/nodes/DocumentType.java:31: error: ';' expected\n    [javac] Sure, here is the corrected version of your method. The issue was with the appending of the `systemId` where an extra closing quote was added incorrectly. Here is the fixed code:\n    [javac]                  ^\n    [javac] /data/cmd/Ming/llm-fl-apr/tmp/Jsoup_16-prompt_apr_1-qwen-turbo/src/main/java/org/jsoup/nodes/DocumentType.java:31: error: ';' expected\n    [javac] Sure, here is the corrected version of your method. The issue was with the appending of the `systemId` where an extra closing quote was added incorrectly. Here is the fixed code:\n    [javac]                                    ^\n    [javac] /data/cmd/Ming/llm-fl-apr/tmp/Jsoup_16-prompt_apr_1-qwen-turbo/src/main/java/org/jsoup/nodes/DocumentType.java:31: error: ';' expected\n    [javac] Sure, here is the corrected version of your method. The issue was with the appending of the `systemId` where an extra closing quote was added incorrectly. Here is the fixed code:\n    [javac]                                            ^\n    [javac] /data/cmd/Ming/llm-fl-apr/tmp/Jsoup_16-prompt_apr_1-qwen-turbo/src/main/java/org/jsoup/nodes/DocumentType.java:31: error: ';' expected\n    [javac] Sure, here is the corrected version of your method. The issue was with the appending of the `systemId` where an extra closing quote was added incorrectly. Here is the fixed code:\n    [javac]                                                              ^\n    [javac] /data/cmd/Ming/llm-fl-apr/tmp/Jsoup_16-prompt_apr_1-qwen-turbo/src/main/java/org/jsoup/nodes/DocumentType.java:31: error: ';' expected\n    [javac] Sure, here is the corrected version of your method. The issue was with the appending of the `systemId` where an extra closing quote was added incorrectly. Here is the fixed code:\n    [javac]                                                                       ^\n    [javac] /data/cmd/Ming/llm-fl-apr/tmp/Jsoup_16-prompt_apr_1-qwen-turbo/src/main/java/org/jsoup/nodes/DocumentType.java:31: error: ';' expected\n    [javac] Sure, here is the corrected version of your method. The issue was with the appending of the `systemId` where an extra closing quote was added incorrectly. Here is the fixed code:\n    [javac]                                                                                     ^\n    [javac] /data/cmd/Ming/llm-fl-apr/tmp/Jsoup_16-prompt_apr_1-qwen-turbo/src/main/java/org/jsoup/nodes/DocumentType.java:31: error: illegal character: \\96\n    [javac] Sure, here is the corrected version of your method. The issue was with the appending of the `systemId` where an extra closing quote was added incorrectly. Here is the fixed code:\n    [javac]                                                                                             ^\n    [javac] /data/cmd/Ming/llm-fl-apr/tmp/Jsoup_16-prompt_apr_1-qwen-turbo/src/main/java/org/jsoup/nodes/DocumentType.java:31: error: illegal character: \\96\n    [javac] Sure, here is the corrected version of your method. The issue was with the appending of the `systemId` where an extra closing quote was added incorrectly. Here is the fixed code:\n    [javac]                                                                                                      ^\n    [javac] /data/cmd/Ming/llm-fl-apr/tmp/Jsoup_16-prompt_apr_1-qwen-turbo/src/main/java/org/jsoup/nodes/DocumentType.java:31: error: ';' expected\n    [javac] Sure, here is the corrected version of your method. The issue was with the appending of the `systemId` where an extra closing quote was added incorrectly. Here is the fixed code:\n    [javac]                                                                                                                ^\n    [javac] /data/cmd/Ming/llm-fl-apr/tmp/Jsoup_16-prompt_apr_1-qwen-turbo/src/main/java/org/jsoup/nodes/DocumentType.java:31: error: ';' expected\n    [javac] Sure, here is the corrected version of your method. The issue was with the appending of the `systemId` where an extra closing quote was added incorrectly. Here is the fixed code:\n    [javac]                                                                                                                              ^\n    [javac] /data/cmd/Ming/llm-fl-apr/tmp/Jsoup_16-prompt_apr_1-qwen-turbo/src/main/java/org/jsoup/nodes/DocumentType.java:31: error: ';' expected\n    [javac] Sure, here is the corrected version of your method. The issue was with the appending of the `systemId` where an extra closing quote was added incorrectly. Here is the fixed code:\n    [javac]                                                                                                                                        ^\n    [javac] /data/cmd/Ming/llm-fl-apr/tmp/Jsoup_16-prompt_apr_1-qwen-turbo/src/main/java/org/jsoup/nodes/DocumentType.java:31: error: ';' expected\n    [javac] Sure, here is the corrected version of your method. The issue was with the appending of the `systemId` where an extra closing quote was added incorrectly. Here is the fixed code:\n    [javac]                                                                                                                                                          ^\n    [javac] /data/cmd/Ming/llm-fl-apr/tmp/Jsoup_16-prompt_apr_1-qwen-turbo/src/main/java/org/jsoup/nodes/DocumentType.java:31: error: ';' expected\n    [javac] Sure, here is the corrected version of your method. The issue was with the appending of the `systemId` where an extra closing quote was added incorrectly. Here is the fixed code:\n    [javac]                                                                                                                                                                   ^\n    [javac] /data/cmd/Ming/llm-fl-apr/tmp/Jsoup_16-prompt_apr_1-qwen-turbo/src/main/java/org/jsoup/nodes/DocumentType.java:31: error: ';' expected\n    [javac] Sure, here is the corrected version of your method. The issue was with the appending of the `systemId` where an extra closing quote was added incorrectly. Here is the fixed code:\n    [javac]                                                                                                                                                                             ^\n    [javac] /data/cmd/Ming/llm-fl-apr/tmp/Jsoup_16-prompt_apr_1-qwen-turbo/src/main/java/org/jsoup/nodes/DocumentType.java:31: error: <identifier> expected\n    [javac] Sure, here is the corrected version of your method. The issue was with the appending of the `systemId` where an extra closing quote was added incorrectly. Here is the fixed code:\n    [javac]                                                                                                                                                                                  ^\n    [javac] /data/cmd/Ming/llm-fl-apr/tmp/Jsoup_16-prompt_apr_1-qwen-turbo/src/main/java/org/jsoup/nodes/DocumentType.java:33: error: illegal character: \\96\n    [javac] ```java\n    [javac] ^\n    [javac] /data/cmd/Ming/llm-fl-apr/tmp/Jsoup_16-prompt_apr_1-qwen-turbo/src/main/java/org/jsoup/nodes/DocumentType.java:33: error: illegal character: \\96\n    [javac] ```java\n    [javac]  ^\n    [javac] /data/cmd/Ming/llm-fl-apr/tmp/Jsoup_16-prompt_apr_1-qwen-turbo/src/main/java/org/jsoup/nodes/DocumentType.java:33: error: illegal character: \\96\n    [javac] ```java\n    [javac]   ^\n    [javac] /data/cmd/Ming/llm-fl-apr/tmp/Jsoup_16-prompt_apr_1-qwen-turbo/src/main/java/org/jsoup/nodes/DocumentType.java:45: error: illegal character: \\96\n    [javac] ```\n    [javac] ^\n    [javac] /data/cmd/Ming/llm-fl-apr/tmp/Jsoup_16-prompt_apr_1-qwen-turbo/src/main/java/org/jsoup/nodes/DocumentType.java:45: error: illegal character: \\96\n    [javac] ```\n    [javac]  ^\n    [javac] /data/cmd/Ming/llm-fl-apr/tmp/Jsoup_16-prompt_apr_1-qwen-turbo/src/main/java/org/jsoup/nodes/DocumentType.java:45: error: illegal character: \\96\n    [javac] ```\n    [javac]   ^\n    [javac] /data/cmd/Ming/llm-fl-apr/tmp/Jsoup_16-prompt_apr_1-qwen-turbo/src/main/java/org/jsoup/nodes/DocumentType.java:47: error: ';' expected\n    [javac] This ensures that the `systemId` is correctly appended without the extra closing quote and handles the formatting properly.\n    [javac]                  ^\n    [javac] /data/cmd/Ming/llm-fl-apr/tmp/Jsoup_16-prompt_apr_1-qwen-turbo/src/main/java/org/jsoup/nodes/DocumentType.java:47: error: illegal character: \\96\n    [javac] This ensures that the `systemId` is correctly appended without the extra closing quote and handles the formatting properly.\n    [javac]                       ^\n    [javac] /data/cmd/Ming/llm-fl-apr/tmp/Jsoup_16-prompt_apr_1-qwen-turbo/src/main/java/org/jsoup/nodes/DocumentType.java:47: error: illegal character: \\96\n    [javac] This ensures that the `systemId` is correctly appended without the extra closing quote and handles the formatting properly.\n    [javac]                                ^\n    [javac] /data/cmd/Ming/llm-fl-apr/tmp/Jsoup_16-prompt_apr_1-qwen-turbo/src/main/java/org/jsoup/nodes/DocumentType.java:47: error: ';' expected\n    [javac] This ensures that the `systemId` is correctly appended without the extra closing quote and handles the formatting properly.\n    [javac]                                              ^\n    [javac] /data/cmd/Ming/llm-fl-apr/tmp/Jsoup_16-prompt_apr_1-qwen-turbo/src/main/java/org/jsoup/nodes/DocumentType.java:47: error: ';' expected\n    [javac] This ensures that the `systemId` is correctly appended without the extra closing quote and handles the formatting properly.\n    [javac]                                                               ^\n    [javac] /data/cmd/Ming/llm-fl-apr/tmp/Jsoup_16-prompt_apr_1-qwen-turbo/src/main/java/org/jsoup/nodes/DocumentType.java:47: error: ';' expected\n    [javac] This ensures that the `systemId` is correctly appended without the extra closing quote and handles the formatting properly.\n    [javac]                                                                         ^\n    [javac] /data/cmd/Ming/llm-fl-apr/tmp/Jsoup_16-prompt_apr_1-qwen-turbo/src/main/java/org/jsoup/nodes/DocumentType.java:47: error: ';' expected\n    [javac] This ensures that the `systemId` is correctly appended without the extra closing quote and handles the formatting properly.\n    [javac]                                                                                       ^\n    [javac] /data/cmd/Ming/llm-fl-apr/tmp/Jsoup_16-prompt_apr_1-qwen-turbo/src/main/java/org/jsoup/nodes/DocumentType.java:47: error: ';' expected\n    [javac] This ensures that the `systemId` is correctly appended without the extra closing quote and handles the formatting properly.\n    [javac]                                                                                                   ^\n    [javac] /data/cmd/Ming/llm-fl-apr/tmp/Jsoup_16-prompt_apr_1-qwen-turbo/src/main/java/org/jsoup/nodes/DocumentType.java:47: error: ';' expected\n    [javac] This ensures that the `systemId` is correctly appended without the extra closing quote and handles the formatting properly.\n    [javac]                                                                                                                  ^\n    [javac] /data/cmd/Ming/llm-fl-apr/tmp/Jsoup_16-prompt_apr_1-qwen-turbo/src/main/java/org/jsoup/nodes/DocumentType.java:47: error: <identifier> expected\n    [javac] This ensures that the `systemId` is correctly appended without the extra closing quote and handles the formatting properly.\n    [javac]                                                                                                                            ^\n    [javac] /data/cmd/Ming/llm-fl-apr/tmp/Jsoup_16-prompt_apr_1-qwen-turbo/src/main/java/org/jsoup/nodes/DocumentType.java:48: error: ';' expected\n    [javac]     @Override\n    [javac]      ^\n    [javac] 34 errors\n    [javac] 1 warning\n\nBUILD FAILED\n/data/cmd/Ming/llm-fl-apr/tmp/Jsoup_16-prompt_apr_1-qwen-turbo/maven-build.xml:74: Compile failed; see the compiler error output for details.\n\nTotal time: 1 second\nCannot compile sources! at /data/cmd/Ming/LLM_Based-Mutation/tools/mutant/defects4j-2.1.0/framework/bin/d4j/d4j-compile line 82.\nCompilation failed in require at /data/cmd/Ming/LLM_Based-Mutation/tools/mutant/defects4j-2.1.0/framework/bin/defects4j line 195.\n"
                }
            },
            "doubao-pro-4k": {
                "compile": {
                    "rc": 0,
                    "so": "",
                    "se": "Running ant (compile)...................................................... OK\nRunning ant (compile.tests)................................................ OK\n"
                },
                "test": {
                    "rc": 0,
                    "so": "Failing tests: 2\n  - org.jsoup.nodes.DocumentTypeTest::outerHtmlGeneration\n  - org.jsoup.nodes.DocumentTypeTest::constructorValidationThrowsExceptionOnBlankName\n",
                    "se": "Running ant (compile.tests)................................................ OK\nRunning ant (run.dev.tests)................................................ OK\n"
                }
            },
            "gpt-4o-mini": {
                "compile": {
                    "rc": 0,
                    "so": "",
                    "se": "Running ant (compile)...................................................... OK\nRunning ant (compile.tests)................................................ OK\n"
                },
                "test": {
                    "rc": 0,
                    "so": "Failing tests: 2\n  - org.jsoup.nodes.DocumentTypeTest::outerHtmlGeneration\n  - org.jsoup.nodes.DocumentTypeTest::constructorValidationThrowsExceptionOnBlankName\n",
                    "se": "Running ant (compile.tests)................................................ OK\nRunning ant (run.dev.tests)................................................ OK\n"
                }
            },
            "deepseek-chat": {
                "compile": {
                    "rc": 0,
                    "so": "",
                    "se": "Running ant (compile)...................................................... OK\nRunning ant (compile.tests)................................................ OK\n"
                },
                "test": {
                    "rc": 0,
                    "so": "Failing tests: 2\n  - org.jsoup.nodes.DocumentTypeTest::outerHtmlGeneration\n  - org.jsoup.nodes.DocumentTypeTest::constructorValidationThrowsExceptionOnBlankName\n",
                    "se": "Running ant (compile.tests)................................................ OK\nRunning ant (run.dev.tests)................................................ OK\n"
                }
            }
        },
        "prompt_apr_2": {
            "ernie-3.5-128k": {
                "compile": {
                    "rc": 1,
                    "so": "",
                    "se": "Running ant (compile)...................................................... FAIL\nExecuted command:  cd /data/cmd/Ming/llm-fl-apr/tmp/Jsoup_16-prompt_apr_2-ernie-3.5-128k && /data/cmd/Ming/LLM_Based-Mutation/tools/mutant/defects4j-2.1.0/major/bin/ant -f /data/cmd/Ming/LLM_Based-Mutation/tools/mutant/defects4j-2.1.0/framework/projects/defects4j.build.xml -Dd4j.home=/data/cmd/Ming/LLM_Based-Mutation/tools/mutant/defects4j-2.1.0 -Dd4j.dir.projects=/data/cmd/Ming/LLM_Based-Mutation/tools/mutant/defects4j-2.1.0/framework/projects -Dbasedir=/data/cmd/Ming/llm-fl-apr/tmp/Jsoup_16-prompt_apr_2-ernie-3.5-128k -Dbuild.compiler=javac1.7  compile 2>&1\nJava HotSpot(TM) 64-Bit Server VM warning: ignoring option MaxPermSize=1G; support was removed in 8.0\nBuildfile: /data/cmd/Ming/LLM_Based-Mutation/tools/mutant/defects4j-2.1.0/framework/projects/defects4j.build.xml\n\ntest-offline:\n\nget-deps:\n\njsoup-from-maven.compile:\n    [mkdir] Created dir: /data/cmd/Ming/llm-fl-apr/tmp/Jsoup_16-prompt_apr_2-ernie-3.5-128k/target/classes\n    [javac] /data/cmd/Ming/llm-fl-apr/tmp/Jsoup_16-prompt_apr_2-ernie-3.5-128k/maven-build.xml:74: warning: 'includeantruntime' was not set, defaulting to build.sysclasspath=last; set to false for repeatable builds\n    [javac] Compiling 46 source files to /data/cmd/Ming/llm-fl-apr/tmp/Jsoup_16-prompt_apr_2-ernie-3.5-128k/target/classes\n    [javac] warning: [options] bootstrap class path not set in conjunction with -source 1.5\n    [javac] /data/cmd/Ming/llm-fl-apr/tmp/Jsoup_16-prompt_apr_2-ernie-3.5-128k/src/main/java/org/jsoup/nodes/DocumentType.java:31: error: <identifier> expected\n    [javac] Sure, here is the complete corrected method:\n    [javac]     ^\n    [javac] /data/cmd/Ming/llm-fl-apr/tmp/Jsoup_16-prompt_apr_2-ernie-3.5-128k/src/main/java/org/jsoup/nodes/DocumentType.java:31: error: ';' expected\n    [javac] Sure, here is the complete corrected method:\n    [javac]           ^\n    [javac] /data/cmd/Ming/llm-fl-apr/tmp/Jsoup_16-prompt_apr_2-ernie-3.5-128k/src/main/java/org/jsoup/nodes/DocumentType.java:31: error: ';' expected\n    [javac] Sure, here is the complete corrected method:\n    [javac]                  ^\n    [javac] /data/cmd/Ming/llm-fl-apr/tmp/Jsoup_16-prompt_apr_2-ernie-3.5-128k/src/main/java/org/jsoup/nodes/DocumentType.java:31: error: ';' expected\n    [javac] Sure, here is the complete corrected method:\n    [javac]                                     ^\n    [javac] /data/cmd/Ming/llm-fl-apr/tmp/Jsoup_16-prompt_apr_2-ernie-3.5-128k/src/main/java/org/jsoup/nodes/DocumentType.java:31: error: <identifier> expected\n    [javac] Sure, here is the complete corrected method:\n    [javac]                                            ^\n    [javac] 5 errors\n    [javac] 1 warning\n\nBUILD FAILED\n/data/cmd/Ming/llm-fl-apr/tmp/Jsoup_16-prompt_apr_2-ernie-3.5-128k/maven-build.xml:74: Compile failed; see the compiler error output for details.\n\nTotal time: 1 second\nCannot compile sources! at /data/cmd/Ming/LLM_Based-Mutation/tools/mutant/defects4j-2.1.0/framework/bin/d4j/d4j-compile line 82.\nCompilation failed in require at /data/cmd/Ming/LLM_Based-Mutation/tools/mutant/defects4j-2.1.0/framework/bin/defects4j line 195.\n"
                }
            },
            "qwen-turbo": {
                "compile": {
                    "rc": 1,
                    "so": "",
                    "se": "Running ant (compile)...................................................... FAIL\nExecuted command:  cd /data/cmd/Ming/llm-fl-apr/tmp/Jsoup_16-prompt_apr_2-qwen-turbo && /data/cmd/Ming/LLM_Based-Mutation/tools/mutant/defects4j-2.1.0/major/bin/ant -f /data/cmd/Ming/LLM_Based-Mutation/tools/mutant/defects4j-2.1.0/framework/projects/defects4j.build.xml -Dd4j.home=/data/cmd/Ming/LLM_Based-Mutation/tools/mutant/defects4j-2.1.0 -Dd4j.dir.projects=/data/cmd/Ming/LLM_Based-Mutation/tools/mutant/defects4j-2.1.0/framework/projects -Dbasedir=/data/cmd/Ming/llm-fl-apr/tmp/Jsoup_16-prompt_apr_2-qwen-turbo -Dbuild.compiler=javac1.7  compile 2>&1\nJava HotSpot(TM) 64-Bit Server VM warning: ignoring option MaxPermSize=1G; support was removed in 8.0\nBuildfile: /data/cmd/Ming/LLM_Based-Mutation/tools/mutant/defects4j-2.1.0/framework/projects/defects4j.build.xml\n\ntest-offline:\n\nget-deps:\n\njsoup-from-maven.compile:\n    [mkdir] Created dir: /data/cmd/Ming/llm-fl-apr/tmp/Jsoup_16-prompt_apr_2-qwen-turbo/target/classes\n    [javac] /data/cmd/Ming/llm-fl-apr/tmp/Jsoup_16-prompt_apr_2-qwen-turbo/maven-build.xml:74: warning: 'includeantruntime' was not set, defaulting to build.sysclasspath=last; set to false for repeatable builds\n    [javac] Compiling 46 source files to /data/cmd/Ming/llm-fl-apr/tmp/Jsoup_16-prompt_apr_2-qwen-turbo/target/classes\n    [javac] warning: [options] bootstrap class path not set in conjunction with -source 1.5\n    [javac] /data/cmd/Ming/llm-fl-apr/tmp/Jsoup_16-prompt_apr_2-qwen-turbo/src/main/java/org/jsoup/nodes/DocumentType.java:31: error: illegal character: \\96\n    [javac] ```java\n    [javac] ^\n    [javac] /data/cmd/Ming/llm-fl-apr/tmp/Jsoup_16-prompt_apr_2-qwen-turbo/src/main/java/org/jsoup/nodes/DocumentType.java:31: error: illegal character: \\96\n    [javac] ```java\n    [javac]  ^\n    [javac] /data/cmd/Ming/llm-fl-apr/tmp/Jsoup_16-prompt_apr_2-qwen-turbo/src/main/java/org/jsoup/nodes/DocumentType.java:31: error: illegal character: \\96\n    [javac] ```java\n    [javac]   ^\n    [javac] /data/cmd/Ming/llm-fl-apr/tmp/Jsoup_16-prompt_apr_2-qwen-turbo/src/main/java/org/jsoup/nodes/DocumentType.java:43: error: illegal character: \\96\n    [javac] ```\n    [javac] ^\n    [javac] /data/cmd/Ming/llm-fl-apr/tmp/Jsoup_16-prompt_apr_2-qwen-turbo/src/main/java/org/jsoup/nodes/DocumentType.java:43: error: illegal character: \\96\n    [javac] ```\n    [javac]  ^\n    [javac] /data/cmd/Ming/llm-fl-apr/tmp/Jsoup_16-prompt_apr_2-qwen-turbo/src/main/java/org/jsoup/nodes/DocumentType.java:43: error: illegal character: \\96\n    [javac] ```\n    [javac]   ^\n    [javac] /data/cmd/Ming/llm-fl-apr/tmp/Jsoup_16-prompt_apr_2-qwen-turbo/src/main/java/org/jsoup/nodes/DocumentType.java:44: error: <identifier> expected\n    [javac]     @Override\n    [javac]              ^\n    [javac] /data/cmd/Ming/llm-fl-apr/tmp/Jsoup_16-prompt_apr_2-qwen-turbo/src/main/java/org/jsoup/nodes/DocumentType.java:45: error: invalid method declaration; return type required\n    [javac]     void outerHtmlTail(StringBuilder accum, int depth, Document.OutputSettings out) {\n    [javac]          ^\n    [javac] 8 errors\n    [javac] 1 warning\n\nBUILD FAILED\n/data/cmd/Ming/llm-fl-apr/tmp/Jsoup_16-prompt_apr_2-qwen-turbo/maven-build.xml:74: Compile failed; see the compiler error output for details.\n\nTotal time: 1 second\nCannot compile sources! at /data/cmd/Ming/LLM_Based-Mutation/tools/mutant/defects4j-2.1.0/framework/bin/d4j/d4j-compile line 82.\nCompilation failed in require at /data/cmd/Ming/LLM_Based-Mutation/tools/mutant/defects4j-2.1.0/framework/bin/defects4j line 195.\n"
                }
            },
            "doubao-pro-4k": {
                "compile": {
                    "rc": 0,
                    "so": "",
                    "se": "Running ant (compile)...................................................... OK\nRunning ant (compile.tests)................................................ OK\n"
                },
                "test": {
                    "rc": 0,
                    "so": "Failing tests: 2\n  - org.jsoup.nodes.DocumentTypeTest::outerHtmlGeneration\n  - org.jsoup.nodes.DocumentTypeTest::constructorValidationThrowsExceptionOnBlankName\n",
                    "se": "Running ant (compile.tests)................................................ OK\nRunning ant (run.dev.tests)................................................ OK\n"
                }
            },
            "gpt-4o-mini": {
                "compile": {
                    "rc": 0,
                    "so": "",
                    "se": "Running ant (compile)...................................................... OK\nRunning ant (compile.tests)................................................ OK\n"
                },
                "test": {
                    "rc": 0,
                    "so": "Failing tests: 2\n  - org.jsoup.nodes.DocumentTypeTest::outerHtmlGeneration\n  - org.jsoup.nodes.DocumentTypeTest::constructorValidationThrowsExceptionOnBlankName\n",
                    "se": "Running ant (compile.tests)................................................ OK\nRunning ant (run.dev.tests)................................................ OK\n"
                }
            },
            "deepseek-chat": {
                "compile": {
                    "rc": 0,
                    "so": "",
                    "se": "Running ant (compile)...................................................... OK\nRunning ant (compile.tests)................................................ OK\n"
                },
                "test": {
                    "rc": 0,
                    "so": "Failing tests: 2\n  - org.jsoup.nodes.DocumentTypeTest::outerHtmlGeneration\n  - org.jsoup.nodes.DocumentTypeTest::constructorValidationThrowsExceptionOnBlankName\n",
                    "se": "Running ant (compile.tests)................................................ OK\nRunning ant (run.dev.tests)................................................ OK\n"
                }
            }
        },
        "prompt_apr_3": {
            "ernie-3.5-128k": {
                "compile": {
                    "rc": 1,
                    "so": "",
                    "se": "Running ant (compile)...................................................... FAIL\nExecuted command:  cd /data/cmd/Ming/llm-fl-apr/tmp/Jsoup_16-prompt_apr_3-ernie-3.5-128k && /data/cmd/Ming/LLM_Based-Mutation/tools/mutant/defects4j-2.1.0/major/bin/ant -f /data/cmd/Ming/LLM_Based-Mutation/tools/mutant/defects4j-2.1.0/framework/projects/defects4j.build.xml -Dd4j.home=/data/cmd/Ming/LLM_Based-Mutation/tools/mutant/defects4j-2.1.0 -Dd4j.dir.projects=/data/cmd/Ming/LLM_Based-Mutation/tools/mutant/defects4j-2.1.0/framework/projects -Dbasedir=/data/cmd/Ming/llm-fl-apr/tmp/Jsoup_16-prompt_apr_3-ernie-3.5-128k -Dbuild.compiler=javac1.7  compile 2>&1\nJava HotSpot(TM) 64-Bit Server VM warning: ignoring option MaxPermSize=1G; support was removed in 8.0\nBuildfile: /data/cmd/Ming/LLM_Based-Mutation/tools/mutant/defects4j-2.1.0/framework/projects/defects4j.build.xml\n\ntest-offline:\n\nget-deps:\n\njsoup-from-maven.compile:\n    [mkdir] Created dir: /data/cmd/Ming/llm-fl-apr/tmp/Jsoup_16-prompt_apr_3-ernie-3.5-128k/target/classes\n    [javac] /data/cmd/Ming/llm-fl-apr/tmp/Jsoup_16-prompt_apr_3-ernie-3.5-128k/maven-build.xml:74: warning: 'includeantruntime' was not set, defaulting to build.sysclasspath=last; set to false for repeatable builds\n    [javac] Compiling 46 source files to /data/cmd/Ming/llm-fl-apr/tmp/Jsoup_16-prompt_apr_3-ernie-3.5-128k/target/classes\n    [javac] warning: [options] bootstrap class path not set in conjunction with -source 1.5\n    [javac] /data/cmd/Ming/llm-fl-apr/tmp/Jsoup_16-prompt_apr_3-ernie-3.5-128k/src/main/java/org/jsoup/nodes/DocumentType.java:38: error: ';' expected\n    [javac]     void outerHtmlTail(StringBuilder accum, int depth, Document.OutputSettings out) {\n    [javac]                       ^\n    [javac] /data/cmd/Ming/llm-fl-apr/tmp/Jsoup_16-prompt_apr_3-ernie-3.5-128k/src/main/java/org/jsoup/nodes/DocumentType.java:38: error: <identifier> expected\n    [javac]     void outerHtmlTail(StringBuilder accum, int depth, Document.OutputSettings out) {\n    [javac]                                            ^\n    [javac] /data/cmd/Ming/llm-fl-apr/tmp/Jsoup_16-prompt_apr_3-ernie-3.5-128k/src/main/java/org/jsoup/nodes/DocumentType.java:38: error: not a statement\n    [javac]     void outerHtmlTail(StringBuilder accum, int depth, Document.OutputSettings out) {\n    [javac]                                                 ^\n    [javac] /data/cmd/Ming/llm-fl-apr/tmp/Jsoup_16-prompt_apr_3-ernie-3.5-128k/src/main/java/org/jsoup/nodes/DocumentType.java:38: error: ';' expected\n    [javac]     void outerHtmlTail(StringBuilder accum, int depth, Document.OutputSettings out) {\n    [javac]                                                      ^\n    [javac] /data/cmd/Ming/llm-fl-apr/tmp/Jsoup_16-prompt_apr_3-ernie-3.5-128k/src/main/java/org/jsoup/nodes/DocumentType.java:38: error: ';' expected\n    [javac]     void outerHtmlTail(StringBuilder accum, int depth, Document.OutputSettings out) {\n    [javac]                                                                                   ^\n    [javac] /data/cmd/Ming/llm-fl-apr/tmp/Jsoup_16-prompt_apr_3-ernie-3.5-128k/src/main/java/org/jsoup/nodes/DocumentType.java:40: error: reached end of file while parsing\n    [javac] }\n    [javac]  ^\n    [javac] 6 errors\n    [javac] 1 warning\n\nBUILD FAILED\n/data/cmd/Ming/llm-fl-apr/tmp/Jsoup_16-prompt_apr_3-ernie-3.5-128k/maven-build.xml:74: Compile failed; see the compiler error output for details.\n\nTotal time: 1 second\nCannot compile sources! at /data/cmd/Ming/LLM_Based-Mutation/tools/mutant/defects4j-2.1.0/framework/bin/d4j/d4j-compile line 82.\nCompilation failed in require at /data/cmd/Ming/LLM_Based-Mutation/tools/mutant/defects4j-2.1.0/framework/bin/defects4j line 195.\n"
                }
            },
            "qwen-turbo": {
                "compile": {
                    "rc": 1,
                    "so": "",
                    "se": "Running ant (compile)...................................................... FAIL\nExecuted command:  cd /data/cmd/Ming/llm-fl-apr/tmp/Jsoup_16-prompt_apr_3-qwen-turbo && /data/cmd/Ming/LLM_Based-Mutation/tools/mutant/defects4j-2.1.0/major/bin/ant -f /data/cmd/Ming/LLM_Based-Mutation/tools/mutant/defects4j-2.1.0/framework/projects/defects4j.build.xml -Dd4j.home=/data/cmd/Ming/LLM_Based-Mutation/tools/mutant/defects4j-2.1.0 -Dd4j.dir.projects=/data/cmd/Ming/LLM_Based-Mutation/tools/mutant/defects4j-2.1.0/framework/projects -Dbasedir=/data/cmd/Ming/llm-fl-apr/tmp/Jsoup_16-prompt_apr_3-qwen-turbo -Dbuild.compiler=javac1.7  compile 2>&1\nJava HotSpot(TM) 64-Bit Server VM warning: ignoring option MaxPermSize=1G; support was removed in 8.0\nBuildfile: /data/cmd/Ming/LLM_Based-Mutation/tools/mutant/defects4j-2.1.0/framework/projects/defects4j.build.xml\n\ntest-offline:\n\nget-deps:\n\njsoup-from-maven.compile:\n    [mkdir] Created dir: /data/cmd/Ming/llm-fl-apr/tmp/Jsoup_16-prompt_apr_3-qwen-turbo/target/classes\n    [javac] /data/cmd/Ming/llm-fl-apr/tmp/Jsoup_16-prompt_apr_3-qwen-turbo/maven-build.xml:74: warning: 'includeantruntime' was not set, defaulting to build.sysclasspath=last; set to false for repeatable builds\n    [javac] Compiling 46 source files to /data/cmd/Ming/llm-fl-apr/tmp/Jsoup_16-prompt_apr_3-qwen-turbo/target/classes\n    [javac] warning: [options] bootstrap class path not set in conjunction with -source 1.5\n    [javac] /data/cmd/Ming/llm-fl-apr/tmp/Jsoup_16-prompt_apr_3-qwen-turbo/src/main/java/org/jsoup/nodes/DocumentType.java:31: error: illegal character: \\96\n    [javac] ```java\n    [javac] ^\n    [javac] /data/cmd/Ming/llm-fl-apr/tmp/Jsoup_16-prompt_apr_3-qwen-turbo/src/main/java/org/jsoup/nodes/DocumentType.java:31: error: illegal character: \\96\n    [javac] ```java\n    [javac]  ^\n    [javac] /data/cmd/Ming/llm-fl-apr/tmp/Jsoup_16-prompt_apr_3-qwen-turbo/src/main/java/org/jsoup/nodes/DocumentType.java:31: error: illegal character: \\96\n    [javac] ```java\n    [javac]   ^\n    [javac] /data/cmd/Ming/llm-fl-apr/tmp/Jsoup_16-prompt_apr_3-qwen-turbo/src/main/java/org/jsoup/nodes/DocumentType.java:39: error: illegal character: \\96\n    [javac] ```\n    [javac] ^\n    [javac] /data/cmd/Ming/llm-fl-apr/tmp/Jsoup_16-prompt_apr_3-qwen-turbo/src/main/java/org/jsoup/nodes/DocumentType.java:39: error: illegal character: \\96\n    [javac] ```\n    [javac]  ^\n    [javac] /data/cmd/Ming/llm-fl-apr/tmp/Jsoup_16-prompt_apr_3-qwen-turbo/src/main/java/org/jsoup/nodes/DocumentType.java:39: error: illegal character: \\96\n    [javac] ```\n    [javac]   ^\n    [javac] /data/cmd/Ming/llm-fl-apr/tmp/Jsoup_16-prompt_apr_3-qwen-turbo/src/main/java/org/jsoup/nodes/DocumentType.java:41: error: ';' expected\n    [javac]     void outerHtmlTail(StringBuilder accum, int depth, Document.OutputSettings out) {\n    [javac]                       ^\n    [javac] /data/cmd/Ming/llm-fl-apr/tmp/Jsoup_16-prompt_apr_3-qwen-turbo/src/main/java/org/jsoup/nodes/DocumentType.java:41: error: <identifier> expected\n    [javac]     void outerHtmlTail(StringBuilder accum, int depth, Document.OutputSettings out) {\n    [javac]                                            ^\n    [javac] /data/cmd/Ming/llm-fl-apr/tmp/Jsoup_16-prompt_apr_3-qwen-turbo/src/main/java/org/jsoup/nodes/DocumentType.java:41: error: not a statement\n    [javac]     void outerHtmlTail(StringBuilder accum, int depth, Document.OutputSettings out) {\n    [javac]                                                 ^\n    [javac] /data/cmd/Ming/llm-fl-apr/tmp/Jsoup_16-prompt_apr_3-qwen-turbo/src/main/java/org/jsoup/nodes/DocumentType.java:41: error: ';' expected\n    [javac]     void outerHtmlTail(StringBuilder accum, int depth, Document.OutputSettings out) {\n    [javac]                                                      ^\n    [javac] /data/cmd/Ming/llm-fl-apr/tmp/Jsoup_16-prompt_apr_3-qwen-turbo/src/main/java/org/jsoup/nodes/DocumentType.java:41: error: ';' expected\n    [javac]     void outerHtmlTail(StringBuilder accum, int depth, Document.OutputSettings out) {\n    [javac]                                                                                   ^\n    [javac] /data/cmd/Ming/llm-fl-apr/tmp/Jsoup_16-prompt_apr_3-qwen-turbo/src/main/java/org/jsoup/nodes/DocumentType.java:43: error: reached end of file while parsing\n    [javac] }\n    [javac]  ^\n    [javac] 12 errors\n    [javac] 1 warning\n\nBUILD FAILED\n/data/cmd/Ming/llm-fl-apr/tmp/Jsoup_16-prompt_apr_3-qwen-turbo/maven-build.xml:74: Compile failed; see the compiler error output for details.\n\nTotal time: 1 second\nCannot compile sources! at /data/cmd/Ming/LLM_Based-Mutation/tools/mutant/defects4j-2.1.0/framework/bin/d4j/d4j-compile line 82.\nCompilation failed in require at /data/cmd/Ming/LLM_Based-Mutation/tools/mutant/defects4j-2.1.0/framework/bin/defects4j line 195.\n"
                }
            },
            "doubao-pro-4k": {
                "compile": {
                    "rc": 0,
                    "so": "",
                    "se": "Running ant (compile)...................................................... OK\nRunning ant (compile.tests)................................................ OK\n"
                },
                "test": {
                    "rc": 0,
                    "so": "Failing tests: 5\n  - org.jsoup.nodes.DocumentTest::testClonesDeclarations\n  - org.jsoup.nodes.DocumentTypeTest::outerHtmlGeneration\n  - org.jsoup.nodes.DocumentTypeTest::constructorValidationThrowsExceptionOnBlankName\n  - org.jsoup.parser.ParserTest::normalisesDocument\n  - org.jsoup.parser.ParserTest::handlesUnclosedFormattingElements\n",
                    "se": "Running ant (compile.tests)................................................ OK\nRunning ant (run.dev.tests)................................................ OK\n"
                }
            },
            "gpt-4o-mini": {
                "compile": {
                    "rc": 1,
                    "so": "",
                    "se": "Running ant (compile)...................................................... FAIL\nExecuted command:  cd /data/cmd/Ming/llm-fl-apr/tmp/Jsoup_16-prompt_apr_3-gpt-4o-mini && /data/cmd/Ming/LLM_Based-Mutation/tools/mutant/defects4j-2.1.0/major/bin/ant -f /data/cmd/Ming/LLM_Based-Mutation/tools/mutant/defects4j-2.1.0/framework/projects/defects4j.build.xml -Dd4j.home=/data/cmd/Ming/LLM_Based-Mutation/tools/mutant/defects4j-2.1.0 -Dd4j.dir.projects=/data/cmd/Ming/LLM_Based-Mutation/tools/mutant/defects4j-2.1.0/framework/projects -Dbasedir=/data/cmd/Ming/llm-fl-apr/tmp/Jsoup_16-prompt_apr_3-gpt-4o-mini -Dbuild.compiler=javac1.7  compile 2>&1\nJava HotSpot(TM) 64-Bit Server VM warning: ignoring option MaxPermSize=1G; support was removed in 8.0\nBuildfile: /data/cmd/Ming/LLM_Based-Mutation/tools/mutant/defects4j-2.1.0/framework/projects/defects4j.build.xml\n\ntest-offline:\n\nget-deps:\n\njsoup-from-maven.compile:\n    [mkdir] Created dir: /data/cmd/Ming/llm-fl-apr/tmp/Jsoup_16-prompt_apr_3-gpt-4o-mini/target/classes\n    [javac] /data/cmd/Ming/llm-fl-apr/tmp/Jsoup_16-prompt_apr_3-gpt-4o-mini/maven-build.xml:74: warning: 'includeantruntime' was not set, defaulting to build.sysclasspath=last; set to false for repeatable builds\n    [javac] Compiling 46 source files to /data/cmd/Ming/llm-fl-apr/tmp/Jsoup_16-prompt_apr_3-gpt-4o-mini/target/classes\n    [javac] warning: [options] bootstrap class path not set in conjunction with -source 1.5\n    [javac] /data/cmd/Ming/llm-fl-apr/tmp/Jsoup_16-prompt_apr_3-gpt-4o-mini/src/main/java/org/jsoup/nodes/DocumentType.java:39: error: ';' expected\n    [javac]     void outerHtmlTail(StringBuilder accum, int depth, Document.OutputSettings out) {\n    [javac]                       ^\n    [javac] /data/cmd/Ming/llm-fl-apr/tmp/Jsoup_16-prompt_apr_3-gpt-4o-mini/src/main/java/org/jsoup/nodes/DocumentType.java:39: error: <identifier> expected\n    [javac]     void outerHtmlTail(StringBuilder accum, int depth, Document.OutputSettings out) {\n    [javac]                                            ^\n    [javac] /data/cmd/Ming/llm-fl-apr/tmp/Jsoup_16-prompt_apr_3-gpt-4o-mini/src/main/java/org/jsoup/nodes/DocumentType.java:39: error: not a statement\n    [javac]     void outerHtmlTail(StringBuilder accum, int depth, Document.OutputSettings out) {\n    [javac]                                                 ^\n    [javac] /data/cmd/Ming/llm-fl-apr/tmp/Jsoup_16-prompt_apr_3-gpt-4o-mini/src/main/java/org/jsoup/nodes/DocumentType.java:39: error: ';' expected\n    [javac]     void outerHtmlTail(StringBuilder accum, int depth, Document.OutputSettings out) {\n    [javac]                                                      ^\n    [javac] /data/cmd/Ming/llm-fl-apr/tmp/Jsoup_16-prompt_apr_3-gpt-4o-mini/src/main/java/org/jsoup/nodes/DocumentType.java:39: error: ';' expected\n    [javac]     void outerHtmlTail(StringBuilder accum, int depth, Document.OutputSettings out) {\n    [javac]                                                                                   ^\n    [javac] /data/cmd/Ming/llm-fl-apr/tmp/Jsoup_16-prompt_apr_3-gpt-4o-mini/src/main/java/org/jsoup/nodes/DocumentType.java:41: error: reached end of file while parsing\n    [javac] }\n    [javac]  ^\n    [javac] 6 errors\n    [javac] 1 warning\n\nBUILD FAILED\n/data/cmd/Ming/llm-fl-apr/tmp/Jsoup_16-prompt_apr_3-gpt-4o-mini/maven-build.xml:74: Compile failed; see the compiler error output for details.\n\nTotal time: 1 second\nCannot compile sources! at /data/cmd/Ming/LLM_Based-Mutation/tools/mutant/defects4j-2.1.0/framework/bin/d4j/d4j-compile line 82.\nCompilation failed in require at /data/cmd/Ming/LLM_Based-Mutation/tools/mutant/defects4j-2.1.0/framework/bin/defects4j line 195.\n"
                }
            },
            "deepseek-chat": {
                "compile": {
                    "rc": 1,
                    "so": "",
                    "se": "Running ant (compile)...................................................... FAIL\nExecuted command:  cd /data/cmd/Ming/llm-fl-apr/tmp/Jsoup_16-prompt_apr_3-deepseek-chat && /data/cmd/Ming/LLM_Based-Mutation/tools/mutant/defects4j-2.1.0/major/bin/ant -f /data/cmd/Ming/LLM_Based-Mutation/tools/mutant/defects4j-2.1.0/framework/projects/defects4j.build.xml -Dd4j.home=/data/cmd/Ming/LLM_Based-Mutation/tools/mutant/defects4j-2.1.0 -Dd4j.dir.projects=/data/cmd/Ming/LLM_Based-Mutation/tools/mutant/defects4j-2.1.0/framework/projects -Dbasedir=/data/cmd/Ming/llm-fl-apr/tmp/Jsoup_16-prompt_apr_3-deepseek-chat -Dbuild.compiler=javac1.7  compile 2>&1\nJava HotSpot(TM) 64-Bit Server VM warning: ignoring option MaxPermSize=1G; support was removed in 8.0\nBuildfile: /data/cmd/Ming/LLM_Based-Mutation/tools/mutant/defects4j-2.1.0/framework/projects/defects4j.build.xml\n\ntest-offline:\n\nget-deps:\n\njsoup-from-maven.compile:\n    [mkdir] Created dir: /data/cmd/Ming/llm-fl-apr/tmp/Jsoup_16-prompt_apr_3-deepseek-chat/target/classes\n    [javac] /data/cmd/Ming/llm-fl-apr/tmp/Jsoup_16-prompt_apr_3-deepseek-chat/maven-build.xml:74: warning: 'includeantruntime' was not set, defaulting to build.sysclasspath=last; set to false for repeatable builds\n    [javac] Compiling 46 source files to /data/cmd/Ming/llm-fl-apr/tmp/Jsoup_16-prompt_apr_3-deepseek-chat/target/classes\n    [javac] warning: [options] bootstrap class path not set in conjunction with -source 1.5\n    [javac] /data/cmd/Ming/llm-fl-apr/tmp/Jsoup_16-prompt_apr_3-deepseek-chat/src/main/java/org/jsoup/nodes/DocumentType.java:39: error: ';' expected\n    [javac]     void outerHtmlTail(StringBuilder accum, int depth, Document.OutputSettings out) {\n    [javac]                       ^\n    [javac] /data/cmd/Ming/llm-fl-apr/tmp/Jsoup_16-prompt_apr_3-deepseek-chat/src/main/java/org/jsoup/nodes/DocumentType.java:39: error: <identifier> expected\n    [javac]     void outerHtmlTail(StringBuilder accum, int depth, Document.OutputSettings out) {\n    [javac]                                            ^\n    [javac] /data/cmd/Ming/llm-fl-apr/tmp/Jsoup_16-prompt_apr_3-deepseek-chat/src/main/java/org/jsoup/nodes/DocumentType.java:39: error: not a statement\n    [javac]     void outerHtmlTail(StringBuilder accum, int depth, Document.OutputSettings out) {\n    [javac]                                                 ^\n    [javac] /data/cmd/Ming/llm-fl-apr/tmp/Jsoup_16-prompt_apr_3-deepseek-chat/src/main/java/org/jsoup/nodes/DocumentType.java:39: error: ';' expected\n    [javac]     void outerHtmlTail(StringBuilder accum, int depth, Document.OutputSettings out) {\n    [javac]                                                      ^\n    [javac] /data/cmd/Ming/llm-fl-apr/tmp/Jsoup_16-prompt_apr_3-deepseek-chat/src/main/java/org/jsoup/nodes/DocumentType.java:39: error: ';' expected\n    [javac]     void outerHtmlTail(StringBuilder accum, int depth, Document.OutputSettings out) {\n    [javac]                                                                                   ^\n    [javac] /data/cmd/Ming/llm-fl-apr/tmp/Jsoup_16-prompt_apr_3-deepseek-chat/src/main/java/org/jsoup/nodes/DocumentType.java:41: error: reached end of file while parsing\n    [javac] }\n    [javac]  ^\n    [javac] 6 errors\n    [javac] 1 warning\n\nBUILD FAILED\n/data/cmd/Ming/llm-fl-apr/tmp/Jsoup_16-prompt_apr_3-deepseek-chat/maven-build.xml:74: Compile failed; see the compiler error output for details.\n\nTotal time: 2 seconds\nCannot compile sources! at /data/cmd/Ming/LLM_Based-Mutation/tools/mutant/defects4j-2.1.0/framework/bin/d4j/d4j-compile line 82.\nCompilation failed in require at /data/cmd/Ming/LLM_Based-Mutation/tools/mutant/defects4j-2.1.0/framework/bin/defects4j line 195.\n"
                }
            }
        },
        "prompt_apr_4": {
            "ernie-3.5-128k": {
                "compile": {
                    "rc": 0,
                    "so": "",
                    "se": "Running ant (compile)...................................................... OK\nRunning ant (compile.tests)................................................ OK\n"
                },
                "test": {
                    "rc": 0,
                    "so": "Failing tests: 5\n  - org.jsoup.nodes.DocumentTest::testClonesDeclarations\n  - org.jsoup.nodes.DocumentTypeTest::outerHtmlGeneration\n  - org.jsoup.nodes.DocumentTypeTest::constructorValidationThrowsExceptionOnBlankName\n  - org.jsoup.parser.ParserTest::normalisesDocument\n  - org.jsoup.parser.ParserTest::handlesUnclosedFormattingElements\n",
                    "se": "Running ant (compile.tests)................................................ OK\nRunning ant (run.dev.tests)................................................ OK\n"
                }
            },
            "qwen-turbo": {
                "compile": {
                    "rc": 1,
                    "so": "",
                    "se": "Running ant (compile)...................................................... FAIL\nExecuted command:  cd /data/cmd/Ming/llm-fl-apr/tmp/Jsoup_16-prompt_apr_4-qwen-turbo && /data/cmd/Ming/LLM_Based-Mutation/tools/mutant/defects4j-2.1.0/major/bin/ant -f /data/cmd/Ming/LLM_Based-Mutation/tools/mutant/defects4j-2.1.0/framework/projects/defects4j.build.xml -Dd4j.home=/data/cmd/Ming/LLM_Based-Mutation/tools/mutant/defects4j-2.1.0 -Dd4j.dir.projects=/data/cmd/Ming/LLM_Based-Mutation/tools/mutant/defects4j-2.1.0/framework/projects -Dbasedir=/data/cmd/Ming/llm-fl-apr/tmp/Jsoup_16-prompt_apr_4-qwen-turbo -Dbuild.compiler=javac1.7  compile 2>&1\nJava HotSpot(TM) 64-Bit Server VM warning: ignoring option MaxPermSize=1G; support was removed in 8.0\nBuildfile: /data/cmd/Ming/LLM_Based-Mutation/tools/mutant/defects4j-2.1.0/framework/projects/defects4j.build.xml\n\ntest-offline:\n\nget-deps:\n\njsoup-from-maven.compile:\n    [mkdir] Created dir: /data/cmd/Ming/llm-fl-apr/tmp/Jsoup_16-prompt_apr_4-qwen-turbo/target/classes\n    [javac] /data/cmd/Ming/llm-fl-apr/tmp/Jsoup_16-prompt_apr_4-qwen-turbo/maven-build.xml:74: warning: 'includeantruntime' was not set, defaulting to build.sysclasspath=last; set to false for repeatable builds\n    [javac] Compiling 46 source files to /data/cmd/Ming/llm-fl-apr/tmp/Jsoup_16-prompt_apr_4-qwen-turbo/target/classes\n    [javac] warning: [options] bootstrap class path not set in conjunction with -source 1.5\n    [javac] /data/cmd/Ming/llm-fl-apr/tmp/Jsoup_16-prompt_apr_4-qwen-turbo/src/main/java/org/jsoup/nodes/DocumentType.java:36: error: unclosed character literal\n    [javac] accum.append(' \"').append(attr(\"systemId\")).append('\">');        accum.append('>');\n    [javac]              ^\n    [javac] /data/cmd/Ming/llm-fl-apr/tmp/Jsoup_16-prompt_apr_4-qwen-turbo/src/main/java/org/jsoup/nodes/DocumentType.java:36: error: ';' expected\n    [javac] accum.append(' \"').append(attr(\"systemId\")).append('\">');        accum.append('>');\n    [javac]                ^\n    [javac] /data/cmd/Ming/llm-fl-apr/tmp/Jsoup_16-prompt_apr_4-qwen-turbo/src/main/java/org/jsoup/nodes/DocumentType.java:36: error: not a statement\n    [javac] accum.append(' \"').append(attr(\"systemId\")).append('\">');        accum.append('>');\n    [javac]                                 ^\n    [javac] /data/cmd/Ming/llm-fl-apr/tmp/Jsoup_16-prompt_apr_4-qwen-turbo/src/main/java/org/jsoup/nodes/DocumentType.java:36: error: ';' expected\n    [javac] accum.append(' \"').append(attr(\"systemId\")).append('\">');        accum.append('>');\n    [javac]                                         ^\n    [javac] /data/cmd/Ming/llm-fl-apr/tmp/Jsoup_16-prompt_apr_4-qwen-turbo/src/main/java/org/jsoup/nodes/DocumentType.java:36: error: unclosed character literal\n    [javac] accum.append(' \"').append(attr(\"systemId\")).append('\">');        accum.append('>');\n    [javac]                                                       ^\n    [javac] 5 errors\n    [javac] 1 warning\n\nBUILD FAILED\n/data/cmd/Ming/llm-fl-apr/tmp/Jsoup_16-prompt_apr_4-qwen-turbo/maven-build.xml:74: Compile failed; see the compiler error output for details.\n\nTotal time: 2 seconds\nCannot compile sources! at /data/cmd/Ming/LLM_Based-Mutation/tools/mutant/defects4j-2.1.0/framework/bin/d4j/d4j-compile line 82.\nCompilation failed in require at /data/cmd/Ming/LLM_Based-Mutation/tools/mutant/defects4j-2.1.0/framework/bin/defects4j line 195.\n"
                }
            },
            "doubao-pro-4k": {},
            "gpt-4o-mini": {
                "compile": {
                    "rc": 1,
                    "so": "",
                    "se": "Running ant (compile)...................................................... FAIL\nExecuted command:  cd /data/cmd/Ming/llm-fl-apr/tmp/Jsoup_16-prompt_apr_4-gpt-4o-mini && /data/cmd/Ming/LLM_Based-Mutation/tools/mutant/defects4j-2.1.0/major/bin/ant -f /data/cmd/Ming/LLM_Based-Mutation/tools/mutant/defects4j-2.1.0/framework/projects/defects4j.build.xml -Dd4j.home=/data/cmd/Ming/LLM_Based-Mutation/tools/mutant/defects4j-2.1.0 -Dd4j.dir.projects=/data/cmd/Ming/LLM_Based-Mutation/tools/mutant/defects4j-2.1.0/framework/projects -Dbasedir=/data/cmd/Ming/llm-fl-apr/tmp/Jsoup_16-prompt_apr_4-gpt-4o-mini -Dbuild.compiler=javac1.7  compile 2>&1\nJava HotSpot(TM) 64-Bit Server VM warning: ignoring option MaxPermSize=1G; support was removed in 8.0\nBuildfile: /data/cmd/Ming/LLM_Based-Mutation/tools/mutant/defects4j-2.1.0/framework/projects/defects4j.build.xml\n\ntest-offline:\n\nget-deps:\n\njsoup-from-maven.compile:\n    [mkdir] Created dir: /data/cmd/Ming/llm-fl-apr/tmp/Jsoup_16-prompt_apr_4-gpt-4o-mini/target/classes\n    [javac] /data/cmd/Ming/llm-fl-apr/tmp/Jsoup_16-prompt_apr_4-gpt-4o-mini/maven-build.xml:74: warning: 'includeantruntime' was not set, defaulting to build.sysclasspath=last; set to false for repeatable builds\n    [javac] Compiling 46 source files to /data/cmd/Ming/llm-fl-apr/tmp/Jsoup_16-prompt_apr_4-gpt-4o-mini/target/classes\n    [javac] warning: [options] bootstrap class path not set in conjunction with -source 1.5\n    [javac] /data/cmd/Ming/llm-fl-apr/tmp/Jsoup_16-prompt_apr_4-gpt-4o-mini/src/main/java/org/jsoup/nodes/DocumentType.java:33: error: unclosed character literal\n    [javac] accum.append('<!DOCTYPE html')        if (!StringUtil.isBlank(attr(\"publicId\")))\n    [javac]              ^\n    [javac] /data/cmd/Ming/llm-fl-apr/tmp/Jsoup_16-prompt_apr_4-gpt-4o-mini/src/main/java/org/jsoup/nodes/DocumentType.java:33: error: ';' expected\n    [javac] accum.append('<!DOCTYPE html')        if (!StringUtil.isBlank(attr(\"publicId\")))\n    [javac]                ^\n    [javac] /data/cmd/Ming/llm-fl-apr/tmp/Jsoup_16-prompt_apr_4-gpt-4o-mini/src/main/java/org/jsoup/nodes/DocumentType.java:33: error: unclosed character literal\n    [javac] accum.append('<!DOCTYPE html')        if (!StringUtil.isBlank(attr(\"publicId\")))\n    [javac]                             ^\n    [javac] 3 errors\n    [javac] 1 warning\n\nBUILD FAILED\n/data/cmd/Ming/llm-fl-apr/tmp/Jsoup_16-prompt_apr_4-gpt-4o-mini/maven-build.xml:74: Compile failed; see the compiler error output for details.\n\nTotal time: 2 seconds\nCannot compile sources! at /data/cmd/Ming/LLM_Based-Mutation/tools/mutant/defects4j-2.1.0/framework/bin/d4j/d4j-compile line 82.\nCompilation failed in require at /data/cmd/Ming/LLM_Based-Mutation/tools/mutant/defects4j-2.1.0/framework/bin/defects4j line 195.\n"
                }
            },
            "deepseek-chat": {
                "compile": {
                    "rc": 0,
                    "so": "",
                    "se": "Running ant (compile)...................................................... OK\nRunning ant (compile.tests)................................................ OK\n"
                },
                "test": {
                    "rc": 0,
                    "so": "Failing tests: 5\n  - org.jsoup.nodes.DocumentTest::testClonesDeclarations\n  - org.jsoup.nodes.DocumentTypeTest::outerHtmlGeneration\n  - org.jsoup.nodes.DocumentTypeTest::constructorValidationThrowsExceptionOnBlankName\n  - org.jsoup.parser.ParserTest::normalisesDocument\n  - org.jsoup.parser.ParserTest::handlesUnclosedFormattingElements\n",
                    "se": "Running ant (compile.tests)................................................ OK\nRunning ant (run.dev.tests)................................................ OK\n"
                }
            }
        },
        "prompt_apr_5": {
            "ernie-3.5-128k": {
                "compile": {
                    "rc": 0,
                    "so": "",
                    "se": "Running ant (compile)...................................................... OK\nRunning ant (compile.tests)................................................ OK\n"
                },
                "test": {
                    "rc": 0,
                    "so": "Failing tests: 5\n  - org.jsoup.nodes.DocumentTest::testClonesDeclarations\n  - org.jsoup.nodes.DocumentTypeTest::outerHtmlGeneration\n  - org.jsoup.nodes.DocumentTypeTest::constructorValidationThrowsExceptionOnBlankName\n  - org.jsoup.parser.ParserTest::normalisesDocument\n  - org.jsoup.parser.ParserTest::handlesUnclosedFormattingElements\n",
                    "se": "Running ant (compile.tests)................................................ OK\nRunning ant (run.dev.tests)................................................ OK\n"
                }
            },
            "qwen-turbo": {
                "compile": {
                    "rc": 1,
                    "so": "",
                    "se": "Running ant (compile)...................................................... FAIL\nExecuted command:  cd /data/cmd/Ming/llm-fl-apr/tmp/Jsoup_16-prompt_apr_5-qwen-turbo && /data/cmd/Ming/LLM_Based-Mutation/tools/mutant/defects4j-2.1.0/major/bin/ant -f /data/cmd/Ming/LLM_Based-Mutation/tools/mutant/defects4j-2.1.0/framework/projects/defects4j.build.xml -Dd4j.home=/data/cmd/Ming/LLM_Based-Mutation/tools/mutant/defects4j-2.1.0 -Dd4j.dir.projects=/data/cmd/Ming/LLM_Based-Mutation/tools/mutant/defects4j-2.1.0/framework/projects -Dbasedir=/data/cmd/Ming/llm-fl-apr/tmp/Jsoup_16-prompt_apr_5-qwen-turbo -Dbuild.compiler=javac1.7  compile 2>&1\nJava HotSpot(TM) 64-Bit Server VM warning: ignoring option MaxPermSize=1G; support was removed in 8.0\nBuildfile: /data/cmd/Ming/LLM_Based-Mutation/tools/mutant/defects4j-2.1.0/framework/projects/defects4j.build.xml\n\ntest-offline:\n\nget-deps:\n\njsoup-from-maven.compile:\n    [mkdir] Created dir: /data/cmd/Ming/llm-fl-apr/tmp/Jsoup_16-prompt_apr_5-qwen-turbo/target/classes\n    [javac] /data/cmd/Ming/llm-fl-apr/tmp/Jsoup_16-prompt_apr_5-qwen-turbo/maven-build.xml:74: warning: 'includeantruntime' was not set, defaulting to build.sysclasspath=last; set to false for repeatable builds\n    [javac] Compiling 46 source files to /data/cmd/Ming/llm-fl-apr/tmp/Jsoup_16-prompt_apr_5-qwen-turbo/target/classes\n    [javac] warning: [options] bootstrap class path not set in conjunction with -source 1.5\n    [javac] /data/cmd/Ming/llm-fl-apr/tmp/Jsoup_16-prompt_apr_5-qwen-turbo/src/main/java/org/jsoup/nodes/DocumentType.java:32: error: <identifier> expected\n    [javac] accum.append(\"<!DOCTYPE html>\");        accum.append(\"<!DOCTYPE html\");\n    [javac]             ^\n    [javac] /data/cmd/Ming/llm-fl-apr/tmp/Jsoup_16-prompt_apr_5-qwen-turbo/src/main/java/org/jsoup/nodes/DocumentType.java:32: error: illegal start of type\n    [javac] accum.append(\"<!DOCTYPE html>\");        accum.append(\"<!DOCTYPE html\");\n    [javac]              ^\n    [javac] /data/cmd/Ming/llm-fl-apr/tmp/Jsoup_16-prompt_apr_5-qwen-turbo/src/main/java/org/jsoup/nodes/DocumentType.java:32: error: <identifier> expected\n    [javac] accum.append(\"<!DOCTYPE html>\");        accum.append(\"<!DOCTYPE html\");\n    [javac]                                                     ^\n    [javac] /data/cmd/Ming/llm-fl-apr/tmp/Jsoup_16-prompt_apr_5-qwen-turbo/src/main/java/org/jsoup/nodes/DocumentType.java:32: error: illegal start of type\n    [javac] accum.append(\"<!DOCTYPE html>\");        accum.append(\"<!DOCTYPE html\");\n    [javac]                                                      ^\n    [javac] /data/cmd/Ming/llm-fl-apr/tmp/Jsoup_16-prompt_apr_5-qwen-turbo/src/main/java/org/jsoup/nodes/DocumentType.java:33: error: illegal start of type\n    [javac]         if (!StringUtil.isBlank(attr(\"publicId\")))\n    [javac]         ^\n    [javac] /data/cmd/Ming/llm-fl-apr/tmp/Jsoup_16-prompt_apr_5-qwen-turbo/src/main/java/org/jsoup/nodes/DocumentType.java:33: error: illegal start of type\n    [javac]         if (!StringUtil.isBlank(attr(\"publicId\")))\n    [javac]             ^\n    [javac] /data/cmd/Ming/llm-fl-apr/tmp/Jsoup_16-prompt_apr_5-qwen-turbo/src/main/java/org/jsoup/nodes/DocumentType.java:33: error: ')' expected\n    [javac]         if (!StringUtil.isBlank(attr(\"publicId\")))\n    [javac]              ^\n    [javac] /data/cmd/Ming/llm-fl-apr/tmp/Jsoup_16-prompt_apr_5-qwen-turbo/src/main/java/org/jsoup/nodes/DocumentType.java:33: error: ';' expected\n    [javac]         if (!StringUtil.isBlank(attr(\"publicId\")))\n    [javac]                        ^\n    [javac] /data/cmd/Ming/llm-fl-apr/tmp/Jsoup_16-prompt_apr_5-qwen-turbo/src/main/java/org/jsoup/nodes/DocumentType.java:33: error: invalid method declaration; return type required\n    [javac]         if (!StringUtil.isBlank(attr(\"publicId\")))\n    [javac]                         ^\n    [javac] /data/cmd/Ming/llm-fl-apr/tmp/Jsoup_16-prompt_apr_5-qwen-turbo/src/main/java/org/jsoup/nodes/DocumentType.java:33: error: <identifier> expected\n    [javac]         if (!StringUtil.isBlank(attr(\"publicId\")))\n    [javac]                                     ^\n    [javac] /data/cmd/Ming/llm-fl-apr/tmp/Jsoup_16-prompt_apr_5-qwen-turbo/src/main/java/org/jsoup/nodes/DocumentType.java:33: error: ';' expected\n    [javac]         if (!StringUtil.isBlank(attr(\"publicId\")))\n    [javac]                                      ^\n    [javac] /data/cmd/Ming/llm-fl-apr/tmp/Jsoup_16-prompt_apr_5-qwen-turbo/src/main/java/org/jsoup/nodes/DocumentType.java:33: error: illegal start of type\n    [javac]         if (!StringUtil.isBlank(attr(\"publicId\")))\n    [javac]                                                ^\n    [javac] /data/cmd/Ming/llm-fl-apr/tmp/Jsoup_16-prompt_apr_5-qwen-turbo/src/main/java/org/jsoup/nodes/DocumentType.java:33: error: <identifier> expected\n    [javac]         if (!StringUtil.isBlank(attr(\"publicId\")))\n    [javac]                                                 ^\n    [javac] /data/cmd/Ming/llm-fl-apr/tmp/Jsoup_16-prompt_apr_5-qwen-turbo/src/main/java/org/jsoup/nodes/DocumentType.java:33: error: ';' expected\n    [javac]         if (!StringUtil.isBlank(attr(\"publicId\")))\n    [javac]                                                  ^\n    [javac] /data/cmd/Ming/llm-fl-apr/tmp/Jsoup_16-prompt_apr_5-qwen-turbo/src/main/java/org/jsoup/nodes/DocumentType.java:34: error: <identifier> expected\n    [javac] accum.append(' ').append(attr(\"systemId\")).append('\">');        if (!StringUtil.isBlank(attr(\"systemId\")))\n    [javac]             ^\n    [javac] /data/cmd/Ming/llm-fl-apr/tmp/Jsoup_16-prompt_apr_5-qwen-turbo/src/main/java/org/jsoup/nodes/DocumentType.java:34: error: illegal start of type\n    [javac] accum.append(' ').append(attr(\"systemId\")).append('\">');        if (!StringUtil.isBlank(attr(\"systemId\")))\n    [javac]              ^\n    [javac] /data/cmd/Ming/llm-fl-apr/tmp/Jsoup_16-prompt_apr_5-qwen-turbo/src/main/java/org/jsoup/nodes/DocumentType.java:34: error: ';' expected\n    [javac] accum.append(' ').append(attr(\"systemId\")).append('\">');        if (!StringUtil.isBlank(attr(\"systemId\")))\n    [javac]                  ^\n    [javac] /data/cmd/Ming/llm-fl-apr/tmp/Jsoup_16-prompt_apr_5-qwen-turbo/src/main/java/org/jsoup/nodes/DocumentType.java:34: error: unclosed character literal\n    [javac] accum.append(' ').append(attr(\"systemId\")).append('\">');        if (!StringUtil.isBlank(attr(\"systemId\")))\n    [javac]                                                   ^\n    [javac] /data/cmd/Ming/llm-fl-apr/tmp/Jsoup_16-prompt_apr_5-qwen-turbo/src/main/java/org/jsoup/nodes/DocumentType.java:34: error: unclosed character literal\n    [javac] accum.append(' ').append(attr(\"systemId\")).append('\">');        if (!StringUtil.isBlank(attr(\"systemId\")))\n    [javac]                                                      ^\n    [javac] /data/cmd/Ming/llm-fl-apr/tmp/Jsoup_16-prompt_apr_5-qwen-turbo/src/main/java/org/jsoup/nodes/DocumentType.java:34: error: illegal start of type\n    [javac] accum.append(' ').append(attr(\"systemId\")).append('\">');        if (!StringUtil.isBlank(attr(\"systemId\")))\n    [javac]                                                                 ^\n    [javac] /data/cmd/Ming/llm-fl-apr/tmp/Jsoup_16-prompt_apr_5-qwen-turbo/src/main/java/org/jsoup/nodes/DocumentType.java:34: error: illegal start of type\n    [javac] accum.append(' ').append(attr(\"systemId\")).append('\">');        if (!StringUtil.isBlank(attr(\"systemId\")))\n    [javac]                                                                     ^\n    [javac] /data/cmd/Ming/llm-fl-apr/tmp/Jsoup_16-prompt_apr_5-qwen-turbo/src/main/java/org/jsoup/nodes/DocumentType.java:34: error: ')' expected\n    [javac] accum.append(' ').append(attr(\"systemId\")).append('\">');        if (!StringUtil.isBlank(attr(\"systemId\")))\n    [javac]                                                                      ^\n    [javac] /data/cmd/Ming/llm-fl-apr/tmp/Jsoup_16-prompt_apr_5-qwen-turbo/src/main/java/org/jsoup/nodes/DocumentType.java:34: error: ';' expected\n    [javac] accum.append(' ').append(attr(\"systemId\")).append('\">');        if (!StringUtil.isBlank(attr(\"systemId\")))\n    [javac]                                                                                ^\n    [javac] /data/cmd/Ming/llm-fl-apr/tmp/Jsoup_16-prompt_apr_5-qwen-turbo/src/main/java/org/jsoup/nodes/DocumentType.java:34: error: invalid method declaration; return type required\n    [javac] accum.append(' ').append(attr(\"systemId\")).append('\">');        if (!StringUtil.isBlank(attr(\"systemId\")))\n    [javac]                                                                                 ^\n    [javac] /data/cmd/Ming/llm-fl-apr/tmp/Jsoup_16-prompt_apr_5-qwen-turbo/src/main/java/org/jsoup/nodes/DocumentType.java:34: error: <identifier> expected\n    [javac] accum.append(' ').append(attr(\"systemId\")).append('\">');        if (!StringUtil.isBlank(attr(\"systemId\")))\n    [javac]                                                                                             ^\n    [javac] /data/cmd/Ming/llm-fl-apr/tmp/Jsoup_16-prompt_apr_5-qwen-turbo/src/main/java/org/jsoup/nodes/DocumentType.java:34: error: ';' expected\n    [javac] accum.append(' ').append(attr(\"systemId\")).append('\">');        if (!StringUtil.isBlank(attr(\"systemId\")))\n    [javac]                                                                                              ^\n    [javac] /data/cmd/Ming/llm-fl-apr/tmp/Jsoup_16-prompt_apr_5-qwen-turbo/src/main/java/org/jsoup/nodes/DocumentType.java:34: error: illegal start of type\n    [javac] accum.append(' ').append(attr(\"systemId\")).append('\">');        if (!StringUtil.isBlank(attr(\"systemId\")))\n    [javac]                                                                                                        ^\n    [javac] /data/cmd/Ming/llm-fl-apr/tmp/Jsoup_16-prompt_apr_5-qwen-turbo/src/main/java/org/jsoup/nodes/DocumentType.java:34: error: <identifier> expected\n    [javac] accum.append(' ').append(attr(\"systemId\")).append('\">');        if (!StringUtil.isBlank(attr(\"systemId\")))\n    [javac]                                                                                                         ^\n    [javac] /data/cmd/Ming/llm-fl-apr/tmp/Jsoup_16-prompt_apr_5-qwen-turbo/src/main/java/org/jsoup/nodes/DocumentType.java:34: error: ';' expected\n    [javac] accum.append(' ').append(attr(\"systemId\")).append('\">');        if (!StringUtil.isBlank(attr(\"systemId\")))\n    [javac]                                                                                                          ^\n    [javac] /data/cmd/Ming/llm-fl-apr/tmp/Jsoup_16-prompt_apr_5-qwen-turbo/src/main/java/org/jsoup/nodes/DocumentType.java:35: error: <identifier> expected\n    [javac]             accum.append(' ').append(attr(\"systemId\")).append(\"\\\"\");\n    [javac]                         ^\n    [javac] /data/cmd/Ming/llm-fl-apr/tmp/Jsoup_16-prompt_apr_5-qwen-turbo/src/main/java/org/jsoup/nodes/DocumentType.java:35: error: illegal start of type\n    [javac]             accum.append(' ').append(attr(\"systemId\")).append(\"\\\"\");\n    [javac]                          ^\n    [javac] /data/cmd/Ming/llm-fl-apr/tmp/Jsoup_16-prompt_apr_5-qwen-turbo/src/main/java/org/jsoup/nodes/DocumentType.java:35: error: ';' expected\n    [javac]             accum.append(' ').append(attr(\"systemId\")).append(\"\\\"\");\n    [javac]                              ^\n    [javac] /data/cmd/Ming/llm-fl-apr/tmp/Jsoup_16-prompt_apr_5-qwen-turbo/src/main/java/org/jsoup/nodes/DocumentType.java:36: error: <identifier> expected\n    [javac]         accum.append('>');\n    [javac]                     ^\n    [javac] /data/cmd/Ming/llm-fl-apr/tmp/Jsoup_16-prompt_apr_5-qwen-turbo/src/main/java/org/jsoup/nodes/DocumentType.java:36: error: illegal start of type\n    [javac]         accum.append('>');\n    [javac]                      ^\n    [javac] /data/cmd/Ming/llm-fl-apr/tmp/Jsoup_16-prompt_apr_5-qwen-turbo/src/main/java/org/jsoup/nodes/DocumentType.java:40: error: class, interface, or enum expected\n    [javac]     void outerHtmlTail(StringBuilder accum, int depth, Document.OutputSettings out) {\n    [javac]     ^\n    [javac] 35 errors\n    [javac] 1 warning\n\nBUILD FAILED\n/data/cmd/Ming/llm-fl-apr/tmp/Jsoup_16-prompt_apr_5-qwen-turbo/maven-build.xml:74: Compile failed; see the compiler error output for details.\n\nTotal time: 1 second\nCannot compile sources! at /data/cmd/Ming/LLM_Based-Mutation/tools/mutant/defects4j-2.1.0/framework/bin/d4j/d4j-compile line 82.\nCompilation failed in require at /data/cmd/Ming/LLM_Based-Mutation/tools/mutant/defects4j-2.1.0/framework/bin/defects4j line 195.\n"
                }
            },
            "doubao-pro-4k": {},
            "gpt-4o-mini": {
                "compile": {
                    "rc": 1,
                    "so": "",
                    "se": "Running ant (compile)...................................................... FAIL\nExecuted command:  cd /data/cmd/Ming/llm-fl-apr/tmp/Jsoup_16-prompt_apr_5-gpt-4o-mini && /data/cmd/Ming/LLM_Based-Mutation/tools/mutant/defects4j-2.1.0/major/bin/ant -f /data/cmd/Ming/LLM_Based-Mutation/tools/mutant/defects4j-2.1.0/framework/projects/defects4j.build.xml -Dd4j.home=/data/cmd/Ming/LLM_Based-Mutation/tools/mutant/defects4j-2.1.0 -Dd4j.dir.projects=/data/cmd/Ming/LLM_Based-Mutation/tools/mutant/defects4j-2.1.0/framework/projects -Dbasedir=/data/cmd/Ming/llm-fl-apr/tmp/Jsoup_16-prompt_apr_5-gpt-4o-mini -Dbuild.compiler=javac1.7  compile 2>&1\nJava HotSpot(TM) 64-Bit Server VM warning: ignoring option MaxPermSize=1G; support was removed in 8.0\nBuildfile: /data/cmd/Ming/LLM_Based-Mutation/tools/mutant/defects4j-2.1.0/framework/projects/defects4j.build.xml\n\ntest-offline:\n\nget-deps:\n\njsoup-from-maven.compile:\n    [mkdir] Created dir: /data/cmd/Ming/llm-fl-apr/tmp/Jsoup_16-prompt_apr_5-gpt-4o-mini/target/classes\n    [javac] /data/cmd/Ming/llm-fl-apr/tmp/Jsoup_16-prompt_apr_5-gpt-4o-mini/maven-build.xml:74: warning: 'includeantruntime' was not set, defaulting to build.sysclasspath=last; set to false for repeatable builds\n    [javac] Compiling 46 source files to /data/cmd/Ming/llm-fl-apr/tmp/Jsoup_16-prompt_apr_5-gpt-4o-mini/target/classes\n    [javac] warning: [options] bootstrap class path not set in conjunction with -source 1.5\n    [javac] /data/cmd/Ming/llm-fl-apr/tmp/Jsoup_16-prompt_apr_5-gpt-4o-mini/src/main/java/org/jsoup/nodes/DocumentType.java:32: error: <identifier> expected\n    [javac] accum.append(\"<!DOCTYPE html>\");        accum.append(\"<!DOCTYPE html\");\n    [javac]             ^\n    [javac] /data/cmd/Ming/llm-fl-apr/tmp/Jsoup_16-prompt_apr_5-gpt-4o-mini/src/main/java/org/jsoup/nodes/DocumentType.java:32: error: illegal start of type\n    [javac] accum.append(\"<!DOCTYPE html>\");        accum.append(\"<!DOCTYPE html\");\n    [javac]              ^\n    [javac] /data/cmd/Ming/llm-fl-apr/tmp/Jsoup_16-prompt_apr_5-gpt-4o-mini/src/main/java/org/jsoup/nodes/DocumentType.java:32: error: <identifier> expected\n    [javac] accum.append(\"<!DOCTYPE html>\");        accum.append(\"<!DOCTYPE html\");\n    [javac]                                                     ^\n    [javac] /data/cmd/Ming/llm-fl-apr/tmp/Jsoup_16-prompt_apr_5-gpt-4o-mini/src/main/java/org/jsoup/nodes/DocumentType.java:32: error: illegal start of type\n    [javac] accum.append(\"<!DOCTYPE html>\");        accum.append(\"<!DOCTYPE html\");\n    [javac]                                                      ^\n    [javac] /data/cmd/Ming/llm-fl-apr/tmp/Jsoup_16-prompt_apr_5-gpt-4o-mini/src/main/java/org/jsoup/nodes/DocumentType.java:33: error: illegal start of type\n    [javac]         if (!StringUtil.isBlank(attr(\"publicId\")))\n    [javac]         ^\n    [javac] /data/cmd/Ming/llm-fl-apr/tmp/Jsoup_16-prompt_apr_5-gpt-4o-mini/src/main/java/org/jsoup/nodes/DocumentType.java:33: error: illegal start of type\n    [javac]         if (!StringUtil.isBlank(attr(\"publicId\")))\n    [javac]             ^\n    [javac] /data/cmd/Ming/llm-fl-apr/tmp/Jsoup_16-prompt_apr_5-gpt-4o-mini/src/main/java/org/jsoup/nodes/DocumentType.java:33: error: ')' expected\n    [javac]         if (!StringUtil.isBlank(attr(\"publicId\")))\n    [javac]              ^\n    [javac] /data/cmd/Ming/llm-fl-apr/tmp/Jsoup_16-prompt_apr_5-gpt-4o-mini/src/main/java/org/jsoup/nodes/DocumentType.java:33: error: ';' expected\n    [javac]         if (!StringUtil.isBlank(attr(\"publicId\")))\n    [javac]                        ^\n    [javac] /data/cmd/Ming/llm-fl-apr/tmp/Jsoup_16-prompt_apr_5-gpt-4o-mini/src/main/java/org/jsoup/nodes/DocumentType.java:33: error: invalid method declaration; return type required\n    [javac]         if (!StringUtil.isBlank(attr(\"publicId\")))\n    [javac]                         ^\n    [javac] /data/cmd/Ming/llm-fl-apr/tmp/Jsoup_16-prompt_apr_5-gpt-4o-mini/src/main/java/org/jsoup/nodes/DocumentType.java:33: error: <identifier> expected\n    [javac]         if (!StringUtil.isBlank(attr(\"publicId\")))\n    [javac]                                     ^\n    [javac] /data/cmd/Ming/llm-fl-apr/tmp/Jsoup_16-prompt_apr_5-gpt-4o-mini/src/main/java/org/jsoup/nodes/DocumentType.java:33: error: ';' expected\n    [javac]         if (!StringUtil.isBlank(attr(\"publicId\")))\n    [javac]                                      ^\n    [javac] /data/cmd/Ming/llm-fl-apr/tmp/Jsoup_16-prompt_apr_5-gpt-4o-mini/src/main/java/org/jsoup/nodes/DocumentType.java:33: error: illegal start of type\n    [javac]         if (!StringUtil.isBlank(attr(\"publicId\")))\n    [javac]                                                ^\n    [javac] /data/cmd/Ming/llm-fl-apr/tmp/Jsoup_16-prompt_apr_5-gpt-4o-mini/src/main/java/org/jsoup/nodes/DocumentType.java:33: error: <identifier> expected\n    [javac]         if (!StringUtil.isBlank(attr(\"publicId\")))\n    [javac]                                                 ^\n    [javac] /data/cmd/Ming/llm-fl-apr/tmp/Jsoup_16-prompt_apr_5-gpt-4o-mini/src/main/java/org/jsoup/nodes/DocumentType.java:33: error: ';' expected\n    [javac]         if (!StringUtil.isBlank(attr(\"publicId\")))\n    [javac]                                                  ^\n    [javac] /data/cmd/Ming/llm-fl-apr/tmp/Jsoup_16-prompt_apr_5-gpt-4o-mini/src/main/java/org/jsoup/nodes/DocumentType.java:34: error: <identifier> expected\n    [javac] accum.append(' ').append(attr(\"systemId\")).append('\"');        if (!StringUtil.isBlank(attr(\"systemId\")))\n    [javac]             ^\n    [javac] /data/cmd/Ming/llm-fl-apr/tmp/Jsoup_16-prompt_apr_5-gpt-4o-mini/src/main/java/org/jsoup/nodes/DocumentType.java:34: error: illegal start of type\n    [javac] accum.append(' ').append(attr(\"systemId\")).append('\"');        if (!StringUtil.isBlank(attr(\"systemId\")))\n    [javac]              ^\n    [javac] /data/cmd/Ming/llm-fl-apr/tmp/Jsoup_16-prompt_apr_5-gpt-4o-mini/src/main/java/org/jsoup/nodes/DocumentType.java:34: error: ';' expected\n    [javac] accum.append(' ').append(attr(\"systemId\")).append('\"');        if (!StringUtil.isBlank(attr(\"systemId\")))\n    [javac]                  ^\n    [javac] /data/cmd/Ming/llm-fl-apr/tmp/Jsoup_16-prompt_apr_5-gpt-4o-mini/src/main/java/org/jsoup/nodes/DocumentType.java:34: error: illegal start of type\n    [javac] accum.append(' ').append(attr(\"systemId\")).append('\"');        if (!StringUtil.isBlank(attr(\"systemId\")))\n    [javac]                                                                ^\n    [javac] /data/cmd/Ming/llm-fl-apr/tmp/Jsoup_16-prompt_apr_5-gpt-4o-mini/src/main/java/org/jsoup/nodes/DocumentType.java:34: error: illegal start of type\n    [javac] accum.append(' ').append(attr(\"systemId\")).append('\"');        if (!StringUtil.isBlank(attr(\"systemId\")))\n    [javac]                                                                    ^\n    [javac] /data/cmd/Ming/llm-fl-apr/tmp/Jsoup_16-prompt_apr_5-gpt-4o-mini/src/main/java/org/jsoup/nodes/DocumentType.java:34: error: ')' expected\n    [javac] accum.append(' ').append(attr(\"systemId\")).append('\"');        if (!StringUtil.isBlank(attr(\"systemId\")))\n    [javac]                                                                     ^\n    [javac] /data/cmd/Ming/llm-fl-apr/tmp/Jsoup_16-prompt_apr_5-gpt-4o-mini/src/main/java/org/jsoup/nodes/DocumentType.java:34: error: ';' expected\n    [javac] accum.append(' ').append(attr(\"systemId\")).append('\"');        if (!StringUtil.isBlank(attr(\"systemId\")))\n    [javac]                                                                               ^\n    [javac] /data/cmd/Ming/llm-fl-apr/tmp/Jsoup_16-prompt_apr_5-gpt-4o-mini/src/main/java/org/jsoup/nodes/DocumentType.java:34: error: invalid method declaration; return type required\n    [javac] accum.append(' ').append(attr(\"systemId\")).append('\"');        if (!StringUtil.isBlank(attr(\"systemId\")))\n    [javac]                                                                                ^\n    [javac] /data/cmd/Ming/llm-fl-apr/tmp/Jsoup_16-prompt_apr_5-gpt-4o-mini/src/main/java/org/jsoup/nodes/DocumentType.java:34: error: <identifier> expected\n    [javac] accum.append(' ').append(attr(\"systemId\")).append('\"');        if (!StringUtil.isBlank(attr(\"systemId\")))\n    [javac]                                                                                            ^\n    [javac] /data/cmd/Ming/llm-fl-apr/tmp/Jsoup_16-prompt_apr_5-gpt-4o-mini/src/main/java/org/jsoup/nodes/DocumentType.java:34: error: ';' expected\n    [javac] accum.append(' ').append(attr(\"systemId\")).append('\"');        if (!StringUtil.isBlank(attr(\"systemId\")))\n    [javac]                                                                                             ^\n    [javac] /data/cmd/Ming/llm-fl-apr/tmp/Jsoup_16-prompt_apr_5-gpt-4o-mini/src/main/java/org/jsoup/nodes/DocumentType.java:34: error: illegal start of type\n    [javac] accum.append(' ').append(attr(\"systemId\")).append('\"');        if (!StringUtil.isBlank(attr(\"systemId\")))\n    [javac]                                                                                                       ^\n    [javac] /data/cmd/Ming/llm-fl-apr/tmp/Jsoup_16-prompt_apr_5-gpt-4o-mini/src/main/java/org/jsoup/nodes/DocumentType.java:34: error: <identifier> expected\n    [javac] accum.append(' ').append(attr(\"systemId\")).append('\"');        if (!StringUtil.isBlank(attr(\"systemId\")))\n    [javac]                                                                                                        ^\n    [javac] /data/cmd/Ming/llm-fl-apr/tmp/Jsoup_16-prompt_apr_5-gpt-4o-mini/src/main/java/org/jsoup/nodes/DocumentType.java:34: error: ';' expected\n    [javac] accum.append(' ').append(attr(\"systemId\")).append('\"');        if (!StringUtil.isBlank(attr(\"systemId\")))\n    [javac]                                                                                                         ^\n    [javac] /data/cmd/Ming/llm-fl-apr/tmp/Jsoup_16-prompt_apr_5-gpt-4o-mini/src/main/java/org/jsoup/nodes/DocumentType.java:35: error: <identifier> expected\n    [javac]             accum.append(' ').append(attr(\"systemId\")).append(\"\\\"\");\n    [javac]                         ^\n    [javac] /data/cmd/Ming/llm-fl-apr/tmp/Jsoup_16-prompt_apr_5-gpt-4o-mini/src/main/java/org/jsoup/nodes/DocumentType.java:35: error: illegal start of type\n    [javac]             accum.append(' ').append(attr(\"systemId\")).append(\"\\\"\");\n    [javac]                          ^\n    [javac] /data/cmd/Ming/llm-fl-apr/tmp/Jsoup_16-prompt_apr_5-gpt-4o-mini/src/main/java/org/jsoup/nodes/DocumentType.java:35: error: ';' expected\n    [javac]             accum.append(' ').append(attr(\"systemId\")).append(\"\\\"\");\n    [javac]                              ^\n    [javac] /data/cmd/Ming/llm-fl-apr/tmp/Jsoup_16-prompt_apr_5-gpt-4o-mini/src/main/java/org/jsoup/nodes/DocumentType.java:36: error: <identifier> expected\n    [javac]         accum.append('>');\n    [javac]                     ^\n    [javac] /data/cmd/Ming/llm-fl-apr/tmp/Jsoup_16-prompt_apr_5-gpt-4o-mini/src/main/java/org/jsoup/nodes/DocumentType.java:36: error: illegal start of type\n    [javac]         accum.append('>');\n    [javac]                      ^\n    [javac] /data/cmd/Ming/llm-fl-apr/tmp/Jsoup_16-prompt_apr_5-gpt-4o-mini/src/main/java/org/jsoup/nodes/DocumentType.java:40: error: class, interface, or enum expected\n    [javac]     void outerHtmlTail(StringBuilder accum, int depth, Document.OutputSettings out) {\n    [javac]     ^\n    [javac] 33 errors\n    [javac] 1 warning\n\nBUILD FAILED\n/data/cmd/Ming/llm-fl-apr/tmp/Jsoup_16-prompt_apr_5-gpt-4o-mini/maven-build.xml:74: Compile failed; see the compiler error output for details.\n\nTotal time: 2 seconds\nCannot compile sources! at /data/cmd/Ming/LLM_Based-Mutation/tools/mutant/defects4j-2.1.0/framework/bin/d4j/d4j-compile line 82.\nCompilation failed in require at /data/cmd/Ming/LLM_Based-Mutation/tools/mutant/defects4j-2.1.0/framework/bin/defects4j line 195.\n"
                }
            },
            "deepseek-chat": {
                "compile": {
                    "rc": 1,
                    "so": "",
                    "se": "Running ant (compile)...................................................... FAIL\nExecuted command:  cd /data/cmd/Ming/llm-fl-apr/tmp/Jsoup_16-prompt_apr_5-deepseek-chat && /data/cmd/Ming/LLM_Based-Mutation/tools/mutant/defects4j-2.1.0/major/bin/ant -f /data/cmd/Ming/LLM_Based-Mutation/tools/mutant/defects4j-2.1.0/framework/projects/defects4j.build.xml -Dd4j.home=/data/cmd/Ming/LLM_Based-Mutation/tools/mutant/defects4j-2.1.0 -Dd4j.dir.projects=/data/cmd/Ming/LLM_Based-Mutation/tools/mutant/defects4j-2.1.0/framework/projects -Dbasedir=/data/cmd/Ming/llm-fl-apr/tmp/Jsoup_16-prompt_apr_5-deepseek-chat -Dbuild.compiler=javac1.7  compile 2>&1\nJava HotSpot(TM) 64-Bit Server VM warning: ignoring option MaxPermSize=1G; support was removed in 8.0\nBuildfile: /data/cmd/Ming/LLM_Based-Mutation/tools/mutant/defects4j-2.1.0/framework/projects/defects4j.build.xml\n\ntest-offline:\n\nget-deps:\n\njsoup-from-maven.compile:\n    [mkdir] Created dir: /data/cmd/Ming/llm-fl-apr/tmp/Jsoup_16-prompt_apr_5-deepseek-chat/target/classes\n    [javac] /data/cmd/Ming/llm-fl-apr/tmp/Jsoup_16-prompt_apr_5-deepseek-chat/maven-build.xml:74: warning: 'includeantruntime' was not set, defaulting to build.sysclasspath=last; set to false for repeatable builds\n    [javac] Compiling 46 source files to /data/cmd/Ming/llm-fl-apr/tmp/Jsoup_16-prompt_apr_5-deepseek-chat/target/classes\n    [javac] warning: [options] bootstrap class path not set in conjunction with -source 1.5\n    [javac] /data/cmd/Ming/llm-fl-apr/tmp/Jsoup_16-prompt_apr_5-deepseek-chat/src/main/java/org/jsoup/nodes/DocumentType.java:31: error: <identifier> expected\n    [javac]         accum.append(\"<!DOCTYPE html\");    void outerHtmlHead(StringBuilder accum, int depth, Document.OutputSettings out) {\n    [javac]                     ^\n    [javac] /data/cmd/Ming/llm-fl-apr/tmp/Jsoup_16-prompt_apr_5-deepseek-chat/src/main/java/org/jsoup/nodes/DocumentType.java:31: error: illegal start of type\n    [javac]         accum.append(\"<!DOCTYPE html\");    void outerHtmlHead(StringBuilder accum, int depth, Document.OutputSettings out) {\n    [javac]                      ^\n    [javac] 2 errors\n    [javac] 1 warning\n\nBUILD FAILED\n/data/cmd/Ming/llm-fl-apr/tmp/Jsoup_16-prompt_apr_5-deepseek-chat/maven-build.xml:74: Compile failed; see the compiler error output for details.\n\nTotal time: 2 seconds\nCannot compile sources! at /data/cmd/Ming/LLM_Based-Mutation/tools/mutant/defects4j-2.1.0/framework/bin/d4j/d4j-compile line 82.\nCompilation failed in require at /data/cmd/Ming/LLM_Based-Mutation/tools/mutant/defects4j-2.1.0/framework/bin/defects4j line 195.\n"
                }
            }
        },
        "prompt_apr_6": {
            "ernie-3.5-128k": {
                "compile": {
                    "rc": 0,
                    "so": "",
                    "se": "Running ant (compile)...................................................... OK\nRunning ant (compile.tests)................................................ OK\n"
                },
                "test": {
                    "rc": 0,
                    "so": "Failing tests: 2\n  - org.jsoup.nodes.DocumentTypeTest::outerHtmlGeneration\n  - org.jsoup.nodes.DocumentTypeTest::constructorValidationThrowsExceptionOnBlankName\n",
                    "se": "Running ant (compile.tests)................................................ OK\nRunning ant (run.dev.tests)................................................ OK\n"
                }
            },
            "qwen-turbo": {
                "compile": {
                    "rc": 1,
                    "so": "",
                    "se": "Running ant (compile)...................................................... FAIL\nExecuted command:  cd /data/cmd/Ming/llm-fl-apr/tmp/Jsoup_16-prompt_apr_6-qwen-turbo && /data/cmd/Ming/LLM_Based-Mutation/tools/mutant/defects4j-2.1.0/major/bin/ant -f /data/cmd/Ming/LLM_Based-Mutation/tools/mutant/defects4j-2.1.0/framework/projects/defects4j.build.xml -Dd4j.home=/data/cmd/Ming/LLM_Based-Mutation/tools/mutant/defects4j-2.1.0 -Dd4j.dir.projects=/data/cmd/Ming/LLM_Based-Mutation/tools/mutant/defects4j-2.1.0/framework/projects -Dbasedir=/data/cmd/Ming/llm-fl-apr/tmp/Jsoup_16-prompt_apr_6-qwen-turbo -Dbuild.compiler=javac1.7  compile 2>&1\nJava HotSpot(TM) 64-Bit Server VM warning: ignoring option MaxPermSize=1G; support was removed in 8.0\nBuildfile: /data/cmd/Ming/LLM_Based-Mutation/tools/mutant/defects4j-2.1.0/framework/projects/defects4j.build.xml\n\ntest-offline:\n\nget-deps:\n\njsoup-from-maven.compile:\n    [mkdir] Created dir: /data/cmd/Ming/llm-fl-apr/tmp/Jsoup_16-prompt_apr_6-qwen-turbo/target/classes\n    [javac] /data/cmd/Ming/llm-fl-apr/tmp/Jsoup_16-prompt_apr_6-qwen-turbo/maven-build.xml:74: warning: 'includeantruntime' was not set, defaulting to build.sysclasspath=last; set to false for repeatable builds\n    [javac] Compiling 46 source files to /data/cmd/Ming/llm-fl-apr/tmp/Jsoup_16-prompt_apr_6-qwen-turbo/target/classes\n    [javac] warning: [options] bootstrap class path not set in conjunction with -source 1.5\n    [javac] /data/cmd/Ming/llm-fl-apr/tmp/Jsoup_16-prompt_apr_6-qwen-turbo/src/main/java/org/jsoup/nodes/DocumentType.java:34: error: unclosed character literal\n    [javac] accum.append(' \"').append(attr(\"systemId\")).append('\"');            accum.append(\" PUBLIC \\\"\").append(attr(\"publicId\")).append(\"\\\"\");\n    [javac]              ^\n    [javac] /data/cmd/Ming/llm-fl-apr/tmp/Jsoup_16-prompt_apr_6-qwen-turbo/src/main/java/org/jsoup/nodes/DocumentType.java:34: error: ';' expected\n    [javac] accum.append(' \"').append(attr(\"systemId\")).append('\"');            accum.append(\" PUBLIC \\\"\").append(attr(\"publicId\")).append(\"\\\"\");\n    [javac]                ^\n    [javac] /data/cmd/Ming/llm-fl-apr/tmp/Jsoup_16-prompt_apr_6-qwen-turbo/src/main/java/org/jsoup/nodes/DocumentType.java:34: error: not a statement\n    [javac] accum.append(' \"').append(attr(\"systemId\")).append('\"');            accum.append(\" PUBLIC \\\"\").append(attr(\"publicId\")).append(\"\\\"\");\n    [javac]                                 ^\n    [javac] /data/cmd/Ming/llm-fl-apr/tmp/Jsoup_16-prompt_apr_6-qwen-turbo/src/main/java/org/jsoup/nodes/DocumentType.java:34: error: ';' expected\n    [javac] accum.append(' \"').append(attr(\"systemId\")).append('\"');            accum.append(\" PUBLIC \\\"\").append(attr(\"publicId\")).append(\"\\\"\");\n    [javac]                                         ^\n    [javac] /data/cmd/Ming/llm-fl-apr/tmp/Jsoup_16-prompt_apr_6-qwen-turbo/src/main/java/org/jsoup/nodes/DocumentType.java:34: error: unclosed character literal\n    [javac] accum.append(' \"').append(attr(\"systemId\")).append('\"');            accum.append(\" PUBLIC \\\"\").append(attr(\"publicId\")).append(\"\\\"\");\n    [javac]                                                      ^\n    [javac] 5 errors\n    [javac] 1 warning\n\nBUILD FAILED\n/data/cmd/Ming/llm-fl-apr/tmp/Jsoup_16-prompt_apr_6-qwen-turbo/maven-build.xml:74: Compile failed; see the compiler error output for details.\n\nTotal time: 2 seconds\nCannot compile sources! at /data/cmd/Ming/LLM_Based-Mutation/tools/mutant/defects4j-2.1.0/framework/bin/d4j/d4j-compile line 82.\nCompilation failed in require at /data/cmd/Ming/LLM_Based-Mutation/tools/mutant/defects4j-2.1.0/framework/bin/defects4j line 195.\n"
                }
            },
            "doubao-pro-4k": {},
            "gpt-4o-mini": {
                "compile": {
                    "rc": 1,
                    "so": "",
                    "se": "Running ant (compile)...................................................... FAIL\nExecuted command:  cd /data/cmd/Ming/llm-fl-apr/tmp/Jsoup_16-prompt_apr_6-gpt-4o-mini && /data/cmd/Ming/LLM_Based-Mutation/tools/mutant/defects4j-2.1.0/major/bin/ant -f /data/cmd/Ming/LLM_Based-Mutation/tools/mutant/defects4j-2.1.0/framework/projects/defects4j.build.xml -Dd4j.home=/data/cmd/Ming/LLM_Based-Mutation/tools/mutant/defects4j-2.1.0 -Dd4j.dir.projects=/data/cmd/Ming/LLM_Based-Mutation/tools/mutant/defects4j-2.1.0/framework/projects -Dbasedir=/data/cmd/Ming/llm-fl-apr/tmp/Jsoup_16-prompt_apr_6-gpt-4o-mini -Dbuild.compiler=javac1.7  compile 2>&1\nJava HotSpot(TM) 64-Bit Server VM warning: ignoring option MaxPermSize=1G; support was removed in 8.0\nBuildfile: /data/cmd/Ming/LLM_Based-Mutation/tools/mutant/defects4j-2.1.0/framework/projects/defects4j.build.xml\n\ntest-offline:\n\nget-deps:\n\njsoup-from-maven.compile:\n    [mkdir] Created dir: /data/cmd/Ming/llm-fl-apr/tmp/Jsoup_16-prompt_apr_6-gpt-4o-mini/target/classes\n    [javac] /data/cmd/Ming/llm-fl-apr/tmp/Jsoup_16-prompt_apr_6-gpt-4o-mini/maven-build.xml:74: warning: 'includeantruntime' was not set, defaulting to build.sysclasspath=last; set to false for repeatable builds\n    [javac] Compiling 46 source files to /data/cmd/Ming/llm-fl-apr/tmp/Jsoup_16-prompt_apr_6-gpt-4o-mini/target/classes\n    [javac] warning: [options] bootstrap class path not set in conjunction with -source 1.5\n    [javac] /data/cmd/Ming/llm-fl-apr/tmp/Jsoup_16-prompt_apr_6-gpt-4o-mini/src/main/java/org/jsoup/nodes/DocumentType.java:37: error: unclosed character literal\n    [javac] accum.append(' ').append(attr('systemId')).append('\"');        accum.append('>');\n    [javac]                               ^\n    [javac] /data/cmd/Ming/llm-fl-apr/tmp/Jsoup_16-prompt_apr_6-gpt-4o-mini/src/main/java/org/jsoup/nodes/DocumentType.java:37: error: ')' expected\n    [javac] accum.append(' ').append(attr('systemId')).append('\"');        accum.append('>');\n    [javac]                                 ^\n    [javac] /data/cmd/Ming/llm-fl-apr/tmp/Jsoup_16-prompt_apr_6-gpt-4o-mini/src/main/java/org/jsoup/nodes/DocumentType.java:37: error: unclosed character literal\n    [javac] accum.append(' ').append(attr('systemId')).append('\"');        accum.append('>');\n    [javac]                                        ^\n    [javac] /data/cmd/Ming/llm-fl-apr/tmp/Jsoup_16-prompt_apr_6-gpt-4o-mini/src/main/java/org/jsoup/nodes/DocumentType.java:37: error: illegal start of expression\n    [javac] accum.append(' ').append(attr('systemId')).append('\"');        accum.append('>');\n    [javac]                                          ^\n    [javac] /data/cmd/Ming/llm-fl-apr/tmp/Jsoup_16-prompt_apr_6-gpt-4o-mini/src/main/java/org/jsoup/nodes/DocumentType.java:37: error: ';' expected\n    [javac] accum.append(' ').append(attr('systemId')).append('\"');        accum.append('>');\n    [javac]                                           ^\n    [javac] 5 errors\n    [javac] 1 warning\n\nBUILD FAILED\n/data/cmd/Ming/llm-fl-apr/tmp/Jsoup_16-prompt_apr_6-gpt-4o-mini/maven-build.xml:74: Compile failed; see the compiler error output for details.\n\nTotal time: 2 seconds\nCannot compile sources! at /data/cmd/Ming/LLM_Based-Mutation/tools/mutant/defects4j-2.1.0/framework/bin/d4j/d4j-compile line 82.\nCompilation failed in require at /data/cmd/Ming/LLM_Based-Mutation/tools/mutant/defects4j-2.1.0/framework/bin/defects4j line 195.\n"
                }
            },
            "deepseek-chat": {
                "compile": {
                    "rc": 0,
                    "so": "",
                    "se": "Running ant (compile)...................................................... OK\nRunning ant (compile.tests)................................................ OK\n"
                },
                "test": {
                    "rc": 0,
                    "so": "Failing tests: 2\n  - org.jsoup.nodes.DocumentTypeTest::outerHtmlGeneration\n  - org.jsoup.nodes.DocumentTypeTest::constructorValidationThrowsExceptionOnBlankName\n",
                    "se": "Running ant (compile.tests)................................................ OK\nRunning ant (run.dev.tests)................................................ OK\n"
                }
            }
        }
    }
}