{
    "overall_status": {
        "prompt_apr_1": {
            "ernie-3.5-128k": "Compile failed",
            "qwen-turbo": "Compile failed",
            "doubao-pro-4k": "Pass all tests",
            "gpt-4o-mini": "Pass all tests",
            "deepseek-chat": "Compile failed"
        },
        "prompt_apr_2": {
            "ernie-3.5-128k": "Pass all tests",
            "qwen-turbo": "Compile failed",
            "doubao-pro-4k": "Pass all tests",
            "gpt-4o-mini": "Pass all tests",
            "deepseek-chat": "Fail some tests"
        },
        "prompt_apr_3": {
            "ernie-3.5-128k": "Compile failed",
            "qwen-turbo": "Compile failed",
            "doubao-pro-4k": "Fail some tests",
            "gpt-4o-mini": "Fail some tests",
            "deepseek-chat": "Compile failed"
        },
        "prompt_apr_4": {
            "ernie-3.5-128k": "Fail some tests",
            "qwen-turbo": "Fail some tests",
            "doubao-pro-4k": "Fail some tests",
            "gpt-4o-mini": "Pass all tests",
            "deepseek-chat": "Fail some tests"
        },
        "prompt_apr_5": {
            "ernie-3.5-128k": "Fail some tests",
            "qwen-turbo": "Fail some tests",
            "doubao-pro-4k": "Compile failed",
            "gpt-4o-mini": "Fail some tests",
            "deepseek-chat": "Fail some tests"
        },
        "prompt_apr_6": {
            "ernie-3.5-128k": "Compile failed",
            "qwen-turbo": "Compile failed",
            "doubao-pro-4k": "Fail some tests",
            "gpt-4o-mini": "Pass all tests",
            "deepseek-chat": "Fail some tests"
        }
    },
    "check_results_list": {
        "prompt_apr_1": {
            "ernie-3.5-128k": {
                "compile": {
                    "rc": 1,
                    "so": "",
                    "se": "Running ant (compile)...................................................... FAIL\nExecuted command:  cd /data/cmd/Ming/llm-fl-apr/tmp/Jsoup_88-prompt_apr_1-ernie-3.5-128k && /data/cmd/Ming/LLM_Based-Mutation/tools/mutant/defects4j-2.1.0/major/bin/ant -f /data/cmd/Ming/LLM_Based-Mutation/tools/mutant/defects4j-2.1.0/framework/projects/defects4j.build.xml -Dd4j.home=/data/cmd/Ming/LLM_Based-Mutation/tools/mutant/defects4j-2.1.0 -Dd4j.dir.projects=/data/cmd/Ming/LLM_Based-Mutation/tools/mutant/defects4j-2.1.0/framework/projects -Dbasedir=/data/cmd/Ming/llm-fl-apr/tmp/Jsoup_88-prompt_apr_1-ernie-3.5-128k -Dbuild.compiler=javac1.7  compile 2>&1\nJava HotSpot(TM) 64-Bit Server VM warning: ignoring option MaxPermSize=1G; support was removed in 8.0\nBuildfile: /data/cmd/Ming/LLM_Based-Mutation/tools/mutant/defects4j-2.1.0/framework/projects/defects4j.build.xml\n\ntest-offline:\n\nget-deps:\n\njsoup-from-maven.compile:\n    [mkdir] Created dir: /data/cmd/Ming/llm-fl-apr/tmp/Jsoup_88-prompt_apr_1-ernie-3.5-128k/target/classes\n    [javac] /data/cmd/Ming/llm-fl-apr/tmp/Jsoup_88-prompt_apr_1-ernie-3.5-128k/maven-build.xml:84: warning: 'includeantruntime' was not set, defaulting to build.sysclasspath=last; set to false for repeatable builds\n    [javac] Compiling 68 source files to /data/cmd/Ming/llm-fl-apr/tmp/Jsoup_88-prompt_apr_1-ernie-3.5-128k/target/classes\n    [javac] /data/cmd/Ming/llm-fl-apr/tmp/Jsoup_88-prompt_apr_1-ernie-3.5-128k/src/main/java/org/jsoup/nodes/Attribute.java:83: error: illegal character: \\96\n    [javac] Assuming `val` is a field in the class, using `this.val` explicitly (though often optional) ensures clarity and can help with compilation in some contexts where there might be a naming conflict (though not in this specific snippet). However, the primary issue mentioned was likely about ensuring `val` is defined and accessible within the class. If `val` is not defined, you need to define it first. Here's a more complete example:\n    [javac]          ^\n    [javac] /data/cmd/Ming/llm-fl-apr/tmp/Jsoup_88-prompt_apr_1-ernie-3.5-128k/src/main/java/org/jsoup/nodes/Attribute.java:83: error: illegal character: \\96\n    [javac] Assuming `val` is a field in the class, using `this.val` explicitly (though often optional) ensures clarity and can help with compilation in some contexts where there might be a naming conflict (though not in this specific snippet). However, the primary issue mentioned was likely about ensuring `val` is defined and accessible within the class. If `val` is not defined, you need to define it first. Here's a more complete example:\n    [javac]              ^\n    [javac] /data/cmd/Ming/llm-fl-apr/tmp/Jsoup_88-prompt_apr_1-ernie-3.5-128k/src/main/java/org/jsoup/nodes/Attribute.java:83: error: ';' expected\n    [javac] Assuming `val` is a field in the class, using `this.val` explicitly (though often optional) ensures clarity and can help with compilation in some contexts where there might be a naming conflict (though not in this specific snippet). However, the primary issue mentioned was likely about ensuring `val` is defined and accessible within the class. If `val` is not defined, you need to define it first. Here's a more complete example:\n    [javac]                    ^\n    [javac] /data/cmd/Ming/llm-fl-apr/tmp/Jsoup_88-prompt_apr_1-ernie-3.5-128k/src/main/java/org/jsoup/nodes/Attribute.java:83: error: ';' expected\n    [javac] Assuming `val` is a field in the class, using `this.val` explicitly (though often optional) ensures clarity and can help with compilation in some contexts where there might be a naming conflict (though not in this specific snippet). However, the primary issue mentioned was likely about ensuring `val` is defined and accessible within the class. If `val` is not defined, you need to define it first. Here's a more complete example:\n    [javac]                             ^\n    [javac] /data/cmd/Ming/llm-fl-apr/tmp/Jsoup_88-prompt_apr_1-ernie-3.5-128k/src/main/java/org/jsoup/nodes/Attribute.java:83: error: <identifier> expected\n    [javac] Assuming `val` is a field in the class, using `this.val` explicitly (though often optional) ensures clarity and can help with compilation in some contexts where there might be a naming conflict (though not in this specific snippet). However, the primary issue mentioned was likely about ensuring `val` is defined and accessible within the class. If `val` is not defined, you need to define it first. Here's a more complete example:\n    [javac]                                 ^\n    [javac] /data/cmd/Ming/llm-fl-apr/tmp/Jsoup_88-prompt_apr_1-ernie-3.5-128k/src/main/java/org/jsoup/nodes/Attribute.java:83: error: illegal start of type\n    [javac] Assuming `val` is a field in the class, using `this.val` explicitly (though often optional) ensures clarity and can help with compilation in some contexts where there might be a naming conflict (though not in this specific snippet). However, the primary issue mentioned was likely about ensuring `val` is defined and accessible within the class. If `val` is not defined, you need to define it first. Here's a more complete example:\n    [javac]                                       ^\n    [javac] /data/cmd/Ming/llm-fl-apr/tmp/Jsoup_88-prompt_apr_1-ernie-3.5-128k/src/main/java/org/jsoup/nodes/Attribute.java:83: error: illegal character: \\96\n    [javac] Assuming `val` is a field in the class, using `this.val` explicitly (though often optional) ensures clarity and can help with compilation in some contexts where there might be a naming conflict (though not in this specific snippet). However, the primary issue mentioned was likely about ensuring `val` is defined and accessible within the class. If `val` is not defined, you need to define it first. Here's a more complete example:\n    [javac]                                               ^\n    [javac] /data/cmd/Ming/llm-fl-apr/tmp/Jsoup_88-prompt_apr_1-ernie-3.5-128k/src/main/java/org/jsoup/nodes/Attribute.java:83: error: illegal character: \\96\n    [javac] Assuming `val` is a field in the class, using `this.val` explicitly (though often optional) ensures clarity and can help with compilation in some contexts where there might be a naming conflict (though not in this specific snippet). However, the primary issue mentioned was likely about ensuring `val` is defined and accessible within the class. If `val` is not defined, you need to define it first. Here's a more complete example:\n    [javac]                                                        ^\n    [javac] /data/cmd/Ming/llm-fl-apr/tmp/Jsoup_88-prompt_apr_1-ernie-3.5-128k/src/main/java/org/jsoup/nodes/Attribute.java:83: error: invalid method declaration; return type required\n    [javac] Assuming `val` is a field in the class, using `this.val` explicitly (though often optional) ensures clarity and can help with compilation in some contexts where there might be a naming conflict (though not in this specific snippet). However, the primary issue mentioned was likely about ensuring `val` is defined and accessible within the class. If `val` is not defined, you need to define it first. Here's a more complete example:\n    [javac]                                                          ^\n    [javac] /data/cmd/Ming/llm-fl-apr/tmp/Jsoup_88-prompt_apr_1-ernie-3.5-128k/src/main/java/org/jsoup/nodes/Attribute.java:83: error: ')' expected\n    [javac] Assuming `val` is a field in the class, using `this.val` explicitly (though often optional) ensures clarity and can help with compilation in some contexts where there might be a naming conflict (though not in this specific snippet). However, the primary issue mentioned was likely about ensuring `val` is defined and accessible within the class. If `val` is not defined, you need to define it first. Here's a more complete example:\n    [javac]                                                                                  ^\n    [javac] /data/cmd/Ming/llm-fl-apr/tmp/Jsoup_88-prompt_apr_1-ernie-3.5-128k/src/main/java/org/jsoup/nodes/Attribute.java:83: error: illegal start of type\n    [javac] Assuming `val` is a field in the class, using `this.val` explicitly (though often optional) ensures clarity and can help with compilation in some contexts where there might be a naming conflict (though not in this specific snippet). However, the primary issue mentioned was likely about ensuring `val` is defined and accessible within the class. If `val` is not defined, you need to define it first. Here's a more complete example:\n    [javac]                                                                                           ^\n    [javac] /data/cmd/Ming/llm-fl-apr/tmp/Jsoup_88-prompt_apr_1-ernie-3.5-128k/src/main/java/org/jsoup/nodes/Attribute.java:83: error: ';' expected\n    [javac] Assuming `val` is a field in the class, using `this.val` explicitly (though often optional) ensures clarity and can help with compilation in some contexts where there might be a naming conflict (though not in this specific snippet). However, the primary issue mentioned was likely about ensuring `val` is defined and accessible within the class. If `val` is not defined, you need to define it first. Here's a more complete example:\n    [javac]                                                                                                    ^\n    [javac] /data/cmd/Ming/llm-fl-apr/tmp/Jsoup_88-prompt_apr_1-ernie-3.5-128k/src/main/java/org/jsoup/nodes/Attribute.java:83: error: ';' expected\n    [javac] Assuming `val` is a field in the class, using `this.val` explicitly (though often optional) ensures clarity and can help with compilation in some contexts where there might be a naming conflict (though not in this specific snippet). However, the primary issue mentioned was likely about ensuring `val` is defined and accessible within the class. If `val` is not defined, you need to define it first. Here's a more complete example:\n    [javac]                                                                                                                ^\n    [javac] /data/cmd/Ming/llm-fl-apr/tmp/Jsoup_88-prompt_apr_1-ernie-3.5-128k/src/main/java/org/jsoup/nodes/Attribute.java:83: error: ';' expected\n    [javac] Assuming `val` is a field in the class, using `this.val` explicitly (though often optional) ensures clarity and can help with compilation in some contexts where there might be a naming conflict (though not in this specific snippet). However, the primary issue mentioned was likely about ensuring `val` is defined and accessible within the class. If `val` is not defined, you need to define it first. Here's a more complete example:\n    [javac]                                                                                                                         ^\n    [javac] /data/cmd/Ming/llm-fl-apr/tmp/Jsoup_88-prompt_apr_1-ernie-3.5-128k/src/main/java/org/jsoup/nodes/Attribute.java:83: error: ';' expected\n    [javac] Assuming `val` is a field in the class, using `this.val` explicitly (though often optional) ensures clarity and can help with compilation in some contexts where there might be a naming conflict (though not in this specific snippet). However, the primary issue mentioned was likely about ensuring `val` is defined and accessible within the class. If `val` is not defined, you need to define it first. Here's a more complete example:\n    [javac]                                                                                                                                          ^\n    [javac] /data/cmd/Ming/llm-fl-apr/tmp/Jsoup_88-prompt_apr_1-ernie-3.5-128k/src/main/java/org/jsoup/nodes/Attribute.java:83: error: ';' expected\n    [javac] Assuming `val` is a field in the class, using `this.val` explicitly (though often optional) ensures clarity and can help with compilation in some contexts where there might be a naming conflict (though not in this specific snippet). However, the primary issue mentioned was likely about ensuring `val` is defined and accessible within the class. If `val` is not defined, you need to define it first. Here's a more complete example:\n    [javac]                                                                                                                                                  ^\n    [javac] /data/cmd/Ming/llm-fl-apr/tmp/Jsoup_88-prompt_apr_1-ernie-3.5-128k/src/main/java/org/jsoup/nodes/Attribute.java:83: error: ';' expected\n    [javac] Assuming `val` is a field in the class, using `this.val` explicitly (though often optional) ensures clarity and can help with compilation in some contexts where there might be a naming conflict (though not in this specific snippet). However, the primary issue mentioned was likely about ensuring `val` is defined and accessible within the class. If `val` is not defined, you need to define it first. Here's a more complete example:\n    [javac]                                                                                                                                                                 ^\n    [javac] /data/cmd/Ming/llm-fl-apr/tmp/Jsoup_88-prompt_apr_1-ernie-3.5-128k/src/main/java/org/jsoup/nodes/Attribute.java:83: error: ';' expected\n    [javac] Assuming `val` is a field in the class, using `this.val` explicitly (though often optional) ensures clarity and can help with compilation in some contexts where there might be a naming conflict (though not in this specific snippet). However, the primary issue mentioned was likely about ensuring `val` is defined and accessible within the class. If `val` is not defined, you need to define it first. Here's a more complete example:\n    [javac]                                                                                                                                                                             ^\n    [javac] /data/cmd/Ming/llm-fl-apr/tmp/Jsoup_88-prompt_apr_1-ernie-3.5-128k/src/main/java/org/jsoup/nodes/Attribute.java:83: error: ';' expected\n    [javac] Assuming `val` is a field in the class, using `this.val` explicitly (though often optional) ensures clarity and can help with compilation in some contexts where there might be a naming conflict (though not in this specific snippet). However, the primary issue mentioned was likely about ensuring `val` is defined and accessible within the class. If `val` is not defined, you need to define it first. Here's a more complete example:\n    [javac]                                                                                                                                                                                  ^\n    [javac] /data/cmd/Ming/llm-fl-apr/tmp/Jsoup_88-prompt_apr_1-ernie-3.5-128k/src/main/java/org/jsoup/nodes/Attribute.java:83: error: ')' expected\n    [javac] Assuming `val` is a field in the class, using `this.val` explicitly (though often optional) ensures clarity and can help with compilation in some contexts where there might be a naming conflict (though not in this specific snippet). However, the primary issue mentioned was likely about ensuring `val` is defined and accessible within the class. If `val` is not defined, you need to define it first. Here's a more complete example:\n    [javac]                                                                                                                                                                                                              ^\n    [javac] /data/cmd/Ming/llm-fl-apr/tmp/Jsoup_88-prompt_apr_1-ernie-3.5-128k/src/main/java/org/jsoup/nodes/Attribute.java:83: error: illegal start of type\n    [javac] Assuming `val` is a field in the class, using `this.val` explicitly (though often optional) ensures clarity and can help with compilation in some contexts where there might be a naming conflict (though not in this specific snippet). However, the primary issue mentioned was likely about ensuring `val` is defined and accessible within the class. If `val` is not defined, you need to define it first. Here's a more complete example:\n    [javac]                                                                                                                                                                                                                  ^\n    [javac] /data/cmd/Ming/llm-fl-apr/tmp/Jsoup_88-prompt_apr_1-ernie-3.5-128k/src/main/java/org/jsoup/nodes/Attribute.java:83: error: ';' expected\n    [javac] Assuming `val` is a field in the class, using `this.val` explicitly (though often optional) ensures clarity and can help with compilation in some contexts where there might be a naming conflict (though not in this specific snippet). However, the primary issue mentioned was likely about ensuring `val` is defined and accessible within the class. If `val` is not defined, you need to define it first. Here's a more complete example:\n    [javac]                                                                                                                                                                                                                               ^\n    [javac] /data/cmd/Ming/llm-fl-apr/tmp/Jsoup_88-prompt_apr_1-ernie-3.5-128k/src/main/java/org/jsoup/nodes/Attribute.java:83: error: <identifier> expected\n    [javac] Assuming `val` is a field in the class, using `this.val` explicitly (though often optional) ensures clarity and can help with compilation in some contexts where there might be a naming conflict (though not in this specific snippet). However, the primary issue mentioned was likely about ensuring `val` is defined and accessible within the class. If `val` is not defined, you need to define it first. Here's a more complete example:\n    [javac]                                                                                                                                                                                                                                       ^\n    [javac] /data/cmd/Ming/llm-fl-apr/tmp/Jsoup_88-prompt_apr_1-ernie-3.5-128k/src/main/java/org/jsoup/nodes/Attribute.java:83: error: illegal start of type\n    [javac] Assuming `val` is a field in the class, using `this.val` explicitly (though often optional) ensures clarity and can help with compilation in some contexts where there might be a naming conflict (though not in this specific snippet). However, the primary issue mentioned was likely about ensuring `val` is defined and accessible within the class. If `val` is not defined, you need to define it first. Here's a more complete example:\n    [javac]                                                                                                                                                                                                                                        ^\n    [javac] /data/cmd/Ming/llm-fl-apr/tmp/Jsoup_88-prompt_apr_1-ernie-3.5-128k/src/main/java/org/jsoup/nodes/Attribute.java:83: error: ';' expected\n    [javac] Assuming `val` is a field in the class, using `this.val` explicitly (though often optional) ensures clarity and can help with compilation in some contexts where there might be a naming conflict (though not in this specific snippet). However, the primary issue mentioned was likely about ensuring `val` is defined and accessible within the class. If `val` is not defined, you need to define it first. Here's a more complete example:\n    [javac]                                                                                                                                                                                                                                                      ^\n    [javac] /data/cmd/Ming/llm-fl-apr/tmp/Jsoup_88-prompt_apr_1-ernie-3.5-128k/src/main/java/org/jsoup/nodes/Attribute.java:83: error: ';' expected\n    [javac] Assuming `val` is a field in the class, using `this.val` explicitly (though often optional) ensures clarity and can help with compilation in some contexts where there might be a naming conflict (though not in this specific snippet). However, the primary issue mentioned was likely about ensuring `val` is defined and accessible within the class. If `val` is not defined, you need to define it first. Here's a more complete example:\n    [javac]                                                                                                                                                                                                                                                                    ^\n    [javac] /data/cmd/Ming/llm-fl-apr/tmp/Jsoup_88-prompt_apr_1-ernie-3.5-128k/src/main/java/org/jsoup/nodes/Attribute.java:83: error: ';' expected\n    [javac] Assuming `val` is a field in the class, using `this.val` explicitly (though often optional) ensures clarity and can help with compilation in some contexts where there might be a naming conflict (though not in this specific snippet). However, the primary issue mentioned was likely about ensuring `val` is defined and accessible within the class. If `val` is not defined, you need to define it first. Here's a more complete example:\n    [javac]                                                                                                                                                                                                                                                                                  ^\n    [javac] /data/cmd/Ming/llm-fl-apr/tmp/Jsoup_88-prompt_apr_1-ernie-3.5-128k/src/main/java/org/jsoup/nodes/Attribute.java:83: error: ';' expected\n    [javac] Assuming `val` is a field in the class, using `this.val` explicitly (though often optional) ensures clarity and can help with compilation in some contexts where there might be a naming conflict (though not in this specific snippet). However, the primary issue mentioned was likely about ensuring `val` is defined and accessible within the class. If `val` is not defined, you need to define it first. Here's a more complete example:\n    [javac]                                                                                                                                                                                                                                                                                               ^\n    [javac] /data/cmd/Ming/llm-fl-apr/tmp/Jsoup_88-prompt_apr_1-ernie-3.5-128k/src/main/java/org/jsoup/nodes/Attribute.java:83: error: illegal character: \\96\n    [javac] Assuming `val` is a field in the class, using `this.val` explicitly (though often optional) ensures clarity and can help with compilation in some contexts where there might be a naming conflict (though not in this specific snippet). However, the primary issue mentioned was likely about ensuring `val` is defined and accessible within the class. If `val` is not defined, you need to define it first. Here's a more complete example:\n    [javac]                                                                                                                                                                                                                                                                                                         ^\n    [javac] /data/cmd/Ming/llm-fl-apr/tmp/Jsoup_88-prompt_apr_1-ernie-3.5-128k/src/main/java/org/jsoup/nodes/Attribute.java:83: error: illegal character: \\96\n    [javac] Assuming `val` is a field in the class, using `this.val` explicitly (though often optional) ensures clarity and can help with compilation in some contexts where there might be a naming conflict (though not in this specific snippet). However, the primary issue mentioned was likely about ensuring `val` is defined and accessible within the class. If `val` is not defined, you need to define it first. Here's a more complete example:\n    [javac]                                                                                                                                                                                                                                                                                                             ^\n    [javac] /data/cmd/Ming/llm-fl-apr/tmp/Jsoup_88-prompt_apr_1-ernie-3.5-128k/src/main/java/org/jsoup/nodes/Attribute.java:83: error: ';' expected\n    [javac] Assuming `val` is a field in the class, using `this.val` explicitly (though often optional) ensures clarity and can help with compilation in some contexts where there might be a naming conflict (though not in this specific snippet). However, the primary issue mentioned was likely about ensuring `val` is defined and accessible within the class. If `val` is not defined, you need to define it first. Here's a more complete example:\n    [javac]                                                                                                                                                                                                                                                                                                                         ^\n    [javac] /data/cmd/Ming/llm-fl-apr/tmp/Jsoup_88-prompt_apr_1-ernie-3.5-128k/src/main/java/org/jsoup/nodes/Attribute.java:83: error: ';' expected\n    [javac] Assuming `val` is a field in the class, using `this.val` explicitly (though often optional) ensures clarity and can help with compilation in some contexts where there might be a naming conflict (though not in this specific snippet). However, the primary issue mentioned was likely about ensuring `val` is defined and accessible within the class. If `val` is not defined, you need to define it first. Here's a more complete example:\n    [javac]                                                                                                                                                                                                                                                                                                                                        ^\n    [javac] /data/cmd/Ming/llm-fl-apr/tmp/Jsoup_88-prompt_apr_1-ernie-3.5-128k/src/main/java/org/jsoup/nodes/Attribute.java:83: error: ';' expected\n    [javac] Assuming `val` is a field in the class, using `this.val` explicitly (though often optional) ensures clarity and can help with compilation in some contexts where there might be a naming conflict (though not in this specific snippet). However, the primary issue mentioned was likely about ensuring `val` is defined and accessible within the class. If `val` is not defined, you need to define it first. Here's a more complete example:\n    [javac]                                                                                                                                                                                                                                                                                                                                                   ^\n    [javac] /data/cmd/Ming/llm-fl-apr/tmp/Jsoup_88-prompt_apr_1-ernie-3.5-128k/src/main/java/org/jsoup/nodes/Attribute.java:83: error: <identifier> expected\n    [javac] Assuming `val` is a field in the class, using `this.val` explicitly (though often optional) ensures clarity and can help with compilation in some contexts where there might be a naming conflict (though not in this specific snippet). However, the primary issue mentioned was likely about ensuring `val` is defined and accessible within the class. If `val` is not defined, you need to define it first. Here's a more complete example:\n    [javac]                                                                                                                                                                                                                                                                                                                                                         ^\n    [javac] /data/cmd/Ming/llm-fl-apr/tmp/Jsoup_88-prompt_apr_1-ernie-3.5-128k/src/main/java/org/jsoup/nodes/Attribute.java:83: error: illegal character: \\96\n    [javac] Assuming `val` is a field in the class, using `this.val` explicitly (though often optional) ensures clarity and can help with compilation in some contexts where there might be a naming conflict (though not in this specific snippet). However, the primary issue mentioned was likely about ensuring `val` is defined and accessible within the class. If `val` is not defined, you need to define it first. Here's a more complete example:\n    [javac]                                                                                                                                                                                                                                                                                                                                                              ^\n    [javac] /data/cmd/Ming/llm-fl-apr/tmp/Jsoup_88-prompt_apr_1-ernie-3.5-128k/src/main/java/org/jsoup/nodes/Attribute.java:83: error: illegal character: \\96\n    [javac] Assuming `val` is a field in the class, using `this.val` explicitly (though often optional) ensures clarity and can help with compilation in some contexts where there might be a naming conflict (though not in this specific snippet). However, the primary issue mentioned was likely about ensuring `val` is defined and accessible within the class. If `val` is not defined, you need to define it first. Here's a more complete example:\n    [javac]                                                                                                                                                                                                                                                                                                                                                                  ^\n    [javac] /data/cmd/Ming/llm-fl-apr/tmp/Jsoup_88-prompt_apr_1-ernie-3.5-128k/src/main/java/org/jsoup/nodes/Attribute.java:83: error: ';' expected\n    [javac] Assuming `val` is a field in the class, using `this.val` explicitly (though often optional) ensures clarity and can help with compilation in some contexts where there might be a naming conflict (though not in this specific snippet). However, the primary issue mentioned was likely about ensuring `val` is defined and accessible within the class. If `val` is not defined, you need to define it first. Here's a more complete example:\n    [javac]                                                                                                                                                                                                                                                                                                                                                                          ^\n    [javac] /data/cmd/Ming/llm-fl-apr/tmp/Jsoup_88-prompt_apr_1-ernie-3.5-128k/src/main/java/org/jsoup/nodes/Attribute.java:83: error: <identifier> expected\n    [javac] Assuming `val` is a field in the class, using `this.val` explicitly (though often optional) ensures clarity and can help with compilation in some contexts where there might be a naming conflict (though not in this specific snippet). However, the primary issue mentioned was likely about ensuring `val` is defined and accessible within the class. If `val` is not defined, you need to define it first. Here's a more complete example:\n    [javac]                                                                                                                                                                                                                                                                                                                                                                                  ^\n    [javac] /data/cmd/Ming/llm-fl-apr/tmp/Jsoup_88-prompt_apr_1-ernie-3.5-128k/src/main/java/org/jsoup/nodes/Attribute.java:83: error: ';' expected\n    [javac] Assuming `val` is a field in the class, using `this.val` explicitly (though often optional) ensures clarity and can help with compilation in some contexts where there might be a naming conflict (though not in this specific snippet). However, the primary issue mentioned was likely about ensuring `val` is defined and accessible within the class. If `val` is not defined, you need to define it first. Here's a more complete example:\n    [javac]                                                                                                                                                                                                                                                                                                                                                                                       ^\n    [javac] /data/cmd/Ming/llm-fl-apr/tmp/Jsoup_88-prompt_apr_1-ernie-3.5-128k/src/main/java/org/jsoup/nodes/Attribute.java:83: error: ';' expected\n    [javac] Assuming `val` is a field in the class, using `this.val` explicitly (though often optional) ensures clarity and can help with compilation in some contexts where there might be a naming conflict (though not in this specific snippet). However, the primary issue mentioned was likely about ensuring `val` is defined and accessible within the class. If `val` is not defined, you need to define it first. Here's a more complete example:\n    [javac]                                                                                                                                                                                                                                                                                                                                                                                               ^\n    [javac] /data/cmd/Ming/llm-fl-apr/tmp/Jsoup_88-prompt_apr_1-ernie-3.5-128k/src/main/java/org/jsoup/nodes/Attribute.java:83: error: ';' expected\n    [javac] Assuming `val` is a field in the class, using `this.val` explicitly (though often optional) ensures clarity and can help with compilation in some contexts where there might be a naming conflict (though not in this specific snippet). However, the primary issue mentioned was likely about ensuring `val` is defined and accessible within the class. If `val` is not defined, you need to define it first. Here's a more complete example:\n    [javac]                                                                                                                                                                                                                                                                                                                                                                                                         ^\n    [javac] /data/cmd/Ming/llm-fl-apr/tmp/Jsoup_88-prompt_apr_1-ernie-3.5-128k/src/main/java/org/jsoup/nodes/Attribute.java:83: error: unclosed character literal\n    [javac] Assuming `val` is a field in the class, using `this.val` explicitly (though often optional) ensures clarity and can help with compilation in some contexts where there might be a naming conflict (though not in this specific snippet). However, the primary issue mentioned was likely about ensuring `val` is defined and accessible within the class. If `val` is not defined, you need to define it first. Here's a more complete example:\n    [javac]                                                                                                                                                                                                                                                                                                                                                                                                                     ^\n    [javac] /data/cmd/Ming/llm-fl-apr/tmp/Jsoup_88-prompt_apr_1-ernie-3.5-128k/src/main/java/org/jsoup/nodes/Attribute.java:83: error: ';' expected\n    [javac] Assuming `val` is a field in the class, using `this.val` explicitly (though often optional) ensures clarity and can help with compilation in some contexts where there might be a naming conflict (though not in this specific snippet). However, the primary issue mentioned was likely about ensuring `val` is defined and accessible within the class. If `val` is not defined, you need to define it first. Here's a more complete example:\n    [javac]                                                                                                                                                                                                                                                                                                                                                                                                                              ^\n    [javac] /data/cmd/Ming/llm-fl-apr/tmp/Jsoup_88-prompt_apr_1-ernie-3.5-128k/src/main/java/org/jsoup/nodes/Attribute.java:83: error: ';' expected\n    [javac] Assuming `val` is a field in the class, using `this.val` explicitly (though often optional) ensures clarity and can help with compilation in some contexts where there might be a naming conflict (though not in this specific snippet). However, the primary issue mentioned was likely about ensuring `val` is defined and accessible within the class. If `val` is not defined, you need to define it first. Here's a more complete example:\n    [javac]                                                                                                                                                                                                                                                                                                                                                                                                                                               ^\n    [javac] /data/cmd/Ming/llm-fl-apr/tmp/Jsoup_88-prompt_apr_1-ernie-3.5-128k/src/main/java/org/jsoup/nodes/Attribute.java:221: error: reached end of file while parsing\n    [javac] }\n    [javac]  ^\n    [javac] 45 errors\n\nBUILD FAILED\n/data/cmd/Ming/llm-fl-apr/tmp/Jsoup_88-prompt_apr_1-ernie-3.5-128k/maven-build.xml:84: Compile failed; see the compiler error output for details.\n\nTotal time: 2 seconds\nCannot compile sources! at /data/cmd/Ming/LLM_Based-Mutation/tools/mutant/defects4j-2.1.0/framework/bin/d4j/d4j-compile line 82.\nCompilation failed in require at /data/cmd/Ming/LLM_Based-Mutation/tools/mutant/defects4j-2.1.0/framework/bin/defects4j line 195.\n"
                }
            },
            "qwen-turbo": {
                "compile": {
                    "rc": 1,
                    "so": "",
                    "se": "Running ant (compile)...................................................... FAIL\nExecuted command:  cd /data/cmd/Ming/llm-fl-apr/tmp/Jsoup_88-prompt_apr_1-qwen-turbo && /data/cmd/Ming/LLM_Based-Mutation/tools/mutant/defects4j-2.1.0/major/bin/ant -f /data/cmd/Ming/LLM_Based-Mutation/tools/mutant/defects4j-2.1.0/framework/projects/defects4j.build.xml -Dd4j.home=/data/cmd/Ming/LLM_Based-Mutation/tools/mutant/defects4j-2.1.0 -Dd4j.dir.projects=/data/cmd/Ming/LLM_Based-Mutation/tools/mutant/defects4j-2.1.0/framework/projects -Dbasedir=/data/cmd/Ming/llm-fl-apr/tmp/Jsoup_88-prompt_apr_1-qwen-turbo -Dbuild.compiler=javac1.7  compile 2>&1\nJava HotSpot(TM) 64-Bit Server VM warning: ignoring option MaxPermSize=1G; support was removed in 8.0\nBuildfile: /data/cmd/Ming/LLM_Based-Mutation/tools/mutant/defects4j-2.1.0/framework/projects/defects4j.build.xml\n\ntest-offline:\n\nget-deps:\n\njsoup-from-maven.compile:\n    [mkdir] Created dir: /data/cmd/Ming/llm-fl-apr/tmp/Jsoup_88-prompt_apr_1-qwen-turbo/target/classes\n    [javac] /data/cmd/Ming/llm-fl-apr/tmp/Jsoup_88-prompt_apr_1-qwen-turbo/maven-build.xml:84: warning: 'includeantruntime' was not set, defaulting to build.sysclasspath=last; set to false for repeatable builds\n    [javac] Compiling 68 source files to /data/cmd/Ming/llm-fl-apr/tmp/Jsoup_88-prompt_apr_1-qwen-turbo/target/classes\n    [javac] /data/cmd/Ming/llm-fl-apr/tmp/Jsoup_88-prompt_apr_1-qwen-turbo/src/main/java/org/jsoup/nodes/Attribute.java:79: error: ';' expected\n    [javac] It seems there might be a misunderstanding because the provided code snippet does not contain an explicit bug on line 2. However, if you're encountering an issue such as `val` being uninitialized or not accessible, I'll provide a version where `val` is properly initialized and accessible within the method.\n    [javac]         ^\n    [javac] /data/cmd/Ming/llm-fl-apr/tmp/Jsoup_88-prompt_apr_1-qwen-turbo/src/main/java/org/jsoup/nodes/Attribute.java:79: error: ';' expected\n    [javac] It seems there might be a misunderstanding because the provided code snippet does not contain an explicit bug on line 2. However, if you're encountering an issue such as `val` being uninitialized or not accessible, I'll provide a version where `val` is properly initialized and accessible within the method.\n    [javac]                     ^\n    [javac] /data/cmd/Ming/llm-fl-apr/tmp/Jsoup_88-prompt_apr_1-qwen-turbo/src/main/java/org/jsoup/nodes/Attribute.java:79: error: ';' expected\n    [javac] It seems there might be a misunderstanding because the provided code snippet does not contain an explicit bug on line 2. However, if you're encountering an issue such as `val` being uninitialized or not accessible, I'll provide a version where `val` is properly initialized and accessible within the method.\n    [javac]                          ^\n    [javac] /data/cmd/Ming/llm-fl-apr/tmp/Jsoup_88-prompt_apr_1-qwen-turbo/src/main/java/org/jsoup/nodes/Attribute.java:79: error: ';' expected\n    [javac] It seems there might be a misunderstanding because the provided code snippet does not contain an explicit bug on line 2. However, if you're encountering an issue such as `val` being uninitialized or not accessible, I'll provide a version where `val` is properly initialized and accessible within the method.\n    [javac]                                                   ^\n    [javac] /data/cmd/Ming/llm-fl-apr/tmp/Jsoup_88-prompt_apr_1-qwen-turbo/src/main/java/org/jsoup/nodes/Attribute.java:79: error: ';' expected\n    [javac] It seems there might be a misunderstanding because the provided code snippet does not contain an explicit bug on line 2. However, if you're encountering an issue such as `val` being uninitialized or not accessible, I'll provide a version where `val` is properly initialized and accessible within the method.\n    [javac]                                                                ^\n    [javac] /data/cmd/Ming/llm-fl-apr/tmp/Jsoup_88-prompt_apr_1-qwen-turbo/src/main/java/org/jsoup/nodes/Attribute.java:79: error: ';' expected\n    [javac] It seems there might be a misunderstanding because the provided code snippet does not contain an explicit bug on line 2. However, if you're encountering an issue such as `val` being uninitialized or not accessible, I'll provide a version where `val` is properly initialized and accessible within the method.\n    [javac]                                                                             ^\n    [javac] /data/cmd/Ming/llm-fl-apr/tmp/Jsoup_88-prompt_apr_1-qwen-turbo/src/main/java/org/jsoup/nodes/Attribute.java:79: error: ';' expected\n    [javac] It seems there might be a misunderstanding because the provided code snippet does not contain an explicit bug on line 2. However, if you're encountering an issue such as `val` being uninitialized or not accessible, I'll provide a version where `val` is properly initialized and accessible within the method.\n    [javac]                                                                                      ^\n    [javac] /data/cmd/Ming/llm-fl-apr/tmp/Jsoup_88-prompt_apr_1-qwen-turbo/src/main/java/org/jsoup/nodes/Attribute.java:79: error: ';' expected\n    [javac] It seems there might be a misunderstanding because the provided code snippet does not contain an explicit bug on line 2. However, if you're encountering an issue such as `val` being uninitialized or not accessible, I'll provide a version where `val` is properly initialized and accessible within the method.\n    [javac]                                                                                                 ^\n    [javac] /data/cmd/Ming/llm-fl-apr/tmp/Jsoup_88-prompt_apr_1-qwen-turbo/src/main/java/org/jsoup/nodes/Attribute.java:79: error: ';' expected\n    [javac] It seems there might be a misunderstanding because the provided code snippet does not contain an explicit bug on line 2. However, if you're encountering an issue such as `val` being uninitialized or not accessible, I'll provide a version where `val` is properly initialized and accessible within the method.\n    [javac]                                                                                                              ^\n    [javac] /data/cmd/Ming/llm-fl-apr/tmp/Jsoup_88-prompt_apr_1-qwen-turbo/src/main/java/org/jsoup/nodes/Attribute.java:79: error: ';' expected\n    [javac] It seems there might be a misunderstanding because the provided code snippet does not contain an explicit bug on line 2. However, if you're encountering an issue such as `val` being uninitialized or not accessible, I'll provide a version where `val` is properly initialized and accessible within the method.\n    [javac]                                                                                                                      ^\n    [javac] /data/cmd/Ming/llm-fl-apr/tmp/Jsoup_88-prompt_apr_1-qwen-turbo/src/main/java/org/jsoup/nodes/Attribute.java:79: error: <identifier> expected\n    [javac] It seems there might be a misunderstanding because the provided code snippet does not contain an explicit bug on line 2. However, if you're encountering an issue such as `val` being uninitialized or not accessible, I'll provide a version where `val` is properly initialized and accessible within the method.\n    [javac]                                                                                                                                 ^\n    [javac] /data/cmd/Ming/llm-fl-apr/tmp/Jsoup_88-prompt_apr_1-qwen-turbo/src/main/java/org/jsoup/nodes/Attribute.java:79: error: <identifier> expected\n    [javac] It seems there might be a misunderstanding because the provided code snippet does not contain an explicit bug on line 2. However, if you're encountering an issue such as `val` being uninitialized or not accessible, I'll provide a version where `val` is properly initialized and accessible within the method.\n    [javac]                                                                                                                                  ^\n    [javac] /data/cmd/Ming/llm-fl-apr/tmp/Jsoup_88-prompt_apr_1-qwen-turbo/src/main/java/org/jsoup/nodes/Attribute.java:79: error: unclosed character literal\n    [javac] It seems there might be a misunderstanding because the provided code snippet does not contain an explicit bug on line 2. However, if you're encountering an issue such as `val` being uninitialized or not accessible, I'll provide a version where `val` is properly initialized and accessible within the method.\n    [javac]                                                                                                                                         ^\n    [javac] /data/cmd/Ming/llm-fl-apr/tmp/Jsoup_88-prompt_apr_1-qwen-turbo/src/main/java/org/jsoup/nodes/Attribute.java:79: error: ';' expected\n    [javac] It seems there might be a misunderstanding because the provided code snippet does not contain an explicit bug on line 2. However, if you're encountering an issue such as `val` being uninitialized or not accessible, I'll provide a version where `val` is properly initialized and accessible within the method.\n    [javac]                                                                                                                                                         ^\n    [javac] /data/cmd/Ming/llm-fl-apr/tmp/Jsoup_88-prompt_apr_1-qwen-turbo/src/main/java/org/jsoup/nodes/Attribute.java:79: error: ';' expected\n    [javac] It seems there might be a misunderstanding because the provided code snippet does not contain an explicit bug on line 2. However, if you're encountering an issue such as `val` being uninitialized or not accessible, I'll provide a version where `val` is properly initialized and accessible within the method.\n    [javac]                                                                                                                                                                  ^\n    [javac] /data/cmd/Ming/llm-fl-apr/tmp/Jsoup_88-prompt_apr_1-qwen-turbo/src/main/java/org/jsoup/nodes/Attribute.java:79: error: illegal character: \\96\n    [javac] It seems there might be a misunderstanding because the provided code snippet does not contain an explicit bug on line 2. However, if you're encountering an issue such as `val` being uninitialized or not accessible, I'll provide a version where `val` is properly initialized and accessible within the method.\n    [javac]                                                                                                                                                                           ^\n    [javac] /data/cmd/Ming/llm-fl-apr/tmp/Jsoup_88-prompt_apr_1-qwen-turbo/src/main/java/org/jsoup/nodes/Attribute.java:79: error: illegal character: \\96\n    [javac] It seems there might be a misunderstanding because the provided code snippet does not contain an explicit bug on line 2. However, if you're encountering an issue such as `val` being uninitialized or not accessible, I'll provide a version where `val` is properly initialized and accessible within the method.\n    [javac]                                                                                                                                                                               ^\n    [javac] /data/cmd/Ming/llm-fl-apr/tmp/Jsoup_88-prompt_apr_1-qwen-turbo/src/main/java/org/jsoup/nodes/Attribute.java:79: error: ';' expected\n    [javac] It seems there might be a misunderstanding because the provided code snippet does not contain an explicit bug on line 2. However, if you're encountering an issue such as `val` being uninitialized or not accessible, I'll provide a version where `val` is properly initialized and accessible within the method.\n    [javac]                                                                                                                                                                                                    ^\n    [javac] /data/cmd/Ming/llm-fl-apr/tmp/Jsoup_88-prompt_apr_1-qwen-turbo/src/main/java/org/jsoup/nodes/Attribute.java:79: error: ';' expected\n    [javac] It seems there might be a misunderstanding because the provided code snippet does not contain an explicit bug on line 2. However, if you're encountering an issue such as `val` being uninitialized or not accessible, I'll provide a version where `val` is properly initialized and accessible within the method.\n    [javac]                                                                                                                                                                                                           ^\n    [javac] /data/cmd/Ming/llm-fl-apr/tmp/Jsoup_88-prompt_apr_1-qwen-turbo/src/main/java/org/jsoup/nodes/Attribute.java:79: error: <identifier> expected\n    [javac] It seems there might be a misunderstanding because the provided code snippet does not contain an explicit bug on line 2. However, if you're encountering an issue such as `val` being uninitialized or not accessible, I'll provide a version where `val` is properly initialized and accessible within the method.\n    [javac]                                                                                                                                                                                                                      ^\n    [javac] /data/cmd/Ming/llm-fl-apr/tmp/Jsoup_88-prompt_apr_1-qwen-turbo/src/main/java/org/jsoup/nodes/Attribute.java:79: error: unclosed character literal\n    [javac] It seems there might be a misunderstanding because the provided code snippet does not contain an explicit bug on line 2. However, if you're encountering an issue such as `val` being uninitialized or not accessible, I'll provide a version where `val` is properly initialized and accessible within the method.\n    [javac]                                                                                                                                                                                                                         ^\n    [javac] /data/cmd/Ming/llm-fl-apr/tmp/Jsoup_88-prompt_apr_1-qwen-turbo/src/main/java/org/jsoup/nodes/Attribute.java:79: error: ';' expected\n    [javac] It seems there might be a misunderstanding because the provided code snippet does not contain an explicit bug on line 2. However, if you're encountering an issue such as `val` being uninitialized or not accessible, I'll provide a version where `val` is properly initialized and accessible within the method.\n    [javac]                                                                                                                                                                                                                                    ^\n    [javac] /data/cmd/Ming/llm-fl-apr/tmp/Jsoup_88-prompt_apr_1-qwen-turbo/src/main/java/org/jsoup/nodes/Attribute.java:79: error: ';' expected\n    [javac] It seems there might be a misunderstanding because the provided code snippet does not contain an explicit bug on line 2. However, if you're encountering an issue such as `val` being uninitialized or not accessible, I'll provide a version where `val` is properly initialized and accessible within the method.\n    [javac]                                                                                                                                                                                                                                              ^\n    [javac] /data/cmd/Ming/llm-fl-apr/tmp/Jsoup_88-prompt_apr_1-qwen-turbo/src/main/java/org/jsoup/nodes/Attribute.java:79: error: illegal character: \\96\n    [javac] It seems there might be a misunderstanding because the provided code snippet does not contain an explicit bug on line 2. However, if you're encountering an issue such as `val` being uninitialized or not accessible, I'll provide a version where `val` is properly initialized and accessible within the method.\n    [javac]                                                                                                                                                                                                                                                     ^\n    [javac] /data/cmd/Ming/llm-fl-apr/tmp/Jsoup_88-prompt_apr_1-qwen-turbo/src/main/java/org/jsoup/nodes/Attribute.java:79: error: illegal character: \\96\n    [javac] It seems there might be a misunderstanding because the provided code snippet does not contain an explicit bug on line 2. However, if you're encountering an issue such as `val` being uninitialized or not accessible, I'll provide a version where `val` is properly initialized and accessible within the method.\n    [javac]                                                                                                                                                                                                                                                         ^\n    [javac] /data/cmd/Ming/llm-fl-apr/tmp/Jsoup_88-prompt_apr_1-qwen-turbo/src/main/java/org/jsoup/nodes/Attribute.java:79: error: ';' expected\n    [javac] It seems there might be a misunderstanding because the provided code snippet does not contain an explicit bug on line 2. However, if you're encountering an issue such as `val` being uninitialized or not accessible, I'll provide a version where `val` is properly initialized and accessible within the method.\n    [javac]                                                                                                                                                                                                                                                                      ^\n    [javac] /data/cmd/Ming/llm-fl-apr/tmp/Jsoup_88-prompt_apr_1-qwen-turbo/src/main/java/org/jsoup/nodes/Attribute.java:79: error: ';' expected\n    [javac] It seems there might be a misunderstanding because the provided code snippet does not contain an explicit bug on line 2. However, if you're encountering an issue such as `val` being uninitialized or not accessible, I'll provide a version where `val` is properly initialized and accessible within the method.\n    [javac]                                                                                                                                                                                                                                                                                      ^\n    [javac] /data/cmd/Ming/llm-fl-apr/tmp/Jsoup_88-prompt_apr_1-qwen-turbo/src/main/java/org/jsoup/nodes/Attribute.java:79: error: ';' expected\n    [javac] It seems there might be a misunderstanding because the provided code snippet does not contain an explicit bug on line 2. However, if you're encountering an issue such as `val` being uninitialized or not accessible, I'll provide a version where `val` is properly initialized and accessible within the method.\n    [javac]                                                                                                                                                                                                                                                                                                        ^\n    [javac] /data/cmd/Ming/llm-fl-apr/tmp/Jsoup_88-prompt_apr_1-qwen-turbo/src/main/java/org/jsoup/nodes/Attribute.java:79: error: ';' expected\n    [javac] It seems there might be a misunderstanding because the provided code snippet does not contain an explicit bug on line 2. However, if you're encountering an issue such as `val` being uninitialized or not accessible, I'll provide a version where `val` is properly initialized and accessible within the method.\n    [javac]                                                                                                                                                                                                                                                                                                                   ^\n    [javac] /data/cmd/Ming/llm-fl-apr/tmp/Jsoup_88-prompt_apr_1-qwen-turbo/src/main/java/org/jsoup/nodes/Attribute.java:81: error: unclosed character literal\n    [javac] Here's the complete corrected method assuming `val` is a class member that needs to be initialized:\n    [javac]     ^\n    [javac] /data/cmd/Ming/llm-fl-apr/tmp/Jsoup_88-prompt_apr_1-qwen-turbo/src/main/java/org/jsoup/nodes/Attribute.java:81: error: ';' expected\n    [javac] Here's the complete corrected method assuming `val` is a class member that needs to be initialized:\n    [javac]                    ^\n    [javac] /data/cmd/Ming/llm-fl-apr/tmp/Jsoup_88-prompt_apr_1-qwen-turbo/src/main/java/org/jsoup/nodes/Attribute.java:81: error: ';' expected\n    [javac] Here's the complete corrected method assuming `val` is a class member that needs to be initialized:\n    [javac]                                     ^\n    [javac] /data/cmd/Ming/llm-fl-apr/tmp/Jsoup_88-prompt_apr_1-qwen-turbo/src/main/java/org/jsoup/nodes/Attribute.java:81: error: illegal character: \\96\n    [javac] Here's the complete corrected method assuming `val` is a class member that needs to be initialized:\n    [javac]                                               ^\n    [javac] /data/cmd/Ming/llm-fl-apr/tmp/Jsoup_88-prompt_apr_1-qwen-turbo/src/main/java/org/jsoup/nodes/Attribute.java:81: error: illegal character: \\96\n    [javac] Here's the complete corrected method assuming `val` is a class member that needs to be initialized:\n    [javac]                                                   ^\n    [javac] /data/cmd/Ming/llm-fl-apr/tmp/Jsoup_88-prompt_apr_1-qwen-turbo/src/main/java/org/jsoup/nodes/Attribute.java:81: error: ';' expected\n    [javac] Here's the complete corrected method assuming `val` is a class member that needs to be initialized:\n    [javac]                                                         ^\n    [javac] /data/cmd/Ming/llm-fl-apr/tmp/Jsoup_88-prompt_apr_1-qwen-turbo/src/main/java/org/jsoup/nodes/Attribute.java:81: error: '{' expected\n    [javac] Here's the complete corrected method assuming `val` is a class member that needs to be initialized:\n    [javac]                                                                      ^\n    [javac] /data/cmd/Ming/llm-fl-apr/tmp/Jsoup_88-prompt_apr_1-qwen-turbo/src/main/java/org/jsoup/nodes/Attribute.java:83: error: illegal character: \\96\n    [javac] ```java\n    [javac] ^\n    [javac] /data/cmd/Ming/llm-fl-apr/tmp/Jsoup_88-prompt_apr_1-qwen-turbo/src/main/java/org/jsoup/nodes/Attribute.java:83: error: illegal character: \\96\n    [javac] ```java\n    [javac]  ^\n    [javac] /data/cmd/Ming/llm-fl-apr/tmp/Jsoup_88-prompt_apr_1-qwen-turbo/src/main/java/org/jsoup/nodes/Attribute.java:83: error: illegal character: \\96\n    [javac] ```java\n    [javac]   ^\n    [javac] /data/cmd/Ming/llm-fl-apr/tmp/Jsoup_88-prompt_apr_1-qwen-turbo/src/main/java/org/jsoup/nodes/Attribute.java:91: error: illegal character: \\96\n    [javac] ```\n    [javac] ^\n    [javac] /data/cmd/Ming/llm-fl-apr/tmp/Jsoup_88-prompt_apr_1-qwen-turbo/src/main/java/org/jsoup/nodes/Attribute.java:91: error: illegal character: \\96\n    [javac] ```\n    [javac]  ^\n    [javac] /data/cmd/Ming/llm-fl-apr/tmp/Jsoup_88-prompt_apr_1-qwen-turbo/src/main/java/org/jsoup/nodes/Attribute.java:91: error: illegal character: \\96\n    [javac] ```\n    [javac]   ^\n    [javac] /data/cmd/Ming/llm-fl-apr/tmp/Jsoup_88-prompt_apr_1-qwen-turbo/src/main/java/org/jsoup/nodes/Attribute.java:93: error: illegal character: \\96\n    [javac] If `val` is supposed to be set elsewhere and you're facing issues related to its state, ensure it is properly initialized before calling `getValue`. If you have a specific error message or context about the bug, please share it for more accurate assistance.\n    [javac]    ^\n    [javac] /data/cmd/Ming/llm-fl-apr/tmp/Jsoup_88-prompt_apr_1-qwen-turbo/src/main/java/org/jsoup/nodes/Attribute.java:93: error: illegal character: \\96\n    [javac] If `val` is supposed to be set elsewhere and you're facing issues related to its state, ensure it is properly initialized before calling `getValue`. If you have a specific error message or context about the bug, please share it for more accurate assistance.\n    [javac]        ^\n    [javac] /data/cmd/Ming/llm-fl-apr/tmp/Jsoup_88-prompt_apr_1-qwen-turbo/src/main/java/org/jsoup/nodes/Attribute.java:93: error: ';' expected\n    [javac] If `val` is supposed to be set elsewhere and you're facing issues related to its state, ensure it is properly initialized before calling `getValue`. If you have a specific error message or context about the bug, please share it for more accurate assistance.\n    [javac]                        ^\n    [javac] /data/cmd/Ming/llm-fl-apr/tmp/Jsoup_88-prompt_apr_1-qwen-turbo/src/main/java/org/jsoup/nodes/Attribute.java:93: error: ';' expected\n    [javac] If `val` is supposed to be set elsewhere and you're facing issues related to its state, ensure it is properly initialized before calling `getValue`. If you have a specific error message or context about the bug, please share it for more accurate assistance.\n    [javac]                               ^\n    [javac] /data/cmd/Ming/llm-fl-apr/tmp/Jsoup_88-prompt_apr_1-qwen-turbo/src/main/java/org/jsoup/nodes/Attribute.java:93: error: ';' expected\n    [javac] If `val` is supposed to be set elsewhere and you're facing issues related to its state, ensure it is properly initialized before calling `getValue`. If you have a specific error message or context about the bug, please share it for more accurate assistance.\n    [javac]                                             ^\n    [javac] /data/cmd/Ming/llm-fl-apr/tmp/Jsoup_88-prompt_apr_1-qwen-turbo/src/main/java/org/jsoup/nodes/Attribute.java:93: error: unclosed character literal\n    [javac] If `val` is supposed to be set elsewhere and you're facing issues related to its state, ensure it is properly initialized before calling `getValue`. If you have a specific error message or context about the bug, please share it for more accurate assistance.\n    [javac]                                                 ^\n    [javac] /data/cmd/Ming/llm-fl-apr/tmp/Jsoup_88-prompt_apr_1-qwen-turbo/src/main/java/org/jsoup/nodes/Attribute.java:93: error: ';' expected\n    [javac] If `val` is supposed to be set elsewhere and you're facing issues related to its state, ensure it is properly initialized before calling `getValue`. If you have a specific error message or context about the bug, please share it for more accurate assistance.\n    [javac]                                                           ^\n    [javac] /data/cmd/Ming/llm-fl-apr/tmp/Jsoup_88-prompt_apr_1-qwen-turbo/src/main/java/org/jsoup/nodes/Attribute.java:93: error: ';' expected\n    [javac] If `val` is supposed to be set elsewhere and you're facing issues related to its state, ensure it is properly initialized before calling `getValue`. If you have a specific error message or context about the bug, please share it for more accurate assistance.\n    [javac]                                                                          ^\n    [javac] /data/cmd/Ming/llm-fl-apr/tmp/Jsoup_88-prompt_apr_1-qwen-turbo/src/main/java/org/jsoup/nodes/Attribute.java:93: error: ';' expected\n    [javac] If `val` is supposed to be set elsewhere and you're facing issues related to its state, ensure it is properly initialized before calling `getValue`. If you have a specific error message or context about the bug, please share it for more accurate assistance.\n    [javac]                                                                                 ^\n    [javac] /data/cmd/Ming/llm-fl-apr/tmp/Jsoup_88-prompt_apr_1-qwen-turbo/src/main/java/org/jsoup/nodes/Attribute.java:93: error: <identifier> expected\n    [javac] If `val` is supposed to be set elsewhere and you're facing issues related to its state, ensure it is properly initialized before calling `getValue`. If you have a specific error message or context about the bug, please share it for more accurate assistance.\n    [javac]                                                                                       ^\n    [javac] /data/cmd/Ming/llm-fl-apr/tmp/Jsoup_88-prompt_apr_1-qwen-turbo/src/main/java/org/jsoup/nodes/Attribute.java:93: error: ';' expected\n    [javac] If `val` is supposed to be set elsewhere and you're facing issues related to its state, ensure it is properly initialized before calling `getValue`. If you have a specific error message or context about the bug, please share it for more accurate assistance.\n    [javac]                                                                                               ^\n    [javac] /data/cmd/Ming/llm-fl-apr/tmp/Jsoup_88-prompt_apr_1-qwen-turbo/src/main/java/org/jsoup/nodes/Attribute.java:93: error: ';' expected\n    [javac] If `val` is supposed to be set elsewhere and you're facing issues related to its state, ensure it is properly initialized before calling `getValue`. If you have a specific error message or context about the bug, please share it for more accurate assistance.\n    [javac]                                                                                                     ^\n    [javac] /data/cmd/Ming/llm-fl-apr/tmp/Jsoup_88-prompt_apr_1-qwen-turbo/src/main/java/org/jsoup/nodes/Attribute.java:93: error: ';' expected\n    [javac] If `val` is supposed to be set elsewhere and you're facing issues related to its state, ensure it is properly initialized before calling `getValue`. If you have a specific error message or context about the bug, please share it for more accurate assistance.\n    [javac]                                                                                                                          ^\n    [javac] /data/cmd/Ming/llm-fl-apr/tmp/Jsoup_88-prompt_apr_1-qwen-turbo/src/main/java/org/jsoup/nodes/Attribute.java:93: error: illegal character: \\96\n    [javac] If `val` is supposed to be set elsewhere and you're facing issues related to its state, ensure it is properly initialized before calling `getValue`. If you have a specific error message or context about the bug, please share it for more accurate assistance.\n    [javac]                                                                                                                                          ^\n    [javac] /data/cmd/Ming/llm-fl-apr/tmp/Jsoup_88-prompt_apr_1-qwen-turbo/src/main/java/org/jsoup/nodes/Attribute.java:93: error: illegal character: \\96\n    [javac] If `val` is supposed to be set elsewhere and you're facing issues related to its state, ensure it is properly initialized before calling `getValue`. If you have a specific error message or context about the bug, please share it for more accurate assistance.\n    [javac]                                                                                                                                                   ^\n    [javac] /data/cmd/Ming/llm-fl-apr/tmp/Jsoup_88-prompt_apr_1-qwen-turbo/src/main/java/org/jsoup/nodes/Attribute.java:93: error: illegal start of type\n    [javac] If `val` is supposed to be set elsewhere and you're facing issues related to its state, ensure it is properly initialized before calling `getValue`. If you have a specific error message or context about the bug, please share it for more accurate assistance.\n    [javac]                                                                                                                                                    ^\n    [javac] /data/cmd/Ming/llm-fl-apr/tmp/Jsoup_88-prompt_apr_1-qwen-turbo/src/main/java/org/jsoup/nodes/Attribute.java:93: error: ';' expected\n    [javac] If `val` is supposed to be set elsewhere and you're facing issues related to its state, ensure it is properly initialized before calling `getValue`. If you have a specific error message or context about the bug, please share it for more accurate assistance.\n    [javac]                                                                                                                                                        ^\n    [javac] /data/cmd/Ming/llm-fl-apr/tmp/Jsoup_88-prompt_apr_1-qwen-turbo/src/main/java/org/jsoup/nodes/Attribute.java:93: error: ';' expected\n    [javac] If `val` is supposed to be set elsewhere and you're facing issues related to its state, ensure it is properly initialized before calling `getValue`. If you have a specific error message or context about the bug, please share it for more accurate assistance.\n    [javac]                                                                                                                                                                 ^\n    [javac] /data/cmd/Ming/llm-fl-apr/tmp/Jsoup_88-prompt_apr_1-qwen-turbo/src/main/java/org/jsoup/nodes/Attribute.java:93: error: ';' expected\n    [javac] If `val` is supposed to be set elsewhere and you're facing issues related to its state, ensure it is properly initialized before calling `getValue`. If you have a specific error message or context about the bug, please share it for more accurate assistance.\n    [javac]                                                                                                                                                                            ^\n    [javac] /data/cmd/Ming/llm-fl-apr/tmp/Jsoup_88-prompt_apr_1-qwen-turbo/src/main/java/org/jsoup/nodes/Attribute.java:93: error: ';' expected\n    [javac] If `val` is supposed to be set elsewhere and you're facing issues related to its state, ensure it is properly initialized before calling `getValue`. If you have a specific error message or context about the bug, please share it for more accurate assistance.\n    [javac]                                                                                                                                                                                          ^\n    [javac] /data/cmd/Ming/llm-fl-apr/tmp/Jsoup_88-prompt_apr_1-qwen-turbo/src/main/java/org/jsoup/nodes/Attribute.java:93: error: ';' expected\n    [javac] If `val` is supposed to be set elsewhere and you're facing issues related to its state, ensure it is properly initialized before calling `getValue`. If you have a specific error message or context about the bug, please share it for more accurate assistance.\n    [javac]                                                                                                                                                                                                     ^\n    [javac] /data/cmd/Ming/llm-fl-apr/tmp/Jsoup_88-prompt_apr_1-qwen-turbo/src/main/java/org/jsoup/nodes/Attribute.java:93: error: ';' expected\n    [javac] If `val` is supposed to be set elsewhere and you're facing issues related to its state, ensure it is properly initialized before calling `getValue`. If you have a specific error message or context about the bug, please share it for more accurate assistance.\n    [javac]                                                                                                                                                                                                               ^\n    [javac] /data/cmd/Ming/llm-fl-apr/tmp/Jsoup_88-prompt_apr_1-qwen-turbo/src/main/java/org/jsoup/nodes/Attribute.java:93: error: <identifier> expected\n    [javac] If `val` is supposed to be set elsewhere and you're facing issues related to its state, ensure it is properly initialized before calling `getValue`. If you have a specific error message or context about the bug, please share it for more accurate assistance.\n    [javac]                                                                                                                                                                                                                   ^\n    [javac] /data/cmd/Ming/llm-fl-apr/tmp/Jsoup_88-prompt_apr_1-qwen-turbo/src/main/java/org/jsoup/nodes/Attribute.java:93: error: ';' expected\n    [javac] If `val` is supposed to be set elsewhere and you're facing issues related to its state, ensure it is properly initialized before calling `getValue`. If you have a specific error message or context about the bug, please share it for more accurate assistance.\n    [javac]                                                                                                                                                                                                                           ^\n    [javac] /data/cmd/Ming/llm-fl-apr/tmp/Jsoup_88-prompt_apr_1-qwen-turbo/src/main/java/org/jsoup/nodes/Attribute.java:93: error: ';' expected\n    [javac] If `val` is supposed to be set elsewhere and you're facing issues related to its state, ensure it is properly initialized before calling `getValue`. If you have a specific error message or context about the bug, please share it for more accurate assistance.\n    [javac]                                                                                                                                                                                                                                    ^\n    [javac] /data/cmd/Ming/llm-fl-apr/tmp/Jsoup_88-prompt_apr_1-qwen-turbo/src/main/java/org/jsoup/nodes/Attribute.java:93: error: ';' expected\n    [javac] If `val` is supposed to be set elsewhere and you're facing issues related to its state, ensure it is properly initialized before calling `getValue`. If you have a specific error message or context about the bug, please share it for more accurate assistance.\n    [javac]                                                                                                                                                                                                                                                      ^\n    [javac] /data/cmd/Ming/llm-fl-apr/tmp/Jsoup_88-prompt_apr_1-qwen-turbo/src/main/java/org/jsoup/nodes/Attribute.java:93: error: <identifier> expected\n    [javac] If `val` is supposed to be set elsewhere and you're facing issues related to its state, ensure it is properly initialized before calling `getValue`. If you have a specific error message or context about the bug, please share it for more accurate assistance.\n    [javac]                                                                                                                                                                                                                                                                  ^\n    [javac] /data/cmd/Ming/llm-fl-apr/tmp/Jsoup_88-prompt_apr_1-qwen-turbo/src/main/java/org/jsoup/nodes/Attribute.java:98: error: ';' expected\n    [javac]     public String setValue(String val) {\n    [javac]           ^\n    [javac] /data/cmd/Ming/llm-fl-apr/tmp/Jsoup_88-prompt_apr_1-qwen-turbo/src/main/java/org/jsoup/nodes/Attribute.java:98: error: invalid method declaration; return type required\n    [javac]     public String setValue(String val) {\n    [javac]                   ^\n    [javac] /data/cmd/Ming/llm-fl-apr/tmp/Jsoup_88-prompt_apr_1-qwen-turbo/src/main/java/org/jsoup/nodes/Attribute.java:219: error: reached end of file while parsing\n    [javac] }\n    [javac]  ^\n    [javac] 72 errors\n\nBUILD FAILED\n/data/cmd/Ming/llm-fl-apr/tmp/Jsoup_88-prompt_apr_1-qwen-turbo/maven-build.xml:84: Compile failed; see the compiler error output for details.\n\nTotal time: 2 seconds\nCannot compile sources! at /data/cmd/Ming/LLM_Based-Mutation/tools/mutant/defects4j-2.1.0/framework/bin/d4j/d4j-compile line 82.\nCompilation failed in require at /data/cmd/Ming/LLM_Based-Mutation/tools/mutant/defects4j-2.1.0/framework/bin/defects4j line 195.\n"
                }
            },
            "doubao-pro-4k": {
                "compile": {
                    "rc": 0,
                    "so": "",
                    "se": "Running ant (compile)...................................................... OK\nRunning ant (compile.tests)................................................ OK\n"
                },
                "test": {
                    "rc": 0,
                    "so": "Failing tests: 0\n",
                    "se": "Running ant (compile.tests)................................................ OK\nRunning ant (run.dev.tests)................................................ OK\n"
                }
            },
            "gpt-4o-mini": {
                "compile": {
                    "rc": 0,
                    "so": "",
                    "se": "Running ant (compile)...................................................... OK\nRunning ant (compile.tests)................................................ OK\n"
                },
                "test": {
                    "rc": 0,
                    "so": "Failing tests: 0\n",
                    "se": "Running ant (compile.tests)................................................ OK\nRunning ant (run.dev.tests)................................................ OK\n"
                }
            },
            "deepseek-chat": {
                "compile": {
                    "rc": 1,
                    "so": "",
                    "se": "Running ant (compile)...................................................... FAIL\nExecuted command:  cd /data/cmd/Ming/llm-fl-apr/tmp/Jsoup_88-prompt_apr_1-deepseek-chat && /data/cmd/Ming/LLM_Based-Mutation/tools/mutant/defects4j-2.1.0/major/bin/ant -f /data/cmd/Ming/LLM_Based-Mutation/tools/mutant/defects4j-2.1.0/framework/projects/defects4j.build.xml -Dd4j.home=/data/cmd/Ming/LLM_Based-Mutation/tools/mutant/defects4j-2.1.0 -Dd4j.dir.projects=/data/cmd/Ming/LLM_Based-Mutation/tools/mutant/defects4j-2.1.0/framework/projects -Dbasedir=/data/cmd/Ming/llm-fl-apr/tmp/Jsoup_88-prompt_apr_1-deepseek-chat -Dbuild.compiler=javac1.7  compile 2>&1\nJava HotSpot(TM) 64-Bit Server VM warning: ignoring option MaxPermSize=1G; support was removed in 8.0\nBuildfile: /data/cmd/Ming/LLM_Based-Mutation/tools/mutant/defects4j-2.1.0/framework/projects/defects4j.build.xml\n\ntest-offline:\n\nget-deps:\n\njsoup-from-maven.compile:\n    [mkdir] Created dir: /data/cmd/Ming/llm-fl-apr/tmp/Jsoup_88-prompt_apr_1-deepseek-chat/target/classes\n    [javac] /data/cmd/Ming/llm-fl-apr/tmp/Jsoup_88-prompt_apr_1-deepseek-chat/maven-build.xml:84: warning: 'includeantruntime' was not set, defaulting to build.sysclasspath=last; set to false for repeatable builds\n    [javac] Compiling 68 source files to /data/cmd/Ming/llm-fl-apr/tmp/Jsoup_88-prompt_apr_1-deepseek-chat/target/classes\n    [javac] /data/cmd/Ming/llm-fl-apr/tmp/Jsoup_88-prompt_apr_1-deepseek-chat/src/main/java/org/jsoup/nodes/Attribute.java:79: error: ';' expected\n    [javac] The bug in the code is that the variable `val` is not defined or initialized within the method. To fix this, you need to ensure that `val` is properly defined and initialized. Here is the corrected method:\n    [javac]        ^\n    [javac] /data/cmd/Ming/llm-fl-apr/tmp/Jsoup_88-prompt_apr_1-deepseek-chat/src/main/java/org/jsoup/nodes/Attribute.java:79: error: ';' expected\n    [javac] The bug in the code is that the variable `val` is not defined or initialized within the method. To fix this, you need to ensure that `val` is properly defined and initialized. Here is the corrected method:\n    [javac]               ^\n    [javac] /data/cmd/Ming/llm-fl-apr/tmp/Jsoup_88-prompt_apr_1-deepseek-chat/src/main/java/org/jsoup/nodes/Attribute.java:79: error: ';' expected\n    [javac] The bug in the code is that the variable `val` is not defined or initialized within the method. To fix this, you need to ensure that `val` is properly defined and initialized. Here is the corrected method:\n    [javac]                       ^\n    [javac] /data/cmd/Ming/llm-fl-apr/tmp/Jsoup_88-prompt_apr_1-deepseek-chat/src/main/java/org/jsoup/nodes/Attribute.java:79: error: ';' expected\n    [javac] The bug in the code is that the variable `val` is not defined or initialized within the method. To fix this, you need to ensure that `val` is properly defined and initialized. Here is the corrected method:\n    [javac]                                ^\n    [javac] /data/cmd/Ming/llm-fl-apr/tmp/Jsoup_88-prompt_apr_1-deepseek-chat/src/main/java/org/jsoup/nodes/Attribute.java:79: error: illegal character: \\96\n    [javac] The bug in the code is that the variable `val` is not defined or initialized within the method. To fix this, you need to ensure that `val` is properly defined and initialized. Here is the corrected method:\n    [javac]                                          ^\n    [javac] /data/cmd/Ming/llm-fl-apr/tmp/Jsoup_88-prompt_apr_1-deepseek-chat/src/main/java/org/jsoup/nodes/Attribute.java:79: error: illegal character: \\96\n    [javac] The bug in the code is that the variable `val` is not defined or initialized within the method. To fix this, you need to ensure that `val` is properly defined and initialized. Here is the corrected method:\n    [javac]                                              ^\n    [javac] /data/cmd/Ming/llm-fl-apr/tmp/Jsoup_88-prompt_apr_1-deepseek-chat/src/main/java/org/jsoup/nodes/Attribute.java:79: error: ';' expected\n    [javac] The bug in the code is that the variable `val` is not defined or initialized within the method. To fix this, you need to ensure that `val` is properly defined and initialized. Here is the corrected method:\n    [javac]                                                      ^\n    [javac] /data/cmd/Ming/llm-fl-apr/tmp/Jsoup_88-prompt_apr_1-deepseek-chat/src/main/java/org/jsoup/nodes/Attribute.java:79: error: ';' expected\n    [javac] The bug in the code is that the variable `val` is not defined or initialized within the method. To fix this, you need to ensure that `val` is properly defined and initialized. Here is the corrected method:\n    [javac]                                                                 ^\n    [javac] /data/cmd/Ming/llm-fl-apr/tmp/Jsoup_88-prompt_apr_1-deepseek-chat/src/main/java/org/jsoup/nodes/Attribute.java:79: error: ';' expected\n    [javac] The bug in the code is that the variable `val` is not defined or initialized within the method. To fix this, you need to ensure that `val` is properly defined and initialized. Here is the corrected method:\n    [javac]                                                                                    ^\n    [javac] /data/cmd/Ming/llm-fl-apr/tmp/Jsoup_88-prompt_apr_1-deepseek-chat/src/main/java/org/jsoup/nodes/Attribute.java:79: error: ';' expected\n    [javac] The bug in the code is that the variable `val` is not defined or initialized within the method. To fix this, you need to ensure that `val` is properly defined and initialized. Here is the corrected method:\n    [javac]                                                                                               ^\n    [javac] /data/cmd/Ming/llm-fl-apr/tmp/Jsoup_88-prompt_apr_1-deepseek-chat/src/main/java/org/jsoup/nodes/Attribute.java:79: error: ';' expected\n    [javac] The bug in the code is that the variable `val` is not defined or initialized within the method. To fix this, you need to ensure that `val` is properly defined and initialized. Here is the corrected method:\n    [javac]                                                                                                       ^\n    [javac] /data/cmd/Ming/llm-fl-apr/tmp/Jsoup_88-prompt_apr_1-deepseek-chat/src/main/java/org/jsoup/nodes/Attribute.java:79: error: ';' expected\n    [javac] The bug in the code is that the variable `val` is not defined or initialized within the method. To fix this, you need to ensure that `val` is properly defined and initialized. Here is the corrected method:\n    [javac]                                                                                                                      ^\n    [javac] /data/cmd/Ming/llm-fl-apr/tmp/Jsoup_88-prompt_apr_1-deepseek-chat/src/main/java/org/jsoup/nodes/Attribute.java:79: error: ';' expected\n    [javac] The bug in the code is that the variable `val` is not defined or initialized within the method. To fix this, you need to ensure that `val` is properly defined and initialized. Here is the corrected method:\n    [javac]                                                                                                                                ^\n    [javac] /data/cmd/Ming/llm-fl-apr/tmp/Jsoup_88-prompt_apr_1-deepseek-chat/src/main/java/org/jsoup/nodes/Attribute.java:79: error: illegal character: \\96\n    [javac] The bug in the code is that the variable `val` is not defined or initialized within the method. To fix this, you need to ensure that `val` is properly defined and initialized. Here is the corrected method:\n    [javac]                                                                                                                                      ^\n    [javac] /data/cmd/Ming/llm-fl-apr/tmp/Jsoup_88-prompt_apr_1-deepseek-chat/src/main/java/org/jsoup/nodes/Attribute.java:79: error: illegal character: \\96\n    [javac] The bug in the code is that the variable `val` is not defined or initialized within the method. To fix this, you need to ensure that `val` is properly defined and initialized. Here is the corrected method:\n    [javac]                                                                                                                                          ^\n    [javac] /data/cmd/Ming/llm-fl-apr/tmp/Jsoup_88-prompt_apr_1-deepseek-chat/src/main/java/org/jsoup/nodes/Attribute.java:79: error: ';' expected\n    [javac] The bug in the code is that the variable `val` is not defined or initialized within the method. To fix this, you need to ensure that `val` is properly defined and initialized. Here is the corrected method:\n    [javac]                                                                                                                                                       ^\n    [javac] /data/cmd/Ming/llm-fl-apr/tmp/Jsoup_88-prompt_apr_1-deepseek-chat/src/main/java/org/jsoup/nodes/Attribute.java:79: error: ';' expected\n    [javac] The bug in the code is that the variable `val` is not defined or initialized within the method. To fix this, you need to ensure that `val` is properly defined and initialized. Here is the corrected method:\n    [javac]                                                                                                                                                                   ^\n    [javac] /data/cmd/Ming/llm-fl-apr/tmp/Jsoup_88-prompt_apr_1-deepseek-chat/src/main/java/org/jsoup/nodes/Attribute.java:79: error: ';' expected\n    [javac] The bug in the code is that the variable `val` is not defined or initialized within the method. To fix this, you need to ensure that `val` is properly defined and initialized. Here is the corrected method:\n    [javac]                                                                                                                                                                                        ^\n    [javac] /data/cmd/Ming/llm-fl-apr/tmp/Jsoup_88-prompt_apr_1-deepseek-chat/src/main/java/org/jsoup/nodes/Attribute.java:79: error: ';' expected\n    [javac] The bug in the code is that the variable `val` is not defined or initialized within the method. To fix this, you need to ensure that `val` is properly defined and initialized. Here is the corrected method:\n    [javac]                                                                                                                                                                                                      ^\n    [javac] /data/cmd/Ming/llm-fl-apr/tmp/Jsoup_88-prompt_apr_1-deepseek-chat/src/main/java/org/jsoup/nodes/Attribute.java:79: error: <identifier> expected\n    [javac] The bug in the code is that the variable `val` is not defined or initialized within the method. To fix this, you need to ensure that `val` is properly defined and initialized. Here is the corrected method:\n    [javac]                                                                                                                                                                                                             ^\n    [javac] /data/cmd/Ming/llm-fl-apr/tmp/Jsoup_88-prompt_apr_1-deepseek-chat/src/main/java/org/jsoup/nodes/Attribute.java:86: error: illegal character: \\96\n    [javac] If `val` is intended to be a class-level variable, you should ensure it is defined and initialized outside the method, like this:\n    [javac]    ^\n    [javac] /data/cmd/Ming/llm-fl-apr/tmp/Jsoup_88-prompt_apr_1-deepseek-chat/src/main/java/org/jsoup/nodes/Attribute.java:86: error: illegal character: \\96\n    [javac] If `val` is intended to be a class-level variable, you should ensure it is defined and initialized outside the method, like this:\n    [javac]        ^\n    [javac] /data/cmd/Ming/llm-fl-apr/tmp/Jsoup_88-prompt_apr_1-deepseek-chat/src/main/java/org/jsoup/nodes/Attribute.java:86: error: ';' expected\n    [javac] If `val` is intended to be a class-level variable, you should ensure it is defined and initialized outside the method, like this:\n    [javac]                     ^\n    [javac] /data/cmd/Ming/llm-fl-apr/tmp/Jsoup_88-prompt_apr_1-deepseek-chat/src/main/java/org/jsoup/nodes/Attribute.java:86: error: ';' expected\n    [javac] If `val` is intended to be a class-level variable, you should ensure it is defined and initialized outside the method, like this:\n    [javac]                           ^\n    [javac] /data/cmd/Ming/llm-fl-apr/tmp/Jsoup_88-prompt_apr_1-deepseek-chat/src/main/java/org/jsoup/nodes/Attribute.java:86: error: <identifier> expected\n    [javac] If `val` is intended to be a class-level variable, you should ensure it is defined and initialized outside the method, like this:\n    [javac]                             ^\n    [javac] /data/cmd/Ming/llm-fl-apr/tmp/Jsoup_88-prompt_apr_1-deepseek-chat/src/main/java/org/jsoup/nodes/Attribute.java:86: error: illegal start of type\n    [javac] If `val` is intended to be a class-level variable, you should ensure it is defined and initialized outside the method, like this:\n    [javac]                                   ^\n    [javac] /data/cmd/Ming/llm-fl-apr/tmp/Jsoup_88-prompt_apr_1-deepseek-chat/src/main/java/org/jsoup/nodes/Attribute.java:86: error: ';' expected\n    [javac] If `val` is intended to be a class-level variable, you should ensure it is defined and initialized outside the method, like this:\n    [javac]                                         ^\n    [javac] /data/cmd/Ming/llm-fl-apr/tmp/Jsoup_88-prompt_apr_1-deepseek-chat/src/main/java/org/jsoup/nodes/Attribute.java:86: error: <identifier> expected\n    [javac] If `val` is intended to be a class-level variable, you should ensure it is defined and initialized outside the method, like this:\n    [javac]                                                  ^\n    [javac] /data/cmd/Ming/llm-fl-apr/tmp/Jsoup_88-prompt_apr_1-deepseek-chat/src/main/java/org/jsoup/nodes/Attribute.java:86: error: ';' expected\n    [javac] If `val` is intended to be a class-level variable, you should ensure it is defined and initialized outside the method, like this:\n    [javac]                                                       ^\n    [javac] /data/cmd/Ming/llm-fl-apr/tmp/Jsoup_88-prompt_apr_1-deepseek-chat/src/main/java/org/jsoup/nodes/Attribute.java:86: error: ';' expected\n    [javac] If `val` is intended to be a class-level variable, you should ensure it is defined and initialized outside the method, like this:\n    [javac]                                                                     ^\n    [javac] /data/cmd/Ming/llm-fl-apr/tmp/Jsoup_88-prompt_apr_1-deepseek-chat/src/main/java/org/jsoup/nodes/Attribute.java:86: error: ';' expected\n    [javac] If `val` is intended to be a class-level variable, you should ensure it is defined and initialized outside the method, like this:\n    [javac]                                                                           ^\n    [javac] /data/cmd/Ming/llm-fl-apr/tmp/Jsoup_88-prompt_apr_1-deepseek-chat/src/main/java/org/jsoup/nodes/Attribute.java:86: error: ';' expected\n    [javac] If `val` is intended to be a class-level variable, you should ensure it is defined and initialized outside the method, like this:\n    [javac]                                                                                       ^\n    [javac] /data/cmd/Ming/llm-fl-apr/tmp/Jsoup_88-prompt_apr_1-deepseek-chat/src/main/java/org/jsoup/nodes/Attribute.java:86: error: ';' expected\n    [javac] If `val` is intended to be a class-level variable, you should ensure it is defined and initialized outside the method, like this:\n    [javac]                                                                                                           ^\n    [javac] /data/cmd/Ming/llm-fl-apr/tmp/Jsoup_88-prompt_apr_1-deepseek-chat/src/main/java/org/jsoup/nodes/Attribute.java:86: error: ';' expected\n    [javac] If `val` is intended to be a class-level variable, you should ensure it is defined and initialized outside the method, like this:\n    [javac]                                                                                                                            ^\n    [javac] 34 errors\n\nBUILD FAILED\n/data/cmd/Ming/llm-fl-apr/tmp/Jsoup_88-prompt_apr_1-deepseek-chat/maven-build.xml:84: Compile failed; see the compiler error output for details.\n\nTotal time: 2 seconds\nCannot compile sources! at /data/cmd/Ming/LLM_Based-Mutation/tools/mutant/defects4j-2.1.0/framework/bin/d4j/d4j-compile line 82.\nCompilation failed in require at /data/cmd/Ming/LLM_Based-Mutation/tools/mutant/defects4j-2.1.0/framework/bin/defects4j line 195.\n"
                }
            }
        },
        "prompt_apr_2": {
            "ernie-3.5-128k": {
                "compile": {
                    "rc": 0,
                    "so": "",
                    "se": "Running ant (compile)...................................................... OK\nRunning ant (compile.tests)................................................ OK\n"
                },
                "test": {
                    "rc": 0,
                    "so": "Failing tests: 0\n",
                    "se": "Running ant (compile.tests)................................................ OK\nRunning ant (run.dev.tests)................................................ OK\n"
                }
            },
            "qwen-turbo": {
                "compile": {
                    "rc": 1,
                    "so": "",
                    "se": "Running ant (compile)...................................................... FAIL\nExecuted command:  cd /data/cmd/Ming/llm-fl-apr/tmp/Jsoup_88-prompt_apr_2-qwen-turbo && /data/cmd/Ming/LLM_Based-Mutation/tools/mutant/defects4j-2.1.0/major/bin/ant -f /data/cmd/Ming/LLM_Based-Mutation/tools/mutant/defects4j-2.1.0/framework/projects/defects4j.build.xml -Dd4j.home=/data/cmd/Ming/LLM_Based-Mutation/tools/mutant/defects4j-2.1.0 -Dd4j.dir.projects=/data/cmd/Ming/LLM_Based-Mutation/tools/mutant/defects4j-2.1.0/framework/projects -Dbasedir=/data/cmd/Ming/llm-fl-apr/tmp/Jsoup_88-prompt_apr_2-qwen-turbo -Dbuild.compiler=javac1.7  compile 2>&1\nJava HotSpot(TM) 64-Bit Server VM warning: ignoring option MaxPermSize=1G; support was removed in 8.0\nBuildfile: /data/cmd/Ming/LLM_Based-Mutation/tools/mutant/defects4j-2.1.0/framework/projects/defects4j.build.xml\n\ntest-offline:\n\nget-deps:\n\njsoup-from-maven.compile:\n    [mkdir] Created dir: /data/cmd/Ming/llm-fl-apr/tmp/Jsoup_88-prompt_apr_2-qwen-turbo/target/classes\n    [javac] /data/cmd/Ming/llm-fl-apr/tmp/Jsoup_88-prompt_apr_2-qwen-turbo/maven-build.xml:84: warning: 'includeantruntime' was not set, defaulting to build.sysclasspath=last; set to false for repeatable builds\n    [javac] Compiling 68 source files to /data/cmd/Ming/llm-fl-apr/tmp/Jsoup_88-prompt_apr_2-qwen-turbo/target/classes\n    [javac] /data/cmd/Ming/llm-fl-apr/tmp/Jsoup_88-prompt_apr_2-qwen-turbo/src/main/java/org/jsoup/nodes/Attribute.java:79: error: illegal character: \\96\n    [javac] ```java\n    [javac] ^\n    [javac] /data/cmd/Ming/llm-fl-apr/tmp/Jsoup_88-prompt_apr_2-qwen-turbo/src/main/java/org/jsoup/nodes/Attribute.java:79: error: illegal character: \\96\n    [javac] ```java\n    [javac]  ^\n    [javac] /data/cmd/Ming/llm-fl-apr/tmp/Jsoup_88-prompt_apr_2-qwen-turbo/src/main/java/org/jsoup/nodes/Attribute.java:79: error: illegal character: \\96\n    [javac] ```java\n    [javac]   ^\n    [javac] /data/cmd/Ming/llm-fl-apr/tmp/Jsoup_88-prompt_apr_2-qwen-turbo/src/main/java/org/jsoup/nodes/Attribute.java:86: error: illegal character: \\96\n    [javac] ```\n    [javac] ^\n    [javac] /data/cmd/Ming/llm-fl-apr/tmp/Jsoup_88-prompt_apr_2-qwen-turbo/src/main/java/org/jsoup/nodes/Attribute.java:86: error: illegal character: \\96\n    [javac] ```\n    [javac]  ^\n    [javac] /data/cmd/Ming/llm-fl-apr/tmp/Jsoup_88-prompt_apr_2-qwen-turbo/src/main/java/org/jsoup/nodes/Attribute.java:86: error: illegal character: \\96\n    [javac] ```\n    [javac]   ^\n    [javac] /data/cmd/Ming/llm-fl-apr/tmp/Jsoup_88-prompt_apr_2-qwen-turbo/src/main/java/org/jsoup/nodes/Attribute.java:87: error: illegal start of type\n    [javac] In this corrected version, I've added a check to ensure that `val` is not null before returning it. If `val` is null, an `IllegalStateException` is thrown indicating that the value has not been initialized. This will help catch the issue early and provide a clear error message.\n    [javac]    ^\n    [javac] /data/cmd/Ming/llm-fl-apr/tmp/Jsoup_88-prompt_apr_2-qwen-turbo/src/main/java/org/jsoup/nodes/Attribute.java:87: error: ';' expected\n    [javac] In this corrected version, I've added a check to ensure that `val` is not null before returning it. If `val` is null, an `IllegalStateException` is thrown indicating that the value has not been initialized. This will help catch the issue early and provide a clear error message.\n    [javac]        ^\n    [javac] /data/cmd/Ming/llm-fl-apr/tmp/Jsoup_88-prompt_apr_2-qwen-turbo/src/main/java/org/jsoup/nodes/Attribute.java:87: error: <identifier> expected\n    [javac] In this corrected version, I've added a check to ensure that `val` is not null before returning it. If `val` is null, an `IllegalStateException` is thrown indicating that the value has not been initialized. This will help catch the issue early and provide a clear error message.\n    [javac]                          ^\n    [javac] /data/cmd/Ming/llm-fl-apr/tmp/Jsoup_88-prompt_apr_2-qwen-turbo/src/main/java/org/jsoup/nodes/Attribute.java:87: error: unclosed character literal\n    [javac] In this corrected version, I've added a check to ensure that `val` is not null before returning it. If `val` is null, an `IllegalStateException` is thrown indicating that the value has not been initialized. This will help catch the issue early and provide a clear error message.\n    [javac]                             ^\n    [javac] /data/cmd/Ming/llm-fl-apr/tmp/Jsoup_88-prompt_apr_2-qwen-turbo/src/main/java/org/jsoup/nodes/Attribute.java:87: error: ';' expected\n    [javac] In this corrected version, I've added a check to ensure that `val` is not null before returning it. If `val` is null, an `IllegalStateException` is thrown indicating that the value has not been initialized. This will help catch the issue early and provide a clear error message.\n    [javac]                                      ^\n    [javac] /data/cmd/Ming/llm-fl-apr/tmp/Jsoup_88-prompt_apr_2-qwen-turbo/src/main/java/org/jsoup/nodes/Attribute.java:87: error: ';' expected\n    [javac] In this corrected version, I've added a check to ensure that `val` is not null before returning it. If `val` is null, an `IllegalStateException` is thrown indicating that the value has not been initialized. This will help catch the issue early and provide a clear error message.\n    [javac]                                              ^\n    [javac] /data/cmd/Ming/llm-fl-apr/tmp/Jsoup_88-prompt_apr_2-qwen-turbo/src/main/java/org/jsoup/nodes/Attribute.java:87: error: ';' expected\n    [javac] In this corrected version, I've added a check to ensure that `val` is not null before returning it. If `val` is null, an `IllegalStateException` is thrown indicating that the value has not been initialized. This will help catch the issue early and provide a clear error message.\n    [javac]                                                        ^\n    [javac] /data/cmd/Ming/llm-fl-apr/tmp/Jsoup_88-prompt_apr_2-qwen-turbo/src/main/java/org/jsoup/nodes/Attribute.java:87: error: illegal character: \\96\n    [javac] In this corrected version, I've added a check to ensure that `val` is not null before returning it. If `val` is null, an `IllegalStateException` is thrown indicating that the value has not been initialized. This will help catch the issue early and provide a clear error message.\n    [javac]                                                              ^\n    [javac] /data/cmd/Ming/llm-fl-apr/tmp/Jsoup_88-prompt_apr_2-qwen-turbo/src/main/java/org/jsoup/nodes/Attribute.java:87: error: illegal character: \\96\n    [javac] In this corrected version, I've added a check to ensure that `val` is not null before returning it. If `val` is null, an `IllegalStateException` is thrown indicating that the value has not been initialized. This will help catch the issue early and provide a clear error message.\n    [javac]                                                                  ^\n    [javac] /data/cmd/Ming/llm-fl-apr/tmp/Jsoup_88-prompt_apr_2-qwen-turbo/src/main/java/org/jsoup/nodes/Attribute.java:87: error: ';' expected\n    [javac] In this corrected version, I've added a check to ensure that `val` is not null before returning it. If `val` is null, an `IllegalStateException` is thrown indicating that the value has not been initialized. This will help catch the issue early and provide a clear error message.\n    [javac]                                                                          ^\n    [javac] /data/cmd/Ming/llm-fl-apr/tmp/Jsoup_88-prompt_apr_2-qwen-turbo/src/main/java/org/jsoup/nodes/Attribute.java:87: error: ';' expected\n    [javac] In this corrected version, I've added a check to ensure that `val` is not null before returning it. If `val` is null, an `IllegalStateException` is thrown indicating that the value has not been initialized. This will help catch the issue early and provide a clear error message.\n    [javac]                                                                                                ^\n    [javac] /data/cmd/Ming/llm-fl-apr/tmp/Jsoup_88-prompt_apr_2-qwen-turbo/src/main/java/org/jsoup/nodes/Attribute.java:87: error: illegal character: \\96\n    [javac] In this corrected version, I've added a check to ensure that `val` is not null before returning it. If `val` is null, an `IllegalStateException` is thrown indicating that the value has not been initialized. This will help catch the issue early and provide a clear error message.\n    [javac]                                                                                                        ^\n    [javac] /data/cmd/Ming/llm-fl-apr/tmp/Jsoup_88-prompt_apr_2-qwen-turbo/src/main/java/org/jsoup/nodes/Attribute.java:87: error: illegal character: \\96\n    [javac] In this corrected version, I've added a check to ensure that `val` is not null before returning it. If `val` is null, an `IllegalStateException` is thrown indicating that the value has not been initialized. This will help catch the issue early and provide a clear error message.\n    [javac]                                                                                                            ^\n    [javac] /data/cmd/Ming/llm-fl-apr/tmp/Jsoup_88-prompt_apr_2-qwen-turbo/src/main/java/org/jsoup/nodes/Attribute.java:87: error: <identifier> expected\n    [javac] In this corrected version, I've added a check to ensure that `val` is not null before returning it. If `val` is null, an `IllegalStateException` is thrown indicating that the value has not been initialized. This will help catch the issue early and provide a clear error message.\n    [javac]                                                                                                                ^\n    [javac] /data/cmd/Ming/llm-fl-apr/tmp/Jsoup_88-prompt_apr_2-qwen-turbo/src/main/java/org/jsoup/nodes/Attribute.java:87: error: illegal start of type\n    [javac] In this corrected version, I've added a check to ensure that `val` is not null before returning it. If `val` is null, an `IllegalStateException` is thrown indicating that the value has not been initialized. This will help catch the issue early and provide a clear error message.\n    [javac]                                                                                                                     ^\n    [javac] /data/cmd/Ming/llm-fl-apr/tmp/Jsoup_88-prompt_apr_2-qwen-turbo/src/main/java/org/jsoup/nodes/Attribute.java:87: error: illegal character: \\96\n    [javac] In this corrected version, I've added a check to ensure that `val` is not null before returning it. If `val` is null, an `IllegalStateException` is thrown indicating that the value has not been initialized. This will help catch the issue early and provide a clear error message.\n    [javac]                                                                                                                          ^\n    [javac] /data/cmd/Ming/llm-fl-apr/tmp/Jsoup_88-prompt_apr_2-qwen-turbo/src/main/java/org/jsoup/nodes/Attribute.java:87: error: illegal character: \\96\n    [javac] In this corrected version, I've added a check to ensure that `val` is not null before returning it. If `val` is null, an `IllegalStateException` is thrown indicating that the value has not been initialized. This will help catch the issue early and provide a clear error message.\n    [javac]                                                                                                                                                ^\n    [javac] /data/cmd/Ming/llm-fl-apr/tmp/Jsoup_88-prompt_apr_2-qwen-turbo/src/main/java/org/jsoup/nodes/Attribute.java:87: error: ';' expected\n    [javac] In this corrected version, I've added a check to ensure that `val` is not null before returning it. If `val` is null, an `IllegalStateException` is thrown indicating that the value has not been initialized. This will help catch the issue early and provide a clear error message.\n    [javac]                                                                                                                                                           ^\n    [javac] /data/cmd/Ming/llm-fl-apr/tmp/Jsoup_88-prompt_apr_2-qwen-turbo/src/main/java/org/jsoup/nodes/Attribute.java:87: error: ';' expected\n    [javac] In this corrected version, I've added a check to ensure that `val` is not null before returning it. If `val` is null, an `IllegalStateException` is thrown indicating that the value has not been initialized. This will help catch the issue early and provide a clear error message.\n    [javac]                                                                                                                                                                           ^\n    [javac] /data/cmd/Ming/llm-fl-apr/tmp/Jsoup_88-prompt_apr_2-qwen-turbo/src/main/java/org/jsoup/nodes/Attribute.java:87: error: ';' expected\n    [javac] In this corrected version, I've added a check to ensure that `val` is not null before returning it. If `val` is null, an `IllegalStateException` is thrown indicating that the value has not been initialized. This will help catch the issue early and provide a clear error message.\n    [javac]                                                                                                                                                                                     ^\n    [javac] /data/cmd/Ming/llm-fl-apr/tmp/Jsoup_88-prompt_apr_2-qwen-turbo/src/main/java/org/jsoup/nodes/Attribute.java:87: error: ';' expected\n    [javac] In this corrected version, I've added a check to ensure that `val` is not null before returning it. If `val` is null, an `IllegalStateException` is thrown indicating that the value has not been initialized. This will help catch the issue early and provide a clear error message.\n    [javac]                                                                                                                                                                                             ^\n    [javac] /data/cmd/Ming/llm-fl-apr/tmp/Jsoup_88-prompt_apr_2-qwen-turbo/src/main/java/org/jsoup/nodes/Attribute.java:87: error: ';' expected\n    [javac] In this corrected version, I've added a check to ensure that `val` is not null before returning it. If `val` is null, an `IllegalStateException` is thrown indicating that the value has not been initialized. This will help catch the issue early and provide a clear error message.\n    [javac]                                                                                                                                                                                                              ^\n    [javac] /data/cmd/Ming/llm-fl-apr/tmp/Jsoup_88-prompt_apr_2-qwen-turbo/src/main/java/org/jsoup/nodes/Attribute.java:87: error: ';' expected\n    [javac] In this corrected version, I've added a check to ensure that `val` is not null before returning it. If `val` is null, an `IllegalStateException` is thrown indicating that the value has not been initialized. This will help catch the issue early and provide a clear error message.\n    [javac]                                                                                                                                                                                                                         ^\n    [javac] /data/cmd/Ming/llm-fl-apr/tmp/Jsoup_88-prompt_apr_2-qwen-turbo/src/main/java/org/jsoup/nodes/Attribute.java:87: error: <identifier> expected\n    [javac] In this corrected version, I've added a check to ensure that `val` is not null before returning it. If `val` is null, an `IllegalStateException` is thrown indicating that the value has not been initialized. This will help catch the issue early and provide a clear error message.\n    [javac]                                                                                                                                                                                                                              ^\n    [javac] /data/cmd/Ming/llm-fl-apr/tmp/Jsoup_88-prompt_apr_2-qwen-turbo/src/main/java/org/jsoup/nodes/Attribute.java:87: error: ';' expected\n    [javac] In this corrected version, I've added a check to ensure that `val` is not null before returning it. If `val` is null, an `IllegalStateException` is thrown indicating that the value has not been initialized. This will help catch the issue early and provide a clear error message.\n    [javac]                                                                                                                                                                                                                                              ^\n    [javac] /data/cmd/Ming/llm-fl-apr/tmp/Jsoup_88-prompt_apr_2-qwen-turbo/src/main/java/org/jsoup/nodes/Attribute.java:87: error: ';' expected\n    [javac] In this corrected version, I've added a check to ensure that `val` is not null before returning it. If `val` is null, an `IllegalStateException` is thrown indicating that the value has not been initialized. This will help catch the issue early and provide a clear error message.\n    [javac]                                                                                                                                                                                                                                                        ^\n    [javac] /data/cmd/Ming/llm-fl-apr/tmp/Jsoup_88-prompt_apr_2-qwen-turbo/src/main/java/org/jsoup/nodes/Attribute.java:87: error: ';' expected\n    [javac] In this corrected version, I've added a check to ensure that `val` is not null before returning it. If `val` is null, an `IllegalStateException` is thrown indicating that the value has not been initialized. This will help catch the issue early and provide a clear error message.\n    [javac]                                                                                                                                                                                                                                                                  ^\n    [javac] /data/cmd/Ming/llm-fl-apr/tmp/Jsoup_88-prompt_apr_2-qwen-turbo/src/main/java/org/jsoup/nodes/Attribute.java:87: error: ';' expected\n    [javac] In this corrected version, I've added a check to ensure that `val` is not null before returning it. If `val` is null, an `IllegalStateException` is thrown indicating that the value has not been initialized. This will help catch the issue early and provide a clear error message.\n    [javac]                                                                                                                                                                                                                                                                              ^\n    [javac] /data/cmd/Ming/llm-fl-apr/tmp/Jsoup_88-prompt_apr_2-qwen-turbo/src/main/java/org/jsoup/nodes/Attribute.java:87: error: <identifier> expected\n    [javac] In this corrected version, I've added a check to ensure that `val` is not null before returning it. If `val` is null, an `IllegalStateException` is thrown indicating that the value has not been initialized. This will help catch the issue early and provide a clear error message.\n    [javac]                                                                                                                                                                                                                                                                                       ^\n    [javac] /data/cmd/Ming/llm-fl-apr/tmp/Jsoup_88-prompt_apr_2-qwen-turbo/src/main/java/org/jsoup/nodes/Attribute.java:92: error: ';' expected\n    [javac]     public String setValue(String val) {\n    [javac]           ^\n    [javac] /data/cmd/Ming/llm-fl-apr/tmp/Jsoup_88-prompt_apr_2-qwen-turbo/src/main/java/org/jsoup/nodes/Attribute.java:92: error: invalid method declaration; return type required\n    [javac]     public String setValue(String val) {\n    [javac]                   ^\n    [javac] 37 errors\n\nBUILD FAILED\n/data/cmd/Ming/llm-fl-apr/tmp/Jsoup_88-prompt_apr_2-qwen-turbo/maven-build.xml:84: Compile failed; see the compiler error output for details.\n\nTotal time: 3 seconds\nCannot compile sources! at /data/cmd/Ming/LLM_Based-Mutation/tools/mutant/defects4j-2.1.0/framework/bin/d4j/d4j-compile line 82.\nCompilation failed in require at /data/cmd/Ming/LLM_Based-Mutation/tools/mutant/defects4j-2.1.0/framework/bin/defects4j line 195.\n"
                }
            },
            "doubao-pro-4k": {
                "compile": {
                    "rc": 0,
                    "so": "",
                    "se": "Running ant (compile)...................................................... OK\nRunning ant (compile.tests)................................................ OK\n"
                },
                "test": {
                    "rc": 0,
                    "so": "Failing tests: 0\n",
                    "se": "Running ant (compile.tests)................................................ OK\nRunning ant (run.dev.tests)................................................ OK\n"
                }
            },
            "gpt-4o-mini": {
                "compile": {
                    "rc": 0,
                    "so": "",
                    "se": "Running ant (compile)...................................................... OK\nRunning ant (compile.tests)................................................ OK\n"
                },
                "test": {
                    "rc": 0,
                    "so": "Failing tests: 0\n",
                    "se": "Running ant (compile.tests)................................................ OK\nRunning ant (run.dev.tests)................................................ OK\n"
                }
            },
            "deepseek-chat": {
                "compile": {
                    "rc": 0,
                    "so": "",
                    "se": "Running ant (compile)...................................................... OK\nRunning ant (compile.tests)................................................ OK\n"
                },
                "test": {
                    "rc": 0,
                    "so": "Failing tests: 1\n  - org.jsoup.nodes.AttributeTest::booleanAttributesAreEmptyStringValues\n",
                    "se": "Running ant (compile.tests)................................................ OK\nRunning ant (run.dev.tests)................................................ OK\n"
                }
            }
        },
        "prompt_apr_3": {
            "ernie-3.5-128k": {
                "compile": {
                    "rc": 1,
                    "so": "",
                    "se": "Running ant (compile)...................................................... FAIL\nExecuted command:  cd /data/cmd/Ming/llm-fl-apr/tmp/Jsoup_88-prompt_apr_3-ernie-3.5-128k && /data/cmd/Ming/LLM_Based-Mutation/tools/mutant/defects4j-2.1.0/major/bin/ant -f /data/cmd/Ming/LLM_Based-Mutation/tools/mutant/defects4j-2.1.0/framework/projects/defects4j.build.xml -Dd4j.home=/data/cmd/Ming/LLM_Based-Mutation/tools/mutant/defects4j-2.1.0 -Dd4j.dir.projects=/data/cmd/Ming/LLM_Based-Mutation/tools/mutant/defects4j-2.1.0/framework/projects -Dbasedir=/data/cmd/Ming/llm-fl-apr/tmp/Jsoup_88-prompt_apr_3-ernie-3.5-128k -Dbuild.compiler=javac1.7  compile 2>&1\nJava HotSpot(TM) 64-Bit Server VM warning: ignoring option MaxPermSize=1G; support was removed in 8.0\nBuildfile: /data/cmd/Ming/LLM_Based-Mutation/tools/mutant/defects4j-2.1.0/framework/projects/defects4j.build.xml\n\ntest-offline:\n\nget-deps:\n\njsoup-from-maven.compile:\n    [mkdir] Created dir: /data/cmd/Ming/llm-fl-apr/tmp/Jsoup_88-prompt_apr_3-ernie-3.5-128k/target/classes\n    [javac] /data/cmd/Ming/llm-fl-apr/tmp/Jsoup_88-prompt_apr_3-ernie-3.5-128k/maven-build.xml:84: warning: 'includeantruntime' was not set, defaulting to build.sysclasspath=last; set to false for repeatable builds\n    [javac] Compiling 68 source files to /data/cmd/Ming/llm-fl-apr/tmp/Jsoup_88-prompt_apr_3-ernie-3.5-128k/target/classes\n    [javac] /data/cmd/Ming/llm-fl-apr/tmp/Jsoup_88-prompt_apr_3-ernie-3.5-128k/src/main/java/org/jsoup/nodes/Attribute.java:85: error: illegal start of expression\n    [javac]     public String setValue(String val) {\n    [javac]     ^\n    [javac] /data/cmd/Ming/llm-fl-apr/tmp/Jsoup_88-prompt_apr_3-ernie-3.5-128k/src/main/java/org/jsoup/nodes/Attribute.java:85: error: ';' expected\n    [javac]     public String setValue(String val) {\n    [javac]                           ^\n    [javac] /data/cmd/Ming/llm-fl-apr/tmp/Jsoup_88-prompt_apr_3-ernie-3.5-128k/src/main/java/org/jsoup/nodes/Attribute.java:85: error: ';' expected\n    [javac]     public String setValue(String val) {\n    [javac]                                      ^\n    [javac] /data/cmd/Ming/llm-fl-apr/tmp/Jsoup_88-prompt_apr_3-ernie-3.5-128k/src/main/java/org/jsoup/nodes/Attribute.java:100: error: illegal start of expression\n    [javac]     public String html() {\n    [javac]     ^\n    [javac] /data/cmd/Ming/llm-fl-apr/tmp/Jsoup_88-prompt_apr_3-ernie-3.5-128k/src/main/java/org/jsoup/nodes/Attribute.java:100: error: ';' expected\n    [javac]     public String html() {\n    [javac]                       ^\n    [javac] /data/cmd/Ming/llm-fl-apr/tmp/Jsoup_88-prompt_apr_3-ernie-3.5-128k/src/main/java/org/jsoup/nodes/Attribute.java:111: error: illegal start of expression\n    [javac]     protected static void html(String key, String val, Appendable accum, Document.OutputSettings out) throws IOException {\n    [javac]     ^\n    [javac] /data/cmd/Ming/llm-fl-apr/tmp/Jsoup_88-prompt_apr_3-ernie-3.5-128k/src/main/java/org/jsoup/nodes/Attribute.java:111: error: illegal start of expression\n    [javac]     protected static void html(String key, String val, Appendable accum, Document.OutputSettings out) throws IOException {\n    [javac]               ^\n    [javac] /data/cmd/Ming/llm-fl-apr/tmp/Jsoup_88-prompt_apr_3-ernie-3.5-128k/src/main/java/org/jsoup/nodes/Attribute.java:111: error: ';' expected\n    [javac]     protected static void html(String key, String val, Appendable accum, Document.OutputSettings out) throws IOException {\n    [javac]                     ^\n    [javac] /data/cmd/Ming/llm-fl-apr/tmp/Jsoup_88-prompt_apr_3-ernie-3.5-128k/src/main/java/org/jsoup/nodes/Attribute.java:111: error: ')' expected\n    [javac]     protected static void html(String key, String val, Appendable accum, Document.OutputSettings out) throws IOException {\n    [javac]                                      ^\n    [javac] /data/cmd/Ming/llm-fl-apr/tmp/Jsoup_88-prompt_apr_3-ernie-3.5-128k/src/main/java/org/jsoup/nodes/Attribute.java:111: error: illegal start of expression\n    [javac]     protected static void html(String key, String val, Appendable accum, Document.OutputSettings out) throws IOException {\n    [javac]                                          ^\n    [javac] /data/cmd/Ming/llm-fl-apr/tmp/Jsoup_88-prompt_apr_3-ernie-3.5-128k/src/main/java/org/jsoup/nodes/Attribute.java:111: error: ';' expected\n    [javac]     protected static void html(String key, String val, Appendable accum, Document.OutputSettings out) throws IOException {\n    [javac]                                                  ^\n    [javac] /data/cmd/Ming/llm-fl-apr/tmp/Jsoup_88-prompt_apr_3-ernie-3.5-128k/src/main/java/org/jsoup/nodes/Attribute.java:111: error: not a statement\n    [javac]     protected static void html(String key, String val, Appendable accum, Document.OutputSettings out) throws IOException {\n    [javac]                                                   ^\n    [javac] /data/cmd/Ming/llm-fl-apr/tmp/Jsoup_88-prompt_apr_3-ernie-3.5-128k/src/main/java/org/jsoup/nodes/Attribute.java:111: error: ';' expected\n    [javac]     protected static void html(String key, String val, Appendable accum, Document.OutputSettings out) throws IOException {\n    [javac]                                                      ^\n    [javac] /data/cmd/Ming/llm-fl-apr/tmp/Jsoup_88-prompt_apr_3-ernie-3.5-128k/src/main/java/org/jsoup/nodes/Attribute.java:111: error: ';' expected\n    [javac]     protected static void html(String key, String val, Appendable accum, Document.OutputSettings out) throws IOException {\n    [javac]                                                                                  ^\n    [javac] /data/cmd/Ming/llm-fl-apr/tmp/Jsoup_88-prompt_apr_3-ernie-3.5-128k/src/main/java/org/jsoup/nodes/Attribute.java:111: error: ';' expected\n    [javac]     protected static void html(String key, String val, Appendable accum, Document.OutputSettings out) throws IOException {\n    [javac]                                                                                                     ^\n    [javac] /data/cmd/Ming/llm-fl-apr/tmp/Jsoup_88-prompt_apr_3-ernie-3.5-128k/src/main/java/org/jsoup/nodes/Attribute.java:111: error: not a statement\n    [javac]     protected static void html(String key, String val, Appendable accum, Document.OutputSettings out) throws IOException {\n    [javac]                                                                                                              ^\n    [javac] /data/cmd/Ming/llm-fl-apr/tmp/Jsoup_88-prompt_apr_3-ernie-3.5-128k/src/main/java/org/jsoup/nodes/Attribute.java:111: error: ';' expected\n    [javac]     protected static void html(String key, String val, Appendable accum, Document.OutputSettings out) throws IOException {\n    [javac]                                                                                                                         ^\n    [javac] /data/cmd/Ming/llm-fl-apr/tmp/Jsoup_88-prompt_apr_3-ernie-3.5-128k/src/main/java/org/jsoup/nodes/Attribute.java:120: error: illegal start of expression\n    [javac]     protected void html(Appendable accum, Document.OutputSettings out) throws IOException {\n    [javac]     ^\n    [javac] /data/cmd/Ming/llm-fl-apr/tmp/Jsoup_88-prompt_apr_3-ernie-3.5-128k/src/main/java/org/jsoup/nodes/Attribute.java:120: error: illegal start of expression\n    [javac]     protected void html(Appendable accum, Document.OutputSettings out) throws IOException {\n    [javac]               ^\n    [javac] /data/cmd/Ming/llm-fl-apr/tmp/Jsoup_88-prompt_apr_3-ernie-3.5-128k/src/main/java/org/jsoup/nodes/Attribute.java:120: error: ';' expected\n    [javac]     protected void html(Appendable accum, Document.OutputSettings out) throws IOException {\n    [javac]                        ^\n    [javac] /data/cmd/Ming/llm-fl-apr/tmp/Jsoup_88-prompt_apr_3-ernie-3.5-128k/src/main/java/org/jsoup/nodes/Attribute.java:120: error: ';' expected\n    [javac]     protected void html(Appendable accum, Document.OutputSettings out) throws IOException {\n    [javac]                                                   ^\n    [javac] /data/cmd/Ming/llm-fl-apr/tmp/Jsoup_88-prompt_apr_3-ernie-3.5-128k/src/main/java/org/jsoup/nodes/Attribute.java:120: error: ';' expected\n    [javac]     protected void html(Appendable accum, Document.OutputSettings out) throws IOException {\n    [javac]                                                                      ^\n    [javac] /data/cmd/Ming/llm-fl-apr/tmp/Jsoup_88-prompt_apr_3-ernie-3.5-128k/src/main/java/org/jsoup/nodes/Attribute.java:120: error: not a statement\n    [javac]     protected void html(Appendable accum, Document.OutputSettings out) throws IOException {\n    [javac]                                                                               ^\n    [javac] /data/cmd/Ming/llm-fl-apr/tmp/Jsoup_88-prompt_apr_3-ernie-3.5-128k/src/main/java/org/jsoup/nodes/Attribute.java:120: error: ';' expected\n    [javac]     protected void html(Appendable accum, Document.OutputSettings out) throws IOException {\n    [javac]                                                                                          ^\n    [javac] /data/cmd/Ming/llm-fl-apr/tmp/Jsoup_88-prompt_apr_3-ernie-3.5-128k/src/main/java/org/jsoup/nodes/Attribute.java:129: error: ';' expected\n    [javac]     public String toString() {\n    [javac]                           ^\n    [javac] /data/cmd/Ming/llm-fl-apr/tmp/Jsoup_88-prompt_apr_3-ernie-3.5-128k/src/main/java/org/jsoup/nodes/Attribute.java:139: error: illegal start of expression\n    [javac]     public static Attribute createFromEncoded(String unencodedKey, String encodedValue) {\n    [javac]     ^\n    [javac] /data/cmd/Ming/llm-fl-apr/tmp/Jsoup_88-prompt_apr_3-ernie-3.5-128k/src/main/java/org/jsoup/nodes/Attribute.java:139: error: illegal start of expression\n    [javac]     public static Attribute createFromEncoded(String unencodedKey, String encodedValue) {\n    [javac]            ^\n    [javac] /data/cmd/Ming/llm-fl-apr/tmp/Jsoup_88-prompt_apr_3-ernie-3.5-128k/src/main/java/org/jsoup/nodes/Attribute.java:139: error: ';' expected\n    [javac]     public static Attribute createFromEncoded(String unencodedKey, String encodedValue) {\n    [javac]                            ^\n    [javac] /data/cmd/Ming/llm-fl-apr/tmp/Jsoup_88-prompt_apr_3-ernie-3.5-128k/src/main/java/org/jsoup/nodes/Attribute.java:139: error: ')' expected\n    [javac]     public static Attribute createFromEncoded(String unencodedKey, String encodedValue) {\n    [javac]                                                     ^\n    [javac] /data/cmd/Ming/llm-fl-apr/tmp/Jsoup_88-prompt_apr_3-ernie-3.5-128k/src/main/java/org/jsoup/nodes/Attribute.java:139: error: illegal start of expression\n    [javac]     public static Attribute createFromEncoded(String unencodedKey, String encodedValue) {\n    [javac]                                                                  ^\n    [javac] /data/cmd/Ming/llm-fl-apr/tmp/Jsoup_88-prompt_apr_3-ernie-3.5-128k/src/main/java/org/jsoup/nodes/Attribute.java:139: error: ';' expected\n    [javac]     public static Attribute createFromEncoded(String unencodedKey, String encodedValue) {\n    [javac]                                                                          ^\n    [javac] /data/cmd/Ming/llm-fl-apr/tmp/Jsoup_88-prompt_apr_3-ernie-3.5-128k/src/main/java/org/jsoup/nodes/Attribute.java:139: error: not a statement\n    [javac]     public static Attribute createFromEncoded(String unencodedKey, String encodedValue) {\n    [javac]                                                                           ^\n    [javac] /data/cmd/Ming/llm-fl-apr/tmp/Jsoup_88-prompt_apr_3-ernie-3.5-128k/src/main/java/org/jsoup/nodes/Attribute.java:139: error: ';' expected\n    [javac]     public static Attribute createFromEncoded(String unencodedKey, String encodedValue) {\n    [javac]                                                                                       ^\n    [javac] /data/cmd/Ming/llm-fl-apr/tmp/Jsoup_88-prompt_apr_3-ernie-3.5-128k/src/main/java/org/jsoup/nodes/Attribute.java:144: error: illegal start of expression\n    [javac]     protected boolean isDataAttribute() {\n    [javac]     ^\n    [javac] /data/cmd/Ming/llm-fl-apr/tmp/Jsoup_88-prompt_apr_3-ernie-3.5-128k/src/main/java/org/jsoup/nodes/Attribute.java:144: error: ';' expected\n    [javac]     protected boolean isDataAttribute() {\n    [javac]                                      ^\n    [javac] /data/cmd/Ming/llm-fl-apr/tmp/Jsoup_88-prompt_apr_3-ernie-3.5-128k/src/main/java/org/jsoup/nodes/Attribute.java:148: error: illegal start of expression\n    [javac]     protected static boolean isDataAttribute(String key) {\n    [javac]     ^\n    [javac] /data/cmd/Ming/llm-fl-apr/tmp/Jsoup_88-prompt_apr_3-ernie-3.5-128k/src/main/java/org/jsoup/nodes/Attribute.java:148: error: illegal start of expression\n    [javac]     protected static boolean isDataAttribute(String key) {\n    [javac]               ^\n    [javac] /data/cmd/Ming/llm-fl-apr/tmp/Jsoup_88-prompt_apr_3-ernie-3.5-128k/src/main/java/org/jsoup/nodes/Attribute.java:148: error: ';' expected\n    [javac]     protected static boolean isDataAttribute(String key) {\n    [javac]                     ^\n    [javac] /data/cmd/Ming/llm-fl-apr/tmp/Jsoup_88-prompt_apr_3-ernie-3.5-128k/src/main/java/org/jsoup/nodes/Attribute.java:148: error: ')' expected\n    [javac]     protected static boolean isDataAttribute(String key) {\n    [javac]                                                    ^\n    [javac] /data/cmd/Ming/llm-fl-apr/tmp/Jsoup_88-prompt_apr_3-ernie-3.5-128k/src/main/java/org/jsoup/nodes/Attribute.java:148: error: illegal start of expression\n    [javac]     protected static boolean isDataAttribute(String key) {\n    [javac]                                                        ^\n    [javac] /data/cmd/Ming/llm-fl-apr/tmp/Jsoup_88-prompt_apr_3-ernie-3.5-128k/src/main/java/org/jsoup/nodes/Attribute.java:148: error: ';' expected\n    [javac]     protected static boolean isDataAttribute(String key) {\n    [javac]                                                         ^\n    [javac] 41 errors\n\nBUILD FAILED\n/data/cmd/Ming/llm-fl-apr/tmp/Jsoup_88-prompt_apr_3-ernie-3.5-128k/maven-build.xml:84: Compile failed; see the compiler error output for details.\n\nTotal time: 3 seconds\nCannot compile sources! at /data/cmd/Ming/LLM_Based-Mutation/tools/mutant/defects4j-2.1.0/framework/bin/d4j/d4j-compile line 82.\nCompilation failed in require at /data/cmd/Ming/LLM_Based-Mutation/tools/mutant/defects4j-2.1.0/framework/bin/defects4j line 195.\n"
                }
            },
            "qwen-turbo": {
                "compile": {
                    "rc": 1,
                    "so": "",
                    "se": "Running ant (compile)...................................................... FAIL\nExecuted command:  cd /data/cmd/Ming/llm-fl-apr/tmp/Jsoup_88-prompt_apr_3-qwen-turbo && /data/cmd/Ming/LLM_Based-Mutation/tools/mutant/defects4j-2.1.0/major/bin/ant -f /data/cmd/Ming/LLM_Based-Mutation/tools/mutant/defects4j-2.1.0/framework/projects/defects4j.build.xml -Dd4j.home=/data/cmd/Ming/LLM_Based-Mutation/tools/mutant/defects4j-2.1.0 -Dd4j.dir.projects=/data/cmd/Ming/LLM_Based-Mutation/tools/mutant/defects4j-2.1.0/framework/projects -Dbasedir=/data/cmd/Ming/llm-fl-apr/tmp/Jsoup_88-prompt_apr_3-qwen-turbo -Dbuild.compiler=javac1.7  compile 2>&1\nJava HotSpot(TM) 64-Bit Server VM warning: ignoring option MaxPermSize=1G; support was removed in 8.0\nBuildfile: /data/cmd/Ming/LLM_Based-Mutation/tools/mutant/defects4j-2.1.0/framework/projects/defects4j.build.xml\n\ntest-offline:\n\nget-deps:\n\njsoup-from-maven.compile:\n    [mkdir] Created dir: /data/cmd/Ming/llm-fl-apr/tmp/Jsoup_88-prompt_apr_3-qwen-turbo/target/classes\n    [javac] /data/cmd/Ming/llm-fl-apr/tmp/Jsoup_88-prompt_apr_3-qwen-turbo/maven-build.xml:84: warning: 'includeantruntime' was not set, defaulting to build.sysclasspath=last; set to false for repeatable builds\n    [javac] Compiling 68 source files to /data/cmd/Ming/llm-fl-apr/tmp/Jsoup_88-prompt_apr_3-qwen-turbo/target/classes\n    [javac] /data/cmd/Ming/llm-fl-apr/tmp/Jsoup_88-prompt_apr_3-qwen-turbo/src/main/java/org/jsoup/nodes/Attribute.java:79: error: illegal character: \\96\n    [javac] ```java\n    [javac] ^\n    [javac] /data/cmd/Ming/llm-fl-apr/tmp/Jsoup_88-prompt_apr_3-qwen-turbo/src/main/java/org/jsoup/nodes/Attribute.java:79: error: illegal character: \\96\n    [javac] ```java\n    [javac]  ^\n    [javac] /data/cmd/Ming/llm-fl-apr/tmp/Jsoup_88-prompt_apr_3-qwen-turbo/src/main/java/org/jsoup/nodes/Attribute.java:79: error: illegal character: \\96\n    [javac] ```java\n    [javac]   ^\n    [javac] /data/cmd/Ming/llm-fl-apr/tmp/Jsoup_88-prompt_apr_3-qwen-turbo/src/main/java/org/jsoup/nodes/Attribute.java:83: error: illegal character: \\96\n    [javac] ```\n    [javac] ^\n    [javac] /data/cmd/Ming/llm-fl-apr/tmp/Jsoup_88-prompt_apr_3-qwen-turbo/src/main/java/org/jsoup/nodes/Attribute.java:83: error: illegal character: \\96\n    [javac] ```\n    [javac]  ^\n    [javac] /data/cmd/Ming/llm-fl-apr/tmp/Jsoup_88-prompt_apr_3-qwen-turbo/src/main/java/org/jsoup/nodes/Attribute.java:83: error: illegal character: \\96\n    [javac] ```\n    [javac]   ^\n    [javac] 6 errors\n\nBUILD FAILED\n/data/cmd/Ming/llm-fl-apr/tmp/Jsoup_88-prompt_apr_3-qwen-turbo/maven-build.xml:84: Compile failed; see the compiler error output for details.\n\nTotal time: 2 seconds\nCannot compile sources! at /data/cmd/Ming/LLM_Based-Mutation/tools/mutant/defects4j-2.1.0/framework/bin/d4j/d4j-compile line 82.\nCompilation failed in require at /data/cmd/Ming/LLM_Based-Mutation/tools/mutant/defects4j-2.1.0/framework/bin/defects4j line 195.\n"
                }
            },
            "doubao-pro-4k": {
                "compile": {
                    "rc": 0,
                    "so": "",
                    "se": "Running ant (compile)...................................................... OK\nRunning ant (compile.tests)................................................ OK\n"
                },
                "test": {
                    "rc": 0,
                    "so": "Failing tests: 1\n  - org.jsoup.nodes.AttributeTest::booleanAttributesAreEmptyStringValues\n",
                    "se": "Running ant (compile.tests)................................................ OK\nRunning ant (run.dev.tests)................................................ OK\n"
                }
            },
            "gpt-4o-mini": {
                "compile": {
                    "rc": 0,
                    "so": "",
                    "se": "Running ant (compile)...................................................... OK\nRunning ant (compile.tests)................................................ OK\n"
                },
                "test": {
                    "rc": 0,
                    "so": "Failing tests: 1\n  - org.jsoup.nodes.AttributeTest::booleanAttributesAreEmptyStringValues\n",
                    "se": "Running ant (compile.tests)................................................ OK\nRunning ant (run.dev.tests)................................................ OK\n"
                }
            },
            "deepseek-chat": {
                "compile": {
                    "rc": 1,
                    "so": "",
                    "se": "Running ant (compile)...................................................... FAIL\nExecuted command:  cd /data/cmd/Ming/llm-fl-apr/tmp/Jsoup_88-prompt_apr_3-deepseek-chat && /data/cmd/Ming/LLM_Based-Mutation/tools/mutant/defects4j-2.1.0/major/bin/ant -f /data/cmd/Ming/LLM_Based-Mutation/tools/mutant/defects4j-2.1.0/framework/projects/defects4j.build.xml -Dd4j.home=/data/cmd/Ming/LLM_Based-Mutation/tools/mutant/defects4j-2.1.0 -Dd4j.dir.projects=/data/cmd/Ming/LLM_Based-Mutation/tools/mutant/defects4j-2.1.0/framework/projects -Dbasedir=/data/cmd/Ming/llm-fl-apr/tmp/Jsoup_88-prompt_apr_3-deepseek-chat -Dbuild.compiler=javac1.7  compile 2>&1\nJava HotSpot(TM) 64-Bit Server VM warning: ignoring option MaxPermSize=1G; support was removed in 8.0\nBuildfile: /data/cmd/Ming/LLM_Based-Mutation/tools/mutant/defects4j-2.1.0/framework/projects/defects4j.build.xml\n\ntest-offline:\n\nget-deps:\n\njsoup-from-maven.compile:\n    [mkdir] Created dir: /data/cmd/Ming/llm-fl-apr/tmp/Jsoup_88-prompt_apr_3-deepseek-chat/target/classes\n    [javac] /data/cmd/Ming/llm-fl-apr/tmp/Jsoup_88-prompt_apr_3-deepseek-chat/maven-build.xml:84: warning: 'includeantruntime' was not set, defaulting to build.sysclasspath=last; set to false for repeatable builds\n    [javac] Compiling 68 source files to /data/cmd/Ming/llm-fl-apr/tmp/Jsoup_88-prompt_apr_3-deepseek-chat/target/classes\n    [javac] /data/cmd/Ming/llm-fl-apr/tmp/Jsoup_88-prompt_apr_3-deepseek-chat/src/main/java/org/jsoup/nodes/Attribute.java:79: error: illegal character: \\96\n    [javac] ```java\n    [javac] ^\n    [javac] /data/cmd/Ming/llm-fl-apr/tmp/Jsoup_88-prompt_apr_3-deepseek-chat/src/main/java/org/jsoup/nodes/Attribute.java:79: error: illegal character: \\96\n    [javac] ```java\n    [javac]  ^\n    [javac] /data/cmd/Ming/llm-fl-apr/tmp/Jsoup_88-prompt_apr_3-deepseek-chat/src/main/java/org/jsoup/nodes/Attribute.java:79: error: illegal character: \\96\n    [javac] ```java\n    [javac]   ^\n    [javac] /data/cmd/Ming/llm-fl-apr/tmp/Jsoup_88-prompt_apr_3-deepseek-chat/src/main/java/org/jsoup/nodes/Attribute.java:83: error: illegal character: \\96\n    [javac] ```\n    [javac] ^\n    [javac] /data/cmd/Ming/llm-fl-apr/tmp/Jsoup_88-prompt_apr_3-deepseek-chat/src/main/java/org/jsoup/nodes/Attribute.java:83: error: illegal character: \\96\n    [javac] ```\n    [javac]  ^\n    [javac] /data/cmd/Ming/llm-fl-apr/tmp/Jsoup_88-prompt_apr_3-deepseek-chat/src/main/java/org/jsoup/nodes/Attribute.java:83: error: illegal character: \\96\n    [javac] ```\n    [javac]   ^\n    [javac] 6 errors\n\nBUILD FAILED\n/data/cmd/Ming/llm-fl-apr/tmp/Jsoup_88-prompt_apr_3-deepseek-chat/maven-build.xml:84: Compile failed; see the compiler error output for details.\n\nTotal time: 3 seconds\nCannot compile sources! at /data/cmd/Ming/LLM_Based-Mutation/tools/mutant/defects4j-2.1.0/framework/bin/d4j/d4j-compile line 82.\nCompilation failed in require at /data/cmd/Ming/LLM_Based-Mutation/tools/mutant/defects4j-2.1.0/framework/bin/defects4j line 195.\n"
                }
            }
        },
        "prompt_apr_4": {
            "ernie-3.5-128k": {
                "compile": {
                    "rc": 0,
                    "so": "",
                    "se": "Running ant (compile)...................................................... OK\nRunning ant (compile.tests)................................................ OK\n"
                },
                "test": {
                    "rc": 0,
                    "so": "Failing tests: 1\n  - org.jsoup.nodes.AttributeTest::booleanAttributesAreEmptyStringValues\n",
                    "se": "Running ant (compile.tests)................................................ OK\nRunning ant (run.dev.tests)................................................ OK\n"
                }
            },
            "qwen-turbo": {
                "compile": {
                    "rc": 0,
                    "so": "",
                    "se": "Running ant (compile)...................................................... OK\nRunning ant (compile.tests)................................................ OK\n"
                },
                "test": {
                    "rc": 0,
                    "so": "Failing tests: 1\n  - org.jsoup.nodes.AttributeTest::booleanAttributesAreEmptyStringValues\n",
                    "se": "Running ant (compile.tests)................................................ OK\nRunning ant (run.dev.tests)................................................ OK\n"
                }
            },
            "doubao-pro-4k": {
                "compile": {
                    "rc": 0,
                    "so": "",
                    "se": "Running ant (compile)...................................................... OK\nRunning ant (compile.tests)................................................ OK\n"
                },
                "test": {
                    "rc": 0,
                    "so": "Failing tests: 1\n  - org.jsoup.nodes.AttributeTest::booleanAttributesAreEmptyStringValues\n",
                    "se": "Running ant (compile.tests)................................................ OK\nRunning ant (run.dev.tests)................................................ OK\n"
                }
            },
            "gpt-4o-mini": {
                "compile": {
                    "rc": 0,
                    "so": "",
                    "se": "Running ant (compile)...................................................... OK\nRunning ant (compile.tests)................................................ OK\n"
                },
                "test": {
                    "rc": 0,
                    "so": "Failing tests: 0\n",
                    "se": "Running ant (compile.tests)................................................ OK\nRunning ant (run.dev.tests)................................................ OK\n"
                }
            },
            "deepseek-chat": {
                "compile": {
                    "rc": 0,
                    "so": "",
                    "se": "Running ant (compile)...................................................... OK\nRunning ant (compile.tests)................................................ OK\n"
                },
                "test": {
                    "rc": 0,
                    "so": "Failing tests: 1\n  - org.jsoup.nodes.AttributeTest::booleanAttributesAreEmptyStringValues\n",
                    "se": "Running ant (compile.tests)................................................ OK\nRunning ant (run.dev.tests)................................................ OK\n"
                }
            }
        },
        "prompt_apr_5": {
            "ernie-3.5-128k": {
                "compile": {
                    "rc": 0,
                    "so": "",
                    "se": "Running ant (compile)...................................................... OK\nRunning ant (compile.tests)................................................ OK\n"
                },
                "test": {
                    "rc": 0,
                    "so": "Failing tests: 1\n  - org.jsoup.nodes.AttributeTest::booleanAttributesAreEmptyStringValues\n",
                    "se": "Running ant (compile.tests)................................................ OK\nRunning ant (run.dev.tests)................................................ OK\n"
                }
            },
            "qwen-turbo": {
                "compile": {
                    "rc": 0,
                    "so": "",
                    "se": "Running ant (compile)...................................................... OK\nRunning ant (compile.tests)................................................ OK\n"
                },
                "test": {
                    "rc": 0,
                    "so": "Failing tests: 1\n  - org.jsoup.nodes.AttributeTest::booleanAttributesAreEmptyStringValues\n",
                    "se": "Running ant (compile.tests)................................................ OK\nRunning ant (run.dev.tests)................................................ OK\n"
                }
            },
            "doubao-pro-4k": {
                "compile": {
                    "rc": 1,
                    "so": "",
                    "se": "Running ant (compile)...................................................... FAIL\nExecuted command:  cd /data/cmd/Ming/llm-fl-apr/tmp/Jsoup_88-prompt_apr_5-doubao-pro-4k && /data/cmd/Ming/LLM_Based-Mutation/tools/mutant/defects4j-2.1.0/major/bin/ant -f /data/cmd/Ming/LLM_Based-Mutation/tools/mutant/defects4j-2.1.0/framework/projects/defects4j.build.xml -Dd4j.home=/data/cmd/Ming/LLM_Based-Mutation/tools/mutant/defects4j-2.1.0 -Dd4j.dir.projects=/data/cmd/Ming/LLM_Based-Mutation/tools/mutant/defects4j-2.1.0/framework/projects -Dbasedir=/data/cmd/Ming/llm-fl-apr/tmp/Jsoup_88-prompt_apr_5-doubao-pro-4k -Dbuild.compiler=javac1.7  compile 2>&1\nJava HotSpot(TM) 64-Bit Server VM warning: ignoring option MaxPermSize=1G; support was removed in 8.0\nBuildfile: /data/cmd/Ming/LLM_Based-Mutation/tools/mutant/defects4j-2.1.0/framework/projects/defects4j.build.xml\n\ntest-offline:\n\nget-deps:\n\njsoup-from-maven.compile:\n    [mkdir] Created dir: /data/cmd/Ming/llm-fl-apr/tmp/Jsoup_88-prompt_apr_5-doubao-pro-4k/target/classes\n    [javac] /data/cmd/Ming/llm-fl-apr/tmp/Jsoup_88-prompt_apr_5-doubao-pro-4k/maven-build.xml:84: warning: 'includeantruntime' was not set, defaulting to build.sysclasspath=last; set to false for repeatable builds\n    [javac] Compiling 68 source files to /data/cmd/Ming/llm-fl-apr/tmp/Jsoup_88-prompt_apr_5-doubao-pro-4k/target/classes\n    [javac] /data/cmd/Ming/llm-fl-apr/tmp/Jsoup_88-prompt_apr_5-doubao-pro-4k/src/main/java/org/jsoup/nodes/Attribute.java:86: error: illegal start of expression\n    [javac]     public String setValue(String val) {\n    [javac]     ^\n    [javac] /data/cmd/Ming/llm-fl-apr/tmp/Jsoup_88-prompt_apr_5-doubao-pro-4k/src/main/java/org/jsoup/nodes/Attribute.java:86: error: ';' expected\n    [javac]     public String setValue(String val) {\n    [javac]                           ^\n    [javac] /data/cmd/Ming/llm-fl-apr/tmp/Jsoup_88-prompt_apr_5-doubao-pro-4k/src/main/java/org/jsoup/nodes/Attribute.java:86: error: ';' expected\n    [javac]     public String setValue(String val) {\n    [javac]                                      ^\n    [javac] /data/cmd/Ming/llm-fl-apr/tmp/Jsoup_88-prompt_apr_5-doubao-pro-4k/src/main/java/org/jsoup/nodes/Attribute.java:101: error: illegal start of expression\n    [javac]     public String html() {\n    [javac]     ^\n    [javac] /data/cmd/Ming/llm-fl-apr/tmp/Jsoup_88-prompt_apr_5-doubao-pro-4k/src/main/java/org/jsoup/nodes/Attribute.java:101: error: ';' expected\n    [javac]     public String html() {\n    [javac]                       ^\n    [javac] /data/cmd/Ming/llm-fl-apr/tmp/Jsoup_88-prompt_apr_5-doubao-pro-4k/src/main/java/org/jsoup/nodes/Attribute.java:112: error: illegal start of expression\n    [javac]     protected static void html(String key, String val, Appendable accum, Document.OutputSettings out) throws IOException {\n    [javac]     ^\n    [javac] /data/cmd/Ming/llm-fl-apr/tmp/Jsoup_88-prompt_apr_5-doubao-pro-4k/src/main/java/org/jsoup/nodes/Attribute.java:112: error: illegal start of expression\n    [javac]     protected static void html(String key, String val, Appendable accum, Document.OutputSettings out) throws IOException {\n    [javac]               ^\n    [javac] /data/cmd/Ming/llm-fl-apr/tmp/Jsoup_88-prompt_apr_5-doubao-pro-4k/src/main/java/org/jsoup/nodes/Attribute.java:112: error: ';' expected\n    [javac]     protected static void html(String key, String val, Appendable accum, Document.OutputSettings out) throws IOException {\n    [javac]                     ^\n    [javac] /data/cmd/Ming/llm-fl-apr/tmp/Jsoup_88-prompt_apr_5-doubao-pro-4k/src/main/java/org/jsoup/nodes/Attribute.java:112: error: ')' expected\n    [javac]     protected static void html(String key, String val, Appendable accum, Document.OutputSettings out) throws IOException {\n    [javac]                                      ^\n    [javac] /data/cmd/Ming/llm-fl-apr/tmp/Jsoup_88-prompt_apr_5-doubao-pro-4k/src/main/java/org/jsoup/nodes/Attribute.java:112: error: illegal start of expression\n    [javac]     protected static void html(String key, String val, Appendable accum, Document.OutputSettings out) throws IOException {\n    [javac]                                          ^\n    [javac] /data/cmd/Ming/llm-fl-apr/tmp/Jsoup_88-prompt_apr_5-doubao-pro-4k/src/main/java/org/jsoup/nodes/Attribute.java:112: error: ';' expected\n    [javac]     protected static void html(String key, String val, Appendable accum, Document.OutputSettings out) throws IOException {\n    [javac]                                                  ^\n    [javac] /data/cmd/Ming/llm-fl-apr/tmp/Jsoup_88-prompt_apr_5-doubao-pro-4k/src/main/java/org/jsoup/nodes/Attribute.java:112: error: not a statement\n    [javac]     protected static void html(String key, String val, Appendable accum, Document.OutputSettings out) throws IOException {\n    [javac]                                                   ^\n    [javac] /data/cmd/Ming/llm-fl-apr/tmp/Jsoup_88-prompt_apr_5-doubao-pro-4k/src/main/java/org/jsoup/nodes/Attribute.java:112: error: ';' expected\n    [javac]     protected static void html(String key, String val, Appendable accum, Document.OutputSettings out) throws IOException {\n    [javac]                                                      ^\n    [javac] /data/cmd/Ming/llm-fl-apr/tmp/Jsoup_88-prompt_apr_5-doubao-pro-4k/src/main/java/org/jsoup/nodes/Attribute.java:112: error: ';' expected\n    [javac]     protected static void html(String key, String val, Appendable accum, Document.OutputSettings out) throws IOException {\n    [javac]                                                                                  ^\n    [javac] /data/cmd/Ming/llm-fl-apr/tmp/Jsoup_88-prompt_apr_5-doubao-pro-4k/src/main/java/org/jsoup/nodes/Attribute.java:112: error: ';' expected\n    [javac]     protected static void html(String key, String val, Appendable accum, Document.OutputSettings out) throws IOException {\n    [javac]                                                                                                     ^\n    [javac] /data/cmd/Ming/llm-fl-apr/tmp/Jsoup_88-prompt_apr_5-doubao-pro-4k/src/main/java/org/jsoup/nodes/Attribute.java:112: error: not a statement\n    [javac]     protected static void html(String key, String val, Appendable accum, Document.OutputSettings out) throws IOException {\n    [javac]                                                                                                              ^\n    [javac] /data/cmd/Ming/llm-fl-apr/tmp/Jsoup_88-prompt_apr_5-doubao-pro-4k/src/main/java/org/jsoup/nodes/Attribute.java:112: error: ';' expected\n    [javac]     protected static void html(String key, String val, Appendable accum, Document.OutputSettings out) throws IOException {\n    [javac]                                                                                                                         ^\n    [javac] /data/cmd/Ming/llm-fl-apr/tmp/Jsoup_88-prompt_apr_5-doubao-pro-4k/src/main/java/org/jsoup/nodes/Attribute.java:121: error: illegal start of expression\n    [javac]     protected void html(Appendable accum, Document.OutputSettings out) throws IOException {\n    [javac]     ^\n    [javac] /data/cmd/Ming/llm-fl-apr/tmp/Jsoup_88-prompt_apr_5-doubao-pro-4k/src/main/java/org/jsoup/nodes/Attribute.java:121: error: illegal start of expression\n    [javac]     protected void html(Appendable accum, Document.OutputSettings out) throws IOException {\n    [javac]               ^\n    [javac] /data/cmd/Ming/llm-fl-apr/tmp/Jsoup_88-prompt_apr_5-doubao-pro-4k/src/main/java/org/jsoup/nodes/Attribute.java:121: error: ';' expected\n    [javac]     protected void html(Appendable accum, Document.OutputSettings out) throws IOException {\n    [javac]                        ^\n    [javac] /data/cmd/Ming/llm-fl-apr/tmp/Jsoup_88-prompt_apr_5-doubao-pro-4k/src/main/java/org/jsoup/nodes/Attribute.java:121: error: ';' expected\n    [javac]     protected void html(Appendable accum, Document.OutputSettings out) throws IOException {\n    [javac]                                                   ^\n    [javac] /data/cmd/Ming/llm-fl-apr/tmp/Jsoup_88-prompt_apr_5-doubao-pro-4k/src/main/java/org/jsoup/nodes/Attribute.java:121: error: ';' expected\n    [javac]     protected void html(Appendable accum, Document.OutputSettings out) throws IOException {\n    [javac]                                                                      ^\n    [javac] /data/cmd/Ming/llm-fl-apr/tmp/Jsoup_88-prompt_apr_5-doubao-pro-4k/src/main/java/org/jsoup/nodes/Attribute.java:121: error: not a statement\n    [javac]     protected void html(Appendable accum, Document.OutputSettings out) throws IOException {\n    [javac]                                                                               ^\n    [javac] /data/cmd/Ming/llm-fl-apr/tmp/Jsoup_88-prompt_apr_5-doubao-pro-4k/src/main/java/org/jsoup/nodes/Attribute.java:121: error: ';' expected\n    [javac]     protected void html(Appendable accum, Document.OutputSettings out) throws IOException {\n    [javac]                                                                                          ^\n    [javac] /data/cmd/Ming/llm-fl-apr/tmp/Jsoup_88-prompt_apr_5-doubao-pro-4k/src/main/java/org/jsoup/nodes/Attribute.java:130: error: ';' expected\n    [javac]     public String toString() {\n    [javac]                           ^\n    [javac] /data/cmd/Ming/llm-fl-apr/tmp/Jsoup_88-prompt_apr_5-doubao-pro-4k/src/main/java/org/jsoup/nodes/Attribute.java:140: error: illegal start of expression\n    [javac]     public static Attribute createFromEncoded(String unencodedKey, String encodedValue) {\n    [javac]     ^\n    [javac] /data/cmd/Ming/llm-fl-apr/tmp/Jsoup_88-prompt_apr_5-doubao-pro-4k/src/main/java/org/jsoup/nodes/Attribute.java:140: error: illegal start of expression\n    [javac]     public static Attribute createFromEncoded(String unencodedKey, String encodedValue) {\n    [javac]            ^\n    [javac] /data/cmd/Ming/llm-fl-apr/tmp/Jsoup_88-prompt_apr_5-doubao-pro-4k/src/main/java/org/jsoup/nodes/Attribute.java:140: error: ';' expected\n    [javac]     public static Attribute createFromEncoded(String unencodedKey, String encodedValue) {\n    [javac]                            ^\n    [javac] /data/cmd/Ming/llm-fl-apr/tmp/Jsoup_88-prompt_apr_5-doubao-pro-4k/src/main/java/org/jsoup/nodes/Attribute.java:140: error: ')' expected\n    [javac]     public static Attribute createFromEncoded(String unencodedKey, String encodedValue) {\n    [javac]                                                     ^\n    [javac] /data/cmd/Ming/llm-fl-apr/tmp/Jsoup_88-prompt_apr_5-doubao-pro-4k/src/main/java/org/jsoup/nodes/Attribute.java:140: error: illegal start of expression\n    [javac]     public static Attribute createFromEncoded(String unencodedKey, String encodedValue) {\n    [javac]                                                                  ^\n    [javac] /data/cmd/Ming/llm-fl-apr/tmp/Jsoup_88-prompt_apr_5-doubao-pro-4k/src/main/java/org/jsoup/nodes/Attribute.java:140: error: ';' expected\n    [javac]     public static Attribute createFromEncoded(String unencodedKey, String encodedValue) {\n    [javac]                                                                          ^\n    [javac] /data/cmd/Ming/llm-fl-apr/tmp/Jsoup_88-prompt_apr_5-doubao-pro-4k/src/main/java/org/jsoup/nodes/Attribute.java:140: error: not a statement\n    [javac]     public static Attribute createFromEncoded(String unencodedKey, String encodedValue) {\n    [javac]                                                                           ^\n    [javac] /data/cmd/Ming/llm-fl-apr/tmp/Jsoup_88-prompt_apr_5-doubao-pro-4k/src/main/java/org/jsoup/nodes/Attribute.java:140: error: ';' expected\n    [javac]     public static Attribute createFromEncoded(String unencodedKey, String encodedValue) {\n    [javac]                                                                                       ^\n    [javac] /data/cmd/Ming/llm-fl-apr/tmp/Jsoup_88-prompt_apr_5-doubao-pro-4k/src/main/java/org/jsoup/nodes/Attribute.java:145: error: illegal start of expression\n    [javac]     protected boolean isDataAttribute() {\n    [javac]     ^\n    [javac] /data/cmd/Ming/llm-fl-apr/tmp/Jsoup_88-prompt_apr_5-doubao-pro-4k/src/main/java/org/jsoup/nodes/Attribute.java:145: error: ';' expected\n    [javac]     protected boolean isDataAttribute() {\n    [javac]                                      ^\n    [javac] /data/cmd/Ming/llm-fl-apr/tmp/Jsoup_88-prompt_apr_5-doubao-pro-4k/src/main/java/org/jsoup/nodes/Attribute.java:149: error: illegal start of expression\n    [javac]     protected static boolean isDataAttribute(String key) {\n    [javac]     ^\n    [javac] /data/cmd/Ming/llm-fl-apr/tmp/Jsoup_88-prompt_apr_5-doubao-pro-4k/src/main/java/org/jsoup/nodes/Attribute.java:149: error: illegal start of expression\n    [javac]     protected static boolean isDataAttribute(String key) {\n    [javac]               ^\n    [javac] /data/cmd/Ming/llm-fl-apr/tmp/Jsoup_88-prompt_apr_5-doubao-pro-4k/src/main/java/org/jsoup/nodes/Attribute.java:149: error: ';' expected\n    [javac]     protected static boolean isDataAttribute(String key) {\n    [javac]                     ^\n    [javac] /data/cmd/Ming/llm-fl-apr/tmp/Jsoup_88-prompt_apr_5-doubao-pro-4k/src/main/java/org/jsoup/nodes/Attribute.java:149: error: ')' expected\n    [javac]     protected static boolean isDataAttribute(String key) {\n    [javac]                                                    ^\n    [javac] /data/cmd/Ming/llm-fl-apr/tmp/Jsoup_88-prompt_apr_5-doubao-pro-4k/src/main/java/org/jsoup/nodes/Attribute.java:149: error: illegal start of expression\n    [javac]     protected static boolean isDataAttribute(String key) {\n    [javac]                                                        ^\n    [javac] /data/cmd/Ming/llm-fl-apr/tmp/Jsoup_88-prompt_apr_5-doubao-pro-4k/src/main/java/org/jsoup/nodes/Attribute.java:149: error: ';' expected\n    [javac]     protected static boolean isDataAttribute(String key) {\n    [javac]                                                         ^\n    [javac] 41 errors\n\nBUILD FAILED\n/data/cmd/Ming/llm-fl-apr/tmp/Jsoup_88-prompt_apr_5-doubao-pro-4k/maven-build.xml:84: Compile failed; see the compiler error output for details.\n\nTotal time: 2 seconds\nCannot compile sources! at /data/cmd/Ming/LLM_Based-Mutation/tools/mutant/defects4j-2.1.0/framework/bin/d4j/d4j-compile line 82.\nCompilation failed in require at /data/cmd/Ming/LLM_Based-Mutation/tools/mutant/defects4j-2.1.0/framework/bin/defects4j line 195.\n"
                }
            },
            "gpt-4o-mini": {
                "compile": {
                    "rc": 0,
                    "so": "",
                    "se": "Running ant (compile)...................................................... OK\nRunning ant (compile.tests)................................................ OK\n"
                },
                "test": {
                    "rc": 0,
                    "so": "Failing tests: 1\n  - org.jsoup.nodes.AttributeTest::booleanAttributesAreEmptyStringValues\n",
                    "se": "Running ant (compile.tests)................................................ OK\nRunning ant (run.dev.tests)................................................ OK\n"
                }
            },
            "deepseek-chat": {
                "compile": {
                    "rc": 0,
                    "so": "",
                    "se": "Running ant (compile)...................................................... OK\nRunning ant (compile.tests)................................................ OK\n"
                },
                "test": {
                    "rc": 0,
                    "so": "Failing tests: 1\n  - org.jsoup.nodes.AttributeTest::booleanAttributesAreEmptyStringValues\n",
                    "se": "Running ant (compile.tests)................................................ OK\nRunning ant (run.dev.tests)................................................ OK\n"
                }
            }
        },
        "prompt_apr_6": {
            "ernie-3.5-128k": {
                "compile": {
                    "rc": 1,
                    "so": "",
                    "se": "Running ant (compile)...................................................... FAIL\nExecuted command:  cd /data/cmd/Ming/llm-fl-apr/tmp/Jsoup_88-prompt_apr_6-ernie-3.5-128k && /data/cmd/Ming/LLM_Based-Mutation/tools/mutant/defects4j-2.1.0/major/bin/ant -f /data/cmd/Ming/LLM_Based-Mutation/tools/mutant/defects4j-2.1.0/framework/projects/defects4j.build.xml -Dd4j.home=/data/cmd/Ming/LLM_Based-Mutation/tools/mutant/defects4j-2.1.0 -Dd4j.dir.projects=/data/cmd/Ming/LLM_Based-Mutation/tools/mutant/defects4j-2.1.0/framework/projects -Dbasedir=/data/cmd/Ming/llm-fl-apr/tmp/Jsoup_88-prompt_apr_6-ernie-3.5-128k -Dbuild.compiler=javac1.7  compile 2>&1\nJava HotSpot(TM) 64-Bit Server VM warning: ignoring option MaxPermSize=1G; support was removed in 8.0\nBuildfile: /data/cmd/Ming/LLM_Based-Mutation/tools/mutant/defects4j-2.1.0/framework/projects/defects4j.build.xml\n\ntest-offline:\n\nget-deps:\n\njsoup-from-maven.compile:\n    [mkdir] Created dir: /data/cmd/Ming/llm-fl-apr/tmp/Jsoup_88-prompt_apr_6-ernie-3.5-128k/target/classes\n    [javac] /data/cmd/Ming/llm-fl-apr/tmp/Jsoup_88-prompt_apr_6-ernie-3.5-128k/maven-build.xml:84: warning: 'includeantruntime' was not set, defaulting to build.sysclasspath=last; set to false for repeatable builds\n    [javac] Compiling 68 source files to /data/cmd/Ming/llm-fl-apr/tmp/Jsoup_88-prompt_apr_6-ernie-3.5-128k/target/classes\n    [javac] /data/cmd/Ming/llm-fl-apr/tmp/Jsoup_88-prompt_apr_6-ernie-3.5-128k/src/main/java/org/jsoup/nodes/Attribute.java:81: error: illegal start of type\n    [javac]     }        return val;\n    [javac]              ^\n    [javac] /data/cmd/Ming/llm-fl-apr/tmp/Jsoup_88-prompt_apr_6-ernie-3.5-128k/src/main/java/org/jsoup/nodes/Attribute.java:81: error: ';' expected\n    [javac]     }        return val;\n    [javac]                    ^\n    [javac] /data/cmd/Ming/llm-fl-apr/tmp/Jsoup_88-prompt_apr_6-ernie-3.5-128k/src/main/java/org/jsoup/nodes/Attribute.java:88: error: class, interface, or enum expected\n    [javac]     public String setValue(String val) {\n    [javac]            ^\n    [javac] /data/cmd/Ming/llm-fl-apr/tmp/Jsoup_88-prompt_apr_6-ernie-3.5-128k/src/main/java/org/jsoup/nodes/Attribute.java:90: error: class, interface, or enum expected\n    [javac]         if (parent != null) {\n    [javac]         ^\n    [javac] /data/cmd/Ming/llm-fl-apr/tmp/Jsoup_88-prompt_apr_6-ernie-3.5-128k/src/main/java/org/jsoup/nodes/Attribute.java:92: error: class, interface, or enum expected\n    [javac]             if (i != Attributes.NotFound)\n    [javac]             ^\n    [javac] /data/cmd/Ming/llm-fl-apr/tmp/Jsoup_88-prompt_apr_6-ernie-3.5-128k/src/main/java/org/jsoup/nodes/Attribute.java:94: error: class, interface, or enum expected\n    [javac]         }\n    [javac]         ^\n    [javac] /data/cmd/Ming/llm-fl-apr/tmp/Jsoup_88-prompt_apr_6-ernie-3.5-128k/src/main/java/org/jsoup/nodes/Attribute.java:96: error: class, interface, or enum expected\n    [javac]         return oldVal;\n    [javac]         ^\n    [javac] /data/cmd/Ming/llm-fl-apr/tmp/Jsoup_88-prompt_apr_6-ernie-3.5-128k/src/main/java/org/jsoup/nodes/Attribute.java:97: error: class, interface, or enum expected\n    [javac]     }\n    [javac]     ^\n    [javac] /data/cmd/Ming/llm-fl-apr/tmp/Jsoup_88-prompt_apr_6-ernie-3.5-128k/src/main/java/org/jsoup/nodes/Attribute.java:103: error: class, interface, or enum expected\n    [javac]     public String html() {\n    [javac]            ^\n    [javac] /data/cmd/Ming/llm-fl-apr/tmp/Jsoup_88-prompt_apr_6-ernie-3.5-128k/src/main/java/org/jsoup/nodes/Attribute.java:106: error: class, interface, or enum expected\n    [javac]         try {\n    [javac]         ^\n    [javac] /data/cmd/Ming/llm-fl-apr/tmp/Jsoup_88-prompt_apr_6-ernie-3.5-128k/src/main/java/org/jsoup/nodes/Attribute.java:108: error: class, interface, or enum expected\n    [javac]         } catch(IOException exception) {\n    [javac]         ^\n    [javac] /data/cmd/Ming/llm-fl-apr/tmp/Jsoup_88-prompt_apr_6-ernie-3.5-128k/src/main/java/org/jsoup/nodes/Attribute.java:110: error: class, interface, or enum expected\n    [javac]         }\n    [javac]         ^\n    [javac] /data/cmd/Ming/llm-fl-apr/tmp/Jsoup_88-prompt_apr_6-ernie-3.5-128k/src/main/java/org/jsoup/nodes/Attribute.java:112: error: class, interface, or enum expected\n    [javac]     }\n    [javac]     ^\n    [javac] /data/cmd/Ming/llm-fl-apr/tmp/Jsoup_88-prompt_apr_6-ernie-3.5-128k/src/main/java/org/jsoup/nodes/Attribute.java:116: error: class, interface, or enum expected\n    [javac]         if (!shouldCollapseAttribute(key, val, out)) {\n    [javac]         ^\n    [javac] /data/cmd/Ming/llm-fl-apr/tmp/Jsoup_88-prompt_apr_6-ernie-3.5-128k/src/main/java/org/jsoup/nodes/Attribute.java:118: error: class, interface, or enum expected\n    [javac]             Entities.escape(accum, Attributes.checkNotNull(val) , out, true, false, false);\n    [javac]             ^\n    [javac] /data/cmd/Ming/llm-fl-apr/tmp/Jsoup_88-prompt_apr_6-ernie-3.5-128k/src/main/java/org/jsoup/nodes/Attribute.java:119: error: class, interface, or enum expected\n    [javac]             accum.append('\"');\n    [javac]             ^\n    [javac] /data/cmd/Ming/llm-fl-apr/tmp/Jsoup_88-prompt_apr_6-ernie-3.5-128k/src/main/java/org/jsoup/nodes/Attribute.java:120: error: class, interface, or enum expected\n    [javac]         }\n    [javac]         ^\n    [javac] /data/cmd/Ming/llm-fl-apr/tmp/Jsoup_88-prompt_apr_6-ernie-3.5-128k/src/main/java/org/jsoup/nodes/Attribute.java:125: error: class, interface, or enum expected\n    [javac]     }\n    [javac]     ^\n    [javac] /data/cmd/Ming/llm-fl-apr/tmp/Jsoup_88-prompt_apr_6-ernie-3.5-128k/src/main/java/org/jsoup/nodes/Attribute.java:132: error: class, interface, or enum expected\n    [javac]     public String toString() {\n    [javac]            ^\n    [javac] /data/cmd/Ming/llm-fl-apr/tmp/Jsoup_88-prompt_apr_6-ernie-3.5-128k/src/main/java/org/jsoup/nodes/Attribute.java:134: error: class, interface, or enum expected\n    [javac]     }\n    [javac]     ^\n    [javac] /data/cmd/Ming/llm-fl-apr/tmp/Jsoup_88-prompt_apr_6-ernie-3.5-128k/src/main/java/org/jsoup/nodes/Attribute.java:142: error: class, interface, or enum expected\n    [javac]     public static Attribute createFromEncoded(String unencodedKey, String encodedValue) {\n    [javac]                   ^\n    [javac] /data/cmd/Ming/llm-fl-apr/tmp/Jsoup_88-prompt_apr_6-ernie-3.5-128k/src/main/java/org/jsoup/nodes/Attribute.java:144: error: class, interface, or enum expected\n    [javac]         return new Attribute(unencodedKey, value, null); // parent will get set when Put\n    [javac]         ^\n    [javac] /data/cmd/Ming/llm-fl-apr/tmp/Jsoup_88-prompt_apr_6-ernie-3.5-128k/src/main/java/org/jsoup/nodes/Attribute.java:145: error: class, interface, or enum expected\n    [javac]     }\n    [javac]     ^\n    [javac] /data/cmd/Ming/llm-fl-apr/tmp/Jsoup_88-prompt_apr_6-ernie-3.5-128k/src/main/java/org/jsoup/nodes/Attribute.java:149: error: class, interface, or enum expected\n    [javac]     }\n    [javac]     ^\n    [javac] /data/cmd/Ming/llm-fl-apr/tmp/Jsoup_88-prompt_apr_6-ernie-3.5-128k/src/main/java/org/jsoup/nodes/Attribute.java:153: error: class, interface, or enum expected\n    [javac]     }\n    [javac]     ^\n    [javac] /data/cmd/Ming/llm-fl-apr/tmp/Jsoup_88-prompt_apr_6-ernie-3.5-128k/src/main/java/org/jsoup/nodes/Attribute.java:161: error: class, interface, or enum expected\n    [javac]     protected final boolean shouldCollapseAttribute(Document.OutputSettings out) {\n    [javac]                     ^\n    [javac] /data/cmd/Ming/llm-fl-apr/tmp/Jsoup_88-prompt_apr_6-ernie-3.5-128k/src/main/java/org/jsoup/nodes/Attribute.java:163: error: class, interface, or enum expected\n    [javac]     }\n    [javac]     ^\n    [javac] /data/cmd/Ming/llm-fl-apr/tmp/Jsoup_88-prompt_apr_6-ernie-3.5-128k/src/main/java/org/jsoup/nodes/Attribute.java:165: error: class, interface, or enum expected\n    [javac]     protected static boolean shouldCollapseAttribute(final String key, final String val, final Document.OutputSettings out) {\n    [javac]                                                            ^\n    [javac] /data/cmd/Ming/llm-fl-apr/tmp/Jsoup_88-prompt_apr_6-ernie-3.5-128k/src/main/java/org/jsoup/nodes/Attribute.java:165: error: class, interface, or enum expected\n    [javac]     protected static boolean shouldCollapseAttribute(final String key, final String val, final Document.OutputSettings out) {\n    [javac]                                                                              ^\n    [javac] /data/cmd/Ming/llm-fl-apr/tmp/Jsoup_88-prompt_apr_6-ernie-3.5-128k/src/main/java/org/jsoup/nodes/Attribute.java:165: error: class, interface, or enum expected\n    [javac]     protected static boolean shouldCollapseAttribute(final String key, final String val, final Document.OutputSettings out) {\n    [javac]                                                                                                ^\n    [javac] /data/cmd/Ming/llm-fl-apr/tmp/Jsoup_88-prompt_apr_6-ernie-3.5-128k/src/main/java/org/jsoup/nodes/Attribute.java:169: error: class, interface, or enum expected\n    [javac]     }\n    [javac]     ^\n    [javac] /data/cmd/Ming/llm-fl-apr/tmp/Jsoup_88-prompt_apr_6-ernie-3.5-128k/src/main/java/org/jsoup/nodes/Attribute.java:176: error: class, interface, or enum expected\n    [javac]     }\n    [javac]     ^\n    [javac] /data/cmd/Ming/llm-fl-apr/tmp/Jsoup_88-prompt_apr_6-ernie-3.5-128k/src/main/java/org/jsoup/nodes/Attribute.java:181: error: class, interface, or enum expected\n    [javac]     protected static boolean isBooleanAttribute(final String key) {\n    [javac]                                                       ^\n    [javac] /data/cmd/Ming/llm-fl-apr/tmp/Jsoup_88-prompt_apr_6-ernie-3.5-128k/src/main/java/org/jsoup/nodes/Attribute.java:183: error: class, interface, or enum expected\n    [javac]     }\n    [javac]     ^\n    [javac] /data/cmd/Ming/llm-fl-apr/tmp/Jsoup_88-prompt_apr_6-ernie-3.5-128k/src/main/java/org/jsoup/nodes/Attribute.java:186: error: class, interface, or enum expected\n    [javac]     public boolean equals(Object o) { // note parent not considered\n    [javac]            ^\n    [javac] /data/cmd/Ming/llm-fl-apr/tmp/Jsoup_88-prompt_apr_6-ernie-3.5-128k/src/main/java/org/jsoup/nodes/Attribute.java:188: error: class, interface, or enum expected\n    [javac]         if (o == null || getClass() != o.getClass()) return false;\n    [javac]         ^\n    [javac] /data/cmd/Ming/llm-fl-apr/tmp/Jsoup_88-prompt_apr_6-ernie-3.5-128k/src/main/java/org/jsoup/nodes/Attribute.java:189: error: class, interface, or enum expected\n    [javac]         Attribute attribute = (Attribute) o;\n    [javac]         ^\n    [javac] /data/cmd/Ming/llm-fl-apr/tmp/Jsoup_88-prompt_apr_6-ernie-3.5-128k/src/main/java/org/jsoup/nodes/Attribute.java:190: error: class, interface, or enum expected\n    [javac]         if (key != null ? !key.equals(attribute.key) : attribute.key != null) return false;\n    [javac]         ^\n    [javac] /data/cmd/Ming/llm-fl-apr/tmp/Jsoup_88-prompt_apr_6-ernie-3.5-128k/src/main/java/org/jsoup/nodes/Attribute.java:191: error: class, interface, or enum expected\n    [javac]         return val != null ? val.equals(attribute.val) : attribute.val == null;\n    [javac]         ^\n    [javac] /data/cmd/Ming/llm-fl-apr/tmp/Jsoup_88-prompt_apr_6-ernie-3.5-128k/src/main/java/org/jsoup/nodes/Attribute.java:192: error: class, interface, or enum expected\n    [javac]     }\n    [javac]     ^\n    [javac] /data/cmd/Ming/llm-fl-apr/tmp/Jsoup_88-prompt_apr_6-ernie-3.5-128k/src/main/java/org/jsoup/nodes/Attribute.java:195: error: class, interface, or enum expected\n    [javac]     public int hashCode() { // note parent not considered\n    [javac]            ^\n    [javac] /data/cmd/Ming/llm-fl-apr/tmp/Jsoup_88-prompt_apr_6-ernie-3.5-128k/src/main/java/org/jsoup/nodes/Attribute.java:197: error: class, interface, or enum expected\n    [javac]         result = 31 * result + (val != null ? val.hashCode() : 0);\n    [javac]         ^\n    [javac] /data/cmd/Ming/llm-fl-apr/tmp/Jsoup_88-prompt_apr_6-ernie-3.5-128k/src/main/java/org/jsoup/nodes/Attribute.java:198: error: class, interface, or enum expected\n    [javac]         return result;\n    [javac]         ^\n    [javac] /data/cmd/Ming/llm-fl-apr/tmp/Jsoup_88-prompt_apr_6-ernie-3.5-128k/src/main/java/org/jsoup/nodes/Attribute.java:199: error: class, interface, or enum expected\n    [javac]     }\n    [javac]     ^\n    [javac] /data/cmd/Ming/llm-fl-apr/tmp/Jsoup_88-prompt_apr_6-ernie-3.5-128k/src/main/java/org/jsoup/nodes/Attribute.java:202: error: class, interface, or enum expected\n    [javac]     public Attribute clone() {\n    [javac]            ^\n    [javac] /data/cmd/Ming/llm-fl-apr/tmp/Jsoup_88-prompt_apr_6-ernie-3.5-128k/src/main/java/org/jsoup/nodes/Attribute.java:205: error: class, interface, or enum expected\n    [javac]         } catch (CloneNotSupportedException e) {\n    [javac]         ^\n    [javac] /data/cmd/Ming/llm-fl-apr/tmp/Jsoup_88-prompt_apr_6-ernie-3.5-128k/src/main/java/org/jsoup/nodes/Attribute.java:207: error: class, interface, or enum expected\n    [javac]         }\n    [javac]         ^\n    [javac] 47 errors\n\nBUILD FAILED\n/data/cmd/Ming/llm-fl-apr/tmp/Jsoup_88-prompt_apr_6-ernie-3.5-128k/maven-build.xml:84: Compile failed; see the compiler error output for details.\n\nTotal time: 4 seconds\nCannot compile sources! at /data/cmd/Ming/LLM_Based-Mutation/tools/mutant/defects4j-2.1.0/framework/bin/d4j/d4j-compile line 82.\nCompilation failed in require at /data/cmd/Ming/LLM_Based-Mutation/tools/mutant/defects4j-2.1.0/framework/bin/defects4j line 195.\n"
                }
            },
            "qwen-turbo": {
                "compile": {
                    "rc": 1,
                    "so": "",
                    "se": "Running ant (compile)...................................................... FAIL\nExecuted command:  cd /data/cmd/Ming/llm-fl-apr/tmp/Jsoup_88-prompt_apr_6-qwen-turbo && /data/cmd/Ming/LLM_Based-Mutation/tools/mutant/defects4j-2.1.0/major/bin/ant -f /data/cmd/Ming/LLM_Based-Mutation/tools/mutant/defects4j-2.1.0/framework/projects/defects4j.build.xml -Dd4j.home=/data/cmd/Ming/LLM_Based-Mutation/tools/mutant/defects4j-2.1.0 -Dd4j.dir.projects=/data/cmd/Ming/LLM_Based-Mutation/tools/mutant/defects4j-2.1.0/framework/projects -Dbasedir=/data/cmd/Ming/llm-fl-apr/tmp/Jsoup_88-prompt_apr_6-qwen-turbo -Dbuild.compiler=javac1.7  compile 2>&1\nJava HotSpot(TM) 64-Bit Server VM warning: ignoring option MaxPermSize=1G; support was removed in 8.0\nBuildfile: /data/cmd/Ming/LLM_Based-Mutation/tools/mutant/defects4j-2.1.0/framework/projects/defects4j.build.xml\n\ntest-offline:\n\nget-deps:\n\njsoup-from-maven.compile:\n    [mkdir] Created dir: /data/cmd/Ming/llm-fl-apr/tmp/Jsoup_88-prompt_apr_6-qwen-turbo/target/classes\n    [javac] /data/cmd/Ming/llm-fl-apr/tmp/Jsoup_88-prompt_apr_6-qwen-turbo/maven-build.xml:84: warning: 'includeantruntime' was not set, defaulting to build.sysclasspath=last; set to false for repeatable builds\n    [javac] Compiling 68 source files to /data/cmd/Ming/llm-fl-apr/tmp/Jsoup_88-prompt_apr_6-qwen-turbo/target/classes\n    [javac] /data/cmd/Ming/llm-fl-apr/tmp/Jsoup_88-prompt_apr_6-qwen-turbo/src/main/java/org/jsoup/nodes/Attribute.java:79: error: illegal start of type\n    [javac] return this.val;        return val;\n    [javac] ^\n    [javac] /data/cmd/Ming/llm-fl-apr/tmp/Jsoup_88-prompt_apr_6-qwen-turbo/src/main/java/org/jsoup/nodes/Attribute.java:79: error: ';' expected\n    [javac] return this.val;        return val;\n    [javac]       ^\n    [javac] /data/cmd/Ming/llm-fl-apr/tmp/Jsoup_88-prompt_apr_6-qwen-turbo/src/main/java/org/jsoup/nodes/Attribute.java:79: error: illegal start of type\n    [javac] return this.val;        return val;\n    [javac]            ^\n    [javac] /data/cmd/Ming/llm-fl-apr/tmp/Jsoup_88-prompt_apr_6-qwen-turbo/src/main/java/org/jsoup/nodes/Attribute.java:79: error: illegal start of type\n    [javac] return this.val;        return val;\n    [javac]                         ^\n    [javac] /data/cmd/Ming/llm-fl-apr/tmp/Jsoup_88-prompt_apr_6-qwen-turbo/src/main/java/org/jsoup/nodes/Attribute.java:79: error: ';' expected\n    [javac] return this.val;        return val;\n    [javac]                               ^\n    [javac] /data/cmd/Ming/llm-fl-apr/tmp/Jsoup_88-prompt_apr_6-qwen-turbo/src/main/java/org/jsoup/nodes/Attribute.java:86: error: class, interface, or enum expected\n    [javac]     public String setValue(String val) {\n    [javac]            ^\n    [javac] /data/cmd/Ming/llm-fl-apr/tmp/Jsoup_88-prompt_apr_6-qwen-turbo/src/main/java/org/jsoup/nodes/Attribute.java:88: error: class, interface, or enum expected\n    [javac]         if (parent != null) {\n    [javac]         ^\n    [javac] /data/cmd/Ming/llm-fl-apr/tmp/Jsoup_88-prompt_apr_6-qwen-turbo/src/main/java/org/jsoup/nodes/Attribute.java:90: error: class, interface, or enum expected\n    [javac]             if (i != Attributes.NotFound)\n    [javac]             ^\n    [javac] /data/cmd/Ming/llm-fl-apr/tmp/Jsoup_88-prompt_apr_6-qwen-turbo/src/main/java/org/jsoup/nodes/Attribute.java:92: error: class, interface, or enum expected\n    [javac]         }\n    [javac]         ^\n    [javac] /data/cmd/Ming/llm-fl-apr/tmp/Jsoup_88-prompt_apr_6-qwen-turbo/src/main/java/org/jsoup/nodes/Attribute.java:94: error: class, interface, or enum expected\n    [javac]         return oldVal;\n    [javac]         ^\n    [javac] /data/cmd/Ming/llm-fl-apr/tmp/Jsoup_88-prompt_apr_6-qwen-turbo/src/main/java/org/jsoup/nodes/Attribute.java:95: error: class, interface, or enum expected\n    [javac]     }\n    [javac]     ^\n    [javac] /data/cmd/Ming/llm-fl-apr/tmp/Jsoup_88-prompt_apr_6-qwen-turbo/src/main/java/org/jsoup/nodes/Attribute.java:101: error: class, interface, or enum expected\n    [javac]     public String html() {\n    [javac]            ^\n    [javac] /data/cmd/Ming/llm-fl-apr/tmp/Jsoup_88-prompt_apr_6-qwen-turbo/src/main/java/org/jsoup/nodes/Attribute.java:104: error: class, interface, or enum expected\n    [javac]         try {\n    [javac]         ^\n    [javac] /data/cmd/Ming/llm-fl-apr/tmp/Jsoup_88-prompt_apr_6-qwen-turbo/src/main/java/org/jsoup/nodes/Attribute.java:106: error: class, interface, or enum expected\n    [javac]         } catch(IOException exception) {\n    [javac]         ^\n    [javac] /data/cmd/Ming/llm-fl-apr/tmp/Jsoup_88-prompt_apr_6-qwen-turbo/src/main/java/org/jsoup/nodes/Attribute.java:108: error: class, interface, or enum expected\n    [javac]         }\n    [javac]         ^\n    [javac] /data/cmd/Ming/llm-fl-apr/tmp/Jsoup_88-prompt_apr_6-qwen-turbo/src/main/java/org/jsoup/nodes/Attribute.java:110: error: class, interface, or enum expected\n    [javac]     }\n    [javac]     ^\n    [javac] /data/cmd/Ming/llm-fl-apr/tmp/Jsoup_88-prompt_apr_6-qwen-turbo/src/main/java/org/jsoup/nodes/Attribute.java:114: error: class, interface, or enum expected\n    [javac]         if (!shouldCollapseAttribute(key, val, out)) {\n    [javac]         ^\n    [javac] /data/cmd/Ming/llm-fl-apr/tmp/Jsoup_88-prompt_apr_6-qwen-turbo/src/main/java/org/jsoup/nodes/Attribute.java:116: error: class, interface, or enum expected\n    [javac]             Entities.escape(accum, Attributes.checkNotNull(val) , out, true, false, false);\n    [javac]             ^\n    [javac] /data/cmd/Ming/llm-fl-apr/tmp/Jsoup_88-prompt_apr_6-qwen-turbo/src/main/java/org/jsoup/nodes/Attribute.java:117: error: class, interface, or enum expected\n    [javac]             accum.append('\"');\n    [javac]             ^\n    [javac] /data/cmd/Ming/llm-fl-apr/tmp/Jsoup_88-prompt_apr_6-qwen-turbo/src/main/java/org/jsoup/nodes/Attribute.java:118: error: class, interface, or enum expected\n    [javac]         }\n    [javac]         ^\n    [javac] /data/cmd/Ming/llm-fl-apr/tmp/Jsoup_88-prompt_apr_6-qwen-turbo/src/main/java/org/jsoup/nodes/Attribute.java:123: error: class, interface, or enum expected\n    [javac]     }\n    [javac]     ^\n    [javac] /data/cmd/Ming/llm-fl-apr/tmp/Jsoup_88-prompt_apr_6-qwen-turbo/src/main/java/org/jsoup/nodes/Attribute.java:130: error: class, interface, or enum expected\n    [javac]     public String toString() {\n    [javac]            ^\n    [javac] /data/cmd/Ming/llm-fl-apr/tmp/Jsoup_88-prompt_apr_6-qwen-turbo/src/main/java/org/jsoup/nodes/Attribute.java:132: error: class, interface, or enum expected\n    [javac]     }\n    [javac]     ^\n    [javac] /data/cmd/Ming/llm-fl-apr/tmp/Jsoup_88-prompt_apr_6-qwen-turbo/src/main/java/org/jsoup/nodes/Attribute.java:140: error: class, interface, or enum expected\n    [javac]     public static Attribute createFromEncoded(String unencodedKey, String encodedValue) {\n    [javac]                   ^\n    [javac] /data/cmd/Ming/llm-fl-apr/tmp/Jsoup_88-prompt_apr_6-qwen-turbo/src/main/java/org/jsoup/nodes/Attribute.java:142: error: class, interface, or enum expected\n    [javac]         return new Attribute(unencodedKey, value, null); // parent will get set when Put\n    [javac]         ^\n    [javac] /data/cmd/Ming/llm-fl-apr/tmp/Jsoup_88-prompt_apr_6-qwen-turbo/src/main/java/org/jsoup/nodes/Attribute.java:143: error: class, interface, or enum expected\n    [javac]     }\n    [javac]     ^\n    [javac] /data/cmd/Ming/llm-fl-apr/tmp/Jsoup_88-prompt_apr_6-qwen-turbo/src/main/java/org/jsoup/nodes/Attribute.java:147: error: class, interface, or enum expected\n    [javac]     }\n    [javac]     ^\n    [javac] /data/cmd/Ming/llm-fl-apr/tmp/Jsoup_88-prompt_apr_6-qwen-turbo/src/main/java/org/jsoup/nodes/Attribute.java:151: error: class, interface, or enum expected\n    [javac]     }\n    [javac]     ^\n    [javac] /data/cmd/Ming/llm-fl-apr/tmp/Jsoup_88-prompt_apr_6-qwen-turbo/src/main/java/org/jsoup/nodes/Attribute.java:159: error: class, interface, or enum expected\n    [javac]     protected final boolean shouldCollapseAttribute(Document.OutputSettings out) {\n    [javac]                     ^\n    [javac] /data/cmd/Ming/llm-fl-apr/tmp/Jsoup_88-prompt_apr_6-qwen-turbo/src/main/java/org/jsoup/nodes/Attribute.java:161: error: class, interface, or enum expected\n    [javac]     }\n    [javac]     ^\n    [javac] /data/cmd/Ming/llm-fl-apr/tmp/Jsoup_88-prompt_apr_6-qwen-turbo/src/main/java/org/jsoup/nodes/Attribute.java:163: error: class, interface, or enum expected\n    [javac]     protected static boolean shouldCollapseAttribute(final String key, final String val, final Document.OutputSettings out) {\n    [javac]                                                            ^\n    [javac] /data/cmd/Ming/llm-fl-apr/tmp/Jsoup_88-prompt_apr_6-qwen-turbo/src/main/java/org/jsoup/nodes/Attribute.java:163: error: class, interface, or enum expected\n    [javac]     protected static boolean shouldCollapseAttribute(final String key, final String val, final Document.OutputSettings out) {\n    [javac]                                                                              ^\n    [javac] /data/cmd/Ming/llm-fl-apr/tmp/Jsoup_88-prompt_apr_6-qwen-turbo/src/main/java/org/jsoup/nodes/Attribute.java:163: error: class, interface, or enum expected\n    [javac]     protected static boolean shouldCollapseAttribute(final String key, final String val, final Document.OutputSettings out) {\n    [javac]                                                                                                ^\n    [javac] /data/cmd/Ming/llm-fl-apr/tmp/Jsoup_88-prompt_apr_6-qwen-turbo/src/main/java/org/jsoup/nodes/Attribute.java:167: error: class, interface, or enum expected\n    [javac]     }\n    [javac]     ^\n    [javac] /data/cmd/Ming/llm-fl-apr/tmp/Jsoup_88-prompt_apr_6-qwen-turbo/src/main/java/org/jsoup/nodes/Attribute.java:174: error: class, interface, or enum expected\n    [javac]     }\n    [javac]     ^\n    [javac] /data/cmd/Ming/llm-fl-apr/tmp/Jsoup_88-prompt_apr_6-qwen-turbo/src/main/java/org/jsoup/nodes/Attribute.java:179: error: class, interface, or enum expected\n    [javac]     protected static boolean isBooleanAttribute(final String key) {\n    [javac]                                                       ^\n    [javac] /data/cmd/Ming/llm-fl-apr/tmp/Jsoup_88-prompt_apr_6-qwen-turbo/src/main/java/org/jsoup/nodes/Attribute.java:181: error: class, interface, or enum expected\n    [javac]     }\n    [javac]     ^\n    [javac] /data/cmd/Ming/llm-fl-apr/tmp/Jsoup_88-prompt_apr_6-qwen-turbo/src/main/java/org/jsoup/nodes/Attribute.java:184: error: class, interface, or enum expected\n    [javac]     public boolean equals(Object o) { // note parent not considered\n    [javac]            ^\n    [javac] /data/cmd/Ming/llm-fl-apr/tmp/Jsoup_88-prompt_apr_6-qwen-turbo/src/main/java/org/jsoup/nodes/Attribute.java:186: error: class, interface, or enum expected\n    [javac]         if (o == null || getClass() != o.getClass()) return false;\n    [javac]         ^\n    [javac] /data/cmd/Ming/llm-fl-apr/tmp/Jsoup_88-prompt_apr_6-qwen-turbo/src/main/java/org/jsoup/nodes/Attribute.java:187: error: class, interface, or enum expected\n    [javac]         Attribute attribute = (Attribute) o;\n    [javac]         ^\n    [javac] /data/cmd/Ming/llm-fl-apr/tmp/Jsoup_88-prompt_apr_6-qwen-turbo/src/main/java/org/jsoup/nodes/Attribute.java:188: error: class, interface, or enum expected\n    [javac]         if (key != null ? !key.equals(attribute.key) : attribute.key != null) return false;\n    [javac]         ^\n    [javac] /data/cmd/Ming/llm-fl-apr/tmp/Jsoup_88-prompt_apr_6-qwen-turbo/src/main/java/org/jsoup/nodes/Attribute.java:189: error: class, interface, or enum expected\n    [javac]         return val != null ? val.equals(attribute.val) : attribute.val == null;\n    [javac]         ^\n    [javac] /data/cmd/Ming/llm-fl-apr/tmp/Jsoup_88-prompt_apr_6-qwen-turbo/src/main/java/org/jsoup/nodes/Attribute.java:190: error: class, interface, or enum expected\n    [javac]     }\n    [javac]     ^\n    [javac] /data/cmd/Ming/llm-fl-apr/tmp/Jsoup_88-prompt_apr_6-qwen-turbo/src/main/java/org/jsoup/nodes/Attribute.java:193: error: class, interface, or enum expected\n    [javac]     public int hashCode() { // note parent not considered\n    [javac]            ^\n    [javac] /data/cmd/Ming/llm-fl-apr/tmp/Jsoup_88-prompt_apr_6-qwen-turbo/src/main/java/org/jsoup/nodes/Attribute.java:195: error: class, interface, or enum expected\n    [javac]         result = 31 * result + (val != null ? val.hashCode() : 0);\n    [javac]         ^\n    [javac] /data/cmd/Ming/llm-fl-apr/tmp/Jsoup_88-prompt_apr_6-qwen-turbo/src/main/java/org/jsoup/nodes/Attribute.java:196: error: class, interface, or enum expected\n    [javac]         return result;\n    [javac]         ^\n    [javac] /data/cmd/Ming/llm-fl-apr/tmp/Jsoup_88-prompt_apr_6-qwen-turbo/src/main/java/org/jsoup/nodes/Attribute.java:197: error: class, interface, or enum expected\n    [javac]     }\n    [javac]     ^\n    [javac] /data/cmd/Ming/llm-fl-apr/tmp/Jsoup_88-prompt_apr_6-qwen-turbo/src/main/java/org/jsoup/nodes/Attribute.java:200: error: class, interface, or enum expected\n    [javac]     public Attribute clone() {\n    [javac]            ^\n    [javac] /data/cmd/Ming/llm-fl-apr/tmp/Jsoup_88-prompt_apr_6-qwen-turbo/src/main/java/org/jsoup/nodes/Attribute.java:203: error: class, interface, or enum expected\n    [javac]         } catch (CloneNotSupportedException e) {\n    [javac]         ^\n    [javac] /data/cmd/Ming/llm-fl-apr/tmp/Jsoup_88-prompt_apr_6-qwen-turbo/src/main/java/org/jsoup/nodes/Attribute.java:205: error: class, interface, or enum expected\n    [javac]         }\n    [javac]         ^\n    [javac] 50 errors\n\nBUILD FAILED\n/data/cmd/Ming/llm-fl-apr/tmp/Jsoup_88-prompt_apr_6-qwen-turbo/maven-build.xml:84: Compile failed; see the compiler error output for details.\n\nTotal time: 3 seconds\nCannot compile sources! at /data/cmd/Ming/LLM_Based-Mutation/tools/mutant/defects4j-2.1.0/framework/bin/d4j/d4j-compile line 82.\nCompilation failed in require at /data/cmd/Ming/LLM_Based-Mutation/tools/mutant/defects4j-2.1.0/framework/bin/defects4j line 195.\n"
                }
            },
            "doubao-pro-4k": {
                "compile": {
                    "rc": 0,
                    "so": "",
                    "se": "Running ant (compile)...................................................... OK\nRunning ant (compile.tests)................................................ OK\n"
                },
                "test": {
                    "rc": 0,
                    "so": "Failing tests: 1\n  - org.jsoup.nodes.AttributeTest::booleanAttributesAreEmptyStringValues\n",
                    "se": "Running ant (compile.tests)................................................ OK\nRunning ant (run.dev.tests)................................................ OK\n"
                }
            },
            "gpt-4o-mini": {
                "compile": {
                    "rc": 0,
                    "so": "",
                    "se": "Running ant (compile)...................................................... OK\nRunning ant (compile.tests)................................................ OK\n"
                },
                "test": {
                    "rc": 0,
                    "so": "Failing tests: 0\n",
                    "se": "Running ant (compile.tests)................................................ OK\nRunning ant (run.dev.tests)................................................ OK\n"
                }
            },
            "deepseek-chat": {
                "compile": {
                    "rc": 0,
                    "so": "",
                    "se": "Running ant (compile)...................................................... OK\nRunning ant (compile.tests)................................................ OK\n"
                },
                "test": {
                    "rc": 0,
                    "so": "Failing tests: 1\n  - org.jsoup.nodes.AttributeTest::booleanAttributesAreEmptyStringValues\n",
                    "se": "Running ant (compile.tests)................................................ OK\nRunning ant (run.dev.tests)................................................ OK\n"
                }
            }
        }
    }
}