
================== prompt_fl_1 ==================

source code:
final void newAttribute() {
            if (attributes == null)
                attributes = new Attributes();

            if (pendingAttributeName != null) {
                // the tokeniser has skipped whitespace control chars, but trimming could collapse to empty for other control codes, so verify here
                pendingAttributeName = pendingAttributeName.trim();
                    Attribute attribute;
                    if (hasPendingAttributeValue)
                        attribute = new Attribute(pendingAttributeName,
                            pendingAttributeValue.length() > 0 ? pendingAttributeValue.toString() : pendingAttributeValueS);
                    else if (hasEmptyAttributeValue)
                        attribute = new Attribute(pendingAttributeName, "");
                    else
                        attribute = new BooleanAttribute(pendingAttributeName);
                    attributes.put(attribute);
            }
            pendingAttributeName = null;
            hasEmptyAttributeValue = false;
            hasPendingAttributeValue = false;
            reset(pendingAttributeValue);
            pendingAttributeValueS = null;
        }

There is a bug in the above code, please help me locate it.

Please output **only one integer**: the line number of the buggy code (The code starts from line 1). Do not provide any explanations or additional content.

================== prompt_fl_2 ==================

source code:
final void newAttribute() {
            if (attributes == null)
                attributes = new Attributes();

            if (pendingAttributeName != null) {
                // the tokeniser has skipped whitespace control chars, but trimming could collapse to empty for other control codes, so verify here
                pendingAttributeName = pendingAttributeName.trim();
                    Attribute attribute;
                    if (hasPendingAttributeValue)
                        attribute = new Attribute(pendingAttributeName,
                            pendingAttributeValue.length() > 0 ? pendingAttributeValue.toString() : pendingAttributeValueS);
                    else if (hasEmptyAttributeValue)
                        attribute = new Attribute(pendingAttributeName, "");
                    else
                        attribute = new BooleanAttribute(pendingAttributeName);
                    attributes.put(attribute);
            }
            pendingAttributeName = null;
            hasEmptyAttributeValue = false;
            hasPendingAttributeValue = false;
            reset(pendingAttributeValue);
            pendingAttributeValueS = null;
        }

stack trace:
org.jsoup.parser.HtmlParserTest::handlesControlCodeInAttributeName
java.lang.IllegalArgumentException: String must not be empty
	at org.jsoup.helper.Validate.notEmpty(Validate.java:92)
	at org.jsoup.nodes.Attribute.<init>(Attribute.java:35)
	at org.jsoup.parser.Token$Tag.newAttribute(Token.java:109)
	at org.jsoup.parser.Token$Tag.finaliseTag(Token.java:128)
	at org.jsoup.parser.Tokeniser.emitTagPending(Tokeniser.java:206)
	at org.jsoup.parser.TokeniserState$40.read(TokeniserState.java:815)
	at org.jsoup.parser.Tokeniser.read(Tokeniser.java:50)
	at org.jsoup.parser.TreeBuilder.runParser(TreeBuilder.java:49)
	at org.jsoup.parser.TreeBuilder.parse(TreeBuilder.java:43)
	at org.jsoup.parser.HtmlTreeBuilder.parse(HtmlTreeBuilder.java:56)
	at org.jsoup.parser.Parser.parse(Parser.java:100)
	at org.jsoup.Jsoup.parse(Jsoup.java:58)
	at org.jsoup.parser.HtmlParserTest.handlesControlCodeInAttributeName(HtmlParserTest.java:946)
	at sun.reflect.NativeMethodAccessorImpl.invoke0(Native Method)
	at sun.reflect.NativeMethodAccessorImpl.invoke(NativeMethodAccessorImpl.java:62)
	at sun.reflect.DelegatingMethodAccessorImpl.invoke(DelegatingMethodAccessorImpl.java:43)
	at java.lang.reflect.Method.invoke(Method.java:498)
	at org.junit.runners.model.FrameworkMethod$1.runReflectiveCall(FrameworkMethod.java:47)
	at org.junit.internal.runners.model.ReflectiveCallable.run(ReflectiveCallable.java:12)
	at org.junit.runners.model.FrameworkMethod.invokeExplosively(FrameworkMethod.java:44)
	at org.junit.internal.runners.statements.InvokeMethod.evaluate(InvokeMethod.java:17)
	at org.junit.runners.ParentRunner.runLeaf(ParentRunner.java:271)
	at org.junit.runners.BlockJUnit4ClassRunner.runChild(BlockJUnit4ClassRunner.java:70)
	at org.junit.runners.BlockJUnit4ClassRunner.runChild(BlockJUnit4ClassRunner.java:50)
	at org.junit.runners.ParentRunner$3.run(ParentRunner.java:238)
	at org.junit.runners.ParentRunner$1.schedule(ParentRunner.java:63)
	at org.junit.runners.ParentRunner.runChildren(ParentRunner.java:236)
	at org.junit.runners.ParentRunner.access$000(ParentRunner.java:53)
	at org.junit.runners.ParentRunner$2.evaluate(ParentRunner.java:229)
	at org.junit.runners.ParentRunner.run(ParentRunner.java:309)
	at junit.framework.JUnit4TestAdapter.run(JUnit4TestAdapter.java:38)
	at org.apache.tools.ant.taskdefs.optional.junit.JUnitTestRunner.run(JUnitTestRunner.java:520)
	at org.apache.tools.ant.taskdefs.optional.junit.JUnitTask.executeInVM(JUnitTask.java:1484)
	at org.apache.tools.ant.taskdefs.optional.junit.JUnitTask.execute(JUnitTask.java:872)
	at org.apache.tools.ant.taskdefs.optional.junit.JUnitTask.executeOrQueue(JUnitTask.java:1972)
	at org.apache.tools.ant.taskdefs.optional.junit.JUnitTask.execute1(JUnitTask.java:824)
	at org.apache.tools.ant.taskdefs.optional.junit.JUnitTask.execute(JUnitTask.java:2277)
	at org.apache.tools.ant.UnknownElement.execute(UnknownElement.java:291)
	at sun.reflect.GeneratedMethodAccessor4.invoke(Unknown Source)
	at sun.reflect.DelegatingMethodAccessorImpl.invoke(DelegatingMethodAccessorImpl.java:43)
	at java.lang.reflect.Method.invoke(Method.java:498)
	at org.apache.tools.ant.dispatch.DispatchUtils.execute(DispatchUtils.java:106)
	at org.apache.tools.ant.Task.perform(Task.java:348)
	at org.apache.tools.ant.Target.execute(Target.java:392)
	at org.apache.tools.ant.Target.performTasks(Target.java:413)
	at org.apache.tools.ant.Project.executeSortedTargets(Project.java:1399)
	at org.apache.tools.ant.Project.executeTarget(Project.java:1368)
	at org.apache.tools.ant.helper.DefaultExecutor.executeTargets(DefaultExecutor.java:41)
	at org.apache.tools.ant.Project.executeTargets(Project.java:1251)
	at org.apache.tools.ant.Main.runBuild(Main.java:811)
	at org.apache.tools.ant.Main.startAnt(Main.java:217)
	at org.apache.tools.ant.launch.Launcher.run(Launcher.java:280)
	at org.apache.tools.ant.launch.Launcher.main(Launcher.java:109)
org.jsoup.safety.CleanerTest::handlesControlCharactersAfterTagName
java.lang.IllegalArgumentException: String must not be empty
	at org.jsoup.helper.Validate.notEmpty(Validate.java:92)
	at org.jsoup.nodes.Attribute.<init>(Attribute.java:35)
	at org.jsoup.nodes.BooleanAttribute.<init>(BooleanAttribute.java:12)
	at org.jsoup.parser.Token$Tag.newAttribute(Token.java:114)
	at org.jsoup.parser.Token$Tag.finaliseTag(Token.java:128)
	at org.jsoup.parser.Tokeniser.emitTagPending(Tokeniser.java:206)
	at org.jsoup.parser.TokeniserState$35.read(TokeniserState.java:614)
	at org.jsoup.parser.Tokeniser.read(Tokeniser.java:50)
	at org.jsoup.parser.TreeBuilder.runParser(TreeBuilder.java:49)
	at org.jsoup.parser.HtmlTreeBuilder.parseFragment(HtmlTreeBuilder.java:103)
	at org.jsoup.parser.Parser.parseFragment(Parser.java:115)
	at org.jsoup.parser.Parser.parseBodyFragment(Parser.java:157)
	at org.jsoup.Jsoup.parseBodyFragment(Jsoup.java:148)
	at org.jsoup.Jsoup.clean(Jsoup.java:198)
	at org.jsoup.Jsoup.clean(Jsoup.java:215)
	at org.jsoup.safety.CleanerTest.handlesControlCharactersAfterTagName(CleanerTest.java:283)
	at sun.reflect.NativeMethodAccessorImpl.invoke0(Native Method)
	at sun.reflect.NativeMethodAccessorImpl.invoke(NativeMethodAccessorImpl.java:62)
	at sun.reflect.DelegatingMethodAccessorImpl.invoke(DelegatingMethodAccessorImpl.java:43)
	at java.lang.reflect.Method.invoke(Method.java:498)
	at org.junit.runners.model.FrameworkMethod$1.runReflectiveCall(FrameworkMethod.java:47)
	at org.junit.internal.runners.model.ReflectiveCallable.run(ReflectiveCallable.java:12)
	at org.junit.runners.model.FrameworkMethod.invokeExplosively(FrameworkMethod.java:44)
	at org.junit.internal.runners.statements.InvokeMethod.evaluate(InvokeMethod.java:17)
	at org.junit.runners.ParentRunner.runLeaf(ParentRunner.java:271)
	at org.junit.runners.BlockJUnit4ClassRunner.runChild(BlockJUnit4ClassRunner.java:70)
	at org.junit.runners.BlockJUnit4ClassRunner.runChild(BlockJUnit4ClassRunner.java:50)
	at org.junit.runners.ParentRunner$3.run(ParentRunner.java:238)
	at org.junit.runners.ParentRunner$1.schedule(ParentRunner.java:63)
	at org.junit.runners.ParentRunner.runChildren(ParentRunner.java:236)
	at org.junit.runners.ParentRunner.access$000(ParentRunner.java:53)
	at org.junit.runners.ParentRunner$2.evaluate(ParentRunner.java:229)
	at org.junit.runners.ParentRunner.run(ParentRunner.java:309)
	at junit.framework.JUnit4TestAdapter.run(JUnit4TestAdapter.java:38)
	at org.apache.tools.ant.taskdefs.optional.junit.JUnitTestRunner.run(JUnitTestRunner.java:520)
	at org.apache.tools.ant.taskdefs.optional.junit.JUnitTask.executeInVM(JUnitTask.java:1484)
	at org.apache.tools.ant.taskdefs.optional.junit.JUnitTask.execute(JUnitTask.java:872)
	at org.apache.tools.ant.taskdefs.optional.junit.JUnitTask.executeOrQueue(JUnitTask.java:1972)
	at org.apache.tools.ant.taskdefs.optional.junit.JUnitTask.execute1(JUnitTask.java:824)
	at org.apache.tools.ant.taskdefs.optional.junit.JUnitTask.execute(JUnitTask.java:2277)
	at org.apache.tools.ant.UnknownElement.execute(UnknownElement.java:291)
	at sun.reflect.GeneratedMethodAccessor4.invoke(Unknown Source)
	at sun.reflect.DelegatingMethodAccessorImpl.invoke(DelegatingMethodAccessorImpl.java:43)
	at java.lang.reflect.Method.invoke(Method.java:498)
	at org.apache.tools.ant.dispatch.DispatchUtils.execute(DispatchUtils.java:106)
	at org.apache.tools.ant.Task.perform(Task.java:348)
	at org.apache.tools.ant.Target.execute(Target.java:392)
	at org.apache.tools.ant.Target.performTasks(Target.java:413)
	at org.apache.tools.ant.Project.executeSortedTargets(Project.java:1399)
	at org.apache.tools.ant.Project.executeTarget(Project.java:1368)
	at org.apache.tools.ant.helper.DefaultExecutor.executeTargets(DefaultExecutor.java:41)
	at org.apache.tools.ant.Project.executeTargets(Project.java:1251)
	at org.apache.tools.ant.Main.runBuild(Main.java:811)
	at org.apache.tools.ant.Main.startAnt(Main.java:217)
	at org.apache.tools.ant.launch.Launcher.run(Launcher.java:280)
	at org.apache.tools.ant.launch.Launcher.main(Launcher.java:109)


There is a bug in the above code, please help me locate it by considering the stack trace.

Please output **only one integer**: the line number of the buggy code (The code starts from line 1). Do not provide any explanations or additional content.

================== prompt_fl_3 ==================

source code:
final void newAttribute() {
            if (attributes == null)
                attributes = new Attributes();

            if (pendingAttributeName != null) {
                // the tokeniser has skipped whitespace control chars, but trimming could collapse to empty for other control codes, so verify here
                pendingAttributeName = pendingAttributeName.trim();
                    Attribute attribute;
                    if (hasPendingAttributeValue)
                        attribute = new Attribute(pendingAttributeName,
                            pendingAttributeValue.length() > 0 ? pendingAttributeValue.toString() : pendingAttributeValueS);
                    else if (hasEmptyAttributeValue)
                        attribute = new Attribute(pendingAttributeName, "");
                    else
                        attribute = new BooleanAttribute(pendingAttributeName);
                    attributes.put(attribute);
            }
            pendingAttributeName = null;
            hasEmptyAttributeValue = false;
            hasPendingAttributeValue = false;
            reset(pendingAttributeValue);
            pendingAttributeValueS = null;
        }

stack trace:
org.jsoup.parser.HtmlParserTest::handlesControlCodeInAttributeName
java.lang.IllegalArgumentException: String must not be empty
	at org.jsoup.helper.Validate.notEmpty(Validate.java:92)
	at org.jsoup.nodes.Attribute.<init>(Attribute.java:35)
	at org.jsoup.parser.Token$Tag.newAttribute(Token.java:109)
	at org.jsoup.parser.Token$Tag.finaliseTag(Token.java:128)
	at org.jsoup.parser.Tokeniser.emitTagPending(Tokeniser.java:206)
	at org.jsoup.parser.TokeniserState$40.read(TokeniserState.java:815)
	at org.jsoup.parser.Tokeniser.read(Tokeniser.java:50)
	at org.jsoup.parser.TreeBuilder.runParser(TreeBuilder.java:49)
	at org.jsoup.parser.TreeBuilder.parse(TreeBuilder.java:43)
	at org.jsoup.parser.HtmlTreeBuilder.parse(HtmlTreeBuilder.java:56)
	at org.jsoup.parser.Parser.parse(Parser.java:100)
	at org.jsoup.Jsoup.parse(Jsoup.java:58)
	at org.jsoup.parser.HtmlParserTest.handlesControlCodeInAttributeName(HtmlParserTest.java:946)
	at sun.reflect.NativeMethodAccessorImpl.invoke0(Native Method)
	at sun.reflect.NativeMethodAccessorImpl.invoke(NativeMethodAccessorImpl.java:62)
	at sun.reflect.DelegatingMethodAccessorImpl.invoke(DelegatingMethodAccessorImpl.java:43)
	at java.lang.reflect.Method.invoke(Method.java:498)
	at org.junit.runners.model.FrameworkMethod$1.runReflectiveCall(FrameworkMethod.java:47)
	at org.junit.internal.runners.model.ReflectiveCallable.run(ReflectiveCallable.java:12)
	at org.junit.runners.model.FrameworkMethod.invokeExplosively(FrameworkMethod.java:44)
	at org.junit.internal.runners.statements.InvokeMethod.evaluate(InvokeMethod.java:17)
	at org.junit.runners.ParentRunner.runLeaf(ParentRunner.java:271)
	at org.junit.runners.BlockJUnit4ClassRunner.runChild(BlockJUnit4ClassRunner.java:70)
	at org.junit.runners.BlockJUnit4ClassRunner.runChild(BlockJUnit4ClassRunner.java:50)
	at org.junit.runners.ParentRunner$3.run(ParentRunner.java:238)
	at org.junit.runners.ParentRunner$1.schedule(ParentRunner.java:63)
	at org.junit.runners.ParentRunner.runChildren(ParentRunner.java:236)
	at org.junit.runners.ParentRunner.access$000(ParentRunner.java:53)
	at org.junit.runners.ParentRunner$2.evaluate(ParentRunner.java:229)
	at org.junit.runners.ParentRunner.run(ParentRunner.java:309)
	at junit.framework.JUnit4TestAdapter.run(JUnit4TestAdapter.java:38)
	at org.apache.tools.ant.taskdefs.optional.junit.JUnitTestRunner.run(JUnitTestRunner.java:520)
	at org.apache.tools.ant.taskdefs.optional.junit.JUnitTask.executeInVM(JUnitTask.java:1484)
	at org.apache.tools.ant.taskdefs.optional.junit.JUnitTask.execute(JUnitTask.java:872)
	at org.apache.tools.ant.taskdefs.optional.junit.JUnitTask.executeOrQueue(JUnitTask.java:1972)
	at org.apache.tools.ant.taskdefs.optional.junit.JUnitTask.execute1(JUnitTask.java:824)
	at org.apache.tools.ant.taskdefs.optional.junit.JUnitTask.execute(JUnitTask.java:2277)
	at org.apache.tools.ant.UnknownElement.execute(UnknownElement.java:291)
	at sun.reflect.GeneratedMethodAccessor4.invoke(Unknown Source)
	at sun.reflect.DelegatingMethodAccessorImpl.invoke(DelegatingMethodAccessorImpl.java:43)
	at java.lang.reflect.Method.invoke(Method.java:498)
	at org.apache.tools.ant.dispatch.DispatchUtils.execute(DispatchUtils.java:106)
	at org.apache.tools.ant.Task.perform(Task.java:348)
	at org.apache.tools.ant.Target.execute(Target.java:392)
	at org.apache.tools.ant.Target.performTasks(Target.java:413)
	at org.apache.tools.ant.Project.executeSortedTargets(Project.java:1399)
	at org.apache.tools.ant.Project.executeTarget(Project.java:1368)
	at org.apache.tools.ant.helper.DefaultExecutor.executeTargets(DefaultExecutor.java:41)
	at org.apache.tools.ant.Project.executeTargets(Project.java:1251)
	at org.apache.tools.ant.Main.runBuild(Main.java:811)
	at org.apache.tools.ant.Main.startAnt(Main.java:217)
	at org.apache.tools.ant.launch.Launcher.run(Launcher.java:280)
	at org.apache.tools.ant.launch.Launcher.main(Launcher.java:109)
org.jsoup.safety.CleanerTest::handlesControlCharactersAfterTagName
java.lang.IllegalArgumentException: String must not be empty
	at org.jsoup.helper.Validate.notEmpty(Validate.java:92)
	at org.jsoup.nodes.Attribute.<init>(Attribute.java:35)
	at org.jsoup.nodes.BooleanAttribute.<init>(BooleanAttribute.java:12)
	at org.jsoup.parser.Token$Tag.newAttribute(Token.java:114)
	at org.jsoup.parser.Token$Tag.finaliseTag(Token.java:128)
	at org.jsoup.parser.Tokeniser.emitTagPending(Tokeniser.java:206)
	at org.jsoup.parser.TokeniserState$35.read(TokeniserState.java:614)
	at org.jsoup.parser.Tokeniser.read(Tokeniser.java:50)
	at org.jsoup.parser.TreeBuilder.runParser(TreeBuilder.java:49)
	at org.jsoup.parser.HtmlTreeBuilder.parseFragment(HtmlTreeBuilder.java:103)
	at org.jsoup.parser.Parser.parseFragment(Parser.java:115)
	at org.jsoup.parser.Parser.parseBodyFragment(Parser.java:157)
	at org.jsoup.Jsoup.parseBodyFragment(Jsoup.java:148)
	at org.jsoup.Jsoup.clean(Jsoup.java:198)
	at org.jsoup.Jsoup.clean(Jsoup.java:215)
	at org.jsoup.safety.CleanerTest.handlesControlCharactersAfterTagName(CleanerTest.java:283)
	at sun.reflect.NativeMethodAccessorImpl.invoke0(Native Method)
	at sun.reflect.NativeMethodAccessorImpl.invoke(NativeMethodAccessorImpl.java:62)
	at sun.reflect.DelegatingMethodAccessorImpl.invoke(DelegatingMethodAccessorImpl.java:43)
	at java.lang.reflect.Method.invoke(Method.java:498)
	at org.junit.runners.model.FrameworkMethod$1.runReflectiveCall(FrameworkMethod.java:47)
	at org.junit.internal.runners.model.ReflectiveCallable.run(ReflectiveCallable.java:12)
	at org.junit.runners.model.FrameworkMethod.invokeExplosively(FrameworkMethod.java:44)
	at org.junit.internal.runners.statements.InvokeMethod.evaluate(InvokeMethod.java:17)
	at org.junit.runners.ParentRunner.runLeaf(ParentRunner.java:271)
	at org.junit.runners.BlockJUnit4ClassRunner.runChild(BlockJUnit4ClassRunner.java:70)
	at org.junit.runners.BlockJUnit4ClassRunner.runChild(BlockJUnit4ClassRunner.java:50)
	at org.junit.runners.ParentRunner$3.run(ParentRunner.java:238)
	at org.junit.runners.ParentRunner$1.schedule(ParentRunner.java:63)
	at org.junit.runners.ParentRunner.runChildren(ParentRunner.java:236)
	at org.junit.runners.ParentRunner.access$000(ParentRunner.java:53)
	at org.junit.runners.ParentRunner$2.evaluate(ParentRunner.java:229)
	at org.junit.runners.ParentRunner.run(ParentRunner.java:309)
	at junit.framework.JUnit4TestAdapter.run(JUnit4TestAdapter.java:38)
	at org.apache.tools.ant.taskdefs.optional.junit.JUnitTestRunner.run(JUnitTestRunner.java:520)
	at org.apache.tools.ant.taskdefs.optional.junit.JUnitTask.executeInVM(JUnitTask.java:1484)
	at org.apache.tools.ant.taskdefs.optional.junit.JUnitTask.execute(JUnitTask.java:872)
	at org.apache.tools.ant.taskdefs.optional.junit.JUnitTask.executeOrQueue(JUnitTask.java:1972)
	at org.apache.tools.ant.taskdefs.optional.junit.JUnitTask.execute1(JUnitTask.java:824)
	at org.apache.tools.ant.taskdefs.optional.junit.JUnitTask.execute(JUnitTask.java:2277)
	at org.apache.tools.ant.UnknownElement.execute(UnknownElement.java:291)
	at sun.reflect.GeneratedMethodAccessor4.invoke(Unknown Source)
	at sun.reflect.DelegatingMethodAccessorImpl.invoke(DelegatingMethodAccessorImpl.java:43)
	at java.lang.reflect.Method.invoke(Method.java:498)
	at org.apache.tools.ant.dispatch.DispatchUtils.execute(DispatchUtils.java:106)
	at org.apache.tools.ant.Task.perform(Task.java:348)
	at org.apache.tools.ant.Target.execute(Target.java:392)
	at org.apache.tools.ant.Target.performTasks(Target.java:413)
	at org.apache.tools.ant.Project.executeSortedTargets(Project.java:1399)
	at org.apache.tools.ant.Project.executeTarget(Project.java:1368)
	at org.apache.tools.ant.helper.DefaultExecutor.executeTargets(DefaultExecutor.java:41)
	at org.apache.tools.ant.Project.executeTargets(Project.java:1251)
	at org.apache.tools.ant.Main.runBuild(Main.java:811)
	at org.apache.tools.ant.Main.startAnt(Main.java:217)
	at org.apache.tools.ant.launch.Launcher.run(Launcher.java:280)
	at org.apache.tools.ant.launch.Launcher.main(Launcher.java:109)


failure assertion code:
Document doc = Jsoup.parse("<p><a \06=foo>One</a><a/\06=bar><a foo\06=bar>Two</a></p>");


There is a bug in the above code, please help me locate it by considering the stack trace information and failure assertion code.

Please output **only one integer**: the line number of the buggy code (The code starts from line 1). Do not provide any explanations or additional content.

================== prompt_fl_4 ==================

source code:
final void newAttribute() {
            if (attributes == null)
                attributes = new Attributes();

            if (pendingAttributeName != null) {
                // the tokeniser has skipped whitespace control chars, but trimming could collapse to empty for other control codes, so verify here
                pendingAttributeName = pendingAttributeName.trim();
                    Attribute attribute;
                    if (hasPendingAttributeValue)
                        attribute = new Attribute(pendingAttributeName,
                            pendingAttributeValue.length() > 0 ? pendingAttributeValue.toString() : pendingAttributeValueS);
                    else if (hasEmptyAttributeValue)
                        attribute = new Attribute(pendingAttributeName, "");
                    else
                        attribute = new BooleanAttribute(pendingAttributeName);
                    attributes.put(attribute);
            }
            pendingAttributeName = null;
            hasEmptyAttributeValue = false;
            hasPendingAttributeValue = false;
            reset(pendingAttributeValue);
            pendingAttributeValueS = null;
        }

There is a bug in the above code, please help me locate it.

Output **only** the exact buggy statement, with no line numbers, explanations, or additional content. Your response should contain just the buggy code line. Do not include ```java or ``` markers in the response.

================== prompt_fl_5 ==================

source code:
final void newAttribute() {
            if (attributes == null)
                attributes = new Attributes();

            if (pendingAttributeName != null) {
                // the tokeniser has skipped whitespace control chars, but trimming could collapse to empty for other control codes, so verify here
                pendingAttributeName = pendingAttributeName.trim();
                    Attribute attribute;
                    if (hasPendingAttributeValue)
                        attribute = new Attribute(pendingAttributeName,
                            pendingAttributeValue.length() > 0 ? pendingAttributeValue.toString() : pendingAttributeValueS);
                    else if (hasEmptyAttributeValue)
                        attribute = new Attribute(pendingAttributeName, "");
                    else
                        attribute = new BooleanAttribute(pendingAttributeName);
                    attributes.put(attribute);
            }
            pendingAttributeName = null;
            hasEmptyAttributeValue = false;
            hasPendingAttributeValue = false;
            reset(pendingAttributeValue);
            pendingAttributeValueS = null;
        }

stack trace:
org.jsoup.parser.HtmlParserTest::handlesControlCodeInAttributeName
java.lang.IllegalArgumentException: String must not be empty
	at org.jsoup.helper.Validate.notEmpty(Validate.java:92)
	at org.jsoup.nodes.Attribute.<init>(Attribute.java:35)
	at org.jsoup.parser.Token$Tag.newAttribute(Token.java:109)
	at org.jsoup.parser.Token$Tag.finaliseTag(Token.java:128)
	at org.jsoup.parser.Tokeniser.emitTagPending(Tokeniser.java:206)
	at org.jsoup.parser.TokeniserState$40.read(TokeniserState.java:815)
	at org.jsoup.parser.Tokeniser.read(Tokeniser.java:50)
	at org.jsoup.parser.TreeBuilder.runParser(TreeBuilder.java:49)
	at org.jsoup.parser.TreeBuilder.parse(TreeBuilder.java:43)
	at org.jsoup.parser.HtmlTreeBuilder.parse(HtmlTreeBuilder.java:56)
	at org.jsoup.parser.Parser.parse(Parser.java:100)
	at org.jsoup.Jsoup.parse(Jsoup.java:58)
	at org.jsoup.parser.HtmlParserTest.handlesControlCodeInAttributeName(HtmlParserTest.java:946)
	at sun.reflect.NativeMethodAccessorImpl.invoke0(Native Method)
	at sun.reflect.NativeMethodAccessorImpl.invoke(NativeMethodAccessorImpl.java:62)
	at sun.reflect.DelegatingMethodAccessorImpl.invoke(DelegatingMethodAccessorImpl.java:43)
	at java.lang.reflect.Method.invoke(Method.java:498)
	at org.junit.runners.model.FrameworkMethod$1.runReflectiveCall(FrameworkMethod.java:47)
	at org.junit.internal.runners.model.ReflectiveCallable.run(ReflectiveCallable.java:12)
	at org.junit.runners.model.FrameworkMethod.invokeExplosively(FrameworkMethod.java:44)
	at org.junit.internal.runners.statements.InvokeMethod.evaluate(InvokeMethod.java:17)
	at org.junit.runners.ParentRunner.runLeaf(ParentRunner.java:271)
	at org.junit.runners.BlockJUnit4ClassRunner.runChild(BlockJUnit4ClassRunner.java:70)
	at org.junit.runners.BlockJUnit4ClassRunner.runChild(BlockJUnit4ClassRunner.java:50)
	at org.junit.runners.ParentRunner$3.run(ParentRunner.java:238)
	at org.junit.runners.ParentRunner$1.schedule(ParentRunner.java:63)
	at org.junit.runners.ParentRunner.runChildren(ParentRunner.java:236)
	at org.junit.runners.ParentRunner.access$000(ParentRunner.java:53)
	at org.junit.runners.ParentRunner$2.evaluate(ParentRunner.java:229)
	at org.junit.runners.ParentRunner.run(ParentRunner.java:309)
	at junit.framework.JUnit4TestAdapter.run(JUnit4TestAdapter.java:38)
	at org.apache.tools.ant.taskdefs.optional.junit.JUnitTestRunner.run(JUnitTestRunner.java:520)
	at org.apache.tools.ant.taskdefs.optional.junit.JUnitTask.executeInVM(JUnitTask.java:1484)
	at org.apache.tools.ant.taskdefs.optional.junit.JUnitTask.execute(JUnitTask.java:872)
	at org.apache.tools.ant.taskdefs.optional.junit.JUnitTask.executeOrQueue(JUnitTask.java:1972)
	at org.apache.tools.ant.taskdefs.optional.junit.JUnitTask.execute1(JUnitTask.java:824)
	at org.apache.tools.ant.taskdefs.optional.junit.JUnitTask.execute(JUnitTask.java:2277)
	at org.apache.tools.ant.UnknownElement.execute(UnknownElement.java:291)
	at sun.reflect.GeneratedMethodAccessor4.invoke(Unknown Source)
	at sun.reflect.DelegatingMethodAccessorImpl.invoke(DelegatingMethodAccessorImpl.java:43)
	at java.lang.reflect.Method.invoke(Method.java:498)
	at org.apache.tools.ant.dispatch.DispatchUtils.execute(DispatchUtils.java:106)
	at org.apache.tools.ant.Task.perform(Task.java:348)
	at org.apache.tools.ant.Target.execute(Target.java:392)
	at org.apache.tools.ant.Target.performTasks(Target.java:413)
	at org.apache.tools.ant.Project.executeSortedTargets(Project.java:1399)
	at org.apache.tools.ant.Project.executeTarget(Project.java:1368)
	at org.apache.tools.ant.helper.DefaultExecutor.executeTargets(DefaultExecutor.java:41)
	at org.apache.tools.ant.Project.executeTargets(Project.java:1251)
	at org.apache.tools.ant.Main.runBuild(Main.java:811)
	at org.apache.tools.ant.Main.startAnt(Main.java:217)
	at org.apache.tools.ant.launch.Launcher.run(Launcher.java:280)
	at org.apache.tools.ant.launch.Launcher.main(Launcher.java:109)
org.jsoup.safety.CleanerTest::handlesControlCharactersAfterTagName
java.lang.IllegalArgumentException: String must not be empty
	at org.jsoup.helper.Validate.notEmpty(Validate.java:92)
	at org.jsoup.nodes.Attribute.<init>(Attribute.java:35)
	at org.jsoup.nodes.BooleanAttribute.<init>(BooleanAttribute.java:12)
	at org.jsoup.parser.Token$Tag.newAttribute(Token.java:114)
	at org.jsoup.parser.Token$Tag.finaliseTag(Token.java:128)
	at org.jsoup.parser.Tokeniser.emitTagPending(Tokeniser.java:206)
	at org.jsoup.parser.TokeniserState$35.read(TokeniserState.java:614)
	at org.jsoup.parser.Tokeniser.read(Tokeniser.java:50)
	at org.jsoup.parser.TreeBuilder.runParser(TreeBuilder.java:49)
	at org.jsoup.parser.HtmlTreeBuilder.parseFragment(HtmlTreeBuilder.java:103)
	at org.jsoup.parser.Parser.parseFragment(Parser.java:115)
	at org.jsoup.parser.Parser.parseBodyFragment(Parser.java:157)
	at org.jsoup.Jsoup.parseBodyFragment(Jsoup.java:148)
	at org.jsoup.Jsoup.clean(Jsoup.java:198)
	at org.jsoup.Jsoup.clean(Jsoup.java:215)
	at org.jsoup.safety.CleanerTest.handlesControlCharactersAfterTagName(CleanerTest.java:283)
	at sun.reflect.NativeMethodAccessorImpl.invoke0(Native Method)
	at sun.reflect.NativeMethodAccessorImpl.invoke(NativeMethodAccessorImpl.java:62)
	at sun.reflect.DelegatingMethodAccessorImpl.invoke(DelegatingMethodAccessorImpl.java:43)
	at java.lang.reflect.Method.invoke(Method.java:498)
	at org.junit.runners.model.FrameworkMethod$1.runReflectiveCall(FrameworkMethod.java:47)
	at org.junit.internal.runners.model.ReflectiveCallable.run(ReflectiveCallable.java:12)
	at org.junit.runners.model.FrameworkMethod.invokeExplosively(FrameworkMethod.java:44)
	at org.junit.internal.runners.statements.InvokeMethod.evaluate(InvokeMethod.java:17)
	at org.junit.runners.ParentRunner.runLeaf(ParentRunner.java:271)
	at org.junit.runners.BlockJUnit4ClassRunner.runChild(BlockJUnit4ClassRunner.java:70)
	at org.junit.runners.BlockJUnit4ClassRunner.runChild(BlockJUnit4ClassRunner.java:50)
	at org.junit.runners.ParentRunner$3.run(ParentRunner.java:238)
	at org.junit.runners.ParentRunner$1.schedule(ParentRunner.java:63)
	at org.junit.runners.ParentRunner.runChildren(ParentRunner.java:236)
	at org.junit.runners.ParentRunner.access$000(ParentRunner.java:53)
	at org.junit.runners.ParentRunner$2.evaluate(ParentRunner.java:229)
	at org.junit.runners.ParentRunner.run(ParentRunner.java:309)
	at junit.framework.JUnit4TestAdapter.run(JUnit4TestAdapter.java:38)
	at org.apache.tools.ant.taskdefs.optional.junit.JUnitTestRunner.run(JUnitTestRunner.java:520)
	at org.apache.tools.ant.taskdefs.optional.junit.JUnitTask.executeInVM(JUnitTask.java:1484)
	at org.apache.tools.ant.taskdefs.optional.junit.JUnitTask.execute(JUnitTask.java:872)
	at org.apache.tools.ant.taskdefs.optional.junit.JUnitTask.executeOrQueue(JUnitTask.java:1972)
	at org.apache.tools.ant.taskdefs.optional.junit.JUnitTask.execute1(JUnitTask.java:824)
	at org.apache.tools.ant.taskdefs.optional.junit.JUnitTask.execute(JUnitTask.java:2277)
	at org.apache.tools.ant.UnknownElement.execute(UnknownElement.java:291)
	at sun.reflect.GeneratedMethodAccessor4.invoke(Unknown Source)
	at sun.reflect.DelegatingMethodAccessorImpl.invoke(DelegatingMethodAccessorImpl.java:43)
	at java.lang.reflect.Method.invoke(Method.java:498)
	at org.apache.tools.ant.dispatch.DispatchUtils.execute(DispatchUtils.java:106)
	at org.apache.tools.ant.Task.perform(Task.java:348)
	at org.apache.tools.ant.Target.execute(Target.java:392)
	at org.apache.tools.ant.Target.performTasks(Target.java:413)
	at org.apache.tools.ant.Project.executeSortedTargets(Project.java:1399)
	at org.apache.tools.ant.Project.executeTarget(Project.java:1368)
	at org.apache.tools.ant.helper.DefaultExecutor.executeTargets(DefaultExecutor.java:41)
	at org.apache.tools.ant.Project.executeTargets(Project.java:1251)
	at org.apache.tools.ant.Main.runBuild(Main.java:811)
	at org.apache.tools.ant.Main.startAnt(Main.java:217)
	at org.apache.tools.ant.launch.Launcher.run(Launcher.java:280)
	at org.apache.tools.ant.launch.Launcher.main(Launcher.java:109)


There is a bug in the above code, please help me locate it by considering the stack trace.

Output **only** the exact buggy statement, with no line numbers, explanations, or additional content. Your response should contain just the buggy code line. Do not include ```java or ``` markers in the response.

================== prompt_fl_6 ==================

source code:
final void newAttribute() {
            if (attributes == null)
                attributes = new Attributes();

            if (pendingAttributeName != null) {
                // the tokeniser has skipped whitespace control chars, but trimming could collapse to empty for other control codes, so verify here
                pendingAttributeName = pendingAttributeName.trim();
                    Attribute attribute;
                    if (hasPendingAttributeValue)
                        attribute = new Attribute(pendingAttributeName,
                            pendingAttributeValue.length() > 0 ? pendingAttributeValue.toString() : pendingAttributeValueS);
                    else if (hasEmptyAttributeValue)
                        attribute = new Attribute(pendingAttributeName, "");
                    else
                        attribute = new BooleanAttribute(pendingAttributeName);
                    attributes.put(attribute);
            }
            pendingAttributeName = null;
            hasEmptyAttributeValue = false;
            hasPendingAttributeValue = false;
            reset(pendingAttributeValue);
            pendingAttributeValueS = null;
        }

stack trace:
org.jsoup.parser.HtmlParserTest::handlesControlCodeInAttributeName
java.lang.IllegalArgumentException: String must not be empty
	at org.jsoup.helper.Validate.notEmpty(Validate.java:92)
	at org.jsoup.nodes.Attribute.<init>(Attribute.java:35)
	at org.jsoup.parser.Token$Tag.newAttribute(Token.java:109)
	at org.jsoup.parser.Token$Tag.finaliseTag(Token.java:128)
	at org.jsoup.parser.Tokeniser.emitTagPending(Tokeniser.java:206)
	at org.jsoup.parser.TokeniserState$40.read(TokeniserState.java:815)
	at org.jsoup.parser.Tokeniser.read(Tokeniser.java:50)
	at org.jsoup.parser.TreeBuilder.runParser(TreeBuilder.java:49)
	at org.jsoup.parser.TreeBuilder.parse(TreeBuilder.java:43)
	at org.jsoup.parser.HtmlTreeBuilder.parse(HtmlTreeBuilder.java:56)
	at org.jsoup.parser.Parser.parse(Parser.java:100)
	at org.jsoup.Jsoup.parse(Jsoup.java:58)
	at org.jsoup.parser.HtmlParserTest.handlesControlCodeInAttributeName(HtmlParserTest.java:946)
	at sun.reflect.NativeMethodAccessorImpl.invoke0(Native Method)
	at sun.reflect.NativeMethodAccessorImpl.invoke(NativeMethodAccessorImpl.java:62)
	at sun.reflect.DelegatingMethodAccessorImpl.invoke(DelegatingMethodAccessorImpl.java:43)
	at java.lang.reflect.Method.invoke(Method.java:498)
	at org.junit.runners.model.FrameworkMethod$1.runReflectiveCall(FrameworkMethod.java:47)
	at org.junit.internal.runners.model.ReflectiveCallable.run(ReflectiveCallable.java:12)
	at org.junit.runners.model.FrameworkMethod.invokeExplosively(FrameworkMethod.java:44)
	at org.junit.internal.runners.statements.InvokeMethod.evaluate(InvokeMethod.java:17)
	at org.junit.runners.ParentRunner.runLeaf(ParentRunner.java:271)
	at org.junit.runners.BlockJUnit4ClassRunner.runChild(BlockJUnit4ClassRunner.java:70)
	at org.junit.runners.BlockJUnit4ClassRunner.runChild(BlockJUnit4ClassRunner.java:50)
	at org.junit.runners.ParentRunner$3.run(ParentRunner.java:238)
	at org.junit.runners.ParentRunner$1.schedule(ParentRunner.java:63)
	at org.junit.runners.ParentRunner.runChildren(ParentRunner.java:236)
	at org.junit.runners.ParentRunner.access$000(ParentRunner.java:53)
	at org.junit.runners.ParentRunner$2.evaluate(ParentRunner.java:229)
	at org.junit.runners.ParentRunner.run(ParentRunner.java:309)
	at junit.framework.JUnit4TestAdapter.run(JUnit4TestAdapter.java:38)
	at org.apache.tools.ant.taskdefs.optional.junit.JUnitTestRunner.run(JUnitTestRunner.java:520)
	at org.apache.tools.ant.taskdefs.optional.junit.JUnitTask.executeInVM(JUnitTask.java:1484)
	at org.apache.tools.ant.taskdefs.optional.junit.JUnitTask.execute(JUnitTask.java:872)
	at org.apache.tools.ant.taskdefs.optional.junit.JUnitTask.executeOrQueue(JUnitTask.java:1972)
	at org.apache.tools.ant.taskdefs.optional.junit.JUnitTask.execute1(JUnitTask.java:824)
	at org.apache.tools.ant.taskdefs.optional.junit.JUnitTask.execute(JUnitTask.java:2277)
	at org.apache.tools.ant.UnknownElement.execute(UnknownElement.java:291)
	at sun.reflect.GeneratedMethodAccessor4.invoke(Unknown Source)
	at sun.reflect.DelegatingMethodAccessorImpl.invoke(DelegatingMethodAccessorImpl.java:43)
	at java.lang.reflect.Method.invoke(Method.java:498)
	at org.apache.tools.ant.dispatch.DispatchUtils.execute(DispatchUtils.java:106)
	at org.apache.tools.ant.Task.perform(Task.java:348)
	at org.apache.tools.ant.Target.execute(Target.java:392)
	at org.apache.tools.ant.Target.performTasks(Target.java:413)
	at org.apache.tools.ant.Project.executeSortedTargets(Project.java:1399)
	at org.apache.tools.ant.Project.executeTarget(Project.java:1368)
	at org.apache.tools.ant.helper.DefaultExecutor.executeTargets(DefaultExecutor.java:41)
	at org.apache.tools.ant.Project.executeTargets(Project.java:1251)
	at org.apache.tools.ant.Main.runBuild(Main.java:811)
	at org.apache.tools.ant.Main.startAnt(Main.java:217)
	at org.apache.tools.ant.launch.Launcher.run(Launcher.java:280)
	at org.apache.tools.ant.launch.Launcher.main(Launcher.java:109)
org.jsoup.safety.CleanerTest::handlesControlCharactersAfterTagName
java.lang.IllegalArgumentException: String must not be empty
	at org.jsoup.helper.Validate.notEmpty(Validate.java:92)
	at org.jsoup.nodes.Attribute.<init>(Attribute.java:35)
	at org.jsoup.nodes.BooleanAttribute.<init>(BooleanAttribute.java:12)
	at org.jsoup.parser.Token$Tag.newAttribute(Token.java:114)
	at org.jsoup.parser.Token$Tag.finaliseTag(Token.java:128)
	at org.jsoup.parser.Tokeniser.emitTagPending(Tokeniser.java:206)
	at org.jsoup.parser.TokeniserState$35.read(TokeniserState.java:614)
	at org.jsoup.parser.Tokeniser.read(Tokeniser.java:50)
	at org.jsoup.parser.TreeBuilder.runParser(TreeBuilder.java:49)
	at org.jsoup.parser.HtmlTreeBuilder.parseFragment(HtmlTreeBuilder.java:103)
	at org.jsoup.parser.Parser.parseFragment(Parser.java:115)
	at org.jsoup.parser.Parser.parseBodyFragment(Parser.java:157)
	at org.jsoup.Jsoup.parseBodyFragment(Jsoup.java:148)
	at org.jsoup.Jsoup.clean(Jsoup.java:198)
	at org.jsoup.Jsoup.clean(Jsoup.java:215)
	at org.jsoup.safety.CleanerTest.handlesControlCharactersAfterTagName(CleanerTest.java:283)
	at sun.reflect.NativeMethodAccessorImpl.invoke0(Native Method)
	at sun.reflect.NativeMethodAccessorImpl.invoke(NativeMethodAccessorImpl.java:62)
	at sun.reflect.DelegatingMethodAccessorImpl.invoke(DelegatingMethodAccessorImpl.java:43)
	at java.lang.reflect.Method.invoke(Method.java:498)
	at org.junit.runners.model.FrameworkMethod$1.runReflectiveCall(FrameworkMethod.java:47)
	at org.junit.internal.runners.model.ReflectiveCallable.run(ReflectiveCallable.java:12)
	at org.junit.runners.model.FrameworkMethod.invokeExplosively(FrameworkMethod.java:44)
	at org.junit.internal.runners.statements.InvokeMethod.evaluate(InvokeMethod.java:17)
	at org.junit.runners.ParentRunner.runLeaf(ParentRunner.java:271)
	at org.junit.runners.BlockJUnit4ClassRunner.runChild(BlockJUnit4ClassRunner.java:70)
	at org.junit.runners.BlockJUnit4ClassRunner.runChild(BlockJUnit4ClassRunner.java:50)
	at org.junit.runners.ParentRunner$3.run(ParentRunner.java:238)
	at org.junit.runners.ParentRunner$1.schedule(ParentRunner.java:63)
	at org.junit.runners.ParentRunner.runChildren(ParentRunner.java:236)
	at org.junit.runners.ParentRunner.access$000(ParentRunner.java:53)
	at org.junit.runners.ParentRunner$2.evaluate(ParentRunner.java:229)
	at org.junit.runners.ParentRunner.run(ParentRunner.java:309)
	at junit.framework.JUnit4TestAdapter.run(JUnit4TestAdapter.java:38)
	at org.apache.tools.ant.taskdefs.optional.junit.JUnitTestRunner.run(JUnitTestRunner.java:520)
	at org.apache.tools.ant.taskdefs.optional.junit.JUnitTask.executeInVM(JUnitTask.java:1484)
	at org.apache.tools.ant.taskdefs.optional.junit.JUnitTask.execute(JUnitTask.java:872)
	at org.apache.tools.ant.taskdefs.optional.junit.JUnitTask.executeOrQueue(JUnitTask.java:1972)
	at org.apache.tools.ant.taskdefs.optional.junit.JUnitTask.execute1(JUnitTask.java:824)
	at org.apache.tools.ant.taskdefs.optional.junit.JUnitTask.execute(JUnitTask.java:2277)
	at org.apache.tools.ant.UnknownElement.execute(UnknownElement.java:291)
	at sun.reflect.GeneratedMethodAccessor4.invoke(Unknown Source)
	at sun.reflect.DelegatingMethodAccessorImpl.invoke(DelegatingMethodAccessorImpl.java:43)
	at java.lang.reflect.Method.invoke(Method.java:498)
	at org.apache.tools.ant.dispatch.DispatchUtils.execute(DispatchUtils.java:106)
	at org.apache.tools.ant.Task.perform(Task.java:348)
	at org.apache.tools.ant.Target.execute(Target.java:392)
	at org.apache.tools.ant.Target.performTasks(Target.java:413)
	at org.apache.tools.ant.Project.executeSortedTargets(Project.java:1399)
	at org.apache.tools.ant.Project.executeTarget(Project.java:1368)
	at org.apache.tools.ant.helper.DefaultExecutor.executeTargets(DefaultExecutor.java:41)
	at org.apache.tools.ant.Project.executeTargets(Project.java:1251)
	at org.apache.tools.ant.Main.runBuild(Main.java:811)
	at org.apache.tools.ant.Main.startAnt(Main.java:217)
	at org.apache.tools.ant.launch.Launcher.run(Launcher.java:280)
	at org.apache.tools.ant.launch.Launcher.main(Launcher.java:109)


failure assertion code:
Document doc = Jsoup.parse("<p><a \06=foo>One</a><a/\06=bar><a foo\06=bar>Two</a></p>");


There is a bug in the above code, please help me locate it by considering the stack trace information and failure assertion code.

Output **only** the exact buggy statement, with no line numbers, explanations, or additional content. Your response should contain just the buggy code line. Do not include ```java or ``` markers in the response.

================== prompt_apr_1 ==================

final void newAttribute() {
            if (attributes == null)
                attributes = new Attributes();

            if (pendingAttributeName != null) {
                // the tokeniser has skipped whitespace control chars, but trimming could collapse to empty for other control codes, so verify here
                pendingAttributeName = pendingAttributeName.trim();
                    Attribute attribute;
                    if (hasPendingAttributeValue)
                        attribute = new Attribute(pendingAttributeName,
                            pendingAttributeValue.length() > 0 ? pendingAttributeValue.toString() : pendingAttributeValueS);
                    else if (hasEmptyAttributeValue)
                        attribute = new Attribute(pendingAttributeName, "");
                    else
                        attribute = new BooleanAttribute(pendingAttributeName);
                    attributes.put(attribute);
            }
            pendingAttributeName = null;
            hasEmptyAttributeValue = false;
            hasPendingAttributeValue = false;
            reset(pendingAttributeValue);
            pendingAttributeValueS = null;
        }

There is a bug in line [8, 18] of the code, please help me fix it.

Please return the **complete corrected method**. Do not skip or omit any part of the code. Do not include ```java or ``` markers in the response.

================== prompt_apr_2 ==================

final void newAttribute() {
            if (attributes == null)
                attributes = new Attributes();

            if (pendingAttributeName != null) {
                // the tokeniser has skipped whitespace control chars, but trimming could collapse to empty for other control codes, so verify here
                pendingAttributeName = pendingAttributeName.trim();
                    Attribute attribute;
                    if (hasPendingAttributeValue)
                        attribute = new Attribute(pendingAttributeName,
                            pendingAttributeValue.length() > 0 ? pendingAttributeValue.toString() : pendingAttributeValueS);
                    else if (hasEmptyAttributeValue)
                        attribute = new Attribute(pendingAttributeName, "");
                    else
                        attribute = new BooleanAttribute(pendingAttributeName);
                    attributes.put(attribute);
            }
            pendingAttributeName = null;
            hasEmptyAttributeValue = false;
            hasPendingAttributeValue = false;
            reset(pendingAttributeValue);
            pendingAttributeValueS = null;
        }

There is a bug in ['                    Attribute attribute;', '            pendingAttributeName = null;'] , please help me fix it. 

Please return the **complete corrected method**. Do not skip or omit any part of the code. Do not include ```java or ``` markers in the response.

================== prompt_apr_3 ==================

final void newAttribute() {
            if (attributes == null)
                attributes = new Attributes();

            if (pendingAttributeName != null) {
                // the tokeniser has skipped whitespace control chars, but trimming could collapse to empty for other control codes, so verify here
                pendingAttributeName = pendingAttributeName.trim();
                    Attribute attribute;
                    if (hasPendingAttributeValue)
                        attribute = new Attribute(pendingAttributeName,
                            pendingAttributeValue.length() > 0 ? pendingAttributeValue.toString() : pendingAttributeValueS);
                    else if (hasEmptyAttributeValue)
                        attribute = new Attribute(pendingAttributeName, "");
                    else
                        attribute = new BooleanAttribute(pendingAttributeName);
                    attributes.put(attribute);
            }
            pendingAttributeName = null;

There is a bug in the last statement, please help me fix it.

Return the code **only from the method declaration to the fixed statement**, without completing or adding additional code. Do not modify anything beyond fixing the bug, and do not complete the `if` statement or other unfinished parts. Do not include ```java or ``` markers in the response.

================== prompt_apr_4 ==================

final void newAttribute() {
            if (attributes == null)
                attributes = new Attributes();

            if (pendingAttributeName != null) {
                // the tokeniser has skipped whitespace control chars, but trimming could collapse to empty for other control codes, so verify here
                pendingAttributeName = pendingAttributeName.trim();
                    Attribute attribute;
                    if (hasPendingAttributeValue)
                        attribute = new Attribute(pendingAttributeName,
                            pendingAttributeValue.length() > 0 ? pendingAttributeValue.toString() : pendingAttributeValueS);
                    else if (hasEmptyAttributeValue)
                        attribute = new Attribute(pendingAttributeName, "");
                    else
                        attribute = new BooleanAttribute(pendingAttributeName);
                    attributes.put(attribute);
            }
            pendingAttributeName = null;
            hasEmptyAttributeValue = false;
            hasPendingAttributeValue = false;
            reset(pendingAttributeValue);
            pendingAttributeValueS = null;
        }

There is a bug in line [8, 18] of the code, please help me fix it.

Please return the results in a strict JSON format as described below. Please follow these instructions carefully:
1. Your output must include each repaired line's number (`line_number`) and the corresponding fixed code statement (`fixed_statement`).
2. The output format must be a valid JSON array, where each element represents one repaired line, with the following structure:
   - `"line_number"`: The line number of the buggy code that was repaired (integer).
   - `"fixed_statement"`: The repaired statement for that specific line (string).

3. The result must strictly follow this format:
[
    {
        "line_number": int,
        "fixed_statement": "string"
    },
    {
        "line_number": int,
        "fixed_statement": "string"
    }
]
4. The repaired statement in "fixed_statement" must replace the corresponding line in the buggy code.
5. You must NOT include any additional explanation or description in your response. Only return the JSON array. Do not include ```json or ``` markers in the response.

================== prompt_apr_5 ==================

final void newAttribute() {
            if (attributes == null)
                attributes = new Attributes();

            if (pendingAttributeName != null) {
                // the tokeniser has skipped whitespace control chars, but trimming could collapse to empty for other control codes, so verify here
                pendingAttributeName = pendingAttributeName.trim();
                    Attribute attribute;
                    if (hasPendingAttributeValue)
                        attribute = new Attribute(pendingAttributeName,
                            pendingAttributeValue.length() > 0 ? pendingAttributeValue.toString() : pendingAttributeValueS);
                    else if (hasEmptyAttributeValue)
                        attribute = new Attribute(pendingAttributeName, "");
                    else
                        attribute = new BooleanAttribute(pendingAttributeName);
                    attributes.put(attribute);
            }
            pendingAttributeName = null;
            hasEmptyAttributeValue = false;
            hasPendingAttributeValue = false;
            reset(pendingAttributeValue);
            pendingAttributeValueS = null;
        }

There is a bug in ['                    Attribute attribute;', '            pendingAttributeName = null;'] , please help me fix it. 

Please return the results in a strict JSON format as described below. Please follow these instructions carefully:
1. Your output must include each repaired line's number (`line_number`) and the corresponding fixed code statement (`fixed_statement`).
2. The output format must be a valid JSON array, where each element represents one repaired line, with the following structure:
   - `"line_number"`: The line number of the buggy code that was repaired (integer).
   - `"fixed_statement"`: The repaired statement for that specific line (string).

3. The result must strictly follow this format:
[
    {
        "line_number": int,
        "fixed_statement": "string"
    },
    {
        "line_number": int,
        "fixed_statement": "string"
    }
]
4. The repaired statement in "fixed_statement" must replace the corresponding line in the buggy code.
5. You must NOT include any additional explanation or description in your response. Only return the JSON array. Do not include ```json or ``` markers in the response.

================== prompt_apr_6 ==================

final void newAttribute() {
            if (attributes == null)
                attributes = new Attributes();

            if (pendingAttributeName != null) {
                // the tokeniser has skipped whitespace control chars, but trimming could collapse to empty for other control codes, so verify here
                pendingAttributeName = pendingAttributeName.trim();
                    Attribute attribute;
                    if (hasPendingAttributeValue)
                        attribute = new Attribute(pendingAttributeName,
                            pendingAttributeValue.length() > 0 ? pendingAttributeValue.toString() : pendingAttributeValueS);
                    else if (hasEmptyAttributeValue)
                        attribute = new Attribute(pendingAttributeName, "");
                    else
                        attribute = new BooleanAttribute(pendingAttributeName);
                    attributes.put(attribute);
            }
            pendingAttributeName = null;

There is a bug in the last statement, please help me fix it.

Please return the results in a strict JSON format as described below. Please follow these instructions carefully:
1. Your output must include each repaired line's number (`line_number`) and the corresponding fixed code statement (`fixed_statement`).
2. The output format must be a valid JSON array, where each element represents one repaired line, with the following structure:
   - `"line_number"`: The line number of the buggy code that was repaired (integer).
   - `"fixed_statement"`: The repaired statement for that specific line (string).

3. The result must strictly follow this format:
[
    {
        "line_number": int,
        "fixed_statement": "string"
    },
    {
        "line_number": int,
        "fixed_statement": "string"
    }
]
4. The repaired statement in "fixed_statement" must replace the corresponding line in the buggy code.
5. You must NOT include any additional explanation or description in your response. Only return the JSON array. Do not include ```json or ``` markers in the response.
