{
    "overall_status": {
        "prompt_apr_1": {
            "ernie-3.5-128k": "Compile failed",
            "qwen-turbo": "Compile failed",
            "doubao-pro-4k": "Fail some tests",
            "gpt-4o-mini": "Fail some tests",
            "deepseek-chat": "Fail some tests"
        },
        "prompt_apr_2": {
            "ernie-3.5-128k": "Compile failed",
            "qwen-turbo": "Compile failed",
            "doubao-pro-4k": "Fail some tests",
            "gpt-4o-mini": "Fail some tests",
            "deepseek-chat": "Fail some tests"
        },
        "prompt_apr_3": {
            "ernie-3.5-128k": "Compile failed",
            "qwen-turbo": "Compile failed",
            "doubao-pro-4k": "Compile failed",
            "gpt-4o-mini": "Compile failed",
            "deepseek-chat": "Compile failed"
        },
        "prompt_apr_4": {
            "ernie-3.5-128k": "Fail some tests",
            "qwen-turbo": "Compile failed",
            "doubao-pro-4k": "Fail some tests",
            "gpt-4o-mini": "Compile failed",
            "deepseek-chat": "Fail some tests"
        },
        "prompt_apr_5": {
            "ernie-3.5-128k": "Fail some tests",
            "qwen-turbo": "Fail some tests",
            "doubao-pro-4k": "Fail some tests",
            "gpt-4o-mini": "Fail some tests",
            "deepseek-chat": "Compile failed"
        },
        "prompt_apr_6": {
            "ernie-3.5-128k": "Fail some tests",
            "qwen-turbo": "Fail some tests",
            "doubao-pro-4k": "Fail some tests",
            "gpt-4o-mini": "Compile failed",
            "deepseek-chat": "Compile failed"
        }
    },
    "check_results_list": {
        "prompt_apr_1": {
            "ernie-3.5-128k": {
                "compile": {
                    "rc": 1,
                    "so": "",
                    "se": "Running ant (compile)...................................................... FAIL\nExecuted command:  cd /data/cmd/Ming/llm-fl-apr/tmp/Jsoup_19-prompt_apr_1-ernie-3.5-128k && /data/cmd/Ming/LLM_Based-Mutation/tools/mutant/defects4j-2.1.0/major/bin/ant -f /data/cmd/Ming/LLM_Based-Mutation/tools/mutant/defects4j-2.1.0/framework/projects/defects4j.build.xml -Dd4j.home=/data/cmd/Ming/LLM_Based-Mutation/tools/mutant/defects4j-2.1.0 -Dd4j.dir.projects=/data/cmd/Ming/LLM_Based-Mutation/tools/mutant/defects4j-2.1.0/framework/projects -Dbasedir=/data/cmd/Ming/llm-fl-apr/tmp/Jsoup_19-prompt_apr_1-ernie-3.5-128k -Dbuild.compiler=javac1.7  compile 2>&1\nJava HotSpot(TM) 64-Bit Server VM warning: ignoring option MaxPermSize=1G; support was removed in 8.0\nBuildfile: /data/cmd/Ming/LLM_Based-Mutation/tools/mutant/defects4j-2.1.0/framework/projects/defects4j.build.xml\n\ntest-offline:\n\nget-deps:\n\njsoup-from-maven.compile:\n    [mkdir] Created dir: /data/cmd/Ming/llm-fl-apr/tmp/Jsoup_19-prompt_apr_1-ernie-3.5-128k/target/classes\n    [javac] /data/cmd/Ming/llm-fl-apr/tmp/Jsoup_19-prompt_apr_1-ernie-3.5-128k/maven-build.xml:74: warning: 'includeantruntime' was not set, defaulting to build.sysclasspath=last; set to false for repeatable builds\n    [javac] Compiling 46 source files to /data/cmd/Ming/llm-fl-apr/tmp/Jsoup_19-prompt_apr_1-ernie-3.5-128k/target/classes\n    [javac] warning: [options] bootstrap class path not set in conjunction with -source 1.5\n    [javac] /data/cmd/Ming/llm-fl-apr/tmp/Jsoup_19-prompt_apr_1-ernie-3.5-128k/src/main/java/org/jsoup/safety/Whitelist.java:338: error: <identifier> expected\n    [javac] Sure, here is the complete corrected method with the bug fixed in line 6. The issue likely involves the usage of `preserveRelativeLinks`, which might not be defined or initialized in the current scope. I'll assume it should be a method parameter or a field in the class:\n    [javac]     ^\n    [javac] /data/cmd/Ming/llm-fl-apr/tmp/Jsoup_19-prompt_apr_1-ernie-3.5-128k/src/main/java/org/jsoup/safety/Whitelist.java:338: error: ';' expected\n    [javac] Sure, here is the complete corrected method with the bug fixed in line 6. The issue likely involves the usage of `preserveRelativeLinks`, which might not be defined or initialized in the current scope. I'll assume it should be a method parameter or a field in the class:\n    [javac]           ^\n    [javac] /data/cmd/Ming/llm-fl-apr/tmp/Jsoup_19-prompt_apr_1-ernie-3.5-128k/src/main/java/org/jsoup/safety/Whitelist.java:338: error: ';' expected\n    [javac] Sure, here is the complete corrected method with the bug fixed in line 6. The issue likely involves the usage of `preserveRelativeLinks`, which might not be defined or initialized in the current scope. I'll assume it should be a method parameter or a field in the class:\n    [javac]                  ^\n    [javac] /data/cmd/Ming/llm-fl-apr/tmp/Jsoup_19-prompt_apr_1-ernie-3.5-128k/src/main/java/org/jsoup/safety/Whitelist.java:338: error: ';' expected\n    [javac] Sure, here is the complete corrected method with the bug fixed in line 6. The issue likely involves the usage of `preserveRelativeLinks`, which might not be defined or initialized in the current scope. I'll assume it should be a method parameter or a field in the class:\n    [javac]                                     ^\n    [javac] /data/cmd/Ming/llm-fl-apr/tmp/Jsoup_19-prompt_apr_1-ernie-3.5-128k/src/main/java/org/jsoup/safety/Whitelist.java:338: error: ';' expected\n    [javac] Sure, here is the complete corrected method with the bug fixed in line 6. The issue likely involves the usage of `preserveRelativeLinks`, which might not be defined or initialized in the current scope. I'll assume it should be a method parameter or a field in the class:\n    [javac]                                                 ^\n    [javac] /data/cmd/Ming/llm-fl-apr/tmp/Jsoup_19-prompt_apr_1-ernie-3.5-128k/src/main/java/org/jsoup/safety/Whitelist.java:338: error: ';' expected\n    [javac] Sure, here is the complete corrected method with the bug fixed in line 6. The issue likely involves the usage of `preserveRelativeLinks`, which might not be defined or initialized in the current scope. I'll assume it should be a method parameter or a field in the class:\n    [javac]                                                         ^\n    [javac] /data/cmd/Ming/llm-fl-apr/tmp/Jsoup_19-prompt_apr_1-ernie-3.5-128k/src/main/java/org/jsoup/safety/Whitelist.java:338: error: ';' expected\n    [javac] Sure, here is the complete corrected method with the bug fixed in line 6. The issue likely involves the usage of `preserveRelativeLinks`, which might not be defined or initialized in the current scope. I'll assume it should be a method parameter or a field in the class:\n    [javac]                                                                  ^\n    [javac] /data/cmd/Ming/llm-fl-apr/tmp/Jsoup_19-prompt_apr_1-ernie-3.5-128k/src/main/java/org/jsoup/safety/Whitelist.java:338: error: <identifier> expected\n    [javac] Sure, here is the complete corrected method with the bug fixed in line 6. The issue likely involves the usage of `preserveRelativeLinks`, which might not be defined or initialized in the current scope. I'll assume it should be a method parameter or a field in the class:\n    [javac]                                                                       ^\n    [javac] /data/cmd/Ming/llm-fl-apr/tmp/Jsoup_19-prompt_apr_1-ernie-3.5-128k/src/main/java/org/jsoup/safety/Whitelist.java:338: error: ';' expected\n    [javac] Sure, here is the complete corrected method with the bug fixed in line 6. The issue likely involves the usage of `preserveRelativeLinks`, which might not be defined or initialized in the current scope. I'll assume it should be a method parameter or a field in the class:\n    [javac]                                                                                    ^\n    [javac] /data/cmd/Ming/llm-fl-apr/tmp/Jsoup_19-prompt_apr_1-ernie-3.5-128k/src/main/java/org/jsoup/safety/Whitelist.java:338: error: ';' expected\n    [javac] Sure, here is the complete corrected method with the bug fixed in line 6. The issue likely involves the usage of `preserveRelativeLinks`, which might not be defined or initialized in the current scope. I'll assume it should be a method parameter or a field in the class:\n    [javac]                                                                                                    ^\n    [javac] /data/cmd/Ming/llm-fl-apr/tmp/Jsoup_19-prompt_apr_1-ernie-3.5-128k/src/main/java/org/jsoup/safety/Whitelist.java:338: error: ';' expected\n    [javac] Sure, here is the complete corrected method with the bug fixed in line 6. The issue likely involves the usage of `preserveRelativeLinks`, which might not be defined or initialized in the current scope. I'll assume it should be a method parameter or a field in the class:\n    [javac]                                                                                                              ^\n    [javac] /data/cmd/Ming/llm-fl-apr/tmp/Jsoup_19-prompt_apr_1-ernie-3.5-128k/src/main/java/org/jsoup/safety/Whitelist.java:338: error: illegal character: \\96\n    [javac] Sure, here is the complete corrected method with the bug fixed in line 6. The issue likely involves the usage of `preserveRelativeLinks`, which might not be defined or initialized in the current scope. I'll assume it should be a method parameter or a field in the class:\n    [javac]                                                                                                                  ^\n    [javac] /data/cmd/Ming/llm-fl-apr/tmp/Jsoup_19-prompt_apr_1-ernie-3.5-128k/src/main/java/org/jsoup/safety/Whitelist.java:338: error: illegal character: \\96\n    [javac] Sure, here is the complete corrected method with the bug fixed in line 6. The issue likely involves the usage of `preserveRelativeLinks`, which might not be defined or initialized in the current scope. I'll assume it should be a method parameter or a field in the class:\n    [javac]                                                                                                                                        ^\n    [javac] /data/cmd/Ming/llm-fl-apr/tmp/Jsoup_19-prompt_apr_1-ernie-3.5-128k/src/main/java/org/jsoup/safety/Whitelist.java:338: error: illegal start of type\n    [javac] Sure, here is the complete corrected method with the bug fixed in line 6. The issue likely involves the usage of `preserveRelativeLinks`, which might not be defined or initialized in the current scope. I'll assume it should be a method parameter or a field in the class:\n    [javac]                                                                                                                                         ^\n    [javac] /data/cmd/Ming/llm-fl-apr/tmp/Jsoup_19-prompt_apr_1-ernie-3.5-128k/src/main/java/org/jsoup/safety/Whitelist.java:338: error: ';' expected\n    [javac] Sure, here is the complete corrected method with the bug fixed in line 6. The issue likely involves the usage of `preserveRelativeLinks`, which might not be defined or initialized in the current scope. I'll assume it should be a method parameter or a field in the class:\n    [javac]                                                                                                                                                ^\n    [javac] /data/cmd/Ming/llm-fl-apr/tmp/Jsoup_19-prompt_apr_1-ernie-3.5-128k/src/main/java/org/jsoup/safety/Whitelist.java:338: error: ';' expected\n    [javac] Sure, here is the complete corrected method with the bug fixed in line 6. The issue likely involves the usage of `preserveRelativeLinks`, which might not be defined or initialized in the current scope. I'll assume it should be a method parameter or a field in the class:\n    [javac]                                                                                                                                                          ^\n    [javac] /data/cmd/Ming/llm-fl-apr/tmp/Jsoup_19-prompt_apr_1-ernie-3.5-128k/src/main/java/org/jsoup/safety/Whitelist.java:338: error: ';' expected\n    [javac] Sure, here is the complete corrected method with the bug fixed in line 6. The issue likely involves the usage of `preserveRelativeLinks`, which might not be defined or initialized in the current scope. I'll assume it should be a method parameter or a field in the class:\n    [javac]                                                                                                                                                                     ^\n    [javac] /data/cmd/Ming/llm-fl-apr/tmp/Jsoup_19-prompt_apr_1-ernie-3.5-128k/src/main/java/org/jsoup/safety/Whitelist.java:338: error: ';' expected\n    [javac] Sure, here is the complete corrected method with the bug fixed in line 6. The issue likely involves the usage of `preserveRelativeLinks`, which might not be defined or initialized in the current scope. I'll assume it should be a method parameter or a field in the class:\n    [javac]                                                                                                                                                                                    ^\n    [javac] /data/cmd/Ming/llm-fl-apr/tmp/Jsoup_19-prompt_apr_1-ernie-3.5-128k/src/main/java/org/jsoup/safety/Whitelist.java:338: error: ';' expected\n    [javac] Sure, here is the complete corrected method with the bug fixed in line 6. The issue likely involves the usage of `preserveRelativeLinks`, which might not be defined or initialized in the current scope. I'll assume it should be a method parameter or a field in the class:\n    [javac]                                                                                                                                                                                           ^\n    [javac] /data/cmd/Ming/llm-fl-apr/tmp/Jsoup_19-prompt_apr_1-ernie-3.5-128k/src/main/java/org/jsoup/safety/Whitelist.java:338: error: ';' expected\n    [javac] Sure, here is the complete corrected method with the bug fixed in line 6. The issue likely involves the usage of `preserveRelativeLinks`, which might not be defined or initialized in the current scope. I'll assume it should be a method parameter or a field in the class:\n    [javac]                                                                                                                                                                                                         ^\n    [javac] /data/cmd/Ming/llm-fl-apr/tmp/Jsoup_19-prompt_apr_1-ernie-3.5-128k/src/main/java/org/jsoup/safety/Whitelist.java:338: error: unclosed character literal\n    [javac] Sure, here is the complete corrected method with the bug fixed in line 6. The issue likely involves the usage of `preserveRelativeLinks`, which might not be defined or initialized in the current scope. I'll assume it should be a method parameter or a field in the class:\n    [javac]                                                                                                                                                                                                            ^\n    [javac] /data/cmd/Ming/llm-fl-apr/tmp/Jsoup_19-prompt_apr_1-ernie-3.5-128k/src/main/java/org/jsoup/safety/Whitelist.java:338: error: ';' expected\n    [javac] Sure, here is the complete corrected method with the bug fixed in line 6. The issue likely involves the usage of `preserveRelativeLinks`, which might not be defined or initialized in the current scope. I'll assume it should be a method parameter or a field in the class:\n    [javac]                                                                                                                                                                                                                      ^\n    [javac] /data/cmd/Ming/llm-fl-apr/tmp/Jsoup_19-prompt_apr_1-ernie-3.5-128k/src/main/java/org/jsoup/safety/Whitelist.java:338: error: ';' expected\n    [javac] Sure, here is the complete corrected method with the bug fixed in line 6. The issue likely involves the usage of `preserveRelativeLinks`, which might not be defined or initialized in the current scope. I'll assume it should be a method parameter or a field in the class:\n    [javac]                                                                                                                                                                                                                                ^\n    [javac] /data/cmd/Ming/llm-fl-apr/tmp/Jsoup_19-prompt_apr_1-ernie-3.5-128k/src/main/java/org/jsoup/safety/Whitelist.java:338: error: ';' expected\n    [javac] Sure, here is the complete corrected method with the bug fixed in line 6. The issue likely involves the usage of `preserveRelativeLinks`, which might not be defined or initialized in the current scope. I'll assume it should be a method parameter or a field in the class:\n    [javac]                                                                                                                                                                                                                                     ^\n    [javac] /data/cmd/Ming/llm-fl-apr/tmp/Jsoup_19-prompt_apr_1-ernie-3.5-128k/src/main/java/org/jsoup/safety/Whitelist.java:338: error: ';' expected\n    [javac] Sure, here is the complete corrected method with the bug fixed in line 6. The issue likely involves the usage of `preserveRelativeLinks`, which might not be defined or initialized in the current scope. I'll assume it should be a method parameter or a field in the class:\n    [javac]                                                                                                                                                                                                                                                      ^\n    [javac] /data/cmd/Ming/llm-fl-apr/tmp/Jsoup_19-prompt_apr_1-ernie-3.5-128k/src/main/java/org/jsoup/safety/Whitelist.java:338: error: ';' expected\n    [javac] Sure, here is the complete corrected method with the bug fixed in line 6. The issue likely involves the usage of `preserveRelativeLinks`, which might not be defined or initialized in the current scope. I'll assume it should be a method parameter or a field in the class:\n    [javac]                                                                                                                                                                                                                                                           ^\n    [javac] /data/cmd/Ming/llm-fl-apr/tmp/Jsoup_19-prompt_apr_1-ernie-3.5-128k/src/main/java/org/jsoup/safety/Whitelist.java:338: error: ';' expected\n    [javac] Sure, here is the complete corrected method with the bug fixed in line 6. The issue likely involves the usage of `preserveRelativeLinks`, which might not be defined or initialized in the current scope. I'll assume it should be a method parameter or a field in the class:\n    [javac]                                                                                                                                                                                                                                                                    ^\n    [javac] /data/cmd/Ming/llm-fl-apr/tmp/Jsoup_19-prompt_apr_1-ernie-3.5-128k/src/main/java/org/jsoup/safety/Whitelist.java:338: error: <identifier> expected\n    [javac] Sure, here is the complete corrected method with the bug fixed in line 6. The issue likely involves the usage of `preserveRelativeLinks`, which might not be defined or initialized in the current scope. I'll assume it should be a method parameter or a field in the class:\n    [javac]                                                                                                                                                                                                                                                                        ^\n    [javac] /data/cmd/Ming/llm-fl-apr/tmp/Jsoup_19-prompt_apr_1-ernie-3.5-128k/src/main/java/org/jsoup/safety/Whitelist.java:338: error: illegal start of type\n    [javac] Sure, here is the complete corrected method with the bug fixed in line 6. The issue likely involves the usage of `preserveRelativeLinks`, which might not be defined or initialized in the current scope. I'll assume it should be a method parameter or a field in the class:\n    [javac]                                                                                                                                                                                                                                                                              ^\n    [javac] /data/cmd/Ming/llm-fl-apr/tmp/Jsoup_19-prompt_apr_1-ernie-3.5-128k/src/main/java/org/jsoup/safety/Whitelist.java:340: error: illegal character: \\96\n    [javac] ```java\n    [javac] ^\n    [javac] /data/cmd/Ming/llm-fl-apr/tmp/Jsoup_19-prompt_apr_1-ernie-3.5-128k/src/main/java/org/jsoup/safety/Whitelist.java:340: error: illegal character: \\96\n    [javac] ```java\n    [javac]  ^\n    [javac] /data/cmd/Ming/llm-fl-apr/tmp/Jsoup_19-prompt_apr_1-ernie-3.5-128k/src/main/java/org/jsoup/safety/Whitelist.java:340: error: illegal character: \\96\n    [javac] ```java\n    [javac]   ^\n    [javac] /data/cmd/Ming/llm-fl-apr/tmp/Jsoup_19-prompt_apr_1-ernie-3.5-128k/src/main/java/org/jsoup/safety/Whitelist.java:357: error: illegal character: \\96\n    [javac] ```\n    [javac] ^\n    [javac] /data/cmd/Ming/llm-fl-apr/tmp/Jsoup_19-prompt_apr_1-ernie-3.5-128k/src/main/java/org/jsoup/safety/Whitelist.java:357: error: illegal character: \\96\n    [javac] ```\n    [javac]  ^\n    [javac] /data/cmd/Ming/llm-fl-apr/tmp/Jsoup_19-prompt_apr_1-ernie-3.5-128k/src/main/java/org/jsoup/safety/Whitelist.java:357: error: illegal character: \\96\n    [javac] ```\n    [javac]   ^\n    [javac] /data/cmd/Ming/llm-fl-apr/tmp/Jsoup_19-prompt_apr_1-ernie-3.5-128k/src/main/java/org/jsoup/safety/Whitelist.java:359: error: illegal start of type\n    [javac] In this correction, I added `boolean preserveRelativeLinks` as a parameter to the method. This should resolve the issue if the original problem was due to an undefined or inaccessible `preserveRelativeLinks` variable. If `preserveRelativeLinks` should be a field in the class instead of a method parameter, you would need to ensure it is defined and properly initialized in the class scope.\n    [javac]    ^\n    [javac] /data/cmd/Ming/llm-fl-apr/tmp/Jsoup_19-prompt_apr_1-ernie-3.5-128k/src/main/java/org/jsoup/safety/Whitelist.java:359: error: ';' expected\n    [javac] In this correction, I added `boolean preserveRelativeLinks` as a parameter to the method. This should resolve the issue if the original problem was due to an undefined or inaccessible `preserveRelativeLinks` variable. If `preserveRelativeLinks` should be a field in the class instead of a method parameter, you would need to ensure it is defined and properly initialized in the class scope.\n    [javac]        ^\n    [javac] /data/cmd/Ming/llm-fl-apr/tmp/Jsoup_19-prompt_apr_1-ernie-3.5-128k/src/main/java/org/jsoup/safety/Whitelist.java:359: error: illegal start of type\n    [javac] In this correction, I added `boolean preserveRelativeLinks` as a parameter to the method. This should resolve the issue if the original problem was due to an undefined or inaccessible `preserveRelativeLinks` variable. If `preserveRelativeLinks` should be a field in the class instead of a method parameter, you would need to ensure it is defined and properly initialized in the class scope.\n    [javac]                   ^\n    [javac] /data/cmd/Ming/llm-fl-apr/tmp/Jsoup_19-prompt_apr_1-ernie-3.5-128k/src/main/java/org/jsoup/safety/Whitelist.java:359: error: ';' expected\n    [javac] In this correction, I added `boolean preserveRelativeLinks` as a parameter to the method. This should resolve the issue if the original problem was due to an undefined or inaccessible `preserveRelativeLinks` variable. If `preserveRelativeLinks` should be a field in the class instead of a method parameter, you would need to ensure it is defined and properly initialized in the class scope.\n    [javac]                      ^\n    [javac] /data/cmd/Ming/llm-fl-apr/tmp/Jsoup_19-prompt_apr_1-ernie-3.5-128k/src/main/java/org/jsoup/safety/Whitelist.java:359: error: illegal character: \\96\n    [javac] In this correction, I added `boolean preserveRelativeLinks` as a parameter to the method. This should resolve the issue if the original problem was due to an undefined or inaccessible `preserveRelativeLinks` variable. If `preserveRelativeLinks` should be a field in the class instead of a method parameter, you would need to ensure it is defined and properly initialized in the class scope.\n    [javac]                             ^\n    [javac] /data/cmd/Ming/llm-fl-apr/tmp/Jsoup_19-prompt_apr_1-ernie-3.5-128k/src/main/java/org/jsoup/safety/Whitelist.java:359: error: illegal character: \\96\n    [javac] In this correction, I added `boolean preserveRelativeLinks` as a parameter to the method. This should resolve the issue if the original problem was due to an undefined or inaccessible `preserveRelativeLinks` variable. If `preserveRelativeLinks` should be a field in the class instead of a method parameter, you would need to ensure it is defined and properly initialized in the class scope.\n    [javac]                                                           ^\n    [javac] /data/cmd/Ming/llm-fl-apr/tmp/Jsoup_19-prompt_apr_1-ernie-3.5-128k/src/main/java/org/jsoup/safety/Whitelist.java:359: error: ';' expected\n    [javac] In this correction, I added `boolean preserveRelativeLinks` as a parameter to the method. This should resolve the issue if the original problem was due to an undefined or inaccessible `preserveRelativeLinks` variable. If `preserveRelativeLinks` should be a field in the class instead of a method parameter, you would need to ensure it is defined and properly initialized in the class scope.\n    [javac]                                                                 ^\n    [javac] /data/cmd/Ming/llm-fl-apr/tmp/Jsoup_19-prompt_apr_1-ernie-3.5-128k/src/main/java/org/jsoup/safety/Whitelist.java:359: error: ';' expected\n    [javac] In this correction, I added `boolean preserveRelativeLinks` as a parameter to the method. This should resolve the issue if the original problem was due to an undefined or inaccessible `preserveRelativeLinks` variable. If `preserveRelativeLinks` should be a field in the class instead of a method parameter, you would need to ensure it is defined and properly initialized in the class scope.\n    [javac]                                                                              ^\n    [javac] /data/cmd/Ming/llm-fl-apr/tmp/Jsoup_19-prompt_apr_1-ernie-3.5-128k/src/main/java/org/jsoup/safety/Whitelist.java:359: error: ';' expected\n    [javac] In this correction, I added `boolean preserveRelativeLinks` as a parameter to the method. This should resolve the issue if the original problem was due to an undefined or inaccessible `preserveRelativeLinks` variable. If `preserveRelativeLinks` should be a field in the class instead of a method parameter, you would need to ensure it is defined and properly initialized in the class scope.\n    [javac]                                                                                         ^\n    [javac] /data/cmd/Ming/llm-fl-apr/tmp/Jsoup_19-prompt_apr_1-ernie-3.5-128k/src/main/java/org/jsoup/safety/Whitelist.java:359: error: ';' expected\n    [javac] In this correction, I added `boolean preserveRelativeLinks` as a parameter to the method. This should resolve the issue if the original problem was due to an undefined or inaccessible `preserveRelativeLinks` variable. If `preserveRelativeLinks` should be a field in the class instead of a method parameter, you would need to ensure it is defined and properly initialized in the class scope.\n    [javac]                                                                                                      ^\n    [javac] /data/cmd/Ming/llm-fl-apr/tmp/Jsoup_19-prompt_apr_1-ernie-3.5-128k/src/main/java/org/jsoup/safety/Whitelist.java:359: error: ';' expected\n    [javac] In this correction, I added `boolean preserveRelativeLinks` as a parameter to the method. This should resolve the issue if the original problem was due to an undefined or inaccessible `preserveRelativeLinks` variable. If `preserveRelativeLinks` should be a field in the class instead of a method parameter, you would need to ensure it is defined and properly initialized in the class scope.\n    [javac]                                                                                                                  ^\n    [javac] /data/cmd/Ming/llm-fl-apr/tmp/Jsoup_19-prompt_apr_1-ernie-3.5-128k/src/main/java/org/jsoup/safety/Whitelist.java:359: error: <identifier> expected\n    [javac] In this correction, I added `boolean preserveRelativeLinks` as a parameter to the method. This should resolve the issue if the original problem was due to an undefined or inaccessible `preserveRelativeLinks` variable. If `preserveRelativeLinks` should be a field in the class instead of a method parameter, you would need to ensure it is defined and properly initialized in the class scope.\n    [javac]                                                                                                                        ^\n    [javac] /data/cmd/Ming/llm-fl-apr/tmp/Jsoup_19-prompt_apr_1-ernie-3.5-128k/src/main/java/org/jsoup/safety/Whitelist.java:359: error: ';' expected\n    [javac] In this correction, I added `boolean preserveRelativeLinks` as a parameter to the method. This should resolve the issue if the original problem was due to an undefined or inaccessible `preserveRelativeLinks` variable. If `preserveRelativeLinks` should be a field in the class instead of a method parameter, you would need to ensure it is defined and properly initialized in the class scope.\n    [javac]                                                                                                                                        ^\n    [javac] /data/cmd/Ming/llm-fl-apr/tmp/Jsoup_19-prompt_apr_1-ernie-3.5-128k/src/main/java/org/jsoup/safety/Whitelist.java:359: error: ';' expected\n    [javac] In this correction, I added `boolean preserveRelativeLinks` as a parameter to the method. This should resolve the issue if the original problem was due to an undefined or inaccessible `preserveRelativeLinks` variable. If `preserveRelativeLinks` should be a field in the class instead of a method parameter, you would need to ensure it is defined and properly initialized in the class scope.\n    [javac]                                                                                                                                                    ^\n    [javac] /data/cmd/Ming/llm-fl-apr/tmp/Jsoup_19-prompt_apr_1-ernie-3.5-128k/src/main/java/org/jsoup/safety/Whitelist.java:359: error: ';' expected\n    [javac] In this correction, I added `boolean preserveRelativeLinks` as a parameter to the method. This should resolve the issue if the original problem was due to an undefined or inaccessible `preserveRelativeLinks` variable. If `preserveRelativeLinks` should be a field in the class instead of a method parameter, you would need to ensure it is defined and properly initialized in the class scope.\n    [javac]                                                                                                                                                           ^\n    [javac] /data/cmd/Ming/llm-fl-apr/tmp/Jsoup_19-prompt_apr_1-ernie-3.5-128k/src/main/java/org/jsoup/safety/Whitelist.java:359: error: ';' expected\n    [javac] In this correction, I added `boolean preserveRelativeLinks` as a parameter to the method. This should resolve the issue if the original problem was due to an undefined or inaccessible `preserveRelativeLinks` variable. If `preserveRelativeLinks` should be a field in the class instead of a method parameter, you would need to ensure it is defined and properly initialized in the class scope.\n    [javac]                                                                                                                                                                        ^\n    [javac] /data/cmd/Ming/llm-fl-apr/tmp/Jsoup_19-prompt_apr_1-ernie-3.5-128k/src/main/java/org/jsoup/safety/Whitelist.java:359: error: illegal character: \\96\n    [javac] In this correction, I added `boolean preserveRelativeLinks` as a parameter to the method. This should resolve the issue if the original problem was due to an undefined or inaccessible `preserveRelativeLinks` variable. If `preserveRelativeLinks` should be a field in the class instead of a method parameter, you would need to ensure it is defined and properly initialized in the class scope.\n    [javac]                                                                                                                                                                                         ^\n    [javac] /data/cmd/Ming/llm-fl-apr/tmp/Jsoup_19-prompt_apr_1-ernie-3.5-128k/src/main/java/org/jsoup/safety/Whitelist.java:359: error: illegal character: \\96\n    [javac] In this correction, I added `boolean preserveRelativeLinks` as a parameter to the method. This should resolve the issue if the original problem was due to an undefined or inaccessible `preserveRelativeLinks` variable. If `preserveRelativeLinks` should be a field in the class instead of a method parameter, you would need to ensure it is defined and properly initialized in the class scope.\n    [javac]                                                                                                                                                                                                               ^\n    [javac] /data/cmd/Ming/llm-fl-apr/tmp/Jsoup_19-prompt_apr_1-ernie-3.5-128k/src/main/java/org/jsoup/safety/Whitelist.java:359: error: illegal character: \\96\n    [javac] In this correction, I added `boolean preserveRelativeLinks` as a parameter to the method. This should resolve the issue if the original problem was due to an undefined or inaccessible `preserveRelativeLinks` variable. If `preserveRelativeLinks` should be a field in the class instead of a method parameter, you would need to ensure it is defined and properly initialized in the class scope.\n    [javac]                                                                                                                                                                                                                              ^\n    [javac] /data/cmd/Ming/llm-fl-apr/tmp/Jsoup_19-prompt_apr_1-ernie-3.5-128k/src/main/java/org/jsoup/safety/Whitelist.java:359: error: illegal character: \\96\n    [javac] In this correction, I added `boolean preserveRelativeLinks` as a parameter to the method. This should resolve the issue if the original problem was due to an undefined or inaccessible `preserveRelativeLinks` variable. If `preserveRelativeLinks` should be a field in the class instead of a method parameter, you would need to ensure it is defined and properly initialized in the class scope.\n    [javac]                                                                                                                                                                                                                                                    ^\n    [javac] /data/cmd/Ming/llm-fl-apr/tmp/Jsoup_19-prompt_apr_1-ernie-3.5-128k/src/main/java/org/jsoup/safety/Whitelist.java:359: error: ';' expected\n    [javac] In this correction, I added `boolean preserveRelativeLinks` as a parameter to the method. This should resolve the issue if the original problem was due to an undefined or inaccessible `preserveRelativeLinks` variable. If `preserveRelativeLinks` should be a field in the class instead of a method parameter, you would need to ensure it is defined and properly initialized in the class scope.\n    [javac]                                                                                                                                                                                                                                                               ^\n    [javac] /data/cmd/Ming/llm-fl-apr/tmp/Jsoup_19-prompt_apr_1-ernie-3.5-128k/src/main/java/org/jsoup/safety/Whitelist.java:359: error: ';' expected\n    [javac] In this correction, I added `boolean preserveRelativeLinks` as a parameter to the method. This should resolve the issue if the original problem was due to an undefined or inaccessible `preserveRelativeLinks` variable. If `preserveRelativeLinks` should be a field in the class instead of a method parameter, you would need to ensure it is defined and properly initialized in the class scope.\n    [javac]                                                                                                                                                                                                                                                                       ^\n    [javac] /data/cmd/Ming/llm-fl-apr/tmp/Jsoup_19-prompt_apr_1-ernie-3.5-128k/src/main/java/org/jsoup/safety/Whitelist.java:359: error: ';' expected\n    [javac] In this correction, I added `boolean preserveRelativeLinks` as a parameter to the method. This should resolve the issue if the original problem was due to an undefined or inaccessible `preserveRelativeLinks` variable. If `preserveRelativeLinks` should be a field in the class instead of a method parameter, you would need to ensure it is defined and properly initialized in the class scope.\n    [javac]                                                                                                                                                                                                                                                                              ^\n    [javac] /data/cmd/Ming/llm-fl-apr/tmp/Jsoup_19-prompt_apr_1-ernie-3.5-128k/src/main/java/org/jsoup/safety/Whitelist.java:359: error: '{' expected\n    [javac] In this correction, I added `boolean preserveRelativeLinks` as a parameter to the method. This should resolve the issue if the original problem was due to an undefined or inaccessible `preserveRelativeLinks` variable. If `preserveRelativeLinks` should be a field in the class instead of a method parameter, you would need to ensure it is defined and properly initialized in the class scope.\n    [javac]                                                                                                                                                                                                                                                                                            ^\n    [javac] /data/cmd/Ming/llm-fl-apr/tmp/Jsoup_19-prompt_apr_1-ernie-3.5-128k/src/main/java/org/jsoup/safety/Whitelist.java:359: error: '{' expected\n    [javac] In this correction, I added `boolean preserveRelativeLinks` as a parameter to the method. This should resolve the issue if the original problem was due to an undefined or inaccessible `preserveRelativeLinks` variable. If `preserveRelativeLinks` should be a field in the class instead of a method parameter, you would need to ensure it is defined and properly initialized in the class scope.\n    [javac]                                                                                                                                                                                                                                                                                                                                                                                                      ^\n    [javac] /data/cmd/Ming/llm-fl-apr/tmp/Jsoup_19-prompt_apr_1-ernie-3.5-128k/src/main/java/org/jsoup/safety/Whitelist.java:363: error: illegal start of type\n    [javac]         if (enforcedAttributes.containsKey(tag)) {\n    [javac]         ^\n    [javac] /data/cmd/Ming/llm-fl-apr/tmp/Jsoup_19-prompt_apr_1-ernie-3.5-128k/src/main/java/org/jsoup/safety/Whitelist.java:363: error: <identifier> expected\n    [javac]         if (enforcedAttributes.containsKey(tag)) {\n    [javac]                                           ^\n    [javac] /data/cmd/Ming/llm-fl-apr/tmp/Jsoup_19-prompt_apr_1-ernie-3.5-128k/src/main/java/org/jsoup/safety/Whitelist.java:363: error: ';' expected\n    [javac]         if (enforcedAttributes.containsKey(tag)) {\n    [javac]                                            ^\n    [javac] /data/cmd/Ming/llm-fl-apr/tmp/Jsoup_19-prompt_apr_1-ernie-3.5-128k/src/main/java/org/jsoup/safety/Whitelist.java:363: error: illegal start of type\n    [javac]         if (enforcedAttributes.containsKey(tag)) {\n    [javac]                                               ^\n    [javac] /data/cmd/Ming/llm-fl-apr/tmp/Jsoup_19-prompt_apr_1-ernie-3.5-128k/src/main/java/org/jsoup/safety/Whitelist.java:363: error: <identifier> expected\n    [javac]         if (enforcedAttributes.containsKey(tag)) {\n    [javac]                                                ^\n    [javac] /data/cmd/Ming/llm-fl-apr/tmp/Jsoup_19-prompt_apr_1-ernie-3.5-128k/src/main/java/org/jsoup/safety/Whitelist.java:363: error: ';' expected\n    [javac]         if (enforcedAttributes.containsKey(tag)) {\n    [javac]                                                 ^\n    [javac] /data/cmd/Ming/llm-fl-apr/tmp/Jsoup_19-prompt_apr_1-ernie-3.5-128k/src/main/java/org/jsoup/safety/Whitelist.java:365: error: illegal start of type\n    [javac]             for (Map.Entry<AttributeKey, AttributeValue> entry : keyVals.entrySet()) {\n    [javac]             ^\n    [javac] /data/cmd/Ming/llm-fl-apr/tmp/Jsoup_19-prompt_apr_1-ernie-3.5-128k/src/main/java/org/jsoup/safety/Whitelist.java:365: error: ')' expected\n    [javac]             for (Map.Entry<AttributeKey, AttributeValue> entry : keyVals.entrySet()) {\n    [javac]                                                               ^\n    [javac] /data/cmd/Ming/llm-fl-apr/tmp/Jsoup_19-prompt_apr_1-ernie-3.5-128k/src/main/java/org/jsoup/safety/Whitelist.java:365: error: <identifier> expected\n    [javac]             for (Map.Entry<AttributeKey, AttributeValue> entry : keyVals.entrySet()) {\n    [javac]                                                                                  ^\n    [javac] /data/cmd/Ming/llm-fl-apr/tmp/Jsoup_19-prompt_apr_1-ernie-3.5-128k/src/main/java/org/jsoup/safety/Whitelist.java:365: error: ';' expected\n    [javac]             for (Map.Entry<AttributeKey, AttributeValue> entry : keyVals.entrySet()) {\n    [javac]                                                                                    ^\n    [javac] /data/cmd/Ming/llm-fl-apr/tmp/Jsoup_19-prompt_apr_1-ernie-3.5-128k/src/main/java/org/jsoup/safety/Whitelist.java:369: error: illegal start of type\n    [javac]         return attrs;\n    [javac]         ^\n    [javac] /data/cmd/Ming/llm-fl-apr/tmp/Jsoup_19-prompt_apr_1-ernie-3.5-128k/src/main/java/org/jsoup/safety/Whitelist.java:369: error: ';' expected\n    [javac]         return attrs;\n    [javac]               ^\n    [javac] 72 errors\n    [javac] 1 warning\n\nBUILD FAILED\n/data/cmd/Ming/llm-fl-apr/tmp/Jsoup_19-prompt_apr_1-ernie-3.5-128k/maven-build.xml:74: Compile failed; see the compiler error output for details.\n\nTotal time: 1 second\nCannot compile sources! at /data/cmd/Ming/LLM_Based-Mutation/tools/mutant/defects4j-2.1.0/framework/bin/d4j/d4j-compile line 82.\nCompilation failed in require at /data/cmd/Ming/LLM_Based-Mutation/tools/mutant/defects4j-2.1.0/framework/bin/defects4j line 195.\n"
                }
            },
            "qwen-turbo": {
                "compile": {
                    "rc": 1,
                    "so": "",
                    "se": "Running ant (compile)...................................................... FAIL\nExecuted command:  cd /data/cmd/Ming/llm-fl-apr/tmp/Jsoup_19-prompt_apr_1-qwen-turbo && /data/cmd/Ming/LLM_Based-Mutation/tools/mutant/defects4j-2.1.0/major/bin/ant -f /data/cmd/Ming/LLM_Based-Mutation/tools/mutant/defects4j-2.1.0/framework/projects/defects4j.build.xml -Dd4j.home=/data/cmd/Ming/LLM_Based-Mutation/tools/mutant/defects4j-2.1.0 -Dd4j.dir.projects=/data/cmd/Ming/LLM_Based-Mutation/tools/mutant/defects4j-2.1.0/framework/projects -Dbasedir=/data/cmd/Ming/llm-fl-apr/tmp/Jsoup_19-prompt_apr_1-qwen-turbo -Dbuild.compiler=javac1.7  compile 2>&1\nJava HotSpot(TM) 64-Bit Server VM warning: ignoring option MaxPermSize=1G; support was removed in 8.0\nBuildfile: /data/cmd/Ming/LLM_Based-Mutation/tools/mutant/defects4j-2.1.0/framework/projects/defects4j.build.xml\n\ntest-offline:\n\nget-deps:\n\njsoup-from-maven.compile:\n    [mkdir] Created dir: /data/cmd/Ming/llm-fl-apr/tmp/Jsoup_19-prompt_apr_1-qwen-turbo/target/classes\n    [javac] /data/cmd/Ming/llm-fl-apr/tmp/Jsoup_19-prompt_apr_1-qwen-turbo/maven-build.xml:74: warning: 'includeantruntime' was not set, defaulting to build.sysclasspath=last; set to false for repeatable builds\n    [javac] Compiling 46 source files to /data/cmd/Ming/llm-fl-apr/tmp/Jsoup_19-prompt_apr_1-qwen-turbo/target/classes\n    [javac] warning: [options] bootstrap class path not set in conjunction with -source 1.5\n    [javac] /data/cmd/Ming/llm-fl-apr/tmp/Jsoup_19-prompt_apr_1-qwen-turbo/src/main/java/org/jsoup/safety/Whitelist.java:338: error: <identifier> expected\n    [javac] Certainly! The issue on line 6 is that `el.absUrl(attr.getKey())` will return an empty string if the element does not have a base URL or if the attribute does not contain a valid URL. This can lead to incorrect behavior when checking the protocol. To fix this, you should first check if the returned value is empty before proceeding with further checks.\n    [javac]          ^\n    [javac] /data/cmd/Ming/llm-fl-apr/tmp/Jsoup_19-prompt_apr_1-qwen-turbo/src/main/java/org/jsoup/safety/Whitelist.java:338: error: ';' expected\n    [javac] Certainly! The issue on line 6 is that `el.absUrl(attr.getKey())` will return an empty string if the element does not have a base URL or if the attribute does not contain a valid URL. This can lead to incorrect behavior when checking the protocol. To fix this, you should first check if the returned value is empty before proceeding with further checks.\n    [javac]                     ^\n    [javac] /data/cmd/Ming/llm-fl-apr/tmp/Jsoup_19-prompt_apr_1-qwen-turbo/src/main/java/org/jsoup/safety/Whitelist.java:338: error: ';' expected\n    [javac] Certainly! The issue on line 6 is that `el.absUrl(attr.getKey())` will return an empty string if the element does not have a base URL or if the attribute does not contain a valid URL. This can lead to incorrect behavior when checking the protocol. To fix this, you should first check if the returned value is empty before proceeding with further checks.\n    [javac]                             ^\n    [javac] /data/cmd/Ming/llm-fl-apr/tmp/Jsoup_19-prompt_apr_1-qwen-turbo/src/main/java/org/jsoup/safety/Whitelist.java:338: error: illegal character: \\96\n    [javac] Certainly! The issue on line 6 is that `el.absUrl(attr.getKey())` will return an empty string if the element does not have a base URL or if the attribute does not contain a valid URL. This can lead to incorrect behavior when checking the protocol. To fix this, you should first check if the returned value is empty before proceeding with further checks.\n    [javac]                                        ^\n    [javac] /data/cmd/Ming/llm-fl-apr/tmp/Jsoup_19-prompt_apr_1-qwen-turbo/src/main/java/org/jsoup/safety/Whitelist.java:338: error: <identifier> expected\n    [javac] Certainly! The issue on line 6 is that `el.absUrl(attr.getKey())` will return an empty string if the element does not have a base URL or if the attribute does not contain a valid URL. This can lead to incorrect behavior when checking the protocol. To fix this, you should first check if the returned value is empty before proceeding with further checks.\n    [javac]                                                  ^\n    [javac] /data/cmd/Ming/llm-fl-apr/tmp/Jsoup_19-prompt_apr_1-qwen-turbo/src/main/java/org/jsoup/safety/Whitelist.java:338: error: <identifier> expected\n    [javac] Certainly! The issue on line 6 is that `el.absUrl(attr.getKey())` will return an empty string if the element does not have a base URL or if the attribute does not contain a valid URL. This can lead to incorrect behavior when checking the protocol. To fix this, you should first check if the returned value is empty before proceeding with further checks.\n    [javac]                                                              ^\n    [javac] /data/cmd/Ming/llm-fl-apr/tmp/Jsoup_19-prompt_apr_1-qwen-turbo/src/main/java/org/jsoup/safety/Whitelist.java:338: error: ';' expected\n    [javac] Certainly! The issue on line 6 is that `el.absUrl(attr.getKey())` will return an empty string if the element does not have a base URL or if the attribute does not contain a valid URL. This can lead to incorrect behavior when checking the protocol. To fix this, you should first check if the returned value is empty before proceeding with further checks.\n    [javac]                                                               ^\n    [javac] /data/cmd/Ming/llm-fl-apr/tmp/Jsoup_19-prompt_apr_1-qwen-turbo/src/main/java/org/jsoup/safety/Whitelist.java:338: error: illegal start of type\n    [javac] Certainly! The issue on line 6 is that `el.absUrl(attr.getKey())` will return an empty string if the element does not have a base URL or if the attribute does not contain a valid URL. This can lead to incorrect behavior when checking the protocol. To fix this, you should first check if the returned value is empty before proceeding with further checks.\n    [javac]                                                                ^\n    [javac] /data/cmd/Ming/llm-fl-apr/tmp/Jsoup_19-prompt_apr_1-qwen-turbo/src/main/java/org/jsoup/safety/Whitelist.java:338: error: illegal character: \\96\n    [javac] Certainly! The issue on line 6 is that `el.absUrl(attr.getKey())` will return an empty string if the element does not have a base URL or if the attribute does not contain a valid URL. This can lead to incorrect behavior when checking the protocol. To fix this, you should first check if the returned value is empty before proceeding with further checks.\n    [javac]                                                                 ^\n    [javac] /data/cmd/Ming/llm-fl-apr/tmp/Jsoup_19-prompt_apr_1-qwen-turbo/src/main/java/org/jsoup/safety/Whitelist.java:338: error: ';' expected\n    [javac] Certainly! The issue on line 6 is that `el.absUrl(attr.getKey())` will return an empty string if the element does not have a base URL or if the attribute does not contain a valid URL. This can lead to incorrect behavior when checking the protocol. To fix this, you should first check if the returned value is empty before proceeding with further checks.\n    [javac]                                                                  ^\n    [javac] /data/cmd/Ming/llm-fl-apr/tmp/Jsoup_19-prompt_apr_1-qwen-turbo/src/main/java/org/jsoup/safety/Whitelist.java:338: error: illegal start of type\n    [javac] Certainly! The issue on line 6 is that `el.absUrl(attr.getKey())` will return an empty string if the element does not have a base URL or if the attribute does not contain a valid URL. This can lead to incorrect behavior when checking the protocol. To fix this, you should first check if the returned value is empty before proceeding with further checks.\n    [javac]                                                                        ^\n    [javac] /data/cmd/Ming/llm-fl-apr/tmp/Jsoup_19-prompt_apr_1-qwen-turbo/src/main/java/org/jsoup/safety/Whitelist.java:338: error: ';' expected\n    [javac] Certainly! The issue on line 6 is that `el.absUrl(attr.getKey())` will return an empty string if the element does not have a base URL or if the attribute does not contain a valid URL. This can lead to incorrect behavior when checking the protocol. To fix this, you should first check if the returned value is empty before proceeding with further checks.\n    [javac]                                                                                 ^\n    [javac] /data/cmd/Ming/llm-fl-apr/tmp/Jsoup_19-prompt_apr_1-qwen-turbo/src/main/java/org/jsoup/safety/Whitelist.java:338: error: ';' expected\n    [javac] Certainly! The issue on line 6 is that `el.absUrl(attr.getKey())` will return an empty string if the element does not have a base URL or if the attribute does not contain a valid URL. This can lead to incorrect behavior when checking the protocol. To fix this, you should first check if the returned value is empty before proceeding with further checks.\n    [javac]                                                                                              ^\n    [javac] /data/cmd/Ming/llm-fl-apr/tmp/Jsoup_19-prompt_apr_1-qwen-turbo/src/main/java/org/jsoup/safety/Whitelist.java:338: error: ';' expected\n    [javac] Certainly! The issue on line 6 is that `el.absUrl(attr.getKey())` will return an empty string if the element does not have a base URL or if the attribute does not contain a valid URL. This can lead to incorrect behavior when checking the protocol. To fix this, you should first check if the returned value is empty before proceeding with further checks.\n    [javac]                                                                                                             ^\n    [javac] /data/cmd/Ming/llm-fl-apr/tmp/Jsoup_19-prompt_apr_1-qwen-turbo/src/main/java/org/jsoup/safety/Whitelist.java:338: error: ';' expected\n    [javac] Certainly! The issue on line 6 is that `el.absUrl(attr.getKey())` will return an empty string if the element does not have a base URL or if the attribute does not contain a valid URL. This can lead to incorrect behavior when checking the protocol. To fix this, you should first check if the returned value is empty before proceeding with further checks.\n    [javac]                                                                                                                      ^\n    [javac] /data/cmd/Ming/llm-fl-apr/tmp/Jsoup_19-prompt_apr_1-qwen-turbo/src/main/java/org/jsoup/safety/Whitelist.java:338: error: ';' expected\n    [javac] Certainly! The issue on line 6 is that `el.absUrl(attr.getKey())` will return an empty string if the element does not have a base URL or if the attribute does not contain a valid URL. This can lead to incorrect behavior when checking the protocol. To fix this, you should first check if the returned value is empty before proceeding with further checks.\n    [javac]                                                                                                                             ^\n    [javac] /data/cmd/Ming/llm-fl-apr/tmp/Jsoup_19-prompt_apr_1-qwen-turbo/src/main/java/org/jsoup/safety/Whitelist.java:338: error: ';' expected\n    [javac] Certainly! The issue on line 6 is that `el.absUrl(attr.getKey())` will return an empty string if the element does not have a base URL or if the attribute does not contain a valid URL. This can lead to incorrect behavior when checking the protocol. To fix this, you should first check if the returned value is empty before proceeding with further checks.\n    [javac]                                                                                                                                      ^\n    [javac] /data/cmd/Ming/llm-fl-apr/tmp/Jsoup_19-prompt_apr_1-qwen-turbo/src/main/java/org/jsoup/safety/Whitelist.java:338: error: <identifier> expected\n    [javac] Certainly! The issue on line 6 is that `el.absUrl(attr.getKey())` will return an empty string if the element does not have a base URL or if the attribute does not contain a valid URL. This can lead to incorrect behavior when checking the protocol. To fix this, you should first check if the returned value is empty before proceeding with further checks.\n    [javac]                                                                                                                                         ^\n    [javac] /data/cmd/Ming/llm-fl-apr/tmp/Jsoup_19-prompt_apr_1-qwen-turbo/src/main/java/org/jsoup/safety/Whitelist.java:338: error: ';' expected\n    [javac] Certainly! The issue on line 6 is that `el.absUrl(attr.getKey())` will return an empty string if the element does not have a base URL or if the attribute does not contain a valid URL. This can lead to incorrect behavior when checking the protocol. To fix this, you should first check if the returned value is empty before proceeding with further checks.\n    [javac]                                                                                                                                                          ^\n    [javac] /data/cmd/Ming/llm-fl-apr/tmp/Jsoup_19-prompt_apr_1-qwen-turbo/src/main/java/org/jsoup/safety/Whitelist.java:338: error: ';' expected\n    [javac] Certainly! The issue on line 6 is that `el.absUrl(attr.getKey())` will return an empty string if the element does not have a base URL or if the attribute does not contain a valid URL. This can lead to incorrect behavior when checking the protocol. To fix this, you should first check if the returned value is empty before proceeding with further checks.\n    [javac]                                                                                                                                                                   ^\n    [javac] /data/cmd/Ming/llm-fl-apr/tmp/Jsoup_19-prompt_apr_1-qwen-turbo/src/main/java/org/jsoup/safety/Whitelist.java:338: error: ';' expected\n    [javac] Certainly! The issue on line 6 is that `el.absUrl(attr.getKey())` will return an empty string if the element does not have a base URL or if the attribute does not contain a valid URL. This can lead to incorrect behavior when checking the protocol. To fix this, you should first check if the returned value is empty before proceeding with further checks.\n    [javac]                                                                                                                                                                             ^\n    [javac] /data/cmd/Ming/llm-fl-apr/tmp/Jsoup_19-prompt_apr_1-qwen-turbo/src/main/java/org/jsoup/safety/Whitelist.java:338: error: ';' expected\n    [javac] Certainly! The issue on line 6 is that `el.absUrl(attr.getKey())` will return an empty string if the element does not have a base URL or if the attribute does not contain a valid URL. This can lead to incorrect behavior when checking the protocol. To fix this, you should first check if the returned value is empty before proceeding with further checks.\n    [javac]                                                                                                                                                                                       ^\n    [javac] /data/cmd/Ming/llm-fl-apr/tmp/Jsoup_19-prompt_apr_1-qwen-turbo/src/main/java/org/jsoup/safety/Whitelist.java:338: error: ';' expected\n    [javac] Certainly! The issue on line 6 is that `el.absUrl(attr.getKey())` will return an empty string if the element does not have a base URL or if the attribute does not contain a valid URL. This can lead to incorrect behavior when checking the protocol. To fix this, you should first check if the returned value is empty before proceeding with further checks.\n    [javac]                                                                                                                                                                                                 ^\n    [javac] /data/cmd/Ming/llm-fl-apr/tmp/Jsoup_19-prompt_apr_1-qwen-turbo/src/main/java/org/jsoup/safety/Whitelist.java:338: error: ';' expected\n    [javac] Certainly! The issue on line 6 is that `el.absUrl(attr.getKey())` will return an empty string if the element does not have a base URL or if the attribute does not contain a valid URL. This can lead to incorrect behavior when checking the protocol. To fix this, you should first check if the returned value is empty before proceeding with further checks.\n    [javac]                                                                                                                                                                                                         ^\n    [javac] /data/cmd/Ming/llm-fl-apr/tmp/Jsoup_19-prompt_apr_1-qwen-turbo/src/main/java/org/jsoup/safety/Whitelist.java:338: error: ';' expected\n    [javac] Certainly! The issue on line 6 is that `el.absUrl(attr.getKey())` will return an empty string if the element does not have a base URL or if the attribute does not contain a valid URL. This can lead to incorrect behavior when checking the protocol. To fix this, you should first check if the returned value is empty before proceeding with further checks.\n    [javac]                                                                                                                                                                                                                            ^\n    [javac] /data/cmd/Ming/llm-fl-apr/tmp/Jsoup_19-prompt_apr_1-qwen-turbo/src/main/java/org/jsoup/safety/Whitelist.java:338: error: ';' expected\n    [javac] Certainly! The issue on line 6 is that `el.absUrl(attr.getKey())` will return an empty string if the element does not have a base URL or if the attribute does not contain a valid URL. This can lead to incorrect behavior when checking the protocol. To fix this, you should first check if the returned value is empty before proceeding with further checks.\n    [javac]                                                                                                                                                                                                                                          ^\n    [javac] /data/cmd/Ming/llm-fl-apr/tmp/Jsoup_19-prompt_apr_1-qwen-turbo/src/main/java/org/jsoup/safety/Whitelist.java:338: error: ';' expected\n    [javac] Certainly! The issue on line 6 is that `el.absUrl(attr.getKey())` will return an empty string if the element does not have a base URL or if the attribute does not contain a valid URL. This can lead to incorrect behavior when checking the protocol. To fix this, you should first check if the returned value is empty before proceeding with further checks.\n    [javac]                                                                                                                                                                                                                                                       ^\n    [javac] /data/cmd/Ming/llm-fl-apr/tmp/Jsoup_19-prompt_apr_1-qwen-turbo/src/main/java/org/jsoup/safety/Whitelist.java:338: error: ';' expected\n    [javac] Certainly! The issue on line 6 is that `el.absUrl(attr.getKey())` will return an empty string if the element does not have a base URL or if the attribute does not contain a valid URL. This can lead to incorrect behavior when checking the protocol. To fix this, you should first check if the returned value is empty before proceeding with further checks.\n    [javac]                                                                                                                                                                                                                                                               ^\n    [javac] /data/cmd/Ming/llm-fl-apr/tmp/Jsoup_19-prompt_apr_1-qwen-turbo/src/main/java/org/jsoup/safety/Whitelist.java:338: error: ';' expected\n    [javac] Certainly! The issue on line 6 is that `el.absUrl(attr.getKey())` will return an empty string if the element does not have a base URL or if the attribute does not contain a valid URL. This can lead to incorrect behavior when checking the protocol. To fix this, you should first check if the returned value is empty before proceeding with further checks.\n    [javac]                                                                                                                                                                                                                                                                                ^\n    [javac] /data/cmd/Ming/llm-fl-apr/tmp/Jsoup_19-prompt_apr_1-qwen-turbo/src/main/java/org/jsoup/safety/Whitelist.java:338: error: ';' expected\n    [javac] Certainly! The issue on line 6 is that `el.absUrl(attr.getKey())` will return an empty string if the element does not have a base URL or if the attribute does not contain a valid URL. This can lead to incorrect behavior when checking the protocol. To fix this, you should first check if the returned value is empty before proceeding with further checks.\n    [javac]                                                                                                                                                                                                                                                                                            ^\n    [javac] /data/cmd/Ming/llm-fl-apr/tmp/Jsoup_19-prompt_apr_1-qwen-turbo/src/main/java/org/jsoup/safety/Whitelist.java:338: error: ';' expected\n    [javac] Certainly! The issue on line 6 is that `el.absUrl(attr.getKey())` will return an empty string if the element does not have a base URL or if the attribute does not contain a valid URL. This can lead to incorrect behavior when checking the protocol. To fix this, you should first check if the returned value is empty before proceeding with further checks.\n    [javac]                                                                                                                                                                                                                                                                                                            ^\n    [javac] /data/cmd/Ming/llm-fl-apr/tmp/Jsoup_19-prompt_apr_1-qwen-turbo/src/main/java/org/jsoup/safety/Whitelist.java:338: error: ';' expected\n    [javac] Certainly! The issue on line 6 is that `el.absUrl(attr.getKey())` will return an empty string if the element does not have a base URL or if the attribute does not contain a valid URL. This can lead to incorrect behavior when checking the protocol. To fix this, you should first check if the returned value is empty before proceeding with further checks.\n    [javac]                                                                                                                                                                                                                                                                                                                     ^\n    [javac] /data/cmd/Ming/llm-fl-apr/tmp/Jsoup_19-prompt_apr_1-qwen-turbo/src/main/java/org/jsoup/safety/Whitelist.java:338: error: ';' expected\n    [javac] Certainly! The issue on line 6 is that `el.absUrl(attr.getKey())` will return an empty string if the element does not have a base URL or if the attribute does not contain a valid URL. This can lead to incorrect behavior when checking the protocol. To fix this, you should first check if the returned value is empty before proceeding with further checks.\n    [javac]                                                                                                                                                                                                                                                                                                                                  ^\n    [javac] /data/cmd/Ming/llm-fl-apr/tmp/Jsoup_19-prompt_apr_1-qwen-turbo/src/main/java/org/jsoup/safety/Whitelist.java:338: error: ';' expected\n    [javac] Certainly! The issue on line 6 is that `el.absUrl(attr.getKey())` will return an empty string if the element does not have a base URL or if the attribute does not contain a valid URL. This can lead to incorrect behavior when checking the protocol. To fix this, you should first check if the returned value is empty before proceeding with further checks.\n    [javac]                                                                                                                                                                                                                                                                                                                                                  ^\n    [javac] /data/cmd/Ming/llm-fl-apr/tmp/Jsoup_19-prompt_apr_1-qwen-turbo/src/main/java/org/jsoup/safety/Whitelist.java:338: error: ';' expected\n    [javac] Certainly! The issue on line 6 is that `el.absUrl(attr.getKey())` will return an empty string if the element does not have a base URL or if the attribute does not contain a valid URL. This can lead to incorrect behavior when checking the protocol. To fix this, you should first check if the returned value is empty before proceeding with further checks.\n    [javac]                                                                                                                                                                                                                                                                                                                                                                 ^\n    [javac] /data/cmd/Ming/llm-fl-apr/tmp/Jsoup_19-prompt_apr_1-qwen-turbo/src/main/java/org/jsoup/safety/Whitelist.java:340: error: unclosed character literal\n    [javac] Here's the complete corrected method:\n    [javac]     ^\n    [javac] /data/cmd/Ming/llm-fl-apr/tmp/Jsoup_19-prompt_apr_1-qwen-turbo/src/main/java/org/jsoup/safety/Whitelist.java:340: error: ';' expected\n    [javac] Here's the complete corrected method:\n    [javac]                    ^\n    [javac] /data/cmd/Ming/llm-fl-apr/tmp/Jsoup_19-prompt_apr_1-qwen-turbo/src/main/java/org/jsoup/safety/Whitelist.java:340: error: ';' expected\n    [javac] Here's the complete corrected method:\n    [javac]                                     ^\n    [javac] /data/cmd/Ming/llm-fl-apr/tmp/Jsoup_19-prompt_apr_1-qwen-turbo/src/main/java/org/jsoup/safety/Whitelist.java:342: error: illegal character: \\96\n    [javac] ```java\n    [javac] ^\n    [javac] /data/cmd/Ming/llm-fl-apr/tmp/Jsoup_19-prompt_apr_1-qwen-turbo/src/main/java/org/jsoup/safety/Whitelist.java:342: error: illegal character: \\96\n    [javac] ```java\n    [javac]  ^\n    [javac] /data/cmd/Ming/llm-fl-apr/tmp/Jsoup_19-prompt_apr_1-qwen-turbo/src/main/java/org/jsoup/safety/Whitelist.java:342: error: illegal character: \\96\n    [javac] ```java\n    [javac]   ^\n    [javac] /data/cmd/Ming/llm-fl-apr/tmp/Jsoup_19-prompt_apr_1-qwen-turbo/src/main/java/org/jsoup/safety/Whitelist.java:342: error: <identifier> expected\n    [javac] ```java\n    [javac]        ^\n    [javac] /data/cmd/Ming/llm-fl-apr/tmp/Jsoup_19-prompt_apr_1-qwen-turbo/src/main/java/org/jsoup/safety/Whitelist.java:363: error: illegal character: \\96\n    [javac] ```\n    [javac] ^\n    [javac] /data/cmd/Ming/llm-fl-apr/tmp/Jsoup_19-prompt_apr_1-qwen-turbo/src/main/java/org/jsoup/safety/Whitelist.java:363: error: illegal character: \\96\n    [javac] ```\n    [javac]  ^\n    [javac] /data/cmd/Ming/llm-fl-apr/tmp/Jsoup_19-prompt_apr_1-qwen-turbo/src/main/java/org/jsoup/safety/Whitelist.java:363: error: illegal character: \\96\n    [javac] ```\n    [javac]   ^\n    [javac] /data/cmd/Ming/llm-fl-apr/tmp/Jsoup_19-prompt_apr_1-qwen-turbo/src/main/java/org/jsoup/safety/Whitelist.java:365: error: ';' expected\n    [javac] This ensures that the method only proceeds with the protocol check if a valid URL is obtained from `el.absUrl(attr.getKey())`.\n    [javac]                  ^\n    [javac] /data/cmd/Ming/llm-fl-apr/tmp/Jsoup_19-prompt_apr_1-qwen-turbo/src/main/java/org/jsoup/safety/Whitelist.java:365: error: ';' expected\n    [javac] This ensures that the method only proceeds with the protocol check if a valid URL is obtained from `el.absUrl(attr.getKey())`.\n    [javac]                             ^\n    [javac] /data/cmd/Ming/llm-fl-apr/tmp/Jsoup_19-prompt_apr_1-qwen-turbo/src/main/java/org/jsoup/safety/Whitelist.java:365: error: ';' expected\n    [javac] This ensures that the method only proceeds with the protocol check if a valid URL is obtained from `el.absUrl(attr.getKey())`.\n    [javac]                                           ^\n    [javac] /data/cmd/Ming/llm-fl-apr/tmp/Jsoup_19-prompt_apr_1-qwen-turbo/src/main/java/org/jsoup/safety/Whitelist.java:365: error: ';' expected\n    [javac] This ensures that the method only proceeds with the protocol check if a valid URL is obtained from `el.absUrl(attr.getKey())`.\n    [javac]                                                    ^\n    [javac] /data/cmd/Ming/llm-fl-apr/tmp/Jsoup_19-prompt_apr_1-qwen-turbo/src/main/java/org/jsoup/safety/Whitelist.java:365: error: ';' expected\n    [javac] This ensures that the method only proceeds with the protocol check if a valid URL is obtained from `el.absUrl(attr.getKey())`.\n    [javac]                                                                   ^\n    [javac] /data/cmd/Ming/llm-fl-apr/tmp/Jsoup_19-prompt_apr_1-qwen-turbo/src/main/java/org/jsoup/safety/Whitelist.java:365: error: ';' expected\n    [javac] This ensures that the method only proceeds with the protocol check if a valid URL is obtained from `el.absUrl(attr.getKey())`.\n    [javac]                                                                              ^\n    [javac] /data/cmd/Ming/llm-fl-apr/tmp/Jsoup_19-prompt_apr_1-qwen-turbo/src/main/java/org/jsoup/safety/Whitelist.java:365: error: ';' expected\n    [javac] This ensures that the method only proceeds with the protocol check if a valid URL is obtained from `el.absUrl(attr.getKey())`.\n    [javac]                                                                                     ^\n    [javac] /data/cmd/Ming/llm-fl-apr/tmp/Jsoup_19-prompt_apr_1-qwen-turbo/src/main/java/org/jsoup/safety/Whitelist.java:365: error: illegal character: \\96\n    [javac] This ensures that the method only proceeds with the protocol check if a valid URL is obtained from `el.absUrl(attr.getKey())`.\n    [javac]                                                                                                    ^\n    [javac] /data/cmd/Ming/llm-fl-apr/tmp/Jsoup_19-prompt_apr_1-qwen-turbo/src/main/java/org/jsoup/safety/Whitelist.java:365: error: <identifier> expected\n    [javac] This ensures that the method only proceeds with the protocol check if a valid URL is obtained from `el.absUrl(attr.getKey())`.\n    [javac]                                                                                                              ^\n    [javac] /data/cmd/Ming/llm-fl-apr/tmp/Jsoup_19-prompt_apr_1-qwen-turbo/src/main/java/org/jsoup/safety/Whitelist.java:365: error: <identifier> expected\n    [javac] This ensures that the method only proceeds with the protocol check if a valid URL is obtained from `el.absUrl(attr.getKey())`.\n    [javac]                                                                                                                          ^\n    [javac] /data/cmd/Ming/llm-fl-apr/tmp/Jsoup_19-prompt_apr_1-qwen-turbo/src/main/java/org/jsoup/safety/Whitelist.java:365: error: ';' expected\n    [javac] This ensures that the method only proceeds with the protocol check if a valid URL is obtained from `el.absUrl(attr.getKey())`.\n    [javac]                                                                                                                           ^\n    [javac] /data/cmd/Ming/llm-fl-apr/tmp/Jsoup_19-prompt_apr_1-qwen-turbo/src/main/java/org/jsoup/safety/Whitelist.java:365: error: illegal start of type\n    [javac] This ensures that the method only proceeds with the protocol check if a valid URL is obtained from `el.absUrl(attr.getKey())`.\n    [javac]                                                                                                                            ^\n    [javac] /data/cmd/Ming/llm-fl-apr/tmp/Jsoup_19-prompt_apr_1-qwen-turbo/src/main/java/org/jsoup/safety/Whitelist.java:365: error: illegal character: \\96\n    [javac] This ensures that the method only proceeds with the protocol check if a valid URL is obtained from `el.absUrl(attr.getKey())`.\n    [javac]                                                                                                                             ^\n    [javac] /data/cmd/Ming/llm-fl-apr/tmp/Jsoup_19-prompt_apr_1-qwen-turbo/src/main/java/org/jsoup/safety/Whitelist.java:365: error: ';' expected\n    [javac] This ensures that the method only proceeds with the protocol check if a valid URL is obtained from `el.absUrl(attr.getKey())`.\n    [javac]                                                                                                                              ^\n    [javac] 59 errors\n    [javac] 1 warning\n\nBUILD FAILED\n/data/cmd/Ming/llm-fl-apr/tmp/Jsoup_19-prompt_apr_1-qwen-turbo/maven-build.xml:74: Compile failed; see the compiler error output for details.\n\nTotal time: 1 second\nCannot compile sources! at /data/cmd/Ming/LLM_Based-Mutation/tools/mutant/defects4j-2.1.0/framework/bin/d4j/d4j-compile line 82.\nCompilation failed in require at /data/cmd/Ming/LLM_Based-Mutation/tools/mutant/defects4j-2.1.0/framework/bin/defects4j line 195.\n"
                }
            },
            "doubao-pro-4k": {
                "compile": {
                    "rc": 0,
                    "so": "",
                    "se": "Running ant (compile)...................................................... OK\nRunning ant (compile.tests)................................................ OK\n"
                },
                "test": {
                    "rc": 0,
                    "so": "Failing tests: 1\n  - org.jsoup.safety.CleanerTest::handlesCustomProtocols\n",
                    "se": "Running ant (compile.tests)................................................ OK\nRunning ant (run.dev.tests)................................................ OK\n"
                }
            },
            "gpt-4o-mini": {
                "compile": {
                    "rc": 0,
                    "so": "",
                    "se": "Running ant (compile)...................................................... OK\nRunning ant (compile.tests)................................................ OK\n"
                },
                "test": {
                    "rc": 0,
                    "so": "Failing tests: 1\n  - org.jsoup.safety.CleanerTest::handlesCustomProtocols\n",
                    "se": "Running ant (compile.tests)................................................ OK\nRunning ant (run.dev.tests)................................................ OK\n"
                }
            },
            "deepseek-chat": {
                "compile": {
                    "rc": 0,
                    "so": "",
                    "se": "Running ant (compile)...................................................... OK\nRunning ant (compile.tests)................................................ OK\n"
                },
                "test": {
                    "rc": 0,
                    "so": "Failing tests: 1\n  - org.jsoup.safety.CleanerTest::handlesCustomProtocols\n",
                    "se": "Running ant (compile.tests)................................................ OK\nRunning ant (run.dev.tests)................................................ OK\n"
                }
            }
        },
        "prompt_apr_2": {
            "ernie-3.5-128k": {
                "compile": {
                    "rc": 1,
                    "so": "",
                    "se": "Running ant (compile)...................................................... FAIL\nExecuted command:  cd /data/cmd/Ming/llm-fl-apr/tmp/Jsoup_19-prompt_apr_2-ernie-3.5-128k && /data/cmd/Ming/LLM_Based-Mutation/tools/mutant/defects4j-2.1.0/major/bin/ant -f /data/cmd/Ming/LLM_Based-Mutation/tools/mutant/defects4j-2.1.0/framework/projects/defects4j.build.xml -Dd4j.home=/data/cmd/Ming/LLM_Based-Mutation/tools/mutant/defects4j-2.1.0 -Dd4j.dir.projects=/data/cmd/Ming/LLM_Based-Mutation/tools/mutant/defects4j-2.1.0/framework/projects -Dbasedir=/data/cmd/Ming/llm-fl-apr/tmp/Jsoup_19-prompt_apr_2-ernie-3.5-128k -Dbuild.compiler=javac1.7  compile 2>&1\nJava HotSpot(TM) 64-Bit Server VM warning: ignoring option MaxPermSize=1G; support was removed in 8.0\nBuildfile: /data/cmd/Ming/LLM_Based-Mutation/tools/mutant/defects4j-2.1.0/framework/projects/defects4j.build.xml\n\ntest-offline:\n\nget-deps:\n\njsoup-from-maven.compile:\n    [mkdir] Created dir: /data/cmd/Ming/llm-fl-apr/tmp/Jsoup_19-prompt_apr_2-ernie-3.5-128k/target/classes\n    [javac] /data/cmd/Ming/llm-fl-apr/tmp/Jsoup_19-prompt_apr_2-ernie-3.5-128k/maven-build.xml:74: warning: 'includeantruntime' was not set, defaulting to build.sysclasspath=last; set to false for repeatable builds\n    [javac] Compiling 46 source files to /data/cmd/Ming/llm-fl-apr/tmp/Jsoup_19-prompt_apr_2-ernie-3.5-128k/target/classes\n    [javac] warning: [options] bootstrap class path not set in conjunction with -source 1.5\n    [javac] /data/cmd/Ming/llm-fl-apr/tmp/Jsoup_19-prompt_apr_2-ernie-3.5-128k/src/main/java/org/jsoup/safety/Whitelist.java:338: error: ';' expected\n    [javac] Here is the complete corrected method with the issue addressed. The main issue was that `preserveRelativeLinks` was used without being declared or initialized. I've added a parameter for `preserveRelativeLinks` to the method signature and included a default value for it.\n    [javac]        ^\n    [javac] /data/cmd/Ming/llm-fl-apr/tmp/Jsoup_19-prompt_apr_2-ernie-3.5-128k/src/main/java/org/jsoup/safety/Whitelist.java:338: error: ';' expected\n    [javac] Here is the complete corrected method with the issue addressed. The main issue was that `preserveRelativeLinks` was used without being declared or initialized. I've added a parameter for `preserveRelativeLinks` to the method signature and included a default value for it.\n    [javac]                     ^\n    [javac] /data/cmd/Ming/llm-fl-apr/tmp/Jsoup_19-prompt_apr_2-ernie-3.5-128k/src/main/java/org/jsoup/safety/Whitelist.java:338: error: ';' expected\n    [javac] Here is the complete corrected method with the issue addressed. The main issue was that `preserveRelativeLinks` was used without being declared or initialized. I've added a parameter for `preserveRelativeLinks` to the method signature and included a default value for it.\n    [javac]                                      ^\n    [javac] /data/cmd/Ming/llm-fl-apr/tmp/Jsoup_19-prompt_apr_2-ernie-3.5-128k/src/main/java/org/jsoup/safety/Whitelist.java:338: error: ';' expected\n    [javac] Here is the complete corrected method with the issue addressed. The main issue was that `preserveRelativeLinks` was used without being declared or initialized. I've added a parameter for `preserveRelativeLinks` to the method signature and included a default value for it.\n    [javac]                                               ^\n    [javac] /data/cmd/Ming/llm-fl-apr/tmp/Jsoup_19-prompt_apr_2-ernie-3.5-128k/src/main/java/org/jsoup/safety/Whitelist.java:338: error: ';' expected\n    [javac] Here is the complete corrected method with the issue addressed. The main issue was that `preserveRelativeLinks` was used without being declared or initialized. I've added a parameter for `preserveRelativeLinks` to the method signature and included a default value for it.\n    [javac]                                                               ^\n    [javac] /data/cmd/Ming/llm-fl-apr/tmp/Jsoup_19-prompt_apr_2-ernie-3.5-128k/src/main/java/org/jsoup/safety/Whitelist.java:338: error: ';' expected\n    [javac] Here is the complete corrected method with the issue addressed. The main issue was that `preserveRelativeLinks` was used without being declared or initialized. I've added a parameter for `preserveRelativeLinks` to the method signature and included a default value for it.\n    [javac]                                                                         ^\n    [javac] /data/cmd/Ming/llm-fl-apr/tmp/Jsoup_19-prompt_apr_2-ernie-3.5-128k/src/main/java/org/jsoup/safety/Whitelist.java:338: error: ';' expected\n    [javac] Here is the complete corrected method with the issue addressed. The main issue was that `preserveRelativeLinks` was used without being declared or initialized. I've added a parameter for `preserveRelativeLinks` to the method signature and included a default value for it.\n    [javac]                                                                                   ^\n    [javac] /data/cmd/Ming/llm-fl-apr/tmp/Jsoup_19-prompt_apr_2-ernie-3.5-128k/src/main/java/org/jsoup/safety/Whitelist.java:338: error: illegal character: \\96\n    [javac] Here is the complete corrected method with the issue addressed. The main issue was that `preserveRelativeLinks` was used without being declared or initialized. I've added a parameter for `preserveRelativeLinks` to the method signature and included a default value for it.\n    [javac]                                                                                         ^\n    [javac] /data/cmd/Ming/llm-fl-apr/tmp/Jsoup_19-prompt_apr_2-ernie-3.5-128k/src/main/java/org/jsoup/safety/Whitelist.java:338: error: illegal character: \\96\n    [javac] Here is the complete corrected method with the issue addressed. The main issue was that `preserveRelativeLinks` was used without being declared or initialized. I've added a parameter for `preserveRelativeLinks` to the method signature and included a default value for it.\n    [javac]                                                                                                               ^\n    [javac] /data/cmd/Ming/llm-fl-apr/tmp/Jsoup_19-prompt_apr_2-ernie-3.5-128k/src/main/java/org/jsoup/safety/Whitelist.java:338: error: ';' expected\n    [javac] Here is the complete corrected method with the issue addressed. The main issue was that `preserveRelativeLinks` was used without being declared or initialized. I've added a parameter for `preserveRelativeLinks` to the method signature and included a default value for it.\n    [javac]                                                                                                                         ^\n    [javac] /data/cmd/Ming/llm-fl-apr/tmp/Jsoup_19-prompt_apr_2-ernie-3.5-128k/src/main/java/org/jsoup/safety/Whitelist.java:338: error: ';' expected\n    [javac] Here is the complete corrected method with the issue addressed. The main issue was that `preserveRelativeLinks` was used without being declared or initialized. I've added a parameter for `preserveRelativeLinks` to the method signature and included a default value for it.\n    [javac]                                                                                                                                       ^\n    [javac] /data/cmd/Ming/llm-fl-apr/tmp/Jsoup_19-prompt_apr_2-ernie-3.5-128k/src/main/java/org/jsoup/safety/Whitelist.java:338: error: ';' expected\n    [javac] Here is the complete corrected method with the issue addressed. The main issue was that `preserveRelativeLinks` was used without being declared or initialized. I've added a parameter for `preserveRelativeLinks` to the method signature and included a default value for it.\n    [javac]                                                                                                                                                   ^\n    [javac] /data/cmd/Ming/llm-fl-apr/tmp/Jsoup_19-prompt_apr_2-ernie-3.5-128k/src/main/java/org/jsoup/safety/Whitelist.java:338: error: unclosed character literal\n    [javac] Here is the complete corrected method with the issue addressed. The main issue was that `preserveRelativeLinks` was used without being declared or initialized. I've added a parameter for `preserveRelativeLinks` to the method signature and included a default value for it.\n    [javac]                                                                                                                                                                  ^\n    [javac] /data/cmd/Ming/llm-fl-apr/tmp/Jsoup_19-prompt_apr_2-ernie-3.5-128k/src/main/java/org/jsoup/safety/Whitelist.java:338: error: ';' expected\n    [javac] Here is the complete corrected method with the issue addressed. The main issue was that `preserveRelativeLinks` was used without being declared or initialized. I've added a parameter for `preserveRelativeLinks` to the method signature and included a default value for it.\n    [javac]                                                                                                                                                                           ^\n    [javac] /data/cmd/Ming/llm-fl-apr/tmp/Jsoup_19-prompt_apr_2-ernie-3.5-128k/src/main/java/org/jsoup/safety/Whitelist.java:338: error: ';' expected\n    [javac] Here is the complete corrected method with the issue addressed. The main issue was that `preserveRelativeLinks` was used without being declared or initialized. I've added a parameter for `preserveRelativeLinks` to the method signature and included a default value for it.\n    [javac]                                                                                                                                                                                       ^\n    [javac] /data/cmd/Ming/llm-fl-apr/tmp/Jsoup_19-prompt_apr_2-ernie-3.5-128k/src/main/java/org/jsoup/safety/Whitelist.java:338: error: illegal character: \\96\n    [javac] Here is the complete corrected method with the issue addressed. The main issue was that `preserveRelativeLinks` was used without being declared or initialized. I've added a parameter for `preserveRelativeLinks` to the method signature and included a default value for it.\n    [javac]                                                                                                                                                                                            ^\n    [javac] /data/cmd/Ming/llm-fl-apr/tmp/Jsoup_19-prompt_apr_2-ernie-3.5-128k/src/main/java/org/jsoup/safety/Whitelist.java:338: error: illegal character: \\96\n    [javac] Here is the complete corrected method with the issue addressed. The main issue was that `preserveRelativeLinks` was used without being declared or initialized. I've added a parameter for `preserveRelativeLinks` to the method signature and included a default value for it.\n    [javac]                                                                                                                                                                                                                  ^\n    [javac] /data/cmd/Ming/llm-fl-apr/tmp/Jsoup_19-prompt_apr_2-ernie-3.5-128k/src/main/java/org/jsoup/safety/Whitelist.java:338: error: ';' expected\n    [javac] Here is the complete corrected method with the issue addressed. The main issue was that `preserveRelativeLinks` was used without being declared or initialized. I've added a parameter for `preserveRelativeLinks` to the method signature and included a default value for it.\n    [javac]                                                                                                                                                                                                                          ^\n    [javac] /data/cmd/Ming/llm-fl-apr/tmp/Jsoup_19-prompt_apr_2-ernie-3.5-128k/src/main/java/org/jsoup/safety/Whitelist.java:338: error: ';' expected\n    [javac] Here is the complete corrected method with the issue addressed. The main issue was that `preserveRelativeLinks` was used without being declared or initialized. I've added a parameter for `preserveRelativeLinks` to the method signature and included a default value for it.\n    [javac]                                                                                                                                                                                                                                           ^\n    [javac] /data/cmd/Ming/llm-fl-apr/tmp/Jsoup_19-prompt_apr_2-ernie-3.5-128k/src/main/java/org/jsoup/safety/Whitelist.java:338: error: ';' expected\n    [javac] Here is the complete corrected method with the issue addressed. The main issue was that `preserveRelativeLinks` was used without being declared or initialized. I've added a parameter for `preserveRelativeLinks` to the method signature and included a default value for it.\n    [javac]                                                                                                                                                                                                                                                        ^\n    [javac] /data/cmd/Ming/llm-fl-apr/tmp/Jsoup_19-prompt_apr_2-ernie-3.5-128k/src/main/java/org/jsoup/safety/Whitelist.java:338: error: <identifier> expected\n    [javac] Here is the complete corrected method with the issue addressed. The main issue was that `preserveRelativeLinks` was used without being declared or initialized. I've added a parameter for `preserveRelativeLinks` to the method signature and included a default value for it.\n    [javac]                                                                                                                                                                                                                                                          ^\n    [javac] /data/cmd/Ming/llm-fl-apr/tmp/Jsoup_19-prompt_apr_2-ernie-3.5-128k/src/main/java/org/jsoup/safety/Whitelist.java:338: error: <identifier> expected\n    [javac] Here is the complete corrected method with the issue addressed. The main issue was that `preserveRelativeLinks` was used without being declared or initialized. I've added a parameter for `preserveRelativeLinks` to the method signature and included a default value for it.\n    [javac]                                                                                                                                                                                                                                                                        ^\n    [javac] /data/cmd/Ming/llm-fl-apr/tmp/Jsoup_19-prompt_apr_2-ernie-3.5-128k/src/main/java/org/jsoup/safety/Whitelist.java:338: error: <identifier> expected\n    [javac] Here is the complete corrected method with the issue addressed. The main issue was that `preserveRelativeLinks` was used without being declared or initialized. I've added a parameter for `preserveRelativeLinks` to the method signature and included a default value for it.\n    [javac]                                                                                                                                                                                                                                                                                ^\n    [javac] /data/cmd/Ming/llm-fl-apr/tmp/Jsoup_19-prompt_apr_2-ernie-3.5-128k/src/main/java/org/jsoup/safety/Whitelist.java:340: error: ';' expected\n    [javac] private boolean testValidProtocol(Element el, Attribute attr, Set<Protocol> protocols, boolean preserveRelativeLinks) {\n    [javac]        ^\n    [javac] /data/cmd/Ming/llm-fl-apr/tmp/Jsoup_19-prompt_apr_2-ernie-3.5-128k/src/main/java/org/jsoup/safety/Whitelist.java:340: error: invalid method declaration; return type required\n    [javac] private boolean testValidProtocol(Element el, Attribute attr, Set<Protocol> protocols, boolean preserveRelativeLinks) {\n    [javac]                 ^\n    [javac] 25 errors\n    [javac] 1 warning\n\nBUILD FAILED\n/data/cmd/Ming/llm-fl-apr/tmp/Jsoup_19-prompt_apr_2-ernie-3.5-128k/maven-build.xml:74: Compile failed; see the compiler error output for details.\n\nTotal time: 1 second\nCannot compile sources! at /data/cmd/Ming/LLM_Based-Mutation/tools/mutant/defects4j-2.1.0/framework/bin/d4j/d4j-compile line 82.\nCompilation failed in require at /data/cmd/Ming/LLM_Based-Mutation/tools/mutant/defects4j-2.1.0/framework/bin/defects4j line 195.\n"
                }
            },
            "qwen-turbo": {
                "compile": {
                    "rc": 1,
                    "so": "",
                    "se": "Running ant (compile)...................................................... FAIL\nExecuted command:  cd /data/cmd/Ming/llm-fl-apr/tmp/Jsoup_19-prompt_apr_2-qwen-turbo && /data/cmd/Ming/LLM_Based-Mutation/tools/mutant/defects4j-2.1.0/major/bin/ant -f /data/cmd/Ming/LLM_Based-Mutation/tools/mutant/defects4j-2.1.0/framework/projects/defects4j.build.xml -Dd4j.home=/data/cmd/Ming/LLM_Based-Mutation/tools/mutant/defects4j-2.1.0 -Dd4j.dir.projects=/data/cmd/Ming/LLM_Based-Mutation/tools/mutant/defects4j-2.1.0/framework/projects -Dbasedir=/data/cmd/Ming/llm-fl-apr/tmp/Jsoup_19-prompt_apr_2-qwen-turbo -Dbuild.compiler=javac1.7  compile 2>&1\nJava HotSpot(TM) 64-Bit Server VM warning: ignoring option MaxPermSize=1G; support was removed in 8.0\nBuildfile: /data/cmd/Ming/LLM_Based-Mutation/tools/mutant/defects4j-2.1.0/framework/projects/defects4j.build.xml\n\ntest-offline:\n\nget-deps:\n\njsoup-from-maven.compile:\n    [mkdir] Created dir: /data/cmd/Ming/llm-fl-apr/tmp/Jsoup_19-prompt_apr_2-qwen-turbo/target/classes\n    [javac] /data/cmd/Ming/llm-fl-apr/tmp/Jsoup_19-prompt_apr_2-qwen-turbo/maven-build.xml:74: warning: 'includeantruntime' was not set, defaulting to build.sysclasspath=last; set to false for repeatable builds\n    [javac] Compiling 46 source files to /data/cmd/Ming/llm-fl-apr/tmp/Jsoup_19-prompt_apr_2-qwen-turbo/target/classes\n    [javac] warning: [options] bootstrap class path not set in conjunction with -source 1.5\n    [javac] /data/cmd/Ming/llm-fl-apr/tmp/Jsoup_19-prompt_apr_2-qwen-turbo/src/main/java/org/jsoup/safety/Whitelist.java:338: error: <identifier> expected\n    [javac] Certainly! The issue with `attr.setValue(value);` is that `value` might be an absolute URL even if `preserveRelativeLinks` is set to `false`. This can cause problems if you intended to remove relative URLs only when `preserveRelativeLinks` is `false`.\n    [javac]          ^\n    [javac] /data/cmd/Ming/llm-fl-apr/tmp/Jsoup_19-prompt_apr_2-qwen-turbo/src/main/java/org/jsoup/safety/Whitelist.java:338: error: ';' expected\n    [javac] Certainly! The issue with `attr.setValue(value);` is that `value` might be an absolute URL even if `preserveRelativeLinks` is set to `false`. This can cause problems if you intended to remove relative URLs only when `preserveRelativeLinks` is `false`.\n    [javac]                     ^\n    [javac] /data/cmd/Ming/llm-fl-apr/tmp/Jsoup_19-prompt_apr_2-qwen-turbo/src/main/java/org/jsoup/safety/Whitelist.java:338: error: illegal character: \\96\n    [javac] Certainly! The issue with `attr.setValue(value);` is that `value` might be an absolute URL even if `preserveRelativeLinks` is set to `false`. This can cause problems if you intended to remove relative URLs only when `preserveRelativeLinks` is `false`.\n    [javac]                           ^\n    [javac] /data/cmd/Ming/llm-fl-apr/tmp/Jsoup_19-prompt_apr_2-qwen-turbo/src/main/java/org/jsoup/safety/Whitelist.java:338: error: <identifier> expected\n    [javac] Certainly! The issue with `attr.setValue(value);` is that `value` might be an absolute URL even if `preserveRelativeLinks` is set to `false`. This can cause problems if you intended to remove relative URLs only when `preserveRelativeLinks` is `false`.\n    [javac]                                         ^\n    [javac] /data/cmd/Ming/llm-fl-apr/tmp/Jsoup_19-prompt_apr_2-qwen-turbo/src/main/java/org/jsoup/safety/Whitelist.java:338: error: <identifier> expected\n    [javac] Certainly! The issue with `attr.setValue(value);` is that `value` might be an absolute URL even if `preserveRelativeLinks` is set to `false`. This can cause problems if you intended to remove relative URLs only when `preserveRelativeLinks` is `false`.\n    [javac]                                               ^\n    [javac] /data/cmd/Ming/llm-fl-apr/tmp/Jsoup_19-prompt_apr_2-qwen-turbo/src/main/java/org/jsoup/safety/Whitelist.java:338: error: illegal character: \\96\n    [javac] Certainly! The issue with `attr.setValue(value);` is that `value` might be an absolute URL even if `preserveRelativeLinks` is set to `false`. This can cause problems if you intended to remove relative URLs only when `preserveRelativeLinks` is `false`.\n    [javac]                                                 ^\n    [javac] /data/cmd/Ming/llm-fl-apr/tmp/Jsoup_19-prompt_apr_2-qwen-turbo/src/main/java/org/jsoup/safety/Whitelist.java:338: error: illegal character: \\96\n    [javac] Certainly! The issue with `attr.setValue(value);` is that `value` might be an absolute URL even if `preserveRelativeLinks` is set to `false`. This can cause problems if you intended to remove relative URLs only when `preserveRelativeLinks` is `false`.\n    [javac]                                                           ^\n    [javac] /data/cmd/Ming/llm-fl-apr/tmp/Jsoup_19-prompt_apr_2-qwen-turbo/src/main/java/org/jsoup/safety/Whitelist.java:338: error: illegal character: \\96\n    [javac] Certainly! The issue with `attr.setValue(value);` is that `value` might be an absolute URL even if `preserveRelativeLinks` is set to `false`. This can cause problems if you intended to remove relative URLs only when `preserveRelativeLinks` is `false`.\n    [javac]                                                                 ^\n    [javac] /data/cmd/Ming/llm-fl-apr/tmp/Jsoup_19-prompt_apr_2-qwen-turbo/src/main/java/org/jsoup/safety/Whitelist.java:338: error: ';' expected\n    [javac] Certainly! The issue with `attr.setValue(value);` is that `value` might be an absolute URL even if `preserveRelativeLinks` is set to `false`. This can cause problems if you intended to remove relative URLs only when `preserveRelativeLinks` is `false`.\n    [javac]                                                                           ^\n    [javac] /data/cmd/Ming/llm-fl-apr/tmp/Jsoup_19-prompt_apr_2-qwen-turbo/src/main/java/org/jsoup/safety/Whitelist.java:338: error: ';' expected\n    [javac] Certainly! The issue with `attr.setValue(value);` is that `value` might be an absolute URL even if `preserveRelativeLinks` is set to `false`. This can cause problems if you intended to remove relative URLs only when `preserveRelativeLinks` is `false`.\n    [javac]                                                                                       ^\n    [javac] /data/cmd/Ming/llm-fl-apr/tmp/Jsoup_19-prompt_apr_2-qwen-turbo/src/main/java/org/jsoup/safety/Whitelist.java:338: error: ';' expected\n    [javac] Certainly! The issue with `attr.setValue(value);` is that `value` might be an absolute URL even if `preserveRelativeLinks` is set to `false`. This can cause problems if you intended to remove relative URLs only when `preserveRelativeLinks` is `false`.\n    [javac]                                                                                                ^\n    [javac] /data/cmd/Ming/llm-fl-apr/tmp/Jsoup_19-prompt_apr_2-qwen-turbo/src/main/java/org/jsoup/safety/Whitelist.java:338: error: illegal character: \\96\n    [javac] Certainly! The issue with `attr.setValue(value);` is that `value` might be an absolute URL even if `preserveRelativeLinks` is set to `false`. This can cause problems if you intended to remove relative URLs only when `preserveRelativeLinks` is `false`.\n    [javac]                                                                                                    ^\n    [javac] /data/cmd/Ming/llm-fl-apr/tmp/Jsoup_19-prompt_apr_2-qwen-turbo/src/main/java/org/jsoup/safety/Whitelist.java:338: error: illegal character: \\96\n    [javac] Certainly! The issue with `attr.setValue(value);` is that `value` might be an absolute URL even if `preserveRelativeLinks` is set to `false`. This can cause problems if you intended to remove relative URLs only when `preserveRelativeLinks` is `false`.\n    [javac]                                                                                                                          ^\n    [javac] /data/cmd/Ming/llm-fl-apr/tmp/Jsoup_19-prompt_apr_2-qwen-turbo/src/main/java/org/jsoup/safety/Whitelist.java:338: error: ';' expected\n    [javac] Certainly! The issue with `attr.setValue(value);` is that `value` might be an absolute URL even if `preserveRelativeLinks` is set to `false`. This can cause problems if you intended to remove relative URLs only when `preserveRelativeLinks` is `false`.\n    [javac]                                                                                                                                  ^\n    [javac] /data/cmd/Ming/llm-fl-apr/tmp/Jsoup_19-prompt_apr_2-qwen-turbo/src/main/java/org/jsoup/safety/Whitelist.java:338: error: illegal character: \\96\n    [javac] Certainly! The issue with `attr.setValue(value);` is that `value` might be an absolute URL even if `preserveRelativeLinks` is set to `false`. This can cause problems if you intended to remove relative URLs only when `preserveRelativeLinks` is `false`.\n    [javac]                                                                                                                                      ^\n    [javac] /data/cmd/Ming/llm-fl-apr/tmp/Jsoup_19-prompt_apr_2-qwen-turbo/src/main/java/org/jsoup/safety/Whitelist.java:338: error: illegal start of type\n    [javac] Certainly! The issue with `attr.setValue(value);` is that `value` might be an absolute URL even if `preserveRelativeLinks` is set to `false`. This can cause problems if you intended to remove relative URLs only when `preserveRelativeLinks` is `false`.\n    [javac]                                                                                                                                       ^\n    [javac] /data/cmd/Ming/llm-fl-apr/tmp/Jsoup_19-prompt_apr_2-qwen-turbo/src/main/java/org/jsoup/safety/Whitelist.java:338: error: illegal character: \\96\n    [javac] Certainly! The issue with `attr.setValue(value);` is that `value` might be an absolute URL even if `preserveRelativeLinks` is set to `false`. This can cause problems if you intended to remove relative URLs only when `preserveRelativeLinks` is `false`.\n    [javac]                                                                                                                                            ^\n    [javac] /data/cmd/Ming/llm-fl-apr/tmp/Jsoup_19-prompt_apr_2-qwen-turbo/src/main/java/org/jsoup/safety/Whitelist.java:338: error: ';' expected\n    [javac] Certainly! The issue with `attr.setValue(value);` is that `value` might be an absolute URL even if `preserveRelativeLinks` is set to `false`. This can cause problems if you intended to remove relative URLs only when `preserveRelativeLinks` is `false`.\n    [javac]                                                                                                                                             ^\n    [javac] /data/cmd/Ming/llm-fl-apr/tmp/Jsoup_19-prompt_apr_2-qwen-turbo/src/main/java/org/jsoup/safety/Whitelist.java:338: error: ';' expected\n    [javac] Certainly! The issue with `attr.setValue(value);` is that `value` might be an absolute URL even if `preserveRelativeLinks` is set to `false`. This can cause problems if you intended to remove relative URLs only when `preserveRelativeLinks` is `false`.\n    [javac]                                                                                                                                                       ^\n    [javac] /data/cmd/Ming/llm-fl-apr/tmp/Jsoup_19-prompt_apr_2-qwen-turbo/src/main/java/org/jsoup/safety/Whitelist.java:338: error: ';' expected\n    [javac] Certainly! The issue with `attr.setValue(value);` is that `value` might be an absolute URL even if `preserveRelativeLinks` is set to `false`. This can cause problems if you intended to remove relative URLs only when `preserveRelativeLinks` is `false`.\n    [javac]                                                                                                                                                                      ^\n    [javac] /data/cmd/Ming/llm-fl-apr/tmp/Jsoup_19-prompt_apr_2-qwen-turbo/src/main/java/org/jsoup/safety/Whitelist.java:338: error: ';' expected\n    [javac] Certainly! The issue with `attr.setValue(value);` is that `value` might be an absolute URL even if `preserveRelativeLinks` is set to `false`. This can cause problems if you intended to remove relative URLs only when `preserveRelativeLinks` is `false`.\n    [javac]                                                                                                                                                                                      ^\n    [javac] /data/cmd/Ming/llm-fl-apr/tmp/Jsoup_19-prompt_apr_2-qwen-turbo/src/main/java/org/jsoup/safety/Whitelist.java:338: error: ';' expected\n    [javac] Certainly! The issue with `attr.setValue(value);` is that `value` might be an absolute URL even if `preserveRelativeLinks` is set to `false`. This can cause problems if you intended to remove relative URLs only when `preserveRelativeLinks` is `false`.\n    [javac]                                                                                                                                                                                                ^\n    [javac] /data/cmd/Ming/llm-fl-apr/tmp/Jsoup_19-prompt_apr_2-qwen-turbo/src/main/java/org/jsoup/safety/Whitelist.java:338: error: ';' expected\n    [javac] Certainly! The issue with `attr.setValue(value);` is that `value` might be an absolute URL even if `preserveRelativeLinks` is set to `false`. This can cause problems if you intended to remove relative URLs only when `preserveRelativeLinks` is `false`.\n    [javac]                                                                                                                                                                                                              ^\n    [javac] /data/cmd/Ming/llm-fl-apr/tmp/Jsoup_19-prompt_apr_2-qwen-turbo/src/main/java/org/jsoup/safety/Whitelist.java:338: error: illegal character: \\96\n    [javac] Certainly! The issue with `attr.setValue(value);` is that `value` might be an absolute URL even if `preserveRelativeLinks` is set to `false`. This can cause problems if you intended to remove relative URLs only when `preserveRelativeLinks` is `false`.\n    [javac]                                                                                                                                                                                                                         ^\n    [javac] /data/cmd/Ming/llm-fl-apr/tmp/Jsoup_19-prompt_apr_2-qwen-turbo/src/main/java/org/jsoup/safety/Whitelist.java:338: error: illegal character: \\96\n    [javac] Certainly! The issue with `attr.setValue(value);` is that `value` might be an absolute URL even if `preserveRelativeLinks` is set to `false`. This can cause problems if you intended to remove relative URLs only when `preserveRelativeLinks` is `false`.\n    [javac]                                                                                                                                                                                                                                               ^\n    [javac] /data/cmd/Ming/llm-fl-apr/tmp/Jsoup_19-prompt_apr_2-qwen-turbo/src/main/java/org/jsoup/safety/Whitelist.java:338: error: illegal character: \\96\n    [javac] Certainly! The issue with `attr.setValue(value);` is that `value` might be an absolute URL even if `preserveRelativeLinks` is set to `false`. This can cause problems if you intended to remove relative URLs only when `preserveRelativeLinks` is `false`.\n    [javac]                                                                                                                                                                                                                                                    ^\n    [javac] /data/cmd/Ming/llm-fl-apr/tmp/Jsoup_19-prompt_apr_2-qwen-turbo/src/main/java/org/jsoup/safety/Whitelist.java:338: error: illegal start of type\n    [javac] Certainly! The issue with `attr.setValue(value);` is that `value` might be an absolute URL even if `preserveRelativeLinks` is set to `false`. This can cause problems if you intended to remove relative URLs only when `preserveRelativeLinks` is `false`.\n    [javac]                                                                                                                                                                                                                                                     ^\n    [javac] /data/cmd/Ming/llm-fl-apr/tmp/Jsoup_19-prompt_apr_2-qwen-turbo/src/main/java/org/jsoup/safety/Whitelist.java:338: error: illegal character: \\96\n    [javac] Certainly! The issue with `attr.setValue(value);` is that `value` might be an absolute URL even if `preserveRelativeLinks` is set to `false`. This can cause problems if you intended to remove relative URLs only when `preserveRelativeLinks` is `false`.\n    [javac]                                                                                                                                                                                                                                                          ^\n    [javac] /data/cmd/Ming/llm-fl-apr/tmp/Jsoup_19-prompt_apr_2-qwen-turbo/src/main/java/org/jsoup/safety/Whitelist.java:338: error: ';' expected\n    [javac] Certainly! The issue with `attr.setValue(value);` is that `value` might be an absolute URL even if `preserveRelativeLinks` is set to `false`. This can cause problems if you intended to remove relative URLs only when `preserveRelativeLinks` is `false`.\n    [javac]                                                                                                                                                                                                                                                           ^\n    [javac] /data/cmd/Ming/llm-fl-apr/tmp/Jsoup_19-prompt_apr_2-qwen-turbo/src/main/java/org/jsoup/safety/Whitelist.java:340: error: ';' expected\n    [javac] To fix this, we need to ensure that relative URLs are removed only when `preserveRelativeLinks` is `false`. We should check if the URL is relative before setting it.\n    [javac]       ^\n    [javac] /data/cmd/Ming/llm-fl-apr/tmp/Jsoup_19-prompt_apr_2-qwen-turbo/src/main/java/org/jsoup/safety/Whitelist.java:340: error: ';' expected\n    [javac] To fix this, we need to ensure that relative URLs are removed only when `preserveRelativeLinks` is `false`. We should check if the URL is relative before setting it.\n    [javac]                     ^\n    [javac] /data/cmd/Ming/llm-fl-apr/tmp/Jsoup_19-prompt_apr_2-qwen-turbo/src/main/java/org/jsoup/safety/Whitelist.java:340: error: ';' expected\n    [javac] To fix this, we need to ensure that relative URLs are removed only when `preserveRelativeLinks` is `false`. We should check if the URL is relative before setting it.\n    [javac]                               ^\n    [javac] /data/cmd/Ming/llm-fl-apr/tmp/Jsoup_19-prompt_apr_2-qwen-turbo/src/main/java/org/jsoup/safety/Whitelist.java:340: error: ';' expected\n    [javac] To fix this, we need to ensure that relative URLs are removed only when `preserveRelativeLinks` is `false`. We should check if the URL is relative before setting it.\n    [javac]                                             ^\n    [javac] /data/cmd/Ming/llm-fl-apr/tmp/Jsoup_19-prompt_apr_2-qwen-turbo/src/main/java/org/jsoup/safety/Whitelist.java:340: error: ';' expected\n    [javac] To fix this, we need to ensure that relative URLs are removed only when `preserveRelativeLinks` is `false`. We should check if the URL is relative before setting it.\n    [javac]                                                      ^\n    [javac] /data/cmd/Ming/llm-fl-apr/tmp/Jsoup_19-prompt_apr_2-qwen-turbo/src/main/java/org/jsoup/safety/Whitelist.java:340: error: ';' expected\n    [javac] To fix this, we need to ensure that relative URLs are removed only when `preserveRelativeLinks` is `false`. We should check if the URL is relative before setting it.\n    [javac]                                                                   ^\n    [javac] /data/cmd/Ming/llm-fl-apr/tmp/Jsoup_19-prompt_apr_2-qwen-turbo/src/main/java/org/jsoup/safety/Whitelist.java:340: error: illegal character: \\96\n    [javac] To fix this, we need to ensure that relative URLs are removed only when `preserveRelativeLinks` is `false`. We should check if the URL is relative before setting it.\n    [javac]                                                                         ^\n    [javac] /data/cmd/Ming/llm-fl-apr/tmp/Jsoup_19-prompt_apr_2-qwen-turbo/src/main/java/org/jsoup/safety/Whitelist.java:340: error: illegal character: \\96\n    [javac] To fix this, we need to ensure that relative URLs are removed only when `preserveRelativeLinks` is `false`. We should check if the URL is relative before setting it.\n    [javac]                                                                                               ^\n    [javac] /data/cmd/Ming/llm-fl-apr/tmp/Jsoup_19-prompt_apr_2-qwen-turbo/src/main/java/org/jsoup/safety/Whitelist.java:340: error: illegal character: \\96\n    [javac] To fix this, we need to ensure that relative URLs are removed only when `preserveRelativeLinks` is `false`. We should check if the URL is relative before setting it.\n    [javac]                                                                                                    ^\n    [javac] /data/cmd/Ming/llm-fl-apr/tmp/Jsoup_19-prompt_apr_2-qwen-turbo/src/main/java/org/jsoup/safety/Whitelist.java:340: error: illegal start of type\n    [javac] To fix this, we need to ensure that relative URLs are removed only when `preserveRelativeLinks` is `false`. We should check if the URL is relative before setting it.\n    [javac]                                                                                                     ^\n    [javac] /data/cmd/Ming/llm-fl-apr/tmp/Jsoup_19-prompt_apr_2-qwen-turbo/src/main/java/org/jsoup/safety/Whitelist.java:340: error: illegal character: \\96\n    [javac] To fix this, we need to ensure that relative URLs are removed only when `preserveRelativeLinks` is `false`. We should check if the URL is relative before setting it.\n    [javac]                                                                                                          ^\n    [javac] /data/cmd/Ming/llm-fl-apr/tmp/Jsoup_19-prompt_apr_2-qwen-turbo/src/main/java/org/jsoup/safety/Whitelist.java:340: error: ';' expected\n    [javac] To fix this, we need to ensure that relative URLs are removed only when `preserveRelativeLinks` is `false`. We should check if the URL is relative before setting it.\n    [javac]                                                                                                           ^\n    [javac] /data/cmd/Ming/llm-fl-apr/tmp/Jsoup_19-prompt_apr_2-qwen-turbo/src/main/java/org/jsoup/safety/Whitelist.java:340: error: ';' expected\n    [javac] To fix this, we need to ensure that relative URLs are removed only when `preserveRelativeLinks` is `false`. We should check if the URL is relative before setting it.\n    [javac]                                                                                                                      ^\n    [javac] /data/cmd/Ming/llm-fl-apr/tmp/Jsoup_19-prompt_apr_2-qwen-turbo/src/main/java/org/jsoup/safety/Whitelist.java:340: error: <identifier> expected\n    [javac] To fix this, we need to ensure that relative URLs are removed only when `preserveRelativeLinks` is `false`. We should check if the URL is relative before setting it.\n    [javac]                                                                                                                            ^\n    [javac] /data/cmd/Ming/llm-fl-apr/tmp/Jsoup_19-prompt_apr_2-qwen-turbo/src/main/java/org/jsoup/safety/Whitelist.java:340: error: ';' expected\n    [javac] To fix this, we need to ensure that relative URLs are removed only when `preserveRelativeLinks` is `false`. We should check if the URL is relative before setting it.\n    [javac]                                                                                                                                       ^\n    [javac] /data/cmd/Ming/llm-fl-apr/tmp/Jsoup_19-prompt_apr_2-qwen-turbo/src/main/java/org/jsoup/safety/Whitelist.java:340: error: ';' expected\n    [javac] To fix this, we need to ensure that relative URLs are removed only when `preserveRelativeLinks` is `false`. We should check if the URL is relative before setting it.\n    [javac]                                                                                                                                                   ^\n    [javac] /data/cmd/Ming/llm-fl-apr/tmp/Jsoup_19-prompt_apr_2-qwen-turbo/src/main/java/org/jsoup/safety/Whitelist.java:340: error: ';' expected\n    [javac] To fix this, we need to ensure that relative URLs are removed only when `preserveRelativeLinks` is `false`. We should check if the URL is relative before setting it.\n    [javac]                                                                                                                                                                  ^\n    [javac] /data/cmd/Ming/llm-fl-apr/tmp/Jsoup_19-prompt_apr_2-qwen-turbo/src/main/java/org/jsoup/safety/Whitelist.java:342: error: unclosed character literal\n    [javac] Here's the complete corrected method:\n    [javac]     ^\n    [javac] /data/cmd/Ming/llm-fl-apr/tmp/Jsoup_19-prompt_apr_2-qwen-turbo/src/main/java/org/jsoup/safety/Whitelist.java:342: error: ';' expected\n    [javac] Here's the complete corrected method:\n    [javac]                    ^\n    [javac] /data/cmd/Ming/llm-fl-apr/tmp/Jsoup_19-prompt_apr_2-qwen-turbo/src/main/java/org/jsoup/safety/Whitelist.java:342: error: ';' expected\n    [javac] Here's the complete corrected method:\n    [javac]                                     ^\n    [javac] /data/cmd/Ming/llm-fl-apr/tmp/Jsoup_19-prompt_apr_2-qwen-turbo/src/main/java/org/jsoup/safety/Whitelist.java:344: error: illegal character: \\96\n    [javac] ```java\n    [javac] ^\n    [javac] /data/cmd/Ming/llm-fl-apr/tmp/Jsoup_19-prompt_apr_2-qwen-turbo/src/main/java/org/jsoup/safety/Whitelist.java:344: error: illegal character: \\96\n    [javac] ```java\n    [javac]  ^\n    [javac] /data/cmd/Ming/llm-fl-apr/tmp/Jsoup_19-prompt_apr_2-qwen-turbo/src/main/java/org/jsoup/safety/Whitelist.java:344: error: illegal character: \\96\n    [javac] ```java\n    [javac]   ^\n    [javac] /data/cmd/Ming/llm-fl-apr/tmp/Jsoup_19-prompt_apr_2-qwen-turbo/src/main/java/org/jsoup/safety/Whitelist.java:344: error: <identifier> expected\n    [javac] ```java\n    [javac]        ^\n    [javac] /data/cmd/Ming/llm-fl-apr/tmp/Jsoup_19-prompt_apr_2-qwen-turbo/src/main/java/org/jsoup/safety/Whitelist.java:364: error: illegal character: \\96\n    [javac] ```\n    [javac] ^\n    [javac] /data/cmd/Ming/llm-fl-apr/tmp/Jsoup_19-prompt_apr_2-qwen-turbo/src/main/java/org/jsoup/safety/Whitelist.java:364: error: illegal character: \\96\n    [javac] ```\n    [javac]  ^\n    [javac] /data/cmd/Ming/llm-fl-apr/tmp/Jsoup_19-prompt_apr_2-qwen-turbo/src/main/java/org/jsoup/safety/Whitelist.java:364: error: illegal character: \\96\n    [javac] ```\n    [javac]   ^\n    [javac] /data/cmd/Ming/llm-fl-apr/tmp/Jsoup_19-prompt_apr_2-qwen-turbo/src/main/java/org/jsoup/safety/Whitelist.java:366: error: ';' expected\n    [javac] This ensures that relative URLs are only preserved if `preserveRelativeLinks` is `true`, and checks against valid protocols as required.\n    [javac]                  ^\n    [javac] /data/cmd/Ming/llm-fl-apr/tmp/Jsoup_19-prompt_apr_2-qwen-turbo/src/main/java/org/jsoup/safety/Whitelist.java:366: error: ';' expected\n    [javac] This ensures that relative URLs are only preserved if `preserveRelativeLinks` is `true`, and checks against valid protocols as required.\n    [javac]                                ^\n    [javac] /data/cmd/Ming/llm-fl-apr/tmp/Jsoup_19-prompt_apr_2-qwen-turbo/src/main/java/org/jsoup/safety/Whitelist.java:366: error: ';' expected\n    [javac] This ensures that relative URLs are only preserved if `preserveRelativeLinks` is `true`, and checks against valid protocols as required.\n    [javac]                                         ^\n    [javac] /data/cmd/Ming/llm-fl-apr/tmp/Jsoup_19-prompt_apr_2-qwen-turbo/src/main/java/org/jsoup/safety/Whitelist.java:366: error: <identifier> expected\n    [javac] This ensures that relative URLs are only preserved if `preserveRelativeLinks` is `true`, and checks against valid protocols as required.\n    [javac]                                                   ^\n    [javac] /data/cmd/Ming/llm-fl-apr/tmp/Jsoup_19-prompt_apr_2-qwen-turbo/src/main/java/org/jsoup/safety/Whitelist.java:366: error: illegal character: \\96\n    [javac] This ensures that relative URLs are only preserved if `preserveRelativeLinks` is `true`, and checks against valid protocols as required.\n    [javac]                                                       ^\n    [javac] /data/cmd/Ming/llm-fl-apr/tmp/Jsoup_19-prompt_apr_2-qwen-turbo/src/main/java/org/jsoup/safety/Whitelist.java:366: error: illegal character: \\96\n    [javac] This ensures that relative URLs are only preserved if `preserveRelativeLinks` is `true`, and checks against valid protocols as required.\n    [javac]                                                                             ^\n    [javac] /data/cmd/Ming/llm-fl-apr/tmp/Jsoup_19-prompt_apr_2-qwen-turbo/src/main/java/org/jsoup/safety/Whitelist.java:366: error: illegal character: \\96\n    [javac] This ensures that relative URLs are only preserved if `preserveRelativeLinks` is `true`, and checks against valid protocols as required.\n    [javac]                                                                                  ^\n    [javac] /data/cmd/Ming/llm-fl-apr/tmp/Jsoup_19-prompt_apr_2-qwen-turbo/src/main/java/org/jsoup/safety/Whitelist.java:366: error: illegal character: \\96\n    [javac] This ensures that relative URLs are only preserved if `preserveRelativeLinks` is `true`, and checks against valid protocols as required.\n    [javac]                                                                                       ^\n    [javac] /data/cmd/Ming/llm-fl-apr/tmp/Jsoup_19-prompt_apr_2-qwen-turbo/src/main/java/org/jsoup/safety/Whitelist.java:366: error: ';' expected\n    [javac] This ensures that relative URLs are only preserved if `preserveRelativeLinks` is `true`, and checks against valid protocols as required.\n    [javac]                                                                                                    ^\n    [javac] /data/cmd/Ming/llm-fl-apr/tmp/Jsoup_19-prompt_apr_2-qwen-turbo/src/main/java/org/jsoup/safety/Whitelist.java:366: error: ';' expected\n    [javac] This ensures that relative URLs are only preserved if `preserveRelativeLinks` is `true`, and checks against valid protocols as required.\n    [javac]                                                                                                                  ^\n    [javac] /data/cmd/Ming/llm-fl-apr/tmp/Jsoup_19-prompt_apr_2-qwen-turbo/src/main/java/org/jsoup/safety/Whitelist.java:366: error: ';' expected\n    [javac] This ensures that relative URLs are only preserved if `preserveRelativeLinks` is `true`, and checks against valid protocols as required.\n    [javac]                                                                                                                               ^\n    [javac] 67 errors\n    [javac] 1 warning\n\nBUILD FAILED\n/data/cmd/Ming/llm-fl-apr/tmp/Jsoup_19-prompt_apr_2-qwen-turbo/maven-build.xml:74: Compile failed; see the compiler error output for details.\n\nTotal time: 2 seconds\nCannot compile sources! at /data/cmd/Ming/LLM_Based-Mutation/tools/mutant/defects4j-2.1.0/framework/bin/d4j/d4j-compile line 82.\nCompilation failed in require at /data/cmd/Ming/LLM_Based-Mutation/tools/mutant/defects4j-2.1.0/framework/bin/defects4j line 195.\n"
                }
            },
            "doubao-pro-4k": {
                "compile": {
                    "rc": 0,
                    "so": "",
                    "se": "Running ant (compile)...................................................... OK\nRunning ant (compile.tests)................................................ OK\n"
                },
                "test": {
                    "rc": 0,
                    "so": "Failing tests: 1\n  - org.jsoup.safety.CleanerTest::handlesCustomProtocols\n",
                    "se": "Running ant (compile.tests)................................................ OK\nRunning ant (run.dev.tests)................................................ OK\n"
                }
            },
            "gpt-4o-mini": {
                "compile": {
                    "rc": 0,
                    "so": "",
                    "se": "Running ant (compile)...................................................... OK\nRunning ant (compile.tests)................................................ OK\n"
                },
                "test": {
                    "rc": 0,
                    "so": "Failing tests: 1\n  - org.jsoup.safety.CleanerTest::handlesCustomProtocols\n",
                    "se": "Running ant (compile.tests)................................................ OK\nRunning ant (run.dev.tests)................................................ OK\n"
                }
            },
            "deepseek-chat": {
                "compile": {
                    "rc": 0,
                    "so": "",
                    "se": "Running ant (compile)...................................................... OK\nRunning ant (compile.tests)................................................ OK\n"
                },
                "test": {
                    "rc": 0,
                    "so": "Failing tests: 1\n  - org.jsoup.safety.CleanerTest::handlesCustomProtocols\n",
                    "se": "Running ant (compile.tests)................................................ OK\nRunning ant (run.dev.tests)................................................ OK\n"
                }
            }
        },
        "prompt_apr_3": {
            "ernie-3.5-128k": {
                "compile": {
                    "rc": 1,
                    "so": "",
                    "se": "Running ant (compile)...................................................... FAIL\nExecuted command:  cd /data/cmd/Ming/llm-fl-apr/tmp/Jsoup_19-prompt_apr_3-ernie-3.5-128k && /data/cmd/Ming/LLM_Based-Mutation/tools/mutant/defects4j-2.1.0/major/bin/ant -f /data/cmd/Ming/LLM_Based-Mutation/tools/mutant/defects4j-2.1.0/framework/projects/defects4j.build.xml -Dd4j.home=/data/cmd/Ming/LLM_Based-Mutation/tools/mutant/defects4j-2.1.0 -Dd4j.dir.projects=/data/cmd/Ming/LLM_Based-Mutation/tools/mutant/defects4j-2.1.0/framework/projects -Dbasedir=/data/cmd/Ming/llm-fl-apr/tmp/Jsoup_19-prompt_apr_3-ernie-3.5-128k -Dbuild.compiler=javac1.7  compile 2>&1\nJava HotSpot(TM) 64-Bit Server VM warning: ignoring option MaxPermSize=1G; support was removed in 8.0\nBuildfile: /data/cmd/Ming/LLM_Based-Mutation/tools/mutant/defects4j-2.1.0/framework/projects/defects4j.build.xml\n\ntest-offline:\n\nget-deps:\n\njsoup-from-maven.compile:\n    [mkdir] Created dir: /data/cmd/Ming/llm-fl-apr/tmp/Jsoup_19-prompt_apr_3-ernie-3.5-128k/target/classes\n    [javac] /data/cmd/Ming/llm-fl-apr/tmp/Jsoup_19-prompt_apr_3-ernie-3.5-128k/maven-build.xml:74: warning: 'includeantruntime' was not set, defaulting to build.sysclasspath=last; set to false for repeatable builds\n    [javac] Compiling 46 source files to /data/cmd/Ming/llm-fl-apr/tmp/Jsoup_19-prompt_apr_3-ernie-3.5-128k/target/classes\n    [javac] warning: [options] bootstrap class path not set in conjunction with -source 1.5\n    [javac] /data/cmd/Ming/llm-fl-apr/tmp/Jsoup_19-prompt_apr_3-ernie-3.5-128k/src/main/java/org/jsoup/safety/Whitelist.java:344: error: ';' expected\n    [javac]     Attributes getEnforcedAttributes(String tagName) {\n    [javac]                                     ^\n    [javac] /data/cmd/Ming/llm-fl-apr/tmp/Jsoup_19-prompt_apr_3-ernie-3.5-128k/src/main/java/org/jsoup/safety/Whitelist.java:344: error: ';' expected\n    [javac]     Attributes getEnforcedAttributes(String tagName) {\n    [javac]                                                    ^\n    [javac] /data/cmd/Ming/llm-fl-apr/tmp/Jsoup_19-prompt_apr_3-ernie-3.5-128k/src/main/java/org/jsoup/safety/Whitelist.java:358: error: illegal start of expression\n    [javac]     static class TagName extends TypedValue {\n    [javac]     ^\n    [javac] /data/cmd/Ming/llm-fl-apr/tmp/Jsoup_19-prompt_apr_3-ernie-3.5-128k/src/main/java/org/jsoup/safety/Whitelist.java:368: error: illegal start of expression\n    [javac]     static class AttributeKey extends TypedValue {\n    [javac]     ^\n    [javac] /data/cmd/Ming/llm-fl-apr/tmp/Jsoup_19-prompt_apr_3-ernie-3.5-128k/src/main/java/org/jsoup/safety/Whitelist.java:378: error: illegal start of expression\n    [javac]     static class AttributeValue extends TypedValue {\n    [javac]     ^\n    [javac] /data/cmd/Ming/llm-fl-apr/tmp/Jsoup_19-prompt_apr_3-ernie-3.5-128k/src/main/java/org/jsoup/safety/Whitelist.java:388: error: illegal start of expression\n    [javac]     static class Protocol extends TypedValue {\n    [javac]     ^\n    [javac] /data/cmd/Ming/llm-fl-apr/tmp/Jsoup_19-prompt_apr_3-ernie-3.5-128k/src/main/java/org/jsoup/safety/Whitelist.java:431: error: reached end of file while parsing\n    [javac] }\n    [javac]  ^\n    [javac] 7 errors\n    [javac] 1 warning\n\nBUILD FAILED\n/data/cmd/Ming/llm-fl-apr/tmp/Jsoup_19-prompt_apr_3-ernie-3.5-128k/maven-build.xml:74: Compile failed; see the compiler error output for details.\n\nTotal time: 1 second\nCannot compile sources! at /data/cmd/Ming/LLM_Based-Mutation/tools/mutant/defects4j-2.1.0/framework/bin/d4j/d4j-compile line 82.\nCompilation failed in require at /data/cmd/Ming/LLM_Based-Mutation/tools/mutant/defects4j-2.1.0/framework/bin/defects4j line 195.\n"
                }
            },
            "qwen-turbo": {
                "compile": {
                    "rc": 1,
                    "so": "",
                    "se": "Running ant (compile)...................................................... FAIL\nExecuted command:  cd /data/cmd/Ming/llm-fl-apr/tmp/Jsoup_19-prompt_apr_3-qwen-turbo && /data/cmd/Ming/LLM_Based-Mutation/tools/mutant/defects4j-2.1.0/major/bin/ant -f /data/cmd/Ming/LLM_Based-Mutation/tools/mutant/defects4j-2.1.0/framework/projects/defects4j.build.xml -Dd4j.home=/data/cmd/Ming/LLM_Based-Mutation/tools/mutant/defects4j-2.1.0 -Dd4j.dir.projects=/data/cmd/Ming/LLM_Based-Mutation/tools/mutant/defects4j-2.1.0/framework/projects -Dbasedir=/data/cmd/Ming/llm-fl-apr/tmp/Jsoup_19-prompt_apr_3-qwen-turbo -Dbuild.compiler=javac1.7  compile 2>&1\nJava HotSpot(TM) 64-Bit Server VM warning: ignoring option MaxPermSize=1G; support was removed in 8.0\nBuildfile: /data/cmd/Ming/LLM_Based-Mutation/tools/mutant/defects4j-2.1.0/framework/projects/defects4j.build.xml\n\ntest-offline:\n\nget-deps:\n\njsoup-from-maven.compile:\n    [mkdir] Created dir: /data/cmd/Ming/llm-fl-apr/tmp/Jsoup_19-prompt_apr_3-qwen-turbo/target/classes\n    [javac] /data/cmd/Ming/llm-fl-apr/tmp/Jsoup_19-prompt_apr_3-qwen-turbo/maven-build.xml:74: warning: 'includeantruntime' was not set, defaulting to build.sysclasspath=last; set to false for repeatable builds\n    [javac] Compiling 46 source files to /data/cmd/Ming/llm-fl-apr/tmp/Jsoup_19-prompt_apr_3-qwen-turbo/target/classes\n    [javac] warning: [options] bootstrap class path not set in conjunction with -source 1.5\n    [javac] /data/cmd/Ming/llm-fl-apr/tmp/Jsoup_19-prompt_apr_3-qwen-turbo/src/main/java/org/jsoup/safety/Whitelist.java:338: error: illegal character: \\96\n    [javac] ```java\n    [javac] ^\n    [javac] /data/cmd/Ming/llm-fl-apr/tmp/Jsoup_19-prompt_apr_3-qwen-turbo/src/main/java/org/jsoup/safety/Whitelist.java:338: error: illegal character: \\96\n    [javac] ```java\n    [javac]  ^\n    [javac] /data/cmd/Ming/llm-fl-apr/tmp/Jsoup_19-prompt_apr_3-qwen-turbo/src/main/java/org/jsoup/safety/Whitelist.java:338: error: illegal character: \\96\n    [javac] ```java\n    [javac]   ^\n    [javac] /data/cmd/Ming/llm-fl-apr/tmp/Jsoup_19-prompt_apr_3-qwen-turbo/src/main/java/org/jsoup/safety/Whitelist.java:345: error: illegal character: \\96\n    [javac] ```\n    [javac] ^\n    [javac] /data/cmd/Ming/llm-fl-apr/tmp/Jsoup_19-prompt_apr_3-qwen-turbo/src/main/java/org/jsoup/safety/Whitelist.java:345: error: illegal character: \\96\n    [javac] ```\n    [javac]  ^\n    [javac] /data/cmd/Ming/llm-fl-apr/tmp/Jsoup_19-prompt_apr_3-qwen-turbo/src/main/java/org/jsoup/safety/Whitelist.java:345: error: illegal character: \\96\n    [javac] ```\n    [javac]   ^\n    [javac] /data/cmd/Ming/llm-fl-apr/tmp/Jsoup_19-prompt_apr_3-qwen-turbo/src/main/java/org/jsoup/safety/Whitelist.java:346: error: ';' expected\n    [javac]     Attributes getEnforcedAttributes(String tagName) {\n    [javac]                                     ^\n    [javac] /data/cmd/Ming/llm-fl-apr/tmp/Jsoup_19-prompt_apr_3-qwen-turbo/src/main/java/org/jsoup/safety/Whitelist.java:346: error: ';' expected\n    [javac]     Attributes getEnforcedAttributes(String tagName) {\n    [javac]                                                    ^\n    [javac] /data/cmd/Ming/llm-fl-apr/tmp/Jsoup_19-prompt_apr_3-qwen-turbo/src/main/java/org/jsoup/safety/Whitelist.java:360: error: illegal start of expression\n    [javac]     static class TagName extends TypedValue {\n    [javac]     ^\n    [javac] /data/cmd/Ming/llm-fl-apr/tmp/Jsoup_19-prompt_apr_3-qwen-turbo/src/main/java/org/jsoup/safety/Whitelist.java:370: error: illegal start of expression\n    [javac]     static class AttributeKey extends TypedValue {\n    [javac]     ^\n    [javac] /data/cmd/Ming/llm-fl-apr/tmp/Jsoup_19-prompt_apr_3-qwen-turbo/src/main/java/org/jsoup/safety/Whitelist.java:380: error: illegal start of expression\n    [javac]     static class AttributeValue extends TypedValue {\n    [javac]     ^\n    [javac] /data/cmd/Ming/llm-fl-apr/tmp/Jsoup_19-prompt_apr_3-qwen-turbo/src/main/java/org/jsoup/safety/Whitelist.java:390: error: illegal start of expression\n    [javac]     static class Protocol extends TypedValue {\n    [javac]     ^\n    [javac] /data/cmd/Ming/llm-fl-apr/tmp/Jsoup_19-prompt_apr_3-qwen-turbo/src/main/java/org/jsoup/safety/Whitelist.java:433: error: reached end of file while parsing\n    [javac] }\n    [javac]  ^\n    [javac] 13 errors\n    [javac] 1 warning\n\nBUILD FAILED\n/data/cmd/Ming/llm-fl-apr/tmp/Jsoup_19-prompt_apr_3-qwen-turbo/maven-build.xml:74: Compile failed; see the compiler error output for details.\n\nTotal time: 2 seconds\nCannot compile sources! at /data/cmd/Ming/LLM_Based-Mutation/tools/mutant/defects4j-2.1.0/framework/bin/d4j/d4j-compile line 82.\nCompilation failed in require at /data/cmd/Ming/LLM_Based-Mutation/tools/mutant/defects4j-2.1.0/framework/bin/defects4j line 195.\n"
                }
            },
            "doubao-pro-4k": {
                "compile": {
                    "rc": 1,
                    "so": "",
                    "se": "Running ant (compile)...................................................... FAIL\nExecuted command:  cd /data/cmd/Ming/llm-fl-apr/tmp/Jsoup_19-prompt_apr_3-doubao-pro-4k && /data/cmd/Ming/LLM_Based-Mutation/tools/mutant/defects4j-2.1.0/major/bin/ant -f /data/cmd/Ming/LLM_Based-Mutation/tools/mutant/defects4j-2.1.0/framework/projects/defects4j.build.xml -Dd4j.home=/data/cmd/Ming/LLM_Based-Mutation/tools/mutant/defects4j-2.1.0 -Dd4j.dir.projects=/data/cmd/Ming/LLM_Based-Mutation/tools/mutant/defects4j-2.1.0/framework/projects -Dbasedir=/data/cmd/Ming/llm-fl-apr/tmp/Jsoup_19-prompt_apr_3-doubao-pro-4k -Dbuild.compiler=javac1.7  compile 2>&1\nJava HotSpot(TM) 64-Bit Server VM warning: ignoring option MaxPermSize=1G; support was removed in 8.0\nBuildfile: /data/cmd/Ming/LLM_Based-Mutation/tools/mutant/defects4j-2.1.0/framework/projects/defects4j.build.xml\n\ntest-offline:\n\nget-deps:\n\njsoup-from-maven.compile:\n    [mkdir] Created dir: /data/cmd/Ming/llm-fl-apr/tmp/Jsoup_19-prompt_apr_3-doubao-pro-4k/target/classes\n    [javac] /data/cmd/Ming/llm-fl-apr/tmp/Jsoup_19-prompt_apr_3-doubao-pro-4k/maven-build.xml:74: warning: 'includeantruntime' was not set, defaulting to build.sysclasspath=last; set to false for repeatable builds\n    [javac] Compiling 46 source files to /data/cmd/Ming/llm-fl-apr/tmp/Jsoup_19-prompt_apr_3-doubao-pro-4k/target/classes\n    [javac] warning: [options] bootstrap class path not set in conjunction with -source 1.5\n    [javac] warning: /home/cmd/jdk1.8.0_391/lib/ct.sym(META-INF/sym/rt.jar/java/net/URL.class): major version 52 is newer than 51, the highest major version supported by this compiler.\n    [javac]   It is recommended that the compiler be upgraded.\n    [javac] warning: /home/cmd/jdk1.8.0_391/lib/ct.sym(META-INF/sym/rt.jar/java/util/Map.class): major version 52 is newer than 51, the highest major version supported by this compiler.\n    [javac]   It is recommended that the compiler be upgraded.\n    [javac] warning: /home/cmd/jdk1.8.0_391/lib/ct.sym(META-INF/sym/rt.jar/java/util/Collection.class): major version 52 is newer than 51, the highest major version supported by this compiler.\n    [javac]   It is recommended that the compiler be upgraded.\n    [javac] warning: /home/cmd/jdk1.8.0_391/lib/ct.sym(META-INF/sym/rt.jar/java/io/IOException.class): major version 52 is newer than 51, the highest major version supported by this compiler.\n    [javac]   It is recommended that the compiler be upgraded.\n    [javac] warning: /home/cmd/jdk1.8.0_391/lib/ct.sym(META-INF/sym/rt.jar/java/lang/Object.class): major version 52 is newer than 51, the highest major version supported by this compiler.\n    [javac]   It is recommended that the compiler be upgraded.\n    [javac] warning: /home/cmd/jdk1.8.0_391/lib/ct.sym(META-INF/sym/rt.jar/java/lang/String.class): major version 52 is newer than 51, the highest major version supported by this compiler.\n    [javac]   It is recommended that the compiler be upgraded.\n    [javac] warning: /home/cmd/jdk1.8.0_391/lib/ct.sym(META-INF/sym/rt.jar/java/lang/Enum.class): major version 52 is newer than 51, the highest major version supported by this compiler.\n    [javac]   It is recommended that the compiler be upgraded.\n    [javac] warning: /home/cmd/jdk1.8.0_391/lib/ct.sym(META-INF/sym/rt.jar/java/lang/Comparable.class): major version 52 is newer than 51, the highest major version supported by this compiler.\n    [javac]   It is recommended that the compiler be upgraded.\n    [javac] warning: /home/cmd/jdk1.8.0_391/lib/ct.sym(META-INF/sym/rt.jar/java/io/Serializable.class): major version 52 is newer than 51, the highest major version supported by this compiler.\n    [javac]   It is recommended that the compiler be upgraded.\n    [javac] warning: /home/cmd/jdk1.8.0_391/lib/ct.sym(META-INF/sym/rt.jar/java/nio/charset/Charset.class): major version 52 is newer than 51, the highest major version supported by this compiler.\n    [javac]   It is recommended that the compiler be upgraded.\n    [javac] warning: /home/cmd/jdk1.8.0_391/lib/ct.sym(META-INF/sym/rt.jar/java/nio/charset/CharsetEncoder.class): major version 52 is newer than 51, the highest major version supported by this compiler.\n    [javac]   It is recommended that the compiler be upgraded.\n    [javac] warning: /home/cmd/jdk1.8.0_391/lib/ct.sym(META-INF/sym/rt.jar/java/util/ArrayList.class): major version 52 is newer than 51, the highest major version supported by this compiler.\n    [javac]   It is recommended that the compiler be upgraded.\n    [javac] warning: /home/cmd/jdk1.8.0_391/lib/ct.sym(META-INF/sym/rt.jar/java/util/List.class): major version 52 is newer than 51, the highest major version supported by this compiler.\n    [javac]   It is recommended that the compiler be upgraded.\n    [javac] warning: /home/cmd/jdk1.8.0_391/lib/ct.sym(META-INF/sym/rt.jar/java/util/regex/Pattern.class): major version 52 is newer than 51, the highest major version supported by this compiler.\n    [javac]   It is recommended that the compiler be upgraded.\n    [javac] warning: /home/cmd/jdk1.8.0_391/lib/ct.sym(META-INF/sym/rt.jar/java/util/regex/PatternSyntaxException.class): major version 52 is newer than 51, the highest major version supported by this compiler.\n    [javac]   It is recommended that the compiler be upgraded.\n    [javac] warning: /home/cmd/jdk1.8.0_391/lib/ct.sym(META-INF/sym/rt.jar/java/net/MalformedURLException.class): major version 52 is newer than 51, the highest major version supported by this compiler.\n    [javac]   It is recommended that the compiler be upgraded.\n    [javac] warning: /home/cmd/jdk1.8.0_391/lib/ct.sym(META-INF/sym/rt.jar/java/util/Collections.class): major version 52 is newer than 51, the highest major version supported by this compiler.\n    [javac]   It is recommended that the compiler be upgraded.\n    [javac] warning: /home/cmd/jdk1.8.0_391/lib/ct.sym(META-INF/sym/rt.jar/java/lang/Cloneable.class): major version 52 is newer than 51, the highest major version supported by this compiler.\n    [javac]   It is recommended that the compiler be upgraded.\n    [javac] warning: /home/cmd/jdk1.8.0_391/lib/ct.sym(META-INF/sym/rt.jar/java/util/HashMap.class): major version 52 is newer than 51, the highest major version supported by this compiler.\n    [javac]   It is recommended that the compiler be upgraded.\n    [javac] warning: /home/cmd/jdk1.8.0_391/lib/ct.sym(META-INF/sym/rt.jar/java/util/Set.class): major version 52 is newer than 51, the highest major version supported by this compiler.\n    [javac]   It is recommended that the compiler be upgraded.\n    [javac] warning: /home/cmd/jdk1.8.0_391/lib/ct.sym(META-INF/sym/rt.jar/java/lang/Iterable.class): major version 52 is newer than 51, the highest major version supported by this compiler.\n    [javac]   It is recommended that the compiler be upgraded.\n    [javac] warning: /home/cmd/jdk1.8.0_391/lib/ct.sym(META-INF/sym/rt.jar/java/util/Map$Entry.class): major version 52 is newer than 51, the highest major version supported by this compiler.\n    [javac]   It is recommended that the compiler be upgraded.\n    [javac] warning: /home/cmd/jdk1.8.0_391/lib/ct.sym(META-INF/sym/rt.jar/java/lang/Integer.class): major version 52 is newer than 51, the highest major version supported by this compiler.\n    [javac]   It is recommended that the compiler be upgraded.\n    [javac] warning: /home/cmd/jdk1.8.0_391/lib/ct.sym(META-INF/sym/rt.jar/java/lang/StringBuilder.class): major version 52 is newer than 51, the highest major version supported by this compiler.\n    [javac]   It is recommended that the compiler be upgraded.\n    [javac] warning: /home/cmd/jdk1.8.0_391/lib/ct.sym(META-INF/sym/rt.jar/java/util/regex/Matcher.class): major version 52 is newer than 51, the highest major version supported by this compiler.\n    [javac]   It is recommended that the compiler be upgraded.\n    [javac] warning: /home/cmd/jdk1.8.0_391/lib/ct.sym(META-INF/sym/rt.jar/java/util/LinkedHashMap.class): major version 52 is newer than 51, the highest major version supported by this compiler.\n    [javac]   It is recommended that the compiler be upgraded.\n    [javac] warning: /home/cmd/jdk1.8.0_391/lib/ct.sym(META-INF/sym/rt.jar/java/util/Iterator.class): major version 52 is newer than 51, the highest major version supported by this compiler.\n    [javac]   It is recommended that the compiler be upgraded.\n    [javac] warning: /home/cmd/jdk1.8.0_391/lib/ct.sym(META-INF/sym/rt.jar/java/util/ListIterator.class): major version 52 is newer than 51, the highest major version supported by this compiler.\n    [javac]   It is recommended that the compiler be upgraded.\n    [javac] warning: /home/cmd/jdk1.8.0_391/lib/ct.sym(META-INF/sym/rt.jar/java/lang/Character.class): major version 52 is newer than 51, the highest major version supported by this compiler.\n    [javac]   It is recommended that the compiler be upgraded.\n    [javac] warning: /home/cmd/jdk1.8.0_391/lib/ct.sym(META-INF/sym/rt.jar/java/io/File.class): major version 52 is newer than 51, the highest major version supported by this compiler.\n    [javac]   It is recommended that the compiler be upgraded.\n    [javac] warning: /home/cmd/jdk1.8.0_391/lib/ct.sym(META-INF/sym/rt.jar/java/io/InputStream.class): major version 52 is newer than 51, the highest major version supported by this compiler.\n    [javac]   It is recommended that the compiler be upgraded.\n    [javac] warning: /home/cmd/jdk1.8.0_391/lib/ct.sym(META-INF/sym/rt.jar/java/util/HashSet.class): major version 52 is newer than 51, the highest major version supported by this compiler.\n    [javac]   It is recommended that the compiler be upgraded.\n    [javac] warning: /home/cmd/jdk1.8.0_391/lib/ct.sym(META-INF/sym/rt.jar/java/nio/ByteBuffer.class): major version 52 is newer than 51, the highest major version supported by this compiler.\n    [javac]   It is recommended that the compiler be upgraded.\n    [javac] warning: /home/cmd/jdk1.8.0_391/lib/ct.sym(META-INF/sym/rt.jar/java/util/LinkedList.class): major version 52 is newer than 51, the highest major version supported by this compiler.\n    [javac]   It is recommended that the compiler be upgraded.\n    [javac] warning: /home/cmd/jdk1.8.0_391/lib/ct.sym(META-INF/sym/rt.jar/java/util/Deque.class): major version 52 is newer than 51, the highest major version supported by this compiler.\n    [javac]   It is recommended that the compiler be upgraded.\n    [javac] warning: /home/cmd/jdk1.8.0_391/lib/ct.sym(META-INF/sym/rt.jar/java/util/Queue.class): major version 52 is newer than 51, the highest major version supported by this compiler.\n    [javac]   It is recommended that the compiler be upgraded.\n    [javac] warning: /home/cmd/jdk1.8.0_391/lib/ct.sym(META-INF/sym/rt.jar/java/util/AbstractSequentialList.class): major version 52 is newer than 51, the highest major version supported by this compiler.\n    [javac]   It is recommended that the compiler be upgraded.\n    [javac] warning: /home/cmd/jdk1.8.0_391/lib/ct.sym(META-INF/sym/rt.jar/java/util/AbstractList.class): major version 52 is newer than 51, the highest major version supported by this compiler.\n    [javac]   It is recommended that the compiler be upgraded.\n    [javac] warning: /home/cmd/jdk1.8.0_391/lib/ct.sym(META-INF/sym/rt.jar/java/util/AbstractCollection.class): major version 52 is newer than 51, the highest major version supported by this compiler.\n    [javac]   It is recommended that the compiler be upgraded.\n    [javac] warning: /home/cmd/jdk1.8.0_391/lib/ct.sym(META-INF/sym/rt.jar/java/net/HttpURLConnection.class): major version 52 is newer than 51, the highest major version supported by this compiler.\n    [javac]   It is recommended that the compiler be upgraded.\n    [javac] warning: /home/cmd/jdk1.8.0_391/lib/ct.sym(META-INF/sym/rt.jar/java/net/URLEncoder.class): major version 52 is newer than 51, the highest major version supported by this compiler.\n    [javac]   It is recommended that the compiler be upgraded.\n    [javac] warning: /home/cmd/jdk1.8.0_391/lib/ct.sym(META-INF/sym/rt.jar/java/util/zip/GZIPInputStream.class): major version 52 is newer than 51, the highest major version supported by this compiler.\n    [javac]   It is recommended that the compiler be upgraded.\n    [javac] warning: /home/cmd/jdk1.8.0_391/lib/ct.sym(META-INF/sym/rt.jar/java/lang/SuppressWarnings.class): major version 52 is newer than 51, the highest major version supported by this compiler.\n    [javac]   It is recommended that the compiler be upgraded.\n    [javac] warning: /home/cmd/jdk1.8.0_391/lib/ct.sym(META-INF/sym/rt.jar/java/io/OutputStream.class): major version 52 is newer than 51, the highest major version supported by this compiler.\n    [javac]   It is recommended that the compiler be upgraded.\n    [javac] warning: /home/cmd/jdk1.8.0_391/lib/ct.sym(META-INF/sym/rt.jar/java/util/AbstractMap.class): major version 52 is newer than 51, the highest major version supported by this compiler.\n    [javac]   It is recommended that the compiler be upgraded.\n    [javac] warning: /home/cmd/jdk1.8.0_391/lib/ct.sym(META-INF/sym/rt.jar/java/util/AbstractSet.class): major version 52 is newer than 51, the highest major version supported by this compiler.\n    [javac]   It is recommended that the compiler be upgraded.\n    [javac] warning: /home/cmd/jdk1.8.0_391/lib/ct.sym(META-INF/sym/rt.jar/java/util/Arrays.class): major version 52 is newer than 51, the highest major version supported by this compiler.\n    [javac]   It is recommended that the compiler be upgraded.\n    [javac] warning: /home/cmd/jdk1.8.0_391/lib/ct.sym(META-INF/sym/rt.jar/java/util/LinkedHashSet.class): major version 52 is newer than 51, the highest major version supported by this compiler.\n    [javac]   It is recommended that the compiler be upgraded.\n    [javac] warning: /home/cmd/jdk1.8.0_391/lib/ct.sym(META-INF/sym/rt.jar/java/lang/IllegalStateException.class): major version 52 is newer than 51, the highest major version supported by this compiler.\n    [javac]   It is recommended that the compiler be upgraded.\n    [javac] warning: /home/cmd/jdk1.8.0_391/lib/ct.sym(META-INF/sym/rt.jar/java/lang/RuntimeException.class): major version 52 is newer than 51, the highest major version supported by this compiler.\n    [javac]   It is recommended that the compiler be upgraded.\n    [javac] warning: /home/cmd/jdk1.8.0_391/lib/ct.sym(META-INF/sym/rt.jar/java/lang/Exception.class): major version 52 is newer than 51, the highest major version supported by this compiler.\n    [javac]   It is recommended that the compiler be upgraded.\n    [javac] warning: /home/cmd/jdk1.8.0_391/lib/ct.sym(META-INF/sym/rt.jar/java/lang/Throwable.class): major version 52 is newer than 51, the highest major version supported by this compiler.\n    [javac]   It is recommended that the compiler be upgraded.\n    [javac] /home/cmd/jdk1.8.0_391/lib/ct.sym(META-INF/sym/rt.jar/java/net/URL.class): warning: Cannot find annotation method 'value()' in type 'Profile+Annotation': class file for jdk.Profile+Annotation not found\n    [javac] /home/cmd/jdk1.8.0_391/lib/ct.sym(META-INF/sym/rt.jar/java/util/Map.class): warning: Cannot find annotation method 'value()' in type 'Profile+Annotation'\n    [javac] /home/cmd/jdk1.8.0_391/lib/ct.sym(META-INF/sym/rt.jar/java/util/Collection.class): warning: Cannot find annotation method 'value()' in type 'Profile+Annotation'\n    [javac] /home/cmd/jdk1.8.0_391/lib/ct.sym(META-INF/sym/rt.jar/java/io/IOException.class): warning: Cannot find annotation method 'value()' in type 'Profile+Annotation'\n    [javac] /home/cmd/jdk1.8.0_391/lib/ct.sym(META-INF/sym/rt.jar/java/lang/Object.class): warning: Cannot find annotation method 'value()' in type 'Profile+Annotation'\n    [javac] /home/cmd/jdk1.8.0_391/lib/ct.sym(META-INF/sym/rt.jar/java/lang/String.class): warning: Cannot find annotation method 'value()' in type 'Profile+Annotation'\n    [javac] /home/cmd/jdk1.8.0_391/lib/ct.sym(META-INF/sym/rt.jar/java/lang/Enum.class): warning: Cannot find annotation method 'value()' in type 'Profile+Annotation'\n    [javac] /home/cmd/jdk1.8.0_391/lib/ct.sym(META-INF/sym/rt.jar/java/lang/Comparable.class): warning: Cannot find annotation method 'value()' in type 'Profile+Annotation'\n    [javac] /home/cmd/jdk1.8.0_391/lib/ct.sym(META-INF/sym/rt.jar/java/io/Serializable.class): warning: Cannot find annotation method 'value()' in type 'Profile+Annotation'\n    [javac] /home/cmd/jdk1.8.0_391/lib/ct.sym(META-INF/sym/rt.jar/java/nio/charset/Charset.class): warning: Cannot find annotation method 'value()' in type 'Profile+Annotation'\n    [javac] /home/cmd/jdk1.8.0_391/lib/ct.sym(META-INF/sym/rt.jar/java/nio/charset/CharsetEncoder.class): warning: Cannot find annotation method 'value()' in type 'Profile+Annotation'\n    [javac] /home/cmd/jdk1.8.0_391/lib/ct.sym(META-INF/sym/rt.jar/java/util/ArrayList.class): warning: Cannot find annotation method 'value()' in type 'Profile+Annotation'\n    [javac] /home/cmd/jdk1.8.0_391/lib/ct.sym(META-INF/sym/rt.jar/java/util/List.class): warning: Cannot find annotation method 'value()' in type 'Profile+Annotation'\n    [javac] /home/cmd/jdk1.8.0_391/lib/ct.sym(META-INF/sym/rt.jar/java/util/regex/Pattern.class): warning: Cannot find annotation method 'value()' in type 'Profile+Annotation'\n    [javac] /home/cmd/jdk1.8.0_391/lib/ct.sym(META-INF/sym/rt.jar/java/util/regex/PatternSyntaxException.class): warning: Cannot find annotation method 'value()' in type 'Profile+Annotation'\n    [javac] /home/cmd/jdk1.8.0_391/lib/ct.sym(META-INF/sym/rt.jar/java/net/MalformedURLException.class): warning: Cannot find annotation method 'value()' in type 'Profile+Annotation'\n    [javac] /home/cmd/jdk1.8.0_391/lib/ct.sym(META-INF/sym/rt.jar/java/util/Collections.class): warning: Cannot find annotation method 'value()' in type 'Profile+Annotation'\n    [javac] /home/cmd/jdk1.8.0_391/lib/ct.sym(META-INF/sym/rt.jar/java/lang/Cloneable.class): warning: Cannot find annotation method 'value()' in type 'Profile+Annotation'\n    [javac] warning: /home/cmd/jdk1.8.0_391/lib/ct.sym(META-INF/sym/rt.jar/java/lang/Override.class): major version 52 is newer than 51, the highest major version supported by this compiler.\n    [javac]   It is recommended that the compiler be upgraded.\n    [javac] warning: /home/cmd/jdk1.8.0_391/lib/ct.sym(META-INF/sym/rt.jar/java/lang/annotation/Annotation.class): major version 52 is newer than 51, the highest major version supported by this compiler.\n    [javac]   It is recommended that the compiler be upgraded.\n    [javac] /home/cmd/jdk1.8.0_391/lib/ct.sym(META-INF/sym/rt.jar/java/util/HashMap.class): warning: Cannot find annotation method 'value()' in type 'Profile+Annotation'\n    [javac] /home/cmd/jdk1.8.0_391/lib/ct.sym(META-INF/sym/rt.jar/java/util/Set.class): warning: Cannot find annotation method 'value()' in type 'Profile+Annotation'\n    [javac] /home/cmd/jdk1.8.0_391/lib/ct.sym(META-INF/sym/rt.jar/java/lang/Iterable.class): warning: Cannot find annotation method 'value()' in type 'Profile+Annotation'\n    [javac] /home/cmd/jdk1.8.0_391/lib/ct.sym(META-INF/sym/rt.jar/java/lang/Integer.class): warning: Cannot find annotation method 'value()' in type 'Profile+Annotation'\n    [javac] /home/cmd/jdk1.8.0_391/lib/ct.sym(META-INF/sym/rt.jar/java/lang/StringBuilder.class): warning: Cannot find annotation method 'value()' in type 'Profile+Annotation'\n    [javac] /home/cmd/jdk1.8.0_391/lib/ct.sym(META-INF/sym/rt.jar/java/util/regex/Matcher.class): warning: Cannot find annotation method 'value()' in type 'Profile+Annotation'\n    [javac] /home/cmd/jdk1.8.0_391/lib/ct.sym(META-INF/sym/rt.jar/java/util/LinkedHashMap.class): warning: Cannot find annotation method 'value()' in type 'Profile+Annotation'\n    [javac] /home/cmd/jdk1.8.0_391/lib/ct.sym(META-INF/sym/rt.jar/java/util/Iterator.class): warning: Cannot find annotation method 'value()' in type 'Profile+Annotation'\n    [javac] /home/cmd/jdk1.8.0_391/lib/ct.sym(META-INF/sym/rt.jar/java/util/ListIterator.class): warning: Cannot find annotation method 'value()' in type 'Profile+Annotation'\n    [javac] /home/cmd/jdk1.8.0_391/lib/ct.sym(META-INF/sym/rt.jar/java/lang/Character.class): warning: Cannot find annotation method 'value()' in type 'Profile+Annotation'\n    [javac] /home/cmd/jdk1.8.0_391/lib/ct.sym(META-INF/sym/rt.jar/java/io/File.class): warning: Cannot find annotation method 'value()' in type 'Profile+Annotation'\n    [javac] /home/cmd/jdk1.8.0_391/lib/ct.sym(META-INF/sym/rt.jar/java/io/InputStream.class): warning: Cannot find annotation method 'value()' in type 'Profile+Annotation'\n    [javac] /home/cmd/jdk1.8.0_391/lib/ct.sym(META-INF/sym/rt.jar/java/util/HashSet.class): warning: Cannot find annotation method 'value()' in type 'Profile+Annotation'\n    [javac] /home/cmd/jdk1.8.0_391/lib/ct.sym(META-INF/sym/rt.jar/java/nio/ByteBuffer.class): warning: Cannot find annotation method 'value()' in type 'Profile+Annotation'\n    [javac] /home/cmd/jdk1.8.0_391/lib/ct.sym(META-INF/sym/rt.jar/java/util/LinkedList.class): warning: Cannot find annotation method 'value()' in type 'Profile+Annotation'\n    [javac] /home/cmd/jdk1.8.0_391/lib/ct.sym(META-INF/sym/rt.jar/java/util/Deque.class): warning: Cannot find annotation method 'value()' in type 'Profile+Annotation'\n    [javac] /home/cmd/jdk1.8.0_391/lib/ct.sym(META-INF/sym/rt.jar/java/util/Queue.class): warning: Cannot find annotation method 'value()' in type 'Profile+Annotation'\n    [javac] /home/cmd/jdk1.8.0_391/lib/ct.sym(META-INF/sym/rt.jar/java/util/AbstractSequentialList.class): warning: Cannot find annotation method 'value()' in type 'Profile+Annotation'\n    [javac] /home/cmd/jdk1.8.0_391/lib/ct.sym(META-INF/sym/rt.jar/java/util/AbstractList.class): warning: Cannot find annotation method 'value()' in type 'Profile+Annotation'\n    [javac] /home/cmd/jdk1.8.0_391/lib/ct.sym(META-INF/sym/rt.jar/java/util/AbstractCollection.class): warning: Cannot find annotation method 'value()' in type 'Profile+Annotation'\n    [javac] /home/cmd/jdk1.8.0_391/lib/ct.sym(META-INF/sym/rt.jar/java/net/HttpURLConnection.class): warning: Cannot find annotation method 'value()' in type 'Profile+Annotation'\n    [javac] /home/cmd/jdk1.8.0_391/lib/ct.sym(META-INF/sym/rt.jar/java/net/URLEncoder.class): warning: Cannot find annotation method 'value()' in type 'Profile+Annotation'\n    [javac] /home/cmd/jdk1.8.0_391/lib/ct.sym(META-INF/sym/rt.jar/java/util/zip/GZIPInputStream.class): warning: Cannot find annotation method 'value()' in type 'Profile+Annotation'\n    [javac] warning: /home/cmd/jdk1.8.0_391/lib/ct.sym(META-INF/sym/rt.jar/java/lang/annotation/Target.class): major version 52 is newer than 51, the highest major version supported by this compiler.\n    [javac]   It is recommended that the compiler be upgraded.\n    [javac] warning: /home/cmd/jdk1.8.0_391/lib/ct.sym(META-INF/sym/rt.jar/java/lang/annotation/ElementType.class): major version 52 is newer than 51, the highest major version supported by this compiler.\n    [javac]   It is recommended that the compiler be upgraded.\n    [javac] warning: /home/cmd/jdk1.8.0_391/lib/ct.sym(META-INF/sym/rt.jar/java/lang/annotation/Retention.class): major version 52 is newer than 51, the highest major version supported by this compiler.\n    [javac]   It is recommended that the compiler be upgraded.\n    [javac] warning: /home/cmd/jdk1.8.0_391/lib/ct.sym(META-INF/sym/rt.jar/java/lang/annotation/RetentionPolicy.class): major version 52 is newer than 51, the highest major version supported by this compiler.\n    [javac]   It is recommended that the compiler be upgraded.\n    [javac] /data/cmd/Ming/llm-fl-apr/tmp/Jsoup_19-prompt_apr_3-doubao-pro-4k/src/main/java/org/jsoup/safety/Whitelist.java:345: error: missing return statement\n    [javac] }\n    [javac] ^\n    [javac] 1 error\n    [javac] 100 warnings\n\nBUILD FAILED\n/data/cmd/Ming/llm-fl-apr/tmp/Jsoup_19-prompt_apr_3-doubao-pro-4k/maven-build.xml:74: Compile failed; see the compiler error output for details.\n\nTotal time: 4 seconds\nCannot compile sources! at /data/cmd/Ming/LLM_Based-Mutation/tools/mutant/defects4j-2.1.0/framework/bin/d4j/d4j-compile line 82.\nCompilation failed in require at /data/cmd/Ming/LLM_Based-Mutation/tools/mutant/defects4j-2.1.0/framework/bin/defects4j line 195.\n"
                }
            },
            "gpt-4o-mini": {
                "compile": {
                    "rc": 1,
                    "so": "",
                    "se": "Running ant (compile)...................................................... FAIL\nExecuted command:  cd /data/cmd/Ming/llm-fl-apr/tmp/Jsoup_19-prompt_apr_3-gpt-4o-mini && /data/cmd/Ming/LLM_Based-Mutation/tools/mutant/defects4j-2.1.0/major/bin/ant -f /data/cmd/Ming/LLM_Based-Mutation/tools/mutant/defects4j-2.1.0/framework/projects/defects4j.build.xml -Dd4j.home=/data/cmd/Ming/LLM_Based-Mutation/tools/mutant/defects4j-2.1.0 -Dd4j.dir.projects=/data/cmd/Ming/LLM_Based-Mutation/tools/mutant/defects4j-2.1.0/framework/projects -Dbasedir=/data/cmd/Ming/llm-fl-apr/tmp/Jsoup_19-prompt_apr_3-gpt-4o-mini -Dbuild.compiler=javac1.7  compile 2>&1\nJava HotSpot(TM) 64-Bit Server VM warning: ignoring option MaxPermSize=1G; support was removed in 8.0\nBuildfile: /data/cmd/Ming/LLM_Based-Mutation/tools/mutant/defects4j-2.1.0/framework/projects/defects4j.build.xml\n\ntest-offline:\n\nget-deps:\n\njsoup-from-maven.compile:\n    [mkdir] Created dir: /data/cmd/Ming/llm-fl-apr/tmp/Jsoup_19-prompt_apr_3-gpt-4o-mini/target/classes\n    [javac] /data/cmd/Ming/llm-fl-apr/tmp/Jsoup_19-prompt_apr_3-gpt-4o-mini/maven-build.xml:74: warning: 'includeantruntime' was not set, defaulting to build.sysclasspath=last; set to false for repeatable builds\n    [javac] Compiling 46 source files to /data/cmd/Ming/llm-fl-apr/tmp/Jsoup_19-prompt_apr_3-gpt-4o-mini/target/classes\n    [javac] warning: [options] bootstrap class path not set in conjunction with -source 1.5\n    [javac] /data/cmd/Ming/llm-fl-apr/tmp/Jsoup_19-prompt_apr_3-gpt-4o-mini/src/main/java/org/jsoup/safety/Whitelist.java:344: error: ';' expected\n    [javac]     Attributes getEnforcedAttributes(String tagName) {\n    [javac]                                     ^\n    [javac] /data/cmd/Ming/llm-fl-apr/tmp/Jsoup_19-prompt_apr_3-gpt-4o-mini/src/main/java/org/jsoup/safety/Whitelist.java:344: error: ';' expected\n    [javac]     Attributes getEnforcedAttributes(String tagName) {\n    [javac]                                                    ^\n    [javac] /data/cmd/Ming/llm-fl-apr/tmp/Jsoup_19-prompt_apr_3-gpt-4o-mini/src/main/java/org/jsoup/safety/Whitelist.java:358: error: illegal start of expression\n    [javac]     static class TagName extends TypedValue {\n    [javac]     ^\n    [javac] /data/cmd/Ming/llm-fl-apr/tmp/Jsoup_19-prompt_apr_3-gpt-4o-mini/src/main/java/org/jsoup/safety/Whitelist.java:368: error: illegal start of expression\n    [javac]     static class AttributeKey extends TypedValue {\n    [javac]     ^\n    [javac] /data/cmd/Ming/llm-fl-apr/tmp/Jsoup_19-prompt_apr_3-gpt-4o-mini/src/main/java/org/jsoup/safety/Whitelist.java:378: error: illegal start of expression\n    [javac]     static class AttributeValue extends TypedValue {\n    [javac]     ^\n    [javac] /data/cmd/Ming/llm-fl-apr/tmp/Jsoup_19-prompt_apr_3-gpt-4o-mini/src/main/java/org/jsoup/safety/Whitelist.java:388: error: illegal start of expression\n    [javac]     static class Protocol extends TypedValue {\n    [javac]     ^\n    [javac] /data/cmd/Ming/llm-fl-apr/tmp/Jsoup_19-prompt_apr_3-gpt-4o-mini/src/main/java/org/jsoup/safety/Whitelist.java:431: error: reached end of file while parsing\n    [javac] }\n    [javac]  ^\n    [javac] 7 errors\n    [javac] 1 warning\n\nBUILD FAILED\n/data/cmd/Ming/llm-fl-apr/tmp/Jsoup_19-prompt_apr_3-gpt-4o-mini/maven-build.xml:74: Compile failed; see the compiler error output for details.\n\nTotal time: 2 seconds\nCannot compile sources! at /data/cmd/Ming/LLM_Based-Mutation/tools/mutant/defects4j-2.1.0/framework/bin/d4j/d4j-compile line 82.\nCompilation failed in require at /data/cmd/Ming/LLM_Based-Mutation/tools/mutant/defects4j-2.1.0/framework/bin/defects4j line 195.\n"
                }
            },
            "deepseek-chat": {
                "compile": {
                    "rc": 1,
                    "so": "",
                    "se": "Running ant (compile)...................................................... FAIL\nExecuted command:  cd /data/cmd/Ming/llm-fl-apr/tmp/Jsoup_19-prompt_apr_3-deepseek-chat && /data/cmd/Ming/LLM_Based-Mutation/tools/mutant/defects4j-2.1.0/major/bin/ant -f /data/cmd/Ming/LLM_Based-Mutation/tools/mutant/defects4j-2.1.0/framework/projects/defects4j.build.xml -Dd4j.home=/data/cmd/Ming/LLM_Based-Mutation/tools/mutant/defects4j-2.1.0 -Dd4j.dir.projects=/data/cmd/Ming/LLM_Based-Mutation/tools/mutant/defects4j-2.1.0/framework/projects -Dbasedir=/data/cmd/Ming/llm-fl-apr/tmp/Jsoup_19-prompt_apr_3-deepseek-chat -Dbuild.compiler=javac1.7  compile 2>&1\nJava HotSpot(TM) 64-Bit Server VM warning: ignoring option MaxPermSize=1G; support was removed in 8.0\nBuildfile: /data/cmd/Ming/LLM_Based-Mutation/tools/mutant/defects4j-2.1.0/framework/projects/defects4j.build.xml\n\ntest-offline:\n\nget-deps:\n\njsoup-from-maven.compile:\n    [mkdir] Created dir: /data/cmd/Ming/llm-fl-apr/tmp/Jsoup_19-prompt_apr_3-deepseek-chat/target/classes\n    [javac] /data/cmd/Ming/llm-fl-apr/tmp/Jsoup_19-prompt_apr_3-deepseek-chat/maven-build.xml:74: warning: 'includeantruntime' was not set, defaulting to build.sysclasspath=last; set to false for repeatable builds\n    [javac] Compiling 46 source files to /data/cmd/Ming/llm-fl-apr/tmp/Jsoup_19-prompt_apr_3-deepseek-chat/target/classes\n    [javac] warning: [options] bootstrap class path not set in conjunction with -source 1.5\n    [javac] /data/cmd/Ming/llm-fl-apr/tmp/Jsoup_19-prompt_apr_3-deepseek-chat/src/main/java/org/jsoup/safety/Whitelist.java:344: error: ';' expected\n    [javac]     Attributes getEnforcedAttributes(String tagName) {\n    [javac]                                     ^\n    [javac] /data/cmd/Ming/llm-fl-apr/tmp/Jsoup_19-prompt_apr_3-deepseek-chat/src/main/java/org/jsoup/safety/Whitelist.java:344: error: ';' expected\n    [javac]     Attributes getEnforcedAttributes(String tagName) {\n    [javac]                                                    ^\n    [javac] /data/cmd/Ming/llm-fl-apr/tmp/Jsoup_19-prompt_apr_3-deepseek-chat/src/main/java/org/jsoup/safety/Whitelist.java:358: error: illegal start of expression\n    [javac]     static class TagName extends TypedValue {\n    [javac]     ^\n    [javac] /data/cmd/Ming/llm-fl-apr/tmp/Jsoup_19-prompt_apr_3-deepseek-chat/src/main/java/org/jsoup/safety/Whitelist.java:368: error: illegal start of expression\n    [javac]     static class AttributeKey extends TypedValue {\n    [javac]     ^\n    [javac] /data/cmd/Ming/llm-fl-apr/tmp/Jsoup_19-prompt_apr_3-deepseek-chat/src/main/java/org/jsoup/safety/Whitelist.java:378: error: illegal start of expression\n    [javac]     static class AttributeValue extends TypedValue {\n    [javac]     ^\n    [javac] /data/cmd/Ming/llm-fl-apr/tmp/Jsoup_19-prompt_apr_3-deepseek-chat/src/main/java/org/jsoup/safety/Whitelist.java:388: error: illegal start of expression\n    [javac]     static class Protocol extends TypedValue {\n    [javac]     ^\n    [javac] /data/cmd/Ming/llm-fl-apr/tmp/Jsoup_19-prompt_apr_3-deepseek-chat/src/main/java/org/jsoup/safety/Whitelist.java:431: error: reached end of file while parsing\n    [javac] }\n    [javac]  ^\n    [javac] 7 errors\n    [javac] 1 warning\n\nBUILD FAILED\n/data/cmd/Ming/llm-fl-apr/tmp/Jsoup_19-prompt_apr_3-deepseek-chat/maven-build.xml:74: Compile failed; see the compiler error output for details.\n\nTotal time: 1 second\nCannot compile sources! at /data/cmd/Ming/LLM_Based-Mutation/tools/mutant/defects4j-2.1.0/framework/bin/d4j/d4j-compile line 82.\nCompilation failed in require at /data/cmd/Ming/LLM_Based-Mutation/tools/mutant/defects4j-2.1.0/framework/bin/defects4j line 195.\n"
                }
            }
        },
        "prompt_apr_4": {
            "ernie-3.5-128k": {
                "compile": {
                    "rc": 0,
                    "so": "",
                    "se": "Running ant (compile)...................................................... OK\nRunning ant (compile.tests)................................................ OK\n"
                },
                "test": {
                    "rc": 0,
                    "so": "Failing tests: 1\n  - org.jsoup.safety.CleanerTest::handlesCustomProtocols\n",
                    "se": "Running ant (compile.tests)................................................ OK\nRunning ant (run.dev.tests)................................................ OK\n"
                }
            },
            "qwen-turbo": {
                "compile": {
                    "rc": 1,
                    "so": "",
                    "se": "Running ant (compile)...................................................... FAIL\nExecuted command:  cd /data/cmd/Ming/llm-fl-apr/tmp/Jsoup_19-prompt_apr_4-qwen-turbo && /data/cmd/Ming/LLM_Based-Mutation/tools/mutant/defects4j-2.1.0/major/bin/ant -f /data/cmd/Ming/LLM_Based-Mutation/tools/mutant/defects4j-2.1.0/framework/projects/defects4j.build.xml -Dd4j.home=/data/cmd/Ming/LLM_Based-Mutation/tools/mutant/defects4j-2.1.0 -Dd4j.dir.projects=/data/cmd/Ming/LLM_Based-Mutation/tools/mutant/defects4j-2.1.0/framework/projects -Dbasedir=/data/cmd/Ming/llm-fl-apr/tmp/Jsoup_19-prompt_apr_4-qwen-turbo -Dbuild.compiler=javac1.7  compile 2>&1\nJava HotSpot(TM) 64-Bit Server VM warning: ignoring option MaxPermSize=1G; support was removed in 8.0\nBuildfile: /data/cmd/Ming/LLM_Based-Mutation/tools/mutant/defects4j-2.1.0/framework/projects/defects4j.build.xml\n\ntest-offline:\n\nget-deps:\n\njsoup-from-maven.compile:\n    [mkdir] Created dir: /data/cmd/Ming/llm-fl-apr/tmp/Jsoup_19-prompt_apr_4-qwen-turbo/target/classes\n    [javac] /data/cmd/Ming/llm-fl-apr/tmp/Jsoup_19-prompt_apr_4-qwen-turbo/maven-build.xml:74: warning: 'includeantruntime' was not set, defaulting to build.sysclasspath=last; set to false for repeatable builds\n    [javac] Compiling 46 source files to /data/cmd/Ming/llm-fl-apr/tmp/Jsoup_19-prompt_apr_4-qwen-turbo/target/classes\n    [javac] warning: [options] bootstrap class path not set in conjunction with -source 1.5\n    [javac] /data/cmd/Ming/llm-fl-apr/tmp/Jsoup_19-prompt_apr_4-qwen-turbo/src/main/java/org/jsoup/safety/Whitelist.java:343: error: not a statement\n    [javac] String value = attr.getValue();        \n    [javac] ^\n    [javac] /data/cmd/Ming/llm-fl-apr/tmp/Jsoup_19-prompt_apr_4-qwen-turbo/src/main/java/org/jsoup/safety/Whitelist.java:343: error: ';' expected\n    [javac] String value = attr.getValue();        \n    [javac]       ^\n    [javac] 2 errors\n    [javac] 1 warning\n\nBUILD FAILED\n/data/cmd/Ming/llm-fl-apr/tmp/Jsoup_19-prompt_apr_4-qwen-turbo/maven-build.xml:74: Compile failed; see the compiler error output for details.\n\nTotal time: 2 seconds\nCannot compile sources! at /data/cmd/Ming/LLM_Based-Mutation/tools/mutant/defects4j-2.1.0/framework/bin/d4j/d4j-compile line 82.\nCompilation failed in require at /data/cmd/Ming/LLM_Based-Mutation/tools/mutant/defects4j-2.1.0/framework/bin/defects4j line 195.\n"
                }
            },
            "doubao-pro-4k": {
                "compile": {
                    "rc": 0,
                    "so": "",
                    "se": "Running ant (compile)...................................................... OK\nRunning ant (compile.tests)................................................ OK\n"
                },
                "test": {
                    "rc": 0,
                    "so": "Failing tests: 1\n  - org.jsoup.safety.CleanerTest::handlesCustomProtocols\n",
                    "se": "Running ant (compile.tests)................................................ OK\nRunning ant (run.dev.tests)................................................ OK\n"
                }
            },
            "gpt-4o-mini": {
                "compile": {
                    "rc": 1,
                    "so": "",
                    "se": "Running ant (compile)...................................................... FAIL\nExecuted command:  cd /data/cmd/Ming/llm-fl-apr/tmp/Jsoup_19-prompt_apr_4-gpt-4o-mini && /data/cmd/Ming/LLM_Based-Mutation/tools/mutant/defects4j-2.1.0/major/bin/ant -f /data/cmd/Ming/LLM_Based-Mutation/tools/mutant/defects4j-2.1.0/framework/projects/defects4j.build.xml -Dd4j.home=/data/cmd/Ming/LLM_Based-Mutation/tools/mutant/defects4j-2.1.0 -Dd4j.dir.projects=/data/cmd/Ming/LLM_Based-Mutation/tools/mutant/defects4j-2.1.0/framework/projects -Dbasedir=/data/cmd/Ming/llm-fl-apr/tmp/Jsoup_19-prompt_apr_4-gpt-4o-mini -Dbuild.compiler=javac1.7  compile 2>&1\nJava HotSpot(TM) 64-Bit Server VM warning: ignoring option MaxPermSize=1G; support was removed in 8.0\nBuildfile: /data/cmd/Ming/LLM_Based-Mutation/tools/mutant/defects4j-2.1.0/framework/projects/defects4j.build.xml\n\ntest-offline:\n\nget-deps:\n\njsoup-from-maven.compile:\n    [mkdir] Created dir: /data/cmd/Ming/llm-fl-apr/tmp/Jsoup_19-prompt_apr_4-gpt-4o-mini/target/classes\n    [javac] /data/cmd/Ming/llm-fl-apr/tmp/Jsoup_19-prompt_apr_4-gpt-4o-mini/maven-build.xml:74: warning: 'includeantruntime' was not set, defaulting to build.sysclasspath=last; set to false for repeatable builds\n    [javac] Compiling 46 source files to /data/cmd/Ming/llm-fl-apr/tmp/Jsoup_19-prompt_apr_4-gpt-4o-mini/target/classes\n    [javac] warning: [options] bootstrap class path not set in conjunction with -source 1.5\n    [javac] /data/cmd/Ming/llm-fl-apr/tmp/Jsoup_19-prompt_apr_4-gpt-4o-mini/src/main/java/org/jsoup/safety/Whitelist.java:343: error: not a statement\n    [javac] String value = el.absUrl(attr.getValue());        \n    [javac] ^\n    [javac] /data/cmd/Ming/llm-fl-apr/tmp/Jsoup_19-prompt_apr_4-gpt-4o-mini/src/main/java/org/jsoup/safety/Whitelist.java:343: error: ';' expected\n    [javac] String value = el.absUrl(attr.getValue());        \n    [javac]       ^\n    [javac] 2 errors\n    [javac] 1 warning\n\nBUILD FAILED\n/data/cmd/Ming/llm-fl-apr/tmp/Jsoup_19-prompt_apr_4-gpt-4o-mini/maven-build.xml:74: Compile failed; see the compiler error output for details.\n\nTotal time: 2 seconds\nCannot compile sources! at /data/cmd/Ming/LLM_Based-Mutation/tools/mutant/defects4j-2.1.0/framework/bin/d4j/d4j-compile line 82.\nCompilation failed in require at /data/cmd/Ming/LLM_Based-Mutation/tools/mutant/defects4j-2.1.0/framework/bin/defects4j line 195.\n"
                }
            },
            "deepseek-chat": {
                "compile": {
                    "rc": 0,
                    "so": "",
                    "se": "Running ant (compile)...................................................... OK\nRunning ant (compile.tests)................................................ OK\n"
                },
                "test": {
                    "rc": 0,
                    "so": "Failing tests: 1\n  - org.jsoup.safety.CleanerTest::handlesCustomProtocols\n",
                    "se": "Running ant (compile.tests)................................................ OK\nRunning ant (run.dev.tests)................................................ OK\n"
                }
            }
        },
        "prompt_apr_5": {
            "ernie-3.5-128k": {
                "compile": {
                    "rc": 0,
                    "so": "",
                    "se": "Running ant (compile)...................................................... OK\nRunning ant (compile.tests)................................................ OK\n"
                },
                "test": {
                    "rc": 0,
                    "so": "Failing tests: 1\n  - org.jsoup.safety.CleanerTest::handlesCustomProtocols\n",
                    "se": "Running ant (compile.tests)................................................ OK\nRunning ant (run.dev.tests)................................................ OK\n"
                }
            },
            "qwen-turbo": {
                "compile": {
                    "rc": 0,
                    "so": "",
                    "se": "Running ant (compile)...................................................... OK\nRunning ant (compile.tests)................................................ OK\n"
                },
                "test": {
                    "rc": 0,
                    "so": "Failing tests: 2\n  - org.jsoup.safety.CleanerTest::preservesRelatedLinksIfConfigured\n  - org.jsoup.safety.CleanerTest::handlesCustomProtocols\n",
                    "se": "Running ant (compile.tests)................................................ OK\nRunning ant (run.dev.tests)................................................ OK\n"
                }
            },
            "doubao-pro-4k": {
                "compile": {
                    "rc": 0,
                    "so": "",
                    "se": "Running ant (compile)...................................................... OK\nRunning ant (compile.tests)................................................ OK\n"
                },
                "test": {
                    "rc": 0,
                    "so": "Failing tests: 1\n  - org.jsoup.safety.CleanerTest::handlesCustomProtocols\n",
                    "se": "Running ant (compile.tests)................................................ OK\nRunning ant (run.dev.tests)................................................ OK\n"
                }
            },
            "gpt-4o-mini": {
                "compile": {
                    "rc": 0,
                    "so": "",
                    "se": "Running ant (compile)...................................................... OK\nRunning ant (compile.tests)................................................ OK\n"
                },
                "test": {
                    "rc": 0,
                    "so": "Failing tests: 2\n  - org.jsoup.safety.CleanerTest::preservesRelatedLinksIfConfigured\n  - org.jsoup.safety.CleanerTest::handlesCustomProtocols\n",
                    "se": "Running ant (compile.tests)................................................ OK\nRunning ant (run.dev.tests)................................................ OK\n"
                }
            },
            "deepseek-chat": {
                "compile": {
                    "rc": 1,
                    "so": "",
                    "se": "Running ant (compile)...................................................... FAIL\nExecuted command:  cd /data/cmd/Ming/llm-fl-apr/tmp/Jsoup_19-prompt_apr_5-deepseek-chat && /data/cmd/Ming/LLM_Based-Mutation/tools/mutant/defects4j-2.1.0/major/bin/ant -f /data/cmd/Ming/LLM_Based-Mutation/tools/mutant/defects4j-2.1.0/framework/projects/defects4j.build.xml -Dd4j.home=/data/cmd/Ming/LLM_Based-Mutation/tools/mutant/defects4j-2.1.0 -Dd4j.dir.projects=/data/cmd/Ming/LLM_Based-Mutation/tools/mutant/defects4j-2.1.0/framework/projects -Dbasedir=/data/cmd/Ming/llm-fl-apr/tmp/Jsoup_19-prompt_apr_5-deepseek-chat -Dbuild.compiler=javac1.7  compile 2>&1\nJava HotSpot(TM) 64-Bit Server VM warning: ignoring option MaxPermSize=1G; support was removed in 8.0\nBuildfile: /data/cmd/Ming/LLM_Based-Mutation/tools/mutant/defects4j-2.1.0/framework/projects/defects4j.build.xml\n\ntest-offline:\n\nget-deps:\n\njsoup-from-maven.compile:\n    [mkdir] Created dir: /data/cmd/Ming/llm-fl-apr/tmp/Jsoup_19-prompt_apr_5-deepseek-chat/target/classes\n    [javac] /data/cmd/Ming/llm-fl-apr/tmp/Jsoup_19-prompt_apr_5-deepseek-chat/maven-build.xml:74: warning: 'includeantruntime' was not set, defaulting to build.sysclasspath=last; set to false for repeatable builds\n    [javac] Compiling 46 source files to /data/cmd/Ming/llm-fl-apr/tmp/Jsoup_19-prompt_apr_5-deepseek-chat/target/classes\n    [javac] warning: [options] bootstrap class path not set in conjunction with -source 1.5\n    [javac] warning: /home/cmd/jdk1.8.0_391/lib/ct.sym(META-INF/sym/rt.jar/java/net/URL.class): major version 52 is newer than 51, the highest major version supported by this compiler.\n    [javac]   It is recommended that the compiler be upgraded.\n    [javac] warning: /home/cmd/jdk1.8.0_391/lib/ct.sym(META-INF/sym/rt.jar/java/util/Map.class): major version 52 is newer than 51, the highest major version supported by this compiler.\n    [javac]   It is recommended that the compiler be upgraded.\n    [javac] warning: /home/cmd/jdk1.8.0_391/lib/ct.sym(META-INF/sym/rt.jar/java/util/Collection.class): major version 52 is newer than 51, the highest major version supported by this compiler.\n    [javac]   It is recommended that the compiler be upgraded.\n    [javac] warning: /home/cmd/jdk1.8.0_391/lib/ct.sym(META-INF/sym/rt.jar/java/io/IOException.class): major version 52 is newer than 51, the highest major version supported by this compiler.\n    [javac]   It is recommended that the compiler be upgraded.\n    [javac] warning: /home/cmd/jdk1.8.0_391/lib/ct.sym(META-INF/sym/rt.jar/java/lang/Object.class): major version 52 is newer than 51, the highest major version supported by this compiler.\n    [javac]   It is recommended that the compiler be upgraded.\n    [javac] warning: /home/cmd/jdk1.8.0_391/lib/ct.sym(META-INF/sym/rt.jar/java/lang/String.class): major version 52 is newer than 51, the highest major version supported by this compiler.\n    [javac]   It is recommended that the compiler be upgraded.\n    [javac] warning: /home/cmd/jdk1.8.0_391/lib/ct.sym(META-INF/sym/rt.jar/java/lang/Enum.class): major version 52 is newer than 51, the highest major version supported by this compiler.\n    [javac]   It is recommended that the compiler be upgraded.\n    [javac] warning: /home/cmd/jdk1.8.0_391/lib/ct.sym(META-INF/sym/rt.jar/java/lang/Comparable.class): major version 52 is newer than 51, the highest major version supported by this compiler.\n    [javac]   It is recommended that the compiler be upgraded.\n    [javac] warning: /home/cmd/jdk1.8.0_391/lib/ct.sym(META-INF/sym/rt.jar/java/io/Serializable.class): major version 52 is newer than 51, the highest major version supported by this compiler.\n    [javac]   It is recommended that the compiler be upgraded.\n    [javac] warning: /home/cmd/jdk1.8.0_391/lib/ct.sym(META-INF/sym/rt.jar/java/nio/charset/Charset.class): major version 52 is newer than 51, the highest major version supported by this compiler.\n    [javac]   It is recommended that the compiler be upgraded.\n    [javac] warning: /home/cmd/jdk1.8.0_391/lib/ct.sym(META-INF/sym/rt.jar/java/nio/charset/CharsetEncoder.class): major version 52 is newer than 51, the highest major version supported by this compiler.\n    [javac]   It is recommended that the compiler be upgraded.\n    [javac] warning: /home/cmd/jdk1.8.0_391/lib/ct.sym(META-INF/sym/rt.jar/java/util/ArrayList.class): major version 52 is newer than 51, the highest major version supported by this compiler.\n    [javac]   It is recommended that the compiler be upgraded.\n    [javac] warning: /home/cmd/jdk1.8.0_391/lib/ct.sym(META-INF/sym/rt.jar/java/util/List.class): major version 52 is newer than 51, the highest major version supported by this compiler.\n    [javac]   It is recommended that the compiler be upgraded.\n    [javac] warning: /home/cmd/jdk1.8.0_391/lib/ct.sym(META-INF/sym/rt.jar/java/util/regex/Pattern.class): major version 52 is newer than 51, the highest major version supported by this compiler.\n    [javac]   It is recommended that the compiler be upgraded.\n    [javac] warning: /home/cmd/jdk1.8.0_391/lib/ct.sym(META-INF/sym/rt.jar/java/util/regex/PatternSyntaxException.class): major version 52 is newer than 51, the highest major version supported by this compiler.\n    [javac]   It is recommended that the compiler be upgraded.\n    [javac] warning: /home/cmd/jdk1.8.0_391/lib/ct.sym(META-INF/sym/rt.jar/java/net/MalformedURLException.class): major version 52 is newer than 51, the highest major version supported by this compiler.\n    [javac]   It is recommended that the compiler be upgraded.\n    [javac] warning: /home/cmd/jdk1.8.0_391/lib/ct.sym(META-INF/sym/rt.jar/java/util/Collections.class): major version 52 is newer than 51, the highest major version supported by this compiler.\n    [javac]   It is recommended that the compiler be upgraded.\n    [javac] warning: /home/cmd/jdk1.8.0_391/lib/ct.sym(META-INF/sym/rt.jar/java/lang/Cloneable.class): major version 52 is newer than 51, the highest major version supported by this compiler.\n    [javac]   It is recommended that the compiler be upgraded.\n    [javac] warning: /home/cmd/jdk1.8.0_391/lib/ct.sym(META-INF/sym/rt.jar/java/util/HashMap.class): major version 52 is newer than 51, the highest major version supported by this compiler.\n    [javac]   It is recommended that the compiler be upgraded.\n    [javac] warning: /home/cmd/jdk1.8.0_391/lib/ct.sym(META-INF/sym/rt.jar/java/util/Set.class): major version 52 is newer than 51, the highest major version supported by this compiler.\n    [javac]   It is recommended that the compiler be upgraded.\n    [javac] warning: /home/cmd/jdk1.8.0_391/lib/ct.sym(META-INF/sym/rt.jar/java/lang/Iterable.class): major version 52 is newer than 51, the highest major version supported by this compiler.\n    [javac]   It is recommended that the compiler be upgraded.\n    [javac] warning: /home/cmd/jdk1.8.0_391/lib/ct.sym(META-INF/sym/rt.jar/java/util/Map$Entry.class): major version 52 is newer than 51, the highest major version supported by this compiler.\n    [javac]   It is recommended that the compiler be upgraded.\n    [javac] warning: /home/cmd/jdk1.8.0_391/lib/ct.sym(META-INF/sym/rt.jar/java/lang/Integer.class): major version 52 is newer than 51, the highest major version supported by this compiler.\n    [javac]   It is recommended that the compiler be upgraded.\n    [javac] warning: /home/cmd/jdk1.8.0_391/lib/ct.sym(META-INF/sym/rt.jar/java/lang/StringBuilder.class): major version 52 is newer than 51, the highest major version supported by this compiler.\n    [javac]   It is recommended that the compiler be upgraded.\n    [javac] warning: /home/cmd/jdk1.8.0_391/lib/ct.sym(META-INF/sym/rt.jar/java/util/regex/Matcher.class): major version 52 is newer than 51, the highest major version supported by this compiler.\n    [javac]   It is recommended that the compiler be upgraded.\n    [javac] warning: /home/cmd/jdk1.8.0_391/lib/ct.sym(META-INF/sym/rt.jar/java/util/LinkedHashMap.class): major version 52 is newer than 51, the highest major version supported by this compiler.\n    [javac]   It is recommended that the compiler be upgraded.\n    [javac] warning: /home/cmd/jdk1.8.0_391/lib/ct.sym(META-INF/sym/rt.jar/java/util/Iterator.class): major version 52 is newer than 51, the highest major version supported by this compiler.\n    [javac]   It is recommended that the compiler be upgraded.\n    [javac] warning: /home/cmd/jdk1.8.0_391/lib/ct.sym(META-INF/sym/rt.jar/java/util/ListIterator.class): major version 52 is newer than 51, the highest major version supported by this compiler.\n    [javac]   It is recommended that the compiler be upgraded.\n    [javac] warning: /home/cmd/jdk1.8.0_391/lib/ct.sym(META-INF/sym/rt.jar/java/lang/Character.class): major version 52 is newer than 51, the highest major version supported by this compiler.\n    [javac]   It is recommended that the compiler be upgraded.\n    [javac] warning: /home/cmd/jdk1.8.0_391/lib/ct.sym(META-INF/sym/rt.jar/java/io/File.class): major version 52 is newer than 51, the highest major version supported by this compiler.\n    [javac]   It is recommended that the compiler be upgraded.\n    [javac] warning: /home/cmd/jdk1.8.0_391/lib/ct.sym(META-INF/sym/rt.jar/java/io/InputStream.class): major version 52 is newer than 51, the highest major version supported by this compiler.\n    [javac]   It is recommended that the compiler be upgraded.\n    [javac] warning: /home/cmd/jdk1.8.0_391/lib/ct.sym(META-INF/sym/rt.jar/java/util/HashSet.class): major version 52 is newer than 51, the highest major version supported by this compiler.\n    [javac]   It is recommended that the compiler be upgraded.\n    [javac] warning: /home/cmd/jdk1.8.0_391/lib/ct.sym(META-INF/sym/rt.jar/java/nio/ByteBuffer.class): major version 52 is newer than 51, the highest major version supported by this compiler.\n    [javac]   It is recommended that the compiler be upgraded.\n    [javac] warning: /home/cmd/jdk1.8.0_391/lib/ct.sym(META-INF/sym/rt.jar/java/util/LinkedList.class): major version 52 is newer than 51, the highest major version supported by this compiler.\n    [javac]   It is recommended that the compiler be upgraded.\n    [javac] warning: /home/cmd/jdk1.8.0_391/lib/ct.sym(META-INF/sym/rt.jar/java/util/Deque.class): major version 52 is newer than 51, the highest major version supported by this compiler.\n    [javac]   It is recommended that the compiler be upgraded.\n    [javac] warning: /home/cmd/jdk1.8.0_391/lib/ct.sym(META-INF/sym/rt.jar/java/util/Queue.class): major version 52 is newer than 51, the highest major version supported by this compiler.\n    [javac]   It is recommended that the compiler be upgraded.\n    [javac] warning: /home/cmd/jdk1.8.0_391/lib/ct.sym(META-INF/sym/rt.jar/java/util/AbstractSequentialList.class): major version 52 is newer than 51, the highest major version supported by this compiler.\n    [javac]   It is recommended that the compiler be upgraded.\n    [javac] warning: /home/cmd/jdk1.8.0_391/lib/ct.sym(META-INF/sym/rt.jar/java/util/AbstractList.class): major version 52 is newer than 51, the highest major version supported by this compiler.\n    [javac]   It is recommended that the compiler be upgraded.\n    [javac] warning: /home/cmd/jdk1.8.0_391/lib/ct.sym(META-INF/sym/rt.jar/java/util/AbstractCollection.class): major version 52 is newer than 51, the highest major version supported by this compiler.\n    [javac]   It is recommended that the compiler be upgraded.\n    [javac] warning: /home/cmd/jdk1.8.0_391/lib/ct.sym(META-INF/sym/rt.jar/java/net/HttpURLConnection.class): major version 52 is newer than 51, the highest major version supported by this compiler.\n    [javac]   It is recommended that the compiler be upgraded.\n    [javac] warning: /home/cmd/jdk1.8.0_391/lib/ct.sym(META-INF/sym/rt.jar/java/net/URLEncoder.class): major version 52 is newer than 51, the highest major version supported by this compiler.\n    [javac]   It is recommended that the compiler be upgraded.\n    [javac] warning: /home/cmd/jdk1.8.0_391/lib/ct.sym(META-INF/sym/rt.jar/java/util/zip/GZIPInputStream.class): major version 52 is newer than 51, the highest major version supported by this compiler.\n    [javac]   It is recommended that the compiler be upgraded.\n    [javac] warning: /home/cmd/jdk1.8.0_391/lib/ct.sym(META-INF/sym/rt.jar/java/lang/SuppressWarnings.class): major version 52 is newer than 51, the highest major version supported by this compiler.\n    [javac]   It is recommended that the compiler be upgraded.\n    [javac] warning: /home/cmd/jdk1.8.0_391/lib/ct.sym(META-INF/sym/rt.jar/java/io/OutputStream.class): major version 52 is newer than 51, the highest major version supported by this compiler.\n    [javac]   It is recommended that the compiler be upgraded.\n    [javac] warning: /home/cmd/jdk1.8.0_391/lib/ct.sym(META-INF/sym/rt.jar/java/util/AbstractMap.class): major version 52 is newer than 51, the highest major version supported by this compiler.\n    [javac]   It is recommended that the compiler be upgraded.\n    [javac] warning: /home/cmd/jdk1.8.0_391/lib/ct.sym(META-INF/sym/rt.jar/java/util/AbstractSet.class): major version 52 is newer than 51, the highest major version supported by this compiler.\n    [javac]   It is recommended that the compiler be upgraded.\n    [javac] warning: /home/cmd/jdk1.8.0_391/lib/ct.sym(META-INF/sym/rt.jar/java/util/Arrays.class): major version 52 is newer than 51, the highest major version supported by this compiler.\n    [javac]   It is recommended that the compiler be upgraded.\n    [javac] warning: /home/cmd/jdk1.8.0_391/lib/ct.sym(META-INF/sym/rt.jar/java/util/LinkedHashSet.class): major version 52 is newer than 51, the highest major version supported by this compiler.\n    [javac]   It is recommended that the compiler be upgraded.\n    [javac] warning: /home/cmd/jdk1.8.0_391/lib/ct.sym(META-INF/sym/rt.jar/java/lang/IllegalStateException.class): major version 52 is newer than 51, the highest major version supported by this compiler.\n    [javac]   It is recommended that the compiler be upgraded.\n    [javac] warning: /home/cmd/jdk1.8.0_391/lib/ct.sym(META-INF/sym/rt.jar/java/lang/RuntimeException.class): major version 52 is newer than 51, the highest major version supported by this compiler.\n    [javac]   It is recommended that the compiler be upgraded.\n    [javac] warning: /home/cmd/jdk1.8.0_391/lib/ct.sym(META-INF/sym/rt.jar/java/lang/Exception.class): major version 52 is newer than 51, the highest major version supported by this compiler.\n    [javac]   It is recommended that the compiler be upgraded.\n    [javac] warning: /home/cmd/jdk1.8.0_391/lib/ct.sym(META-INF/sym/rt.jar/java/lang/Throwable.class): major version 52 is newer than 51, the highest major version supported by this compiler.\n    [javac]   It is recommended that the compiler be upgraded.\n    [javac] /home/cmd/jdk1.8.0_391/lib/ct.sym(META-INF/sym/rt.jar/java/net/URL.class): warning: Cannot find annotation method 'value()' in type 'Profile+Annotation': class file for jdk.Profile+Annotation not found\n    [javac] /home/cmd/jdk1.8.0_391/lib/ct.sym(META-INF/sym/rt.jar/java/util/Map.class): warning: Cannot find annotation method 'value()' in type 'Profile+Annotation'\n    [javac] /home/cmd/jdk1.8.0_391/lib/ct.sym(META-INF/sym/rt.jar/java/util/Collection.class): warning: Cannot find annotation method 'value()' in type 'Profile+Annotation'\n    [javac] /home/cmd/jdk1.8.0_391/lib/ct.sym(META-INF/sym/rt.jar/java/io/IOException.class): warning: Cannot find annotation method 'value()' in type 'Profile+Annotation'\n    [javac] /home/cmd/jdk1.8.0_391/lib/ct.sym(META-INF/sym/rt.jar/java/lang/Object.class): warning: Cannot find annotation method 'value()' in type 'Profile+Annotation'\n    [javac] /home/cmd/jdk1.8.0_391/lib/ct.sym(META-INF/sym/rt.jar/java/lang/String.class): warning: Cannot find annotation method 'value()' in type 'Profile+Annotation'\n    [javac] /home/cmd/jdk1.8.0_391/lib/ct.sym(META-INF/sym/rt.jar/java/lang/Enum.class): warning: Cannot find annotation method 'value()' in type 'Profile+Annotation'\n    [javac] /home/cmd/jdk1.8.0_391/lib/ct.sym(META-INF/sym/rt.jar/java/lang/Comparable.class): warning: Cannot find annotation method 'value()' in type 'Profile+Annotation'\n    [javac] /home/cmd/jdk1.8.0_391/lib/ct.sym(META-INF/sym/rt.jar/java/io/Serializable.class): warning: Cannot find annotation method 'value()' in type 'Profile+Annotation'\n    [javac] /home/cmd/jdk1.8.0_391/lib/ct.sym(META-INF/sym/rt.jar/java/nio/charset/Charset.class): warning: Cannot find annotation method 'value()' in type 'Profile+Annotation'\n    [javac] /home/cmd/jdk1.8.0_391/lib/ct.sym(META-INF/sym/rt.jar/java/nio/charset/CharsetEncoder.class): warning: Cannot find annotation method 'value()' in type 'Profile+Annotation'\n    [javac] /home/cmd/jdk1.8.0_391/lib/ct.sym(META-INF/sym/rt.jar/java/util/ArrayList.class): warning: Cannot find annotation method 'value()' in type 'Profile+Annotation'\n    [javac] /home/cmd/jdk1.8.0_391/lib/ct.sym(META-INF/sym/rt.jar/java/util/List.class): warning: Cannot find annotation method 'value()' in type 'Profile+Annotation'\n    [javac] /home/cmd/jdk1.8.0_391/lib/ct.sym(META-INF/sym/rt.jar/java/util/regex/Pattern.class): warning: Cannot find annotation method 'value()' in type 'Profile+Annotation'\n    [javac] /home/cmd/jdk1.8.0_391/lib/ct.sym(META-INF/sym/rt.jar/java/util/regex/PatternSyntaxException.class): warning: Cannot find annotation method 'value()' in type 'Profile+Annotation'\n    [javac] /home/cmd/jdk1.8.0_391/lib/ct.sym(META-INF/sym/rt.jar/java/net/MalformedURLException.class): warning: Cannot find annotation method 'value()' in type 'Profile+Annotation'\n    [javac] /home/cmd/jdk1.8.0_391/lib/ct.sym(META-INF/sym/rt.jar/java/util/Collections.class): warning: Cannot find annotation method 'value()' in type 'Profile+Annotation'\n    [javac] /home/cmd/jdk1.8.0_391/lib/ct.sym(META-INF/sym/rt.jar/java/lang/Cloneable.class): warning: Cannot find annotation method 'value()' in type 'Profile+Annotation'\n    [javac] warning: /home/cmd/jdk1.8.0_391/lib/ct.sym(META-INF/sym/rt.jar/java/lang/Override.class): major version 52 is newer than 51, the highest major version supported by this compiler.\n    [javac]   It is recommended that the compiler be upgraded.\n    [javac] warning: /home/cmd/jdk1.8.0_391/lib/ct.sym(META-INF/sym/rt.jar/java/lang/annotation/Annotation.class): major version 52 is newer than 51, the highest major version supported by this compiler.\n    [javac]   It is recommended that the compiler be upgraded.\n    [javac] /home/cmd/jdk1.8.0_391/lib/ct.sym(META-INF/sym/rt.jar/java/util/HashMap.class): warning: Cannot find annotation method 'value()' in type 'Profile+Annotation'\n    [javac] /home/cmd/jdk1.8.0_391/lib/ct.sym(META-INF/sym/rt.jar/java/util/Set.class): warning: Cannot find annotation method 'value()' in type 'Profile+Annotation'\n    [javac] /home/cmd/jdk1.8.0_391/lib/ct.sym(META-INF/sym/rt.jar/java/lang/Iterable.class): warning: Cannot find annotation method 'value()' in type 'Profile+Annotation'\n    [javac] /home/cmd/jdk1.8.0_391/lib/ct.sym(META-INF/sym/rt.jar/java/lang/Integer.class): warning: Cannot find annotation method 'value()' in type 'Profile+Annotation'\n    [javac] /home/cmd/jdk1.8.0_391/lib/ct.sym(META-INF/sym/rt.jar/java/lang/StringBuilder.class): warning: Cannot find annotation method 'value()' in type 'Profile+Annotation'\n    [javac] /home/cmd/jdk1.8.0_391/lib/ct.sym(META-INF/sym/rt.jar/java/util/regex/Matcher.class): warning: Cannot find annotation method 'value()' in type 'Profile+Annotation'\n    [javac] /home/cmd/jdk1.8.0_391/lib/ct.sym(META-INF/sym/rt.jar/java/util/LinkedHashMap.class): warning: Cannot find annotation method 'value()' in type 'Profile+Annotation'\n    [javac] /home/cmd/jdk1.8.0_391/lib/ct.sym(META-INF/sym/rt.jar/java/util/Iterator.class): warning: Cannot find annotation method 'value()' in type 'Profile+Annotation'\n    [javac] /home/cmd/jdk1.8.0_391/lib/ct.sym(META-INF/sym/rt.jar/java/util/ListIterator.class): warning: Cannot find annotation method 'value()' in type 'Profile+Annotation'\n    [javac] /home/cmd/jdk1.8.0_391/lib/ct.sym(META-INF/sym/rt.jar/java/lang/Character.class): warning: Cannot find annotation method 'value()' in type 'Profile+Annotation'\n    [javac] /home/cmd/jdk1.8.0_391/lib/ct.sym(META-INF/sym/rt.jar/java/io/File.class): warning: Cannot find annotation method 'value()' in type 'Profile+Annotation'\n    [javac] /home/cmd/jdk1.8.0_391/lib/ct.sym(META-INF/sym/rt.jar/java/io/InputStream.class): warning: Cannot find annotation method 'value()' in type 'Profile+Annotation'\n    [javac] /home/cmd/jdk1.8.0_391/lib/ct.sym(META-INF/sym/rt.jar/java/util/HashSet.class): warning: Cannot find annotation method 'value()' in type 'Profile+Annotation'\n    [javac] /home/cmd/jdk1.8.0_391/lib/ct.sym(META-INF/sym/rt.jar/java/nio/ByteBuffer.class): warning: Cannot find annotation method 'value()' in type 'Profile+Annotation'\n    [javac] /home/cmd/jdk1.8.0_391/lib/ct.sym(META-INF/sym/rt.jar/java/util/LinkedList.class): warning: Cannot find annotation method 'value()' in type 'Profile+Annotation'\n    [javac] /home/cmd/jdk1.8.0_391/lib/ct.sym(META-INF/sym/rt.jar/java/util/Deque.class): warning: Cannot find annotation method 'value()' in type 'Profile+Annotation'\n    [javac] /home/cmd/jdk1.8.0_391/lib/ct.sym(META-INF/sym/rt.jar/java/util/Queue.class): warning: Cannot find annotation method 'value()' in type 'Profile+Annotation'\n    [javac] /home/cmd/jdk1.8.0_391/lib/ct.sym(META-INF/sym/rt.jar/java/util/AbstractSequentialList.class): warning: Cannot find annotation method 'value()' in type 'Profile+Annotation'\n    [javac] /home/cmd/jdk1.8.0_391/lib/ct.sym(META-INF/sym/rt.jar/java/util/AbstractList.class): warning: Cannot find annotation method 'value()' in type 'Profile+Annotation'\n    [javac] /home/cmd/jdk1.8.0_391/lib/ct.sym(META-INF/sym/rt.jar/java/util/AbstractCollection.class): warning: Cannot find annotation method 'value()' in type 'Profile+Annotation'\n    [javac] /home/cmd/jdk1.8.0_391/lib/ct.sym(META-INF/sym/rt.jar/java/net/HttpURLConnection.class): warning: Cannot find annotation method 'value()' in type 'Profile+Annotation'\n    [javac] /home/cmd/jdk1.8.0_391/lib/ct.sym(META-INF/sym/rt.jar/java/net/URLEncoder.class): warning: Cannot find annotation method 'value()' in type 'Profile+Annotation'\n    [javac] /home/cmd/jdk1.8.0_391/lib/ct.sym(META-INF/sym/rt.jar/java/util/zip/GZIPInputStream.class): warning: Cannot find annotation method 'value()' in type 'Profile+Annotation'\n    [javac] warning: /home/cmd/jdk1.8.0_391/lib/ct.sym(META-INF/sym/rt.jar/java/lang/annotation/Target.class): major version 52 is newer than 51, the highest major version supported by this compiler.\n    [javac]   It is recommended that the compiler be upgraded.\n    [javac] warning: /home/cmd/jdk1.8.0_391/lib/ct.sym(META-INF/sym/rt.jar/java/lang/annotation/ElementType.class): major version 52 is newer than 51, the highest major version supported by this compiler.\n    [javac]   It is recommended that the compiler be upgraded.\n    [javac] warning: /home/cmd/jdk1.8.0_391/lib/ct.sym(META-INF/sym/rt.jar/java/lang/annotation/Retention.class): major version 52 is newer than 51, the highest major version supported by this compiler.\n    [javac]   It is recommended that the compiler be upgraded.\n    [javac] warning: /home/cmd/jdk1.8.0_391/lib/ct.sym(META-INF/sym/rt.jar/java/lang/annotation/RetentionPolicy.class): major version 52 is newer than 51, the highest major version supported by this compiler.\n    [javac]   It is recommended that the compiler be upgraded.\n    [javac] /data/cmd/Ming/llm-fl-apr/tmp/Jsoup_19-prompt_apr_5-deepseek-chat/src/main/java/org/jsoup/safety/Whitelist.java:341: error: cannot find symbol\n    [javac] if (!preserveRelativeLinks && value != null && !value.isEmpty()) attr.setValue(value);        if (!preserveRelativeLinks)\n    [javac]                               ^\n    [javac]   symbol:   variable value\n    [javac]   location: class Whitelist\n    [javac] /data/cmd/Ming/llm-fl-apr/tmp/Jsoup_19-prompt_apr_5-deepseek-chat/src/main/java/org/jsoup/safety/Whitelist.java:341: error: cannot find symbol\n    [javac] if (!preserveRelativeLinks && value != null && !value.isEmpty()) attr.setValue(value);        if (!preserveRelativeLinks)\n    [javac]                                                 ^\n    [javac]   symbol:   variable value\n    [javac]   location: class Whitelist\n    [javac] /data/cmd/Ming/llm-fl-apr/tmp/Jsoup_19-prompt_apr_5-deepseek-chat/src/main/java/org/jsoup/safety/Whitelist.java:341: error: cannot find symbol\n    [javac] if (!preserveRelativeLinks && value != null && !value.isEmpty()) attr.setValue(value);        if (!preserveRelativeLinks)\n    [javac]                                                                                ^\n    [javac]   symbol:   variable value\n    [javac]   location: class Whitelist\n    [javac] /data/cmd/Ming/llm-fl-apr/tmp/Jsoup_19-prompt_apr_5-deepseek-chat/src/main/java/org/jsoup/safety/Whitelist.java:342: error: cannot find symbol\n    [javac]             attr.setValue(value);\n    [javac]                           ^\n    [javac]   symbol:   variable value\n    [javac]   location: class Whitelist\n    [javac] /data/cmd/Ming/llm-fl-apr/tmp/Jsoup_19-prompt_apr_5-deepseek-chat/src/main/java/org/jsoup/safety/Whitelist.java:346: error: cannot find symbol\n    [javac]             if (value.toLowerCase().startsWith(prot)) {\n    [javac]                 ^\n    [javac]   symbol:   variable value\n    [javac]   location: class Whitelist\n    [javac] 5 errors\n    [javac] 100 warnings\n\nBUILD FAILED\n/data/cmd/Ming/llm-fl-apr/tmp/Jsoup_19-prompt_apr_5-deepseek-chat/maven-build.xml:74: Compile failed; see the compiler error output for details.\n\nTotal time: 4 seconds\nCannot compile sources! at /data/cmd/Ming/LLM_Based-Mutation/tools/mutant/defects4j-2.1.0/framework/bin/d4j/d4j-compile line 82.\nCompilation failed in require at /data/cmd/Ming/LLM_Based-Mutation/tools/mutant/defects4j-2.1.0/framework/bin/defects4j line 195.\n"
                }
            }
        },
        "prompt_apr_6": {
            "ernie-3.5-128k": {
                "compile": {
                    "rc": 0,
                    "so": "",
                    "se": "Running ant (compile)...................................................... OK\nRunning ant (compile.tests)................................................ OK\n"
                },
                "test": {
                    "rc": 0,
                    "so": "Failing tests: 1\n  - org.jsoup.safety.CleanerTest::handlesCustomProtocols\n",
                    "se": "Running ant (compile.tests)................................................ OK\nRunning ant (run.dev.tests)................................................ OK\n"
                }
            },
            "qwen-turbo": {
                "compile": {
                    "rc": 0,
                    "so": "",
                    "se": "Running ant (compile)...................................................... OK\nRunning ant (compile.tests)................................................ OK\n"
                },
                "test": {
                    "rc": 0,
                    "so": "Failing tests: 1\n  - org.jsoup.safety.CleanerTest::handlesCustomProtocols\n",
                    "se": "Running ant (compile.tests)................................................ OK\nRunning ant (run.dev.tests)................................................ OK\n"
                }
            },
            "doubao-pro-4k": {
                "compile": {
                    "rc": 0,
                    "so": "",
                    "se": "Running ant (compile)...................................................... OK\nRunning ant (compile.tests)................................................ OK\n"
                },
                "test": {
                    "rc": 0,
                    "so": "Failing tests: 1\n  - org.jsoup.safety.CleanerTest::handlesCustomProtocols\n",
                    "se": "Running ant (compile.tests)................................................ OK\nRunning ant (run.dev.tests)................................................ OK\n"
                }
            },
            "gpt-4o-mini": {
                "compile": {
                    "rc": 1,
                    "so": "",
                    "se": "Running ant (compile)...................................................... FAIL\nExecuted command:  cd /data/cmd/Ming/llm-fl-apr/tmp/Jsoup_19-prompt_apr_6-gpt-4o-mini && /data/cmd/Ming/LLM_Based-Mutation/tools/mutant/defects4j-2.1.0/major/bin/ant -f /data/cmd/Ming/LLM_Based-Mutation/tools/mutant/defects4j-2.1.0/framework/projects/defects4j.build.xml -Dd4j.home=/data/cmd/Ming/LLM_Based-Mutation/tools/mutant/defects4j-2.1.0 -Dd4j.dir.projects=/data/cmd/Ming/LLM_Based-Mutation/tools/mutant/defects4j-2.1.0/framework/projects -Dbasedir=/data/cmd/Ming/llm-fl-apr/tmp/Jsoup_19-prompt_apr_6-gpt-4o-mini -Dbuild.compiler=javac1.7  compile 2>&1\nJava HotSpot(TM) 64-Bit Server VM warning: ignoring option MaxPermSize=1G; support was removed in 8.0\nBuildfile: /data/cmd/Ming/LLM_Based-Mutation/tools/mutant/defects4j-2.1.0/framework/projects/defects4j.build.xml\n\ntest-offline:\n\nget-deps:\n\njsoup-from-maven.compile:\n    [mkdir] Created dir: /data/cmd/Ming/llm-fl-apr/tmp/Jsoup_19-prompt_apr_6-gpt-4o-mini/target/classes\n    [javac] /data/cmd/Ming/llm-fl-apr/tmp/Jsoup_19-prompt_apr_6-gpt-4o-mini/maven-build.xml:74: warning: 'includeantruntime' was not set, defaulting to build.sysclasspath=last; set to false for repeatable builds\n    [javac] Compiling 46 source files to /data/cmd/Ming/llm-fl-apr/tmp/Jsoup_19-prompt_apr_6-gpt-4o-mini/target/classes\n    [javac] warning: [options] bootstrap class path not set in conjunction with -source 1.5\n    [javac] /data/cmd/Ming/llm-fl-apr/tmp/Jsoup_19-prompt_apr_6-gpt-4o-mini/src/main/java/org/jsoup/safety/Whitelist.java:349: error: illegal start of type\n    [javac]         return false;\n    [javac]         ^\n    [javac] /data/cmd/Ming/llm-fl-apr/tmp/Jsoup_19-prompt_apr_6-gpt-4o-mini/src/main/java/org/jsoup/safety/Whitelist.java:349: error: ';' expected\n    [javac]         return false;\n    [javac]               ^\n    [javac] /data/cmd/Ming/llm-fl-apr/tmp/Jsoup_19-prompt_apr_6-gpt-4o-mini/src/main/java/org/jsoup/safety/Whitelist.java:352: error: class, interface, or enum expected\n    [javac]     Attributes getEnforcedAttributes(String tagName) {\n    [javac]     ^\n    [javac] /data/cmd/Ming/llm-fl-apr/tmp/Jsoup_19-prompt_apr_6-gpt-4o-mini/src/main/java/org/jsoup/safety/Whitelist.java:354: error: class, interface, or enum expected\n    [javac]         TagName tag = TagName.valueOf(tagName);\n    [javac]         ^\n    [javac] /data/cmd/Ming/llm-fl-apr/tmp/Jsoup_19-prompt_apr_6-gpt-4o-mini/src/main/java/org/jsoup/safety/Whitelist.java:355: error: class, interface, or enum expected\n    [javac]         if (enforcedAttributes.containsKey(tag)) {\n    [javac]         ^\n    [javac] /data/cmd/Ming/llm-fl-apr/tmp/Jsoup_19-prompt_apr_6-gpt-4o-mini/src/main/java/org/jsoup/safety/Whitelist.java:357: error: class, interface, or enum expected\n    [javac]             for (Map.Entry<AttributeKey, AttributeValue> entry : keyVals.entrySet()) {\n    [javac]             ^\n    [javac] /data/cmd/Ming/llm-fl-apr/tmp/Jsoup_19-prompt_apr_6-gpt-4o-mini/src/main/java/org/jsoup/safety/Whitelist.java:359: error: class, interface, or enum expected\n    [javac]             }\n    [javac]             ^\n    [javac] /data/cmd/Ming/llm-fl-apr/tmp/Jsoup_19-prompt_apr_6-gpt-4o-mini/src/main/java/org/jsoup/safety/Whitelist.java:362: error: class, interface, or enum expected\n    [javac]     }\n    [javac]     ^\n    [javac] /data/cmd/Ming/llm-fl-apr/tmp/Jsoup_19-prompt_apr_6-gpt-4o-mini/src/main/java/org/jsoup/safety/Whitelist.java:439: error: class, interface, or enum expected\n    [javac] }\n    [javac] ^\n    [javac] 9 errors\n    [javac] 1 warning\n\nBUILD FAILED\n/data/cmd/Ming/llm-fl-apr/tmp/Jsoup_19-prompt_apr_6-gpt-4o-mini/maven-build.xml:74: Compile failed; see the compiler error output for details.\n\nTotal time: 2 seconds\nCannot compile sources! at /data/cmd/Ming/LLM_Based-Mutation/tools/mutant/defects4j-2.1.0/framework/bin/d4j/d4j-compile line 82.\nCompilation failed in require at /data/cmd/Ming/LLM_Based-Mutation/tools/mutant/defects4j-2.1.0/framework/bin/defects4j line 195.\n"
                }
            },
            "deepseek-chat": {
                "compile": {
                    "rc": 1,
                    "so": "",
                    "se": "Running ant (compile)...................................................... FAIL\nExecuted command:  cd /data/cmd/Ming/llm-fl-apr/tmp/Jsoup_19-prompt_apr_6-deepseek-chat && /data/cmd/Ming/LLM_Based-Mutation/tools/mutant/defects4j-2.1.0/major/bin/ant -f /data/cmd/Ming/LLM_Based-Mutation/tools/mutant/defects4j-2.1.0/framework/projects/defects4j.build.xml -Dd4j.home=/data/cmd/Ming/LLM_Based-Mutation/tools/mutant/defects4j-2.1.0 -Dd4j.dir.projects=/data/cmd/Ming/LLM_Based-Mutation/tools/mutant/defects4j-2.1.0/framework/projects -Dbasedir=/data/cmd/Ming/llm-fl-apr/tmp/Jsoup_19-prompt_apr_6-deepseek-chat -Dbuild.compiler=javac1.7  compile 2>&1\nJava HotSpot(TM) 64-Bit Server VM warning: ignoring option MaxPermSize=1G; support was removed in 8.0\nBuildfile: /data/cmd/Ming/LLM_Based-Mutation/tools/mutant/defects4j-2.1.0/framework/projects/defects4j.build.xml\n\ntest-offline:\n\nget-deps:\n\njsoup-from-maven.compile:\n    [mkdir] Created dir: /data/cmd/Ming/llm-fl-apr/tmp/Jsoup_19-prompt_apr_6-deepseek-chat/target/classes\n    [javac] /data/cmd/Ming/llm-fl-apr/tmp/Jsoup_19-prompt_apr_6-deepseek-chat/maven-build.xml:74: warning: 'includeantruntime' was not set, defaulting to build.sysclasspath=last; set to false for repeatable builds\n    [javac] Compiling 46 source files to /data/cmd/Ming/llm-fl-apr/tmp/Jsoup_19-prompt_apr_6-deepseek-chat/target/classes\n    [javac] warning: [options] bootstrap class path not set in conjunction with -source 1.5\n    [javac] warning: /home/cmd/jdk1.8.0_391/lib/ct.sym(META-INF/sym/rt.jar/java/net/URL.class): major version 52 is newer than 51, the highest major version supported by this compiler.\n    [javac]   It is recommended that the compiler be upgraded.\n    [javac] warning: /home/cmd/jdk1.8.0_391/lib/ct.sym(META-INF/sym/rt.jar/java/util/Map.class): major version 52 is newer than 51, the highest major version supported by this compiler.\n    [javac]   It is recommended that the compiler be upgraded.\n    [javac] warning: /home/cmd/jdk1.8.0_391/lib/ct.sym(META-INF/sym/rt.jar/java/util/Collection.class): major version 52 is newer than 51, the highest major version supported by this compiler.\n    [javac]   It is recommended that the compiler be upgraded.\n    [javac] warning: /home/cmd/jdk1.8.0_391/lib/ct.sym(META-INF/sym/rt.jar/java/io/IOException.class): major version 52 is newer than 51, the highest major version supported by this compiler.\n    [javac]   It is recommended that the compiler be upgraded.\n    [javac] warning: /home/cmd/jdk1.8.0_391/lib/ct.sym(META-INF/sym/rt.jar/java/lang/Object.class): major version 52 is newer than 51, the highest major version supported by this compiler.\n    [javac]   It is recommended that the compiler be upgraded.\n    [javac] warning: /home/cmd/jdk1.8.0_391/lib/ct.sym(META-INF/sym/rt.jar/java/lang/String.class): major version 52 is newer than 51, the highest major version supported by this compiler.\n    [javac]   It is recommended that the compiler be upgraded.\n    [javac] warning: /home/cmd/jdk1.8.0_391/lib/ct.sym(META-INF/sym/rt.jar/java/lang/Enum.class): major version 52 is newer than 51, the highest major version supported by this compiler.\n    [javac]   It is recommended that the compiler be upgraded.\n    [javac] warning: /home/cmd/jdk1.8.0_391/lib/ct.sym(META-INF/sym/rt.jar/java/lang/Comparable.class): major version 52 is newer than 51, the highest major version supported by this compiler.\n    [javac]   It is recommended that the compiler be upgraded.\n    [javac] warning: /home/cmd/jdk1.8.0_391/lib/ct.sym(META-INF/sym/rt.jar/java/io/Serializable.class): major version 52 is newer than 51, the highest major version supported by this compiler.\n    [javac]   It is recommended that the compiler be upgraded.\n    [javac] warning: /home/cmd/jdk1.8.0_391/lib/ct.sym(META-INF/sym/rt.jar/java/nio/charset/Charset.class): major version 52 is newer than 51, the highest major version supported by this compiler.\n    [javac]   It is recommended that the compiler be upgraded.\n    [javac] warning: /home/cmd/jdk1.8.0_391/lib/ct.sym(META-INF/sym/rt.jar/java/nio/charset/CharsetEncoder.class): major version 52 is newer than 51, the highest major version supported by this compiler.\n    [javac]   It is recommended that the compiler be upgraded.\n    [javac] warning: /home/cmd/jdk1.8.0_391/lib/ct.sym(META-INF/sym/rt.jar/java/util/ArrayList.class): major version 52 is newer than 51, the highest major version supported by this compiler.\n    [javac]   It is recommended that the compiler be upgraded.\n    [javac] warning: /home/cmd/jdk1.8.0_391/lib/ct.sym(META-INF/sym/rt.jar/java/util/List.class): major version 52 is newer than 51, the highest major version supported by this compiler.\n    [javac]   It is recommended that the compiler be upgraded.\n    [javac] warning: /home/cmd/jdk1.8.0_391/lib/ct.sym(META-INF/sym/rt.jar/java/util/regex/Pattern.class): major version 52 is newer than 51, the highest major version supported by this compiler.\n    [javac]   It is recommended that the compiler be upgraded.\n    [javac] warning: /home/cmd/jdk1.8.0_391/lib/ct.sym(META-INF/sym/rt.jar/java/util/regex/PatternSyntaxException.class): major version 52 is newer than 51, the highest major version supported by this compiler.\n    [javac]   It is recommended that the compiler be upgraded.\n    [javac] warning: /home/cmd/jdk1.8.0_391/lib/ct.sym(META-INF/sym/rt.jar/java/net/MalformedURLException.class): major version 52 is newer than 51, the highest major version supported by this compiler.\n    [javac]   It is recommended that the compiler be upgraded.\n    [javac] warning: /home/cmd/jdk1.8.0_391/lib/ct.sym(META-INF/sym/rt.jar/java/util/Collections.class): major version 52 is newer than 51, the highest major version supported by this compiler.\n    [javac]   It is recommended that the compiler be upgraded.\n    [javac] warning: /home/cmd/jdk1.8.0_391/lib/ct.sym(META-INF/sym/rt.jar/java/lang/Cloneable.class): major version 52 is newer than 51, the highest major version supported by this compiler.\n    [javac]   It is recommended that the compiler be upgraded.\n    [javac] warning: /home/cmd/jdk1.8.0_391/lib/ct.sym(META-INF/sym/rt.jar/java/util/HashMap.class): major version 52 is newer than 51, the highest major version supported by this compiler.\n    [javac]   It is recommended that the compiler be upgraded.\n    [javac] warning: /home/cmd/jdk1.8.0_391/lib/ct.sym(META-INF/sym/rt.jar/java/util/Set.class): major version 52 is newer than 51, the highest major version supported by this compiler.\n    [javac]   It is recommended that the compiler be upgraded.\n    [javac] warning: /home/cmd/jdk1.8.0_391/lib/ct.sym(META-INF/sym/rt.jar/java/lang/Iterable.class): major version 52 is newer than 51, the highest major version supported by this compiler.\n    [javac]   It is recommended that the compiler be upgraded.\n    [javac] warning: /home/cmd/jdk1.8.0_391/lib/ct.sym(META-INF/sym/rt.jar/java/util/Map$Entry.class): major version 52 is newer than 51, the highest major version supported by this compiler.\n    [javac]   It is recommended that the compiler be upgraded.\n    [javac] warning: /home/cmd/jdk1.8.0_391/lib/ct.sym(META-INF/sym/rt.jar/java/lang/Integer.class): major version 52 is newer than 51, the highest major version supported by this compiler.\n    [javac]   It is recommended that the compiler be upgraded.\n    [javac] warning: /home/cmd/jdk1.8.0_391/lib/ct.sym(META-INF/sym/rt.jar/java/lang/StringBuilder.class): major version 52 is newer than 51, the highest major version supported by this compiler.\n    [javac]   It is recommended that the compiler be upgraded.\n    [javac] warning: /home/cmd/jdk1.8.0_391/lib/ct.sym(META-INF/sym/rt.jar/java/util/regex/Matcher.class): major version 52 is newer than 51, the highest major version supported by this compiler.\n    [javac]   It is recommended that the compiler be upgraded.\n    [javac] warning: /home/cmd/jdk1.8.0_391/lib/ct.sym(META-INF/sym/rt.jar/java/util/LinkedHashMap.class): major version 52 is newer than 51, the highest major version supported by this compiler.\n    [javac]   It is recommended that the compiler be upgraded.\n    [javac] warning: /home/cmd/jdk1.8.0_391/lib/ct.sym(META-INF/sym/rt.jar/java/util/Iterator.class): major version 52 is newer than 51, the highest major version supported by this compiler.\n    [javac]   It is recommended that the compiler be upgraded.\n    [javac] warning: /home/cmd/jdk1.8.0_391/lib/ct.sym(META-INF/sym/rt.jar/java/util/ListIterator.class): major version 52 is newer than 51, the highest major version supported by this compiler.\n    [javac]   It is recommended that the compiler be upgraded.\n    [javac] warning: /home/cmd/jdk1.8.0_391/lib/ct.sym(META-INF/sym/rt.jar/java/lang/Character.class): major version 52 is newer than 51, the highest major version supported by this compiler.\n    [javac]   It is recommended that the compiler be upgraded.\n    [javac] warning: /home/cmd/jdk1.8.0_391/lib/ct.sym(META-INF/sym/rt.jar/java/io/File.class): major version 52 is newer than 51, the highest major version supported by this compiler.\n    [javac]   It is recommended that the compiler be upgraded.\n    [javac] warning: /home/cmd/jdk1.8.0_391/lib/ct.sym(META-INF/sym/rt.jar/java/io/InputStream.class): major version 52 is newer than 51, the highest major version supported by this compiler.\n    [javac]   It is recommended that the compiler be upgraded.\n    [javac] warning: /home/cmd/jdk1.8.0_391/lib/ct.sym(META-INF/sym/rt.jar/java/util/HashSet.class): major version 52 is newer than 51, the highest major version supported by this compiler.\n    [javac]   It is recommended that the compiler be upgraded.\n    [javac] warning: /home/cmd/jdk1.8.0_391/lib/ct.sym(META-INF/sym/rt.jar/java/nio/ByteBuffer.class): major version 52 is newer than 51, the highest major version supported by this compiler.\n    [javac]   It is recommended that the compiler be upgraded.\n    [javac] warning: /home/cmd/jdk1.8.0_391/lib/ct.sym(META-INF/sym/rt.jar/java/util/LinkedList.class): major version 52 is newer than 51, the highest major version supported by this compiler.\n    [javac]   It is recommended that the compiler be upgraded.\n    [javac] warning: /home/cmd/jdk1.8.0_391/lib/ct.sym(META-INF/sym/rt.jar/java/util/Deque.class): major version 52 is newer than 51, the highest major version supported by this compiler.\n    [javac]   It is recommended that the compiler be upgraded.\n    [javac] warning: /home/cmd/jdk1.8.0_391/lib/ct.sym(META-INF/sym/rt.jar/java/util/Queue.class): major version 52 is newer than 51, the highest major version supported by this compiler.\n    [javac]   It is recommended that the compiler be upgraded.\n    [javac] warning: /home/cmd/jdk1.8.0_391/lib/ct.sym(META-INF/sym/rt.jar/java/util/AbstractSequentialList.class): major version 52 is newer than 51, the highest major version supported by this compiler.\n    [javac]   It is recommended that the compiler be upgraded.\n    [javac] warning: /home/cmd/jdk1.8.0_391/lib/ct.sym(META-INF/sym/rt.jar/java/util/AbstractList.class): major version 52 is newer than 51, the highest major version supported by this compiler.\n    [javac]   It is recommended that the compiler be upgraded.\n    [javac] warning: /home/cmd/jdk1.8.0_391/lib/ct.sym(META-INF/sym/rt.jar/java/util/AbstractCollection.class): major version 52 is newer than 51, the highest major version supported by this compiler.\n    [javac]   It is recommended that the compiler be upgraded.\n    [javac] warning: /home/cmd/jdk1.8.0_391/lib/ct.sym(META-INF/sym/rt.jar/java/net/HttpURLConnection.class): major version 52 is newer than 51, the highest major version supported by this compiler.\n    [javac]   It is recommended that the compiler be upgraded.\n    [javac] warning: /home/cmd/jdk1.8.0_391/lib/ct.sym(META-INF/sym/rt.jar/java/net/URLEncoder.class): major version 52 is newer than 51, the highest major version supported by this compiler.\n    [javac]   It is recommended that the compiler be upgraded.\n    [javac] warning: /home/cmd/jdk1.8.0_391/lib/ct.sym(META-INF/sym/rt.jar/java/util/zip/GZIPInputStream.class): major version 52 is newer than 51, the highest major version supported by this compiler.\n    [javac]   It is recommended that the compiler be upgraded.\n    [javac] warning: /home/cmd/jdk1.8.0_391/lib/ct.sym(META-INF/sym/rt.jar/java/lang/SuppressWarnings.class): major version 52 is newer than 51, the highest major version supported by this compiler.\n    [javac]   It is recommended that the compiler be upgraded.\n    [javac] warning: /home/cmd/jdk1.8.0_391/lib/ct.sym(META-INF/sym/rt.jar/java/io/OutputStream.class): major version 52 is newer than 51, the highest major version supported by this compiler.\n    [javac]   It is recommended that the compiler be upgraded.\n    [javac] warning: /home/cmd/jdk1.8.0_391/lib/ct.sym(META-INF/sym/rt.jar/java/util/AbstractMap.class): major version 52 is newer than 51, the highest major version supported by this compiler.\n    [javac]   It is recommended that the compiler be upgraded.\n    [javac] warning: /home/cmd/jdk1.8.0_391/lib/ct.sym(META-INF/sym/rt.jar/java/util/AbstractSet.class): major version 52 is newer than 51, the highest major version supported by this compiler.\n    [javac]   It is recommended that the compiler be upgraded.\n    [javac] warning: /home/cmd/jdk1.8.0_391/lib/ct.sym(META-INF/sym/rt.jar/java/util/Arrays.class): major version 52 is newer than 51, the highest major version supported by this compiler.\n    [javac]   It is recommended that the compiler be upgraded.\n    [javac] warning: /home/cmd/jdk1.8.0_391/lib/ct.sym(META-INF/sym/rt.jar/java/util/LinkedHashSet.class): major version 52 is newer than 51, the highest major version supported by this compiler.\n    [javac]   It is recommended that the compiler be upgraded.\n    [javac] warning: /home/cmd/jdk1.8.0_391/lib/ct.sym(META-INF/sym/rt.jar/java/lang/IllegalStateException.class): major version 52 is newer than 51, the highest major version supported by this compiler.\n    [javac]   It is recommended that the compiler be upgraded.\n    [javac] warning: /home/cmd/jdk1.8.0_391/lib/ct.sym(META-INF/sym/rt.jar/java/lang/RuntimeException.class): major version 52 is newer than 51, the highest major version supported by this compiler.\n    [javac]   It is recommended that the compiler be upgraded.\n    [javac] warning: /home/cmd/jdk1.8.0_391/lib/ct.sym(META-INF/sym/rt.jar/java/lang/Exception.class): major version 52 is newer than 51, the highest major version supported by this compiler.\n    [javac]   It is recommended that the compiler be upgraded.\n    [javac] warning: /home/cmd/jdk1.8.0_391/lib/ct.sym(META-INF/sym/rt.jar/java/lang/Throwable.class): major version 52 is newer than 51, the highest major version supported by this compiler.\n    [javac]   It is recommended that the compiler be upgraded.\n    [javac] /home/cmd/jdk1.8.0_391/lib/ct.sym(META-INF/sym/rt.jar/java/net/URL.class): warning: Cannot find annotation method 'value()' in type 'Profile+Annotation': class file for jdk.Profile+Annotation not found\n    [javac] /home/cmd/jdk1.8.0_391/lib/ct.sym(META-INF/sym/rt.jar/java/util/Map.class): warning: Cannot find annotation method 'value()' in type 'Profile+Annotation'\n    [javac] /home/cmd/jdk1.8.0_391/lib/ct.sym(META-INF/sym/rt.jar/java/util/Collection.class): warning: Cannot find annotation method 'value()' in type 'Profile+Annotation'\n    [javac] /home/cmd/jdk1.8.0_391/lib/ct.sym(META-INF/sym/rt.jar/java/io/IOException.class): warning: Cannot find annotation method 'value()' in type 'Profile+Annotation'\n    [javac] /home/cmd/jdk1.8.0_391/lib/ct.sym(META-INF/sym/rt.jar/java/lang/Object.class): warning: Cannot find annotation method 'value()' in type 'Profile+Annotation'\n    [javac] /home/cmd/jdk1.8.0_391/lib/ct.sym(META-INF/sym/rt.jar/java/lang/String.class): warning: Cannot find annotation method 'value()' in type 'Profile+Annotation'\n    [javac] /home/cmd/jdk1.8.0_391/lib/ct.sym(META-INF/sym/rt.jar/java/lang/Enum.class): warning: Cannot find annotation method 'value()' in type 'Profile+Annotation'\n    [javac] /home/cmd/jdk1.8.0_391/lib/ct.sym(META-INF/sym/rt.jar/java/lang/Comparable.class): warning: Cannot find annotation method 'value()' in type 'Profile+Annotation'\n    [javac] /home/cmd/jdk1.8.0_391/lib/ct.sym(META-INF/sym/rt.jar/java/io/Serializable.class): warning: Cannot find annotation method 'value()' in type 'Profile+Annotation'\n    [javac] /home/cmd/jdk1.8.0_391/lib/ct.sym(META-INF/sym/rt.jar/java/nio/charset/Charset.class): warning: Cannot find annotation method 'value()' in type 'Profile+Annotation'\n    [javac] /home/cmd/jdk1.8.0_391/lib/ct.sym(META-INF/sym/rt.jar/java/nio/charset/CharsetEncoder.class): warning: Cannot find annotation method 'value()' in type 'Profile+Annotation'\n    [javac] /home/cmd/jdk1.8.0_391/lib/ct.sym(META-INF/sym/rt.jar/java/util/ArrayList.class): warning: Cannot find annotation method 'value()' in type 'Profile+Annotation'\n    [javac] /home/cmd/jdk1.8.0_391/lib/ct.sym(META-INF/sym/rt.jar/java/util/List.class): warning: Cannot find annotation method 'value()' in type 'Profile+Annotation'\n    [javac] /home/cmd/jdk1.8.0_391/lib/ct.sym(META-INF/sym/rt.jar/java/util/regex/Pattern.class): warning: Cannot find annotation method 'value()' in type 'Profile+Annotation'\n    [javac] /home/cmd/jdk1.8.0_391/lib/ct.sym(META-INF/sym/rt.jar/java/util/regex/PatternSyntaxException.class): warning: Cannot find annotation method 'value()' in type 'Profile+Annotation'\n    [javac] /home/cmd/jdk1.8.0_391/lib/ct.sym(META-INF/sym/rt.jar/java/net/MalformedURLException.class): warning: Cannot find annotation method 'value()' in type 'Profile+Annotation'\n    [javac] /home/cmd/jdk1.8.0_391/lib/ct.sym(META-INF/sym/rt.jar/java/util/Collections.class): warning: Cannot find annotation method 'value()' in type 'Profile+Annotation'\n    [javac] /home/cmd/jdk1.8.0_391/lib/ct.sym(META-INF/sym/rt.jar/java/lang/Cloneable.class): warning: Cannot find annotation method 'value()' in type 'Profile+Annotation'\n    [javac] warning: /home/cmd/jdk1.8.0_391/lib/ct.sym(META-INF/sym/rt.jar/java/lang/Override.class): major version 52 is newer than 51, the highest major version supported by this compiler.\n    [javac]   It is recommended that the compiler be upgraded.\n    [javac] warning: /home/cmd/jdk1.8.0_391/lib/ct.sym(META-INF/sym/rt.jar/java/lang/annotation/Annotation.class): major version 52 is newer than 51, the highest major version supported by this compiler.\n    [javac]   It is recommended that the compiler be upgraded.\n    [javac] /home/cmd/jdk1.8.0_391/lib/ct.sym(META-INF/sym/rt.jar/java/util/HashMap.class): warning: Cannot find annotation method 'value()' in type 'Profile+Annotation'\n    [javac] /home/cmd/jdk1.8.0_391/lib/ct.sym(META-INF/sym/rt.jar/java/util/Set.class): warning: Cannot find annotation method 'value()' in type 'Profile+Annotation'\n    [javac] /home/cmd/jdk1.8.0_391/lib/ct.sym(META-INF/sym/rt.jar/java/lang/Iterable.class): warning: Cannot find annotation method 'value()' in type 'Profile+Annotation'\n    [javac] /home/cmd/jdk1.8.0_391/lib/ct.sym(META-INF/sym/rt.jar/java/lang/Integer.class): warning: Cannot find annotation method 'value()' in type 'Profile+Annotation'\n    [javac] /home/cmd/jdk1.8.0_391/lib/ct.sym(META-INF/sym/rt.jar/java/lang/StringBuilder.class): warning: Cannot find annotation method 'value()' in type 'Profile+Annotation'\n    [javac] /home/cmd/jdk1.8.0_391/lib/ct.sym(META-INF/sym/rt.jar/java/util/regex/Matcher.class): warning: Cannot find annotation method 'value()' in type 'Profile+Annotation'\n    [javac] /home/cmd/jdk1.8.0_391/lib/ct.sym(META-INF/sym/rt.jar/java/util/LinkedHashMap.class): warning: Cannot find annotation method 'value()' in type 'Profile+Annotation'\n    [javac] /home/cmd/jdk1.8.0_391/lib/ct.sym(META-INF/sym/rt.jar/java/util/Iterator.class): warning: Cannot find annotation method 'value()' in type 'Profile+Annotation'\n    [javac] /home/cmd/jdk1.8.0_391/lib/ct.sym(META-INF/sym/rt.jar/java/util/ListIterator.class): warning: Cannot find annotation method 'value()' in type 'Profile+Annotation'\n    [javac] /home/cmd/jdk1.8.0_391/lib/ct.sym(META-INF/sym/rt.jar/java/lang/Character.class): warning: Cannot find annotation method 'value()' in type 'Profile+Annotation'\n    [javac] /home/cmd/jdk1.8.0_391/lib/ct.sym(META-INF/sym/rt.jar/java/io/File.class): warning: Cannot find annotation method 'value()' in type 'Profile+Annotation'\n    [javac] /home/cmd/jdk1.8.0_391/lib/ct.sym(META-INF/sym/rt.jar/java/io/InputStream.class): warning: Cannot find annotation method 'value()' in type 'Profile+Annotation'\n    [javac] /home/cmd/jdk1.8.0_391/lib/ct.sym(META-INF/sym/rt.jar/java/util/HashSet.class): warning: Cannot find annotation method 'value()' in type 'Profile+Annotation'\n    [javac] /home/cmd/jdk1.8.0_391/lib/ct.sym(META-INF/sym/rt.jar/java/nio/ByteBuffer.class): warning: Cannot find annotation method 'value()' in type 'Profile+Annotation'\n    [javac] /home/cmd/jdk1.8.0_391/lib/ct.sym(META-INF/sym/rt.jar/java/util/LinkedList.class): warning: Cannot find annotation method 'value()' in type 'Profile+Annotation'\n    [javac] /home/cmd/jdk1.8.0_391/lib/ct.sym(META-INF/sym/rt.jar/java/util/Deque.class): warning: Cannot find annotation method 'value()' in type 'Profile+Annotation'\n    [javac] /home/cmd/jdk1.8.0_391/lib/ct.sym(META-INF/sym/rt.jar/java/util/Queue.class): warning: Cannot find annotation method 'value()' in type 'Profile+Annotation'\n    [javac] /home/cmd/jdk1.8.0_391/lib/ct.sym(META-INF/sym/rt.jar/java/util/AbstractSequentialList.class): warning: Cannot find annotation method 'value()' in type 'Profile+Annotation'\n    [javac] /home/cmd/jdk1.8.0_391/lib/ct.sym(META-INF/sym/rt.jar/java/util/AbstractList.class): warning: Cannot find annotation method 'value()' in type 'Profile+Annotation'\n    [javac] /home/cmd/jdk1.8.0_391/lib/ct.sym(META-INF/sym/rt.jar/java/util/AbstractCollection.class): warning: Cannot find annotation method 'value()' in type 'Profile+Annotation'\n    [javac] /home/cmd/jdk1.8.0_391/lib/ct.sym(META-INF/sym/rt.jar/java/net/HttpURLConnection.class): warning: Cannot find annotation method 'value()' in type 'Profile+Annotation'\n    [javac] /home/cmd/jdk1.8.0_391/lib/ct.sym(META-INF/sym/rt.jar/java/net/URLEncoder.class): warning: Cannot find annotation method 'value()' in type 'Profile+Annotation'\n    [javac] /home/cmd/jdk1.8.0_391/lib/ct.sym(META-INF/sym/rt.jar/java/util/zip/GZIPInputStream.class): warning: Cannot find annotation method 'value()' in type 'Profile+Annotation'\n    [javac] warning: /home/cmd/jdk1.8.0_391/lib/ct.sym(META-INF/sym/rt.jar/java/lang/annotation/Target.class): major version 52 is newer than 51, the highest major version supported by this compiler.\n    [javac]   It is recommended that the compiler be upgraded.\n    [javac] warning: /home/cmd/jdk1.8.0_391/lib/ct.sym(META-INF/sym/rt.jar/java/lang/annotation/ElementType.class): major version 52 is newer than 51, the highest major version supported by this compiler.\n    [javac]   It is recommended that the compiler be upgraded.\n    [javac] warning: /home/cmd/jdk1.8.0_391/lib/ct.sym(META-INF/sym/rt.jar/java/lang/annotation/Retention.class): major version 52 is newer than 51, the highest major version supported by this compiler.\n    [javac]   It is recommended that the compiler be upgraded.\n    [javac] warning: /home/cmd/jdk1.8.0_391/lib/ct.sym(META-INF/sym/rt.jar/java/lang/annotation/RetentionPolicy.class): major version 52 is newer than 51, the highest major version supported by this compiler.\n    [javac]   It is recommended that the compiler be upgraded.\n    [javac] /data/cmd/Ming/llm-fl-apr/tmp/Jsoup_19-prompt_apr_6-deepseek-chat/src/main/java/org/jsoup/safety/Whitelist.java:341: error: cannot find symbol\n    [javac] if (!preserveRelativeLinks && !value.isEmpty()) attr.setValue(value);        if (!preserveRelativeLinks)\n    [javac]                                ^\n    [javac]   symbol:   variable value\n    [javac]   location: class Whitelist\n    [javac] /data/cmd/Ming/llm-fl-apr/tmp/Jsoup_19-prompt_apr_6-deepseek-chat/src/main/java/org/jsoup/safety/Whitelist.java:341: error: cannot find symbol\n    [javac] if (!preserveRelativeLinks && !value.isEmpty()) attr.setValue(value);        if (!preserveRelativeLinks)\n    [javac]                                                               ^\n    [javac]   symbol:   variable value\n    [javac]   location: class Whitelist\n    [javac] /data/cmd/Ming/llm-fl-apr/tmp/Jsoup_19-prompt_apr_6-deepseek-chat/src/main/java/org/jsoup/safety/Whitelist.java:342: error: cannot find symbol\n    [javac]             attr.setValue(value);\n    [javac]                           ^\n    [javac]   symbol:   variable value\n    [javac]   location: class Whitelist\n    [javac] /data/cmd/Ming/llm-fl-apr/tmp/Jsoup_19-prompt_apr_6-deepseek-chat/src/main/java/org/jsoup/safety/Whitelist.java:346: error: cannot find symbol\n    [javac]             if (value.toLowerCase().startsWith(prot)) {\n    [javac]                 ^\n    [javac]   symbol:   variable value\n    [javac]   location: class Whitelist\n    [javac] 4 errors\n    [javac] 100 warnings\n\nBUILD FAILED\n/data/cmd/Ming/llm-fl-apr/tmp/Jsoup_19-prompt_apr_6-deepseek-chat/maven-build.xml:74: Compile failed; see the compiler error output for details.\n\nTotal time: 5 seconds\nCannot compile sources! at /data/cmd/Ming/LLM_Based-Mutation/tools/mutant/defects4j-2.1.0/framework/bin/d4j/d4j-compile line 82.\nCompilation failed in require at /data/cmd/Ming/LLM_Based-Mutation/tools/mutant/defects4j-2.1.0/framework/bin/defects4j line 195.\n"
                }
            }
        }
    }
}