{
    "overall_status": {
        "prompt_apr_1": {
            "ernie-3.5-128k": "Compile failed",
            "qwen-turbo": "Compile failed",
            "doubao-pro-4k": "Fail some tests",
            "gpt-4o-mini": "Fail some tests",
            "deepseek-chat": "Fail some tests"
        },
        "prompt_apr_2": {
            "ernie-3.5-128k": "Compile failed",
            "qwen-turbo": "Compile failed",
            "doubao-pro-4k": "Fail some tests",
            "gpt-4o-mini": "Fail some tests",
            "deepseek-chat": "Fail some tests"
        },
        "prompt_apr_3": {
            "ernie-3.5-128k": "Compile failed",
            "qwen-turbo": "Compile failed",
            "doubao-pro-4k": "Fail some tests",
            "gpt-4o-mini": "Compile failed",
            "deepseek-chat": "Compile failed"
        },
        "prompt_apr_4": {
            "ernie-3.5-128k": "Compile failed",
            "qwen-turbo": "Compile failed",
            "doubao-pro-4k": "Failed",
            "gpt-4o-mini": "Compile failed",
            "deepseek-chat": "Compile failed"
        },
        "prompt_apr_5": {
            "ernie-3.5-128k": "Compile failed",
            "qwen-turbo": "Compile failed",
            "doubao-pro-4k": "Compile failed",
            "gpt-4o-mini": "Compile failed",
            "deepseek-chat": "Fail some tests"
        },
        "prompt_apr_6": {
            "ernie-3.5-128k": "Compile failed",
            "qwen-turbo": "Compile failed",
            "doubao-pro-4k": "Compile failed",
            "gpt-4o-mini": "Fail some tests",
            "deepseek-chat": "Compile failed"
        }
    },
    "check_results_list": {
        "prompt_apr_1": {
            "ernie-3.5-128k": {
                "compile": {
                    "rc": 1,
                    "so": "",
                    "se": "Running ant (compile)...................................................... FAIL\nExecuted command:  cd /data/cmd/Ming/llm-fl-apr/tmp/Jsoup_71-prompt_apr_1-ernie-3.5-128k && /data/cmd/Ming/LLM_Based-Mutation/tools/mutant/defects4j-2.1.0/major/bin/ant -f /data/cmd/Ming/LLM_Based-Mutation/tools/mutant/defects4j-2.1.0/framework/projects/defects4j.build.xml -Dd4j.home=/data/cmd/Ming/LLM_Based-Mutation/tools/mutant/defects4j-2.1.0 -Dd4j.dir.projects=/data/cmd/Ming/LLM_Based-Mutation/tools/mutant/defects4j-2.1.0/framework/projects -Dbasedir=/data/cmd/Ming/llm-fl-apr/tmp/Jsoup_71-prompt_apr_1-ernie-3.5-128k -Dbuild.compiler=javac1.7  compile 2>&1\nJava HotSpot(TM) 64-Bit Server VM warning: ignoring option MaxPermSize=1G; support was removed in 8.0\nBuildfile: /data/cmd/Ming/LLM_Based-Mutation/tools/mutant/defects4j-2.1.0/framework/projects/defects4j.build.xml\n\ntest-offline:\n\nget-deps:\n\njsoup-from-maven.compile:\n    [mkdir] Created dir: /data/cmd/Ming/llm-fl-apr/tmp/Jsoup_71-prompt_apr_1-ernie-3.5-128k/target/classes\n    [javac] /data/cmd/Ming/llm-fl-apr/tmp/Jsoup_71-prompt_apr_1-ernie-3.5-128k/maven-build.xml:84: warning: 'includeantruntime' was not set, defaulting to build.sysclasspath=last; set to false for repeatable builds\n    [javac] Compiling 65 source files to /data/cmd/Ming/llm-fl-apr/tmp/Jsoup_71-prompt_apr_1-ernie-3.5-128k/target/classes\n    [javac] /data/cmd/Ming/llm-fl-apr/tmp/Jsoup_71-prompt_apr_1-ernie-3.5-128k/src/main/java/org/jsoup/select/QueryParser.java:207: error: ';' expected\n    [javac] The bug in line 57 was that the error message string was not properly formatted. The `String.format` method is used to insert the values of `tq.query` and `tq.remainder()` into the error message string.\n    [javac]        ^\n    [javac] /data/cmd/Ming/llm-fl-apr/tmp/Jsoup_71-prompt_apr_1-ernie-3.5-128k/src/main/java/org/jsoup/select/QueryParser.java:207: error: ';' expected\n    [javac] The bug in line 57 was that the error message string was not properly formatted. The `String.format` method is used to insert the values of `tq.query` and `tq.remainder()` into the error message string.\n    [javac]                ^\n    [javac] /data/cmd/Ming/llm-fl-apr/tmp/Jsoup_71-prompt_apr_1-ernie-3.5-128k/src/main/java/org/jsoup/select/QueryParser.java:207: error: ';' expected\n    [javac] The bug in line 57 was that the error message string was not properly formatted. The `String.format` method is used to insert the values of `tq.query` and `tq.remainder()` into the error message string.\n    [javac]                            ^\n    [javac] /data/cmd/Ming/llm-fl-apr/tmp/Jsoup_71-prompt_apr_1-ernie-3.5-128k/src/main/java/org/jsoup/select/QueryParser.java:207: error: ';' expected\n    [javac] The bug in line 57 was that the error message string was not properly formatted. The `String.format` method is used to insert the values of `tq.query` and `tq.remainder()` into the error message string.\n    [javac]                                      ^\n    [javac] /data/cmd/Ming/llm-fl-apr/tmp/Jsoup_71-prompt_apr_1-ernie-3.5-128k/src/main/java/org/jsoup/select/QueryParser.java:207: error: ';' expected\n    [javac] The bug in line 57 was that the error message string was not properly formatted. The `String.format` method is used to insert the values of `tq.query` and `tq.remainder()` into the error message string.\n    [javac]                                                     ^\n    [javac] /data/cmd/Ming/llm-fl-apr/tmp/Jsoup_71-prompt_apr_1-ernie-3.5-128k/src/main/java/org/jsoup/select/QueryParser.java:207: error: ';' expected\n    [javac] The bug in line 57 was that the error message string was not properly formatted. The `String.format` method is used to insert the values of `tq.query` and `tq.remainder()` into the error message string.\n    [javac]                                                             ^\n    [javac] /data/cmd/Ming/llm-fl-apr/tmp/Jsoup_71-prompt_apr_1-ernie-3.5-128k/src/main/java/org/jsoup/select/QueryParser.java:207: error: ';' expected\n    [javac] The bug in line 57 was that the error message string was not properly formatted. The `String.format` method is used to insert the values of `tq.query` and `tq.remainder()` into the error message string.\n    [javac]                                                                                ^\n    [javac] /data/cmd/Ming/llm-fl-apr/tmp/Jsoup_71-prompt_apr_1-ernie-3.5-128k/src/main/java/org/jsoup/select/QueryParser.java:207: error: illegal character: \\96\n    [javac] The bug in line 57 was that the error message string was not properly formatted. The `String.format` method is used to insert the values of `tq.query` and `tq.remainder()` into the error message string.\n    [javac]                                                                                      ^\n    [javac] /data/cmd/Ming/llm-fl-apr/tmp/Jsoup_71-prompt_apr_1-ernie-3.5-128k/src/main/java/org/jsoup/select/QueryParser.java:207: error: illegal character: \\96\n    [javac] The bug in line 57 was that the error message string was not properly formatted. The `String.format` method is used to insert the values of `tq.query` and `tq.remainder()` into the error message string.\n    [javac]                                                                                                    ^\n    [javac] /data/cmd/Ming/llm-fl-apr/tmp/Jsoup_71-prompt_apr_1-ernie-3.5-128k/src/main/java/org/jsoup/select/QueryParser.java:207: error: ';' expected\n    [javac] The bug in line 57 was that the error message string was not properly formatted. The `String.format` method is used to insert the values of `tq.query` and `tq.remainder()` into the error message string.\n    [javac]                                                                                                               ^\n    [javac] /data/cmd/Ming/llm-fl-apr/tmp/Jsoup_71-prompt_apr_1-ernie-3.5-128k/src/main/java/org/jsoup/select/QueryParser.java:207: error: ';' expected\n    [javac] The bug in line 57 was that the error message string was not properly formatted. The `String.format` method is used to insert the values of `tq.query` and `tq.remainder()` into the error message string.\n    [javac]                                                                                                                       ^\n    [javac] /data/cmd/Ming/llm-fl-apr/tmp/Jsoup_71-prompt_apr_1-ernie-3.5-128k/src/main/java/org/jsoup/select/QueryParser.java:207: error: ';' expected\n    [javac] The bug in line 57 was that the error message string was not properly formatted. The `String.format` method is used to insert the values of `tq.query` and `tq.remainder()` into the error message string.\n    [javac]                                                                                                                                  ^\n    [javac] /data/cmd/Ming/llm-fl-apr/tmp/Jsoup_71-prompt_apr_1-ernie-3.5-128k/src/main/java/org/jsoup/select/QueryParser.java:207: error: illegal character: \\96\n    [javac] The bug in line 57 was that the error message string was not properly formatted. The `String.format` method is used to insert the values of `tq.query` and `tq.remainder()` into the error message string.\n    [javac]                                                                                                                                             ^\n    [javac] /data/cmd/Ming/llm-fl-apr/tmp/Jsoup_71-prompt_apr_1-ernie-3.5-128k/src/main/java/org/jsoup/select/QueryParser.java:207: error: illegal character: \\96\n    [javac] The bug in line 57 was that the error message string was not properly formatted. The `String.format` method is used to insert the values of `tq.query` and `tq.remainder()` into the error message string.\n    [javac]                                                                                                                                                      ^\n    [javac] /data/cmd/Ming/llm-fl-apr/tmp/Jsoup_71-prompt_apr_1-ernie-3.5-128k/src/main/java/org/jsoup/select/QueryParser.java:207: error: illegal character: \\96\n    [javac] The bug in line 57 was that the error message string was not properly formatted. The `String.format` method is used to insert the values of `tq.query` and `tq.remainder()` into the error message string.\n    [javac]                                                                                                                                                            ^\n    [javac] /data/cmd/Ming/llm-fl-apr/tmp/Jsoup_71-prompt_apr_1-ernie-3.5-128k/src/main/java/org/jsoup/select/QueryParser.java:207: error: <identifier> expected\n    [javac] The bug in line 57 was that the error message string was not properly formatted. The `String.format` method is used to insert the values of `tq.query` and `tq.remainder()` into the error message string.\n    [javac]                                                                                                                                                                         ^\n    [javac] /data/cmd/Ming/llm-fl-apr/tmp/Jsoup_71-prompt_apr_1-ernie-3.5-128k/src/main/java/org/jsoup/select/QueryParser.java:207: error: illegal character: \\96\n    [javac] The bug in line 57 was that the error message string was not properly formatted. The `String.format` method is used to insert the values of `tq.query` and `tq.remainder()` into the error message string.\n    [javac]                                                                                                                                                                           ^\n    [javac] 17 errors\n\nBUILD FAILED\n/data/cmd/Ming/llm-fl-apr/tmp/Jsoup_71-prompt_apr_1-ernie-3.5-128k/maven-build.xml:84: Compile failed; see the compiler error output for details.\n\nTotal time: 2 seconds\nCannot compile sources! at /data/cmd/Ming/LLM_Based-Mutation/tools/mutant/defects4j-2.1.0/framework/bin/d4j/d4j-compile line 82.\nCompilation failed in require at /data/cmd/Ming/LLM_Based-Mutation/tools/mutant/defects4j-2.1.0/framework/bin/defects4j line 195.\n"
                }
            },
            "qwen-turbo": {
                "compile": {
                    "rc": 1,
                    "so": "",
                    "se": "Running ant (compile)...................................................... FAIL\nExecuted command:  cd /data/cmd/Ming/llm-fl-apr/tmp/Jsoup_71-prompt_apr_1-qwen-turbo && /data/cmd/Ming/LLM_Based-Mutation/tools/mutant/defects4j-2.1.0/major/bin/ant -f /data/cmd/Ming/LLM_Based-Mutation/tools/mutant/defects4j-2.1.0/framework/projects/defects4j.build.xml -Dd4j.home=/data/cmd/Ming/LLM_Based-Mutation/tools/mutant/defects4j-2.1.0 -Dd4j.dir.projects=/data/cmd/Ming/LLM_Based-Mutation/tools/mutant/defects4j-2.1.0/framework/projects -Dbasedir=/data/cmd/Ming/llm-fl-apr/tmp/Jsoup_71-prompt_apr_1-qwen-turbo -Dbuild.compiler=javac1.7  compile 2>&1\nJava HotSpot(TM) 64-Bit Server VM warning: ignoring option MaxPermSize=1G; support was removed in 8.0\nBuildfile: /data/cmd/Ming/LLM_Based-Mutation/tools/mutant/defects4j-2.1.0/framework/projects/defects4j.build.xml\n\ntest-offline:\n\nget-deps:\n\njsoup-from-maven.compile:\n    [mkdir] Created dir: /data/cmd/Ming/llm-fl-apr/tmp/Jsoup_71-prompt_apr_1-qwen-turbo/target/classes\n    [javac] /data/cmd/Ming/llm-fl-apr/tmp/Jsoup_71-prompt_apr_1-qwen-turbo/maven-build.xml:84: warning: 'includeantruntime' was not set, defaulting to build.sysclasspath=last; set to false for repeatable builds\n    [javac] Compiling 65 source files to /data/cmd/Ming/llm-fl-apr/tmp/Jsoup_71-prompt_apr_1-qwen-turbo/target/classes\n    [javac] /data/cmd/Ming/llm-fl-apr/tmp/Jsoup_71-prompt_apr_1-qwen-turbo/src/main/java/org/jsoup/select/QueryParser.java:148: error: <identifier> expected\n    [javac] Certainly! To address the bug on line 57, we need to ensure that each conditional block properly handles the parsing and advancing of the tokenizer (`tq`). It looks like the issue might be related to the tokenizer not being advanced after a match, causing subsequent conditions to fail or behave unexpectedly.\n    [javac]          ^\n    [javac] /data/cmd/Ming/llm-fl-apr/tmp/Jsoup_71-prompt_apr_1-qwen-turbo/src/main/java/org/jsoup/select/QueryParser.java:148: error: ';' expected\n    [javac] Certainly! To address the bug on line 57, we need to ensure that each conditional block properly handles the parsing and advancing of the tokenizer (`tq`). It looks like the issue might be related to the tokenizer not being advanced after a match, causing subsequent conditions to fail or behave unexpectedly.\n    [javac]                      ^\n    [javac] /data/cmd/Ming/llm-fl-apr/tmp/Jsoup_71-prompt_apr_1-qwen-turbo/src/main/java/org/jsoup/select/QueryParser.java:148: error: ';' expected\n    [javac] Certainly! To address the bug on line 57, we need to ensure that each conditional block properly handles the parsing and advancing of the tokenizer (`tq`). It looks like the issue might be related to the tokenizer not being advanced after a match, causing subsequent conditions to fail or behave unexpectedly.\n    [javac]                              ^\n    [javac] /data/cmd/Ming/llm-fl-apr/tmp/Jsoup_71-prompt_apr_1-qwen-turbo/src/main/java/org/jsoup/select/QueryParser.java:148: error: ';' expected\n    [javac] Certainly! To address the bug on line 57, we need to ensure that each conditional block properly handles the parsing and advancing of the tokenizer (`tq`). It looks like the issue might be related to the tokenizer not being advanced after a match, causing subsequent conditions to fail or behave unexpectedly.\n    [javac]                                      ^\n    [javac] /data/cmd/Ming/llm-fl-apr/tmp/Jsoup_71-prompt_apr_1-qwen-turbo/src/main/java/org/jsoup/select/QueryParser.java:148: error: ';' expected\n    [javac] Certainly! To address the bug on line 57, we need to ensure that each conditional block properly handles the parsing and advancing of the tokenizer (`tq`). It looks like the issue might be related to the tokenizer not being advanced after a match, causing subsequent conditions to fail or behave unexpectedly.\n    [javac]                                                  ^\n    [javac] /data/cmd/Ming/llm-fl-apr/tmp/Jsoup_71-prompt_apr_1-qwen-turbo/src/main/java/org/jsoup/select/QueryParser.java:148: error: ';' expected\n    [javac] Certainly! To address the bug on line 57, we need to ensure that each conditional block properly handles the parsing and advancing of the tokenizer (`tq`). It looks like the issue might be related to the tokenizer not being advanced after a match, causing subsequent conditions to fail or behave unexpectedly.\n    [javac]                                                            ^\n    [javac] /data/cmd/Ming/llm-fl-apr/tmp/Jsoup_71-prompt_apr_1-qwen-turbo/src/main/java/org/jsoup/select/QueryParser.java:148: error: ';' expected\n    [javac] Certainly! To address the bug on line 57, we need to ensure that each conditional block properly handles the parsing and advancing of the tokenizer (`tq`). It looks like the issue might be related to the tokenizer not being advanced after a match, causing subsequent conditions to fail or behave unexpectedly.\n    [javac]                                                                      ^\n    [javac] /data/cmd/Ming/llm-fl-apr/tmp/Jsoup_71-prompt_apr_1-qwen-turbo/src/main/java/org/jsoup/select/QueryParser.java:148: error: ';' expected\n    [javac] Certainly! To address the bug on line 57, we need to ensure that each conditional block properly handles the parsing and advancing of the tokenizer (`tq`). It looks like the issue might be related to the tokenizer not being advanced after a match, causing subsequent conditions to fail or behave unexpectedly.\n    [javac]                                                                                        ^\n    [javac] /data/cmd/Ming/llm-fl-apr/tmp/Jsoup_71-prompt_apr_1-qwen-turbo/src/main/java/org/jsoup/select/QueryParser.java:148: error: ';' expected\n    [javac] Certainly! To address the bug on line 57, we need to ensure that each conditional block properly handles the parsing and advancing of the tokenizer (`tq`). It looks like the issue might be related to the tokenizer not being advanced after a match, causing subsequent conditions to fail or behave unexpectedly.\n    [javac]                                                                                                         ^\n    [javac] /data/cmd/Ming/llm-fl-apr/tmp/Jsoup_71-prompt_apr_1-qwen-turbo/src/main/java/org/jsoup/select/QueryParser.java:148: error: ';' expected\n    [javac] Certainly! To address the bug on line 57, we need to ensure that each conditional block properly handles the parsing and advancing of the tokenizer (`tq`). It looks like the issue might be related to the tokenizer not being advanced after a match, causing subsequent conditions to fail or behave unexpectedly.\n    [javac]                                                                                                                     ^\n    [javac] /data/cmd/Ming/llm-fl-apr/tmp/Jsoup_71-prompt_apr_1-qwen-turbo/src/main/java/org/jsoup/select/QueryParser.java:148: error: ';' expected\n    [javac] Certainly! To address the bug on line 57, we need to ensure that each conditional block properly handles the parsing and advancing of the tokenizer (`tq`). It looks like the issue might be related to the tokenizer not being advanced after a match, causing subsequent conditions to fail or behave unexpectedly.\n    [javac]                                                                                                                                   ^\n    [javac] /data/cmd/Ming/llm-fl-apr/tmp/Jsoup_71-prompt_apr_1-qwen-turbo/src/main/java/org/jsoup/select/QueryParser.java:148: error: ';' expected\n    [javac] Certainly! To address the bug on line 57, we need to ensure that each conditional block properly handles the parsing and advancing of the tokenizer (`tq`). It looks like the issue might be related to the tokenizer not being advanced after a match, causing subsequent conditions to fail or behave unexpectedly.\n    [javac]                                                                                                                                          ^\n    [javac] /data/cmd/Ming/llm-fl-apr/tmp/Jsoup_71-prompt_apr_1-qwen-turbo/src/main/java/org/jsoup/select/QueryParser.java:148: error: invalid method declaration; return type required\n    [javac] Certainly! To address the bug on line 57, we need to ensure that each conditional block properly handles the parsing and advancing of the tokenizer (`tq`). It looks like the issue might be related to the tokenizer not being advanced after a match, causing subsequent conditions to fail or behave unexpectedly.\n    [javac]                                                                                                                                           ^\n    [javac] /data/cmd/Ming/llm-fl-apr/tmp/Jsoup_71-prompt_apr_1-qwen-turbo/src/main/java/org/jsoup/select/QueryParser.java:148: error: illegal character: \\96\n    [javac] Certainly! To address the bug on line 57, we need to ensure that each conditional block properly handles the parsing and advancing of the tokenizer (`tq`). It looks like the issue might be related to the tokenizer not being advanced after a match, causing subsequent conditions to fail or behave unexpectedly.\n    [javac]                                                                                                                                                      ^\n    [javac] /data/cmd/Ming/llm-fl-apr/tmp/Jsoup_71-prompt_apr_1-qwen-turbo/src/main/java/org/jsoup/select/QueryParser.java:148: error: illegal character: \\96\n    [javac] Certainly! To address the bug on line 57, we need to ensure that each conditional block properly handles the parsing and advancing of the tokenizer (`tq`). It looks like the issue might be related to the tokenizer not being advanced after a match, causing subsequent conditions to fail or behave unexpectedly.\n    [javac]                                                                                                                                                         ^\n    [javac] /data/cmd/Ming/llm-fl-apr/tmp/Jsoup_71-prompt_apr_1-qwen-turbo/src/main/java/org/jsoup/select/QueryParser.java:148: error: illegal start of type\n    [javac] Certainly! To address the bug on line 57, we need to ensure that each conditional block properly handles the parsing and advancing of the tokenizer (`tq`). It looks like the issue might be related to the tokenizer not being advanced after a match, causing subsequent conditions to fail or behave unexpectedly.\n    [javac]                                                                                                                                                           ^\n    [javac] /data/cmd/Ming/llm-fl-apr/tmp/Jsoup_71-prompt_apr_1-qwen-turbo/src/main/java/org/jsoup/select/QueryParser.java:148: error: ')' expected\n    [javac] Certainly! To address the bug on line 57, we need to ensure that each conditional block properly handles the parsing and advancing of the tokenizer (`tq`). It looks like the issue might be related to the tokenizer not being advanced after a match, causing subsequent conditions to fail or behave unexpectedly.\n    [javac]                                                                                                                                                            ^\n    [javac] /data/cmd/Ming/llm-fl-apr/tmp/Jsoup_71-prompt_apr_1-qwen-turbo/src/main/java/org/jsoup/select/QueryParser.java:148: error: ';' expected\n    [javac] Certainly! To address the bug on line 57, we need to ensure that each conditional block properly handles the parsing and advancing of the tokenizer (`tq`). It looks like the issue might be related to the tokenizer not being advanced after a match, causing subsequent conditions to fail or behave unexpectedly.\n    [javac]                                                                                                                                                               ^\n    [javac] /data/cmd/Ming/llm-fl-apr/tmp/Jsoup_71-prompt_apr_1-qwen-turbo/src/main/java/org/jsoup/select/QueryParser.java:148: error: ';' expected\n    [javac] Certainly! To address the bug on line 57, we need to ensure that each conditional block properly handles the parsing and advancing of the tokenizer (`tq`). It looks like the issue might be related to the tokenizer not being advanced after a match, causing subsequent conditions to fail or behave unexpectedly.\n    [javac]                                                                                                                                                                              ^\n    [javac] /data/cmd/Ming/llm-fl-apr/tmp/Jsoup_71-prompt_apr_1-qwen-turbo/src/main/java/org/jsoup/select/QueryParser.java:148: error: ';' expected\n    [javac] Certainly! To address the bug on line 57, we need to ensure that each conditional block properly handles the parsing and advancing of the tokenizer (`tq`). It looks like the issue might be related to the tokenizer not being advanced after a match, causing subsequent conditions to fail or behave unexpectedly.\n    [javac]                                                                                                                                                                                          ^\n    [javac] /data/cmd/Ming/llm-fl-apr/tmp/Jsoup_71-prompt_apr_1-qwen-turbo/src/main/java/org/jsoup/select/QueryParser.java:148: error: ';' expected\n    [javac] Certainly! To address the bug on line 57, we need to ensure that each conditional block properly handles the parsing and advancing of the tokenizer (`tq`). It looks like the issue might be related to the tokenizer not being advanced after a match, causing subsequent conditions to fail or behave unexpectedly.\n    [javac]                                                                                                                                                                                                     ^\n    [javac] /data/cmd/Ming/llm-fl-apr/tmp/Jsoup_71-prompt_apr_1-qwen-turbo/src/main/java/org/jsoup/select/QueryParser.java:148: error: ';' expected\n    [javac] Certainly! To address the bug on line 57, we need to ensure that each conditional block properly handles the parsing and advancing of the tokenizer (`tq`). It looks like the issue might be related to the tokenizer not being advanced after a match, causing subsequent conditions to fail or behave unexpectedly.\n    [javac]                                                                                                                                                                                                            ^\n    [javac] /data/cmd/Ming/llm-fl-apr/tmp/Jsoup_71-prompt_apr_1-qwen-turbo/src/main/java/org/jsoup/select/QueryParser.java:148: error: ';' expected\n    [javac] Certainly! To address the bug on line 57, we need to ensure that each conditional block properly handles the parsing and advancing of the tokenizer (`tq`). It looks like the issue might be related to the tokenizer not being advanced after a match, causing subsequent conditions to fail or behave unexpectedly.\n    [javac]                                                                                                                                                                                                                          ^\n    [javac] /data/cmd/Ming/llm-fl-apr/tmp/Jsoup_71-prompt_apr_1-qwen-turbo/src/main/java/org/jsoup/select/QueryParser.java:148: error: ';' expected\n    [javac] Certainly! To address the bug on line 57, we need to ensure that each conditional block properly handles the parsing and advancing of the tokenizer (`tq`). It looks like the issue might be related to the tokenizer not being advanced after a match, causing subsequent conditions to fail or behave unexpectedly.\n    [javac]                                                                                                                                                                                                                                         ^\n    [javac] /data/cmd/Ming/llm-fl-apr/tmp/Jsoup_71-prompt_apr_1-qwen-turbo/src/main/java/org/jsoup/select/QueryParser.java:148: error: ';' expected\n    [javac] Certainly! To address the bug on line 57, we need to ensure that each conditional block properly handles the parsing and advancing of the tokenizer (`tq`). It looks like the issue might be related to the tokenizer not being advanced after a match, causing subsequent conditions to fail or behave unexpectedly.\n    [javac]                                                                                                                                                                                                                                                 ^\n    [javac] /data/cmd/Ming/llm-fl-apr/tmp/Jsoup_71-prompt_apr_1-qwen-turbo/src/main/java/org/jsoup/select/QueryParser.java:148: error: <identifier> expected\n    [javac] Certainly! To address the bug on line 57, we need to ensure that each conditional block properly handles the parsing and advancing of the tokenizer (`tq`). It looks like the issue might be related to the tokenizer not being advanced after a match, causing subsequent conditions to fail or behave unexpectedly.\n    [javac]                                                                                                                                                                                                                                                       ^\n    [javac] /data/cmd/Ming/llm-fl-apr/tmp/Jsoup_71-prompt_apr_1-qwen-turbo/src/main/java/org/jsoup/select/QueryParser.java:148: error: ';' expected\n    [javac] Certainly! To address the bug on line 57, we need to ensure that each conditional block properly handles the parsing and advancing of the tokenizer (`tq`). It looks like the issue might be related to the tokenizer not being advanced after a match, causing subsequent conditions to fail or behave unexpectedly.\n    [javac]                                                                                                                                                                                                                                                                ^\n    [javac] /data/cmd/Ming/llm-fl-apr/tmp/Jsoup_71-prompt_apr_1-qwen-turbo/src/main/java/org/jsoup/select/QueryParser.java:148: error: ';' expected\n    [javac] Certainly! To address the bug on line 57, we need to ensure that each conditional block properly handles the parsing and advancing of the tokenizer (`tq`). It looks like the issue might be related to the tokenizer not being advanced after a match, causing subsequent conditions to fail or behave unexpectedly.\n    [javac]                                                                                                                                                                                                                                                                                      ^\n    [javac] /data/cmd/Ming/llm-fl-apr/tmp/Jsoup_71-prompt_apr_1-qwen-turbo/src/main/java/org/jsoup/select/QueryParser.java:148: error: ';' expected\n    [javac] Certainly! To address the bug on line 57, we need to ensure that each conditional block properly handles the parsing and advancing of the tokenizer (`tq`). It looks like the issue might be related to the tokenizer not being advanced after a match, causing subsequent conditions to fail or behave unexpectedly.\n    [javac]                                                                                                                                                                                                                                                                                              ^\n    [javac] /data/cmd/Ming/llm-fl-apr/tmp/Jsoup_71-prompt_apr_1-qwen-turbo/src/main/java/org/jsoup/select/QueryParser.java:148: error: ';' expected\n    [javac] Certainly! To address the bug on line 57, we need to ensure that each conditional block properly handles the parsing and advancing of the tokenizer (`tq`). It looks like the issue might be related to the tokenizer not being advanced after a match, causing subsequent conditions to fail or behave unexpectedly.\n    [javac]                                                                                                                                                                                                                                                                                                        ^\n    [javac] /data/cmd/Ming/llm-fl-apr/tmp/Jsoup_71-prompt_apr_1-qwen-turbo/src/main/java/org/jsoup/select/QueryParser.java:150: error: unclosed character literal\n    [javac] Here's the complete corrected method with appropriate advancements:\n    [javac]     ^\n    [javac] /data/cmd/Ming/llm-fl-apr/tmp/Jsoup_71-prompt_apr_1-qwen-turbo/src/main/java/org/jsoup/select/QueryParser.java:150: error: ';' expected\n    [javac] Here's the complete corrected method with appropriate advancements:\n    [javac]                    ^\n    [javac] /data/cmd/Ming/llm-fl-apr/tmp/Jsoup_71-prompt_apr_1-qwen-turbo/src/main/java/org/jsoup/select/QueryParser.java:150: error: ';' expected\n    [javac] Here's the complete corrected method with appropriate advancements:\n    [javac]                                     ^\n    [javac] /data/cmd/Ming/llm-fl-apr/tmp/Jsoup_71-prompt_apr_1-qwen-turbo/src/main/java/org/jsoup/select/QueryParser.java:150: error: ';' expected\n    [javac] Here's the complete corrected method with appropriate advancements:\n    [javac]                                                      ^\n    [javac] /data/cmd/Ming/llm-fl-apr/tmp/Jsoup_71-prompt_apr_1-qwen-turbo/src/main/java/org/jsoup/select/QueryParser.java:150: error: <identifier> expected\n    [javac] Here's the complete corrected method with appropriate advancements:\n    [javac]                                                                   ^\n    [javac] /data/cmd/Ming/llm-fl-apr/tmp/Jsoup_71-prompt_apr_1-qwen-turbo/src/main/java/org/jsoup/select/QueryParser.java:152: error: illegal character: \\96\n    [javac] ```java\n    [javac] ^\n    [javac] /data/cmd/Ming/llm-fl-apr/tmp/Jsoup_71-prompt_apr_1-qwen-turbo/src/main/java/org/jsoup/select/QueryParser.java:152: error: illegal character: \\96\n    [javac] ```java\n    [javac]  ^\n    [javac] /data/cmd/Ming/llm-fl-apr/tmp/Jsoup_71-prompt_apr_1-qwen-turbo/src/main/java/org/jsoup/select/QueryParser.java:152: error: illegal character: \\96\n    [javac] ```java\n    [javac]   ^\n    [javac] /data/cmd/Ming/llm-fl-apr/tmp/Jsoup_71-prompt_apr_1-qwen-turbo/src/main/java/org/jsoup/select/QueryParser.java:241: error: illegal character: \\96\n    [javac] ```\n    [javac] ^\n    [javac] /data/cmd/Ming/llm-fl-apr/tmp/Jsoup_71-prompt_apr_1-qwen-turbo/src/main/java/org/jsoup/select/QueryParser.java:241: error: illegal character: \\96\n    [javac] ```\n    [javac]  ^\n    [javac] /data/cmd/Ming/llm-fl-apr/tmp/Jsoup_71-prompt_apr_1-qwen-turbo/src/main/java/org/jsoup/select/QueryParser.java:241: error: illegal character: \\96\n    [javac] ```\n    [javac]   ^\n    [javac] /data/cmd/Ming/llm-fl-apr/tmp/Jsoup_71-prompt_apr_1-qwen-turbo/src/main/java/org/jsoup/select/QueryParser.java:243: error: illegal start of type\n    [javac] In this corrected version, I added `tq.chomp()` calls after each condition where the tokenizer should be advanced. This ensures that the tokenizer progresses correctly through the input string, preventing issues where the same token could be incorrectly matched again.\n    [javac]    ^\n    [javac] /data/cmd/Ming/llm-fl-apr/tmp/Jsoup_71-prompt_apr_1-qwen-turbo/src/main/java/org/jsoup/select/QueryParser.java:243: error: ';' expected\n    [javac] In this corrected version, I added `tq.chomp()` calls after each condition where the tokenizer should be advanced. This ensures that the tokenizer progresses correctly through the input string, preventing issues where the same token could be incorrectly matched again.\n    [javac]        ^\n    [javac] /data/cmd/Ming/llm-fl-apr/tmp/Jsoup_71-prompt_apr_1-qwen-turbo/src/main/java/org/jsoup/select/QueryParser.java:243: error: <identifier> expected\n    [javac] In this corrected version, I added `tq.chomp()` calls after each condition where the tokenizer should be advanced. This ensures that the tokenizer progresses correctly through the input string, preventing issues where the same token could be incorrectly matched again.\n    [javac]                          ^\n    [javac] /data/cmd/Ming/llm-fl-apr/tmp/Jsoup_71-prompt_apr_1-qwen-turbo/src/main/java/org/jsoup/select/QueryParser.java:243: error: ';' expected\n    [javac] In this corrected version, I added `tq.chomp()` calls after each condition where the tokenizer should be advanced. This ensures that the tokenizer progresses correctly through the input string, preventing issues where the same token could be incorrectly matched again.\n    [javac]                             ^\n    [javac] /data/cmd/Ming/llm-fl-apr/tmp/Jsoup_71-prompt_apr_1-qwen-turbo/src/main/java/org/jsoup/select/QueryParser.java:243: error: illegal character: \\96\n    [javac] In this corrected version, I added `tq.chomp()` calls after each condition where the tokenizer should be advanced. This ensures that the tokenizer progresses correctly through the input string, preventing issues where the same token could be incorrectly matched again.\n    [javac]                                    ^\n    [javac] /data/cmd/Ming/llm-fl-apr/tmp/Jsoup_71-prompt_apr_1-qwen-turbo/src/main/java/org/jsoup/select/QueryParser.java:243: error: <identifier> expected\n    [javac] In this corrected version, I added `tq.chomp()` calls after each condition where the tokenizer should be advanced. This ensures that the tokenizer progresses correctly through the input string, preventing issues where the same token could be incorrectly matched again.\n    [javac]                                             ^\n    [javac] /data/cmd/Ming/llm-fl-apr/tmp/Jsoup_71-prompt_apr_1-qwen-turbo/src/main/java/org/jsoup/select/QueryParser.java:243: error: illegal character: \\96\n    [javac] In this corrected version, I added `tq.chomp()` calls after each condition where the tokenizer should be advanced. This ensures that the tokenizer progresses correctly through the input string, preventing issues where the same token could be incorrectly matched again.\n    [javac]                                               ^\n    [javac] 48 errors\n\nBUILD FAILED\n/data/cmd/Ming/llm-fl-apr/tmp/Jsoup_71-prompt_apr_1-qwen-turbo/maven-build.xml:84: Compile failed; see the compiler error output for details.\n\nTotal time: 2 seconds\nCannot compile sources! at /data/cmd/Ming/LLM_Based-Mutation/tools/mutant/defects4j-2.1.0/framework/bin/d4j/d4j-compile line 82.\nCompilation failed in require at /data/cmd/Ming/LLM_Based-Mutation/tools/mutant/defects4j-2.1.0/framework/bin/defects4j line 195.\n"
                }
            },
            "doubao-pro-4k": {
                "compile": {
                    "rc": 0,
                    "so": "",
                    "se": "Running ant (compile)...................................................... OK\nRunning ant (compile.tests)................................................ OK\n"
                },
                "test": {
                    "rc": 0,
                    "so": "Failing tests: 2\n  - org.jsoup.select.SelectorTest::splitOnBr\n  - org.jsoup.select.SelectorTest::textAsElements\n",
                    "se": "Running ant (compile.tests)................................................ OK\nRunning ant (run.dev.tests)................................................ OK\n"
                }
            },
            "gpt-4o-mini": {
                "compile": {
                    "rc": 0,
                    "so": "",
                    "se": "Running ant (compile)...................................................... OK\nRunning ant (compile.tests)................................................ OK\n"
                },
                "test": {
                    "rc": 0,
                    "so": "Failing tests: 2\n  - org.jsoup.select.SelectorTest::splitOnBr\n  - org.jsoup.select.SelectorTest::textAsElements\n",
                    "se": "Running ant (compile.tests)................................................ OK\nRunning ant (run.dev.tests)................................................ OK\n"
                }
            },
            "deepseek-chat": {
                "compile": {
                    "rc": 0,
                    "so": "",
                    "se": "Running ant (compile)...................................................... OK\nRunning ant (compile.tests)................................................ OK\n"
                },
                "test": {
                    "rc": 0,
                    "so": "Failing tests: 2\n  - org.jsoup.select.SelectorTest::splitOnBr\n  - org.jsoup.select.SelectorTest::textAsElements\n",
                    "se": "Running ant (compile.tests)................................................ OK\nRunning ant (run.dev.tests)................................................ OK\n"
                }
            }
        },
        "prompt_apr_2": {
            "ernie-3.5-128k": {
                "compile": {
                    "rc": 1,
                    "so": "",
                    "se": "Running ant (compile)...................................................... FAIL\nExecuted command:  cd /data/cmd/Ming/llm-fl-apr/tmp/Jsoup_71-prompt_apr_2-ernie-3.5-128k && /data/cmd/Ming/LLM_Based-Mutation/tools/mutant/defects4j-2.1.0/major/bin/ant -f /data/cmd/Ming/LLM_Based-Mutation/tools/mutant/defects4j-2.1.0/framework/projects/defects4j.build.xml -Dd4j.home=/data/cmd/Ming/LLM_Based-Mutation/tools/mutant/defects4j-2.1.0 -Dd4j.dir.projects=/data/cmd/Ming/LLM_Based-Mutation/tools/mutant/defects4j-2.1.0/framework/projects -Dbasedir=/data/cmd/Ming/llm-fl-apr/tmp/Jsoup_71-prompt_apr_2-ernie-3.5-128k -Dbuild.compiler=javac1.7  compile 2>&1\nJava HotSpot(TM) 64-Bit Server VM warning: ignoring option MaxPermSize=1G; support was removed in 8.0\nBuildfile: /data/cmd/Ming/LLM_Based-Mutation/tools/mutant/defects4j-2.1.0/framework/projects/defects4j.build.xml\n\ntest-offline:\n\nget-deps:\n\njsoup-from-maven.compile:\n    [mkdir] Created dir: /data/cmd/Ming/llm-fl-apr/tmp/Jsoup_71-prompt_apr_2-ernie-3.5-128k/target/classes\n    [javac] /data/cmd/Ming/llm-fl-apr/tmp/Jsoup_71-prompt_apr_2-ernie-3.5-128k/maven-build.xml:84: warning: 'includeantruntime' was not set, defaulting to build.sysclasspath=last; set to false for repeatable builds\n    [javac] Compiling 65 source files to /data/cmd/Ming/llm-fl-apr/tmp/Jsoup_71-prompt_apr_2-ernie-3.5-128k/target/classes\n    [javac] /data/cmd/Ming/llm-fl-apr/tmp/Jsoup_71-prompt_apr_2-ernie-3.5-128k/src/main/java/org/jsoup/select/QueryParser.java:207: error: ';' expected\n    [javac] In the corrected method, I have replaced the string concatenation with `String.format` to ensure that the `query` and `tq.remainder()` values are properly formatted into the exception message. The original code was missing the necessary string formatting, which could lead to incorrect output or even runtime errors if the `query` or `tq.remainder()` contained special formatting characters. Using `String.format` ensures that these values are safely inserted into the string.\n    [javac]       ^\n    [javac] /data/cmd/Ming/llm-fl-apr/tmp/Jsoup_71-prompt_apr_2-ernie-3.5-128k/src/main/java/org/jsoup/select/QueryParser.java:207: error: ';' expected\n    [javac] In the corrected method, I have replaced the string concatenation with `String.format` to ensure that the `query` and `tq.remainder()` values are properly formatted into the exception message. The original code was missing the necessary string formatting, which could lead to incorrect output or even runtime errors if the `query` or `tq.remainder()` contained special formatting characters. Using `String.format` ensures that these values are safely inserted into the string.\n    [javac]                           ^\n    [javac] /data/cmd/Ming/llm-fl-apr/tmp/Jsoup_71-prompt_apr_2-ernie-3.5-128k/src/main/java/org/jsoup/select/QueryParser.java:207: error: ';' expected\n    [javac] In the corrected method, I have replaced the string concatenation with `String.format` to ensure that the `query` and `tq.remainder()` values are properly formatted into the exception message. The original code was missing the necessary string formatting, which could lead to incorrect output or even runtime errors if the `query` or `tq.remainder()` contained special formatting characters. Using `String.format` ensures that these values are safely inserted into the string.\n    [javac]                                         ^\n    [javac] /data/cmd/Ming/llm-fl-apr/tmp/Jsoup_71-prompt_apr_2-ernie-3.5-128k/src/main/java/org/jsoup/select/QueryParser.java:207: error: ';' expected\n    [javac] In the corrected method, I have replaced the string concatenation with `String.format` to ensure that the `query` and `tq.remainder()` values are properly formatted into the exception message. The original code was missing the necessary string formatting, which could lead to incorrect output or even runtime errors if the `query` or `tq.remainder()` contained special formatting characters. Using `String.format` ensures that these values are safely inserted into the string.\n    [javac]                                                    ^\n    [javac] /data/cmd/Ming/llm-fl-apr/tmp/Jsoup_71-prompt_apr_2-ernie-3.5-128k/src/main/java/org/jsoup/select/QueryParser.java:207: error: illegal character: \\96\n    [javac] In the corrected method, I have replaced the string concatenation with `String.format` to ensure that the `query` and `tq.remainder()` values are properly formatted into the exception message. The original code was missing the necessary string formatting, which could lead to incorrect output or even runtime errors if the `query` or `tq.remainder()` contained special formatting characters. Using `String.format` ensures that these values are safely inserted into the string.\n    [javac]                                                                        ^\n    [javac] /data/cmd/Ming/llm-fl-apr/tmp/Jsoup_71-prompt_apr_2-ernie-3.5-128k/src/main/java/org/jsoup/select/QueryParser.java:207: error: illegal character: \\96\n    [javac] In the corrected method, I have replaced the string concatenation with `String.format` to ensure that the `query` and `tq.remainder()` values are properly formatted into the exception message. The original code was missing the necessary string formatting, which could lead to incorrect output or even runtime errors if the `query` or `tq.remainder()` contained special formatting characters. Using `String.format` ensures that these values are safely inserted into the string.\n    [javac]                                                                                      ^\n    [javac] /data/cmd/Ming/llm-fl-apr/tmp/Jsoup_71-prompt_apr_2-ernie-3.5-128k/src/main/java/org/jsoup/select/QueryParser.java:207: error: ';' expected\n    [javac] In the corrected method, I have replaced the string concatenation with `String.format` to ensure that the `query` and `tq.remainder()` values are properly formatted into the exception message. The original code was missing the necessary string formatting, which could lead to incorrect output or even runtime errors if the `query` or `tq.remainder()` contained special formatting characters. Using `String.format` ensures that these values are safely inserted into the string.\n    [javac]                                                                                                 ^\n    [javac] /data/cmd/Ming/llm-fl-apr/tmp/Jsoup_71-prompt_apr_2-ernie-3.5-128k/src/main/java/org/jsoup/select/QueryParser.java:207: error: illegal character: \\96\n    [javac] In the corrected method, I have replaced the string concatenation with `String.format` to ensure that the `query` and `tq.remainder()` values are properly formatted into the exception message. The original code was missing the necessary string formatting, which could lead to incorrect output or even runtime errors if the `query` or `tq.remainder()` contained special formatting characters. Using `String.format` ensures that these values are safely inserted into the string.\n    [javac]                                                                                                           ^\n    [javac] /data/cmd/Ming/llm-fl-apr/tmp/Jsoup_71-prompt_apr_2-ernie-3.5-128k/src/main/java/org/jsoup/select/QueryParser.java:207: error: illegal character: \\96\n    [javac] In the corrected method, I have replaced the string concatenation with `String.format` to ensure that the `query` and `tq.remainder()` values are properly formatted into the exception message. The original code was missing the necessary string formatting, which could lead to incorrect output or even runtime errors if the `query` or `tq.remainder()` contained special formatting characters. Using `String.format` ensures that these values are safely inserted into the string.\n    [javac]                                                                                                                 ^\n    [javac] /data/cmd/Ming/llm-fl-apr/tmp/Jsoup_71-prompt_apr_2-ernie-3.5-128k/src/main/java/org/jsoup/select/QueryParser.java:207: error: illegal character: \\96\n    [javac] In the corrected method, I have replaced the string concatenation with `String.format` to ensure that the `query` and `tq.remainder()` values are properly formatted into the exception message. The original code was missing the necessary string formatting, which could lead to incorrect output or even runtime errors if the `query` or `tq.remainder()` contained special formatting characters. Using `String.format` ensures that these values are safely inserted into the string.\n    [javac]                                                                                                                       ^\n    [javac] /data/cmd/Ming/llm-fl-apr/tmp/Jsoup_71-prompt_apr_2-ernie-3.5-128k/src/main/java/org/jsoup/select/QueryParser.java:207: error: <identifier> expected\n    [javac] In the corrected method, I have replaced the string concatenation with `String.format` to ensure that the `query` and `tq.remainder()` values are properly formatted into the exception message. The original code was missing the necessary string formatting, which could lead to incorrect output or even runtime errors if the `query` or `tq.remainder()` contained special formatting characters. Using `String.format` ensures that these values are safely inserted into the string.\n    [javac]                                                                                                                                    ^\n    [javac] /data/cmd/Ming/llm-fl-apr/tmp/Jsoup_71-prompt_apr_2-ernie-3.5-128k/src/main/java/org/jsoup/select/QueryParser.java:207: error: illegal character: \\96\n    [javac] In the corrected method, I have replaced the string concatenation with `String.format` to ensure that the `query` and `tq.remainder()` values are properly formatted into the exception message. The original code was missing the necessary string formatting, which could lead to incorrect output or even runtime errors if the `query` or `tq.remainder()` contained special formatting characters. Using `String.format` ensures that these values are safely inserted into the string.\n    [javac]                                                                                                                                      ^\n    [javac] /data/cmd/Ming/llm-fl-apr/tmp/Jsoup_71-prompt_apr_2-ernie-3.5-128k/src/main/java/org/jsoup/select/QueryParser.java:207: error: illegal character: \\96\n    [javac] In the corrected method, I have replaced the string concatenation with `String.format` to ensure that the `query` and `tq.remainder()` values are properly formatted into the exception message. The original code was missing the necessary string formatting, which could lead to incorrect output or even runtime errors if the `query` or `tq.remainder()` contained special formatting characters. Using `String.format` ensures that these values are safely inserted into the string.\n    [javac]                                                                                                                                                                                                                                                                                                                                    ^\n    [javac] /data/cmd/Ming/llm-fl-apr/tmp/Jsoup_71-prompt_apr_2-ernie-3.5-128k/src/main/java/org/jsoup/select/QueryParser.java:207: error: illegal character: \\96\n    [javac] In the corrected method, I have replaced the string concatenation with `String.format` to ensure that the `query` and `tq.remainder()` values are properly formatted into the exception message. The original code was missing the necessary string formatting, which could lead to incorrect output or even runtime errors if the `query` or `tq.remainder()` contained special formatting characters. Using `String.format` ensures that these values are safely inserted into the string.\n    [javac]                                                                                                                                                                                                                                                                                                                                          ^\n    [javac] /data/cmd/Ming/llm-fl-apr/tmp/Jsoup_71-prompt_apr_2-ernie-3.5-128k/src/main/java/org/jsoup/select/QueryParser.java:207: error: illegal character: \\96\n    [javac] In the corrected method, I have replaced the string concatenation with `String.format` to ensure that the `query` and `tq.remainder()` values are properly formatted into the exception message. The original code was missing the necessary string formatting, which could lead to incorrect output or even runtime errors if the `query` or `tq.remainder()` contained special formatting characters. Using `String.format` ensures that these values are safely inserted into the string.\n    [javac]                                                                                                                                                                                                                                                                                                                                               ^\n    [javac] /data/cmd/Ming/llm-fl-apr/tmp/Jsoup_71-prompt_apr_2-ernie-3.5-128k/src/main/java/org/jsoup/select/QueryParser.java:207: error: illegal character: \\96\n    [javac] In the corrected method, I have replaced the string concatenation with `String.format` to ensure that the `query` and `tq.remainder()` values are properly formatted into the exception message. The original code was missing the necessary string formatting, which could lead to incorrect output or even runtime errors if the `query` or `tq.remainder()` contained special formatting characters. Using `String.format` ensures that these values are safely inserted into the string.\n    [javac]                                                                                                                                                                                                                                                                                                                                                              ^\n    [javac] /data/cmd/Ming/llm-fl-apr/tmp/Jsoup_71-prompt_apr_2-ernie-3.5-128k/src/main/java/org/jsoup/select/QueryParser.java:207: error: illegal character: \\96\n    [javac] In the corrected method, I have replaced the string concatenation with `String.format` to ensure that the `query` and `tq.remainder()` values are properly formatted into the exception message. The original code was missing the necessary string formatting, which could lead to incorrect output or even runtime errors if the `query` or `tq.remainder()` contained special formatting characters. Using `String.format` ensures that these values are safely inserted into the string.\n    [javac]                                                                                                                                                                                                                                                                                                                                                                                                               ^\n    [javac] /data/cmd/Ming/llm-fl-apr/tmp/Jsoup_71-prompt_apr_2-ernie-3.5-128k/src/main/java/org/jsoup/select/QueryParser.java:207: error: illegal character: \\96\n    [javac] In the corrected method, I have replaced the string concatenation with `String.format` to ensure that the `query` and `tq.remainder()` values are properly formatted into the exception message. The original code was missing the necessary string formatting, which could lead to incorrect output or even runtime errors if the `query` or `tq.remainder()` contained special formatting characters. Using `String.format` ensures that these values are safely inserted into the string.\n    [javac]                                                                                                                                                                                                                                                                                                                                                                                                                             ^\n    [javac] 18 errors\n\nBUILD FAILED\n/data/cmd/Ming/llm-fl-apr/tmp/Jsoup_71-prompt_apr_2-ernie-3.5-128k/maven-build.xml:84: Compile failed; see the compiler error output for details.\n\nTotal time: 2 seconds\nCannot compile sources! at /data/cmd/Ming/LLM_Based-Mutation/tools/mutant/defects4j-2.1.0/framework/bin/d4j/d4j-compile line 82.\nCompilation failed in require at /data/cmd/Ming/LLM_Based-Mutation/tools/mutant/defects4j-2.1.0/framework/bin/defects4j line 195.\n"
                }
            },
            "qwen-turbo": {
                "compile": {
                    "rc": 1,
                    "so": "",
                    "se": "Running ant (compile)...................................................... FAIL\nExecuted command:  cd /data/cmd/Ming/llm-fl-apr/tmp/Jsoup_71-prompt_apr_2-qwen-turbo && /data/cmd/Ming/LLM_Based-Mutation/tools/mutant/defects4j-2.1.0/major/bin/ant -f /data/cmd/Ming/LLM_Based-Mutation/tools/mutant/defects4j-2.1.0/framework/projects/defects4j.build.xml -Dd4j.home=/data/cmd/Ming/LLM_Based-Mutation/tools/mutant/defects4j-2.1.0 -Dd4j.dir.projects=/data/cmd/Ming/LLM_Based-Mutation/tools/mutant/defects4j-2.1.0/framework/projects -Dbasedir=/data/cmd/Ming/llm-fl-apr/tmp/Jsoup_71-prompt_apr_2-qwen-turbo -Dbuild.compiler=javac1.7  compile 2>&1\nJava HotSpot(TM) 64-Bit Server VM warning: ignoring option MaxPermSize=1G; support was removed in 8.0\nBuildfile: /data/cmd/Ming/LLM_Based-Mutation/tools/mutant/defects4j-2.1.0/framework/projects/defects4j.build.xml\n\ntest-offline:\n\nget-deps:\n\njsoup-from-maven.compile:\n    [mkdir] Created dir: /data/cmd/Ming/llm-fl-apr/tmp/Jsoup_71-prompt_apr_2-qwen-turbo/target/classes\n    [javac] /data/cmd/Ming/llm-fl-apr/tmp/Jsoup_71-prompt_apr_2-qwen-turbo/maven-build.xml:84: warning: 'includeantruntime' was not set, defaulting to build.sysclasspath=last; set to false for repeatable builds\n    [javac] Compiling 65 source files to /data/cmd/Ming/llm-fl-apr/tmp/Jsoup_71-prompt_apr_2-qwen-turbo/target/classes\n    [javac] /data/cmd/Ming/llm-fl-apr/tmp/Jsoup_71-prompt_apr_2-qwen-turbo/src/main/java/org/jsoup/select/QueryParser.java:148: error: <identifier> expected\n    [javac] Certainly! The issue with the original code is that the `SelectorParseException` constructor should be called correctly and the string formatting should be handled properly. Here is the corrected version of the method:\n    [javac]          ^\n    [javac] /data/cmd/Ming/llm-fl-apr/tmp/Jsoup_71-prompt_apr_2-qwen-turbo/src/main/java/org/jsoup/select/QueryParser.java:148: error: ';' expected\n    [javac] Certainly! The issue with the original code is that the `SelectorParseException` constructor should be called correctly and the string formatting should be handled properly. Here is the corrected version of the method:\n    [javac]                     ^\n    [javac] /data/cmd/Ming/llm-fl-apr/tmp/Jsoup_71-prompt_apr_2-qwen-turbo/src/main/java/org/jsoup/select/QueryParser.java:148: error: ';' expected\n    [javac] Certainly! The issue with the original code is that the `SelectorParseException` constructor should be called correctly and the string formatting should be handled properly. Here is the corrected version of the method:\n    [javac]                              ^\n    [javac] /data/cmd/Ming/llm-fl-apr/tmp/Jsoup_71-prompt_apr_2-qwen-turbo/src/main/java/org/jsoup/select/QueryParser.java:148: error: ';' expected\n    [javac] Certainly! The issue with the original code is that the `SelectorParseException` constructor should be called correctly and the string formatting should be handled properly. Here is the corrected version of the method:\n    [javac]                                            ^\n    [javac] /data/cmd/Ming/llm-fl-apr/tmp/Jsoup_71-prompt_apr_2-qwen-turbo/src/main/java/org/jsoup/select/QueryParser.java:148: error: ';' expected\n    [javac] Certainly! The issue with the original code is that the `SelectorParseException` constructor should be called correctly and the string formatting should be handled properly. Here is the corrected version of the method:\n    [javac]                                                    ^\n    [javac] /data/cmd/Ming/llm-fl-apr/tmp/Jsoup_71-prompt_apr_2-qwen-turbo/src/main/java/org/jsoup/select/QueryParser.java:148: error: illegal character: \\96\n    [javac] Certainly! The issue with the original code is that the `SelectorParseException` constructor should be called correctly and the string formatting should be handled properly. Here is the corrected version of the method:\n    [javac]                                                         ^\n    [javac] /data/cmd/Ming/llm-fl-apr/tmp/Jsoup_71-prompt_apr_2-qwen-turbo/src/main/java/org/jsoup/select/QueryParser.java:148: error: illegal character: \\96\n    [javac] Certainly! The issue with the original code is that the `SelectorParseException` constructor should be called correctly and the string formatting should be handled properly. Here is the corrected version of the method:\n    [javac]                                                                                ^\n    [javac] /data/cmd/Ming/llm-fl-apr/tmp/Jsoup_71-prompt_apr_2-qwen-turbo/src/main/java/org/jsoup/select/QueryParser.java:148: error: ';' expected\n    [javac] Certainly! The issue with the original code is that the `SelectorParseException` constructor should be called correctly and the string formatting should be handled properly. Here is the corrected version of the method:\n    [javac]                                                                                                    ^\n    [javac] /data/cmd/Ming/llm-fl-apr/tmp/Jsoup_71-prompt_apr_2-qwen-turbo/src/main/java/org/jsoup/select/QueryParser.java:148: error: ';' expected\n    [javac] Certainly! The issue with the original code is that the `SelectorParseException` constructor should be called correctly and the string formatting should be handled properly. Here is the corrected version of the method:\n    [javac]                                                                                                              ^\n    [javac] /data/cmd/Ming/llm-fl-apr/tmp/Jsoup_71-prompt_apr_2-qwen-turbo/src/main/java/org/jsoup/select/QueryParser.java:148: error: ';' expected\n    [javac] Certainly! The issue with the original code is that the `SelectorParseException` constructor should be called correctly and the string formatting should be handled properly. Here is the corrected version of the method:\n    [javac]                                                                                                                            ^\n    [javac] /data/cmd/Ming/llm-fl-apr/tmp/Jsoup_71-prompt_apr_2-qwen-turbo/src/main/java/org/jsoup/select/QueryParser.java:148: error: ';' expected\n    [javac] Certainly! The issue with the original code is that the `SelectorParseException` constructor should be called correctly and the string formatting should be handled properly. Here is the corrected version of the method:\n    [javac]                                                                                                                                       ^\n    [javac] /data/cmd/Ming/llm-fl-apr/tmp/Jsoup_71-prompt_apr_2-qwen-turbo/src/main/java/org/jsoup/select/QueryParser.java:148: error: ';' expected\n    [javac] Certainly! The issue with the original code is that the `SelectorParseException` constructor should be called correctly and the string formatting should be handled properly. Here is the corrected version of the method:\n    [javac]                                                                                                                                                         ^\n    [javac] /data/cmd/Ming/llm-fl-apr/tmp/Jsoup_71-prompt_apr_2-qwen-turbo/src/main/java/org/jsoup/select/QueryParser.java:148: error: ';' expected\n    [javac] Certainly! The issue with the original code is that the `SelectorParseException` constructor should be called correctly and the string formatting should be handled properly. Here is the corrected version of the method:\n    [javac]                                                                                                                                                                    ^\n    [javac] /data/cmd/Ming/llm-fl-apr/tmp/Jsoup_71-prompt_apr_2-qwen-turbo/src/main/java/org/jsoup/select/QueryParser.java:148: error: ';' expected\n    [javac] Certainly! The issue with the original code is that the `SelectorParseException` constructor should be called correctly and the string formatting should be handled properly. Here is the corrected version of the method:\n    [javac]                                                                                                                                                                                      ^\n    [javac] /data/cmd/Ming/llm-fl-apr/tmp/Jsoup_71-prompt_apr_2-qwen-turbo/src/main/java/org/jsoup/select/QueryParser.java:148: error: ';' expected\n    [javac] Certainly! The issue with the original code is that the `SelectorParseException` constructor should be called correctly and the string formatting should be handled properly. Here is the corrected version of the method:\n    [javac]                                                                                                                                                                                                    ^\n    [javac] /data/cmd/Ming/llm-fl-apr/tmp/Jsoup_71-prompt_apr_2-qwen-turbo/src/main/java/org/jsoup/select/QueryParser.java:148: error: ';' expected\n    [javac] Certainly! The issue with the original code is that the `SelectorParseException` constructor should be called correctly and the string formatting should be handled properly. Here is the corrected version of the method:\n    [javac]                                                                                                                                                                                                               ^\n    [javac] /data/cmd/Ming/llm-fl-apr/tmp/Jsoup_71-prompt_apr_2-qwen-turbo/src/main/java/org/jsoup/select/QueryParser.java:148: error: ';' expected\n    [javac] Certainly! The issue with the original code is that the `SelectorParseException` constructor should be called correctly and the string formatting should be handled properly. Here is the corrected version of the method:\n    [javac]                                                                                                                                                                                                                          ^\n    [javac] /data/cmd/Ming/llm-fl-apr/tmp/Jsoup_71-prompt_apr_2-qwen-turbo/src/main/java/org/jsoup/select/QueryParser.java:150: error: illegal character: \\96\n    [javac] ```java\n    [javac] ^\n    [javac] /data/cmd/Ming/llm-fl-apr/tmp/Jsoup_71-prompt_apr_2-qwen-turbo/src/main/java/org/jsoup/select/QueryParser.java:150: error: illegal character: \\96\n    [javac] ```java\n    [javac]  ^\n    [javac] /data/cmd/Ming/llm-fl-apr/tmp/Jsoup_71-prompt_apr_2-qwen-turbo/src/main/java/org/jsoup/select/QueryParser.java:150: error: illegal character: \\96\n    [javac] ```java\n    [javac]   ^\n    [javac] /data/cmd/Ming/llm-fl-apr/tmp/Jsoup_71-prompt_apr_2-qwen-turbo/src/main/java/org/jsoup/select/QueryParser.java:150: error: <identifier> expected\n    [javac] ```java\n    [javac]        ^\n    [javac] /data/cmd/Ming/llm-fl-apr/tmp/Jsoup_71-prompt_apr_2-qwen-turbo/src/main/java/org/jsoup/select/QueryParser.java:210: error: illegal character: \\96\n    [javac] ```\n    [javac] ^\n    [javac] /data/cmd/Ming/llm-fl-apr/tmp/Jsoup_71-prompt_apr_2-qwen-turbo/src/main/java/org/jsoup/select/QueryParser.java:210: error: illegal character: \\96\n    [javac] ```\n    [javac]  ^\n    [javac] /data/cmd/Ming/llm-fl-apr/tmp/Jsoup_71-prompt_apr_2-qwen-turbo/src/main/java/org/jsoup/select/QueryParser.java:210: error: illegal character: \\96\n    [javac] ```\n    [javac]   ^\n    [javac] /data/cmd/Ming/llm-fl-apr/tmp/Jsoup_71-prompt_apr_2-qwen-turbo/src/main/java/org/jsoup/select/QueryParser.java:212: error: illegal start of type\n    [javac] In this corrected version, I've used `String.format` to handle the string formatting properly for the exception message. This ensures that the error message is constructed correctly when an unhandled case is encountered.\n    [javac]    ^\n    [javac] /data/cmd/Ming/llm-fl-apr/tmp/Jsoup_71-prompt_apr_2-qwen-turbo/src/main/java/org/jsoup/select/QueryParser.java:212: error: ';' expected\n    [javac] In this corrected version, I've used `String.format` to handle the string formatting properly for the exception message. This ensures that the error message is constructed correctly when an unhandled case is encountered.\n    [javac]        ^\n    [javac] /data/cmd/Ming/llm-fl-apr/tmp/Jsoup_71-prompt_apr_2-qwen-turbo/src/main/java/org/jsoup/select/QueryParser.java:212: error: <identifier> expected\n    [javac] In this corrected version, I've used `String.format` to handle the string formatting properly for the exception message. This ensures that the error message is constructed correctly when an unhandled case is encountered.\n    [javac]                          ^\n    [javac] /data/cmd/Ming/llm-fl-apr/tmp/Jsoup_71-prompt_apr_2-qwen-turbo/src/main/java/org/jsoup/select/QueryParser.java:212: error: unclosed character literal\n    [javac] In this corrected version, I've used `String.format` to handle the string formatting properly for the exception message. This ensures that the error message is constructed correctly when an unhandled case is encountered.\n    [javac]                             ^\n    [javac] /data/cmd/Ming/llm-fl-apr/tmp/Jsoup_71-prompt_apr_2-qwen-turbo/src/main/java/org/jsoup/select/QueryParser.java:212: error: illegal character: \\96\n    [javac] In this corrected version, I've used `String.format` to handle the string formatting properly for the exception message. This ensures that the error message is constructed correctly when an unhandled case is encountered.\n    [javac]                                      ^\n    [javac] /data/cmd/Ming/llm-fl-apr/tmp/Jsoup_71-prompt_apr_2-qwen-turbo/src/main/java/org/jsoup/select/QueryParser.java:212: error: illegal character: \\96\n    [javac] In this corrected version, I've used `String.format` to handle the string formatting properly for the exception message. This ensures that the error message is constructed correctly when an unhandled case is encountered.\n    [javac]                                                    ^\n    [javac] /data/cmd/Ming/llm-fl-apr/tmp/Jsoup_71-prompt_apr_2-qwen-turbo/src/main/java/org/jsoup/select/QueryParser.java:212: error: ';' expected\n    [javac] In this corrected version, I've used `String.format` to handle the string formatting properly for the exception message. This ensures that the error message is constructed correctly when an unhandled case is encountered.\n    [javac]                                                               ^\n    [javac] /data/cmd/Ming/llm-fl-apr/tmp/Jsoup_71-prompt_apr_2-qwen-turbo/src/main/java/org/jsoup/select/QueryParser.java:212: error: ';' expected\n    [javac] In this corrected version, I've used `String.format` to handle the string formatting properly for the exception message. This ensures that the error message is constructed correctly when an unhandled case is encountered.\n    [javac]                                                                          ^\n    [javac] /data/cmd/Ming/llm-fl-apr/tmp/Jsoup_71-prompt_apr_2-qwen-turbo/src/main/java/org/jsoup/select/QueryParser.java:212: error: ';' expected\n    [javac] In this corrected version, I've used `String.format` to handle the string formatting properly for the exception message. This ensures that the error message is constructed correctly when an unhandled case is encountered.\n    [javac]                                                                                              ^\n    [javac] /data/cmd/Ming/llm-fl-apr/tmp/Jsoup_71-prompt_apr_2-qwen-turbo/src/main/java/org/jsoup/select/QueryParser.java:212: error: ';' expected\n    [javac] In this corrected version, I've used `String.format` to handle the string formatting properly for the exception message. This ensures that the error message is constructed correctly when an unhandled case is encountered.\n    [javac]                                                                                                                ^\n    [javac] /data/cmd/Ming/llm-fl-apr/tmp/Jsoup_71-prompt_apr_2-qwen-turbo/src/main/java/org/jsoup/select/QueryParser.java:212: error: ';' expected\n    [javac] In this corrected version, I've used `String.format` to handle the string formatting properly for the exception message. This ensures that the error message is constructed correctly when an unhandled case is encountered.\n    [javac]                                                                                                                                      ^\n    [javac] /data/cmd/Ming/llm-fl-apr/tmp/Jsoup_71-prompt_apr_2-qwen-turbo/src/main/java/org/jsoup/select/QueryParser.java:212: error: ';' expected\n    [javac] In this corrected version, I've used `String.format` to handle the string formatting properly for the exception message. This ensures that the error message is constructed correctly when an unhandled case is encountered.\n    [javac]                                                                                                                                               ^\n    [javac] /data/cmd/Ming/llm-fl-apr/tmp/Jsoup_71-prompt_apr_2-qwen-turbo/src/main/java/org/jsoup/select/QueryParser.java:212: error: ';' expected\n    [javac] In this corrected version, I've used `String.format` to handle the string formatting properly for the exception message. This ensures that the error message is constructed correctly when an unhandled case is encountered.\n    [javac]                                                                                                                                                             ^\n    [javac] /data/cmd/Ming/llm-fl-apr/tmp/Jsoup_71-prompt_apr_2-qwen-turbo/src/main/java/org/jsoup/select/QueryParser.java:212: error: ';' expected\n    [javac] In this corrected version, I've used `String.format` to handle the string formatting properly for the exception message. This ensures that the error message is constructed correctly when an unhandled case is encountered.\n    [javac]                                                                                                                                                                            ^\n    [javac] /data/cmd/Ming/llm-fl-apr/tmp/Jsoup_71-prompt_apr_2-qwen-turbo/src/main/java/org/jsoup/select/QueryParser.java:212: error: ';' expected\n    [javac] In this corrected version, I've used `String.format` to handle the string formatting properly for the exception message. This ensures that the error message is constructed correctly when an unhandled case is encountered.\n    [javac]                                                                                                                                                                                           ^\n    [javac] /data/cmd/Ming/llm-fl-apr/tmp/Jsoup_71-prompt_apr_2-qwen-turbo/src/main/java/org/jsoup/select/QueryParser.java:212: error: ';' expected\n    [javac] In this corrected version, I've used `String.format` to handle the string formatting properly for the exception message. This ensures that the error message is constructed correctly when an unhandled case is encountered.\n    [javac]                                                                                                                                                                                                        ^\n    [javac] /data/cmd/Ming/llm-fl-apr/tmp/Jsoup_71-prompt_apr_2-qwen-turbo/src/main/java/org/jsoup/select/QueryParser.java:212: error: ';' expected\n    [javac] In this corrected version, I've used `String.format` to handle the string formatting properly for the exception message. This ensures that the error message is constructed correctly when an unhandled case is encountered.\n    [javac]                                                                                                                                                                                                                            ^\n    [javac] 41 errors\n\nBUILD FAILED\n/data/cmd/Ming/llm-fl-apr/tmp/Jsoup_71-prompt_apr_2-qwen-turbo/maven-build.xml:84: Compile failed; see the compiler error output for details.\n\nTotal time: 3 seconds\nCannot compile sources! at /data/cmd/Ming/LLM_Based-Mutation/tools/mutant/defects4j-2.1.0/framework/bin/d4j/d4j-compile line 82.\nCompilation failed in require at /data/cmd/Ming/LLM_Based-Mutation/tools/mutant/defects4j-2.1.0/framework/bin/defects4j line 195.\n"
                }
            },
            "doubao-pro-4k": {
                "compile": {
                    "rc": 0,
                    "so": "",
                    "se": "Running ant (compile)...................................................... OK\nRunning ant (compile.tests)................................................ OK\n"
                },
                "test": {
                    "rc": 0,
                    "so": "Failing tests: 2\n  - org.jsoup.select.SelectorTest::splitOnBr\n  - org.jsoup.select.SelectorTest::textAsElements\n",
                    "se": "Running ant (compile.tests)................................................ OK\nRunning ant (run.dev.tests)................................................ OK\n"
                }
            },
            "gpt-4o-mini": {
                "compile": {
                    "rc": 0,
                    "so": "",
                    "se": "Running ant (compile)...................................................... OK\nRunning ant (compile.tests)................................................ OK\n"
                },
                "test": {
                    "rc": 0,
                    "so": "Failing tests: 2\n  - org.jsoup.select.SelectorTest::splitOnBr\n  - org.jsoup.select.SelectorTest::textAsElements\n",
                    "se": "Running ant (compile.tests)................................................ OK\nRunning ant (run.dev.tests)................................................ OK\n"
                }
            },
            "deepseek-chat": {
                "compile": {
                    "rc": 0,
                    "so": "",
                    "se": "Running ant (compile)...................................................... OK\nRunning ant (compile.tests)................................................ OK\n"
                },
                "test": {
                    "rc": 0,
                    "so": "Failing tests: 2\n  - org.jsoup.select.SelectorTest::splitOnBr\n  - org.jsoup.select.SelectorTest::textAsElements\n",
                    "se": "Running ant (compile.tests)................................................ OK\nRunning ant (run.dev.tests)................................................ OK\n"
                }
            }
        },
        "prompt_apr_3": {
            "ernie-3.5-128k": {
                "compile": {
                    "rc": 1,
                    "so": "",
                    "se": "Running ant (compile)...................................................... FAIL\nExecuted command:  cd /data/cmd/Ming/llm-fl-apr/tmp/Jsoup_71-prompt_apr_3-ernie-3.5-128k && /data/cmd/Ming/LLM_Based-Mutation/tools/mutant/defects4j-2.1.0/major/bin/ant -f /data/cmd/Ming/LLM_Based-Mutation/tools/mutant/defects4j-2.1.0/framework/projects/defects4j.build.xml -Dd4j.home=/data/cmd/Ming/LLM_Based-Mutation/tools/mutant/defects4j-2.1.0 -Dd4j.dir.projects=/data/cmd/Ming/LLM_Based-Mutation/tools/mutant/defects4j-2.1.0/framework/projects -Dbasedir=/data/cmd/Ming/llm-fl-apr/tmp/Jsoup_71-prompt_apr_3-ernie-3.5-128k -Dbuild.compiler=javac1.7  compile 2>&1\nJava HotSpot(TM) 64-Bit Server VM warning: ignoring option MaxPermSize=1G; support was removed in 8.0\nBuildfile: /data/cmd/Ming/LLM_Based-Mutation/tools/mutant/defects4j-2.1.0/framework/projects/defects4j.build.xml\n\ntest-offline:\n\nget-deps:\n\njsoup-from-maven.compile:\n    [mkdir] Created dir: /data/cmd/Ming/llm-fl-apr/tmp/Jsoup_71-prompt_apr_3-ernie-3.5-128k/target/classes\n    [javac] /data/cmd/Ming/llm-fl-apr/tmp/Jsoup_71-prompt_apr_3-ernie-3.5-128k/maven-build.xml:84: warning: 'includeantruntime' was not set, defaulting to build.sysclasspath=last; set to false for repeatable builds\n    [javac] Compiling 65 source files to /data/cmd/Ming/llm-fl-apr/tmp/Jsoup_71-prompt_apr_3-ernie-3.5-128k/target/classes\n    [javac] warning: /home/cmd/jdk1.8.0_391/lib/ct.sym(META-INF/sym/rt.jar/java/io/BufferedInputStream.class): major version 52 is newer than 51, the highest major version supported by this compiler.\n    [javac]   It is recommended that the compiler be upgraded.\n    [javac] warning: /home/cmd/jdk1.8.0_391/lib/ct.sym(META-INF/sym/rt.jar/java/io/IOException.class): major version 52 is newer than 51, the highest major version supported by this compiler.\n    [javac]   It is recommended that the compiler be upgraded.\n    [javac] warning: /home/cmd/jdk1.8.0_391/lib/ct.sym(META-INF/sym/rt.jar/java/io/InputStream.class): major version 52 is newer than 51, the highest major version supported by this compiler.\n    [javac]   It is recommended that the compiler be upgraded.\n    [javac] warning: /home/cmd/jdk1.8.0_391/lib/ct.sym(META-INF/sym/rt.jar/java/net/Proxy.class): major version 52 is newer than 51, the highest major version supported by this compiler.\n    [javac]   It is recommended that the compiler be upgraded.\n    [javac] warning: /home/cmd/jdk1.8.0_391/lib/ct.sym(META-INF/sym/rt.jar/java/net/URL.class): major version 52 is newer than 51, the highest major version supported by this compiler.\n    [javac]   It is recommended that the compiler be upgraded.\n    [javac] warning: /home/cmd/jdk1.8.0_391/lib/ct.sym(META-INF/sym/rt.jar/java/util/Collection.class): major version 52 is newer than 51, the highest major version supported by this compiler.\n    [javac]   It is recommended that the compiler be upgraded.\n    [javac] warning: /home/cmd/jdk1.8.0_391/lib/ct.sym(META-INF/sym/rt.jar/java/util/List.class): major version 52 is newer than 51, the highest major version supported by this compiler.\n    [javac]   It is recommended that the compiler be upgraded.\n    [javac] warning: /home/cmd/jdk1.8.0_391/lib/ct.sym(META-INF/sym/rt.jar/java/util/Map.class): major version 52 is newer than 51, the highest major version supported by this compiler.\n    [javac]   It is recommended that the compiler be upgraded.\n    [javac] warning: /home/cmd/jdk1.8.0_391/lib/ct.sym(META-INF/sym/rt.jar/java/lang/Object.class): major version 52 is newer than 51, the highest major version supported by this compiler.\n    [javac]   It is recommended that the compiler be upgraded.\n    [javac] warning: /home/cmd/jdk1.8.0_391/lib/ct.sym(META-INF/sym/rt.jar/java/lang/String.class): major version 52 is newer than 51, the highest major version supported by this compiler.\n    [javac]   It is recommended that the compiler be upgraded.\n    [javac] warning: /home/cmd/jdk1.8.0_391/lib/ct.sym(META-INF/sym/rt.jar/java/lang/Enum.class): major version 52 is newer than 51, the highest major version supported by this compiler.\n    [javac]   It is recommended that the compiler be upgraded.\n    [javac] warning: /home/cmd/jdk1.8.0_391/lib/ct.sym(META-INF/sym/rt.jar/java/lang/Comparable.class): major version 52 is newer than 51, the highest major version supported by this compiler.\n    [javac]   It is recommended that the compiler be upgraded.\n    [javac] warning: /home/cmd/jdk1.8.0_391/lib/ct.sym(META-INF/sym/rt.jar/java/io/Serializable.class): major version 52 is newer than 51, the highest major version supported by this compiler.\n    [javac]   It is recommended that the compiler be upgraded.\n    [javac] warning: /home/cmd/jdk1.8.0_391/lib/ct.sym(META-INF/sym/rt.jar/java/io/Reader.class): major version 52 is newer than 51, the highest major version supported by this compiler.\n    [javac]   It is recommended that the compiler be upgraded.\n    [javac] warning: /home/cmd/jdk1.8.0_391/lib/ct.sym(META-INF/sym/rt.jar/java/io/StringReader.class): major version 52 is newer than 51, the highest major version supported by this compiler.\n    [javac]   It is recommended that the compiler be upgraded.\n    [javac] warning: /home/cmd/jdk1.8.0_391/lib/ct.sym(META-INF/sym/rt.jar/java/nio/charset/Charset.class): major version 52 is newer than 51, the highest major version supported by this compiler.\n    [javac]   It is recommended that the compiler be upgraded.\n    [javac] warning: /home/cmd/jdk1.8.0_391/lib/ct.sym(META-INF/sym/rt.jar/java/nio/charset/CharsetEncoder.class): major version 52 is newer than 51, the highest major version supported by this compiler.\n    [javac]   It is recommended that the compiler be upgraded.\n    [javac] warning: /home/cmd/jdk1.8.0_391/lib/ct.sym(META-INF/sym/rt.jar/java/util/ArrayList.class): major version 52 is newer than 51, the highest major version supported by this compiler.\n    [javac]   It is recommended that the compiler be upgraded.\n    [javac] warning: /home/cmd/jdk1.8.0_391/lib/ct.sym(META-INF/sym/rt.jar/java/lang/ref/WeakReference.class): major version 52 is newer than 51, the highest major version supported by this compiler.\n    [javac]   It is recommended that the compiler be upgraded.\n    [javac] warning: /home/cmd/jdk1.8.0_391/lib/ct.sym(META-INF/sym/rt.jar/java/util/Arrays.class): major version 52 is newer than 51, the highest major version supported by this compiler.\n    [javac]   It is recommended that the compiler be upgraded.\n    [javac] warning: /home/cmd/jdk1.8.0_391/lib/ct.sym(META-INF/sym/rt.jar/java/util/Collections.class): major version 52 is newer than 51, the highest major version supported by this compiler.\n    [javac]   It is recommended that the compiler be upgraded.\n    [javac] warning: /home/cmd/jdk1.8.0_391/lib/ct.sym(META-INF/sym/rt.jar/java/util/LinkedHashSet.class): major version 52 is newer than 51, the highest major version supported by this compiler.\n    [javac]   It is recommended that the compiler be upgraded.\n    [javac] warning: /home/cmd/jdk1.8.0_391/lib/ct.sym(META-INF/sym/rt.jar/java/util/Set.class): major version 52 is newer than 51, the highest major version supported by this compiler.\n    [javac]   It is recommended that the compiler be upgraded.\n    [javac] warning: /home/cmd/jdk1.8.0_391/lib/ct.sym(META-INF/sym/rt.jar/java/util/regex/Pattern.class): major version 52 is newer than 51, the highest major version supported by this compiler.\n    [javac]   It is recommended that the compiler be upgraded.\n    [javac] warning: /home/cmd/jdk1.8.0_391/lib/ct.sym(META-INF/sym/rt.jar/java/util/regex/PatternSyntaxException.class): major version 52 is newer than 51, the highest major version supported by this compiler.\n    [javac]   It is recommended that the compiler be upgraded.\n    [javac] warning: /home/cmd/jdk1.8.0_391/lib/ct.sym(META-INF/sym/rt.jar/java/util/Locale.class): major version 52 is newer than 51, the highest major version supported by this compiler.\n    [javac]   It is recommended that the compiler be upgraded.\n    [javac] warning: /home/cmd/jdk1.8.0_391/lib/ct.sym(META-INF/sym/rt.jar/java/lang/Cloneable.class): major version 52 is newer than 51, the highest major version supported by this compiler.\n    [javac]   It is recommended that the compiler be upgraded.\n    [javac] warning: /home/cmd/jdk1.8.0_391/lib/ct.sym(META-INF/sym/rt.jar/java/lang/Iterable.class): major version 52 is newer than 51, the highest major version supported by this compiler.\n    [javac]   It is recommended that the compiler be upgraded.\n    [javac] warning: /home/cmd/jdk1.8.0_391/lib/ct.sym(META-INF/sym/rt.jar/java/util/RandomAccess.class): major version 52 is newer than 51, the highest major version supported by this compiler.\n    [javac]   It is recommended that the compiler be upgraded.\n    [javac] warning: /home/cmd/jdk1.8.0_391/lib/ct.sym(META-INF/sym/rt.jar/java/util/AbstractList.class): major version 52 is newer than 51, the highest major version supported by this compiler.\n    [javac]   It is recommended that the compiler be upgraded.\n    [javac] warning: /home/cmd/jdk1.8.0_391/lib/ct.sym(META-INF/sym/rt.jar/java/util/AbstractCollection.class): major version 52 is newer than 51, the highest major version supported by this compiler.\n    [javac]   It is recommended that the compiler be upgraded.\n    [javac] warning: /home/cmd/jdk1.8.0_391/lib/ct.sym(META-INF/sym/rt.jar/java/util/HashMap.class): major version 52 is newer than 51, the highest major version supported by this compiler.\n    [javac]   It is recommended that the compiler be upgraded.\n    [javac] warning: /home/cmd/jdk1.8.0_391/lib/ct.sym(META-INF/sym/rt.jar/java/util/AbstractMap.class): major version 52 is newer than 51, the highest major version supported by this compiler.\n    [javac]   It is recommended that the compiler be upgraded.\n    [javac] warning: /home/cmd/jdk1.8.0_391/lib/ct.sym(META-INF/sym/rt.jar/java/util/AbstractSet.class): major version 52 is newer than 51, the highest major version supported by this compiler.\n    [javac]   It is recommended that the compiler be upgraded.\n    [javac] warning: /home/cmd/jdk1.8.0_391/lib/ct.sym(META-INF/sym/rt.jar/java/util/Iterator.class): major version 52 is newer than 51, the highest major version supported by this compiler.\n    [javac]   It is recommended that the compiler be upgraded.\n    [javac] warning: /home/cmd/jdk1.8.0_391/lib/ct.sym(META-INF/sym/rt.jar/java/util/Map$Entry.class): major version 52 is newer than 51, the highest major version supported by this compiler.\n    [javac]   It is recommended that the compiler be upgraded.\n    [javac] warning: /home/cmd/jdk1.8.0_391/lib/ct.sym(META-INF/sym/rt.jar/java/util/HashSet.class): major version 52 is newer than 51, the highest major version supported by this compiler.\n    [javac]   It is recommended that the compiler be upgraded.\n    [javac] warning: /home/cmd/jdk1.8.0_391/lib/ct.sym(META-INF/sym/rt.jar/java/util/regex/Matcher.class): major version 52 is newer than 51, the highest major version supported by this compiler.\n    [javac]   It is recommended that the compiler be upgraded.\n    [javac] warning: /home/cmd/jdk1.8.0_391/lib/ct.sym(META-INF/sym/rt.jar/java/lang/StringBuilder.class): major version 52 is newer than 51, the highest major version supported by this compiler.\n    [javac]   It is recommended that the compiler be upgraded.\n    [javac] warning: /home/cmd/jdk1.8.0_391/lib/ct.sym(META-INF/sym/rt.jar/java/lang/Appendable.class): major version 52 is newer than 51, the highest major version supported by this compiler.\n    [javac]   It is recommended that the compiler be upgraded.\n    [javac] warning: /home/cmd/jdk1.8.0_391/lib/ct.sym(META-INF/sym/rt.jar/java/lang/CharSequence.class): major version 52 is newer than 51, the highest major version supported by this compiler.\n    [javac]   It is recommended that the compiler be upgraded.\n    [javac] warning: /home/cmd/jdk1.8.0_391/lib/ct.sym(META-INF/sym/rt.jar/java/lang/Character.class): major version 52 is newer than 51, the highest major version supported by this compiler.\n    [javac]   It is recommended that the compiler be upgraded.\n    [javac] warning: /home/cmd/jdk1.8.0_391/lib/ct.sym(META-INF/sym/rt.jar/java/lang/Exception.class): major version 52 is newer than 51, the highest major version supported by this compiler.\n    [javac]   It is recommended that the compiler be upgraded.\n    [javac] warning: /home/cmd/jdk1.8.0_391/lib/ct.sym(META-INF/sym/rt.jar/java/lang/Throwable.class): major version 52 is newer than 51, the highest major version supported by this compiler.\n    [javac]   It is recommended that the compiler be upgraded.\n    [javac] warning: /home/cmd/jdk1.8.0_391/lib/ct.sym(META-INF/sym/rt.jar/java/io/File.class): major version 52 is newer than 51, the highest major version supported by this compiler.\n    [javac]   It is recommended that the compiler be upgraded.\n    [javac] warning: /home/cmd/jdk1.8.0_391/lib/ct.sym(META-INF/sym/rt.jar/java/lang/RuntimeException.class): major version 52 is newer than 51, the highest major version supported by this compiler.\n    [javac]   It is recommended that the compiler be upgraded.\n    [javac] warning: /home/cmd/jdk1.8.0_391/lib/ct.sym(META-INF/sym/rt.jar/java/lang/Error.class): major version 52 is newer than 51, the highest major version supported by this compiler.\n    [javac]   It is recommended that the compiler be upgraded.\n    [javac] warning: /home/cmd/jdk1.8.0_391/lib/ct.sym(META-INF/sym/rt.jar/java/io/BufferedReader.class): major version 52 is newer than 51, the highest major version supported by this compiler.\n    [javac]   It is recommended that the compiler be upgraded.\n    [javac] warning: /home/cmd/jdk1.8.0_391/lib/ct.sym(META-INF/sym/rt.jar/java/io/FileInputStream.class): major version 52 is newer than 51, the highest major version supported by this compiler.\n    [javac]   It is recommended that the compiler be upgraded.\n    [javac] warning: /home/cmd/jdk1.8.0_391/lib/ct.sym(META-INF/sym/rt.jar/java/io/InputStreamReader.class): major version 52 is newer than 51, the highest major version supported by this compiler.\n    [javac]   It is recommended that the compiler be upgraded.\n    [javac] warning: /home/cmd/jdk1.8.0_391/lib/ct.sym(META-INF/sym/rt.jar/java/io/OutputStream.class): major version 52 is newer than 51, the highest major version supported by this compiler.\n    [javac]   It is recommended that the compiler be upgraded.\n    [javac] warning: /home/cmd/jdk1.8.0_391/lib/ct.sym(META-INF/sym/rt.jar/java/io/RandomAccessFile.class): major version 52 is newer than 51, the highest major version supported by this compiler.\n    [javac]   It is recommended that the compiler be upgraded.\n    [javac] warning: /home/cmd/jdk1.8.0_391/lib/ct.sym(META-INF/sym/rt.jar/java/nio/Buffer.class): major version 52 is newer than 51, the highest major version supported by this compiler.\n    [javac]   It is recommended that the compiler be upgraded.\n    [javac] warning: /home/cmd/jdk1.8.0_391/lib/ct.sym(META-INF/sym/rt.jar/java/nio/ByteBuffer.class): major version 52 is newer than 51, the highest major version supported by this compiler.\n    [javac]   It is recommended that the compiler be upgraded.\n    [javac] warning: /home/cmd/jdk1.8.0_391/lib/ct.sym(META-INF/sym/rt.jar/java/nio/charset/IllegalCharsetNameException.class): major version 52 is newer than 51, the highest major version supported by this compiler.\n    [javac]   It is recommended that the compiler be upgraded.\n    [javac] warning: /home/cmd/jdk1.8.0_391/lib/ct.sym(META-INF/sym/rt.jar/java/util/Random.class): major version 52 is newer than 51, the highest major version supported by this compiler.\n    [javac]   It is recommended that the compiler be upgraded.\n    [javac] warning: /home/cmd/jdk1.8.0_391/lib/ct.sym(META-INF/sym/rt.jar/javax/net/ssl/HostnameVerifier.class): major version 52 is newer than 51, the highest major version supported by this compiler.\n    [javac]   It is recommended that the compiler be upgraded.\n    [javac] warning: /home/cmd/jdk1.8.0_391/lib/ct.sym(META-INF/sym/rt.jar/javax/net/ssl/HttpsURLConnection.class): major version 52 is newer than 51, the highest major version supported by this compiler.\n    [javac]   It is recommended that the compiler be upgraded.\n    [javac] warning: /home/cmd/jdk1.8.0_391/lib/ct.sym(META-INF/sym/rt.jar/javax/net/ssl/SSLContext.class): major version 52 is newer than 51, the highest major version supported by this compiler.\n    [javac]   It is recommended that the compiler be upgraded.\n    [javac] warning: /home/cmd/jdk1.8.0_391/lib/ct.sym(META-INF/sym/rt.jar/javax/net/ssl/SSLSession.class): major version 52 is newer than 51, the highest major version supported by this compiler.\n    [javac]   It is recommended that the compiler be upgraded.\n    [javac] warning: /home/cmd/jdk1.8.0_391/lib/ct.sym(META-INF/sym/rt.jar/javax/net/ssl/SSLSocketFactory.class): major version 52 is newer than 51, the highest major version supported by this compiler.\n    [javac]   It is recommended that the compiler be upgraded.\n    [javac] warning: /home/cmd/jdk1.8.0_391/lib/ct.sym(META-INF/sym/rt.jar/javax/net/ssl/TrustManager.class): major version 52 is newer than 51, the highest major version supported by this compiler.\n    [javac]   It is recommended that the compiler be upgraded.\n    [javac] warning: /home/cmd/jdk1.8.0_391/lib/ct.sym(META-INF/sym/rt.jar/javax/net/ssl/X509TrustManager.class): major version 52 is newer than 51, the highest major version supported by this compiler.\n    [javac]   It is recommended that the compiler be upgraded.\n    [javac] warning: /home/cmd/jdk1.8.0_391/lib/ct.sym(META-INF/sym/rt.jar/java/io/BufferedWriter.class): major version 52 is newer than 51, the highest major version supported by this compiler.\n    [javac]   It is recommended that the compiler be upgraded.\n    [javac] warning: /home/cmd/jdk1.8.0_391/lib/ct.sym(META-INF/sym/rt.jar/java/io/ByteArrayInputStream.class): major version 52 is newer than 51, the highest major version supported by this compiler.\n    [javac]   It is recommended that the compiler be upgraded.\n    [javac] warning: /home/cmd/jdk1.8.0_391/lib/ct.sym(META-INF/sym/rt.jar/java/io/OutputStreamWriter.class): major version 52 is newer than 51, the highest major version supported by this compiler.\n    [javac]   It is recommended that the compiler be upgraded.\n    [javac] warning: /home/cmd/jdk1.8.0_391/lib/ct.sym(META-INF/sym/rt.jar/java/io/UnsupportedEncodingException.class): major version 52 is newer than 51, the highest major version supported by this compiler.\n    [javac]   It is recommended that the compiler be upgraded.\n    [javac] warning: /home/cmd/jdk1.8.0_391/lib/ct.sym(META-INF/sym/rt.jar/java/net/HttpURLConnection.class): major version 52 is newer than 51, the highest major version supported by this compiler.\n    [javac]   It is recommended that the compiler be upgraded.\n    [javac] warning: /home/cmd/jdk1.8.0_391/lib/ct.sym(META-INF/sym/rt.jar/java/net/InetSocketAddress.class): major version 52 is newer than 51, the highest major version supported by this compiler.\n    [javac]   It is recommended that the compiler be upgraded.\n    [javac] warning: /home/cmd/jdk1.8.0_391/lib/ct.sym(META-INF/sym/rt.jar/java/net/MalformedURLException.class): major version 52 is newer than 51, the highest major version supported by this compiler.\n    [javac]   It is recommended that the compiler be upgraded.\n    [javac] warning: /home/cmd/jdk1.8.0_391/lib/ct.sym(META-INF/sym/rt.jar/java/net/URI.class): major version 52 is newer than 51, the highest major version supported by this compiler.\n    [javac]   It is recommended that the compiler be upgraded.\n    [javac] warning: /home/cmd/jdk1.8.0_391/lib/ct.sym(META-INF/sym/rt.jar/java/net/URLEncoder.class): major version 52 is newer than 51, the highest major version supported by this compiler.\n    [javac]   It is recommended that the compiler be upgraded.\n    [javac] warning: /home/cmd/jdk1.8.0_391/lib/ct.sym(META-INF/sym/rt.jar/java/security/KeyManagementException.class): major version 52 is newer than 51, the highest major version supported by this compiler.\n    [javac]   It is recommended that the compiler be upgraded.\n    [javac] warning: /home/cmd/jdk1.8.0_391/lib/ct.sym(META-INF/sym/rt.jar/java/security/NoSuchAlgorithmException.class): major version 52 is newer than 51, the highest major version supported by this compiler.\n    [javac]   It is recommended that the compiler be upgraded.\n    [javac] warning: /home/cmd/jdk1.8.0_391/lib/ct.sym(META-INF/sym/rt.jar/java/security/cert/X509Certificate.class): major version 52 is newer than 51, the highest major version supported by this compiler.\n    [javac]   It is recommended that the compiler be upgraded.\n    [javac] warning: /home/cmd/jdk1.8.0_391/lib/ct.sym(META-INF/sym/rt.jar/java/util/LinkedHashMap.class): major version 52 is newer than 51, the highest major version supported by this compiler.\n    [javac]   It is recommended that the compiler be upgraded.\n    [javac] warning: /home/cmd/jdk1.8.0_391/lib/ct.sym(META-INF/sym/rt.jar/java/util/zip/GZIPInputStream.class): major version 52 is newer than 51, the highest major version supported by this compiler.\n    [javac]   It is recommended that the compiler be upgraded.\n    [javac] warning: /home/cmd/jdk1.8.0_391/lib/ct.sym(META-INF/sym/rt.jar/java/lang/SuppressWarnings.class): major version 52 is newer than 51, the highest major version supported by this compiler.\n    [javac]   It is recommended that the compiler be upgraded.\n    [javac] warning: /home/cmd/jdk1.8.0_391/lib/ct.sym(META-INF/sym/rt.jar/java/lang/ThreadLocal.class): major version 52 is newer than 51, the highest major version supported by this compiler.\n    [javac]   It is recommended that the compiler be upgraded.\n    [javac] warning: /home/cmd/jdk1.8.0_391/lib/ct.sym(META-INF/sym/rt.jar/org/w3c/dom/Comment.class): major version 52 is newer than 51, the highest major version supported by this compiler.\n    [javac]   It is recommended that the compiler be upgraded.\n    [javac] warning: /home/cmd/jdk1.8.0_391/lib/ct.sym(META-INF/sym/rt.jar/org/w3c/dom/Document.class): major version 52 is newer than 51, the highest major version supported by this compiler.\n    [javac]   It is recommended that the compiler be upgraded.\n    [javac] warning: /home/cmd/jdk1.8.0_391/lib/ct.sym(META-INF/sym/rt.jar/org/w3c/dom/Element.class): major version 52 is newer than 51, the highest major version supported by this compiler.\n    [javac]   It is recommended that the compiler be upgraded.\n    [javac] warning: /home/cmd/jdk1.8.0_391/lib/ct.sym(META-INF/sym/rt.jar/org/w3c/dom/Text.class): major version 52 is newer than 51, the highest major version supported by this compiler.\n    [javac]   It is recommended that the compiler be upgraded.\n    [javac] warning: /home/cmd/jdk1.8.0_391/lib/ct.sym(META-INF/sym/rt.jar/javax/xml/parsers/DocumentBuilder.class): major version 52 is newer than 51, the highest major version supported by this compiler.\n    [javac]   It is recommended that the compiler be upgraded.\n    [javac] warning: /home/cmd/jdk1.8.0_391/lib/ct.sym(META-INF/sym/rt.jar/javax/xml/parsers/DocumentBuilderFactory.class): major version 52 is newer than 51, the highest major version supported by this compiler.\n    [javac]   It is recommended that the compiler be upgraded.\n    [javac] warning: /home/cmd/jdk1.8.0_391/lib/ct.sym(META-INF/sym/rt.jar/javax/xml/parsers/ParserConfigurationException.class): major version 52 is newer than 51, the highest major version supported by this compiler.\n    [javac]   It is recommended that the compiler be upgraded.\n    [javac] warning: /home/cmd/jdk1.8.0_391/lib/ct.sym(META-INF/sym/rt.jar/javax/xml/transform/Transformer.class): major version 52 is newer than 51, the highest major version supported by this compiler.\n    [javac]   It is recommended that the compiler be upgraded.\n    [javac] warning: /home/cmd/jdk1.8.0_391/lib/ct.sym(META-INF/sym/rt.jar/javax/xml/transform/TransformerException.class): major version 52 is newer than 51, the highest major version supported by this compiler.\n    [javac]   It is recommended that the compiler be upgraded.\n    [javac] warning: /home/cmd/jdk1.8.0_391/lib/ct.sym(META-INF/sym/rt.jar/javax/xml/transform/TransformerFactory.class): major version 52 is newer than 51, the highest major version supported by this compiler.\n    [javac]   It is recommended that the compiler be upgraded.\n    [javac] warning: /home/cmd/jdk1.8.0_391/lib/ct.sym(META-INF/sym/rt.jar/javax/xml/transform/dom/DOMSource.class): major version 52 is newer than 51, the highest major version supported by this compiler.\n    [javac]   It is recommended that the compiler be upgraded.\n    [javac] warning: /home/cmd/jdk1.8.0_391/lib/ct.sym(META-INF/sym/rt.jar/javax/xml/transform/stream/StreamResult.class): major version 52 is newer than 51, the highest major version supported by this compiler.\n    [javac]   It is recommended that the compiler be upgraded.\n    [javac] warning: /home/cmd/jdk1.8.0_391/lib/ct.sym(META-INF/sym/rt.jar/java/io/StringWriter.class): major version 52 is newer than 51, the highest major version supported by this compiler.\n    [javac]   It is recommended that the compiler be upgraded.\n    [javac] warning: /home/cmd/jdk1.8.0_391/lib/ct.sym(META-INF/sym/rt.jar/java/io/ByteArrayOutputStream.class): major version 52 is newer than 51, the highest major version supported by this compiler.\n    [javac]   It is recommended that the compiler be upgraded.\n    [javac] warning: /home/cmd/jdk1.8.0_391/lib/ct.sym(META-INF/sym/rt.jar/java/net/SocketTimeoutException.class): major version 52 is newer than 51, the highest major version supported by this compiler.\n    [javac]   It is recommended that the compiler be upgraded.\n    [javac] warning: /home/cmd/jdk1.8.0_391/lib/ct.sym(META-INF/sym/rt.jar/java/io/FilterInputStream.class): major version 52 is newer than 51, the highest major version supported by this compiler.\n    [javac]   It is recommended that the compiler be upgraded.\n    [javac] warning: /home/cmd/jdk1.8.0_391/lib/ct.sym(META-INF/sym/rt.jar/java/io/Closeable.class): major version 52 is newer than 51, the highest major version supported by this compiler.\n    [javac]   It is recommended that the compiler be upgraded.\n    [javac] warning: /home/cmd/jdk1.8.0_391/lib/ct.sym(META-INF/sym/rt.jar/java/lang/AutoCloseable.class): major version 52 is newer than 51, the highest major version supported by this compiler.\n    [javac]   It is recommended that the compiler be upgraded.\n    [javac] warning: /home/cmd/jdk1.8.0_391/lib/ct.sym(META-INF/sym/rt.jar/java/util/IdentityHashMap.class): major version 52 is newer than 51, the highest major version supported by this compiler.\n    [javac]   It is recommended that the compiler be upgraded.\n    [javac] warning: /home/cmd/jdk1.8.0_391/lib/ct.sym(META-INF/sym/rt.jar/java/lang/IllegalStateException.class): major version 52 is newer than 51, the highest major version supported by this compiler.\n    [javac]   It is recommended that the compiler be upgraded.\n    [javac] /home/cmd/jdk1.8.0_391/lib/ct.sym(META-INF/sym/rt.jar/java/io/BufferedInputStream.class): warning: Cannot find annotation method 'value()' in type 'Profile+Annotation': class file for jdk.Profile+Annotation not found\n    [javac] /data/cmd/Ming/llm-fl-apr/tmp/Jsoup_71-prompt_apr_3-ernie-3.5-128k/src/main/java/org/jsoup/select/QueryParser.java:204: error: cannot find symbol\n    [javac]             throw new Selector.SelectorParseException(\"Could not parse query '%s': unexpected token at '%s'\", tq.getQuery(), tq.remainder());\n    [javac]                                                                                                                 ^\n    [javac]   symbol:   method getQuery()\n    [javac]   location: variable tq of type TokenQueue\n    [javac] Note: /data/cmd/Ming/llm-fl-apr/tmp/Jsoup_71-prompt_apr_3-ernie-3.5-128k/src/main/java/org/jsoup/nodes/Attributes.java uses or overrides a deprecated API.\n    [javac] 1 error\n    [javac] 100 warnings\n\nBUILD FAILED\n/data/cmd/Ming/llm-fl-apr/tmp/Jsoup_71-prompt_apr_3-ernie-3.5-128k/maven-build.xml:84: Compile failed; see the compiler error output for details.\n\nTotal time: 6 seconds\nCannot compile sources! at /data/cmd/Ming/LLM_Based-Mutation/tools/mutant/defects4j-2.1.0/framework/bin/d4j/d4j-compile line 82.\nCompilation failed in require at /data/cmd/Ming/LLM_Based-Mutation/tools/mutant/defects4j-2.1.0/framework/bin/defects4j line 195.\n"
                }
            },
            "qwen-turbo": {
                "compile": {
                    "rc": 1,
                    "so": "",
                    "se": "Running ant (compile)...................................................... FAIL\nExecuted command:  cd /data/cmd/Ming/llm-fl-apr/tmp/Jsoup_71-prompt_apr_3-qwen-turbo && /data/cmd/Ming/LLM_Based-Mutation/tools/mutant/defects4j-2.1.0/major/bin/ant -f /data/cmd/Ming/LLM_Based-Mutation/tools/mutant/defects4j-2.1.0/framework/projects/defects4j.build.xml -Dd4j.home=/data/cmd/Ming/LLM_Based-Mutation/tools/mutant/defects4j-2.1.0 -Dd4j.dir.projects=/data/cmd/Ming/LLM_Based-Mutation/tools/mutant/defects4j-2.1.0/framework/projects -Dbasedir=/data/cmd/Ming/llm-fl-apr/tmp/Jsoup_71-prompt_apr_3-qwen-turbo -Dbuild.compiler=javac1.7  compile 2>&1\nJava HotSpot(TM) 64-Bit Server VM warning: ignoring option MaxPermSize=1G; support was removed in 8.0\nBuildfile: /data/cmd/Ming/LLM_Based-Mutation/tools/mutant/defects4j-2.1.0/framework/projects/defects4j.build.xml\n\ntest-offline:\n\nget-deps:\n\njsoup-from-maven.compile:\n    [mkdir] Created dir: /data/cmd/Ming/llm-fl-apr/tmp/Jsoup_71-prompt_apr_3-qwen-turbo/target/classes\n    [javac] /data/cmd/Ming/llm-fl-apr/tmp/Jsoup_71-prompt_apr_3-qwen-turbo/maven-build.xml:84: warning: 'includeantruntime' was not set, defaulting to build.sysclasspath=last; set to false for repeatable builds\n    [javac] Compiling 65 source files to /data/cmd/Ming/llm-fl-apr/tmp/Jsoup_71-prompt_apr_3-qwen-turbo/target/classes\n    [javac] /data/cmd/Ming/llm-fl-apr/tmp/Jsoup_71-prompt_apr_3-qwen-turbo/src/main/java/org/jsoup/select/QueryParser.java:148: error: illegal character: \\96\n    [javac] ```java\n    [javac] ^\n    [javac] /data/cmd/Ming/llm-fl-apr/tmp/Jsoup_71-prompt_apr_3-qwen-turbo/src/main/java/org/jsoup/select/QueryParser.java:148: error: illegal character: \\96\n    [javac] ```java\n    [javac]  ^\n    [javac] /data/cmd/Ming/llm-fl-apr/tmp/Jsoup_71-prompt_apr_3-qwen-turbo/src/main/java/org/jsoup/select/QueryParser.java:148: error: illegal character: \\96\n    [javac] ```java\n    [javac]   ^\n    [javac] /data/cmd/Ming/llm-fl-apr/tmp/Jsoup_71-prompt_apr_3-qwen-turbo/src/main/java/org/jsoup/select/QueryParser.java:208: error: illegal character: \\96\n    [javac] ```\n    [javac] ^\n    [javac] /data/cmd/Ming/llm-fl-apr/tmp/Jsoup_71-prompt_apr_3-qwen-turbo/src/main/java/org/jsoup/select/QueryParser.java:208: error: illegal character: \\96\n    [javac] ```\n    [javac]  ^\n    [javac] /data/cmd/Ming/llm-fl-apr/tmp/Jsoup_71-prompt_apr_3-qwen-turbo/src/main/java/org/jsoup/select/QueryParser.java:208: error: illegal character: \\96\n    [javac] ```\n    [javac]   ^\n    [javac] 6 errors\n\nBUILD FAILED\n/data/cmd/Ming/llm-fl-apr/tmp/Jsoup_71-prompt_apr_3-qwen-turbo/maven-build.xml:84: Compile failed; see the compiler error output for details.\n\nTotal time: 1 second\nCannot compile sources! at /data/cmd/Ming/LLM_Based-Mutation/tools/mutant/defects4j-2.1.0/framework/bin/d4j/d4j-compile line 82.\nCompilation failed in require at /data/cmd/Ming/LLM_Based-Mutation/tools/mutant/defects4j-2.1.0/framework/bin/defects4j line 195.\n"
                }
            },
            "doubao-pro-4k": {
                "compile": {
                    "rc": 0,
                    "so": "",
                    "se": "Running ant (compile)...................................................... OK\nRunning ant (compile.tests)................................................ OK\n"
                },
                "test": {
                    "rc": 0,
                    "so": "Failing tests: 2\n  - org.jsoup.select.SelectorTest::splitOnBr\n  - org.jsoup.select.SelectorTest::textAsElements\n",
                    "se": "Running ant (compile.tests)................................................ OK\nRunning ant (run.dev.tests)................................................ OK\n"
                }
            },
            "gpt-4o-mini": {
                "compile": {
                    "rc": 1,
                    "so": "",
                    "se": "Running ant (compile)...................................................... FAIL\nExecuted command:  cd /data/cmd/Ming/llm-fl-apr/tmp/Jsoup_71-prompt_apr_3-gpt-4o-mini && /data/cmd/Ming/LLM_Based-Mutation/tools/mutant/defects4j-2.1.0/major/bin/ant -f /data/cmd/Ming/LLM_Based-Mutation/tools/mutant/defects4j-2.1.0/framework/projects/defects4j.build.xml -Dd4j.home=/data/cmd/Ming/LLM_Based-Mutation/tools/mutant/defects4j-2.1.0 -Dd4j.dir.projects=/data/cmd/Ming/LLM_Based-Mutation/tools/mutant/defects4j-2.1.0/framework/projects -Dbasedir=/data/cmd/Ming/llm-fl-apr/tmp/Jsoup_71-prompt_apr_3-gpt-4o-mini -Dbuild.compiler=javac1.7  compile 2>&1\nJava HotSpot(TM) 64-Bit Server VM warning: ignoring option MaxPermSize=1G; support was removed in 8.0\nBuildfile: /data/cmd/Ming/LLM_Based-Mutation/tools/mutant/defects4j-2.1.0/framework/projects/defects4j.build.xml\n\ntest-offline:\n\nget-deps:\n\njsoup-from-maven.compile:\n    [mkdir] Created dir: /data/cmd/Ming/llm-fl-apr/tmp/Jsoup_71-prompt_apr_3-gpt-4o-mini/target/classes\n    [javac] /data/cmd/Ming/llm-fl-apr/tmp/Jsoup_71-prompt_apr_3-gpt-4o-mini/maven-build.xml:84: warning: 'includeantruntime' was not set, defaulting to build.sysclasspath=last; set to false for repeatable builds\n    [javac] Compiling 65 source files to /data/cmd/Ming/llm-fl-apr/tmp/Jsoup_71-prompt_apr_3-gpt-4o-mini/target/classes\n    [javac] /data/cmd/Ming/llm-fl-apr/tmp/Jsoup_71-prompt_apr_3-gpt-4o-mini/src/main/java/org/jsoup/select/QueryParser.java:205: error: illegal start of expression\n    [javac]     private void byId() {\n    [javac]     ^\n    [javac] /data/cmd/Ming/llm-fl-apr/tmp/Jsoup_71-prompt_apr_3-gpt-4o-mini/src/main/java/org/jsoup/select/QueryParser.java:205: error: illegal start of expression\n    [javac]     private void byId() {\n    [javac]             ^\n    [javac] /data/cmd/Ming/llm-fl-apr/tmp/Jsoup_71-prompt_apr_3-gpt-4o-mini/src/main/java/org/jsoup/select/QueryParser.java:205: error: ';' expected\n    [javac]     private void byId() {\n    [javac]                      ^\n    [javac] /data/cmd/Ming/llm-fl-apr/tmp/Jsoup_71-prompt_apr_3-gpt-4o-mini/src/main/java/org/jsoup/select/QueryParser.java:211: error: illegal start of expression\n    [javac]     private void byClass() {\n    [javac]     ^\n    [javac] /data/cmd/Ming/llm-fl-apr/tmp/Jsoup_71-prompt_apr_3-gpt-4o-mini/src/main/java/org/jsoup/select/QueryParser.java:211: error: illegal start of expression\n    [javac]     private void byClass() {\n    [javac]             ^\n    [javac] /data/cmd/Ming/llm-fl-apr/tmp/Jsoup_71-prompt_apr_3-gpt-4o-mini/src/main/java/org/jsoup/select/QueryParser.java:211: error: ';' expected\n    [javac]     private void byClass() {\n    [javac]                         ^\n    [javac] /data/cmd/Ming/llm-fl-apr/tmp/Jsoup_71-prompt_apr_3-gpt-4o-mini/src/main/java/org/jsoup/select/QueryParser.java:217: error: illegal start of expression\n    [javac]     private void byTag() {\n    [javac]     ^\n    [javac] /data/cmd/Ming/llm-fl-apr/tmp/Jsoup_71-prompt_apr_3-gpt-4o-mini/src/main/java/org/jsoup/select/QueryParser.java:217: error: illegal start of expression\n    [javac]     private void byTag() {\n    [javac]             ^\n    [javac] /data/cmd/Ming/llm-fl-apr/tmp/Jsoup_71-prompt_apr_3-gpt-4o-mini/src/main/java/org/jsoup/select/QueryParser.java:217: error: ';' expected\n    [javac]     private void byTag() {\n    [javac]                       ^\n    [javac] /data/cmd/Ming/llm-fl-apr/tmp/Jsoup_71-prompt_apr_3-gpt-4o-mini/src/main/java/org/jsoup/select/QueryParser.java:234: error: illegal start of expression\n    [javac]     private void byAttribute() {\n    [javac]     ^\n    [javac] /data/cmd/Ming/llm-fl-apr/tmp/Jsoup_71-prompt_apr_3-gpt-4o-mini/src/main/java/org/jsoup/select/QueryParser.java:234: error: illegal start of expression\n    [javac]     private void byAttribute() {\n    [javac]             ^\n    [javac] /data/cmd/Ming/llm-fl-apr/tmp/Jsoup_71-prompt_apr_3-gpt-4o-mini/src/main/java/org/jsoup/select/QueryParser.java:234: error: ';' expected\n    [javac]     private void byAttribute() {\n    [javac]                             ^\n    [javac] /data/cmd/Ming/llm-fl-apr/tmp/Jsoup_71-prompt_apr_3-gpt-4o-mini/src/main/java/org/jsoup/select/QueryParser.java:268: error: illegal start of expression\n    [javac]     private void allElements() {\n    [javac]     ^\n    [javac] /data/cmd/Ming/llm-fl-apr/tmp/Jsoup_71-prompt_apr_3-gpt-4o-mini/src/main/java/org/jsoup/select/QueryParser.java:268: error: illegal start of expression\n    [javac]     private void allElements() {\n    [javac]             ^\n    [javac] /data/cmd/Ming/llm-fl-apr/tmp/Jsoup_71-prompt_apr_3-gpt-4o-mini/src/main/java/org/jsoup/select/QueryParser.java:268: error: ';' expected\n    [javac]     private void allElements() {\n    [javac]                             ^\n    [javac] /data/cmd/Ming/llm-fl-apr/tmp/Jsoup_71-prompt_apr_3-gpt-4o-mini/src/main/java/org/jsoup/select/QueryParser.java:273: error: illegal start of expression\n    [javac]     private void indexLessThan() {\n    [javac]     ^\n    [javac] /data/cmd/Ming/llm-fl-apr/tmp/Jsoup_71-prompt_apr_3-gpt-4o-mini/src/main/java/org/jsoup/select/QueryParser.java:273: error: illegal start of expression\n    [javac]     private void indexLessThan() {\n    [javac]             ^\n    [javac] /data/cmd/Ming/llm-fl-apr/tmp/Jsoup_71-prompt_apr_3-gpt-4o-mini/src/main/java/org/jsoup/select/QueryParser.java:273: error: ';' expected\n    [javac]     private void indexLessThan() {\n    [javac]                               ^\n    [javac] /data/cmd/Ming/llm-fl-apr/tmp/Jsoup_71-prompt_apr_3-gpt-4o-mini/src/main/java/org/jsoup/select/QueryParser.java:277: error: illegal start of expression\n    [javac]     private void indexGreaterThan() {\n    [javac]     ^\n    [javac] /data/cmd/Ming/llm-fl-apr/tmp/Jsoup_71-prompt_apr_3-gpt-4o-mini/src/main/java/org/jsoup/select/QueryParser.java:277: error: illegal start of expression\n    [javac]     private void indexGreaterThan() {\n    [javac]             ^\n    [javac] /data/cmd/Ming/llm-fl-apr/tmp/Jsoup_71-prompt_apr_3-gpt-4o-mini/src/main/java/org/jsoup/select/QueryParser.java:277: error: ';' expected\n    [javac]     private void indexGreaterThan() {\n    [javac]                                  ^\n    [javac] /data/cmd/Ming/llm-fl-apr/tmp/Jsoup_71-prompt_apr_3-gpt-4o-mini/src/main/java/org/jsoup/select/QueryParser.java:281: error: illegal start of expression\n    [javac]     private void indexEquals() {\n    [javac]     ^\n    [javac] /data/cmd/Ming/llm-fl-apr/tmp/Jsoup_71-prompt_apr_3-gpt-4o-mini/src/main/java/org/jsoup/select/QueryParser.java:281: error: illegal start of expression\n    [javac]     private void indexEquals() {\n    [javac]             ^\n    [javac] /data/cmd/Ming/llm-fl-apr/tmp/Jsoup_71-prompt_apr_3-gpt-4o-mini/src/main/java/org/jsoup/select/QueryParser.java:281: error: ';' expected\n    [javac]     private void indexEquals() {\n    [javac]                             ^\n    [javac] /data/cmd/Ming/llm-fl-apr/tmp/Jsoup_71-prompt_apr_3-gpt-4o-mini/src/main/java/org/jsoup/select/QueryParser.java:286: error: illegal start of expression\n    [javac]     private static final Pattern NTH_AB = Pattern.compile(\"(([+-])?(\\\\d+)?)n(\\\\s*([+-])?\\\\s*\\\\d+)?\", Pattern.CASE_INSENSITIVE);\n    [javac]     ^\n    [javac] /data/cmd/Ming/llm-fl-apr/tmp/Jsoup_71-prompt_apr_3-gpt-4o-mini/src/main/java/org/jsoup/select/QueryParser.java:286: error: illegal start of expression\n    [javac]     private static final Pattern NTH_AB = Pattern.compile(\"(([+-])?(\\\\d+)?)n(\\\\s*([+-])?\\\\s*\\\\d+)?\", Pattern.CASE_INSENSITIVE);\n    [javac]             ^\n    [javac] /data/cmd/Ming/llm-fl-apr/tmp/Jsoup_71-prompt_apr_3-gpt-4o-mini/src/main/java/org/jsoup/select/QueryParser.java:286: error: ';' expected\n    [javac]     private static final Pattern NTH_AB = Pattern.compile(\"(([+-])?(\\\\d+)?)n(\\\\s*([+-])?\\\\s*\\\\d+)?\", Pattern.CASE_INSENSITIVE);\n    [javac]                   ^\n    [javac] /data/cmd/Ming/llm-fl-apr/tmp/Jsoup_71-prompt_apr_3-gpt-4o-mini/src/main/java/org/jsoup/select/QueryParser.java:287: error: illegal start of expression\n    [javac]     private static final Pattern NTH_B  = Pattern.compile(\"([+-])?(\\\\d+)\");\n    [javac]     ^\n    [javac] /data/cmd/Ming/llm-fl-apr/tmp/Jsoup_71-prompt_apr_3-gpt-4o-mini/src/main/java/org/jsoup/select/QueryParser.java:287: error: illegal start of expression\n    [javac]     private static final Pattern NTH_B  = Pattern.compile(\"([+-])?(\\\\d+)\");\n    [javac]             ^\n    [javac] /data/cmd/Ming/llm-fl-apr/tmp/Jsoup_71-prompt_apr_3-gpt-4o-mini/src/main/java/org/jsoup/select/QueryParser.java:287: error: ';' expected\n    [javac]     private static final Pattern NTH_B  = Pattern.compile(\"([+-])?(\\\\d+)\");\n    [javac]                   ^\n    [javac] /data/cmd/Ming/llm-fl-apr/tmp/Jsoup_71-prompt_apr_3-gpt-4o-mini/src/main/java/org/jsoup/select/QueryParser.java:289: error: illegal start of expression\n    [javac] \tprivate void cssNthChild(boolean backwards, boolean ofType) {\n    [javac] \t^\n    [javac] /data/cmd/Ming/llm-fl-apr/tmp/Jsoup_71-prompt_apr_3-gpt-4o-mini/src/main/java/org/jsoup/select/QueryParser.java:289: error: illegal start of expression\n    [javac] \tprivate void cssNthChild(boolean backwards, boolean ofType) {\n    [javac] \t        ^\n    [javac] /data/cmd/Ming/llm-fl-apr/tmp/Jsoup_71-prompt_apr_3-gpt-4o-mini/src/main/java/org/jsoup/select/QueryParser.java:289: error: ';' expected\n    [javac] \tprivate void cssNthChild(boolean backwards, boolean ofType) {\n    [javac] \t                        ^\n    [javac] /data/cmd/Ming/llm-fl-apr/tmp/Jsoup_71-prompt_apr_3-gpt-4o-mini/src/main/java/org/jsoup/select/QueryParser.java:289: error: <identifier> expected\n    [javac] \tprivate void cssNthChild(boolean backwards, boolean ofType) {\n    [javac] \t                                           ^\n    [javac] /data/cmd/Ming/llm-fl-apr/tmp/Jsoup_71-prompt_apr_3-gpt-4o-mini/src/main/java/org/jsoup/select/QueryParser.java:289: error: not a statement\n    [javac] \tprivate void cssNthChild(boolean backwards, boolean ofType) {\n    [javac] \t                                                    ^\n    [javac] /data/cmd/Ming/llm-fl-apr/tmp/Jsoup_71-prompt_apr_3-gpt-4o-mini/src/main/java/org/jsoup/select/QueryParser.java:289: error: ';' expected\n    [javac] \tprivate void cssNthChild(boolean backwards, boolean ofType) {\n    [javac] \t                                                          ^\n    [javac] /data/cmd/Ming/llm-fl-apr/tmp/Jsoup_71-prompt_apr_3-gpt-4o-mini/src/main/java/org/jsoup/select/QueryParser.java:322: error: illegal start of expression\n    [javac]     private int consumeIndex() {\n    [javac]     ^\n    [javac] /data/cmd/Ming/llm-fl-apr/tmp/Jsoup_71-prompt_apr_3-gpt-4o-mini/src/main/java/org/jsoup/select/QueryParser.java:322: error: ';' expected\n    [javac]     private int consumeIndex() {\n    [javac]                             ^\n    [javac] /data/cmd/Ming/llm-fl-apr/tmp/Jsoup_71-prompt_apr_3-gpt-4o-mini/src/main/java/org/jsoup/select/QueryParser.java:329: error: illegal start of expression\n    [javac]     private void has() {\n    [javac]     ^\n    [javac] /data/cmd/Ming/llm-fl-apr/tmp/Jsoup_71-prompt_apr_3-gpt-4o-mini/src/main/java/org/jsoup/select/QueryParser.java:329: error: illegal start of expression\n    [javac]     private void has() {\n    [javac]             ^\n    [javac] /data/cmd/Ming/llm-fl-apr/tmp/Jsoup_71-prompt_apr_3-gpt-4o-mini/src/main/java/org/jsoup/select/QueryParser.java:329: error: ';' expected\n    [javac]     private void has() {\n    [javac]                     ^\n    [javac] /data/cmd/Ming/llm-fl-apr/tmp/Jsoup_71-prompt_apr_3-gpt-4o-mini/src/main/java/org/jsoup/select/QueryParser.java:337: error: illegal start of expression\n    [javac]     private void contains(boolean own) {\n    [javac]     ^\n    [javac] /data/cmd/Ming/llm-fl-apr/tmp/Jsoup_71-prompt_apr_3-gpt-4o-mini/src/main/java/org/jsoup/select/QueryParser.java:337: error: illegal start of expression\n    [javac]     private void contains(boolean own) {\n    [javac]             ^\n    [javac] /data/cmd/Ming/llm-fl-apr/tmp/Jsoup_71-prompt_apr_3-gpt-4o-mini/src/main/java/org/jsoup/select/QueryParser.java:337: error: ';' expected\n    [javac]     private void contains(boolean own) {\n    [javac]                          ^\n    [javac] /data/cmd/Ming/llm-fl-apr/tmp/Jsoup_71-prompt_apr_3-gpt-4o-mini/src/main/java/org/jsoup/select/QueryParser.java:337: error: ';' expected\n    [javac]     private void contains(boolean own) {\n    [javac]                                      ^\n    [javac] /data/cmd/Ming/llm-fl-apr/tmp/Jsoup_71-prompt_apr_3-gpt-4o-mini/src/main/java/org/jsoup/select/QueryParser.java:348: error: illegal start of expression\n    [javac]     private void containsData() {\n    [javac]     ^\n    [javac] /data/cmd/Ming/llm-fl-apr/tmp/Jsoup_71-prompt_apr_3-gpt-4o-mini/src/main/java/org/jsoup/select/QueryParser.java:348: error: illegal start of expression\n    [javac]     private void containsData() {\n    [javac]             ^\n    [javac] /data/cmd/Ming/llm-fl-apr/tmp/Jsoup_71-prompt_apr_3-gpt-4o-mini/src/main/java/org/jsoup/select/QueryParser.java:348: error: ';' expected\n    [javac]     private void containsData() {\n    [javac]                              ^\n    [javac] /data/cmd/Ming/llm-fl-apr/tmp/Jsoup_71-prompt_apr_3-gpt-4o-mini/src/main/java/org/jsoup/select/QueryParser.java:356: error: illegal start of expression\n    [javac]     private void matches(boolean own) {\n    [javac]     ^\n    [javac] /data/cmd/Ming/llm-fl-apr/tmp/Jsoup_71-prompt_apr_3-gpt-4o-mini/src/main/java/org/jsoup/select/QueryParser.java:356: error: illegal start of expression\n    [javac]     private void matches(boolean own) {\n    [javac]             ^\n    [javac] /data/cmd/Ming/llm-fl-apr/tmp/Jsoup_71-prompt_apr_3-gpt-4o-mini/src/main/java/org/jsoup/select/QueryParser.java:356: error: ';' expected\n    [javac]     private void matches(boolean own) {\n    [javac]                         ^\n    [javac] /data/cmd/Ming/llm-fl-apr/tmp/Jsoup_71-prompt_apr_3-gpt-4o-mini/src/main/java/org/jsoup/select/QueryParser.java:356: error: ';' expected\n    [javac]     private void matches(boolean own) {\n    [javac]                                     ^\n    [javac] /data/cmd/Ming/llm-fl-apr/tmp/Jsoup_71-prompt_apr_3-gpt-4o-mini/src/main/java/org/jsoup/select/QueryParser.java:368: error: illegal start of expression\n    [javac]     private void not() {\n    [javac]     ^\n    [javac] /data/cmd/Ming/llm-fl-apr/tmp/Jsoup_71-prompt_apr_3-gpt-4o-mini/src/main/java/org/jsoup/select/QueryParser.java:368: error: illegal start of expression\n    [javac]     private void not() {\n    [javac]             ^\n    [javac] /data/cmd/Ming/llm-fl-apr/tmp/Jsoup_71-prompt_apr_3-gpt-4o-mini/src/main/java/org/jsoup/select/QueryParser.java:368: error: ';' expected\n    [javac]     private void not() {\n    [javac]                     ^\n    [javac] /data/cmd/Ming/llm-fl-apr/tmp/Jsoup_71-prompt_apr_3-gpt-4o-mini/src/main/java/org/jsoup/select/QueryParser.java:375: error: reached end of file while parsing\n    [javac] }\n    [javac]  ^\n    [javac] 56 errors\n\nBUILD FAILED\n/data/cmd/Ming/llm-fl-apr/tmp/Jsoup_71-prompt_apr_3-gpt-4o-mini/maven-build.xml:84: Compile failed; see the compiler error output for details.\n\nTotal time: 2 seconds\nCannot compile sources! at /data/cmd/Ming/LLM_Based-Mutation/tools/mutant/defects4j-2.1.0/framework/bin/d4j/d4j-compile line 82.\nCompilation failed in require at /data/cmd/Ming/LLM_Based-Mutation/tools/mutant/defects4j-2.1.0/framework/bin/defects4j line 195.\n"
                }
            },
            "deepseek-chat": {
                "compile": {
                    "rc": 1,
                    "so": "",
                    "se": "Running ant (compile)...................................................... FAIL\nExecuted command:  cd /data/cmd/Ming/llm-fl-apr/tmp/Jsoup_71-prompt_apr_3-deepseek-chat && /data/cmd/Ming/LLM_Based-Mutation/tools/mutant/defects4j-2.1.0/major/bin/ant -f /data/cmd/Ming/LLM_Based-Mutation/tools/mutant/defects4j-2.1.0/framework/projects/defects4j.build.xml -Dd4j.home=/data/cmd/Ming/LLM_Based-Mutation/tools/mutant/defects4j-2.1.0 -Dd4j.dir.projects=/data/cmd/Ming/LLM_Based-Mutation/tools/mutant/defects4j-2.1.0/framework/projects -Dbasedir=/data/cmd/Ming/llm-fl-apr/tmp/Jsoup_71-prompt_apr_3-deepseek-chat -Dbuild.compiler=javac1.7  compile 2>&1\nJava HotSpot(TM) 64-Bit Server VM warning: ignoring option MaxPermSize=1G; support was removed in 8.0\nBuildfile: /data/cmd/Ming/LLM_Based-Mutation/tools/mutant/defects4j-2.1.0/framework/projects/defects4j.build.xml\n\ntest-offline:\n\nget-deps:\n\njsoup-from-maven.compile:\n    [mkdir] Created dir: /data/cmd/Ming/llm-fl-apr/tmp/Jsoup_71-prompt_apr_3-deepseek-chat/target/classes\n    [javac] /data/cmd/Ming/llm-fl-apr/tmp/Jsoup_71-prompt_apr_3-deepseek-chat/maven-build.xml:84: warning: 'includeantruntime' was not set, defaulting to build.sysclasspath=last; set to false for repeatable builds\n    [javac] Compiling 65 source files to /data/cmd/Ming/llm-fl-apr/tmp/Jsoup_71-prompt_apr_3-deepseek-chat/target/classes\n    [javac] /data/cmd/Ming/llm-fl-apr/tmp/Jsoup_71-prompt_apr_3-deepseek-chat/src/main/java/org/jsoup/select/QueryParser.java:205: error: illegal start of expression\n    [javac]     private void byId() {\n    [javac]     ^\n    [javac] /data/cmd/Ming/llm-fl-apr/tmp/Jsoup_71-prompt_apr_3-deepseek-chat/src/main/java/org/jsoup/select/QueryParser.java:205: error: illegal start of expression\n    [javac]     private void byId() {\n    [javac]             ^\n    [javac] /data/cmd/Ming/llm-fl-apr/tmp/Jsoup_71-prompt_apr_3-deepseek-chat/src/main/java/org/jsoup/select/QueryParser.java:205: error: ';' expected\n    [javac]     private void byId() {\n    [javac]                      ^\n    [javac] /data/cmd/Ming/llm-fl-apr/tmp/Jsoup_71-prompt_apr_3-deepseek-chat/src/main/java/org/jsoup/select/QueryParser.java:211: error: illegal start of expression\n    [javac]     private void byClass() {\n    [javac]     ^\n    [javac] /data/cmd/Ming/llm-fl-apr/tmp/Jsoup_71-prompt_apr_3-deepseek-chat/src/main/java/org/jsoup/select/QueryParser.java:211: error: illegal start of expression\n    [javac]     private void byClass() {\n    [javac]             ^\n    [javac] /data/cmd/Ming/llm-fl-apr/tmp/Jsoup_71-prompt_apr_3-deepseek-chat/src/main/java/org/jsoup/select/QueryParser.java:211: error: ';' expected\n    [javac]     private void byClass() {\n    [javac]                         ^\n    [javac] /data/cmd/Ming/llm-fl-apr/tmp/Jsoup_71-prompt_apr_3-deepseek-chat/src/main/java/org/jsoup/select/QueryParser.java:217: error: illegal start of expression\n    [javac]     private void byTag() {\n    [javac]     ^\n    [javac] /data/cmd/Ming/llm-fl-apr/tmp/Jsoup_71-prompt_apr_3-deepseek-chat/src/main/java/org/jsoup/select/QueryParser.java:217: error: illegal start of expression\n    [javac]     private void byTag() {\n    [javac]             ^\n    [javac] /data/cmd/Ming/llm-fl-apr/tmp/Jsoup_71-prompt_apr_3-deepseek-chat/src/main/java/org/jsoup/select/QueryParser.java:217: error: ';' expected\n    [javac]     private void byTag() {\n    [javac]                       ^\n    [javac] /data/cmd/Ming/llm-fl-apr/tmp/Jsoup_71-prompt_apr_3-deepseek-chat/src/main/java/org/jsoup/select/QueryParser.java:234: error: illegal start of expression\n    [javac]     private void byAttribute() {\n    [javac]     ^\n    [javac] /data/cmd/Ming/llm-fl-apr/tmp/Jsoup_71-prompt_apr_3-deepseek-chat/src/main/java/org/jsoup/select/QueryParser.java:234: error: illegal start of expression\n    [javac]     private void byAttribute() {\n    [javac]             ^\n    [javac] /data/cmd/Ming/llm-fl-apr/tmp/Jsoup_71-prompt_apr_3-deepseek-chat/src/main/java/org/jsoup/select/QueryParser.java:234: error: ';' expected\n    [javac]     private void byAttribute() {\n    [javac]                             ^\n    [javac] /data/cmd/Ming/llm-fl-apr/tmp/Jsoup_71-prompt_apr_3-deepseek-chat/src/main/java/org/jsoup/select/QueryParser.java:268: error: illegal start of expression\n    [javac]     private void allElements() {\n    [javac]     ^\n    [javac] /data/cmd/Ming/llm-fl-apr/tmp/Jsoup_71-prompt_apr_3-deepseek-chat/src/main/java/org/jsoup/select/QueryParser.java:268: error: illegal start of expression\n    [javac]     private void allElements() {\n    [javac]             ^\n    [javac] /data/cmd/Ming/llm-fl-apr/tmp/Jsoup_71-prompt_apr_3-deepseek-chat/src/main/java/org/jsoup/select/QueryParser.java:268: error: ';' expected\n    [javac]     private void allElements() {\n    [javac]                             ^\n    [javac] /data/cmd/Ming/llm-fl-apr/tmp/Jsoup_71-prompt_apr_3-deepseek-chat/src/main/java/org/jsoup/select/QueryParser.java:273: error: illegal start of expression\n    [javac]     private void indexLessThan() {\n    [javac]     ^\n    [javac] /data/cmd/Ming/llm-fl-apr/tmp/Jsoup_71-prompt_apr_3-deepseek-chat/src/main/java/org/jsoup/select/QueryParser.java:273: error: illegal start of expression\n    [javac]     private void indexLessThan() {\n    [javac]             ^\n    [javac] /data/cmd/Ming/llm-fl-apr/tmp/Jsoup_71-prompt_apr_3-deepseek-chat/src/main/java/org/jsoup/select/QueryParser.java:273: error: ';' expected\n    [javac]     private void indexLessThan() {\n    [javac]                               ^\n    [javac] /data/cmd/Ming/llm-fl-apr/tmp/Jsoup_71-prompt_apr_3-deepseek-chat/src/main/java/org/jsoup/select/QueryParser.java:277: error: illegal start of expression\n    [javac]     private void indexGreaterThan() {\n    [javac]     ^\n    [javac] /data/cmd/Ming/llm-fl-apr/tmp/Jsoup_71-prompt_apr_3-deepseek-chat/src/main/java/org/jsoup/select/QueryParser.java:277: error: illegal start of expression\n    [javac]     private void indexGreaterThan() {\n    [javac]             ^\n    [javac] /data/cmd/Ming/llm-fl-apr/tmp/Jsoup_71-prompt_apr_3-deepseek-chat/src/main/java/org/jsoup/select/QueryParser.java:277: error: ';' expected\n    [javac]     private void indexGreaterThan() {\n    [javac]                                  ^\n    [javac] /data/cmd/Ming/llm-fl-apr/tmp/Jsoup_71-prompt_apr_3-deepseek-chat/src/main/java/org/jsoup/select/QueryParser.java:281: error: illegal start of expression\n    [javac]     private void indexEquals() {\n    [javac]     ^\n    [javac] /data/cmd/Ming/llm-fl-apr/tmp/Jsoup_71-prompt_apr_3-deepseek-chat/src/main/java/org/jsoup/select/QueryParser.java:281: error: illegal start of expression\n    [javac]     private void indexEquals() {\n    [javac]             ^\n    [javac] /data/cmd/Ming/llm-fl-apr/tmp/Jsoup_71-prompt_apr_3-deepseek-chat/src/main/java/org/jsoup/select/QueryParser.java:281: error: ';' expected\n    [javac]     private void indexEquals() {\n    [javac]                             ^\n    [javac] /data/cmd/Ming/llm-fl-apr/tmp/Jsoup_71-prompt_apr_3-deepseek-chat/src/main/java/org/jsoup/select/QueryParser.java:286: error: illegal start of expression\n    [javac]     private static final Pattern NTH_AB = Pattern.compile(\"(([+-])?(\\\\d+)?)n(\\\\s*([+-])?\\\\s*\\\\d+)?\", Pattern.CASE_INSENSITIVE);\n    [javac]     ^\n    [javac] /data/cmd/Ming/llm-fl-apr/tmp/Jsoup_71-prompt_apr_3-deepseek-chat/src/main/java/org/jsoup/select/QueryParser.java:286: error: illegal start of expression\n    [javac]     private static final Pattern NTH_AB = Pattern.compile(\"(([+-])?(\\\\d+)?)n(\\\\s*([+-])?\\\\s*\\\\d+)?\", Pattern.CASE_INSENSITIVE);\n    [javac]             ^\n    [javac] /data/cmd/Ming/llm-fl-apr/tmp/Jsoup_71-prompt_apr_3-deepseek-chat/src/main/java/org/jsoup/select/QueryParser.java:286: error: ';' expected\n    [javac]     private static final Pattern NTH_AB = Pattern.compile(\"(([+-])?(\\\\d+)?)n(\\\\s*([+-])?\\\\s*\\\\d+)?\", Pattern.CASE_INSENSITIVE);\n    [javac]                   ^\n    [javac] /data/cmd/Ming/llm-fl-apr/tmp/Jsoup_71-prompt_apr_3-deepseek-chat/src/main/java/org/jsoup/select/QueryParser.java:287: error: illegal start of expression\n    [javac]     private static final Pattern NTH_B  = Pattern.compile(\"([+-])?(\\\\d+)\");\n    [javac]     ^\n    [javac] /data/cmd/Ming/llm-fl-apr/tmp/Jsoup_71-prompt_apr_3-deepseek-chat/src/main/java/org/jsoup/select/QueryParser.java:287: error: illegal start of expression\n    [javac]     private static final Pattern NTH_B  = Pattern.compile(\"([+-])?(\\\\d+)\");\n    [javac]             ^\n    [javac] /data/cmd/Ming/llm-fl-apr/tmp/Jsoup_71-prompt_apr_3-deepseek-chat/src/main/java/org/jsoup/select/QueryParser.java:287: error: ';' expected\n    [javac]     private static final Pattern NTH_B  = Pattern.compile(\"([+-])?(\\\\d+)\");\n    [javac]                   ^\n    [javac] /data/cmd/Ming/llm-fl-apr/tmp/Jsoup_71-prompt_apr_3-deepseek-chat/src/main/java/org/jsoup/select/QueryParser.java:289: error: illegal start of expression\n    [javac] \tprivate void cssNthChild(boolean backwards, boolean ofType) {\n    [javac] \t^\n    [javac] /data/cmd/Ming/llm-fl-apr/tmp/Jsoup_71-prompt_apr_3-deepseek-chat/src/main/java/org/jsoup/select/QueryParser.java:289: error: illegal start of expression\n    [javac] \tprivate void cssNthChild(boolean backwards, boolean ofType) {\n    [javac] \t        ^\n    [javac] /data/cmd/Ming/llm-fl-apr/tmp/Jsoup_71-prompt_apr_3-deepseek-chat/src/main/java/org/jsoup/select/QueryParser.java:289: error: ';' expected\n    [javac] \tprivate void cssNthChild(boolean backwards, boolean ofType) {\n    [javac] \t                        ^\n    [javac] /data/cmd/Ming/llm-fl-apr/tmp/Jsoup_71-prompt_apr_3-deepseek-chat/src/main/java/org/jsoup/select/QueryParser.java:289: error: <identifier> expected\n    [javac] \tprivate void cssNthChild(boolean backwards, boolean ofType) {\n    [javac] \t                                           ^\n    [javac] /data/cmd/Ming/llm-fl-apr/tmp/Jsoup_71-prompt_apr_3-deepseek-chat/src/main/java/org/jsoup/select/QueryParser.java:289: error: not a statement\n    [javac] \tprivate void cssNthChild(boolean backwards, boolean ofType) {\n    [javac] \t                                                    ^\n    [javac] /data/cmd/Ming/llm-fl-apr/tmp/Jsoup_71-prompt_apr_3-deepseek-chat/src/main/java/org/jsoup/select/QueryParser.java:289: error: ';' expected\n    [javac] \tprivate void cssNthChild(boolean backwards, boolean ofType) {\n    [javac] \t                                                          ^\n    [javac] /data/cmd/Ming/llm-fl-apr/tmp/Jsoup_71-prompt_apr_3-deepseek-chat/src/main/java/org/jsoup/select/QueryParser.java:322: error: illegal start of expression\n    [javac]     private int consumeIndex() {\n    [javac]     ^\n    [javac] /data/cmd/Ming/llm-fl-apr/tmp/Jsoup_71-prompt_apr_3-deepseek-chat/src/main/java/org/jsoup/select/QueryParser.java:322: error: ';' expected\n    [javac]     private int consumeIndex() {\n    [javac]                             ^\n    [javac] /data/cmd/Ming/llm-fl-apr/tmp/Jsoup_71-prompt_apr_3-deepseek-chat/src/main/java/org/jsoup/select/QueryParser.java:329: error: illegal start of expression\n    [javac]     private void has() {\n    [javac]     ^\n    [javac] /data/cmd/Ming/llm-fl-apr/tmp/Jsoup_71-prompt_apr_3-deepseek-chat/src/main/java/org/jsoup/select/QueryParser.java:329: error: illegal start of expression\n    [javac]     private void has() {\n    [javac]             ^\n    [javac] /data/cmd/Ming/llm-fl-apr/tmp/Jsoup_71-prompt_apr_3-deepseek-chat/src/main/java/org/jsoup/select/QueryParser.java:329: error: ';' expected\n    [javac]     private void has() {\n    [javac]                     ^\n    [javac] /data/cmd/Ming/llm-fl-apr/tmp/Jsoup_71-prompt_apr_3-deepseek-chat/src/main/java/org/jsoup/select/QueryParser.java:337: error: illegal start of expression\n    [javac]     private void contains(boolean own) {\n    [javac]     ^\n    [javac] /data/cmd/Ming/llm-fl-apr/tmp/Jsoup_71-prompt_apr_3-deepseek-chat/src/main/java/org/jsoup/select/QueryParser.java:337: error: illegal start of expression\n    [javac]     private void contains(boolean own) {\n    [javac]             ^\n    [javac] /data/cmd/Ming/llm-fl-apr/tmp/Jsoup_71-prompt_apr_3-deepseek-chat/src/main/java/org/jsoup/select/QueryParser.java:337: error: ';' expected\n    [javac]     private void contains(boolean own) {\n    [javac]                          ^\n    [javac] /data/cmd/Ming/llm-fl-apr/tmp/Jsoup_71-prompt_apr_3-deepseek-chat/src/main/java/org/jsoup/select/QueryParser.java:337: error: ';' expected\n    [javac]     private void contains(boolean own) {\n    [javac]                                      ^\n    [javac] /data/cmd/Ming/llm-fl-apr/tmp/Jsoup_71-prompt_apr_3-deepseek-chat/src/main/java/org/jsoup/select/QueryParser.java:348: error: illegal start of expression\n    [javac]     private void containsData() {\n    [javac]     ^\n    [javac] /data/cmd/Ming/llm-fl-apr/tmp/Jsoup_71-prompt_apr_3-deepseek-chat/src/main/java/org/jsoup/select/QueryParser.java:348: error: illegal start of expression\n    [javac]     private void containsData() {\n    [javac]             ^\n    [javac] /data/cmd/Ming/llm-fl-apr/tmp/Jsoup_71-prompt_apr_3-deepseek-chat/src/main/java/org/jsoup/select/QueryParser.java:348: error: ';' expected\n    [javac]     private void containsData() {\n    [javac]                              ^\n    [javac] /data/cmd/Ming/llm-fl-apr/tmp/Jsoup_71-prompt_apr_3-deepseek-chat/src/main/java/org/jsoup/select/QueryParser.java:356: error: illegal start of expression\n    [javac]     private void matches(boolean own) {\n    [javac]     ^\n    [javac] /data/cmd/Ming/llm-fl-apr/tmp/Jsoup_71-prompt_apr_3-deepseek-chat/src/main/java/org/jsoup/select/QueryParser.java:356: error: illegal start of expression\n    [javac]     private void matches(boolean own) {\n    [javac]             ^\n    [javac] /data/cmd/Ming/llm-fl-apr/tmp/Jsoup_71-prompt_apr_3-deepseek-chat/src/main/java/org/jsoup/select/QueryParser.java:356: error: ';' expected\n    [javac]     private void matches(boolean own) {\n    [javac]                         ^\n    [javac] /data/cmd/Ming/llm-fl-apr/tmp/Jsoup_71-prompt_apr_3-deepseek-chat/src/main/java/org/jsoup/select/QueryParser.java:356: error: ';' expected\n    [javac]     private void matches(boolean own) {\n    [javac]                                     ^\n    [javac] /data/cmd/Ming/llm-fl-apr/tmp/Jsoup_71-prompt_apr_3-deepseek-chat/src/main/java/org/jsoup/select/QueryParser.java:368: error: illegal start of expression\n    [javac]     private void not() {\n    [javac]     ^\n    [javac] /data/cmd/Ming/llm-fl-apr/tmp/Jsoup_71-prompt_apr_3-deepseek-chat/src/main/java/org/jsoup/select/QueryParser.java:368: error: illegal start of expression\n    [javac]     private void not() {\n    [javac]             ^\n    [javac] /data/cmd/Ming/llm-fl-apr/tmp/Jsoup_71-prompt_apr_3-deepseek-chat/src/main/java/org/jsoup/select/QueryParser.java:368: error: ';' expected\n    [javac]     private void not() {\n    [javac]                     ^\n    [javac] /data/cmd/Ming/llm-fl-apr/tmp/Jsoup_71-prompt_apr_3-deepseek-chat/src/main/java/org/jsoup/select/QueryParser.java:375: error: reached end of file while parsing\n    [javac] }\n    [javac]  ^\n    [javac] 56 errors\n\nBUILD FAILED\n/data/cmd/Ming/llm-fl-apr/tmp/Jsoup_71-prompt_apr_3-deepseek-chat/maven-build.xml:84: Compile failed; see the compiler error output for details.\n\nTotal time: 2 seconds\nCannot compile sources! at /data/cmd/Ming/LLM_Based-Mutation/tools/mutant/defects4j-2.1.0/framework/bin/d4j/d4j-compile line 82.\nCompilation failed in require at /data/cmd/Ming/LLM_Based-Mutation/tools/mutant/defects4j-2.1.0/framework/bin/defects4j line 195.\n"
                }
            }
        },
        "prompt_apr_4": {
            "ernie-3.5-128k": {
                "compile": {
                    "rc": 1,
                    "so": "",
                    "se": "Running ant (compile)...................................................... FAIL\nExecuted command:  cd /data/cmd/Ming/llm-fl-apr/tmp/Jsoup_71-prompt_apr_4-ernie-3.5-128k && /data/cmd/Ming/LLM_Based-Mutation/tools/mutant/defects4j-2.1.0/major/bin/ant -f /data/cmd/Ming/LLM_Based-Mutation/tools/mutant/defects4j-2.1.0/framework/projects/defects4j.build.xml -Dd4j.home=/data/cmd/Ming/LLM_Based-Mutation/tools/mutant/defects4j-2.1.0 -Dd4j.dir.projects=/data/cmd/Ming/LLM_Based-Mutation/tools/mutant/defects4j-2.1.0/framework/projects -Dbasedir=/data/cmd/Ming/llm-fl-apr/tmp/Jsoup_71-prompt_apr_4-ernie-3.5-128k -Dbuild.compiler=javac1.7  compile 2>&1\nJava HotSpot(TM) 64-Bit Server VM warning: ignoring option MaxPermSize=1G; support was removed in 8.0\nBuildfile: /data/cmd/Ming/LLM_Based-Mutation/tools/mutant/defects4j-2.1.0/framework/projects/defects4j.build.xml\n\ntest-offline:\n\nget-deps:\n\njsoup-from-maven.compile:\n    [mkdir] Created dir: /data/cmd/Ming/llm-fl-apr/tmp/Jsoup_71-prompt_apr_4-ernie-3.5-128k/target/classes\n    [javac] /data/cmd/Ming/llm-fl-apr/tmp/Jsoup_71-prompt_apr_4-ernie-3.5-128k/maven-build.xml:84: warning: 'includeantruntime' was not set, defaulting to build.sysclasspath=last; set to false for repeatable builds\n    [javac] Compiling 65 source files to /data/cmd/Ming/llm-fl-apr/tmp/Jsoup_71-prompt_apr_4-ernie-3.5-128k/target/classes\n    [javac] /data/cmd/Ming/llm-fl-apr/tmp/Jsoup_71-prompt_apr_4-ernie-3.5-128k/src/main/java/org/jsoup/select/QueryParser.java:204: error: 'else' without 'if'\n    [javac] else // unhandled\n    [javac] ^\n    [javac] 1 error\n\nBUILD FAILED\n/data/cmd/Ming/llm-fl-apr/tmp/Jsoup_71-prompt_apr_4-ernie-3.5-128k/maven-build.xml:84: Compile failed; see the compiler error output for details.\n\nTotal time: 2 seconds\nCannot compile sources! at /data/cmd/Ming/LLM_Based-Mutation/tools/mutant/defects4j-2.1.0/framework/bin/d4j/d4j-compile line 82.\nCompilation failed in require at /data/cmd/Ming/LLM_Based-Mutation/tools/mutant/defects4j-2.1.0/framework/bin/defects4j line 195.\n"
                }
            },
            "qwen-turbo": {
                "compile": {
                    "rc": 1,
                    "so": "",
                    "se": "Running ant (compile)...................................................... FAIL\nExecuted command:  cd /data/cmd/Ming/llm-fl-apr/tmp/Jsoup_71-prompt_apr_4-qwen-turbo && /data/cmd/Ming/LLM_Based-Mutation/tools/mutant/defects4j-2.1.0/major/bin/ant -f /data/cmd/Ming/LLM_Based-Mutation/tools/mutant/defects4j-2.1.0/framework/projects/defects4j.build.xml -Dd4j.home=/data/cmd/Ming/LLM_Based-Mutation/tools/mutant/defects4j-2.1.0 -Dd4j.dir.projects=/data/cmd/Ming/LLM_Based-Mutation/tools/mutant/defects4j-2.1.0/framework/projects -Dbasedir=/data/cmd/Ming/llm-fl-apr/tmp/Jsoup_71-prompt_apr_4-qwen-turbo -Dbuild.compiler=javac1.7  compile 2>&1\nJava HotSpot(TM) 64-Bit Server VM warning: ignoring option MaxPermSize=1G; support was removed in 8.0\nBuildfile: /data/cmd/Ming/LLM_Based-Mutation/tools/mutant/defects4j-2.1.0/framework/projects/defects4j.build.xml\n\ntest-offline:\n\nget-deps:\n\njsoup-from-maven.compile:\n    [mkdir] Created dir: /data/cmd/Ming/llm-fl-apr/tmp/Jsoup_71-prompt_apr_4-qwen-turbo/target/classes\n    [javac] /data/cmd/Ming/llm-fl-apr/tmp/Jsoup_71-prompt_apr_4-qwen-turbo/maven-build.xml:84: warning: 'includeantruntime' was not set, defaulting to build.sysclasspath=last; set to false for repeatable builds\n    [javac] Compiling 65 source files to /data/cmd/Ming/llm-fl-apr/tmp/Jsoup_71-prompt_apr_4-qwen-turbo/target/classes\n    [javac] /data/cmd/Ming/llm-fl-apr/tmp/Jsoup_71-prompt_apr_4-qwen-turbo/src/main/java/org/jsoup/select/QueryParser.java:204: error: 'else' without 'if'\n    [javac] else if (tq.matchChomp(\"::nth-child(\"))\n    [javac] ^\n    [javac] /data/cmd/Ming/llm-fl-apr/tmp/Jsoup_71-prompt_apr_4-qwen-turbo/src/main/java/org/jsoup/select/QueryParser.java:205: error: illegal start of expression\n    [javac]     }\n    [javac]     ^\n    [javac] /data/cmd/Ming/llm-fl-apr/tmp/Jsoup_71-prompt_apr_4-qwen-turbo/src/main/java/org/jsoup/select/QueryParser.java:207: error: illegal start of expression\n    [javac]     private void byId() {\n    [javac]     ^\n    [javac] /data/cmd/Ming/llm-fl-apr/tmp/Jsoup_71-prompt_apr_4-qwen-turbo/src/main/java/org/jsoup/select/QueryParser.java:207: error: ';' expected\n    [javac]     private void byId() {\n    [javac]            ^\n    [javac] /data/cmd/Ming/llm-fl-apr/tmp/Jsoup_71-prompt_apr_4-qwen-turbo/src/main/java/org/jsoup/select/QueryParser.java:207: error: ';' expected\n    [javac]     private void byId() {\n    [javac]                        ^\n    [javac] /data/cmd/Ming/llm-fl-apr/tmp/Jsoup_71-prompt_apr_4-qwen-turbo/src/main/java/org/jsoup/select/QueryParser.java:213: error: illegal start of expression\n    [javac]     private void byClass() {\n    [javac]     ^\n    [javac] /data/cmd/Ming/llm-fl-apr/tmp/Jsoup_71-prompt_apr_4-qwen-turbo/src/main/java/org/jsoup/select/QueryParser.java:213: error: illegal start of expression\n    [javac]     private void byClass() {\n    [javac]             ^\n    [javac] /data/cmd/Ming/llm-fl-apr/tmp/Jsoup_71-prompt_apr_4-qwen-turbo/src/main/java/org/jsoup/select/QueryParser.java:213: error: ';' expected\n    [javac]     private void byClass() {\n    [javac]                         ^\n    [javac] /data/cmd/Ming/llm-fl-apr/tmp/Jsoup_71-prompt_apr_4-qwen-turbo/src/main/java/org/jsoup/select/QueryParser.java:219: error: illegal start of expression\n    [javac]     private void byTag() {\n    [javac]     ^\n    [javac] /data/cmd/Ming/llm-fl-apr/tmp/Jsoup_71-prompt_apr_4-qwen-turbo/src/main/java/org/jsoup/select/QueryParser.java:219: error: illegal start of expression\n    [javac]     private void byTag() {\n    [javac]             ^\n    [javac] /data/cmd/Ming/llm-fl-apr/tmp/Jsoup_71-prompt_apr_4-qwen-turbo/src/main/java/org/jsoup/select/QueryParser.java:219: error: ';' expected\n    [javac]     private void byTag() {\n    [javac]                       ^\n    [javac] /data/cmd/Ming/llm-fl-apr/tmp/Jsoup_71-prompt_apr_4-qwen-turbo/src/main/java/org/jsoup/select/QueryParser.java:236: error: illegal start of expression\n    [javac]     private void byAttribute() {\n    [javac]     ^\n    [javac] /data/cmd/Ming/llm-fl-apr/tmp/Jsoup_71-prompt_apr_4-qwen-turbo/src/main/java/org/jsoup/select/QueryParser.java:236: error: illegal start of expression\n    [javac]     private void byAttribute() {\n    [javac]             ^\n    [javac] /data/cmd/Ming/llm-fl-apr/tmp/Jsoup_71-prompt_apr_4-qwen-turbo/src/main/java/org/jsoup/select/QueryParser.java:236: error: ';' expected\n    [javac]     private void byAttribute() {\n    [javac]                             ^\n    [javac] /data/cmd/Ming/llm-fl-apr/tmp/Jsoup_71-prompt_apr_4-qwen-turbo/src/main/java/org/jsoup/select/QueryParser.java:270: error: illegal start of expression\n    [javac]     private void allElements() {\n    [javac]     ^\n    [javac] /data/cmd/Ming/llm-fl-apr/tmp/Jsoup_71-prompt_apr_4-qwen-turbo/src/main/java/org/jsoup/select/QueryParser.java:270: error: illegal start of expression\n    [javac]     private void allElements() {\n    [javac]             ^\n    [javac] /data/cmd/Ming/llm-fl-apr/tmp/Jsoup_71-prompt_apr_4-qwen-turbo/src/main/java/org/jsoup/select/QueryParser.java:270: error: ';' expected\n    [javac]     private void allElements() {\n    [javac]                             ^\n    [javac] /data/cmd/Ming/llm-fl-apr/tmp/Jsoup_71-prompt_apr_4-qwen-turbo/src/main/java/org/jsoup/select/QueryParser.java:275: error: illegal start of expression\n    [javac]     private void indexLessThan() {\n    [javac]     ^\n    [javac] /data/cmd/Ming/llm-fl-apr/tmp/Jsoup_71-prompt_apr_4-qwen-turbo/src/main/java/org/jsoup/select/QueryParser.java:275: error: illegal start of expression\n    [javac]     private void indexLessThan() {\n    [javac]             ^\n    [javac] /data/cmd/Ming/llm-fl-apr/tmp/Jsoup_71-prompt_apr_4-qwen-turbo/src/main/java/org/jsoup/select/QueryParser.java:275: error: ';' expected\n    [javac]     private void indexLessThan() {\n    [javac]                               ^\n    [javac] /data/cmd/Ming/llm-fl-apr/tmp/Jsoup_71-prompt_apr_4-qwen-turbo/src/main/java/org/jsoup/select/QueryParser.java:279: error: illegal start of expression\n    [javac]     private void indexGreaterThan() {\n    [javac]     ^\n    [javac] /data/cmd/Ming/llm-fl-apr/tmp/Jsoup_71-prompt_apr_4-qwen-turbo/src/main/java/org/jsoup/select/QueryParser.java:279: error: illegal start of expression\n    [javac]     private void indexGreaterThan() {\n    [javac]             ^\n    [javac] /data/cmd/Ming/llm-fl-apr/tmp/Jsoup_71-prompt_apr_4-qwen-turbo/src/main/java/org/jsoup/select/QueryParser.java:279: error: ';' expected\n    [javac]     private void indexGreaterThan() {\n    [javac]                                  ^\n    [javac] /data/cmd/Ming/llm-fl-apr/tmp/Jsoup_71-prompt_apr_4-qwen-turbo/src/main/java/org/jsoup/select/QueryParser.java:283: error: illegal start of expression\n    [javac]     private void indexEquals() {\n    [javac]     ^\n    [javac] /data/cmd/Ming/llm-fl-apr/tmp/Jsoup_71-prompt_apr_4-qwen-turbo/src/main/java/org/jsoup/select/QueryParser.java:283: error: illegal start of expression\n    [javac]     private void indexEquals() {\n    [javac]             ^\n    [javac] /data/cmd/Ming/llm-fl-apr/tmp/Jsoup_71-prompt_apr_4-qwen-turbo/src/main/java/org/jsoup/select/QueryParser.java:283: error: ';' expected\n    [javac]     private void indexEquals() {\n    [javac]                             ^\n    [javac] /data/cmd/Ming/llm-fl-apr/tmp/Jsoup_71-prompt_apr_4-qwen-turbo/src/main/java/org/jsoup/select/QueryParser.java:288: error: illegal start of expression\n    [javac]     private static final Pattern NTH_AB = Pattern.compile(\"(([+-])?(\\\\d+)?)n(\\\\s*([+-])?\\\\s*\\\\d+)?\", Pattern.CASE_INSENSITIVE);\n    [javac]     ^\n    [javac] /data/cmd/Ming/llm-fl-apr/tmp/Jsoup_71-prompt_apr_4-qwen-turbo/src/main/java/org/jsoup/select/QueryParser.java:288: error: illegal start of expression\n    [javac]     private static final Pattern NTH_AB = Pattern.compile(\"(([+-])?(\\\\d+)?)n(\\\\s*([+-])?\\\\s*\\\\d+)?\", Pattern.CASE_INSENSITIVE);\n    [javac]             ^\n    [javac] /data/cmd/Ming/llm-fl-apr/tmp/Jsoup_71-prompt_apr_4-qwen-turbo/src/main/java/org/jsoup/select/QueryParser.java:288: error: ';' expected\n    [javac]     private static final Pattern NTH_AB = Pattern.compile(\"(([+-])?(\\\\d+)?)n(\\\\s*([+-])?\\\\s*\\\\d+)?\", Pattern.CASE_INSENSITIVE);\n    [javac]                   ^\n    [javac] /data/cmd/Ming/llm-fl-apr/tmp/Jsoup_71-prompt_apr_4-qwen-turbo/src/main/java/org/jsoup/select/QueryParser.java:289: error: illegal start of expression\n    [javac]     private static final Pattern NTH_B  = Pattern.compile(\"([+-])?(\\\\d+)\");\n    [javac]     ^\n    [javac] /data/cmd/Ming/llm-fl-apr/tmp/Jsoup_71-prompt_apr_4-qwen-turbo/src/main/java/org/jsoup/select/QueryParser.java:289: error: illegal start of expression\n    [javac]     private static final Pattern NTH_B  = Pattern.compile(\"([+-])?(\\\\d+)\");\n    [javac]             ^\n    [javac] /data/cmd/Ming/llm-fl-apr/tmp/Jsoup_71-prompt_apr_4-qwen-turbo/src/main/java/org/jsoup/select/QueryParser.java:289: error: ';' expected\n    [javac]     private static final Pattern NTH_B  = Pattern.compile(\"([+-])?(\\\\d+)\");\n    [javac]                   ^\n    [javac] /data/cmd/Ming/llm-fl-apr/tmp/Jsoup_71-prompt_apr_4-qwen-turbo/src/main/java/org/jsoup/select/QueryParser.java:291: error: illegal start of expression\n    [javac] \tprivate void cssNthChild(boolean backwards, boolean ofType) {\n    [javac] \t^\n    [javac] /data/cmd/Ming/llm-fl-apr/tmp/Jsoup_71-prompt_apr_4-qwen-turbo/src/main/java/org/jsoup/select/QueryParser.java:291: error: illegal start of expression\n    [javac] \tprivate void cssNthChild(boolean backwards, boolean ofType) {\n    [javac] \t        ^\n    [javac] /data/cmd/Ming/llm-fl-apr/tmp/Jsoup_71-prompt_apr_4-qwen-turbo/src/main/java/org/jsoup/select/QueryParser.java:291: error: ';' expected\n    [javac] \tprivate void cssNthChild(boolean backwards, boolean ofType) {\n    [javac] \t                        ^\n    [javac] /data/cmd/Ming/llm-fl-apr/tmp/Jsoup_71-prompt_apr_4-qwen-turbo/src/main/java/org/jsoup/select/QueryParser.java:291: error: <identifier> expected\n    [javac] \tprivate void cssNthChild(boolean backwards, boolean ofType) {\n    [javac] \t                                           ^\n    [javac] /data/cmd/Ming/llm-fl-apr/tmp/Jsoup_71-prompt_apr_4-qwen-turbo/src/main/java/org/jsoup/select/QueryParser.java:291: error: not a statement\n    [javac] \tprivate void cssNthChild(boolean backwards, boolean ofType) {\n    [javac] \t                                                    ^\n    [javac] /data/cmd/Ming/llm-fl-apr/tmp/Jsoup_71-prompt_apr_4-qwen-turbo/src/main/java/org/jsoup/select/QueryParser.java:291: error: ';' expected\n    [javac] \tprivate void cssNthChild(boolean backwards, boolean ofType) {\n    [javac] \t                                                          ^\n    [javac] /data/cmd/Ming/llm-fl-apr/tmp/Jsoup_71-prompt_apr_4-qwen-turbo/src/main/java/org/jsoup/select/QueryParser.java:324: error: illegal start of expression\n    [javac]     private int consumeIndex() {\n    [javac]     ^\n    [javac] /data/cmd/Ming/llm-fl-apr/tmp/Jsoup_71-prompt_apr_4-qwen-turbo/src/main/java/org/jsoup/select/QueryParser.java:324: error: ';' expected\n    [javac]     private int consumeIndex() {\n    [javac]                             ^\n    [javac] /data/cmd/Ming/llm-fl-apr/tmp/Jsoup_71-prompt_apr_4-qwen-turbo/src/main/java/org/jsoup/select/QueryParser.java:331: error: illegal start of expression\n    [javac]     private void has() {\n    [javac]     ^\n    [javac] /data/cmd/Ming/llm-fl-apr/tmp/Jsoup_71-prompt_apr_4-qwen-turbo/src/main/java/org/jsoup/select/QueryParser.java:331: error: illegal start of expression\n    [javac]     private void has() {\n    [javac]             ^\n    [javac] /data/cmd/Ming/llm-fl-apr/tmp/Jsoup_71-prompt_apr_4-qwen-turbo/src/main/java/org/jsoup/select/QueryParser.java:331: error: ';' expected\n    [javac]     private void has() {\n    [javac]                     ^\n    [javac] /data/cmd/Ming/llm-fl-apr/tmp/Jsoup_71-prompt_apr_4-qwen-turbo/src/main/java/org/jsoup/select/QueryParser.java:339: error: illegal start of expression\n    [javac]     private void contains(boolean own) {\n    [javac]     ^\n    [javac] /data/cmd/Ming/llm-fl-apr/tmp/Jsoup_71-prompt_apr_4-qwen-turbo/src/main/java/org/jsoup/select/QueryParser.java:339: error: illegal start of expression\n    [javac]     private void contains(boolean own) {\n    [javac]             ^\n    [javac] /data/cmd/Ming/llm-fl-apr/tmp/Jsoup_71-prompt_apr_4-qwen-turbo/src/main/java/org/jsoup/select/QueryParser.java:339: error: ';' expected\n    [javac]     private void contains(boolean own) {\n    [javac]                          ^\n    [javac] /data/cmd/Ming/llm-fl-apr/tmp/Jsoup_71-prompt_apr_4-qwen-turbo/src/main/java/org/jsoup/select/QueryParser.java:339: error: ';' expected\n    [javac]     private void contains(boolean own) {\n    [javac]                                      ^\n    [javac] /data/cmd/Ming/llm-fl-apr/tmp/Jsoup_71-prompt_apr_4-qwen-turbo/src/main/java/org/jsoup/select/QueryParser.java:350: error: illegal start of expression\n    [javac]     private void containsData() {\n    [javac]     ^\n    [javac] /data/cmd/Ming/llm-fl-apr/tmp/Jsoup_71-prompt_apr_4-qwen-turbo/src/main/java/org/jsoup/select/QueryParser.java:350: error: illegal start of expression\n    [javac]     private void containsData() {\n    [javac]             ^\n    [javac] /data/cmd/Ming/llm-fl-apr/tmp/Jsoup_71-prompt_apr_4-qwen-turbo/src/main/java/org/jsoup/select/QueryParser.java:350: error: ';' expected\n    [javac]     private void containsData() {\n    [javac]                              ^\n    [javac] /data/cmd/Ming/llm-fl-apr/tmp/Jsoup_71-prompt_apr_4-qwen-turbo/src/main/java/org/jsoup/select/QueryParser.java:358: error: illegal start of expression\n    [javac]     private void matches(boolean own) {\n    [javac]     ^\n    [javac] /data/cmd/Ming/llm-fl-apr/tmp/Jsoup_71-prompt_apr_4-qwen-turbo/src/main/java/org/jsoup/select/QueryParser.java:358: error: illegal start of expression\n    [javac]     private void matches(boolean own) {\n    [javac]             ^\n    [javac] /data/cmd/Ming/llm-fl-apr/tmp/Jsoup_71-prompt_apr_4-qwen-turbo/src/main/java/org/jsoup/select/QueryParser.java:358: error: ';' expected\n    [javac]     private void matches(boolean own) {\n    [javac]                         ^\n    [javac] /data/cmd/Ming/llm-fl-apr/tmp/Jsoup_71-prompt_apr_4-qwen-turbo/src/main/java/org/jsoup/select/QueryParser.java:358: error: ';' expected\n    [javac]     private void matches(boolean own) {\n    [javac]                                     ^\n    [javac] /data/cmd/Ming/llm-fl-apr/tmp/Jsoup_71-prompt_apr_4-qwen-turbo/src/main/java/org/jsoup/select/QueryParser.java:370: error: illegal start of expression\n    [javac]     private void not() {\n    [javac]     ^\n    [javac] /data/cmd/Ming/llm-fl-apr/tmp/Jsoup_71-prompt_apr_4-qwen-turbo/src/main/java/org/jsoup/select/QueryParser.java:370: error: illegal start of expression\n    [javac]     private void not() {\n    [javac]             ^\n    [javac] /data/cmd/Ming/llm-fl-apr/tmp/Jsoup_71-prompt_apr_4-qwen-turbo/src/main/java/org/jsoup/select/QueryParser.java:370: error: ';' expected\n    [javac]     private void not() {\n    [javac]                     ^\n    [javac] /data/cmd/Ming/llm-fl-apr/tmp/Jsoup_71-prompt_apr_4-qwen-turbo/src/main/java/org/jsoup/select/QueryParser.java:377: error: reached end of file while parsing\n    [javac] }\n    [javac]  ^\n    [javac] 58 errors\n\nBUILD FAILED\n/data/cmd/Ming/llm-fl-apr/tmp/Jsoup_71-prompt_apr_4-qwen-turbo/maven-build.xml:84: Compile failed; see the compiler error output for details.\n\nTotal time: 2 seconds\nCannot compile sources! at /data/cmd/Ming/LLM_Based-Mutation/tools/mutant/defects4j-2.1.0/framework/bin/d4j/d4j-compile line 82.\nCompilation failed in require at /data/cmd/Ming/LLM_Based-Mutation/tools/mutant/defects4j-2.1.0/framework/bin/defects4j line 195.\n"
                }
            },
            "doubao-pro-4k": {},
            "gpt-4o-mini": {
                "compile": {
                    "rc": 1,
                    "so": "",
                    "se": "Running ant (compile)...................................................... FAIL\nExecuted command:  cd /data/cmd/Ming/llm-fl-apr/tmp/Jsoup_71-prompt_apr_4-gpt-4o-mini && /data/cmd/Ming/LLM_Based-Mutation/tools/mutant/defects4j-2.1.0/major/bin/ant -f /data/cmd/Ming/LLM_Based-Mutation/tools/mutant/defects4j-2.1.0/framework/projects/defects4j.build.xml -Dd4j.home=/data/cmd/Ming/LLM_Based-Mutation/tools/mutant/defects4j-2.1.0 -Dd4j.dir.projects=/data/cmd/Ming/LLM_Based-Mutation/tools/mutant/defects4j-2.1.0/framework/projects -Dbasedir=/data/cmd/Ming/llm-fl-apr/tmp/Jsoup_71-prompt_apr_4-gpt-4o-mini -Dbuild.compiler=javac1.7  compile 2>&1\nJava HotSpot(TM) 64-Bit Server VM warning: ignoring option MaxPermSize=1G; support was removed in 8.0\nBuildfile: /data/cmd/Ming/LLM_Based-Mutation/tools/mutant/defects4j-2.1.0/framework/projects/defects4j.build.xml\n\ntest-offline:\n\nget-deps:\n\njsoup-from-maven.compile:\n    [mkdir] Created dir: /data/cmd/Ming/llm-fl-apr/tmp/Jsoup_71-prompt_apr_4-gpt-4o-mini/target/classes\n    [javac] /data/cmd/Ming/llm-fl-apr/tmp/Jsoup_71-prompt_apr_4-gpt-4o-mini/maven-build.xml:84: warning: 'includeantruntime' was not set, defaulting to build.sysclasspath=last; set to false for repeatable builds\n    [javac] Compiling 65 source files to /data/cmd/Ming/llm-fl-apr/tmp/Jsoup_71-prompt_apr_4-gpt-4o-mini/target/classes\n    [javac] warning: /home/cmd/jdk1.8.0_391/lib/ct.sym(META-INF/sym/rt.jar/java/io/BufferedInputStream.class): major version 52 is newer than 51, the highest major version supported by this compiler.\n    [javac]   It is recommended that the compiler be upgraded.\n    [javac] warning: /home/cmd/jdk1.8.0_391/lib/ct.sym(META-INF/sym/rt.jar/java/io/IOException.class): major version 52 is newer than 51, the highest major version supported by this compiler.\n    [javac]   It is recommended that the compiler be upgraded.\n    [javac] warning: /home/cmd/jdk1.8.0_391/lib/ct.sym(META-INF/sym/rt.jar/java/io/InputStream.class): major version 52 is newer than 51, the highest major version supported by this compiler.\n    [javac]   It is recommended that the compiler be upgraded.\n    [javac] warning: /home/cmd/jdk1.8.0_391/lib/ct.sym(META-INF/sym/rt.jar/java/net/Proxy.class): major version 52 is newer than 51, the highest major version supported by this compiler.\n    [javac]   It is recommended that the compiler be upgraded.\n    [javac] warning: /home/cmd/jdk1.8.0_391/lib/ct.sym(META-INF/sym/rt.jar/java/net/URL.class): major version 52 is newer than 51, the highest major version supported by this compiler.\n    [javac]   It is recommended that the compiler be upgraded.\n    [javac] warning: /home/cmd/jdk1.8.0_391/lib/ct.sym(META-INF/sym/rt.jar/java/util/Collection.class): major version 52 is newer than 51, the highest major version supported by this compiler.\n    [javac]   It is recommended that the compiler be upgraded.\n    [javac] warning: /home/cmd/jdk1.8.0_391/lib/ct.sym(META-INF/sym/rt.jar/java/util/List.class): major version 52 is newer than 51, the highest major version supported by this compiler.\n    [javac]   It is recommended that the compiler be upgraded.\n    [javac] warning: /home/cmd/jdk1.8.0_391/lib/ct.sym(META-INF/sym/rt.jar/java/util/Map.class): major version 52 is newer than 51, the highest major version supported by this compiler.\n    [javac]   It is recommended that the compiler be upgraded.\n    [javac] warning: /home/cmd/jdk1.8.0_391/lib/ct.sym(META-INF/sym/rt.jar/java/lang/Object.class): major version 52 is newer than 51, the highest major version supported by this compiler.\n    [javac]   It is recommended that the compiler be upgraded.\n    [javac] warning: /home/cmd/jdk1.8.0_391/lib/ct.sym(META-INF/sym/rt.jar/java/lang/String.class): major version 52 is newer than 51, the highest major version supported by this compiler.\n    [javac]   It is recommended that the compiler be upgraded.\n    [javac] warning: /home/cmd/jdk1.8.0_391/lib/ct.sym(META-INF/sym/rt.jar/java/lang/Enum.class): major version 52 is newer than 51, the highest major version supported by this compiler.\n    [javac]   It is recommended that the compiler be upgraded.\n    [javac] warning: /home/cmd/jdk1.8.0_391/lib/ct.sym(META-INF/sym/rt.jar/java/lang/Comparable.class): major version 52 is newer than 51, the highest major version supported by this compiler.\n    [javac]   It is recommended that the compiler be upgraded.\n    [javac] warning: /home/cmd/jdk1.8.0_391/lib/ct.sym(META-INF/sym/rt.jar/java/io/Serializable.class): major version 52 is newer than 51, the highest major version supported by this compiler.\n    [javac]   It is recommended that the compiler be upgraded.\n    [javac] warning: /home/cmd/jdk1.8.0_391/lib/ct.sym(META-INF/sym/rt.jar/java/io/Reader.class): major version 52 is newer than 51, the highest major version supported by this compiler.\n    [javac]   It is recommended that the compiler be upgraded.\n    [javac] warning: /home/cmd/jdk1.8.0_391/lib/ct.sym(META-INF/sym/rt.jar/java/io/StringReader.class): major version 52 is newer than 51, the highest major version supported by this compiler.\n    [javac]   It is recommended that the compiler be upgraded.\n    [javac] warning: /home/cmd/jdk1.8.0_391/lib/ct.sym(META-INF/sym/rt.jar/java/nio/charset/Charset.class): major version 52 is newer than 51, the highest major version supported by this compiler.\n    [javac]   It is recommended that the compiler be upgraded.\n    [javac] warning: /home/cmd/jdk1.8.0_391/lib/ct.sym(META-INF/sym/rt.jar/java/nio/charset/CharsetEncoder.class): major version 52 is newer than 51, the highest major version supported by this compiler.\n    [javac]   It is recommended that the compiler be upgraded.\n    [javac] warning: /home/cmd/jdk1.8.0_391/lib/ct.sym(META-INF/sym/rt.jar/java/util/ArrayList.class): major version 52 is newer than 51, the highest major version supported by this compiler.\n    [javac]   It is recommended that the compiler be upgraded.\n    [javac] warning: /home/cmd/jdk1.8.0_391/lib/ct.sym(META-INF/sym/rt.jar/java/lang/ref/WeakReference.class): major version 52 is newer than 51, the highest major version supported by this compiler.\n    [javac]   It is recommended that the compiler be upgraded.\n    [javac] warning: /home/cmd/jdk1.8.0_391/lib/ct.sym(META-INF/sym/rt.jar/java/util/Arrays.class): major version 52 is newer than 51, the highest major version supported by this compiler.\n    [javac]   It is recommended that the compiler be upgraded.\n    [javac] warning: /home/cmd/jdk1.8.0_391/lib/ct.sym(META-INF/sym/rt.jar/java/util/Collections.class): major version 52 is newer than 51, the highest major version supported by this compiler.\n    [javac]   It is recommended that the compiler be upgraded.\n    [javac] warning: /home/cmd/jdk1.8.0_391/lib/ct.sym(META-INF/sym/rt.jar/java/util/LinkedHashSet.class): major version 52 is newer than 51, the highest major version supported by this compiler.\n    [javac]   It is recommended that the compiler be upgraded.\n    [javac] warning: /home/cmd/jdk1.8.0_391/lib/ct.sym(META-INF/sym/rt.jar/java/util/Set.class): major version 52 is newer than 51, the highest major version supported by this compiler.\n    [javac]   It is recommended that the compiler be upgraded.\n    [javac] warning: /home/cmd/jdk1.8.0_391/lib/ct.sym(META-INF/sym/rt.jar/java/util/regex/Pattern.class): major version 52 is newer than 51, the highest major version supported by this compiler.\n    [javac]   It is recommended that the compiler be upgraded.\n    [javac] warning: /home/cmd/jdk1.8.0_391/lib/ct.sym(META-INF/sym/rt.jar/java/util/regex/PatternSyntaxException.class): major version 52 is newer than 51, the highest major version supported by this compiler.\n    [javac]   It is recommended that the compiler be upgraded.\n    [javac] warning: /home/cmd/jdk1.8.0_391/lib/ct.sym(META-INF/sym/rt.jar/java/util/Locale.class): major version 52 is newer than 51, the highest major version supported by this compiler.\n    [javac]   It is recommended that the compiler be upgraded.\n    [javac] warning: /home/cmd/jdk1.8.0_391/lib/ct.sym(META-INF/sym/rt.jar/java/lang/Cloneable.class): major version 52 is newer than 51, the highest major version supported by this compiler.\n    [javac]   It is recommended that the compiler be upgraded.\n    [javac] warning: /home/cmd/jdk1.8.0_391/lib/ct.sym(META-INF/sym/rt.jar/java/lang/Iterable.class): major version 52 is newer than 51, the highest major version supported by this compiler.\n    [javac]   It is recommended that the compiler be upgraded.\n    [javac] warning: /home/cmd/jdk1.8.0_391/lib/ct.sym(META-INF/sym/rt.jar/java/util/RandomAccess.class): major version 52 is newer than 51, the highest major version supported by this compiler.\n    [javac]   It is recommended that the compiler be upgraded.\n    [javac] warning: /home/cmd/jdk1.8.0_391/lib/ct.sym(META-INF/sym/rt.jar/java/util/AbstractList.class): major version 52 is newer than 51, the highest major version supported by this compiler.\n    [javac]   It is recommended that the compiler be upgraded.\n    [javac] warning: /home/cmd/jdk1.8.0_391/lib/ct.sym(META-INF/sym/rt.jar/java/util/AbstractCollection.class): major version 52 is newer than 51, the highest major version supported by this compiler.\n    [javac]   It is recommended that the compiler be upgraded.\n    [javac] warning: /home/cmd/jdk1.8.0_391/lib/ct.sym(META-INF/sym/rt.jar/java/util/HashMap.class): major version 52 is newer than 51, the highest major version supported by this compiler.\n    [javac]   It is recommended that the compiler be upgraded.\n    [javac] warning: /home/cmd/jdk1.8.0_391/lib/ct.sym(META-INF/sym/rt.jar/java/util/AbstractMap.class): major version 52 is newer than 51, the highest major version supported by this compiler.\n    [javac]   It is recommended that the compiler be upgraded.\n    [javac] warning: /home/cmd/jdk1.8.0_391/lib/ct.sym(META-INF/sym/rt.jar/java/util/AbstractSet.class): major version 52 is newer than 51, the highest major version supported by this compiler.\n    [javac]   It is recommended that the compiler be upgraded.\n    [javac] warning: /home/cmd/jdk1.8.0_391/lib/ct.sym(META-INF/sym/rt.jar/java/util/Iterator.class): major version 52 is newer than 51, the highest major version supported by this compiler.\n    [javac]   It is recommended that the compiler be upgraded.\n    [javac] warning: /home/cmd/jdk1.8.0_391/lib/ct.sym(META-INF/sym/rt.jar/java/util/Map$Entry.class): major version 52 is newer than 51, the highest major version supported by this compiler.\n    [javac]   It is recommended that the compiler be upgraded.\n    [javac] warning: /home/cmd/jdk1.8.0_391/lib/ct.sym(META-INF/sym/rt.jar/java/util/HashSet.class): major version 52 is newer than 51, the highest major version supported by this compiler.\n    [javac]   It is recommended that the compiler be upgraded.\n    [javac] warning: /home/cmd/jdk1.8.0_391/lib/ct.sym(META-INF/sym/rt.jar/java/util/regex/Matcher.class): major version 52 is newer than 51, the highest major version supported by this compiler.\n    [javac]   It is recommended that the compiler be upgraded.\n    [javac] warning: /home/cmd/jdk1.8.0_391/lib/ct.sym(META-INF/sym/rt.jar/java/lang/StringBuilder.class): major version 52 is newer than 51, the highest major version supported by this compiler.\n    [javac]   It is recommended that the compiler be upgraded.\n    [javac] warning: /home/cmd/jdk1.8.0_391/lib/ct.sym(META-INF/sym/rt.jar/java/lang/Appendable.class): major version 52 is newer than 51, the highest major version supported by this compiler.\n    [javac]   It is recommended that the compiler be upgraded.\n    [javac] warning: /home/cmd/jdk1.8.0_391/lib/ct.sym(META-INF/sym/rt.jar/java/lang/CharSequence.class): major version 52 is newer than 51, the highest major version supported by this compiler.\n    [javac]   It is recommended that the compiler be upgraded.\n    [javac] warning: /home/cmd/jdk1.8.0_391/lib/ct.sym(META-INF/sym/rt.jar/java/lang/Character.class): major version 52 is newer than 51, the highest major version supported by this compiler.\n    [javac]   It is recommended that the compiler be upgraded.\n    [javac] warning: /home/cmd/jdk1.8.0_391/lib/ct.sym(META-INF/sym/rt.jar/java/lang/Exception.class): major version 52 is newer than 51, the highest major version supported by this compiler.\n    [javac]   It is recommended that the compiler be upgraded.\n    [javac] warning: /home/cmd/jdk1.8.0_391/lib/ct.sym(META-INF/sym/rt.jar/java/lang/Throwable.class): major version 52 is newer than 51, the highest major version supported by this compiler.\n    [javac]   It is recommended that the compiler be upgraded.\n    [javac] warning: /home/cmd/jdk1.8.0_391/lib/ct.sym(META-INF/sym/rt.jar/java/io/File.class): major version 52 is newer than 51, the highest major version supported by this compiler.\n    [javac]   It is recommended that the compiler be upgraded.\n    [javac] warning: /home/cmd/jdk1.8.0_391/lib/ct.sym(META-INF/sym/rt.jar/java/lang/RuntimeException.class): major version 52 is newer than 51, the highest major version supported by this compiler.\n    [javac]   It is recommended that the compiler be upgraded.\n    [javac] warning: /home/cmd/jdk1.8.0_391/lib/ct.sym(META-INF/sym/rt.jar/java/lang/Error.class): major version 52 is newer than 51, the highest major version supported by this compiler.\n    [javac]   It is recommended that the compiler be upgraded.\n    [javac] warning: /home/cmd/jdk1.8.0_391/lib/ct.sym(META-INF/sym/rt.jar/java/io/BufferedReader.class): major version 52 is newer than 51, the highest major version supported by this compiler.\n    [javac]   It is recommended that the compiler be upgraded.\n    [javac] warning: /home/cmd/jdk1.8.0_391/lib/ct.sym(META-INF/sym/rt.jar/java/io/FileInputStream.class): major version 52 is newer than 51, the highest major version supported by this compiler.\n    [javac]   It is recommended that the compiler be upgraded.\n    [javac] warning: /home/cmd/jdk1.8.0_391/lib/ct.sym(META-INF/sym/rt.jar/java/io/InputStreamReader.class): major version 52 is newer than 51, the highest major version supported by this compiler.\n    [javac]   It is recommended that the compiler be upgraded.\n    [javac] warning: /home/cmd/jdk1.8.0_391/lib/ct.sym(META-INF/sym/rt.jar/java/io/OutputStream.class): major version 52 is newer than 51, the highest major version supported by this compiler.\n    [javac]   It is recommended that the compiler be upgraded.\n    [javac] warning: /home/cmd/jdk1.8.0_391/lib/ct.sym(META-INF/sym/rt.jar/java/io/RandomAccessFile.class): major version 52 is newer than 51, the highest major version supported by this compiler.\n    [javac]   It is recommended that the compiler be upgraded.\n    [javac] warning: /home/cmd/jdk1.8.0_391/lib/ct.sym(META-INF/sym/rt.jar/java/nio/Buffer.class): major version 52 is newer than 51, the highest major version supported by this compiler.\n    [javac]   It is recommended that the compiler be upgraded.\n    [javac] warning: /home/cmd/jdk1.8.0_391/lib/ct.sym(META-INF/sym/rt.jar/java/nio/ByteBuffer.class): major version 52 is newer than 51, the highest major version supported by this compiler.\n    [javac]   It is recommended that the compiler be upgraded.\n    [javac] warning: /home/cmd/jdk1.8.0_391/lib/ct.sym(META-INF/sym/rt.jar/java/nio/charset/IllegalCharsetNameException.class): major version 52 is newer than 51, the highest major version supported by this compiler.\n    [javac]   It is recommended that the compiler be upgraded.\n    [javac] warning: /home/cmd/jdk1.8.0_391/lib/ct.sym(META-INF/sym/rt.jar/java/util/Random.class): major version 52 is newer than 51, the highest major version supported by this compiler.\n    [javac]   It is recommended that the compiler be upgraded.\n    [javac] warning: /home/cmd/jdk1.8.0_391/lib/ct.sym(META-INF/sym/rt.jar/javax/net/ssl/HostnameVerifier.class): major version 52 is newer than 51, the highest major version supported by this compiler.\n    [javac]   It is recommended that the compiler be upgraded.\n    [javac] warning: /home/cmd/jdk1.8.0_391/lib/ct.sym(META-INF/sym/rt.jar/javax/net/ssl/HttpsURLConnection.class): major version 52 is newer than 51, the highest major version supported by this compiler.\n    [javac]   It is recommended that the compiler be upgraded.\n    [javac] warning: /home/cmd/jdk1.8.0_391/lib/ct.sym(META-INF/sym/rt.jar/javax/net/ssl/SSLContext.class): major version 52 is newer than 51, the highest major version supported by this compiler.\n    [javac]   It is recommended that the compiler be upgraded.\n    [javac] warning: /home/cmd/jdk1.8.0_391/lib/ct.sym(META-INF/sym/rt.jar/javax/net/ssl/SSLSession.class): major version 52 is newer than 51, the highest major version supported by this compiler.\n    [javac]   It is recommended that the compiler be upgraded.\n    [javac] warning: /home/cmd/jdk1.8.0_391/lib/ct.sym(META-INF/sym/rt.jar/javax/net/ssl/SSLSocketFactory.class): major version 52 is newer than 51, the highest major version supported by this compiler.\n    [javac]   It is recommended that the compiler be upgraded.\n    [javac] warning: /home/cmd/jdk1.8.0_391/lib/ct.sym(META-INF/sym/rt.jar/javax/net/ssl/TrustManager.class): major version 52 is newer than 51, the highest major version supported by this compiler.\n    [javac]   It is recommended that the compiler be upgraded.\n    [javac] warning: /home/cmd/jdk1.8.0_391/lib/ct.sym(META-INF/sym/rt.jar/javax/net/ssl/X509TrustManager.class): major version 52 is newer than 51, the highest major version supported by this compiler.\n    [javac]   It is recommended that the compiler be upgraded.\n    [javac] warning: /home/cmd/jdk1.8.0_391/lib/ct.sym(META-INF/sym/rt.jar/java/io/BufferedWriter.class): major version 52 is newer than 51, the highest major version supported by this compiler.\n    [javac]   It is recommended that the compiler be upgraded.\n    [javac] warning: /home/cmd/jdk1.8.0_391/lib/ct.sym(META-INF/sym/rt.jar/java/io/ByteArrayInputStream.class): major version 52 is newer than 51, the highest major version supported by this compiler.\n    [javac]   It is recommended that the compiler be upgraded.\n    [javac] warning: /home/cmd/jdk1.8.0_391/lib/ct.sym(META-INF/sym/rt.jar/java/io/OutputStreamWriter.class): major version 52 is newer than 51, the highest major version supported by this compiler.\n    [javac]   It is recommended that the compiler be upgraded.\n    [javac] warning: /home/cmd/jdk1.8.0_391/lib/ct.sym(META-INF/sym/rt.jar/java/io/UnsupportedEncodingException.class): major version 52 is newer than 51, the highest major version supported by this compiler.\n    [javac]   It is recommended that the compiler be upgraded.\n    [javac] warning: /home/cmd/jdk1.8.0_391/lib/ct.sym(META-INF/sym/rt.jar/java/net/HttpURLConnection.class): major version 52 is newer than 51, the highest major version supported by this compiler.\n    [javac]   It is recommended that the compiler be upgraded.\n    [javac] warning: /home/cmd/jdk1.8.0_391/lib/ct.sym(META-INF/sym/rt.jar/java/net/InetSocketAddress.class): major version 52 is newer than 51, the highest major version supported by this compiler.\n    [javac]   It is recommended that the compiler be upgraded.\n    [javac] warning: /home/cmd/jdk1.8.0_391/lib/ct.sym(META-INF/sym/rt.jar/java/net/MalformedURLException.class): major version 52 is newer than 51, the highest major version supported by this compiler.\n    [javac]   It is recommended that the compiler be upgraded.\n    [javac] warning: /home/cmd/jdk1.8.0_391/lib/ct.sym(META-INF/sym/rt.jar/java/net/URI.class): major version 52 is newer than 51, the highest major version supported by this compiler.\n    [javac]   It is recommended that the compiler be upgraded.\n    [javac] warning: /home/cmd/jdk1.8.0_391/lib/ct.sym(META-INF/sym/rt.jar/java/net/URLEncoder.class): major version 52 is newer than 51, the highest major version supported by this compiler.\n    [javac]   It is recommended that the compiler be upgraded.\n    [javac] warning: /home/cmd/jdk1.8.0_391/lib/ct.sym(META-INF/sym/rt.jar/java/security/KeyManagementException.class): major version 52 is newer than 51, the highest major version supported by this compiler.\n    [javac]   It is recommended that the compiler be upgraded.\n    [javac] warning: /home/cmd/jdk1.8.0_391/lib/ct.sym(META-INF/sym/rt.jar/java/security/NoSuchAlgorithmException.class): major version 52 is newer than 51, the highest major version supported by this compiler.\n    [javac]   It is recommended that the compiler be upgraded.\n    [javac] warning: /home/cmd/jdk1.8.0_391/lib/ct.sym(META-INF/sym/rt.jar/java/security/cert/X509Certificate.class): major version 52 is newer than 51, the highest major version supported by this compiler.\n    [javac]   It is recommended that the compiler be upgraded.\n    [javac] warning: /home/cmd/jdk1.8.0_391/lib/ct.sym(META-INF/sym/rt.jar/java/util/LinkedHashMap.class): major version 52 is newer than 51, the highest major version supported by this compiler.\n    [javac]   It is recommended that the compiler be upgraded.\n    [javac] warning: /home/cmd/jdk1.8.0_391/lib/ct.sym(META-INF/sym/rt.jar/java/util/zip/GZIPInputStream.class): major version 52 is newer than 51, the highest major version supported by this compiler.\n    [javac]   It is recommended that the compiler be upgraded.\n    [javac] warning: /home/cmd/jdk1.8.0_391/lib/ct.sym(META-INF/sym/rt.jar/java/lang/SuppressWarnings.class): major version 52 is newer than 51, the highest major version supported by this compiler.\n    [javac]   It is recommended that the compiler be upgraded.\n    [javac] warning: /home/cmd/jdk1.8.0_391/lib/ct.sym(META-INF/sym/rt.jar/java/lang/ThreadLocal.class): major version 52 is newer than 51, the highest major version supported by this compiler.\n    [javac]   It is recommended that the compiler be upgraded.\n    [javac] warning: /home/cmd/jdk1.8.0_391/lib/ct.sym(META-INF/sym/rt.jar/org/w3c/dom/Comment.class): major version 52 is newer than 51, the highest major version supported by this compiler.\n    [javac]   It is recommended that the compiler be upgraded.\n    [javac] warning: /home/cmd/jdk1.8.0_391/lib/ct.sym(META-INF/sym/rt.jar/org/w3c/dom/Document.class): major version 52 is newer than 51, the highest major version supported by this compiler.\n    [javac]   It is recommended that the compiler be upgraded.\n    [javac] warning: /home/cmd/jdk1.8.0_391/lib/ct.sym(META-INF/sym/rt.jar/org/w3c/dom/Element.class): major version 52 is newer than 51, the highest major version supported by this compiler.\n    [javac]   It is recommended that the compiler be upgraded.\n    [javac] warning: /home/cmd/jdk1.8.0_391/lib/ct.sym(META-INF/sym/rt.jar/org/w3c/dom/Text.class): major version 52 is newer than 51, the highest major version supported by this compiler.\n    [javac]   It is recommended that the compiler be upgraded.\n    [javac] warning: /home/cmd/jdk1.8.0_391/lib/ct.sym(META-INF/sym/rt.jar/javax/xml/parsers/DocumentBuilder.class): major version 52 is newer than 51, the highest major version supported by this compiler.\n    [javac]   It is recommended that the compiler be upgraded.\n    [javac] warning: /home/cmd/jdk1.8.0_391/lib/ct.sym(META-INF/sym/rt.jar/javax/xml/parsers/DocumentBuilderFactory.class): major version 52 is newer than 51, the highest major version supported by this compiler.\n    [javac]   It is recommended that the compiler be upgraded.\n    [javac] warning: /home/cmd/jdk1.8.0_391/lib/ct.sym(META-INF/sym/rt.jar/javax/xml/parsers/ParserConfigurationException.class): major version 52 is newer than 51, the highest major version supported by this compiler.\n    [javac]   It is recommended that the compiler be upgraded.\n    [javac] warning: /home/cmd/jdk1.8.0_391/lib/ct.sym(META-INF/sym/rt.jar/javax/xml/transform/Transformer.class): major version 52 is newer than 51, the highest major version supported by this compiler.\n    [javac]   It is recommended that the compiler be upgraded.\n    [javac] warning: /home/cmd/jdk1.8.0_391/lib/ct.sym(META-INF/sym/rt.jar/javax/xml/transform/TransformerException.class): major version 52 is newer than 51, the highest major version supported by this compiler.\n    [javac]   It is recommended that the compiler be upgraded.\n    [javac] warning: /home/cmd/jdk1.8.0_391/lib/ct.sym(META-INF/sym/rt.jar/javax/xml/transform/TransformerFactory.class): major version 52 is newer than 51, the highest major version supported by this compiler.\n    [javac]   It is recommended that the compiler be upgraded.\n    [javac] warning: /home/cmd/jdk1.8.0_391/lib/ct.sym(META-INF/sym/rt.jar/javax/xml/transform/dom/DOMSource.class): major version 52 is newer than 51, the highest major version supported by this compiler.\n    [javac]   It is recommended that the compiler be upgraded.\n    [javac] warning: /home/cmd/jdk1.8.0_391/lib/ct.sym(META-INF/sym/rt.jar/javax/xml/transform/stream/StreamResult.class): major version 52 is newer than 51, the highest major version supported by this compiler.\n    [javac]   It is recommended that the compiler be upgraded.\n    [javac] warning: /home/cmd/jdk1.8.0_391/lib/ct.sym(META-INF/sym/rt.jar/java/io/StringWriter.class): major version 52 is newer than 51, the highest major version supported by this compiler.\n    [javac]   It is recommended that the compiler be upgraded.\n    [javac] warning: /home/cmd/jdk1.8.0_391/lib/ct.sym(META-INF/sym/rt.jar/java/io/ByteArrayOutputStream.class): major version 52 is newer than 51, the highest major version supported by this compiler.\n    [javac]   It is recommended that the compiler be upgraded.\n    [javac] warning: /home/cmd/jdk1.8.0_391/lib/ct.sym(META-INF/sym/rt.jar/java/net/SocketTimeoutException.class): major version 52 is newer than 51, the highest major version supported by this compiler.\n    [javac]   It is recommended that the compiler be upgraded.\n    [javac] warning: /home/cmd/jdk1.8.0_391/lib/ct.sym(META-INF/sym/rt.jar/java/io/FilterInputStream.class): major version 52 is newer than 51, the highest major version supported by this compiler.\n    [javac]   It is recommended that the compiler be upgraded.\n    [javac] warning: /home/cmd/jdk1.8.0_391/lib/ct.sym(META-INF/sym/rt.jar/java/io/Closeable.class): major version 52 is newer than 51, the highest major version supported by this compiler.\n    [javac]   It is recommended that the compiler be upgraded.\n    [javac] warning: /home/cmd/jdk1.8.0_391/lib/ct.sym(META-INF/sym/rt.jar/java/lang/AutoCloseable.class): major version 52 is newer than 51, the highest major version supported by this compiler.\n    [javac]   It is recommended that the compiler be upgraded.\n    [javac] warning: /home/cmd/jdk1.8.0_391/lib/ct.sym(META-INF/sym/rt.jar/java/util/IdentityHashMap.class): major version 52 is newer than 51, the highest major version supported by this compiler.\n    [javac]   It is recommended that the compiler be upgraded.\n    [javac] warning: /home/cmd/jdk1.8.0_391/lib/ct.sym(META-INF/sym/rt.jar/java/lang/IllegalStateException.class): major version 52 is newer than 51, the highest major version supported by this compiler.\n    [javac]   It is recommended that the compiler be upgraded.\n    [javac] /home/cmd/jdk1.8.0_391/lib/ct.sym(META-INF/sym/rt.jar/java/io/BufferedInputStream.class): warning: Cannot find annotation method 'value()' in type 'Profile+Annotation': class file for jdk.Profile+Annotation not found\n    [javac] /data/cmd/Ming/llm-fl-apr/tmp/Jsoup_71-prompt_apr_4-gpt-4o-mini/src/main/java/org/jsoup/select/QueryParser.java:204: error: constructor IsNthChild in class IsNthChild cannot be applied to given types;\n    [javac] evals.add(new Evaluator.IsNthChild(false, false));\n    [javac]           ^\n    [javac]   required: int,int\n    [javac]   found: boolean,boolean\n    [javac]   reason: actual argument boolean cannot be converted to int by method invocation conversion\n    [javac] Note: /data/cmd/Ming/llm-fl-apr/tmp/Jsoup_71-prompt_apr_4-gpt-4o-mini/src/main/java/org/jsoup/nodes/Attributes.java uses or overrides a deprecated API.\n    [javac] 1 error\n    [javac] 100 warnings\n\nBUILD FAILED\n/data/cmd/Ming/llm-fl-apr/tmp/Jsoup_71-prompt_apr_4-gpt-4o-mini/maven-build.xml:84: Compile failed; see the compiler error output for details.\n\nTotal time: 7 seconds\nCannot compile sources! at /data/cmd/Ming/LLM_Based-Mutation/tools/mutant/defects4j-2.1.0/framework/bin/d4j/d4j-compile line 82.\nCompilation failed in require at /data/cmd/Ming/LLM_Based-Mutation/tools/mutant/defects4j-2.1.0/framework/bin/defects4j line 195.\n"
                }
            },
            "deepseek-chat": {
                "compile": {
                    "rc": 1,
                    "so": "",
                    "se": "Running ant (compile)...................................................... FAIL\nExecuted command:  cd /data/cmd/Ming/llm-fl-apr/tmp/Jsoup_71-prompt_apr_4-deepseek-chat && /data/cmd/Ming/LLM_Based-Mutation/tools/mutant/defects4j-2.1.0/major/bin/ant -f /data/cmd/Ming/LLM_Based-Mutation/tools/mutant/defects4j-2.1.0/framework/projects/defects4j.build.xml -Dd4j.home=/data/cmd/Ming/LLM_Based-Mutation/tools/mutant/defects4j-2.1.0 -Dd4j.dir.projects=/data/cmd/Ming/LLM_Based-Mutation/tools/mutant/defects4j-2.1.0/framework/projects -Dbasedir=/data/cmd/Ming/llm-fl-apr/tmp/Jsoup_71-prompt_apr_4-deepseek-chat -Dbuild.compiler=javac1.7  compile 2>&1\nJava HotSpot(TM) 64-Bit Server VM warning: ignoring option MaxPermSize=1G; support was removed in 8.0\nBuildfile: /data/cmd/Ming/LLM_Based-Mutation/tools/mutant/defects4j-2.1.0/framework/projects/defects4j.build.xml\n\ntest-offline:\n\nget-deps:\n\njsoup-from-maven.compile:\n    [mkdir] Created dir: /data/cmd/Ming/llm-fl-apr/tmp/Jsoup_71-prompt_apr_4-deepseek-chat/target/classes\n    [javac] /data/cmd/Ming/llm-fl-apr/tmp/Jsoup_71-prompt_apr_4-deepseek-chat/maven-build.xml:84: warning: 'includeantruntime' was not set, defaulting to build.sysclasspath=last; set to false for repeatable builds\n    [javac] Compiling 65 source files to /data/cmd/Ming/llm-fl-apr/tmp/Jsoup_71-prompt_apr_4-deepseek-chat/target/classes\n    [javac] /data/cmd/Ming/llm-fl-apr/tmp/Jsoup_71-prompt_apr_4-deepseek-chat/src/main/java/org/jsoup/select/QueryParser.java:204: error: 'else' without 'if'\n    [javac]         else if (tq.matchChomp(\":nth-child(\"))\n    [javac]         ^\n    [javac] /data/cmd/Ming/llm-fl-apr/tmp/Jsoup_71-prompt_apr_4-deepseek-chat/src/main/java/org/jsoup/select/QueryParser.java:205: error: illegal start of expression\n    [javac]     }\n    [javac]     ^\n    [javac] /data/cmd/Ming/llm-fl-apr/tmp/Jsoup_71-prompt_apr_4-deepseek-chat/src/main/java/org/jsoup/select/QueryParser.java:207: error: illegal start of expression\n    [javac]     private void byId() {\n    [javac]     ^\n    [javac] /data/cmd/Ming/llm-fl-apr/tmp/Jsoup_71-prompt_apr_4-deepseek-chat/src/main/java/org/jsoup/select/QueryParser.java:207: error: ';' expected\n    [javac]     private void byId() {\n    [javac]            ^\n    [javac] /data/cmd/Ming/llm-fl-apr/tmp/Jsoup_71-prompt_apr_4-deepseek-chat/src/main/java/org/jsoup/select/QueryParser.java:207: error: ';' expected\n    [javac]     private void byId() {\n    [javac]                        ^\n    [javac] /data/cmd/Ming/llm-fl-apr/tmp/Jsoup_71-prompt_apr_4-deepseek-chat/src/main/java/org/jsoup/select/QueryParser.java:213: error: illegal start of expression\n    [javac]     private void byClass() {\n    [javac]     ^\n    [javac] /data/cmd/Ming/llm-fl-apr/tmp/Jsoup_71-prompt_apr_4-deepseek-chat/src/main/java/org/jsoup/select/QueryParser.java:213: error: illegal start of expression\n    [javac]     private void byClass() {\n    [javac]             ^\n    [javac] /data/cmd/Ming/llm-fl-apr/tmp/Jsoup_71-prompt_apr_4-deepseek-chat/src/main/java/org/jsoup/select/QueryParser.java:213: error: ';' expected\n    [javac]     private void byClass() {\n    [javac]                         ^\n    [javac] /data/cmd/Ming/llm-fl-apr/tmp/Jsoup_71-prompt_apr_4-deepseek-chat/src/main/java/org/jsoup/select/QueryParser.java:219: error: illegal start of expression\n    [javac]     private void byTag() {\n    [javac]     ^\n    [javac] /data/cmd/Ming/llm-fl-apr/tmp/Jsoup_71-prompt_apr_4-deepseek-chat/src/main/java/org/jsoup/select/QueryParser.java:219: error: illegal start of expression\n    [javac]     private void byTag() {\n    [javac]             ^\n    [javac] /data/cmd/Ming/llm-fl-apr/tmp/Jsoup_71-prompt_apr_4-deepseek-chat/src/main/java/org/jsoup/select/QueryParser.java:219: error: ';' expected\n    [javac]     private void byTag() {\n    [javac]                       ^\n    [javac] /data/cmd/Ming/llm-fl-apr/tmp/Jsoup_71-prompt_apr_4-deepseek-chat/src/main/java/org/jsoup/select/QueryParser.java:236: error: illegal start of expression\n    [javac]     private void byAttribute() {\n    [javac]     ^\n    [javac] /data/cmd/Ming/llm-fl-apr/tmp/Jsoup_71-prompt_apr_4-deepseek-chat/src/main/java/org/jsoup/select/QueryParser.java:236: error: illegal start of expression\n    [javac]     private void byAttribute() {\n    [javac]             ^\n    [javac] /data/cmd/Ming/llm-fl-apr/tmp/Jsoup_71-prompt_apr_4-deepseek-chat/src/main/java/org/jsoup/select/QueryParser.java:236: error: ';' expected\n    [javac]     private void byAttribute() {\n    [javac]                             ^\n    [javac] /data/cmd/Ming/llm-fl-apr/tmp/Jsoup_71-prompt_apr_4-deepseek-chat/src/main/java/org/jsoup/select/QueryParser.java:270: error: illegal start of expression\n    [javac]     private void allElements() {\n    [javac]     ^\n    [javac] /data/cmd/Ming/llm-fl-apr/tmp/Jsoup_71-prompt_apr_4-deepseek-chat/src/main/java/org/jsoup/select/QueryParser.java:270: error: illegal start of expression\n    [javac]     private void allElements() {\n    [javac]             ^\n    [javac] /data/cmd/Ming/llm-fl-apr/tmp/Jsoup_71-prompt_apr_4-deepseek-chat/src/main/java/org/jsoup/select/QueryParser.java:270: error: ';' expected\n    [javac]     private void allElements() {\n    [javac]                             ^\n    [javac] /data/cmd/Ming/llm-fl-apr/tmp/Jsoup_71-prompt_apr_4-deepseek-chat/src/main/java/org/jsoup/select/QueryParser.java:275: error: illegal start of expression\n    [javac]     private void indexLessThan() {\n    [javac]     ^\n    [javac] /data/cmd/Ming/llm-fl-apr/tmp/Jsoup_71-prompt_apr_4-deepseek-chat/src/main/java/org/jsoup/select/QueryParser.java:275: error: illegal start of expression\n    [javac]     private void indexLessThan() {\n    [javac]             ^\n    [javac] /data/cmd/Ming/llm-fl-apr/tmp/Jsoup_71-prompt_apr_4-deepseek-chat/src/main/java/org/jsoup/select/QueryParser.java:275: error: ';' expected\n    [javac]     private void indexLessThan() {\n    [javac]                               ^\n    [javac] /data/cmd/Ming/llm-fl-apr/tmp/Jsoup_71-prompt_apr_4-deepseek-chat/src/main/java/org/jsoup/select/QueryParser.java:279: error: illegal start of expression\n    [javac]     private void indexGreaterThan() {\n    [javac]     ^\n    [javac] /data/cmd/Ming/llm-fl-apr/tmp/Jsoup_71-prompt_apr_4-deepseek-chat/src/main/java/org/jsoup/select/QueryParser.java:279: error: illegal start of expression\n    [javac]     private void indexGreaterThan() {\n    [javac]             ^\n    [javac] /data/cmd/Ming/llm-fl-apr/tmp/Jsoup_71-prompt_apr_4-deepseek-chat/src/main/java/org/jsoup/select/QueryParser.java:279: error: ';' expected\n    [javac]     private void indexGreaterThan() {\n    [javac]                                  ^\n    [javac] /data/cmd/Ming/llm-fl-apr/tmp/Jsoup_71-prompt_apr_4-deepseek-chat/src/main/java/org/jsoup/select/QueryParser.java:283: error: illegal start of expression\n    [javac]     private void indexEquals() {\n    [javac]     ^\n    [javac] /data/cmd/Ming/llm-fl-apr/tmp/Jsoup_71-prompt_apr_4-deepseek-chat/src/main/java/org/jsoup/select/QueryParser.java:283: error: illegal start of expression\n    [javac]     private void indexEquals() {\n    [javac]             ^\n    [javac] /data/cmd/Ming/llm-fl-apr/tmp/Jsoup_71-prompt_apr_4-deepseek-chat/src/main/java/org/jsoup/select/QueryParser.java:283: error: ';' expected\n    [javac]     private void indexEquals() {\n    [javac]                             ^\n    [javac] /data/cmd/Ming/llm-fl-apr/tmp/Jsoup_71-prompt_apr_4-deepseek-chat/src/main/java/org/jsoup/select/QueryParser.java:288: error: illegal start of expression\n    [javac]     private static final Pattern NTH_AB = Pattern.compile(\"(([+-])?(\\\\d+)?)n(\\\\s*([+-])?\\\\s*\\\\d+)?\", Pattern.CASE_INSENSITIVE);\n    [javac]     ^\n    [javac] /data/cmd/Ming/llm-fl-apr/tmp/Jsoup_71-prompt_apr_4-deepseek-chat/src/main/java/org/jsoup/select/QueryParser.java:288: error: illegal start of expression\n    [javac]     private static final Pattern NTH_AB = Pattern.compile(\"(([+-])?(\\\\d+)?)n(\\\\s*([+-])?\\\\s*\\\\d+)?\", Pattern.CASE_INSENSITIVE);\n    [javac]             ^\n    [javac] /data/cmd/Ming/llm-fl-apr/tmp/Jsoup_71-prompt_apr_4-deepseek-chat/src/main/java/org/jsoup/select/QueryParser.java:288: error: ';' expected\n    [javac]     private static final Pattern NTH_AB = Pattern.compile(\"(([+-])?(\\\\d+)?)n(\\\\s*([+-])?\\\\s*\\\\d+)?\", Pattern.CASE_INSENSITIVE);\n    [javac]                   ^\n    [javac] /data/cmd/Ming/llm-fl-apr/tmp/Jsoup_71-prompt_apr_4-deepseek-chat/src/main/java/org/jsoup/select/QueryParser.java:289: error: illegal start of expression\n    [javac]     private static final Pattern NTH_B  = Pattern.compile(\"([+-])?(\\\\d+)\");\n    [javac]     ^\n    [javac] /data/cmd/Ming/llm-fl-apr/tmp/Jsoup_71-prompt_apr_4-deepseek-chat/src/main/java/org/jsoup/select/QueryParser.java:289: error: illegal start of expression\n    [javac]     private static final Pattern NTH_B  = Pattern.compile(\"([+-])?(\\\\d+)\");\n    [javac]             ^\n    [javac] /data/cmd/Ming/llm-fl-apr/tmp/Jsoup_71-prompt_apr_4-deepseek-chat/src/main/java/org/jsoup/select/QueryParser.java:289: error: ';' expected\n    [javac]     private static final Pattern NTH_B  = Pattern.compile(\"([+-])?(\\\\d+)\");\n    [javac]                   ^\n    [javac] /data/cmd/Ming/llm-fl-apr/tmp/Jsoup_71-prompt_apr_4-deepseek-chat/src/main/java/org/jsoup/select/QueryParser.java:291: error: illegal start of expression\n    [javac] \tprivate void cssNthChild(boolean backwards, boolean ofType) {\n    [javac] \t^\n    [javac] /data/cmd/Ming/llm-fl-apr/tmp/Jsoup_71-prompt_apr_4-deepseek-chat/src/main/java/org/jsoup/select/QueryParser.java:291: error: illegal start of expression\n    [javac] \tprivate void cssNthChild(boolean backwards, boolean ofType) {\n    [javac] \t        ^\n    [javac] /data/cmd/Ming/llm-fl-apr/tmp/Jsoup_71-prompt_apr_4-deepseek-chat/src/main/java/org/jsoup/select/QueryParser.java:291: error: ';' expected\n    [javac] \tprivate void cssNthChild(boolean backwards, boolean ofType) {\n    [javac] \t                        ^\n    [javac] /data/cmd/Ming/llm-fl-apr/tmp/Jsoup_71-prompt_apr_4-deepseek-chat/src/main/java/org/jsoup/select/QueryParser.java:291: error: <identifier> expected\n    [javac] \tprivate void cssNthChild(boolean backwards, boolean ofType) {\n    [javac] \t                                           ^\n    [javac] /data/cmd/Ming/llm-fl-apr/tmp/Jsoup_71-prompt_apr_4-deepseek-chat/src/main/java/org/jsoup/select/QueryParser.java:291: error: not a statement\n    [javac] \tprivate void cssNthChild(boolean backwards, boolean ofType) {\n    [javac] \t                                                    ^\n    [javac] /data/cmd/Ming/llm-fl-apr/tmp/Jsoup_71-prompt_apr_4-deepseek-chat/src/main/java/org/jsoup/select/QueryParser.java:291: error: ';' expected\n    [javac] \tprivate void cssNthChild(boolean backwards, boolean ofType) {\n    [javac] \t                                                          ^\n    [javac] /data/cmd/Ming/llm-fl-apr/tmp/Jsoup_71-prompt_apr_4-deepseek-chat/src/main/java/org/jsoup/select/QueryParser.java:324: error: illegal start of expression\n    [javac]     private int consumeIndex() {\n    [javac]     ^\n    [javac] /data/cmd/Ming/llm-fl-apr/tmp/Jsoup_71-prompt_apr_4-deepseek-chat/src/main/java/org/jsoup/select/QueryParser.java:324: error: ';' expected\n    [javac]     private int consumeIndex() {\n    [javac]                             ^\n    [javac] /data/cmd/Ming/llm-fl-apr/tmp/Jsoup_71-prompt_apr_4-deepseek-chat/src/main/java/org/jsoup/select/QueryParser.java:331: error: illegal start of expression\n    [javac]     private void has() {\n    [javac]     ^\n    [javac] /data/cmd/Ming/llm-fl-apr/tmp/Jsoup_71-prompt_apr_4-deepseek-chat/src/main/java/org/jsoup/select/QueryParser.java:331: error: illegal start of expression\n    [javac]     private void has() {\n    [javac]             ^\n    [javac] /data/cmd/Ming/llm-fl-apr/tmp/Jsoup_71-prompt_apr_4-deepseek-chat/src/main/java/org/jsoup/select/QueryParser.java:331: error: ';' expected\n    [javac]     private void has() {\n    [javac]                     ^\n    [javac] /data/cmd/Ming/llm-fl-apr/tmp/Jsoup_71-prompt_apr_4-deepseek-chat/src/main/java/org/jsoup/select/QueryParser.java:339: error: illegal start of expression\n    [javac]     private void contains(boolean own) {\n    [javac]     ^\n    [javac] /data/cmd/Ming/llm-fl-apr/tmp/Jsoup_71-prompt_apr_4-deepseek-chat/src/main/java/org/jsoup/select/QueryParser.java:339: error: illegal start of expression\n    [javac]     private void contains(boolean own) {\n    [javac]             ^\n    [javac] /data/cmd/Ming/llm-fl-apr/tmp/Jsoup_71-prompt_apr_4-deepseek-chat/src/main/java/org/jsoup/select/QueryParser.java:339: error: ';' expected\n    [javac]     private void contains(boolean own) {\n    [javac]                          ^\n    [javac] /data/cmd/Ming/llm-fl-apr/tmp/Jsoup_71-prompt_apr_4-deepseek-chat/src/main/java/org/jsoup/select/QueryParser.java:339: error: ';' expected\n    [javac]     private void contains(boolean own) {\n    [javac]                                      ^\n    [javac] /data/cmd/Ming/llm-fl-apr/tmp/Jsoup_71-prompt_apr_4-deepseek-chat/src/main/java/org/jsoup/select/QueryParser.java:350: error: illegal start of expression\n    [javac]     private void containsData() {\n    [javac]     ^\n    [javac] /data/cmd/Ming/llm-fl-apr/tmp/Jsoup_71-prompt_apr_4-deepseek-chat/src/main/java/org/jsoup/select/QueryParser.java:350: error: illegal start of expression\n    [javac]     private void containsData() {\n    [javac]             ^\n    [javac] /data/cmd/Ming/llm-fl-apr/tmp/Jsoup_71-prompt_apr_4-deepseek-chat/src/main/java/org/jsoup/select/QueryParser.java:350: error: ';' expected\n    [javac]     private void containsData() {\n    [javac]                              ^\n    [javac] /data/cmd/Ming/llm-fl-apr/tmp/Jsoup_71-prompt_apr_4-deepseek-chat/src/main/java/org/jsoup/select/QueryParser.java:358: error: illegal start of expression\n    [javac]     private void matches(boolean own) {\n    [javac]     ^\n    [javac] /data/cmd/Ming/llm-fl-apr/tmp/Jsoup_71-prompt_apr_4-deepseek-chat/src/main/java/org/jsoup/select/QueryParser.java:358: error: illegal start of expression\n    [javac]     private void matches(boolean own) {\n    [javac]             ^\n    [javac] /data/cmd/Ming/llm-fl-apr/tmp/Jsoup_71-prompt_apr_4-deepseek-chat/src/main/java/org/jsoup/select/QueryParser.java:358: error: ';' expected\n    [javac]     private void matches(boolean own) {\n    [javac]                         ^\n    [javac] /data/cmd/Ming/llm-fl-apr/tmp/Jsoup_71-prompt_apr_4-deepseek-chat/src/main/java/org/jsoup/select/QueryParser.java:358: error: ';' expected\n    [javac]     private void matches(boolean own) {\n    [javac]                                     ^\n    [javac] /data/cmd/Ming/llm-fl-apr/tmp/Jsoup_71-prompt_apr_4-deepseek-chat/src/main/java/org/jsoup/select/QueryParser.java:370: error: illegal start of expression\n    [javac]     private void not() {\n    [javac]     ^\n    [javac] /data/cmd/Ming/llm-fl-apr/tmp/Jsoup_71-prompt_apr_4-deepseek-chat/src/main/java/org/jsoup/select/QueryParser.java:370: error: illegal start of expression\n    [javac]     private void not() {\n    [javac]             ^\n    [javac] /data/cmd/Ming/llm-fl-apr/tmp/Jsoup_71-prompt_apr_4-deepseek-chat/src/main/java/org/jsoup/select/QueryParser.java:370: error: ';' expected\n    [javac]     private void not() {\n    [javac]                     ^\n    [javac] /data/cmd/Ming/llm-fl-apr/tmp/Jsoup_71-prompt_apr_4-deepseek-chat/src/main/java/org/jsoup/select/QueryParser.java:377: error: reached end of file while parsing\n    [javac] }\n    [javac]  ^\n    [javac] 58 errors\n\nBUILD FAILED\n/data/cmd/Ming/llm-fl-apr/tmp/Jsoup_71-prompt_apr_4-deepseek-chat/maven-build.xml:84: Compile failed; see the compiler error output for details.\n\nTotal time: 2 seconds\nCannot compile sources! at /data/cmd/Ming/LLM_Based-Mutation/tools/mutant/defects4j-2.1.0/framework/bin/d4j/d4j-compile line 82.\nCompilation failed in require at /data/cmd/Ming/LLM_Based-Mutation/tools/mutant/defects4j-2.1.0/framework/bin/defects4j line 195.\n"
                }
            }
        },
        "prompt_apr_5": {
            "ernie-3.5-128k": {
                "compile": {
                    "rc": 1,
                    "so": "",
                    "se": "Running ant (compile)...................................................... FAIL\nExecuted command:  cd /data/cmd/Ming/llm-fl-apr/tmp/Jsoup_71-prompt_apr_5-ernie-3.5-128k && /data/cmd/Ming/LLM_Based-Mutation/tools/mutant/defects4j-2.1.0/major/bin/ant -f /data/cmd/Ming/LLM_Based-Mutation/tools/mutant/defects4j-2.1.0/framework/projects/defects4j.build.xml -Dd4j.home=/data/cmd/Ming/LLM_Based-Mutation/tools/mutant/defects4j-2.1.0 -Dd4j.dir.projects=/data/cmd/Ming/LLM_Based-Mutation/tools/mutant/defects4j-2.1.0/framework/projects -Dbasedir=/data/cmd/Ming/llm-fl-apr/tmp/Jsoup_71-prompt_apr_5-ernie-3.5-128k -Dbuild.compiler=javac1.7  compile 2>&1\nJava HotSpot(TM) 64-Bit Server VM warning: ignoring option MaxPermSize=1G; support was removed in 8.0\nBuildfile: /data/cmd/Ming/LLM_Based-Mutation/tools/mutant/defects4j-2.1.0/framework/projects/defects4j.build.xml\n\ntest-offline:\n\nget-deps:\n\njsoup-from-maven.compile:\n    [mkdir] Created dir: /data/cmd/Ming/llm-fl-apr/tmp/Jsoup_71-prompt_apr_5-ernie-3.5-128k/target/classes\n    [javac] /data/cmd/Ming/llm-fl-apr/tmp/Jsoup_71-prompt_apr_5-ernie-3.5-128k/maven-build.xml:84: warning: 'includeantruntime' was not set, defaulting to build.sysclasspath=last; set to false for repeatable builds\n    [javac] Compiling 65 source files to /data/cmd/Ming/llm-fl-apr/tmp/Jsoup_71-prompt_apr_5-ernie-3.5-128k/target/classes\n    [javac] /data/cmd/Ming/llm-fl-apr/tmp/Jsoup_71-prompt_apr_5-ernie-3.5-128k/src/main/java/org/jsoup/select/QueryParser.java:188: error: 'else' without 'if'\n    [javac]         else if (tq.matchChomp(\":last-child\"))\n    [javac]         ^\n    [javac] 1 error\n\nBUILD FAILED\n/data/cmd/Ming/llm-fl-apr/tmp/Jsoup_71-prompt_apr_5-ernie-3.5-128k/maven-build.xml:84: Compile failed; see the compiler error output for details.\n\nTotal time: 2 seconds\nCannot compile sources! at /data/cmd/Ming/LLM_Based-Mutation/tools/mutant/defects4j-2.1.0/framework/bin/d4j/d4j-compile line 82.\nCompilation failed in require at /data/cmd/Ming/LLM_Based-Mutation/tools/mutant/defects4j-2.1.0/framework/bin/defects4j line 195.\n"
                }
            },
            "qwen-turbo": {
                "compile": {
                    "rc": 1,
                    "so": "",
                    "se": "Running ant (compile)...................................................... FAIL\nExecuted command:  cd /data/cmd/Ming/llm-fl-apr/tmp/Jsoup_71-prompt_apr_5-qwen-turbo && /data/cmd/Ming/LLM_Based-Mutation/tools/mutant/defects4j-2.1.0/major/bin/ant -f /data/cmd/Ming/LLM_Based-Mutation/tools/mutant/defects4j-2.1.0/framework/projects/defects4j.build.xml -Dd4j.home=/data/cmd/Ming/LLM_Based-Mutation/tools/mutant/defects4j-2.1.0 -Dd4j.dir.projects=/data/cmd/Ming/LLM_Based-Mutation/tools/mutant/defects4j-2.1.0/framework/projects -Dbasedir=/data/cmd/Ming/llm-fl-apr/tmp/Jsoup_71-prompt_apr_5-qwen-turbo -Dbuild.compiler=javac1.7  compile 2>&1\nJava HotSpot(TM) 64-Bit Server VM warning: ignoring option MaxPermSize=1G; support was removed in 8.0\nBuildfile: /data/cmd/Ming/LLM_Based-Mutation/tools/mutant/defects4j-2.1.0/framework/projects/defects4j.build.xml\n\ntest-offline:\n\nget-deps:\n\njsoup-from-maven.compile:\n    [mkdir] Created dir: /data/cmd/Ming/llm-fl-apr/tmp/Jsoup_71-prompt_apr_5-qwen-turbo/target/classes\n    [javac] /data/cmd/Ming/llm-fl-apr/tmp/Jsoup_71-prompt_apr_5-qwen-turbo/maven-build.xml:84: warning: 'includeantruntime' was not set, defaulting to build.sysclasspath=last; set to false for repeatable builds\n    [javac] Compiling 65 source files to /data/cmd/Ming/llm-fl-apr/tmp/Jsoup_71-prompt_apr_5-qwen-turbo/target/classes\n    [javac] /data/cmd/Ming/llm-fl-apr/tmp/Jsoup_71-prompt_apr_5-qwen-turbo/src/main/java/org/jsoup/select/QueryParser.java:168: error: 'else' without 'if'\n    [javac]         else if (tq.matches(\":containsOwn(\"))\n    [javac]         ^\n    [javac] 1 error\n\nBUILD FAILED\n/data/cmd/Ming/llm-fl-apr/tmp/Jsoup_71-prompt_apr_5-qwen-turbo/maven-build.xml:84: Compile failed; see the compiler error output for details.\n\nTotal time: 2 seconds\nCannot compile sources! at /data/cmd/Ming/LLM_Based-Mutation/tools/mutant/defects4j-2.1.0/framework/bin/d4j/d4j-compile line 82.\nCompilation failed in require at /data/cmd/Ming/LLM_Based-Mutation/tools/mutant/defects4j-2.1.0/framework/bin/defects4j line 195.\n"
                }
            },
            "doubao-pro-4k": {
                "compile": {
                    "rc": 1,
                    "so": "",
                    "se": "Running ant (compile)...................................................... FAIL\nExecuted command:  cd /data/cmd/Ming/llm-fl-apr/tmp/Jsoup_71-prompt_apr_5-doubao-pro-4k && /data/cmd/Ming/LLM_Based-Mutation/tools/mutant/defects4j-2.1.0/major/bin/ant -f /data/cmd/Ming/LLM_Based-Mutation/tools/mutant/defects4j-2.1.0/framework/projects/defects4j.build.xml -Dd4j.home=/data/cmd/Ming/LLM_Based-Mutation/tools/mutant/defects4j-2.1.0 -Dd4j.dir.projects=/data/cmd/Ming/LLM_Based-Mutation/tools/mutant/defects4j-2.1.0/framework/projects -Dbasedir=/data/cmd/Ming/llm-fl-apr/tmp/Jsoup_71-prompt_apr_5-doubao-pro-4k -Dbuild.compiler=javac1.7  compile 2>&1\nJava HotSpot(TM) 64-Bit Server VM warning: ignoring option MaxPermSize=1G; support was removed in 8.0\nBuildfile: /data/cmd/Ming/LLM_Based-Mutation/tools/mutant/defects4j-2.1.0/framework/projects/defects4j.build.xml\n\ntest-offline:\n\nget-deps:\n\njsoup-from-maven.compile:\n    [mkdir] Created dir: /data/cmd/Ming/llm-fl-apr/tmp/Jsoup_71-prompt_apr_5-doubao-pro-4k/target/classes\n    [javac] /data/cmd/Ming/llm-fl-apr/tmp/Jsoup_71-prompt_apr_5-doubao-pro-4k/maven-build.xml:84: warning: 'includeantruntime' was not set, defaulting to build.sysclasspath=last; set to false for repeatable builds\n    [javac] Compiling 65 source files to /data/cmd/Ming/llm-fl-apr/tmp/Jsoup_71-prompt_apr_5-doubao-pro-4k/target/classes\n    [javac] /data/cmd/Ming/llm-fl-apr/tmp/Jsoup_71-prompt_apr_5-doubao-pro-4k/src/main/java/org/jsoup/select/QueryParser.java:202: error: 'else' without 'if'\n    [javac] \t\telse // unhandled\n    [javac] \t\t^\n    [javac] 1 error\n\nBUILD FAILED\n/data/cmd/Ming/llm-fl-apr/tmp/Jsoup_71-prompt_apr_5-doubao-pro-4k/maven-build.xml:84: Compile failed; see the compiler error output for details.\n\nTotal time: 2 seconds\nCannot compile sources! at /data/cmd/Ming/LLM_Based-Mutation/tools/mutant/defects4j-2.1.0/framework/bin/d4j/d4j-compile line 82.\nCompilation failed in require at /data/cmd/Ming/LLM_Based-Mutation/tools/mutant/defects4j-2.1.0/framework/bin/defects4j line 195.\n"
                }
            },
            "gpt-4o-mini": {
                "compile": {
                    "rc": 1,
                    "so": "",
                    "se": "Running ant (compile)...................................................... FAIL\nExecuted command:  cd /data/cmd/Ming/llm-fl-apr/tmp/Jsoup_71-prompt_apr_5-gpt-4o-mini && /data/cmd/Ming/LLM_Based-Mutation/tools/mutant/defects4j-2.1.0/major/bin/ant -f /data/cmd/Ming/LLM_Based-Mutation/tools/mutant/defects4j-2.1.0/framework/projects/defects4j.build.xml -Dd4j.home=/data/cmd/Ming/LLM_Based-Mutation/tools/mutant/defects4j-2.1.0 -Dd4j.dir.projects=/data/cmd/Ming/LLM_Based-Mutation/tools/mutant/defects4j-2.1.0/framework/projects -Dbasedir=/data/cmd/Ming/llm-fl-apr/tmp/Jsoup_71-prompt_apr_5-gpt-4o-mini -Dbuild.compiler=javac1.7  compile 2>&1\nJava HotSpot(TM) 64-Bit Server VM warning: ignoring option MaxPermSize=1G; support was removed in 8.0\nBuildfile: /data/cmd/Ming/LLM_Based-Mutation/tools/mutant/defects4j-2.1.0/framework/projects/defects4j.build.xml\n\ntest-offline:\n\nget-deps:\n\njsoup-from-maven.compile:\n    [mkdir] Created dir: /data/cmd/Ming/llm-fl-apr/tmp/Jsoup_71-prompt_apr_5-gpt-4o-mini/target/classes\n    [javac] /data/cmd/Ming/llm-fl-apr/tmp/Jsoup_71-prompt_apr_5-gpt-4o-mini/maven-build.xml:84: warning: 'includeantruntime' was not set, defaulting to build.sysclasspath=last; set to false for repeatable builds\n    [javac] Compiling 65 source files to /data/cmd/Ming/llm-fl-apr/tmp/Jsoup_71-prompt_apr_5-gpt-4o-mini/target/classes\n    [javac] /data/cmd/Ming/llm-fl-apr/tmp/Jsoup_71-prompt_apr_5-gpt-4o-mini/src/main/java/org/jsoup/select/QueryParser.java:192: error: 'else' without 'if'\n    [javac]         else if (tq.matchChomp(\":last-of-type\"))\n    [javac]         ^\n    [javac] 1 error\n\nBUILD FAILED\n/data/cmd/Ming/llm-fl-apr/tmp/Jsoup_71-prompt_apr_5-gpt-4o-mini/maven-build.xml:84: Compile failed; see the compiler error output for details.\n\nTotal time: 3 seconds\nCannot compile sources! at /data/cmd/Ming/LLM_Based-Mutation/tools/mutant/defects4j-2.1.0/framework/bin/d4j/d4j-compile line 82.\nCompilation failed in require at /data/cmd/Ming/LLM_Based-Mutation/tools/mutant/defects4j-2.1.0/framework/bin/defects4j line 195.\n"
                }
            },
            "deepseek-chat": {
                "compile": {
                    "rc": 0,
                    "so": "",
                    "se": "Running ant (compile)...................................................... OK\nRunning ant (compile.tests)................................................ OK\n"
                },
                "test": {
                    "rc": 0,
                    "so": "Failing tests: 4\n  - org.jsoup.select.CssTest::nthLastChild_simple\n  - org.jsoup.select.CssTest::nthLastChild_advanced\n  - org.jsoup.select.SelectorTest::splitOnBr\n  - org.jsoup.select.SelectorTest::textAsElements\n",
                    "se": "Running ant (compile.tests)................................................ OK\nRunning ant (run.dev.tests)................................................ OK\n"
                }
            }
        },
        "prompt_apr_6": {
            "ernie-3.5-128k": {
                "compile": {
                    "rc": 1,
                    "so": "",
                    "se": "Running ant (compile)...................................................... FAIL\nExecuted command:  cd /data/cmd/Ming/llm-fl-apr/tmp/Jsoup_71-prompt_apr_6-ernie-3.5-128k && /data/cmd/Ming/LLM_Based-Mutation/tools/mutant/defects4j-2.1.0/major/bin/ant -f /data/cmd/Ming/LLM_Based-Mutation/tools/mutant/defects4j-2.1.0/framework/projects/defects4j.build.xml -Dd4j.home=/data/cmd/Ming/LLM_Based-Mutation/tools/mutant/defects4j-2.1.0 -Dd4j.dir.projects=/data/cmd/Ming/LLM_Based-Mutation/tools/mutant/defects4j-2.1.0/framework/projects -Dbasedir=/data/cmd/Ming/llm-fl-apr/tmp/Jsoup_71-prompt_apr_6-ernie-3.5-128k -Dbuild.compiler=javac1.7  compile 2>&1\nJava HotSpot(TM) 64-Bit Server VM warning: ignoring option MaxPermSize=1G; support was removed in 8.0\nBuildfile: /data/cmd/Ming/LLM_Based-Mutation/tools/mutant/defects4j-2.1.0/framework/projects/defects4j.build.xml\n\ntest-offline:\n\nget-deps:\n\njsoup-from-maven.compile:\n    [mkdir] Created dir: /data/cmd/Ming/llm-fl-apr/tmp/Jsoup_71-prompt_apr_6-ernie-3.5-128k/target/classes\n    [javac] /data/cmd/Ming/llm-fl-apr/tmp/Jsoup_71-prompt_apr_6-ernie-3.5-128k/maven-build.xml:84: warning: 'includeantruntime' was not set, defaulting to build.sysclasspath=last; set to false for repeatable builds\n    [javac] Compiling 65 source files to /data/cmd/Ming/llm-fl-apr/tmp/Jsoup_71-prompt_apr_6-ernie-3.5-128k/target/classes\n    [javac] /data/cmd/Ming/llm-fl-apr/tmp/Jsoup_71-prompt_apr_6-ernie-3.5-128k/src/main/java/org/jsoup/select/QueryParser.java:185: error: 'else' without 'if'\n    [javac]         else if (tq.matchChomp(\":nth-last-of-type(\"))\n    [javac]         ^\n    [javac] 1 error\n\nBUILD FAILED\n/data/cmd/Ming/llm-fl-apr/tmp/Jsoup_71-prompt_apr_6-ernie-3.5-128k/maven-build.xml:84: Compile failed; see the compiler error output for details.\n\nTotal time: 2 seconds\nCannot compile sources! at /data/cmd/Ming/LLM_Based-Mutation/tools/mutant/defects4j-2.1.0/framework/bin/d4j/d4j-compile line 82.\nCompilation failed in require at /data/cmd/Ming/LLM_Based-Mutation/tools/mutant/defects4j-2.1.0/framework/bin/defects4j line 195.\n"
                }
            },
            "qwen-turbo": {
                "compile": {
                    "rc": 1,
                    "so": "",
                    "se": "Running ant (compile)...................................................... FAIL\nExecuted command:  cd /data/cmd/Ming/llm-fl-apr/tmp/Jsoup_71-prompt_apr_6-qwen-turbo && /data/cmd/Ming/LLM_Based-Mutation/tools/mutant/defects4j-2.1.0/major/bin/ant -f /data/cmd/Ming/LLM_Based-Mutation/tools/mutant/defects4j-2.1.0/framework/projects/defects4j.build.xml -Dd4j.home=/data/cmd/Ming/LLM_Based-Mutation/tools/mutant/defects4j-2.1.0 -Dd4j.dir.projects=/data/cmd/Ming/LLM_Based-Mutation/tools/mutant/defects4j-2.1.0/framework/projects -Dbasedir=/data/cmd/Ming/llm-fl-apr/tmp/Jsoup_71-prompt_apr_6-qwen-turbo -Dbuild.compiler=javac1.7  compile 2>&1\nJava HotSpot(TM) 64-Bit Server VM warning: ignoring option MaxPermSize=1G; support was removed in 8.0\nBuildfile: /data/cmd/Ming/LLM_Based-Mutation/tools/mutant/defects4j-2.1.0/framework/projects/defects4j.build.xml\n\ntest-offline:\n\nget-deps:\n\njsoup-from-maven.compile:\n    [mkdir] Created dir: /data/cmd/Ming/llm-fl-apr/tmp/Jsoup_71-prompt_apr_6-qwen-turbo/target/classes\n    [javac] /data/cmd/Ming/llm-fl-apr/tmp/Jsoup_71-prompt_apr_6-qwen-turbo/maven-build.xml:84: warning: 'includeantruntime' was not set, defaulting to build.sysclasspath=last; set to false for repeatable builds\n    [javac] Compiling 65 source files to /data/cmd/Ming/llm-fl-apr/tmp/Jsoup_71-prompt_apr_6-qwen-turbo/target/classes\n    [javac] /data/cmd/Ming/llm-fl-apr/tmp/Jsoup_71-prompt_apr_6-qwen-turbo/src/main/java/org/jsoup/select/QueryParser.java:176: error: 'else' without 'if'\n    [javac]         else if (tq.matches(\":not(\"))\n    [javac]         ^\n    [javac] 1 error\n\nBUILD FAILED\n/data/cmd/Ming/llm-fl-apr/tmp/Jsoup_71-prompt_apr_6-qwen-turbo/maven-build.xml:84: Compile failed; see the compiler error output for details.\n\nTotal time: 3 seconds\nCannot compile sources! at /data/cmd/Ming/LLM_Based-Mutation/tools/mutant/defects4j-2.1.0/framework/bin/d4j/d4j-compile line 82.\nCompilation failed in require at /data/cmd/Ming/LLM_Based-Mutation/tools/mutant/defects4j-2.1.0/framework/bin/defects4j line 195.\n"
                }
            },
            "doubao-pro-4k": {
                "compile": {
                    "rc": 1,
                    "so": "",
                    "se": "Running ant (compile)...................................................... FAIL\nExecuted command:  cd /data/cmd/Ming/llm-fl-apr/tmp/Jsoup_71-prompt_apr_6-doubao-pro-4k && /data/cmd/Ming/LLM_Based-Mutation/tools/mutant/defects4j-2.1.0/major/bin/ant -f /data/cmd/Ming/LLM_Based-Mutation/tools/mutant/defects4j-2.1.0/framework/projects/defects4j.build.xml -Dd4j.home=/data/cmd/Ming/LLM_Based-Mutation/tools/mutant/defects4j-2.1.0 -Dd4j.dir.projects=/data/cmd/Ming/LLM_Based-Mutation/tools/mutant/defects4j-2.1.0/framework/projects -Dbasedir=/data/cmd/Ming/llm-fl-apr/tmp/Jsoup_71-prompt_apr_6-doubao-pro-4k -Dbuild.compiler=javac1.7  compile 2>&1\nJava HotSpot(TM) 64-Bit Server VM warning: ignoring option MaxPermSize=1G; support was removed in 8.0\nBuildfile: /data/cmd/Ming/LLM_Based-Mutation/tools/mutant/defects4j-2.1.0/framework/projects/defects4j.build.xml\n\ntest-offline:\n\nget-deps:\n\njsoup-from-maven.compile:\n    [mkdir] Created dir: /data/cmd/Ming/llm-fl-apr/tmp/Jsoup_71-prompt_apr_6-doubao-pro-4k/target/classes\n    [javac] /data/cmd/Ming/llm-fl-apr/tmp/Jsoup_71-prompt_apr_6-doubao-pro-4k/maven-build.xml:84: warning: 'includeantruntime' was not set, defaulting to build.sysclasspath=last; set to false for repeatable builds\n    [javac] Compiling 65 source files to /data/cmd/Ming/llm-fl-apr/tmp/Jsoup_71-prompt_apr_6-doubao-pro-4k/target/classes\n    [javac] /data/cmd/Ming/llm-fl-apr/tmp/Jsoup_71-prompt_apr_6-doubao-pro-4k/src/main/java/org/jsoup/select/QueryParser.java:176: error: 'else' without 'if'\n    [javac]         else if (tq.matches(\":not(\"))\n    [javac]         ^\n    [javac] 1 error\n\nBUILD FAILED\n/data/cmd/Ming/llm-fl-apr/tmp/Jsoup_71-prompt_apr_6-doubao-pro-4k/maven-build.xml:84: Compile failed; see the compiler error output for details.\n\nTotal time: 2 seconds\nCannot compile sources! at /data/cmd/Ming/LLM_Based-Mutation/tools/mutant/defects4j-2.1.0/framework/bin/d4j/d4j-compile line 82.\nCompilation failed in require at /data/cmd/Ming/LLM_Based-Mutation/tools/mutant/defects4j-2.1.0/framework/bin/defects4j line 195.\n"
                }
            },
            "gpt-4o-mini": {
                "compile": {
                    "rc": 0,
                    "so": "",
                    "se": "Running ant (compile)...................................................... OK\nRunning ant (compile.tests)................................................ OK\n"
                },
                "test": {
                    "rc": 0,
                    "so": "Failing tests: 4\n  - org.jsoup.nodes.ElementTest::testIs\n  - org.jsoup.select.CssTest::lastChild\n  - org.jsoup.select.SelectorTest::splitOnBr\n  - org.jsoup.select.SelectorTest::textAsElements\n",
                    "se": "Running ant (compile.tests)................................................ OK\nRunning ant (run.dev.tests)................................................ OK\n"
                }
            },
            "deepseek-chat": {
                "compile": {
                    "rc": 1,
                    "so": "",
                    "se": "Running ant (compile)...................................................... FAIL\nExecuted command:  cd /data/cmd/Ming/llm-fl-apr/tmp/Jsoup_71-prompt_apr_6-deepseek-chat && /data/cmd/Ming/LLM_Based-Mutation/tools/mutant/defects4j-2.1.0/major/bin/ant -f /data/cmd/Ming/LLM_Based-Mutation/tools/mutant/defects4j-2.1.0/framework/projects/defects4j.build.xml -Dd4j.home=/data/cmd/Ming/LLM_Based-Mutation/tools/mutant/defects4j-2.1.0 -Dd4j.dir.projects=/data/cmd/Ming/LLM_Based-Mutation/tools/mutant/defects4j-2.1.0/framework/projects -Dbasedir=/data/cmd/Ming/llm-fl-apr/tmp/Jsoup_71-prompt_apr_6-deepseek-chat -Dbuild.compiler=javac1.7  compile 2>&1\nJava HotSpot(TM) 64-Bit Server VM warning: ignoring option MaxPermSize=1G; support was removed in 8.0\nBuildfile: /data/cmd/Ming/LLM_Based-Mutation/tools/mutant/defects4j-2.1.0/framework/projects/defects4j.build.xml\n\ntest-offline:\n\nget-deps:\n\njsoup-from-maven.compile:\n    [mkdir] Created dir: /data/cmd/Ming/llm-fl-apr/tmp/Jsoup_71-prompt_apr_6-deepseek-chat/target/classes\n    [javac] /data/cmd/Ming/llm-fl-apr/tmp/Jsoup_71-prompt_apr_6-deepseek-chat/maven-build.xml:84: warning: 'includeantruntime' was not set, defaulting to build.sysclasspath=last; set to false for repeatable builds\n    [javac] Compiling 65 source files to /data/cmd/Ming/llm-fl-apr/tmp/Jsoup_71-prompt_apr_6-deepseek-chat/target/classes\n    [javac] /data/cmd/Ming/llm-fl-apr/tmp/Jsoup_71-prompt_apr_6-deepseek-chat/src/main/java/org/jsoup/select/QueryParser.java:187: error: 'else' without 'if'\n    [javac]         else if (tq.matchChomp(\":last-child\"))\n    [javac]         ^\n    [javac] 1 error\n\nBUILD FAILED\n/data/cmd/Ming/llm-fl-apr/tmp/Jsoup_71-prompt_apr_6-deepseek-chat/maven-build.xml:84: Compile failed; see the compiler error output for details.\n\nTotal time: 2 seconds\nCannot compile sources! at /data/cmd/Ming/LLM_Based-Mutation/tools/mutant/defects4j-2.1.0/framework/bin/d4j/d4j-compile line 82.\nCompilation failed in require at /data/cmd/Ming/LLM_Based-Mutation/tools/mutant/defects4j-2.1.0/framework/bin/defects4j line 195.\n"
                }
            }
        }
    }
}