{
    "overall_status": {
        "prompt_apr_1": {
            "ernie-3.5-128k": "Pass all tests",
            "qwen-turbo": "Compile failed",
            "doubao-pro-4k": "Pass all tests",
            "gpt-4o-mini": "Pass all tests",
            "deepseek-chat": "Pass all tests"
        },
        "prompt_apr_2": {
            "ernie-3.5-128k": "Pass all tests",
            "qwen-turbo": "Compile failed",
            "doubao-pro-4k": "Pass all tests",
            "gpt-4o-mini": "Pass all tests",
            "deepseek-chat": "Compile failed"
        },
        "prompt_apr_3": {
            "ernie-3.5-128k": "Compile failed",
            "qwen-turbo": "Compile failed",
            "doubao-pro-4k": "Pass all tests",
            "gpt-4o-mini": "Compile failed",
            "deepseek-chat": "Compile failed"
        },
        "prompt_apr_4": {
            "ernie-3.5-128k": "Pass all tests",
            "qwen-turbo": "Fail some tests",
            "doubao-pro-4k": "Fail some tests",
            "gpt-4o-mini": "Pass all tests",
            "deepseek-chat": "Pass all tests"
        },
        "prompt_apr_5": {
            "ernie-3.5-128k": "Pass all tests",
            "qwen-turbo": "Fail some tests",
            "doubao-pro-4k": "Compile failed",
            "gpt-4o-mini": "Pass all tests",
            "deepseek-chat": "Pass all tests"
        },
        "prompt_apr_6": {
            "ernie-3.5-128k": "Pass all tests",
            "qwen-turbo": "Compile failed",
            "doubao-pro-4k": "Fail some tests",
            "gpt-4o-mini": "Compile failed",
            "deepseek-chat": "Fail some tests"
        }
    },
    "check_results_list": {
        "prompt_apr_1": {
            "ernie-3.5-128k": {
                "compile": {
                    "rc": 0,
                    "so": "",
                    "se": "Running ant (compile)...................................................... OK\nRunning ant (compile.tests)................................................ OK\n"
                },
                "test": {
                    "rc": 0,
                    "so": "Failing tests: 0\n",
                    "se": "Running ant (compile.tests)................................................ OK\nRunning ant (run.dev.tests)................................................ OK\n"
                }
            },
            "qwen-turbo": {
                "compile": {
                    "rc": 1,
                    "so": "",
                    "se": "Running ant (compile)...................................................... FAIL\nExecuted command:  cd /data/cmd/Ming/llm-fl-apr/tmp/Jsoup_57-prompt_apr_1-qwen-turbo && /data/cmd/Ming/LLM_Based-Mutation/tools/mutant/defects4j-2.1.0/major/bin/ant -f /data/cmd/Ming/LLM_Based-Mutation/tools/mutant/defects4j-2.1.0/framework/projects/defects4j.build.xml -Dd4j.home=/data/cmd/Ming/LLM_Based-Mutation/tools/mutant/defects4j-2.1.0 -Dd4j.dir.projects=/data/cmd/Ming/LLM_Based-Mutation/tools/mutant/defects4j-2.1.0/framework/projects -Dbasedir=/data/cmd/Ming/llm-fl-apr/tmp/Jsoup_57-prompt_apr_1-qwen-turbo -Dbuild.compiler=javac1.7  compile 2>&1\nJava HotSpot(TM) 64-Bit Server VM warning: ignoring option MaxPermSize=1G; support was removed in 8.0\nBuildfile: /data/cmd/Ming/LLM_Based-Mutation/tools/mutant/defects4j-2.1.0/framework/projects/defects4j.build.xml\n\ntest-offline:\n\nget-deps:\n\njsoup-from-maven.compile:\n    [mkdir] Created dir: /data/cmd/Ming/llm-fl-apr/tmp/Jsoup_57-prompt_apr_1-qwen-turbo/target/classes\n    [javac] /data/cmd/Ming/llm-fl-apr/tmp/Jsoup_57-prompt_apr_1-qwen-turbo/maven-build.xml:77: warning: 'includeantruntime' was not set, defaulting to build.sysclasspath=last; set to false for repeatable builds\n    [javac] Compiling 57 source files to /data/cmd/Ming/llm-fl-apr/tmp/Jsoup_57-prompt_apr_1-qwen-turbo/target/classes\n    [javac] warning: [options] bootstrap class path not set in conjunction with -source 1.5\n    [javac] /data/cmd/Ming/llm-fl-apr/tmp/Jsoup_57-prompt_apr_1-qwen-turbo/src/main/java/org/jsoup/nodes/Attributes.java:118: error: <identifier> expected\n    [javac] Certainly, here is the complete corrected method:\n    [javac]          ^\n    [javac] /data/cmd/Ming/llm-fl-apr/tmp/Jsoup_57-prompt_apr_1-qwen-turbo/src/main/java/org/jsoup/nodes/Attributes.java:118: error: ';' expected\n    [javac] Certainly, here is the complete corrected method:\n    [javac]                ^\n    [javac] /data/cmd/Ming/llm-fl-apr/tmp/Jsoup_57-prompt_apr_1-qwen-turbo/src/main/java/org/jsoup/nodes/Attributes.java:118: error: ';' expected\n    [javac] Certainly, here is the complete corrected method:\n    [javac]                       ^\n    [javac] /data/cmd/Ming/llm-fl-apr/tmp/Jsoup_57-prompt_apr_1-qwen-turbo/src/main/java/org/jsoup/nodes/Attributes.java:118: error: ';' expected\n    [javac] Certainly, here is the complete corrected method:\n    [javac]                                          ^\n    [javac] /data/cmd/Ming/llm-fl-apr/tmp/Jsoup_57-prompt_apr_1-qwen-turbo/src/main/java/org/jsoup/nodes/Attributes.java:118: error: <identifier> expected\n    [javac] Certainly, here is the complete corrected method:\n    [javac]                                                 ^\n    [javac] /data/cmd/Ming/llm-fl-apr/tmp/Jsoup_57-prompt_apr_1-qwen-turbo/src/main/java/org/jsoup/nodes/Attributes.java:120: error: illegal character: \\96\n    [javac] ```java\n    [javac] ^\n    [javac] /data/cmd/Ming/llm-fl-apr/tmp/Jsoup_57-prompt_apr_1-qwen-turbo/src/main/java/org/jsoup/nodes/Attributes.java:120: error: illegal character: \\96\n    [javac] ```java\n    [javac]  ^\n    [javac] /data/cmd/Ming/llm-fl-apr/tmp/Jsoup_57-prompt_apr_1-qwen-turbo/src/main/java/org/jsoup/nodes/Attributes.java:120: error: illegal character: \\96\n    [javac] ```java\n    [javac]   ^\n    [javac] /data/cmd/Ming/llm-fl-apr/tmp/Jsoup_57-prompt_apr_1-qwen-turbo/src/main/java/org/jsoup/nodes/Attributes.java:131: error: illegal character: \\96\n    [javac] ```\n    [javac] ^\n    [javac] /data/cmd/Ming/llm-fl-apr/tmp/Jsoup_57-prompt_apr_1-qwen-turbo/src/main/java/org/jsoup/nodes/Attributes.java:131: error: illegal character: \\96\n    [javac] ```\n    [javac]  ^\n    [javac] /data/cmd/Ming/llm-fl-apr/tmp/Jsoup_57-prompt_apr_1-qwen-turbo/src/main/java/org/jsoup/nodes/Attributes.java:131: error: illegal character: \\96\n    [javac] ```\n    [javac]   ^\n    [javac] /data/cmd/Ming/llm-fl-apr/tmp/Jsoup_57-prompt_apr_1-qwen-turbo/src/main/java/org/jsoup/nodes/Attributes.java:133: error: ';' expected\n    [javac] The correction involves using `it.remove()` instead of `attributes.remove(attrKey)` to avoid a ConcurrentModificationException.\n    [javac]                        ^\n    [javac] /data/cmd/Ming/llm-fl-apr/tmp/Jsoup_57-prompt_apr_1-qwen-turbo/src/main/java/org/jsoup/nodes/Attributes.java:133: error: illegal character: \\96\n    [javac] The correction involves using `it.remove()` instead of `attributes.remove(attrKey)` to avoid a ConcurrentModificationException.\n    [javac]                               ^\n    [javac] /data/cmd/Ming/llm-fl-apr/tmp/Jsoup_57-prompt_apr_1-qwen-turbo/src/main/java/org/jsoup/nodes/Attributes.java:133: error: <identifier> expected\n    [javac] The correction involves using `it.remove()` instead of `attributes.remove(attrKey)` to avoid a ConcurrentModificationException.\n    [javac]                                         ^\n    [javac] /data/cmd/Ming/llm-fl-apr/tmp/Jsoup_57-prompt_apr_1-qwen-turbo/src/main/java/org/jsoup/nodes/Attributes.java:133: error: illegal character: \\96\n    [javac] The correction involves using `it.remove()` instead of `attributes.remove(attrKey)` to avoid a ConcurrentModificationException.\n    [javac]                                           ^\n    [javac] /data/cmd/Ming/llm-fl-apr/tmp/Jsoup_57-prompt_apr_1-qwen-turbo/src/main/java/org/jsoup/nodes/Attributes.java:133: error: illegal character: \\96\n    [javac] The correction involves using `it.remove()` instead of `attributes.remove(attrKey)` to avoid a ConcurrentModificationException.\n    [javac]                                                        ^\n    [javac] /data/cmd/Ming/llm-fl-apr/tmp/Jsoup_57-prompt_apr_1-qwen-turbo/src/main/java/org/jsoup/nodes/Attributes.java:133: error: illegal character: \\96\n    [javac] The correction involves using `it.remove()` instead of `attributes.remove(attrKey)` to avoid a ConcurrentModificationException.\n    [javac]                                                                                   ^\n    [javac] 17 errors\n    [javac] 1 warning\n\nBUILD FAILED\n/data/cmd/Ming/llm-fl-apr/tmp/Jsoup_57-prompt_apr_1-qwen-turbo/maven-build.xml:77: Compile failed; see the compiler error output for details.\n\nTotal time: 2 seconds\nCannot compile sources! at /data/cmd/Ming/LLM_Based-Mutation/tools/mutant/defects4j-2.1.0/framework/bin/d4j/d4j-compile line 82.\nCompilation failed in require at /data/cmd/Ming/LLM_Based-Mutation/tools/mutant/defects4j-2.1.0/framework/bin/defects4j line 195.\n"
                }
            },
            "doubao-pro-4k": {
                "compile": {
                    "rc": 0,
                    "so": "",
                    "se": "Running ant (compile)...................................................... OK\nRunning ant (compile.tests)................................................ OK\n"
                },
                "test": {
                    "rc": 0,
                    "so": "Failing tests: 0\n",
                    "se": "Running ant (compile.tests)................................................ OK\nRunning ant (run.dev.tests)................................................ OK\n"
                }
            },
            "gpt-4o-mini": {
                "compile": {
                    "rc": 0,
                    "so": "",
                    "se": "Running ant (compile)...................................................... OK\nRunning ant (compile.tests)................................................ OK\n"
                },
                "test": {
                    "rc": 0,
                    "so": "Failing tests: 0\n",
                    "se": "Running ant (compile.tests)................................................ OK\nRunning ant (run.dev.tests)................................................ OK\n"
                }
            },
            "deepseek-chat": {
                "compile": {
                    "rc": 0,
                    "so": "",
                    "se": "Running ant (compile)...................................................... OK\nRunning ant (compile.tests)................................................ OK\n"
                },
                "test": {
                    "rc": 0,
                    "so": "Failing tests: 0\n",
                    "se": "Running ant (compile.tests)................................................ OK\nRunning ant (run.dev.tests)................................................ OK\n"
                }
            }
        },
        "prompt_apr_2": {
            "ernie-3.5-128k": {
                "compile": {
                    "rc": 0,
                    "so": "",
                    "se": "Running ant (compile)...................................................... OK\nRunning ant (compile.tests)................................................ OK\n"
                },
                "test": {
                    "rc": 0,
                    "so": "Failing tests: 0\n",
                    "se": "Running ant (compile.tests)................................................ OK\nRunning ant (run.dev.tests)................................................ OK\n"
                }
            },
            "qwen-turbo": {
                "compile": {
                    "rc": 1,
                    "so": "",
                    "se": "Running ant (compile)...................................................... FAIL\nExecuted command:  cd /data/cmd/Ming/llm-fl-apr/tmp/Jsoup_57-prompt_apr_2-qwen-turbo && /data/cmd/Ming/LLM_Based-Mutation/tools/mutant/defects4j-2.1.0/major/bin/ant -f /data/cmd/Ming/LLM_Based-Mutation/tools/mutant/defects4j-2.1.0/framework/projects/defects4j.build.xml -Dd4j.home=/data/cmd/Ming/LLM_Based-Mutation/tools/mutant/defects4j-2.1.0 -Dd4j.dir.projects=/data/cmd/Ming/LLM_Based-Mutation/tools/mutant/defects4j-2.1.0/framework/projects -Dbasedir=/data/cmd/Ming/llm-fl-apr/tmp/Jsoup_57-prompt_apr_2-qwen-turbo -Dbuild.compiler=javac1.7  compile 2>&1\nJava HotSpot(TM) 64-Bit Server VM warning: ignoring option MaxPermSize=1G; support was removed in 8.0\nBuildfile: /data/cmd/Ming/LLM_Based-Mutation/tools/mutant/defects4j-2.1.0/framework/projects/defects4j.build.xml\n\ntest-offline:\n\nget-deps:\n\njsoup-from-maven.compile:\n    [mkdir] Created dir: /data/cmd/Ming/llm-fl-apr/tmp/Jsoup_57-prompt_apr_2-qwen-turbo/target/classes\n    [javac] /data/cmd/Ming/llm-fl-apr/tmp/Jsoup_57-prompt_apr_2-qwen-turbo/maven-build.xml:77: warning: 'includeantruntime' was not set, defaulting to build.sysclasspath=last; set to false for repeatable builds\n    [javac] Compiling 57 source files to /data/cmd/Ming/llm-fl-apr/tmp/Jsoup_57-prompt_apr_2-qwen-turbo/target/classes\n    [javac] warning: [options] bootstrap class path not set in conjunction with -source 1.5\n    [javac] /data/cmd/Ming/llm-fl-apr/tmp/Jsoup_57-prompt_apr_2-qwen-turbo/src/main/java/org/jsoup/nodes/Attributes.java:118: error: <identifier> expected\n    [javac] Certainly, here is the corrected version of your method:\n    [javac]          ^\n    [javac] /data/cmd/Ming/llm-fl-apr/tmp/Jsoup_57-prompt_apr_2-qwen-turbo/src/main/java/org/jsoup/nodes/Attributes.java:118: error: ';' expected\n    [javac] Certainly, here is the corrected version of your method:\n    [javac]                ^\n    [javac] /data/cmd/Ming/llm-fl-apr/tmp/Jsoup_57-prompt_apr_2-qwen-turbo/src/main/java/org/jsoup/nodes/Attributes.java:118: error: ';' expected\n    [javac] Certainly, here is the corrected version of your method:\n    [javac]                       ^\n    [javac] /data/cmd/Ming/llm-fl-apr/tmp/Jsoup_57-prompt_apr_2-qwen-turbo/src/main/java/org/jsoup/nodes/Attributes.java:118: error: ';' expected\n    [javac] Certainly, here is the corrected version of your method:\n    [javac]                                         ^\n    [javac] /data/cmd/Ming/llm-fl-apr/tmp/Jsoup_57-prompt_apr_2-qwen-turbo/src/main/java/org/jsoup/nodes/Attributes.java:118: error: ';' expected\n    [javac] Certainly, here is the corrected version of your method:\n    [javac]                                                 ^\n    [javac] /data/cmd/Ming/llm-fl-apr/tmp/Jsoup_57-prompt_apr_2-qwen-turbo/src/main/java/org/jsoup/nodes/Attributes.java:118: error: <identifier> expected\n    [javac] Certainly, here is the corrected version of your method:\n    [javac]                                                        ^\n    [javac] /data/cmd/Ming/llm-fl-apr/tmp/Jsoup_57-prompt_apr_2-qwen-turbo/src/main/java/org/jsoup/nodes/Attributes.java:120: error: illegal character: \\96\n    [javac] ```java\n    [javac] ^\n    [javac] /data/cmd/Ming/llm-fl-apr/tmp/Jsoup_57-prompt_apr_2-qwen-turbo/src/main/java/org/jsoup/nodes/Attributes.java:120: error: illegal character: \\96\n    [javac] ```java\n    [javac]  ^\n    [javac] /data/cmd/Ming/llm-fl-apr/tmp/Jsoup_57-prompt_apr_2-qwen-turbo/src/main/java/org/jsoup/nodes/Attributes.java:120: error: illegal character: \\96\n    [javac] ```java\n    [javac]   ^\n    [javac] /data/cmd/Ming/llm-fl-apr/tmp/Jsoup_57-prompt_apr_2-qwen-turbo/src/main/java/org/jsoup/nodes/Attributes.java:135: error: illegal character: \\96\n    [javac] ```\n    [javac] ^\n    [javac] /data/cmd/Ming/llm-fl-apr/tmp/Jsoup_57-prompt_apr_2-qwen-turbo/src/main/java/org/jsoup/nodes/Attributes.java:135: error: illegal character: \\96\n    [javac] ```\n    [javac]  ^\n    [javac] /data/cmd/Ming/llm-fl-apr/tmp/Jsoup_57-prompt_apr_2-qwen-turbo/src/main/java/org/jsoup/nodes/Attributes.java:135: error: illegal character: \\96\n    [javac] ```\n    [javac]   ^\n    [javac] /data/cmd/Ming/llm-fl-apr/tmp/Jsoup_57-prompt_apr_2-qwen-turbo/src/main/java/org/jsoup/nodes/Attributes.java:137: error: illegal start of type\n    [javac] In this corrected version, I introduced a `toRemove` variable to store the key that matches the `key` parameter ignoring case sensitivity. This ensures that we do not modify the collection while iterating over it, which can cause `ConcurrentModificationException`.\n    [javac]    ^\n    [javac] /data/cmd/Ming/llm-fl-apr/tmp/Jsoup_57-prompt_apr_2-qwen-turbo/src/main/java/org/jsoup/nodes/Attributes.java:137: error: ';' expected\n    [javac] In this corrected version, I introduced a `toRemove` variable to store the key that matches the `key` parameter ignoring case sensitivity. This ensures that we do not modify the collection while iterating over it, which can cause `ConcurrentModificationException`.\n    [javac]        ^\n    [javac] /data/cmd/Ming/llm-fl-apr/tmp/Jsoup_57-prompt_apr_2-qwen-turbo/src/main/java/org/jsoup/nodes/Attributes.java:137: error: <identifier> expected\n    [javac] In this corrected version, I introduced a `toRemove` variable to store the key that matches the `key` parameter ignoring case sensitivity. This ensures that we do not modify the collection while iterating over it, which can cause `ConcurrentModificationException`.\n    [javac]                          ^\n    [javac] /data/cmd/Ming/llm-fl-apr/tmp/Jsoup_57-prompt_apr_2-qwen-turbo/src/main/java/org/jsoup/nodes/Attributes.java:137: error: ';' expected\n    [javac] In this corrected version, I introduced a `toRemove` variable to store the key that matches the `key` parameter ignoring case sensitivity. This ensures that we do not modify the collection while iterating over it, which can cause `ConcurrentModificationException`.\n    [javac]                             ^\n    [javac] /data/cmd/Ming/llm-fl-apr/tmp/Jsoup_57-prompt_apr_2-qwen-turbo/src/main/java/org/jsoup/nodes/Attributes.java:137: error: illegal character: \\96\n    [javac] In this corrected version, I introduced a `toRemove` variable to store the key that matches the `key` parameter ignoring case sensitivity. This ensures that we do not modify the collection while iterating over it, which can cause `ConcurrentModificationException`.\n    [javac]                                           ^\n    [javac] /data/cmd/Ming/llm-fl-apr/tmp/Jsoup_57-prompt_apr_2-qwen-turbo/src/main/java/org/jsoup/nodes/Attributes.java:137: error: illegal character: \\96\n    [javac] In this corrected version, I introduced a `toRemove` variable to store the key that matches the `key` parameter ignoring case sensitivity. This ensures that we do not modify the collection while iterating over it, which can cause `ConcurrentModificationException`.\n    [javac]                                                    ^\n    [javac] /data/cmd/Ming/llm-fl-apr/tmp/Jsoup_57-prompt_apr_2-qwen-turbo/src/main/java/org/jsoup/nodes/Attributes.java:137: error: ';' expected\n    [javac] In this corrected version, I introduced a `toRemove` variable to store the key that matches the `key` parameter ignoring case sensitivity. This ensures that we do not modify the collection while iterating over it, which can cause `ConcurrentModificationException`.\n    [javac]                                                                 ^\n    [javac] /data/cmd/Ming/llm-fl-apr/tmp/Jsoup_57-prompt_apr_2-qwen-turbo/src/main/java/org/jsoup/nodes/Attributes.java:137: error: ';' expected\n    [javac] In this corrected version, I introduced a `toRemove` variable to store the key that matches the `key` parameter ignoring case sensitivity. This ensures that we do not modify the collection while iterating over it, which can cause `ConcurrentModificationException`.\n    [javac]                                                                           ^\n    [javac] /data/cmd/Ming/llm-fl-apr/tmp/Jsoup_57-prompt_apr_2-qwen-turbo/src/main/java/org/jsoup/nodes/Attributes.java:137: error: ';' expected\n    [javac] In this corrected version, I introduced a `toRemove` variable to store the key that matches the `key` parameter ignoring case sensitivity. This ensures that we do not modify the collection while iterating over it, which can cause `ConcurrentModificationException`.\n    [javac]                                                                                    ^\n    [javac] /data/cmd/Ming/llm-fl-apr/tmp/Jsoup_57-prompt_apr_2-qwen-turbo/src/main/java/org/jsoup/nodes/Attributes.java:137: error: illegal character: \\96\n    [javac] In this corrected version, I introduced a `toRemove` variable to store the key that matches the `key` parameter ignoring case sensitivity. This ensures that we do not modify the collection while iterating over it, which can cause `ConcurrentModificationException`.\n    [javac]                                                                                                 ^\n    [javac] /data/cmd/Ming/llm-fl-apr/tmp/Jsoup_57-prompt_apr_2-qwen-turbo/src/main/java/org/jsoup/nodes/Attributes.java:137: error: illegal character: \\96\n    [javac] In this corrected version, I introduced a `toRemove` variable to store the key that matches the `key` parameter ignoring case sensitivity. This ensures that we do not modify the collection while iterating over it, which can cause `ConcurrentModificationException`.\n    [javac]                                                                                                     ^\n    [javac] /data/cmd/Ming/llm-fl-apr/tmp/Jsoup_57-prompt_apr_2-qwen-turbo/src/main/java/org/jsoup/nodes/Attributes.java:137: error: ';' expected\n    [javac] In this corrected version, I introduced a `toRemove` variable to store the key that matches the `key` parameter ignoring case sensitivity. This ensures that we do not modify the collection while iterating over it, which can cause `ConcurrentModificationException`.\n    [javac]                                                                                                                         ^\n    [javac] /data/cmd/Ming/llm-fl-apr/tmp/Jsoup_57-prompt_apr_2-qwen-turbo/src/main/java/org/jsoup/nodes/Attributes.java:137: error: ';' expected\n    [javac] In this corrected version, I introduced a `toRemove` variable to store the key that matches the `key` parameter ignoring case sensitivity. This ensures that we do not modify the collection while iterating over it, which can cause `ConcurrentModificationException`.\n    [javac]                                                                                                                                                        ^\n    [javac] /data/cmd/Ming/llm-fl-apr/tmp/Jsoup_57-prompt_apr_2-qwen-turbo/src/main/java/org/jsoup/nodes/Attributes.java:137: error: ';' expected\n    [javac] In this corrected version, I introduced a `toRemove` variable to store the key that matches the `key` parameter ignoring case sensitivity. This ensures that we do not modify the collection while iterating over it, which can cause `ConcurrentModificationException`.\n    [javac]                                                                                                                                                                ^\n    [javac] /data/cmd/Ming/llm-fl-apr/tmp/Jsoup_57-prompt_apr_2-qwen-turbo/src/main/java/org/jsoup/nodes/Attributes.java:137: error: ';' expected\n    [javac] In this corrected version, I introduced a `toRemove` variable to store the key that matches the `key` parameter ignoring case sensitivity. This ensures that we do not modify the collection while iterating over it, which can cause `ConcurrentModificationException`.\n    [javac]                                                                                                                                                                              ^\n    [javac] /data/cmd/Ming/llm-fl-apr/tmp/Jsoup_57-prompt_apr_2-qwen-turbo/src/main/java/org/jsoup/nodes/Attributes.java:137: error: ';' expected\n    [javac] In this corrected version, I introduced a `toRemove` variable to store the key that matches the `key` parameter ignoring case sensitivity. This ensures that we do not modify the collection while iterating over it, which can cause `ConcurrentModificationException`.\n    [javac]                                                                                                                                                                                             ^\n    [javac] /data/cmd/Ming/llm-fl-apr/tmp/Jsoup_57-prompt_apr_2-qwen-turbo/src/main/java/org/jsoup/nodes/Attributes.java:137: error: ';' expected\n    [javac] In this corrected version, I introduced a `toRemove` variable to store the key that matches the `key` parameter ignoring case sensitivity. This ensures that we do not modify the collection while iterating over it, which can cause `ConcurrentModificationException`.\n    [javac]                                                                                                                                                                                                                  ^\n    [javac] /data/cmd/Ming/llm-fl-apr/tmp/Jsoup_57-prompt_apr_2-qwen-turbo/src/main/java/org/jsoup/nodes/Attributes.java:137: error: <identifier> expected\n    [javac] In this corrected version, I introduced a `toRemove` variable to store the key that matches the `key` parameter ignoring case sensitivity. This ensures that we do not modify the collection while iterating over it, which can cause `ConcurrentModificationException`.\n    [javac]                                                                                                                                                                                                                     ^\n    [javac] /data/cmd/Ming/llm-fl-apr/tmp/Jsoup_57-prompt_apr_2-qwen-turbo/src/main/java/org/jsoup/nodes/Attributes.java:137: error: ';' expected\n    [javac] In this corrected version, I introduced a `toRemove` variable to store the key that matches the `key` parameter ignoring case sensitivity. This ensures that we do not modify the collection while iterating over it, which can cause `ConcurrentModificationException`.\n    [javac]                                                                                                                                                                                                                            ^\n    [javac] /data/cmd/Ming/llm-fl-apr/tmp/Jsoup_57-prompt_apr_2-qwen-turbo/src/main/java/org/jsoup/nodes/Attributes.java:137: error: illegal character: \\96\n    [javac] In this corrected version, I introduced a `toRemove` variable to store the key that matches the `key` parameter ignoring case sensitivity. This ensures that we do not modify the collection while iterating over it, which can cause `ConcurrentModificationException`.\n    [javac]                                                                                                                                                                                                                                       ^\n    [javac] /data/cmd/Ming/llm-fl-apr/tmp/Jsoup_57-prompt_apr_2-qwen-turbo/src/main/java/org/jsoup/nodes/Attributes.java:137: error: illegal character: \\96\n    [javac] In this corrected version, I introduced a `toRemove` variable to store the key that matches the `key` parameter ignoring case sensitivity. This ensures that we do not modify the collection while iterating over it, which can cause `ConcurrentModificationException`.\n    [javac]                                                                                                                                                                                                                                                                       ^\n    [javac] /data/cmd/Ming/llm-fl-apr/tmp/Jsoup_57-prompt_apr_2-qwen-turbo/src/main/java/org/jsoup/nodes/Attributes.java:137: error: illegal start of type\n    [javac] In this corrected version, I introduced a `toRemove` variable to store the key that matches the `key` parameter ignoring case sensitivity. This ensures that we do not modify the collection while iterating over it, which can cause `ConcurrentModificationException`.\n    [javac]                                                                                                                                                                                                                                                                        ^\n    [javac] /data/cmd/Ming/llm-fl-apr/tmp/Jsoup_57-prompt_apr_2-qwen-turbo/src/main/java/org/jsoup/nodes/Attributes.java:137: error: <identifier> expected\n    [javac] In this corrected version, I introduced a `toRemove` variable to store the key that matches the `key` parameter ignoring case sensitivity. This ensures that we do not modify the collection while iterating over it, which can cause `ConcurrentModificationException`.\n    [javac]                                                                                                                                                                                                                                                                         ^\n    [javac] /data/cmd/Ming/llm-fl-apr/tmp/Jsoup_57-prompt_apr_2-qwen-turbo/src/main/java/org/jsoup/nodes/Attributes.java:143: error: ';' expected\n    [javac]     public boolean hasKey(String key) {\n    [javac]           ^\n    [javac] /data/cmd/Ming/llm-fl-apr/tmp/Jsoup_57-prompt_apr_2-qwen-turbo/src/main/java/org/jsoup/nodes/Attributes.java:143: error: invalid method declaration; return type required\n    [javac]     public boolean hasKey(String key) {\n    [javac]                    ^\n    [javac] 37 errors\n    [javac] 1 warning\n\nBUILD FAILED\n/data/cmd/Ming/llm-fl-apr/tmp/Jsoup_57-prompt_apr_2-qwen-turbo/maven-build.xml:77: Compile failed; see the compiler error output for details.\n\nTotal time: 2 seconds\nCannot compile sources! at /data/cmd/Ming/LLM_Based-Mutation/tools/mutant/defects4j-2.1.0/framework/bin/d4j/d4j-compile line 82.\nCompilation failed in require at /data/cmd/Ming/LLM_Based-Mutation/tools/mutant/defects4j-2.1.0/framework/bin/defects4j line 195.\n"
                }
            },
            "doubao-pro-4k": {
                "compile": {
                    "rc": 0,
                    "so": "",
                    "se": "Running ant (compile)...................................................... OK\nRunning ant (compile.tests)................................................ OK\n"
                },
                "test": {
                    "rc": 0,
                    "so": "Failing tests: 0\n",
                    "se": "Running ant (compile.tests)................................................ OK\nRunning ant (run.dev.tests)................................................ OK\n"
                }
            },
            "gpt-4o-mini": {
                "compile": {
                    "rc": 0,
                    "so": "",
                    "se": "Running ant (compile)...................................................... OK\nRunning ant (compile.tests)................................................ OK\n"
                },
                "test": {
                    "rc": 0,
                    "so": "Failing tests: 0\n",
                    "se": "Running ant (compile.tests)................................................ OK\nRunning ant (run.dev.tests)................................................ OK\n"
                }
            },
            "deepseek-chat": {
                "compile": {
                    "rc": 1,
                    "so": "",
                    "se": "Running ant (compile)...................................................... FAIL\nExecuted command:  cd /data/cmd/Ming/llm-fl-apr/tmp/Jsoup_57-prompt_apr_2-deepseek-chat && /data/cmd/Ming/LLM_Based-Mutation/tools/mutant/defects4j-2.1.0/major/bin/ant -f /data/cmd/Ming/LLM_Based-Mutation/tools/mutant/defects4j-2.1.0/framework/projects/defects4j.build.xml -Dd4j.home=/data/cmd/Ming/LLM_Based-Mutation/tools/mutant/defects4j-2.1.0 -Dd4j.dir.projects=/data/cmd/Ming/LLM_Based-Mutation/tools/mutant/defects4j-2.1.0/framework/projects -Dbasedir=/data/cmd/Ming/llm-fl-apr/tmp/Jsoup_57-prompt_apr_2-deepseek-chat -Dbuild.compiler=javac1.7  compile 2>&1\nJava HotSpot(TM) 64-Bit Server VM warning: ignoring option MaxPermSize=1G; support was removed in 8.0\nBuildfile: /data/cmd/Ming/LLM_Based-Mutation/tools/mutant/defects4j-2.1.0/framework/projects/defects4j.build.xml\n\ntest-offline:\n\nget-deps:\n\njsoup-from-maven.compile:\n    [mkdir] Created dir: /data/cmd/Ming/llm-fl-apr/tmp/Jsoup_57-prompt_apr_2-deepseek-chat/target/classes\n    [javac] /data/cmd/Ming/llm-fl-apr/tmp/Jsoup_57-prompt_apr_2-deepseek-chat/maven-build.xml:77: warning: 'includeantruntime' was not set, defaulting to build.sysclasspath=last; set to false for repeatable builds\n    [javac] Compiling 57 source files to /data/cmd/Ming/llm-fl-apr/tmp/Jsoup_57-prompt_apr_2-deepseek-chat/target/classes\n    [javac] warning: [options] bootstrap class path not set in conjunction with -source 1.5\n    [javac] /data/cmd/Ming/llm-fl-apr/tmp/Jsoup_57-prompt_apr_2-deepseek-chat/src/main/java/org/jsoup/nodes/Attributes.java:118: error: ';' expected\n    [javac] The bug in the code is that the iterator is not being used to remove the element, which can cause a `ConcurrentModificationException`. Instead of directly calling `attributes.remove(attrKey)`, you should use the iterator's `remove()` method to safely remove the element while iterating. Here is the complete corrected method:\n    [javac]        ^\n    [javac] /data/cmd/Ming/llm-fl-apr/tmp/Jsoup_57-prompt_apr_2-deepseek-chat/src/main/java/org/jsoup/nodes/Attributes.java:118: error: ';' expected\n    [javac] The bug in the code is that the iterator is not being used to remove the element, which can cause a `ConcurrentModificationException`. Instead of directly calling `attributes.remove(attrKey)`, you should use the iterator's `remove()` method to safely remove the element while iterating. Here is the complete corrected method:\n    [javac]               ^\n    [javac] /data/cmd/Ming/llm-fl-apr/tmp/Jsoup_57-prompt_apr_2-deepseek-chat/src/main/java/org/jsoup/nodes/Attributes.java:118: error: ';' expected\n    [javac] The bug in the code is that the iterator is not being used to remove the element, which can cause a `ConcurrentModificationException`. Instead of directly calling `attributes.remove(attrKey)`, you should use the iterator's `remove()` method to safely remove the element while iterating. Here is the complete corrected method:\n    [javac]                       ^\n    [javac] /data/cmd/Ming/llm-fl-apr/tmp/Jsoup_57-prompt_apr_2-deepseek-chat/src/main/java/org/jsoup/nodes/Attributes.java:118: error: ';' expected\n    [javac] The bug in the code is that the iterator is not being used to remove the element, which can cause a `ConcurrentModificationException`. Instead of directly calling `attributes.remove(attrKey)`, you should use the iterator's `remove()` method to safely remove the element while iterating. Here is the complete corrected method:\n    [javac]                                ^\n    [javac] /data/cmd/Ming/llm-fl-apr/tmp/Jsoup_57-prompt_apr_2-deepseek-chat/src/main/java/org/jsoup/nodes/Attributes.java:118: error: ';' expected\n    [javac] The bug in the code is that the iterator is not being used to remove the element, which can cause a `ConcurrentModificationException`. Instead of directly calling `attributes.remove(attrKey)`, you should use the iterator's `remove()` method to safely remove the element while iterating. Here is the complete corrected method:\n    [javac]                                            ^\n    [javac] /data/cmd/Ming/llm-fl-apr/tmp/Jsoup_57-prompt_apr_2-deepseek-chat/src/main/java/org/jsoup/nodes/Attributes.java:118: error: ';' expected\n    [javac] The bug in the code is that the iterator is not being used to remove the element, which can cause a `ConcurrentModificationException`. Instead of directly calling `attributes.remove(attrKey)`, you should use the iterator's `remove()` method to safely remove the element while iterating. Here is the complete corrected method:\n    [javac]                                                      ^\n    [javac] /data/cmd/Ming/llm-fl-apr/tmp/Jsoup_57-prompt_apr_2-deepseek-chat/src/main/java/org/jsoup/nodes/Attributes.java:118: error: ';' expected\n    [javac] The bug in the code is that the iterator is not being used to remove the element, which can cause a `ConcurrentModificationException`. Instead of directly calling `attributes.remove(attrKey)`, you should use the iterator's `remove()` method to safely remove the element while iterating. Here is the complete corrected method:\n    [javac]                                                              ^\n    [javac] /data/cmd/Ming/llm-fl-apr/tmp/Jsoup_57-prompt_apr_2-deepseek-chat/src/main/java/org/jsoup/nodes/Attributes.java:118: error: ';' expected\n    [javac] The bug in the code is that the iterator is not being used to remove the element, which can cause a `ConcurrentModificationException`. Instead of directly calling `attributes.remove(attrKey)`, you should use the iterator's `remove()` method to safely remove the element while iterating. Here is the complete corrected method:\n    [javac]                                                                         ^\n    [javac] /data/cmd/Ming/llm-fl-apr/tmp/Jsoup_57-prompt_apr_2-deepseek-chat/src/main/java/org/jsoup/nodes/Attributes.java:118: error: <identifier> expected\n    [javac] The bug in the code is that the iterator is not being used to remove the element, which can cause a `ConcurrentModificationException`. Instead of directly calling `attributes.remove(attrKey)`, you should use the iterator's `remove()` method to safely remove the element while iterating. Here is the complete corrected method:\n    [javac]                                                                                 ^\n    [javac] /data/cmd/Ming/llm-fl-apr/tmp/Jsoup_57-prompt_apr_2-deepseek-chat/src/main/java/org/jsoup/nodes/Attributes.java:118: error: ';' expected\n    [javac] The bug in the code is that the iterator is not being used to remove the element, which can cause a `ConcurrentModificationException`. Instead of directly calling `attributes.remove(attrKey)`, you should use the iterator's `remove()` method to safely remove the element while iterating. Here is the complete corrected method:\n    [javac]                                                                                        ^\n    [javac] /data/cmd/Ming/llm-fl-apr/tmp/Jsoup_57-prompt_apr_2-deepseek-chat/src/main/java/org/jsoup/nodes/Attributes.java:118: error: ';' expected\n    [javac] The bug in the code is that the iterator is not being used to remove the element, which can cause a `ConcurrentModificationException`. Instead of directly calling `attributes.remove(attrKey)`, you should use the iterator's `remove()` method to safely remove the element while iterating. Here is the complete corrected method:\n    [javac]                                                                                                  ^\n    [javac] /data/cmd/Ming/llm-fl-apr/tmp/Jsoup_57-prompt_apr_2-deepseek-chat/src/main/java/org/jsoup/nodes/Attributes.java:118: error: illegal character: \\96\n    [javac] The bug in the code is that the iterator is not being used to remove the element, which can cause a `ConcurrentModificationException`. Instead of directly calling `attributes.remove(attrKey)`, you should use the iterator's `remove()` method to safely remove the element while iterating. Here is the complete corrected method:\n    [javac]                                                                                                     ^\n    [javac] /data/cmd/Ming/llm-fl-apr/tmp/Jsoup_57-prompt_apr_2-deepseek-chat/src/main/java/org/jsoup/nodes/Attributes.java:118: error: illegal character: \\96\n    [javac] The bug in the code is that the iterator is not being used to remove the element, which can cause a `ConcurrentModificationException`. Instead of directly calling `attributes.remove(attrKey)`, you should use the iterator's `remove()` method to safely remove the element while iterating. Here is the complete corrected method:\n    [javac]                                                                                                                                     ^\n    [javac] /data/cmd/Ming/llm-fl-apr/tmp/Jsoup_57-prompt_apr_2-deepseek-chat/src/main/java/org/jsoup/nodes/Attributes.java:118: error: illegal start of type\n    [javac] The bug in the code is that the iterator is not being used to remove the element, which can cause a `ConcurrentModificationException`. Instead of directly calling `attributes.remove(attrKey)`, you should use the iterator's `remove()` method to safely remove the element while iterating. Here is the complete corrected method:\n    [javac]                                                                                                                                      ^\n    [javac] /data/cmd/Ming/llm-fl-apr/tmp/Jsoup_57-prompt_apr_2-deepseek-chat/src/main/java/org/jsoup/nodes/Attributes.java:118: error: ';' expected\n    [javac] The bug in the code is that the iterator is not being used to remove the element, which can cause a `ConcurrentModificationException`. Instead of directly calling `attributes.remove(attrKey)`, you should use the iterator's `remove()` method to safely remove the element while iterating. Here is the complete corrected method:\n    [javac]                                                                                                                                               ^\n    [javac] /data/cmd/Ming/llm-fl-apr/tmp/Jsoup_57-prompt_apr_2-deepseek-chat/src/main/java/org/jsoup/nodes/Attributes.java:118: error: ';' expected\n    [javac] The bug in the code is that the iterator is not being used to remove the element, which can cause a `ConcurrentModificationException`. Instead of directly calling `attributes.remove(attrKey)`, you should use the iterator's `remove()` method to safely remove the element while iterating. Here is the complete corrected method:\n    [javac]                                                                                                                                                           ^\n    [javac] /data/cmd/Ming/llm-fl-apr/tmp/Jsoup_57-prompt_apr_2-deepseek-chat/src/main/java/org/jsoup/nodes/Attributes.java:118: error: illegal character: \\96\n    [javac] The bug in the code is that the iterator is not being used to remove the element, which can cause a `ConcurrentModificationException`. Instead of directly calling `attributes.remove(attrKey)`, you should use the iterator's `remove()` method to safely remove the element while iterating. Here is the complete corrected method:\n    [javac]                                                                                                                                                                    ^\n    [javac] /data/cmd/Ming/llm-fl-apr/tmp/Jsoup_57-prompt_apr_2-deepseek-chat/src/main/java/org/jsoup/nodes/Attributes.java:118: error: <identifier> expected\n    [javac] The bug in the code is that the iterator is not being used to remove the element, which can cause a `ConcurrentModificationException`. Instead of directly calling `attributes.remove(attrKey)`, you should use the iterator's `remove()` method to safely remove the element while iterating. Here is the complete corrected method:\n    [javac]                                                                                                                                                                                      ^\n    [javac] /data/cmd/Ming/llm-fl-apr/tmp/Jsoup_57-prompt_apr_2-deepseek-chat/src/main/java/org/jsoup/nodes/Attributes.java:118: error: <identifier> expected\n    [javac] The bug in the code is that the iterator is not being used to remove the element, which can cause a `ConcurrentModificationException`. Instead of directly calling `attributes.remove(attrKey)`, you should use the iterator's `remove()` method to safely remove the element while iterating. Here is the complete corrected method:\n    [javac]                                                                                                                                                                                              ^\n    [javac] /data/cmd/Ming/llm-fl-apr/tmp/Jsoup_57-prompt_apr_2-deepseek-chat/src/main/java/org/jsoup/nodes/Attributes.java:118: error: illegal character: \\96\n    [javac] The bug in the code is that the iterator is not being used to remove the element, which can cause a `ConcurrentModificationException`. Instead of directly calling `attributes.remove(attrKey)`, you should use the iterator's `remove()` method to safely remove the element while iterating. Here is the complete corrected method:\n    [javac]                                                                                                                                                                                               ^\n    [javac] /data/cmd/Ming/llm-fl-apr/tmp/Jsoup_57-prompt_apr_2-deepseek-chat/src/main/java/org/jsoup/nodes/Attributes.java:118: error: unclosed character literal\n    [javac] The bug in the code is that the iterator is not being used to remove the element, which can cause a `ConcurrentModificationException`. Instead of directly calling `attributes.remove(attrKey)`, you should use the iterator's `remove()` method to safely remove the element while iterating. Here is the complete corrected method:\n    [javac]                                                                                                                                                                                                                             ^\n    [javac] /data/cmd/Ming/llm-fl-apr/tmp/Jsoup_57-prompt_apr_2-deepseek-chat/src/main/java/org/jsoup/nodes/Attributes.java:118: error: illegal character: \\96\n    [javac] The bug in the code is that the iterator is not being used to remove the element, which can cause a `ConcurrentModificationException`. Instead of directly calling `attributes.remove(attrKey)`, you should use the iterator's `remove()` method to safely remove the element while iterating. Here is the complete corrected method:\n    [javac]                                                                                                                                                                                                                                ^\n    [javac] /data/cmd/Ming/llm-fl-apr/tmp/Jsoup_57-prompt_apr_2-deepseek-chat/src/main/java/org/jsoup/nodes/Attributes.java:118: error: illegal character: \\96\n    [javac] The bug in the code is that the iterator is not being used to remove the element, which can cause a `ConcurrentModificationException`. Instead of directly calling `attributes.remove(attrKey)`, you should use the iterator's `remove()` method to safely remove the element while iterating. Here is the complete corrected method:\n    [javac]                                                                                                                                                                                                                                         ^\n    [javac] 23 errors\n    [javac] 1 warning\n\nBUILD FAILED\n/data/cmd/Ming/llm-fl-apr/tmp/Jsoup_57-prompt_apr_2-deepseek-chat/maven-build.xml:77: Compile failed; see the compiler error output for details.\n\nTotal time: 2 seconds\nCannot compile sources! at /data/cmd/Ming/LLM_Based-Mutation/tools/mutant/defects4j-2.1.0/framework/bin/d4j/d4j-compile line 82.\nCompilation failed in require at /data/cmd/Ming/LLM_Based-Mutation/tools/mutant/defects4j-2.1.0/framework/bin/defects4j line 195.\n"
                }
            }
        },
        "prompt_apr_3": {
            "ernie-3.5-128k": {
                "compile": {
                    "rc": 1,
                    "so": "",
                    "se": "Running ant (compile)...................................................... FAIL\nExecuted command:  cd /data/cmd/Ming/llm-fl-apr/tmp/Jsoup_57-prompt_apr_3-ernie-3.5-128k && /data/cmd/Ming/LLM_Based-Mutation/tools/mutant/defects4j-2.1.0/major/bin/ant -f /data/cmd/Ming/LLM_Based-Mutation/tools/mutant/defects4j-2.1.0/framework/projects/defects4j.build.xml -Dd4j.home=/data/cmd/Ming/LLM_Based-Mutation/tools/mutant/defects4j-2.1.0 -Dd4j.dir.projects=/data/cmd/Ming/LLM_Based-Mutation/tools/mutant/defects4j-2.1.0/framework/projects -Dbasedir=/data/cmd/Ming/llm-fl-apr/tmp/Jsoup_57-prompt_apr_3-ernie-3.5-128k -Dbuild.compiler=javac1.7  compile 2>&1\nJava HotSpot(TM) 64-Bit Server VM warning: ignoring option MaxPermSize=1G; support was removed in 8.0\nBuildfile: /data/cmd/Ming/LLM_Based-Mutation/tools/mutant/defects4j-2.1.0/framework/projects/defects4j.build.xml\n\ntest-offline:\n\nget-deps:\n\njsoup-from-maven.compile:\n    [mkdir] Created dir: /data/cmd/Ming/llm-fl-apr/tmp/Jsoup_57-prompt_apr_3-ernie-3.5-128k/target/classes\n    [javac] /data/cmd/Ming/llm-fl-apr/tmp/Jsoup_57-prompt_apr_3-ernie-3.5-128k/maven-build.xml:77: warning: 'includeantruntime' was not set, defaulting to build.sysclasspath=last; set to false for repeatable builds\n    [javac] Compiling 57 source files to /data/cmd/Ming/llm-fl-apr/tmp/Jsoup_57-prompt_apr_3-ernie-3.5-128k/target/classes\n    [javac] warning: [options] bootstrap class path not set in conjunction with -source 1.5\n    [javac] /data/cmd/Ming/llm-fl-apr/tmp/Jsoup_57-prompt_apr_3-ernie-3.5-128k/src/main/java/org/jsoup/nodes/Attributes.java:131: error: illegal start of expression\n    [javac]     public boolean hasKey(String key) {\n    [javac]     ^\n    [javac] /data/cmd/Ming/llm-fl-apr/tmp/Jsoup_57-prompt_apr_3-ernie-3.5-128k/src/main/java/org/jsoup/nodes/Attributes.java:131: error: ';' expected\n    [javac]     public boolean hasKey(String key) {\n    [javac]                          ^\n    [javac] /data/cmd/Ming/llm-fl-apr/tmp/Jsoup_57-prompt_apr_3-ernie-3.5-128k/src/main/java/org/jsoup/nodes/Attributes.java:131: error: ';' expected\n    [javac]     public boolean hasKey(String key) {\n    [javac]                                     ^\n    [javac] /data/cmd/Ming/llm-fl-apr/tmp/Jsoup_57-prompt_apr_3-ernie-3.5-128k/src/main/java/org/jsoup/nodes/Attributes.java:140: error: illegal start of expression\n    [javac]     public boolean hasKeyIgnoreCase(String key) {\n    [javac]     ^\n    [javac] /data/cmd/Ming/llm-fl-apr/tmp/Jsoup_57-prompt_apr_3-ernie-3.5-128k/src/main/java/org/jsoup/nodes/Attributes.java:140: error: ';' expected\n    [javac]     public boolean hasKeyIgnoreCase(String key) {\n    [javac]                                    ^\n    [javac] /data/cmd/Ming/llm-fl-apr/tmp/Jsoup_57-prompt_apr_3-ernie-3.5-128k/src/main/java/org/jsoup/nodes/Attributes.java:140: error: ';' expected\n    [javac]     public boolean hasKeyIgnoreCase(String key) {\n    [javac]                                               ^\n    [javac] /data/cmd/Ming/llm-fl-apr/tmp/Jsoup_57-prompt_apr_3-ernie-3.5-128k/src/main/java/org/jsoup/nodes/Attributes.java:154: error: illegal start of expression\n    [javac]     public int size() {\n    [javac]     ^\n    [javac] /data/cmd/Ming/llm-fl-apr/tmp/Jsoup_57-prompt_apr_3-ernie-3.5-128k/src/main/java/org/jsoup/nodes/Attributes.java:154: error: ';' expected\n    [javac]     public int size() {\n    [javac]                    ^\n    [javac] /data/cmd/Ming/llm-fl-apr/tmp/Jsoup_57-prompt_apr_3-ernie-3.5-128k/src/main/java/org/jsoup/nodes/Attributes.java:164: error: illegal start of expression\n    [javac]     public void addAll(Attributes incoming) {\n    [javac]     ^\n    [javac] /data/cmd/Ming/llm-fl-apr/tmp/Jsoup_57-prompt_apr_3-ernie-3.5-128k/src/main/java/org/jsoup/nodes/Attributes.java:164: error: illegal start of expression\n    [javac]     public void addAll(Attributes incoming) {\n    [javac]            ^\n    [javac] /data/cmd/Ming/llm-fl-apr/tmp/Jsoup_57-prompt_apr_3-ernie-3.5-128k/src/main/java/org/jsoup/nodes/Attributes.java:164: error: ';' expected\n    [javac]     public void addAll(Attributes incoming) {\n    [javac]                       ^\n    [javac] /data/cmd/Ming/llm-fl-apr/tmp/Jsoup_57-prompt_apr_3-ernie-3.5-128k/src/main/java/org/jsoup/nodes/Attributes.java:164: error: ';' expected\n    [javac]     public void addAll(Attributes incoming) {\n    [javac]                                           ^\n    [javac] /data/cmd/Ming/llm-fl-apr/tmp/Jsoup_57-prompt_apr_3-ernie-3.5-128k/src/main/java/org/jsoup/nodes/Attributes.java:172: error: illegal start of expression\n    [javac]     public Iterator<Attribute> iterator() {\n    [javac]     ^\n    [javac] /data/cmd/Ming/llm-fl-apr/tmp/Jsoup_57-prompt_apr_3-ernie-3.5-128k/src/main/java/org/jsoup/nodes/Attributes.java:172: error: ';' expected\n    [javac]     public Iterator<Attribute> iterator() {\n    [javac]                                        ^\n    [javac] /data/cmd/Ming/llm-fl-apr/tmp/Jsoup_57-prompt_apr_3-ernie-3.5-128k/src/main/java/org/jsoup/nodes/Attributes.java:185: error: illegal start of expression\n    [javac]     public List<Attribute> asList() {\n    [javac]     ^\n    [javac] /data/cmd/Ming/llm-fl-apr/tmp/Jsoup_57-prompt_apr_3-ernie-3.5-128k/src/main/java/org/jsoup/nodes/Attributes.java:185: error: ';' expected\n    [javac]     public List<Attribute> asList() {\n    [javac]                                  ^\n    [javac] /data/cmd/Ming/llm-fl-apr/tmp/Jsoup_57-prompt_apr_3-ernie-3.5-128k/src/main/java/org/jsoup/nodes/Attributes.java:201: error: illegal start of expression\n    [javac]     public Map<String, String> dataset() {\n    [javac]     ^\n    [javac] /data/cmd/Ming/llm-fl-apr/tmp/Jsoup_57-prompt_apr_3-ernie-3.5-128k/src/main/java/org/jsoup/nodes/Attributes.java:201: error: ';' expected\n    [javac]     public Map<String, String> dataset() {\n    [javac]                                       ^\n    [javac] /data/cmd/Ming/llm-fl-apr/tmp/Jsoup_57-prompt_apr_3-ernie-3.5-128k/src/main/java/org/jsoup/nodes/Attributes.java:210: error: illegal start of expression\n    [javac]     public String html() {\n    [javac]     ^\n    [javac] /data/cmd/Ming/llm-fl-apr/tmp/Jsoup_57-prompt_apr_3-ernie-3.5-128k/src/main/java/org/jsoup/nodes/Attributes.java:210: error: ';' expected\n    [javac]     public String html() {\n    [javac]                       ^\n    [javac] /data/cmd/Ming/llm-fl-apr/tmp/Jsoup_57-prompt_apr_3-ernie-3.5-128k/src/main/java/org/jsoup/nodes/Attributes.java:220: error: illegal start of expression\n    [javac]     void html(Appendable accum, Document.OutputSettings out) throws IOException {\n    [javac]     ^\n    [javac] /data/cmd/Ming/llm-fl-apr/tmp/Jsoup_57-prompt_apr_3-ernie-3.5-128k/src/main/java/org/jsoup/nodes/Attributes.java:220: error: ';' expected\n    [javac]     void html(Appendable accum, Document.OutputSettings out) throws IOException {\n    [javac]              ^\n    [javac] /data/cmd/Ming/llm-fl-apr/tmp/Jsoup_57-prompt_apr_3-ernie-3.5-128k/src/main/java/org/jsoup/nodes/Attributes.java:220: error: ';' expected\n    [javac]     void html(Appendable accum, Document.OutputSettings out) throws IOException {\n    [javac]                                         ^\n    [javac] /data/cmd/Ming/llm-fl-apr/tmp/Jsoup_57-prompt_apr_3-ernie-3.5-128k/src/main/java/org/jsoup/nodes/Attributes.java:220: error: ';' expected\n    [javac]     void html(Appendable accum, Document.OutputSettings out) throws IOException {\n    [javac]                                                            ^\n    [javac] /data/cmd/Ming/llm-fl-apr/tmp/Jsoup_57-prompt_apr_3-ernie-3.5-128k/src/main/java/org/jsoup/nodes/Attributes.java:220: error: not a statement\n    [javac]     void html(Appendable accum, Document.OutputSettings out) throws IOException {\n    [javac]                                                                     ^\n    [javac] /data/cmd/Ming/llm-fl-apr/tmp/Jsoup_57-prompt_apr_3-ernie-3.5-128k/src/main/java/org/jsoup/nodes/Attributes.java:220: error: ';' expected\n    [javac]     void html(Appendable accum, Document.OutputSettings out) throws IOException {\n    [javac]                                                                                ^\n    [javac] /data/cmd/Ming/llm-fl-apr/tmp/Jsoup_57-prompt_apr_3-ernie-3.5-128k/src/main/java/org/jsoup/nodes/Attributes.java:232: error: ';' expected\n    [javac]     public String toString() {\n    [javac]                           ^\n    [javac] /data/cmd/Ming/llm-fl-apr/tmp/Jsoup_57-prompt_apr_3-ernie-3.5-128k/src/main/java/org/jsoup/nodes/Attributes.java:242: error: ';' expected\n    [javac]     public boolean equals(Object o) {\n    [javac]                          ^\n    [javac] /data/cmd/Ming/llm-fl-apr/tmp/Jsoup_57-prompt_apr_3-ernie-3.5-128k/src/main/java/org/jsoup/nodes/Attributes.java:242: error: ';' expected\n    [javac]     public boolean equals(Object o) {\n    [javac]                                   ^\n    [javac] /data/cmd/Ming/llm-fl-apr/tmp/Jsoup_57-prompt_apr_3-ernie-3.5-128k/src/main/java/org/jsoup/nodes/Attributes.java:256: error: ';' expected\n    [javac]     public int hashCode() {\n    [javac]                        ^\n    [javac] /data/cmd/Ming/llm-fl-apr/tmp/Jsoup_57-prompt_apr_3-ernie-3.5-128k/src/main/java/org/jsoup/nodes/Attributes.java:261: error: ';' expected\n    [javac]     public Attributes clone() {\n    [javac]                            ^\n    [javac] /data/cmd/Ming/llm-fl-apr/tmp/Jsoup_57-prompt_apr_3-ernie-3.5-128k/src/main/java/org/jsoup/nodes/Attributes.java:277: error: illegal start of expression\n    [javac]     private class Dataset extends AbstractMap<String, String> {\n    [javac]     ^\n    [javac] /data/cmd/Ming/llm-fl-apr/tmp/Jsoup_57-prompt_apr_3-ernie-3.5-128k/src/main/java/org/jsoup/nodes/Attributes.java:336: error: illegal start of expression\n    [javac]     private static String dataKey(String key) {\n    [javac]     ^\n    [javac] /data/cmd/Ming/llm-fl-apr/tmp/Jsoup_57-prompt_apr_3-ernie-3.5-128k/src/main/java/org/jsoup/nodes/Attributes.java:336: error: illegal start of expression\n    [javac]     private static String dataKey(String key) {\n    [javac]             ^\n    [javac] /data/cmd/Ming/llm-fl-apr/tmp/Jsoup_57-prompt_apr_3-ernie-3.5-128k/src/main/java/org/jsoup/nodes/Attributes.java:336: error: ';' expected\n    [javac]     private static String dataKey(String key) {\n    [javac]                          ^\n    [javac] /data/cmd/Ming/llm-fl-apr/tmp/Jsoup_57-prompt_apr_3-ernie-3.5-128k/src/main/java/org/jsoup/nodes/Attributes.java:336: error: ')' expected\n    [javac]     private static String dataKey(String key) {\n    [javac]                                         ^\n    [javac] /data/cmd/Ming/llm-fl-apr/tmp/Jsoup_57-prompt_apr_3-ernie-3.5-128k/src/main/java/org/jsoup/nodes/Attributes.java:336: error: illegal start of expression\n    [javac]     private static String dataKey(String key) {\n    [javac]                                             ^\n    [javac] /data/cmd/Ming/llm-fl-apr/tmp/Jsoup_57-prompt_apr_3-ernie-3.5-128k/src/main/java/org/jsoup/nodes/Attributes.java:336: error: ';' expected\n    [javac]     private static String dataKey(String key) {\n    [javac]                                              ^\n    [javac] /data/cmd/Ming/llm-fl-apr/tmp/Jsoup_57-prompt_apr_3-ernie-3.5-128k/src/main/java/org/jsoup/nodes/Attributes.java:339: error: reached end of file while parsing\n    [javac] }\n    [javac]  ^\n    [javac] 39 errors\n    [javac] 1 warning\n\nBUILD FAILED\n/data/cmd/Ming/llm-fl-apr/tmp/Jsoup_57-prompt_apr_3-ernie-3.5-128k/maven-build.xml:77: Compile failed; see the compiler error output for details.\n\nTotal time: 2 seconds\nCannot compile sources! at /data/cmd/Ming/LLM_Based-Mutation/tools/mutant/defects4j-2.1.0/framework/bin/d4j/d4j-compile line 82.\nCompilation failed in require at /data/cmd/Ming/LLM_Based-Mutation/tools/mutant/defects4j-2.1.0/framework/bin/defects4j line 195.\n"
                }
            },
            "qwen-turbo": {
                "compile": {
                    "rc": 1,
                    "so": "",
                    "se": "Running ant (compile)...................................................... FAIL\nExecuted command:  cd /data/cmd/Ming/llm-fl-apr/tmp/Jsoup_57-prompt_apr_3-qwen-turbo && /data/cmd/Ming/LLM_Based-Mutation/tools/mutant/defects4j-2.1.0/major/bin/ant -f /data/cmd/Ming/LLM_Based-Mutation/tools/mutant/defects4j-2.1.0/framework/projects/defects4j.build.xml -Dd4j.home=/data/cmd/Ming/LLM_Based-Mutation/tools/mutant/defects4j-2.1.0 -Dd4j.dir.projects=/data/cmd/Ming/LLM_Based-Mutation/tools/mutant/defects4j-2.1.0/framework/projects -Dbasedir=/data/cmd/Ming/llm-fl-apr/tmp/Jsoup_57-prompt_apr_3-qwen-turbo -Dbuild.compiler=javac1.7  compile 2>&1\nJava HotSpot(TM) 64-Bit Server VM warning: ignoring option MaxPermSize=1G; support was removed in 8.0\nBuildfile: /data/cmd/Ming/LLM_Based-Mutation/tools/mutant/defects4j-2.1.0/framework/projects/defects4j.build.xml\n\ntest-offline:\n\nget-deps:\n\njsoup-from-maven.compile:\n    [mkdir] Created dir: /data/cmd/Ming/llm-fl-apr/tmp/Jsoup_57-prompt_apr_3-qwen-turbo/target/classes\n    [javac] /data/cmd/Ming/llm-fl-apr/tmp/Jsoup_57-prompt_apr_3-qwen-turbo/maven-build.xml:77: warning: 'includeantruntime' was not set, defaulting to build.sysclasspath=last; set to false for repeatable builds\n    [javac] Compiling 57 source files to /data/cmd/Ming/llm-fl-apr/tmp/Jsoup_57-prompt_apr_3-qwen-turbo/target/classes\n    [javac] warning: [options] bootstrap class path not set in conjunction with -source 1.5\n    [javac] /data/cmd/Ming/llm-fl-apr/tmp/Jsoup_57-prompt_apr_3-qwen-turbo/src/main/java/org/jsoup/nodes/Attributes.java:118: error: illegal character: \\96\n    [javac] ```java\n    [javac] ^\n    [javac] /data/cmd/Ming/llm-fl-apr/tmp/Jsoup_57-prompt_apr_3-qwen-turbo/src/main/java/org/jsoup/nodes/Attributes.java:118: error: illegal character: \\96\n    [javac] ```java\n    [javac]  ^\n    [javac] /data/cmd/Ming/llm-fl-apr/tmp/Jsoup_57-prompt_apr_3-qwen-turbo/src/main/java/org/jsoup/nodes/Attributes.java:118: error: illegal character: \\96\n    [javac] ```java\n    [javac]   ^\n    [javac] /data/cmd/Ming/llm-fl-apr/tmp/Jsoup_57-prompt_apr_3-qwen-turbo/src/main/java/org/jsoup/nodes/Attributes.java:127: error: illegal character: \\96\n    [javac] ```\n    [javac] ^\n    [javac] /data/cmd/Ming/llm-fl-apr/tmp/Jsoup_57-prompt_apr_3-qwen-turbo/src/main/java/org/jsoup/nodes/Attributes.java:127: error: illegal character: \\96\n    [javac] ```\n    [javac]  ^\n    [javac] /data/cmd/Ming/llm-fl-apr/tmp/Jsoup_57-prompt_apr_3-qwen-turbo/src/main/java/org/jsoup/nodes/Attributes.java:127: error: illegal character: \\96\n    [javac] ```\n    [javac]   ^\n    [javac] /data/cmd/Ming/llm-fl-apr/tmp/Jsoup_57-prompt_apr_3-qwen-turbo/src/main/java/org/jsoup/nodes/Attributes.java:133: error: illegal start of expression\n    [javac]     public boolean hasKey(String key) {\n    [javac]     ^\n    [javac] /data/cmd/Ming/llm-fl-apr/tmp/Jsoup_57-prompt_apr_3-qwen-turbo/src/main/java/org/jsoup/nodes/Attributes.java:133: error: ';' expected\n    [javac]     public boolean hasKey(String key) {\n    [javac]           ^\n    [javac] /data/cmd/Ming/llm-fl-apr/tmp/Jsoup_57-prompt_apr_3-qwen-turbo/src/main/java/org/jsoup/nodes/Attributes.java:133: error: ')' expected\n    [javac]     public boolean hasKey(String key) {\n    [javac]                                 ^\n    [javac] /data/cmd/Ming/llm-fl-apr/tmp/Jsoup_57-prompt_apr_3-qwen-turbo/src/main/java/org/jsoup/nodes/Attributes.java:133: error: illegal start of expression\n    [javac]     public boolean hasKey(String key) {\n    [javac]                                     ^\n    [javac] /data/cmd/Ming/llm-fl-apr/tmp/Jsoup_57-prompt_apr_3-qwen-turbo/src/main/java/org/jsoup/nodes/Attributes.java:133: error: ';' expected\n    [javac]     public boolean hasKey(String key) {\n    [javac]                                      ^\n    [javac] /data/cmd/Ming/llm-fl-apr/tmp/Jsoup_57-prompt_apr_3-qwen-turbo/src/main/java/org/jsoup/nodes/Attributes.java:142: error: illegal start of expression\n    [javac]     public boolean hasKeyIgnoreCase(String key) {\n    [javac]     ^\n    [javac] /data/cmd/Ming/llm-fl-apr/tmp/Jsoup_57-prompt_apr_3-qwen-turbo/src/main/java/org/jsoup/nodes/Attributes.java:142: error: ';' expected\n    [javac]     public boolean hasKeyIgnoreCase(String key) {\n    [javac]                                    ^\n    [javac] /data/cmd/Ming/llm-fl-apr/tmp/Jsoup_57-prompt_apr_3-qwen-turbo/src/main/java/org/jsoup/nodes/Attributes.java:142: error: ';' expected\n    [javac]     public boolean hasKeyIgnoreCase(String key) {\n    [javac]                                               ^\n    [javac] /data/cmd/Ming/llm-fl-apr/tmp/Jsoup_57-prompt_apr_3-qwen-turbo/src/main/java/org/jsoup/nodes/Attributes.java:156: error: illegal start of expression\n    [javac]     public int size() {\n    [javac]     ^\n    [javac] /data/cmd/Ming/llm-fl-apr/tmp/Jsoup_57-prompt_apr_3-qwen-turbo/src/main/java/org/jsoup/nodes/Attributes.java:156: error: ';' expected\n    [javac]     public int size() {\n    [javac]                    ^\n    [javac] /data/cmd/Ming/llm-fl-apr/tmp/Jsoup_57-prompt_apr_3-qwen-turbo/src/main/java/org/jsoup/nodes/Attributes.java:166: error: illegal start of expression\n    [javac]     public void addAll(Attributes incoming) {\n    [javac]     ^\n    [javac] /data/cmd/Ming/llm-fl-apr/tmp/Jsoup_57-prompt_apr_3-qwen-turbo/src/main/java/org/jsoup/nodes/Attributes.java:166: error: illegal start of expression\n    [javac]     public void addAll(Attributes incoming) {\n    [javac]            ^\n    [javac] /data/cmd/Ming/llm-fl-apr/tmp/Jsoup_57-prompt_apr_3-qwen-turbo/src/main/java/org/jsoup/nodes/Attributes.java:166: error: ';' expected\n    [javac]     public void addAll(Attributes incoming) {\n    [javac]                       ^\n    [javac] /data/cmd/Ming/llm-fl-apr/tmp/Jsoup_57-prompt_apr_3-qwen-turbo/src/main/java/org/jsoup/nodes/Attributes.java:166: error: ';' expected\n    [javac]     public void addAll(Attributes incoming) {\n    [javac]                                           ^\n    [javac] /data/cmd/Ming/llm-fl-apr/tmp/Jsoup_57-prompt_apr_3-qwen-turbo/src/main/java/org/jsoup/nodes/Attributes.java:174: error: illegal start of expression\n    [javac]     public Iterator<Attribute> iterator() {\n    [javac]     ^\n    [javac] /data/cmd/Ming/llm-fl-apr/tmp/Jsoup_57-prompt_apr_3-qwen-turbo/src/main/java/org/jsoup/nodes/Attributes.java:174: error: ';' expected\n    [javac]     public Iterator<Attribute> iterator() {\n    [javac]                                        ^\n    [javac] /data/cmd/Ming/llm-fl-apr/tmp/Jsoup_57-prompt_apr_3-qwen-turbo/src/main/java/org/jsoup/nodes/Attributes.java:187: error: illegal start of expression\n    [javac]     public List<Attribute> asList() {\n    [javac]     ^\n    [javac] /data/cmd/Ming/llm-fl-apr/tmp/Jsoup_57-prompt_apr_3-qwen-turbo/src/main/java/org/jsoup/nodes/Attributes.java:187: error: ';' expected\n    [javac]     public List<Attribute> asList() {\n    [javac]                                  ^\n    [javac] /data/cmd/Ming/llm-fl-apr/tmp/Jsoup_57-prompt_apr_3-qwen-turbo/src/main/java/org/jsoup/nodes/Attributes.java:203: error: illegal start of expression\n    [javac]     public Map<String, String> dataset() {\n    [javac]     ^\n    [javac] /data/cmd/Ming/llm-fl-apr/tmp/Jsoup_57-prompt_apr_3-qwen-turbo/src/main/java/org/jsoup/nodes/Attributes.java:203: error: ';' expected\n    [javac]     public Map<String, String> dataset() {\n    [javac]                                       ^\n    [javac] /data/cmd/Ming/llm-fl-apr/tmp/Jsoup_57-prompt_apr_3-qwen-turbo/src/main/java/org/jsoup/nodes/Attributes.java:212: error: illegal start of expression\n    [javac]     public String html() {\n    [javac]     ^\n    [javac] /data/cmd/Ming/llm-fl-apr/tmp/Jsoup_57-prompt_apr_3-qwen-turbo/src/main/java/org/jsoup/nodes/Attributes.java:212: error: ';' expected\n    [javac]     public String html() {\n    [javac]                       ^\n    [javac] /data/cmd/Ming/llm-fl-apr/tmp/Jsoup_57-prompt_apr_3-qwen-turbo/src/main/java/org/jsoup/nodes/Attributes.java:222: error: illegal start of expression\n    [javac]     void html(Appendable accum, Document.OutputSettings out) throws IOException {\n    [javac]     ^\n    [javac] /data/cmd/Ming/llm-fl-apr/tmp/Jsoup_57-prompt_apr_3-qwen-turbo/src/main/java/org/jsoup/nodes/Attributes.java:222: error: ';' expected\n    [javac]     void html(Appendable accum, Document.OutputSettings out) throws IOException {\n    [javac]              ^\n    [javac] /data/cmd/Ming/llm-fl-apr/tmp/Jsoup_57-prompt_apr_3-qwen-turbo/src/main/java/org/jsoup/nodes/Attributes.java:222: error: ';' expected\n    [javac]     void html(Appendable accum, Document.OutputSettings out) throws IOException {\n    [javac]                                         ^\n    [javac] /data/cmd/Ming/llm-fl-apr/tmp/Jsoup_57-prompt_apr_3-qwen-turbo/src/main/java/org/jsoup/nodes/Attributes.java:222: error: ';' expected\n    [javac]     void html(Appendable accum, Document.OutputSettings out) throws IOException {\n    [javac]                                                            ^\n    [javac] /data/cmd/Ming/llm-fl-apr/tmp/Jsoup_57-prompt_apr_3-qwen-turbo/src/main/java/org/jsoup/nodes/Attributes.java:222: error: not a statement\n    [javac]     void html(Appendable accum, Document.OutputSettings out) throws IOException {\n    [javac]                                                                     ^\n    [javac] /data/cmd/Ming/llm-fl-apr/tmp/Jsoup_57-prompt_apr_3-qwen-turbo/src/main/java/org/jsoup/nodes/Attributes.java:222: error: ';' expected\n    [javac]     void html(Appendable accum, Document.OutputSettings out) throws IOException {\n    [javac]                                                                                ^\n    [javac] /data/cmd/Ming/llm-fl-apr/tmp/Jsoup_57-prompt_apr_3-qwen-turbo/src/main/java/org/jsoup/nodes/Attributes.java:234: error: ';' expected\n    [javac]     public String toString() {\n    [javac]                           ^\n    [javac] /data/cmd/Ming/llm-fl-apr/tmp/Jsoup_57-prompt_apr_3-qwen-turbo/src/main/java/org/jsoup/nodes/Attributes.java:244: error: ';' expected\n    [javac]     public boolean equals(Object o) {\n    [javac]                          ^\n    [javac] /data/cmd/Ming/llm-fl-apr/tmp/Jsoup_57-prompt_apr_3-qwen-turbo/src/main/java/org/jsoup/nodes/Attributes.java:244: error: ';' expected\n    [javac]     public boolean equals(Object o) {\n    [javac]                                   ^\n    [javac] /data/cmd/Ming/llm-fl-apr/tmp/Jsoup_57-prompt_apr_3-qwen-turbo/src/main/java/org/jsoup/nodes/Attributes.java:258: error: ';' expected\n    [javac]     public int hashCode() {\n    [javac]                        ^\n    [javac] /data/cmd/Ming/llm-fl-apr/tmp/Jsoup_57-prompt_apr_3-qwen-turbo/src/main/java/org/jsoup/nodes/Attributes.java:263: error: ';' expected\n    [javac]     public Attributes clone() {\n    [javac]                            ^\n    [javac] /data/cmd/Ming/llm-fl-apr/tmp/Jsoup_57-prompt_apr_3-qwen-turbo/src/main/java/org/jsoup/nodes/Attributes.java:279: error: illegal start of expression\n    [javac]     private class Dataset extends AbstractMap<String, String> {\n    [javac]     ^\n    [javac] /data/cmd/Ming/llm-fl-apr/tmp/Jsoup_57-prompt_apr_3-qwen-turbo/src/main/java/org/jsoup/nodes/Attributes.java:338: error: illegal start of expression\n    [javac]     private static String dataKey(String key) {\n    [javac]     ^\n    [javac] /data/cmd/Ming/llm-fl-apr/tmp/Jsoup_57-prompt_apr_3-qwen-turbo/src/main/java/org/jsoup/nodes/Attributes.java:338: error: illegal start of expression\n    [javac]     private static String dataKey(String key) {\n    [javac]             ^\n    [javac] /data/cmd/Ming/llm-fl-apr/tmp/Jsoup_57-prompt_apr_3-qwen-turbo/src/main/java/org/jsoup/nodes/Attributes.java:338: error: ';' expected\n    [javac]     private static String dataKey(String key) {\n    [javac]                          ^\n    [javac] /data/cmd/Ming/llm-fl-apr/tmp/Jsoup_57-prompt_apr_3-qwen-turbo/src/main/java/org/jsoup/nodes/Attributes.java:338: error: ')' expected\n    [javac]     private static String dataKey(String key) {\n    [javac]                                         ^\n    [javac] /data/cmd/Ming/llm-fl-apr/tmp/Jsoup_57-prompt_apr_3-qwen-turbo/src/main/java/org/jsoup/nodes/Attributes.java:338: error: illegal start of expression\n    [javac]     private static String dataKey(String key) {\n    [javac]                                             ^\n    [javac] /data/cmd/Ming/llm-fl-apr/tmp/Jsoup_57-prompt_apr_3-qwen-turbo/src/main/java/org/jsoup/nodes/Attributes.java:338: error: ';' expected\n    [javac]     private static String dataKey(String key) {\n    [javac]                                              ^\n    [javac] 46 errors\n    [javac] 1 warning\n\nBUILD FAILED\n/data/cmd/Ming/llm-fl-apr/tmp/Jsoup_57-prompt_apr_3-qwen-turbo/maven-build.xml:77: Compile failed; see the compiler error output for details.\n\nTotal time: 2 seconds\nCannot compile sources! at /data/cmd/Ming/LLM_Based-Mutation/tools/mutant/defects4j-2.1.0/framework/bin/d4j/d4j-compile line 82.\nCompilation failed in require at /data/cmd/Ming/LLM_Based-Mutation/tools/mutant/defects4j-2.1.0/framework/bin/defects4j line 195.\n"
                }
            },
            "doubao-pro-4k": {
                "compile": {
                    "rc": 0,
                    "so": "",
                    "se": "Running ant (compile)...................................................... OK\nRunning ant (compile.tests)................................................ OK\n"
                },
                "test": {
                    "rc": 0,
                    "so": "Failing tests: 0\n",
                    "se": "Running ant (compile.tests)................................................ OK\nRunning ant (run.dev.tests)................................................ OK\n"
                }
            },
            "gpt-4o-mini": {
                "compile": {
                    "rc": 1,
                    "so": "",
                    "se": "Running ant (compile)...................................................... FAIL\nExecuted command:  cd /data/cmd/Ming/llm-fl-apr/tmp/Jsoup_57-prompt_apr_3-gpt-4o-mini && /data/cmd/Ming/LLM_Based-Mutation/tools/mutant/defects4j-2.1.0/major/bin/ant -f /data/cmd/Ming/LLM_Based-Mutation/tools/mutant/defects4j-2.1.0/framework/projects/defects4j.build.xml -Dd4j.home=/data/cmd/Ming/LLM_Based-Mutation/tools/mutant/defects4j-2.1.0 -Dd4j.dir.projects=/data/cmd/Ming/LLM_Based-Mutation/tools/mutant/defects4j-2.1.0/framework/projects -Dbasedir=/data/cmd/Ming/llm-fl-apr/tmp/Jsoup_57-prompt_apr_3-gpt-4o-mini -Dbuild.compiler=javac1.7  compile 2>&1\nJava HotSpot(TM) 64-Bit Server VM warning: ignoring option MaxPermSize=1G; support was removed in 8.0\nBuildfile: /data/cmd/Ming/LLM_Based-Mutation/tools/mutant/defects4j-2.1.0/framework/projects/defects4j.build.xml\n\ntest-offline:\n\nget-deps:\n\njsoup-from-maven.compile:\n    [mkdir] Created dir: /data/cmd/Ming/llm-fl-apr/tmp/Jsoup_57-prompt_apr_3-gpt-4o-mini/target/classes\n    [javac] /data/cmd/Ming/llm-fl-apr/tmp/Jsoup_57-prompt_apr_3-gpt-4o-mini/maven-build.xml:77: warning: 'includeantruntime' was not set, defaulting to build.sysclasspath=last; set to false for repeatable builds\n    [javac] Compiling 57 source files to /data/cmd/Ming/llm-fl-apr/tmp/Jsoup_57-prompt_apr_3-gpt-4o-mini/target/classes\n    [javac] warning: [options] bootstrap class path not set in conjunction with -source 1.5\n    [javac] /data/cmd/Ming/llm-fl-apr/tmp/Jsoup_57-prompt_apr_3-gpt-4o-mini/src/main/java/org/jsoup/nodes/Attributes.java:131: error: illegal start of expression\n    [javac]     public boolean hasKey(String key) {\n    [javac]     ^\n    [javac] /data/cmd/Ming/llm-fl-apr/tmp/Jsoup_57-prompt_apr_3-gpt-4o-mini/src/main/java/org/jsoup/nodes/Attributes.java:131: error: ';' expected\n    [javac]     public boolean hasKey(String key) {\n    [javac]                          ^\n    [javac] /data/cmd/Ming/llm-fl-apr/tmp/Jsoup_57-prompt_apr_3-gpt-4o-mini/src/main/java/org/jsoup/nodes/Attributes.java:131: error: ';' expected\n    [javac]     public boolean hasKey(String key) {\n    [javac]                                     ^\n    [javac] /data/cmd/Ming/llm-fl-apr/tmp/Jsoup_57-prompt_apr_3-gpt-4o-mini/src/main/java/org/jsoup/nodes/Attributes.java:140: error: illegal start of expression\n    [javac]     public boolean hasKeyIgnoreCase(String key) {\n    [javac]     ^\n    [javac] /data/cmd/Ming/llm-fl-apr/tmp/Jsoup_57-prompt_apr_3-gpt-4o-mini/src/main/java/org/jsoup/nodes/Attributes.java:140: error: ';' expected\n    [javac]     public boolean hasKeyIgnoreCase(String key) {\n    [javac]                                    ^\n    [javac] /data/cmd/Ming/llm-fl-apr/tmp/Jsoup_57-prompt_apr_3-gpt-4o-mini/src/main/java/org/jsoup/nodes/Attributes.java:140: error: ';' expected\n    [javac]     public boolean hasKeyIgnoreCase(String key) {\n    [javac]                                               ^\n    [javac] /data/cmd/Ming/llm-fl-apr/tmp/Jsoup_57-prompt_apr_3-gpt-4o-mini/src/main/java/org/jsoup/nodes/Attributes.java:154: error: illegal start of expression\n    [javac]     public int size() {\n    [javac]     ^\n    [javac] /data/cmd/Ming/llm-fl-apr/tmp/Jsoup_57-prompt_apr_3-gpt-4o-mini/src/main/java/org/jsoup/nodes/Attributes.java:154: error: ';' expected\n    [javac]     public int size() {\n    [javac]                    ^\n    [javac] /data/cmd/Ming/llm-fl-apr/tmp/Jsoup_57-prompt_apr_3-gpt-4o-mini/src/main/java/org/jsoup/nodes/Attributes.java:164: error: illegal start of expression\n    [javac]     public void addAll(Attributes incoming) {\n    [javac]     ^\n    [javac] /data/cmd/Ming/llm-fl-apr/tmp/Jsoup_57-prompt_apr_3-gpt-4o-mini/src/main/java/org/jsoup/nodes/Attributes.java:164: error: illegal start of expression\n    [javac]     public void addAll(Attributes incoming) {\n    [javac]            ^\n    [javac] /data/cmd/Ming/llm-fl-apr/tmp/Jsoup_57-prompt_apr_3-gpt-4o-mini/src/main/java/org/jsoup/nodes/Attributes.java:164: error: ';' expected\n    [javac]     public void addAll(Attributes incoming) {\n    [javac]                       ^\n    [javac] /data/cmd/Ming/llm-fl-apr/tmp/Jsoup_57-prompt_apr_3-gpt-4o-mini/src/main/java/org/jsoup/nodes/Attributes.java:164: error: ';' expected\n    [javac]     public void addAll(Attributes incoming) {\n    [javac]                                           ^\n    [javac] /data/cmd/Ming/llm-fl-apr/tmp/Jsoup_57-prompt_apr_3-gpt-4o-mini/src/main/java/org/jsoup/nodes/Attributes.java:172: error: illegal start of expression\n    [javac]     public Iterator<Attribute> iterator() {\n    [javac]     ^\n    [javac] /data/cmd/Ming/llm-fl-apr/tmp/Jsoup_57-prompt_apr_3-gpt-4o-mini/src/main/java/org/jsoup/nodes/Attributes.java:172: error: ';' expected\n    [javac]     public Iterator<Attribute> iterator() {\n    [javac]                                        ^\n    [javac] /data/cmd/Ming/llm-fl-apr/tmp/Jsoup_57-prompt_apr_3-gpt-4o-mini/src/main/java/org/jsoup/nodes/Attributes.java:185: error: illegal start of expression\n    [javac]     public List<Attribute> asList() {\n    [javac]     ^\n    [javac] /data/cmd/Ming/llm-fl-apr/tmp/Jsoup_57-prompt_apr_3-gpt-4o-mini/src/main/java/org/jsoup/nodes/Attributes.java:185: error: ';' expected\n    [javac]     public List<Attribute> asList() {\n    [javac]                                  ^\n    [javac] /data/cmd/Ming/llm-fl-apr/tmp/Jsoup_57-prompt_apr_3-gpt-4o-mini/src/main/java/org/jsoup/nodes/Attributes.java:201: error: illegal start of expression\n    [javac]     public Map<String, String> dataset() {\n    [javac]     ^\n    [javac] /data/cmd/Ming/llm-fl-apr/tmp/Jsoup_57-prompt_apr_3-gpt-4o-mini/src/main/java/org/jsoup/nodes/Attributes.java:201: error: ';' expected\n    [javac]     public Map<String, String> dataset() {\n    [javac]                                       ^\n    [javac] /data/cmd/Ming/llm-fl-apr/tmp/Jsoup_57-prompt_apr_3-gpt-4o-mini/src/main/java/org/jsoup/nodes/Attributes.java:210: error: illegal start of expression\n    [javac]     public String html() {\n    [javac]     ^\n    [javac] /data/cmd/Ming/llm-fl-apr/tmp/Jsoup_57-prompt_apr_3-gpt-4o-mini/src/main/java/org/jsoup/nodes/Attributes.java:210: error: ';' expected\n    [javac]     public String html() {\n    [javac]                       ^\n    [javac] /data/cmd/Ming/llm-fl-apr/tmp/Jsoup_57-prompt_apr_3-gpt-4o-mini/src/main/java/org/jsoup/nodes/Attributes.java:220: error: illegal start of expression\n    [javac]     void html(Appendable accum, Document.OutputSettings out) throws IOException {\n    [javac]     ^\n    [javac] /data/cmd/Ming/llm-fl-apr/tmp/Jsoup_57-prompt_apr_3-gpt-4o-mini/src/main/java/org/jsoup/nodes/Attributes.java:220: error: ';' expected\n    [javac]     void html(Appendable accum, Document.OutputSettings out) throws IOException {\n    [javac]              ^\n    [javac] /data/cmd/Ming/llm-fl-apr/tmp/Jsoup_57-prompt_apr_3-gpt-4o-mini/src/main/java/org/jsoup/nodes/Attributes.java:220: error: ';' expected\n    [javac]     void html(Appendable accum, Document.OutputSettings out) throws IOException {\n    [javac]                                         ^\n    [javac] /data/cmd/Ming/llm-fl-apr/tmp/Jsoup_57-prompt_apr_3-gpt-4o-mini/src/main/java/org/jsoup/nodes/Attributes.java:220: error: ';' expected\n    [javac]     void html(Appendable accum, Document.OutputSettings out) throws IOException {\n    [javac]                                                            ^\n    [javac] /data/cmd/Ming/llm-fl-apr/tmp/Jsoup_57-prompt_apr_3-gpt-4o-mini/src/main/java/org/jsoup/nodes/Attributes.java:220: error: not a statement\n    [javac]     void html(Appendable accum, Document.OutputSettings out) throws IOException {\n    [javac]                                                                     ^\n    [javac] /data/cmd/Ming/llm-fl-apr/tmp/Jsoup_57-prompt_apr_3-gpt-4o-mini/src/main/java/org/jsoup/nodes/Attributes.java:220: error: ';' expected\n    [javac]     void html(Appendable accum, Document.OutputSettings out) throws IOException {\n    [javac]                                                                                ^\n    [javac] /data/cmd/Ming/llm-fl-apr/tmp/Jsoup_57-prompt_apr_3-gpt-4o-mini/src/main/java/org/jsoup/nodes/Attributes.java:232: error: ';' expected\n    [javac]     public String toString() {\n    [javac]                           ^\n    [javac] /data/cmd/Ming/llm-fl-apr/tmp/Jsoup_57-prompt_apr_3-gpt-4o-mini/src/main/java/org/jsoup/nodes/Attributes.java:242: error: ';' expected\n    [javac]     public boolean equals(Object o) {\n    [javac]                          ^\n    [javac] /data/cmd/Ming/llm-fl-apr/tmp/Jsoup_57-prompt_apr_3-gpt-4o-mini/src/main/java/org/jsoup/nodes/Attributes.java:242: error: ';' expected\n    [javac]     public boolean equals(Object o) {\n    [javac]                                   ^\n    [javac] /data/cmd/Ming/llm-fl-apr/tmp/Jsoup_57-prompt_apr_3-gpt-4o-mini/src/main/java/org/jsoup/nodes/Attributes.java:256: error: ';' expected\n    [javac]     public int hashCode() {\n    [javac]                        ^\n    [javac] /data/cmd/Ming/llm-fl-apr/tmp/Jsoup_57-prompt_apr_3-gpt-4o-mini/src/main/java/org/jsoup/nodes/Attributes.java:261: error: ';' expected\n    [javac]     public Attributes clone() {\n    [javac]                            ^\n    [javac] /data/cmd/Ming/llm-fl-apr/tmp/Jsoup_57-prompt_apr_3-gpt-4o-mini/src/main/java/org/jsoup/nodes/Attributes.java:277: error: illegal start of expression\n    [javac]     private class Dataset extends AbstractMap<String, String> {\n    [javac]     ^\n    [javac] /data/cmd/Ming/llm-fl-apr/tmp/Jsoup_57-prompt_apr_3-gpt-4o-mini/src/main/java/org/jsoup/nodes/Attributes.java:336: error: illegal start of expression\n    [javac]     private static String dataKey(String key) {\n    [javac]     ^\n    [javac] /data/cmd/Ming/llm-fl-apr/tmp/Jsoup_57-prompt_apr_3-gpt-4o-mini/src/main/java/org/jsoup/nodes/Attributes.java:336: error: illegal start of expression\n    [javac]     private static String dataKey(String key) {\n    [javac]             ^\n    [javac] /data/cmd/Ming/llm-fl-apr/tmp/Jsoup_57-prompt_apr_3-gpt-4o-mini/src/main/java/org/jsoup/nodes/Attributes.java:336: error: ';' expected\n    [javac]     private static String dataKey(String key) {\n    [javac]                          ^\n    [javac] /data/cmd/Ming/llm-fl-apr/tmp/Jsoup_57-prompt_apr_3-gpt-4o-mini/src/main/java/org/jsoup/nodes/Attributes.java:336: error: ')' expected\n    [javac]     private static String dataKey(String key) {\n    [javac]                                         ^\n    [javac] /data/cmd/Ming/llm-fl-apr/tmp/Jsoup_57-prompt_apr_3-gpt-4o-mini/src/main/java/org/jsoup/nodes/Attributes.java:336: error: illegal start of expression\n    [javac]     private static String dataKey(String key) {\n    [javac]                                             ^\n    [javac] /data/cmd/Ming/llm-fl-apr/tmp/Jsoup_57-prompt_apr_3-gpt-4o-mini/src/main/java/org/jsoup/nodes/Attributes.java:336: error: ';' expected\n    [javac]     private static String dataKey(String key) {\n    [javac]                                              ^\n    [javac] /data/cmd/Ming/llm-fl-apr/tmp/Jsoup_57-prompt_apr_3-gpt-4o-mini/src/main/java/org/jsoup/nodes/Attributes.java:339: error: reached end of file while parsing\n    [javac] }\n    [javac]  ^\n    [javac] 39 errors\n    [javac] 1 warning\n\nBUILD FAILED\n/data/cmd/Ming/llm-fl-apr/tmp/Jsoup_57-prompt_apr_3-gpt-4o-mini/maven-build.xml:77: Compile failed; see the compiler error output for details.\n\nTotal time: 2 seconds\nCannot compile sources! at /data/cmd/Ming/LLM_Based-Mutation/tools/mutant/defects4j-2.1.0/framework/bin/d4j/d4j-compile line 82.\nCompilation failed in require at /data/cmd/Ming/LLM_Based-Mutation/tools/mutant/defects4j-2.1.0/framework/bin/defects4j line 195.\n"
                }
            },
            "deepseek-chat": {
                "compile": {
                    "rc": 1,
                    "so": "",
                    "se": "Running ant (compile)...................................................... FAIL\nExecuted command:  cd /data/cmd/Ming/llm-fl-apr/tmp/Jsoup_57-prompt_apr_3-deepseek-chat && /data/cmd/Ming/LLM_Based-Mutation/tools/mutant/defects4j-2.1.0/major/bin/ant -f /data/cmd/Ming/LLM_Based-Mutation/tools/mutant/defects4j-2.1.0/framework/projects/defects4j.build.xml -Dd4j.home=/data/cmd/Ming/LLM_Based-Mutation/tools/mutant/defects4j-2.1.0 -Dd4j.dir.projects=/data/cmd/Ming/LLM_Based-Mutation/tools/mutant/defects4j-2.1.0/framework/projects -Dbasedir=/data/cmd/Ming/llm-fl-apr/tmp/Jsoup_57-prompt_apr_3-deepseek-chat -Dbuild.compiler=javac1.7  compile 2>&1\nJava HotSpot(TM) 64-Bit Server VM warning: ignoring option MaxPermSize=1G; support was removed in 8.0\nBuildfile: /data/cmd/Ming/LLM_Based-Mutation/tools/mutant/defects4j-2.1.0/framework/projects/defects4j.build.xml\n\ntest-offline:\n\nget-deps:\n\njsoup-from-maven.compile:\n    [mkdir] Created dir: /data/cmd/Ming/llm-fl-apr/tmp/Jsoup_57-prompt_apr_3-deepseek-chat/target/classes\n    [javac] /data/cmd/Ming/llm-fl-apr/tmp/Jsoup_57-prompt_apr_3-deepseek-chat/maven-build.xml:77: warning: 'includeantruntime' was not set, defaulting to build.sysclasspath=last; set to false for repeatable builds\n    [javac] Compiling 57 source files to /data/cmd/Ming/llm-fl-apr/tmp/Jsoup_57-prompt_apr_3-deepseek-chat/target/classes\n    [javac] warning: [options] bootstrap class path not set in conjunction with -source 1.5\n    [javac] /data/cmd/Ming/llm-fl-apr/tmp/Jsoup_57-prompt_apr_3-deepseek-chat/src/main/java/org/jsoup/nodes/Attributes.java:131: error: illegal start of expression\n    [javac]     public boolean hasKey(String key) {\n    [javac]     ^\n    [javac] /data/cmd/Ming/llm-fl-apr/tmp/Jsoup_57-prompt_apr_3-deepseek-chat/src/main/java/org/jsoup/nodes/Attributes.java:131: error: ';' expected\n    [javac]     public boolean hasKey(String key) {\n    [javac]                          ^\n    [javac] /data/cmd/Ming/llm-fl-apr/tmp/Jsoup_57-prompt_apr_3-deepseek-chat/src/main/java/org/jsoup/nodes/Attributes.java:131: error: ';' expected\n    [javac]     public boolean hasKey(String key) {\n    [javac]                                     ^\n    [javac] /data/cmd/Ming/llm-fl-apr/tmp/Jsoup_57-prompt_apr_3-deepseek-chat/src/main/java/org/jsoup/nodes/Attributes.java:140: error: illegal start of expression\n    [javac]     public boolean hasKeyIgnoreCase(String key) {\n    [javac]     ^\n    [javac] /data/cmd/Ming/llm-fl-apr/tmp/Jsoup_57-prompt_apr_3-deepseek-chat/src/main/java/org/jsoup/nodes/Attributes.java:140: error: ';' expected\n    [javac]     public boolean hasKeyIgnoreCase(String key) {\n    [javac]                                    ^\n    [javac] /data/cmd/Ming/llm-fl-apr/tmp/Jsoup_57-prompt_apr_3-deepseek-chat/src/main/java/org/jsoup/nodes/Attributes.java:140: error: ';' expected\n    [javac]     public boolean hasKeyIgnoreCase(String key) {\n    [javac]                                               ^\n    [javac] /data/cmd/Ming/llm-fl-apr/tmp/Jsoup_57-prompt_apr_3-deepseek-chat/src/main/java/org/jsoup/nodes/Attributes.java:154: error: illegal start of expression\n    [javac]     public int size() {\n    [javac]     ^\n    [javac] /data/cmd/Ming/llm-fl-apr/tmp/Jsoup_57-prompt_apr_3-deepseek-chat/src/main/java/org/jsoup/nodes/Attributes.java:154: error: ';' expected\n    [javac]     public int size() {\n    [javac]                    ^\n    [javac] /data/cmd/Ming/llm-fl-apr/tmp/Jsoup_57-prompt_apr_3-deepseek-chat/src/main/java/org/jsoup/nodes/Attributes.java:164: error: illegal start of expression\n    [javac]     public void addAll(Attributes incoming) {\n    [javac]     ^\n    [javac] /data/cmd/Ming/llm-fl-apr/tmp/Jsoup_57-prompt_apr_3-deepseek-chat/src/main/java/org/jsoup/nodes/Attributes.java:164: error: illegal start of expression\n    [javac]     public void addAll(Attributes incoming) {\n    [javac]            ^\n    [javac] /data/cmd/Ming/llm-fl-apr/tmp/Jsoup_57-prompt_apr_3-deepseek-chat/src/main/java/org/jsoup/nodes/Attributes.java:164: error: ';' expected\n    [javac]     public void addAll(Attributes incoming) {\n    [javac]                       ^\n    [javac] /data/cmd/Ming/llm-fl-apr/tmp/Jsoup_57-prompt_apr_3-deepseek-chat/src/main/java/org/jsoup/nodes/Attributes.java:164: error: ';' expected\n    [javac]     public void addAll(Attributes incoming) {\n    [javac]                                           ^\n    [javac] /data/cmd/Ming/llm-fl-apr/tmp/Jsoup_57-prompt_apr_3-deepseek-chat/src/main/java/org/jsoup/nodes/Attributes.java:172: error: illegal start of expression\n    [javac]     public Iterator<Attribute> iterator() {\n    [javac]     ^\n    [javac] /data/cmd/Ming/llm-fl-apr/tmp/Jsoup_57-prompt_apr_3-deepseek-chat/src/main/java/org/jsoup/nodes/Attributes.java:172: error: ';' expected\n    [javac]     public Iterator<Attribute> iterator() {\n    [javac]                                        ^\n    [javac] /data/cmd/Ming/llm-fl-apr/tmp/Jsoup_57-prompt_apr_3-deepseek-chat/src/main/java/org/jsoup/nodes/Attributes.java:185: error: illegal start of expression\n    [javac]     public List<Attribute> asList() {\n    [javac]     ^\n    [javac] /data/cmd/Ming/llm-fl-apr/tmp/Jsoup_57-prompt_apr_3-deepseek-chat/src/main/java/org/jsoup/nodes/Attributes.java:185: error: ';' expected\n    [javac]     public List<Attribute> asList() {\n    [javac]                                  ^\n    [javac] /data/cmd/Ming/llm-fl-apr/tmp/Jsoup_57-prompt_apr_3-deepseek-chat/src/main/java/org/jsoup/nodes/Attributes.java:201: error: illegal start of expression\n    [javac]     public Map<String, String> dataset() {\n    [javac]     ^\n    [javac] /data/cmd/Ming/llm-fl-apr/tmp/Jsoup_57-prompt_apr_3-deepseek-chat/src/main/java/org/jsoup/nodes/Attributes.java:201: error: ';' expected\n    [javac]     public Map<String, String> dataset() {\n    [javac]                                       ^\n    [javac] /data/cmd/Ming/llm-fl-apr/tmp/Jsoup_57-prompt_apr_3-deepseek-chat/src/main/java/org/jsoup/nodes/Attributes.java:210: error: illegal start of expression\n    [javac]     public String html() {\n    [javac]     ^\n    [javac] /data/cmd/Ming/llm-fl-apr/tmp/Jsoup_57-prompt_apr_3-deepseek-chat/src/main/java/org/jsoup/nodes/Attributes.java:210: error: ';' expected\n    [javac]     public String html() {\n    [javac]                       ^\n    [javac] /data/cmd/Ming/llm-fl-apr/tmp/Jsoup_57-prompt_apr_3-deepseek-chat/src/main/java/org/jsoup/nodes/Attributes.java:220: error: illegal start of expression\n    [javac]     void html(Appendable accum, Document.OutputSettings out) throws IOException {\n    [javac]     ^\n    [javac] /data/cmd/Ming/llm-fl-apr/tmp/Jsoup_57-prompt_apr_3-deepseek-chat/src/main/java/org/jsoup/nodes/Attributes.java:220: error: ';' expected\n    [javac]     void html(Appendable accum, Document.OutputSettings out) throws IOException {\n    [javac]              ^\n    [javac] /data/cmd/Ming/llm-fl-apr/tmp/Jsoup_57-prompt_apr_3-deepseek-chat/src/main/java/org/jsoup/nodes/Attributes.java:220: error: ';' expected\n    [javac]     void html(Appendable accum, Document.OutputSettings out) throws IOException {\n    [javac]                                         ^\n    [javac] /data/cmd/Ming/llm-fl-apr/tmp/Jsoup_57-prompt_apr_3-deepseek-chat/src/main/java/org/jsoup/nodes/Attributes.java:220: error: ';' expected\n    [javac]     void html(Appendable accum, Document.OutputSettings out) throws IOException {\n    [javac]                                                            ^\n    [javac] /data/cmd/Ming/llm-fl-apr/tmp/Jsoup_57-prompt_apr_3-deepseek-chat/src/main/java/org/jsoup/nodes/Attributes.java:220: error: not a statement\n    [javac]     void html(Appendable accum, Document.OutputSettings out) throws IOException {\n    [javac]                                                                     ^\n    [javac] /data/cmd/Ming/llm-fl-apr/tmp/Jsoup_57-prompt_apr_3-deepseek-chat/src/main/java/org/jsoup/nodes/Attributes.java:220: error: ';' expected\n    [javac]     void html(Appendable accum, Document.OutputSettings out) throws IOException {\n    [javac]                                                                                ^\n    [javac] /data/cmd/Ming/llm-fl-apr/tmp/Jsoup_57-prompt_apr_3-deepseek-chat/src/main/java/org/jsoup/nodes/Attributes.java:232: error: ';' expected\n    [javac]     public String toString() {\n    [javac]                           ^\n    [javac] /data/cmd/Ming/llm-fl-apr/tmp/Jsoup_57-prompt_apr_3-deepseek-chat/src/main/java/org/jsoup/nodes/Attributes.java:242: error: ';' expected\n    [javac]     public boolean equals(Object o) {\n    [javac]                          ^\n    [javac] /data/cmd/Ming/llm-fl-apr/tmp/Jsoup_57-prompt_apr_3-deepseek-chat/src/main/java/org/jsoup/nodes/Attributes.java:242: error: ';' expected\n    [javac]     public boolean equals(Object o) {\n    [javac]                                   ^\n    [javac] /data/cmd/Ming/llm-fl-apr/tmp/Jsoup_57-prompt_apr_3-deepseek-chat/src/main/java/org/jsoup/nodes/Attributes.java:256: error: ';' expected\n    [javac]     public int hashCode() {\n    [javac]                        ^\n    [javac] /data/cmd/Ming/llm-fl-apr/tmp/Jsoup_57-prompt_apr_3-deepseek-chat/src/main/java/org/jsoup/nodes/Attributes.java:261: error: ';' expected\n    [javac]     public Attributes clone() {\n    [javac]                            ^\n    [javac] /data/cmd/Ming/llm-fl-apr/tmp/Jsoup_57-prompt_apr_3-deepseek-chat/src/main/java/org/jsoup/nodes/Attributes.java:277: error: illegal start of expression\n    [javac]     private class Dataset extends AbstractMap<String, String> {\n    [javac]     ^\n    [javac] /data/cmd/Ming/llm-fl-apr/tmp/Jsoup_57-prompt_apr_3-deepseek-chat/src/main/java/org/jsoup/nodes/Attributes.java:336: error: illegal start of expression\n    [javac]     private static String dataKey(String key) {\n    [javac]     ^\n    [javac] /data/cmd/Ming/llm-fl-apr/tmp/Jsoup_57-prompt_apr_3-deepseek-chat/src/main/java/org/jsoup/nodes/Attributes.java:336: error: illegal start of expression\n    [javac]     private static String dataKey(String key) {\n    [javac]             ^\n    [javac] /data/cmd/Ming/llm-fl-apr/tmp/Jsoup_57-prompt_apr_3-deepseek-chat/src/main/java/org/jsoup/nodes/Attributes.java:336: error: ';' expected\n    [javac]     private static String dataKey(String key) {\n    [javac]                          ^\n    [javac] /data/cmd/Ming/llm-fl-apr/tmp/Jsoup_57-prompt_apr_3-deepseek-chat/src/main/java/org/jsoup/nodes/Attributes.java:336: error: ')' expected\n    [javac]     private static String dataKey(String key) {\n    [javac]                                         ^\n    [javac] /data/cmd/Ming/llm-fl-apr/tmp/Jsoup_57-prompt_apr_3-deepseek-chat/src/main/java/org/jsoup/nodes/Attributes.java:336: error: illegal start of expression\n    [javac]     private static String dataKey(String key) {\n    [javac]                                             ^\n    [javac] /data/cmd/Ming/llm-fl-apr/tmp/Jsoup_57-prompt_apr_3-deepseek-chat/src/main/java/org/jsoup/nodes/Attributes.java:336: error: ';' expected\n    [javac]     private static String dataKey(String key) {\n    [javac]                                              ^\n    [javac] /data/cmd/Ming/llm-fl-apr/tmp/Jsoup_57-prompt_apr_3-deepseek-chat/src/main/java/org/jsoup/nodes/Attributes.java:339: error: reached end of file while parsing\n    [javac] }\n    [javac]  ^\n    [javac] 39 errors\n    [javac] 1 warning\n\nBUILD FAILED\n/data/cmd/Ming/llm-fl-apr/tmp/Jsoup_57-prompt_apr_3-deepseek-chat/maven-build.xml:77: Compile failed; see the compiler error output for details.\n\nTotal time: 2 seconds\nCannot compile sources! at /data/cmd/Ming/LLM_Based-Mutation/tools/mutant/defects4j-2.1.0/framework/bin/d4j/d4j-compile line 82.\nCompilation failed in require at /data/cmd/Ming/LLM_Based-Mutation/tools/mutant/defects4j-2.1.0/framework/bin/defects4j line 195.\n"
                }
            }
        },
        "prompt_apr_4": {
            "ernie-3.5-128k": {
                "compile": {
                    "rc": 0,
                    "so": "",
                    "se": "Running ant (compile)...................................................... OK\nRunning ant (compile.tests)................................................ OK\n"
                },
                "test": {
                    "rc": 0,
                    "so": "Failing tests: 0\n",
                    "se": "Running ant (compile.tests)................................................ OK\nRunning ant (run.dev.tests)................................................ OK\n"
                }
            },
            "qwen-turbo": {
                "compile": {
                    "rc": 0,
                    "so": "",
                    "se": "Running ant (compile)...................................................... OK\nRunning ant (compile.tests)................................................ OK\n"
                },
                "test": {
                    "rc": 0,
                    "so": "Failing tests: 1\n  - org.jsoup.nodes.ElementTest::testChainedRemoveAttributes\n",
                    "se": "Running ant (compile.tests)................................................ OK\nRunning ant (run.dev.tests)................................................ OK\n"
                }
            },
            "doubao-pro-4k": {
                "compile": {
                    "rc": 0,
                    "so": "",
                    "se": "Running ant (compile)...................................................... OK\nRunning ant (compile.tests)................................................ OK\n"
                },
                "test": {
                    "rc": 0,
                    "so": "Failing tests: 2\n  - org.jsoup.nodes.ElementTest::testChainedRemoveAttributes\n  - org.jsoup.select.ElementsTest::attributes\n",
                    "se": "Running ant (compile.tests)................................................ OK\nRunning ant (run.dev.tests)................................................ OK\n"
                }
            },
            "gpt-4o-mini": {
                "compile": {
                    "rc": 0,
                    "so": "",
                    "se": "Running ant (compile)...................................................... OK\nRunning ant (compile.tests)................................................ OK\n"
                },
                "test": {
                    "rc": 0,
                    "so": "Failing tests: 0\n",
                    "se": "Running ant (compile.tests)................................................ OK\nRunning ant (run.dev.tests)................................................ OK\n"
                }
            },
            "deepseek-chat": {
                "compile": {
                    "rc": 0,
                    "so": "",
                    "se": "Running ant (compile)...................................................... OK\nRunning ant (compile.tests)................................................ OK\n"
                },
                "test": {
                    "rc": 0,
                    "so": "Failing tests: 0\n",
                    "se": "Running ant (compile.tests)................................................ OK\nRunning ant (run.dev.tests)................................................ OK\n"
                }
            }
        },
        "prompt_apr_5": {
            "ernie-3.5-128k": {
                "compile": {
                    "rc": 0,
                    "so": "",
                    "se": "Running ant (compile)...................................................... OK\nRunning ant (compile.tests)................................................ OK\n"
                },
                "test": {
                    "rc": 0,
                    "so": "Failing tests: 0\n",
                    "se": "Running ant (compile.tests)................................................ OK\nRunning ant (run.dev.tests)................................................ OK\n"
                }
            },
            "qwen-turbo": {
                "compile": {
                    "rc": 0,
                    "so": "",
                    "se": "Running ant (compile)...................................................... OK\nRunning ant (compile.tests)................................................ OK\n"
                },
                "test": {
                    "rc": 0,
                    "so": "Failing tests: 1\n  - org.jsoup.nodes.ElementTest::testChainedRemoveAttributes\n",
                    "se": "Running ant (compile.tests)................................................ OK\nRunning ant (run.dev.tests)................................................ OK\n"
                }
            },
            "doubao-pro-4k": {
                "compile": {
                    "rc": 1,
                    "so": "",
                    "se": "Running ant (compile)...................................................... FAIL\nExecuted command:  cd /data/cmd/Ming/llm-fl-apr/tmp/Jsoup_57-prompt_apr_5-doubao-pro-4k && /data/cmd/Ming/LLM_Based-Mutation/tools/mutant/defects4j-2.1.0/major/bin/ant -f /data/cmd/Ming/LLM_Based-Mutation/tools/mutant/defects4j-2.1.0/framework/projects/defects4j.build.xml -Dd4j.home=/data/cmd/Ming/LLM_Based-Mutation/tools/mutant/defects4j-2.1.0 -Dd4j.dir.projects=/data/cmd/Ming/LLM_Based-Mutation/tools/mutant/defects4j-2.1.0/framework/projects -Dbasedir=/data/cmd/Ming/llm-fl-apr/tmp/Jsoup_57-prompt_apr_5-doubao-pro-4k -Dbuild.compiler=javac1.7  compile 2>&1\nJava HotSpot(TM) 64-Bit Server VM warning: ignoring option MaxPermSize=1G; support was removed in 8.0\nBuildfile: /data/cmd/Ming/LLM_Based-Mutation/tools/mutant/defects4j-2.1.0/framework/projects/defects4j.build.xml\n\ntest-offline:\n\nget-deps:\n\njsoup-from-maven.compile:\n    [mkdir] Created dir: /data/cmd/Ming/llm-fl-apr/tmp/Jsoup_57-prompt_apr_5-doubao-pro-4k/target/classes\n    [javac] /data/cmd/Ming/llm-fl-apr/tmp/Jsoup_57-prompt_apr_5-doubao-pro-4k/maven-build.xml:77: warning: 'includeantruntime' was not set, defaulting to build.sysclasspath=last; set to false for repeatable builds\n    [javac] Compiling 57 source files to /data/cmd/Ming/llm-fl-apr/tmp/Jsoup_57-prompt_apr_5-doubao-pro-4k/target/classes\n    [javac] warning: [options] bootstrap class path not set in conjunction with -source 1.5\n    [javac] /data/cmd/Ming/llm-fl-apr/tmp/Jsoup_57-prompt_apr_5-doubao-pro-4k/src/main/java/org/jsoup/nodes/Attributes.java:133: error: illegal start of expression\n    [javac]     public boolean hasKey(String key) {\n    [javac]     ^\n    [javac] /data/cmd/Ming/llm-fl-apr/tmp/Jsoup_57-prompt_apr_5-doubao-pro-4k/src/main/java/org/jsoup/nodes/Attributes.java:133: error: ';' expected\n    [javac]     public boolean hasKey(String key) {\n    [javac]                          ^\n    [javac] /data/cmd/Ming/llm-fl-apr/tmp/Jsoup_57-prompt_apr_5-doubao-pro-4k/src/main/java/org/jsoup/nodes/Attributes.java:133: error: ';' expected\n    [javac]     public boolean hasKey(String key) {\n    [javac]                                     ^\n    [javac] /data/cmd/Ming/llm-fl-apr/tmp/Jsoup_57-prompt_apr_5-doubao-pro-4k/src/main/java/org/jsoup/nodes/Attributes.java:142: error: illegal start of expression\n    [javac]     public boolean hasKeyIgnoreCase(String key) {\n    [javac]     ^\n    [javac] /data/cmd/Ming/llm-fl-apr/tmp/Jsoup_57-prompt_apr_5-doubao-pro-4k/src/main/java/org/jsoup/nodes/Attributes.java:142: error: ';' expected\n    [javac]     public boolean hasKeyIgnoreCase(String key) {\n    [javac]                                    ^\n    [javac] /data/cmd/Ming/llm-fl-apr/tmp/Jsoup_57-prompt_apr_5-doubao-pro-4k/src/main/java/org/jsoup/nodes/Attributes.java:142: error: ';' expected\n    [javac]     public boolean hasKeyIgnoreCase(String key) {\n    [javac]                                               ^\n    [javac] /data/cmd/Ming/llm-fl-apr/tmp/Jsoup_57-prompt_apr_5-doubao-pro-4k/src/main/java/org/jsoup/nodes/Attributes.java:156: error: illegal start of expression\n    [javac]     public int size() {\n    [javac]     ^\n    [javac] /data/cmd/Ming/llm-fl-apr/tmp/Jsoup_57-prompt_apr_5-doubao-pro-4k/src/main/java/org/jsoup/nodes/Attributes.java:156: error: ';' expected\n    [javac]     public int size() {\n    [javac]                    ^\n    [javac] /data/cmd/Ming/llm-fl-apr/tmp/Jsoup_57-prompt_apr_5-doubao-pro-4k/src/main/java/org/jsoup/nodes/Attributes.java:166: error: illegal start of expression\n    [javac]     public void addAll(Attributes incoming) {\n    [javac]     ^\n    [javac] /data/cmd/Ming/llm-fl-apr/tmp/Jsoup_57-prompt_apr_5-doubao-pro-4k/src/main/java/org/jsoup/nodes/Attributes.java:166: error: illegal start of expression\n    [javac]     public void addAll(Attributes incoming) {\n    [javac]            ^\n    [javac] /data/cmd/Ming/llm-fl-apr/tmp/Jsoup_57-prompt_apr_5-doubao-pro-4k/src/main/java/org/jsoup/nodes/Attributes.java:166: error: ';' expected\n    [javac]     public void addAll(Attributes incoming) {\n    [javac]                       ^\n    [javac] /data/cmd/Ming/llm-fl-apr/tmp/Jsoup_57-prompt_apr_5-doubao-pro-4k/src/main/java/org/jsoup/nodes/Attributes.java:166: error: ';' expected\n    [javac]     public void addAll(Attributes incoming) {\n    [javac]                                           ^\n    [javac] /data/cmd/Ming/llm-fl-apr/tmp/Jsoup_57-prompt_apr_5-doubao-pro-4k/src/main/java/org/jsoup/nodes/Attributes.java:174: error: illegal start of expression\n    [javac]     public Iterator<Attribute> iterator() {\n    [javac]     ^\n    [javac] /data/cmd/Ming/llm-fl-apr/tmp/Jsoup_57-prompt_apr_5-doubao-pro-4k/src/main/java/org/jsoup/nodes/Attributes.java:174: error: ';' expected\n    [javac]     public Iterator<Attribute> iterator() {\n    [javac]                                        ^\n    [javac] /data/cmd/Ming/llm-fl-apr/tmp/Jsoup_57-prompt_apr_5-doubao-pro-4k/src/main/java/org/jsoup/nodes/Attributes.java:187: error: illegal start of expression\n    [javac]     public List<Attribute> asList() {\n    [javac]     ^\n    [javac] /data/cmd/Ming/llm-fl-apr/tmp/Jsoup_57-prompt_apr_5-doubao-pro-4k/src/main/java/org/jsoup/nodes/Attributes.java:187: error: ';' expected\n    [javac]     public List<Attribute> asList() {\n    [javac]                                  ^\n    [javac] /data/cmd/Ming/llm-fl-apr/tmp/Jsoup_57-prompt_apr_5-doubao-pro-4k/src/main/java/org/jsoup/nodes/Attributes.java:203: error: illegal start of expression\n    [javac]     public Map<String, String> dataset() {\n    [javac]     ^\n    [javac] /data/cmd/Ming/llm-fl-apr/tmp/Jsoup_57-prompt_apr_5-doubao-pro-4k/src/main/java/org/jsoup/nodes/Attributes.java:203: error: ';' expected\n    [javac]     public Map<String, String> dataset() {\n    [javac]                                       ^\n    [javac] /data/cmd/Ming/llm-fl-apr/tmp/Jsoup_57-prompt_apr_5-doubao-pro-4k/src/main/java/org/jsoup/nodes/Attributes.java:212: error: illegal start of expression\n    [javac]     public String html() {\n    [javac]     ^\n    [javac] /data/cmd/Ming/llm-fl-apr/tmp/Jsoup_57-prompt_apr_5-doubao-pro-4k/src/main/java/org/jsoup/nodes/Attributes.java:212: error: ';' expected\n    [javac]     public String html() {\n    [javac]                       ^\n    [javac] /data/cmd/Ming/llm-fl-apr/tmp/Jsoup_57-prompt_apr_5-doubao-pro-4k/src/main/java/org/jsoup/nodes/Attributes.java:222: error: illegal start of expression\n    [javac]     void html(Appendable accum, Document.OutputSettings out) throws IOException {\n    [javac]     ^\n    [javac] /data/cmd/Ming/llm-fl-apr/tmp/Jsoup_57-prompt_apr_5-doubao-pro-4k/src/main/java/org/jsoup/nodes/Attributes.java:222: error: ';' expected\n    [javac]     void html(Appendable accum, Document.OutputSettings out) throws IOException {\n    [javac]              ^\n    [javac] /data/cmd/Ming/llm-fl-apr/tmp/Jsoup_57-prompt_apr_5-doubao-pro-4k/src/main/java/org/jsoup/nodes/Attributes.java:222: error: ';' expected\n    [javac]     void html(Appendable accum, Document.OutputSettings out) throws IOException {\n    [javac]                                         ^\n    [javac] /data/cmd/Ming/llm-fl-apr/tmp/Jsoup_57-prompt_apr_5-doubao-pro-4k/src/main/java/org/jsoup/nodes/Attributes.java:222: error: ';' expected\n    [javac]     void html(Appendable accum, Document.OutputSettings out) throws IOException {\n    [javac]                                                            ^\n    [javac] /data/cmd/Ming/llm-fl-apr/tmp/Jsoup_57-prompt_apr_5-doubao-pro-4k/src/main/java/org/jsoup/nodes/Attributes.java:222: error: not a statement\n    [javac]     void html(Appendable accum, Document.OutputSettings out) throws IOException {\n    [javac]                                                                     ^\n    [javac] /data/cmd/Ming/llm-fl-apr/tmp/Jsoup_57-prompt_apr_5-doubao-pro-4k/src/main/java/org/jsoup/nodes/Attributes.java:222: error: ';' expected\n    [javac]     void html(Appendable accum, Document.OutputSettings out) throws IOException {\n    [javac]                                                                                ^\n    [javac] /data/cmd/Ming/llm-fl-apr/tmp/Jsoup_57-prompt_apr_5-doubao-pro-4k/src/main/java/org/jsoup/nodes/Attributes.java:234: error: ';' expected\n    [javac]     public String toString() {\n    [javac]                           ^\n    [javac] /data/cmd/Ming/llm-fl-apr/tmp/Jsoup_57-prompt_apr_5-doubao-pro-4k/src/main/java/org/jsoup/nodes/Attributes.java:244: error: ';' expected\n    [javac]     public boolean equals(Object o) {\n    [javac]                          ^\n    [javac] /data/cmd/Ming/llm-fl-apr/tmp/Jsoup_57-prompt_apr_5-doubao-pro-4k/src/main/java/org/jsoup/nodes/Attributes.java:244: error: ';' expected\n    [javac]     public boolean equals(Object o) {\n    [javac]                                   ^\n    [javac] /data/cmd/Ming/llm-fl-apr/tmp/Jsoup_57-prompt_apr_5-doubao-pro-4k/src/main/java/org/jsoup/nodes/Attributes.java:258: error: ';' expected\n    [javac]     public int hashCode() {\n    [javac]                        ^\n    [javac] /data/cmd/Ming/llm-fl-apr/tmp/Jsoup_57-prompt_apr_5-doubao-pro-4k/src/main/java/org/jsoup/nodes/Attributes.java:263: error: ';' expected\n    [javac]     public Attributes clone() {\n    [javac]                            ^\n    [javac] /data/cmd/Ming/llm-fl-apr/tmp/Jsoup_57-prompt_apr_5-doubao-pro-4k/src/main/java/org/jsoup/nodes/Attributes.java:279: error: illegal start of expression\n    [javac]     private class Dataset extends AbstractMap<String, String> {\n    [javac]     ^\n    [javac] /data/cmd/Ming/llm-fl-apr/tmp/Jsoup_57-prompt_apr_5-doubao-pro-4k/src/main/java/org/jsoup/nodes/Attributes.java:338: error: illegal start of expression\n    [javac]     private static String dataKey(String key) {\n    [javac]     ^\n    [javac] /data/cmd/Ming/llm-fl-apr/tmp/Jsoup_57-prompt_apr_5-doubao-pro-4k/src/main/java/org/jsoup/nodes/Attributes.java:338: error: illegal start of expression\n    [javac]     private static String dataKey(String key) {\n    [javac]             ^\n    [javac] /data/cmd/Ming/llm-fl-apr/tmp/Jsoup_57-prompt_apr_5-doubao-pro-4k/src/main/java/org/jsoup/nodes/Attributes.java:338: error: ';' expected\n    [javac]     private static String dataKey(String key) {\n    [javac]                          ^\n    [javac] /data/cmd/Ming/llm-fl-apr/tmp/Jsoup_57-prompt_apr_5-doubao-pro-4k/src/main/java/org/jsoup/nodes/Attributes.java:338: error: ')' expected\n    [javac]     private static String dataKey(String key) {\n    [javac]                                         ^\n    [javac] /data/cmd/Ming/llm-fl-apr/tmp/Jsoup_57-prompt_apr_5-doubao-pro-4k/src/main/java/org/jsoup/nodes/Attributes.java:338: error: illegal start of expression\n    [javac]     private static String dataKey(String key) {\n    [javac]                                             ^\n    [javac] /data/cmd/Ming/llm-fl-apr/tmp/Jsoup_57-prompt_apr_5-doubao-pro-4k/src/main/java/org/jsoup/nodes/Attributes.java:338: error: ';' expected\n    [javac]     private static String dataKey(String key) {\n    [javac]                                              ^\n    [javac] 38 errors\n    [javac] 1 warning\n\nBUILD FAILED\n/data/cmd/Ming/llm-fl-apr/tmp/Jsoup_57-prompt_apr_5-doubao-pro-4k/maven-build.xml:77: Compile failed; see the compiler error output for details.\n\nTotal time: 2 seconds\nCannot compile sources! at /data/cmd/Ming/LLM_Based-Mutation/tools/mutant/defects4j-2.1.0/framework/bin/d4j/d4j-compile line 82.\nCompilation failed in require at /data/cmd/Ming/LLM_Based-Mutation/tools/mutant/defects4j-2.1.0/framework/bin/defects4j line 195.\n"
                }
            },
            "gpt-4o-mini": {
                "compile": {
                    "rc": 0,
                    "so": "",
                    "se": "Running ant (compile)...................................................... OK\nRunning ant (compile.tests)................................................ OK\n"
                },
                "test": {
                    "rc": 0,
                    "so": "Failing tests: 0\n",
                    "se": "Running ant (compile.tests)................................................ OK\nRunning ant (run.dev.tests)................................................ OK\n"
                }
            },
            "deepseek-chat": {
                "compile": {
                    "rc": 0,
                    "so": "",
                    "se": "Running ant (compile)...................................................... OK\nRunning ant (compile.tests)................................................ OK\n"
                },
                "test": {
                    "rc": 0,
                    "so": "Failing tests: 0\n",
                    "se": "Running ant (compile.tests)................................................ OK\nRunning ant (run.dev.tests)................................................ OK\n"
                }
            }
        },
        "prompt_apr_6": {
            "ernie-3.5-128k": {
                "compile": {
                    "rc": 0,
                    "so": "",
                    "se": "Running ant (compile)...................................................... OK\nRunning ant (compile.tests)................................................ OK\n"
                },
                "test": {
                    "rc": 0,
                    "so": "Failing tests: 0\n",
                    "se": "Running ant (compile.tests)................................................ OK\nRunning ant (run.dev.tests)................................................ OK\n"
                }
            },
            "qwen-turbo": {
                "compile": {
                    "rc": 1,
                    "so": "",
                    "se": "Running ant (compile)...................................................... FAIL\nExecuted command:  cd /data/cmd/Ming/llm-fl-apr/tmp/Jsoup_57-prompt_apr_6-qwen-turbo && /data/cmd/Ming/LLM_Based-Mutation/tools/mutant/defects4j-2.1.0/major/bin/ant -f /data/cmd/Ming/LLM_Based-Mutation/tools/mutant/defects4j-2.1.0/framework/projects/defects4j.build.xml -Dd4j.home=/data/cmd/Ming/LLM_Based-Mutation/tools/mutant/defects4j-2.1.0 -Dd4j.dir.projects=/data/cmd/Ming/LLM_Based-Mutation/tools/mutant/defects4j-2.1.0/framework/projects -Dbasedir=/data/cmd/Ming/llm-fl-apr/tmp/Jsoup_57-prompt_apr_6-qwen-turbo -Dbuild.compiler=javac1.7  compile 2>&1\nJava HotSpot(TM) 64-Bit Server VM warning: ignoring option MaxPermSize=1G; support was removed in 8.0\nBuildfile: /data/cmd/Ming/LLM_Based-Mutation/tools/mutant/defects4j-2.1.0/framework/projects/defects4j.build.xml\n\ntest-offline:\n\nget-deps:\n\njsoup-from-maven.compile:\n    [mkdir] Created dir: /data/cmd/Ming/llm-fl-apr/tmp/Jsoup_57-prompt_apr_6-qwen-turbo/target/classes\n    [javac] /data/cmd/Ming/llm-fl-apr/tmp/Jsoup_57-prompt_apr_6-qwen-turbo/maven-build.xml:77: warning: 'includeantruntime' was not set, defaulting to build.sysclasspath=last; set to false for repeatable builds\n    [javac] Compiling 57 source files to /data/cmd/Ming/llm-fl-apr/tmp/Jsoup_57-prompt_apr_6-qwen-turbo/target/classes\n    [javac] warning: [options] bootstrap class path not set in conjunction with -source 1.5\n    [javac] warning: /home/cmd/jdk1.8.0_391/lib/ct.sym(META-INF/sym/rt.jar/java/io/IOException.class): major version 52 is newer than 51, the highest major version supported by this compiler.\n    [javac]   It is recommended that the compiler be upgraded.\n    [javac] warning: /home/cmd/jdk1.8.0_391/lib/ct.sym(META-INF/sym/rt.jar/java/io/InputStream.class): major version 52 is newer than 51, the highest major version supported by this compiler.\n    [javac]   It is recommended that the compiler be upgraded.\n    [javac] warning: /home/cmd/jdk1.8.0_391/lib/ct.sym(META-INF/sym/rt.jar/java/net/Proxy.class): major version 52 is newer than 51, the highest major version supported by this compiler.\n    [javac]   It is recommended that the compiler be upgraded.\n    [javac] warning: /home/cmd/jdk1.8.0_391/lib/ct.sym(META-INF/sym/rt.jar/java/net/URL.class): major version 52 is newer than 51, the highest major version supported by this compiler.\n    [javac]   It is recommended that the compiler be upgraded.\n    [javac] warning: /home/cmd/jdk1.8.0_391/lib/ct.sym(META-INF/sym/rt.jar/java/util/Collection.class): major version 52 is newer than 51, the highest major version supported by this compiler.\n    [javac]   It is recommended that the compiler be upgraded.\n    [javac] warning: /home/cmd/jdk1.8.0_391/lib/ct.sym(META-INF/sym/rt.jar/java/util/Map.class): major version 52 is newer than 51, the highest major version supported by this compiler.\n    [javac]   It is recommended that the compiler be upgraded.\n    [javac] warning: /home/cmd/jdk1.8.0_391/lib/ct.sym(META-INF/sym/rt.jar/java/lang/Object.class): major version 52 is newer than 51, the highest major version supported by this compiler.\n    [javac]   It is recommended that the compiler be upgraded.\n    [javac] warning: /home/cmd/jdk1.8.0_391/lib/ct.sym(META-INF/sym/rt.jar/java/lang/String.class): major version 52 is newer than 51, the highest major version supported by this compiler.\n    [javac]   It is recommended that the compiler be upgraded.\n    [javac] warning: /home/cmd/jdk1.8.0_391/lib/ct.sym(META-INF/sym/rt.jar/java/lang/Enum.class): major version 52 is newer than 51, the highest major version supported by this compiler.\n    [javac]   It is recommended that the compiler be upgraded.\n    [javac] warning: /home/cmd/jdk1.8.0_391/lib/ct.sym(META-INF/sym/rt.jar/java/lang/Comparable.class): major version 52 is newer than 51, the highest major version supported by this compiler.\n    [javac]   It is recommended that the compiler be upgraded.\n    [javac] warning: /home/cmd/jdk1.8.0_391/lib/ct.sym(META-INF/sym/rt.jar/java/io/Serializable.class): major version 52 is newer than 51, the highest major version supported by this compiler.\n    [javac]   It is recommended that the compiler be upgraded.\n    [javac] warning: /home/cmd/jdk1.8.0_391/lib/ct.sym(META-INF/sym/rt.jar/java/util/List.class): major version 52 is newer than 51, the highest major version supported by this compiler.\n    [javac]   It is recommended that the compiler be upgraded.\n    [javac] warning: /home/cmd/jdk1.8.0_391/lib/ct.sym(META-INF/sym/rt.jar/java/nio/charset/Charset.class): major version 52 is newer than 51, the highest major version supported by this compiler.\n    [javac]   It is recommended that the compiler be upgraded.\n    [javac] warning: /home/cmd/jdk1.8.0_391/lib/ct.sym(META-INF/sym/rt.jar/java/nio/charset/CharsetEncoder.class): major version 52 is newer than 51, the highest major version supported by this compiler.\n    [javac]   It is recommended that the compiler be upgraded.\n    [javac] warning: /home/cmd/jdk1.8.0_391/lib/ct.sym(META-INF/sym/rt.jar/java/util/ArrayList.class): major version 52 is newer than 51, the highest major version supported by this compiler.\n    [javac]   It is recommended that the compiler be upgraded.\n    [javac] warning: /home/cmd/jdk1.8.0_391/lib/ct.sym(META-INF/sym/rt.jar/java/util/Arrays.class): major version 52 is newer than 51, the highest major version supported by this compiler.\n    [javac]   It is recommended that the compiler be upgraded.\n    [javac] warning: /home/cmd/jdk1.8.0_391/lib/ct.sym(META-INF/sym/rt.jar/java/util/Collections.class): major version 52 is newer than 51, the highest major version supported by this compiler.\n    [javac]   It is recommended that the compiler be upgraded.\n    [javac] warning: /home/cmd/jdk1.8.0_391/lib/ct.sym(META-INF/sym/rt.jar/java/util/LinkedHashSet.class): major version 52 is newer than 51, the highest major version supported by this compiler.\n    [javac]   It is recommended that the compiler be upgraded.\n    [javac] warning: /home/cmd/jdk1.8.0_391/lib/ct.sym(META-INF/sym/rt.jar/java/util/Set.class): major version 52 is newer than 51, the highest major version supported by this compiler.\n    [javac]   It is recommended that the compiler be upgraded.\n    [javac] warning: /home/cmd/jdk1.8.0_391/lib/ct.sym(META-INF/sym/rt.jar/java/util/regex/Pattern.class): major version 52 is newer than 51, the highest major version supported by this compiler.\n    [javac]   It is recommended that the compiler be upgraded.\n    [javac] warning: /home/cmd/jdk1.8.0_391/lib/ct.sym(META-INF/sym/rt.jar/java/util/regex/PatternSyntaxException.class): major version 52 is newer than 51, the highest major version supported by this compiler.\n    [javac]   It is recommended that the compiler be upgraded.\n    [javac] warning: /home/cmd/jdk1.8.0_391/lib/ct.sym(META-INF/sym/rt.jar/java/util/LinkedList.class): major version 52 is newer than 51, the highest major version supported by this compiler.\n    [javac]   It is recommended that the compiler be upgraded.\n    [javac] warning: /home/cmd/jdk1.8.0_391/lib/ct.sym(META-INF/sym/rt.jar/java/lang/Cloneable.class): major version 52 is newer than 51, the highest major version supported by this compiler.\n    [javac]   It is recommended that the compiler be upgraded.\n    [javac] warning: /home/cmd/jdk1.8.0_391/lib/ct.sym(META-INF/sym/rt.jar/java/lang/Iterable.class): major version 52 is newer than 51, the highest major version supported by this compiler.\n    [javac]   It is recommended that the compiler be upgraded.\n    [javac] warning: /home/cmd/jdk1.8.0_391/lib/ct.sym(META-INF/sym/rt.jar/java/util/RandomAccess.class): major version 52 is newer than 51, the highest major version supported by this compiler.\n    [javac]   It is recommended that the compiler be upgraded.\n    [javac] warning: /home/cmd/jdk1.8.0_391/lib/ct.sym(META-INF/sym/rt.jar/java/util/AbstractList.class): major version 52 is newer than 51, the highest major version supported by this compiler.\n    [javac]   It is recommended that the compiler be upgraded.\n    [javac] warning: /home/cmd/jdk1.8.0_391/lib/ct.sym(META-INF/sym/rt.jar/java/util/AbstractCollection.class): major version 52 is newer than 51, the highest major version supported by this compiler.\n    [javac]   It is recommended that the compiler be upgraded.\n    [javac] warning: /home/cmd/jdk1.8.0_391/lib/ct.sym(META-INF/sym/rt.jar/java/util/HashMap.class): major version 52 is newer than 51, the highest major version supported by this compiler.\n    [javac]   It is recommended that the compiler be upgraded.\n    [javac] warning: /home/cmd/jdk1.8.0_391/lib/ct.sym(META-INF/sym/rt.jar/java/util/AbstractMap.class): major version 52 is newer than 51, the highest major version supported by this compiler.\n    [javac]   It is recommended that the compiler be upgraded.\n    [javac] warning: /home/cmd/jdk1.8.0_391/lib/ct.sym(META-INF/sym/rt.jar/java/util/AbstractSet.class): major version 52 is newer than 51, the highest major version supported by this compiler.\n    [javac]   It is recommended that the compiler be upgraded.\n    [javac] warning: /home/cmd/jdk1.8.0_391/lib/ct.sym(META-INF/sym/rt.jar/java/util/Iterator.class): major version 52 is newer than 51, the highest major version supported by this compiler.\n    [javac]   It is recommended that the compiler be upgraded.\n    [javac] warning: /home/cmd/jdk1.8.0_391/lib/ct.sym(META-INF/sym/rt.jar/java/util/LinkedHashMap.class): major version 52 is newer than 51, the highest major version supported by this compiler.\n    [javac]   It is recommended that the compiler be upgraded.\n    [javac] warning: /home/cmd/jdk1.8.0_391/lib/ct.sym(META-INF/sym/rt.jar/java/util/Map$Entry.class): major version 52 is newer than 51, the highest major version supported by this compiler.\n    [javac]   It is recommended that the compiler be upgraded.\n    [javac] warning: /home/cmd/jdk1.8.0_391/lib/ct.sym(META-INF/sym/rt.jar/java/lang/Integer.class): major version 52 is newer than 51, the highest major version supported by this compiler.\n    [javac]   It is recommended that the compiler be upgraded.\n    [javac] warning: /home/cmd/jdk1.8.0_391/lib/ct.sym(META-INF/sym/rt.jar/java/lang/StringBuilder.class): major version 52 is newer than 51, the highest major version supported by this compiler.\n    [javac]   It is recommended that the compiler be upgraded.\n    [javac] warning: /home/cmd/jdk1.8.0_391/lib/ct.sym(META-INF/sym/rt.jar/java/lang/Appendable.class): major version 52 is newer than 51, the highest major version supported by this compiler.\n    [javac]   It is recommended that the compiler be upgraded.\n    [javac] warning: /home/cmd/jdk1.8.0_391/lib/ct.sym(META-INF/sym/rt.jar/java/util/Locale.class): major version 52 is newer than 51, the highest major version supported by this compiler.\n    [javac]   It is recommended that the compiler be upgraded.\n    [javac] warning: /home/cmd/jdk1.8.0_391/lib/ct.sym(META-INF/sym/rt.jar/java/nio/ByteBuffer.class): major version 52 is newer than 51, the highest major version supported by this compiler.\n    [javac]   It is recommended that the compiler be upgraded.\n    [javac] warning: /home/cmd/jdk1.8.0_391/lib/ct.sym(META-INF/sym/rt.jar/java/lang/CharSequence.class): major version 52 is newer than 51, the highest major version supported by this compiler.\n    [javac]   It is recommended that the compiler be upgraded.\n    [javac] warning: /home/cmd/jdk1.8.0_391/lib/ct.sym(META-INF/sym/rt.jar/java/lang/Character.class): major version 52 is newer than 51, the highest major version supported by this compiler.\n    [javac]   It is recommended that the compiler be upgraded.\n    [javac] warning: /home/cmd/jdk1.8.0_391/lib/ct.sym(META-INF/sym/rt.jar/java/lang/Exception.class): major version 52 is newer than 51, the highest major version supported by this compiler.\n    [javac]   It is recommended that the compiler be upgraded.\n    [javac] warning: /home/cmd/jdk1.8.0_391/lib/ct.sym(META-INF/sym/rt.jar/java/lang/Throwable.class): major version 52 is newer than 51, the highest major version supported by this compiler.\n    [javac]   It is recommended that the compiler be upgraded.\n    [javac] warning: /home/cmd/jdk1.8.0_391/lib/ct.sym(META-INF/sym/rt.jar/java/io/File.class): major version 52 is newer than 51, the highest major version supported by this compiler.\n    [javac]   It is recommended that the compiler be upgraded.\n    [javac] warning: /home/cmd/jdk1.8.0_391/lib/ct.sym(META-INF/sym/rt.jar/java/util/HashSet.class): major version 52 is newer than 51, the highest major version supported by this compiler.\n    [javac]   It is recommended that the compiler be upgraded.\n    [javac] warning: /home/cmd/jdk1.8.0_391/lib/ct.sym(META-INF/sym/rt.jar/java/lang/RuntimeException.class): major version 52 is newer than 51, the highest major version supported by this compiler.\n    [javac]   It is recommended that the compiler be upgraded.\n    [javac] warning: /home/cmd/jdk1.8.0_391/lib/ct.sym(META-INF/sym/rt.jar/java/io/ByteArrayOutputStream.class): major version 52 is newer than 51, the highest major version supported by this compiler.\n    [javac]   It is recommended that the compiler be upgraded.\n    [javac] warning: /home/cmd/jdk1.8.0_391/lib/ct.sym(META-INF/sym/rt.jar/java/io/OutputStream.class): major version 52 is newer than 51, the highest major version supported by this compiler.\n    [javac]   It is recommended that the compiler be upgraded.\n    [javac] warning: /home/cmd/jdk1.8.0_391/lib/ct.sym(META-INF/sym/rt.jar/java/io/RandomAccessFile.class): major version 52 is newer than 51, the highest major version supported by this compiler.\n    [javac]   It is recommended that the compiler be upgraded.\n    [javac] warning: /home/cmd/jdk1.8.0_391/lib/ct.sym(META-INF/sym/rt.jar/java/nio/charset/IllegalCharsetNameException.class): major version 52 is newer than 51, the highest major version supported by this compiler.\n    [javac]   It is recommended that the compiler be upgraded.\n    [javac] warning: /home/cmd/jdk1.8.0_391/lib/ct.sym(META-INF/sym/rt.jar/java/util/Random.class): major version 52 is newer than 51, the highest major version supported by this compiler.\n    [javac]   It is recommended that the compiler be upgraded.\n    [javac] warning: /home/cmd/jdk1.8.0_391/lib/ct.sym(META-INF/sym/rt.jar/java/util/regex/Matcher.class): major version 52 is newer than 51, the highest major version supported by this compiler.\n    [javac]   It is recommended that the compiler be upgraded.\n    [javac] warning: /home/cmd/jdk1.8.0_391/lib/ct.sym(META-INF/sym/rt.jar/java/util/ListIterator.class): major version 52 is newer than 51, the highest major version supported by this compiler.\n    [javac]   It is recommended that the compiler be upgraded.\n    [javac] warning: /home/cmd/jdk1.8.0_391/lib/ct.sym(META-INF/sym/rt.jar/java/util/Deque.class): major version 52 is newer than 51, the highest major version supported by this compiler.\n    [javac]   It is recommended that the compiler be upgraded.\n    [javac] warning: /home/cmd/jdk1.8.0_391/lib/ct.sym(META-INF/sym/rt.jar/java/util/Queue.class): major version 52 is newer than 51, the highest major version supported by this compiler.\n    [javac]   It is recommended that the compiler be upgraded.\n    [javac] warning: /home/cmd/jdk1.8.0_391/lib/ct.sym(META-INF/sym/rt.jar/java/util/AbstractSequentialList.class): major version 52 is newer than 51, the highest major version supported by this compiler.\n    [javac]   It is recommended that the compiler be upgraded.\n    [javac] warning: /home/cmd/jdk1.8.0_391/lib/ct.sym(META-INF/sym/rt.jar/java/security/KeyManagementException.class): major version 52 is newer than 51, the highest major version supported by this compiler.\n    [javac]   It is recommended that the compiler be upgraded.\n    [javac] warning: /home/cmd/jdk1.8.0_391/lib/ct.sym(META-INF/sym/rt.jar/java/security/NoSuchAlgorithmException.class): major version 52 is newer than 51, the highest major version supported by this compiler.\n    [javac]   It is recommended that the compiler be upgraded.\n    [javac] warning: /home/cmd/jdk1.8.0_391/lib/ct.sym(META-INF/sym/rt.jar/java/security/cert/X509Certificate.class): major version 52 is newer than 51, the highest major version supported by this compiler.\n    [javac]   It is recommended that the compiler be upgraded.\n    [javac] warning: /home/cmd/jdk1.8.0_391/lib/ct.sym(META-INF/sym/rt.jar/java/util/zip/GZIPInputStream.class): major version 52 is newer than 51, the highest major version supported by this compiler.\n    [javac]   It is recommended that the compiler be upgraded.\n    [javac] warning: /home/cmd/jdk1.8.0_391/lib/ct.sym(META-INF/sym/rt.jar/java/lang/SuppressWarnings.class): major version 52 is newer than 51, the highest major version supported by this compiler.\n    [javac]   It is recommended that the compiler be upgraded.\n    [javac] warning: /home/cmd/jdk1.8.0_391/lib/ct.sym(META-INF/sym/rt.jar/javax/net/ssl/SSLSocketFactory.class): major version 52 is newer than 51, the highest major version supported by this compiler.\n    [javac]   It is recommended that the compiler be upgraded.\n    [javac] warning: /home/cmd/jdk1.8.0_391/lib/ct.sym(META-INF/sym/rt.jar/java/net/HttpURLConnection.class): major version 52 is newer than 51, the highest major version supported by this compiler.\n    [javac]   It is recommended that the compiler be upgraded.\n    [javac] warning: /home/cmd/jdk1.8.0_391/lib/ct.sym(META-INF/sym/rt.jar/javax/net/ssl/HostnameVerifier.class): major version 52 is newer than 51, the highest major version supported by this compiler.\n    [javac]   It is recommended that the compiler be upgraded.\n    [javac] warning: /home/cmd/jdk1.8.0_391/lib/ct.sym(META-INF/sym/rt.jar/java/net/MalformedURLException.class): major version 52 is newer than 51, the highest major version supported by this compiler.\n    [javac]   It is recommended that the compiler be upgraded.\n    [javac] warning: /home/cmd/jdk1.8.0_391/lib/ct.sym(META-INF/sym/rt.jar/org/w3c/dom/Comment.class): major version 52 is newer than 51, the highest major version supported by this compiler.\n    [javac]   It is recommended that the compiler be upgraded.\n    [javac] warning: /home/cmd/jdk1.8.0_391/lib/ct.sym(META-INF/sym/rt.jar/org/w3c/dom/Document.class): major version 52 is newer than 51, the highest major version supported by this compiler.\n    [javac]   It is recommended that the compiler be upgraded.\n    [javac] warning: /home/cmd/jdk1.8.0_391/lib/ct.sym(META-INF/sym/rt.jar/org/w3c/dom/Element.class): major version 52 is newer than 51, the highest major version supported by this compiler.\n    [javac]   It is recommended that the compiler be upgraded.\n    [javac] warning: /home/cmd/jdk1.8.0_391/lib/ct.sym(META-INF/sym/rt.jar/org/w3c/dom/Text.class): major version 52 is newer than 51, the highest major version supported by this compiler.\n    [javac]   It is recommended that the compiler be upgraded.\n    [javac] warning: /home/cmd/jdk1.8.0_391/lib/ct.sym(META-INF/sym/rt.jar/javax/xml/parsers/DocumentBuilder.class): major version 52 is newer than 51, the highest major version supported by this compiler.\n    [javac]   It is recommended that the compiler be upgraded.\n    [javac] warning: /home/cmd/jdk1.8.0_391/lib/ct.sym(META-INF/sym/rt.jar/javax/xml/parsers/DocumentBuilderFactory.class): major version 52 is newer than 51, the highest major version supported by this compiler.\n    [javac]   It is recommended that the compiler be upgraded.\n    [javac] warning: /home/cmd/jdk1.8.0_391/lib/ct.sym(META-INF/sym/rt.jar/javax/xml/parsers/ParserConfigurationException.class): major version 52 is newer than 51, the highest major version supported by this compiler.\n    [javac]   It is recommended that the compiler be upgraded.\n    [javac] warning: /home/cmd/jdk1.8.0_391/lib/ct.sym(META-INF/sym/rt.jar/javax/xml/transform/Transformer.class): major version 52 is newer than 51, the highest major version supported by this compiler.\n    [javac]   It is recommended that the compiler be upgraded.\n    [javac] warning: /home/cmd/jdk1.8.0_391/lib/ct.sym(META-INF/sym/rt.jar/javax/xml/transform/TransformerException.class): major version 52 is newer than 51, the highest major version supported by this compiler.\n    [javac]   It is recommended that the compiler be upgraded.\n    [javac] warning: /home/cmd/jdk1.8.0_391/lib/ct.sym(META-INF/sym/rt.jar/javax/xml/transform/TransformerFactory.class): major version 52 is newer than 51, the highest major version supported by this compiler.\n    [javac]   It is recommended that the compiler be upgraded.\n    [javac] warning: /home/cmd/jdk1.8.0_391/lib/ct.sym(META-INF/sym/rt.jar/javax/xml/transform/dom/DOMSource.class): major version 52 is newer than 51, the highest major version supported by this compiler.\n    [javac]   It is recommended that the compiler be upgraded.\n    [javac] warning: /home/cmd/jdk1.8.0_391/lib/ct.sym(META-INF/sym/rt.jar/javax/xml/transform/stream/StreamResult.class): major version 52 is newer than 51, the highest major version supported by this compiler.\n    [javac]   It is recommended that the compiler be upgraded.\n    [javac] warning: /home/cmd/jdk1.8.0_391/lib/ct.sym(META-INF/sym/rt.jar/java/io/StringWriter.class): major version 52 is newer than 51, the highest major version supported by this compiler.\n    [javac]   It is recommended that the compiler be upgraded.\n    [javac] warning: /home/cmd/jdk1.8.0_391/lib/ct.sym(META-INF/sym/rt.jar/java/util/IdentityHashMap.class): major version 52 is newer than 51, the highest major version supported by this compiler.\n    [javac]   It is recommended that the compiler be upgraded.\n    [javac] warning: /home/cmd/jdk1.8.0_391/lib/ct.sym(META-INF/sym/rt.jar/java/lang/IllegalStateException.class): major version 52 is newer than 51, the highest major version supported by this compiler.\n    [javac]   It is recommended that the compiler be upgraded.\n    [javac] /home/cmd/jdk1.8.0_391/lib/ct.sym(META-INF/sym/rt.jar/java/io/IOException.class): warning: Cannot find annotation method 'value()' in type 'Profile+Annotation': class file for jdk.Profile+Annotation not found\n    [javac] /home/cmd/jdk1.8.0_391/lib/ct.sym(META-INF/sym/rt.jar/java/io/InputStream.class): warning: Cannot find annotation method 'value()' in type 'Profile+Annotation'\n    [javac] /home/cmd/jdk1.8.0_391/lib/ct.sym(META-INF/sym/rt.jar/java/net/Proxy.class): warning: Cannot find annotation method 'value()' in type 'Profile+Annotation'\n    [javac] /home/cmd/jdk1.8.0_391/lib/ct.sym(META-INF/sym/rt.jar/java/net/URL.class): warning: Cannot find annotation method 'value()' in type 'Profile+Annotation'\n    [javac] /home/cmd/jdk1.8.0_391/lib/ct.sym(META-INF/sym/rt.jar/java/util/Collection.class): warning: Cannot find annotation method 'value()' in type 'Profile+Annotation'\n    [javac] /home/cmd/jdk1.8.0_391/lib/ct.sym(META-INF/sym/rt.jar/java/util/Map.class): warning: Cannot find annotation method 'value()' in type 'Profile+Annotation'\n    [javac] /home/cmd/jdk1.8.0_391/lib/ct.sym(META-INF/sym/rt.jar/java/lang/Object.class): warning: Cannot find annotation method 'value()' in type 'Profile+Annotation'\n    [javac] /home/cmd/jdk1.8.0_391/lib/ct.sym(META-INF/sym/rt.jar/java/lang/String.class): warning: Cannot find annotation method 'value()' in type 'Profile+Annotation'\n    [javac] /home/cmd/jdk1.8.0_391/lib/ct.sym(META-INF/sym/rt.jar/java/lang/Enum.class): warning: Cannot find annotation method 'value()' in type 'Profile+Annotation'\n    [javac] /home/cmd/jdk1.8.0_391/lib/ct.sym(META-INF/sym/rt.jar/java/lang/Comparable.class): warning: Cannot find annotation method 'value()' in type 'Profile+Annotation'\n    [javac] /home/cmd/jdk1.8.0_391/lib/ct.sym(META-INF/sym/rt.jar/java/io/Serializable.class): warning: Cannot find annotation method 'value()' in type 'Profile+Annotation'\n    [javac] /home/cmd/jdk1.8.0_391/lib/ct.sym(META-INF/sym/rt.jar/java/util/List.class): warning: Cannot find annotation method 'value()' in type 'Profile+Annotation'\n    [javac] /home/cmd/jdk1.8.0_391/lib/ct.sym(META-INF/sym/rt.jar/java/nio/charset/Charset.class): warning: Cannot find annotation method 'value()' in type 'Profile+Annotation'\n    [javac] /home/cmd/jdk1.8.0_391/lib/ct.sym(META-INF/sym/rt.jar/java/nio/charset/CharsetEncoder.class): warning: Cannot find annotation method 'value()' in type 'Profile+Annotation'\n    [javac] /home/cmd/jdk1.8.0_391/lib/ct.sym(META-INF/sym/rt.jar/java/util/ArrayList.class): warning: Cannot find annotation method 'value()' in type 'Profile+Annotation'\n    [javac] /home/cmd/jdk1.8.0_391/lib/ct.sym(META-INF/sym/rt.jar/java/util/Arrays.class): warning: Cannot find annotation method 'value()' in type 'Profile+Annotation'\n    [javac] /home/cmd/jdk1.8.0_391/lib/ct.sym(META-INF/sym/rt.jar/java/util/Collections.class): warning: Cannot find annotation method 'value()' in type 'Profile+Annotation'\n    [javac] /home/cmd/jdk1.8.0_391/lib/ct.sym(META-INF/sym/rt.jar/java/util/LinkedHashSet.class): warning: Cannot find annotation method 'value()' in type 'Profile+Annotation'\n    [javac] /home/cmd/jdk1.8.0_391/lib/ct.sym(META-INF/sym/rt.jar/java/util/Set.class): warning: Cannot find annotation method 'value()' in type 'Profile+Annotation'\n    [javac] /home/cmd/jdk1.8.0_391/lib/ct.sym(META-INF/sym/rt.jar/java/util/regex/Pattern.class): warning: Cannot find annotation method 'value()' in type 'Profile+Annotation'\n    [javac] /data/cmd/Ming/llm-fl-apr/tmp/Jsoup_57-prompt_apr_6-qwen-turbo/src/main/java/org/jsoup/nodes/Attributes.java:123: error: cannot find symbol\n    [javac] attributes.remove(attrKey);            if (attrKey.equalsIgnoreCase(key))\n    [javac]                   ^\n    [javac]   symbol:   variable attrKey\n    [javac]   location: class Attributes\n    [javac] /data/cmd/Ming/llm-fl-apr/tmp/Jsoup_57-prompt_apr_6-qwen-turbo/src/main/java/org/jsoup/nodes/Attributes.java:123: error: cannot find symbol\n    [javac] attributes.remove(attrKey);            if (attrKey.equalsIgnoreCase(key))\n    [javac]                                            ^\n    [javac]   symbol:   variable attrKey\n    [javac]   location: class Attributes\n    [javac] /data/cmd/Ming/llm-fl-apr/tmp/Jsoup_57-prompt_apr_6-qwen-turbo/src/main/java/org/jsoup/nodes/Attributes.java:124: error: cannot find symbol\n    [javac]                 attributes.remove(attrKey);\n    [javac]                                   ^\n    [javac]   symbol:   variable attrKey\n    [javac]   location: class Attributes\n    [javac] 3 errors\n    [javac] 100 warnings\n\nBUILD FAILED\n/data/cmd/Ming/llm-fl-apr/tmp/Jsoup_57-prompt_apr_6-qwen-turbo/maven-build.xml:77: Compile failed; see the compiler error output for details.\n\nTotal time: 6 seconds\nCannot compile sources! at /data/cmd/Ming/LLM_Based-Mutation/tools/mutant/defects4j-2.1.0/framework/bin/d4j/d4j-compile line 82.\nCompilation failed in require at /data/cmd/Ming/LLM_Based-Mutation/tools/mutant/defects4j-2.1.0/framework/bin/defects4j line 195.\n"
                }
            },
            "doubao-pro-4k": {
                "compile": {
                    "rc": 0,
                    "so": "",
                    "se": "Running ant (compile)...................................................... OK\nRunning ant (compile.tests)................................................ OK\n"
                },
                "test": {
                    "rc": 0,
                    "so": "Failing tests: 1\n  - org.jsoup.nodes.ElementTest::testChainedRemoveAttributes\n",
                    "se": "Running ant (compile.tests)................................................ OK\nRunning ant (run.dev.tests)................................................ OK\n"
                }
            },
            "gpt-4o-mini": {
                "compile": {
                    "rc": 1,
                    "so": "",
                    "se": "Running ant (compile)...................................................... FAIL\nExecuted command:  cd /data/cmd/Ming/llm-fl-apr/tmp/Jsoup_57-prompt_apr_6-gpt-4o-mini && /data/cmd/Ming/LLM_Based-Mutation/tools/mutant/defects4j-2.1.0/major/bin/ant -f /data/cmd/Ming/LLM_Based-Mutation/tools/mutant/defects4j-2.1.0/framework/projects/defects4j.build.xml -Dd4j.home=/data/cmd/Ming/LLM_Based-Mutation/tools/mutant/defects4j-2.1.0 -Dd4j.dir.projects=/data/cmd/Ming/LLM_Based-Mutation/tools/mutant/defects4j-2.1.0/framework/projects -Dbasedir=/data/cmd/Ming/llm-fl-apr/tmp/Jsoup_57-prompt_apr_6-gpt-4o-mini -Dbuild.compiler=javac1.7  compile 2>&1\nJava HotSpot(TM) 64-Bit Server VM warning: ignoring option MaxPermSize=1G; support was removed in 8.0\nBuildfile: /data/cmd/Ming/LLM_Based-Mutation/tools/mutant/defects4j-2.1.0/framework/projects/defects4j.build.xml\n\ntest-offline:\n\nget-deps:\n\njsoup-from-maven.compile:\n    [mkdir] Created dir: /data/cmd/Ming/llm-fl-apr/tmp/Jsoup_57-prompt_apr_6-gpt-4o-mini/target/classes\n    [javac] /data/cmd/Ming/llm-fl-apr/tmp/Jsoup_57-prompt_apr_6-gpt-4o-mini/maven-build.xml:77: warning: 'includeantruntime' was not set, defaulting to build.sysclasspath=last; set to false for repeatable builds\n    [javac] Compiling 57 source files to /data/cmd/Ming/llm-fl-apr/tmp/Jsoup_57-prompt_apr_6-gpt-4o-mini/target/classes\n    [javac] warning: [options] bootstrap class path not set in conjunction with -source 1.5\n    [javac] /data/cmd/Ming/llm-fl-apr/tmp/Jsoup_57-prompt_apr_6-gpt-4o-mini/src/main/java/org/jsoup/nodes/Attributes.java:133: error: illegal start of expression\n    [javac]     public boolean hasKey(String key) {\n    [javac]     ^\n    [javac] /data/cmd/Ming/llm-fl-apr/tmp/Jsoup_57-prompt_apr_6-gpt-4o-mini/src/main/java/org/jsoup/nodes/Attributes.java:133: error: ';' expected\n    [javac]     public boolean hasKey(String key) {\n    [javac]                          ^\n    [javac] /data/cmd/Ming/llm-fl-apr/tmp/Jsoup_57-prompt_apr_6-gpt-4o-mini/src/main/java/org/jsoup/nodes/Attributes.java:133: error: ';' expected\n    [javac]     public boolean hasKey(String key) {\n    [javac]                                     ^\n    [javac] /data/cmd/Ming/llm-fl-apr/tmp/Jsoup_57-prompt_apr_6-gpt-4o-mini/src/main/java/org/jsoup/nodes/Attributes.java:142: error: illegal start of expression\n    [javac]     public boolean hasKeyIgnoreCase(String key) {\n    [javac]     ^\n    [javac] /data/cmd/Ming/llm-fl-apr/tmp/Jsoup_57-prompt_apr_6-gpt-4o-mini/src/main/java/org/jsoup/nodes/Attributes.java:142: error: ';' expected\n    [javac]     public boolean hasKeyIgnoreCase(String key) {\n    [javac]                                    ^\n    [javac] /data/cmd/Ming/llm-fl-apr/tmp/Jsoup_57-prompt_apr_6-gpt-4o-mini/src/main/java/org/jsoup/nodes/Attributes.java:142: error: ';' expected\n    [javac]     public boolean hasKeyIgnoreCase(String key) {\n    [javac]                                               ^\n    [javac] /data/cmd/Ming/llm-fl-apr/tmp/Jsoup_57-prompt_apr_6-gpt-4o-mini/src/main/java/org/jsoup/nodes/Attributes.java:156: error: illegal start of expression\n    [javac]     public int size() {\n    [javac]     ^\n    [javac] /data/cmd/Ming/llm-fl-apr/tmp/Jsoup_57-prompt_apr_6-gpt-4o-mini/src/main/java/org/jsoup/nodes/Attributes.java:156: error: ';' expected\n    [javac]     public int size() {\n    [javac]                    ^\n    [javac] /data/cmd/Ming/llm-fl-apr/tmp/Jsoup_57-prompt_apr_6-gpt-4o-mini/src/main/java/org/jsoup/nodes/Attributes.java:166: error: illegal start of expression\n    [javac]     public void addAll(Attributes incoming) {\n    [javac]     ^\n    [javac] /data/cmd/Ming/llm-fl-apr/tmp/Jsoup_57-prompt_apr_6-gpt-4o-mini/src/main/java/org/jsoup/nodes/Attributes.java:166: error: illegal start of expression\n    [javac]     public void addAll(Attributes incoming) {\n    [javac]            ^\n    [javac] /data/cmd/Ming/llm-fl-apr/tmp/Jsoup_57-prompt_apr_6-gpt-4o-mini/src/main/java/org/jsoup/nodes/Attributes.java:166: error: ';' expected\n    [javac]     public void addAll(Attributes incoming) {\n    [javac]                       ^\n    [javac] /data/cmd/Ming/llm-fl-apr/tmp/Jsoup_57-prompt_apr_6-gpt-4o-mini/src/main/java/org/jsoup/nodes/Attributes.java:166: error: ';' expected\n    [javac]     public void addAll(Attributes incoming) {\n    [javac]                                           ^\n    [javac] /data/cmd/Ming/llm-fl-apr/tmp/Jsoup_57-prompt_apr_6-gpt-4o-mini/src/main/java/org/jsoup/nodes/Attributes.java:174: error: illegal start of expression\n    [javac]     public Iterator<Attribute> iterator() {\n    [javac]     ^\n    [javac] /data/cmd/Ming/llm-fl-apr/tmp/Jsoup_57-prompt_apr_6-gpt-4o-mini/src/main/java/org/jsoup/nodes/Attributes.java:174: error: ';' expected\n    [javac]     public Iterator<Attribute> iterator() {\n    [javac]                                        ^\n    [javac] /data/cmd/Ming/llm-fl-apr/tmp/Jsoup_57-prompt_apr_6-gpt-4o-mini/src/main/java/org/jsoup/nodes/Attributes.java:187: error: illegal start of expression\n    [javac]     public List<Attribute> asList() {\n    [javac]     ^\n    [javac] /data/cmd/Ming/llm-fl-apr/tmp/Jsoup_57-prompt_apr_6-gpt-4o-mini/src/main/java/org/jsoup/nodes/Attributes.java:187: error: ';' expected\n    [javac]     public List<Attribute> asList() {\n    [javac]                                  ^\n    [javac] /data/cmd/Ming/llm-fl-apr/tmp/Jsoup_57-prompt_apr_6-gpt-4o-mini/src/main/java/org/jsoup/nodes/Attributes.java:203: error: illegal start of expression\n    [javac]     public Map<String, String> dataset() {\n    [javac]     ^\n    [javac] /data/cmd/Ming/llm-fl-apr/tmp/Jsoup_57-prompt_apr_6-gpt-4o-mini/src/main/java/org/jsoup/nodes/Attributes.java:203: error: ';' expected\n    [javac]     public Map<String, String> dataset() {\n    [javac]                                       ^\n    [javac] /data/cmd/Ming/llm-fl-apr/tmp/Jsoup_57-prompt_apr_6-gpt-4o-mini/src/main/java/org/jsoup/nodes/Attributes.java:212: error: illegal start of expression\n    [javac]     public String html() {\n    [javac]     ^\n    [javac] /data/cmd/Ming/llm-fl-apr/tmp/Jsoup_57-prompt_apr_6-gpt-4o-mini/src/main/java/org/jsoup/nodes/Attributes.java:212: error: ';' expected\n    [javac]     public String html() {\n    [javac]                       ^\n    [javac] /data/cmd/Ming/llm-fl-apr/tmp/Jsoup_57-prompt_apr_6-gpt-4o-mini/src/main/java/org/jsoup/nodes/Attributes.java:222: error: illegal start of expression\n    [javac]     void html(Appendable accum, Document.OutputSettings out) throws IOException {\n    [javac]     ^\n    [javac] /data/cmd/Ming/llm-fl-apr/tmp/Jsoup_57-prompt_apr_6-gpt-4o-mini/src/main/java/org/jsoup/nodes/Attributes.java:222: error: ';' expected\n    [javac]     void html(Appendable accum, Document.OutputSettings out) throws IOException {\n    [javac]              ^\n    [javac] /data/cmd/Ming/llm-fl-apr/tmp/Jsoup_57-prompt_apr_6-gpt-4o-mini/src/main/java/org/jsoup/nodes/Attributes.java:222: error: ';' expected\n    [javac]     void html(Appendable accum, Document.OutputSettings out) throws IOException {\n    [javac]                                         ^\n    [javac] /data/cmd/Ming/llm-fl-apr/tmp/Jsoup_57-prompt_apr_6-gpt-4o-mini/src/main/java/org/jsoup/nodes/Attributes.java:222: error: ';' expected\n    [javac]     void html(Appendable accum, Document.OutputSettings out) throws IOException {\n    [javac]                                                            ^\n    [javac] /data/cmd/Ming/llm-fl-apr/tmp/Jsoup_57-prompt_apr_6-gpt-4o-mini/src/main/java/org/jsoup/nodes/Attributes.java:222: error: not a statement\n    [javac]     void html(Appendable accum, Document.OutputSettings out) throws IOException {\n    [javac]                                                                     ^\n    [javac] /data/cmd/Ming/llm-fl-apr/tmp/Jsoup_57-prompt_apr_6-gpt-4o-mini/src/main/java/org/jsoup/nodes/Attributes.java:222: error: ';' expected\n    [javac]     void html(Appendable accum, Document.OutputSettings out) throws IOException {\n    [javac]                                                                                ^\n    [javac] /data/cmd/Ming/llm-fl-apr/tmp/Jsoup_57-prompt_apr_6-gpt-4o-mini/src/main/java/org/jsoup/nodes/Attributes.java:234: error: ';' expected\n    [javac]     public String toString() {\n    [javac]                           ^\n    [javac] /data/cmd/Ming/llm-fl-apr/tmp/Jsoup_57-prompt_apr_6-gpt-4o-mini/src/main/java/org/jsoup/nodes/Attributes.java:244: error: ';' expected\n    [javac]     public boolean equals(Object o) {\n    [javac]                          ^\n    [javac] /data/cmd/Ming/llm-fl-apr/tmp/Jsoup_57-prompt_apr_6-gpt-4o-mini/src/main/java/org/jsoup/nodes/Attributes.java:244: error: ';' expected\n    [javac]     public boolean equals(Object o) {\n    [javac]                                   ^\n    [javac] /data/cmd/Ming/llm-fl-apr/tmp/Jsoup_57-prompt_apr_6-gpt-4o-mini/src/main/java/org/jsoup/nodes/Attributes.java:258: error: ';' expected\n    [javac]     public int hashCode() {\n    [javac]                        ^\n    [javac] /data/cmd/Ming/llm-fl-apr/tmp/Jsoup_57-prompt_apr_6-gpt-4o-mini/src/main/java/org/jsoup/nodes/Attributes.java:263: error: ';' expected\n    [javac]     public Attributes clone() {\n    [javac]                            ^\n    [javac] /data/cmd/Ming/llm-fl-apr/tmp/Jsoup_57-prompt_apr_6-gpt-4o-mini/src/main/java/org/jsoup/nodes/Attributes.java:279: error: illegal start of expression\n    [javac]     private class Dataset extends AbstractMap<String, String> {\n    [javac]     ^\n    [javac] /data/cmd/Ming/llm-fl-apr/tmp/Jsoup_57-prompt_apr_6-gpt-4o-mini/src/main/java/org/jsoup/nodes/Attributes.java:338: error: illegal start of expression\n    [javac]     private static String dataKey(String key) {\n    [javac]     ^\n    [javac] /data/cmd/Ming/llm-fl-apr/tmp/Jsoup_57-prompt_apr_6-gpt-4o-mini/src/main/java/org/jsoup/nodes/Attributes.java:338: error: illegal start of expression\n    [javac]     private static String dataKey(String key) {\n    [javac]             ^\n    [javac] /data/cmd/Ming/llm-fl-apr/tmp/Jsoup_57-prompt_apr_6-gpt-4o-mini/src/main/java/org/jsoup/nodes/Attributes.java:338: error: ';' expected\n    [javac]     private static String dataKey(String key) {\n    [javac]                          ^\n    [javac] /data/cmd/Ming/llm-fl-apr/tmp/Jsoup_57-prompt_apr_6-gpt-4o-mini/src/main/java/org/jsoup/nodes/Attributes.java:338: error: ')' expected\n    [javac]     private static String dataKey(String key) {\n    [javac]                                         ^\n    [javac] /data/cmd/Ming/llm-fl-apr/tmp/Jsoup_57-prompt_apr_6-gpt-4o-mini/src/main/java/org/jsoup/nodes/Attributes.java:338: error: illegal start of expression\n    [javac]     private static String dataKey(String key) {\n    [javac]                                             ^\n    [javac] /data/cmd/Ming/llm-fl-apr/tmp/Jsoup_57-prompt_apr_6-gpt-4o-mini/src/main/java/org/jsoup/nodes/Attributes.java:338: error: ';' expected\n    [javac]     private static String dataKey(String key) {\n    [javac]                                              ^\n    [javac] 38 errors\n    [javac] 1 warning\n\nBUILD FAILED\n/data/cmd/Ming/llm-fl-apr/tmp/Jsoup_57-prompt_apr_6-gpt-4o-mini/maven-build.xml:77: Compile failed; see the compiler error output for details.\n\nTotal time: 2 seconds\nCannot compile sources! at /data/cmd/Ming/LLM_Based-Mutation/tools/mutant/defects4j-2.1.0/framework/bin/d4j/d4j-compile line 82.\nCompilation failed in require at /data/cmd/Ming/LLM_Based-Mutation/tools/mutant/defects4j-2.1.0/framework/bin/defects4j line 195.\n"
                }
            },
            "deepseek-chat": {
                "compile": {
                    "rc": 0,
                    "so": "",
                    "se": "Running ant (compile)...................................................... OK\nRunning ant (compile.tests)................................................ OK\n"
                },
                "test": {
                    "rc": 0,
                    "so": "Failing tests: 1\n  - org.jsoup.nodes.ElementTest::testChainedRemoveAttributes\n",
                    "se": "Running ant (compile.tests)................................................ OK\nRunning ant (run.dev.tests)................................................ OK\n"
                }
            }
        }
    }
}