{
    "overall_status": {
        "prompt_apr_1": {
            "ernie-3.5-128k": "Compile failed",
            "qwen-turbo": "Compile failed",
            "doubao-pro-4k": "Fail some tests",
            "gpt-4o-mini": "Fail some tests",
            "deepseek-chat": "Fail some tests"
        },
        "prompt_apr_2": {
            "ernie-3.5-128k": "Compile failed",
            "qwen-turbo": "Fail some tests",
            "doubao-pro-4k": "Fail some tests",
            "gpt-4o-mini": "Fail some tests",
            "deepseek-chat": "Compile failed"
        },
        "prompt_apr_3": {
            "ernie-3.5-128k": "Compile failed",
            "qwen-turbo": "Compile failed",
            "doubao-pro-4k": "Fail some tests",
            "gpt-4o-mini": "Compile failed",
            "deepseek-chat": "Compile failed"
        },
        "prompt_apr_4": {
            "ernie-3.5-128k": "Compile failed",
            "qwen-turbo": "Compile failed",
            "doubao-pro-4k": "Compile failed",
            "gpt-4o-mini": "Compile failed",
            "deepseek-chat": "Compile failed"
        },
        "prompt_apr_5": {
            "ernie-3.5-128k": "Compile failed",
            "qwen-turbo": "Fail some tests",
            "doubao-pro-4k": "Compile failed",
            "gpt-4o-mini": "Fail some tests",
            "deepseek-chat": "Fail some tests"
        },
        "prompt_apr_6": {
            "ernie-3.5-128k": "Compile failed",
            "qwen-turbo": "Compile failed",
            "doubao-pro-4k": "Compile failed",
            "gpt-4o-mini": "Compile failed",
            "deepseek-chat": "Compile failed"
        }
    },
    "check_results_list": {
        "prompt_apr_1": {
            "ernie-3.5-128k": {
                "compile": {
                    "rc": 1,
                    "so": "",
                    "se": "Running ant (compile)...................................................... FAIL\nExecuted command:  cd /data/cmd/Ming/llm-fl-apr/tmp/Jsoup_7-prompt_apr_1-ernie-3.5-128k && /data/cmd/Ming/LLM_Based-Mutation/tools/mutant/defects4j-2.1.0/major/bin/ant -f /data/cmd/Ming/LLM_Based-Mutation/tools/mutant/defects4j-2.1.0/framework/projects/defects4j.build.xml -Dd4j.home=/data/cmd/Ming/LLM_Based-Mutation/tools/mutant/defects4j-2.1.0 -Dd4j.dir.projects=/data/cmd/Ming/LLM_Based-Mutation/tools/mutant/defects4j-2.1.0/framework/projects -Dbasedir=/data/cmd/Ming/llm-fl-apr/tmp/Jsoup_7-prompt_apr_1-ernie-3.5-128k -Dbuild.compiler=javac1.7  compile 2>&1\nJava HotSpot(TM) 64-Bit Server VM warning: ignoring option MaxPermSize=1G; support was removed in 8.0\nBuildfile: /data/cmd/Ming/LLM_Based-Mutation/tools/mutant/defects4j-2.1.0/framework/projects/defects4j.build.xml\n\ntest-offline:\n\nget-deps:\n\njsoup-from-maven.compile:\n    [mkdir] Created dir: /data/cmd/Ming/llm-fl-apr/tmp/Jsoup_7-prompt_apr_1-ernie-3.5-128k/target/classes\n    [javac] /data/cmd/Ming/llm-fl-apr/tmp/Jsoup_7-prompt_apr_1-ernie-3.5-128k/maven-build.xml:74: warning: 'includeantruntime' was not set, defaulting to build.sysclasspath=last; set to false for repeatable builds\n    [javac] Compiling 34 source files to /data/cmd/Ming/llm-fl-apr/tmp/Jsoup_7-prompt_apr_1-ernie-3.5-128k/target/classes\n    [javac] warning: [options] bootstrap class path not set in conjunction with -source 1.5\n    [javac] /data/cmd/Ming/llm-fl-apr/tmp/Jsoup_7-prompt_apr_1-ernie-3.5-128k/src/main/java/org/jsoup/nodes/Document.java:153: error: <identifier> expected\n    [javac] Certainly! Here is the complete corrected method:\n    [javac]          ^\n    [javac] /data/cmd/Ming/llm-fl-apr/tmp/Jsoup_7-prompt_apr_1-ernie-3.5-128k/src/main/java/org/jsoup/nodes/Document.java:153: error: ';' expected\n    [javac] Certainly! Here is the complete corrected method:\n    [javac]                   ^\n    [javac] /data/cmd/Ming/llm-fl-apr/tmp/Jsoup_7-prompt_apr_1-ernie-3.5-128k/src/main/java/org/jsoup/nodes/Document.java:153: error: ';' expected\n    [javac] Certainly! Here is the complete corrected method:\n    [javac]                                ^\n    [javac] /data/cmd/Ming/llm-fl-apr/tmp/Jsoup_7-prompt_apr_1-ernie-3.5-128k/src/main/java/org/jsoup/nodes/Document.java:153: error: ';' expected\n    [javac] Certainly! Here is the complete corrected method:\n    [javac]                                                 ^\n    [javac] 4 errors\n    [javac] 1 warning\n\nBUILD FAILED\n/data/cmd/Ming/llm-fl-apr/tmp/Jsoup_7-prompt_apr_1-ernie-3.5-128k/maven-build.xml:74: Compile failed; see the compiler error output for details.\n\nTotal time: 2 seconds\nCannot compile sources! at /data/cmd/Ming/LLM_Based-Mutation/tools/mutant/defects4j-2.1.0/framework/bin/d4j/d4j-compile line 82.\nCompilation failed in require at /data/cmd/Ming/LLM_Based-Mutation/tools/mutant/defects4j-2.1.0/framework/bin/defects4j line 195.\n"
                }
            },
            "qwen-turbo": {
                "compile": {
                    "rc": 1,
                    "so": "",
                    "se": "Running ant (compile)...................................................... FAIL\nExecuted command:  cd /data/cmd/Ming/llm-fl-apr/tmp/Jsoup_7-prompt_apr_1-qwen-turbo && /data/cmd/Ming/LLM_Based-Mutation/tools/mutant/defects4j-2.1.0/major/bin/ant -f /data/cmd/Ming/LLM_Based-Mutation/tools/mutant/defects4j-2.1.0/framework/projects/defects4j.build.xml -Dd4j.home=/data/cmd/Ming/LLM_Based-Mutation/tools/mutant/defects4j-2.1.0 -Dd4j.dir.projects=/data/cmd/Ming/LLM_Based-Mutation/tools/mutant/defects4j-2.1.0/framework/projects -Dbasedir=/data/cmd/Ming/llm-fl-apr/tmp/Jsoup_7-prompt_apr_1-qwen-turbo -Dbuild.compiler=javac1.7  compile 2>&1\nJava HotSpot(TM) 64-Bit Server VM warning: ignoring option MaxPermSize=1G; support was removed in 8.0\nBuildfile: /data/cmd/Ming/LLM_Based-Mutation/tools/mutant/defects4j-2.1.0/framework/projects/defects4j.build.xml\n\ntest-offline:\n\nget-deps:\n\njsoup-from-maven.compile:\n    [mkdir] Created dir: /data/cmd/Ming/llm-fl-apr/tmp/Jsoup_7-prompt_apr_1-qwen-turbo/target/classes\n    [javac] /data/cmd/Ming/llm-fl-apr/tmp/Jsoup_7-prompt_apr_1-qwen-turbo/maven-build.xml:74: warning: 'includeantruntime' was not set, defaulting to build.sysclasspath=last; set to false for repeatable builds\n    [javac] Compiling 34 source files to /data/cmd/Ming/llm-fl-apr/tmp/Jsoup_7-prompt_apr_1-qwen-turbo/target/classes\n    [javac] warning: [options] bootstrap class path not set in conjunction with -source 1.5\n    [javac] /data/cmd/Ming/llm-fl-apr/tmp/Jsoup_7-prompt_apr_1-qwen-turbo/src/main/java/org/jsoup/nodes/Document.java:153: error: illegal character: \\96\n    [javac] ```java\n    [javac] ^\n    [javac] /data/cmd/Ming/llm-fl-apr/tmp/Jsoup_7-prompt_apr_1-qwen-turbo/src/main/java/org/jsoup/nodes/Document.java:153: error: illegal character: \\96\n    [javac] ```java\n    [javac]  ^\n    [javac] /data/cmd/Ming/llm-fl-apr/tmp/Jsoup_7-prompt_apr_1-qwen-turbo/src/main/java/org/jsoup/nodes/Document.java:153: error: illegal character: \\96\n    [javac] ```java\n    [javac]   ^\n    [javac] /data/cmd/Ming/llm-fl-apr/tmp/Jsoup_7-prompt_apr_1-qwen-turbo/src/main/java/org/jsoup/nodes/Document.java:158: error: illegal character: \\96\n    [javac] ```\n    [javac] ^\n    [javac] /data/cmd/Ming/llm-fl-apr/tmp/Jsoup_7-prompt_apr_1-qwen-turbo/src/main/java/org/jsoup/nodes/Document.java:158: error: illegal character: \\96\n    [javac] ```\n    [javac]  ^\n    [javac] /data/cmd/Ming/llm-fl-apr/tmp/Jsoup_7-prompt_apr_1-qwen-turbo/src/main/java/org/jsoup/nodes/Document.java:158: error: illegal character: \\96\n    [javac] ```\n    [javac]   ^\n    [javac] /data/cmd/Ming/llm-fl-apr/tmp/Jsoup_7-prompt_apr_1-qwen-turbo/src/main/java/org/jsoup/nodes/Document.java:164: error: <identifier> expected\n    [javac]     @Override\n    [javac]              ^\n    [javac] 7 errors\n    [javac] 1 warning\n\nBUILD FAILED\n/data/cmd/Ming/llm-fl-apr/tmp/Jsoup_7-prompt_apr_1-qwen-turbo/maven-build.xml:74: Compile failed; see the compiler error output for details.\n\nTotal time: 2 seconds\nCannot compile sources! at /data/cmd/Ming/LLM_Based-Mutation/tools/mutant/defects4j-2.1.0/framework/bin/d4j/d4j-compile line 82.\nCompilation failed in require at /data/cmd/Ming/LLM_Based-Mutation/tools/mutant/defects4j-2.1.0/framework/bin/defects4j line 195.\n"
                }
            },
            "doubao-pro-4k": {
                "compile": {
                    "rc": 0,
                    "so": "",
                    "se": "Running ant (compile)...................................................... OK\nRunning ant (compile.tests)................................................ OK\n"
                },
                "test": {
                    "rc": 0,
                    "so": "Failing tests: 2\n  - org.jsoup.nodes.DocumentTest::testNormalisesStructure\n  - org.jsoup.nodes.ElementTest::testOuterHtml\n",
                    "se": "Running ant (compile.tests)................................................ OK\nRunning ant (run.dev.tests)................................................ OK\n"
                }
            },
            "gpt-4o-mini": {
                "compile": {
                    "rc": 0,
                    "so": "",
                    "se": "Running ant (compile)...................................................... OK\nRunning ant (compile.tests)................................................ OK\n"
                },
                "test": {
                    "rc": 0,
                    "so": "Failing tests: 2\n  - org.jsoup.nodes.DocumentTest::testNormalisesStructure\n  - org.jsoup.nodes.ElementTest::testOuterHtml\n",
                    "se": "Running ant (compile.tests)................................................ OK\nRunning ant (run.dev.tests)................................................ OK\n"
                }
            },
            "deepseek-chat": {
                "compile": {
                    "rc": 0,
                    "so": "",
                    "se": "Running ant (compile)...................................................... OK\nRunning ant (compile.tests)................................................ OK\n"
                },
                "test": {
                    "rc": 0,
                    "so": "Failing tests: 2\n  - org.jsoup.nodes.DocumentTest::testNormalisesStructure\n  - org.jsoup.nodes.ElementTest::testOuterHtml\n",
                    "se": "Running ant (compile.tests)................................................ OK\nRunning ant (run.dev.tests)................................................ OK\n"
                }
            }
        },
        "prompt_apr_2": {
            "ernie-3.5-128k": {
                "compile": {
                    "rc": 1,
                    "so": "",
                    "se": "Running ant (compile)...................................................... FAIL\nExecuted command:  cd /data/cmd/Ming/llm-fl-apr/tmp/Jsoup_7-prompt_apr_2-ernie-3.5-128k && /data/cmd/Ming/LLM_Based-Mutation/tools/mutant/defects4j-2.1.0/major/bin/ant -f /data/cmd/Ming/LLM_Based-Mutation/tools/mutant/defects4j-2.1.0/framework/projects/defects4j.build.xml -Dd4j.home=/data/cmd/Ming/LLM_Based-Mutation/tools/mutant/defects4j-2.1.0 -Dd4j.dir.projects=/data/cmd/Ming/LLM_Based-Mutation/tools/mutant/defects4j-2.1.0/framework/projects -Dbasedir=/data/cmd/Ming/llm-fl-apr/tmp/Jsoup_7-prompt_apr_2-ernie-3.5-128k -Dbuild.compiler=javac1.7  compile 2>&1\nJava HotSpot(TM) 64-Bit Server VM warning: ignoring option MaxPermSize=1G; support was removed in 8.0\nBuildfile: /data/cmd/Ming/LLM_Based-Mutation/tools/mutant/defects4j-2.1.0/framework/projects/defects4j.build.xml\n\ntest-offline:\n\nget-deps:\n\njsoup-from-maven.compile:\n    [mkdir] Created dir: /data/cmd/Ming/llm-fl-apr/tmp/Jsoup_7-prompt_apr_2-ernie-3.5-128k/target/classes\n    [javac] /data/cmd/Ming/llm-fl-apr/tmp/Jsoup_7-prompt_apr_2-ernie-3.5-128k/maven-build.xml:74: warning: 'includeantruntime' was not set, defaulting to build.sysclasspath=last; set to false for repeatable builds\n    [javac] Compiling 34 source files to /data/cmd/Ming/llm-fl-apr/tmp/Jsoup_7-prompt_apr_2-ernie-3.5-128k/target/classes\n    [javac] warning: [options] bootstrap class path not set in conjunction with -source 1.5\n    [javac] /data/cmd/Ming/llm-fl-apr/tmp/Jsoup_7-prompt_apr_2-ernie-3.5-128k/src/main/java/org/jsoup/nodes/Document.java:153: error: <identifier> expected\n    [javac] Sure, here is the corrected method. Based on the context, it seems like you want to override the `outerHtml()` method to return the HTML without an outer wrapper tag, but you are incorrectly calling `super.html()` which might not be the correct method to call. Assuming you have a base class with a proper `html()` method that returns the inner HTML, and you want to define `outerHtml()` to include some wrapper, but in this case, you don't want the wrapper, so you'll directly use the inner HTML. However, typically, `outerHtml()` should include some form of outer tag. If your intention is truly as stated (no outer wrapper), you might need to review if this is the correct design.\n    [javac]     ^\n    [javac] /data/cmd/Ming/llm-fl-apr/tmp/Jsoup_7-prompt_apr_2-ernie-3.5-128k/src/main/java/org/jsoup/nodes/Document.java:153: error: ';' expected\n    [javac] Sure, here is the corrected method. Based on the context, it seems like you want to override the `outerHtml()` method to return the HTML without an outer wrapper tag, but you are incorrectly calling `super.html()` which might not be the correct method to call. Assuming you have a base class with a proper `html()` method that returns the inner HTML, and you want to define `outerHtml()` to include some wrapper, but in this case, you don't want the wrapper, so you'll directly use the inner HTML. However, typically, `outerHtml()` should include some form of outer tag. If your intention is truly as stated (no outer wrapper), you might need to review if this is the correct design.\n    [javac]           ^\n    [javac] /data/cmd/Ming/llm-fl-apr/tmp/Jsoup_7-prompt_apr_2-ernie-3.5-128k/src/main/java/org/jsoup/nodes/Document.java:153: error: ';' expected\n    [javac] Sure, here is the corrected method. Based on the context, it seems like you want to override the `outerHtml()` method to return the HTML without an outer wrapper tag, but you are incorrectly calling `super.html()` which might not be the correct method to call. Assuming you have a base class with a proper `html()` method that returns the inner HTML, and you want to define `outerHtml()` to include some wrapper, but in this case, you don't want the wrapper, so you'll directly use the inner HTML. However, typically, `outerHtml()` should include some form of outer tag. If your intention is truly as stated (no outer wrapper), you might need to review if this is the correct design.\n    [javac]                  ^\n    [javac] /data/cmd/Ming/llm-fl-apr/tmp/Jsoup_7-prompt_apr_2-ernie-3.5-128k/src/main/java/org/jsoup/nodes/Document.java:153: error: ';' expected\n    [javac] Sure, here is the corrected method. Based on the context, it seems like you want to override the `outerHtml()` method to return the HTML without an outer wrapper tag, but you are incorrectly calling `super.html()` which might not be the correct method to call. Assuming you have a base class with a proper `html()` method that returns the inner HTML, and you want to define `outerHtml()` to include some wrapper, but in this case, you don't want the wrapper, so you'll directly use the inner HTML. However, typically, `outerHtml()` should include some form of outer tag. If your intention is truly as stated (no outer wrapper), you might need to review if this is the correct design.\n    [javac]                                   ^\n    [javac] /data/cmd/Ming/llm-fl-apr/tmp/Jsoup_7-prompt_apr_2-ernie-3.5-128k/src/main/java/org/jsoup/nodes/Document.java:153: error: ';' expected\n    [javac] Sure, here is the corrected method. Based on the context, it seems like you want to override the `outerHtml()` method to return the HTML without an outer wrapper tag, but you are incorrectly calling `super.html()` which might not be the correct method to call. Assuming you have a base class with a proper `html()` method that returns the inner HTML, and you want to define `outerHtml()` to include some wrapper, but in this case, you don't want the wrapper, so you'll directly use the inner HTML. However, typically, `outerHtml()` should include some form of outer tag. If your intention is truly as stated (no outer wrapper), you might need to review if this is the correct design.\n    [javac]                                             ^\n    [javac] /data/cmd/Ming/llm-fl-apr/tmp/Jsoup_7-prompt_apr_2-ernie-3.5-128k/src/main/java/org/jsoup/nodes/Document.java:153: error: ';' expected\n    [javac] Sure, here is the corrected method. Based on the context, it seems like you want to override the `outerHtml()` method to return the HTML without an outer wrapper tag, but you are incorrectly calling `super.html()` which might not be the correct method to call. Assuming you have a base class with a proper `html()` method that returns the inner HTML, and you want to define `outerHtml()` to include some wrapper, but in this case, you don't want the wrapper, so you'll directly use the inner HTML. However, typically, `outerHtml()` should include some form of outer tag. If your intention is truly as stated (no outer wrapper), you might need to review if this is the correct design.\n    [javac]                                                             ^\n    [javac] /data/cmd/Ming/llm-fl-apr/tmp/Jsoup_7-prompt_apr_2-ernie-3.5-128k/src/main/java/org/jsoup/nodes/Document.java:153: error: ';' expected\n    [javac] Sure, here is the corrected method. Based on the context, it seems like you want to override the `outerHtml()` method to return the HTML without an outer wrapper tag, but you are incorrectly calling `super.html()` which might not be the correct method to call. Assuming you have a base class with a proper `html()` method that returns the inner HTML, and you want to define `outerHtml()` to include some wrapper, but in this case, you don't want the wrapper, so you'll directly use the inner HTML. However, typically, `outerHtml()` should include some form of outer tag. If your intention is truly as stated (no outer wrapper), you might need to review if this is the correct design.\n    [javac]                                                                        ^\n    [javac] /data/cmd/Ming/llm-fl-apr/tmp/Jsoup_7-prompt_apr_2-ernie-3.5-128k/src/main/java/org/jsoup/nodes/Document.java:153: error: ';' expected\n    [javac] Sure, here is the corrected method. Based on the context, it seems like you want to override the `outerHtml()` method to return the HTML without an outer wrapper tag, but you are incorrectly calling `super.html()` which might not be the correct method to call. Assuming you have a base class with a proper `html()` method that returns the inner HTML, and you want to define `outerHtml()` to include some wrapper, but in this case, you don't want the wrapper, so you'll directly use the inner HTML. However, typically, `outerHtml()` should include some form of outer tag. If your intention is truly as stated (no outer wrapper), you might need to review if this is the correct design.\n    [javac]                                                                                 ^\n    [javac] /data/cmd/Ming/llm-fl-apr/tmp/Jsoup_7-prompt_apr_2-ernie-3.5-128k/src/main/java/org/jsoup/nodes/Document.java:153: error: ';' expected\n    [javac] Sure, here is the corrected method. Based on the context, it seems like you want to override the `outerHtml()` method to return the HTML without an outer wrapper tag, but you are incorrectly calling `super.html()` which might not be the correct method to call. Assuming you have a base class with a proper `html()` method that returns the inner HTML, and you want to define `outerHtml()` to include some wrapper, but in this case, you don't want the wrapper, so you'll directly use the inner HTML. However, typically, `outerHtml()` should include some form of outer tag. If your intention is truly as stated (no outer wrapper), you might need to review if this is the correct design.\n    [javac]                                                                                             ^\n    [javac] /data/cmd/Ming/llm-fl-apr/tmp/Jsoup_7-prompt_apr_2-ernie-3.5-128k/src/main/java/org/jsoup/nodes/Document.java:153: error: illegal character: \\96\n    [javac] Sure, here is the corrected method. Based on the context, it seems like you want to override the `outerHtml()` method to return the HTML without an outer wrapper tag, but you are incorrectly calling `super.html()` which might not be the correct method to call. Assuming you have a base class with a proper `html()` method that returns the inner HTML, and you want to define `outerHtml()` to include some wrapper, but in this case, you don't want the wrapper, so you'll directly use the inner HTML. However, typically, `outerHtml()` should include some form of outer tag. If your intention is truly as stated (no outer wrapper), you might need to review if this is the correct design.\n    [javac]                                                                                                  ^\n    [javac] /data/cmd/Ming/llm-fl-apr/tmp/Jsoup_7-prompt_apr_2-ernie-3.5-128k/src/main/java/org/jsoup/nodes/Document.java:153: error: invalid method declaration; return type required\n    [javac] Sure, here is the corrected method. Based on the context, it seems like you want to override the `outerHtml()` method to return the HTML without an outer wrapper tag, but you are incorrectly calling `super.html()` which might not be the correct method to call. Assuming you have a base class with a proper `html()` method that returns the inner HTML, and you want to define `outerHtml()` to include some wrapper, but in this case, you don't want the wrapper, so you'll directly use the inner HTML. However, typically, `outerHtml()` should include some form of outer tag. If your intention is truly as stated (no outer wrapper), you might need to review if this is the correct design.\n    [javac]                                                                                                   ^\n    [javac] /data/cmd/Ming/llm-fl-apr/tmp/Jsoup_7-prompt_apr_2-ernie-3.5-128k/src/main/java/org/jsoup/nodes/Document.java:153: error: illegal character: \\96\n    [javac] Sure, here is the corrected method. Based on the context, it seems like you want to override the `outerHtml()` method to return the HTML without an outer wrapper tag, but you are incorrectly calling `super.html()` which might not be the correct method to call. Assuming you have a base class with a proper `html()` method that returns the inner HTML, and you want to define `outerHtml()` to include some wrapper, but in this case, you don't want the wrapper, so you'll directly use the inner HTML. However, typically, `outerHtml()` should include some form of outer tag. If your intention is truly as stated (no outer wrapper), you might need to review if this is the correct design.\n    [javac]                                                                                                              ^\n    [javac] /data/cmd/Ming/llm-fl-apr/tmp/Jsoup_7-prompt_apr_2-ernie-3.5-128k/src/main/java/org/jsoup/nodes/Document.java:153: error: illegal character: \\96\n    [javac] Sure, here is the corrected method. Based on the context, it seems like you want to override the `outerHtml()` method to return the HTML without an outer wrapper tag, but you are incorrectly calling `super.html()` which might not be the correct method to call. Assuming you have a base class with a proper `html()` method that returns the inner HTML, and you want to define `outerHtml()` to include some wrapper, but in this case, you don't want the wrapper, so you'll directly use the inner HTML. However, typically, `outerHtml()` should include some form of outer tag. If your intention is truly as stated (no outer wrapper), you might need to review if this is the correct design.\n    [javac]                                                                                                                                                                                                        ^\n    [javac] /data/cmd/Ming/llm-fl-apr/tmp/Jsoup_7-prompt_apr_2-ernie-3.5-128k/src/main/java/org/jsoup/nodes/Document.java:153: error: illegal character: \\96\n    [javac] Sure, here is the corrected method. Based on the context, it seems like you want to override the `outerHtml()` method to return the HTML without an outer wrapper tag, but you are incorrectly calling `super.html()` which might not be the correct method to call. Assuming you have a base class with a proper `html()` method that returns the inner HTML, and you want to define `outerHtml()` to include some wrapper, but in this case, you don't want the wrapper, so you'll directly use the inner HTML. However, typically, `outerHtml()` should include some form of outer tag. If your intention is truly as stated (no outer wrapper), you might need to review if this is the correct design.\n    [javac]                                                                                                                                                                                                                     ^\n    [javac] /data/cmd/Ming/llm-fl-apr/tmp/Jsoup_7-prompt_apr_2-ernie-3.5-128k/src/main/java/org/jsoup/nodes/Document.java:153: error: '{' expected\n    [javac] Sure, here is the corrected method. Based on the context, it seems like you want to override the `outerHtml()` method to return the HTML without an outer wrapper tag, but you are incorrectly calling `super.html()` which might not be the correct method to call. Assuming you have a base class with a proper `html()` method that returns the inner HTML, and you want to define `outerHtml()` to include some wrapper, but in this case, you don't want the wrapper, so you'll directly use the inner HTML. However, typically, `outerHtml()` should include some form of outer tag. If your intention is truly as stated (no outer wrapper), you might need to review if this is the correct design.\n    [javac]                                                                                                                                                                                                                                                                                                         ^\n    [javac] /data/cmd/Ming/llm-fl-apr/tmp/Jsoup_7-prompt_apr_2-ernie-3.5-128k/src/main/java/org/jsoup/nodes/Document.java:153: error: illegal character: \\96\n    [javac] Sure, here is the corrected method. Based on the context, it seems like you want to override the `outerHtml()` method to return the HTML without an outer wrapper tag, but you are incorrectly calling `super.html()` which might not be the correct method to call. Assuming you have a base class with a proper `html()` method that returns the inner HTML, and you want to define `outerHtml()` to include some wrapper, but in this case, you don't want the wrapper, so you'll directly use the inner HTML. However, typically, `outerHtml()` should include some form of outer tag. If your intention is truly as stated (no outer wrapper), you might need to review if this is the correct design.\n    [javac]                                                                                                                                                                                                                                                                                                                   ^\n    [javac] /data/cmd/Ming/llm-fl-apr/tmp/Jsoup_7-prompt_apr_2-ernie-3.5-128k/src/main/java/org/jsoup/nodes/Document.java:153: error: illegal character: \\96\n    [javac] Sure, here is the corrected method. Based on the context, it seems like you want to override the `outerHtml()` method to return the HTML without an outer wrapper tag, but you are incorrectly calling `super.html()` which might not be the correct method to call. Assuming you have a base class with a proper `html()` method that returns the inner HTML, and you want to define `outerHtml()` to include some wrapper, but in this case, you don't want the wrapper, so you'll directly use the inner HTML. However, typically, `outerHtml()` should include some form of outer tag. If your intention is truly as stated (no outer wrapper), you might need to review if this is the correct design.\n    [javac]                                                                                                                                                                                                                                                                                                                          ^\n    [javac] /data/cmd/Ming/llm-fl-apr/tmp/Jsoup_7-prompt_apr_2-ernie-3.5-128k/src/main/java/org/jsoup/nodes/Document.java:153: error: illegal character: \\96\n    [javac] Sure, here is the corrected method. Based on the context, it seems like you want to override the `outerHtml()` method to return the HTML without an outer wrapper tag, but you are incorrectly calling `super.html()` which might not be the correct method to call. Assuming you have a base class with a proper `html()` method that returns the inner HTML, and you want to define `outerHtml()` to include some wrapper, but in this case, you don't want the wrapper, so you'll directly use the inner HTML. However, typically, `outerHtml()` should include some form of outer tag. If your intention is truly as stated (no outer wrapper), you might need to review if this is the correct design.\n    [javac]                                                                                                                                                                                                                                                                                                                                                                                       ^\n    [javac] /data/cmd/Ming/llm-fl-apr/tmp/Jsoup_7-prompt_apr_2-ernie-3.5-128k/src/main/java/org/jsoup/nodes/Document.java:153: error: illegal character: \\96\n    [javac] Sure, here is the corrected method. Based on the context, it seems like you want to override the `outerHtml()` method to return the HTML without an outer wrapper tag, but you are incorrectly calling `super.html()` which might not be the correct method to call. Assuming you have a base class with a proper `html()` method that returns the inner HTML, and you want to define `outerHtml()` to include some wrapper, but in this case, you don't want the wrapper, so you'll directly use the inner HTML. However, typically, `outerHtml()` should include some form of outer tag. If your intention is truly as stated (no outer wrapper), you might need to review if this is the correct design.\n    [javac]                                                                                                                                                                                                                                                                                                                                                                                                   ^\n    [javac] /data/cmd/Ming/llm-fl-apr/tmp/Jsoup_7-prompt_apr_2-ernie-3.5-128k/src/main/java/org/jsoup/nodes/Document.java:153: error: unclosed character literal\n    [javac] Sure, here is the corrected method. Based on the context, it seems like you want to override the `outerHtml()` method to return the HTML without an outer wrapper tag, but you are incorrectly calling `super.html()` which might not be the correct method to call. Assuming you have a base class with a proper `html()` method that returns the inner HTML, and you want to define `outerHtml()` to include some wrapper, but in this case, you don't want the wrapper, so you'll directly use the inner HTML. However, typically, `outerHtml()` should include some form of outer tag. If your intention is truly as stated (no outer wrapper), you might need to review if this is the correct design.\n    [javac]                                                                                                                                                                                                                                                                                                                                                                                                                                                       ^\n    [javac] /data/cmd/Ming/llm-fl-apr/tmp/Jsoup_7-prompt_apr_2-ernie-3.5-128k/src/main/java/org/jsoup/nodes/Document.java:153: error: unclosed character literal\n    [javac] Sure, here is the corrected method. Based on the context, it seems like you want to override the `outerHtml()` method to return the HTML without an outer wrapper tag, but you are incorrectly calling `super.html()` which might not be the correct method to call. Assuming you have a base class with a proper `html()` method that returns the inner HTML, and you want to define `outerHtml()` to include some wrapper, but in this case, you don't want the wrapper, so you'll directly use the inner HTML. However, typically, `outerHtml()` should include some form of outer tag. If your intention is truly as stated (no outer wrapper), you might need to review if this is the correct design.\n    [javac]                                                                                                                                                                                                                                                                                                                                                                                                                                                                                  ^\n    [javac] /data/cmd/Ming/llm-fl-apr/tmp/Jsoup_7-prompt_apr_2-ernie-3.5-128k/src/main/java/org/jsoup/nodes/Document.java:153: error: illegal character: \\96\n    [javac] Sure, here is the corrected method. Based on the context, it seems like you want to override the `outerHtml()` method to return the HTML without an outer wrapper tag, but you are incorrectly calling `super.html()` which might not be the correct method to call. Assuming you have a base class with a proper `html()` method that returns the inner HTML, and you want to define `outerHtml()` to include some wrapper, but in this case, you don't want the wrapper, so you'll directly use the inner HTML. However, typically, `outerHtml()` should include some form of outer tag. If your intention is truly as stated (no outer wrapper), you might need to review if this is the correct design.\n    [javac]                                                                                                                                                                                                                                                                                                                                                                                                                                                                                                                                       ^\n    [javac] /data/cmd/Ming/llm-fl-apr/tmp/Jsoup_7-prompt_apr_2-ernie-3.5-128k/src/main/java/org/jsoup/nodes/Document.java:153: error: illegal character: \\96\n    [javac] Sure, here is the corrected method. Based on the context, it seems like you want to override the `outerHtml()` method to return the HTML without an outer wrapper tag, but you are incorrectly calling `super.html()` which might not be the correct method to call. Assuming you have a base class with a proper `html()` method that returns the inner HTML, and you want to define `outerHtml()` to include some wrapper, but in this case, you don't want the wrapper, so you'll directly use the inner HTML. However, typically, `outerHtml()` should include some form of outer tag. If your intention is truly as stated (no outer wrapper), you might need to review if this is the correct design.\n    [javac]                                                                                                                                                                                                                                                                                                                                                                                                                                                                                                                                                   ^\n    [javac] /data/cmd/Ming/llm-fl-apr/tmp/Jsoup_7-prompt_apr_2-ernie-3.5-128k/src/main/java/org/jsoup/nodes/Document.java:155: error: unclosed character literal\n    [javac] Here's a possible correction assuming you just want to return the same HTML as `html()`:\n    [javac]     ^\n    [javac] /data/cmd/Ming/llm-fl-apr/tmp/Jsoup_7-prompt_apr_2-ernie-3.5-128k/src/main/java/org/jsoup/nodes/Document.java:155: error: illegal character: \\96\n    [javac] Here's a possible correction assuming you just want to return the same HTML as `html()`:\n    [javac]                                                                                ^\n    [javac] /data/cmd/Ming/llm-fl-apr/tmp/Jsoup_7-prompt_apr_2-ernie-3.5-128k/src/main/java/org/jsoup/nodes/Document.java:155: error: illegal character: \\96\n    [javac] Here's a possible correction assuming you just want to return the same HTML as `html()`:\n    [javac]                                                                                       ^\n    [javac] /data/cmd/Ming/llm-fl-apr/tmp/Jsoup_7-prompt_apr_2-ernie-3.5-128k/src/main/java/org/jsoup/nodes/Document.java:161: error: illegal character: \\96\n    [javac] If `html()` in the superclass does include an outer wrapper and you need to strip it out, you might need additional logic here, but based on your comment, this is a straightforward override assuming `html()` is correct.\n    [javac]    ^\n    [javac] /data/cmd/Ming/llm-fl-apr/tmp/Jsoup_7-prompt_apr_2-ernie-3.5-128k/src/main/java/org/jsoup/nodes/Document.java:161: error: invalid method declaration; return type required\n    [javac] If `html()` in the superclass does include an outer wrapper and you need to strip it out, you might need additional logic here, but based on your comment, this is a straightforward override assuming `html()` is correct.\n    [javac]     ^\n    [javac] /data/cmd/Ming/llm-fl-apr/tmp/Jsoup_7-prompt_apr_2-ernie-3.5-128k/src/main/java/org/jsoup/nodes/Document.java:161: error: illegal character: \\96\n    [javac] If `html()` in the superclass does include an outer wrapper and you need to strip it out, you might need additional logic here, but based on your comment, this is a straightforward override assuming `html()` is correct.\n    [javac]           ^\n    [javac] /data/cmd/Ming/llm-fl-apr/tmp/Jsoup_7-prompt_apr_2-ernie-3.5-128k/src/main/java/org/jsoup/nodes/Document.java:161: error: illegal character: \\96\n    [javac] If `html()` in the superclass does include an outer wrapper and you need to strip it out, you might need additional logic here, but based on your comment, this is a straightforward override assuming `html()` is correct.\n    [javac]                                                                                                                                                                                                        ^\n    [javac] /data/cmd/Ming/llm-fl-apr/tmp/Jsoup_7-prompt_apr_2-ernie-3.5-128k/src/main/java/org/jsoup/nodes/Document.java:161: error: illegal character: \\96\n    [javac] If `html()` in the superclass does include an outer wrapper and you need to strip it out, you might need additional logic here, but based on your comment, this is a straightforward override assuming `html()` is correct.\n    [javac]                                                                                                                                                                                                               ^\n    [javac] /data/cmd/Ming/llm-fl-apr/tmp/Jsoup_7-prompt_apr_2-ernie-3.5-128k/src/main/java/org/jsoup/nodes/Document.java:163: error: illegal character: \\96\n    [javac] Please note that this might not be the best design if `outerHtml()` by definition should include an outer tag. If `html()` already includes the necessary content and no outer tag is needed, the above code is appropriate.\n    [javac]                                                       ^\n    [javac] /data/cmd/Ming/llm-fl-apr/tmp/Jsoup_7-prompt_apr_2-ernie-3.5-128k/src/main/java/org/jsoup/nodes/Document.java:163: error: illegal character: \\96\n    [javac] Please note that this might not be the best design if `outerHtml()` by definition should include an outer tag. If `html()` already includes the necessary content and no outer tag is needed, the above code is appropriate.\n    [javac]                                                                   ^\n    [javac] /data/cmd/Ming/llm-fl-apr/tmp/Jsoup_7-prompt_apr_2-ernie-3.5-128k/src/main/java/org/jsoup/nodes/Document.java:163: error: illegal character: \\96\n    [javac] Please note that this might not be the best design if `outerHtml()` by definition should include an outer tag. If `html()` already includes the necessary content and no outer tag is needed, the above code is appropriate.\n    [javac]                                                                                                                   ^\n    [javac] /data/cmd/Ming/llm-fl-apr/tmp/Jsoup_7-prompt_apr_2-ernie-3.5-128k/src/main/java/org/jsoup/nodes/Document.java:163: error: illegal character: \\96\n    [javac] Please note that this might not be the best design if `outerHtml()` by definition should include an outer tag. If `html()` already includes the necessary content and no outer tag is needed, the above code is appropriate.\n    [javac]                                                                                                                          ^\n    [javac] /data/cmd/Ming/llm-fl-apr/tmp/Jsoup_7-prompt_apr_2-ernie-3.5-128k/src/main/java/org/jsoup/nodes/Document.java:298: error: reached end of file while parsing\n    [javac] }\n    [javac]  ^\n    [javac] 36 errors\n    [javac] 1 warning\n\nBUILD FAILED\n/data/cmd/Ming/llm-fl-apr/tmp/Jsoup_7-prompt_apr_2-ernie-3.5-128k/maven-build.xml:74: Compile failed; see the compiler error output for details.\n\nTotal time: 2 seconds\nCannot compile sources! at /data/cmd/Ming/LLM_Based-Mutation/tools/mutant/defects4j-2.1.0/framework/bin/d4j/d4j-compile line 82.\nCompilation failed in require at /data/cmd/Ming/LLM_Based-Mutation/tools/mutant/defects4j-2.1.0/framework/bin/defects4j line 195.\n"
                }
            },
            "qwen-turbo": {
                "compile": {
                    "rc": 0,
                    "so": "",
                    "se": "Running ant (compile)...................................................... OK\nRunning ant (compile.tests)................................................ OK\n"
                },
                "test": {
                    "rc": 0,
                    "so": "Failing tests: 2\n  - org.jsoup.nodes.DocumentTest::testNormalisesStructure\n  - org.jsoup.nodes.ElementTest::testOuterHtml\n",
                    "se": "Running ant (compile.tests)................................................ OK\nRunning ant (run.dev.tests)................................................ OK\n"
                }
            },
            "doubao-pro-4k": {
                "compile": {
                    "rc": 0,
                    "so": "",
                    "se": "Running ant (compile)...................................................... OK\nRunning ant (compile.tests)................................................ OK\n"
                },
                "test": {
                    "rc": 0,
                    "so": "Failing tests: 2\n  - org.jsoup.nodes.DocumentTest::testNormalisesStructure\n  - org.jsoup.nodes.ElementTest::testOuterHtml\n",
                    "se": "Running ant (compile.tests)................................................ OK\nRunning ant (run.dev.tests)................................................ OK\n"
                }
            },
            "gpt-4o-mini": {
                "compile": {
                    "rc": 0,
                    "so": "",
                    "se": "Running ant (compile)...................................................... OK\nRunning ant (compile.tests)................................................ OK\n"
                },
                "test": {
                    "rc": 0,
                    "so": "Failing tests: 2\n  - org.jsoup.nodes.DocumentTest::testNormalisesStructure\n  - org.jsoup.nodes.ElementTest::testOuterHtml\n",
                    "se": "Running ant (compile.tests)................................................ OK\nRunning ant (run.dev.tests)................................................ OK\n"
                }
            },
            "deepseek-chat": {
                "compile": {
                    "rc": 1,
                    "so": "",
                    "se": "Running ant (compile)...................................................... FAIL\nExecuted command:  cd /data/cmd/Ming/llm-fl-apr/tmp/Jsoup_7-prompt_apr_2-deepseek-chat && /data/cmd/Ming/LLM_Based-Mutation/tools/mutant/defects4j-2.1.0/major/bin/ant -f /data/cmd/Ming/LLM_Based-Mutation/tools/mutant/defects4j-2.1.0/framework/projects/defects4j.build.xml -Dd4j.home=/data/cmd/Ming/LLM_Based-Mutation/tools/mutant/defects4j-2.1.0 -Dd4j.dir.projects=/data/cmd/Ming/LLM_Based-Mutation/tools/mutant/defects4j-2.1.0/framework/projects -Dbasedir=/data/cmd/Ming/llm-fl-apr/tmp/Jsoup_7-prompt_apr_2-deepseek-chat -Dbuild.compiler=javac1.7  compile 2>&1\nJava HotSpot(TM) 64-Bit Server VM warning: ignoring option MaxPermSize=1G; support was removed in 8.0\nBuildfile: /data/cmd/Ming/LLM_Based-Mutation/tools/mutant/defects4j-2.1.0/framework/projects/defects4j.build.xml\n\ntest-offline:\n\nget-deps:\n\njsoup-from-maven.compile:\n    [mkdir] Created dir: /data/cmd/Ming/llm-fl-apr/tmp/Jsoup_7-prompt_apr_2-deepseek-chat/target/classes\n    [javac] /data/cmd/Ming/llm-fl-apr/tmp/Jsoup_7-prompt_apr_2-deepseek-chat/maven-build.xml:74: warning: 'includeantruntime' was not set, defaulting to build.sysclasspath=last; set to false for repeatable builds\n    [javac] Compiling 34 source files to /data/cmd/Ming/llm-fl-apr/tmp/Jsoup_7-prompt_apr_2-deepseek-chat/target/classes\n    [javac] warning: [options] bootstrap class path not set in conjunction with -source 1.5\n    [javac] warning: /home/cmd/jdk1.8.0_391/lib/ct.sym(META-INF/sym/rt.jar/java/net/URL.class): major version 52 is newer than 51, the highest major version supported by this compiler.\n    [javac]   It is recommended that the compiler be upgraded.\n    [javac] warning: /home/cmd/jdk1.8.0_391/lib/ct.sym(META-INF/sym/rt.jar/java/util/Map.class): major version 52 is newer than 51, the highest major version supported by this compiler.\n    [javac]   It is recommended that the compiler be upgraded.\n    [javac] warning: /home/cmd/jdk1.8.0_391/lib/ct.sym(META-INF/sym/rt.jar/java/util/Collection.class): major version 52 is newer than 51, the highest major version supported by this compiler.\n    [javac]   It is recommended that the compiler be upgraded.\n    [javac] warning: /home/cmd/jdk1.8.0_391/lib/ct.sym(META-INF/sym/rt.jar/java/io/IOException.class): major version 52 is newer than 51, the highest major version supported by this compiler.\n    [javac]   It is recommended that the compiler be upgraded.\n    [javac] warning: /home/cmd/jdk1.8.0_391/lib/ct.sym(META-INF/sym/rt.jar/java/lang/Object.class): major version 52 is newer than 51, the highest major version supported by this compiler.\n    [javac]   It is recommended that the compiler be upgraded.\n    [javac] warning: /home/cmd/jdk1.8.0_391/lib/ct.sym(META-INF/sym/rt.jar/java/lang/String.class): major version 52 is newer than 51, the highest major version supported by this compiler.\n    [javac]   It is recommended that the compiler be upgraded.\n    [javac] warning: /home/cmd/jdk1.8.0_391/lib/ct.sym(META-INF/sym/rt.jar/java/lang/Enum.class): major version 52 is newer than 51, the highest major version supported by this compiler.\n    [javac]   It is recommended that the compiler be upgraded.\n    [javac] warning: /home/cmd/jdk1.8.0_391/lib/ct.sym(META-INF/sym/rt.jar/java/lang/Comparable.class): major version 52 is newer than 51, the highest major version supported by this compiler.\n    [javac]   It is recommended that the compiler be upgraded.\n    [javac] warning: /home/cmd/jdk1.8.0_391/lib/ct.sym(META-INF/sym/rt.jar/java/io/Serializable.class): major version 52 is newer than 51, the highest major version supported by this compiler.\n    [javac]   It is recommended that the compiler be upgraded.\n    [javac] warning: /home/cmd/jdk1.8.0_391/lib/ct.sym(META-INF/sym/rt.jar/java/nio/charset/Charset.class): major version 52 is newer than 51, the highest major version supported by this compiler.\n    [javac]   It is recommended that the compiler be upgraded.\n    [javac] warning: /home/cmd/jdk1.8.0_391/lib/ct.sym(META-INF/sym/rt.jar/java/nio/charset/CharsetEncoder.class): major version 52 is newer than 51, the highest major version supported by this compiler.\n    [javac]   It is recommended that the compiler be upgraded.\n    [javac] warning: /home/cmd/jdk1.8.0_391/lib/ct.sym(META-INF/sym/rt.jar/java/util/ArrayList.class): major version 52 is newer than 51, the highest major version supported by this compiler.\n    [javac]   It is recommended that the compiler be upgraded.\n    [javac] warning: /home/cmd/jdk1.8.0_391/lib/ct.sym(META-INF/sym/rt.jar/java/util/List.class): major version 52 is newer than 51, the highest major version supported by this compiler.\n    [javac]   It is recommended that the compiler be upgraded.\n    [javac] warning: /home/cmd/jdk1.8.0_391/lib/ct.sym(META-INF/sym/rt.jar/java/util/regex/Pattern.class): major version 52 is newer than 51, the highest major version supported by this compiler.\n    [javac]   It is recommended that the compiler be upgraded.\n    [javac] warning: /home/cmd/jdk1.8.0_391/lib/ct.sym(META-INF/sym/rt.jar/java/util/regex/PatternSyntaxException.class): major version 52 is newer than 51, the highest major version supported by this compiler.\n    [javac]   It is recommended that the compiler be upgraded.\n    [javac] warning: /home/cmd/jdk1.8.0_391/lib/ct.sym(META-INF/sym/rt.jar/java/net/MalformedURLException.class): major version 52 is newer than 51, the highest major version supported by this compiler.\n    [javac]   It is recommended that the compiler be upgraded.\n    [javac] warning: /home/cmd/jdk1.8.0_391/lib/ct.sym(META-INF/sym/rt.jar/java/util/Collections.class): major version 52 is newer than 51, the highest major version supported by this compiler.\n    [javac]   It is recommended that the compiler be upgraded.\n    [javac] warning: /home/cmd/jdk1.8.0_391/lib/ct.sym(META-INF/sym/rt.jar/java/lang/StringBuilder.class): major version 52 is newer than 51, the highest major version supported by this compiler.\n    [javac]   It is recommended that the compiler be upgraded.\n    [javac] warning: /home/cmd/jdk1.8.0_391/lib/ct.sym(META-INF/sym/rt.jar/java/util/Set.class): major version 52 is newer than 51, the highest major version supported by this compiler.\n    [javac]   It is recommended that the compiler be upgraded.\n    [javac] warning: /home/cmd/jdk1.8.0_391/lib/ct.sym(META-INF/sym/rt.jar/java/lang/Iterable.class): major version 52 is newer than 51, the highest major version supported by this compiler.\n    [javac]   It is recommended that the compiler be upgraded.\n    [javac] warning: /home/cmd/jdk1.8.0_391/lib/ct.sym(META-INF/sym/rt.jar/java/util/Map$Entry.class): major version 52 is newer than 51, the highest major version supported by this compiler.\n    [javac]   It is recommended that the compiler be upgraded.\n    [javac] warning: /home/cmd/jdk1.8.0_391/lib/ct.sym(META-INF/sym/rt.jar/java/lang/Integer.class): major version 52 is newer than 51, the highest major version supported by this compiler.\n    [javac]   It is recommended that the compiler be upgraded.\n    [javac] warning: /home/cmd/jdk1.8.0_391/lib/ct.sym(META-INF/sym/rt.jar/java/util/HashMap.class): major version 52 is newer than 51, the highest major version supported by this compiler.\n    [javac]   It is recommended that the compiler be upgraded.\n    [javac] warning: /home/cmd/jdk1.8.0_391/lib/ct.sym(META-INF/sym/rt.jar/java/util/regex/Matcher.class): major version 52 is newer than 51, the highest major version supported by this compiler.\n    [javac]   It is recommended that the compiler be upgraded.\n    [javac] warning: /home/cmd/jdk1.8.0_391/lib/ct.sym(META-INF/sym/rt.jar/java/util/LinkedHashMap.class): major version 52 is newer than 51, the highest major version supported by this compiler.\n    [javac]   It is recommended that the compiler be upgraded.\n    [javac] warning: /home/cmd/jdk1.8.0_391/lib/ct.sym(META-INF/sym/rt.jar/java/util/Iterator.class): major version 52 is newer than 51, the highest major version supported by this compiler.\n    [javac]   It is recommended that the compiler be upgraded.\n    [javac] warning: /home/cmd/jdk1.8.0_391/lib/ct.sym(META-INF/sym/rt.jar/java/util/ListIterator.class): major version 52 is newer than 51, the highest major version supported by this compiler.\n    [javac]   It is recommended that the compiler be upgraded.\n    [javac] warning: /home/cmd/jdk1.8.0_391/lib/ct.sym(META-INF/sym/rt.jar/java/lang/Character.class): major version 52 is newer than 51, the highest major version supported by this compiler.\n    [javac]   It is recommended that the compiler be upgraded.\n    [javac] warning: /home/cmd/jdk1.8.0_391/lib/ct.sym(META-INF/sym/rt.jar/java/io/File.class): major version 52 is newer than 51, the highest major version supported by this compiler.\n    [javac]   It is recommended that the compiler be upgraded.\n    [javac] warning: /home/cmd/jdk1.8.0_391/lib/ct.sym(META-INF/sym/rt.jar/java/io/InputStream.class): major version 52 is newer than 51, the highest major version supported by this compiler.\n    [javac]   It is recommended that the compiler be upgraded.\n    [javac] warning: /home/cmd/jdk1.8.0_391/lib/ct.sym(META-INF/sym/rt.jar/java/util/HashSet.class): major version 52 is newer than 51, the highest major version supported by this compiler.\n    [javac]   It is recommended that the compiler be upgraded.\n    [javac] warning: /home/cmd/jdk1.8.0_391/lib/ct.sym(META-INF/sym/rt.jar/java/nio/ByteBuffer.class): major version 52 is newer than 51, the highest major version supported by this compiler.\n    [javac]   It is recommended that the compiler be upgraded.\n    [javac] warning: /home/cmd/jdk1.8.0_391/lib/ct.sym(META-INF/sym/rt.jar/java/net/HttpURLConnection.class): major version 52 is newer than 51, the highest major version supported by this compiler.\n    [javac]   It is recommended that the compiler be upgraded.\n    [javac] warning: /home/cmd/jdk1.8.0_391/lib/ct.sym(META-INF/sym/rt.jar/java/net/URLEncoder.class): major version 52 is newer than 51, the highest major version supported by this compiler.\n    [javac]   It is recommended that the compiler be upgraded.\n    [javac] warning: /home/cmd/jdk1.8.0_391/lib/ct.sym(META-INF/sym/rt.jar/java/util/zip/GZIPInputStream.class): major version 52 is newer than 51, the highest major version supported by this compiler.\n    [javac]   It is recommended that the compiler be upgraded.\n    [javac] warning: /home/cmd/jdk1.8.0_391/lib/ct.sym(META-INF/sym/rt.jar/java/lang/SuppressWarnings.class): major version 52 is newer than 51, the highest major version supported by this compiler.\n    [javac]   It is recommended that the compiler be upgraded.\n    [javac] warning: /home/cmd/jdk1.8.0_391/lib/ct.sym(META-INF/sym/rt.jar/java/io/OutputStream.class): major version 52 is newer than 51, the highest major version supported by this compiler.\n    [javac]   It is recommended that the compiler be upgraded.\n    [javac] warning: /home/cmd/jdk1.8.0_391/lib/ct.sym(META-INF/sym/rt.jar/java/util/AbstractMap.class): major version 52 is newer than 51, the highest major version supported by this compiler.\n    [javac]   It is recommended that the compiler be upgraded.\n    [javac] warning: /home/cmd/jdk1.8.0_391/lib/ct.sym(META-INF/sym/rt.jar/java/util/AbstractSet.class): major version 52 is newer than 51, the highest major version supported by this compiler.\n    [javac]   It is recommended that the compiler be upgraded.\n    [javac] warning: /home/cmd/jdk1.8.0_391/lib/ct.sym(META-INF/sym/rt.jar/java/util/AbstractCollection.class): major version 52 is newer than 51, the highest major version supported by this compiler.\n    [javac]   It is recommended that the compiler be upgraded.\n    [javac] warning: /home/cmd/jdk1.8.0_391/lib/ct.sym(META-INF/sym/rt.jar/java/util/LinkedList.class): major version 52 is newer than 51, the highest major version supported by this compiler.\n    [javac]   It is recommended that the compiler be upgraded.\n    [javac] warning: /home/cmd/jdk1.8.0_391/lib/ct.sym(META-INF/sym/rt.jar/java/util/LinkedHashSet.class): major version 52 is newer than 51, the highest major version supported by this compiler.\n    [javac]   It is recommended that the compiler be upgraded.\n    [javac] warning: /home/cmd/jdk1.8.0_391/lib/ct.sym(META-INF/sym/rt.jar/java/lang/IllegalStateException.class): major version 52 is newer than 51, the highest major version supported by this compiler.\n    [javac]   It is recommended that the compiler be upgraded.\n    [javac] warning: /home/cmd/jdk1.8.0_391/lib/ct.sym(META-INF/sym/rt.jar/java/lang/RuntimeException.class): major version 52 is newer than 51, the highest major version supported by this compiler.\n    [javac]   It is recommended that the compiler be upgraded.\n    [javac] warning: /home/cmd/jdk1.8.0_391/lib/ct.sym(META-INF/sym/rt.jar/java/lang/Exception.class): major version 52 is newer than 51, the highest major version supported by this compiler.\n    [javac]   It is recommended that the compiler be upgraded.\n    [javac] warning: /home/cmd/jdk1.8.0_391/lib/ct.sym(META-INF/sym/rt.jar/java/lang/Throwable.class): major version 52 is newer than 51, the highest major version supported by this compiler.\n    [javac]   It is recommended that the compiler be upgraded.\n    [javac] /home/cmd/jdk1.8.0_391/lib/ct.sym(META-INF/sym/rt.jar/java/net/URL.class): warning: Cannot find annotation method 'value()' in type 'Profile+Annotation': class file for jdk.Profile+Annotation not found\n    [javac] /home/cmd/jdk1.8.0_391/lib/ct.sym(META-INF/sym/rt.jar/java/util/Map.class): warning: Cannot find annotation method 'value()' in type 'Profile+Annotation'\n    [javac] /home/cmd/jdk1.8.0_391/lib/ct.sym(META-INF/sym/rt.jar/java/util/Collection.class): warning: Cannot find annotation method 'value()' in type 'Profile+Annotation'\n    [javac] /home/cmd/jdk1.8.0_391/lib/ct.sym(META-INF/sym/rt.jar/java/io/IOException.class): warning: Cannot find annotation method 'value()' in type 'Profile+Annotation'\n    [javac] /home/cmd/jdk1.8.0_391/lib/ct.sym(META-INF/sym/rt.jar/java/lang/Object.class): warning: Cannot find annotation method 'value()' in type 'Profile+Annotation'\n    [javac] /home/cmd/jdk1.8.0_391/lib/ct.sym(META-INF/sym/rt.jar/java/lang/String.class): warning: Cannot find annotation method 'value()' in type 'Profile+Annotation'\n    [javac] /home/cmd/jdk1.8.0_391/lib/ct.sym(META-INF/sym/rt.jar/java/lang/Enum.class): warning: Cannot find annotation method 'value()' in type 'Profile+Annotation'\n    [javac] /home/cmd/jdk1.8.0_391/lib/ct.sym(META-INF/sym/rt.jar/java/lang/Comparable.class): warning: Cannot find annotation method 'value()' in type 'Profile+Annotation'\n    [javac] /home/cmd/jdk1.8.0_391/lib/ct.sym(META-INF/sym/rt.jar/java/io/Serializable.class): warning: Cannot find annotation method 'value()' in type 'Profile+Annotation'\n    [javac] /home/cmd/jdk1.8.0_391/lib/ct.sym(META-INF/sym/rt.jar/java/nio/charset/Charset.class): warning: Cannot find annotation method 'value()' in type 'Profile+Annotation'\n    [javac] /home/cmd/jdk1.8.0_391/lib/ct.sym(META-INF/sym/rt.jar/java/nio/charset/CharsetEncoder.class): warning: Cannot find annotation method 'value()' in type 'Profile+Annotation'\n    [javac] /home/cmd/jdk1.8.0_391/lib/ct.sym(META-INF/sym/rt.jar/java/util/ArrayList.class): warning: Cannot find annotation method 'value()' in type 'Profile+Annotation'\n    [javac] /home/cmd/jdk1.8.0_391/lib/ct.sym(META-INF/sym/rt.jar/java/util/List.class): warning: Cannot find annotation method 'value()' in type 'Profile+Annotation'\n    [javac] /home/cmd/jdk1.8.0_391/lib/ct.sym(META-INF/sym/rt.jar/java/util/regex/Pattern.class): warning: Cannot find annotation method 'value()' in type 'Profile+Annotation'\n    [javac] /home/cmd/jdk1.8.0_391/lib/ct.sym(META-INF/sym/rt.jar/java/util/regex/PatternSyntaxException.class): warning: Cannot find annotation method 'value()' in type 'Profile+Annotation'\n    [javac] /home/cmd/jdk1.8.0_391/lib/ct.sym(META-INF/sym/rt.jar/java/net/MalformedURLException.class): warning: Cannot find annotation method 'value()' in type 'Profile+Annotation'\n    [javac] /home/cmd/jdk1.8.0_391/lib/ct.sym(META-INF/sym/rt.jar/java/util/Collections.class): warning: Cannot find annotation method 'value()' in type 'Profile+Annotation'\n    [javac] warning: /home/cmd/jdk1.8.0_391/lib/ct.sym(META-INF/sym/rt.jar/java/lang/Override.class): major version 52 is newer than 51, the highest major version supported by this compiler.\n    [javac]   It is recommended that the compiler be upgraded.\n    [javac] warning: /home/cmd/jdk1.8.0_391/lib/ct.sym(META-INF/sym/rt.jar/java/lang/annotation/Annotation.class): major version 52 is newer than 51, the highest major version supported by this compiler.\n    [javac]   It is recommended that the compiler be upgraded.\n    [javac] /home/cmd/jdk1.8.0_391/lib/ct.sym(META-INF/sym/rt.jar/java/lang/StringBuilder.class): warning: Cannot find annotation method 'value()' in type 'Profile+Annotation'\n    [javac] /home/cmd/jdk1.8.0_391/lib/ct.sym(META-INF/sym/rt.jar/java/util/Set.class): warning: Cannot find annotation method 'value()' in type 'Profile+Annotation'\n    [javac] /home/cmd/jdk1.8.0_391/lib/ct.sym(META-INF/sym/rt.jar/java/lang/Iterable.class): warning: Cannot find annotation method 'value()' in type 'Profile+Annotation'\n    [javac] /home/cmd/jdk1.8.0_391/lib/ct.sym(META-INF/sym/rt.jar/java/lang/Integer.class): warning: Cannot find annotation method 'value()' in type 'Profile+Annotation'\n    [javac] /home/cmd/jdk1.8.0_391/lib/ct.sym(META-INF/sym/rt.jar/java/util/HashMap.class): warning: Cannot find annotation method 'value()' in type 'Profile+Annotation'\n    [javac] /home/cmd/jdk1.8.0_391/lib/ct.sym(META-INF/sym/rt.jar/java/util/regex/Matcher.class): warning: Cannot find annotation method 'value()' in type 'Profile+Annotation'\n    [javac] /home/cmd/jdk1.8.0_391/lib/ct.sym(META-INF/sym/rt.jar/java/util/LinkedHashMap.class): warning: Cannot find annotation method 'value()' in type 'Profile+Annotation'\n    [javac] /home/cmd/jdk1.8.0_391/lib/ct.sym(META-INF/sym/rt.jar/java/util/Iterator.class): warning: Cannot find annotation method 'value()' in type 'Profile+Annotation'\n    [javac] /home/cmd/jdk1.8.0_391/lib/ct.sym(META-INF/sym/rt.jar/java/util/ListIterator.class): warning: Cannot find annotation method 'value()' in type 'Profile+Annotation'\n    [javac] /home/cmd/jdk1.8.0_391/lib/ct.sym(META-INF/sym/rt.jar/java/lang/Character.class): warning: Cannot find annotation method 'value()' in type 'Profile+Annotation'\n    [javac] /home/cmd/jdk1.8.0_391/lib/ct.sym(META-INF/sym/rt.jar/java/io/File.class): warning: Cannot find annotation method 'value()' in type 'Profile+Annotation'\n    [javac] /home/cmd/jdk1.8.0_391/lib/ct.sym(META-INF/sym/rt.jar/java/io/InputStream.class): warning: Cannot find annotation method 'value()' in type 'Profile+Annotation'\n    [javac] /home/cmd/jdk1.8.0_391/lib/ct.sym(META-INF/sym/rt.jar/java/util/HashSet.class): warning: Cannot find annotation method 'value()' in type 'Profile+Annotation'\n    [javac] /home/cmd/jdk1.8.0_391/lib/ct.sym(META-INF/sym/rt.jar/java/nio/ByteBuffer.class): warning: Cannot find annotation method 'value()' in type 'Profile+Annotation'\n    [javac] /home/cmd/jdk1.8.0_391/lib/ct.sym(META-INF/sym/rt.jar/java/net/HttpURLConnection.class): warning: Cannot find annotation method 'value()' in type 'Profile+Annotation'\n    [javac] /home/cmd/jdk1.8.0_391/lib/ct.sym(META-INF/sym/rt.jar/java/net/URLEncoder.class): warning: Cannot find annotation method 'value()' in type 'Profile+Annotation'\n    [javac] /home/cmd/jdk1.8.0_391/lib/ct.sym(META-INF/sym/rt.jar/java/util/zip/GZIPInputStream.class): warning: Cannot find annotation method 'value()' in type 'Profile+Annotation'\n    [javac] warning: /home/cmd/jdk1.8.0_391/lib/ct.sym(META-INF/sym/rt.jar/java/lang/annotation/Target.class): major version 52 is newer than 51, the highest major version supported by this compiler.\n    [javac]   It is recommended that the compiler be upgraded.\n    [javac] warning: /home/cmd/jdk1.8.0_391/lib/ct.sym(META-INF/sym/rt.jar/java/lang/annotation/ElementType.class): major version 52 is newer than 51, the highest major version supported by this compiler.\n    [javac]   It is recommended that the compiler be upgraded.\n    [javac] warning: /home/cmd/jdk1.8.0_391/lib/ct.sym(META-INF/sym/rt.jar/java/lang/annotation/Retention.class): major version 52 is newer than 51, the highest major version supported by this compiler.\n    [javac]   It is recommended that the compiler be upgraded.\n    [javac] warning: /home/cmd/jdk1.8.0_391/lib/ct.sym(META-INF/sym/rt.jar/java/lang/annotation/RetentionPolicy.class): major version 52 is newer than 51, the highest major version supported by this compiler.\n    [javac]   It is recommended that the compiler be upgraded.\n    [javac] /home/cmd/jdk1.8.0_391/lib/ct.sym(META-INF/sym/rt.jar/java/lang/SuppressWarnings.class): warning: Cannot find annotation method 'value()' in type 'Profile+Annotation'\n    [javac] /home/cmd/jdk1.8.0_391/lib/ct.sym(META-INF/sym/rt.jar/java/io/OutputStream.class): warning: Cannot find annotation method 'value()' in type 'Profile+Annotation'\n    [javac] /home/cmd/jdk1.8.0_391/lib/ct.sym(META-INF/sym/rt.jar/java/util/AbstractMap.class): warning: Cannot find annotation method 'value()' in type 'Profile+Annotation'\n    [javac] /home/cmd/jdk1.8.0_391/lib/ct.sym(META-INF/sym/rt.jar/java/util/AbstractSet.class): warning: Cannot find annotation method 'value()' in type 'Profile+Annotation'\n    [javac] /home/cmd/jdk1.8.0_391/lib/ct.sym(META-INF/sym/rt.jar/java/util/AbstractCollection.class): warning: Cannot find annotation method 'value()' in type 'Profile+Annotation'\n    [javac] /home/cmd/jdk1.8.0_391/lib/ct.sym(META-INF/sym/rt.jar/java/util/LinkedList.class): warning: Cannot find annotation method 'value()' in type 'Profile+Annotation'\n    [javac] /home/cmd/jdk1.8.0_391/lib/ct.sym(META-INF/sym/rt.jar/java/util/LinkedHashSet.class): warning: Cannot find annotation method 'value()' in type 'Profile+Annotation'\n    [javac] /home/cmd/jdk1.8.0_391/lib/ct.sym(META-INF/sym/rt.jar/java/lang/IllegalStateException.class): warning: Cannot find annotation method 'value()' in type 'Profile+Annotation'\n    [javac] /home/cmd/jdk1.8.0_391/lib/ct.sym(META-INF/sym/rt.jar/java/lang/RuntimeException.class): warning: Cannot find annotation method 'value()' in type 'Profile+Annotation'\n    [javac] /home/cmd/jdk1.8.0_391/lib/ct.sym(META-INF/sym/rt.jar/java/lang/Exception.class): warning: Cannot find annotation method 'value()' in type 'Profile+Annotation'\n    [javac] /home/cmd/jdk1.8.0_391/lib/ct.sym(META-INF/sym/rt.jar/java/lang/Throwable.class): warning: Cannot find annotation method 'value()' in type 'Profile+Annotation'\n    [javac] /home/cmd/jdk1.8.0_391/lib/ct.sym(META-INF/sym/rt.jar/java/lang/Override.class): warning: Cannot find annotation method 'value()' in type 'Profile+Annotation'\n    [javac] /home/cmd/jdk1.8.0_391/lib/ct.sym(META-INF/sym/rt.jar/java/lang/annotation/Annotation.class): warning: Cannot find annotation method 'value()' in type 'Profile+Annotation'\n    [javac] /data/cmd/Ming/llm-fl-apr/tmp/Jsoup_7-prompt_apr_2-deepseek-chat/src/main/java/org/jsoup/nodes/Document.java:160: error: outerHtml(StringBuilder) in Document cannot override outerHtml(StringBuilder) in Node\n    [javac] private void outerHtml(StringBuilder accum) {\n    [javac]              ^\n    [javac]   attempting to assign weaker access privileges; was protected\n    [javac] /data/cmd/Ming/llm-fl-apr/tmp/Jsoup_7-prompt_apr_2-deepseek-chat/src/main/java/org/jsoup/nodes/Document.java:162: error: cannot find symbol\n    [javac]         for (Element element : childElements()) {\n    [javac]                                ^\n    [javac]   symbol:   method childElements()\n    [javac]   location: class Document\n    [javac] /data/cmd/Ming/llm-fl-apr/tmp/Jsoup_7-prompt_apr_2-deepseek-chat/src/main/java/org/jsoup/nodes/Document.java:165: error: inconvertible types\n    [javac]     } else if (this instanceof TextNode) {\n    [javac]                ^\n    [javac]   required: TextNode\n    [javac]   found:    Document\n    [javac] /data/cmd/Ming/llm-fl-apr/tmp/Jsoup_7-prompt_apr_2-deepseek-chat/src/main/java/org/jsoup/nodes/Document.java:166: error: inconvertible types\n    [javac]         accum.append(((TextNode) this).getWholeText());\n    [javac]                                  ^\n    [javac]   required: TextNode\n    [javac]   found:    Document\n    [javac] /data/cmd/Ming/llm-fl-apr/tmp/Jsoup_7-prompt_apr_2-deepseek-chat/src/main/java/org/jsoup/nodes/Document.java:167: error: inconvertible types\n    [javac]     } else if (this instanceof DataNode) {\n    [javac]                ^\n    [javac]   required: DataNode\n    [javac]   found:    Document\n    [javac] /data/cmd/Ming/llm-fl-apr/tmp/Jsoup_7-prompt_apr_2-deepseek-chat/src/main/java/org/jsoup/nodes/Document.java:168: error: inconvertible types\n    [javac]         accum.append(((DataNode) this).getWholeData());\n    [javac]                                  ^\n    [javac]   required: DataNode\n    [javac]   found:    Document\n    [javac] /data/cmd/Ming/llm-fl-apr/tmp/Jsoup_7-prompt_apr_2-deepseek-chat/src/main/java/org/jsoup/nodes/Document.java:169: error: inconvertible types\n    [javac]     } else if (this instanceof Comment) {\n    [javac]                ^\n    [javac]   required: Comment\n    [javac]   found:    Document\n    [javac] /data/cmd/Ming/llm-fl-apr/tmp/Jsoup_7-prompt_apr_2-deepseek-chat/src/main/java/org/jsoup/nodes/Document.java:170: error: inconvertible types\n    [javac]         accum.append(\"<!--\").append(((Comment) this).getData()).append(\"-->\");\n    [javac]                                                ^\n    [javac]   required: Comment\n    [javac]   found:    Document\n    [javac] /data/cmd/Ming/llm-fl-apr/tmp/Jsoup_7-prompt_apr_2-deepseek-chat/src/main/java/org/jsoup/nodes/Document.java:177: error: cannot find symbol\n    [javac]         if (element.childNodes().isEmpty() && element.isSelfClosing()) {\n    [javac]                                                      ^\n    [javac]   symbol:   method isSelfClosing()\n    [javac]   location: variable element of type Element\n    [javac] Note: /data/cmd/Ming/llm-fl-apr/tmp/Jsoup_7-prompt_apr_2-deepseek-chat/src/main/java/org/jsoup/nodes/Node.java uses unchecked or unsafe operations.\n    [javac] Note: Recompile with -Xlint:unchecked for details.\n    [javac] 9 errors\n    [javac] 100 warnings\n\nBUILD FAILED\n/data/cmd/Ming/llm-fl-apr/tmp/Jsoup_7-prompt_apr_2-deepseek-chat/maven-build.xml:74: Compile failed; see the compiler error output for details.\n\nTotal time: 4 seconds\nCannot compile sources! at /data/cmd/Ming/LLM_Based-Mutation/tools/mutant/defects4j-2.1.0/framework/bin/d4j/d4j-compile line 82.\nCompilation failed in require at /data/cmd/Ming/LLM_Based-Mutation/tools/mutant/defects4j-2.1.0/framework/bin/defects4j line 195.\n"
                }
            }
        },
        "prompt_apr_3": {
            "ernie-3.5-128k": {
                "compile": {
                    "rc": 1,
                    "so": "",
                    "se": "Running ant (compile)...................................................... FAIL\nExecuted command:  cd /data/cmd/Ming/llm-fl-apr/tmp/Jsoup_7-prompt_apr_3-ernie-3.5-128k && /data/cmd/Ming/LLM_Based-Mutation/tools/mutant/defects4j-2.1.0/major/bin/ant -f /data/cmd/Ming/LLM_Based-Mutation/tools/mutant/defects4j-2.1.0/framework/projects/defects4j.build.xml -Dd4j.home=/data/cmd/Ming/LLM_Based-Mutation/tools/mutant/defects4j-2.1.0 -Dd4j.dir.projects=/data/cmd/Ming/LLM_Based-Mutation/tools/mutant/defects4j-2.1.0/framework/projects -Dbasedir=/data/cmd/Ming/llm-fl-apr/tmp/Jsoup_7-prompt_apr_3-ernie-3.5-128k -Dbuild.compiler=javac1.7  compile 2>&1\nJava HotSpot(TM) 64-Bit Server VM warning: ignoring option MaxPermSize=1G; support was removed in 8.0\nBuildfile: /data/cmd/Ming/LLM_Based-Mutation/tools/mutant/defects4j-2.1.0/framework/projects/defects4j.build.xml\n\ntest-offline:\n\nget-deps:\n\njsoup-from-maven.compile:\n    [mkdir] Created dir: /data/cmd/Ming/llm-fl-apr/tmp/Jsoup_7-prompt_apr_3-ernie-3.5-128k/target/classes\n    [javac] /data/cmd/Ming/llm-fl-apr/tmp/Jsoup_7-prompt_apr_3-ernie-3.5-128k/maven-build.xml:74: warning: 'includeantruntime' was not set, defaulting to build.sysclasspath=last; set to false for repeatable builds\n    [javac] Compiling 34 source files to /data/cmd/Ming/llm-fl-apr/tmp/Jsoup_7-prompt_apr_3-ernie-3.5-128k/target/classes\n    [javac] warning: [options] bootstrap class path not set in conjunction with -source 1.5\n    [javac] /data/cmd/Ming/llm-fl-apr/tmp/Jsoup_7-prompt_apr_3-ernie-3.5-128k/src/main/java/org/jsoup/nodes/Document.java:160: error: ';' expected\n    [javac]     public Element text(String text) {\n    [javac]                        ^\n    [javac] /data/cmd/Ming/llm-fl-apr/tmp/Jsoup_7-prompt_apr_3-ernie-3.5-128k/src/main/java/org/jsoup/nodes/Document.java:160: error: ';' expected\n    [javac]     public Element text(String text) {\n    [javac]                                    ^\n    [javac] /data/cmd/Ming/llm-fl-apr/tmp/Jsoup_7-prompt_apr_3-ernie-3.5-128k/src/main/java/org/jsoup/nodes/Document.java:166: error: ';' expected\n    [javac]     public String nodeName() {\n    [javac]                           ^\n    [javac] /data/cmd/Ming/llm-fl-apr/tmp/Jsoup_7-prompt_apr_3-ernie-3.5-128k/src/main/java/org/jsoup/nodes/Document.java:173: error: illegal start of expression\n    [javac]     public class OutputSettings {\n    [javac]     ^\n    [javac] /data/cmd/Ming/llm-fl-apr/tmp/Jsoup_7-prompt_apr_3-ernie-3.5-128k/src/main/java/org/jsoup/nodes/Document.java:285: error: illegal start of expression\n    [javac]     public OutputSettings outputSettings() {\n    [javac]     ^\n    [javac] /data/cmd/Ming/llm-fl-apr/tmp/Jsoup_7-prompt_apr_3-ernie-3.5-128k/src/main/java/org/jsoup/nodes/Document.java:285: error: ';' expected\n    [javac]     public OutputSettings outputSettings() {\n    [javac]                                         ^\n    [javac] /data/cmd/Ming/llm-fl-apr/tmp/Jsoup_7-prompt_apr_3-ernie-3.5-128k/src/main/java/org/jsoup/nodes/Document.java:288: error: reached end of file while parsing\n    [javac] }\n    [javac]  ^\n    [javac] 7 errors\n    [javac] 1 warning\n\nBUILD FAILED\n/data/cmd/Ming/llm-fl-apr/tmp/Jsoup_7-prompt_apr_3-ernie-3.5-128k/maven-build.xml:74: Compile failed; see the compiler error output for details.\n\nTotal time: 1 second\nCannot compile sources! at /data/cmd/Ming/LLM_Based-Mutation/tools/mutant/defects4j-2.1.0/framework/bin/d4j/d4j-compile line 82.\nCompilation failed in require at /data/cmd/Ming/LLM_Based-Mutation/tools/mutant/defects4j-2.1.0/framework/bin/defects4j line 195.\n"
                }
            },
            "qwen-turbo": {
                "compile": {
                    "rc": 1,
                    "so": "",
                    "se": "Running ant (compile)...................................................... FAIL\nExecuted command:  cd /data/cmd/Ming/llm-fl-apr/tmp/Jsoup_7-prompt_apr_3-qwen-turbo && /data/cmd/Ming/LLM_Based-Mutation/tools/mutant/defects4j-2.1.0/major/bin/ant -f /data/cmd/Ming/LLM_Based-Mutation/tools/mutant/defects4j-2.1.0/framework/projects/defects4j.build.xml -Dd4j.home=/data/cmd/Ming/LLM_Based-Mutation/tools/mutant/defects4j-2.1.0 -Dd4j.dir.projects=/data/cmd/Ming/LLM_Based-Mutation/tools/mutant/defects4j-2.1.0/framework/projects -Dbasedir=/data/cmd/Ming/llm-fl-apr/tmp/Jsoup_7-prompt_apr_3-qwen-turbo -Dbuild.compiler=javac1.7  compile 2>&1\nJava HotSpot(TM) 64-Bit Server VM warning: ignoring option MaxPermSize=1G; support was removed in 8.0\nBuildfile: /data/cmd/Ming/LLM_Based-Mutation/tools/mutant/defects4j-2.1.0/framework/projects/defects4j.build.xml\n\ntest-offline:\n\nget-deps:\n\njsoup-from-maven.compile:\n    [mkdir] Created dir: /data/cmd/Ming/llm-fl-apr/tmp/Jsoup_7-prompt_apr_3-qwen-turbo/target/classes\n    [javac] /data/cmd/Ming/llm-fl-apr/tmp/Jsoup_7-prompt_apr_3-qwen-turbo/maven-build.xml:74: warning: 'includeantruntime' was not set, defaulting to build.sysclasspath=last; set to false for repeatable builds\n    [javac] Compiling 34 source files to /data/cmd/Ming/llm-fl-apr/tmp/Jsoup_7-prompt_apr_3-qwen-turbo/target/classes\n    [javac] warning: [options] bootstrap class path not set in conjunction with -source 1.5\n    [javac] /data/cmd/Ming/llm-fl-apr/tmp/Jsoup_7-prompt_apr_3-qwen-turbo/src/main/java/org/jsoup/nodes/Document.java:153: error: illegal character: \\96\n    [javac] ```java\n    [javac] ^\n    [javac] /data/cmd/Ming/llm-fl-apr/tmp/Jsoup_7-prompt_apr_3-qwen-turbo/src/main/java/org/jsoup/nodes/Document.java:153: error: illegal character: \\96\n    [javac] ```java\n    [javac]  ^\n    [javac] /data/cmd/Ming/llm-fl-apr/tmp/Jsoup_7-prompt_apr_3-qwen-turbo/src/main/java/org/jsoup/nodes/Document.java:153: error: illegal character: \\96\n    [javac] ```java\n    [javac]   ^\n    [javac] /data/cmd/Ming/llm-fl-apr/tmp/Jsoup_7-prompt_apr_3-qwen-turbo/src/main/java/org/jsoup/nodes/Document.java:160: error: illegal character: \\96\n    [javac] ```\n    [javac] ^\n    [javac] /data/cmd/Ming/llm-fl-apr/tmp/Jsoup_7-prompt_apr_3-qwen-turbo/src/main/java/org/jsoup/nodes/Document.java:160: error: illegal character: \\96\n    [javac] ```\n    [javac]  ^\n    [javac] /data/cmd/Ming/llm-fl-apr/tmp/Jsoup_7-prompt_apr_3-qwen-turbo/src/main/java/org/jsoup/nodes/Document.java:160: error: illegal character: \\96\n    [javac] ```\n    [javac]   ^\n    [javac] /data/cmd/Ming/llm-fl-apr/tmp/Jsoup_7-prompt_apr_3-qwen-turbo/src/main/java/org/jsoup/nodes/Document.java:166: error: <identifier> expected\n    [javac]     @Override\n    [javac]              ^\n    [javac] 7 errors\n    [javac] 1 warning\n\nBUILD FAILED\n/data/cmd/Ming/llm-fl-apr/tmp/Jsoup_7-prompt_apr_3-qwen-turbo/maven-build.xml:74: Compile failed; see the compiler error output for details.\n\nTotal time: 1 second\nCannot compile sources! at /data/cmd/Ming/LLM_Based-Mutation/tools/mutant/defects4j-2.1.0/framework/bin/d4j/d4j-compile line 82.\nCompilation failed in require at /data/cmd/Ming/LLM_Based-Mutation/tools/mutant/defects4j-2.1.0/framework/bin/defects4j line 195.\n"
                }
            },
            "doubao-pro-4k": {
                "compile": {
                    "rc": 0,
                    "so": "",
                    "se": "Running ant (compile)...................................................... OK\nRunning ant (compile.tests)................................................ OK\n"
                },
                "test": {
                    "rc": 0,
                    "so": "Failing tests: 2\n  - org.jsoup.nodes.DocumentTest::testNormalisesStructure\n  - org.jsoup.nodes.ElementTest::testOuterHtml\n",
                    "se": "Running ant (compile.tests)................................................ OK\nRunning ant (run.dev.tests)................................................ OK\n"
                }
            },
            "gpt-4o-mini": {
                "compile": {
                    "rc": 1,
                    "so": "",
                    "se": "Running ant (compile)...................................................... FAIL\nExecuted command:  cd /data/cmd/Ming/llm-fl-apr/tmp/Jsoup_7-prompt_apr_3-gpt-4o-mini && /data/cmd/Ming/LLM_Based-Mutation/tools/mutant/defects4j-2.1.0/major/bin/ant -f /data/cmd/Ming/LLM_Based-Mutation/tools/mutant/defects4j-2.1.0/framework/projects/defects4j.build.xml -Dd4j.home=/data/cmd/Ming/LLM_Based-Mutation/tools/mutant/defects4j-2.1.0 -Dd4j.dir.projects=/data/cmd/Ming/LLM_Based-Mutation/tools/mutant/defects4j-2.1.0/framework/projects -Dbasedir=/data/cmd/Ming/llm-fl-apr/tmp/Jsoup_7-prompt_apr_3-gpt-4o-mini -Dbuild.compiler=javac1.7  compile 2>&1\nJava HotSpot(TM) 64-Bit Server VM warning: ignoring option MaxPermSize=1G; support was removed in 8.0\nBuildfile: /data/cmd/Ming/LLM_Based-Mutation/tools/mutant/defects4j-2.1.0/framework/projects/defects4j.build.xml\n\ntest-offline:\n\nget-deps:\n\njsoup-from-maven.compile:\n    [mkdir] Created dir: /data/cmd/Ming/llm-fl-apr/tmp/Jsoup_7-prompt_apr_3-gpt-4o-mini/target/classes\n    [javac] /data/cmd/Ming/llm-fl-apr/tmp/Jsoup_7-prompt_apr_3-gpt-4o-mini/maven-build.xml:74: warning: 'includeantruntime' was not set, defaulting to build.sysclasspath=last; set to false for repeatable builds\n    [javac] Compiling 34 source files to /data/cmd/Ming/llm-fl-apr/tmp/Jsoup_7-prompt_apr_3-gpt-4o-mini/target/classes\n    [javac] warning: [options] bootstrap class path not set in conjunction with -source 1.5\n    [javac] warning: /home/cmd/jdk1.8.0_391/lib/ct.sym(META-INF/sym/rt.jar/java/net/URL.class): major version 52 is newer than 51, the highest major version supported by this compiler.\n    [javac]   It is recommended that the compiler be upgraded.\n    [javac] warning: /home/cmd/jdk1.8.0_391/lib/ct.sym(META-INF/sym/rt.jar/java/util/Map.class): major version 52 is newer than 51, the highest major version supported by this compiler.\n    [javac]   It is recommended that the compiler be upgraded.\n    [javac] warning: /home/cmd/jdk1.8.0_391/lib/ct.sym(META-INF/sym/rt.jar/java/util/Collection.class): major version 52 is newer than 51, the highest major version supported by this compiler.\n    [javac]   It is recommended that the compiler be upgraded.\n    [javac] warning: /home/cmd/jdk1.8.0_391/lib/ct.sym(META-INF/sym/rt.jar/java/io/IOException.class): major version 52 is newer than 51, the highest major version supported by this compiler.\n    [javac]   It is recommended that the compiler be upgraded.\n    [javac] warning: /home/cmd/jdk1.8.0_391/lib/ct.sym(META-INF/sym/rt.jar/java/lang/Object.class): major version 52 is newer than 51, the highest major version supported by this compiler.\n    [javac]   It is recommended that the compiler be upgraded.\n    [javac] warning: /home/cmd/jdk1.8.0_391/lib/ct.sym(META-INF/sym/rt.jar/java/lang/String.class): major version 52 is newer than 51, the highest major version supported by this compiler.\n    [javac]   It is recommended that the compiler be upgraded.\n    [javac] warning: /home/cmd/jdk1.8.0_391/lib/ct.sym(META-INF/sym/rt.jar/java/lang/Enum.class): major version 52 is newer than 51, the highest major version supported by this compiler.\n    [javac]   It is recommended that the compiler be upgraded.\n    [javac] warning: /home/cmd/jdk1.8.0_391/lib/ct.sym(META-INF/sym/rt.jar/java/lang/Comparable.class): major version 52 is newer than 51, the highest major version supported by this compiler.\n    [javac]   It is recommended that the compiler be upgraded.\n    [javac] warning: /home/cmd/jdk1.8.0_391/lib/ct.sym(META-INF/sym/rt.jar/java/io/Serializable.class): major version 52 is newer than 51, the highest major version supported by this compiler.\n    [javac]   It is recommended that the compiler be upgraded.\n    [javac] warning: /home/cmd/jdk1.8.0_391/lib/ct.sym(META-INF/sym/rt.jar/java/nio/charset/Charset.class): major version 52 is newer than 51, the highest major version supported by this compiler.\n    [javac]   It is recommended that the compiler be upgraded.\n    [javac] warning: /home/cmd/jdk1.8.0_391/lib/ct.sym(META-INF/sym/rt.jar/java/nio/charset/CharsetEncoder.class): major version 52 is newer than 51, the highest major version supported by this compiler.\n    [javac]   It is recommended that the compiler be upgraded.\n    [javac] warning: /home/cmd/jdk1.8.0_391/lib/ct.sym(META-INF/sym/rt.jar/java/util/ArrayList.class): major version 52 is newer than 51, the highest major version supported by this compiler.\n    [javac]   It is recommended that the compiler be upgraded.\n    [javac] warning: /home/cmd/jdk1.8.0_391/lib/ct.sym(META-INF/sym/rt.jar/java/util/List.class): major version 52 is newer than 51, the highest major version supported by this compiler.\n    [javac]   It is recommended that the compiler be upgraded.\n    [javac] warning: /home/cmd/jdk1.8.0_391/lib/ct.sym(META-INF/sym/rt.jar/java/util/regex/Pattern.class): major version 52 is newer than 51, the highest major version supported by this compiler.\n    [javac]   It is recommended that the compiler be upgraded.\n    [javac] warning: /home/cmd/jdk1.8.0_391/lib/ct.sym(META-INF/sym/rt.jar/java/util/regex/PatternSyntaxException.class): major version 52 is newer than 51, the highest major version supported by this compiler.\n    [javac]   It is recommended that the compiler be upgraded.\n    [javac] warning: /home/cmd/jdk1.8.0_391/lib/ct.sym(META-INF/sym/rt.jar/java/net/MalformedURLException.class): major version 52 is newer than 51, the highest major version supported by this compiler.\n    [javac]   It is recommended that the compiler be upgraded.\n    [javac] warning: /home/cmd/jdk1.8.0_391/lib/ct.sym(META-INF/sym/rt.jar/java/util/Collections.class): major version 52 is newer than 51, the highest major version supported by this compiler.\n    [javac]   It is recommended that the compiler be upgraded.\n    [javac] warning: /home/cmd/jdk1.8.0_391/lib/ct.sym(META-INF/sym/rt.jar/java/util/Set.class): major version 52 is newer than 51, the highest major version supported by this compiler.\n    [javac]   It is recommended that the compiler be upgraded.\n    [javac] warning: /home/cmd/jdk1.8.0_391/lib/ct.sym(META-INF/sym/rt.jar/java/lang/Iterable.class): major version 52 is newer than 51, the highest major version supported by this compiler.\n    [javac]   It is recommended that the compiler be upgraded.\n    [javac] warning: /home/cmd/jdk1.8.0_391/lib/ct.sym(META-INF/sym/rt.jar/java/util/Map$Entry.class): major version 52 is newer than 51, the highest major version supported by this compiler.\n    [javac]   It is recommended that the compiler be upgraded.\n    [javac] warning: /home/cmd/jdk1.8.0_391/lib/ct.sym(META-INF/sym/rt.jar/java/lang/Integer.class): major version 52 is newer than 51, the highest major version supported by this compiler.\n    [javac]   It is recommended that the compiler be upgraded.\n    [javac] warning: /home/cmd/jdk1.8.0_391/lib/ct.sym(META-INF/sym/rt.jar/java/lang/StringBuilder.class): major version 52 is newer than 51, the highest major version supported by this compiler.\n    [javac]   It is recommended that the compiler be upgraded.\n    [javac] warning: /home/cmd/jdk1.8.0_391/lib/ct.sym(META-INF/sym/rt.jar/java/util/HashMap.class): major version 52 is newer than 51, the highest major version supported by this compiler.\n    [javac]   It is recommended that the compiler be upgraded.\n    [javac] warning: /home/cmd/jdk1.8.0_391/lib/ct.sym(META-INF/sym/rt.jar/java/util/regex/Matcher.class): major version 52 is newer than 51, the highest major version supported by this compiler.\n    [javac]   It is recommended that the compiler be upgraded.\n    [javac] warning: /home/cmd/jdk1.8.0_391/lib/ct.sym(META-INF/sym/rt.jar/java/util/LinkedHashMap.class): major version 52 is newer than 51, the highest major version supported by this compiler.\n    [javac]   It is recommended that the compiler be upgraded.\n    [javac] warning: /home/cmd/jdk1.8.0_391/lib/ct.sym(META-INF/sym/rt.jar/java/util/Iterator.class): major version 52 is newer than 51, the highest major version supported by this compiler.\n    [javac]   It is recommended that the compiler be upgraded.\n    [javac] warning: /home/cmd/jdk1.8.0_391/lib/ct.sym(META-INF/sym/rt.jar/java/util/ListIterator.class): major version 52 is newer than 51, the highest major version supported by this compiler.\n    [javac]   It is recommended that the compiler be upgraded.\n    [javac] warning: /home/cmd/jdk1.8.0_391/lib/ct.sym(META-INF/sym/rt.jar/java/lang/Character.class): major version 52 is newer than 51, the highest major version supported by this compiler.\n    [javac]   It is recommended that the compiler be upgraded.\n    [javac] warning: /home/cmd/jdk1.8.0_391/lib/ct.sym(META-INF/sym/rt.jar/java/io/File.class): major version 52 is newer than 51, the highest major version supported by this compiler.\n    [javac]   It is recommended that the compiler be upgraded.\n    [javac] warning: /home/cmd/jdk1.8.0_391/lib/ct.sym(META-INF/sym/rt.jar/java/io/InputStream.class): major version 52 is newer than 51, the highest major version supported by this compiler.\n    [javac]   It is recommended that the compiler be upgraded.\n    [javac] warning: /home/cmd/jdk1.8.0_391/lib/ct.sym(META-INF/sym/rt.jar/java/util/HashSet.class): major version 52 is newer than 51, the highest major version supported by this compiler.\n    [javac]   It is recommended that the compiler be upgraded.\n    [javac] warning: /home/cmd/jdk1.8.0_391/lib/ct.sym(META-INF/sym/rt.jar/java/nio/ByteBuffer.class): major version 52 is newer than 51, the highest major version supported by this compiler.\n    [javac]   It is recommended that the compiler be upgraded.\n    [javac] warning: /home/cmd/jdk1.8.0_391/lib/ct.sym(META-INF/sym/rt.jar/java/net/HttpURLConnection.class): major version 52 is newer than 51, the highest major version supported by this compiler.\n    [javac]   It is recommended that the compiler be upgraded.\n    [javac] warning: /home/cmd/jdk1.8.0_391/lib/ct.sym(META-INF/sym/rt.jar/java/net/URLEncoder.class): major version 52 is newer than 51, the highest major version supported by this compiler.\n    [javac]   It is recommended that the compiler be upgraded.\n    [javac] warning: /home/cmd/jdk1.8.0_391/lib/ct.sym(META-INF/sym/rt.jar/java/util/zip/GZIPInputStream.class): major version 52 is newer than 51, the highest major version supported by this compiler.\n    [javac]   It is recommended that the compiler be upgraded.\n    [javac] warning: /home/cmd/jdk1.8.0_391/lib/ct.sym(META-INF/sym/rt.jar/java/lang/SuppressWarnings.class): major version 52 is newer than 51, the highest major version supported by this compiler.\n    [javac]   It is recommended that the compiler be upgraded.\n    [javac] warning: /home/cmd/jdk1.8.0_391/lib/ct.sym(META-INF/sym/rt.jar/java/io/OutputStream.class): major version 52 is newer than 51, the highest major version supported by this compiler.\n    [javac]   It is recommended that the compiler be upgraded.\n    [javac] warning: /home/cmd/jdk1.8.0_391/lib/ct.sym(META-INF/sym/rt.jar/java/util/AbstractMap.class): major version 52 is newer than 51, the highest major version supported by this compiler.\n    [javac]   It is recommended that the compiler be upgraded.\n    [javac] warning: /home/cmd/jdk1.8.0_391/lib/ct.sym(META-INF/sym/rt.jar/java/util/AbstractSet.class): major version 52 is newer than 51, the highest major version supported by this compiler.\n    [javac]   It is recommended that the compiler be upgraded.\n    [javac] warning: /home/cmd/jdk1.8.0_391/lib/ct.sym(META-INF/sym/rt.jar/java/util/AbstractCollection.class): major version 52 is newer than 51, the highest major version supported by this compiler.\n    [javac]   It is recommended that the compiler be upgraded.\n    [javac] warning: /home/cmd/jdk1.8.0_391/lib/ct.sym(META-INF/sym/rt.jar/java/util/LinkedList.class): major version 52 is newer than 51, the highest major version supported by this compiler.\n    [javac]   It is recommended that the compiler be upgraded.\n    [javac] warning: /home/cmd/jdk1.8.0_391/lib/ct.sym(META-INF/sym/rt.jar/java/util/LinkedHashSet.class): major version 52 is newer than 51, the highest major version supported by this compiler.\n    [javac]   It is recommended that the compiler be upgraded.\n    [javac] warning: /home/cmd/jdk1.8.0_391/lib/ct.sym(META-INF/sym/rt.jar/java/lang/IllegalStateException.class): major version 52 is newer than 51, the highest major version supported by this compiler.\n    [javac]   It is recommended that the compiler be upgraded.\n    [javac] warning: /home/cmd/jdk1.8.0_391/lib/ct.sym(META-INF/sym/rt.jar/java/lang/RuntimeException.class): major version 52 is newer than 51, the highest major version supported by this compiler.\n    [javac]   It is recommended that the compiler be upgraded.\n    [javac] warning: /home/cmd/jdk1.8.0_391/lib/ct.sym(META-INF/sym/rt.jar/java/lang/Exception.class): major version 52 is newer than 51, the highest major version supported by this compiler.\n    [javac]   It is recommended that the compiler be upgraded.\n    [javac] warning: /home/cmd/jdk1.8.0_391/lib/ct.sym(META-INF/sym/rt.jar/java/lang/Throwable.class): major version 52 is newer than 51, the highest major version supported by this compiler.\n    [javac]   It is recommended that the compiler be upgraded.\n    [javac] /home/cmd/jdk1.8.0_391/lib/ct.sym(META-INF/sym/rt.jar/java/net/URL.class): warning: Cannot find annotation method 'value()' in type 'Profile+Annotation': class file for jdk.Profile+Annotation not found\n    [javac] /home/cmd/jdk1.8.0_391/lib/ct.sym(META-INF/sym/rt.jar/java/util/Map.class): warning: Cannot find annotation method 'value()' in type 'Profile+Annotation'\n    [javac] /home/cmd/jdk1.8.0_391/lib/ct.sym(META-INF/sym/rt.jar/java/util/Collection.class): warning: Cannot find annotation method 'value()' in type 'Profile+Annotation'\n    [javac] /home/cmd/jdk1.8.0_391/lib/ct.sym(META-INF/sym/rt.jar/java/io/IOException.class): warning: Cannot find annotation method 'value()' in type 'Profile+Annotation'\n    [javac] /home/cmd/jdk1.8.0_391/lib/ct.sym(META-INF/sym/rt.jar/java/lang/Object.class): warning: Cannot find annotation method 'value()' in type 'Profile+Annotation'\n    [javac] /home/cmd/jdk1.8.0_391/lib/ct.sym(META-INF/sym/rt.jar/java/lang/String.class): warning: Cannot find annotation method 'value()' in type 'Profile+Annotation'\n    [javac] /home/cmd/jdk1.8.0_391/lib/ct.sym(META-INF/sym/rt.jar/java/lang/Enum.class): warning: Cannot find annotation method 'value()' in type 'Profile+Annotation'\n    [javac] /home/cmd/jdk1.8.0_391/lib/ct.sym(META-INF/sym/rt.jar/java/lang/Comparable.class): warning: Cannot find annotation method 'value()' in type 'Profile+Annotation'\n    [javac] /home/cmd/jdk1.8.0_391/lib/ct.sym(META-INF/sym/rt.jar/java/io/Serializable.class): warning: Cannot find annotation method 'value()' in type 'Profile+Annotation'\n    [javac] /home/cmd/jdk1.8.0_391/lib/ct.sym(META-INF/sym/rt.jar/java/nio/charset/Charset.class): warning: Cannot find annotation method 'value()' in type 'Profile+Annotation'\n    [javac] /home/cmd/jdk1.8.0_391/lib/ct.sym(META-INF/sym/rt.jar/java/nio/charset/CharsetEncoder.class): warning: Cannot find annotation method 'value()' in type 'Profile+Annotation'\n    [javac] /home/cmd/jdk1.8.0_391/lib/ct.sym(META-INF/sym/rt.jar/java/util/ArrayList.class): warning: Cannot find annotation method 'value()' in type 'Profile+Annotation'\n    [javac] /home/cmd/jdk1.8.0_391/lib/ct.sym(META-INF/sym/rt.jar/java/util/List.class): warning: Cannot find annotation method 'value()' in type 'Profile+Annotation'\n    [javac] /home/cmd/jdk1.8.0_391/lib/ct.sym(META-INF/sym/rt.jar/java/util/regex/Pattern.class): warning: Cannot find annotation method 'value()' in type 'Profile+Annotation'\n    [javac] /home/cmd/jdk1.8.0_391/lib/ct.sym(META-INF/sym/rt.jar/java/util/regex/PatternSyntaxException.class): warning: Cannot find annotation method 'value()' in type 'Profile+Annotation'\n    [javac] /home/cmd/jdk1.8.0_391/lib/ct.sym(META-INF/sym/rt.jar/java/net/MalformedURLException.class): warning: Cannot find annotation method 'value()' in type 'Profile+Annotation'\n    [javac] /home/cmd/jdk1.8.0_391/lib/ct.sym(META-INF/sym/rt.jar/java/util/Collections.class): warning: Cannot find annotation method 'value()' in type 'Profile+Annotation'\n    [javac] warning: /home/cmd/jdk1.8.0_391/lib/ct.sym(META-INF/sym/rt.jar/java/lang/Override.class): major version 52 is newer than 51, the highest major version supported by this compiler.\n    [javac]   It is recommended that the compiler be upgraded.\n    [javac] warning: /home/cmd/jdk1.8.0_391/lib/ct.sym(META-INF/sym/rt.jar/java/lang/annotation/Annotation.class): major version 52 is newer than 51, the highest major version supported by this compiler.\n    [javac]   It is recommended that the compiler be upgraded.\n    [javac] /home/cmd/jdk1.8.0_391/lib/ct.sym(META-INF/sym/rt.jar/java/util/Set.class): warning: Cannot find annotation method 'value()' in type 'Profile+Annotation'\n    [javac] /home/cmd/jdk1.8.0_391/lib/ct.sym(META-INF/sym/rt.jar/java/lang/Iterable.class): warning: Cannot find annotation method 'value()' in type 'Profile+Annotation'\n    [javac] /home/cmd/jdk1.8.0_391/lib/ct.sym(META-INF/sym/rt.jar/java/lang/Integer.class): warning: Cannot find annotation method 'value()' in type 'Profile+Annotation'\n    [javac] /home/cmd/jdk1.8.0_391/lib/ct.sym(META-INF/sym/rt.jar/java/lang/StringBuilder.class): warning: Cannot find annotation method 'value()' in type 'Profile+Annotation'\n    [javac] /home/cmd/jdk1.8.0_391/lib/ct.sym(META-INF/sym/rt.jar/java/util/HashMap.class): warning: Cannot find annotation method 'value()' in type 'Profile+Annotation'\n    [javac] /home/cmd/jdk1.8.0_391/lib/ct.sym(META-INF/sym/rt.jar/java/util/regex/Matcher.class): warning: Cannot find annotation method 'value()' in type 'Profile+Annotation'\n    [javac] /home/cmd/jdk1.8.0_391/lib/ct.sym(META-INF/sym/rt.jar/java/util/LinkedHashMap.class): warning: Cannot find annotation method 'value()' in type 'Profile+Annotation'\n    [javac] /home/cmd/jdk1.8.0_391/lib/ct.sym(META-INF/sym/rt.jar/java/util/Iterator.class): warning: Cannot find annotation method 'value()' in type 'Profile+Annotation'\n    [javac] /home/cmd/jdk1.8.0_391/lib/ct.sym(META-INF/sym/rt.jar/java/util/ListIterator.class): warning: Cannot find annotation method 'value()' in type 'Profile+Annotation'\n    [javac] /home/cmd/jdk1.8.0_391/lib/ct.sym(META-INF/sym/rt.jar/java/lang/Character.class): warning: Cannot find annotation method 'value()' in type 'Profile+Annotation'\n    [javac] /home/cmd/jdk1.8.0_391/lib/ct.sym(META-INF/sym/rt.jar/java/io/File.class): warning: Cannot find annotation method 'value()' in type 'Profile+Annotation'\n    [javac] /home/cmd/jdk1.8.0_391/lib/ct.sym(META-INF/sym/rt.jar/java/io/InputStream.class): warning: Cannot find annotation method 'value()' in type 'Profile+Annotation'\n    [javac] /home/cmd/jdk1.8.0_391/lib/ct.sym(META-INF/sym/rt.jar/java/util/HashSet.class): warning: Cannot find annotation method 'value()' in type 'Profile+Annotation'\n    [javac] /home/cmd/jdk1.8.0_391/lib/ct.sym(META-INF/sym/rt.jar/java/nio/ByteBuffer.class): warning: Cannot find annotation method 'value()' in type 'Profile+Annotation'\n    [javac] /home/cmd/jdk1.8.0_391/lib/ct.sym(META-INF/sym/rt.jar/java/net/HttpURLConnection.class): warning: Cannot find annotation method 'value()' in type 'Profile+Annotation'\n    [javac] /home/cmd/jdk1.8.0_391/lib/ct.sym(META-INF/sym/rt.jar/java/net/URLEncoder.class): warning: Cannot find annotation method 'value()' in type 'Profile+Annotation'\n    [javac] /home/cmd/jdk1.8.0_391/lib/ct.sym(META-INF/sym/rt.jar/java/util/zip/GZIPInputStream.class): warning: Cannot find annotation method 'value()' in type 'Profile+Annotation'\n    [javac] warning: /home/cmd/jdk1.8.0_391/lib/ct.sym(META-INF/sym/rt.jar/java/lang/annotation/Target.class): major version 52 is newer than 51, the highest major version supported by this compiler.\n    [javac]   It is recommended that the compiler be upgraded.\n    [javac] warning: /home/cmd/jdk1.8.0_391/lib/ct.sym(META-INF/sym/rt.jar/java/lang/annotation/ElementType.class): major version 52 is newer than 51, the highest major version supported by this compiler.\n    [javac]   It is recommended that the compiler be upgraded.\n    [javac] warning: /home/cmd/jdk1.8.0_391/lib/ct.sym(META-INF/sym/rt.jar/java/lang/annotation/Retention.class): major version 52 is newer than 51, the highest major version supported by this compiler.\n    [javac]   It is recommended that the compiler be upgraded.\n    [javac] warning: /home/cmd/jdk1.8.0_391/lib/ct.sym(META-INF/sym/rt.jar/java/lang/annotation/RetentionPolicy.class): major version 52 is newer than 51, the highest major version supported by this compiler.\n    [javac]   It is recommended that the compiler be upgraded.\n    [javac] /home/cmd/jdk1.8.0_391/lib/ct.sym(META-INF/sym/rt.jar/java/lang/SuppressWarnings.class): warning: Cannot find annotation method 'value()' in type 'Profile+Annotation'\n    [javac] /home/cmd/jdk1.8.0_391/lib/ct.sym(META-INF/sym/rt.jar/java/io/OutputStream.class): warning: Cannot find annotation method 'value()' in type 'Profile+Annotation'\n    [javac] /home/cmd/jdk1.8.0_391/lib/ct.sym(META-INF/sym/rt.jar/java/util/AbstractMap.class): warning: Cannot find annotation method 'value()' in type 'Profile+Annotation'\n    [javac] /home/cmd/jdk1.8.0_391/lib/ct.sym(META-INF/sym/rt.jar/java/util/AbstractSet.class): warning: Cannot find annotation method 'value()' in type 'Profile+Annotation'\n    [javac] /home/cmd/jdk1.8.0_391/lib/ct.sym(META-INF/sym/rt.jar/java/util/AbstractCollection.class): warning: Cannot find annotation method 'value()' in type 'Profile+Annotation'\n    [javac] /home/cmd/jdk1.8.0_391/lib/ct.sym(META-INF/sym/rt.jar/java/util/LinkedList.class): warning: Cannot find annotation method 'value()' in type 'Profile+Annotation'\n    [javac] /home/cmd/jdk1.8.0_391/lib/ct.sym(META-INF/sym/rt.jar/java/util/LinkedHashSet.class): warning: Cannot find annotation method 'value()' in type 'Profile+Annotation'\n    [javac] /home/cmd/jdk1.8.0_391/lib/ct.sym(META-INF/sym/rt.jar/java/lang/IllegalStateException.class): warning: Cannot find annotation method 'value()' in type 'Profile+Annotation'\n    [javac] /home/cmd/jdk1.8.0_391/lib/ct.sym(META-INF/sym/rt.jar/java/lang/RuntimeException.class): warning: Cannot find annotation method 'value()' in type 'Profile+Annotation'\n    [javac] /home/cmd/jdk1.8.0_391/lib/ct.sym(META-INF/sym/rt.jar/java/lang/Exception.class): warning: Cannot find annotation method 'value()' in type 'Profile+Annotation'\n    [javac] /home/cmd/jdk1.8.0_391/lib/ct.sym(META-INF/sym/rt.jar/java/lang/Throwable.class): warning: Cannot find annotation method 'value()' in type 'Profile+Annotation'\n    [javac] /home/cmd/jdk1.8.0_391/lib/ct.sym(META-INF/sym/rt.jar/java/lang/Override.class): warning: Cannot find annotation method 'value()' in type 'Profile+Annotation'\n    [javac] /home/cmd/jdk1.8.0_391/lib/ct.sym(META-INF/sym/rt.jar/java/lang/annotation/Annotation.class): warning: Cannot find annotation method 'value()' in type 'Profile+Annotation'\n    [javac] /data/cmd/Ming/llm-fl-apr/tmp/Jsoup_7-prompt_apr_3-gpt-4o-mini/src/main/java/org/jsoup/nodes/Document.java:155: error: cannot find symbol\n    [javac]     if (someCondition) {\n    [javac]         ^\n    [javac]   symbol:   variable someCondition\n    [javac]   location: class Document\n    [javac] Note: /data/cmd/Ming/llm-fl-apr/tmp/Jsoup_7-prompt_apr_3-gpt-4o-mini/src/main/java/org/jsoup/nodes/Node.java uses unchecked or unsafe operations.\n    [javac] Note: Recompile with -Xlint:unchecked for details.\n    [javac] 1 error\n    [javac] 100 warnings\n\nBUILD FAILED\n/data/cmd/Ming/llm-fl-apr/tmp/Jsoup_7-prompt_apr_3-gpt-4o-mini/maven-build.xml:74: Compile failed; see the compiler error output for details.\n\nTotal time: 3 seconds\nCannot compile sources! at /data/cmd/Ming/LLM_Based-Mutation/tools/mutant/defects4j-2.1.0/framework/bin/d4j/d4j-compile line 82.\nCompilation failed in require at /data/cmd/Ming/LLM_Based-Mutation/tools/mutant/defects4j-2.1.0/framework/bin/defects4j line 195.\n"
                }
            },
            "deepseek-chat": {
                "compile": {
                    "rc": 1,
                    "so": "",
                    "se": "Running ant (compile)...................................................... FAIL\nExecuted command:  cd /data/cmd/Ming/llm-fl-apr/tmp/Jsoup_7-prompt_apr_3-deepseek-chat && /data/cmd/Ming/LLM_Based-Mutation/tools/mutant/defects4j-2.1.0/major/bin/ant -f /data/cmd/Ming/LLM_Based-Mutation/tools/mutant/defects4j-2.1.0/framework/projects/defects4j.build.xml -Dd4j.home=/data/cmd/Ming/LLM_Based-Mutation/tools/mutant/defects4j-2.1.0 -Dd4j.dir.projects=/data/cmd/Ming/LLM_Based-Mutation/tools/mutant/defects4j-2.1.0/framework/projects -Dbasedir=/data/cmd/Ming/llm-fl-apr/tmp/Jsoup_7-prompt_apr_3-deepseek-chat -Dbuild.compiler=javac1.7  compile 2>&1\nJava HotSpot(TM) 64-Bit Server VM warning: ignoring option MaxPermSize=1G; support was removed in 8.0\nBuildfile: /data/cmd/Ming/LLM_Based-Mutation/tools/mutant/defects4j-2.1.0/framework/projects/defects4j.build.xml\n\ntest-offline:\n\nget-deps:\n\njsoup-from-maven.compile:\n    [mkdir] Created dir: /data/cmd/Ming/llm-fl-apr/tmp/Jsoup_7-prompt_apr_3-deepseek-chat/target/classes\n    [javac] /data/cmd/Ming/llm-fl-apr/tmp/Jsoup_7-prompt_apr_3-deepseek-chat/maven-build.xml:74: warning: 'includeantruntime' was not set, defaulting to build.sysclasspath=last; set to false for repeatable builds\n    [javac] Compiling 34 source files to /data/cmd/Ming/llm-fl-apr/tmp/Jsoup_7-prompt_apr_3-deepseek-chat/target/classes\n    [javac] warning: [options] bootstrap class path not set in conjunction with -source 1.5\n    [javac] /data/cmd/Ming/llm-fl-apr/tmp/Jsoup_7-prompt_apr_3-deepseek-chat/src/main/java/org/jsoup/nodes/Document.java:168: error: ';' expected\n    [javac]     public Element text(String text) {\n    [javac]                        ^\n    [javac] /data/cmd/Ming/llm-fl-apr/tmp/Jsoup_7-prompt_apr_3-deepseek-chat/src/main/java/org/jsoup/nodes/Document.java:168: error: ';' expected\n    [javac]     public Element text(String text) {\n    [javac]                                    ^\n    [javac] /data/cmd/Ming/llm-fl-apr/tmp/Jsoup_7-prompt_apr_3-deepseek-chat/src/main/java/org/jsoup/nodes/Document.java:174: error: ';' expected\n    [javac]     public String nodeName() {\n    [javac]                           ^\n    [javac] /data/cmd/Ming/llm-fl-apr/tmp/Jsoup_7-prompt_apr_3-deepseek-chat/src/main/java/org/jsoup/nodes/Document.java:181: error: illegal start of expression\n    [javac]     public class OutputSettings {\n    [javac]     ^\n    [javac] /data/cmd/Ming/llm-fl-apr/tmp/Jsoup_7-prompt_apr_3-deepseek-chat/src/main/java/org/jsoup/nodes/Document.java:293: error: illegal start of expression\n    [javac]     public OutputSettings outputSettings() {\n    [javac]     ^\n    [javac] /data/cmd/Ming/llm-fl-apr/tmp/Jsoup_7-prompt_apr_3-deepseek-chat/src/main/java/org/jsoup/nodes/Document.java:293: error: ';' expected\n    [javac]     public OutputSettings outputSettings() {\n    [javac]                                         ^\n    [javac] /data/cmd/Ming/llm-fl-apr/tmp/Jsoup_7-prompt_apr_3-deepseek-chat/src/main/java/org/jsoup/nodes/Document.java:296: error: reached end of file while parsing\n    [javac] }\n    [javac]  ^\n    [javac] 7 errors\n    [javac] 1 warning\n\nBUILD FAILED\n/data/cmd/Ming/llm-fl-apr/tmp/Jsoup_7-prompt_apr_3-deepseek-chat/maven-build.xml:74: Compile failed; see the compiler error output for details.\n\nTotal time: 2 seconds\nCannot compile sources! at /data/cmd/Ming/LLM_Based-Mutation/tools/mutant/defects4j-2.1.0/framework/bin/d4j/d4j-compile line 82.\nCompilation failed in require at /data/cmd/Ming/LLM_Based-Mutation/tools/mutant/defects4j-2.1.0/framework/bin/defects4j line 195.\n"
                }
            }
        },
        "prompt_apr_4": {
            "ernie-3.5-128k": {
                "compile": {
                    "rc": 1,
                    "so": "",
                    "se": "Running ant (compile)...................................................... FAIL\nExecuted command:  cd /data/cmd/Ming/llm-fl-apr/tmp/Jsoup_7-prompt_apr_4-ernie-3.5-128k && /data/cmd/Ming/LLM_Based-Mutation/tools/mutant/defects4j-2.1.0/major/bin/ant -f /data/cmd/Ming/LLM_Based-Mutation/tools/mutant/defects4j-2.1.0/framework/projects/defects4j.build.xml -Dd4j.home=/data/cmd/Ming/LLM_Based-Mutation/tools/mutant/defects4j-2.1.0 -Dd4j.dir.projects=/data/cmd/Ming/LLM_Based-Mutation/tools/mutant/defects4j-2.1.0/framework/projects -Dbasedir=/data/cmd/Ming/llm-fl-apr/tmp/Jsoup_7-prompt_apr_4-ernie-3.5-128k -Dbuild.compiler=javac1.7  compile 2>&1\nJava HotSpot(TM) 64-Bit Server VM warning: ignoring option MaxPermSize=1G; support was removed in 8.0\nBuildfile: /data/cmd/Ming/LLM_Based-Mutation/tools/mutant/defects4j-2.1.0/framework/projects/defects4j.build.xml\n\ntest-offline:\n\nget-deps:\n\njsoup-from-maven.compile:\n    [mkdir] Created dir: /data/cmd/Ming/llm-fl-apr/tmp/Jsoup_7-prompt_apr_4-ernie-3.5-128k/target/classes\n    [javac] /data/cmd/Ming/llm-fl-apr/tmp/Jsoup_7-prompt_apr_4-ernie-3.5-128k/maven-build.xml:74: warning: 'includeantruntime' was not set, defaulting to build.sysclasspath=last; set to false for repeatable builds\n    [javac] Compiling 34 source files to /data/cmd/Ming/llm-fl-apr/tmp/Jsoup_7-prompt_apr_4-ernie-3.5-128k/target/classes\n    [javac] warning: [options] bootstrap class path not set in conjunction with -source 1.5\n    [javac] /data/cmd/Ming/llm-fl-apr/tmp/Jsoup_7-prompt_apr_4-ernie-3.5-128k/src/main/java/org/jsoup/nodes/Document.java:154: error: illegal start of type\n    [javac] return super.outerHtml();        return super.html(); // no outer wrapper tag\n    [javac] ^\n    [javac] /data/cmd/Ming/llm-fl-apr/tmp/Jsoup_7-prompt_apr_4-ernie-3.5-128k/src/main/java/org/jsoup/nodes/Document.java:154: error: ';' expected\n    [javac] return super.outerHtml();        return super.html(); // no outer wrapper tag\n    [javac]       ^\n    [javac] /data/cmd/Ming/llm-fl-apr/tmp/Jsoup_7-prompt_apr_4-ernie-3.5-128k/src/main/java/org/jsoup/nodes/Document.java:154: error: illegal start of type\n    [javac] return super.outerHtml();        return super.html(); // no outer wrapper tag\n    [javac]             ^\n    [javac] /data/cmd/Ming/llm-fl-apr/tmp/Jsoup_7-prompt_apr_4-ernie-3.5-128k/src/main/java/org/jsoup/nodes/Document.java:154: error: illegal start of type\n    [javac] return super.outerHtml();        return super.html(); // no outer wrapper tag\n    [javac]                                  ^\n    [javac] /data/cmd/Ming/llm-fl-apr/tmp/Jsoup_7-prompt_apr_4-ernie-3.5-128k/src/main/java/org/jsoup/nodes/Document.java:154: error: ';' expected\n    [javac] return super.outerHtml();        return super.html(); // no outer wrapper tag\n    [javac]                                        ^\n    [javac] /data/cmd/Ming/llm-fl-apr/tmp/Jsoup_7-prompt_apr_4-ernie-3.5-128k/src/main/java/org/jsoup/nodes/Document.java:154: error: illegal start of type\n    [javac] return super.outerHtml();        return super.html(); // no outer wrapper tag\n    [javac]                                              ^\n    [javac] /data/cmd/Ming/llm-fl-apr/tmp/Jsoup_7-prompt_apr_4-ernie-3.5-128k/src/main/java/org/jsoup/nodes/Document.java:163: error: class, interface, or enum expected\n    [javac]     public Element text(String text) {\n    [javac]            ^\n    [javac] /data/cmd/Ming/llm-fl-apr/tmp/Jsoup_7-prompt_apr_4-ernie-3.5-128k/src/main/java/org/jsoup/nodes/Document.java:165: error: class, interface, or enum expected\n    [javac]         return this;\n    [javac]         ^\n    [javac] /data/cmd/Ming/llm-fl-apr/tmp/Jsoup_7-prompt_apr_4-ernie-3.5-128k/src/main/java/org/jsoup/nodes/Document.java:166: error: class, interface, or enum expected\n    [javac]     }\n    [javac]     ^\n    [javac] /data/cmd/Ming/llm-fl-apr/tmp/Jsoup_7-prompt_apr_4-ernie-3.5-128k/src/main/java/org/jsoup/nodes/Document.java:169: error: class, interface, or enum expected\n    [javac]     public String nodeName() {\n    [javac]            ^\n    [javac] /data/cmd/Ming/llm-fl-apr/tmp/Jsoup_7-prompt_apr_4-ernie-3.5-128k/src/main/java/org/jsoup/nodes/Document.java:171: error: class, interface, or enum expected\n    [javac]     }\n    [javac]     ^\n    [javac] /data/cmd/Ming/llm-fl-apr/tmp/Jsoup_7-prompt_apr_4-ernie-3.5-128k/src/main/java/org/jsoup/nodes/Document.java:288: error: class, interface, or enum expected\n    [javac]     public OutputSettings outputSettings() {\n    [javac]            ^\n    [javac] /data/cmd/Ming/llm-fl-apr/tmp/Jsoup_7-prompt_apr_4-ernie-3.5-128k/src/main/java/org/jsoup/nodes/Document.java:290: error: class, interface, or enum expected\n    [javac]     }\n    [javac]     ^\n    [javac] 13 errors\n    [javac] 1 warning\n\nBUILD FAILED\n/data/cmd/Ming/llm-fl-apr/tmp/Jsoup_7-prompt_apr_4-ernie-3.5-128k/maven-build.xml:74: Compile failed; see the compiler error output for details.\n\nTotal time: 1 second\nCannot compile sources! at /data/cmd/Ming/LLM_Based-Mutation/tools/mutant/defects4j-2.1.0/framework/bin/d4j/d4j-compile line 82.\nCompilation failed in require at /data/cmd/Ming/LLM_Based-Mutation/tools/mutant/defects4j-2.1.0/framework/bin/defects4j line 195.\n"
                }
            },
            "qwen-turbo": {
                "compile": {
                    "rc": 1,
                    "so": "",
                    "se": "Running ant (compile)...................................................... FAIL\nExecuted command:  cd /data/cmd/Ming/llm-fl-apr/tmp/Jsoup_7-prompt_apr_4-qwen-turbo && /data/cmd/Ming/LLM_Based-Mutation/tools/mutant/defects4j-2.1.0/major/bin/ant -f /data/cmd/Ming/LLM_Based-Mutation/tools/mutant/defects4j-2.1.0/framework/projects/defects4j.build.xml -Dd4j.home=/data/cmd/Ming/LLM_Based-Mutation/tools/mutant/defects4j-2.1.0 -Dd4j.dir.projects=/data/cmd/Ming/LLM_Based-Mutation/tools/mutant/defects4j-2.1.0/framework/projects -Dbasedir=/data/cmd/Ming/llm-fl-apr/tmp/Jsoup_7-prompt_apr_4-qwen-turbo -Dbuild.compiler=javac1.7  compile 2>&1\nJava HotSpot(TM) 64-Bit Server VM warning: ignoring option MaxPermSize=1G; support was removed in 8.0\nBuildfile: /data/cmd/Ming/LLM_Based-Mutation/tools/mutant/defects4j-2.1.0/framework/projects/defects4j.build.xml\n\ntest-offline:\n\nget-deps:\n\njsoup-from-maven.compile:\n    [mkdir] Created dir: /data/cmd/Ming/llm-fl-apr/tmp/Jsoup_7-prompt_apr_4-qwen-turbo/target/classes\n    [javac] /data/cmd/Ming/llm-fl-apr/tmp/Jsoup_7-prompt_apr_4-qwen-turbo/maven-build.xml:74: warning: 'includeantruntime' was not set, defaulting to build.sysclasspath=last; set to false for repeatable builds\n    [javac] Compiling 34 source files to /data/cmd/Ming/llm-fl-apr/tmp/Jsoup_7-prompt_apr_4-qwen-turbo/target/classes\n    [javac] warning: [options] bootstrap class path not set in conjunction with -source 1.5\n    [javac] /data/cmd/Ming/llm-fl-apr/tmp/Jsoup_7-prompt_apr_4-qwen-turbo/src/main/java/org/jsoup/nodes/Document.java:154: error: illegal start of type\n    [javac] return super.outerHtml();        return super.html(); // no outer wrapper tag\n    [javac] ^\n    [javac] /data/cmd/Ming/llm-fl-apr/tmp/Jsoup_7-prompt_apr_4-qwen-turbo/src/main/java/org/jsoup/nodes/Document.java:154: error: ';' expected\n    [javac] return super.outerHtml();        return super.html(); // no outer wrapper tag\n    [javac]       ^\n    [javac] /data/cmd/Ming/llm-fl-apr/tmp/Jsoup_7-prompt_apr_4-qwen-turbo/src/main/java/org/jsoup/nodes/Document.java:154: error: illegal start of type\n    [javac] return super.outerHtml();        return super.html(); // no outer wrapper tag\n    [javac]             ^\n    [javac] /data/cmd/Ming/llm-fl-apr/tmp/Jsoup_7-prompt_apr_4-qwen-turbo/src/main/java/org/jsoup/nodes/Document.java:154: error: illegal start of type\n    [javac] return super.outerHtml();        return super.html(); // no outer wrapper tag\n    [javac]                                  ^\n    [javac] /data/cmd/Ming/llm-fl-apr/tmp/Jsoup_7-prompt_apr_4-qwen-turbo/src/main/java/org/jsoup/nodes/Document.java:154: error: ';' expected\n    [javac] return super.outerHtml();        return super.html(); // no outer wrapper tag\n    [javac]                                        ^\n    [javac] /data/cmd/Ming/llm-fl-apr/tmp/Jsoup_7-prompt_apr_4-qwen-turbo/src/main/java/org/jsoup/nodes/Document.java:154: error: illegal start of type\n    [javac] return super.outerHtml();        return super.html(); // no outer wrapper tag\n    [javac]                                              ^\n    [javac] /data/cmd/Ming/llm-fl-apr/tmp/Jsoup_7-prompt_apr_4-qwen-turbo/src/main/java/org/jsoup/nodes/Document.java:163: error: class, interface, or enum expected\n    [javac]     public Element text(String text) {\n    [javac]            ^\n    [javac] /data/cmd/Ming/llm-fl-apr/tmp/Jsoup_7-prompt_apr_4-qwen-turbo/src/main/java/org/jsoup/nodes/Document.java:165: error: class, interface, or enum expected\n    [javac]         return this;\n    [javac]         ^\n    [javac] /data/cmd/Ming/llm-fl-apr/tmp/Jsoup_7-prompt_apr_4-qwen-turbo/src/main/java/org/jsoup/nodes/Document.java:166: error: class, interface, or enum expected\n    [javac]     }\n    [javac]     ^\n    [javac] /data/cmd/Ming/llm-fl-apr/tmp/Jsoup_7-prompt_apr_4-qwen-turbo/src/main/java/org/jsoup/nodes/Document.java:169: error: class, interface, or enum expected\n    [javac]     public String nodeName() {\n    [javac]            ^\n    [javac] /data/cmd/Ming/llm-fl-apr/tmp/Jsoup_7-prompt_apr_4-qwen-turbo/src/main/java/org/jsoup/nodes/Document.java:171: error: class, interface, or enum expected\n    [javac]     }\n    [javac]     ^\n    [javac] /data/cmd/Ming/llm-fl-apr/tmp/Jsoup_7-prompt_apr_4-qwen-turbo/src/main/java/org/jsoup/nodes/Document.java:288: error: class, interface, or enum expected\n    [javac]     public OutputSettings outputSettings() {\n    [javac]            ^\n    [javac] /data/cmd/Ming/llm-fl-apr/tmp/Jsoup_7-prompt_apr_4-qwen-turbo/src/main/java/org/jsoup/nodes/Document.java:290: error: class, interface, or enum expected\n    [javac]     }\n    [javac]     ^\n    [javac] 13 errors\n    [javac] 1 warning\n\nBUILD FAILED\n/data/cmd/Ming/llm-fl-apr/tmp/Jsoup_7-prompt_apr_4-qwen-turbo/maven-build.xml:74: Compile failed; see the compiler error output for details.\n\nTotal time: 2 seconds\nCannot compile sources! at /data/cmd/Ming/LLM_Based-Mutation/tools/mutant/defects4j-2.1.0/framework/bin/d4j/d4j-compile line 82.\nCompilation failed in require at /data/cmd/Ming/LLM_Based-Mutation/tools/mutant/defects4j-2.1.0/framework/bin/defects4j line 195.\n"
                }
            },
            "doubao-pro-4k": {
                "compile": {
                    "rc": 1,
                    "so": "",
                    "se": "Running ant (compile)...................................................... FAIL\nExecuted command:  cd /data/cmd/Ming/llm-fl-apr/tmp/Jsoup_7-prompt_apr_4-doubao-pro-4k && /data/cmd/Ming/LLM_Based-Mutation/tools/mutant/defects4j-2.1.0/major/bin/ant -f /data/cmd/Ming/LLM_Based-Mutation/tools/mutant/defects4j-2.1.0/framework/projects/defects4j.build.xml -Dd4j.home=/data/cmd/Ming/LLM_Based-Mutation/tools/mutant/defects4j-2.1.0 -Dd4j.dir.projects=/data/cmd/Ming/LLM_Based-Mutation/tools/mutant/defects4j-2.1.0/framework/projects -Dbasedir=/data/cmd/Ming/llm-fl-apr/tmp/Jsoup_7-prompt_apr_4-doubao-pro-4k -Dbuild.compiler=javac1.7  compile 2>&1\nJava HotSpot(TM) 64-Bit Server VM warning: ignoring option MaxPermSize=1G; support was removed in 8.0\nBuildfile: /data/cmd/Ming/LLM_Based-Mutation/tools/mutant/defects4j-2.1.0/framework/projects/defects4j.build.xml\n\ntest-offline:\n\nget-deps:\n\njsoup-from-maven.compile:\n    [mkdir] Created dir: /data/cmd/Ming/llm-fl-apr/tmp/Jsoup_7-prompt_apr_4-doubao-pro-4k/target/classes\n    [javac] /data/cmd/Ming/llm-fl-apr/tmp/Jsoup_7-prompt_apr_4-doubao-pro-4k/maven-build.xml:74: warning: 'includeantruntime' was not set, defaulting to build.sysclasspath=last; set to false for repeatable builds\n    [javac] Compiling 34 source files to /data/cmd/Ming/llm-fl-apr/tmp/Jsoup_7-prompt_apr_4-doubao-pro-4k/target/classes\n    [javac] warning: [options] bootstrap class path not set in conjunction with -source 1.5\n    [javac] /data/cmd/Ming/llm-fl-apr/tmp/Jsoup_7-prompt_apr_4-doubao-pro-4k/src/main/java/org/jsoup/nodes/Document.java:154: error: illegal start of type\n    [javac] return super.outerHtml(); // no outer wrapper tag        return super.html(); // no outer wrapper tag\n    [javac] ^\n    [javac] /data/cmd/Ming/llm-fl-apr/tmp/Jsoup_7-prompt_apr_4-doubao-pro-4k/src/main/java/org/jsoup/nodes/Document.java:154: error: ';' expected\n    [javac] return super.outerHtml(); // no outer wrapper tag        return super.html(); // no outer wrapper tag\n    [javac]       ^\n    [javac] /data/cmd/Ming/llm-fl-apr/tmp/Jsoup_7-prompt_apr_4-doubao-pro-4k/src/main/java/org/jsoup/nodes/Document.java:154: error: illegal start of type\n    [javac] return super.outerHtml(); // no outer wrapper tag        return super.html(); // no outer wrapper tag\n    [javac]             ^\n    [javac] /data/cmd/Ming/llm-fl-apr/tmp/Jsoup_7-prompt_apr_4-doubao-pro-4k/src/main/java/org/jsoup/nodes/Document.java:163: error: class, interface, or enum expected\n    [javac]     public Element text(String text) {\n    [javac]            ^\n    [javac] /data/cmd/Ming/llm-fl-apr/tmp/Jsoup_7-prompt_apr_4-doubao-pro-4k/src/main/java/org/jsoup/nodes/Document.java:165: error: class, interface, or enum expected\n    [javac]         return this;\n    [javac]         ^\n    [javac] /data/cmd/Ming/llm-fl-apr/tmp/Jsoup_7-prompt_apr_4-doubao-pro-4k/src/main/java/org/jsoup/nodes/Document.java:166: error: class, interface, or enum expected\n    [javac]     }\n    [javac]     ^\n    [javac] /data/cmd/Ming/llm-fl-apr/tmp/Jsoup_7-prompt_apr_4-doubao-pro-4k/src/main/java/org/jsoup/nodes/Document.java:169: error: class, interface, or enum expected\n    [javac]     public String nodeName() {\n    [javac]            ^\n    [javac] /data/cmd/Ming/llm-fl-apr/tmp/Jsoup_7-prompt_apr_4-doubao-pro-4k/src/main/java/org/jsoup/nodes/Document.java:171: error: class, interface, or enum expected\n    [javac]     }\n    [javac]     ^\n    [javac] /data/cmd/Ming/llm-fl-apr/tmp/Jsoup_7-prompt_apr_4-doubao-pro-4k/src/main/java/org/jsoup/nodes/Document.java:288: error: class, interface, or enum expected\n    [javac]     public OutputSettings outputSettings() {\n    [javac]            ^\n    [javac] /data/cmd/Ming/llm-fl-apr/tmp/Jsoup_7-prompt_apr_4-doubao-pro-4k/src/main/java/org/jsoup/nodes/Document.java:290: error: class, interface, or enum expected\n    [javac]     }\n    [javac]     ^\n    [javac] 10 errors\n    [javac] 1 warning\n\nBUILD FAILED\n/data/cmd/Ming/llm-fl-apr/tmp/Jsoup_7-prompt_apr_4-doubao-pro-4k/maven-build.xml:74: Compile failed; see the compiler error output for details.\n\nTotal time: 1 second\nCannot compile sources! at /data/cmd/Ming/LLM_Based-Mutation/tools/mutant/defects4j-2.1.0/framework/bin/d4j/d4j-compile line 82.\nCompilation failed in require at /data/cmd/Ming/LLM_Based-Mutation/tools/mutant/defects4j-2.1.0/framework/bin/defects4j line 195.\n"
                }
            },
            "gpt-4o-mini": {
                "compile": {
                    "rc": 1,
                    "so": "",
                    "se": "Running ant (compile)...................................................... FAIL\nExecuted command:  cd /data/cmd/Ming/llm-fl-apr/tmp/Jsoup_7-prompt_apr_4-gpt-4o-mini && /data/cmd/Ming/LLM_Based-Mutation/tools/mutant/defects4j-2.1.0/major/bin/ant -f /data/cmd/Ming/LLM_Based-Mutation/tools/mutant/defects4j-2.1.0/framework/projects/defects4j.build.xml -Dd4j.home=/data/cmd/Ming/LLM_Based-Mutation/tools/mutant/defects4j-2.1.0 -Dd4j.dir.projects=/data/cmd/Ming/LLM_Based-Mutation/tools/mutant/defects4j-2.1.0/framework/projects -Dbasedir=/data/cmd/Ming/llm-fl-apr/tmp/Jsoup_7-prompt_apr_4-gpt-4o-mini -Dbuild.compiler=javac1.7  compile 2>&1\nJava HotSpot(TM) 64-Bit Server VM warning: ignoring option MaxPermSize=1G; support was removed in 8.0\nBuildfile: /data/cmd/Ming/LLM_Based-Mutation/tools/mutant/defects4j-2.1.0/framework/projects/defects4j.build.xml\n\ntest-offline:\n\nget-deps:\n\njsoup-from-maven.compile:\n    [mkdir] Created dir: /data/cmd/Ming/llm-fl-apr/tmp/Jsoup_7-prompt_apr_4-gpt-4o-mini/target/classes\n    [javac] /data/cmd/Ming/llm-fl-apr/tmp/Jsoup_7-prompt_apr_4-gpt-4o-mini/maven-build.xml:74: warning: 'includeantruntime' was not set, defaulting to build.sysclasspath=last; set to false for repeatable builds\n    [javac] Compiling 34 source files to /data/cmd/Ming/llm-fl-apr/tmp/Jsoup_7-prompt_apr_4-gpt-4o-mini/target/classes\n    [javac] warning: [options] bootstrap class path not set in conjunction with -source 1.5\n    [javac] /data/cmd/Ming/llm-fl-apr/tmp/Jsoup_7-prompt_apr_4-gpt-4o-mini/src/main/java/org/jsoup/nodes/Document.java:154: error: illegal start of type\n    [javac] return super.outerHtml();        return super.html(); // no outer wrapper tag\n    [javac] ^\n    [javac] /data/cmd/Ming/llm-fl-apr/tmp/Jsoup_7-prompt_apr_4-gpt-4o-mini/src/main/java/org/jsoup/nodes/Document.java:154: error: ';' expected\n    [javac] return super.outerHtml();        return super.html(); // no outer wrapper tag\n    [javac]       ^\n    [javac] /data/cmd/Ming/llm-fl-apr/tmp/Jsoup_7-prompt_apr_4-gpt-4o-mini/src/main/java/org/jsoup/nodes/Document.java:154: error: illegal start of type\n    [javac] return super.outerHtml();        return super.html(); // no outer wrapper tag\n    [javac]             ^\n    [javac] /data/cmd/Ming/llm-fl-apr/tmp/Jsoup_7-prompt_apr_4-gpt-4o-mini/src/main/java/org/jsoup/nodes/Document.java:154: error: illegal start of type\n    [javac] return super.outerHtml();        return super.html(); // no outer wrapper tag\n    [javac]                                  ^\n    [javac] /data/cmd/Ming/llm-fl-apr/tmp/Jsoup_7-prompt_apr_4-gpt-4o-mini/src/main/java/org/jsoup/nodes/Document.java:154: error: ';' expected\n    [javac] return super.outerHtml();        return super.html(); // no outer wrapper tag\n    [javac]                                        ^\n    [javac] /data/cmd/Ming/llm-fl-apr/tmp/Jsoup_7-prompt_apr_4-gpt-4o-mini/src/main/java/org/jsoup/nodes/Document.java:154: error: illegal start of type\n    [javac] return super.outerHtml();        return super.html(); // no outer wrapper tag\n    [javac]                                              ^\n    [javac] /data/cmd/Ming/llm-fl-apr/tmp/Jsoup_7-prompt_apr_4-gpt-4o-mini/src/main/java/org/jsoup/nodes/Document.java:163: error: class, interface, or enum expected\n    [javac]     public Element text(String text) {\n    [javac]            ^\n    [javac] /data/cmd/Ming/llm-fl-apr/tmp/Jsoup_7-prompt_apr_4-gpt-4o-mini/src/main/java/org/jsoup/nodes/Document.java:165: error: class, interface, or enum expected\n    [javac]         return this;\n    [javac]         ^\n    [javac] /data/cmd/Ming/llm-fl-apr/tmp/Jsoup_7-prompt_apr_4-gpt-4o-mini/src/main/java/org/jsoup/nodes/Document.java:166: error: class, interface, or enum expected\n    [javac]     }\n    [javac]     ^\n    [javac] /data/cmd/Ming/llm-fl-apr/tmp/Jsoup_7-prompt_apr_4-gpt-4o-mini/src/main/java/org/jsoup/nodes/Document.java:169: error: class, interface, or enum expected\n    [javac]     public String nodeName() {\n    [javac]            ^\n    [javac] /data/cmd/Ming/llm-fl-apr/tmp/Jsoup_7-prompt_apr_4-gpt-4o-mini/src/main/java/org/jsoup/nodes/Document.java:171: error: class, interface, or enum expected\n    [javac]     }\n    [javac]     ^\n    [javac] /data/cmd/Ming/llm-fl-apr/tmp/Jsoup_7-prompt_apr_4-gpt-4o-mini/src/main/java/org/jsoup/nodes/Document.java:288: error: class, interface, or enum expected\n    [javac]     public OutputSettings outputSettings() {\n    [javac]            ^\n    [javac] /data/cmd/Ming/llm-fl-apr/tmp/Jsoup_7-prompt_apr_4-gpt-4o-mini/src/main/java/org/jsoup/nodes/Document.java:290: error: class, interface, or enum expected\n    [javac]     }\n    [javac]     ^\n    [javac] 13 errors\n    [javac] 1 warning\n\nBUILD FAILED\n/data/cmd/Ming/llm-fl-apr/tmp/Jsoup_7-prompt_apr_4-gpt-4o-mini/maven-build.xml:74: Compile failed; see the compiler error output for details.\n\nTotal time: 1 second\nCannot compile sources! at /data/cmd/Ming/LLM_Based-Mutation/tools/mutant/defects4j-2.1.0/framework/bin/d4j/d4j-compile line 82.\nCompilation failed in require at /data/cmd/Ming/LLM_Based-Mutation/tools/mutant/defects4j-2.1.0/framework/bin/defects4j line 195.\n"
                }
            },
            "deepseek-chat": {
                "compile": {
                    "rc": 1,
                    "so": "",
                    "se": "Running ant (compile)...................................................... FAIL\nExecuted command:  cd /data/cmd/Ming/llm-fl-apr/tmp/Jsoup_7-prompt_apr_4-deepseek-chat && /data/cmd/Ming/LLM_Based-Mutation/tools/mutant/defects4j-2.1.0/major/bin/ant -f /data/cmd/Ming/LLM_Based-Mutation/tools/mutant/defects4j-2.1.0/framework/projects/defects4j.build.xml -Dd4j.home=/data/cmd/Ming/LLM_Based-Mutation/tools/mutant/defects4j-2.1.0 -Dd4j.dir.projects=/data/cmd/Ming/LLM_Based-Mutation/tools/mutant/defects4j-2.1.0/framework/projects -Dbasedir=/data/cmd/Ming/llm-fl-apr/tmp/Jsoup_7-prompt_apr_4-deepseek-chat -Dbuild.compiler=javac1.7  compile 2>&1\nJava HotSpot(TM) 64-Bit Server VM warning: ignoring option MaxPermSize=1G; support was removed in 8.0\nBuildfile: /data/cmd/Ming/LLM_Based-Mutation/tools/mutant/defects4j-2.1.0/framework/projects/defects4j.build.xml\n\ntest-offline:\n\nget-deps:\n\njsoup-from-maven.compile:\n    [mkdir] Created dir: /data/cmd/Ming/llm-fl-apr/tmp/Jsoup_7-prompt_apr_4-deepseek-chat/target/classes\n    [javac] /data/cmd/Ming/llm-fl-apr/tmp/Jsoup_7-prompt_apr_4-deepseek-chat/maven-build.xml:74: warning: 'includeantruntime' was not set, defaulting to build.sysclasspath=last; set to false for repeatable builds\n    [javac] Compiling 34 source files to /data/cmd/Ming/llm-fl-apr/tmp/Jsoup_7-prompt_apr_4-deepseek-chat/target/classes\n    [javac] warning: [options] bootstrap class path not set in conjunction with -source 1.5\n    [javac] /data/cmd/Ming/llm-fl-apr/tmp/Jsoup_7-prompt_apr_4-deepseek-chat/src/main/java/org/jsoup/nodes/Document.java:154: error: illegal start of type\n    [javac] return super.outerHtml(); // return outer HTML including the wrapper tag        return super.html(); // no outer wrapper tag\n    [javac] ^\n    [javac] /data/cmd/Ming/llm-fl-apr/tmp/Jsoup_7-prompt_apr_4-deepseek-chat/src/main/java/org/jsoup/nodes/Document.java:154: error: ';' expected\n    [javac] return super.outerHtml(); // return outer HTML including the wrapper tag        return super.html(); // no outer wrapper tag\n    [javac]       ^\n    [javac] /data/cmd/Ming/llm-fl-apr/tmp/Jsoup_7-prompt_apr_4-deepseek-chat/src/main/java/org/jsoup/nodes/Document.java:154: error: illegal start of type\n    [javac] return super.outerHtml(); // return outer HTML including the wrapper tag        return super.html(); // no outer wrapper tag\n    [javac]             ^\n    [javac] /data/cmd/Ming/llm-fl-apr/tmp/Jsoup_7-prompt_apr_4-deepseek-chat/src/main/java/org/jsoup/nodes/Document.java:163: error: class, interface, or enum expected\n    [javac]     public Element text(String text) {\n    [javac]            ^\n    [javac] /data/cmd/Ming/llm-fl-apr/tmp/Jsoup_7-prompt_apr_4-deepseek-chat/src/main/java/org/jsoup/nodes/Document.java:165: error: class, interface, or enum expected\n    [javac]         return this;\n    [javac]         ^\n    [javac] /data/cmd/Ming/llm-fl-apr/tmp/Jsoup_7-prompt_apr_4-deepseek-chat/src/main/java/org/jsoup/nodes/Document.java:166: error: class, interface, or enum expected\n    [javac]     }\n    [javac]     ^\n    [javac] /data/cmd/Ming/llm-fl-apr/tmp/Jsoup_7-prompt_apr_4-deepseek-chat/src/main/java/org/jsoup/nodes/Document.java:169: error: class, interface, or enum expected\n    [javac]     public String nodeName() {\n    [javac]            ^\n    [javac] /data/cmd/Ming/llm-fl-apr/tmp/Jsoup_7-prompt_apr_4-deepseek-chat/src/main/java/org/jsoup/nodes/Document.java:171: error: class, interface, or enum expected\n    [javac]     }\n    [javac]     ^\n    [javac] /data/cmd/Ming/llm-fl-apr/tmp/Jsoup_7-prompt_apr_4-deepseek-chat/src/main/java/org/jsoup/nodes/Document.java:288: error: class, interface, or enum expected\n    [javac]     public OutputSettings outputSettings() {\n    [javac]            ^\n    [javac] /data/cmd/Ming/llm-fl-apr/tmp/Jsoup_7-prompt_apr_4-deepseek-chat/src/main/java/org/jsoup/nodes/Document.java:290: error: class, interface, or enum expected\n    [javac]     }\n    [javac]     ^\n    [javac] 10 errors\n    [javac] 1 warning\n\nBUILD FAILED\n/data/cmd/Ming/llm-fl-apr/tmp/Jsoup_7-prompt_apr_4-deepseek-chat/maven-build.xml:74: Compile failed; see the compiler error output for details.\n\nTotal time: 2 seconds\nCannot compile sources! at /data/cmd/Ming/LLM_Based-Mutation/tools/mutant/defects4j-2.1.0/framework/bin/d4j/d4j-compile line 82.\nCompilation failed in require at /data/cmd/Ming/LLM_Based-Mutation/tools/mutant/defects4j-2.1.0/framework/bin/defects4j line 195.\n"
                }
            }
        },
        "prompt_apr_5": {
            "ernie-3.5-128k": {
                "compile": {
                    "rc": 1,
                    "so": "",
                    "se": "Running ant (compile)...................................................... FAIL\nExecuted command:  cd /data/cmd/Ming/llm-fl-apr/tmp/Jsoup_7-prompt_apr_5-ernie-3.5-128k && /data/cmd/Ming/LLM_Based-Mutation/tools/mutant/defects4j-2.1.0/major/bin/ant -f /data/cmd/Ming/LLM_Based-Mutation/tools/mutant/defects4j-2.1.0/framework/projects/defects4j.build.xml -Dd4j.home=/data/cmd/Ming/LLM_Based-Mutation/tools/mutant/defects4j-2.1.0 -Dd4j.dir.projects=/data/cmd/Ming/LLM_Based-Mutation/tools/mutant/defects4j-2.1.0/framework/projects -Dbasedir=/data/cmd/Ming/llm-fl-apr/tmp/Jsoup_7-prompt_apr_5-ernie-3.5-128k -Dbuild.compiler=javac1.7  compile 2>&1\nJava HotSpot(TM) 64-Bit Server VM warning: ignoring option MaxPermSize=1G; support was removed in 8.0\nBuildfile: /data/cmd/Ming/LLM_Based-Mutation/tools/mutant/defects4j-2.1.0/framework/projects/defects4j.build.xml\n\ntest-offline:\n\nget-deps:\n\njsoup-from-maven.compile:\n    [mkdir] Created dir: /data/cmd/Ming/llm-fl-apr/tmp/Jsoup_7-prompt_apr_5-ernie-3.5-128k/target/classes\n    [javac] /data/cmd/Ming/llm-fl-apr/tmp/Jsoup_7-prompt_apr_5-ernie-3.5-128k/maven-build.xml:74: warning: 'includeantruntime' was not set, defaulting to build.sysclasspath=last; set to false for repeatable builds\n    [javac] Compiling 34 source files to /data/cmd/Ming/llm-fl-apr/tmp/Jsoup_7-prompt_apr_5-ernie-3.5-128k/target/classes\n    [javac] warning: [options] bootstrap class path not set in conjunction with -source 1.5\n    [javac] /data/cmd/Ming/llm-fl-apr/tmp/Jsoup_7-prompt_apr_5-ernie-3.5-128k/src/main/java/org/jsoup/nodes/Document.java:157: error: illegal start of type\n    [javac]     }        return super.html(); // no outer wrapper tag\n    [javac]              ^\n    [javac] /data/cmd/Ming/llm-fl-apr/tmp/Jsoup_7-prompt_apr_5-ernie-3.5-128k/src/main/java/org/jsoup/nodes/Document.java:157: error: ';' expected\n    [javac]     }        return super.html(); // no outer wrapper tag\n    [javac]                    ^\n    [javac] /data/cmd/Ming/llm-fl-apr/tmp/Jsoup_7-prompt_apr_5-ernie-3.5-128k/src/main/java/org/jsoup/nodes/Document.java:157: error: illegal start of type\n    [javac]     }        return super.html(); // no outer wrapper tag\n    [javac]                          ^\n    [javac] /data/cmd/Ming/llm-fl-apr/tmp/Jsoup_7-prompt_apr_5-ernie-3.5-128k/src/main/java/org/jsoup/nodes/Document.java:166: error: class, interface, or enum expected\n    [javac]     public Element text(String text) {\n    [javac]            ^\n    [javac] /data/cmd/Ming/llm-fl-apr/tmp/Jsoup_7-prompt_apr_5-ernie-3.5-128k/src/main/java/org/jsoup/nodes/Document.java:168: error: class, interface, or enum expected\n    [javac]         return this;\n    [javac]         ^\n    [javac] /data/cmd/Ming/llm-fl-apr/tmp/Jsoup_7-prompt_apr_5-ernie-3.5-128k/src/main/java/org/jsoup/nodes/Document.java:169: error: class, interface, or enum expected\n    [javac]     }\n    [javac]     ^\n    [javac] /data/cmd/Ming/llm-fl-apr/tmp/Jsoup_7-prompt_apr_5-ernie-3.5-128k/src/main/java/org/jsoup/nodes/Document.java:172: error: class, interface, or enum expected\n    [javac]     public String nodeName() {\n    [javac]            ^\n    [javac] /data/cmd/Ming/llm-fl-apr/tmp/Jsoup_7-prompt_apr_5-ernie-3.5-128k/src/main/java/org/jsoup/nodes/Document.java:174: error: class, interface, or enum expected\n    [javac]     }\n    [javac]     ^\n    [javac] /data/cmd/Ming/llm-fl-apr/tmp/Jsoup_7-prompt_apr_5-ernie-3.5-128k/src/main/java/org/jsoup/nodes/Document.java:291: error: class, interface, or enum expected\n    [javac]     public OutputSettings outputSettings() {\n    [javac]            ^\n    [javac] /data/cmd/Ming/llm-fl-apr/tmp/Jsoup_7-prompt_apr_5-ernie-3.5-128k/src/main/java/org/jsoup/nodes/Document.java:293: error: class, interface, or enum expected\n    [javac]     }\n    [javac]     ^\n    [javac] 10 errors\n    [javac] 1 warning\n\nBUILD FAILED\n/data/cmd/Ming/llm-fl-apr/tmp/Jsoup_7-prompt_apr_5-ernie-3.5-128k/maven-build.xml:74: Compile failed; see the compiler error output for details.\n\nTotal time: 2 seconds\nCannot compile sources! at /data/cmd/Ming/LLM_Based-Mutation/tools/mutant/defects4j-2.1.0/framework/bin/d4j/d4j-compile line 82.\nCompilation failed in require at /data/cmd/Ming/LLM_Based-Mutation/tools/mutant/defects4j-2.1.0/framework/bin/defects4j line 195.\n"
                }
            },
            "qwen-turbo": {
                "compile": {
                    "rc": 0,
                    "so": "",
                    "se": "Running ant (compile)...................................................... OK\nRunning ant (compile.tests)................................................ OK\n"
                },
                "test": {
                    "rc": 0,
                    "so": "Failing tests: 2\n  - org.jsoup.nodes.DocumentTest::testNormalisesStructure\n  - org.jsoup.nodes.ElementTest::testOuterHtml\n",
                    "se": "Running ant (compile.tests)................................................ OK\nRunning ant (run.dev.tests)................................................ OK\n"
                }
            },
            "doubao-pro-4k": {
                "compile": {
                    "rc": 1,
                    "so": "",
                    "se": "Running ant (compile)...................................................... FAIL\nExecuted command:  cd /data/cmd/Ming/llm-fl-apr/tmp/Jsoup_7-prompt_apr_5-doubao-pro-4k && /data/cmd/Ming/LLM_Based-Mutation/tools/mutant/defects4j-2.1.0/major/bin/ant -f /data/cmd/Ming/LLM_Based-Mutation/tools/mutant/defects4j-2.1.0/framework/projects/defects4j.build.xml -Dd4j.home=/data/cmd/Ming/LLM_Based-Mutation/tools/mutant/defects4j-2.1.0 -Dd4j.dir.projects=/data/cmd/Ming/LLM_Based-Mutation/tools/mutant/defects4j-2.1.0/framework/projects -Dbasedir=/data/cmd/Ming/llm-fl-apr/tmp/Jsoup_7-prompt_apr_5-doubao-pro-4k -Dbuild.compiler=javac1.7  compile 2>&1\nJava HotSpot(TM) 64-Bit Server VM warning: ignoring option MaxPermSize=1G; support was removed in 8.0\nBuildfile: /data/cmd/Ming/LLM_Based-Mutation/tools/mutant/defects4j-2.1.0/framework/projects/defects4j.build.xml\n\ntest-offline:\n\nget-deps:\n\njsoup-from-maven.compile:\n    [mkdir] Created dir: /data/cmd/Ming/llm-fl-apr/tmp/Jsoup_7-prompt_apr_5-doubao-pro-4k/target/classes\n    [javac] /data/cmd/Ming/llm-fl-apr/tmp/Jsoup_7-prompt_apr_5-doubao-pro-4k/maven-build.xml:74: warning: 'includeantruntime' was not set, defaulting to build.sysclasspath=last; set to false for repeatable builds\n    [javac] Compiling 34 source files to /data/cmd/Ming/llm-fl-apr/tmp/Jsoup_7-prompt_apr_5-doubao-pro-4k/target/classes\n    [javac] warning: [options] bootstrap class path not set in conjunction with -source 1.5\n    [javac] /data/cmd/Ming/llm-fl-apr/tmp/Jsoup_7-prompt_apr_5-doubao-pro-4k/src/main/java/org/jsoup/nodes/Document.java:154: error: illegal start of expression\n    [javac]     public String outerHtml() {    public String outerHtml() {\n    [javac]                                    ^\n    [javac] /data/cmd/Ming/llm-fl-apr/tmp/Jsoup_7-prompt_apr_5-doubao-pro-4k/src/main/java/org/jsoup/nodes/Document.java:154: error: ';' expected\n    [javac]     public String outerHtml() {    public String outerHtml() {\n    [javac]                                                           ^\n    [javac] /data/cmd/Ming/llm-fl-apr/tmp/Jsoup_7-prompt_apr_5-doubao-pro-4k/src/main/java/org/jsoup/nodes/Document.java:164: error: ';' expected\n    [javac]     public Element text(String text) {\n    [javac]                        ^\n    [javac] /data/cmd/Ming/llm-fl-apr/tmp/Jsoup_7-prompt_apr_5-doubao-pro-4k/src/main/java/org/jsoup/nodes/Document.java:164: error: ';' expected\n    [javac]     public Element text(String text) {\n    [javac]                                    ^\n    [javac] /data/cmd/Ming/llm-fl-apr/tmp/Jsoup_7-prompt_apr_5-doubao-pro-4k/src/main/java/org/jsoup/nodes/Document.java:170: error: ';' expected\n    [javac]     public String nodeName() {\n    [javac]                           ^\n    [javac] /data/cmd/Ming/llm-fl-apr/tmp/Jsoup_7-prompt_apr_5-doubao-pro-4k/src/main/java/org/jsoup/nodes/Document.java:177: error: illegal start of expression\n    [javac]     public class OutputSettings {\n    [javac]     ^\n    [javac] /data/cmd/Ming/llm-fl-apr/tmp/Jsoup_7-prompt_apr_5-doubao-pro-4k/src/main/java/org/jsoup/nodes/Document.java:289: error: illegal start of expression\n    [javac]     public OutputSettings outputSettings() {\n    [javac]     ^\n    [javac] /data/cmd/Ming/llm-fl-apr/tmp/Jsoup_7-prompt_apr_5-doubao-pro-4k/src/main/java/org/jsoup/nodes/Document.java:289: error: ';' expected\n    [javac]     public OutputSettings outputSettings() {\n    [javac]                                         ^\n    [javac] /data/cmd/Ming/llm-fl-apr/tmp/Jsoup_7-prompt_apr_5-doubao-pro-4k/src/main/java/org/jsoup/nodes/Document.java:292: error: reached end of file while parsing\n    [javac] }\n    [javac]  ^\n    [javac] 9 errors\n    [javac] 1 warning\n\nBUILD FAILED\n/data/cmd/Ming/llm-fl-apr/tmp/Jsoup_7-prompt_apr_5-doubao-pro-4k/maven-build.xml:74: Compile failed; see the compiler error output for details.\n\nTotal time: 1 second\nCannot compile sources! at /data/cmd/Ming/LLM_Based-Mutation/tools/mutant/defects4j-2.1.0/framework/bin/d4j/d4j-compile line 82.\nCompilation failed in require at /data/cmd/Ming/LLM_Based-Mutation/tools/mutant/defects4j-2.1.0/framework/bin/defects4j line 195.\n"
                }
            },
            "gpt-4o-mini": {
                "compile": {
                    "rc": 0,
                    "so": "",
                    "se": "Running ant (compile)...................................................... OK\nRunning ant (compile.tests)................................................ OK\n"
                },
                "test": {
                    "rc": 0,
                    "so": "Failing tests: 2\n  - org.jsoup.nodes.DocumentTest::testNormalisesStructure\n  - org.jsoup.nodes.ElementTest::testOuterHtml\n",
                    "se": "Running ant (compile.tests)................................................ OK\nRunning ant (run.dev.tests)................................................ OK\n"
                }
            },
            "deepseek-chat": {
                "compile": {
                    "rc": 0,
                    "so": "",
                    "se": "Running ant (compile)...................................................... OK\nRunning ant (compile.tests)................................................ OK\n"
                },
                "test": {
                    "rc": 0,
                    "so": "Failing tests: 2\n  - org.jsoup.nodes.DocumentTest::testNormalisesStructure\n  - org.jsoup.nodes.ElementTest::testOuterHtml\n",
                    "se": "Running ant (compile.tests)................................................ OK\nRunning ant (run.dev.tests)................................................ OK\n"
                }
            }
        },
        "prompt_apr_6": {
            "ernie-3.5-128k": {
                "compile": {
                    "rc": 1,
                    "so": "",
                    "se": "Running ant (compile)...................................................... FAIL\nExecuted command:  cd /data/cmd/Ming/llm-fl-apr/tmp/Jsoup_7-prompt_apr_6-ernie-3.5-128k && /data/cmd/Ming/LLM_Based-Mutation/tools/mutant/defects4j-2.1.0/major/bin/ant -f /data/cmd/Ming/LLM_Based-Mutation/tools/mutant/defects4j-2.1.0/framework/projects/defects4j.build.xml -Dd4j.home=/data/cmd/Ming/LLM_Based-Mutation/tools/mutant/defects4j-2.1.0 -Dd4j.dir.projects=/data/cmd/Ming/LLM_Based-Mutation/tools/mutant/defects4j-2.1.0/framework/projects -Dbasedir=/data/cmd/Ming/llm-fl-apr/tmp/Jsoup_7-prompt_apr_6-ernie-3.5-128k -Dbuild.compiler=javac1.7  compile 2>&1\nJava HotSpot(TM) 64-Bit Server VM warning: ignoring option MaxPermSize=1G; support was removed in 8.0\nBuildfile: /data/cmd/Ming/LLM_Based-Mutation/tools/mutant/defects4j-2.1.0/framework/projects/defects4j.build.xml\n\ntest-offline:\n\nget-deps:\n\njsoup-from-maven.compile:\n    [mkdir] Created dir: /data/cmd/Ming/llm-fl-apr/tmp/Jsoup_7-prompt_apr_6-ernie-3.5-128k/target/classes\n    [javac] /data/cmd/Ming/llm-fl-apr/tmp/Jsoup_7-prompt_apr_6-ernie-3.5-128k/maven-build.xml:74: warning: 'includeantruntime' was not set, defaulting to build.sysclasspath=last; set to false for repeatable builds\n    [javac] Compiling 34 source files to /data/cmd/Ming/llm-fl-apr/tmp/Jsoup_7-prompt_apr_6-ernie-3.5-128k/target/classes\n    [javac] warning: [options] bootstrap class path not set in conjunction with -source 1.5\n    [javac] /data/cmd/Ming/llm-fl-apr/tmp/Jsoup_7-prompt_apr_6-ernie-3.5-128k/src/main/java/org/jsoup/nodes/Document.java:154: error: illegal start of type\n    [javac]         return this.toString(); // Assuming you want to return the HTML representation of the object        return super.html(); // no outer wrapper tag\n    [javac]         ^\n    [javac] /data/cmd/Ming/llm-fl-apr/tmp/Jsoup_7-prompt_apr_6-ernie-3.5-128k/src/main/java/org/jsoup/nodes/Document.java:154: error: ';' expected\n    [javac]         return this.toString(); // Assuming you want to return the HTML representation of the object        return super.html(); // no outer wrapper tag\n    [javac]               ^\n    [javac] /data/cmd/Ming/llm-fl-apr/tmp/Jsoup_7-prompt_apr_6-ernie-3.5-128k/src/main/java/org/jsoup/nodes/Document.java:154: error: illegal start of type\n    [javac]         return this.toString(); // Assuming you want to return the HTML representation of the object        return super.html(); // no outer wrapper tag\n    [javac]                    ^\n    [javac] /data/cmd/Ming/llm-fl-apr/tmp/Jsoup_7-prompt_apr_6-ernie-3.5-128k/src/main/java/org/jsoup/nodes/Document.java:163: error: class, interface, or enum expected\n    [javac]     public Element text(String text) {\n    [javac]            ^\n    [javac] /data/cmd/Ming/llm-fl-apr/tmp/Jsoup_7-prompt_apr_6-ernie-3.5-128k/src/main/java/org/jsoup/nodes/Document.java:165: error: class, interface, or enum expected\n    [javac]         return this;\n    [javac]         ^\n    [javac] /data/cmd/Ming/llm-fl-apr/tmp/Jsoup_7-prompt_apr_6-ernie-3.5-128k/src/main/java/org/jsoup/nodes/Document.java:166: error: class, interface, or enum expected\n    [javac]     }\n    [javac]     ^\n    [javac] /data/cmd/Ming/llm-fl-apr/tmp/Jsoup_7-prompt_apr_6-ernie-3.5-128k/src/main/java/org/jsoup/nodes/Document.java:169: error: class, interface, or enum expected\n    [javac]     public String nodeName() {\n    [javac]            ^\n    [javac] /data/cmd/Ming/llm-fl-apr/tmp/Jsoup_7-prompt_apr_6-ernie-3.5-128k/src/main/java/org/jsoup/nodes/Document.java:171: error: class, interface, or enum expected\n    [javac]     }\n    [javac]     ^\n    [javac] /data/cmd/Ming/llm-fl-apr/tmp/Jsoup_7-prompt_apr_6-ernie-3.5-128k/src/main/java/org/jsoup/nodes/Document.java:288: error: class, interface, or enum expected\n    [javac]     public OutputSettings outputSettings() {\n    [javac]            ^\n    [javac] /data/cmd/Ming/llm-fl-apr/tmp/Jsoup_7-prompt_apr_6-ernie-3.5-128k/src/main/java/org/jsoup/nodes/Document.java:290: error: class, interface, or enum expected\n    [javac]     }\n    [javac]     ^\n    [javac] 10 errors\n    [javac] 1 warning\n\nBUILD FAILED\n/data/cmd/Ming/llm-fl-apr/tmp/Jsoup_7-prompt_apr_6-ernie-3.5-128k/maven-build.xml:74: Compile failed; see the compiler error output for details.\n\nTotal time: 1 second\nCannot compile sources! at /data/cmd/Ming/LLM_Based-Mutation/tools/mutant/defects4j-2.1.0/framework/bin/d4j/d4j-compile line 82.\nCompilation failed in require at /data/cmd/Ming/LLM_Based-Mutation/tools/mutant/defects4j-2.1.0/framework/bin/defects4j line 195.\n"
                }
            },
            "qwen-turbo": {
                "compile": {
                    "rc": 1,
                    "so": "",
                    "se": "Running ant (compile)...................................................... FAIL\nExecuted command:  cd /data/cmd/Ming/llm-fl-apr/tmp/Jsoup_7-prompt_apr_6-qwen-turbo && /data/cmd/Ming/LLM_Based-Mutation/tools/mutant/defects4j-2.1.0/major/bin/ant -f /data/cmd/Ming/LLM_Based-Mutation/tools/mutant/defects4j-2.1.0/framework/projects/defects4j.build.xml -Dd4j.home=/data/cmd/Ming/LLM_Based-Mutation/tools/mutant/defects4j-2.1.0 -Dd4j.dir.projects=/data/cmd/Ming/LLM_Based-Mutation/tools/mutant/defects4j-2.1.0/framework/projects -Dbasedir=/data/cmd/Ming/llm-fl-apr/tmp/Jsoup_7-prompt_apr_6-qwen-turbo -Dbuild.compiler=javac1.7  compile 2>&1\nJava HotSpot(TM) 64-Bit Server VM warning: ignoring option MaxPermSize=1G; support was removed in 8.0\nBuildfile: /data/cmd/Ming/LLM_Based-Mutation/tools/mutant/defects4j-2.1.0/framework/projects/defects4j.build.xml\n\ntest-offline:\n\nget-deps:\n\njsoup-from-maven.compile:\n    [mkdir] Created dir: /data/cmd/Ming/llm-fl-apr/tmp/Jsoup_7-prompt_apr_6-qwen-turbo/target/classes\n    [javac] /data/cmd/Ming/llm-fl-apr/tmp/Jsoup_7-prompt_apr_6-qwen-turbo/maven-build.xml:74: warning: 'includeantruntime' was not set, defaulting to build.sysclasspath=last; set to false for repeatable builds\n    [javac] Compiling 34 source files to /data/cmd/Ming/llm-fl-apr/tmp/Jsoup_7-prompt_apr_6-qwen-turbo/target/classes\n    [javac] warning: [options] bootstrap class path not set in conjunction with -source 1.5\n    [javac] /data/cmd/Ming/llm-fl-apr/tmp/Jsoup_7-prompt_apr_6-qwen-turbo/src/main/java/org/jsoup/nodes/Document.java:154: error: illegal start of type\n    [javac] return super().outerHtml();        return super.html(); // no outer wrapper tag\n    [javac] ^\n    [javac] /data/cmd/Ming/llm-fl-apr/tmp/Jsoup_7-prompt_apr_6-qwen-turbo/src/main/java/org/jsoup/nodes/Document.java:154: error: ';' expected\n    [javac] return super().outerHtml();        return super.html(); // no outer wrapper tag\n    [javac]       ^\n    [javac] /data/cmd/Ming/llm-fl-apr/tmp/Jsoup_7-prompt_apr_6-qwen-turbo/src/main/java/org/jsoup/nodes/Document.java:154: error: illegal start of type\n    [javac] return super().outerHtml();        return super.html(); // no outer wrapper tag\n    [javac]             ^\n    [javac] /data/cmd/Ming/llm-fl-apr/tmp/Jsoup_7-prompt_apr_6-qwen-turbo/src/main/java/org/jsoup/nodes/Document.java:154: error: <identifier> expected\n    [javac] return super().outerHtml();        return super.html(); // no outer wrapper tag\n    [javac]              ^\n    [javac] /data/cmd/Ming/llm-fl-apr/tmp/Jsoup_7-prompt_apr_6-qwen-turbo/src/main/java/org/jsoup/nodes/Document.java:154: error: ';' expected\n    [javac] return super().outerHtml();        return super.html(); // no outer wrapper tag\n    [javac]               ^\n    [javac] /data/cmd/Ming/llm-fl-apr/tmp/Jsoup_7-prompt_apr_6-qwen-turbo/src/main/java/org/jsoup/nodes/Document.java:154: error: invalid method declaration; return type required\n    [javac] return super().outerHtml();        return super.html(); // no outer wrapper tag\n    [javac]                ^\n    [javac] /data/cmd/Ming/llm-fl-apr/tmp/Jsoup_7-prompt_apr_6-qwen-turbo/src/main/java/org/jsoup/nodes/Document.java:154: error: illegal start of type\n    [javac] return super().outerHtml();        return super.html(); // no outer wrapper tag\n    [javac]                                    ^\n    [javac] /data/cmd/Ming/llm-fl-apr/tmp/Jsoup_7-prompt_apr_6-qwen-turbo/src/main/java/org/jsoup/nodes/Document.java:154: error: ';' expected\n    [javac] return super().outerHtml();        return super.html(); // no outer wrapper tag\n    [javac]                                          ^\n    [javac] /data/cmd/Ming/llm-fl-apr/tmp/Jsoup_7-prompt_apr_6-qwen-turbo/src/main/java/org/jsoup/nodes/Document.java:154: error: illegal start of type\n    [javac] return super().outerHtml();        return super.html(); // no outer wrapper tag\n    [javac]                                                ^\n    [javac] /data/cmd/Ming/llm-fl-apr/tmp/Jsoup_7-prompt_apr_6-qwen-turbo/src/main/java/org/jsoup/nodes/Document.java:163: error: class, interface, or enum expected\n    [javac]     public Element text(String text) {\n    [javac]            ^\n    [javac] /data/cmd/Ming/llm-fl-apr/tmp/Jsoup_7-prompt_apr_6-qwen-turbo/src/main/java/org/jsoup/nodes/Document.java:165: error: class, interface, or enum expected\n    [javac]         return this;\n    [javac]         ^\n    [javac] /data/cmd/Ming/llm-fl-apr/tmp/Jsoup_7-prompt_apr_6-qwen-turbo/src/main/java/org/jsoup/nodes/Document.java:166: error: class, interface, or enum expected\n    [javac]     }\n    [javac]     ^\n    [javac] /data/cmd/Ming/llm-fl-apr/tmp/Jsoup_7-prompt_apr_6-qwen-turbo/src/main/java/org/jsoup/nodes/Document.java:169: error: class, interface, or enum expected\n    [javac]     public String nodeName() {\n    [javac]            ^\n    [javac] /data/cmd/Ming/llm-fl-apr/tmp/Jsoup_7-prompt_apr_6-qwen-turbo/src/main/java/org/jsoup/nodes/Document.java:171: error: class, interface, or enum expected\n    [javac]     }\n    [javac]     ^\n    [javac] /data/cmd/Ming/llm-fl-apr/tmp/Jsoup_7-prompt_apr_6-qwen-turbo/src/main/java/org/jsoup/nodes/Document.java:288: error: class, interface, or enum expected\n    [javac]     public OutputSettings outputSettings() {\n    [javac]            ^\n    [javac] /data/cmd/Ming/llm-fl-apr/tmp/Jsoup_7-prompt_apr_6-qwen-turbo/src/main/java/org/jsoup/nodes/Document.java:290: error: class, interface, or enum expected\n    [javac]     }\n    [javac]     ^\n    [javac] 16 errors\n    [javac] 1 warning\n\nBUILD FAILED\n/data/cmd/Ming/llm-fl-apr/tmp/Jsoup_7-prompt_apr_6-qwen-turbo/maven-build.xml:74: Compile failed; see the compiler error output for details.\n\nTotal time: 2 seconds\nCannot compile sources! at /data/cmd/Ming/LLM_Based-Mutation/tools/mutant/defects4j-2.1.0/framework/bin/d4j/d4j-compile line 82.\nCompilation failed in require at /data/cmd/Ming/LLM_Based-Mutation/tools/mutant/defects4j-2.1.0/framework/bin/defects4j line 195.\n"
                }
            },
            "doubao-pro-4k": {
                "compile": {
                    "rc": 1,
                    "so": "",
                    "se": "Running ant (compile)...................................................... FAIL\nExecuted command:  cd /data/cmd/Ming/llm-fl-apr/tmp/Jsoup_7-prompt_apr_6-doubao-pro-4k && /data/cmd/Ming/LLM_Based-Mutation/tools/mutant/defects4j-2.1.0/major/bin/ant -f /data/cmd/Ming/LLM_Based-Mutation/tools/mutant/defects4j-2.1.0/framework/projects/defects4j.build.xml -Dd4j.home=/data/cmd/Ming/LLM_Based-Mutation/tools/mutant/defects4j-2.1.0 -Dd4j.dir.projects=/data/cmd/Ming/LLM_Based-Mutation/tools/mutant/defects4j-2.1.0/framework/projects -Dbasedir=/data/cmd/Ming/llm-fl-apr/tmp/Jsoup_7-prompt_apr_6-doubao-pro-4k -Dbuild.compiler=javac1.7  compile 2>&1\nJava HotSpot(TM) 64-Bit Server VM warning: ignoring option MaxPermSize=1G; support was removed in 8.0\nBuildfile: /data/cmd/Ming/LLM_Based-Mutation/tools/mutant/defects4j-2.1.0/framework/projects/defects4j.build.xml\n\ntest-offline:\n\nget-deps:\n\njsoup-from-maven.compile:\n    [mkdir] Created dir: /data/cmd/Ming/llm-fl-apr/tmp/Jsoup_7-prompt_apr_6-doubao-pro-4k/target/classes\n    [javac] /data/cmd/Ming/llm-fl-apr/tmp/Jsoup_7-prompt_apr_6-doubao-pro-4k/maven-build.xml:74: warning: 'includeantruntime' was not set, defaulting to build.sysclasspath=last; set to false for repeatable builds\n    [javac] Compiling 34 source files to /data/cmd/Ming/llm-fl-apr/tmp/Jsoup_7-prompt_apr_6-doubao-pro-4k/target/classes\n    [javac] warning: [options] bootstrap class path not set in conjunction with -source 1.5\n    [javac] /data/cmd/Ming/llm-fl-apr/tmp/Jsoup_7-prompt_apr_6-doubao-pro-4k/src/main/java/org/jsoup/nodes/Document.java:154: error: illegal start of type\n    [javac]         return null;        return super.html(); // no outer wrapper tag\n    [javac]         ^\n    [javac] /data/cmd/Ming/llm-fl-apr/tmp/Jsoup_7-prompt_apr_6-doubao-pro-4k/src/main/java/org/jsoup/nodes/Document.java:154: error: ';' expected\n    [javac]         return null;        return super.html(); // no outer wrapper tag\n    [javac]               ^\n    [javac] /data/cmd/Ming/llm-fl-apr/tmp/Jsoup_7-prompt_apr_6-doubao-pro-4k/src/main/java/org/jsoup/nodes/Document.java:154: error: illegal start of type\n    [javac]         return null;        return super.html(); // no outer wrapper tag\n    [javac]                             ^\n    [javac] /data/cmd/Ming/llm-fl-apr/tmp/Jsoup_7-prompt_apr_6-doubao-pro-4k/src/main/java/org/jsoup/nodes/Document.java:154: error: ';' expected\n    [javac]         return null;        return super.html(); // no outer wrapper tag\n    [javac]                                   ^\n    [javac] /data/cmd/Ming/llm-fl-apr/tmp/Jsoup_7-prompt_apr_6-doubao-pro-4k/src/main/java/org/jsoup/nodes/Document.java:154: error: illegal start of type\n    [javac]         return null;        return super.html(); // no outer wrapper tag\n    [javac]                                         ^\n    [javac] /data/cmd/Ming/llm-fl-apr/tmp/Jsoup_7-prompt_apr_6-doubao-pro-4k/src/main/java/org/jsoup/nodes/Document.java:163: error: class, interface, or enum expected\n    [javac]     public Element text(String text) {\n    [javac]            ^\n    [javac] /data/cmd/Ming/llm-fl-apr/tmp/Jsoup_7-prompt_apr_6-doubao-pro-4k/src/main/java/org/jsoup/nodes/Document.java:165: error: class, interface, or enum expected\n    [javac]         return this;\n    [javac]         ^\n    [javac] /data/cmd/Ming/llm-fl-apr/tmp/Jsoup_7-prompt_apr_6-doubao-pro-4k/src/main/java/org/jsoup/nodes/Document.java:166: error: class, interface, or enum expected\n    [javac]     }\n    [javac]     ^\n    [javac] /data/cmd/Ming/llm-fl-apr/tmp/Jsoup_7-prompt_apr_6-doubao-pro-4k/src/main/java/org/jsoup/nodes/Document.java:169: error: class, interface, or enum expected\n    [javac]     public String nodeName() {\n    [javac]            ^\n    [javac] /data/cmd/Ming/llm-fl-apr/tmp/Jsoup_7-prompt_apr_6-doubao-pro-4k/src/main/java/org/jsoup/nodes/Document.java:171: error: class, interface, or enum expected\n    [javac]     }\n    [javac]     ^\n    [javac] /data/cmd/Ming/llm-fl-apr/tmp/Jsoup_7-prompt_apr_6-doubao-pro-4k/src/main/java/org/jsoup/nodes/Document.java:288: error: class, interface, or enum expected\n    [javac]     public OutputSettings outputSettings() {\n    [javac]            ^\n    [javac] /data/cmd/Ming/llm-fl-apr/tmp/Jsoup_7-prompt_apr_6-doubao-pro-4k/src/main/java/org/jsoup/nodes/Document.java:290: error: class, interface, or enum expected\n    [javac]     }\n    [javac]     ^\n    [javac] 12 errors\n    [javac] 1 warning\n\nBUILD FAILED\n/data/cmd/Ming/llm-fl-apr/tmp/Jsoup_7-prompt_apr_6-doubao-pro-4k/maven-build.xml:74: Compile failed; see the compiler error output for details.\n\nTotal time: 2 seconds\nCannot compile sources! at /data/cmd/Ming/LLM_Based-Mutation/tools/mutant/defects4j-2.1.0/framework/bin/d4j/d4j-compile line 82.\nCompilation failed in require at /data/cmd/Ming/LLM_Based-Mutation/tools/mutant/defects4j-2.1.0/framework/bin/defects4j line 195.\n"
                }
            },
            "gpt-4o-mini": {
                "compile": {
                    "rc": 1,
                    "so": "",
                    "se": "Running ant (compile)...................................................... FAIL\nExecuted command:  cd /data/cmd/Ming/llm-fl-apr/tmp/Jsoup_7-prompt_apr_6-gpt-4o-mini && /data/cmd/Ming/LLM_Based-Mutation/tools/mutant/defects4j-2.1.0/major/bin/ant -f /data/cmd/Ming/LLM_Based-Mutation/tools/mutant/defects4j-2.1.0/framework/projects/defects4j.build.xml -Dd4j.home=/data/cmd/Ming/LLM_Based-Mutation/tools/mutant/defects4j-2.1.0 -Dd4j.dir.projects=/data/cmd/Ming/LLM_Based-Mutation/tools/mutant/defects4j-2.1.0/framework/projects -Dbasedir=/data/cmd/Ming/llm-fl-apr/tmp/Jsoup_7-prompt_apr_6-gpt-4o-mini -Dbuild.compiler=javac1.7  compile 2>&1\nJava HotSpot(TM) 64-Bit Server VM warning: ignoring option MaxPermSize=1G; support was removed in 8.0\nBuildfile: /data/cmd/Ming/LLM_Based-Mutation/tools/mutant/defects4j-2.1.0/framework/projects/defects4j.build.xml\n\ntest-offline:\n\nget-deps:\n\njsoup-from-maven.compile:\n    [mkdir] Created dir: /data/cmd/Ming/llm-fl-apr/tmp/Jsoup_7-prompt_apr_6-gpt-4o-mini/target/classes\n    [javac] /data/cmd/Ming/llm-fl-apr/tmp/Jsoup_7-prompt_apr_6-gpt-4o-mini/maven-build.xml:74: warning: 'includeantruntime' was not set, defaulting to build.sysclasspath=last; set to false for repeatable builds\n    [javac] Compiling 34 source files to /data/cmd/Ming/llm-fl-apr/tmp/Jsoup_7-prompt_apr_6-gpt-4o-mini/target/classes\n    [javac] warning: [options] bootstrap class path not set in conjunction with -source 1.5\n    [javac] /data/cmd/Ming/llm-fl-apr/tmp/Jsoup_7-prompt_apr_6-gpt-4o-mini/src/main/java/org/jsoup/nodes/Document.java:153: error: illegal start of expression\n    [javac] public String outerHtml() {    public String outerHtml() {\n    [javac]                                ^\n    [javac] /data/cmd/Ming/llm-fl-apr/tmp/Jsoup_7-prompt_apr_6-gpt-4o-mini/src/main/java/org/jsoup/nodes/Document.java:153: error: ';' expected\n    [javac] public String outerHtml() {    public String outerHtml() {\n    [javac]                                                       ^\n    [javac] /data/cmd/Ming/llm-fl-apr/tmp/Jsoup_7-prompt_apr_6-gpt-4o-mini/src/main/java/org/jsoup/nodes/Document.java:163: error: ';' expected\n    [javac]     public Element text(String text) {\n    [javac]                        ^\n    [javac] /data/cmd/Ming/llm-fl-apr/tmp/Jsoup_7-prompt_apr_6-gpt-4o-mini/src/main/java/org/jsoup/nodes/Document.java:163: error: ';' expected\n    [javac]     public Element text(String text) {\n    [javac]                                    ^\n    [javac] /data/cmd/Ming/llm-fl-apr/tmp/Jsoup_7-prompt_apr_6-gpt-4o-mini/src/main/java/org/jsoup/nodes/Document.java:169: error: ';' expected\n    [javac]     public String nodeName() {\n    [javac]                           ^\n    [javac] /data/cmd/Ming/llm-fl-apr/tmp/Jsoup_7-prompt_apr_6-gpt-4o-mini/src/main/java/org/jsoup/nodes/Document.java:176: error: illegal start of expression\n    [javac]     public class OutputSettings {\n    [javac]     ^\n    [javac] /data/cmd/Ming/llm-fl-apr/tmp/Jsoup_7-prompt_apr_6-gpt-4o-mini/src/main/java/org/jsoup/nodes/Document.java:288: error: illegal start of expression\n    [javac]     public OutputSettings outputSettings() {\n    [javac]     ^\n    [javac] /data/cmd/Ming/llm-fl-apr/tmp/Jsoup_7-prompt_apr_6-gpt-4o-mini/src/main/java/org/jsoup/nodes/Document.java:288: error: ';' expected\n    [javac]     public OutputSettings outputSettings() {\n    [javac]                                         ^\n    [javac] /data/cmd/Ming/llm-fl-apr/tmp/Jsoup_7-prompt_apr_6-gpt-4o-mini/src/main/java/org/jsoup/nodes/Document.java:291: error: reached end of file while parsing\n    [javac] }\n    [javac]  ^\n    [javac] 9 errors\n    [javac] 1 warning\n\nBUILD FAILED\n/data/cmd/Ming/llm-fl-apr/tmp/Jsoup_7-prompt_apr_6-gpt-4o-mini/maven-build.xml:74: Compile failed; see the compiler error output for details.\n\nTotal time: 2 seconds\nCannot compile sources! at /data/cmd/Ming/LLM_Based-Mutation/tools/mutant/defects4j-2.1.0/framework/bin/d4j/d4j-compile line 82.\nCompilation failed in require at /data/cmd/Ming/LLM_Based-Mutation/tools/mutant/defects4j-2.1.0/framework/bin/defects4j line 195.\n"
                }
            },
            "deepseek-chat": {
                "compile": {
                    "rc": 1,
                    "so": "",
                    "se": "Running ant (compile)...................................................... FAIL\nExecuted command:  cd /data/cmd/Ming/llm-fl-apr/tmp/Jsoup_7-prompt_apr_6-deepseek-chat && /data/cmd/Ming/LLM_Based-Mutation/tools/mutant/defects4j-2.1.0/major/bin/ant -f /data/cmd/Ming/LLM_Based-Mutation/tools/mutant/defects4j-2.1.0/framework/projects/defects4j.build.xml -Dd4j.home=/data/cmd/Ming/LLM_Based-Mutation/tools/mutant/defects4j-2.1.0 -Dd4j.dir.projects=/data/cmd/Ming/LLM_Based-Mutation/tools/mutant/defects4j-2.1.0/framework/projects -Dbasedir=/data/cmd/Ming/llm-fl-apr/tmp/Jsoup_7-prompt_apr_6-deepseek-chat -Dbuild.compiler=javac1.7  compile 2>&1\nJava HotSpot(TM) 64-Bit Server VM warning: ignoring option MaxPermSize=1G; support was removed in 8.0\nBuildfile: /data/cmd/Ming/LLM_Based-Mutation/tools/mutant/defects4j-2.1.0/framework/projects/defects4j.build.xml\n\ntest-offline:\n\nget-deps:\n\njsoup-from-maven.compile:\n    [mkdir] Created dir: /data/cmd/Ming/llm-fl-apr/tmp/Jsoup_7-prompt_apr_6-deepseek-chat/target/classes\n    [javac] /data/cmd/Ming/llm-fl-apr/tmp/Jsoup_7-prompt_apr_6-deepseek-chat/maven-build.xml:74: warning: 'includeantruntime' was not set, defaulting to build.sysclasspath=last; set to false for repeatable builds\n    [javac] Compiling 34 source files to /data/cmd/Ming/llm-fl-apr/tmp/Jsoup_7-prompt_apr_6-deepseek-chat/target/classes\n    [javac] warning: [options] bootstrap class path not set in conjunction with -source 1.5\n    [javac] /data/cmd/Ming/llm-fl-apr/tmp/Jsoup_7-prompt_apr_6-deepseek-chat/src/main/java/org/jsoup/nodes/Document.java:155: error: illegal start of type\n    [javac]     public String outerHtml() { return this.ownerDocument().outerHtml(); }        return super.html(); // no outer wrapper tag\n    [javac]                                                                                   ^\n    [javac] /data/cmd/Ming/llm-fl-apr/tmp/Jsoup_7-prompt_apr_6-deepseek-chat/src/main/java/org/jsoup/nodes/Document.java:155: error: ';' expected\n    [javac]     public String outerHtml() { return this.ownerDocument().outerHtml(); }        return super.html(); // no outer wrapper tag\n    [javac]                                                                                         ^\n    [javac] /data/cmd/Ming/llm-fl-apr/tmp/Jsoup_7-prompt_apr_6-deepseek-chat/src/main/java/org/jsoup/nodes/Document.java:155: error: illegal start of type\n    [javac]     public String outerHtml() { return this.ownerDocument().outerHtml(); }        return super.html(); // no outer wrapper tag\n    [javac]                                                                                               ^\n    [javac] /data/cmd/Ming/llm-fl-apr/tmp/Jsoup_7-prompt_apr_6-deepseek-chat/src/main/java/org/jsoup/nodes/Document.java:164: error: class, interface, or enum expected\n    [javac]     public Element text(String text) {\n    [javac]            ^\n    [javac] /data/cmd/Ming/llm-fl-apr/tmp/Jsoup_7-prompt_apr_6-deepseek-chat/src/main/java/org/jsoup/nodes/Document.java:166: error: class, interface, or enum expected\n    [javac]         return this;\n    [javac]         ^\n    [javac] /data/cmd/Ming/llm-fl-apr/tmp/Jsoup_7-prompt_apr_6-deepseek-chat/src/main/java/org/jsoup/nodes/Document.java:167: error: class, interface, or enum expected\n    [javac]     }\n    [javac]     ^\n    [javac] /data/cmd/Ming/llm-fl-apr/tmp/Jsoup_7-prompt_apr_6-deepseek-chat/src/main/java/org/jsoup/nodes/Document.java:170: error: class, interface, or enum expected\n    [javac]     public String nodeName() {\n    [javac]            ^\n    [javac] /data/cmd/Ming/llm-fl-apr/tmp/Jsoup_7-prompt_apr_6-deepseek-chat/src/main/java/org/jsoup/nodes/Document.java:172: error: class, interface, or enum expected\n    [javac]     }\n    [javac]     ^\n    [javac] /data/cmd/Ming/llm-fl-apr/tmp/Jsoup_7-prompt_apr_6-deepseek-chat/src/main/java/org/jsoup/nodes/Document.java:289: error: class, interface, or enum expected\n    [javac]     public OutputSettings outputSettings() {\n    [javac]            ^\n    [javac] /data/cmd/Ming/llm-fl-apr/tmp/Jsoup_7-prompt_apr_6-deepseek-chat/src/main/java/org/jsoup/nodes/Document.java:291: error: class, interface, or enum expected\n    [javac]     }\n    [javac]     ^\n    [javac] 10 errors\n    [javac] 1 warning\n\nBUILD FAILED\n/data/cmd/Ming/llm-fl-apr/tmp/Jsoup_7-prompt_apr_6-deepseek-chat/maven-build.xml:74: Compile failed; see the compiler error output for details.\n\nTotal time: 1 second\nCannot compile sources! at /data/cmd/Ming/LLM_Based-Mutation/tools/mutant/defects4j-2.1.0/framework/bin/d4j/d4j-compile line 82.\nCompilation failed in require at /data/cmd/Ming/LLM_Based-Mutation/tools/mutant/defects4j-2.1.0/framework/bin/defects4j line 195.\n"
                }
            }
        }
    }
}