{
    "overall_status": {
        "prompt_apr_1": {
            "ernie-3.5-128k": "Fail some tests",
            "qwen-turbo": "Compile failed",
            "doubao-pro-4k": "Fail some tests",
            "gpt-4o-mini": "Fail some tests",
            "deepseek-chat": "Fail some tests"
        },
        "prompt_apr_2": {
            "ernie-3.5-128k": "Compile failed",
            "qwen-turbo": "Compile failed",
            "doubao-pro-4k": "Fail some tests",
            "gpt-4o-mini": "Fail some tests",
            "deepseek-chat": "Fail some tests"
        },
        "prompt_apr_3": {
            "ernie-3.5-128k": "Compile failed",
            "qwen-turbo": "Compile failed",
            "doubao-pro-4k": "Fail some tests",
            "gpt-4o-mini": "Fail some tests",
            "deepseek-chat": "Compile failed"
        },
        "prompt_apr_4": {
            "ernie-3.5-128k": "Fail some tests",
            "qwen-turbo": "Compile failed",
            "doubao-pro-4k": "Fail some tests",
            "gpt-4o-mini": "Fail some tests",
            "deepseek-chat": "Compile failed"
        },
        "prompt_apr_5": {
            "ernie-3.5-128k": "Fail some tests",
            "qwen-turbo": "Compile failed",
            "doubao-pro-4k": "Compile failed",
            "gpt-4o-mini": "Fail some tests",
            "deepseek-chat": "Pass all tests"
        },
        "prompt_apr_6": {
            "ernie-3.5-128k": "Fail some tests",
            "qwen-turbo": "Compile failed",
            "doubao-pro-4k": "Fail some tests",
            "gpt-4o-mini": "Fail some tests",
            "deepseek-chat": "Fail some tests"
        }
    },
    "check_results_list": {
        "prompt_apr_1": {
            "ernie-3.5-128k": {
                "compile": {
                    "rc": 0,
                    "so": "",
                    "se": "Running ant (compile)...................................................... OK\nRunning ant (compile.tests)................................................ OK\n"
                },
                "test": {
                    "rc": 0,
                    "so": "Failing tests: 2\n  - org.apache.commons.jxpath.ri.model.JXPath151Test::testMapValueEquality\n  - org.apache.commons.jxpath.ri.model.MixedModelTest::testNull\n",
                    "se": "Running ant (compile.tests)................................................ OK\nRunning ant (run.dev.tests)................................................ OK\n"
                }
            },
            "qwen-turbo": {
                "compile": {
                    "rc": 1,
                    "so": "",
                    "se": "Running ant (compile)...................................................... FAIL\nExecuted command:  cd /data/cmd/Ming/llm-fl-apr/tmp/JxPath_21-prompt_apr_1-qwen-turbo && /data/cmd/Ming/LLM_Based-Mutation/tools/mutant/defects4j-2.1.0/major/bin/ant -f /data/cmd/Ming/LLM_Based-Mutation/tools/mutant/defects4j-2.1.0/framework/projects/defects4j.build.xml -Dd4j.home=/data/cmd/Ming/LLM_Based-Mutation/tools/mutant/defects4j-2.1.0 -Dd4j.dir.projects=/data/cmd/Ming/LLM_Based-Mutation/tools/mutant/defects4j-2.1.0/framework/projects -Dbasedir=/data/cmd/Ming/llm-fl-apr/tmp/JxPath_21-prompt_apr_1-qwen-turbo -Dbuild.compiler=javac1.7  compile 2>&1\nJava HotSpot(TM) 64-Bit Server VM warning: ignoring option MaxPermSize=1G; support was removed in 8.0\nBuildfile: /data/cmd/Ming/LLM_Based-Mutation/tools/mutant/defects4j-2.1.0/framework/projects/defects4j.build.xml\n\ninit:\n\nget-deps:\n      [get] Getting: file:/data/cmd/Ming/LLM_Based-Mutation/tools/mutant/defects4j-2.1.0/framework/projects/JxPath/lib/xerces/xerces/2.4.0/xerces-2.4.0.jar\n      [get] To: /data/cmd/Ming/llm-fl-apr/tmp/JxPath_21-prompt_apr_1-qwen-turbo/target/lib/xerces-2.4.0.jar\n      [get] Getting: file:/data/cmd/Ming/LLM_Based-Mutation/tools/mutant/defects4j-2.1.0/framework/projects/JxPath/lib/servletapi/servletapi/2.4/servletapi-2.4.jar\n      [get] To: /data/cmd/Ming/llm-fl-apr/tmp/JxPath_21-prompt_apr_1-qwen-turbo/target/lib/servletapi-2.4.jar\n      [get] Getting: file:/data/cmd/Ming/LLM_Based-Mutation/tools/mutant/defects4j-2.1.0/framework/projects/JxPath/lib/jspapi/jsp-api/2.0/jsp-api-2.0.jar\n      [get] To: /data/cmd/Ming/llm-fl-apr/tmp/JxPath_21-prompt_apr_1-qwen-turbo/target/lib/jsp-api-2.0.jar\n      [get] Getting: file:/data/cmd/Ming/LLM_Based-Mutation/tools/mutant/defects4j-2.1.0/framework/projects/JxPath/lib/xml-apis/xml-apis/2.0.2/xml-apis-2.0.2.jar\n      [get] To: /data/cmd/Ming/llm-fl-apr/tmp/JxPath_21-prompt_apr_1-qwen-turbo/target/lib/xml-apis-2.0.2.jar\n      [get] Getting: file:/data/cmd/Ming/LLM_Based-Mutation/tools/mutant/defects4j-2.1.0/framework/projects/JxPath/lib/jdom/jdom/1.0/jdom-1.0.jar\n      [get] To: /data/cmd/Ming/llm-fl-apr/tmp/JxPath_21-prompt_apr_1-qwen-turbo/target/lib/jdom-1.0.jar\n      [get] Getting: file:/data/cmd/Ming/LLM_Based-Mutation/tools/mutant/defects4j-2.1.0/framework/projects/JxPath/lib/commons-beanutils/commons-beanutils/1.7.0/commons-beanutils-1.7.0.jar\n      [get] To: /data/cmd/Ming/llm-fl-apr/tmp/JxPath_21-prompt_apr_1-qwen-turbo/target/lib/commons-beanutils-1.7.0.jar\n      [get] Getting: file:/data/cmd/Ming/LLM_Based-Mutation/tools/mutant/defects4j-2.1.0/framework/projects/JxPath/lib/commons-logging/commons-logging/1.1/commons-logging-1.1.jar\n      [get] To: /data/cmd/Ming/llm-fl-apr/tmp/JxPath_21-prompt_apr_1-qwen-turbo/target/lib/commons-logging-1.1.jar\n      [get] Getting: file:/data/cmd/Ming/LLM_Based-Mutation/tools/mutant/defects4j-2.1.0/framework/projects/JxPath/lib/junit/junit/3.8.1/junit-3.8.1.jar\n      [get] To: /data/cmd/Ming/llm-fl-apr/tmp/JxPath_21-prompt_apr_1-qwen-turbo/target/lib/junit-3.8.1.jar\n      [get] Getting: file:/data/cmd/Ming/LLM_Based-Mutation/tools/mutant/defects4j-2.1.0/framework/projects/JxPath/lib/mockrunner-0.4.1.jar\n      [get] To: /data/cmd/Ming/llm-fl-apr/tmp/JxPath_21-prompt_apr_1-qwen-turbo/target/lib/mockrunner-jdk1.3-j2ee1.3-0.4.jar\n\ncompile:\n    [mkdir] Created dir: /data/cmd/Ming/llm-fl-apr/tmp/JxPath_21-prompt_apr_1-qwen-turbo/target/classes\n    [javac] /data/cmd/Ming/llm-fl-apr/tmp/JxPath_21-prompt_apr_1-qwen-turbo/build.xml:36: warning: 'includeantruntime' was not set, defaulting to build.sysclasspath=last; set to false for repeatable builds\n    [javac] Compiling 171 source files to /data/cmd/Ming/llm-fl-apr/tmp/JxPath_21-prompt_apr_1-qwen-turbo/target/classes\n    [javac] /data/cmd/Ming/llm-fl-apr/tmp/JxPath_21-prompt_apr_1-qwen-turbo/src/java/org/apache/commons/jxpath/ri/model/beans/PropertyPointer.java:151: error: ';' expected\n    [javac] It seems like there might be a misunderstanding because the provided code snippet does not contain any line numbered as [2], and there isn't an apparent bug in the given code. However, I can provide a revised version assuming that `getBaseValue()` might be returning null or an incorrect type that `ValueUtils.getLength()` cannot process correctly. Here's a possible correction:\n    [javac]         ^\n    [javac] /data/cmd/Ming/llm-fl-apr/tmp/JxPath_21-prompt_apr_1-qwen-turbo/src/java/org/apache/commons/jxpath/ri/model/beans/PropertyPointer.java:151: error: ';' expected\n    [javac] It seems like there might be a misunderstanding because the provided code snippet does not contain any line numbered as [2], and there isn't an apparent bug in the given code. However, I can provide a revised version assuming that `getBaseValue()` might be returning null or an incorrect type that `ValueUtils.getLength()` cannot process correctly. Here's a possible correction:\n    [javac]                    ^\n    [javac] /data/cmd/Ming/llm-fl-apr/tmp/JxPath_21-prompt_apr_1-qwen-turbo/src/java/org/apache/commons/jxpath/ri/model/beans/PropertyPointer.java:151: error: ';' expected\n    [javac] It seems like there might be a misunderstanding because the provided code snippet does not contain any line numbered as [2], and there isn't an apparent bug in the given code. However, I can provide a revised version assuming that `getBaseValue()` might be returning null or an incorrect type that `ValueUtils.getLength()` cannot process correctly. Here's a possible correction:\n    [javac]                             ^\n    [javac] /data/cmd/Ming/llm-fl-apr/tmp/JxPath_21-prompt_apr_1-qwen-turbo/src/java/org/apache/commons/jxpath/ri/model/beans/PropertyPointer.java:151: error: ';' expected\n    [javac] It seems like there might be a misunderstanding because the provided code snippet does not contain any line numbered as [2], and there isn't an apparent bug in the given code. However, I can provide a revised version assuming that `getBaseValue()` might be returning null or an incorrect type that `ValueUtils.getLength()` cannot process correctly. Here's a possible correction:\n    [javac]                                                ^\n    [javac] /data/cmd/Ming/llm-fl-apr/tmp/JxPath_21-prompt_apr_1-qwen-turbo/src/java/org/apache/commons/jxpath/ri/model/beans/PropertyPointer.java:151: error: ';' expected\n    [javac] It seems like there might be a misunderstanding because the provided code snippet does not contain any line numbered as [2], and there isn't an apparent bug in the given code. However, I can provide a revised version assuming that `getBaseValue()` might be returning null or an incorrect type that `ValueUtils.getLength()` cannot process correctly. Here's a possible correction:\n    [javac]                                                            ^\n    [javac] /data/cmd/Ming/llm-fl-apr/tmp/JxPath_21-prompt_apr_1-qwen-turbo/src/java/org/apache/commons/jxpath/ri/model/beans/PropertyPointer.java:151: error: ';' expected\n    [javac] It seems like there might be a misunderstanding because the provided code snippet does not contain any line numbered as [2], and there isn't an apparent bug in the given code. However, I can provide a revised version assuming that `getBaseValue()` might be returning null or an incorrect type that `ValueUtils.getLength()` cannot process correctly. Here's a possible correction:\n    [javac]                                                                          ^\n    [javac] /data/cmd/Ming/llm-fl-apr/tmp/JxPath_21-prompt_apr_1-qwen-turbo/src/java/org/apache/commons/jxpath/ri/model/beans/PropertyPointer.java:151: error: ';' expected\n    [javac] It seems like there might be a misunderstanding because the provided code snippet does not contain any line numbered as [2], and there isn't an apparent bug in the given code. However, I can provide a revised version assuming that `getBaseValue()` might be returning null or an incorrect type that `ValueUtils.getLength()` cannot process correctly. Here's a possible correction:\n    [javac]                                                                                       ^\n    [javac] /data/cmd/Ming/llm-fl-apr/tmp/JxPath_21-prompt_apr_1-qwen-turbo/src/java/org/apache/commons/jxpath/ri/model/beans/PropertyPointer.java:151: error: ';' expected\n    [javac] It seems like there might be a misunderstanding because the provided code snippet does not contain any line numbered as [2], and there isn't an apparent bug in the given code. However, I can provide a revised version assuming that `getBaseValue()` might be returning null or an incorrect type that `ValueUtils.getLength()` cannot process correctly. Here's a possible correction:\n    [javac]                                                                                                   ^\n    [javac] /data/cmd/Ming/llm-fl-apr/tmp/JxPath_21-prompt_apr_1-qwen-turbo/src/java/org/apache/commons/jxpath/ri/model/beans/PropertyPointer.java:151: error: ';' expected\n    [javac] It seems like there might be a misunderstanding because the provided code snippet does not contain any line numbered as [2], and there isn't an apparent bug in the given code. However, I can provide a revised version assuming that `getBaseValue()` might be returning null or an incorrect type that `ValueUtils.getLength()` cannot process correctly. Here's a possible correction:\n    [javac]                                                                                                            ^\n    [javac] /data/cmd/Ming/llm-fl-apr/tmp/JxPath_21-prompt_apr_1-qwen-turbo/src/java/org/apache/commons/jxpath/ri/model/beans/PropertyPointer.java:151: error: ']' expected\n    [javac] It seems like there might be a misunderstanding because the provided code snippet does not contain any line numbered as [2], and there isn't an apparent bug in the given code. However, I can provide a revised version assuming that `getBaseValue()` might be returning null or an incorrect type that `ValueUtils.getLength()` cannot process correctly. Here's a possible correction:\n    [javac]                                                                                                                          ^\n    [javac] /data/cmd/Ming/llm-fl-apr/tmp/JxPath_21-prompt_apr_1-qwen-turbo/src/java/org/apache/commons/jxpath/ri/model/beans/PropertyPointer.java:151: error: illegal start of type\n    [javac] It seems like there might be a misunderstanding because the provided code snippet does not contain any line numbered as [2], and there isn't an apparent bug in the given code. However, I can provide a revised version assuming that `getBaseValue()` might be returning null or an incorrect type that `ValueUtils.getLength()` cannot process correctly. Here's a possible correction:\n    [javac]                                                                                                                           ^\n    [javac] /data/cmd/Ming/llm-fl-apr/tmp/JxPath_21-prompt_apr_1-qwen-turbo/src/java/org/apache/commons/jxpath/ri/model/beans/PropertyPointer.java:151: error: <identifier> expected\n    [javac] It seems like there might be a misunderstanding because the provided code snippet does not contain any line numbered as [2], and there isn't an apparent bug in the given code. However, I can provide a revised version assuming that `getBaseValue()` might be returning null or an incorrect type that `ValueUtils.getLength()` cannot process correctly. Here's a possible correction:\n    [javac]                                                                                                                            ^\n    [javac] /data/cmd/Ming/llm-fl-apr/tmp/JxPath_21-prompt_apr_1-qwen-turbo/src/java/org/apache/commons/jxpath/ri/model/beans/PropertyPointer.java:151: error: ';' expected\n    [javac] It seems like there might be a misunderstanding because the provided code snippet does not contain any line numbered as [2], and there isn't an apparent bug in the given code. However, I can provide a revised version assuming that `getBaseValue()` might be returning null or an incorrect type that `ValueUtils.getLength()` cannot process correctly. Here's a possible correction:\n    [javac]                                                                                                                             ^\n    [javac] /data/cmd/Ming/llm-fl-apr/tmp/JxPath_21-prompt_apr_1-qwen-turbo/src/java/org/apache/commons/jxpath/ri/model/beans/PropertyPointer.java:151: error: unclosed character literal\n    [javac] It seems like there might be a misunderstanding because the provided code snippet does not contain any line numbered as [2], and there isn't an apparent bug in the given code. However, I can provide a revised version assuming that `getBaseValue()` might be returning null or an incorrect type that `ValueUtils.getLength()` cannot process correctly. Here's a possible correction:\n    [javac]                                                                                                                                           ^\n    [javac] /data/cmd/Ming/llm-fl-apr/tmp/JxPath_21-prompt_apr_1-qwen-turbo/src/java/org/apache/commons/jxpath/ri/model/beans/PropertyPointer.java:151: error: ';' expected\n    [javac] It seems like there might be a misunderstanding because the provided code snippet does not contain any line numbered as [2], and there isn't an apparent bug in the given code. However, I can provide a revised version assuming that `getBaseValue()` might be returning null or an incorrect type that `ValueUtils.getLength()` cannot process correctly. Here's a possible correction:\n    [javac]                                                                                                                                                         ^\n    [javac] /data/cmd/Ming/llm-fl-apr/tmp/JxPath_21-prompt_apr_1-qwen-turbo/src/java/org/apache/commons/jxpath/ri/model/beans/PropertyPointer.java:151: error: ';' expected\n    [javac] It seems like there might be a misunderstanding because the provided code snippet does not contain any line numbered as [2], and there isn't an apparent bug in the given code. However, I can provide a revised version assuming that `getBaseValue()` might be returning null or an incorrect type that `ValueUtils.getLength()` cannot process correctly. Here's a possible correction:\n    [javac]                                                                                                                                                                ^\n    [javac] /data/cmd/Ming/llm-fl-apr/tmp/JxPath_21-prompt_apr_1-qwen-turbo/src/java/org/apache/commons/jxpath/ri/model/beans/PropertyPointer.java:151: error: ';' expected\n    [javac] It seems like there might be a misunderstanding because the provided code snippet does not contain any line numbered as [2], and there isn't an apparent bug in the given code. However, I can provide a revised version assuming that `getBaseValue()` might be returning null or an incorrect type that `ValueUtils.getLength()` cannot process correctly. Here's a possible correction:\n    [javac]                                                                                                                                                                          ^\n    [javac] /data/cmd/Ming/llm-fl-apr/tmp/JxPath_21-prompt_apr_1-qwen-turbo/src/java/org/apache/commons/jxpath/ri/model/beans/PropertyPointer.java:151: error: <identifier> expected\n    [javac] It seems like there might be a misunderstanding because the provided code snippet does not contain any line numbered as [2], and there isn't an apparent bug in the given code. However, I can provide a revised version assuming that `getBaseValue()` might be returning null or an incorrect type that `ValueUtils.getLength()` cannot process correctly. Here's a possible correction:\n    [javac]                                                                                                                                                                                        ^\n    [javac] /data/cmd/Ming/llm-fl-apr/tmp/JxPath_21-prompt_apr_1-qwen-turbo/src/java/org/apache/commons/jxpath/ri/model/beans/PropertyPointer.java:151: error: ';' expected\n    [javac] It seems like there might be a misunderstanding because the provided code snippet does not contain any line numbered as [2], and there isn't an apparent bug in the given code. However, I can provide a revised version assuming that `getBaseValue()` might be returning null or an incorrect type that `ValueUtils.getLength()` cannot process correctly. Here's a possible correction:\n    [javac]                                                                                                                                                                                           ^\n    [javac] /data/cmd/Ming/llm-fl-apr/tmp/JxPath_21-prompt_apr_1-qwen-turbo/src/java/org/apache/commons/jxpath/ri/model/beans/PropertyPointer.java:151: error: ';' expected\n    [javac] It seems like there might be a misunderstanding because the provided code snippet does not contain any line numbered as [2], and there isn't an apparent bug in the given code. However, I can provide a revised version assuming that `getBaseValue()` might be returning null or an incorrect type that `ValueUtils.getLength()` cannot process correctly. Here's a possible correction:\n    [javac]                                                                                                                                                                                                       ^\n    [javac] /data/cmd/Ming/llm-fl-apr/tmp/JxPath_21-prompt_apr_1-qwen-turbo/src/java/org/apache/commons/jxpath/ri/model/beans/PropertyPointer.java:151: error: ';' expected\n    [javac] It seems like there might be a misunderstanding because the provided code snippet does not contain any line numbered as [2], and there isn't an apparent bug in the given code. However, I can provide a revised version assuming that `getBaseValue()` might be returning null or an incorrect type that `ValueUtils.getLength()` cannot process correctly. Here's a possible correction:\n    [javac]                                                                                                                                                                                                                 ^\n    [javac] /data/cmd/Ming/llm-fl-apr/tmp/JxPath_21-prompt_apr_1-qwen-turbo/src/java/org/apache/commons/jxpath/ri/model/beans/PropertyPointer.java:151: error: ';' expected\n    [javac] It seems like there might be a misunderstanding because the provided code snippet does not contain any line numbered as [2], and there isn't an apparent bug in the given code. However, I can provide a revised version assuming that `getBaseValue()` might be returning null or an incorrect type that `ValueUtils.getLength()` cannot process correctly. Here's a possible correction:\n    [javac]                                                                                                                                                                                                                                  ^\n    [javac] /data/cmd/Ming/llm-fl-apr/tmp/JxPath_21-prompt_apr_1-qwen-turbo/src/java/org/apache/commons/jxpath/ri/model/beans/PropertyPointer.java:151: error: illegal character: \\96\n    [javac] It seems like there might be a misunderstanding because the provided code snippet does not contain any line numbered as [2], and there isn't an apparent bug in the given code. However, I can provide a revised version assuming that `getBaseValue()` might be returning null or an incorrect type that `ValueUtils.getLength()` cannot process correctly. Here's a possible correction:\n    [javac]                                                                                                                                                                                                                                        ^\n    [javac] /data/cmd/Ming/llm-fl-apr/tmp/JxPath_21-prompt_apr_1-qwen-turbo/src/java/org/apache/commons/jxpath/ri/model/beans/PropertyPointer.java:151: error: invalid method declaration; return type required\n    [javac] It seems like there might be a misunderstanding because the provided code snippet does not contain any line numbered as [2], and there isn't an apparent bug in the given code. However, I can provide a revised version assuming that `getBaseValue()` might be returning null or an incorrect type that `ValueUtils.getLength()` cannot process correctly. Here's a possible correction:\n    [javac]                                                                                                                                                                                                                                         ^\n    [javac] /data/cmd/Ming/llm-fl-apr/tmp/JxPath_21-prompt_apr_1-qwen-turbo/src/java/org/apache/commons/jxpath/ri/model/beans/PropertyPointer.java:151: error: illegal character: \\96\n    [javac] It seems like there might be a misunderstanding because the provided code snippet does not contain any line numbered as [2], and there isn't an apparent bug in the given code. However, I can provide a revised version assuming that `getBaseValue()` might be returning null or an incorrect type that `ValueUtils.getLength()` cannot process correctly. Here's a possible correction:\n    [javac]                                                                                                                                                                                                                                                       ^\n    [javac] /data/cmd/Ming/llm-fl-apr/tmp/JxPath_21-prompt_apr_1-qwen-turbo/src/java/org/apache/commons/jxpath/ri/model/beans/PropertyPointer.java:151: error: illegal character: \\96\n    [javac] It seems like there might be a misunderstanding because the provided code snippet does not contain any line numbered as [2], and there isn't an apparent bug in the given code. However, I can provide a revised version assuming that `getBaseValue()` might be returning null or an incorrect type that `ValueUtils.getLength()` cannot process correctly. Here's a possible correction:\n    [javac]                                                                                                                                                                                                                                                                                                           ^\n    [javac] /data/cmd/Ming/llm-fl-apr/tmp/JxPath_21-prompt_apr_1-qwen-turbo/src/java/org/apache/commons/jxpath/ri/model/beans/PropertyPointer.java:151: error: illegal character: \\96\n    [javac] It seems like there might be a misunderstanding because the provided code snippet does not contain any line numbered as [2], and there isn't an apparent bug in the given code. However, I can provide a revised version assuming that `getBaseValue()` might be returning null or an incorrect type that `ValueUtils.getLength()` cannot process correctly. Here's a possible correction:\n    [javac]                                                                                                                                                                                                                                                                                                                                  ^\n    [javac] /data/cmd/Ming/llm-fl-apr/tmp/JxPath_21-prompt_apr_1-qwen-turbo/src/java/org/apache/commons/jxpath/ri/model/beans/PropertyPointer.java:151: error: unclosed character literal\n    [javac] It seems like there might be a misunderstanding because the provided code snippet does not contain any line numbered as [2], and there isn't an apparent bug in the given code. However, I can provide a revised version assuming that `getBaseValue()` might be returning null or an incorrect type that `ValueUtils.getLength()` cannot process correctly. Here's a possible correction:\n    [javac]                                                                                                                                                                                                                                                                                                                                                                  ^\n    [javac] /data/cmd/Ming/llm-fl-apr/tmp/JxPath_21-prompt_apr_1-qwen-turbo/src/java/org/apache/commons/jxpath/ri/model/beans/PropertyPointer.java:153: error: illegal character: \\96\n    [javac] ```java\n    [javac] ^\n    [javac] /data/cmd/Ming/llm-fl-apr/tmp/JxPath_21-prompt_apr_1-qwen-turbo/src/java/org/apache/commons/jxpath/ri/model/beans/PropertyPointer.java:153: error: illegal character: \\96\n    [javac] ```java\n    [javac]  ^\n    [javac] /data/cmd/Ming/llm-fl-apr/tmp/JxPath_21-prompt_apr_1-qwen-turbo/src/java/org/apache/commons/jxpath/ri/model/beans/PropertyPointer.java:153: error: illegal character: \\96\n    [javac] ```java\n    [javac]   ^\n    [javac] /data/cmd/Ming/llm-fl-apr/tmp/JxPath_21-prompt_apr_1-qwen-turbo/src/java/org/apache/commons/jxpath/ri/model/beans/PropertyPointer.java:161: error: illegal character: \\96\n    [javac] ```\n    [javac] ^\n    [javac] /data/cmd/Ming/llm-fl-apr/tmp/JxPath_21-prompt_apr_1-qwen-turbo/src/java/org/apache/commons/jxpath/ri/model/beans/PropertyPointer.java:161: error: illegal character: \\96\n    [javac] ```\n    [javac]  ^\n    [javac] /data/cmd/Ming/llm-fl-apr/tmp/JxPath_21-prompt_apr_1-qwen-turbo/src/java/org/apache/commons/jxpath/ri/model/beans/PropertyPointer.java:161: error: illegal character: \\96\n    [javac] ```\n    [javac]   ^\n    [javac] /data/cmd/Ming/llm-fl-apr/tmp/JxPath_21-prompt_apr_1-qwen-turbo/src/java/org/apache/commons/jxpath/ri/model/beans/PropertyPointer.java:163: error: illegal character: \\96\n    [javac] If `getBaseValue()` should return a specific type, ensure that it returns that type to avoid casting issues. If `ValueUtils.getLength()` has specific requirements, make sure `getBaseValue()` complies with those requirements.\n    [javac]    ^\n    [javac] /data/cmd/Ming/llm-fl-apr/tmp/JxPath_21-prompt_apr_1-qwen-turbo/src/java/org/apache/commons/jxpath/ri/model/beans/PropertyPointer.java:163: error: illegal start of type\n    [javac] If `getBaseValue()` should return a specific type, ensure that it returns that type to avoid casting issues. If `ValueUtils.getLength()` has specific requirements, make sure `getBaseValue()` complies with those requirements.\n    [javac]                 ^\n    [javac] /data/cmd/Ming/llm-fl-apr/tmp/JxPath_21-prompt_apr_1-qwen-turbo/src/java/org/apache/commons/jxpath/ri/model/beans/PropertyPointer.java:163: error: ';' expected\n    [javac] If `getBaseValue()` should return a specific type, ensure that it returns that type to avoid casting issues. If `ValueUtils.getLength()` has specific requirements, make sure `getBaseValue()` complies with those requirements.\n    [javac]                  ^\n    [javac] /data/cmd/Ming/llm-fl-apr/tmp/JxPath_21-prompt_apr_1-qwen-turbo/src/java/org/apache/commons/jxpath/ri/model/beans/PropertyPointer.java:163: error: illegal character: \\96\n    [javac] If `getBaseValue()` should return a specific type, ensure that it returns that type to avoid casting issues. If `ValueUtils.getLength()` has specific requirements, make sure `getBaseValue()` complies with those requirements.\n    [javac]                   ^\n    [javac] /data/cmd/Ming/llm-fl-apr/tmp/JxPath_21-prompt_apr_1-qwen-turbo/src/java/org/apache/commons/jxpath/ri/model/beans/PropertyPointer.java:163: error: illegal start of type\n    [javac] If `getBaseValue()` should return a specific type, ensure that it returns that type to avoid casting issues. If `ValueUtils.getLength()` has specific requirements, make sure `getBaseValue()` complies with those requirements.\n    [javac]                            ^\n    [javac] /data/cmd/Ming/llm-fl-apr/tmp/JxPath_21-prompt_apr_1-qwen-turbo/src/java/org/apache/commons/jxpath/ri/model/beans/PropertyPointer.java:163: error: ';' expected\n    [javac] If `getBaseValue()` should return a specific type, ensure that it returns that type to avoid casting issues. If `ValueUtils.getLength()` has specific requirements, make sure `getBaseValue()` complies with those requirements.\n    [javac]                                  ^\n    [javac] /data/cmd/Ming/llm-fl-apr/tmp/JxPath_21-prompt_apr_1-qwen-turbo/src/java/org/apache/commons/jxpath/ri/model/beans/PropertyPointer.java:163: error: ';' expected\n    [javac] If `getBaseValue()` should return a specific type, ensure that it returns that type to avoid casting issues. If `ValueUtils.getLength()` has specific requirements, make sure `getBaseValue()` complies with those requirements.\n    [javac]                                                          ^\n    [javac] /data/cmd/Ming/llm-fl-apr/tmp/JxPath_21-prompt_apr_1-qwen-turbo/src/java/org/apache/commons/jxpath/ri/model/beans/PropertyPointer.java:163: error: ';' expected\n    [javac] If `getBaseValue()` should return a specific type, ensure that it returns that type to avoid casting issues. If `ValueUtils.getLength()` has specific requirements, make sure `getBaseValue()` complies with those requirements.\n    [javac]                                                                  ^\n    [javac] /data/cmd/Ming/llm-fl-apr/tmp/JxPath_21-prompt_apr_1-qwen-turbo/src/java/org/apache/commons/jxpath/ri/model/beans/PropertyPointer.java:163: error: ';' expected\n    [javac] If `getBaseValue()` should return a specific type, ensure that it returns that type to avoid casting issues. If `ValueUtils.getLength()` has specific requirements, make sure `getBaseValue()` complies with those requirements.\n    [javac]                                                                               ^\n    [javac] /data/cmd/Ming/llm-fl-apr/tmp/JxPath_21-prompt_apr_1-qwen-turbo/src/java/org/apache/commons/jxpath/ri/model/beans/PropertyPointer.java:163: error: ';' expected\n    [javac] If `getBaseValue()` should return a specific type, ensure that it returns that type to avoid casting issues. If `ValueUtils.getLength()` has specific requirements, make sure `getBaseValue()` complies with those requirements.\n    [javac]                                                                                       ^\n    [javac] /data/cmd/Ming/llm-fl-apr/tmp/JxPath_21-prompt_apr_1-qwen-turbo/src/java/org/apache/commons/jxpath/ri/model/beans/PropertyPointer.java:163: error: ';' expected\n    [javac] If `getBaseValue()` should return a specific type, ensure that it returns that type to avoid casting issues. If `ValueUtils.getLength()` has specific requirements, make sure `getBaseValue()` complies with those requirements.\n    [javac]                                                                                                     ^\n    [javac] /data/cmd/Ming/llm-fl-apr/tmp/JxPath_21-prompt_apr_1-qwen-turbo/src/java/org/apache/commons/jxpath/ri/model/beans/PropertyPointer.java:163: error: illegal character: \\96\n    [javac] If `getBaseValue()` should return a specific type, ensure that it returns that type to avoid casting issues. If `ValueUtils.getLength()` has specific requirements, make sure `getBaseValue()` complies with those requirements.\n    [javac]                                                                                                                 ^\n    [javac] /data/cmd/Ming/llm-fl-apr/tmp/JxPath_21-prompt_apr_1-qwen-turbo/src/java/org/apache/commons/jxpath/ri/model/beans/PropertyPointer.java:163: error: <identifier> expected\n    [javac] If `getBaseValue()` should return a specific type, ensure that it returns that type to avoid casting issues. If `ValueUtils.getLength()` has specific requirements, make sure `getBaseValue()` complies with those requirements.\n    [javac]                                                                                                                                      ^\n    [javac] /data/cmd/Ming/llm-fl-apr/tmp/JxPath_21-prompt_apr_1-qwen-turbo/src/java/org/apache/commons/jxpath/ri/model/beans/PropertyPointer.java:163: error: illegal character: \\96\n    [javac] If `getBaseValue()` should return a specific type, ensure that it returns that type to avoid casting issues. If `ValueUtils.getLength()` has specific requirements, make sure `getBaseValue()` complies with those requirements.\n    [javac]                                                                                                                                        ^\n    [javac] /data/cmd/Ming/llm-fl-apr/tmp/JxPath_21-prompt_apr_1-qwen-turbo/src/java/org/apache/commons/jxpath/ri/model/beans/PropertyPointer.java:163: error: illegal character: \\96\n    [javac] If `getBaseValue()` should return a specific type, ensure that it returns that type to avoid casting issues. If `ValueUtils.getLength()` has specific requirements, make sure `getBaseValue()` complies with those requirements.\n    [javac]                                                                                                                                                                               ^\n    [javac] /data/cmd/Ming/llm-fl-apr/tmp/JxPath_21-prompt_apr_1-qwen-turbo/src/java/org/apache/commons/jxpath/ri/model/beans/PropertyPointer.java:163: error: illegal character: \\96\n    [javac] If `getBaseValue()` should return a specific type, ensure that it returns that type to avoid casting issues. If `ValueUtils.getLength()` has specific requirements, make sure `getBaseValue()` complies with those requirements.\n    [javac]                                                                                                                                                                                              ^\n    [javac] 50 errors\n\nBUILD FAILED\n/data/cmd/Ming/llm-fl-apr/tmp/JxPath_21-prompt_apr_1-qwen-turbo/build.xml:36: Compile failed; see the compiler error output for details.\n\nTotal time: 3 seconds\nCannot compile sources! at /data/cmd/Ming/LLM_Based-Mutation/tools/mutant/defects4j-2.1.0/framework/bin/d4j/d4j-compile line 82.\nCompilation failed in require at /data/cmd/Ming/LLM_Based-Mutation/tools/mutant/defects4j-2.1.0/framework/bin/defects4j line 195.\n"
                }
            },
            "doubao-pro-4k": {
                "compile": {
                    "rc": 0,
                    "so": "",
                    "se": "Running ant (compile)...................................................... OK\nRunning ant (compile.tests)................................................ OK\n"
                },
                "test": {
                    "rc": 0,
                    "so": "Failing tests: 2\n  - org.apache.commons.jxpath.ri.model.JXPath151Test::testMapValueEquality\n  - org.apache.commons.jxpath.ri.model.MixedModelTest::testNull\n",
                    "se": "Running ant (compile.tests)................................................ OK\nRunning ant (run.dev.tests)................................................ OK\n"
                }
            },
            "gpt-4o-mini": {
                "compile": {
                    "rc": 0,
                    "so": "",
                    "se": "Running ant (compile)...................................................... OK\nRunning ant (compile.tests)................................................ OK\n"
                },
                "test": {
                    "rc": 0,
                    "so": "Failing tests: 2\n  - org.apache.commons.jxpath.ri.model.JXPath151Test::testMapValueEquality\n  - org.apache.commons.jxpath.ri.model.MixedModelTest::testNull\n",
                    "se": "Running ant (compile.tests)................................................ OK\nRunning ant (run.dev.tests)................................................ OK\n"
                }
            },
            "deepseek-chat": {
                "compile": {
                    "rc": 0,
                    "so": "",
                    "se": "Running ant (compile)...................................................... OK\nRunning ant (compile.tests)................................................ OK\n"
                },
                "test": {
                    "rc": 0,
                    "so": "Failing tests: 2\n  - org.apache.commons.jxpath.ri.model.JXPath151Test::testMapValueEquality\n  - org.apache.commons.jxpath.ri.model.MixedModelTest::testNull\n",
                    "se": "Running ant (compile.tests)................................................ OK\nRunning ant (run.dev.tests)................................................ OK\n"
                }
            }
        },
        "prompt_apr_2": {
            "ernie-3.5-128k": {
                "compile": {
                    "rc": 1,
                    "so": "",
                    "se": "Running ant (compile)...................................................... FAIL\nExecuted command:  cd /data/cmd/Ming/llm-fl-apr/tmp/JxPath_21-prompt_apr_2-ernie-3.5-128k && /data/cmd/Ming/LLM_Based-Mutation/tools/mutant/defects4j-2.1.0/major/bin/ant -f /data/cmd/Ming/LLM_Based-Mutation/tools/mutant/defects4j-2.1.0/framework/projects/defects4j.build.xml -Dd4j.home=/data/cmd/Ming/LLM_Based-Mutation/tools/mutant/defects4j-2.1.0 -Dd4j.dir.projects=/data/cmd/Ming/LLM_Based-Mutation/tools/mutant/defects4j-2.1.0/framework/projects -Dbasedir=/data/cmd/Ming/llm-fl-apr/tmp/JxPath_21-prompt_apr_2-ernie-3.5-128k -Dbuild.compiler=javac1.7  compile 2>&1\nJava HotSpot(TM) 64-Bit Server VM warning: ignoring option MaxPermSize=1G; support was removed in 8.0\nBuildfile: /data/cmd/Ming/LLM_Based-Mutation/tools/mutant/defects4j-2.1.0/framework/projects/defects4j.build.xml\n\ninit:\n\nget-deps:\n      [get] Getting: file:/data/cmd/Ming/LLM_Based-Mutation/tools/mutant/defects4j-2.1.0/framework/projects/JxPath/lib/xerces/xerces/2.4.0/xerces-2.4.0.jar\n      [get] To: /data/cmd/Ming/llm-fl-apr/tmp/JxPath_21-prompt_apr_2-ernie-3.5-128k/target/lib/xerces-2.4.0.jar\n      [get] Getting: file:/data/cmd/Ming/LLM_Based-Mutation/tools/mutant/defects4j-2.1.0/framework/projects/JxPath/lib/servletapi/servletapi/2.4/servletapi-2.4.jar\n      [get] To: /data/cmd/Ming/llm-fl-apr/tmp/JxPath_21-prompt_apr_2-ernie-3.5-128k/target/lib/servletapi-2.4.jar\n      [get] Getting: file:/data/cmd/Ming/LLM_Based-Mutation/tools/mutant/defects4j-2.1.0/framework/projects/JxPath/lib/jspapi/jsp-api/2.0/jsp-api-2.0.jar\n      [get] To: /data/cmd/Ming/llm-fl-apr/tmp/JxPath_21-prompt_apr_2-ernie-3.5-128k/target/lib/jsp-api-2.0.jar\n      [get] Getting: file:/data/cmd/Ming/LLM_Based-Mutation/tools/mutant/defects4j-2.1.0/framework/projects/JxPath/lib/xml-apis/xml-apis/2.0.2/xml-apis-2.0.2.jar\n      [get] To: /data/cmd/Ming/llm-fl-apr/tmp/JxPath_21-prompt_apr_2-ernie-3.5-128k/target/lib/xml-apis-2.0.2.jar\n      [get] Getting: file:/data/cmd/Ming/LLM_Based-Mutation/tools/mutant/defects4j-2.1.0/framework/projects/JxPath/lib/jdom/jdom/1.0/jdom-1.0.jar\n      [get] To: /data/cmd/Ming/llm-fl-apr/tmp/JxPath_21-prompt_apr_2-ernie-3.5-128k/target/lib/jdom-1.0.jar\n      [get] Getting: file:/data/cmd/Ming/LLM_Based-Mutation/tools/mutant/defects4j-2.1.0/framework/projects/JxPath/lib/commons-beanutils/commons-beanutils/1.7.0/commons-beanutils-1.7.0.jar\n      [get] To: /data/cmd/Ming/llm-fl-apr/tmp/JxPath_21-prompt_apr_2-ernie-3.5-128k/target/lib/commons-beanutils-1.7.0.jar\n      [get] Getting: file:/data/cmd/Ming/LLM_Based-Mutation/tools/mutant/defects4j-2.1.0/framework/projects/JxPath/lib/commons-logging/commons-logging/1.1/commons-logging-1.1.jar\n      [get] To: /data/cmd/Ming/llm-fl-apr/tmp/JxPath_21-prompt_apr_2-ernie-3.5-128k/target/lib/commons-logging-1.1.jar\n      [get] Getting: file:/data/cmd/Ming/LLM_Based-Mutation/tools/mutant/defects4j-2.1.0/framework/projects/JxPath/lib/junit/junit/3.8.1/junit-3.8.1.jar\n      [get] To: /data/cmd/Ming/llm-fl-apr/tmp/JxPath_21-prompt_apr_2-ernie-3.5-128k/target/lib/junit-3.8.1.jar\n      [get] Getting: file:/data/cmd/Ming/LLM_Based-Mutation/tools/mutant/defects4j-2.1.0/framework/projects/JxPath/lib/mockrunner-0.4.1.jar\n      [get] To: /data/cmd/Ming/llm-fl-apr/tmp/JxPath_21-prompt_apr_2-ernie-3.5-128k/target/lib/mockrunner-jdk1.3-j2ee1.3-0.4.jar\n\ncompile:\n    [mkdir] Created dir: /data/cmd/Ming/llm-fl-apr/tmp/JxPath_21-prompt_apr_2-ernie-3.5-128k/target/classes\n    [javac] /data/cmd/Ming/llm-fl-apr/tmp/JxPath_21-prompt_apr_2-ernie-3.5-128k/build.xml:36: warning: 'includeantruntime' was not set, defaulting to build.sysclasspath=last; set to false for repeatable builds\n    [javac] Compiling 171 source files to /data/cmd/Ming/llm-fl-apr/tmp/JxPath_21-prompt_apr_2-ernie-3.5-128k/target/classes\n    [javac] /data/cmd/Ming/llm-fl-apr/tmp/JxPath_21-prompt_apr_2-ernie-3.5-128k/src/java/org/apache/commons/jxpath/ri/model/beans/PropertyPointer.java:151: error: ';' expected\n    [javac] To help you fix the potential bug in the method, I need to make some assumptions since I don't have the context of the `ValueUtils` class and the `getBaseValue()` method. However, here are a few common issues and their fixes:\n    [javac]        ^\n    [javac] /data/cmd/Ming/llm-fl-apr/tmp/JxPath_21-prompt_apr_2-ernie-3.5-128k/src/java/org/apache/commons/jxpath/ri/model/beans/PropertyPointer.java:151: error: ';' expected\n    [javac] To help you fix the potential bug in the method, I need to make some assumptions since I don't have the context of the `ValueUtils` class and the `getBaseValue()` method. However, here are a few common issues and their fixes:\n    [javac]                ^\n    [javac] /data/cmd/Ming/llm-fl-apr/tmp/JxPath_21-prompt_apr_2-ernie-3.5-128k/src/java/org/apache/commons/jxpath/ri/model/beans/PropertyPointer.java:151: error: ';' expected\n    [javac] To help you fix the potential bug in the method, I need to make some assumptions since I don't have the context of the `ValueUtils` class and the `getBaseValue()` method. However, here are a few common issues and their fixes:\n    [javac]                              ^\n    [javac] /data/cmd/Ming/llm-fl-apr/tmp/JxPath_21-prompt_apr_2-ernie-3.5-128k/src/java/org/apache/commons/jxpath/ri/model/beans/PropertyPointer.java:151: error: ';' expected\n    [javac] To help you fix the potential bug in the method, I need to make some assumptions since I don't have the context of the `ValueUtils` class and the `getBaseValue()` method. However, here are a few common issues and their fixes:\n    [javac]                                     ^\n    [javac] /data/cmd/Ming/llm-fl-apr/tmp/JxPath_21-prompt_apr_2-ernie-3.5-128k/src/java/org/apache/commons/jxpath/ri/model/beans/PropertyPointer.java:151: error: ';' expected\n    [javac] To help you fix the potential bug in the method, I need to make some assumptions since I don't have the context of the `ValueUtils` class and the `getBaseValue()` method. However, here are a few common issues and their fixes:\n    [javac]                                                   ^\n    [javac] /data/cmd/Ming/llm-fl-apr/tmp/JxPath_21-prompt_apr_2-ernie-3.5-128k/src/java/org/apache/commons/jxpath/ri/model/beans/PropertyPointer.java:151: error: ';' expected\n    [javac] To help you fix the potential bug in the method, I need to make some assumptions since I don't have the context of the `ValueUtils` class and the `getBaseValue()` method. However, here are a few common issues and their fixes:\n    [javac]                                                           ^\n    [javac] /data/cmd/Ming/llm-fl-apr/tmp/JxPath_21-prompt_apr_2-ernie-3.5-128k/src/java/org/apache/commons/jxpath/ri/model/beans/PropertyPointer.java:151: error: ';' expected\n    [javac] To help you fix the potential bug in the method, I need to make some assumptions since I don't have the context of the `ValueUtils` class and the `getBaseValue()` method. However, here are a few common issues and their fixes:\n    [javac]                                                                     ^\n    [javac] /data/cmd/Ming/llm-fl-apr/tmp/JxPath_21-prompt_apr_2-ernie-3.5-128k/src/java/org/apache/commons/jxpath/ri/model/beans/PropertyPointer.java:151: error: ';' expected\n    [javac] To help you fix the potential bug in the method, I need to make some assumptions since I don't have the context of the `ValueUtils` class and the `getBaseValue()` method. However, here are a few common issues and their fixes:\n    [javac]                                                                                       ^\n    [javac] /data/cmd/Ming/llm-fl-apr/tmp/JxPath_21-prompt_apr_2-ernie-3.5-128k/src/java/org/apache/commons/jxpath/ri/model/beans/PropertyPointer.java:151: error: unclosed character literal\n    [javac] To help you fix the potential bug in the method, I need to make some assumptions since I don't have the context of the `ValueUtils` class and the `getBaseValue()` method. However, here are a few common issues and their fixes:\n    [javac]                                                                                             ^\n    [javac] /data/cmd/Ming/llm-fl-apr/tmp/JxPath_21-prompt_apr_2-ernie-3.5-128k/src/java/org/apache/commons/jxpath/ri/model/beans/PropertyPointer.java:151: error: ';' expected\n    [javac] To help you fix the potential bug in the method, I need to make some assumptions since I don't have the context of the `ValueUtils` class and the `getBaseValue()` method. However, here are a few common issues and their fixes:\n    [javac]                                                                                                        ^\n    [javac] /data/cmd/Ming/llm-fl-apr/tmp/JxPath_21-prompt_apr_2-ernie-3.5-128k/src/java/org/apache/commons/jxpath/ri/model/beans/PropertyPointer.java:151: error: ';' expected\n    [javac] To help you fix the potential bug in the method, I need to make some assumptions since I don't have the context of the `ValueUtils` class and the `getBaseValue()` method. However, here are a few common issues and their fixes:\n    [javac]                                                                                                                   ^\n    [javac] /data/cmd/Ming/llm-fl-apr/tmp/JxPath_21-prompt_apr_2-ernie-3.5-128k/src/java/org/apache/commons/jxpath/ri/model/beans/PropertyPointer.java:151: error: illegal character: \\96\n    [javac] To help you fix the potential bug in the method, I need to make some assumptions since I don't have the context of the `ValueUtils` class and the `getBaseValue()` method. However, here are a few common issues and their fixes:\n    [javac]                                                                                                                        ^\n    [javac] /data/cmd/Ming/llm-fl-apr/tmp/JxPath_21-prompt_apr_2-ernie-3.5-128k/src/java/org/apache/commons/jxpath/ri/model/beans/PropertyPointer.java:151: error: illegal character: \\96\n    [javac] To help you fix the potential bug in the method, I need to make some assumptions since I don't have the context of the `ValueUtils` class and the `getBaseValue()` method. However, here are a few common issues and their fixes:\n    [javac]                                                                                                                                   ^\n    [javac] /data/cmd/Ming/llm-fl-apr/tmp/JxPath_21-prompt_apr_2-ernie-3.5-128k/src/java/org/apache/commons/jxpath/ri/model/beans/PropertyPointer.java:151: error: '{' expected\n    [javac] To help you fix the potential bug in the method, I need to make some assumptions since I don't have the context of the `ValueUtils` class and the `getBaseValue()` method. However, here are a few common issues and their fixes:\n    [javac]                                                                                                                                              ^\n    [javac] /data/cmd/Ming/llm-fl-apr/tmp/JxPath_21-prompt_apr_2-ernie-3.5-128k/src/java/org/apache/commons/jxpath/ri/model/beans/PropertyPointer.java:151: error: illegal character: \\96\n    [javac] To help you fix the potential bug in the method, I need to make some assumptions since I don't have the context of the `ValueUtils` class and the `getBaseValue()` method. However, here are a few common issues and their fixes:\n    [javac]                                                                                                                                                   ^\n    [javac] /data/cmd/Ming/llm-fl-apr/tmp/JxPath_21-prompt_apr_2-ernie-3.5-128k/src/java/org/apache/commons/jxpath/ri/model/beans/PropertyPointer.java:151: error: illegal character: \\96\n    [javac] To help you fix the potential bug in the method, I need to make some assumptions since I don't have the context of the `ValueUtils` class and the `getBaseValue()` method. However, here are a few common issues and their fixes:\n    [javac]                                                                                                                                                                  ^\n    [javac] /data/cmd/Ming/llm-fl-apr/tmp/JxPath_21-prompt_apr_2-ernie-3.5-128k/src/java/org/apache/commons/jxpath/ri/model/beans/PropertyPointer.java:153: error: illegal character: \\96\n    [javac] 1. **NullPointerException**: Ensure `getBaseValue()` does not return `null` if `ValueUtils.getLength()` cannot handle `null`.\n    [javac]                                     ^\n    [javac] /data/cmd/Ming/llm-fl-apr/tmp/JxPath_21-prompt_apr_2-ernie-3.5-128k/src/java/org/apache/commons/jxpath/ri/model/beans/PropertyPointer.java:153: error: illegal character: \\96\n    [javac] 1. **NullPointerException**: Ensure `getBaseValue()` does not return `null` if `ValueUtils.getLength()` cannot handle `null`.\n    [javac]                                                    ^\n    [javac] /data/cmd/Ming/llm-fl-apr/tmp/JxPath_21-prompt_apr_2-ernie-3.5-128k/src/java/org/apache/commons/jxpath/ri/model/beans/PropertyPointer.java:153: error: illegal character: \\96\n    [javac] 1. **NullPointerException**: Ensure `getBaseValue()` does not return `null` if `ValueUtils.getLength()` cannot handle `null`.\n    [javac]                                                                      ^\n    [javac] /data/cmd/Ming/llm-fl-apr/tmp/JxPath_21-prompt_apr_2-ernie-3.5-128k/src/java/org/apache/commons/jxpath/ri/model/beans/PropertyPointer.java:153: error: illegal character: \\96\n    [javac] 1. **NullPointerException**: Ensure `getBaseValue()` does not return `null` if `ValueUtils.getLength()` cannot handle `null`.\n    [javac]                                                                           ^\n    [javac] /data/cmd/Ming/llm-fl-apr/tmp/JxPath_21-prompt_apr_2-ernie-3.5-128k/src/java/org/apache/commons/jxpath/ri/model/beans/PropertyPointer.java:153: error: illegal character: \\96\n    [javac] 1. **NullPointerException**: Ensure `getBaseValue()` does not return `null` if `ValueUtils.getLength()` cannot handle `null`.\n    [javac]                                                                                ^\n    [javac] /data/cmd/Ming/llm-fl-apr/tmp/JxPath_21-prompt_apr_2-ernie-3.5-128k/src/java/org/apache/commons/jxpath/ri/model/beans/PropertyPointer.java:153: error: illegal character: \\96\n    [javac] 1. **NullPointerException**: Ensure `getBaseValue()` does not return `null` if `ValueUtils.getLength()` cannot handle `null`.\n    [javac]                                                                                                       ^\n    [javac] /data/cmd/Ming/llm-fl-apr/tmp/JxPath_21-prompt_apr_2-ernie-3.5-128k/src/java/org/apache/commons/jxpath/ri/model/beans/PropertyPointer.java:153: error: illegal character: \\96\n    [javac] 1. **NullPointerException**: Ensure `getBaseValue()` does not return `null` if `ValueUtils.getLength()` cannot handle `null`.\n    [javac]                                                                                                                       ^\n    [javac] /data/cmd/Ming/llm-fl-apr/tmp/JxPath_21-prompt_apr_2-ernie-3.5-128k/src/java/org/apache/commons/jxpath/ri/model/beans/PropertyPointer.java:153: error: illegal character: \\96\n    [javac] 1. **NullPointerException**: Ensure `getBaseValue()` does not return `null` if `ValueUtils.getLength()` cannot handle `null`.\n    [javac]                                                                                                                            ^\n    [javac] /data/cmd/Ming/llm-fl-apr/tmp/JxPath_21-prompt_apr_2-ernie-3.5-128k/src/java/org/apache/commons/jxpath/ri/model/beans/PropertyPointer.java:154: error: illegal character: \\96\n    [javac] 2. **Wrong Method Signature**: Ensure `ValueUtils.getLength()` accepts the type returned by `getBaseValue()`.\n    [javac]                                       ^\n    [javac] /data/cmd/Ming/llm-fl-apr/tmp/JxPath_21-prompt_apr_2-ernie-3.5-128k/src/java/org/apache/commons/jxpath/ri/model/beans/PropertyPointer.java:154: error: illegal character: \\96\n    [javac] 2. **Wrong Method Signature**: Ensure `ValueUtils.getLength()` accepts the type returned by `getBaseValue()`.\n    [javac]                                                              ^\n    [javac] /data/cmd/Ming/llm-fl-apr/tmp/JxPath_21-prompt_apr_2-ernie-3.5-128k/src/java/org/apache/commons/jxpath/ri/model/beans/PropertyPointer.java:154: error: illegal character: \\96\n    [javac] 2. **Wrong Method Signature**: Ensure `ValueUtils.getLength()` accepts the type returned by `getBaseValue()`.\n    [javac]                                                                                             ^\n    [javac] /data/cmd/Ming/llm-fl-apr/tmp/JxPath_21-prompt_apr_2-ernie-3.5-128k/src/java/org/apache/commons/jxpath/ri/model/beans/PropertyPointer.java:154: error: illegal character: \\96\n    [javac] 2. **Wrong Method Signature**: Ensure `ValueUtils.getLength()` accepts the type returned by `getBaseValue()`.\n    [javac]                                                                                                            ^\n    [javac] /data/cmd/Ming/llm-fl-apr/tmp/JxPath_21-prompt_apr_2-ernie-3.5-128k/src/java/org/apache/commons/jxpath/ri/model/beans/PropertyPointer.java:155: error: illegal character: \\96\n    [javac] 3. **Logical Error**: If `ValueUtils.getLength()` has a logical flaw, but we don't know that without the implementation details, we'll assume it's correct.\n    [javac]                          ^\n    [javac] /data/cmd/Ming/llm-fl-apr/tmp/JxPath_21-prompt_apr_2-ernie-3.5-128k/src/java/org/apache/commons/jxpath/ri/model/beans/PropertyPointer.java:155: error: illegal character: \\96\n    [javac] 3. **Logical Error**: If `ValueUtils.getLength()` has a logical flaw, but we don't know that without the implementation details, we'll assume it's correct.\n    [javac]                                                 ^\n    [javac] /data/cmd/Ming/llm-fl-apr/tmp/JxPath_21-prompt_apr_2-ernie-3.5-128k/src/java/org/apache/commons/jxpath/ri/model/beans/PropertyPointer.java:155: error: unclosed character literal\n    [javac] 3. **Logical Error**: If `ValueUtils.getLength()` has a logical flaw, but we don't know that without the implementation details, we'll assume it's correct.\n    [javac]                                                                                 ^\n    [javac] /data/cmd/Ming/llm-fl-apr/tmp/JxPath_21-prompt_apr_2-ernie-3.5-128k/src/java/org/apache/commons/jxpath/ri/model/beans/PropertyPointer.java:155: error: unclosed character literal\n    [javac] 3. **Logical Error**: If `ValueUtils.getLength()` has a logical flaw, but we don't know that without the implementation details, we'll assume it's correct.\n    [javac]                                                                                                                                    ^\n    [javac] /data/cmd/Ming/llm-fl-apr/tmp/JxPath_21-prompt_apr_2-ernie-3.5-128k/src/java/org/apache/commons/jxpath/ri/model/beans/PropertyPointer.java:155: error: unclosed character literal\n    [javac] 3. **Logical Error**: If `ValueUtils.getLength()` has a logical flaw, but we don't know that without the implementation details, we'll assume it's correct.\n    [javac]                                                                                                                                                 ^\n    [javac] /data/cmd/Ming/llm-fl-apr/tmp/JxPath_21-prompt_apr_2-ernie-3.5-128k/src/java/org/apache/commons/jxpath/ri/model/beans/PropertyPointer.java:157: error: illegal character: \\96\n    [javac] Here is a corrected version assuming the potential issue is a `NullPointerException`:\n    [javac]                                                               ^\n    [javac] /data/cmd/Ming/llm-fl-apr/tmp/JxPath_21-prompt_apr_2-ernie-3.5-128k/src/java/org/apache/commons/jxpath/ri/model/beans/PropertyPointer.java:157: error: illegal character: \\96\n    [javac] Here is a corrected version assuming the potential issue is a `NullPointerException`:\n    [javac]                                                                                    ^\n    [javac] /data/cmd/Ming/llm-fl-apr/tmp/JxPath_21-prompt_apr_2-ernie-3.5-128k/src/java/org/apache/commons/jxpath/ri/model/beans/PropertyPointer.java:169: error: ';' expected\n    [javac] If you have more context or specific error messages, providing those would allow for a more precise fix.\n    [javac]       ^\n    [javac] /data/cmd/Ming/llm-fl-apr/tmp/JxPath_21-prompt_apr_2-ernie-3.5-128k/src/java/org/apache/commons/jxpath/ri/model/beans/PropertyPointer.java:169: error: ';' expected\n    [javac] If you have more context or specific error messages, providing those would allow for a more precise fix.\n    [javac]                 ^\n    [javac] /data/cmd/Ming/llm-fl-apr/tmp/JxPath_21-prompt_apr_2-ernie-3.5-128k/src/java/org/apache/commons/jxpath/ri/model/beans/PropertyPointer.java:169: error: ';' expected\n    [javac] If you have more context or specific error messages, providing those would allow for a more precise fix.\n    [javac]                            ^\n    [javac] /data/cmd/Ming/llm-fl-apr/tmp/JxPath_21-prompt_apr_2-ernie-3.5-128k/src/java/org/apache/commons/jxpath/ri/model/beans/PropertyPointer.java:169: error: ';' expected\n    [javac] If you have more context or specific error messages, providing those would allow for a more precise fix.\n    [javac]                                           ^\n    [javac] /data/cmd/Ming/llm-fl-apr/tmp/JxPath_21-prompt_apr_2-ernie-3.5-128k/src/java/org/apache/commons/jxpath/ri/model/beans/PropertyPointer.java:169: error: <identifier> expected\n    [javac] If you have more context or specific error messages, providing those would allow for a more precise fix.\n    [javac]                                                    ^\n    [javac] /data/cmd/Ming/llm-fl-apr/tmp/JxPath_21-prompt_apr_2-ernie-3.5-128k/src/java/org/apache/commons/jxpath/ri/model/beans/PropertyPointer.java:169: error: ';' expected\n    [javac] If you have more context or specific error messages, providing those would allow for a more precise fix.\n    [javac]                                                               ^\n    [javac] /data/cmd/Ming/llm-fl-apr/tmp/JxPath_21-prompt_apr_2-ernie-3.5-128k/src/java/org/apache/commons/jxpath/ri/model/beans/PropertyPointer.java:169: error: ';' expected\n    [javac] If you have more context or specific error messages, providing those would allow for a more precise fix.\n    [javac]                                                                           ^\n    [javac] /data/cmd/Ming/llm-fl-apr/tmp/JxPath_21-prompt_apr_2-ernie-3.5-128k/src/java/org/apache/commons/jxpath/ri/model/beans/PropertyPointer.java:169: error: <identifier> expected\n    [javac] If you have more context or specific error messages, providing those would allow for a more precise fix.\n    [javac]                                                                                 ^\n    [javac] /data/cmd/Ming/llm-fl-apr/tmp/JxPath_21-prompt_apr_2-ernie-3.5-128k/src/java/org/apache/commons/jxpath/ri/model/beans/PropertyPointer.java:169: error: ';' expected\n    [javac] If you have more context or specific error messages, providing those would allow for a more precise fix.\n    [javac]                                                                                            ^\n    [javac] /data/cmd/Ming/llm-fl-apr/tmp/JxPath_21-prompt_apr_2-ernie-3.5-128k/src/java/org/apache/commons/jxpath/ri/model/beans/PropertyPointer.java:169: error: ';' expected\n    [javac] If you have more context or specific error messages, providing those would allow for a more precise fix.\n    [javac]                                                                                                        ^\n    [javac] /data/cmd/Ming/llm-fl-apr/tmp/JxPath_21-prompt_apr_2-ernie-3.5-128k/src/java/org/apache/commons/jxpath/ri/model/beans/PropertyPointer.java:269: error: reached end of file while parsing\n    [javac] }\n    [javac]  ^\n    [javac] 46 errors\n\nBUILD FAILED\n/data/cmd/Ming/llm-fl-apr/tmp/JxPath_21-prompt_apr_2-ernie-3.5-128k/build.xml:36: Compile failed; see the compiler error output for details.\n\nTotal time: 3 seconds\nCannot compile sources! at /data/cmd/Ming/LLM_Based-Mutation/tools/mutant/defects4j-2.1.0/framework/bin/d4j/d4j-compile line 82.\nCompilation failed in require at /data/cmd/Ming/LLM_Based-Mutation/tools/mutant/defects4j-2.1.0/framework/bin/defects4j line 195.\n"
                }
            },
            "qwen-turbo": {
                "compile": {
                    "rc": 1,
                    "so": "",
                    "se": "Running ant (compile)...................................................... FAIL\nExecuted command:  cd /data/cmd/Ming/llm-fl-apr/tmp/JxPath_21-prompt_apr_2-qwen-turbo && /data/cmd/Ming/LLM_Based-Mutation/tools/mutant/defects4j-2.1.0/major/bin/ant -f /data/cmd/Ming/LLM_Based-Mutation/tools/mutant/defects4j-2.1.0/framework/projects/defects4j.build.xml -Dd4j.home=/data/cmd/Ming/LLM_Based-Mutation/tools/mutant/defects4j-2.1.0 -Dd4j.dir.projects=/data/cmd/Ming/LLM_Based-Mutation/tools/mutant/defects4j-2.1.0/framework/projects -Dbasedir=/data/cmd/Ming/llm-fl-apr/tmp/JxPath_21-prompt_apr_2-qwen-turbo -Dbuild.compiler=javac1.7  compile 2>&1\nJava HotSpot(TM) 64-Bit Server VM warning: ignoring option MaxPermSize=1G; support was removed in 8.0\nBuildfile: /data/cmd/Ming/LLM_Based-Mutation/tools/mutant/defects4j-2.1.0/framework/projects/defects4j.build.xml\n\ninit:\n\nget-deps:\n      [get] Getting: file:/data/cmd/Ming/LLM_Based-Mutation/tools/mutant/defects4j-2.1.0/framework/projects/JxPath/lib/xerces/xerces/2.4.0/xerces-2.4.0.jar\n      [get] To: /data/cmd/Ming/llm-fl-apr/tmp/JxPath_21-prompt_apr_2-qwen-turbo/target/lib/xerces-2.4.0.jar\n      [get] Getting: file:/data/cmd/Ming/LLM_Based-Mutation/tools/mutant/defects4j-2.1.0/framework/projects/JxPath/lib/servletapi/servletapi/2.4/servletapi-2.4.jar\n      [get] To: /data/cmd/Ming/llm-fl-apr/tmp/JxPath_21-prompt_apr_2-qwen-turbo/target/lib/servletapi-2.4.jar\n      [get] Getting: file:/data/cmd/Ming/LLM_Based-Mutation/tools/mutant/defects4j-2.1.0/framework/projects/JxPath/lib/jspapi/jsp-api/2.0/jsp-api-2.0.jar\n      [get] To: /data/cmd/Ming/llm-fl-apr/tmp/JxPath_21-prompt_apr_2-qwen-turbo/target/lib/jsp-api-2.0.jar\n      [get] Getting: file:/data/cmd/Ming/LLM_Based-Mutation/tools/mutant/defects4j-2.1.0/framework/projects/JxPath/lib/xml-apis/xml-apis/2.0.2/xml-apis-2.0.2.jar\n      [get] To: /data/cmd/Ming/llm-fl-apr/tmp/JxPath_21-prompt_apr_2-qwen-turbo/target/lib/xml-apis-2.0.2.jar\n      [get] Getting: file:/data/cmd/Ming/LLM_Based-Mutation/tools/mutant/defects4j-2.1.0/framework/projects/JxPath/lib/jdom/jdom/1.0/jdom-1.0.jar\n      [get] To: /data/cmd/Ming/llm-fl-apr/tmp/JxPath_21-prompt_apr_2-qwen-turbo/target/lib/jdom-1.0.jar\n      [get] Getting: file:/data/cmd/Ming/LLM_Based-Mutation/tools/mutant/defects4j-2.1.0/framework/projects/JxPath/lib/commons-beanutils/commons-beanutils/1.7.0/commons-beanutils-1.7.0.jar\n      [get] To: /data/cmd/Ming/llm-fl-apr/tmp/JxPath_21-prompt_apr_2-qwen-turbo/target/lib/commons-beanutils-1.7.0.jar\n      [get] Getting: file:/data/cmd/Ming/LLM_Based-Mutation/tools/mutant/defects4j-2.1.0/framework/projects/JxPath/lib/commons-logging/commons-logging/1.1/commons-logging-1.1.jar\n      [get] To: /data/cmd/Ming/llm-fl-apr/tmp/JxPath_21-prompt_apr_2-qwen-turbo/target/lib/commons-logging-1.1.jar\n      [get] Getting: file:/data/cmd/Ming/LLM_Based-Mutation/tools/mutant/defects4j-2.1.0/framework/projects/JxPath/lib/junit/junit/3.8.1/junit-3.8.1.jar\n      [get] To: /data/cmd/Ming/llm-fl-apr/tmp/JxPath_21-prompt_apr_2-qwen-turbo/target/lib/junit-3.8.1.jar\n      [get] Getting: file:/data/cmd/Ming/LLM_Based-Mutation/tools/mutant/defects4j-2.1.0/framework/projects/JxPath/lib/mockrunner-0.4.1.jar\n      [get] To: /data/cmd/Ming/llm-fl-apr/tmp/JxPath_21-prompt_apr_2-qwen-turbo/target/lib/mockrunner-jdk1.3-j2ee1.3-0.4.jar\n\ncompile:\n    [mkdir] Created dir: /data/cmd/Ming/llm-fl-apr/tmp/JxPath_21-prompt_apr_2-qwen-turbo/target/classes\n    [javac] /data/cmd/Ming/llm-fl-apr/tmp/JxPath_21-prompt_apr_2-qwen-turbo/build.xml:36: warning: 'includeantruntime' was not set, defaulting to build.sysclasspath=last; set to false for repeatable builds\n    [javac] Compiling 171 source files to /data/cmd/Ming/llm-fl-apr/tmp/JxPath_21-prompt_apr_2-qwen-turbo/target/classes\n    [javac] /data/cmd/Ming/llm-fl-apr/tmp/JxPath_21-prompt_apr_2-qwen-turbo/src/java/org/apache/commons/jxpath/ri/model/beans/PropertyPointer.java:151: error: illegal character: \\96\n    [javac] ```java\n    [javac] ^\n    [javac] /data/cmd/Ming/llm-fl-apr/tmp/JxPath_21-prompt_apr_2-qwen-turbo/src/java/org/apache/commons/jxpath/ri/model/beans/PropertyPointer.java:151: error: illegal character: \\96\n    [javac] ```java\n    [javac]  ^\n    [javac] /data/cmd/Ming/llm-fl-apr/tmp/JxPath_21-prompt_apr_2-qwen-turbo/src/java/org/apache/commons/jxpath/ri/model/beans/PropertyPointer.java:151: error: illegal character: \\96\n    [javac] ```java\n    [javac]   ^\n    [javac] /data/cmd/Ming/llm-fl-apr/tmp/JxPath_21-prompt_apr_2-qwen-turbo/src/java/org/apache/commons/jxpath/ri/model/beans/PropertyPointer.java:158: error: illegal character: \\96\n    [javac] ```\n    [javac] ^\n    [javac] /data/cmd/Ming/llm-fl-apr/tmp/JxPath_21-prompt_apr_2-qwen-turbo/src/java/org/apache/commons/jxpath/ri/model/beans/PropertyPointer.java:158: error: illegal character: \\96\n    [javac] ```\n    [javac]  ^\n    [javac] /data/cmd/Ming/llm-fl-apr/tmp/JxPath_21-prompt_apr_2-qwen-turbo/src/java/org/apache/commons/jxpath/ri/model/beans/PropertyPointer.java:158: error: illegal character: \\96\n    [javac] ```\n    [javac]   ^\n    [javac] 6 errors\n\nBUILD FAILED\n/data/cmd/Ming/llm-fl-apr/tmp/JxPath_21-prompt_apr_2-qwen-turbo/build.xml:36: Compile failed; see the compiler error output for details.\n\nTotal time: 3 seconds\nCannot compile sources! at /data/cmd/Ming/LLM_Based-Mutation/tools/mutant/defects4j-2.1.0/framework/bin/d4j/d4j-compile line 82.\nCompilation failed in require at /data/cmd/Ming/LLM_Based-Mutation/tools/mutant/defects4j-2.1.0/framework/bin/defects4j line 195.\n"
                }
            },
            "doubao-pro-4k": {
                "compile": {
                    "rc": 0,
                    "so": "",
                    "se": "Running ant (compile)...................................................... OK\nRunning ant (compile.tests)................................................ OK\n"
                },
                "test": {
                    "rc": 0,
                    "so": "Failing tests: 2\n  - org.apache.commons.jxpath.ri.model.JXPath151Test::testMapValueEquality\n  - org.apache.commons.jxpath.ri.model.MixedModelTest::testNull\n",
                    "se": "Running ant (compile.tests)................................................ OK\nRunning ant (run.dev.tests)................................................ OK\n"
                }
            },
            "gpt-4o-mini": {
                "compile": {
                    "rc": 0,
                    "so": "",
                    "se": "Running ant (compile)...................................................... OK\nRunning ant (compile.tests)................................................ OK\n"
                },
                "test": {
                    "rc": 0,
                    "so": "Failing tests: 2\n  - org.apache.commons.jxpath.ri.model.JXPath151Test::testMapValueEquality\n  - org.apache.commons.jxpath.ri.model.MixedModelTest::testNull\n",
                    "se": "Running ant (compile.tests)................................................ OK\nRunning ant (run.dev.tests)................................................ OK\n"
                }
            },
            "deepseek-chat": {
                "compile": {
                    "rc": 0,
                    "so": "",
                    "se": "Running ant (compile)...................................................... OK\nRunning ant (compile.tests)................................................ OK\n"
                },
                "test": {
                    "rc": 0,
                    "so": "Failing tests: 2\n  - org.apache.commons.jxpath.ri.model.JXPath151Test::testMapValueEquality\n  - org.apache.commons.jxpath.ri.model.MixedModelTest::testNull\n",
                    "se": "Running ant (compile.tests)................................................ OK\nRunning ant (run.dev.tests)................................................ OK\n"
                }
            }
        },
        "prompt_apr_3": {
            "ernie-3.5-128k": {
                "compile": {
                    "rc": 1,
                    "so": "",
                    "se": "Running ant (compile)...................................................... FAIL\nExecuted command:  cd /data/cmd/Ming/llm-fl-apr/tmp/JxPath_21-prompt_apr_3-ernie-3.5-128k && /data/cmd/Ming/LLM_Based-Mutation/tools/mutant/defects4j-2.1.0/major/bin/ant -f /data/cmd/Ming/LLM_Based-Mutation/tools/mutant/defects4j-2.1.0/framework/projects/defects4j.build.xml -Dd4j.home=/data/cmd/Ming/LLM_Based-Mutation/tools/mutant/defects4j-2.1.0 -Dd4j.dir.projects=/data/cmd/Ming/LLM_Based-Mutation/tools/mutant/defects4j-2.1.0/framework/projects -Dbasedir=/data/cmd/Ming/llm-fl-apr/tmp/JxPath_21-prompt_apr_3-ernie-3.5-128k -Dbuild.compiler=javac1.7  compile 2>&1\nJava HotSpot(TM) 64-Bit Server VM warning: ignoring option MaxPermSize=1G; support was removed in 8.0\nBuildfile: /data/cmd/Ming/LLM_Based-Mutation/tools/mutant/defects4j-2.1.0/framework/projects/defects4j.build.xml\n\ninit:\n\nget-deps:\n      [get] Getting: file:/data/cmd/Ming/LLM_Based-Mutation/tools/mutant/defects4j-2.1.0/framework/projects/JxPath/lib/xerces/xerces/2.4.0/xerces-2.4.0.jar\n      [get] To: /data/cmd/Ming/llm-fl-apr/tmp/JxPath_21-prompt_apr_3-ernie-3.5-128k/target/lib/xerces-2.4.0.jar\n      [get] Getting: file:/data/cmd/Ming/LLM_Based-Mutation/tools/mutant/defects4j-2.1.0/framework/projects/JxPath/lib/servletapi/servletapi/2.4/servletapi-2.4.jar\n      [get] To: /data/cmd/Ming/llm-fl-apr/tmp/JxPath_21-prompt_apr_3-ernie-3.5-128k/target/lib/servletapi-2.4.jar\n      [get] Getting: file:/data/cmd/Ming/LLM_Based-Mutation/tools/mutant/defects4j-2.1.0/framework/projects/JxPath/lib/jspapi/jsp-api/2.0/jsp-api-2.0.jar\n      [get] To: /data/cmd/Ming/llm-fl-apr/tmp/JxPath_21-prompt_apr_3-ernie-3.5-128k/target/lib/jsp-api-2.0.jar\n      [get] Getting: file:/data/cmd/Ming/LLM_Based-Mutation/tools/mutant/defects4j-2.1.0/framework/projects/JxPath/lib/xml-apis/xml-apis/2.0.2/xml-apis-2.0.2.jar\n      [get] To: /data/cmd/Ming/llm-fl-apr/tmp/JxPath_21-prompt_apr_3-ernie-3.5-128k/target/lib/xml-apis-2.0.2.jar\n      [get] Getting: file:/data/cmd/Ming/LLM_Based-Mutation/tools/mutant/defects4j-2.1.0/framework/projects/JxPath/lib/jdom/jdom/1.0/jdom-1.0.jar\n      [get] To: /data/cmd/Ming/llm-fl-apr/tmp/JxPath_21-prompt_apr_3-ernie-3.5-128k/target/lib/jdom-1.0.jar\n      [get] Getting: file:/data/cmd/Ming/LLM_Based-Mutation/tools/mutant/defects4j-2.1.0/framework/projects/JxPath/lib/commons-beanutils/commons-beanutils/1.7.0/commons-beanutils-1.7.0.jar\n      [get] To: /data/cmd/Ming/llm-fl-apr/tmp/JxPath_21-prompt_apr_3-ernie-3.5-128k/target/lib/commons-beanutils-1.7.0.jar\n      [get] Getting: file:/data/cmd/Ming/LLM_Based-Mutation/tools/mutant/defects4j-2.1.0/framework/projects/JxPath/lib/commons-logging/commons-logging/1.1/commons-logging-1.1.jar\n      [get] To: /data/cmd/Ming/llm-fl-apr/tmp/JxPath_21-prompt_apr_3-ernie-3.5-128k/target/lib/commons-logging-1.1.jar\n      [get] Getting: file:/data/cmd/Ming/LLM_Based-Mutation/tools/mutant/defects4j-2.1.0/framework/projects/JxPath/lib/junit/junit/3.8.1/junit-3.8.1.jar\n      [get] To: /data/cmd/Ming/llm-fl-apr/tmp/JxPath_21-prompt_apr_3-ernie-3.5-128k/target/lib/junit-3.8.1.jar\n      [get] Getting: file:/data/cmd/Ming/LLM_Based-Mutation/tools/mutant/defects4j-2.1.0/framework/projects/JxPath/lib/mockrunner-0.4.1.jar\n      [get] To: /data/cmd/Ming/llm-fl-apr/tmp/JxPath_21-prompt_apr_3-ernie-3.5-128k/target/lib/mockrunner-jdk1.3-j2ee1.3-0.4.jar\n\ncompile:\n    [mkdir] Created dir: /data/cmd/Ming/llm-fl-apr/tmp/JxPath_21-prompt_apr_3-ernie-3.5-128k/target/classes\n    [javac] /data/cmd/Ming/llm-fl-apr/tmp/JxPath_21-prompt_apr_3-ernie-3.5-128k/build.xml:36: warning: 'includeantruntime' was not set, defaulting to build.sysclasspath=last; set to false for repeatable builds\n    [javac] Compiling 171 source files to /data/cmd/Ming/llm-fl-apr/tmp/JxPath_21-prompt_apr_3-ernie-3.5-128k/target/classes\n    [javac] /data/cmd/Ming/llm-fl-apr/tmp/JxPath_21-prompt_apr_3-ernie-3.5-128k/src/java/org/apache/commons/jxpath/ri/model/beans/PropertyPointer.java:158: error: illegal start of expression\n    [javac]     public NodePointer getImmediateValuePointer() {\n    [javac]     ^\n    [javac] /data/cmd/Ming/llm-fl-apr/tmp/JxPath_21-prompt_apr_3-ernie-3.5-128k/src/java/org/apache/commons/jxpath/ri/model/beans/PropertyPointer.java:158: error: ';' expected\n    [javac]     public NodePointer getImmediateValuePointer() {\n    [javac]                                                ^\n    [javac] /data/cmd/Ming/llm-fl-apr/tmp/JxPath_21-prompt_apr_3-ernie-3.5-128k/src/java/org/apache/commons/jxpath/ri/model/beans/PropertyPointer.java:165: error: illegal start of expression\n    [javac]     public NodePointer createPath(JXPathContext context) {\n    [javac]     ^\n    [javac] /data/cmd/Ming/llm-fl-apr/tmp/JxPath_21-prompt_apr_3-ernie-3.5-128k/src/java/org/apache/commons/jxpath/ri/model/beans/PropertyPointer.java:165: error: ';' expected\n    [javac]     public NodePointer createPath(JXPathContext context) {\n    [javac]                                  ^\n    [javac] /data/cmd/Ming/llm-fl-apr/tmp/JxPath_21-prompt_apr_3-ernie-3.5-128k/src/java/org/apache/commons/jxpath/ri/model/beans/PropertyPointer.java:165: error: ';' expected\n    [javac]     public NodePointer createPath(JXPathContext context) {\n    [javac]                                                        ^\n    [javac] /data/cmd/Ming/llm-fl-apr/tmp/JxPath_21-prompt_apr_3-ernie-3.5-128k/src/java/org/apache/commons/jxpath/ri/model/beans/PropertyPointer.java:184: error: illegal start of expression\n    [javac]     public NodePointer createPath(JXPathContext context, Object value) {\n    [javac]     ^\n    [javac] /data/cmd/Ming/llm-fl-apr/tmp/JxPath_21-prompt_apr_3-ernie-3.5-128k/src/java/org/apache/commons/jxpath/ri/model/beans/PropertyPointer.java:184: error: ';' expected\n    [javac]     public NodePointer createPath(JXPathContext context, Object value) {\n    [javac]                                  ^\n    [javac] /data/cmd/Ming/llm-fl-apr/tmp/JxPath_21-prompt_apr_3-ernie-3.5-128k/src/java/org/apache/commons/jxpath/ri/model/beans/PropertyPointer.java:184: error: ';' expected\n    [javac]     public NodePointer createPath(JXPathContext context, Object value) {\n    [javac]                                                                ^\n    [javac] /data/cmd/Ming/llm-fl-apr/tmp/JxPath_21-prompt_apr_3-ernie-3.5-128k/src/java/org/apache/commons/jxpath/ri/model/beans/PropertyPointer.java:184: error: not a statement\n    [javac]     public NodePointer createPath(JXPathContext context, Object value) {\n    [javac]                                                                 ^\n    [javac] /data/cmd/Ming/llm-fl-apr/tmp/JxPath_21-prompt_apr_3-ernie-3.5-128k/src/java/org/apache/commons/jxpath/ri/model/beans/PropertyPointer.java:184: error: ';' expected\n    [javac]     public NodePointer createPath(JXPathContext context, Object value) {\n    [javac]                                                                      ^\n    [javac] /data/cmd/Ming/llm-fl-apr/tmp/JxPath_21-prompt_apr_3-ernie-3.5-128k/src/java/org/apache/commons/jxpath/ri/model/beans/PropertyPointer.java:193: error: illegal start of expression\n    [javac]     public NodePointer createChild(\n    [javac]     ^\n    [javac] /data/cmd/Ming/llm-fl-apr/tmp/JxPath_21-prompt_apr_3-ernie-3.5-128k/src/java/org/apache/commons/jxpath/ri/model/beans/PropertyPointer.java:193: error: ';' expected\n    [javac]     public NodePointer createChild(\n    [javac]                                   ^\n    [javac] /data/cmd/Ming/llm-fl-apr/tmp/JxPath_21-prompt_apr_3-ernie-3.5-128k/src/java/org/apache/commons/jxpath/ri/model/beans/PropertyPointer.java:195: error: ';' expected\n    [javac]         QName name,\n    [javac]              ^\n    [javac] /data/cmd/Ming/llm-fl-apr/tmp/JxPath_21-prompt_apr_3-ernie-3.5-128k/src/java/org/apache/commons/jxpath/ri/model/beans/PropertyPointer.java:195: error: not a statement\n    [javac]         QName name,\n    [javac]               ^\n    [javac] /data/cmd/Ming/llm-fl-apr/tmp/JxPath_21-prompt_apr_3-ernie-3.5-128k/src/java/org/apache/commons/jxpath/ri/model/beans/PropertyPointer.java:195: error: ';' expected\n    [javac]         QName name,\n    [javac]                   ^\n    [javac] /data/cmd/Ming/llm-fl-apr/tmp/JxPath_21-prompt_apr_3-ernie-3.5-128k/src/java/org/apache/commons/jxpath/ri/model/beans/PropertyPointer.java:197: error: ';' expected\n    [javac]         Object value) {\n    [javac]               ^\n    [javac] /data/cmd/Ming/llm-fl-apr/tmp/JxPath_21-prompt_apr_3-ernie-3.5-128k/src/java/org/apache/commons/jxpath/ri/model/beans/PropertyPointer.java:197: error: not a statement\n    [javac]         Object value) {\n    [javac]                ^\n    [javac] /data/cmd/Ming/llm-fl-apr/tmp/JxPath_21-prompt_apr_3-ernie-3.5-128k/src/java/org/apache/commons/jxpath/ri/model/beans/PropertyPointer.java:197: error: ';' expected\n    [javac]         Object value) {\n    [javac]                     ^\n    [javac] /data/cmd/Ming/llm-fl-apr/tmp/JxPath_21-prompt_apr_3-ernie-3.5-128k/src/java/org/apache/commons/jxpath/ri/model/beans/PropertyPointer.java:206: error: illegal start of expression\n    [javac]     public NodePointer createChild(\n    [javac]     ^\n    [javac] /data/cmd/Ming/llm-fl-apr/tmp/JxPath_21-prompt_apr_3-ernie-3.5-128k/src/java/org/apache/commons/jxpath/ri/model/beans/PropertyPointer.java:206: error: ';' expected\n    [javac]     public NodePointer createChild(\n    [javac]                                   ^\n    [javac] /data/cmd/Ming/llm-fl-apr/tmp/JxPath_21-prompt_apr_3-ernie-3.5-128k/src/java/org/apache/commons/jxpath/ri/model/beans/PropertyPointer.java:208: error: ';' expected\n    [javac]         QName name,\n    [javac]              ^\n    [javac] /data/cmd/Ming/llm-fl-apr/tmp/JxPath_21-prompt_apr_3-ernie-3.5-128k/src/java/org/apache/commons/jxpath/ri/model/beans/PropertyPointer.java:208: error: not a statement\n    [javac]         QName name,\n    [javac]               ^\n    [javac] /data/cmd/Ming/llm-fl-apr/tmp/JxPath_21-prompt_apr_3-ernie-3.5-128k/src/java/org/apache/commons/jxpath/ri/model/beans/PropertyPointer.java:208: error: ';' expected\n    [javac]         QName name,\n    [javac]                   ^\n    [javac] /data/cmd/Ming/llm-fl-apr/tmp/JxPath_21-prompt_apr_3-ernie-3.5-128k/src/java/org/apache/commons/jxpath/ri/model/beans/PropertyPointer.java:209: error: ';' expected\n    [javac]         int index) {\n    [javac]                  ^\n    [javac] /data/cmd/Ming/llm-fl-apr/tmp/JxPath_21-prompt_apr_3-ernie-3.5-128k/src/java/org/apache/commons/jxpath/ri/model/beans/PropertyPointer.java:218: error: illegal start of expression\n    [javac]     public int hashCode() {\n    [javac]     ^\n    [javac] /data/cmd/Ming/llm-fl-apr/tmp/JxPath_21-prompt_apr_3-ernie-3.5-128k/src/java/org/apache/commons/jxpath/ri/model/beans/PropertyPointer.java:218: error: ';' expected\n    [javac]     public int hashCode() {\n    [javac]                        ^\n    [javac] /data/cmd/Ming/llm-fl-apr/tmp/JxPath_21-prompt_apr_3-ernie-3.5-128k/src/java/org/apache/commons/jxpath/ri/model/beans/PropertyPointer.java:222: error: illegal start of expression\n    [javac]     public boolean equals(Object object) {\n    [javac]     ^\n    [javac] /data/cmd/Ming/llm-fl-apr/tmp/JxPath_21-prompt_apr_3-ernie-3.5-128k/src/java/org/apache/commons/jxpath/ri/model/beans/PropertyPointer.java:222: error: ';' expected\n    [javac]     public boolean equals(Object object) {\n    [javac]                          ^\n    [javac] /data/cmd/Ming/llm-fl-apr/tmp/JxPath_21-prompt_apr_3-ernie-3.5-128k/src/java/org/apache/commons/jxpath/ri/model/beans/PropertyPointer.java:222: error: ';' expected\n    [javac]     public boolean equals(Object object) {\n    [javac]                                        ^\n    [javac] /data/cmd/Ming/llm-fl-apr/tmp/JxPath_21-prompt_apr_3-ernie-3.5-128k/src/java/org/apache/commons/jxpath/ri/model/beans/PropertyPointer.java:246: error: illegal start of expression\n    [javac]     public int compareChildNodePointers(\n    [javac]     ^\n    [javac] /data/cmd/Ming/llm-fl-apr/tmp/JxPath_21-prompt_apr_3-ernie-3.5-128k/src/java/org/apache/commons/jxpath/ri/model/beans/PropertyPointer.java:246: error: ';' expected\n    [javac]     public int compareChildNodePointers(\n    [javac]                                        ^\n    [javac] /data/cmd/Ming/llm-fl-apr/tmp/JxPath_21-prompt_apr_3-ernie-3.5-128k/src/java/org/apache/commons/jxpath/ri/model/beans/PropertyPointer.java:248: error: ';' expected\n    [javac]         NodePointer pointer2) {\n    [javac]                    ^\n    [javac] /data/cmd/Ming/llm-fl-apr/tmp/JxPath_21-prompt_apr_3-ernie-3.5-128k/src/java/org/apache/commons/jxpath/ri/model/beans/PropertyPointer.java:248: error: not a statement\n    [javac]         NodePointer pointer2) {\n    [javac]                     ^\n    [javac] /data/cmd/Ming/llm-fl-apr/tmp/JxPath_21-prompt_apr_3-ernie-3.5-128k/src/java/org/apache/commons/jxpath/ri/model/beans/PropertyPointer.java:248: error: ';' expected\n    [javac]         NodePointer pointer2) {\n    [javac]                             ^\n    [javac] /data/cmd/Ming/llm-fl-apr/tmp/JxPath_21-prompt_apr_3-ernie-3.5-128k/src/java/org/apache/commons/jxpath/ri/model/beans/PropertyPointer.java:252: error: reached end of file while parsing\n    [javac] }\n    [javac]  ^\n    [javac] 35 errors\n\nBUILD FAILED\n/data/cmd/Ming/llm-fl-apr/tmp/JxPath_21-prompt_apr_3-ernie-3.5-128k/build.xml:36: Compile failed; see the compiler error output for details.\n\nTotal time: 2 seconds\nCannot compile sources! at /data/cmd/Ming/LLM_Based-Mutation/tools/mutant/defects4j-2.1.0/framework/bin/d4j/d4j-compile line 82.\nCompilation failed in require at /data/cmd/Ming/LLM_Based-Mutation/tools/mutant/defects4j-2.1.0/framework/bin/defects4j line 195.\n"
                }
            },
            "qwen-turbo": {
                "compile": {
                    "rc": 1,
                    "so": "",
                    "se": "Running ant (compile)...................................................... FAIL\nExecuted command:  cd /data/cmd/Ming/llm-fl-apr/tmp/JxPath_21-prompt_apr_3-qwen-turbo && /data/cmd/Ming/LLM_Based-Mutation/tools/mutant/defects4j-2.1.0/major/bin/ant -f /data/cmd/Ming/LLM_Based-Mutation/tools/mutant/defects4j-2.1.0/framework/projects/defects4j.build.xml -Dd4j.home=/data/cmd/Ming/LLM_Based-Mutation/tools/mutant/defects4j-2.1.0 -Dd4j.dir.projects=/data/cmd/Ming/LLM_Based-Mutation/tools/mutant/defects4j-2.1.0/framework/projects -Dbasedir=/data/cmd/Ming/llm-fl-apr/tmp/JxPath_21-prompt_apr_3-qwen-turbo -Dbuild.compiler=javac1.7  compile 2>&1\nJava HotSpot(TM) 64-Bit Server VM warning: ignoring option MaxPermSize=1G; support was removed in 8.0\nBuildfile: /data/cmd/Ming/LLM_Based-Mutation/tools/mutant/defects4j-2.1.0/framework/projects/defects4j.build.xml\n\ninit:\n\nget-deps:\n      [get] Getting: file:/data/cmd/Ming/LLM_Based-Mutation/tools/mutant/defects4j-2.1.0/framework/projects/JxPath/lib/xerces/xerces/2.4.0/xerces-2.4.0.jar\n      [get] To: /data/cmd/Ming/llm-fl-apr/tmp/JxPath_21-prompt_apr_3-qwen-turbo/target/lib/xerces-2.4.0.jar\n      [get] Getting: file:/data/cmd/Ming/LLM_Based-Mutation/tools/mutant/defects4j-2.1.0/framework/projects/JxPath/lib/servletapi/servletapi/2.4/servletapi-2.4.jar\n      [get] To: /data/cmd/Ming/llm-fl-apr/tmp/JxPath_21-prompt_apr_3-qwen-turbo/target/lib/servletapi-2.4.jar\n      [get] Getting: file:/data/cmd/Ming/LLM_Based-Mutation/tools/mutant/defects4j-2.1.0/framework/projects/JxPath/lib/jspapi/jsp-api/2.0/jsp-api-2.0.jar\n      [get] To: /data/cmd/Ming/llm-fl-apr/tmp/JxPath_21-prompt_apr_3-qwen-turbo/target/lib/jsp-api-2.0.jar\n      [get] Getting: file:/data/cmd/Ming/LLM_Based-Mutation/tools/mutant/defects4j-2.1.0/framework/projects/JxPath/lib/xml-apis/xml-apis/2.0.2/xml-apis-2.0.2.jar\n      [get] To: /data/cmd/Ming/llm-fl-apr/tmp/JxPath_21-prompt_apr_3-qwen-turbo/target/lib/xml-apis-2.0.2.jar\n      [get] Getting: file:/data/cmd/Ming/LLM_Based-Mutation/tools/mutant/defects4j-2.1.0/framework/projects/JxPath/lib/jdom/jdom/1.0/jdom-1.0.jar\n      [get] To: /data/cmd/Ming/llm-fl-apr/tmp/JxPath_21-prompt_apr_3-qwen-turbo/target/lib/jdom-1.0.jar\n      [get] Getting: file:/data/cmd/Ming/LLM_Based-Mutation/tools/mutant/defects4j-2.1.0/framework/projects/JxPath/lib/commons-beanutils/commons-beanutils/1.7.0/commons-beanutils-1.7.0.jar\n      [get] To: /data/cmd/Ming/llm-fl-apr/tmp/JxPath_21-prompt_apr_3-qwen-turbo/target/lib/commons-beanutils-1.7.0.jar\n      [get] Getting: file:/data/cmd/Ming/LLM_Based-Mutation/tools/mutant/defects4j-2.1.0/framework/projects/JxPath/lib/commons-logging/commons-logging/1.1/commons-logging-1.1.jar\n      [get] To: /data/cmd/Ming/llm-fl-apr/tmp/JxPath_21-prompt_apr_3-qwen-turbo/target/lib/commons-logging-1.1.jar\n      [get] Getting: file:/data/cmd/Ming/LLM_Based-Mutation/tools/mutant/defects4j-2.1.0/framework/projects/JxPath/lib/junit/junit/3.8.1/junit-3.8.1.jar\n      [get] To: /data/cmd/Ming/llm-fl-apr/tmp/JxPath_21-prompt_apr_3-qwen-turbo/target/lib/junit-3.8.1.jar\n      [get] Getting: file:/data/cmd/Ming/LLM_Based-Mutation/tools/mutant/defects4j-2.1.0/framework/projects/JxPath/lib/mockrunner-0.4.1.jar\n      [get] To: /data/cmd/Ming/llm-fl-apr/tmp/JxPath_21-prompt_apr_3-qwen-turbo/target/lib/mockrunner-jdk1.3-j2ee1.3-0.4.jar\n\ncompile:\n    [mkdir] Created dir: /data/cmd/Ming/llm-fl-apr/tmp/JxPath_21-prompt_apr_3-qwen-turbo/target/classes\n    [javac] /data/cmd/Ming/llm-fl-apr/tmp/JxPath_21-prompt_apr_3-qwen-turbo/build.xml:36: warning: 'includeantruntime' was not set, defaulting to build.sysclasspath=last; set to false for repeatable builds\n    [javac] Compiling 171 source files to /data/cmd/Ming/llm-fl-apr/tmp/JxPath_21-prompt_apr_3-qwen-turbo/target/classes\n    [javac] /data/cmd/Ming/llm-fl-apr/tmp/JxPath_21-prompt_apr_3-qwen-turbo/src/java/org/apache/commons/jxpath/ri/model/beans/PropertyPointer.java:151: error: illegal character: \\96\n    [javac] ```java\n    [javac] ^\n    [javac] /data/cmd/Ming/llm-fl-apr/tmp/JxPath_21-prompt_apr_3-qwen-turbo/src/java/org/apache/commons/jxpath/ri/model/beans/PropertyPointer.java:151: error: illegal character: \\96\n    [javac] ```java\n    [javac]  ^\n    [javac] /data/cmd/Ming/llm-fl-apr/tmp/JxPath_21-prompt_apr_3-qwen-turbo/src/java/org/apache/commons/jxpath/ri/model/beans/PropertyPointer.java:151: error: illegal character: \\96\n    [javac] ```java\n    [javac]   ^\n    [javac] /data/cmd/Ming/llm-fl-apr/tmp/JxPath_21-prompt_apr_3-qwen-turbo/src/java/org/apache/commons/jxpath/ri/model/beans/PropertyPointer.java:155: error: illegal character: \\96\n    [javac] ```\n    [javac] ^\n    [javac] /data/cmd/Ming/llm-fl-apr/tmp/JxPath_21-prompt_apr_3-qwen-turbo/src/java/org/apache/commons/jxpath/ri/model/beans/PropertyPointer.java:155: error: illegal character: \\96\n    [javac] ```\n    [javac]  ^\n    [javac] /data/cmd/Ming/llm-fl-apr/tmp/JxPath_21-prompt_apr_3-qwen-turbo/src/java/org/apache/commons/jxpath/ri/model/beans/PropertyPointer.java:155: error: illegal character: \\96\n    [javac] ```\n    [javac]   ^\n    [javac] 6 errors\n\nBUILD FAILED\n/data/cmd/Ming/llm-fl-apr/tmp/JxPath_21-prompt_apr_3-qwen-turbo/build.xml:36: Compile failed; see the compiler error output for details.\n\nTotal time: 3 seconds\nCannot compile sources! at /data/cmd/Ming/LLM_Based-Mutation/tools/mutant/defects4j-2.1.0/framework/bin/d4j/d4j-compile line 82.\nCompilation failed in require at /data/cmd/Ming/LLM_Based-Mutation/tools/mutant/defects4j-2.1.0/framework/bin/defects4j line 195.\n"
                }
            },
            "doubao-pro-4k": {
                "compile": {
                    "rc": 0,
                    "so": "",
                    "se": "Running ant (compile)...................................................... OK\nRunning ant (compile.tests)................................................ OK\n"
                },
                "test": {
                    "rc": 0,
                    "so": "Failing tests: 2\n  - org.apache.commons.jxpath.ri.model.JXPath151Test::testMapValueEquality\n  - org.apache.commons.jxpath.ri.model.MixedModelTest::testNull\n",
                    "se": "Running ant (compile.tests)................................................ OK\nRunning ant (run.dev.tests)................................................ OK\n"
                }
            },
            "gpt-4o-mini": {
                "compile": {
                    "rc": 0,
                    "so": "",
                    "se": "Running ant (compile)...................................................... OK\nRunning ant (compile.tests)................................................ OK\n"
                },
                "test": {
                    "rc": 0,
                    "so": "Failing tests: 2\n  - org.apache.commons.jxpath.ri.model.JXPath151Test::testMapValueEquality\n  - org.apache.commons.jxpath.ri.model.MixedModelTest::testNull\n",
                    "se": "Running ant (compile.tests)................................................ OK\nRunning ant (run.dev.tests)................................................ OK\n"
                }
            },
            "deepseek-chat": {
                "compile": {
                    "rc": 1,
                    "so": "",
                    "se": "Running ant (compile)...................................................... FAIL\nExecuted command:  cd /data/cmd/Ming/llm-fl-apr/tmp/JxPath_21-prompt_apr_3-deepseek-chat && /data/cmd/Ming/LLM_Based-Mutation/tools/mutant/defects4j-2.1.0/major/bin/ant -f /data/cmd/Ming/LLM_Based-Mutation/tools/mutant/defects4j-2.1.0/framework/projects/defects4j.build.xml -Dd4j.home=/data/cmd/Ming/LLM_Based-Mutation/tools/mutant/defects4j-2.1.0 -Dd4j.dir.projects=/data/cmd/Ming/LLM_Based-Mutation/tools/mutant/defects4j-2.1.0/framework/projects -Dbasedir=/data/cmd/Ming/llm-fl-apr/tmp/JxPath_21-prompt_apr_3-deepseek-chat -Dbuild.compiler=javac1.7  compile 2>&1\nJava HotSpot(TM) 64-Bit Server VM warning: ignoring option MaxPermSize=1G; support was removed in 8.0\nBuildfile: /data/cmd/Ming/LLM_Based-Mutation/tools/mutant/defects4j-2.1.0/framework/projects/defects4j.build.xml\n\ninit:\n\nget-deps:\n      [get] Getting: file:/data/cmd/Ming/LLM_Based-Mutation/tools/mutant/defects4j-2.1.0/framework/projects/JxPath/lib/xerces/xerces/2.4.0/xerces-2.4.0.jar\n      [get] To: /data/cmd/Ming/llm-fl-apr/tmp/JxPath_21-prompt_apr_3-deepseek-chat/target/lib/xerces-2.4.0.jar\n      [get] Getting: file:/data/cmd/Ming/LLM_Based-Mutation/tools/mutant/defects4j-2.1.0/framework/projects/JxPath/lib/servletapi/servletapi/2.4/servletapi-2.4.jar\n      [get] To: /data/cmd/Ming/llm-fl-apr/tmp/JxPath_21-prompt_apr_3-deepseek-chat/target/lib/servletapi-2.4.jar\n      [get] Getting: file:/data/cmd/Ming/LLM_Based-Mutation/tools/mutant/defects4j-2.1.0/framework/projects/JxPath/lib/jspapi/jsp-api/2.0/jsp-api-2.0.jar\n      [get] To: /data/cmd/Ming/llm-fl-apr/tmp/JxPath_21-prompt_apr_3-deepseek-chat/target/lib/jsp-api-2.0.jar\n      [get] Getting: file:/data/cmd/Ming/LLM_Based-Mutation/tools/mutant/defects4j-2.1.0/framework/projects/JxPath/lib/xml-apis/xml-apis/2.0.2/xml-apis-2.0.2.jar\n      [get] To: /data/cmd/Ming/llm-fl-apr/tmp/JxPath_21-prompt_apr_3-deepseek-chat/target/lib/xml-apis-2.0.2.jar\n      [get] Getting: file:/data/cmd/Ming/LLM_Based-Mutation/tools/mutant/defects4j-2.1.0/framework/projects/JxPath/lib/jdom/jdom/1.0/jdom-1.0.jar\n      [get] To: /data/cmd/Ming/llm-fl-apr/tmp/JxPath_21-prompt_apr_3-deepseek-chat/target/lib/jdom-1.0.jar\n      [get] Getting: file:/data/cmd/Ming/LLM_Based-Mutation/tools/mutant/defects4j-2.1.0/framework/projects/JxPath/lib/commons-beanutils/commons-beanutils/1.7.0/commons-beanutils-1.7.0.jar\n      [get] To: /data/cmd/Ming/llm-fl-apr/tmp/JxPath_21-prompt_apr_3-deepseek-chat/target/lib/commons-beanutils-1.7.0.jar\n      [get] Getting: file:/data/cmd/Ming/LLM_Based-Mutation/tools/mutant/defects4j-2.1.0/framework/projects/JxPath/lib/commons-logging/commons-logging/1.1/commons-logging-1.1.jar\n      [get] To: /data/cmd/Ming/llm-fl-apr/tmp/JxPath_21-prompt_apr_3-deepseek-chat/target/lib/commons-logging-1.1.jar\n      [get] Getting: file:/data/cmd/Ming/LLM_Based-Mutation/tools/mutant/defects4j-2.1.0/framework/projects/JxPath/lib/junit/junit/3.8.1/junit-3.8.1.jar\n      [get] To: /data/cmd/Ming/llm-fl-apr/tmp/JxPath_21-prompt_apr_3-deepseek-chat/target/lib/junit-3.8.1.jar\n      [get] Getting: file:/data/cmd/Ming/LLM_Based-Mutation/tools/mutant/defects4j-2.1.0/framework/projects/JxPath/lib/mockrunner-0.4.1.jar\n      [get] To: /data/cmd/Ming/llm-fl-apr/tmp/JxPath_21-prompt_apr_3-deepseek-chat/target/lib/mockrunner-jdk1.3-j2ee1.3-0.4.jar\n\ncompile:\n    [mkdir] Created dir: /data/cmd/Ming/llm-fl-apr/tmp/JxPath_21-prompt_apr_3-deepseek-chat/target/classes\n    [javac] /data/cmd/Ming/llm-fl-apr/tmp/JxPath_21-prompt_apr_3-deepseek-chat/build.xml:36: warning: 'includeantruntime' was not set, defaulting to build.sysclasspath=last; set to false for repeatable builds\n    [javac] Compiling 171 source files to /data/cmd/Ming/llm-fl-apr/tmp/JxPath_21-prompt_apr_3-deepseek-chat/target/classes\n    [javac] /data/cmd/Ming/llm-fl-apr/tmp/JxPath_21-prompt_apr_3-deepseek-chat/src/java/org/apache/commons/jxpath/ri/model/beans/PropertyPointer.java:151: error: illegal character: \\96\n    [javac] ```java\n    [javac] ^\n    [javac] /data/cmd/Ming/llm-fl-apr/tmp/JxPath_21-prompt_apr_3-deepseek-chat/src/java/org/apache/commons/jxpath/ri/model/beans/PropertyPointer.java:151: error: illegal character: \\96\n    [javac] ```java\n    [javac]  ^\n    [javac] /data/cmd/Ming/llm-fl-apr/tmp/JxPath_21-prompt_apr_3-deepseek-chat/src/java/org/apache/commons/jxpath/ri/model/beans/PropertyPointer.java:151: error: illegal character: \\96\n    [javac] ```java\n    [javac]   ^\n    [javac] /data/cmd/Ming/llm-fl-apr/tmp/JxPath_21-prompt_apr_3-deepseek-chat/src/java/org/apache/commons/jxpath/ri/model/beans/PropertyPointer.java:155: error: illegal character: \\96\n    [javac] ```\n    [javac] ^\n    [javac] /data/cmd/Ming/llm-fl-apr/tmp/JxPath_21-prompt_apr_3-deepseek-chat/src/java/org/apache/commons/jxpath/ri/model/beans/PropertyPointer.java:155: error: illegal character: \\96\n    [javac] ```\n    [javac]  ^\n    [javac] /data/cmd/Ming/llm-fl-apr/tmp/JxPath_21-prompt_apr_3-deepseek-chat/src/java/org/apache/commons/jxpath/ri/model/beans/PropertyPointer.java:155: error: illegal character: \\96\n    [javac] ```\n    [javac]   ^\n    [javac] 6 errors\n\nBUILD FAILED\n/data/cmd/Ming/llm-fl-apr/tmp/JxPath_21-prompt_apr_3-deepseek-chat/build.xml:36: Compile failed; see the compiler error output for details.\n\nTotal time: 2 seconds\nCannot compile sources! at /data/cmd/Ming/LLM_Based-Mutation/tools/mutant/defects4j-2.1.0/framework/bin/d4j/d4j-compile line 82.\nCompilation failed in require at /data/cmd/Ming/LLM_Based-Mutation/tools/mutant/defects4j-2.1.0/framework/bin/defects4j line 195.\n"
                }
            }
        },
        "prompt_apr_4": {
            "ernie-3.5-128k": {
                "compile": {
                    "rc": 0,
                    "so": "",
                    "se": "Running ant (compile)...................................................... OK\nRunning ant (compile.tests)................................................ OK\n"
                },
                "test": {
                    "rc": 0,
                    "so": "Failing tests: 2\n  - org.apache.commons.jxpath.ri.model.JXPath151Test::testMapValueEquality\n  - org.apache.commons.jxpath.ri.model.MixedModelTest::testNull\n",
                    "se": "Running ant (compile.tests)................................................ OK\nRunning ant (run.dev.tests)................................................ OK\n"
                }
            },
            "qwen-turbo": {
                "compile": {
                    "rc": 1,
                    "so": "",
                    "se": "Running ant (compile)...................................................... FAIL\nExecuted command:  cd /data/cmd/Ming/llm-fl-apr/tmp/JxPath_21-prompt_apr_4-qwen-turbo && /data/cmd/Ming/LLM_Based-Mutation/tools/mutant/defects4j-2.1.0/major/bin/ant -f /data/cmd/Ming/LLM_Based-Mutation/tools/mutant/defects4j-2.1.0/framework/projects/defects4j.build.xml -Dd4j.home=/data/cmd/Ming/LLM_Based-Mutation/tools/mutant/defects4j-2.1.0 -Dd4j.dir.projects=/data/cmd/Ming/LLM_Based-Mutation/tools/mutant/defects4j-2.1.0/framework/projects -Dbasedir=/data/cmd/Ming/llm-fl-apr/tmp/JxPath_21-prompt_apr_4-qwen-turbo -Dbuild.compiler=javac1.7  compile 2>&1\nJava HotSpot(TM) 64-Bit Server VM warning: ignoring option MaxPermSize=1G; support was removed in 8.0\nBuildfile: /data/cmd/Ming/LLM_Based-Mutation/tools/mutant/defects4j-2.1.0/framework/projects/defects4j.build.xml\n\ninit:\n\nget-deps:\n      [get] Getting: file:/data/cmd/Ming/LLM_Based-Mutation/tools/mutant/defects4j-2.1.0/framework/projects/JxPath/lib/xerces/xerces/2.4.0/xerces-2.4.0.jar\n      [get] To: /data/cmd/Ming/llm-fl-apr/tmp/JxPath_21-prompt_apr_4-qwen-turbo/target/lib/xerces-2.4.0.jar\n      [get] Getting: file:/data/cmd/Ming/LLM_Based-Mutation/tools/mutant/defects4j-2.1.0/framework/projects/JxPath/lib/servletapi/servletapi/2.4/servletapi-2.4.jar\n      [get] To: /data/cmd/Ming/llm-fl-apr/tmp/JxPath_21-prompt_apr_4-qwen-turbo/target/lib/servletapi-2.4.jar\n      [get] Getting: file:/data/cmd/Ming/LLM_Based-Mutation/tools/mutant/defects4j-2.1.0/framework/projects/JxPath/lib/jspapi/jsp-api/2.0/jsp-api-2.0.jar\n      [get] To: /data/cmd/Ming/llm-fl-apr/tmp/JxPath_21-prompt_apr_4-qwen-turbo/target/lib/jsp-api-2.0.jar\n      [get] Getting: file:/data/cmd/Ming/LLM_Based-Mutation/tools/mutant/defects4j-2.1.0/framework/projects/JxPath/lib/xml-apis/xml-apis/2.0.2/xml-apis-2.0.2.jar\n      [get] To: /data/cmd/Ming/llm-fl-apr/tmp/JxPath_21-prompt_apr_4-qwen-turbo/target/lib/xml-apis-2.0.2.jar\n      [get] Getting: file:/data/cmd/Ming/LLM_Based-Mutation/tools/mutant/defects4j-2.1.0/framework/projects/JxPath/lib/jdom/jdom/1.0/jdom-1.0.jar\n      [get] To: /data/cmd/Ming/llm-fl-apr/tmp/JxPath_21-prompt_apr_4-qwen-turbo/target/lib/jdom-1.0.jar\n      [get] Getting: file:/data/cmd/Ming/LLM_Based-Mutation/tools/mutant/defects4j-2.1.0/framework/projects/JxPath/lib/commons-beanutils/commons-beanutils/1.7.0/commons-beanutils-1.7.0.jar\n      [get] To: /data/cmd/Ming/llm-fl-apr/tmp/JxPath_21-prompt_apr_4-qwen-turbo/target/lib/commons-beanutils-1.7.0.jar\n      [get] Getting: file:/data/cmd/Ming/LLM_Based-Mutation/tools/mutant/defects4j-2.1.0/framework/projects/JxPath/lib/commons-logging/commons-logging/1.1/commons-logging-1.1.jar\n      [get] To: /data/cmd/Ming/llm-fl-apr/tmp/JxPath_21-prompt_apr_4-qwen-turbo/target/lib/commons-logging-1.1.jar\n      [get] Getting: file:/data/cmd/Ming/LLM_Based-Mutation/tools/mutant/defects4j-2.1.0/framework/projects/JxPath/lib/junit/junit/3.8.1/junit-3.8.1.jar\n      [get] To: /data/cmd/Ming/llm-fl-apr/tmp/JxPath_21-prompt_apr_4-qwen-turbo/target/lib/junit-3.8.1.jar\n      [get] Getting: file:/data/cmd/Ming/LLM_Based-Mutation/tools/mutant/defects4j-2.1.0/framework/projects/JxPath/lib/mockrunner-0.4.1.jar\n      [get] To: /data/cmd/Ming/llm-fl-apr/tmp/JxPath_21-prompt_apr_4-qwen-turbo/target/lib/mockrunner-jdk1.3-j2ee1.3-0.4.jar\n\ncompile:\n    [mkdir] Created dir: /data/cmd/Ming/llm-fl-apr/tmp/JxPath_21-prompt_apr_4-qwen-turbo/target/classes\n    [javac] /data/cmd/Ming/llm-fl-apr/tmp/JxPath_21-prompt_apr_4-qwen-turbo/build.xml:36: warning: 'includeantruntime' was not set, defaulting to build.sysclasspath=last; set to false for repeatable builds\n    [javac] Compiling 171 source files to /data/cmd/Ming/llm-fl-apr/tmp/JxPath_21-prompt_apr_4-qwen-turbo/target/classes\n    [javac] /data/cmd/Ming/llm-fl-apr/tmp/JxPath_21-prompt_apr_4-qwen-turbo/src/java/org/apache/commons/jxpath/ri/model/beans/PropertyPointer.java:152: error: ';' expected\n    [javac] return ValueUtils.getLength(getBaseValue()) if getBaseValue() else 0;    }\n    [javac]                                            ^\n    [javac] /data/cmd/Ming/llm-fl-apr/tmp/JxPath_21-prompt_apr_4-qwen-turbo/src/java/org/apache/commons/jxpath/ri/model/beans/PropertyPointer.java:152: error: '(' expected\n    [javac] return ValueUtils.getLength(getBaseValue()) if getBaseValue() else 0;    }\n    [javac]                                               ^\n    [javac] /data/cmd/Ming/llm-fl-apr/tmp/JxPath_21-prompt_apr_4-qwen-turbo/src/java/org/apache/commons/jxpath/ri/model/beans/PropertyPointer.java:152: error: ')' expected\n    [javac] return ValueUtils.getLength(getBaseValue()) if getBaseValue() else 0;    }\n    [javac]                                                              ^\n    [javac] /data/cmd/Ming/llm-fl-apr/tmp/JxPath_21-prompt_apr_4-qwen-turbo/src/java/org/apache/commons/jxpath/ri/model/beans/PropertyPointer.java:152: error: 'else' without 'if'\n    [javac] return ValueUtils.getLength(getBaseValue()) if getBaseValue() else 0;    }\n    [javac]                                                               ^\n    [javac] /data/cmd/Ming/llm-fl-apr/tmp/JxPath_21-prompt_apr_4-qwen-turbo/src/java/org/apache/commons/jxpath/ri/model/beans/PropertyPointer.java:152: error: not a statement\n    [javac] return ValueUtils.getLength(getBaseValue()) if getBaseValue() else 0;    }\n    [javac]                                                                    ^\n    [javac] 5 errors\n\nBUILD FAILED\n/data/cmd/Ming/llm-fl-apr/tmp/JxPath_21-prompt_apr_4-qwen-turbo/build.xml:36: Compile failed; see the compiler error output for details.\n\nTotal time: 3 seconds\nCannot compile sources! at /data/cmd/Ming/LLM_Based-Mutation/tools/mutant/defects4j-2.1.0/framework/bin/d4j/d4j-compile line 82.\nCompilation failed in require at /data/cmd/Ming/LLM_Based-Mutation/tools/mutant/defects4j-2.1.0/framework/bin/defects4j line 195.\n"
                }
            },
            "doubao-pro-4k": {
                "compile": {
                    "rc": 0,
                    "so": "",
                    "se": "Running ant (compile)...................................................... OK\nRunning ant (compile.tests)................................................ OK\n"
                },
                "test": {
                    "rc": 0,
                    "so": "Failing tests: 2\n  - org.apache.commons.jxpath.ri.model.JXPath151Test::testMapValueEquality\n  - org.apache.commons.jxpath.ri.model.MixedModelTest::testNull\n",
                    "se": "Running ant (compile.tests)................................................ OK\nRunning ant (run.dev.tests)................................................ OK\n"
                }
            },
            "gpt-4o-mini": {
                "compile": {
                    "rc": 0,
                    "so": "",
                    "se": "Running ant (compile)...................................................... OK\nRunning ant (compile.tests)................................................ OK\n"
                },
                "test": {
                    "rc": 0,
                    "so": "Failing tests: 2\n  - org.apache.commons.jxpath.ri.model.JXPath151Test::testMapValueEquality\n  - org.apache.commons.jxpath.ri.model.MixedModelTest::testNull\n",
                    "se": "Running ant (compile.tests)................................................ OK\nRunning ant (run.dev.tests)................................................ OK\n"
                }
            },
            "deepseek-chat": {
                "compile": {
                    "rc": 1,
                    "so": "",
                    "se": "Running ant (compile)...................................................... FAIL\nExecuted command:  cd /data/cmd/Ming/llm-fl-apr/tmp/JxPath_21-prompt_apr_4-deepseek-chat && /data/cmd/Ming/LLM_Based-Mutation/tools/mutant/defects4j-2.1.0/major/bin/ant -f /data/cmd/Ming/LLM_Based-Mutation/tools/mutant/defects4j-2.1.0/framework/projects/defects4j.build.xml -Dd4j.home=/data/cmd/Ming/LLM_Based-Mutation/tools/mutant/defects4j-2.1.0 -Dd4j.dir.projects=/data/cmd/Ming/LLM_Based-Mutation/tools/mutant/defects4j-2.1.0/framework/projects -Dbasedir=/data/cmd/Ming/llm-fl-apr/tmp/JxPath_21-prompt_apr_4-deepseek-chat -Dbuild.compiler=javac1.7  compile 2>&1\nJava HotSpot(TM) 64-Bit Server VM warning: ignoring option MaxPermSize=1G; support was removed in 8.0\nBuildfile: /data/cmd/Ming/LLM_Based-Mutation/tools/mutant/defects4j-2.1.0/framework/projects/defects4j.build.xml\n\ninit:\n\nget-deps:\n      [get] Getting: file:/data/cmd/Ming/LLM_Based-Mutation/tools/mutant/defects4j-2.1.0/framework/projects/JxPath/lib/xerces/xerces/2.4.0/xerces-2.4.0.jar\n      [get] To: /data/cmd/Ming/llm-fl-apr/tmp/JxPath_21-prompt_apr_4-deepseek-chat/target/lib/xerces-2.4.0.jar\n      [get] Getting: file:/data/cmd/Ming/LLM_Based-Mutation/tools/mutant/defects4j-2.1.0/framework/projects/JxPath/lib/servletapi/servletapi/2.4/servletapi-2.4.jar\n      [get] To: /data/cmd/Ming/llm-fl-apr/tmp/JxPath_21-prompt_apr_4-deepseek-chat/target/lib/servletapi-2.4.jar\n      [get] Getting: file:/data/cmd/Ming/LLM_Based-Mutation/tools/mutant/defects4j-2.1.0/framework/projects/JxPath/lib/jspapi/jsp-api/2.0/jsp-api-2.0.jar\n      [get] To: /data/cmd/Ming/llm-fl-apr/tmp/JxPath_21-prompt_apr_4-deepseek-chat/target/lib/jsp-api-2.0.jar\n      [get] Getting: file:/data/cmd/Ming/LLM_Based-Mutation/tools/mutant/defects4j-2.1.0/framework/projects/JxPath/lib/xml-apis/xml-apis/2.0.2/xml-apis-2.0.2.jar\n      [get] To: /data/cmd/Ming/llm-fl-apr/tmp/JxPath_21-prompt_apr_4-deepseek-chat/target/lib/xml-apis-2.0.2.jar\n      [get] Getting: file:/data/cmd/Ming/LLM_Based-Mutation/tools/mutant/defects4j-2.1.0/framework/projects/JxPath/lib/jdom/jdom/1.0/jdom-1.0.jar\n      [get] To: /data/cmd/Ming/llm-fl-apr/tmp/JxPath_21-prompt_apr_4-deepseek-chat/target/lib/jdom-1.0.jar\n      [get] Getting: file:/data/cmd/Ming/LLM_Based-Mutation/tools/mutant/defects4j-2.1.0/framework/projects/JxPath/lib/commons-beanutils/commons-beanutils/1.7.0/commons-beanutils-1.7.0.jar\n      [get] To: /data/cmd/Ming/llm-fl-apr/tmp/JxPath_21-prompt_apr_4-deepseek-chat/target/lib/commons-beanutils-1.7.0.jar\n      [get] Getting: file:/data/cmd/Ming/LLM_Based-Mutation/tools/mutant/defects4j-2.1.0/framework/projects/JxPath/lib/commons-logging/commons-logging/1.1/commons-logging-1.1.jar\n      [get] To: /data/cmd/Ming/llm-fl-apr/tmp/JxPath_21-prompt_apr_4-deepseek-chat/target/lib/commons-logging-1.1.jar\n      [get] Getting: file:/data/cmd/Ming/LLM_Based-Mutation/tools/mutant/defects4j-2.1.0/framework/projects/JxPath/lib/junit/junit/3.8.1/junit-3.8.1.jar\n      [get] To: /data/cmd/Ming/llm-fl-apr/tmp/JxPath_21-prompt_apr_4-deepseek-chat/target/lib/junit-3.8.1.jar\n      [get] Getting: file:/data/cmd/Ming/LLM_Based-Mutation/tools/mutant/defects4j-2.1.0/framework/projects/JxPath/lib/mockrunner-0.4.1.jar\n      [get] To: /data/cmd/Ming/llm-fl-apr/tmp/JxPath_21-prompt_apr_4-deepseek-chat/target/lib/mockrunner-jdk1.3-j2ee1.3-0.4.jar\n\ncompile:\n    [mkdir] Created dir: /data/cmd/Ming/llm-fl-apr/tmp/JxPath_21-prompt_apr_4-deepseek-chat/target/classes\n    [javac] /data/cmd/Ming/llm-fl-apr/tmp/JxPath_21-prompt_apr_4-deepseek-chat/build.xml:36: warning: 'includeantruntime' was not set, defaulting to build.sysclasspath=last; set to false for repeatable builds\n    [javac] Compiling 171 source files to /data/cmd/Ming/llm-fl-apr/tmp/JxPath_21-prompt_apr_4-deepseek-chat/target/classes\n    [javac] warning: /home/cmd/jdk1.8.0_391/lib/ct.sym(META-INF/sym/rt.jar/java/lang/Object.class): major version 52 is newer than 51, the highest major version supported by this compiler.\n    [javac]   It is recommended that the compiler be upgraded.\n    [javac] warning: /home/cmd/jdk1.8.0_391/lib/ct.sym(META-INF/sym/rt.jar/java/text/DecimalFormatSymbols.class): major version 52 is newer than 51, the highest major version supported by this compiler.\n    [javac]   It is recommended that the compiler be upgraded.\n    [javac] warning: /home/cmd/jdk1.8.0_391/lib/ct.sym(META-INF/sym/rt.jar/java/util/ArrayList.class): major version 52 is newer than 51, the highest major version supported by this compiler.\n    [javac]   It is recommended that the compiler be upgraded.\n    [javac] warning: /home/cmd/jdk1.8.0_391/lib/ct.sym(META-INF/sym/rt.jar/java/util/HashMap.class): major version 52 is newer than 51, the highest major version supported by this compiler.\n    [javac]   It is recommended that the compiler be upgraded.\n    [javac] warning: /home/cmd/jdk1.8.0_391/lib/ct.sym(META-INF/sym/rt.jar/java/util/Iterator.class): major version 52 is newer than 51, the highest major version supported by this compiler.\n    [javac]   It is recommended that the compiler be upgraded.\n    [javac] warning: /home/cmd/jdk1.8.0_391/lib/ct.sym(META-INF/sym/rt.jar/java/util/List.class): major version 52 is newer than 51, the highest major version supported by this compiler.\n    [javac]   It is recommended that the compiler be upgraded.\n    [javac] warning: /home/cmd/jdk1.8.0_391/lib/ct.sym(META-INF/sym/rt.jar/java/util/Locale.class): major version 52 is newer than 51, the highest major version supported by this compiler.\n    [javac]   It is recommended that the compiler be upgraded.\n    [javac] warning: /home/cmd/jdk1.8.0_391/lib/ct.sym(META-INF/sym/rt.jar/java/io/Serializable.class): major version 52 is newer than 51, the highest major version supported by this compiler.\n    [javac]   It is recommended that the compiler be upgraded.\n    [javac] warning: /home/cmd/jdk1.8.0_391/lib/ct.sym(META-INF/sym/rt.jar/java/lang/Cloneable.class): major version 52 is newer than 51, the highest major version supported by this compiler.\n    [javac]   It is recommended that the compiler be upgraded.\n    [javac] warning: /home/cmd/jdk1.8.0_391/lib/ct.sym(META-INF/sym/rt.jar/java/lang/Comparable.class): major version 52 is newer than 51, the highest major version supported by this compiler.\n    [javac]   It is recommended that the compiler be upgraded.\n    [javac] warning: /home/cmd/jdk1.8.0_391/lib/ct.sym(META-INF/sym/rt.jar/java/lang/String.class): major version 52 is newer than 51, the highest major version supported by this compiler.\n    [javac]   It is recommended that the compiler be upgraded.\n    [javac] warning: /home/cmd/jdk1.8.0_391/lib/ct.sym(META-INF/sym/rt.jar/java/io/BufferedReader.class): major version 52 is newer than 51, the highest major version supported by this compiler.\n    [javac]   It is recommended that the compiler be upgraded.\n    [javac] warning: /home/cmd/jdk1.8.0_391/lib/ct.sym(META-INF/sym/rt.jar/java/io/File.class): major version 52 is newer than 51, the highest major version supported by this compiler.\n    [javac]   It is recommended that the compiler be upgraded.\n    [javac] warning: /home/cmd/jdk1.8.0_391/lib/ct.sym(META-INF/sym/rt.jar/java/io/FileInputStream.class): major version 52 is newer than 51, the highest major version supported by this compiler.\n    [javac]   It is recommended that the compiler be upgraded.\n    [javac] warning: /home/cmd/jdk1.8.0_391/lib/ct.sym(META-INF/sym/rt.jar/java/io/IOException.class): major version 52 is newer than 51, the highest major version supported by this compiler.\n    [javac]   It is recommended that the compiler be upgraded.\n    [javac] warning: /home/cmd/jdk1.8.0_391/lib/ct.sym(META-INF/sym/rt.jar/java/io/InputStream.class): major version 52 is newer than 51, the highest major version supported by this compiler.\n    [javac]   It is recommended that the compiler be upgraded.\n    [javac] warning: /home/cmd/jdk1.8.0_391/lib/ct.sym(META-INF/sym/rt.jar/java/io/InputStreamReader.class): major version 52 is newer than 51, the highest major version supported by this compiler.\n    [javac]   It is recommended that the compiler be upgraded.\n    [javac] warning: /home/cmd/jdk1.8.0_391/lib/ct.sym(META-INF/sym/rt.jar/java/util/Properties.class): major version 52 is newer than 51, the highest major version supported by this compiler.\n    [javac]   It is recommended that the compiler be upgraded.\n    [javac] warning: /home/cmd/jdk1.8.0_391/lib/ct.sym(META-INF/sym/rt.jar/java/lang/reflect/Constructor.class): major version 52 is newer than 51, the highest major version supported by this compiler.\n    [javac]   It is recommended that the compiler be upgraded.\n    [javac] warning: /home/cmd/jdk1.8.0_391/lib/ct.sym(META-INF/sym/rt.jar/java/lang/reflect/Method.class): major version 52 is newer than 51, the highest major version supported by this compiler.\n    [javac]   It is recommended that the compiler be upgraded.\n    [javac] warning: /home/cmd/jdk1.8.0_391/lib/ct.sym(META-INF/sym/rt.jar/java/util/Collection.class): major version 52 is newer than 51, the highest major version supported by this compiler.\n    [javac]   It is recommended that the compiler be upgraded.\n    [javac] warning: /home/cmd/jdk1.8.0_391/lib/ct.sym(META-INF/sym/rt.jar/java/util/Collections.class): major version 52 is newer than 51, the highest major version supported by this compiler.\n    [javac]   It is recommended that the compiler be upgraded.\n    [javac] warning: /home/cmd/jdk1.8.0_391/lib/ct.sym(META-INF/sym/rt.jar/java/util/Set.class): major version 52 is newer than 51, the highest major version supported by this compiler.\n    [javac]   It is recommended that the compiler be upgraded.\n    [javac] warning: /home/cmd/jdk1.8.0_391/lib/ct.sym(META-INF/sym/rt.jar/java/lang/Class.class): major version 52 is newer than 51, the highest major version supported by this compiler.\n    [javac]   It is recommended that the compiler be upgraded.\n    [javac] warning: /home/cmd/jdk1.8.0_391/lib/ct.sym(META-INF/sym/rt.jar/java/lang/Throwable.class): major version 52 is newer than 51, the highest major version supported by this compiler.\n    [javac]   It is recommended that the compiler be upgraded.\n    [javac] warning: /home/cmd/jdk1.8.0_391/lib/ct.sym(META-INF/sym/rt.jar/java/util/Map.class): major version 52 is newer than 51, the highest major version supported by this compiler.\n    [javac]   It is recommended that the compiler be upgraded.\n    [javac] warning: /home/cmd/jdk1.8.0_391/lib/ct.sym(META-INF/sym/rt.jar/java/lang/RuntimeException.class): major version 52 is newer than 51, the highest major version supported by this compiler.\n    [javac]   It is recommended that the compiler be upgraded.\n    [javac] warning: /home/cmd/jdk1.8.0_391/lib/ct.sym(META-INF/sym/rt.jar/java/lang/Exception.class): major version 52 is newer than 51, the highest major version supported by this compiler.\n    [javac]   It is recommended that the compiler be upgraded.\n    [javac] warning: /home/cmd/jdk1.8.0_391/lib/ct.sym(META-INF/sym/rt.jar/java/beans/BeanInfo.class): major version 52 is newer than 51, the highest major version supported by this compiler.\n    [javac]   It is recommended that the compiler be upgraded.\n    [javac] warning: /home/cmd/jdk1.8.0_391/lib/ct.sym(META-INF/sym/rt.jar/java/beans/IntrospectionException.class): major version 52 is newer than 51, the highest major version supported by this compiler.\n    [javac]   It is recommended that the compiler be upgraded.\n    [javac] warning: /home/cmd/jdk1.8.0_391/lib/ct.sym(META-INF/sym/rt.jar/java/beans/Introspector.class): major version 52 is newer than 51, the highest major version supported by this compiler.\n    [javac]   It is recommended that the compiler be upgraded.\n    [javac] warning: /home/cmd/jdk1.8.0_391/lib/ct.sym(META-INF/sym/rt.jar/java/beans/PropertyDescriptor.class): major version 52 is newer than 51, the highest major version supported by this compiler.\n    [javac]   It is recommended that the compiler be upgraded.\n    [javac] warning: /home/cmd/jdk1.8.0_391/lib/ct.sym(META-INF/sym/rt.jar/java/util/Arrays.class): major version 52 is newer than 51, the highest major version supported by this compiler.\n    [javac]   It is recommended that the compiler be upgraded.\n    [javac] warning: /home/cmd/jdk1.8.0_391/lib/ct.sym(META-INF/sym/rt.jar/java/util/Comparator.class): major version 52 is newer than 51, the highest major version supported by this compiler.\n    [javac]   It is recommended that the compiler be upgraded.\n    [javac] warning: /home/cmd/jdk1.8.0_391/lib/ct.sym(META-INF/sym/rt.jar/java/lang/Error.class): major version 52 is newer than 51, the highest major version supported by this compiler.\n    [javac]   It is recommended that the compiler be upgraded.\n    [javac] warning: /home/cmd/jdk1.8.0_391/lib/ct.sym(META-INF/sym/rt.jar/java/util/Date.class): major version 52 is newer than 51, the highest major version supported by this compiler.\n    [javac]   It is recommended that the compiler be upgraded.\n    [javac] warning: /home/cmd/jdk1.8.0_391/lib/ct.sym(META-INF/sym/rt.jar/java/net/URL.class): major version 52 is newer than 51, the highest major version supported by this compiler.\n    [javac]   It is recommended that the compiler be upgraded.\n    [javac] warning: /home/cmd/jdk1.8.0_391/lib/ct.sym(META-INF/sym/rt.jar/javax/xml/transform/Source.class): major version 52 is newer than 51, the highest major version supported by this compiler.\n    [javac]   It is recommended that the compiler be upgraded.\n    [javac] warning: /home/cmd/jdk1.8.0_391/lib/ct.sym(META-INF/sym/rt.jar/javax/xml/transform/Transformer.class): major version 52 is newer than 51, the highest major version supported by this compiler.\n    [javac]   It is recommended that the compiler be upgraded.\n    [javac] warning: /home/cmd/jdk1.8.0_391/lib/ct.sym(META-INF/sym/rt.jar/javax/xml/transform/TransformerFactory.class): major version 52 is newer than 51, the highest major version supported by this compiler.\n    [javac]   It is recommended that the compiler be upgraded.\n    [javac] warning: /home/cmd/jdk1.8.0_391/lib/ct.sym(META-INF/sym/rt.jar/javax/xml/transform/dom/DOMResult.class): major version 52 is newer than 51, the highest major version supported by this compiler.\n    [javac]   It is recommended that the compiler be upgraded.\n    [javac] warning: /home/cmd/jdk1.8.0_391/lib/ct.sym(META-INF/sym/rt.jar/org/w3c/dom/Document.class): major version 52 is newer than 51, the highest major version supported by this compiler.\n    [javac]   It is recommended that the compiler be upgraded.\n    [javac] warning: /home/cmd/jdk1.8.0_391/lib/ct.sym(META-INF/sym/rt.jar/java/lang/reflect/InvocationTargetException.class): major version 52 is newer than 51, the highest major version supported by this compiler.\n    [javac]   It is recommended that the compiler be upgraded.\n    [javac] warning: /home/cmd/jdk1.8.0_391/lib/ct.sym(META-INF/sym/rt.jar/java/lang/reflect/Modifier.class): major version 52 is newer than 51, the highest major version supported by this compiler.\n    [javac]   It is recommended that the compiler be upgraded.\n    [javac] warning: /home/cmd/jdk1.8.0_391/lib/ct.sym(META-INF/sym/rt.jar/java/util/HashSet.class): major version 52 is newer than 51, the highest major version supported by this compiler.\n    [javac]   It is recommended that the compiler be upgraded.\n    [javac] warning: /home/cmd/jdk1.8.0_391/lib/ct.sym(META-INF/sym/rt.jar/java/util/NoSuchElementException.class): major version 52 is newer than 51, the highest major version supported by this compiler.\n    [javac]   It is recommended that the compiler be upgraded.\n    [javac] warning: /home/cmd/jdk1.8.0_391/lib/ct.sym(META-INF/sym/rt.jar/java/lang/ref/SoftReference.class): major version 52 is newer than 51, the highest major version supported by this compiler.\n    [javac]   It is recommended that the compiler be upgraded.\n    [javac] warning: /home/cmd/jdk1.8.0_391/lib/ct.sym(META-INF/sym/rt.jar/java/util/Vector.class): major version 52 is newer than 51, the highest major version supported by this compiler.\n    [javac]   It is recommended that the compiler be upgraded.\n    [javac] warning: /home/cmd/jdk1.8.0_391/lib/ct.sym(META-INF/sym/rt.jar/java/util/Map$Entry.class): major version 52 is newer than 51, the highest major version supported by this compiler.\n    [javac]   It is recommended that the compiler be upgraded.\n    [javac] warning: /home/cmd/jdk1.8.0_391/lib/ct.sym(META-INF/sym/rt.jar/java/lang/Double.class): major version 52 is newer than 51, the highest major version supported by this compiler.\n    [javac]   It is recommended that the compiler be upgraded.\n    [javac] warning: /home/cmd/jdk1.8.0_391/lib/ct.sym(META-INF/sym/rt.jar/java/lang/Number.class): major version 52 is newer than 51, the highest major version supported by this compiler.\n    [javac]   It is recommended that the compiler be upgraded.\n    [javac] warning: /home/cmd/jdk1.8.0_391/lib/ct.sym(META-INF/sym/rt.jar/java/io/StringReader.class): major version 52 is newer than 51, the highest major version supported by this compiler.\n    [javac]   It is recommended that the compiler be upgraded.\n    [javac] warning: /home/cmd/jdk1.8.0_391/lib/ct.sym(META-INF/sym/rt.jar/java/io/Reader.class): major version 52 is newer than 51, the highest major version supported by this compiler.\n    [javac]   It is recommended that the compiler be upgraded.\n    [javac] warning: /home/cmd/jdk1.8.0_391/lib/ct.sym(META-INF/sym/rt.jar/java/io/PrintStream.class): major version 52 is newer than 51, the highest major version supported by this compiler.\n    [javac]   It is recommended that the compiler be upgraded.\n    [javac] warning: /home/cmd/jdk1.8.0_391/lib/ct.sym(META-INF/sym/rt.jar/java/util/Stack.class): major version 52 is newer than 51, the highest major version supported by this compiler.\n    [javac]   It is recommended that the compiler be upgraded.\n    [javac] warning: /home/cmd/jdk1.8.0_391/lib/ct.sym(META-INF/sym/rt.jar/java/text/DecimalFormat.class): major version 52 is newer than 51, the highest major version supported by this compiler.\n    [javac]   It is recommended that the compiler be upgraded.\n    [javac] warning: /home/cmd/jdk1.8.0_391/lib/ct.sym(META-INF/sym/rt.jar/java/text/NumberFormat.class): major version 52 is newer than 51, the highest major version supported by this compiler.\n    [javac]   It is recommended that the compiler be upgraded.\n    [javac] warning: /home/cmd/jdk1.8.0_391/lib/ct.sym(META-INF/sym/rt.jar/java/beans/IndexedPropertyDescriptor.class): major version 52 is newer than 51, the highest major version supported by this compiler.\n    [javac]   It is recommended that the compiler be upgraded.\n    [javac] warning: /home/cmd/jdk1.8.0_391/lib/ct.sym(META-INF/sym/rt.jar/org/w3c/dom/Attr.class): major version 52 is newer than 51, the highest major version supported by this compiler.\n    [javac]   It is recommended that the compiler be upgraded.\n    [javac] warning: /home/cmd/jdk1.8.0_391/lib/ct.sym(META-INF/sym/rt.jar/org/w3c/dom/Element.class): major version 52 is newer than 51, the highest major version supported by this compiler.\n    [javac]   It is recommended that the compiler be upgraded.\n    [javac] warning: /home/cmd/jdk1.8.0_391/lib/ct.sym(META-INF/sym/rt.jar/org/w3c/dom/NamedNodeMap.class): major version 52 is newer than 51, the highest major version supported by this compiler.\n    [javac]   It is recommended that the compiler be upgraded.\n    [javac] warning: /home/cmd/jdk1.8.0_391/lib/ct.sym(META-INF/sym/rt.jar/org/w3c/dom/Node.class): major version 52 is newer than 51, the highest major version supported by this compiler.\n    [javac]   It is recommended that the compiler be upgraded.\n    [javac] warning: /home/cmd/jdk1.8.0_391/lib/ct.sym(META-INF/sym/rt.jar/org/w3c/dom/Comment.class): major version 52 is newer than 51, the highest major version supported by this compiler.\n    [javac]   It is recommended that the compiler be upgraded.\n    [javac] warning: /home/cmd/jdk1.8.0_391/lib/ct.sym(META-INF/sym/rt.jar/org/w3c/dom/NodeList.class): major version 52 is newer than 51, the highest major version supported by this compiler.\n    [javac]   It is recommended that the compiler be upgraded.\n    [javac] warning: /home/cmd/jdk1.8.0_391/lib/ct.sym(META-INF/sym/rt.jar/org/w3c/dom/ProcessingInstruction.class): major version 52 is newer than 51, the highest major version supported by this compiler.\n    [javac]   It is recommended that the compiler be upgraded.\n    [javac] warning: /home/cmd/jdk1.8.0_391/lib/ct.sym(META-INF/sym/rt.jar/java/util/Enumeration.class): major version 52 is newer than 51, the highest major version supported by this compiler.\n    [javac]   It is recommended that the compiler be upgraded.\n    [javac] warning: /home/cmd/jdk1.8.0_391/lib/ct.sym(META-INF/sym/rt.jar/java/lang/reflect/Array.class): major version 52 is newer than 51, the highest major version supported by this compiler.\n    [javac]   It is recommended that the compiler be upgraded.\n    [javac] warning: /home/cmd/jdk1.8.0_391/lib/ct.sym(META-INF/sym/rt.jar/java/math/BigDecimal.class): major version 52 is newer than 51, the highest major version supported by this compiler.\n    [javac]   It is recommended that the compiler be upgraded.\n    [javac] warning: /home/cmd/jdk1.8.0_391/lib/ct.sym(META-INF/sym/rt.jar/java/math/BigInteger.class): major version 52 is newer than 51, the highest major version supported by this compiler.\n    [javac]   It is recommended that the compiler be upgraded.\n    [javac] warning: /home/cmd/jdk1.8.0_391/lib/ct.sym(META-INF/sym/rt.jar/java/util/SortedSet.class): major version 52 is newer than 51, the highest major version supported by this compiler.\n    [javac]   It is recommended that the compiler be upgraded.\n    [javac] warning: /home/cmd/jdk1.8.0_391/lib/ct.sym(META-INF/sym/rt.jar/java/lang/ClassLoader.class): major version 52 is newer than 51, the highest major version supported by this compiler.\n    [javac]   It is recommended that the compiler be upgraded.\n    [javac] warning: /home/cmd/jdk1.8.0_391/lib/ct.sym(META-INF/sym/rt.jar/java/lang/ClassNotFoundException.class): major version 52 is newer than 51, the highest major version supported by this compiler.\n    [javac]   It is recommended that the compiler be upgraded.\n    [javac] warning: /home/cmd/jdk1.8.0_391/lib/ct.sym(META-INF/sym/rt.jar/javax/xml/parsers/DocumentBuilderFactory.class): major version 52 is newer than 51, the highest major version supported by this compiler.\n    [javac]   It is recommended that the compiler be upgraded.\n    [javac] /home/cmd/jdk1.8.0_391/lib/ct.sym(META-INF/sym/rt.jar/java/lang/Object.class): warning: Cannot find annotation method 'value()' in type 'Profile+Annotation': class file for jdk.Profile+Annotation not found\n    [javac] /home/cmd/jdk1.8.0_391/lib/ct.sym(META-INF/sym/rt.jar/java/text/DecimalFormatSymbols.class): warning: Cannot find annotation method 'value()' in type 'Profile+Annotation'\n    [javac] /home/cmd/jdk1.8.0_391/lib/ct.sym(META-INF/sym/rt.jar/java/util/ArrayList.class): warning: Cannot find annotation method 'value()' in type 'Profile+Annotation'\n    [javac] /home/cmd/jdk1.8.0_391/lib/ct.sym(META-INF/sym/rt.jar/java/util/HashMap.class): warning: Cannot find annotation method 'value()' in type 'Profile+Annotation'\n    [javac] /home/cmd/jdk1.8.0_391/lib/ct.sym(META-INF/sym/rt.jar/java/util/Iterator.class): warning: Cannot find annotation method 'value()' in type 'Profile+Annotation'\n    [javac] /home/cmd/jdk1.8.0_391/lib/ct.sym(META-INF/sym/rt.jar/java/util/List.class): warning: Cannot find annotation method 'value()' in type 'Profile+Annotation'\n    [javac] /home/cmd/jdk1.8.0_391/lib/ct.sym(META-INF/sym/rt.jar/java/util/Locale.class): warning: Cannot find annotation method 'value()' in type 'Profile+Annotation'\n    [javac] /home/cmd/jdk1.8.0_391/lib/ct.sym(META-INF/sym/rt.jar/java/io/Serializable.class): warning: Cannot find annotation method 'value()' in type 'Profile+Annotation'\n    [javac] /home/cmd/jdk1.8.0_391/lib/ct.sym(META-INF/sym/rt.jar/java/lang/Cloneable.class): warning: Cannot find annotation method 'value()' in type 'Profile+Annotation'\n    [javac] /home/cmd/jdk1.8.0_391/lib/ct.sym(META-INF/sym/rt.jar/java/lang/Comparable.class): warning: Cannot find annotation method 'value()' in type 'Profile+Annotation'\n    [javac] /home/cmd/jdk1.8.0_391/lib/ct.sym(META-INF/sym/rt.jar/java/lang/String.class): warning: Cannot find annotation method 'value()' in type 'Profile+Annotation'\n    [javac] /home/cmd/jdk1.8.0_391/lib/ct.sym(META-INF/sym/rt.jar/java/io/BufferedReader.class): warning: Cannot find annotation method 'value()' in type 'Profile+Annotation'\n    [javac] /home/cmd/jdk1.8.0_391/lib/ct.sym(META-INF/sym/rt.jar/java/io/File.class): warning: Cannot find annotation method 'value()' in type 'Profile+Annotation'\n    [javac] /home/cmd/jdk1.8.0_391/lib/ct.sym(META-INF/sym/rt.jar/java/io/FileInputStream.class): warning: Cannot find annotation method 'value()' in type 'Profile+Annotation'\n    [javac] /home/cmd/jdk1.8.0_391/lib/ct.sym(META-INF/sym/rt.jar/java/io/IOException.class): warning: Cannot find annotation method 'value()' in type 'Profile+Annotation'\n    [javac] /home/cmd/jdk1.8.0_391/lib/ct.sym(META-INF/sym/rt.jar/java/io/InputStream.class): warning: Cannot find annotation method 'value()' in type 'Profile+Annotation'\n    [javac] /home/cmd/jdk1.8.0_391/lib/ct.sym(META-INF/sym/rt.jar/java/io/InputStreamReader.class): warning: Cannot find annotation method 'value()' in type 'Profile+Annotation'\n    [javac] /home/cmd/jdk1.8.0_391/lib/ct.sym(META-INF/sym/rt.jar/java/util/Properties.class): warning: Cannot find annotation method 'value()' in type 'Profile+Annotation'\n    [javac] /home/cmd/jdk1.8.0_391/lib/ct.sym(META-INF/sym/rt.jar/java/lang/reflect/Constructor.class): warning: Cannot find annotation method 'value()' in type 'Profile+Annotation'\n    [javac] /home/cmd/jdk1.8.0_391/lib/ct.sym(META-INF/sym/rt.jar/java/lang/reflect/Method.class): warning: Cannot find annotation method 'value()' in type 'Profile+Annotation'\n    [javac] /home/cmd/jdk1.8.0_391/lib/ct.sym(META-INF/sym/rt.jar/java/util/Collection.class): warning: Cannot find annotation method 'value()' in type 'Profile+Annotation'\n    [javac] /home/cmd/jdk1.8.0_391/lib/ct.sym(META-INF/sym/rt.jar/java/util/Collections.class): warning: Cannot find annotation method 'value()' in type 'Profile+Annotation'\n    [javac] /home/cmd/jdk1.8.0_391/lib/ct.sym(META-INF/sym/rt.jar/java/util/Set.class): warning: Cannot find annotation method 'value()' in type 'Profile+Annotation'\n    [javac] /home/cmd/jdk1.8.0_391/lib/ct.sym(META-INF/sym/rt.jar/java/lang/Class.class): warning: Cannot find annotation method 'value()' in type 'Profile+Annotation'\n    [javac] /home/cmd/jdk1.8.0_391/lib/ct.sym(META-INF/sym/rt.jar/java/lang/Throwable.class): warning: Cannot find annotation method 'value()' in type 'Profile+Annotation'\n    [javac] /home/cmd/jdk1.8.0_391/lib/ct.sym(META-INF/sym/rt.jar/java/util/Map.class): warning: Cannot find annotation method 'value()' in type 'Profile+Annotation'\n    [javac] /home/cmd/jdk1.8.0_391/lib/ct.sym(META-INF/sym/rt.jar/java/lang/RuntimeException.class): warning: Cannot find annotation method 'value()' in type 'Profile+Annotation'\n    [javac] /data/cmd/Ming/llm-fl-apr/tmp/JxPath_21-prompt_apr_4-deepseek-chat/src/java/org/apache/commons/jxpath/ri/model/beans/PropertyPointer.java:152: error: incomparable types: int and <null>\n    [javac] return ValueUtils.getLength(getBaseValue()) != null ? ValueUtils.getLength(getBaseValue()) : 0;    }\n    [javac]                                             ^\n    [javac] Note: Some input files use unchecked or unsafe operations.\n    [javac] Note: Recompile with -Xlint:unchecked for details.\n    [javac] 1 error\n    [javac] 100 warnings\n\nBUILD FAILED\n/data/cmd/Ming/llm-fl-apr/tmp/JxPath_21-prompt_apr_4-deepseek-chat/build.xml:36: Compile failed; see the compiler error output for details.\n\nTotal time: 5 seconds\nCannot compile sources! at /data/cmd/Ming/LLM_Based-Mutation/tools/mutant/defects4j-2.1.0/framework/bin/d4j/d4j-compile line 82.\nCompilation failed in require at /data/cmd/Ming/LLM_Based-Mutation/tools/mutant/defects4j-2.1.0/framework/bin/defects4j line 195.\n"
                }
            }
        },
        "prompt_apr_5": {
            "ernie-3.5-128k": {
                "compile": {
                    "rc": 0,
                    "so": "",
                    "se": "Running ant (compile)...................................................... OK\nRunning ant (compile.tests)................................................ OK\n"
                },
                "test": {
                    "rc": 0,
                    "so": "Failing tests: 2\n  - org.apache.commons.jxpath.ri.model.JXPath151Test::testMapValueEquality\n  - org.apache.commons.jxpath.ri.model.MixedModelTest::testNull\n",
                    "se": "Running ant (compile.tests)................................................ OK\nRunning ant (run.dev.tests)................................................ OK\n"
                }
            },
            "qwen-turbo": {
                "compile": {
                    "rc": 1,
                    "so": "",
                    "se": "Running ant (compile)...................................................... FAIL\nExecuted command:  cd /data/cmd/Ming/llm-fl-apr/tmp/JxPath_21-prompt_apr_5-qwen-turbo && /data/cmd/Ming/LLM_Based-Mutation/tools/mutant/defects4j-2.1.0/major/bin/ant -f /data/cmd/Ming/LLM_Based-Mutation/tools/mutant/defects4j-2.1.0/framework/projects/defects4j.build.xml -Dd4j.home=/data/cmd/Ming/LLM_Based-Mutation/tools/mutant/defects4j-2.1.0 -Dd4j.dir.projects=/data/cmd/Ming/LLM_Based-Mutation/tools/mutant/defects4j-2.1.0/framework/projects -Dbasedir=/data/cmd/Ming/llm-fl-apr/tmp/JxPath_21-prompt_apr_5-qwen-turbo -Dbuild.compiler=javac1.7  compile 2>&1\nJava HotSpot(TM) 64-Bit Server VM warning: ignoring option MaxPermSize=1G; support was removed in 8.0\nBuildfile: /data/cmd/Ming/LLM_Based-Mutation/tools/mutant/defects4j-2.1.0/framework/projects/defects4j.build.xml\n\ninit:\n\nget-deps:\n      [get] Getting: file:/data/cmd/Ming/LLM_Based-Mutation/tools/mutant/defects4j-2.1.0/framework/projects/JxPath/lib/xerces/xerces/2.4.0/xerces-2.4.0.jar\n      [get] To: /data/cmd/Ming/llm-fl-apr/tmp/JxPath_21-prompt_apr_5-qwen-turbo/target/lib/xerces-2.4.0.jar\n      [get] Getting: file:/data/cmd/Ming/LLM_Based-Mutation/tools/mutant/defects4j-2.1.0/framework/projects/JxPath/lib/servletapi/servletapi/2.4/servletapi-2.4.jar\n      [get] To: /data/cmd/Ming/llm-fl-apr/tmp/JxPath_21-prompt_apr_5-qwen-turbo/target/lib/servletapi-2.4.jar\n      [get] Getting: file:/data/cmd/Ming/LLM_Based-Mutation/tools/mutant/defects4j-2.1.0/framework/projects/JxPath/lib/jspapi/jsp-api/2.0/jsp-api-2.0.jar\n      [get] To: /data/cmd/Ming/llm-fl-apr/tmp/JxPath_21-prompt_apr_5-qwen-turbo/target/lib/jsp-api-2.0.jar\n      [get] Getting: file:/data/cmd/Ming/LLM_Based-Mutation/tools/mutant/defects4j-2.1.0/framework/projects/JxPath/lib/xml-apis/xml-apis/2.0.2/xml-apis-2.0.2.jar\n      [get] To: /data/cmd/Ming/llm-fl-apr/tmp/JxPath_21-prompt_apr_5-qwen-turbo/target/lib/xml-apis-2.0.2.jar\n      [get] Getting: file:/data/cmd/Ming/LLM_Based-Mutation/tools/mutant/defects4j-2.1.0/framework/projects/JxPath/lib/jdom/jdom/1.0/jdom-1.0.jar\n      [get] To: /data/cmd/Ming/llm-fl-apr/tmp/JxPath_21-prompt_apr_5-qwen-turbo/target/lib/jdom-1.0.jar\n      [get] Getting: file:/data/cmd/Ming/LLM_Based-Mutation/tools/mutant/defects4j-2.1.0/framework/projects/JxPath/lib/commons-beanutils/commons-beanutils/1.7.0/commons-beanutils-1.7.0.jar\n      [get] To: /data/cmd/Ming/llm-fl-apr/tmp/JxPath_21-prompt_apr_5-qwen-turbo/target/lib/commons-beanutils-1.7.0.jar\n      [get] Getting: file:/data/cmd/Ming/LLM_Based-Mutation/tools/mutant/defects4j-2.1.0/framework/projects/JxPath/lib/commons-logging/commons-logging/1.1/commons-logging-1.1.jar\n      [get] To: /data/cmd/Ming/llm-fl-apr/tmp/JxPath_21-prompt_apr_5-qwen-turbo/target/lib/commons-logging-1.1.jar\n      [get] Getting: file:/data/cmd/Ming/LLM_Based-Mutation/tools/mutant/defects4j-2.1.0/framework/projects/JxPath/lib/junit/junit/3.8.1/junit-3.8.1.jar\n      [get] To: /data/cmd/Ming/llm-fl-apr/tmp/JxPath_21-prompt_apr_5-qwen-turbo/target/lib/junit-3.8.1.jar\n      [get] Getting: file:/data/cmd/Ming/LLM_Based-Mutation/tools/mutant/defects4j-2.1.0/framework/projects/JxPath/lib/mockrunner-0.4.1.jar\n      [get] To: /data/cmd/Ming/llm-fl-apr/tmp/JxPath_21-prompt_apr_5-qwen-turbo/target/lib/mockrunner-jdk1.3-j2ee1.3-0.4.jar\n\ncompile:\n    [mkdir] Created dir: /data/cmd/Ming/llm-fl-apr/tmp/JxPath_21-prompt_apr_5-qwen-turbo/target/classes\n    [javac] /data/cmd/Ming/llm-fl-apr/tmp/JxPath_21-prompt_apr_5-qwen-turbo/build.xml:36: warning: 'includeantruntime' was not set, defaulting to build.sysclasspath=last; set to false for repeatable builds\n    [javac] Compiling 171 source files to /data/cmd/Ming/llm-fl-apr/tmp/JxPath_21-prompt_apr_5-qwen-turbo/target/classes\n    [javac] warning: /home/cmd/jdk1.8.0_391/lib/ct.sym(META-INF/sym/rt.jar/java/lang/Object.class): major version 52 is newer than 51, the highest major version supported by this compiler.\n    [javac]   It is recommended that the compiler be upgraded.\n    [javac] warning: /home/cmd/jdk1.8.0_391/lib/ct.sym(META-INF/sym/rt.jar/java/text/DecimalFormatSymbols.class): major version 52 is newer than 51, the highest major version supported by this compiler.\n    [javac]   It is recommended that the compiler be upgraded.\n    [javac] warning: /home/cmd/jdk1.8.0_391/lib/ct.sym(META-INF/sym/rt.jar/java/util/ArrayList.class): major version 52 is newer than 51, the highest major version supported by this compiler.\n    [javac]   It is recommended that the compiler be upgraded.\n    [javac] warning: /home/cmd/jdk1.8.0_391/lib/ct.sym(META-INF/sym/rt.jar/java/util/HashMap.class): major version 52 is newer than 51, the highest major version supported by this compiler.\n    [javac]   It is recommended that the compiler be upgraded.\n    [javac] warning: /home/cmd/jdk1.8.0_391/lib/ct.sym(META-INF/sym/rt.jar/java/util/Iterator.class): major version 52 is newer than 51, the highest major version supported by this compiler.\n    [javac]   It is recommended that the compiler be upgraded.\n    [javac] warning: /home/cmd/jdk1.8.0_391/lib/ct.sym(META-INF/sym/rt.jar/java/util/List.class): major version 52 is newer than 51, the highest major version supported by this compiler.\n    [javac]   It is recommended that the compiler be upgraded.\n    [javac] warning: /home/cmd/jdk1.8.0_391/lib/ct.sym(META-INF/sym/rt.jar/java/util/Locale.class): major version 52 is newer than 51, the highest major version supported by this compiler.\n    [javac]   It is recommended that the compiler be upgraded.\n    [javac] warning: /home/cmd/jdk1.8.0_391/lib/ct.sym(META-INF/sym/rt.jar/java/io/Serializable.class): major version 52 is newer than 51, the highest major version supported by this compiler.\n    [javac]   It is recommended that the compiler be upgraded.\n    [javac] warning: /home/cmd/jdk1.8.0_391/lib/ct.sym(META-INF/sym/rt.jar/java/lang/Cloneable.class): major version 52 is newer than 51, the highest major version supported by this compiler.\n    [javac]   It is recommended that the compiler be upgraded.\n    [javac] warning: /home/cmd/jdk1.8.0_391/lib/ct.sym(META-INF/sym/rt.jar/java/lang/Comparable.class): major version 52 is newer than 51, the highest major version supported by this compiler.\n    [javac]   It is recommended that the compiler be upgraded.\n    [javac] warning: /home/cmd/jdk1.8.0_391/lib/ct.sym(META-INF/sym/rt.jar/java/lang/String.class): major version 52 is newer than 51, the highest major version supported by this compiler.\n    [javac]   It is recommended that the compiler be upgraded.\n    [javac] warning: /home/cmd/jdk1.8.0_391/lib/ct.sym(META-INF/sym/rt.jar/java/io/BufferedReader.class): major version 52 is newer than 51, the highest major version supported by this compiler.\n    [javac]   It is recommended that the compiler be upgraded.\n    [javac] warning: /home/cmd/jdk1.8.0_391/lib/ct.sym(META-INF/sym/rt.jar/java/io/File.class): major version 52 is newer than 51, the highest major version supported by this compiler.\n    [javac]   It is recommended that the compiler be upgraded.\n    [javac] warning: /home/cmd/jdk1.8.0_391/lib/ct.sym(META-INF/sym/rt.jar/java/io/FileInputStream.class): major version 52 is newer than 51, the highest major version supported by this compiler.\n    [javac]   It is recommended that the compiler be upgraded.\n    [javac] warning: /home/cmd/jdk1.8.0_391/lib/ct.sym(META-INF/sym/rt.jar/java/io/IOException.class): major version 52 is newer than 51, the highest major version supported by this compiler.\n    [javac]   It is recommended that the compiler be upgraded.\n    [javac] warning: /home/cmd/jdk1.8.0_391/lib/ct.sym(META-INF/sym/rt.jar/java/io/InputStream.class): major version 52 is newer than 51, the highest major version supported by this compiler.\n    [javac]   It is recommended that the compiler be upgraded.\n    [javac] warning: /home/cmd/jdk1.8.0_391/lib/ct.sym(META-INF/sym/rt.jar/java/io/InputStreamReader.class): major version 52 is newer than 51, the highest major version supported by this compiler.\n    [javac]   It is recommended that the compiler be upgraded.\n    [javac] warning: /home/cmd/jdk1.8.0_391/lib/ct.sym(META-INF/sym/rt.jar/java/util/Properties.class): major version 52 is newer than 51, the highest major version supported by this compiler.\n    [javac]   It is recommended that the compiler be upgraded.\n    [javac] warning: /home/cmd/jdk1.8.0_391/lib/ct.sym(META-INF/sym/rt.jar/java/lang/reflect/Constructor.class): major version 52 is newer than 51, the highest major version supported by this compiler.\n    [javac]   It is recommended that the compiler be upgraded.\n    [javac] warning: /home/cmd/jdk1.8.0_391/lib/ct.sym(META-INF/sym/rt.jar/java/lang/reflect/Method.class): major version 52 is newer than 51, the highest major version supported by this compiler.\n    [javac]   It is recommended that the compiler be upgraded.\n    [javac] warning: /home/cmd/jdk1.8.0_391/lib/ct.sym(META-INF/sym/rt.jar/java/util/Collection.class): major version 52 is newer than 51, the highest major version supported by this compiler.\n    [javac]   It is recommended that the compiler be upgraded.\n    [javac] warning: /home/cmd/jdk1.8.0_391/lib/ct.sym(META-INF/sym/rt.jar/java/util/Collections.class): major version 52 is newer than 51, the highest major version supported by this compiler.\n    [javac]   It is recommended that the compiler be upgraded.\n    [javac] warning: /home/cmd/jdk1.8.0_391/lib/ct.sym(META-INF/sym/rt.jar/java/util/Set.class): major version 52 is newer than 51, the highest major version supported by this compiler.\n    [javac]   It is recommended that the compiler be upgraded.\n    [javac] warning: /home/cmd/jdk1.8.0_391/lib/ct.sym(META-INF/sym/rt.jar/java/lang/Class.class): major version 52 is newer than 51, the highest major version supported by this compiler.\n    [javac]   It is recommended that the compiler be upgraded.\n    [javac] warning: /home/cmd/jdk1.8.0_391/lib/ct.sym(META-INF/sym/rt.jar/java/lang/Throwable.class): major version 52 is newer than 51, the highest major version supported by this compiler.\n    [javac]   It is recommended that the compiler be upgraded.\n    [javac] warning: /home/cmd/jdk1.8.0_391/lib/ct.sym(META-INF/sym/rt.jar/java/util/Map.class): major version 52 is newer than 51, the highest major version supported by this compiler.\n    [javac]   It is recommended that the compiler be upgraded.\n    [javac] warning: /home/cmd/jdk1.8.0_391/lib/ct.sym(META-INF/sym/rt.jar/java/lang/RuntimeException.class): major version 52 is newer than 51, the highest major version supported by this compiler.\n    [javac]   It is recommended that the compiler be upgraded.\n    [javac] warning: /home/cmd/jdk1.8.0_391/lib/ct.sym(META-INF/sym/rt.jar/java/lang/Exception.class): major version 52 is newer than 51, the highest major version supported by this compiler.\n    [javac]   It is recommended that the compiler be upgraded.\n    [javac] warning: /home/cmd/jdk1.8.0_391/lib/ct.sym(META-INF/sym/rt.jar/java/beans/BeanInfo.class): major version 52 is newer than 51, the highest major version supported by this compiler.\n    [javac]   It is recommended that the compiler be upgraded.\n    [javac] warning: /home/cmd/jdk1.8.0_391/lib/ct.sym(META-INF/sym/rt.jar/java/beans/IntrospectionException.class): major version 52 is newer than 51, the highest major version supported by this compiler.\n    [javac]   It is recommended that the compiler be upgraded.\n    [javac] warning: /home/cmd/jdk1.8.0_391/lib/ct.sym(META-INF/sym/rt.jar/java/beans/Introspector.class): major version 52 is newer than 51, the highest major version supported by this compiler.\n    [javac]   It is recommended that the compiler be upgraded.\n    [javac] warning: /home/cmd/jdk1.8.0_391/lib/ct.sym(META-INF/sym/rt.jar/java/beans/PropertyDescriptor.class): major version 52 is newer than 51, the highest major version supported by this compiler.\n    [javac]   It is recommended that the compiler be upgraded.\n    [javac] warning: /home/cmd/jdk1.8.0_391/lib/ct.sym(META-INF/sym/rt.jar/java/util/Arrays.class): major version 52 is newer than 51, the highest major version supported by this compiler.\n    [javac]   It is recommended that the compiler be upgraded.\n    [javac] warning: /home/cmd/jdk1.8.0_391/lib/ct.sym(META-INF/sym/rt.jar/java/util/Comparator.class): major version 52 is newer than 51, the highest major version supported by this compiler.\n    [javac]   It is recommended that the compiler be upgraded.\n    [javac] warning: /home/cmd/jdk1.8.0_391/lib/ct.sym(META-INF/sym/rt.jar/java/lang/Error.class): major version 52 is newer than 51, the highest major version supported by this compiler.\n    [javac]   It is recommended that the compiler be upgraded.\n    [javac] warning: /home/cmd/jdk1.8.0_391/lib/ct.sym(META-INF/sym/rt.jar/java/util/Date.class): major version 52 is newer than 51, the highest major version supported by this compiler.\n    [javac]   It is recommended that the compiler be upgraded.\n    [javac] warning: /home/cmd/jdk1.8.0_391/lib/ct.sym(META-INF/sym/rt.jar/java/net/URL.class): major version 52 is newer than 51, the highest major version supported by this compiler.\n    [javac]   It is recommended that the compiler be upgraded.\n    [javac] warning: /home/cmd/jdk1.8.0_391/lib/ct.sym(META-INF/sym/rt.jar/javax/xml/transform/Source.class): major version 52 is newer than 51, the highest major version supported by this compiler.\n    [javac]   It is recommended that the compiler be upgraded.\n    [javac] warning: /home/cmd/jdk1.8.0_391/lib/ct.sym(META-INF/sym/rt.jar/javax/xml/transform/Transformer.class): major version 52 is newer than 51, the highest major version supported by this compiler.\n    [javac]   It is recommended that the compiler be upgraded.\n    [javac] warning: /home/cmd/jdk1.8.0_391/lib/ct.sym(META-INF/sym/rt.jar/javax/xml/transform/TransformerFactory.class): major version 52 is newer than 51, the highest major version supported by this compiler.\n    [javac]   It is recommended that the compiler be upgraded.\n    [javac] warning: /home/cmd/jdk1.8.0_391/lib/ct.sym(META-INF/sym/rt.jar/javax/xml/transform/dom/DOMResult.class): major version 52 is newer than 51, the highest major version supported by this compiler.\n    [javac]   It is recommended that the compiler be upgraded.\n    [javac] warning: /home/cmd/jdk1.8.0_391/lib/ct.sym(META-INF/sym/rt.jar/org/w3c/dom/Document.class): major version 52 is newer than 51, the highest major version supported by this compiler.\n    [javac]   It is recommended that the compiler be upgraded.\n    [javac] warning: /home/cmd/jdk1.8.0_391/lib/ct.sym(META-INF/sym/rt.jar/java/lang/reflect/InvocationTargetException.class): major version 52 is newer than 51, the highest major version supported by this compiler.\n    [javac]   It is recommended that the compiler be upgraded.\n    [javac] warning: /home/cmd/jdk1.8.0_391/lib/ct.sym(META-INF/sym/rt.jar/java/lang/reflect/Modifier.class): major version 52 is newer than 51, the highest major version supported by this compiler.\n    [javac]   It is recommended that the compiler be upgraded.\n    [javac] warning: /home/cmd/jdk1.8.0_391/lib/ct.sym(META-INF/sym/rt.jar/java/util/HashSet.class): major version 52 is newer than 51, the highest major version supported by this compiler.\n    [javac]   It is recommended that the compiler be upgraded.\n    [javac] warning: /home/cmd/jdk1.8.0_391/lib/ct.sym(META-INF/sym/rt.jar/java/util/NoSuchElementException.class): major version 52 is newer than 51, the highest major version supported by this compiler.\n    [javac]   It is recommended that the compiler be upgraded.\n    [javac] warning: /home/cmd/jdk1.8.0_391/lib/ct.sym(META-INF/sym/rt.jar/java/lang/ref/SoftReference.class): major version 52 is newer than 51, the highest major version supported by this compiler.\n    [javac]   It is recommended that the compiler be upgraded.\n    [javac] warning: /home/cmd/jdk1.8.0_391/lib/ct.sym(META-INF/sym/rt.jar/java/util/Vector.class): major version 52 is newer than 51, the highest major version supported by this compiler.\n    [javac]   It is recommended that the compiler be upgraded.\n    [javac] warning: /home/cmd/jdk1.8.0_391/lib/ct.sym(META-INF/sym/rt.jar/java/util/Map$Entry.class): major version 52 is newer than 51, the highest major version supported by this compiler.\n    [javac]   It is recommended that the compiler be upgraded.\n    [javac] warning: /home/cmd/jdk1.8.0_391/lib/ct.sym(META-INF/sym/rt.jar/java/lang/Double.class): major version 52 is newer than 51, the highest major version supported by this compiler.\n    [javac]   It is recommended that the compiler be upgraded.\n    [javac] warning: /home/cmd/jdk1.8.0_391/lib/ct.sym(META-INF/sym/rt.jar/java/lang/Number.class): major version 52 is newer than 51, the highest major version supported by this compiler.\n    [javac]   It is recommended that the compiler be upgraded.\n    [javac] warning: /home/cmd/jdk1.8.0_391/lib/ct.sym(META-INF/sym/rt.jar/java/io/StringReader.class): major version 52 is newer than 51, the highest major version supported by this compiler.\n    [javac]   It is recommended that the compiler be upgraded.\n    [javac] warning: /home/cmd/jdk1.8.0_391/lib/ct.sym(META-INF/sym/rt.jar/java/io/Reader.class): major version 52 is newer than 51, the highest major version supported by this compiler.\n    [javac]   It is recommended that the compiler be upgraded.\n    [javac] warning: /home/cmd/jdk1.8.0_391/lib/ct.sym(META-INF/sym/rt.jar/java/io/PrintStream.class): major version 52 is newer than 51, the highest major version supported by this compiler.\n    [javac]   It is recommended that the compiler be upgraded.\n    [javac] warning: /home/cmd/jdk1.8.0_391/lib/ct.sym(META-INF/sym/rt.jar/java/util/Stack.class): major version 52 is newer than 51, the highest major version supported by this compiler.\n    [javac]   It is recommended that the compiler be upgraded.\n    [javac] warning: /home/cmd/jdk1.8.0_391/lib/ct.sym(META-INF/sym/rt.jar/java/text/DecimalFormat.class): major version 52 is newer than 51, the highest major version supported by this compiler.\n    [javac]   It is recommended that the compiler be upgraded.\n    [javac] warning: /home/cmd/jdk1.8.0_391/lib/ct.sym(META-INF/sym/rt.jar/java/text/NumberFormat.class): major version 52 is newer than 51, the highest major version supported by this compiler.\n    [javac]   It is recommended that the compiler be upgraded.\n    [javac] warning: /home/cmd/jdk1.8.0_391/lib/ct.sym(META-INF/sym/rt.jar/java/beans/IndexedPropertyDescriptor.class): major version 52 is newer than 51, the highest major version supported by this compiler.\n    [javac]   It is recommended that the compiler be upgraded.\n    [javac] warning: /home/cmd/jdk1.8.0_391/lib/ct.sym(META-INF/sym/rt.jar/org/w3c/dom/Attr.class): major version 52 is newer than 51, the highest major version supported by this compiler.\n    [javac]   It is recommended that the compiler be upgraded.\n    [javac] warning: /home/cmd/jdk1.8.0_391/lib/ct.sym(META-INF/sym/rt.jar/org/w3c/dom/Element.class): major version 52 is newer than 51, the highest major version supported by this compiler.\n    [javac]   It is recommended that the compiler be upgraded.\n    [javac] warning: /home/cmd/jdk1.8.0_391/lib/ct.sym(META-INF/sym/rt.jar/org/w3c/dom/NamedNodeMap.class): major version 52 is newer than 51, the highest major version supported by this compiler.\n    [javac]   It is recommended that the compiler be upgraded.\n    [javac] warning: /home/cmd/jdk1.8.0_391/lib/ct.sym(META-INF/sym/rt.jar/org/w3c/dom/Node.class): major version 52 is newer than 51, the highest major version supported by this compiler.\n    [javac]   It is recommended that the compiler be upgraded.\n    [javac] warning: /home/cmd/jdk1.8.0_391/lib/ct.sym(META-INF/sym/rt.jar/org/w3c/dom/Comment.class): major version 52 is newer than 51, the highest major version supported by this compiler.\n    [javac]   It is recommended that the compiler be upgraded.\n    [javac] warning: /home/cmd/jdk1.8.0_391/lib/ct.sym(META-INF/sym/rt.jar/org/w3c/dom/NodeList.class): major version 52 is newer than 51, the highest major version supported by this compiler.\n    [javac]   It is recommended that the compiler be upgraded.\n    [javac] warning: /home/cmd/jdk1.8.0_391/lib/ct.sym(META-INF/sym/rt.jar/org/w3c/dom/ProcessingInstruction.class): major version 52 is newer than 51, the highest major version supported by this compiler.\n    [javac]   It is recommended that the compiler be upgraded.\n    [javac] warning: /home/cmd/jdk1.8.0_391/lib/ct.sym(META-INF/sym/rt.jar/java/util/Enumeration.class): major version 52 is newer than 51, the highest major version supported by this compiler.\n    [javac]   It is recommended that the compiler be upgraded.\n    [javac] warning: /home/cmd/jdk1.8.0_391/lib/ct.sym(META-INF/sym/rt.jar/java/lang/reflect/Array.class): major version 52 is newer than 51, the highest major version supported by this compiler.\n    [javac]   It is recommended that the compiler be upgraded.\n    [javac] warning: /home/cmd/jdk1.8.0_391/lib/ct.sym(META-INF/sym/rt.jar/java/math/BigDecimal.class): major version 52 is newer than 51, the highest major version supported by this compiler.\n    [javac]   It is recommended that the compiler be upgraded.\n    [javac] warning: /home/cmd/jdk1.8.0_391/lib/ct.sym(META-INF/sym/rt.jar/java/math/BigInteger.class): major version 52 is newer than 51, the highest major version supported by this compiler.\n    [javac]   It is recommended that the compiler be upgraded.\n    [javac] warning: /home/cmd/jdk1.8.0_391/lib/ct.sym(META-INF/sym/rt.jar/java/util/SortedSet.class): major version 52 is newer than 51, the highest major version supported by this compiler.\n    [javac]   It is recommended that the compiler be upgraded.\n    [javac] warning: /home/cmd/jdk1.8.0_391/lib/ct.sym(META-INF/sym/rt.jar/java/lang/ClassLoader.class): major version 52 is newer than 51, the highest major version supported by this compiler.\n    [javac]   It is recommended that the compiler be upgraded.\n    [javac] warning: /home/cmd/jdk1.8.0_391/lib/ct.sym(META-INF/sym/rt.jar/java/lang/ClassNotFoundException.class): major version 52 is newer than 51, the highest major version supported by this compiler.\n    [javac]   It is recommended that the compiler be upgraded.\n    [javac] warning: /home/cmd/jdk1.8.0_391/lib/ct.sym(META-INF/sym/rt.jar/javax/xml/parsers/DocumentBuilderFactory.class): major version 52 is newer than 51, the highest major version supported by this compiler.\n    [javac]   It is recommended that the compiler be upgraded.\n    [javac] /home/cmd/jdk1.8.0_391/lib/ct.sym(META-INF/sym/rt.jar/java/lang/Object.class): warning: Cannot find annotation method 'value()' in type 'Profile+Annotation': class file for jdk.Profile+Annotation not found\n    [javac] /home/cmd/jdk1.8.0_391/lib/ct.sym(META-INF/sym/rt.jar/java/text/DecimalFormatSymbols.class): warning: Cannot find annotation method 'value()' in type 'Profile+Annotation'\n    [javac] /home/cmd/jdk1.8.0_391/lib/ct.sym(META-INF/sym/rt.jar/java/util/ArrayList.class): warning: Cannot find annotation method 'value()' in type 'Profile+Annotation'\n    [javac] /home/cmd/jdk1.8.0_391/lib/ct.sym(META-INF/sym/rt.jar/java/util/HashMap.class): warning: Cannot find annotation method 'value()' in type 'Profile+Annotation'\n    [javac] /home/cmd/jdk1.8.0_391/lib/ct.sym(META-INF/sym/rt.jar/java/util/Iterator.class): warning: Cannot find annotation method 'value()' in type 'Profile+Annotation'\n    [javac] /home/cmd/jdk1.8.0_391/lib/ct.sym(META-INF/sym/rt.jar/java/util/List.class): warning: Cannot find annotation method 'value()' in type 'Profile+Annotation'\n    [javac] /home/cmd/jdk1.8.0_391/lib/ct.sym(META-INF/sym/rt.jar/java/util/Locale.class): warning: Cannot find annotation method 'value()' in type 'Profile+Annotation'\n    [javac] /home/cmd/jdk1.8.0_391/lib/ct.sym(META-INF/sym/rt.jar/java/io/Serializable.class): warning: Cannot find annotation method 'value()' in type 'Profile+Annotation'\n    [javac] /home/cmd/jdk1.8.0_391/lib/ct.sym(META-INF/sym/rt.jar/java/lang/Cloneable.class): warning: Cannot find annotation method 'value()' in type 'Profile+Annotation'\n    [javac] /home/cmd/jdk1.8.0_391/lib/ct.sym(META-INF/sym/rt.jar/java/lang/Comparable.class): warning: Cannot find annotation method 'value()' in type 'Profile+Annotation'\n    [javac] /home/cmd/jdk1.8.0_391/lib/ct.sym(META-INF/sym/rt.jar/java/lang/String.class): warning: Cannot find annotation method 'value()' in type 'Profile+Annotation'\n    [javac] /home/cmd/jdk1.8.0_391/lib/ct.sym(META-INF/sym/rt.jar/java/io/BufferedReader.class): warning: Cannot find annotation method 'value()' in type 'Profile+Annotation'\n    [javac] /home/cmd/jdk1.8.0_391/lib/ct.sym(META-INF/sym/rt.jar/java/io/File.class): warning: Cannot find annotation method 'value()' in type 'Profile+Annotation'\n    [javac] /home/cmd/jdk1.8.0_391/lib/ct.sym(META-INF/sym/rt.jar/java/io/FileInputStream.class): warning: Cannot find annotation method 'value()' in type 'Profile+Annotation'\n    [javac] /home/cmd/jdk1.8.0_391/lib/ct.sym(META-INF/sym/rt.jar/java/io/IOException.class): warning: Cannot find annotation method 'value()' in type 'Profile+Annotation'\n    [javac] /home/cmd/jdk1.8.0_391/lib/ct.sym(META-INF/sym/rt.jar/java/io/InputStream.class): warning: Cannot find annotation method 'value()' in type 'Profile+Annotation'\n    [javac] /home/cmd/jdk1.8.0_391/lib/ct.sym(META-INF/sym/rt.jar/java/io/InputStreamReader.class): warning: Cannot find annotation method 'value()' in type 'Profile+Annotation'\n    [javac] /home/cmd/jdk1.8.0_391/lib/ct.sym(META-INF/sym/rt.jar/java/util/Properties.class): warning: Cannot find annotation method 'value()' in type 'Profile+Annotation'\n    [javac] /home/cmd/jdk1.8.0_391/lib/ct.sym(META-INF/sym/rt.jar/java/lang/reflect/Constructor.class): warning: Cannot find annotation method 'value()' in type 'Profile+Annotation'\n    [javac] /home/cmd/jdk1.8.0_391/lib/ct.sym(META-INF/sym/rt.jar/java/lang/reflect/Method.class): warning: Cannot find annotation method 'value()' in type 'Profile+Annotation'\n    [javac] /home/cmd/jdk1.8.0_391/lib/ct.sym(META-INF/sym/rt.jar/java/util/Collection.class): warning: Cannot find annotation method 'value()' in type 'Profile+Annotation'\n    [javac] /home/cmd/jdk1.8.0_391/lib/ct.sym(META-INF/sym/rt.jar/java/util/Collections.class): warning: Cannot find annotation method 'value()' in type 'Profile+Annotation'\n    [javac] /home/cmd/jdk1.8.0_391/lib/ct.sym(META-INF/sym/rt.jar/java/util/Set.class): warning: Cannot find annotation method 'value()' in type 'Profile+Annotation'\n    [javac] /home/cmd/jdk1.8.0_391/lib/ct.sym(META-INF/sym/rt.jar/java/lang/Class.class): warning: Cannot find annotation method 'value()' in type 'Profile+Annotation'\n    [javac] /home/cmd/jdk1.8.0_391/lib/ct.sym(META-INF/sym/rt.jar/java/lang/Throwable.class): warning: Cannot find annotation method 'value()' in type 'Profile+Annotation'\n    [javac] /home/cmd/jdk1.8.0_391/lib/ct.sym(META-INF/sym/rt.jar/java/util/Map.class): warning: Cannot find annotation method 'value()' in type 'Profile+Annotation'\n    [javac] /home/cmd/jdk1.8.0_391/lib/ct.sym(META-INF/sym/rt.jar/java/lang/RuntimeException.class): warning: Cannot find annotation method 'value()' in type 'Profile+Annotation'\n    [javac] /data/cmd/Ming/llm-fl-apr/tmp/JxPath_21-prompt_apr_5-qwen-turbo/src/java/org/apache/commons/jxpath/ri/model/beans/PropertyPointer.java:152: error: cannot find symbol\n    [javac] return getBaseValue().length;    }\n    [javac]                      ^\n    [javac]   symbol:   variable length\n    [javac]   location: class Object\n    [javac] Note: Some input files use unchecked or unsafe operations.\n    [javac] Note: Recompile with -Xlint:unchecked for details.\n    [javac] 1 error\n    [javac] 100 warnings\n\nBUILD FAILED\n/data/cmd/Ming/llm-fl-apr/tmp/JxPath_21-prompt_apr_5-qwen-turbo/build.xml:36: Compile failed; see the compiler error output for details.\n\nTotal time: 7 seconds\nCannot compile sources! at /data/cmd/Ming/LLM_Based-Mutation/tools/mutant/defects4j-2.1.0/framework/bin/d4j/d4j-compile line 82.\nCompilation failed in require at /data/cmd/Ming/LLM_Based-Mutation/tools/mutant/defects4j-2.1.0/framework/bin/defects4j line 195.\n"
                }
            },
            "doubao-pro-4k": {
                "compile": {
                    "rc": 1,
                    "so": "",
                    "se": "Running ant (compile)...................................................... FAIL\nExecuted command:  cd /data/cmd/Ming/llm-fl-apr/tmp/JxPath_21-prompt_apr_5-doubao-pro-4k && /data/cmd/Ming/LLM_Based-Mutation/tools/mutant/defects4j-2.1.0/major/bin/ant -f /data/cmd/Ming/LLM_Based-Mutation/tools/mutant/defects4j-2.1.0/framework/projects/defects4j.build.xml -Dd4j.home=/data/cmd/Ming/LLM_Based-Mutation/tools/mutant/defects4j-2.1.0 -Dd4j.dir.projects=/data/cmd/Ming/LLM_Based-Mutation/tools/mutant/defects4j-2.1.0/framework/projects -Dbasedir=/data/cmd/Ming/llm-fl-apr/tmp/JxPath_21-prompt_apr_5-doubao-pro-4k -Dbuild.compiler=javac1.7  compile 2>&1\nJava HotSpot(TM) 64-Bit Server VM warning: ignoring option MaxPermSize=1G; support was removed in 8.0\nBuildfile: /data/cmd/Ming/LLM_Based-Mutation/tools/mutant/defects4j-2.1.0/framework/projects/defects4j.build.xml\n\ninit:\n\nget-deps:\n      [get] Getting: file:/data/cmd/Ming/LLM_Based-Mutation/tools/mutant/defects4j-2.1.0/framework/projects/JxPath/lib/xerces/xerces/2.4.0/xerces-2.4.0.jar\n      [get] To: /data/cmd/Ming/llm-fl-apr/tmp/JxPath_21-prompt_apr_5-doubao-pro-4k/target/lib/xerces-2.4.0.jar\n      [get] Getting: file:/data/cmd/Ming/LLM_Based-Mutation/tools/mutant/defects4j-2.1.0/framework/projects/JxPath/lib/servletapi/servletapi/2.4/servletapi-2.4.jar\n      [get] To: /data/cmd/Ming/llm-fl-apr/tmp/JxPath_21-prompt_apr_5-doubao-pro-4k/target/lib/servletapi-2.4.jar\n      [get] Getting: file:/data/cmd/Ming/LLM_Based-Mutation/tools/mutant/defects4j-2.1.0/framework/projects/JxPath/lib/jspapi/jsp-api/2.0/jsp-api-2.0.jar\n      [get] To: /data/cmd/Ming/llm-fl-apr/tmp/JxPath_21-prompt_apr_5-doubao-pro-4k/target/lib/jsp-api-2.0.jar\n      [get] Getting: file:/data/cmd/Ming/LLM_Based-Mutation/tools/mutant/defects4j-2.1.0/framework/projects/JxPath/lib/xml-apis/xml-apis/2.0.2/xml-apis-2.0.2.jar\n      [get] To: /data/cmd/Ming/llm-fl-apr/tmp/JxPath_21-prompt_apr_5-doubao-pro-4k/target/lib/xml-apis-2.0.2.jar\n      [get] Getting: file:/data/cmd/Ming/LLM_Based-Mutation/tools/mutant/defects4j-2.1.0/framework/projects/JxPath/lib/jdom/jdom/1.0/jdom-1.0.jar\n      [get] To: /data/cmd/Ming/llm-fl-apr/tmp/JxPath_21-prompt_apr_5-doubao-pro-4k/target/lib/jdom-1.0.jar\n      [get] Getting: file:/data/cmd/Ming/LLM_Based-Mutation/tools/mutant/defects4j-2.1.0/framework/projects/JxPath/lib/commons-beanutils/commons-beanutils/1.7.0/commons-beanutils-1.7.0.jar\n      [get] To: /data/cmd/Ming/llm-fl-apr/tmp/JxPath_21-prompt_apr_5-doubao-pro-4k/target/lib/commons-beanutils-1.7.0.jar\n      [get] Getting: file:/data/cmd/Ming/LLM_Based-Mutation/tools/mutant/defects4j-2.1.0/framework/projects/JxPath/lib/commons-logging/commons-logging/1.1/commons-logging-1.1.jar\n      [get] To: /data/cmd/Ming/llm-fl-apr/tmp/JxPath_21-prompt_apr_5-doubao-pro-4k/target/lib/commons-logging-1.1.jar\n      [get] Getting: file:/data/cmd/Ming/LLM_Based-Mutation/tools/mutant/defects4j-2.1.0/framework/projects/JxPath/lib/junit/junit/3.8.1/junit-3.8.1.jar\n      [get] To: /data/cmd/Ming/llm-fl-apr/tmp/JxPath_21-prompt_apr_5-doubao-pro-4k/target/lib/junit-3.8.1.jar\n      [get] Getting: file:/data/cmd/Ming/LLM_Based-Mutation/tools/mutant/defects4j-2.1.0/framework/projects/JxPath/lib/mockrunner-0.4.1.jar\n      [get] To: /data/cmd/Ming/llm-fl-apr/tmp/JxPath_21-prompt_apr_5-doubao-pro-4k/target/lib/mockrunner-jdk1.3-j2ee1.3-0.4.jar\n\ncompile:\n    [mkdir] Created dir: /data/cmd/Ming/llm-fl-apr/tmp/JxPath_21-prompt_apr_5-doubao-pro-4k/target/classes\n    [javac] /data/cmd/Ming/llm-fl-apr/tmp/JxPath_21-prompt_apr_5-doubao-pro-4k/build.xml:36: warning: 'includeantruntime' was not set, defaulting to build.sysclasspath=last; set to false for repeatable builds\n    [javac] Compiling 171 source files to /data/cmd/Ming/llm-fl-apr/tmp/JxPath_21-prompt_apr_5-doubao-pro-4k/target/classes\n    [javac] /data/cmd/Ming/llm-fl-apr/tmp/JxPath_21-prompt_apr_5-doubao-pro-4k/src/java/org/apache/commons/jxpath/ri/model/beans/PropertyPointer.java:159: error: illegal start of expression\n    [javac]     public NodePointer getImmediateValuePointer() {\n    [javac]     ^\n    [javac] /data/cmd/Ming/llm-fl-apr/tmp/JxPath_21-prompt_apr_5-doubao-pro-4k/src/java/org/apache/commons/jxpath/ri/model/beans/PropertyPointer.java:159: error: ';' expected\n    [javac]     public NodePointer getImmediateValuePointer() {\n    [javac]                                                ^\n    [javac] /data/cmd/Ming/llm-fl-apr/tmp/JxPath_21-prompt_apr_5-doubao-pro-4k/src/java/org/apache/commons/jxpath/ri/model/beans/PropertyPointer.java:166: error: illegal start of expression\n    [javac]     public NodePointer createPath(JXPathContext context) {\n    [javac]     ^\n    [javac] /data/cmd/Ming/llm-fl-apr/tmp/JxPath_21-prompt_apr_5-doubao-pro-4k/src/java/org/apache/commons/jxpath/ri/model/beans/PropertyPointer.java:166: error: ';' expected\n    [javac]     public NodePointer createPath(JXPathContext context) {\n    [javac]                                  ^\n    [javac] /data/cmd/Ming/llm-fl-apr/tmp/JxPath_21-prompt_apr_5-doubao-pro-4k/src/java/org/apache/commons/jxpath/ri/model/beans/PropertyPointer.java:166: error: ';' expected\n    [javac]     public NodePointer createPath(JXPathContext context) {\n    [javac]                                                        ^\n    [javac] /data/cmd/Ming/llm-fl-apr/tmp/JxPath_21-prompt_apr_5-doubao-pro-4k/src/java/org/apache/commons/jxpath/ri/model/beans/PropertyPointer.java:185: error: illegal start of expression\n    [javac]     public NodePointer createPath(JXPathContext context, Object value) {\n    [javac]     ^\n    [javac] /data/cmd/Ming/llm-fl-apr/tmp/JxPath_21-prompt_apr_5-doubao-pro-4k/src/java/org/apache/commons/jxpath/ri/model/beans/PropertyPointer.java:185: error: ';' expected\n    [javac]     public NodePointer createPath(JXPathContext context, Object value) {\n    [javac]                                  ^\n    [javac] /data/cmd/Ming/llm-fl-apr/tmp/JxPath_21-prompt_apr_5-doubao-pro-4k/src/java/org/apache/commons/jxpath/ri/model/beans/PropertyPointer.java:185: error: ';' expected\n    [javac]     public NodePointer createPath(JXPathContext context, Object value) {\n    [javac]                                                                ^\n    [javac] /data/cmd/Ming/llm-fl-apr/tmp/JxPath_21-prompt_apr_5-doubao-pro-4k/src/java/org/apache/commons/jxpath/ri/model/beans/PropertyPointer.java:185: error: not a statement\n    [javac]     public NodePointer createPath(JXPathContext context, Object value) {\n    [javac]                                                                 ^\n    [javac] /data/cmd/Ming/llm-fl-apr/tmp/JxPath_21-prompt_apr_5-doubao-pro-4k/src/java/org/apache/commons/jxpath/ri/model/beans/PropertyPointer.java:185: error: ';' expected\n    [javac]     public NodePointer createPath(JXPathContext context, Object value) {\n    [javac]                                                                      ^\n    [javac] /data/cmd/Ming/llm-fl-apr/tmp/JxPath_21-prompt_apr_5-doubao-pro-4k/src/java/org/apache/commons/jxpath/ri/model/beans/PropertyPointer.java:194: error: illegal start of expression\n    [javac]     public NodePointer createChild(\n    [javac]     ^\n    [javac] /data/cmd/Ming/llm-fl-apr/tmp/JxPath_21-prompt_apr_5-doubao-pro-4k/src/java/org/apache/commons/jxpath/ri/model/beans/PropertyPointer.java:194: error: ';' expected\n    [javac]     public NodePointer createChild(\n    [javac]                                   ^\n    [javac] /data/cmd/Ming/llm-fl-apr/tmp/JxPath_21-prompt_apr_5-doubao-pro-4k/src/java/org/apache/commons/jxpath/ri/model/beans/PropertyPointer.java:196: error: ';' expected\n    [javac]         QName name,\n    [javac]              ^\n    [javac] /data/cmd/Ming/llm-fl-apr/tmp/JxPath_21-prompt_apr_5-doubao-pro-4k/src/java/org/apache/commons/jxpath/ri/model/beans/PropertyPointer.java:196: error: not a statement\n    [javac]         QName name,\n    [javac]               ^\n    [javac] /data/cmd/Ming/llm-fl-apr/tmp/JxPath_21-prompt_apr_5-doubao-pro-4k/src/java/org/apache/commons/jxpath/ri/model/beans/PropertyPointer.java:196: error: ';' expected\n    [javac]         QName name,\n    [javac]                   ^\n    [javac] /data/cmd/Ming/llm-fl-apr/tmp/JxPath_21-prompt_apr_5-doubao-pro-4k/src/java/org/apache/commons/jxpath/ri/model/beans/PropertyPointer.java:198: error: ';' expected\n    [javac]         Object value) {\n    [javac]               ^\n    [javac] /data/cmd/Ming/llm-fl-apr/tmp/JxPath_21-prompt_apr_5-doubao-pro-4k/src/java/org/apache/commons/jxpath/ri/model/beans/PropertyPointer.java:198: error: not a statement\n    [javac]         Object value) {\n    [javac]                ^\n    [javac] /data/cmd/Ming/llm-fl-apr/tmp/JxPath_21-prompt_apr_5-doubao-pro-4k/src/java/org/apache/commons/jxpath/ri/model/beans/PropertyPointer.java:198: error: ';' expected\n    [javac]         Object value) {\n    [javac]                     ^\n    [javac] /data/cmd/Ming/llm-fl-apr/tmp/JxPath_21-prompt_apr_5-doubao-pro-4k/src/java/org/apache/commons/jxpath/ri/model/beans/PropertyPointer.java:207: error: illegal start of expression\n    [javac]     public NodePointer createChild(\n    [javac]     ^\n    [javac] /data/cmd/Ming/llm-fl-apr/tmp/JxPath_21-prompt_apr_5-doubao-pro-4k/src/java/org/apache/commons/jxpath/ri/model/beans/PropertyPointer.java:207: error: ';' expected\n    [javac]     public NodePointer createChild(\n    [javac]                                   ^\n    [javac] /data/cmd/Ming/llm-fl-apr/tmp/JxPath_21-prompt_apr_5-doubao-pro-4k/src/java/org/apache/commons/jxpath/ri/model/beans/PropertyPointer.java:209: error: ';' expected\n    [javac]         QName name,\n    [javac]              ^\n    [javac] /data/cmd/Ming/llm-fl-apr/tmp/JxPath_21-prompt_apr_5-doubao-pro-4k/src/java/org/apache/commons/jxpath/ri/model/beans/PropertyPointer.java:209: error: not a statement\n    [javac]         QName name,\n    [javac]               ^\n    [javac] /data/cmd/Ming/llm-fl-apr/tmp/JxPath_21-prompt_apr_5-doubao-pro-4k/src/java/org/apache/commons/jxpath/ri/model/beans/PropertyPointer.java:209: error: ';' expected\n    [javac]         QName name,\n    [javac]                   ^\n    [javac] /data/cmd/Ming/llm-fl-apr/tmp/JxPath_21-prompt_apr_5-doubao-pro-4k/src/java/org/apache/commons/jxpath/ri/model/beans/PropertyPointer.java:210: error: ';' expected\n    [javac]         int index) {\n    [javac]                  ^\n    [javac] /data/cmd/Ming/llm-fl-apr/tmp/JxPath_21-prompt_apr_5-doubao-pro-4k/src/java/org/apache/commons/jxpath/ri/model/beans/PropertyPointer.java:219: error: illegal start of expression\n    [javac]     public int hashCode() {\n    [javac]     ^\n    [javac] /data/cmd/Ming/llm-fl-apr/tmp/JxPath_21-prompt_apr_5-doubao-pro-4k/src/java/org/apache/commons/jxpath/ri/model/beans/PropertyPointer.java:219: error: ';' expected\n    [javac]     public int hashCode() {\n    [javac]                        ^\n    [javac] /data/cmd/Ming/llm-fl-apr/tmp/JxPath_21-prompt_apr_5-doubao-pro-4k/src/java/org/apache/commons/jxpath/ri/model/beans/PropertyPointer.java:223: error: illegal start of expression\n    [javac]     public boolean equals(Object object) {\n    [javac]     ^\n    [javac] /data/cmd/Ming/llm-fl-apr/tmp/JxPath_21-prompt_apr_5-doubao-pro-4k/src/java/org/apache/commons/jxpath/ri/model/beans/PropertyPointer.java:223: error: ';' expected\n    [javac]     public boolean equals(Object object) {\n    [javac]                          ^\n    [javac] /data/cmd/Ming/llm-fl-apr/tmp/JxPath_21-prompt_apr_5-doubao-pro-4k/src/java/org/apache/commons/jxpath/ri/model/beans/PropertyPointer.java:223: error: ';' expected\n    [javac]     public boolean equals(Object object) {\n    [javac]                                        ^\n    [javac] /data/cmd/Ming/llm-fl-apr/tmp/JxPath_21-prompt_apr_5-doubao-pro-4k/src/java/org/apache/commons/jxpath/ri/model/beans/PropertyPointer.java:247: error: illegal start of expression\n    [javac]     public int compareChildNodePointers(\n    [javac]     ^\n    [javac] /data/cmd/Ming/llm-fl-apr/tmp/JxPath_21-prompt_apr_5-doubao-pro-4k/src/java/org/apache/commons/jxpath/ri/model/beans/PropertyPointer.java:247: error: ';' expected\n    [javac]     public int compareChildNodePointers(\n    [javac]                                        ^\n    [javac] /data/cmd/Ming/llm-fl-apr/tmp/JxPath_21-prompt_apr_5-doubao-pro-4k/src/java/org/apache/commons/jxpath/ri/model/beans/PropertyPointer.java:249: error: ';' expected\n    [javac]         NodePointer pointer2) {\n    [javac]                    ^\n    [javac] /data/cmd/Ming/llm-fl-apr/tmp/JxPath_21-prompt_apr_5-doubao-pro-4k/src/java/org/apache/commons/jxpath/ri/model/beans/PropertyPointer.java:249: error: not a statement\n    [javac]         NodePointer pointer2) {\n    [javac]                     ^\n    [javac] /data/cmd/Ming/llm-fl-apr/tmp/JxPath_21-prompt_apr_5-doubao-pro-4k/src/java/org/apache/commons/jxpath/ri/model/beans/PropertyPointer.java:249: error: ';' expected\n    [javac]         NodePointer pointer2) {\n    [javac]                             ^\n    [javac] /data/cmd/Ming/llm-fl-apr/tmp/JxPath_21-prompt_apr_5-doubao-pro-4k/src/java/org/apache/commons/jxpath/ri/model/beans/PropertyPointer.java:253: error: reached end of file while parsing\n    [javac] }\n    [javac]  ^\n    [javac] 35 errors\n\nBUILD FAILED\n/data/cmd/Ming/llm-fl-apr/tmp/JxPath_21-prompt_apr_5-doubao-pro-4k/build.xml:36: Compile failed; see the compiler error output for details.\n\nTotal time: 3 seconds\nCannot compile sources! at /data/cmd/Ming/LLM_Based-Mutation/tools/mutant/defects4j-2.1.0/framework/bin/d4j/d4j-compile line 82.\nCompilation failed in require at /data/cmd/Ming/LLM_Based-Mutation/tools/mutant/defects4j-2.1.0/framework/bin/defects4j line 195.\n"
                }
            },
            "gpt-4o-mini": {
                "compile": {
                    "rc": 0,
                    "so": "",
                    "se": "Running ant (compile)...................................................... OK\nRunning ant (compile.tests)................................................ OK\n"
                },
                "test": {
                    "rc": 0,
                    "so": "Failing tests: 2\n  - org.apache.commons.jxpath.ri.model.JXPath151Test::testMapValueEquality\n  - org.apache.commons.jxpath.ri.model.MixedModelTest::testNull\n",
                    "se": "Running ant (compile.tests)................................................ OK\nRunning ant (run.dev.tests)................................................ OK\n"
                }
            },
            "deepseek-chat": {
                "compile": {
                    "rc": 0,
                    "so": "",
                    "se": "Running ant (compile)...................................................... OK\nRunning ant (compile.tests)................................................ OK\n"
                },
                "test": {
                    "rc": 0,
                    "so": "Failing tests: 0\n",
                    "se": "Running ant (compile.tests)................................................ OK\nRunning ant (run.dev.tests)................................................ OK\n"
                }
            }
        },
        "prompt_apr_6": {
            "ernie-3.5-128k": {
                "compile": {
                    "rc": 0,
                    "so": "",
                    "se": "Running ant (compile)...................................................... OK\nRunning ant (compile.tests)................................................ OK\n"
                },
                "test": {
                    "rc": 0,
                    "so": "Failing tests: 2\n  - org.apache.commons.jxpath.ri.model.JXPath151Test::testMapValueEquality\n  - org.apache.commons.jxpath.ri.model.MixedModelTest::testNull\n",
                    "se": "Running ant (compile.tests)................................................ OK\nRunning ant (run.dev.tests)................................................ OK\n"
                }
            },
            "qwen-turbo": {
                "compile": {
                    "rc": 1,
                    "so": "",
                    "se": "Running ant (compile)...................................................... FAIL\nExecuted command:  cd /data/cmd/Ming/llm-fl-apr/tmp/JxPath_21-prompt_apr_6-qwen-turbo && /data/cmd/Ming/LLM_Based-Mutation/tools/mutant/defects4j-2.1.0/major/bin/ant -f /data/cmd/Ming/LLM_Based-Mutation/tools/mutant/defects4j-2.1.0/framework/projects/defects4j.build.xml -Dd4j.home=/data/cmd/Ming/LLM_Based-Mutation/tools/mutant/defects4j-2.1.0 -Dd4j.dir.projects=/data/cmd/Ming/LLM_Based-Mutation/tools/mutant/defects4j-2.1.0/framework/projects -Dbasedir=/data/cmd/Ming/llm-fl-apr/tmp/JxPath_21-prompt_apr_6-qwen-turbo -Dbuild.compiler=javac1.7  compile 2>&1\nJava HotSpot(TM) 64-Bit Server VM warning: ignoring option MaxPermSize=1G; support was removed in 8.0\nBuildfile: /data/cmd/Ming/LLM_Based-Mutation/tools/mutant/defects4j-2.1.0/framework/projects/defects4j.build.xml\n\ninit:\n\nget-deps:\n      [get] Getting: file:/data/cmd/Ming/LLM_Based-Mutation/tools/mutant/defects4j-2.1.0/framework/projects/JxPath/lib/xerces/xerces/2.4.0/xerces-2.4.0.jar\n      [get] To: /data/cmd/Ming/llm-fl-apr/tmp/JxPath_21-prompt_apr_6-qwen-turbo/target/lib/xerces-2.4.0.jar\n      [get] Getting: file:/data/cmd/Ming/LLM_Based-Mutation/tools/mutant/defects4j-2.1.0/framework/projects/JxPath/lib/servletapi/servletapi/2.4/servletapi-2.4.jar\n      [get] To: /data/cmd/Ming/llm-fl-apr/tmp/JxPath_21-prompt_apr_6-qwen-turbo/target/lib/servletapi-2.4.jar\n      [get] Getting: file:/data/cmd/Ming/LLM_Based-Mutation/tools/mutant/defects4j-2.1.0/framework/projects/JxPath/lib/jspapi/jsp-api/2.0/jsp-api-2.0.jar\n      [get] To: /data/cmd/Ming/llm-fl-apr/tmp/JxPath_21-prompt_apr_6-qwen-turbo/target/lib/jsp-api-2.0.jar\n      [get] Getting: file:/data/cmd/Ming/LLM_Based-Mutation/tools/mutant/defects4j-2.1.0/framework/projects/JxPath/lib/xml-apis/xml-apis/2.0.2/xml-apis-2.0.2.jar\n      [get] To: /data/cmd/Ming/llm-fl-apr/tmp/JxPath_21-prompt_apr_6-qwen-turbo/target/lib/xml-apis-2.0.2.jar\n      [get] Getting: file:/data/cmd/Ming/LLM_Based-Mutation/tools/mutant/defects4j-2.1.0/framework/projects/JxPath/lib/jdom/jdom/1.0/jdom-1.0.jar\n      [get] To: /data/cmd/Ming/llm-fl-apr/tmp/JxPath_21-prompt_apr_6-qwen-turbo/target/lib/jdom-1.0.jar\n      [get] Getting: file:/data/cmd/Ming/LLM_Based-Mutation/tools/mutant/defects4j-2.1.0/framework/projects/JxPath/lib/commons-beanutils/commons-beanutils/1.7.0/commons-beanutils-1.7.0.jar\n      [get] To: /data/cmd/Ming/llm-fl-apr/tmp/JxPath_21-prompt_apr_6-qwen-turbo/target/lib/commons-beanutils-1.7.0.jar\n      [get] Getting: file:/data/cmd/Ming/LLM_Based-Mutation/tools/mutant/defects4j-2.1.0/framework/projects/JxPath/lib/commons-logging/commons-logging/1.1/commons-logging-1.1.jar\n      [get] To: /data/cmd/Ming/llm-fl-apr/tmp/JxPath_21-prompt_apr_6-qwen-turbo/target/lib/commons-logging-1.1.jar\n      [get] Getting: file:/data/cmd/Ming/LLM_Based-Mutation/tools/mutant/defects4j-2.1.0/framework/projects/JxPath/lib/junit/junit/3.8.1/junit-3.8.1.jar\n      [get] To: /data/cmd/Ming/llm-fl-apr/tmp/JxPath_21-prompt_apr_6-qwen-turbo/target/lib/junit-3.8.1.jar\n      [get] Getting: file:/data/cmd/Ming/LLM_Based-Mutation/tools/mutant/defects4j-2.1.0/framework/projects/JxPath/lib/mockrunner-0.4.1.jar\n      [get] To: /data/cmd/Ming/llm-fl-apr/tmp/JxPath_21-prompt_apr_6-qwen-turbo/target/lib/mockrunner-jdk1.3-j2ee1.3-0.4.jar\n\ncompile:\n    [mkdir] Created dir: /data/cmd/Ming/llm-fl-apr/tmp/JxPath_21-prompt_apr_6-qwen-turbo/target/classes\n    [javac] /data/cmd/Ming/llm-fl-apr/tmp/JxPath_21-prompt_apr_6-qwen-turbo/build.xml:36: warning: 'includeantruntime' was not set, defaulting to build.sysclasspath=last; set to false for repeatable builds\n    [javac] Compiling 171 source files to /data/cmd/Ming/llm-fl-apr/tmp/JxPath_21-prompt_apr_6-qwen-turbo/target/classes\n    [javac] /data/cmd/Ming/llm-fl-apr/tmp/JxPath_21-prompt_apr_6-qwen-turbo/src/java/org/apache/commons/jxpath/ri/model/beans/PropertyPointer.java:151: error: illegal start of type\n    [javac] return ValueUtils.getLength(getBaseValue());        return ValueUtils.getLength(getBaseValue());\n    [javac] ^\n    [javac] /data/cmd/Ming/llm-fl-apr/tmp/JxPath_21-prompt_apr_6-qwen-turbo/src/java/org/apache/commons/jxpath/ri/model/beans/PropertyPointer.java:151: error: ';' expected\n    [javac] return ValueUtils.getLength(getBaseValue());        return ValueUtils.getLength(getBaseValue());\n    [javac]       ^\n    [javac] /data/cmd/Ming/llm-fl-apr/tmp/JxPath_21-prompt_apr_6-qwen-turbo/src/java/org/apache/commons/jxpath/ri/model/beans/PropertyPointer.java:151: error: illegal start of type\n    [javac] return ValueUtils.getLength(getBaseValue());        return ValueUtils.getLength(getBaseValue());\n    [javac]                  ^\n    [javac] /data/cmd/Ming/llm-fl-apr/tmp/JxPath_21-prompt_apr_6-qwen-turbo/src/java/org/apache/commons/jxpath/ri/model/beans/PropertyPointer.java:151: error: <identifier> expected\n    [javac] return ValueUtils.getLength(getBaseValue());        return ValueUtils.getLength(getBaseValue());\n    [javac]                                         ^\n    [javac] /data/cmd/Ming/llm-fl-apr/tmp/JxPath_21-prompt_apr_6-qwen-turbo/src/java/org/apache/commons/jxpath/ri/model/beans/PropertyPointer.java:151: error: ';' expected\n    [javac] return ValueUtils.getLength(getBaseValue());        return ValueUtils.getLength(getBaseValue());\n    [javac]                                          ^\n    [javac] /data/cmd/Ming/llm-fl-apr/tmp/JxPath_21-prompt_apr_6-qwen-turbo/src/java/org/apache/commons/jxpath/ri/model/beans/PropertyPointer.java:151: error: illegal start of type\n    [javac] return ValueUtils.getLength(getBaseValue());        return ValueUtils.getLength(getBaseValue());\n    [javac]                                           ^\n    [javac] /data/cmd/Ming/llm-fl-apr/tmp/JxPath_21-prompt_apr_6-qwen-turbo/src/java/org/apache/commons/jxpath/ri/model/beans/PropertyPointer.java:151: error: <identifier> expected\n    [javac] return ValueUtils.getLength(getBaseValue());        return ValueUtils.getLength(getBaseValue());\n    [javac]                                            ^\n    [javac] /data/cmd/Ming/llm-fl-apr/tmp/JxPath_21-prompt_apr_6-qwen-turbo/src/java/org/apache/commons/jxpath/ri/model/beans/PropertyPointer.java:151: error: ';' expected\n    [javac] return ValueUtils.getLength(getBaseValue());        return ValueUtils.getLength(getBaseValue());\n    [javac]                                             ^\n    [javac] /data/cmd/Ming/llm-fl-apr/tmp/JxPath_21-prompt_apr_6-qwen-turbo/src/java/org/apache/commons/jxpath/ri/model/beans/PropertyPointer.java:151: error: <identifier> expected\n    [javac] return ValueUtils.getLength(getBaseValue());        return ValueUtils.getLength(getBaseValue());\n    [javac]                                                                                ^\n    [javac] /data/cmd/Ming/llm-fl-apr/tmp/JxPath_21-prompt_apr_6-qwen-turbo/src/java/org/apache/commons/jxpath/ri/model/beans/PropertyPointer.java:151: error: <identifier> expected\n    [javac] return ValueUtils.getLength(getBaseValue());        return ValueUtils.getLength(getBaseValue());\n    [javac]                                                                                             ^\n    [javac] /data/cmd/Ming/llm-fl-apr/tmp/JxPath_21-prompt_apr_6-qwen-turbo/src/java/org/apache/commons/jxpath/ri/model/beans/PropertyPointer.java:151: error: ';' expected\n    [javac] return ValueUtils.getLength(getBaseValue());        return ValueUtils.getLength(getBaseValue());\n    [javac]                                                                                              ^\n    [javac] /data/cmd/Ming/llm-fl-apr/tmp/JxPath_21-prompt_apr_6-qwen-turbo/src/java/org/apache/commons/jxpath/ri/model/beans/PropertyPointer.java:151: error: illegal start of type\n    [javac] return ValueUtils.getLength(getBaseValue());        return ValueUtils.getLength(getBaseValue());\n    [javac]                                                                                               ^\n    [javac] /data/cmd/Ming/llm-fl-apr/tmp/JxPath_21-prompt_apr_6-qwen-turbo/src/java/org/apache/commons/jxpath/ri/model/beans/PropertyPointer.java:151: error: <identifier> expected\n    [javac] return ValueUtils.getLength(getBaseValue());        return ValueUtils.getLength(getBaseValue());\n    [javac]                                                                                                ^\n    [javac] /data/cmd/Ming/llm-fl-apr/tmp/JxPath_21-prompt_apr_6-qwen-turbo/src/java/org/apache/commons/jxpath/ri/model/beans/PropertyPointer.java:151: error: ';' expected\n    [javac] return ValueUtils.getLength(getBaseValue());        return ValueUtils.getLength(getBaseValue());\n    [javac]                                                                                                 ^\n    [javac] 14 errors\n\nBUILD FAILED\n/data/cmd/Ming/llm-fl-apr/tmp/JxPath_21-prompt_apr_6-qwen-turbo/build.xml:36: Compile failed; see the compiler error output for details.\n\nTotal time: 2 seconds\nCannot compile sources! at /data/cmd/Ming/LLM_Based-Mutation/tools/mutant/defects4j-2.1.0/framework/bin/d4j/d4j-compile line 82.\nCompilation failed in require at /data/cmd/Ming/LLM_Based-Mutation/tools/mutant/defects4j-2.1.0/framework/bin/defects4j line 195.\n"
                }
            },
            "doubao-pro-4k": {
                "compile": {
                    "rc": 0,
                    "so": "",
                    "se": "Running ant (compile)...................................................... OK\nRunning ant (compile.tests)................................................ OK\n"
                },
                "test": {
                    "rc": 0,
                    "so": "Failing tests: 2\n  - org.apache.commons.jxpath.ri.model.JXPath151Test::testMapValueEquality\n  - org.apache.commons.jxpath.ri.model.MixedModelTest::testNull\n",
                    "se": "Running ant (compile.tests)................................................ OK\nRunning ant (run.dev.tests)................................................ OK\n"
                }
            },
            "gpt-4o-mini": {
                "compile": {
                    "rc": 0,
                    "so": "",
                    "se": "Running ant (compile)...................................................... OK\nRunning ant (compile.tests)................................................ OK\n"
                },
                "test": {
                    "rc": 0,
                    "so": "Failing tests: 2\n  - org.apache.commons.jxpath.ri.model.JXPath151Test::testMapValueEquality\n  - org.apache.commons.jxpath.ri.model.MixedModelTest::testNull\n",
                    "se": "Running ant (compile.tests)................................................ OK\nRunning ant (run.dev.tests)................................................ OK\n"
                }
            },
            "deepseek-chat": {
                "compile": {
                    "rc": 0,
                    "so": "",
                    "se": "Running ant (compile)...................................................... OK\nRunning ant (compile.tests)................................................ OK\n"
                },
                "test": {
                    "rc": 0,
                    "so": "Failing tests: 2\n  - org.apache.commons.jxpath.ri.model.JXPath151Test::testMapValueEquality\n  - org.apache.commons.jxpath.ri.model.MixedModelTest::testNull\n",
                    "se": "Running ant (compile.tests)................................................ OK\nRunning ant (run.dev.tests)................................................ OK\n"
                }
            }
        }
    }
}