{
    "overall_status": {
        "prompt_apr_1": {
            "ernie-3.5-128k": "Compile failed",
            "qwen-turbo": "Compile failed",
            "doubao-pro-4k": "Fail some tests",
            "gpt-4o-mini": "Fail some tests",
            "deepseek-chat": "Fail some tests"
        },
        "prompt_apr_2": {
            "ernie-3.5-128k": "Compile failed",
            "qwen-turbo": "Compile failed",
            "doubao-pro-4k": "Fail some tests",
            "gpt-4o-mini": "Fail some tests",
            "deepseek-chat": "Fail some tests"
        },
        "prompt_apr_3": {
            "ernie-3.5-128k": "Compile failed",
            "qwen-turbo": "Compile failed",
            "doubao-pro-4k": "Compile failed",
            "gpt-4o-mini": "Compile failed",
            "deepseek-chat": "Compile failed"
        },
        "prompt_apr_4": {
            "ernie-3.5-128k": "Fail some tests",
            "qwen-turbo": "Compile failed",
            "doubao-pro-4k": "Fail some tests",
            "gpt-4o-mini": "Fail some tests",
            "deepseek-chat": "Fail some tests"
        },
        "prompt_apr_5": {
            "ernie-3.5-128k": "Compile failed",
            "qwen-turbo": "Fail some tests",
            "doubao-pro-4k": "Compile failed",
            "gpt-4o-mini": "Compile failed",
            "deepseek-chat": "Compile failed"
        },
        "prompt_apr_6": {
            "ernie-3.5-128k": "Compile failed",
            "qwen-turbo": "Compile failed",
            "doubao-pro-4k": "Fail some tests",
            "gpt-4o-mini": "Fail some tests",
            "deepseek-chat": "Compile failed"
        }
    },
    "check_results_list": {
        "prompt_apr_1": {
            "ernie-3.5-128k": {
                "compile": {
                    "rc": 1,
                    "so": "",
                    "se": "Running ant (compile)...................................................... FAIL\nExecuted command:  cd /data/cmd/Ming/llm-fl-apr/tmp/JxPath_8-prompt_apr_1-ernie-3.5-128k && /data/cmd/Ming/LLM_Based-Mutation/tools/mutant/defects4j-2.1.0/major/bin/ant -f /data/cmd/Ming/LLM_Based-Mutation/tools/mutant/defects4j-2.1.0/framework/projects/defects4j.build.xml -Dd4j.home=/data/cmd/Ming/LLM_Based-Mutation/tools/mutant/defects4j-2.1.0 -Dd4j.dir.projects=/data/cmd/Ming/LLM_Based-Mutation/tools/mutant/defects4j-2.1.0/framework/projects -Dbasedir=/data/cmd/Ming/llm-fl-apr/tmp/JxPath_8-prompt_apr_1-ernie-3.5-128k -Dbuild.compiler=javac1.7  compile 2>&1\nJava HotSpot(TM) 64-Bit Server VM warning: ignoring option MaxPermSize=1G; support was removed in 8.0\nBuildfile: /data/cmd/Ming/LLM_Based-Mutation/tools/mutant/defects4j-2.1.0/framework/projects/defects4j.build.xml\n\ninit:\n\nget-deps:\n      [get] Getting: file:/data/cmd/Ming/LLM_Based-Mutation/tools/mutant/defects4j-2.1.0/framework/projects/JxPath/lib/xerces/xerces/2.4.0/xerces-2.4.0.jar\n      [get] To: /data/cmd/Ming/llm-fl-apr/tmp/JxPath_8-prompt_apr_1-ernie-3.5-128k/target/lib/xerces-2.4.0.jar\n      [get] Getting: file:/data/cmd/Ming/LLM_Based-Mutation/tools/mutant/defects4j-2.1.0/framework/projects/JxPath/lib/servletapi/servletapi/2.2/servletapi-2.2.jar\n      [get] To: /data/cmd/Ming/llm-fl-apr/tmp/JxPath_8-prompt_apr_1-ernie-3.5-128k/target/lib/servletapi-2.2.jar\n      [get] Getting: file:/data/cmd/Ming/LLM_Based-Mutation/tools/mutant/defects4j-2.1.0/framework/projects/JxPath/lib/junit/junit/3.8/junit-3.8.jar\n      [get] To: /data/cmd/Ming/llm-fl-apr/tmp/JxPath_8-prompt_apr_1-ernie-3.5-128k/target/lib/junit-3.8.jar\n      [get] Getting: file:/data/cmd/Ming/LLM_Based-Mutation/tools/mutant/defects4j-2.1.0/framework/projects/JxPath/lib/xml-apis/xml-apis/2.0.2/xml-apis-2.0.2.jar\n      [get] To: /data/cmd/Ming/llm-fl-apr/tmp/JxPath_8-prompt_apr_1-ernie-3.5-128k/target/lib/xml-apis-2.0.2.jar\n      [get] Getting: file:/data/cmd/Ming/LLM_Based-Mutation/tools/mutant/defects4j-2.1.0/framework/projects/JxPath/lib/jdom/jdom/1.0/jdom-1.0.jar\n      [get] To: /data/cmd/Ming/llm-fl-apr/tmp/JxPath_8-prompt_apr_1-ernie-3.5-128k/target/lib/jdom-1.0.jar\n      [get] Getting: file:/data/cmd/Ming/LLM_Based-Mutation/tools/mutant/defects4j-2.1.0/framework/projects/JxPath/lib/commons-beanutils/commons-beanutils/1.4/commons-beanutils-1.4.jar\n      [get] To: /data/cmd/Ming/llm-fl-apr/tmp/JxPath_8-prompt_apr_1-ernie-3.5-128k/target/lib/commons-beanutils-1.4.jar\n      [get] Getting: file:/data/cmd/Ming/LLM_Based-Mutation/tools/mutant/defects4j-2.1.0/framework/projects/JxPath/lib/commons-logging/commons-logging/1.0.4/commons-logging-1.0.4.jar\n      [get] To: /data/cmd/Ming/llm-fl-apr/tmp/JxPath_8-prompt_apr_1-ernie-3.5-128k/target/lib/commons-logging-1.0.4.jar\n      [get] Getting: file:/data/cmd/Ming/LLM_Based-Mutation/tools/mutant/defects4j-2.1.0/framework/projects/JxPath/lib/commons-collections/commons-collections/2.0/commons-collections-2.0.jar\n      [get] To: /data/cmd/Ming/llm-fl-apr/tmp/JxPath_8-prompt_apr_1-ernie-3.5-128k/target/lib/commons-collections-2.0.jar\n      [get] Getting: file:/data/cmd/Ming/LLM_Based-Mutation/tools/mutant/defects4j-2.1.0/framework/projects/JxPath/lib/junit/junit/3.8.1/junit-3.8.1.jar\n      [get] To: /data/cmd/Ming/llm-fl-apr/tmp/JxPath_8-prompt_apr_1-ernie-3.5-128k/target/lib/junit-3.8.1.jar\n\ncompile:\n    [mkdir] Created dir: /data/cmd/Ming/llm-fl-apr/tmp/JxPath_8-prompt_apr_1-ernie-3.5-128k/target/classes\n    [javac] /data/cmd/Ming/llm-fl-apr/tmp/JxPath_8-prompt_apr_1-ernie-3.5-128k/build.xml:36: warning: 'includeantruntime' was not set, defaulting to build.sysclasspath=last; set to false for repeatable builds\n    [javac] Compiling 167 source files to /data/cmd/Ming/llm-fl-apr/tmp/JxPath_8-prompt_apr_1-ernie-3.5-128k/target/classes\n    [javac] /data/cmd/Ming/llm-fl-apr/tmp/JxPath_8-prompt_apr_1-ernie-3.5-128k/src/java/org/apache/commons/jxpath/ri/compiler/CoreOperationRelationalExpression.java:80: error: <identifier> expected\n    [javac] Certainly! Here's the complete corrected method with the bug fixed:\n    [javac]          ^\n    [javac] /data/cmd/Ming/llm-fl-apr/tmp/JxPath_8-prompt_apr_1-ernie-3.5-128k/src/java/org/apache/commons/jxpath/ri/compiler/CoreOperationRelationalExpression.java:80: error: unclosed character literal\n    [javac] Certainly! Here's the complete corrected method with the bug fixed:\n    [javac]                ^\n    [javac] /data/cmd/Ming/llm-fl-apr/tmp/JxPath_8-prompt_apr_1-ernie-3.5-128k/src/java/org/apache/commons/jxpath/ri/compiler/CoreOperationRelationalExpression.java:80: error: ';' expected\n    [javac] Certainly! Here's the complete corrected method with the bug fixed:\n    [javac]                               ^\n    [javac] /data/cmd/Ming/llm-fl-apr/tmp/JxPath_8-prompt_apr_1-ernie-3.5-128k/src/java/org/apache/commons/jxpath/ri/compiler/CoreOperationRelationalExpression.java:80: error: ';' expected\n    [javac] Certainly! Here's the complete corrected method with the bug fixed:\n    [javac]                                                ^\n    [javac] /data/cmd/Ming/llm-fl-apr/tmp/JxPath_8-prompt_apr_1-ernie-3.5-128k/src/java/org/apache/commons/jxpath/ri/compiler/CoreOperationRelationalExpression.java:80: error: ';' expected\n    [javac] Certainly! Here's the complete corrected method with the bug fixed:\n    [javac]                                                         ^\n    [javac] /data/cmd/Ming/llm-fl-apr/tmp/JxPath_8-prompt_apr_1-ernie-3.5-128k/src/java/org/apache/commons/jxpath/ri/compiler/CoreOperationRelationalExpression.java:80: error: ';' expected\n    [javac] Certainly! Here's the complete corrected method with the bug fixed:\n    [javac]                                                                   ^\n    [javac] 6 errors\n\nBUILD FAILED\n/data/cmd/Ming/llm-fl-apr/tmp/JxPath_8-prompt_apr_1-ernie-3.5-128k/build.xml:36: Compile failed; see the compiler error output for details.\n\nTotal time: 3 seconds\nCannot compile sources! at /data/cmd/Ming/LLM_Based-Mutation/tools/mutant/defects4j-2.1.0/framework/bin/d4j/d4j-compile line 82.\nCompilation failed in require at /data/cmd/Ming/LLM_Based-Mutation/tools/mutant/defects4j-2.1.0/framework/bin/defects4j line 195.\n"
                }
            },
            "qwen-turbo": {
                "compile": {
                    "rc": 1,
                    "so": "",
                    "se": "Running ant (compile)...................................................... FAIL\nExecuted command:  cd /data/cmd/Ming/llm-fl-apr/tmp/JxPath_8-prompt_apr_1-qwen-turbo && /data/cmd/Ming/LLM_Based-Mutation/tools/mutant/defects4j-2.1.0/major/bin/ant -f /data/cmd/Ming/LLM_Based-Mutation/tools/mutant/defects4j-2.1.0/framework/projects/defects4j.build.xml -Dd4j.home=/data/cmd/Ming/LLM_Based-Mutation/tools/mutant/defects4j-2.1.0 -Dd4j.dir.projects=/data/cmd/Ming/LLM_Based-Mutation/tools/mutant/defects4j-2.1.0/framework/projects -Dbasedir=/data/cmd/Ming/llm-fl-apr/tmp/JxPath_8-prompt_apr_1-qwen-turbo -Dbuild.compiler=javac1.7  compile 2>&1\nJava HotSpot(TM) 64-Bit Server VM warning: ignoring option MaxPermSize=1G; support was removed in 8.0\nBuildfile: /data/cmd/Ming/LLM_Based-Mutation/tools/mutant/defects4j-2.1.0/framework/projects/defects4j.build.xml\n\ninit:\n\nget-deps:\n      [get] Getting: file:/data/cmd/Ming/LLM_Based-Mutation/tools/mutant/defects4j-2.1.0/framework/projects/JxPath/lib/xerces/xerces/2.4.0/xerces-2.4.0.jar\n      [get] To: /data/cmd/Ming/llm-fl-apr/tmp/JxPath_8-prompt_apr_1-qwen-turbo/target/lib/xerces-2.4.0.jar\n      [get] Getting: file:/data/cmd/Ming/LLM_Based-Mutation/tools/mutant/defects4j-2.1.0/framework/projects/JxPath/lib/servletapi/servletapi/2.2/servletapi-2.2.jar\n      [get] To: /data/cmd/Ming/llm-fl-apr/tmp/JxPath_8-prompt_apr_1-qwen-turbo/target/lib/servletapi-2.2.jar\n      [get] Getting: file:/data/cmd/Ming/LLM_Based-Mutation/tools/mutant/defects4j-2.1.0/framework/projects/JxPath/lib/junit/junit/3.8/junit-3.8.jar\n      [get] To: /data/cmd/Ming/llm-fl-apr/tmp/JxPath_8-prompt_apr_1-qwen-turbo/target/lib/junit-3.8.jar\n      [get] Getting: file:/data/cmd/Ming/LLM_Based-Mutation/tools/mutant/defects4j-2.1.0/framework/projects/JxPath/lib/xml-apis/xml-apis/2.0.2/xml-apis-2.0.2.jar\n      [get] To: /data/cmd/Ming/llm-fl-apr/tmp/JxPath_8-prompt_apr_1-qwen-turbo/target/lib/xml-apis-2.0.2.jar\n      [get] Getting: file:/data/cmd/Ming/LLM_Based-Mutation/tools/mutant/defects4j-2.1.0/framework/projects/JxPath/lib/jdom/jdom/1.0/jdom-1.0.jar\n      [get] To: /data/cmd/Ming/llm-fl-apr/tmp/JxPath_8-prompt_apr_1-qwen-turbo/target/lib/jdom-1.0.jar\n      [get] Getting: file:/data/cmd/Ming/LLM_Based-Mutation/tools/mutant/defects4j-2.1.0/framework/projects/JxPath/lib/commons-beanutils/commons-beanutils/1.4/commons-beanutils-1.4.jar\n      [get] To: /data/cmd/Ming/llm-fl-apr/tmp/JxPath_8-prompt_apr_1-qwen-turbo/target/lib/commons-beanutils-1.4.jar\n      [get] Getting: file:/data/cmd/Ming/LLM_Based-Mutation/tools/mutant/defects4j-2.1.0/framework/projects/JxPath/lib/commons-logging/commons-logging/1.0.4/commons-logging-1.0.4.jar\n      [get] To: /data/cmd/Ming/llm-fl-apr/tmp/JxPath_8-prompt_apr_1-qwen-turbo/target/lib/commons-logging-1.0.4.jar\n      [get] Getting: file:/data/cmd/Ming/LLM_Based-Mutation/tools/mutant/defects4j-2.1.0/framework/projects/JxPath/lib/commons-collections/commons-collections/2.0/commons-collections-2.0.jar\n      [get] To: /data/cmd/Ming/llm-fl-apr/tmp/JxPath_8-prompt_apr_1-qwen-turbo/target/lib/commons-collections-2.0.jar\n      [get] Getting: file:/data/cmd/Ming/LLM_Based-Mutation/tools/mutant/defects4j-2.1.0/framework/projects/JxPath/lib/junit/junit/3.8.1/junit-3.8.1.jar\n      [get] To: /data/cmd/Ming/llm-fl-apr/tmp/JxPath_8-prompt_apr_1-qwen-turbo/target/lib/junit-3.8.1.jar\n\ncompile:\n    [mkdir] Created dir: /data/cmd/Ming/llm-fl-apr/tmp/JxPath_8-prompt_apr_1-qwen-turbo/target/classes\n    [javac] /data/cmd/Ming/llm-fl-apr/tmp/JxPath_8-prompt_apr_1-qwen-turbo/build.xml:36: warning: 'includeantruntime' was not set, defaulting to build.sysclasspath=last; set to false for repeatable builds\n    [javac] Compiling 167 source files to /data/cmd/Ming/llm-fl-apr/tmp/JxPath_8-prompt_apr_1-qwen-turbo/target/classes\n    [javac] /data/cmd/Ming/llm-fl-apr/tmp/JxPath_8-prompt_apr_1-qwen-turbo/src/java/org/apache/commons/jxpath/ri/compiler/CoreOperationRelationalExpression.java:80: error: <identifier> expected\n    [javac] Certainly, the issue in line 3 seems to be a type casting problem since `SelfContext` is being cast to `EvalContext`, but the method parameter is of type `Object`. Assuming that `SelfContext` and `EvalContext` are related types and `SelfContext` can be safely cast to `EvalContext`, you should ensure that this cast is valid. If `SelfContext` extends `EvalContext` or they share a common superclass or interface, then the cast would be safe. Here is the corrected method:\n    [javac]          ^\n    [javac] /data/cmd/Ming/llm-fl-apr/tmp/JxPath_8-prompt_apr_1-qwen-turbo/src/java/org/apache/commons/jxpath/ri/compiler/CoreOperationRelationalExpression.java:80: error: ';' expected\n    [javac] Certainly, the issue in line 3 seems to be a type casting problem since `SelfContext` is being cast to `EvalContext`, but the method parameter is of type `Object`. Assuming that `SelfContext` and `EvalContext` are related types and `SelfContext` can be safely cast to `EvalContext`, you should ensure that this cast is valid. If `SelfContext` extends `EvalContext` or they share a common superclass or interface, then the cast would be safe. Here is the corrected method:\n    [javac]               ^\n    [javac] /data/cmd/Ming/llm-fl-apr/tmp/JxPath_8-prompt_apr_1-qwen-turbo/src/java/org/apache/commons/jxpath/ri/compiler/CoreOperationRelationalExpression.java:80: error: ';' expected\n    [javac] Certainly, the issue in line 3 seems to be a type casting problem since `SelfContext` is being cast to `EvalContext`, but the method parameter is of type `Object`. Assuming that `SelfContext` and `EvalContext` are related types and `SelfContext` can be safely cast to `EvalContext`, you should ensure that this cast is valid. If `SelfContext` extends `EvalContext` or they share a common superclass or interface, then the cast would be safe. Here is the corrected method:\n    [javac]                        ^\n    [javac] /data/cmd/Ming/llm-fl-apr/tmp/JxPath_8-prompt_apr_1-qwen-turbo/src/java/org/apache/commons/jxpath/ri/compiler/CoreOperationRelationalExpression.java:80: error: <identifier> expected\n    [javac] Certainly, the issue in line 3 seems to be a type casting problem since `SelfContext` is being cast to `EvalContext`, but the method parameter is of type `Object`. Assuming that `SelfContext` and `EvalContext` are related types and `SelfContext` can be safely cast to `EvalContext`, you should ensure that this cast is valid. If `SelfContext` extends `EvalContext` or they share a common superclass or interface, then the cast would be safe. Here is the corrected method:\n    [javac]                             ^\n    [javac] /data/cmd/Ming/llm-fl-apr/tmp/JxPath_8-prompt_apr_1-qwen-turbo/src/java/org/apache/commons/jxpath/ri/compiler/CoreOperationRelationalExpression.java:80: error: ';' expected\n    [javac] Certainly, the issue in line 3 seems to be a type casting problem since `SelfContext` is being cast to `EvalContext`, but the method parameter is of type `Object`. Assuming that `SelfContext` and `EvalContext` are related types and `SelfContext` can be safely cast to `EvalContext`, you should ensure that this cast is valid. If `SelfContext` extends `EvalContext` or they share a common superclass or interface, then the cast would be safe. Here is the corrected method:\n    [javac]                                        ^\n    [javac] /data/cmd/Ming/llm-fl-apr/tmp/JxPath_8-prompt_apr_1-qwen-turbo/src/java/org/apache/commons/jxpath/ri/compiler/CoreOperationRelationalExpression.java:80: error: ';' expected\n    [javac] Certainly, the issue in line 3 seems to be a type casting problem since `SelfContext` is being cast to `EvalContext`, but the method parameter is of type `Object`. Assuming that `SelfContext` and `EvalContext` are related types and `SelfContext` can be safely cast to `EvalContext`, you should ensure that this cast is valid. If `SelfContext` extends `EvalContext` or they share a common superclass or interface, then the cast would be safe. Here is the corrected method:\n    [javac]                                             ^\n    [javac] /data/cmd/Ming/llm-fl-apr/tmp/JxPath_8-prompt_apr_1-qwen-turbo/src/java/org/apache/commons/jxpath/ri/compiler/CoreOperationRelationalExpression.java:80: error: ';' expected\n    [javac] Certainly, the issue in line 3 seems to be a type casting problem since `SelfContext` is being cast to `EvalContext`, but the method parameter is of type `Object`. Assuming that `SelfContext` and `EvalContext` are related types and `SelfContext` can be safely cast to `EvalContext`, you should ensure that this cast is valid. If `SelfContext` extends `EvalContext` or they share a common superclass or interface, then the cast would be safe. Here is the corrected method:\n    [javac]                                                          ^\n    [javac] /data/cmd/Ming/llm-fl-apr/tmp/JxPath_8-prompt_apr_1-qwen-turbo/src/java/org/apache/commons/jxpath/ri/compiler/CoreOperationRelationalExpression.java:80: error: illegal character: \\96\n    [javac] Certainly, the issue in line 3 seems to be a type casting problem since `SelfContext` is being cast to `EvalContext`, but the method parameter is of type `Object`. Assuming that `SelfContext` and `EvalContext` are related types and `SelfContext` can be safely cast to `EvalContext`, you should ensure that this cast is valid. If `SelfContext` extends `EvalContext` or they share a common superclass or interface, then the cast would be safe. Here is the corrected method:\n    [javac]                                                                         ^\n    [javac] /data/cmd/Ming/llm-fl-apr/tmp/JxPath_8-prompt_apr_1-qwen-turbo/src/java/org/apache/commons/jxpath/ri/compiler/CoreOperationRelationalExpression.java:80: error: illegal character: \\96\n    [javac] Certainly, the issue in line 3 seems to be a type casting problem since `SelfContext` is being cast to `EvalContext`, but the method parameter is of type `Object`. Assuming that `SelfContext` and `EvalContext` are related types and `SelfContext` can be safely cast to `EvalContext`, you should ensure that this cast is valid. If `SelfContext` extends `EvalContext` or they share a common superclass or interface, then the cast would be safe. Here is the corrected method:\n    [javac]                                                                                     ^\n    [javac] /data/cmd/Ming/llm-fl-apr/tmp/JxPath_8-prompt_apr_1-qwen-turbo/src/java/org/apache/commons/jxpath/ri/compiler/CoreOperationRelationalExpression.java:80: error: ';' expected\n    [javac] Certainly, the issue in line 3 seems to be a type casting problem since `SelfContext` is being cast to `EvalContext`, but the method parameter is of type `Object`. Assuming that `SelfContext` and `EvalContext` are related types and `SelfContext` can be safely cast to `EvalContext`, you should ensure that this cast is valid. If `SelfContext` extends `EvalContext` or they share a common superclass or interface, then the cast would be safe. Here is the corrected method:\n    [javac]                                                                                               ^\n    [javac] /data/cmd/Ming/llm-fl-apr/tmp/JxPath_8-prompt_apr_1-qwen-turbo/src/java/org/apache/commons/jxpath/ri/compiler/CoreOperationRelationalExpression.java:80: error: illegal character: \\96\n    [javac] Certainly, the issue in line 3 seems to be a type casting problem since `SelfContext` is being cast to `EvalContext`, but the method parameter is of type `Object`. Assuming that `SelfContext` and `EvalContext` are related types and `SelfContext` can be safely cast to `EvalContext`, you should ensure that this cast is valid. If `SelfContext` extends `EvalContext` or they share a common superclass or interface, then the cast would be safe. Here is the corrected method:\n    [javac]                                                                                                        ^\n    [javac] /data/cmd/Ming/llm-fl-apr/tmp/JxPath_8-prompt_apr_1-qwen-turbo/src/java/org/apache/commons/jxpath/ri/compiler/CoreOperationRelationalExpression.java:80: error: illegal character: \\96\n    [javac] Certainly, the issue in line 3 seems to be a type casting problem since `SelfContext` is being cast to `EvalContext`, but the method parameter is of type `Object`. Assuming that `SelfContext` and `EvalContext` are related types and `SelfContext` can be safely cast to `EvalContext`, you should ensure that this cast is valid. If `SelfContext` extends `EvalContext` or they share a common superclass or interface, then the cast would be safe. Here is the corrected method:\n    [javac]                                                                                                                    ^\n    [javac] /data/cmd/Ming/llm-fl-apr/tmp/JxPath_8-prompt_apr_1-qwen-turbo/src/java/org/apache/commons/jxpath/ri/compiler/CoreOperationRelationalExpression.java:80: error: illegal start of type\n    [javac] Certainly, the issue in line 3 seems to be a type casting problem since `SelfContext` is being cast to `EvalContext`, but the method parameter is of type `Object`. Assuming that `SelfContext` and `EvalContext` are related types and `SelfContext` can be safely cast to `EvalContext`, you should ensure that this cast is valid. If `SelfContext` extends `EvalContext` or they share a common superclass or interface, then the cast would be safe. Here is the corrected method:\n    [javac]                                                                                                                     ^\n    [javac] /data/cmd/Ming/llm-fl-apr/tmp/JxPath_8-prompt_apr_1-qwen-turbo/src/java/org/apache/commons/jxpath/ri/compiler/CoreOperationRelationalExpression.java:80: error: ';' expected\n    [javac] Certainly, the issue in line 3 seems to be a type casting problem since `SelfContext` is being cast to `EvalContext`, but the method parameter is of type `Object`. Assuming that `SelfContext` and `EvalContext` are related types and `SelfContext` can be safely cast to `EvalContext`, you should ensure that this cast is valid. If `SelfContext` extends `EvalContext` or they share a common superclass or interface, then the cast would be safe. Here is the corrected method:\n    [javac]                                                                                                                          ^\n    [javac] /data/cmd/Ming/llm-fl-apr/tmp/JxPath_8-prompt_apr_1-qwen-turbo/src/java/org/apache/commons/jxpath/ri/compiler/CoreOperationRelationalExpression.java:80: error: ';' expected\n    [javac] Certainly, the issue in line 3 seems to be a type casting problem since `SelfContext` is being cast to `EvalContext`, but the method parameter is of type `Object`. Assuming that `SelfContext` and `EvalContext` are related types and `SelfContext` can be safely cast to `EvalContext`, you should ensure that this cast is valid. If `SelfContext` extends `EvalContext` or they share a common superclass or interface, then the cast would be safe. Here is the corrected method:\n    [javac]                                                                                                                                     ^\n    [javac] /data/cmd/Ming/llm-fl-apr/tmp/JxPath_8-prompt_apr_1-qwen-turbo/src/java/org/apache/commons/jxpath/ri/compiler/CoreOperationRelationalExpression.java:80: error: ';' expected\n    [javac] Certainly, the issue in line 3 seems to be a type casting problem since `SelfContext` is being cast to `EvalContext`, but the method parameter is of type `Object`. Assuming that `SelfContext` and `EvalContext` are related types and `SelfContext` can be safely cast to `EvalContext`, you should ensure that this cast is valid. If `SelfContext` extends `EvalContext` or they share a common superclass or interface, then the cast would be safe. Here is the corrected method:\n    [javac]                                                                                                                                                  ^\n    [javac] /data/cmd/Ming/llm-fl-apr/tmp/JxPath_8-prompt_apr_1-qwen-turbo/src/java/org/apache/commons/jxpath/ri/compiler/CoreOperationRelationalExpression.java:80: error: illegal character: \\96\n    [javac] Certainly, the issue in line 3 seems to be a type casting problem since `SelfContext` is being cast to `EvalContext`, but the method parameter is of type `Object`. Assuming that `SelfContext` and `EvalContext` are related types and `SelfContext` can be safely cast to `EvalContext`, you should ensure that this cast is valid. If `SelfContext` extends `EvalContext` or they share a common superclass or interface, then the cast would be safe. Here is the corrected method:\n    [javac]                                                                                                                                                           ^\n    [javac] /data/cmd/Ming/llm-fl-apr/tmp/JxPath_8-prompt_apr_1-qwen-turbo/src/java/org/apache/commons/jxpath/ri/compiler/CoreOperationRelationalExpression.java:80: error: illegal character: \\96\n    [javac] Certainly, the issue in line 3 seems to be a type casting problem since `SelfContext` is being cast to `EvalContext`, but the method parameter is of type `Object`. Assuming that `SelfContext` and `EvalContext` are related types and `SelfContext` can be safely cast to `EvalContext`, you should ensure that this cast is valid. If `SelfContext` extends `EvalContext` or they share a common superclass or interface, then the cast would be safe. Here is the corrected method:\n    [javac]                                                                                                                                                                  ^\n    [javac] /data/cmd/Ming/llm-fl-apr/tmp/JxPath_8-prompt_apr_1-qwen-turbo/src/java/org/apache/commons/jxpath/ri/compiler/CoreOperationRelationalExpression.java:80: error: illegal start of type\n    [javac] Certainly, the issue in line 3 seems to be a type casting problem since `SelfContext` is being cast to `EvalContext`, but the method parameter is of type `Object`. Assuming that `SelfContext` and `EvalContext` are related types and `SelfContext` can be safely cast to `EvalContext`, you should ensure that this cast is valid. If `SelfContext` extends `EvalContext` or they share a common superclass or interface, then the cast would be safe. Here is the corrected method:\n    [javac]                                                                                                                                                                   ^\n    [javac] /data/cmd/Ming/llm-fl-apr/tmp/JxPath_8-prompt_apr_1-qwen-turbo/src/java/org/apache/commons/jxpath/ri/compiler/CoreOperationRelationalExpression.java:80: error: ';' expected\n    [javac] Certainly, the issue in line 3 seems to be a type casting problem since `SelfContext` is being cast to `EvalContext`, but the method parameter is of type `Object`. Assuming that `SelfContext` and `EvalContext` are related types and `SelfContext` can be safely cast to `EvalContext`, you should ensure that this cast is valid. If `SelfContext` extends `EvalContext` or they share a common superclass or interface, then the cast would be safe. Here is the corrected method:\n    [javac]                                                                                                                                                                             ^\n    [javac] /data/cmd/Ming/llm-fl-apr/tmp/JxPath_8-prompt_apr_1-qwen-turbo/src/java/org/apache/commons/jxpath/ri/compiler/CoreOperationRelationalExpression.java:80: error: illegal character: \\96\n    [javac] Certainly, the issue in line 3 seems to be a type casting problem since `SelfContext` is being cast to `EvalContext`, but the method parameter is of type `Object`. Assuming that `SelfContext` and `EvalContext` are related types and `SelfContext` can be safely cast to `EvalContext`, you should ensure that this cast is valid. If `SelfContext` extends `EvalContext` or they share a common superclass or interface, then the cast would be safe. Here is the corrected method:\n    [javac]                                                                                                                                                                                   ^\n    [javac] /data/cmd/Ming/llm-fl-apr/tmp/JxPath_8-prompt_apr_1-qwen-turbo/src/java/org/apache/commons/jxpath/ri/compiler/CoreOperationRelationalExpression.java:80: error: illegal character: \\96\n    [javac] Certainly, the issue in line 3 seems to be a type casting problem since `SelfContext` is being cast to `EvalContext`, but the method parameter is of type `Object`. Assuming that `SelfContext` and `EvalContext` are related types and `SelfContext` can be safely cast to `EvalContext`, you should ensure that this cast is valid. If `SelfContext` extends `EvalContext` or they share a common superclass or interface, then the cast would be safe. Here is the corrected method:\n    [javac]                                                                                                                                                                                               ^\n    [javac] /data/cmd/Ming/llm-fl-apr/tmp/JxPath_8-prompt_apr_1-qwen-turbo/src/java/org/apache/commons/jxpath/ri/compiler/CoreOperationRelationalExpression.java:80: error: illegal character: \\96\n    [javac] Certainly, the issue in line 3 seems to be a type casting problem since `SelfContext` is being cast to `EvalContext`, but the method parameter is of type `Object`. Assuming that `SelfContext` and `EvalContext` are related types and `SelfContext` can be safely cast to `EvalContext`, you should ensure that this cast is valid. If `SelfContext` extends `EvalContext` or they share a common superclass or interface, then the cast would be safe. Here is the corrected method:\n    [javac]                                                                                                                                                                                                     ^\n    [javac] /data/cmd/Ming/llm-fl-apr/tmp/JxPath_8-prompt_apr_1-qwen-turbo/src/java/org/apache/commons/jxpath/ri/compiler/CoreOperationRelationalExpression.java:80: error: illegal character: \\96\n    [javac] Certainly, the issue in line 3 seems to be a type casting problem since `SelfContext` is being cast to `EvalContext`, but the method parameter is of type `Object`. Assuming that `SelfContext` and `EvalContext` are related types and `SelfContext` can be safely cast to `EvalContext`, you should ensure that this cast is valid. If `SelfContext` extends `EvalContext` or they share a common superclass or interface, then the cast would be safe. Here is the corrected method:\n    [javac]                                                                                                                                                                                                                 ^\n    [javac] /data/cmd/Ming/llm-fl-apr/tmp/JxPath_8-prompt_apr_1-qwen-turbo/src/java/org/apache/commons/jxpath/ri/compiler/CoreOperationRelationalExpression.java:80: error: ';' expected\n    [javac] Certainly, the issue in line 3 seems to be a type casting problem since `SelfContext` is being cast to `EvalContext`, but the method parameter is of type `Object`. Assuming that `SelfContext` and `EvalContext` are related types and `SelfContext` can be safely cast to `EvalContext`, you should ensure that this cast is valid. If `SelfContext` extends `EvalContext` or they share a common superclass or interface, then the cast would be safe. Here is the corrected method:\n    [javac]                                                                                                                                                                                                                              ^\n    [javac] /data/cmd/Ming/llm-fl-apr/tmp/JxPath_8-prompt_apr_1-qwen-turbo/src/java/org/apache/commons/jxpath/ri/compiler/CoreOperationRelationalExpression.java:80: error: illegal character: \\96\n    [javac] Certainly, the issue in line 3 seems to be a type casting problem since `SelfContext` is being cast to `EvalContext`, but the method parameter is of type `Object`. Assuming that `SelfContext` and `EvalContext` are related types and `SelfContext` can be safely cast to `EvalContext`, you should ensure that this cast is valid. If `SelfContext` extends `EvalContext` or they share a common superclass or interface, then the cast would be safe. Here is the corrected method:\n    [javac]                                                                                                                                                                                                                                         ^\n    [javac] /data/cmd/Ming/llm-fl-apr/tmp/JxPath_8-prompt_apr_1-qwen-turbo/src/java/org/apache/commons/jxpath/ri/compiler/CoreOperationRelationalExpression.java:80: error: illegal character: \\96\n    [javac] Certainly, the issue in line 3 seems to be a type casting problem since `SelfContext` is being cast to `EvalContext`, but the method parameter is of type `Object`. Assuming that `SelfContext` and `EvalContext` are related types and `SelfContext` can be safely cast to `EvalContext`, you should ensure that this cast is valid. If `SelfContext` extends `EvalContext` or they share a common superclass or interface, then the cast would be safe. Here is the corrected method:\n    [javac]                                                                                                                                                                                                                                                     ^\n    [javac] /data/cmd/Ming/llm-fl-apr/tmp/JxPath_8-prompt_apr_1-qwen-turbo/src/java/org/apache/commons/jxpath/ri/compiler/CoreOperationRelationalExpression.java:80: error: ';' expected\n    [javac] Certainly, the issue in line 3 seems to be a type casting problem since `SelfContext` is being cast to `EvalContext`, but the method parameter is of type `Object`. Assuming that `SelfContext` and `EvalContext` are related types and `SelfContext` can be safely cast to `EvalContext`, you should ensure that this cast is valid. If `SelfContext` extends `EvalContext` or they share a common superclass or interface, then the cast would be safe. Here is the corrected method:\n    [javac]                                                                                                                                                                                                                                                             ^\n    [javac] /data/cmd/Ming/llm-fl-apr/tmp/JxPath_8-prompt_apr_1-qwen-turbo/src/java/org/apache/commons/jxpath/ri/compiler/CoreOperationRelationalExpression.java:80: error: ';' expected\n    [javac] Certainly, the issue in line 3 seems to be a type casting problem since `SelfContext` is being cast to `EvalContext`, but the method parameter is of type `Object`. Assuming that `SelfContext` and `EvalContext` are related types and `SelfContext` can be safely cast to `EvalContext`, you should ensure that this cast is valid. If `SelfContext` extends `EvalContext` or they share a common superclass or interface, then the cast would be safe. Here is the corrected method:\n    [javac]                                                                                                                                                                                                                                                                         ^\n    [javac] /data/cmd/Ming/llm-fl-apr/tmp/JxPath_8-prompt_apr_1-qwen-turbo/src/java/org/apache/commons/jxpath/ri/compiler/CoreOperationRelationalExpression.java:80: error: illegal character: \\96\n    [javac] Certainly, the issue in line 3 seems to be a type casting problem since `SelfContext` is being cast to `EvalContext`, but the method parameter is of type `Object`. Assuming that `SelfContext` and `EvalContext` are related types and `SelfContext` can be safely cast to `EvalContext`, you should ensure that this cast is valid. If `SelfContext` extends `EvalContext` or they share a common superclass or interface, then the cast would be safe. Here is the corrected method:\n    [javac]                                                                                                                                                                                                                                                                             ^\n    [javac] /data/cmd/Ming/llm-fl-apr/tmp/JxPath_8-prompt_apr_1-qwen-turbo/src/java/org/apache/commons/jxpath/ri/compiler/CoreOperationRelationalExpression.java:80: error: illegal character: \\96\n    [javac] Certainly, the issue in line 3 seems to be a type casting problem since `SelfContext` is being cast to `EvalContext`, but the method parameter is of type `Object`. Assuming that `SelfContext` and `EvalContext` are related types and `SelfContext` can be safely cast to `EvalContext`, you should ensure that this cast is valid. If `SelfContext` extends `EvalContext` or they share a common superclass or interface, then the cast would be safe. Here is the corrected method:\n    [javac]                                                                                                                                                                                                                                                                                         ^\n    [javac] /data/cmd/Ming/llm-fl-apr/tmp/JxPath_8-prompt_apr_1-qwen-turbo/src/java/org/apache/commons/jxpath/ri/compiler/CoreOperationRelationalExpression.java:80: error: illegal start of type\n    [javac] Certainly, the issue in line 3 seems to be a type casting problem since `SelfContext` is being cast to `EvalContext`, but the method parameter is of type `Object`. Assuming that `SelfContext` and `EvalContext` are related types and `SelfContext` can be safely cast to `EvalContext`, you should ensure that this cast is valid. If `SelfContext` extends `EvalContext` or they share a common superclass or interface, then the cast would be safe. Here is the corrected method:\n    [javac]                                                                                                                                                                                                                                                                                          ^\n    [javac] /data/cmd/Ming/llm-fl-apr/tmp/JxPath_8-prompt_apr_1-qwen-turbo/src/java/org/apache/commons/jxpath/ri/compiler/CoreOperationRelationalExpression.java:80: error: ';' expected\n    [javac] Certainly, the issue in line 3 seems to be a type casting problem since `SelfContext` is being cast to `EvalContext`, but the method parameter is of type `Object`. Assuming that `SelfContext` and `EvalContext` are related types and `SelfContext` can be safely cast to `EvalContext`, you should ensure that this cast is valid. If `SelfContext` extends `EvalContext` or they share a common superclass or interface, then the cast would be safe. Here is the corrected method:\n    [javac]                                                                                                                                                                                                                                                                                               ^\n    [javac] /data/cmd/Ming/llm-fl-apr/tmp/JxPath_8-prompt_apr_1-qwen-turbo/src/java/org/apache/commons/jxpath/ri/compiler/CoreOperationRelationalExpression.java:80: error: ';' expected\n    [javac] Certainly, the issue in line 3 seems to be a type casting problem since `SelfContext` is being cast to `EvalContext`, but the method parameter is of type `Object`. Assuming that `SelfContext` and `EvalContext` are related types and `SelfContext` can be safely cast to `EvalContext`, you should ensure that this cast is valid. If `SelfContext` extends `EvalContext` or they share a common superclass or interface, then the cast would be safe. Here is the corrected method:\n    [javac]                                                                                                                                                                                                                                                                                                             ^\n    [javac] /data/cmd/Ming/llm-fl-apr/tmp/JxPath_8-prompt_apr_1-qwen-turbo/src/java/org/apache/commons/jxpath/ri/compiler/CoreOperationRelationalExpression.java:80: error: <identifier> expected\n    [javac] Certainly, the issue in line 3 seems to be a type casting problem since `SelfContext` is being cast to `EvalContext`, but the method parameter is of type `Object`. Assuming that `SelfContext` and `EvalContext` are related types and `SelfContext` can be safely cast to `EvalContext`, you should ensure that this cast is valid. If `SelfContext` extends `EvalContext` or they share a common superclass or interface, then the cast would be safe. Here is the corrected method:\n    [javac]                                                                                                                                                                                                                                                                                                                  ^\n    [javac] /data/cmd/Ming/llm-fl-apr/tmp/JxPath_8-prompt_apr_1-qwen-turbo/src/java/org/apache/commons/jxpath/ri/compiler/CoreOperationRelationalExpression.java:80: error: ';' expected\n    [javac] Certainly, the issue in line 3 seems to be a type casting problem since `SelfContext` is being cast to `EvalContext`, but the method parameter is of type `Object`. Assuming that `SelfContext` and `EvalContext` are related types and `SelfContext` can be safely cast to `EvalContext`, you should ensure that this cast is valid. If `SelfContext` extends `EvalContext` or they share a common superclass or interface, then the cast would be safe. Here is the corrected method:\n    [javac]                                                                                                                                                                                                                                                                                                                               ^\n    [javac] /data/cmd/Ming/llm-fl-apr/tmp/JxPath_8-prompt_apr_1-qwen-turbo/src/java/org/apache/commons/jxpath/ri/compiler/CoreOperationRelationalExpression.java:80: error: illegal character: \\96\n    [javac] Certainly, the issue in line 3 seems to be a type casting problem since `SelfContext` is being cast to `EvalContext`, but the method parameter is of type `Object`. Assuming that `SelfContext` and `EvalContext` are related types and `SelfContext` can be safely cast to `EvalContext`, you should ensure that this cast is valid. If `SelfContext` extends `EvalContext` or they share a common superclass or interface, then the cast would be safe. Here is the corrected method:\n    [javac]                                                                                                                                                                                                                                                                                                                                          ^\n    [javac] /data/cmd/Ming/llm-fl-apr/tmp/JxPath_8-prompt_apr_1-qwen-turbo/src/java/org/apache/commons/jxpath/ri/compiler/CoreOperationRelationalExpression.java:80: error: illegal character: \\96\n    [javac] Certainly, the issue in line 3 seems to be a type casting problem since `SelfContext` is being cast to `EvalContext`, but the method parameter is of type `Object`. Assuming that `SelfContext` and `EvalContext` are related types and `SelfContext` can be safely cast to `EvalContext`, you should ensure that this cast is valid. If `SelfContext` extends `EvalContext` or they share a common superclass or interface, then the cast would be safe. Here is the corrected method:\n    [javac]                                                                                                                                                                                                                                                                                                                                                      ^\n    [javac] /data/cmd/Ming/llm-fl-apr/tmp/JxPath_8-prompt_apr_1-qwen-turbo/src/java/org/apache/commons/jxpath/ri/compiler/CoreOperationRelationalExpression.java:80: error: illegal start of type\n    [javac] Certainly, the issue in line 3 seems to be a type casting problem since `SelfContext` is being cast to `EvalContext`, but the method parameter is of type `Object`. Assuming that `SelfContext` and `EvalContext` are related types and `SelfContext` can be safely cast to `EvalContext`, you should ensure that this cast is valid. If `SelfContext` extends `EvalContext` or they share a common superclass or interface, then the cast would be safe. Here is the corrected method:\n    [javac]                                                                                                                                                                                                                                                                                                                                                        ^\n    [javac] /data/cmd/Ming/llm-fl-apr/tmp/JxPath_8-prompt_apr_1-qwen-turbo/src/java/org/apache/commons/jxpath/ri/compiler/CoreOperationRelationalExpression.java:80: error: illegal character: \\96\n    [javac] Certainly, the issue in line 3 seems to be a type casting problem since `SelfContext` is being cast to `EvalContext`, but the method parameter is of type `Object`. Assuming that `SelfContext` and `EvalContext` are related types and `SelfContext` can be safely cast to `EvalContext`, you should ensure that this cast is valid. If `SelfContext` extends `EvalContext` or they share a common superclass or interface, then the cast would be safe. Here is the corrected method:\n    [javac]                                                                                                                                                                                                                                                                                                                                                                ^\n    [javac] /data/cmd/Ming/llm-fl-apr/tmp/JxPath_8-prompt_apr_1-qwen-turbo/src/java/org/apache/commons/jxpath/ri/compiler/CoreOperationRelationalExpression.java:80: error: ';' expected\n    [javac] Certainly, the issue in line 3 seems to be a type casting problem since `SelfContext` is being cast to `EvalContext`, but the method parameter is of type `Object`. Assuming that `SelfContext` and `EvalContext` are related types and `SelfContext` can be safely cast to `EvalContext`, you should ensure that this cast is valid. If `SelfContext` extends `EvalContext` or they share a common superclass or interface, then the cast would be safe. Here is the corrected method:\n    [javac]                                                                                                                                                                                                                                                                                                                                                                 ^\n    [javac] /data/cmd/Ming/llm-fl-apr/tmp/JxPath_8-prompt_apr_1-qwen-turbo/src/java/org/apache/commons/jxpath/ri/compiler/CoreOperationRelationalExpression.java:80: error: illegal character: \\96\n    [javac] Certainly, the issue in line 3 seems to be a type casting problem since `SelfContext` is being cast to `EvalContext`, but the method parameter is of type `Object`. Assuming that `SelfContext` and `EvalContext` are related types and `SelfContext` can be safely cast to `EvalContext`, you should ensure that this cast is valid. If `SelfContext` extends `EvalContext` or they share a common superclass or interface, then the cast would be safe. Here is the corrected method:\n    [javac]                                                                                                                                                                                                                                                                                                                                                                            ^\n    [javac] /data/cmd/Ming/llm-fl-apr/tmp/JxPath_8-prompt_apr_1-qwen-turbo/src/java/org/apache/commons/jxpath/ri/compiler/CoreOperationRelationalExpression.java:80: error: ';' expected\n    [javac] Certainly, the issue in line 3 seems to be a type casting problem since `SelfContext` is being cast to `EvalContext`, but the method parameter is of type `Object`. Assuming that `SelfContext` and `EvalContext` are related types and `SelfContext` can be safely cast to `EvalContext`, you should ensure that this cast is valid. If `SelfContext` extends `EvalContext` or they share a common superclass or interface, then the cast would be safe. Here is the corrected method:\n    [javac]                                                                                                                                                                                                                                                                                                                                                                                           ^\n    [javac] /data/cmd/Ming/llm-fl-apr/tmp/JxPath_8-prompt_apr_1-qwen-turbo/src/java/org/apache/commons/jxpath/ri/compiler/CoreOperationRelationalExpression.java:80: error: ';' expected\n    [javac] Certainly, the issue in line 3 seems to be a type casting problem since `SelfContext` is being cast to `EvalContext`, but the method parameter is of type `Object`. Assuming that `SelfContext` and `EvalContext` are related types and `SelfContext` can be safely cast to `EvalContext`, you should ensure that this cast is valid. If `SelfContext` extends `EvalContext` or they share a common superclass or interface, then the cast would be safe. Here is the corrected method:\n    [javac]                                                                                                                                                                                                                                                                                                                                                                                                    ^\n    [javac] /data/cmd/Ming/llm-fl-apr/tmp/JxPath_8-prompt_apr_1-qwen-turbo/src/java/org/apache/commons/jxpath/ri/compiler/CoreOperationRelationalExpression.java:80: error: ';' expected\n    [javac] Certainly, the issue in line 3 seems to be a type casting problem since `SelfContext` is being cast to `EvalContext`, but the method parameter is of type `Object`. Assuming that `SelfContext` and `EvalContext` are related types and `SelfContext` can be safely cast to `EvalContext`, you should ensure that this cast is valid. If `SelfContext` extends `EvalContext` or they share a common superclass or interface, then the cast would be safe. Here is the corrected method:\n    [javac]                                                                                                                                                                                                                                                                                                                                                                                                                  ^\n    [javac] /data/cmd/Ming/llm-fl-apr/tmp/JxPath_8-prompt_apr_1-qwen-turbo/src/java/org/apache/commons/jxpath/ri/compiler/CoreOperationRelationalExpression.java:80: error: <identifier> expected\n    [javac] Certainly, the issue in line 3 seems to be a type casting problem since `SelfContext` is being cast to `EvalContext`, but the method parameter is of type `Object`. Assuming that `SelfContext` and `EvalContext` are related types and `SelfContext` can be safely cast to `EvalContext`, you should ensure that this cast is valid. If `SelfContext` extends `EvalContext` or they share a common superclass or interface, then the cast would be safe. Here is the corrected method:\n    [javac]                                                                                                                                                                                                                                                                                                                                                                                                                            ^\n    [javac] /data/cmd/Ming/llm-fl-apr/tmp/JxPath_8-prompt_apr_1-qwen-turbo/src/java/org/apache/commons/jxpath/ri/compiler/CoreOperationRelationalExpression.java:80: error: = expected\n    [javac] Certainly, the issue in line 3 seems to be a type casting problem since `SelfContext` is being cast to `EvalContext`, but the method parameter is of type `Object`. Assuming that `SelfContext` and `EvalContext` are related types and `SelfContext` can be safely cast to `EvalContext`, you should ensure that this cast is valid. If `SelfContext` extends `EvalContext` or they share a common superclass or interface, then the cast would be safe. Here is the corrected method:\n    [javac]                                                                                                                                                                                                                                                                                                                                                                                                                                       ^\n    [javac] /data/cmd/Ming/llm-fl-apr/tmp/JxPath_8-prompt_apr_1-qwen-turbo/src/java/org/apache/commons/jxpath/ri/compiler/CoreOperationRelationalExpression.java:80: error: = expected\n    [javac] Certainly, the issue in line 3 seems to be a type casting problem since `SelfContext` is being cast to `EvalContext`, but the method parameter is of type `Object`. Assuming that `SelfContext` and `EvalContext` are related types and `SelfContext` can be safely cast to `EvalContext`, you should ensure that this cast is valid. If `SelfContext` extends `EvalContext` or they share a common superclass or interface, then the cast would be safe. Here is the corrected method:\n    [javac]                                                                                                                                                                                                                                                                                                                                                                                                                                                     ^\n    [javac] /data/cmd/Ming/llm-fl-apr/tmp/JxPath_8-prompt_apr_1-qwen-turbo/src/java/org/apache/commons/jxpath/ri/compiler/CoreOperationRelationalExpression.java:80: error: illegal start of type\n    [javac] Certainly, the issue in line 3 seems to be a type casting problem since `SelfContext` is being cast to `EvalContext`, but the method parameter is of type `Object`. Assuming that `SelfContext` and `EvalContext` are related types and `SelfContext` can be safely cast to `EvalContext`, you should ensure that this cast is valid. If `SelfContext` extends `EvalContext` or they share a common superclass or interface, then the cast would be safe. Here is the corrected method:\n    [javac]                                                                                                                                                                                                                                                                                                                                                                                                                                                         ^\n    [javac] /data/cmd/Ming/llm-fl-apr/tmp/JxPath_8-prompt_apr_1-qwen-turbo/src/java/org/apache/commons/jxpath/ri/compiler/CoreOperationRelationalExpression.java:80: error: = expected\n    [javac] Certainly, the issue in line 3 seems to be a type casting problem since `SelfContext` is being cast to `EvalContext`, but the method parameter is of type `Object`. Assuming that `SelfContext` and `EvalContext` are related types and `SelfContext` can be safely cast to `EvalContext`, you should ensure that this cast is valid. If `SelfContext` extends `EvalContext` or they share a common superclass or interface, then the cast would be safe. Here is the corrected method:\n    [javac]                                                                                                                                                                                                                                                                                                                                                                                                                                                                ^\n    [javac] /data/cmd/Ming/llm-fl-apr/tmp/JxPath_8-prompt_apr_1-qwen-turbo/src/java/org/apache/commons/jxpath/ri/compiler/CoreOperationRelationalExpression.java:80: error: = expected\n    [javac] Certainly, the issue in line 3 seems to be a type casting problem since `SelfContext` is being cast to `EvalContext`, but the method parameter is of type `Object`. Assuming that `SelfContext` and `EvalContext` are related types and `SelfContext` can be safely cast to `EvalContext`, you should ensure that this cast is valid. If `SelfContext` extends `EvalContext` or they share a common superclass or interface, then the cast would be safe. Here is the corrected method:\n    [javac]                                                                                                                                                                                                                                                                                                                                                                                                                                                                                 ^\n    [javac] /data/cmd/Ming/llm-fl-apr/tmp/JxPath_8-prompt_apr_1-qwen-turbo/src/java/org/apache/commons/jxpath/ri/compiler/CoreOperationRelationalExpression.java:80: error: illegal start of type\n    [javac] Certainly, the issue in line 3 seems to be a type casting problem since `SelfContext` is being cast to `EvalContext`, but the method parameter is of type `Object`. Assuming that `SelfContext` and `EvalContext` are related types and `SelfContext` can be safely cast to `EvalContext`, you should ensure that this cast is valid. If `SelfContext` extends `EvalContext` or they share a common superclass or interface, then the cast would be safe. Here is the corrected method:\n    [javac]                                                                                                                                                                                                                                                                                                                                                                                                                                                                                       ^\n    [javac] /data/cmd/Ming/llm-fl-apr/tmp/JxPath_8-prompt_apr_1-qwen-turbo/src/java/org/apache/commons/jxpath/ri/compiler/CoreOperationRelationalExpression.java:82: error: illegal character: \\96\n    [javac] ```java\n    [javac] ^\n    [javac] /data/cmd/Ming/llm-fl-apr/tmp/JxPath_8-prompt_apr_1-qwen-turbo/src/java/org/apache/commons/jxpath/ri/compiler/CoreOperationRelationalExpression.java:82: error: illegal character: \\96\n    [javac] ```java\n    [javac]  ^\n    [javac] /data/cmd/Ming/llm-fl-apr/tmp/JxPath_8-prompt_apr_1-qwen-turbo/src/java/org/apache/commons/jxpath/ri/compiler/CoreOperationRelationalExpression.java:82: error: illegal character: \\96\n    [javac] ```java\n    [javac]   ^\n    [javac] /data/cmd/Ming/llm-fl-apr/tmp/JxPath_8-prompt_apr_1-qwen-turbo/src/java/org/apache/commons/jxpath/ri/compiler/CoreOperationRelationalExpression.java:82: error: <identifier> expected\n    [javac] ```java\n    [javac]        ^\n    [javac] /data/cmd/Ming/llm-fl-apr/tmp/JxPath_8-prompt_apr_1-qwen-turbo/src/java/org/apache/commons/jxpath/ri/compiler/CoreOperationRelationalExpression.java:83: error: = expected\n    [javac] private Object reduce(Object o) {\n    [javac] ^\n    [javac] /data/cmd/Ming/llm-fl-apr/tmp/JxPath_8-prompt_apr_1-qwen-turbo/src/java/org/apache/commons/jxpath/ri/compiler/CoreOperationRelationalExpression.java:83: error: ';' expected\n    [javac] private Object reduce(Object o) {\n    [javac]        ^\n    [javac] /data/cmd/Ming/llm-fl-apr/tmp/JxPath_8-prompt_apr_1-qwen-turbo/src/java/org/apache/commons/jxpath/ri/compiler/CoreOperationRelationalExpression.java:83: error: <identifier> expected\n    [javac] private Object reduce(Object o) {\n    [javac]                      ^\n    [javac] /data/cmd/Ming/llm-fl-apr/tmp/JxPath_8-prompt_apr_1-qwen-turbo/src/java/org/apache/commons/jxpath/ri/compiler/CoreOperationRelationalExpression.java:92: error: illegal character: \\96\n    [javac] ```\n    [javac] ^\n    [javac] /data/cmd/Ming/llm-fl-apr/tmp/JxPath_8-prompt_apr_1-qwen-turbo/src/java/org/apache/commons/jxpath/ri/compiler/CoreOperationRelationalExpression.java:92: error: illegal character: \\96\n    [javac] ```\n    [javac]  ^\n    [javac] /data/cmd/Ming/llm-fl-apr/tmp/JxPath_8-prompt_apr_1-qwen-turbo/src/java/org/apache/commons/jxpath/ri/compiler/CoreOperationRelationalExpression.java:92: error: illegal character: \\96\n    [javac] ```\n    [javac]   ^\n    [javac] /data/cmd/Ming/llm-fl-apr/tmp/JxPath_8-prompt_apr_1-qwen-turbo/src/java/org/apache/commons/jxpath/ri/compiler/CoreOperationRelationalExpression.java:94: error: illegal character: \\96\n    [javac] If `SelfContext` does not extend `EvalContext`, you need to adjust the logic accordingly. Please verify the relationship between `SelfContext` and `EvalContext` to ensure the cast is appropriate.\n    [javac]    ^\n    [javac] /data/cmd/Ming/llm-fl-apr/tmp/JxPath_8-prompt_apr_1-qwen-turbo/src/java/org/apache/commons/jxpath/ri/compiler/CoreOperationRelationalExpression.java:94: error: illegal character: \\96\n    [javac] If `SelfContext` does not extend `EvalContext`, you need to adjust the logic accordingly. Please verify the relationship between `SelfContext` and `EvalContext` to ensure the cast is appropriate.\n    [javac]                ^\n    [javac] /data/cmd/Ming/llm-fl-apr/tmp/JxPath_8-prompt_apr_1-qwen-turbo/src/java/org/apache/commons/jxpath/ri/compiler/CoreOperationRelationalExpression.java:94: error: illegal character: \\96\n    [javac] If `SelfContext` does not extend `EvalContext`, you need to adjust the logic accordingly. Please verify the relationship between `SelfContext` and `EvalContext` to ensure the cast is appropriate.\n    [javac]                                  ^\n    [javac] /data/cmd/Ming/llm-fl-apr/tmp/JxPath_8-prompt_apr_1-qwen-turbo/src/java/org/apache/commons/jxpath/ri/compiler/CoreOperationRelationalExpression.java:94: error: illegal character: \\96\n    [javac] If `SelfContext` does not extend `EvalContext`, you need to adjust the logic accordingly. Please verify the relationship between `SelfContext` and `EvalContext` to ensure the cast is appropriate.\n    [javac]                                              ^\n    [javac] /data/cmd/Ming/llm-fl-apr/tmp/JxPath_8-prompt_apr_1-qwen-turbo/src/java/org/apache/commons/jxpath/ri/compiler/CoreOperationRelationalExpression.java:94: error: = expected\n    [javac] If `SelfContext` does not extend `EvalContext`, you need to adjust the logic accordingly. Please verify the relationship between `SelfContext` and `EvalContext` to ensure the cast is appropriate.\n    [javac]                                                     ^\n    [javac] /data/cmd/Ming/llm-fl-apr/tmp/JxPath_8-prompt_apr_1-qwen-turbo/src/java/org/apache/commons/jxpath/ri/compiler/CoreOperationRelationalExpression.java:94: error: = expected\n    [javac] If `SelfContext` does not extend `EvalContext`, you need to adjust the logic accordingly. Please verify the relationship between `SelfContext` and `EvalContext` to ensure the cast is appropriate.\n    [javac]                                                                    ^\n    [javac] /data/cmd/Ming/llm-fl-apr/tmp/JxPath_8-prompt_apr_1-qwen-turbo/src/java/org/apache/commons/jxpath/ri/compiler/CoreOperationRelationalExpression.java:94: error: = expected\n    [javac] If `SelfContext` does not extend `EvalContext`, you need to adjust the logic accordingly. Please verify the relationship between `SelfContext` and `EvalContext` to ensure the cast is appropriate.\n    [javac]                                                                                         ^\n    [javac] /data/cmd/Ming/llm-fl-apr/tmp/JxPath_8-prompt_apr_1-qwen-turbo/src/java/org/apache/commons/jxpath/ri/compiler/CoreOperationRelationalExpression.java:94: error: = expected\n    [javac] If `SelfContext` does not extend `EvalContext`, you need to adjust the logic accordingly. Please verify the relationship between `SelfContext` and `EvalContext` to ensure the cast is appropriate.\n    [javac]                                                                                                         ^\n    [javac] /data/cmd/Ming/llm-fl-apr/tmp/JxPath_8-prompt_apr_1-qwen-turbo/src/java/org/apache/commons/jxpath/ri/compiler/CoreOperationRelationalExpression.java:94: error: illegal character: \\96\n    [javac] If `SelfContext` does not extend `EvalContext`, you need to adjust the logic accordingly. Please verify the relationship between `SelfContext` and `EvalContext` to ensure the cast is appropriate.\n    [javac]                                                                                                                                  ^\n    [javac] /data/cmd/Ming/llm-fl-apr/tmp/JxPath_8-prompt_apr_1-qwen-turbo/src/java/org/apache/commons/jxpath/ri/compiler/CoreOperationRelationalExpression.java:94: error: illegal character: \\96\n    [javac] If `SelfContext` does not extend `EvalContext`, you need to adjust the logic accordingly. Please verify the relationship between `SelfContext` and `EvalContext` to ensure the cast is appropriate.\n    [javac]                                                                                                                                              ^\n    [javac] /data/cmd/Ming/llm-fl-apr/tmp/JxPath_8-prompt_apr_1-qwen-turbo/src/java/org/apache/commons/jxpath/ri/compiler/CoreOperationRelationalExpression.java:94: error: ';' expected\n    [javac] If `SelfContext` does not extend `EvalContext`, you need to adjust the logic accordingly. Please verify the relationship between `SelfContext` and `EvalContext` to ensure the cast is appropriate.\n    [javac]                                                                                                                                               ^\n    [javac] /data/cmd/Ming/llm-fl-apr/tmp/JxPath_8-prompt_apr_1-qwen-turbo/src/java/org/apache/commons/jxpath/ri/compiler/CoreOperationRelationalExpression.java:94: error: illegal character: \\96\n    [javac] If `SelfContext` does not extend `EvalContext`, you need to adjust the logic accordingly. Please verify the relationship between `SelfContext` and `EvalContext` to ensure the cast is appropriate.\n    [javac]                                                                                                                                                    ^\n    [javac] /data/cmd/Ming/llm-fl-apr/tmp/JxPath_8-prompt_apr_1-qwen-turbo/src/java/org/apache/commons/jxpath/ri/compiler/CoreOperationRelationalExpression.java:94: error: illegal character: \\96\n    [javac] If `SelfContext` does not extend `EvalContext`, you need to adjust the logic accordingly. Please verify the relationship between `SelfContext` and `EvalContext` to ensure the cast is appropriate.\n    [javac]                                                                                                                                                                ^\n    [javac] /data/cmd/Ming/llm-fl-apr/tmp/JxPath_8-prompt_apr_1-qwen-turbo/src/java/org/apache/commons/jxpath/ri/compiler/CoreOperationRelationalExpression.java:94: error: = expected\n    [javac] If `SelfContext` does not extend `EvalContext`, you need to adjust the logic accordingly. Please verify the relationship between `SelfContext` and `EvalContext` to ensure the cast is appropriate.\n    [javac]                                                                                                                                                                                ^\n    [javac] /data/cmd/Ming/llm-fl-apr/tmp/JxPath_8-prompt_apr_1-qwen-turbo/src/java/org/apache/commons/jxpath/ri/compiler/CoreOperationRelationalExpression.java:94: error: = expected\n    [javac] If `SelfContext` does not extend `EvalContext`, you need to adjust the logic accordingly. Please verify the relationship between `SelfContext` and `EvalContext` to ensure the cast is appropriate.\n    [javac]                                                                                                                                                                                                   ^\n    [javac] /data/cmd/Ming/llm-fl-apr/tmp/JxPath_8-prompt_apr_1-qwen-turbo/src/java/org/apache/commons/jxpath/ri/compiler/CoreOperationRelationalExpression.java:118: error: reached end of file while parsing\n    [javac] }\n    [javac]  ^\n    [javac] 78 errors\n\nBUILD FAILED\n/data/cmd/Ming/llm-fl-apr/tmp/JxPath_8-prompt_apr_1-qwen-turbo/build.xml:36: Compile failed; see the compiler error output for details.\n\nTotal time: 3 seconds\nCannot compile sources! at /data/cmd/Ming/LLM_Based-Mutation/tools/mutant/defects4j-2.1.0/framework/bin/d4j/d4j-compile line 82.\nCompilation failed in require at /data/cmd/Ming/LLM_Based-Mutation/tools/mutant/defects4j-2.1.0/framework/bin/defects4j line 195.\n"
                }
            },
            "doubao-pro-4k": {
                "compile": {
                    "rc": 0,
                    "so": "",
                    "se": "Running ant (compile)...................................................... OK\nRunning ant (compile.tests)................................................ OK\n"
                },
                "test": {
                    "rc": 0,
                    "so": "Failing tests: 1\n  - org.apache.commons.jxpath.ri.compiler.CoreOperationTest::testNan\n",
                    "se": "Running ant (compile.tests)................................................ OK\nRunning ant (run.dev.tests)................................................ OK\n"
                }
            },
            "gpt-4o-mini": {
                "compile": {
                    "rc": 0,
                    "so": "",
                    "se": "Running ant (compile)...................................................... OK\nRunning ant (compile.tests)................................................ OK\n"
                },
                "test": {
                    "rc": 0,
                    "so": "Failing tests: 1\n  - org.apache.commons.jxpath.ri.compiler.CoreOperationTest::testNan\n",
                    "se": "Running ant (compile.tests)................................................ OK\nRunning ant (run.dev.tests)................................................ OK\n"
                }
            },
            "deepseek-chat": {
                "compile": {
                    "rc": 0,
                    "so": "",
                    "se": "Running ant (compile)...................................................... OK\nRunning ant (compile.tests)................................................ OK\n"
                },
                "test": {
                    "rc": 0,
                    "so": "Failing tests: 1\n  - org.apache.commons.jxpath.ri.compiler.CoreOperationTest::testNan\n",
                    "se": "Running ant (compile.tests)................................................ OK\nRunning ant (run.dev.tests)................................................ OK\n"
                }
            }
        },
        "prompt_apr_2": {
            "ernie-3.5-128k": {
                "compile": {
                    "rc": 1,
                    "so": "",
                    "se": "Running ant (compile)...................................................... FAIL\nExecuted command:  cd /data/cmd/Ming/llm-fl-apr/tmp/JxPath_8-prompt_apr_2-ernie-3.5-128k && /data/cmd/Ming/LLM_Based-Mutation/tools/mutant/defects4j-2.1.0/major/bin/ant -f /data/cmd/Ming/LLM_Based-Mutation/tools/mutant/defects4j-2.1.0/framework/projects/defects4j.build.xml -Dd4j.home=/data/cmd/Ming/LLM_Based-Mutation/tools/mutant/defects4j-2.1.0 -Dd4j.dir.projects=/data/cmd/Ming/LLM_Based-Mutation/tools/mutant/defects4j-2.1.0/framework/projects -Dbasedir=/data/cmd/Ming/llm-fl-apr/tmp/JxPath_8-prompt_apr_2-ernie-3.5-128k -Dbuild.compiler=javac1.7  compile 2>&1\nJava HotSpot(TM) 64-Bit Server VM warning: ignoring option MaxPermSize=1G; support was removed in 8.0\nBuildfile: /data/cmd/Ming/LLM_Based-Mutation/tools/mutant/defects4j-2.1.0/framework/projects/defects4j.build.xml\n\ninit:\n\nget-deps:\n      [get] Getting: file:/data/cmd/Ming/LLM_Based-Mutation/tools/mutant/defects4j-2.1.0/framework/projects/JxPath/lib/xerces/xerces/2.4.0/xerces-2.4.0.jar\n      [get] To: /data/cmd/Ming/llm-fl-apr/tmp/JxPath_8-prompt_apr_2-ernie-3.5-128k/target/lib/xerces-2.4.0.jar\n      [get] Getting: file:/data/cmd/Ming/LLM_Based-Mutation/tools/mutant/defects4j-2.1.0/framework/projects/JxPath/lib/servletapi/servletapi/2.2/servletapi-2.2.jar\n      [get] To: /data/cmd/Ming/llm-fl-apr/tmp/JxPath_8-prompt_apr_2-ernie-3.5-128k/target/lib/servletapi-2.2.jar\n      [get] Getting: file:/data/cmd/Ming/LLM_Based-Mutation/tools/mutant/defects4j-2.1.0/framework/projects/JxPath/lib/junit/junit/3.8/junit-3.8.jar\n      [get] To: /data/cmd/Ming/llm-fl-apr/tmp/JxPath_8-prompt_apr_2-ernie-3.5-128k/target/lib/junit-3.8.jar\n      [get] Getting: file:/data/cmd/Ming/LLM_Based-Mutation/tools/mutant/defects4j-2.1.0/framework/projects/JxPath/lib/xml-apis/xml-apis/2.0.2/xml-apis-2.0.2.jar\n      [get] To: /data/cmd/Ming/llm-fl-apr/tmp/JxPath_8-prompt_apr_2-ernie-3.5-128k/target/lib/xml-apis-2.0.2.jar\n      [get] Getting: file:/data/cmd/Ming/LLM_Based-Mutation/tools/mutant/defects4j-2.1.0/framework/projects/JxPath/lib/jdom/jdom/1.0/jdom-1.0.jar\n      [get] To: /data/cmd/Ming/llm-fl-apr/tmp/JxPath_8-prompt_apr_2-ernie-3.5-128k/target/lib/jdom-1.0.jar\n      [get] Getting: file:/data/cmd/Ming/LLM_Based-Mutation/tools/mutant/defects4j-2.1.0/framework/projects/JxPath/lib/commons-beanutils/commons-beanutils/1.4/commons-beanutils-1.4.jar\n      [get] To: /data/cmd/Ming/llm-fl-apr/tmp/JxPath_8-prompt_apr_2-ernie-3.5-128k/target/lib/commons-beanutils-1.4.jar\n      [get] Getting: file:/data/cmd/Ming/LLM_Based-Mutation/tools/mutant/defects4j-2.1.0/framework/projects/JxPath/lib/commons-logging/commons-logging/1.0.4/commons-logging-1.0.4.jar\n      [get] To: /data/cmd/Ming/llm-fl-apr/tmp/JxPath_8-prompt_apr_2-ernie-3.5-128k/target/lib/commons-logging-1.0.4.jar\n      [get] Getting: file:/data/cmd/Ming/LLM_Based-Mutation/tools/mutant/defects4j-2.1.0/framework/projects/JxPath/lib/commons-collections/commons-collections/2.0/commons-collections-2.0.jar\n      [get] To: /data/cmd/Ming/llm-fl-apr/tmp/JxPath_8-prompt_apr_2-ernie-3.5-128k/target/lib/commons-collections-2.0.jar\n      [get] Getting: file:/data/cmd/Ming/LLM_Based-Mutation/tools/mutant/defects4j-2.1.0/framework/projects/JxPath/lib/junit/junit/3.8.1/junit-3.8.1.jar\n      [get] To: /data/cmd/Ming/llm-fl-apr/tmp/JxPath_8-prompt_apr_2-ernie-3.5-128k/target/lib/junit-3.8.1.jar\n\ncompile:\n    [mkdir] Created dir: /data/cmd/Ming/llm-fl-apr/tmp/JxPath_8-prompt_apr_2-ernie-3.5-128k/target/classes\n    [javac] /data/cmd/Ming/llm-fl-apr/tmp/JxPath_8-prompt_apr_2-ernie-3.5-128k/build.xml:36: warning: 'includeantruntime' was not set, defaulting to build.sysclasspath=last; set to false for repeatable builds\n    [javac] Compiling 167 source files to /data/cmd/Ming/llm-fl-apr/tmp/JxPath_8-prompt_apr_2-ernie-3.5-128k/target/classes\n    [javac] /data/cmd/Ming/llm-fl-apr/tmp/JxPath_8-prompt_apr_2-ernie-3.5-128k/src/java/org/apache/commons/jxpath/ri/compiler/CoreOperationRelationalExpression.java:80: error: <identifier> expected\n    [javac] Sure, here is the corrected method with the bug fixed:\n    [javac]     ^\n    [javac] /data/cmd/Ming/llm-fl-apr/tmp/JxPath_8-prompt_apr_2-ernie-3.5-128k/src/java/org/apache/commons/jxpath/ri/compiler/CoreOperationRelationalExpression.java:80: error: ';' expected\n    [javac] Sure, here is the corrected method with the bug fixed:\n    [javac]           ^\n    [javac] /data/cmd/Ming/llm-fl-apr/tmp/JxPath_8-prompt_apr_2-ernie-3.5-128k/src/java/org/apache/commons/jxpath/ri/compiler/CoreOperationRelationalExpression.java:80: error: ';' expected\n    [javac] Sure, here is the corrected method with the bug fixed:\n    [javac]                  ^\n    [javac] /data/cmd/Ming/llm-fl-apr/tmp/JxPath_8-prompt_apr_2-ernie-3.5-128k/src/java/org/apache/commons/jxpath/ri/compiler/CoreOperationRelationalExpression.java:80: error: ';' expected\n    [javac] Sure, here is the corrected method with the bug fixed:\n    [javac]                                   ^\n    [javac] /data/cmd/Ming/llm-fl-apr/tmp/JxPath_8-prompt_apr_2-ernie-3.5-128k/src/java/org/apache/commons/jxpath/ri/compiler/CoreOperationRelationalExpression.java:80: error: ';' expected\n    [javac] Sure, here is the corrected method with the bug fixed:\n    [javac]                                            ^\n    [javac] /data/cmd/Ming/llm-fl-apr/tmp/JxPath_8-prompt_apr_2-ernie-3.5-128k/src/java/org/apache/commons/jxpath/ri/compiler/CoreOperationRelationalExpression.java:80: error: ';' expected\n    [javac] Sure, here is the corrected method with the bug fixed:\n    [javac]                                                      ^\n    [javac] 6 errors\n\nBUILD FAILED\n/data/cmd/Ming/llm-fl-apr/tmp/JxPath_8-prompt_apr_2-ernie-3.5-128k/build.xml:36: Compile failed; see the compiler error output for details.\n\nTotal time: 2 seconds\nCannot compile sources! at /data/cmd/Ming/LLM_Based-Mutation/tools/mutant/defects4j-2.1.0/framework/bin/d4j/d4j-compile line 82.\nCompilation failed in require at /data/cmd/Ming/LLM_Based-Mutation/tools/mutant/defects4j-2.1.0/framework/bin/defects4j line 195.\n"
                }
            },
            "qwen-turbo": {
                "compile": {
                    "rc": 1,
                    "so": "",
                    "se": "Running ant (compile)...................................................... FAIL\nExecuted command:  cd /data/cmd/Ming/llm-fl-apr/tmp/JxPath_8-prompt_apr_2-qwen-turbo && /data/cmd/Ming/LLM_Based-Mutation/tools/mutant/defects4j-2.1.0/major/bin/ant -f /data/cmd/Ming/LLM_Based-Mutation/tools/mutant/defects4j-2.1.0/framework/projects/defects4j.build.xml -Dd4j.home=/data/cmd/Ming/LLM_Based-Mutation/tools/mutant/defects4j-2.1.0 -Dd4j.dir.projects=/data/cmd/Ming/LLM_Based-Mutation/tools/mutant/defects4j-2.1.0/framework/projects -Dbasedir=/data/cmd/Ming/llm-fl-apr/tmp/JxPath_8-prompt_apr_2-qwen-turbo -Dbuild.compiler=javac1.7  compile 2>&1\nJava HotSpot(TM) 64-Bit Server VM warning: ignoring option MaxPermSize=1G; support was removed in 8.0\nBuildfile: /data/cmd/Ming/LLM_Based-Mutation/tools/mutant/defects4j-2.1.0/framework/projects/defects4j.build.xml\n\ninit:\n\nget-deps:\n      [get] Getting: file:/data/cmd/Ming/LLM_Based-Mutation/tools/mutant/defects4j-2.1.0/framework/projects/JxPath/lib/xerces/xerces/2.4.0/xerces-2.4.0.jar\n      [get] To: /data/cmd/Ming/llm-fl-apr/tmp/JxPath_8-prompt_apr_2-qwen-turbo/target/lib/xerces-2.4.0.jar\n      [get] Getting: file:/data/cmd/Ming/LLM_Based-Mutation/tools/mutant/defects4j-2.1.0/framework/projects/JxPath/lib/servletapi/servletapi/2.2/servletapi-2.2.jar\n      [get] To: /data/cmd/Ming/llm-fl-apr/tmp/JxPath_8-prompt_apr_2-qwen-turbo/target/lib/servletapi-2.2.jar\n      [get] Getting: file:/data/cmd/Ming/LLM_Based-Mutation/tools/mutant/defects4j-2.1.0/framework/projects/JxPath/lib/junit/junit/3.8/junit-3.8.jar\n      [get] To: /data/cmd/Ming/llm-fl-apr/tmp/JxPath_8-prompt_apr_2-qwen-turbo/target/lib/junit-3.8.jar\n      [get] Getting: file:/data/cmd/Ming/LLM_Based-Mutation/tools/mutant/defects4j-2.1.0/framework/projects/JxPath/lib/xml-apis/xml-apis/2.0.2/xml-apis-2.0.2.jar\n      [get] To: /data/cmd/Ming/llm-fl-apr/tmp/JxPath_8-prompt_apr_2-qwen-turbo/target/lib/xml-apis-2.0.2.jar\n      [get] Getting: file:/data/cmd/Ming/LLM_Based-Mutation/tools/mutant/defects4j-2.1.0/framework/projects/JxPath/lib/jdom/jdom/1.0/jdom-1.0.jar\n      [get] To: /data/cmd/Ming/llm-fl-apr/tmp/JxPath_8-prompt_apr_2-qwen-turbo/target/lib/jdom-1.0.jar\n      [get] Getting: file:/data/cmd/Ming/LLM_Based-Mutation/tools/mutant/defects4j-2.1.0/framework/projects/JxPath/lib/commons-beanutils/commons-beanutils/1.4/commons-beanutils-1.4.jar\n      [get] To: /data/cmd/Ming/llm-fl-apr/tmp/JxPath_8-prompt_apr_2-qwen-turbo/target/lib/commons-beanutils-1.4.jar\n      [get] Getting: file:/data/cmd/Ming/LLM_Based-Mutation/tools/mutant/defects4j-2.1.0/framework/projects/JxPath/lib/commons-logging/commons-logging/1.0.4/commons-logging-1.0.4.jar\n      [get] To: /data/cmd/Ming/llm-fl-apr/tmp/JxPath_8-prompt_apr_2-qwen-turbo/target/lib/commons-logging-1.0.4.jar\n      [get] Getting: file:/data/cmd/Ming/LLM_Based-Mutation/tools/mutant/defects4j-2.1.0/framework/projects/JxPath/lib/commons-collections/commons-collections/2.0/commons-collections-2.0.jar\n      [get] To: /data/cmd/Ming/llm-fl-apr/tmp/JxPath_8-prompt_apr_2-qwen-turbo/target/lib/commons-collections-2.0.jar\n      [get] Getting: file:/data/cmd/Ming/LLM_Based-Mutation/tools/mutant/defects4j-2.1.0/framework/projects/JxPath/lib/junit/junit/3.8.1/junit-3.8.1.jar\n      [get] To: /data/cmd/Ming/llm-fl-apr/tmp/JxPath_8-prompt_apr_2-qwen-turbo/target/lib/junit-3.8.1.jar\n\ncompile:\n    [mkdir] Created dir: /data/cmd/Ming/llm-fl-apr/tmp/JxPath_8-prompt_apr_2-qwen-turbo/target/classes\n    [javac] /data/cmd/Ming/llm-fl-apr/tmp/JxPath_8-prompt_apr_2-qwen-turbo/build.xml:36: warning: 'includeantruntime' was not set, defaulting to build.sysclasspath=last; set to false for repeatable builds\n    [javac] Compiling 167 source files to /data/cmd/Ming/llm-fl-apr/tmp/JxPath_8-prompt_apr_2-qwen-turbo/target/classes\n    [javac] /data/cmd/Ming/llm-fl-apr/tmp/JxPath_8-prompt_apr_2-qwen-turbo/src/java/org/apache/commons/jxpath/ri/compiler/CoreOperationRelationalExpression.java:80: error: illegal character: \\96\n    [javac] ```java\n    [javac] ^\n    [javac] /data/cmd/Ming/llm-fl-apr/tmp/JxPath_8-prompt_apr_2-qwen-turbo/src/java/org/apache/commons/jxpath/ri/compiler/CoreOperationRelationalExpression.java:80: error: illegal character: \\96\n    [javac] ```java\n    [javac]  ^\n    [javac] /data/cmd/Ming/llm-fl-apr/tmp/JxPath_8-prompt_apr_2-qwen-turbo/src/java/org/apache/commons/jxpath/ri/compiler/CoreOperationRelationalExpression.java:80: error: illegal character: \\96\n    [javac] ```java\n    [javac]   ^\n    [javac] /data/cmd/Ming/llm-fl-apr/tmp/JxPath_8-prompt_apr_2-qwen-turbo/src/java/org/apache/commons/jxpath/ri/compiler/CoreOperationRelationalExpression.java:90: error: illegal character: \\96\n    [javac] ```\n    [javac] ^\n    [javac] /data/cmd/Ming/llm-fl-apr/tmp/JxPath_8-prompt_apr_2-qwen-turbo/src/java/org/apache/commons/jxpath/ri/compiler/CoreOperationRelationalExpression.java:90: error: illegal character: \\96\n    [javac] ```\n    [javac]  ^\n    [javac] /data/cmd/Ming/llm-fl-apr/tmp/JxPath_8-prompt_apr_2-qwen-turbo/src/java/org/apache/commons/jxpath/ri/compiler/CoreOperationRelationalExpression.java:90: error: illegal character: \\96\n    [javac] ```\n    [javac]   ^\n    [javac] 6 errors\n\nBUILD FAILED\n/data/cmd/Ming/llm-fl-apr/tmp/JxPath_8-prompt_apr_2-qwen-turbo/build.xml:36: Compile failed; see the compiler error output for details.\n\nTotal time: 3 seconds\nCannot compile sources! at /data/cmd/Ming/LLM_Based-Mutation/tools/mutant/defects4j-2.1.0/framework/bin/d4j/d4j-compile line 82.\nCompilation failed in require at /data/cmd/Ming/LLM_Based-Mutation/tools/mutant/defects4j-2.1.0/framework/bin/defects4j line 195.\n"
                }
            },
            "doubao-pro-4k": {
                "compile": {
                    "rc": 0,
                    "so": "",
                    "se": "Running ant (compile)...................................................... OK\nRunning ant (compile.tests)................................................ OK\n"
                },
                "test": {
                    "rc": 0,
                    "so": "Failing tests: 1\n  - org.apache.commons.jxpath.ri.compiler.CoreOperationTest::testNan\n",
                    "se": "Running ant (compile.tests)................................................ OK\nRunning ant (run.dev.tests)................................................ OK\n"
                }
            },
            "gpt-4o-mini": {
                "compile": {
                    "rc": 0,
                    "so": "",
                    "se": "Running ant (compile)...................................................... OK\nRunning ant (compile.tests)................................................ OK\n"
                },
                "test": {
                    "rc": 0,
                    "so": "Failing tests: 1\n  - org.apache.commons.jxpath.ri.compiler.CoreOperationTest::testNan\n",
                    "se": "Running ant (compile.tests)................................................ OK\nRunning ant (run.dev.tests)................................................ OK\n"
                }
            },
            "deepseek-chat": {
                "compile": {
                    "rc": 0,
                    "so": "",
                    "se": "Running ant (compile)...................................................... OK\nRunning ant (compile.tests)................................................ OK\n"
                },
                "test": {
                    "rc": 0,
                    "so": "Failing tests: 1\n  - org.apache.commons.jxpath.ri.compiler.CoreOperationTest::testNan\n",
                    "se": "Running ant (compile.tests)................................................ OK\nRunning ant (run.dev.tests)................................................ OK\n"
                }
            }
        },
        "prompt_apr_3": {
            "ernie-3.5-128k": {
                "compile": {
                    "rc": 1,
                    "so": "",
                    "se": "Running ant (compile)...................................................... FAIL\nExecuted command:  cd /data/cmd/Ming/llm-fl-apr/tmp/JxPath_8-prompt_apr_3-ernie-3.5-128k && /data/cmd/Ming/LLM_Based-Mutation/tools/mutant/defects4j-2.1.0/major/bin/ant -f /data/cmd/Ming/LLM_Based-Mutation/tools/mutant/defects4j-2.1.0/framework/projects/defects4j.build.xml -Dd4j.home=/data/cmd/Ming/LLM_Based-Mutation/tools/mutant/defects4j-2.1.0 -Dd4j.dir.projects=/data/cmd/Ming/LLM_Based-Mutation/tools/mutant/defects4j-2.1.0/framework/projects -Dbasedir=/data/cmd/Ming/llm-fl-apr/tmp/JxPath_8-prompt_apr_3-ernie-3.5-128k -Dbuild.compiler=javac1.7  compile 2>&1\nJava HotSpot(TM) 64-Bit Server VM warning: ignoring option MaxPermSize=1G; support was removed in 8.0\nBuildfile: /data/cmd/Ming/LLM_Based-Mutation/tools/mutant/defects4j-2.1.0/framework/projects/defects4j.build.xml\n\ninit:\n\nget-deps:\n      [get] Getting: file:/data/cmd/Ming/LLM_Based-Mutation/tools/mutant/defects4j-2.1.0/framework/projects/JxPath/lib/xerces/xerces/2.4.0/xerces-2.4.0.jar\n      [get] To: /data/cmd/Ming/llm-fl-apr/tmp/JxPath_8-prompt_apr_3-ernie-3.5-128k/target/lib/xerces-2.4.0.jar\n      [get] Getting: file:/data/cmd/Ming/LLM_Based-Mutation/tools/mutant/defects4j-2.1.0/framework/projects/JxPath/lib/servletapi/servletapi/2.2/servletapi-2.2.jar\n      [get] To: /data/cmd/Ming/llm-fl-apr/tmp/JxPath_8-prompt_apr_3-ernie-3.5-128k/target/lib/servletapi-2.2.jar\n      [get] Getting: file:/data/cmd/Ming/LLM_Based-Mutation/tools/mutant/defects4j-2.1.0/framework/projects/JxPath/lib/junit/junit/3.8/junit-3.8.jar\n      [get] To: /data/cmd/Ming/llm-fl-apr/tmp/JxPath_8-prompt_apr_3-ernie-3.5-128k/target/lib/junit-3.8.jar\n      [get] Getting: file:/data/cmd/Ming/LLM_Based-Mutation/tools/mutant/defects4j-2.1.0/framework/projects/JxPath/lib/xml-apis/xml-apis/2.0.2/xml-apis-2.0.2.jar\n      [get] To: /data/cmd/Ming/llm-fl-apr/tmp/JxPath_8-prompt_apr_3-ernie-3.5-128k/target/lib/xml-apis-2.0.2.jar\n      [get] Getting: file:/data/cmd/Ming/LLM_Based-Mutation/tools/mutant/defects4j-2.1.0/framework/projects/JxPath/lib/jdom/jdom/1.0/jdom-1.0.jar\n      [get] To: /data/cmd/Ming/llm-fl-apr/tmp/JxPath_8-prompt_apr_3-ernie-3.5-128k/target/lib/jdom-1.0.jar\n      [get] Getting: file:/data/cmd/Ming/LLM_Based-Mutation/tools/mutant/defects4j-2.1.0/framework/projects/JxPath/lib/commons-beanutils/commons-beanutils/1.4/commons-beanutils-1.4.jar\n      [get] To: /data/cmd/Ming/llm-fl-apr/tmp/JxPath_8-prompt_apr_3-ernie-3.5-128k/target/lib/commons-beanutils-1.4.jar\n      [get] Getting: file:/data/cmd/Ming/LLM_Based-Mutation/tools/mutant/defects4j-2.1.0/framework/projects/JxPath/lib/commons-logging/commons-logging/1.0.4/commons-logging-1.0.4.jar\n      [get] To: /data/cmd/Ming/llm-fl-apr/tmp/JxPath_8-prompt_apr_3-ernie-3.5-128k/target/lib/commons-logging-1.0.4.jar\n      [get] Getting: file:/data/cmd/Ming/LLM_Based-Mutation/tools/mutant/defects4j-2.1.0/framework/projects/JxPath/lib/commons-collections/commons-collections/2.0/commons-collections-2.0.jar\n      [get] To: /data/cmd/Ming/llm-fl-apr/tmp/JxPath_8-prompt_apr_3-ernie-3.5-128k/target/lib/commons-collections-2.0.jar\n      [get] Getting: file:/data/cmd/Ming/LLM_Based-Mutation/tools/mutant/defects4j-2.1.0/framework/projects/JxPath/lib/junit/junit/3.8.1/junit-3.8.1.jar\n      [get] To: /data/cmd/Ming/llm-fl-apr/tmp/JxPath_8-prompt_apr_3-ernie-3.5-128k/target/lib/junit-3.8.1.jar\n\ncompile:\n    [mkdir] Created dir: /data/cmd/Ming/llm-fl-apr/tmp/JxPath_8-prompt_apr_3-ernie-3.5-128k/target/classes\n    [javac] /data/cmd/Ming/llm-fl-apr/tmp/JxPath_8-prompt_apr_3-ernie-3.5-128k/build.xml:36: warning: 'includeantruntime' was not set, defaulting to build.sysclasspath=last; set to false for repeatable builds\n    [javac] Compiling 167 source files to /data/cmd/Ming/llm-fl-apr/tmp/JxPath_8-prompt_apr_3-ernie-3.5-128k/target/classes\n    [javac] /data/cmd/Ming/llm-fl-apr/tmp/JxPath_8-prompt_apr_3-ernie-3.5-128k/src/java/org/apache/commons/jxpath/ri/compiler/CoreOperationRelationalExpression.java:83: error: illegal start of expression\n    [javac]     private boolean containsMatch(Iterator it, Object value) {\n    [javac]     ^\n    [javac] /data/cmd/Ming/llm-fl-apr/tmp/JxPath_8-prompt_apr_3-ernie-3.5-128k/src/java/org/apache/commons/jxpath/ri/compiler/CoreOperationRelationalExpression.java:83: error: ';' expected\n    [javac]     private boolean containsMatch(Iterator it, Object value) {\n    [javac]                                  ^\n    [javac] /data/cmd/Ming/llm-fl-apr/tmp/JxPath_8-prompt_apr_3-ernie-3.5-128k/src/java/org/apache/commons/jxpath/ri/compiler/CoreOperationRelationalExpression.java:83: error: ';' expected\n    [javac]     private boolean containsMatch(Iterator it, Object value) {\n    [javac]                                                      ^\n    [javac] /data/cmd/Ming/llm-fl-apr/tmp/JxPath_8-prompt_apr_3-ernie-3.5-128k/src/java/org/apache/commons/jxpath/ri/compiler/CoreOperationRelationalExpression.java:83: error: not a statement\n    [javac]     private boolean containsMatch(Iterator it, Object value) {\n    [javac]                                                       ^\n    [javac] /data/cmd/Ming/llm-fl-apr/tmp/JxPath_8-prompt_apr_3-ernie-3.5-128k/src/java/org/apache/commons/jxpath/ri/compiler/CoreOperationRelationalExpression.java:83: error: ';' expected\n    [javac]     private boolean containsMatch(Iterator it, Object value) {\n    [javac]                                                            ^\n    [javac] /data/cmd/Ming/llm-fl-apr/tmp/JxPath_8-prompt_apr_3-ernie-3.5-128k/src/java/org/apache/commons/jxpath/ri/compiler/CoreOperationRelationalExpression.java:93: error: illegal start of expression\n    [javac]     private boolean findMatch(Iterator lit, Iterator rit) {\n    [javac]     ^\n    [javac] /data/cmd/Ming/llm-fl-apr/tmp/JxPath_8-prompt_apr_3-ernie-3.5-128k/src/java/org/apache/commons/jxpath/ri/compiler/CoreOperationRelationalExpression.java:93: error: ';' expected\n    [javac]     private boolean findMatch(Iterator lit, Iterator rit) {\n    [javac]                              ^\n    [javac] /data/cmd/Ming/llm-fl-apr/tmp/JxPath_8-prompt_apr_3-ernie-3.5-128k/src/java/org/apache/commons/jxpath/ri/compiler/CoreOperationRelationalExpression.java:93: error: ';' expected\n    [javac]     private boolean findMatch(Iterator lit, Iterator rit) {\n    [javac]                                                     ^\n    [javac] /data/cmd/Ming/llm-fl-apr/tmp/JxPath_8-prompt_apr_3-ernie-3.5-128k/src/java/org/apache/commons/jxpath/ri/compiler/CoreOperationRelationalExpression.java:93: error: not a statement\n    [javac]     private boolean findMatch(Iterator lit, Iterator rit) {\n    [javac]                                                      ^\n    [javac] /data/cmd/Ming/llm-fl-apr/tmp/JxPath_8-prompt_apr_3-ernie-3.5-128k/src/java/org/apache/commons/jxpath/ri/compiler/CoreOperationRelationalExpression.java:93: error: ';' expected\n    [javac]     private boolean findMatch(Iterator lit, Iterator rit) {\n    [javac]                                                         ^\n    [javac] /data/cmd/Ming/llm-fl-apr/tmp/JxPath_8-prompt_apr_3-ernie-3.5-128k/src/java/org/apache/commons/jxpath/ri/compiler/CoreOperationRelationalExpression.java:106: error: reached end of file while parsing\n    [javac] }\n    [javac]  ^\n    [javac] 11 errors\n\nBUILD FAILED\n/data/cmd/Ming/llm-fl-apr/tmp/JxPath_8-prompt_apr_3-ernie-3.5-128k/build.xml:36: Compile failed; see the compiler error output for details.\n\nTotal time: 2 seconds\nCannot compile sources! at /data/cmd/Ming/LLM_Based-Mutation/tools/mutant/defects4j-2.1.0/framework/bin/d4j/d4j-compile line 82.\nCompilation failed in require at /data/cmd/Ming/LLM_Based-Mutation/tools/mutant/defects4j-2.1.0/framework/bin/defects4j line 195.\n"
                }
            },
            "qwen-turbo": {
                "compile": {
                    "rc": 1,
                    "so": "",
                    "se": "Running ant (compile)...................................................... FAIL\nExecuted command:  cd /data/cmd/Ming/llm-fl-apr/tmp/JxPath_8-prompt_apr_3-qwen-turbo && /data/cmd/Ming/LLM_Based-Mutation/tools/mutant/defects4j-2.1.0/major/bin/ant -f /data/cmd/Ming/LLM_Based-Mutation/tools/mutant/defects4j-2.1.0/framework/projects/defects4j.build.xml -Dd4j.home=/data/cmd/Ming/LLM_Based-Mutation/tools/mutant/defects4j-2.1.0 -Dd4j.dir.projects=/data/cmd/Ming/LLM_Based-Mutation/tools/mutant/defects4j-2.1.0/framework/projects -Dbasedir=/data/cmd/Ming/llm-fl-apr/tmp/JxPath_8-prompt_apr_3-qwen-turbo -Dbuild.compiler=javac1.7  compile 2>&1\nJava HotSpot(TM) 64-Bit Server VM warning: ignoring option MaxPermSize=1G; support was removed in 8.0\nBuildfile: /data/cmd/Ming/LLM_Based-Mutation/tools/mutant/defects4j-2.1.0/framework/projects/defects4j.build.xml\n\ninit:\n\nget-deps:\n      [get] Getting: file:/data/cmd/Ming/LLM_Based-Mutation/tools/mutant/defects4j-2.1.0/framework/projects/JxPath/lib/xerces/xerces/2.4.0/xerces-2.4.0.jar\n      [get] To: /data/cmd/Ming/llm-fl-apr/tmp/JxPath_8-prompt_apr_3-qwen-turbo/target/lib/xerces-2.4.0.jar\n      [get] Getting: file:/data/cmd/Ming/LLM_Based-Mutation/tools/mutant/defects4j-2.1.0/framework/projects/JxPath/lib/servletapi/servletapi/2.2/servletapi-2.2.jar\n      [get] To: /data/cmd/Ming/llm-fl-apr/tmp/JxPath_8-prompt_apr_3-qwen-turbo/target/lib/servletapi-2.2.jar\n      [get] Getting: file:/data/cmd/Ming/LLM_Based-Mutation/tools/mutant/defects4j-2.1.0/framework/projects/JxPath/lib/junit/junit/3.8/junit-3.8.jar\n      [get] To: /data/cmd/Ming/llm-fl-apr/tmp/JxPath_8-prompt_apr_3-qwen-turbo/target/lib/junit-3.8.jar\n      [get] Getting: file:/data/cmd/Ming/LLM_Based-Mutation/tools/mutant/defects4j-2.1.0/framework/projects/JxPath/lib/xml-apis/xml-apis/2.0.2/xml-apis-2.0.2.jar\n      [get] To: /data/cmd/Ming/llm-fl-apr/tmp/JxPath_8-prompt_apr_3-qwen-turbo/target/lib/xml-apis-2.0.2.jar\n      [get] Getting: file:/data/cmd/Ming/LLM_Based-Mutation/tools/mutant/defects4j-2.1.0/framework/projects/JxPath/lib/jdom/jdom/1.0/jdom-1.0.jar\n      [get] To: /data/cmd/Ming/llm-fl-apr/tmp/JxPath_8-prompt_apr_3-qwen-turbo/target/lib/jdom-1.0.jar\n      [get] Getting: file:/data/cmd/Ming/LLM_Based-Mutation/tools/mutant/defects4j-2.1.0/framework/projects/JxPath/lib/commons-beanutils/commons-beanutils/1.4/commons-beanutils-1.4.jar\n      [get] To: /data/cmd/Ming/llm-fl-apr/tmp/JxPath_8-prompt_apr_3-qwen-turbo/target/lib/commons-beanutils-1.4.jar\n      [get] Getting: file:/data/cmd/Ming/LLM_Based-Mutation/tools/mutant/defects4j-2.1.0/framework/projects/JxPath/lib/commons-logging/commons-logging/1.0.4/commons-logging-1.0.4.jar\n      [get] To: /data/cmd/Ming/llm-fl-apr/tmp/JxPath_8-prompt_apr_3-qwen-turbo/target/lib/commons-logging-1.0.4.jar\n      [get] Getting: file:/data/cmd/Ming/LLM_Based-Mutation/tools/mutant/defects4j-2.1.0/framework/projects/JxPath/lib/commons-collections/commons-collections/2.0/commons-collections-2.0.jar\n      [get] To: /data/cmd/Ming/llm-fl-apr/tmp/JxPath_8-prompt_apr_3-qwen-turbo/target/lib/commons-collections-2.0.jar\n      [get] Getting: file:/data/cmd/Ming/LLM_Based-Mutation/tools/mutant/defects4j-2.1.0/framework/projects/JxPath/lib/junit/junit/3.8.1/junit-3.8.1.jar\n      [get] To: /data/cmd/Ming/llm-fl-apr/tmp/JxPath_8-prompt_apr_3-qwen-turbo/target/lib/junit-3.8.1.jar\n\ncompile:\n    [mkdir] Created dir: /data/cmd/Ming/llm-fl-apr/tmp/JxPath_8-prompt_apr_3-qwen-turbo/target/classes\n    [javac] /data/cmd/Ming/llm-fl-apr/tmp/JxPath_8-prompt_apr_3-qwen-turbo/build.xml:36: warning: 'includeantruntime' was not set, defaulting to build.sysclasspath=last; set to false for repeatable builds\n    [javac] Compiling 167 source files to /data/cmd/Ming/llm-fl-apr/tmp/JxPath_8-prompt_apr_3-qwen-turbo/target/classes\n    [javac] /data/cmd/Ming/llm-fl-apr/tmp/JxPath_8-prompt_apr_3-qwen-turbo/src/java/org/apache/commons/jxpath/ri/compiler/CoreOperationRelationalExpression.java:80: error: illegal character: \\96\n    [javac] ```java\n    [javac] ^\n    [javac] /data/cmd/Ming/llm-fl-apr/tmp/JxPath_8-prompt_apr_3-qwen-turbo/src/java/org/apache/commons/jxpath/ri/compiler/CoreOperationRelationalExpression.java:80: error: illegal character: \\96\n    [javac] ```java\n    [javac]  ^\n    [javac] /data/cmd/Ming/llm-fl-apr/tmp/JxPath_8-prompt_apr_3-qwen-turbo/src/java/org/apache/commons/jxpath/ri/compiler/CoreOperationRelationalExpression.java:80: error: illegal character: \\96\n    [javac] ```java\n    [javac]   ^\n    [javac] /data/cmd/Ming/llm-fl-apr/tmp/JxPath_8-prompt_apr_3-qwen-turbo/src/java/org/apache/commons/jxpath/ri/compiler/CoreOperationRelationalExpression.java:84: error: illegal character: \\96\n    [javac] ```\n    [javac] ^\n    [javac] /data/cmd/Ming/llm-fl-apr/tmp/JxPath_8-prompt_apr_3-qwen-turbo/src/java/org/apache/commons/jxpath/ri/compiler/CoreOperationRelationalExpression.java:84: error: illegal character: \\96\n    [javac] ```\n    [javac]  ^\n    [javac] /data/cmd/Ming/llm-fl-apr/tmp/JxPath_8-prompt_apr_3-qwen-turbo/src/java/org/apache/commons/jxpath/ri/compiler/CoreOperationRelationalExpression.java:84: error: illegal character: \\96\n    [javac] ```\n    [javac]   ^\n    [javac] /data/cmd/Ming/llm-fl-apr/tmp/JxPath_8-prompt_apr_3-qwen-turbo/src/java/org/apache/commons/jxpath/ri/compiler/CoreOperationRelationalExpression.java:85: error: illegal start of expression\n    [javac]     private boolean containsMatch(Iterator it, Object value) {\n    [javac]     ^\n    [javac] /data/cmd/Ming/llm-fl-apr/tmp/JxPath_8-prompt_apr_3-qwen-turbo/src/java/org/apache/commons/jxpath/ri/compiler/CoreOperationRelationalExpression.java:85: error: ';' expected\n    [javac]     private boolean containsMatch(Iterator it, Object value) {\n    [javac]            ^\n    [javac] /data/cmd/Ming/llm-fl-apr/tmp/JxPath_8-prompt_apr_3-qwen-turbo/src/java/org/apache/commons/jxpath/ri/compiler/CoreOperationRelationalExpression.java:85: error: ')' expected\n    [javac]     private boolean containsMatch(Iterator it, Object value) {\n    [javac]                                           ^\n    [javac] /data/cmd/Ming/llm-fl-apr/tmp/JxPath_8-prompt_apr_3-qwen-turbo/src/java/org/apache/commons/jxpath/ri/compiler/CoreOperationRelationalExpression.java:85: error: illegal start of expression\n    [javac]     private boolean containsMatch(Iterator it, Object value) {\n    [javac]                                              ^\n    [javac] /data/cmd/Ming/llm-fl-apr/tmp/JxPath_8-prompt_apr_3-qwen-turbo/src/java/org/apache/commons/jxpath/ri/compiler/CoreOperationRelationalExpression.java:85: error: ';' expected\n    [javac]     private boolean containsMatch(Iterator it, Object value) {\n    [javac]                                                      ^\n    [javac] /data/cmd/Ming/llm-fl-apr/tmp/JxPath_8-prompt_apr_3-qwen-turbo/src/java/org/apache/commons/jxpath/ri/compiler/CoreOperationRelationalExpression.java:85: error: not a statement\n    [javac]     private boolean containsMatch(Iterator it, Object value) {\n    [javac]                                                       ^\n    [javac] /data/cmd/Ming/llm-fl-apr/tmp/JxPath_8-prompt_apr_3-qwen-turbo/src/java/org/apache/commons/jxpath/ri/compiler/CoreOperationRelationalExpression.java:85: error: ';' expected\n    [javac]     private boolean containsMatch(Iterator it, Object value) {\n    [javac]                                                            ^\n    [javac] /data/cmd/Ming/llm-fl-apr/tmp/JxPath_8-prompt_apr_3-qwen-turbo/src/java/org/apache/commons/jxpath/ri/compiler/CoreOperationRelationalExpression.java:95: error: illegal start of expression\n    [javac]     private boolean findMatch(Iterator lit, Iterator rit) {\n    [javac]     ^\n    [javac] /data/cmd/Ming/llm-fl-apr/tmp/JxPath_8-prompt_apr_3-qwen-turbo/src/java/org/apache/commons/jxpath/ri/compiler/CoreOperationRelationalExpression.java:95: error: ';' expected\n    [javac]     private boolean findMatch(Iterator lit, Iterator rit) {\n    [javac]                              ^\n    [javac] /data/cmd/Ming/llm-fl-apr/tmp/JxPath_8-prompt_apr_3-qwen-turbo/src/java/org/apache/commons/jxpath/ri/compiler/CoreOperationRelationalExpression.java:95: error: ';' expected\n    [javac]     private boolean findMatch(Iterator lit, Iterator rit) {\n    [javac]                                                     ^\n    [javac] /data/cmd/Ming/llm-fl-apr/tmp/JxPath_8-prompt_apr_3-qwen-turbo/src/java/org/apache/commons/jxpath/ri/compiler/CoreOperationRelationalExpression.java:95: error: not a statement\n    [javac]     private boolean findMatch(Iterator lit, Iterator rit) {\n    [javac]                                                      ^\n    [javac] /data/cmd/Ming/llm-fl-apr/tmp/JxPath_8-prompt_apr_3-qwen-turbo/src/java/org/apache/commons/jxpath/ri/compiler/CoreOperationRelationalExpression.java:95: error: ';' expected\n    [javac]     private boolean findMatch(Iterator lit, Iterator rit) {\n    [javac]                                                         ^\n    [javac] /data/cmd/Ming/llm-fl-apr/tmp/JxPath_8-prompt_apr_3-qwen-turbo/src/java/org/apache/commons/jxpath/ri/compiler/CoreOperationRelationalExpression.java:108: error: reached end of file while parsing\n    [javac] }\n    [javac]  ^\n    [javac] 19 errors\n\nBUILD FAILED\n/data/cmd/Ming/llm-fl-apr/tmp/JxPath_8-prompt_apr_3-qwen-turbo/build.xml:36: Compile failed; see the compiler error output for details.\n\nTotal time: 2 seconds\nCannot compile sources! at /data/cmd/Ming/LLM_Based-Mutation/tools/mutant/defects4j-2.1.0/framework/bin/d4j/d4j-compile line 82.\nCompilation failed in require at /data/cmd/Ming/LLM_Based-Mutation/tools/mutant/defects4j-2.1.0/framework/bin/defects4j line 195.\n"
                }
            },
            "doubao-pro-4k": {
                "compile": {
                    "rc": 1,
                    "so": "",
                    "se": "Running ant (compile)...................................................... FAIL\nExecuted command:  cd /data/cmd/Ming/llm-fl-apr/tmp/JxPath_8-prompt_apr_3-doubao-pro-4k && /data/cmd/Ming/LLM_Based-Mutation/tools/mutant/defects4j-2.1.0/major/bin/ant -f /data/cmd/Ming/LLM_Based-Mutation/tools/mutant/defects4j-2.1.0/framework/projects/defects4j.build.xml -Dd4j.home=/data/cmd/Ming/LLM_Based-Mutation/tools/mutant/defects4j-2.1.0 -Dd4j.dir.projects=/data/cmd/Ming/LLM_Based-Mutation/tools/mutant/defects4j-2.1.0/framework/projects -Dbasedir=/data/cmd/Ming/llm-fl-apr/tmp/JxPath_8-prompt_apr_3-doubao-pro-4k -Dbuild.compiler=javac1.7  compile 2>&1\nJava HotSpot(TM) 64-Bit Server VM warning: ignoring option MaxPermSize=1G; support was removed in 8.0\nBuildfile: /data/cmd/Ming/LLM_Based-Mutation/tools/mutant/defects4j-2.1.0/framework/projects/defects4j.build.xml\n\ninit:\n\nget-deps:\n      [get] Getting: file:/data/cmd/Ming/LLM_Based-Mutation/tools/mutant/defects4j-2.1.0/framework/projects/JxPath/lib/xerces/xerces/2.4.0/xerces-2.4.0.jar\n      [get] To: /data/cmd/Ming/llm-fl-apr/tmp/JxPath_8-prompt_apr_3-doubao-pro-4k/target/lib/xerces-2.4.0.jar\n      [get] Getting: file:/data/cmd/Ming/LLM_Based-Mutation/tools/mutant/defects4j-2.1.0/framework/projects/JxPath/lib/servletapi/servletapi/2.2/servletapi-2.2.jar\n      [get] To: /data/cmd/Ming/llm-fl-apr/tmp/JxPath_8-prompt_apr_3-doubao-pro-4k/target/lib/servletapi-2.2.jar\n      [get] Getting: file:/data/cmd/Ming/LLM_Based-Mutation/tools/mutant/defects4j-2.1.0/framework/projects/JxPath/lib/junit/junit/3.8/junit-3.8.jar\n      [get] To: /data/cmd/Ming/llm-fl-apr/tmp/JxPath_8-prompt_apr_3-doubao-pro-4k/target/lib/junit-3.8.jar\n      [get] Getting: file:/data/cmd/Ming/LLM_Based-Mutation/tools/mutant/defects4j-2.1.0/framework/projects/JxPath/lib/xml-apis/xml-apis/2.0.2/xml-apis-2.0.2.jar\n      [get] To: /data/cmd/Ming/llm-fl-apr/tmp/JxPath_8-prompt_apr_3-doubao-pro-4k/target/lib/xml-apis-2.0.2.jar\n      [get] Getting: file:/data/cmd/Ming/LLM_Based-Mutation/tools/mutant/defects4j-2.1.0/framework/projects/JxPath/lib/jdom/jdom/1.0/jdom-1.0.jar\n      [get] To: /data/cmd/Ming/llm-fl-apr/tmp/JxPath_8-prompt_apr_3-doubao-pro-4k/target/lib/jdom-1.0.jar\n      [get] Getting: file:/data/cmd/Ming/LLM_Based-Mutation/tools/mutant/defects4j-2.1.0/framework/projects/JxPath/lib/commons-beanutils/commons-beanutils/1.4/commons-beanutils-1.4.jar\n      [get] To: /data/cmd/Ming/llm-fl-apr/tmp/JxPath_8-prompt_apr_3-doubao-pro-4k/target/lib/commons-beanutils-1.4.jar\n      [get] Getting: file:/data/cmd/Ming/LLM_Based-Mutation/tools/mutant/defects4j-2.1.0/framework/projects/JxPath/lib/commons-logging/commons-logging/1.0.4/commons-logging-1.0.4.jar\n      [get] To: /data/cmd/Ming/llm-fl-apr/tmp/JxPath_8-prompt_apr_3-doubao-pro-4k/target/lib/commons-logging-1.0.4.jar\n      [get] Getting: file:/data/cmd/Ming/LLM_Based-Mutation/tools/mutant/defects4j-2.1.0/framework/projects/JxPath/lib/commons-collections/commons-collections/2.0/commons-collections-2.0.jar\n      [get] To: /data/cmd/Ming/llm-fl-apr/tmp/JxPath_8-prompt_apr_3-doubao-pro-4k/target/lib/commons-collections-2.0.jar\n      [get] Getting: file:/data/cmd/Ming/LLM_Based-Mutation/tools/mutant/defects4j-2.1.0/framework/projects/JxPath/lib/junit/junit/3.8.1/junit-3.8.1.jar\n      [get] To: /data/cmd/Ming/llm-fl-apr/tmp/JxPath_8-prompt_apr_3-doubao-pro-4k/target/lib/junit-3.8.1.jar\n\ncompile:\n    [mkdir] Created dir: /data/cmd/Ming/llm-fl-apr/tmp/JxPath_8-prompt_apr_3-doubao-pro-4k/target/classes\n    [javac] /data/cmd/Ming/llm-fl-apr/tmp/JxPath_8-prompt_apr_3-doubao-pro-4k/build.xml:36: warning: 'includeantruntime' was not set, defaulting to build.sysclasspath=last; set to false for repeatable builds\n    [javac] Compiling 167 source files to /data/cmd/Ming/llm-fl-apr/tmp/JxPath_8-prompt_apr_3-doubao-pro-4k/target/classes\n    [javac] warning: /home/cmd/jdk1.8.0_391/lib/ct.sym(META-INF/sym/rt.jar/java/lang/Object.class): major version 52 is newer than 51, the highest major version supported by this compiler.\n    [javac]   It is recommended that the compiler be upgraded.\n    [javac] warning: /home/cmd/jdk1.8.0_391/lib/ct.sym(META-INF/sym/rt.jar/java/text/DecimalFormatSymbols.class): major version 52 is newer than 51, the highest major version supported by this compiler.\n    [javac]   It is recommended that the compiler be upgraded.\n    [javac] warning: /home/cmd/jdk1.8.0_391/lib/ct.sym(META-INF/sym/rt.jar/java/util/ArrayList.class): major version 52 is newer than 51, the highest major version supported by this compiler.\n    [javac]   It is recommended that the compiler be upgraded.\n    [javac] warning: /home/cmd/jdk1.8.0_391/lib/ct.sym(META-INF/sym/rt.jar/java/util/HashMap.class): major version 52 is newer than 51, the highest major version supported by this compiler.\n    [javac]   It is recommended that the compiler be upgraded.\n    [javac] warning: /home/cmd/jdk1.8.0_391/lib/ct.sym(META-INF/sym/rt.jar/java/util/Iterator.class): major version 52 is newer than 51, the highest major version supported by this compiler.\n    [javac]   It is recommended that the compiler be upgraded.\n    [javac] warning: /home/cmd/jdk1.8.0_391/lib/ct.sym(META-INF/sym/rt.jar/java/util/List.class): major version 52 is newer than 51, the highest major version supported by this compiler.\n    [javac]   It is recommended that the compiler be upgraded.\n    [javac] warning: /home/cmd/jdk1.8.0_391/lib/ct.sym(META-INF/sym/rt.jar/java/util/Locale.class): major version 52 is newer than 51, the highest major version supported by this compiler.\n    [javac]   It is recommended that the compiler be upgraded.\n    [javac] warning: /home/cmd/jdk1.8.0_391/lib/ct.sym(META-INF/sym/rt.jar/java/io/Serializable.class): major version 52 is newer than 51, the highest major version supported by this compiler.\n    [javac]   It is recommended that the compiler be upgraded.\n    [javac] warning: /home/cmd/jdk1.8.0_391/lib/ct.sym(META-INF/sym/rt.jar/java/lang/Cloneable.class): major version 52 is newer than 51, the highest major version supported by this compiler.\n    [javac]   It is recommended that the compiler be upgraded.\n    [javac] warning: /home/cmd/jdk1.8.0_391/lib/ct.sym(META-INF/sym/rt.jar/java/lang/Comparable.class): major version 52 is newer than 51, the highest major version supported by this compiler.\n    [javac]   It is recommended that the compiler be upgraded.\n    [javac] warning: /home/cmd/jdk1.8.0_391/lib/ct.sym(META-INF/sym/rt.jar/java/lang/String.class): major version 52 is newer than 51, the highest major version supported by this compiler.\n    [javac]   It is recommended that the compiler be upgraded.\n    [javac] warning: /home/cmd/jdk1.8.0_391/lib/ct.sym(META-INF/sym/rt.jar/java/util/Set.class): major version 52 is newer than 51, the highest major version supported by this compiler.\n    [javac]   It is recommended that the compiler be upgraded.\n    [javac] warning: /home/cmd/jdk1.8.0_391/lib/ct.sym(META-INF/sym/rt.jar/java/io/BufferedReader.class): major version 52 is newer than 51, the highest major version supported by this compiler.\n    [javac]   It is recommended that the compiler be upgraded.\n    [javac] warning: /home/cmd/jdk1.8.0_391/lib/ct.sym(META-INF/sym/rt.jar/java/io/File.class): major version 52 is newer than 51, the highest major version supported by this compiler.\n    [javac]   It is recommended that the compiler be upgraded.\n    [javac] warning: /home/cmd/jdk1.8.0_391/lib/ct.sym(META-INF/sym/rt.jar/java/io/FileInputStream.class): major version 52 is newer than 51, the highest major version supported by this compiler.\n    [javac]   It is recommended that the compiler be upgraded.\n    [javac] warning: /home/cmd/jdk1.8.0_391/lib/ct.sym(META-INF/sym/rt.jar/java/io/InputStream.class): major version 52 is newer than 51, the highest major version supported by this compiler.\n    [javac]   It is recommended that the compiler be upgraded.\n    [javac] warning: /home/cmd/jdk1.8.0_391/lib/ct.sym(META-INF/sym/rt.jar/java/io/InputStreamReader.class): major version 52 is newer than 51, the highest major version supported by this compiler.\n    [javac]   It is recommended that the compiler be upgraded.\n    [javac] warning: /home/cmd/jdk1.8.0_391/lib/ct.sym(META-INF/sym/rt.jar/java/util/Properties.class): major version 52 is newer than 51, the highest major version supported by this compiler.\n    [javac]   It is recommended that the compiler be upgraded.\n    [javac] warning: /home/cmd/jdk1.8.0_391/lib/ct.sym(META-INF/sym/rt.jar/java/lang/reflect/Constructor.class): major version 52 is newer than 51, the highest major version supported by this compiler.\n    [javac]   It is recommended that the compiler be upgraded.\n    [javac] warning: /home/cmd/jdk1.8.0_391/lib/ct.sym(META-INF/sym/rt.jar/java/lang/reflect/Method.class): major version 52 is newer than 51, the highest major version supported by this compiler.\n    [javac]   It is recommended that the compiler be upgraded.\n    [javac] warning: /home/cmd/jdk1.8.0_391/lib/ct.sym(META-INF/sym/rt.jar/java/util/Collection.class): major version 52 is newer than 51, the highest major version supported by this compiler.\n    [javac]   It is recommended that the compiler be upgraded.\n    [javac] warning: /home/cmd/jdk1.8.0_391/lib/ct.sym(META-INF/sym/rt.jar/java/util/Collections.class): major version 52 is newer than 51, the highest major version supported by this compiler.\n    [javac]   It is recommended that the compiler be upgraded.\n    [javac] warning: /home/cmd/jdk1.8.0_391/lib/ct.sym(META-INF/sym/rt.jar/java/lang/Class.class): major version 52 is newer than 51, the highest major version supported by this compiler.\n    [javac]   It is recommended that the compiler be upgraded.\n    [javac] warning: /home/cmd/jdk1.8.0_391/lib/ct.sym(META-INF/sym/rt.jar/java/lang/Error.class): major version 52 is newer than 51, the highest major version supported by this compiler.\n    [javac]   It is recommended that the compiler be upgraded.\n    [javac] warning: /home/cmd/jdk1.8.0_391/lib/ct.sym(META-INF/sym/rt.jar/java/lang/Throwable.class): major version 52 is newer than 51, the highest major version supported by this compiler.\n    [javac]   It is recommended that the compiler be upgraded.\n    [javac] warning: /home/cmd/jdk1.8.0_391/lib/ct.sym(META-INF/sym/rt.jar/java/lang/Exception.class): major version 52 is newer than 51, the highest major version supported by this compiler.\n    [javac]   It is recommended that the compiler be upgraded.\n    [javac] warning: /home/cmd/jdk1.8.0_391/lib/ct.sym(META-INF/sym/rt.jar/java/lang/RuntimeException.class): major version 52 is newer than 51, the highest major version supported by this compiler.\n    [javac]   It is recommended that the compiler be upgraded.\n    [javac] warning: /home/cmd/jdk1.8.0_391/lib/ct.sym(META-INF/sym/rt.jar/java/beans/BeanInfo.class): major version 52 is newer than 51, the highest major version supported by this compiler.\n    [javac]   It is recommended that the compiler be upgraded.\n    [javac] warning: /home/cmd/jdk1.8.0_391/lib/ct.sym(META-INF/sym/rt.jar/java/beans/IntrospectionException.class): major version 52 is newer than 51, the highest major version supported by this compiler.\n    [javac]   It is recommended that the compiler be upgraded.\n    [javac] warning: /home/cmd/jdk1.8.0_391/lib/ct.sym(META-INF/sym/rt.jar/java/beans/Introspector.class): major version 52 is newer than 51, the highest major version supported by this compiler.\n    [javac]   It is recommended that the compiler be upgraded.\n    [javac] warning: /home/cmd/jdk1.8.0_391/lib/ct.sym(META-INF/sym/rt.jar/java/beans/PropertyDescriptor.class): major version 52 is newer than 51, the highest major version supported by this compiler.\n    [javac]   It is recommended that the compiler be upgraded.\n    [javac] warning: /home/cmd/jdk1.8.0_391/lib/ct.sym(META-INF/sym/rt.jar/java/util/Arrays.class): major version 52 is newer than 51, the highest major version supported by this compiler.\n    [javac]   It is recommended that the compiler be upgraded.\n    [javac] warning: /home/cmd/jdk1.8.0_391/lib/ct.sym(META-INF/sym/rt.jar/java/util/Comparator.class): major version 52 is newer than 51, the highest major version supported by this compiler.\n    [javac]   It is recommended that the compiler be upgraded.\n    [javac] warning: /home/cmd/jdk1.8.0_391/lib/ct.sym(META-INF/sym/rt.jar/java/util/Date.class): major version 52 is newer than 51, the highest major version supported by this compiler.\n    [javac]   It is recommended that the compiler be upgraded.\n    [javac] warning: /home/cmd/jdk1.8.0_391/lib/ct.sym(META-INF/sym/rt.jar/java/util/Map.class): major version 52 is newer than 51, the highest major version supported by this compiler.\n    [javac]   It is recommended that the compiler be upgraded.\n    [javac] warning: /home/cmd/jdk1.8.0_391/lib/ct.sym(META-INF/sym/rt.jar/java/net/URL.class): major version 52 is newer than 51, the highest major version supported by this compiler.\n    [javac]   It is recommended that the compiler be upgraded.\n    [javac] warning: /home/cmd/jdk1.8.0_391/lib/ct.sym(META-INF/sym/rt.jar/javax/xml/transform/Source.class): major version 52 is newer than 51, the highest major version supported by this compiler.\n    [javac]   It is recommended that the compiler be upgraded.\n    [javac] warning: /home/cmd/jdk1.8.0_391/lib/ct.sym(META-INF/sym/rt.jar/javax/xml/transform/Transformer.class): major version 52 is newer than 51, the highest major version supported by this compiler.\n    [javac]   It is recommended that the compiler be upgraded.\n    [javac] warning: /home/cmd/jdk1.8.0_391/lib/ct.sym(META-INF/sym/rt.jar/javax/xml/transform/TransformerFactory.class): major version 52 is newer than 51, the highest major version supported by this compiler.\n    [javac]   It is recommended that the compiler be upgraded.\n    [javac] warning: /home/cmd/jdk1.8.0_391/lib/ct.sym(META-INF/sym/rt.jar/javax/xml/transform/dom/DOMResult.class): major version 52 is newer than 51, the highest major version supported by this compiler.\n    [javac]   It is recommended that the compiler be upgraded.\n    [javac] warning: /home/cmd/jdk1.8.0_391/lib/ct.sym(META-INF/sym/rt.jar/org/w3c/dom/Document.class): major version 52 is newer than 51, the highest major version supported by this compiler.\n    [javac]   It is recommended that the compiler be upgraded.\n    [javac] warning: /home/cmd/jdk1.8.0_391/lib/ct.sym(META-INF/sym/rt.jar/java/lang/reflect/InvocationTargetException.class): major version 52 is newer than 51, the highest major version supported by this compiler.\n    [javac]   It is recommended that the compiler be upgraded.\n    [javac] warning: /home/cmd/jdk1.8.0_391/lib/ct.sym(META-INF/sym/rt.jar/java/lang/reflect/Modifier.class): major version 52 is newer than 51, the highest major version supported by this compiler.\n    [javac]   It is recommended that the compiler be upgraded.\n    [javac] warning: /home/cmd/jdk1.8.0_391/lib/ct.sym(META-INF/sym/rt.jar/java/util/HashSet.class): major version 52 is newer than 51, the highest major version supported by this compiler.\n    [javac]   It is recommended that the compiler be upgraded.\n    [javac] warning: /home/cmd/jdk1.8.0_391/lib/ct.sym(META-INF/sym/rt.jar/java/util/NoSuchElementException.class): major version 52 is newer than 51, the highest major version supported by this compiler.\n    [javac]   It is recommended that the compiler be upgraded.\n    [javac] warning: /home/cmd/jdk1.8.0_391/lib/ct.sym(META-INF/sym/rt.jar/java/lang/ref/SoftReference.class): major version 52 is newer than 51, the highest major version supported by this compiler.\n    [javac]   It is recommended that the compiler be upgraded.\n    [javac] warning: /home/cmd/jdk1.8.0_391/lib/ct.sym(META-INF/sym/rt.jar/java/util/Vector.class): major version 52 is newer than 51, the highest major version supported by this compiler.\n    [javac]   It is recommended that the compiler be upgraded.\n    [javac] warning: /home/cmd/jdk1.8.0_391/lib/ct.sym(META-INF/sym/rt.jar/java/util/Map$Entry.class): major version 52 is newer than 51, the highest major version supported by this compiler.\n    [javac]   It is recommended that the compiler be upgraded.\n    [javac] warning: /home/cmd/jdk1.8.0_391/lib/ct.sym(META-INF/sym/rt.jar/java/lang/Double.class): major version 52 is newer than 51, the highest major version supported by this compiler.\n    [javac]   It is recommended that the compiler be upgraded.\n    [javac] warning: /home/cmd/jdk1.8.0_391/lib/ct.sym(META-INF/sym/rt.jar/java/lang/Number.class): major version 52 is newer than 51, the highest major version supported by this compiler.\n    [javac]   It is recommended that the compiler be upgraded.\n    [javac] warning: /home/cmd/jdk1.8.0_391/lib/ct.sym(META-INF/sym/rt.jar/java/io/StringReader.class): major version 52 is newer than 51, the highest major version supported by this compiler.\n    [javac]   It is recommended that the compiler be upgraded.\n    [javac] warning: /home/cmd/jdk1.8.0_391/lib/ct.sym(META-INF/sym/rt.jar/java/io/Reader.class): major version 52 is newer than 51, the highest major version supported by this compiler.\n    [javac]   It is recommended that the compiler be upgraded.\n    [javac] warning: /home/cmd/jdk1.8.0_391/lib/ct.sym(META-INF/sym/rt.jar/java/io/PrintStream.class): major version 52 is newer than 51, the highest major version supported by this compiler.\n    [javac]   It is recommended that the compiler be upgraded.\n    [javac] warning: /home/cmd/jdk1.8.0_391/lib/ct.sym(META-INF/sym/rt.jar/java/io/IOException.class): major version 52 is newer than 51, the highest major version supported by this compiler.\n    [javac]   It is recommended that the compiler be upgraded.\n    [javac] warning: /home/cmd/jdk1.8.0_391/lib/ct.sym(META-INF/sym/rt.jar/java/util/Stack.class): major version 52 is newer than 51, the highest major version supported by this compiler.\n    [javac]   It is recommended that the compiler be upgraded.\n    [javac] warning: /home/cmd/jdk1.8.0_391/lib/ct.sym(META-INF/sym/rt.jar/java/text/DecimalFormat.class): major version 52 is newer than 51, the highest major version supported by this compiler.\n    [javac]   It is recommended that the compiler be upgraded.\n    [javac] warning: /home/cmd/jdk1.8.0_391/lib/ct.sym(META-INF/sym/rt.jar/java/text/NumberFormat.class): major version 52 is newer than 51, the highest major version supported by this compiler.\n    [javac]   It is recommended that the compiler be upgraded.\n    [javac] warning: /home/cmd/jdk1.8.0_391/lib/ct.sym(META-INF/sym/rt.jar/java/beans/IndexedPropertyDescriptor.class): major version 52 is newer than 51, the highest major version supported by this compiler.\n    [javac]   It is recommended that the compiler be upgraded.\n    [javac] warning: /home/cmd/jdk1.8.0_391/lib/ct.sym(META-INF/sym/rt.jar/org/w3c/dom/Attr.class): major version 52 is newer than 51, the highest major version supported by this compiler.\n    [javac]   It is recommended that the compiler be upgraded.\n    [javac] warning: /home/cmd/jdk1.8.0_391/lib/ct.sym(META-INF/sym/rt.jar/org/w3c/dom/Element.class): major version 52 is newer than 51, the highest major version supported by this compiler.\n    [javac]   It is recommended that the compiler be upgraded.\n    [javac] warning: /home/cmd/jdk1.8.0_391/lib/ct.sym(META-INF/sym/rt.jar/org/w3c/dom/NamedNodeMap.class): major version 52 is newer than 51, the highest major version supported by this compiler.\n    [javac]   It is recommended that the compiler be upgraded.\n    [javac] warning: /home/cmd/jdk1.8.0_391/lib/ct.sym(META-INF/sym/rt.jar/org/w3c/dom/Node.class): major version 52 is newer than 51, the highest major version supported by this compiler.\n    [javac]   It is recommended that the compiler be upgraded.\n    [javac] warning: /home/cmd/jdk1.8.0_391/lib/ct.sym(META-INF/sym/rt.jar/org/w3c/dom/Comment.class): major version 52 is newer than 51, the highest major version supported by this compiler.\n    [javac]   It is recommended that the compiler be upgraded.\n    [javac] warning: /home/cmd/jdk1.8.0_391/lib/ct.sym(META-INF/sym/rt.jar/org/w3c/dom/NodeList.class): major version 52 is newer than 51, the highest major version supported by this compiler.\n    [javac]   It is recommended that the compiler be upgraded.\n    [javac] warning: /home/cmd/jdk1.8.0_391/lib/ct.sym(META-INF/sym/rt.jar/org/w3c/dom/ProcessingInstruction.class): major version 52 is newer than 51, the highest major version supported by this compiler.\n    [javac]   It is recommended that the compiler be upgraded.\n    [javac] warning: /home/cmd/jdk1.8.0_391/lib/ct.sym(META-INF/sym/rt.jar/java/util/Enumeration.class): major version 52 is newer than 51, the highest major version supported by this compiler.\n    [javac]   It is recommended that the compiler be upgraded.\n    [javac] warning: /home/cmd/jdk1.8.0_391/lib/ct.sym(META-INF/sym/rt.jar/java/lang/reflect/Array.class): major version 52 is newer than 51, the highest major version supported by this compiler.\n    [javac]   It is recommended that the compiler be upgraded.\n    [javac] warning: /home/cmd/jdk1.8.0_391/lib/ct.sym(META-INF/sym/rt.jar/java/math/BigDecimal.class): major version 52 is newer than 51, the highest major version supported by this compiler.\n    [javac]   It is recommended that the compiler be upgraded.\n    [javac] warning: /home/cmd/jdk1.8.0_391/lib/ct.sym(META-INF/sym/rt.jar/java/math/BigInteger.class): major version 52 is newer than 51, the highest major version supported by this compiler.\n    [javac]   It is recommended that the compiler be upgraded.\n    [javac] warning: /home/cmd/jdk1.8.0_391/lib/ct.sym(META-INF/sym/rt.jar/java/util/SortedSet.class): major version 52 is newer than 51, the highest major version supported by this compiler.\n    [javac]   It is recommended that the compiler be upgraded.\n    [javac] warning: /home/cmd/jdk1.8.0_391/lib/ct.sym(META-INF/sym/rt.jar/javax/xml/parsers/DocumentBuilderFactory.class): major version 52 is newer than 51, the highest major version supported by this compiler.\n    [javac]   It is recommended that the compiler be upgraded.\n    [javac] /home/cmd/jdk1.8.0_391/lib/ct.sym(META-INF/sym/rt.jar/java/lang/Object.class): warning: Cannot find annotation method 'value()' in type 'Profile+Annotation': class file for jdk.Profile+Annotation not found\n    [javac] /home/cmd/jdk1.8.0_391/lib/ct.sym(META-INF/sym/rt.jar/java/text/DecimalFormatSymbols.class): warning: Cannot find annotation method 'value()' in type 'Profile+Annotation'\n    [javac] /home/cmd/jdk1.8.0_391/lib/ct.sym(META-INF/sym/rt.jar/java/util/ArrayList.class): warning: Cannot find annotation method 'value()' in type 'Profile+Annotation'\n    [javac] /home/cmd/jdk1.8.0_391/lib/ct.sym(META-INF/sym/rt.jar/java/util/HashMap.class): warning: Cannot find annotation method 'value()' in type 'Profile+Annotation'\n    [javac] /home/cmd/jdk1.8.0_391/lib/ct.sym(META-INF/sym/rt.jar/java/util/Iterator.class): warning: Cannot find annotation method 'value()' in type 'Profile+Annotation'\n    [javac] /home/cmd/jdk1.8.0_391/lib/ct.sym(META-INF/sym/rt.jar/java/util/List.class): warning: Cannot find annotation method 'value()' in type 'Profile+Annotation'\n    [javac] /home/cmd/jdk1.8.0_391/lib/ct.sym(META-INF/sym/rt.jar/java/util/Locale.class): warning: Cannot find annotation method 'value()' in type 'Profile+Annotation'\n    [javac] /home/cmd/jdk1.8.0_391/lib/ct.sym(META-INF/sym/rt.jar/java/io/Serializable.class): warning: Cannot find annotation method 'value()' in type 'Profile+Annotation'\n    [javac] /home/cmd/jdk1.8.0_391/lib/ct.sym(META-INF/sym/rt.jar/java/lang/Cloneable.class): warning: Cannot find annotation method 'value()' in type 'Profile+Annotation'\n    [javac] /home/cmd/jdk1.8.0_391/lib/ct.sym(META-INF/sym/rt.jar/java/lang/Comparable.class): warning: Cannot find annotation method 'value()' in type 'Profile+Annotation'\n    [javac] /home/cmd/jdk1.8.0_391/lib/ct.sym(META-INF/sym/rt.jar/java/lang/String.class): warning: Cannot find annotation method 'value()' in type 'Profile+Annotation'\n    [javac] /home/cmd/jdk1.8.0_391/lib/ct.sym(META-INF/sym/rt.jar/java/util/Set.class): warning: Cannot find annotation method 'value()' in type 'Profile+Annotation'\n    [javac] /home/cmd/jdk1.8.0_391/lib/ct.sym(META-INF/sym/rt.jar/java/io/BufferedReader.class): warning: Cannot find annotation method 'value()' in type 'Profile+Annotation'\n    [javac] /home/cmd/jdk1.8.0_391/lib/ct.sym(META-INF/sym/rt.jar/java/io/File.class): warning: Cannot find annotation method 'value()' in type 'Profile+Annotation'\n    [javac] /home/cmd/jdk1.8.0_391/lib/ct.sym(META-INF/sym/rt.jar/java/io/FileInputStream.class): warning: Cannot find annotation method 'value()' in type 'Profile+Annotation'\n    [javac] /home/cmd/jdk1.8.0_391/lib/ct.sym(META-INF/sym/rt.jar/java/io/InputStream.class): warning: Cannot find annotation method 'value()' in type 'Profile+Annotation'\n    [javac] /home/cmd/jdk1.8.0_391/lib/ct.sym(META-INF/sym/rt.jar/java/io/InputStreamReader.class): warning: Cannot find annotation method 'value()' in type 'Profile+Annotation'\n    [javac] /home/cmd/jdk1.8.0_391/lib/ct.sym(META-INF/sym/rt.jar/java/util/Properties.class): warning: Cannot find annotation method 'value()' in type 'Profile+Annotation'\n    [javac] /home/cmd/jdk1.8.0_391/lib/ct.sym(META-INF/sym/rt.jar/java/lang/reflect/Constructor.class): warning: Cannot find annotation method 'value()' in type 'Profile+Annotation'\n    [javac] /home/cmd/jdk1.8.0_391/lib/ct.sym(META-INF/sym/rt.jar/java/lang/reflect/Method.class): warning: Cannot find annotation method 'value()' in type 'Profile+Annotation'\n    [javac] /home/cmd/jdk1.8.0_391/lib/ct.sym(META-INF/sym/rt.jar/java/util/Collection.class): warning: Cannot find annotation method 'value()' in type 'Profile+Annotation'\n    [javac] /home/cmd/jdk1.8.0_391/lib/ct.sym(META-INF/sym/rt.jar/java/util/Collections.class): warning: Cannot find annotation method 'value()' in type 'Profile+Annotation'\n    [javac] /home/cmd/jdk1.8.0_391/lib/ct.sym(META-INF/sym/rt.jar/java/lang/Class.class): warning: Cannot find annotation method 'value()' in type 'Profile+Annotation'\n    [javac] /home/cmd/jdk1.8.0_391/lib/ct.sym(META-INF/sym/rt.jar/java/lang/Error.class): warning: Cannot find annotation method 'value()' in type 'Profile+Annotation'\n    [javac] /home/cmd/jdk1.8.0_391/lib/ct.sym(META-INF/sym/rt.jar/java/lang/Throwable.class): warning: Cannot find annotation method 'value()' in type 'Profile+Annotation'\n    [javac] /home/cmd/jdk1.8.0_391/lib/ct.sym(META-INF/sym/rt.jar/java/lang/Exception.class): warning: Cannot find annotation method 'value()' in type 'Profile+Annotation'\n    [javac] /home/cmd/jdk1.8.0_391/lib/ct.sym(META-INF/sym/rt.jar/java/lang/RuntimeException.class): warning: Cannot find annotation method 'value()' in type 'Profile+Annotation'\n    [javac] /home/cmd/jdk1.8.0_391/lib/ct.sym(META-INF/sym/rt.jar/java/beans/BeanInfo.class): warning: Cannot find annotation method 'value()' in type 'Profile+Annotation'\n    [javac] /home/cmd/jdk1.8.0_391/lib/ct.sym(META-INF/sym/rt.jar/java/beans/IntrospectionException.class): warning: Cannot find annotation method 'value()' in type 'Profile+Annotation'\n    [javac] /data/cmd/Ming/llm-fl-apr/tmp/JxPath_8-prompt_apr_3-doubao-pro-4k/src/java/org/apache/commons/jxpath/ri/compiler/CoreOperationRelationalExpression.java:84: error: missing return statement\n    [javac] }\n    [javac] ^\n    [javac] Note: Some input files use unchecked or unsafe operations.\n    [javac] Note: Recompile with -Xlint:unchecked for details.\n    [javac] 1 error\n    [javac] 100 warnings\n\nBUILD FAILED\n/data/cmd/Ming/llm-fl-apr/tmp/JxPath_8-prompt_apr_3-doubao-pro-4k/build.xml:36: Compile failed; see the compiler error output for details.\n\nTotal time: 7 seconds\nCannot compile sources! at /data/cmd/Ming/LLM_Based-Mutation/tools/mutant/defects4j-2.1.0/framework/bin/d4j/d4j-compile line 82.\nCompilation failed in require at /data/cmd/Ming/LLM_Based-Mutation/tools/mutant/defects4j-2.1.0/framework/bin/defects4j line 195.\n"
                }
            },
            "gpt-4o-mini": {
                "compile": {
                    "rc": 1,
                    "so": "",
                    "se": "Running ant (compile)...................................................... FAIL\nExecuted command:  cd /data/cmd/Ming/llm-fl-apr/tmp/JxPath_8-prompt_apr_3-gpt-4o-mini && /data/cmd/Ming/LLM_Based-Mutation/tools/mutant/defects4j-2.1.0/major/bin/ant -f /data/cmd/Ming/LLM_Based-Mutation/tools/mutant/defects4j-2.1.0/framework/projects/defects4j.build.xml -Dd4j.home=/data/cmd/Ming/LLM_Based-Mutation/tools/mutant/defects4j-2.1.0 -Dd4j.dir.projects=/data/cmd/Ming/LLM_Based-Mutation/tools/mutant/defects4j-2.1.0/framework/projects -Dbasedir=/data/cmd/Ming/llm-fl-apr/tmp/JxPath_8-prompt_apr_3-gpt-4o-mini -Dbuild.compiler=javac1.7  compile 2>&1\nJava HotSpot(TM) 64-Bit Server VM warning: ignoring option MaxPermSize=1G; support was removed in 8.0\nBuildfile: /data/cmd/Ming/LLM_Based-Mutation/tools/mutant/defects4j-2.1.0/framework/projects/defects4j.build.xml\n\ninit:\n\nget-deps:\n      [get] Getting: file:/data/cmd/Ming/LLM_Based-Mutation/tools/mutant/defects4j-2.1.0/framework/projects/JxPath/lib/xerces/xerces/2.4.0/xerces-2.4.0.jar\n      [get] To: /data/cmd/Ming/llm-fl-apr/tmp/JxPath_8-prompt_apr_3-gpt-4o-mini/target/lib/xerces-2.4.0.jar\n      [get] Getting: file:/data/cmd/Ming/LLM_Based-Mutation/tools/mutant/defects4j-2.1.0/framework/projects/JxPath/lib/servletapi/servletapi/2.2/servletapi-2.2.jar\n      [get] To: /data/cmd/Ming/llm-fl-apr/tmp/JxPath_8-prompt_apr_3-gpt-4o-mini/target/lib/servletapi-2.2.jar\n      [get] Getting: file:/data/cmd/Ming/LLM_Based-Mutation/tools/mutant/defects4j-2.1.0/framework/projects/JxPath/lib/junit/junit/3.8/junit-3.8.jar\n      [get] To: /data/cmd/Ming/llm-fl-apr/tmp/JxPath_8-prompt_apr_3-gpt-4o-mini/target/lib/junit-3.8.jar\n      [get] Getting: file:/data/cmd/Ming/LLM_Based-Mutation/tools/mutant/defects4j-2.1.0/framework/projects/JxPath/lib/xml-apis/xml-apis/2.0.2/xml-apis-2.0.2.jar\n      [get] To: /data/cmd/Ming/llm-fl-apr/tmp/JxPath_8-prompt_apr_3-gpt-4o-mini/target/lib/xml-apis-2.0.2.jar\n      [get] Getting: file:/data/cmd/Ming/LLM_Based-Mutation/tools/mutant/defects4j-2.1.0/framework/projects/JxPath/lib/jdom/jdom/1.0/jdom-1.0.jar\n      [get] To: /data/cmd/Ming/llm-fl-apr/tmp/JxPath_8-prompt_apr_3-gpt-4o-mini/target/lib/jdom-1.0.jar\n      [get] Getting: file:/data/cmd/Ming/LLM_Based-Mutation/tools/mutant/defects4j-2.1.0/framework/projects/JxPath/lib/commons-beanutils/commons-beanutils/1.4/commons-beanutils-1.4.jar\n      [get] To: /data/cmd/Ming/llm-fl-apr/tmp/JxPath_8-prompt_apr_3-gpt-4o-mini/target/lib/commons-beanutils-1.4.jar\n      [get] Getting: file:/data/cmd/Ming/LLM_Based-Mutation/tools/mutant/defects4j-2.1.0/framework/projects/JxPath/lib/commons-logging/commons-logging/1.0.4/commons-logging-1.0.4.jar\n      [get] To: /data/cmd/Ming/llm-fl-apr/tmp/JxPath_8-prompt_apr_3-gpt-4o-mini/target/lib/commons-logging-1.0.4.jar\n      [get] Getting: file:/data/cmd/Ming/LLM_Based-Mutation/tools/mutant/defects4j-2.1.0/framework/projects/JxPath/lib/commons-collections/commons-collections/2.0/commons-collections-2.0.jar\n      [get] To: /data/cmd/Ming/llm-fl-apr/tmp/JxPath_8-prompt_apr_3-gpt-4o-mini/target/lib/commons-collections-2.0.jar\n      [get] Getting: file:/data/cmd/Ming/LLM_Based-Mutation/tools/mutant/defects4j-2.1.0/framework/projects/JxPath/lib/junit/junit/3.8.1/junit-3.8.1.jar\n      [get] To: /data/cmd/Ming/llm-fl-apr/tmp/JxPath_8-prompt_apr_3-gpt-4o-mini/target/lib/junit-3.8.1.jar\n\ncompile:\n    [mkdir] Created dir: /data/cmd/Ming/llm-fl-apr/tmp/JxPath_8-prompt_apr_3-gpt-4o-mini/target/classes\n    [javac] /data/cmd/Ming/llm-fl-apr/tmp/JxPath_8-prompt_apr_3-gpt-4o-mini/build.xml:36: warning: 'includeantruntime' was not set, defaulting to build.sysclasspath=last; set to false for repeatable builds\n    [javac] Compiling 167 source files to /data/cmd/Ming/llm-fl-apr/tmp/JxPath_8-prompt_apr_3-gpt-4o-mini/target/classes\n    [javac] /data/cmd/Ming/llm-fl-apr/tmp/JxPath_8-prompt_apr_3-gpt-4o-mini/src/java/org/apache/commons/jxpath/ri/compiler/CoreOperationRelationalExpression.java:83: error: illegal start of expression\n    [javac]     private boolean containsMatch(Iterator it, Object value) {\n    [javac]     ^\n    [javac] /data/cmd/Ming/llm-fl-apr/tmp/JxPath_8-prompt_apr_3-gpt-4o-mini/src/java/org/apache/commons/jxpath/ri/compiler/CoreOperationRelationalExpression.java:83: error: ';' expected\n    [javac]     private boolean containsMatch(Iterator it, Object value) {\n    [javac]                                  ^\n    [javac] /data/cmd/Ming/llm-fl-apr/tmp/JxPath_8-prompt_apr_3-gpt-4o-mini/src/java/org/apache/commons/jxpath/ri/compiler/CoreOperationRelationalExpression.java:83: error: ';' expected\n    [javac]     private boolean containsMatch(Iterator it, Object value) {\n    [javac]                                                      ^\n    [javac] /data/cmd/Ming/llm-fl-apr/tmp/JxPath_8-prompt_apr_3-gpt-4o-mini/src/java/org/apache/commons/jxpath/ri/compiler/CoreOperationRelationalExpression.java:83: error: not a statement\n    [javac]     private boolean containsMatch(Iterator it, Object value) {\n    [javac]                                                       ^\n    [javac] /data/cmd/Ming/llm-fl-apr/tmp/JxPath_8-prompt_apr_3-gpt-4o-mini/src/java/org/apache/commons/jxpath/ri/compiler/CoreOperationRelationalExpression.java:83: error: ';' expected\n    [javac]     private boolean containsMatch(Iterator it, Object value) {\n    [javac]                                                            ^\n    [javac] /data/cmd/Ming/llm-fl-apr/tmp/JxPath_8-prompt_apr_3-gpt-4o-mini/src/java/org/apache/commons/jxpath/ri/compiler/CoreOperationRelationalExpression.java:93: error: illegal start of expression\n    [javac]     private boolean findMatch(Iterator lit, Iterator rit) {\n    [javac]     ^\n    [javac] /data/cmd/Ming/llm-fl-apr/tmp/JxPath_8-prompt_apr_3-gpt-4o-mini/src/java/org/apache/commons/jxpath/ri/compiler/CoreOperationRelationalExpression.java:93: error: ';' expected\n    [javac]     private boolean findMatch(Iterator lit, Iterator rit) {\n    [javac]                              ^\n    [javac] /data/cmd/Ming/llm-fl-apr/tmp/JxPath_8-prompt_apr_3-gpt-4o-mini/src/java/org/apache/commons/jxpath/ri/compiler/CoreOperationRelationalExpression.java:93: error: ';' expected\n    [javac]     private boolean findMatch(Iterator lit, Iterator rit) {\n    [javac]                                                     ^\n    [javac] /data/cmd/Ming/llm-fl-apr/tmp/JxPath_8-prompt_apr_3-gpt-4o-mini/src/java/org/apache/commons/jxpath/ri/compiler/CoreOperationRelationalExpression.java:93: error: not a statement\n    [javac]     private boolean findMatch(Iterator lit, Iterator rit) {\n    [javac]                                                      ^\n    [javac] /data/cmd/Ming/llm-fl-apr/tmp/JxPath_8-prompt_apr_3-gpt-4o-mini/src/java/org/apache/commons/jxpath/ri/compiler/CoreOperationRelationalExpression.java:93: error: ';' expected\n    [javac]     private boolean findMatch(Iterator lit, Iterator rit) {\n    [javac]                                                         ^\n    [javac] /data/cmd/Ming/llm-fl-apr/tmp/JxPath_8-prompt_apr_3-gpt-4o-mini/src/java/org/apache/commons/jxpath/ri/compiler/CoreOperationRelationalExpression.java:106: error: reached end of file while parsing\n    [javac] }\n    [javac]  ^\n    [javac] 11 errors\n\nBUILD FAILED\n/data/cmd/Ming/llm-fl-apr/tmp/JxPath_8-prompt_apr_3-gpt-4o-mini/build.xml:36: Compile failed; see the compiler error output for details.\n\nTotal time: 4 seconds\nCannot compile sources! at /data/cmd/Ming/LLM_Based-Mutation/tools/mutant/defects4j-2.1.0/framework/bin/d4j/d4j-compile line 82.\nCompilation failed in require at /data/cmd/Ming/LLM_Based-Mutation/tools/mutant/defects4j-2.1.0/framework/bin/defects4j line 195.\n"
                }
            },
            "deepseek-chat": {
                "compile": {
                    "rc": 1,
                    "so": "",
                    "se": "Running ant (compile)...................................................... FAIL\nExecuted command:  cd /data/cmd/Ming/llm-fl-apr/tmp/JxPath_8-prompt_apr_3-deepseek-chat && /data/cmd/Ming/LLM_Based-Mutation/tools/mutant/defects4j-2.1.0/major/bin/ant -f /data/cmd/Ming/LLM_Based-Mutation/tools/mutant/defects4j-2.1.0/framework/projects/defects4j.build.xml -Dd4j.home=/data/cmd/Ming/LLM_Based-Mutation/tools/mutant/defects4j-2.1.0 -Dd4j.dir.projects=/data/cmd/Ming/LLM_Based-Mutation/tools/mutant/defects4j-2.1.0/framework/projects -Dbasedir=/data/cmd/Ming/llm-fl-apr/tmp/JxPath_8-prompt_apr_3-deepseek-chat -Dbuild.compiler=javac1.7  compile 2>&1\nJava HotSpot(TM) 64-Bit Server VM warning: ignoring option MaxPermSize=1G; support was removed in 8.0\nBuildfile: /data/cmd/Ming/LLM_Based-Mutation/tools/mutant/defects4j-2.1.0/framework/projects/defects4j.build.xml\n\ninit:\n\nget-deps:\n      [get] Getting: file:/data/cmd/Ming/LLM_Based-Mutation/tools/mutant/defects4j-2.1.0/framework/projects/JxPath/lib/xerces/xerces/2.4.0/xerces-2.4.0.jar\n      [get] To: /data/cmd/Ming/llm-fl-apr/tmp/JxPath_8-prompt_apr_3-deepseek-chat/target/lib/xerces-2.4.0.jar\n      [get] Getting: file:/data/cmd/Ming/LLM_Based-Mutation/tools/mutant/defects4j-2.1.0/framework/projects/JxPath/lib/servletapi/servletapi/2.2/servletapi-2.2.jar\n      [get] To: /data/cmd/Ming/llm-fl-apr/tmp/JxPath_8-prompt_apr_3-deepseek-chat/target/lib/servletapi-2.2.jar\n      [get] Getting: file:/data/cmd/Ming/LLM_Based-Mutation/tools/mutant/defects4j-2.1.0/framework/projects/JxPath/lib/junit/junit/3.8/junit-3.8.jar\n      [get] To: /data/cmd/Ming/llm-fl-apr/tmp/JxPath_8-prompt_apr_3-deepseek-chat/target/lib/junit-3.8.jar\n      [get] Getting: file:/data/cmd/Ming/LLM_Based-Mutation/tools/mutant/defects4j-2.1.0/framework/projects/JxPath/lib/xml-apis/xml-apis/2.0.2/xml-apis-2.0.2.jar\n      [get] To: /data/cmd/Ming/llm-fl-apr/tmp/JxPath_8-prompt_apr_3-deepseek-chat/target/lib/xml-apis-2.0.2.jar\n      [get] Getting: file:/data/cmd/Ming/LLM_Based-Mutation/tools/mutant/defects4j-2.1.0/framework/projects/JxPath/lib/jdom/jdom/1.0/jdom-1.0.jar\n      [get] To: /data/cmd/Ming/llm-fl-apr/tmp/JxPath_8-prompt_apr_3-deepseek-chat/target/lib/jdom-1.0.jar\n      [get] Getting: file:/data/cmd/Ming/LLM_Based-Mutation/tools/mutant/defects4j-2.1.0/framework/projects/JxPath/lib/commons-beanutils/commons-beanutils/1.4/commons-beanutils-1.4.jar\n      [get] To: /data/cmd/Ming/llm-fl-apr/tmp/JxPath_8-prompt_apr_3-deepseek-chat/target/lib/commons-beanutils-1.4.jar\n      [get] Getting: file:/data/cmd/Ming/LLM_Based-Mutation/tools/mutant/defects4j-2.1.0/framework/projects/JxPath/lib/commons-logging/commons-logging/1.0.4/commons-logging-1.0.4.jar\n      [get] To: /data/cmd/Ming/llm-fl-apr/tmp/JxPath_8-prompt_apr_3-deepseek-chat/target/lib/commons-logging-1.0.4.jar\n      [get] Getting: file:/data/cmd/Ming/LLM_Based-Mutation/tools/mutant/defects4j-2.1.0/framework/projects/JxPath/lib/commons-collections/commons-collections/2.0/commons-collections-2.0.jar\n      [get] To: /data/cmd/Ming/llm-fl-apr/tmp/JxPath_8-prompt_apr_3-deepseek-chat/target/lib/commons-collections-2.0.jar\n      [get] Getting: file:/data/cmd/Ming/LLM_Based-Mutation/tools/mutant/defects4j-2.1.0/framework/projects/JxPath/lib/junit/junit/3.8.1/junit-3.8.1.jar\n      [get] To: /data/cmd/Ming/llm-fl-apr/tmp/JxPath_8-prompt_apr_3-deepseek-chat/target/lib/junit-3.8.1.jar\n\ncompile:\n    [mkdir] Created dir: /data/cmd/Ming/llm-fl-apr/tmp/JxPath_8-prompt_apr_3-deepseek-chat/target/classes\n    [javac] /data/cmd/Ming/llm-fl-apr/tmp/JxPath_8-prompt_apr_3-deepseek-chat/build.xml:36: warning: 'includeantruntime' was not set, defaulting to build.sysclasspath=last; set to false for repeatable builds\n    [javac] Compiling 167 source files to /data/cmd/Ming/llm-fl-apr/tmp/JxPath_8-prompt_apr_3-deepseek-chat/target/classes\n    [javac] /data/cmd/Ming/llm-fl-apr/tmp/JxPath_8-prompt_apr_3-deepseek-chat/src/java/org/apache/commons/jxpath/ri/compiler/CoreOperationRelationalExpression.java:80: error: illegal character: \\96\n    [javac] ```java\n    [javac] ^\n    [javac] /data/cmd/Ming/llm-fl-apr/tmp/JxPath_8-prompt_apr_3-deepseek-chat/src/java/org/apache/commons/jxpath/ri/compiler/CoreOperationRelationalExpression.java:80: error: illegal character: \\96\n    [javac] ```java\n    [javac]  ^\n    [javac] /data/cmd/Ming/llm-fl-apr/tmp/JxPath_8-prompt_apr_3-deepseek-chat/src/java/org/apache/commons/jxpath/ri/compiler/CoreOperationRelationalExpression.java:80: error: illegal character: \\96\n    [javac] ```java\n    [javac]   ^\n    [javac] /data/cmd/Ming/llm-fl-apr/tmp/JxPath_8-prompt_apr_3-deepseek-chat/src/java/org/apache/commons/jxpath/ri/compiler/CoreOperationRelationalExpression.java:84: error: illegal character: \\96\n    [javac] ```\n    [javac] ^\n    [javac] /data/cmd/Ming/llm-fl-apr/tmp/JxPath_8-prompt_apr_3-deepseek-chat/src/java/org/apache/commons/jxpath/ri/compiler/CoreOperationRelationalExpression.java:84: error: illegal character: \\96\n    [javac] ```\n    [javac]  ^\n    [javac] /data/cmd/Ming/llm-fl-apr/tmp/JxPath_8-prompt_apr_3-deepseek-chat/src/java/org/apache/commons/jxpath/ri/compiler/CoreOperationRelationalExpression.java:84: error: illegal character: \\96\n    [javac] ```\n    [javac]   ^\n    [javac] /data/cmd/Ming/llm-fl-apr/tmp/JxPath_8-prompt_apr_3-deepseek-chat/src/java/org/apache/commons/jxpath/ri/compiler/CoreOperationRelationalExpression.java:85: error: illegal start of expression\n    [javac]     private boolean containsMatch(Iterator it, Object value) {\n    [javac]     ^\n    [javac] /data/cmd/Ming/llm-fl-apr/tmp/JxPath_8-prompt_apr_3-deepseek-chat/src/java/org/apache/commons/jxpath/ri/compiler/CoreOperationRelationalExpression.java:85: error: ';' expected\n    [javac]     private boolean containsMatch(Iterator it, Object value) {\n    [javac]            ^\n    [javac] /data/cmd/Ming/llm-fl-apr/tmp/JxPath_8-prompt_apr_3-deepseek-chat/src/java/org/apache/commons/jxpath/ri/compiler/CoreOperationRelationalExpression.java:85: error: ')' expected\n    [javac]     private boolean containsMatch(Iterator it, Object value) {\n    [javac]                                           ^\n    [javac] /data/cmd/Ming/llm-fl-apr/tmp/JxPath_8-prompt_apr_3-deepseek-chat/src/java/org/apache/commons/jxpath/ri/compiler/CoreOperationRelationalExpression.java:85: error: illegal start of expression\n    [javac]     private boolean containsMatch(Iterator it, Object value) {\n    [javac]                                              ^\n    [javac] /data/cmd/Ming/llm-fl-apr/tmp/JxPath_8-prompt_apr_3-deepseek-chat/src/java/org/apache/commons/jxpath/ri/compiler/CoreOperationRelationalExpression.java:85: error: ';' expected\n    [javac]     private boolean containsMatch(Iterator it, Object value) {\n    [javac]                                                      ^\n    [javac] /data/cmd/Ming/llm-fl-apr/tmp/JxPath_8-prompt_apr_3-deepseek-chat/src/java/org/apache/commons/jxpath/ri/compiler/CoreOperationRelationalExpression.java:85: error: not a statement\n    [javac]     private boolean containsMatch(Iterator it, Object value) {\n    [javac]                                                       ^\n    [javac] /data/cmd/Ming/llm-fl-apr/tmp/JxPath_8-prompt_apr_3-deepseek-chat/src/java/org/apache/commons/jxpath/ri/compiler/CoreOperationRelationalExpression.java:85: error: ';' expected\n    [javac]     private boolean containsMatch(Iterator it, Object value) {\n    [javac]                                                            ^\n    [javac] /data/cmd/Ming/llm-fl-apr/tmp/JxPath_8-prompt_apr_3-deepseek-chat/src/java/org/apache/commons/jxpath/ri/compiler/CoreOperationRelationalExpression.java:95: error: illegal start of expression\n    [javac]     private boolean findMatch(Iterator lit, Iterator rit) {\n    [javac]     ^\n    [javac] /data/cmd/Ming/llm-fl-apr/tmp/JxPath_8-prompt_apr_3-deepseek-chat/src/java/org/apache/commons/jxpath/ri/compiler/CoreOperationRelationalExpression.java:95: error: ';' expected\n    [javac]     private boolean findMatch(Iterator lit, Iterator rit) {\n    [javac]                              ^\n    [javac] /data/cmd/Ming/llm-fl-apr/tmp/JxPath_8-prompt_apr_3-deepseek-chat/src/java/org/apache/commons/jxpath/ri/compiler/CoreOperationRelationalExpression.java:95: error: ';' expected\n    [javac]     private boolean findMatch(Iterator lit, Iterator rit) {\n    [javac]                                                     ^\n    [javac] /data/cmd/Ming/llm-fl-apr/tmp/JxPath_8-prompt_apr_3-deepseek-chat/src/java/org/apache/commons/jxpath/ri/compiler/CoreOperationRelationalExpression.java:95: error: not a statement\n    [javac]     private boolean findMatch(Iterator lit, Iterator rit) {\n    [javac]                                                      ^\n    [javac] /data/cmd/Ming/llm-fl-apr/tmp/JxPath_8-prompt_apr_3-deepseek-chat/src/java/org/apache/commons/jxpath/ri/compiler/CoreOperationRelationalExpression.java:95: error: ';' expected\n    [javac]     private boolean findMatch(Iterator lit, Iterator rit) {\n    [javac]                                                         ^\n    [javac] /data/cmd/Ming/llm-fl-apr/tmp/JxPath_8-prompt_apr_3-deepseek-chat/src/java/org/apache/commons/jxpath/ri/compiler/CoreOperationRelationalExpression.java:108: error: reached end of file while parsing\n    [javac] }\n    [javac]  ^\n    [javac] 19 errors\n\nBUILD FAILED\n/data/cmd/Ming/llm-fl-apr/tmp/JxPath_8-prompt_apr_3-deepseek-chat/build.xml:36: Compile failed; see the compiler error output for details.\n\nTotal time: 3 seconds\nCannot compile sources! at /data/cmd/Ming/LLM_Based-Mutation/tools/mutant/defects4j-2.1.0/framework/bin/d4j/d4j-compile line 82.\nCompilation failed in require at /data/cmd/Ming/LLM_Based-Mutation/tools/mutant/defects4j-2.1.0/framework/bin/defects4j line 195.\n"
                }
            }
        },
        "prompt_apr_4": {
            "ernie-3.5-128k": {
                "compile": {
                    "rc": 0,
                    "so": "",
                    "se": "Running ant (compile)...................................................... OK\nRunning ant (compile.tests)................................................ OK\n"
                },
                "test": {
                    "rc": 0,
                    "so": "Failing tests: 1\n  - org.apache.commons.jxpath.ri.compiler.CoreOperationTest::testNan\n",
                    "se": "Running ant (compile.tests)................................................ OK\nRunning ant (run.dev.tests)................................................ OK\n"
                }
            },
            "qwen-turbo": {
                "compile": {
                    "rc": 1,
                    "so": "",
                    "se": "Running ant (compile)...................................................... FAIL\nExecuted command:  cd /data/cmd/Ming/llm-fl-apr/tmp/JxPath_8-prompt_apr_4-qwen-turbo && /data/cmd/Ming/LLM_Based-Mutation/tools/mutant/defects4j-2.1.0/major/bin/ant -f /data/cmd/Ming/LLM_Based-Mutation/tools/mutant/defects4j-2.1.0/framework/projects/defects4j.build.xml -Dd4j.home=/data/cmd/Ming/LLM_Based-Mutation/tools/mutant/defects4j-2.1.0 -Dd4j.dir.projects=/data/cmd/Ming/LLM_Based-Mutation/tools/mutant/defects4j-2.1.0/framework/projects -Dbasedir=/data/cmd/Ming/llm-fl-apr/tmp/JxPath_8-prompt_apr_4-qwen-turbo -Dbuild.compiler=javac1.7  compile 2>&1\nJava HotSpot(TM) 64-Bit Server VM warning: ignoring option MaxPermSize=1G; support was removed in 8.0\nBuildfile: /data/cmd/Ming/LLM_Based-Mutation/tools/mutant/defects4j-2.1.0/framework/projects/defects4j.build.xml\n\ninit:\n\nget-deps:\n      [get] Getting: file:/data/cmd/Ming/LLM_Based-Mutation/tools/mutant/defects4j-2.1.0/framework/projects/JxPath/lib/xerces/xerces/2.4.0/xerces-2.4.0.jar\n      [get] To: /data/cmd/Ming/llm-fl-apr/tmp/JxPath_8-prompt_apr_4-qwen-turbo/target/lib/xerces-2.4.0.jar\n      [get] Getting: file:/data/cmd/Ming/LLM_Based-Mutation/tools/mutant/defects4j-2.1.0/framework/projects/JxPath/lib/servletapi/servletapi/2.2/servletapi-2.2.jar\n      [get] To: /data/cmd/Ming/llm-fl-apr/tmp/JxPath_8-prompt_apr_4-qwen-turbo/target/lib/servletapi-2.2.jar\n      [get] Getting: file:/data/cmd/Ming/LLM_Based-Mutation/tools/mutant/defects4j-2.1.0/framework/projects/JxPath/lib/junit/junit/3.8/junit-3.8.jar\n      [get] To: /data/cmd/Ming/llm-fl-apr/tmp/JxPath_8-prompt_apr_4-qwen-turbo/target/lib/junit-3.8.jar\n      [get] Getting: file:/data/cmd/Ming/LLM_Based-Mutation/tools/mutant/defects4j-2.1.0/framework/projects/JxPath/lib/xml-apis/xml-apis/2.0.2/xml-apis-2.0.2.jar\n      [get] To: /data/cmd/Ming/llm-fl-apr/tmp/JxPath_8-prompt_apr_4-qwen-turbo/target/lib/xml-apis-2.0.2.jar\n      [get] Getting: file:/data/cmd/Ming/LLM_Based-Mutation/tools/mutant/defects4j-2.1.0/framework/projects/JxPath/lib/jdom/jdom/1.0/jdom-1.0.jar\n      [get] To: /data/cmd/Ming/llm-fl-apr/tmp/JxPath_8-prompt_apr_4-qwen-turbo/target/lib/jdom-1.0.jar\n      [get] Getting: file:/data/cmd/Ming/LLM_Based-Mutation/tools/mutant/defects4j-2.1.0/framework/projects/JxPath/lib/commons-beanutils/commons-beanutils/1.4/commons-beanutils-1.4.jar\n      [get] To: /data/cmd/Ming/llm-fl-apr/tmp/JxPath_8-prompt_apr_4-qwen-turbo/target/lib/commons-beanutils-1.4.jar\n      [get] Getting: file:/data/cmd/Ming/LLM_Based-Mutation/tools/mutant/defects4j-2.1.0/framework/projects/JxPath/lib/commons-logging/commons-logging/1.0.4/commons-logging-1.0.4.jar\n      [get] To: /data/cmd/Ming/llm-fl-apr/tmp/JxPath_8-prompt_apr_4-qwen-turbo/target/lib/commons-logging-1.0.4.jar\n      [get] Getting: file:/data/cmd/Ming/LLM_Based-Mutation/tools/mutant/defects4j-2.1.0/framework/projects/JxPath/lib/commons-collections/commons-collections/2.0/commons-collections-2.0.jar\n      [get] To: /data/cmd/Ming/llm-fl-apr/tmp/JxPath_8-prompt_apr_4-qwen-turbo/target/lib/commons-collections-2.0.jar\n      [get] Getting: file:/data/cmd/Ming/LLM_Based-Mutation/tools/mutant/defects4j-2.1.0/framework/projects/JxPath/lib/junit/junit/3.8.1/junit-3.8.1.jar\n      [get] To: /data/cmd/Ming/llm-fl-apr/tmp/JxPath_8-prompt_apr_4-qwen-turbo/target/lib/junit-3.8.1.jar\n\ncompile:\n    [mkdir] Created dir: /data/cmd/Ming/llm-fl-apr/tmp/JxPath_8-prompt_apr_4-qwen-turbo/target/classes\n    [javac] /data/cmd/Ming/llm-fl-apr/tmp/JxPath_8-prompt_apr_4-qwen-turbo/build.xml:36: warning: 'includeantruntime' was not set, defaulting to build.sysclasspath=last; set to false for repeatable builds\n    [javac] Compiling 167 source files to /data/cmd/Ming/llm-fl-apr/tmp/JxPath_8-prompt_apr_4-qwen-turbo/target/classes\n    [javac] /data/cmd/Ming/llm-fl-apr/tmp/JxPath_8-prompt_apr_4-qwen-turbo/src/java/org/apache/commons/jxpath/ri/compiler/CoreOperationRelationalExpression.java:89: error: illegal start of expression\n    [javac]     private boolean containsMatch(Iterator it, Object value) {\n    [javac]     ^\n    [javac] /data/cmd/Ming/llm-fl-apr/tmp/JxPath_8-prompt_apr_4-qwen-turbo/src/java/org/apache/commons/jxpath/ri/compiler/CoreOperationRelationalExpression.java:89: error: ';' expected\n    [javac]     private boolean containsMatch(Iterator it, Object value) {\n    [javac]                                  ^\n    [javac] /data/cmd/Ming/llm-fl-apr/tmp/JxPath_8-prompt_apr_4-qwen-turbo/src/java/org/apache/commons/jxpath/ri/compiler/CoreOperationRelationalExpression.java:89: error: ';' expected\n    [javac]     private boolean containsMatch(Iterator it, Object value) {\n    [javac]                                                      ^\n    [javac] /data/cmd/Ming/llm-fl-apr/tmp/JxPath_8-prompt_apr_4-qwen-turbo/src/java/org/apache/commons/jxpath/ri/compiler/CoreOperationRelationalExpression.java:89: error: not a statement\n    [javac]     private boolean containsMatch(Iterator it, Object value) {\n    [javac]                                                       ^\n    [javac] /data/cmd/Ming/llm-fl-apr/tmp/JxPath_8-prompt_apr_4-qwen-turbo/src/java/org/apache/commons/jxpath/ri/compiler/CoreOperationRelationalExpression.java:89: error: ';' expected\n    [javac]     private boolean containsMatch(Iterator it, Object value) {\n    [javac]                                                            ^\n    [javac] /data/cmd/Ming/llm-fl-apr/tmp/JxPath_8-prompt_apr_4-qwen-turbo/src/java/org/apache/commons/jxpath/ri/compiler/CoreOperationRelationalExpression.java:99: error: illegal start of expression\n    [javac]     private boolean findMatch(Iterator lit, Iterator rit) {\n    [javac]     ^\n    [javac] /data/cmd/Ming/llm-fl-apr/tmp/JxPath_8-prompt_apr_4-qwen-turbo/src/java/org/apache/commons/jxpath/ri/compiler/CoreOperationRelationalExpression.java:99: error: ';' expected\n    [javac]     private boolean findMatch(Iterator lit, Iterator rit) {\n    [javac]                              ^\n    [javac] /data/cmd/Ming/llm-fl-apr/tmp/JxPath_8-prompt_apr_4-qwen-turbo/src/java/org/apache/commons/jxpath/ri/compiler/CoreOperationRelationalExpression.java:99: error: ';' expected\n    [javac]     private boolean findMatch(Iterator lit, Iterator rit) {\n    [javac]                                                     ^\n    [javac] /data/cmd/Ming/llm-fl-apr/tmp/JxPath_8-prompt_apr_4-qwen-turbo/src/java/org/apache/commons/jxpath/ri/compiler/CoreOperationRelationalExpression.java:99: error: not a statement\n    [javac]     private boolean findMatch(Iterator lit, Iterator rit) {\n    [javac]                                                      ^\n    [javac] /data/cmd/Ming/llm-fl-apr/tmp/JxPath_8-prompt_apr_4-qwen-turbo/src/java/org/apache/commons/jxpath/ri/compiler/CoreOperationRelationalExpression.java:99: error: ';' expected\n    [javac]     private boolean findMatch(Iterator lit, Iterator rit) {\n    [javac]                                                         ^\n    [javac] /data/cmd/Ming/llm-fl-apr/tmp/JxPath_8-prompt_apr_4-qwen-turbo/src/java/org/apache/commons/jxpath/ri/compiler/CoreOperationRelationalExpression.java:112: error: reached end of file while parsing\n    [javac] }\n    [javac]  ^\n    [javac] 11 errors\n\nBUILD FAILED\n/data/cmd/Ming/llm-fl-apr/tmp/JxPath_8-prompt_apr_4-qwen-turbo/build.xml:36: Compile failed; see the compiler error output for details.\n\nTotal time: 3 seconds\nCannot compile sources! at /data/cmd/Ming/LLM_Based-Mutation/tools/mutant/defects4j-2.1.0/framework/bin/d4j/d4j-compile line 82.\nCompilation failed in require at /data/cmd/Ming/LLM_Based-Mutation/tools/mutant/defects4j-2.1.0/framework/bin/defects4j line 195.\n"
                }
            },
            "doubao-pro-4k": {
                "compile": {
                    "rc": 0,
                    "so": "",
                    "se": "Running ant (compile)...................................................... OK\nRunning ant (compile.tests)................................................ OK\n"
                },
                "test": {
                    "rc": 0,
                    "so": "Failing tests: 1\n  - org.apache.commons.jxpath.ri.compiler.CoreOperationTest::testNan\n",
                    "se": "Running ant (compile.tests)................................................ OK\nRunning ant (run.dev.tests)................................................ OK\n"
                }
            },
            "gpt-4o-mini": {
                "compile": {
                    "rc": 0,
                    "so": "",
                    "se": "Running ant (compile)...................................................... OK\nRunning ant (compile.tests)................................................ OK\n"
                },
                "test": {
                    "rc": 0,
                    "so": "Failing tests: 1\n  - org.apache.commons.jxpath.ri.compiler.CoreOperationTest::testNan\n",
                    "se": "Running ant (compile.tests)................................................ OK\nRunning ant (run.dev.tests)................................................ OK\n"
                }
            },
            "deepseek-chat": {
                "compile": {
                    "rc": 0,
                    "so": "",
                    "se": "Running ant (compile)...................................................... OK\nRunning ant (compile.tests)................................................ OK\n"
                },
                "test": {
                    "rc": 0,
                    "so": "Failing tests: 1\n  - org.apache.commons.jxpath.ri.compiler.CoreOperationTest::testNan\n",
                    "se": "Running ant (compile.tests)................................................ OK\nRunning ant (run.dev.tests)................................................ OK\n"
                }
            }
        },
        "prompt_apr_5": {
            "ernie-3.5-128k": {
                "compile": {
                    "rc": 1,
                    "so": "",
                    "se": "Running ant (compile)...................................................... FAIL\nExecuted command:  cd /data/cmd/Ming/llm-fl-apr/tmp/JxPath_8-prompt_apr_5-ernie-3.5-128k && /data/cmd/Ming/LLM_Based-Mutation/tools/mutant/defects4j-2.1.0/major/bin/ant -f /data/cmd/Ming/LLM_Based-Mutation/tools/mutant/defects4j-2.1.0/framework/projects/defects4j.build.xml -Dd4j.home=/data/cmd/Ming/LLM_Based-Mutation/tools/mutant/defects4j-2.1.0 -Dd4j.dir.projects=/data/cmd/Ming/LLM_Based-Mutation/tools/mutant/defects4j-2.1.0/framework/projects -Dbasedir=/data/cmd/Ming/llm-fl-apr/tmp/JxPath_8-prompt_apr_5-ernie-3.5-128k -Dbuild.compiler=javac1.7  compile 2>&1\nJava HotSpot(TM) 64-Bit Server VM warning: ignoring option MaxPermSize=1G; support was removed in 8.0\nBuildfile: /data/cmd/Ming/LLM_Based-Mutation/tools/mutant/defects4j-2.1.0/framework/projects/defects4j.build.xml\n\ninit:\n\nget-deps:\n      [get] Getting: file:/data/cmd/Ming/LLM_Based-Mutation/tools/mutant/defects4j-2.1.0/framework/projects/JxPath/lib/xerces/xerces/2.4.0/xerces-2.4.0.jar\n      [get] To: /data/cmd/Ming/llm-fl-apr/tmp/JxPath_8-prompt_apr_5-ernie-3.5-128k/target/lib/xerces-2.4.0.jar\n      [get] Getting: file:/data/cmd/Ming/LLM_Based-Mutation/tools/mutant/defects4j-2.1.0/framework/projects/JxPath/lib/servletapi/servletapi/2.2/servletapi-2.2.jar\n      [get] To: /data/cmd/Ming/llm-fl-apr/tmp/JxPath_8-prompt_apr_5-ernie-3.5-128k/target/lib/servletapi-2.2.jar\n      [get] Getting: file:/data/cmd/Ming/LLM_Based-Mutation/tools/mutant/defects4j-2.1.0/framework/projects/JxPath/lib/junit/junit/3.8/junit-3.8.jar\n      [get] To: /data/cmd/Ming/llm-fl-apr/tmp/JxPath_8-prompt_apr_5-ernie-3.5-128k/target/lib/junit-3.8.jar\n      [get] Getting: file:/data/cmd/Ming/LLM_Based-Mutation/tools/mutant/defects4j-2.1.0/framework/projects/JxPath/lib/xml-apis/xml-apis/2.0.2/xml-apis-2.0.2.jar\n      [get] To: /data/cmd/Ming/llm-fl-apr/tmp/JxPath_8-prompt_apr_5-ernie-3.5-128k/target/lib/xml-apis-2.0.2.jar\n      [get] Getting: file:/data/cmd/Ming/LLM_Based-Mutation/tools/mutant/defects4j-2.1.0/framework/projects/JxPath/lib/jdom/jdom/1.0/jdom-1.0.jar\n      [get] To: /data/cmd/Ming/llm-fl-apr/tmp/JxPath_8-prompt_apr_5-ernie-3.5-128k/target/lib/jdom-1.0.jar\n      [get] Getting: file:/data/cmd/Ming/LLM_Based-Mutation/tools/mutant/defects4j-2.1.0/framework/projects/JxPath/lib/commons-beanutils/commons-beanutils/1.4/commons-beanutils-1.4.jar\n      [get] To: /data/cmd/Ming/llm-fl-apr/tmp/JxPath_8-prompt_apr_5-ernie-3.5-128k/target/lib/commons-beanutils-1.4.jar\n      [get] Getting: file:/data/cmd/Ming/LLM_Based-Mutation/tools/mutant/defects4j-2.1.0/framework/projects/JxPath/lib/commons-logging/commons-logging/1.0.4/commons-logging-1.0.4.jar\n      [get] To: /data/cmd/Ming/llm-fl-apr/tmp/JxPath_8-prompt_apr_5-ernie-3.5-128k/target/lib/commons-logging-1.0.4.jar\n      [get] Getting: file:/data/cmd/Ming/LLM_Based-Mutation/tools/mutant/defects4j-2.1.0/framework/projects/JxPath/lib/commons-collections/commons-collections/2.0/commons-collections-2.0.jar\n      [get] To: /data/cmd/Ming/llm-fl-apr/tmp/JxPath_8-prompt_apr_5-ernie-3.5-128k/target/lib/commons-collections-2.0.jar\n      [get] Getting: file:/data/cmd/Ming/LLM_Based-Mutation/tools/mutant/defects4j-2.1.0/framework/projects/JxPath/lib/junit/junit/3.8.1/junit-3.8.1.jar\n      [get] To: /data/cmd/Ming/llm-fl-apr/tmp/JxPath_8-prompt_apr_5-ernie-3.5-128k/target/lib/junit-3.8.1.jar\n\ncompile:\n    [mkdir] Created dir: /data/cmd/Ming/llm-fl-apr/tmp/JxPath_8-prompt_apr_5-ernie-3.5-128k/target/classes\n    [javac] /data/cmd/Ming/llm-fl-apr/tmp/JxPath_8-prompt_apr_5-ernie-3.5-128k/build.xml:36: warning: 'includeantruntime' was not set, defaulting to build.sysclasspath=last; set to false for repeatable builds\n    [javac] Compiling 167 source files to /data/cmd/Ming/llm-fl-apr/tmp/JxPath_8-prompt_apr_5-ernie-3.5-128k/target/classes\n    [javac] /data/cmd/Ming/llm-fl-apr/tmp/JxPath_8-prompt_apr_5-ernie-3.5-128k/src/java/org/apache/commons/jxpath/ri/compiler/CoreOperationRelationalExpression.java:89: error: illegal start of expression\n    [javac]     private boolean containsMatch(Iterator it, Object value) {\n    [javac]     ^\n    [javac] /data/cmd/Ming/llm-fl-apr/tmp/JxPath_8-prompt_apr_5-ernie-3.5-128k/src/java/org/apache/commons/jxpath/ri/compiler/CoreOperationRelationalExpression.java:89: error: ';' expected\n    [javac]     private boolean containsMatch(Iterator it, Object value) {\n    [javac]                                  ^\n    [javac] /data/cmd/Ming/llm-fl-apr/tmp/JxPath_8-prompt_apr_5-ernie-3.5-128k/src/java/org/apache/commons/jxpath/ri/compiler/CoreOperationRelationalExpression.java:89: error: ';' expected\n    [javac]     private boolean containsMatch(Iterator it, Object value) {\n    [javac]                                                      ^\n    [javac] /data/cmd/Ming/llm-fl-apr/tmp/JxPath_8-prompt_apr_5-ernie-3.5-128k/src/java/org/apache/commons/jxpath/ri/compiler/CoreOperationRelationalExpression.java:89: error: not a statement\n    [javac]     private boolean containsMatch(Iterator it, Object value) {\n    [javac]                                                       ^\n    [javac] /data/cmd/Ming/llm-fl-apr/tmp/JxPath_8-prompt_apr_5-ernie-3.5-128k/src/java/org/apache/commons/jxpath/ri/compiler/CoreOperationRelationalExpression.java:89: error: ';' expected\n    [javac]     private boolean containsMatch(Iterator it, Object value) {\n    [javac]                                                            ^\n    [javac] /data/cmd/Ming/llm-fl-apr/tmp/JxPath_8-prompt_apr_5-ernie-3.5-128k/src/java/org/apache/commons/jxpath/ri/compiler/CoreOperationRelationalExpression.java:99: error: illegal start of expression\n    [javac]     private boolean findMatch(Iterator lit, Iterator rit) {\n    [javac]     ^\n    [javac] /data/cmd/Ming/llm-fl-apr/tmp/JxPath_8-prompt_apr_5-ernie-3.5-128k/src/java/org/apache/commons/jxpath/ri/compiler/CoreOperationRelationalExpression.java:99: error: ';' expected\n    [javac]     private boolean findMatch(Iterator lit, Iterator rit) {\n    [javac]                              ^\n    [javac] /data/cmd/Ming/llm-fl-apr/tmp/JxPath_8-prompt_apr_5-ernie-3.5-128k/src/java/org/apache/commons/jxpath/ri/compiler/CoreOperationRelationalExpression.java:99: error: ';' expected\n    [javac]     private boolean findMatch(Iterator lit, Iterator rit) {\n    [javac]                                                     ^\n    [javac] /data/cmd/Ming/llm-fl-apr/tmp/JxPath_8-prompt_apr_5-ernie-3.5-128k/src/java/org/apache/commons/jxpath/ri/compiler/CoreOperationRelationalExpression.java:99: error: not a statement\n    [javac]     private boolean findMatch(Iterator lit, Iterator rit) {\n    [javac]                                                      ^\n    [javac] /data/cmd/Ming/llm-fl-apr/tmp/JxPath_8-prompt_apr_5-ernie-3.5-128k/src/java/org/apache/commons/jxpath/ri/compiler/CoreOperationRelationalExpression.java:99: error: ';' expected\n    [javac]     private boolean findMatch(Iterator lit, Iterator rit) {\n    [javac]                                                         ^\n    [javac] /data/cmd/Ming/llm-fl-apr/tmp/JxPath_8-prompt_apr_5-ernie-3.5-128k/src/java/org/apache/commons/jxpath/ri/compiler/CoreOperationRelationalExpression.java:112: error: reached end of file while parsing\n    [javac] }\n    [javac]  ^\n    [javac] 11 errors\n\nBUILD FAILED\n/data/cmd/Ming/llm-fl-apr/tmp/JxPath_8-prompt_apr_5-ernie-3.5-128k/build.xml:36: Compile failed; see the compiler error output for details.\n\nTotal time: 3 seconds\nCannot compile sources! at /data/cmd/Ming/LLM_Based-Mutation/tools/mutant/defects4j-2.1.0/framework/bin/d4j/d4j-compile line 82.\nCompilation failed in require at /data/cmd/Ming/LLM_Based-Mutation/tools/mutant/defects4j-2.1.0/framework/bin/defects4j line 195.\n"
                }
            },
            "qwen-turbo": {
                "compile": {
                    "rc": 0,
                    "so": "",
                    "se": "Running ant (compile)...................................................... OK\nRunning ant (compile.tests)................................................ OK\n"
                },
                "test": {
                    "rc": 0,
                    "so": "Failing tests: 1\n  - org.apache.commons.jxpath.ri.compiler.CoreOperationTest::testNan\n",
                    "se": "Running ant (compile.tests)................................................ OK\nRunning ant (run.dev.tests)................................................ OK\n"
                }
            },
            "doubao-pro-4k": {
                "compile": {
                    "rc": 1,
                    "so": "",
                    "se": "Running ant (compile)...................................................... FAIL\nExecuted command:  cd /data/cmd/Ming/llm-fl-apr/tmp/JxPath_8-prompt_apr_5-doubao-pro-4k && /data/cmd/Ming/LLM_Based-Mutation/tools/mutant/defects4j-2.1.0/major/bin/ant -f /data/cmd/Ming/LLM_Based-Mutation/tools/mutant/defects4j-2.1.0/framework/projects/defects4j.build.xml -Dd4j.home=/data/cmd/Ming/LLM_Based-Mutation/tools/mutant/defects4j-2.1.0 -Dd4j.dir.projects=/data/cmd/Ming/LLM_Based-Mutation/tools/mutant/defects4j-2.1.0/framework/projects -Dbasedir=/data/cmd/Ming/llm-fl-apr/tmp/JxPath_8-prompt_apr_5-doubao-pro-4k -Dbuild.compiler=javac1.7  compile 2>&1\nJava HotSpot(TM) 64-Bit Server VM warning: ignoring option MaxPermSize=1G; support was removed in 8.0\nBuildfile: /data/cmd/Ming/LLM_Based-Mutation/tools/mutant/defects4j-2.1.0/framework/projects/defects4j.build.xml\n\ninit:\n\nget-deps:\n      [get] Getting: file:/data/cmd/Ming/LLM_Based-Mutation/tools/mutant/defects4j-2.1.0/framework/projects/JxPath/lib/xerces/xerces/2.4.0/xerces-2.4.0.jar\n      [get] To: /data/cmd/Ming/llm-fl-apr/tmp/JxPath_8-prompt_apr_5-doubao-pro-4k/target/lib/xerces-2.4.0.jar\n      [get] Getting: file:/data/cmd/Ming/LLM_Based-Mutation/tools/mutant/defects4j-2.1.0/framework/projects/JxPath/lib/servletapi/servletapi/2.2/servletapi-2.2.jar\n      [get] To: /data/cmd/Ming/llm-fl-apr/tmp/JxPath_8-prompt_apr_5-doubao-pro-4k/target/lib/servletapi-2.2.jar\n      [get] Getting: file:/data/cmd/Ming/LLM_Based-Mutation/tools/mutant/defects4j-2.1.0/framework/projects/JxPath/lib/junit/junit/3.8/junit-3.8.jar\n      [get] To: /data/cmd/Ming/llm-fl-apr/tmp/JxPath_8-prompt_apr_5-doubao-pro-4k/target/lib/junit-3.8.jar\n      [get] Getting: file:/data/cmd/Ming/LLM_Based-Mutation/tools/mutant/defects4j-2.1.0/framework/projects/JxPath/lib/xml-apis/xml-apis/2.0.2/xml-apis-2.0.2.jar\n      [get] To: /data/cmd/Ming/llm-fl-apr/tmp/JxPath_8-prompt_apr_5-doubao-pro-4k/target/lib/xml-apis-2.0.2.jar\n      [get] Getting: file:/data/cmd/Ming/LLM_Based-Mutation/tools/mutant/defects4j-2.1.0/framework/projects/JxPath/lib/jdom/jdom/1.0/jdom-1.0.jar\n      [get] To: /data/cmd/Ming/llm-fl-apr/tmp/JxPath_8-prompt_apr_5-doubao-pro-4k/target/lib/jdom-1.0.jar\n      [get] Getting: file:/data/cmd/Ming/LLM_Based-Mutation/tools/mutant/defects4j-2.1.0/framework/projects/JxPath/lib/commons-beanutils/commons-beanutils/1.4/commons-beanutils-1.4.jar\n      [get] To: /data/cmd/Ming/llm-fl-apr/tmp/JxPath_8-prompt_apr_5-doubao-pro-4k/target/lib/commons-beanutils-1.4.jar\n      [get] Getting: file:/data/cmd/Ming/LLM_Based-Mutation/tools/mutant/defects4j-2.1.0/framework/projects/JxPath/lib/commons-logging/commons-logging/1.0.4/commons-logging-1.0.4.jar\n      [get] To: /data/cmd/Ming/llm-fl-apr/tmp/JxPath_8-prompt_apr_5-doubao-pro-4k/target/lib/commons-logging-1.0.4.jar\n      [get] Getting: file:/data/cmd/Ming/LLM_Based-Mutation/tools/mutant/defects4j-2.1.0/framework/projects/JxPath/lib/commons-collections/commons-collections/2.0/commons-collections-2.0.jar\n      [get] To: /data/cmd/Ming/llm-fl-apr/tmp/JxPath_8-prompt_apr_5-doubao-pro-4k/target/lib/commons-collections-2.0.jar\n      [get] Getting: file:/data/cmd/Ming/LLM_Based-Mutation/tools/mutant/defects4j-2.1.0/framework/projects/JxPath/lib/junit/junit/3.8.1/junit-3.8.1.jar\n      [get] To: /data/cmd/Ming/llm-fl-apr/tmp/JxPath_8-prompt_apr_5-doubao-pro-4k/target/lib/junit-3.8.1.jar\n\ncompile:\n    [mkdir] Created dir: /data/cmd/Ming/llm-fl-apr/tmp/JxPath_8-prompt_apr_5-doubao-pro-4k/target/classes\n    [javac] /data/cmd/Ming/llm-fl-apr/tmp/JxPath_8-prompt_apr_5-doubao-pro-4k/build.xml:36: warning: 'includeantruntime' was not set, defaulting to build.sysclasspath=last; set to false for repeatable builds\n    [javac] Compiling 167 source files to /data/cmd/Ming/llm-fl-apr/tmp/JxPath_8-prompt_apr_5-doubao-pro-4k/target/classes\n    [javac] /data/cmd/Ming/llm-fl-apr/tmp/JxPath_8-prompt_apr_5-doubao-pro-4k/src/java/org/apache/commons/jxpath/ri/compiler/CoreOperationRelationalExpression.java:89: error: illegal start of expression\n    [javac]     private boolean containsMatch(Iterator it, Object value) {\n    [javac]     ^\n    [javac] /data/cmd/Ming/llm-fl-apr/tmp/JxPath_8-prompt_apr_5-doubao-pro-4k/src/java/org/apache/commons/jxpath/ri/compiler/CoreOperationRelationalExpression.java:89: error: ';' expected\n    [javac]     private boolean containsMatch(Iterator it, Object value) {\n    [javac]                                  ^\n    [javac] /data/cmd/Ming/llm-fl-apr/tmp/JxPath_8-prompt_apr_5-doubao-pro-4k/src/java/org/apache/commons/jxpath/ri/compiler/CoreOperationRelationalExpression.java:89: error: ';' expected\n    [javac]     private boolean containsMatch(Iterator it, Object value) {\n    [javac]                                                      ^\n    [javac] /data/cmd/Ming/llm-fl-apr/tmp/JxPath_8-prompt_apr_5-doubao-pro-4k/src/java/org/apache/commons/jxpath/ri/compiler/CoreOperationRelationalExpression.java:89: error: not a statement\n    [javac]     private boolean containsMatch(Iterator it, Object value) {\n    [javac]                                                       ^\n    [javac] /data/cmd/Ming/llm-fl-apr/tmp/JxPath_8-prompt_apr_5-doubao-pro-4k/src/java/org/apache/commons/jxpath/ri/compiler/CoreOperationRelationalExpression.java:89: error: ';' expected\n    [javac]     private boolean containsMatch(Iterator it, Object value) {\n    [javac]                                                            ^\n    [javac] /data/cmd/Ming/llm-fl-apr/tmp/JxPath_8-prompt_apr_5-doubao-pro-4k/src/java/org/apache/commons/jxpath/ri/compiler/CoreOperationRelationalExpression.java:99: error: illegal start of expression\n    [javac]     private boolean findMatch(Iterator lit, Iterator rit) {\n    [javac]     ^\n    [javac] /data/cmd/Ming/llm-fl-apr/tmp/JxPath_8-prompt_apr_5-doubao-pro-4k/src/java/org/apache/commons/jxpath/ri/compiler/CoreOperationRelationalExpression.java:99: error: ';' expected\n    [javac]     private boolean findMatch(Iterator lit, Iterator rit) {\n    [javac]                              ^\n    [javac] /data/cmd/Ming/llm-fl-apr/tmp/JxPath_8-prompt_apr_5-doubao-pro-4k/src/java/org/apache/commons/jxpath/ri/compiler/CoreOperationRelationalExpression.java:99: error: ';' expected\n    [javac]     private boolean findMatch(Iterator lit, Iterator rit) {\n    [javac]                                                     ^\n    [javac] /data/cmd/Ming/llm-fl-apr/tmp/JxPath_8-prompt_apr_5-doubao-pro-4k/src/java/org/apache/commons/jxpath/ri/compiler/CoreOperationRelationalExpression.java:99: error: not a statement\n    [javac]     private boolean findMatch(Iterator lit, Iterator rit) {\n    [javac]                                                      ^\n    [javac] /data/cmd/Ming/llm-fl-apr/tmp/JxPath_8-prompt_apr_5-doubao-pro-4k/src/java/org/apache/commons/jxpath/ri/compiler/CoreOperationRelationalExpression.java:99: error: ';' expected\n    [javac]     private boolean findMatch(Iterator lit, Iterator rit) {\n    [javac]                                                         ^\n    [javac] /data/cmd/Ming/llm-fl-apr/tmp/JxPath_8-prompt_apr_5-doubao-pro-4k/src/java/org/apache/commons/jxpath/ri/compiler/CoreOperationRelationalExpression.java:112: error: reached end of file while parsing\n    [javac] }\n    [javac]  ^\n    [javac] 11 errors\n\nBUILD FAILED\n/data/cmd/Ming/llm-fl-apr/tmp/JxPath_8-prompt_apr_5-doubao-pro-4k/build.xml:36: Compile failed; see the compiler error output for details.\n\nTotal time: 3 seconds\nCannot compile sources! at /data/cmd/Ming/LLM_Based-Mutation/tools/mutant/defects4j-2.1.0/framework/bin/d4j/d4j-compile line 82.\nCompilation failed in require at /data/cmd/Ming/LLM_Based-Mutation/tools/mutant/defects4j-2.1.0/framework/bin/defects4j line 195.\n"
                }
            },
            "gpt-4o-mini": {
                "compile": {
                    "rc": 1,
                    "so": "",
                    "se": "Running ant (compile)...................................................... FAIL\nExecuted command:  cd /data/cmd/Ming/llm-fl-apr/tmp/JxPath_8-prompt_apr_5-gpt-4o-mini && /data/cmd/Ming/LLM_Based-Mutation/tools/mutant/defects4j-2.1.0/major/bin/ant -f /data/cmd/Ming/LLM_Based-Mutation/tools/mutant/defects4j-2.1.0/framework/projects/defects4j.build.xml -Dd4j.home=/data/cmd/Ming/LLM_Based-Mutation/tools/mutant/defects4j-2.1.0 -Dd4j.dir.projects=/data/cmd/Ming/LLM_Based-Mutation/tools/mutant/defects4j-2.1.0/framework/projects -Dbasedir=/data/cmd/Ming/llm-fl-apr/tmp/JxPath_8-prompt_apr_5-gpt-4o-mini -Dbuild.compiler=javac1.7  compile 2>&1\nJava HotSpot(TM) 64-Bit Server VM warning: ignoring option MaxPermSize=1G; support was removed in 8.0\nBuildfile: /data/cmd/Ming/LLM_Based-Mutation/tools/mutant/defects4j-2.1.0/framework/projects/defects4j.build.xml\n\ninit:\n\nget-deps:\n      [get] Getting: file:/data/cmd/Ming/LLM_Based-Mutation/tools/mutant/defects4j-2.1.0/framework/projects/JxPath/lib/xerces/xerces/2.4.0/xerces-2.4.0.jar\n      [get] To: /data/cmd/Ming/llm-fl-apr/tmp/JxPath_8-prompt_apr_5-gpt-4o-mini/target/lib/xerces-2.4.0.jar\n      [get] Getting: file:/data/cmd/Ming/LLM_Based-Mutation/tools/mutant/defects4j-2.1.0/framework/projects/JxPath/lib/servletapi/servletapi/2.2/servletapi-2.2.jar\n      [get] To: /data/cmd/Ming/llm-fl-apr/tmp/JxPath_8-prompt_apr_5-gpt-4o-mini/target/lib/servletapi-2.2.jar\n      [get] Getting: file:/data/cmd/Ming/LLM_Based-Mutation/tools/mutant/defects4j-2.1.0/framework/projects/JxPath/lib/junit/junit/3.8/junit-3.8.jar\n      [get] To: /data/cmd/Ming/llm-fl-apr/tmp/JxPath_8-prompt_apr_5-gpt-4o-mini/target/lib/junit-3.8.jar\n      [get] Getting: file:/data/cmd/Ming/LLM_Based-Mutation/tools/mutant/defects4j-2.1.0/framework/projects/JxPath/lib/xml-apis/xml-apis/2.0.2/xml-apis-2.0.2.jar\n      [get] To: /data/cmd/Ming/llm-fl-apr/tmp/JxPath_8-prompt_apr_5-gpt-4o-mini/target/lib/xml-apis-2.0.2.jar\n      [get] Getting: file:/data/cmd/Ming/LLM_Based-Mutation/tools/mutant/defects4j-2.1.0/framework/projects/JxPath/lib/jdom/jdom/1.0/jdom-1.0.jar\n      [get] To: /data/cmd/Ming/llm-fl-apr/tmp/JxPath_8-prompt_apr_5-gpt-4o-mini/target/lib/jdom-1.0.jar\n      [get] Getting: file:/data/cmd/Ming/LLM_Based-Mutation/tools/mutant/defects4j-2.1.0/framework/projects/JxPath/lib/commons-beanutils/commons-beanutils/1.4/commons-beanutils-1.4.jar\n      [get] To: /data/cmd/Ming/llm-fl-apr/tmp/JxPath_8-prompt_apr_5-gpt-4o-mini/target/lib/commons-beanutils-1.4.jar\n      [get] Getting: file:/data/cmd/Ming/LLM_Based-Mutation/tools/mutant/defects4j-2.1.0/framework/projects/JxPath/lib/commons-logging/commons-logging/1.0.4/commons-logging-1.0.4.jar\n      [get] To: /data/cmd/Ming/llm-fl-apr/tmp/JxPath_8-prompt_apr_5-gpt-4o-mini/target/lib/commons-logging-1.0.4.jar\n      [get] Getting: file:/data/cmd/Ming/LLM_Based-Mutation/tools/mutant/defects4j-2.1.0/framework/projects/JxPath/lib/commons-collections/commons-collections/2.0/commons-collections-2.0.jar\n      [get] To: /data/cmd/Ming/llm-fl-apr/tmp/JxPath_8-prompt_apr_5-gpt-4o-mini/target/lib/commons-collections-2.0.jar\n      [get] Getting: file:/data/cmd/Ming/LLM_Based-Mutation/tools/mutant/defects4j-2.1.0/framework/projects/JxPath/lib/junit/junit/3.8.1/junit-3.8.1.jar\n      [get] To: /data/cmd/Ming/llm-fl-apr/tmp/JxPath_8-prompt_apr_5-gpt-4o-mini/target/lib/junit-3.8.1.jar\n\ncompile:\n    [mkdir] Created dir: /data/cmd/Ming/llm-fl-apr/tmp/JxPath_8-prompt_apr_5-gpt-4o-mini/target/classes\n    [javac] /data/cmd/Ming/llm-fl-apr/tmp/JxPath_8-prompt_apr_5-gpt-4o-mini/build.xml:36: warning: 'includeantruntime' was not set, defaulting to build.sysclasspath=last; set to false for repeatable builds\n    [javac] Compiling 167 source files to /data/cmd/Ming/llm-fl-apr/tmp/JxPath_8-prompt_apr_5-gpt-4o-mini/target/classes\n    [javac] warning: /home/cmd/jdk1.8.0_391/lib/ct.sym(META-INF/sym/rt.jar/java/lang/Object.class): major version 52 is newer than 51, the highest major version supported by this compiler.\n    [javac]   It is recommended that the compiler be upgraded.\n    [javac] warning: /home/cmd/jdk1.8.0_391/lib/ct.sym(META-INF/sym/rt.jar/java/text/DecimalFormatSymbols.class): major version 52 is newer than 51, the highest major version supported by this compiler.\n    [javac]   It is recommended that the compiler be upgraded.\n    [javac] warning: /home/cmd/jdk1.8.0_391/lib/ct.sym(META-INF/sym/rt.jar/java/util/ArrayList.class): major version 52 is newer than 51, the highest major version supported by this compiler.\n    [javac]   It is recommended that the compiler be upgraded.\n    [javac] warning: /home/cmd/jdk1.8.0_391/lib/ct.sym(META-INF/sym/rt.jar/java/util/HashMap.class): major version 52 is newer than 51, the highest major version supported by this compiler.\n    [javac]   It is recommended that the compiler be upgraded.\n    [javac] warning: /home/cmd/jdk1.8.0_391/lib/ct.sym(META-INF/sym/rt.jar/java/util/Iterator.class): major version 52 is newer than 51, the highest major version supported by this compiler.\n    [javac]   It is recommended that the compiler be upgraded.\n    [javac] warning: /home/cmd/jdk1.8.0_391/lib/ct.sym(META-INF/sym/rt.jar/java/util/List.class): major version 52 is newer than 51, the highest major version supported by this compiler.\n    [javac]   It is recommended that the compiler be upgraded.\n    [javac] warning: /home/cmd/jdk1.8.0_391/lib/ct.sym(META-INF/sym/rt.jar/java/util/Locale.class): major version 52 is newer than 51, the highest major version supported by this compiler.\n    [javac]   It is recommended that the compiler be upgraded.\n    [javac] warning: /home/cmd/jdk1.8.0_391/lib/ct.sym(META-INF/sym/rt.jar/java/io/Serializable.class): major version 52 is newer than 51, the highest major version supported by this compiler.\n    [javac]   It is recommended that the compiler be upgraded.\n    [javac] warning: /home/cmd/jdk1.8.0_391/lib/ct.sym(META-INF/sym/rt.jar/java/lang/Cloneable.class): major version 52 is newer than 51, the highest major version supported by this compiler.\n    [javac]   It is recommended that the compiler be upgraded.\n    [javac] warning: /home/cmd/jdk1.8.0_391/lib/ct.sym(META-INF/sym/rt.jar/java/lang/Comparable.class): major version 52 is newer than 51, the highest major version supported by this compiler.\n    [javac]   It is recommended that the compiler be upgraded.\n    [javac] warning: /home/cmd/jdk1.8.0_391/lib/ct.sym(META-INF/sym/rt.jar/java/lang/String.class): major version 52 is newer than 51, the highest major version supported by this compiler.\n    [javac]   It is recommended that the compiler be upgraded.\n    [javac] warning: /home/cmd/jdk1.8.0_391/lib/ct.sym(META-INF/sym/rt.jar/java/util/Set.class): major version 52 is newer than 51, the highest major version supported by this compiler.\n    [javac]   It is recommended that the compiler be upgraded.\n    [javac] warning: /home/cmd/jdk1.8.0_391/lib/ct.sym(META-INF/sym/rt.jar/java/io/BufferedReader.class): major version 52 is newer than 51, the highest major version supported by this compiler.\n    [javac]   It is recommended that the compiler be upgraded.\n    [javac] warning: /home/cmd/jdk1.8.0_391/lib/ct.sym(META-INF/sym/rt.jar/java/io/File.class): major version 52 is newer than 51, the highest major version supported by this compiler.\n    [javac]   It is recommended that the compiler be upgraded.\n    [javac] warning: /home/cmd/jdk1.8.0_391/lib/ct.sym(META-INF/sym/rt.jar/java/io/FileInputStream.class): major version 52 is newer than 51, the highest major version supported by this compiler.\n    [javac]   It is recommended that the compiler be upgraded.\n    [javac] warning: /home/cmd/jdk1.8.0_391/lib/ct.sym(META-INF/sym/rt.jar/java/io/InputStream.class): major version 52 is newer than 51, the highest major version supported by this compiler.\n    [javac]   It is recommended that the compiler be upgraded.\n    [javac] warning: /home/cmd/jdk1.8.0_391/lib/ct.sym(META-INF/sym/rt.jar/java/io/InputStreamReader.class): major version 52 is newer than 51, the highest major version supported by this compiler.\n    [javac]   It is recommended that the compiler be upgraded.\n    [javac] warning: /home/cmd/jdk1.8.0_391/lib/ct.sym(META-INF/sym/rt.jar/java/util/Properties.class): major version 52 is newer than 51, the highest major version supported by this compiler.\n    [javac]   It is recommended that the compiler be upgraded.\n    [javac] warning: /home/cmd/jdk1.8.0_391/lib/ct.sym(META-INF/sym/rt.jar/java/lang/reflect/Constructor.class): major version 52 is newer than 51, the highest major version supported by this compiler.\n    [javac]   It is recommended that the compiler be upgraded.\n    [javac] warning: /home/cmd/jdk1.8.0_391/lib/ct.sym(META-INF/sym/rt.jar/java/lang/reflect/Method.class): major version 52 is newer than 51, the highest major version supported by this compiler.\n    [javac]   It is recommended that the compiler be upgraded.\n    [javac] warning: /home/cmd/jdk1.8.0_391/lib/ct.sym(META-INF/sym/rt.jar/java/util/Collection.class): major version 52 is newer than 51, the highest major version supported by this compiler.\n    [javac]   It is recommended that the compiler be upgraded.\n    [javac] warning: /home/cmd/jdk1.8.0_391/lib/ct.sym(META-INF/sym/rt.jar/java/util/Collections.class): major version 52 is newer than 51, the highest major version supported by this compiler.\n    [javac]   It is recommended that the compiler be upgraded.\n    [javac] warning: /home/cmd/jdk1.8.0_391/lib/ct.sym(META-INF/sym/rt.jar/java/lang/Class.class): major version 52 is newer than 51, the highest major version supported by this compiler.\n    [javac]   It is recommended that the compiler be upgraded.\n    [javac] warning: /home/cmd/jdk1.8.0_391/lib/ct.sym(META-INF/sym/rt.jar/java/lang/Error.class): major version 52 is newer than 51, the highest major version supported by this compiler.\n    [javac]   It is recommended that the compiler be upgraded.\n    [javac] warning: /home/cmd/jdk1.8.0_391/lib/ct.sym(META-INF/sym/rt.jar/java/lang/Throwable.class): major version 52 is newer than 51, the highest major version supported by this compiler.\n    [javac]   It is recommended that the compiler be upgraded.\n    [javac] warning: /home/cmd/jdk1.8.0_391/lib/ct.sym(META-INF/sym/rt.jar/java/lang/Exception.class): major version 52 is newer than 51, the highest major version supported by this compiler.\n    [javac]   It is recommended that the compiler be upgraded.\n    [javac] warning: /home/cmd/jdk1.8.0_391/lib/ct.sym(META-INF/sym/rt.jar/java/lang/RuntimeException.class): major version 52 is newer than 51, the highest major version supported by this compiler.\n    [javac]   It is recommended that the compiler be upgraded.\n    [javac] warning: /home/cmd/jdk1.8.0_391/lib/ct.sym(META-INF/sym/rt.jar/java/beans/BeanInfo.class): major version 52 is newer than 51, the highest major version supported by this compiler.\n    [javac]   It is recommended that the compiler be upgraded.\n    [javac] warning: /home/cmd/jdk1.8.0_391/lib/ct.sym(META-INF/sym/rt.jar/java/beans/IntrospectionException.class): major version 52 is newer than 51, the highest major version supported by this compiler.\n    [javac]   It is recommended that the compiler be upgraded.\n    [javac] warning: /home/cmd/jdk1.8.0_391/lib/ct.sym(META-INF/sym/rt.jar/java/beans/Introspector.class): major version 52 is newer than 51, the highest major version supported by this compiler.\n    [javac]   It is recommended that the compiler be upgraded.\n    [javac] warning: /home/cmd/jdk1.8.0_391/lib/ct.sym(META-INF/sym/rt.jar/java/beans/PropertyDescriptor.class): major version 52 is newer than 51, the highest major version supported by this compiler.\n    [javac]   It is recommended that the compiler be upgraded.\n    [javac] warning: /home/cmd/jdk1.8.0_391/lib/ct.sym(META-INF/sym/rt.jar/java/util/Arrays.class): major version 52 is newer than 51, the highest major version supported by this compiler.\n    [javac]   It is recommended that the compiler be upgraded.\n    [javac] warning: /home/cmd/jdk1.8.0_391/lib/ct.sym(META-INF/sym/rt.jar/java/util/Comparator.class): major version 52 is newer than 51, the highest major version supported by this compiler.\n    [javac]   It is recommended that the compiler be upgraded.\n    [javac] warning: /home/cmd/jdk1.8.0_391/lib/ct.sym(META-INF/sym/rt.jar/java/util/Date.class): major version 52 is newer than 51, the highest major version supported by this compiler.\n    [javac]   It is recommended that the compiler be upgraded.\n    [javac] warning: /home/cmd/jdk1.8.0_391/lib/ct.sym(META-INF/sym/rt.jar/java/util/Map.class): major version 52 is newer than 51, the highest major version supported by this compiler.\n    [javac]   It is recommended that the compiler be upgraded.\n    [javac] warning: /home/cmd/jdk1.8.0_391/lib/ct.sym(META-INF/sym/rt.jar/java/net/URL.class): major version 52 is newer than 51, the highest major version supported by this compiler.\n    [javac]   It is recommended that the compiler be upgraded.\n    [javac] warning: /home/cmd/jdk1.8.0_391/lib/ct.sym(META-INF/sym/rt.jar/javax/xml/transform/Source.class): major version 52 is newer than 51, the highest major version supported by this compiler.\n    [javac]   It is recommended that the compiler be upgraded.\n    [javac] warning: /home/cmd/jdk1.8.0_391/lib/ct.sym(META-INF/sym/rt.jar/javax/xml/transform/Transformer.class): major version 52 is newer than 51, the highest major version supported by this compiler.\n    [javac]   It is recommended that the compiler be upgraded.\n    [javac] warning: /home/cmd/jdk1.8.0_391/lib/ct.sym(META-INF/sym/rt.jar/javax/xml/transform/TransformerFactory.class): major version 52 is newer than 51, the highest major version supported by this compiler.\n    [javac]   It is recommended that the compiler be upgraded.\n    [javac] warning: /home/cmd/jdk1.8.0_391/lib/ct.sym(META-INF/sym/rt.jar/javax/xml/transform/dom/DOMResult.class): major version 52 is newer than 51, the highest major version supported by this compiler.\n    [javac]   It is recommended that the compiler be upgraded.\n    [javac] warning: /home/cmd/jdk1.8.0_391/lib/ct.sym(META-INF/sym/rt.jar/org/w3c/dom/Document.class): major version 52 is newer than 51, the highest major version supported by this compiler.\n    [javac]   It is recommended that the compiler be upgraded.\n    [javac] warning: /home/cmd/jdk1.8.0_391/lib/ct.sym(META-INF/sym/rt.jar/java/lang/reflect/InvocationTargetException.class): major version 52 is newer than 51, the highest major version supported by this compiler.\n    [javac]   It is recommended that the compiler be upgraded.\n    [javac] warning: /home/cmd/jdk1.8.0_391/lib/ct.sym(META-INF/sym/rt.jar/java/lang/reflect/Modifier.class): major version 52 is newer than 51, the highest major version supported by this compiler.\n    [javac]   It is recommended that the compiler be upgraded.\n    [javac] warning: /home/cmd/jdk1.8.0_391/lib/ct.sym(META-INF/sym/rt.jar/java/util/HashSet.class): major version 52 is newer than 51, the highest major version supported by this compiler.\n    [javac]   It is recommended that the compiler be upgraded.\n    [javac] warning: /home/cmd/jdk1.8.0_391/lib/ct.sym(META-INF/sym/rt.jar/java/util/NoSuchElementException.class): major version 52 is newer than 51, the highest major version supported by this compiler.\n    [javac]   It is recommended that the compiler be upgraded.\n    [javac] warning: /home/cmd/jdk1.8.0_391/lib/ct.sym(META-INF/sym/rt.jar/java/lang/ref/SoftReference.class): major version 52 is newer than 51, the highest major version supported by this compiler.\n    [javac]   It is recommended that the compiler be upgraded.\n    [javac] warning: /home/cmd/jdk1.8.0_391/lib/ct.sym(META-INF/sym/rt.jar/java/util/Vector.class): major version 52 is newer than 51, the highest major version supported by this compiler.\n    [javac]   It is recommended that the compiler be upgraded.\n    [javac] warning: /home/cmd/jdk1.8.0_391/lib/ct.sym(META-INF/sym/rt.jar/java/util/Map$Entry.class): major version 52 is newer than 51, the highest major version supported by this compiler.\n    [javac]   It is recommended that the compiler be upgraded.\n    [javac] warning: /home/cmd/jdk1.8.0_391/lib/ct.sym(META-INF/sym/rt.jar/java/lang/Double.class): major version 52 is newer than 51, the highest major version supported by this compiler.\n    [javac]   It is recommended that the compiler be upgraded.\n    [javac] warning: /home/cmd/jdk1.8.0_391/lib/ct.sym(META-INF/sym/rt.jar/java/lang/Number.class): major version 52 is newer than 51, the highest major version supported by this compiler.\n    [javac]   It is recommended that the compiler be upgraded.\n    [javac] warning: /home/cmd/jdk1.8.0_391/lib/ct.sym(META-INF/sym/rt.jar/java/io/StringReader.class): major version 52 is newer than 51, the highest major version supported by this compiler.\n    [javac]   It is recommended that the compiler be upgraded.\n    [javac] warning: /home/cmd/jdk1.8.0_391/lib/ct.sym(META-INF/sym/rt.jar/java/io/Reader.class): major version 52 is newer than 51, the highest major version supported by this compiler.\n    [javac]   It is recommended that the compiler be upgraded.\n    [javac] warning: /home/cmd/jdk1.8.0_391/lib/ct.sym(META-INF/sym/rt.jar/java/io/PrintStream.class): major version 52 is newer than 51, the highest major version supported by this compiler.\n    [javac]   It is recommended that the compiler be upgraded.\n    [javac] warning: /home/cmd/jdk1.8.0_391/lib/ct.sym(META-INF/sym/rt.jar/java/io/IOException.class): major version 52 is newer than 51, the highest major version supported by this compiler.\n    [javac]   It is recommended that the compiler be upgraded.\n    [javac] warning: /home/cmd/jdk1.8.0_391/lib/ct.sym(META-INF/sym/rt.jar/java/util/Stack.class): major version 52 is newer than 51, the highest major version supported by this compiler.\n    [javac]   It is recommended that the compiler be upgraded.\n    [javac] warning: /home/cmd/jdk1.8.0_391/lib/ct.sym(META-INF/sym/rt.jar/java/text/DecimalFormat.class): major version 52 is newer than 51, the highest major version supported by this compiler.\n    [javac]   It is recommended that the compiler be upgraded.\n    [javac] warning: /home/cmd/jdk1.8.0_391/lib/ct.sym(META-INF/sym/rt.jar/java/text/NumberFormat.class): major version 52 is newer than 51, the highest major version supported by this compiler.\n    [javac]   It is recommended that the compiler be upgraded.\n    [javac] warning: /home/cmd/jdk1.8.0_391/lib/ct.sym(META-INF/sym/rt.jar/java/beans/IndexedPropertyDescriptor.class): major version 52 is newer than 51, the highest major version supported by this compiler.\n    [javac]   It is recommended that the compiler be upgraded.\n    [javac] warning: /home/cmd/jdk1.8.0_391/lib/ct.sym(META-INF/sym/rt.jar/org/w3c/dom/Attr.class): major version 52 is newer than 51, the highest major version supported by this compiler.\n    [javac]   It is recommended that the compiler be upgraded.\n    [javac] warning: /home/cmd/jdk1.8.0_391/lib/ct.sym(META-INF/sym/rt.jar/org/w3c/dom/Element.class): major version 52 is newer than 51, the highest major version supported by this compiler.\n    [javac]   It is recommended that the compiler be upgraded.\n    [javac] warning: /home/cmd/jdk1.8.0_391/lib/ct.sym(META-INF/sym/rt.jar/org/w3c/dom/NamedNodeMap.class): major version 52 is newer than 51, the highest major version supported by this compiler.\n    [javac]   It is recommended that the compiler be upgraded.\n    [javac] warning: /home/cmd/jdk1.8.0_391/lib/ct.sym(META-INF/sym/rt.jar/org/w3c/dom/Node.class): major version 52 is newer than 51, the highest major version supported by this compiler.\n    [javac]   It is recommended that the compiler be upgraded.\n    [javac] warning: /home/cmd/jdk1.8.0_391/lib/ct.sym(META-INF/sym/rt.jar/org/w3c/dom/Comment.class): major version 52 is newer than 51, the highest major version supported by this compiler.\n    [javac]   It is recommended that the compiler be upgraded.\n    [javac] warning: /home/cmd/jdk1.8.0_391/lib/ct.sym(META-INF/sym/rt.jar/org/w3c/dom/NodeList.class): major version 52 is newer than 51, the highest major version supported by this compiler.\n    [javac]   It is recommended that the compiler be upgraded.\n    [javac] warning: /home/cmd/jdk1.8.0_391/lib/ct.sym(META-INF/sym/rt.jar/org/w3c/dom/ProcessingInstruction.class): major version 52 is newer than 51, the highest major version supported by this compiler.\n    [javac]   It is recommended that the compiler be upgraded.\n    [javac] warning: /home/cmd/jdk1.8.0_391/lib/ct.sym(META-INF/sym/rt.jar/java/util/Enumeration.class): major version 52 is newer than 51, the highest major version supported by this compiler.\n    [javac]   It is recommended that the compiler be upgraded.\n    [javac] warning: /home/cmd/jdk1.8.0_391/lib/ct.sym(META-INF/sym/rt.jar/java/lang/reflect/Array.class): major version 52 is newer than 51, the highest major version supported by this compiler.\n    [javac]   It is recommended that the compiler be upgraded.\n    [javac] warning: /home/cmd/jdk1.8.0_391/lib/ct.sym(META-INF/sym/rt.jar/java/math/BigDecimal.class): major version 52 is newer than 51, the highest major version supported by this compiler.\n    [javac]   It is recommended that the compiler be upgraded.\n    [javac] warning: /home/cmd/jdk1.8.0_391/lib/ct.sym(META-INF/sym/rt.jar/java/math/BigInteger.class): major version 52 is newer than 51, the highest major version supported by this compiler.\n    [javac]   It is recommended that the compiler be upgraded.\n    [javac] warning: /home/cmd/jdk1.8.0_391/lib/ct.sym(META-INF/sym/rt.jar/java/util/SortedSet.class): major version 52 is newer than 51, the highest major version supported by this compiler.\n    [javac]   It is recommended that the compiler be upgraded.\n    [javac] warning: /home/cmd/jdk1.8.0_391/lib/ct.sym(META-INF/sym/rt.jar/javax/xml/parsers/DocumentBuilderFactory.class): major version 52 is newer than 51, the highest major version supported by this compiler.\n    [javac]   It is recommended that the compiler be upgraded.\n    [javac] /home/cmd/jdk1.8.0_391/lib/ct.sym(META-INF/sym/rt.jar/java/lang/Object.class): warning: Cannot find annotation method 'value()' in type 'Profile+Annotation': class file for jdk.Profile+Annotation not found\n    [javac] /home/cmd/jdk1.8.0_391/lib/ct.sym(META-INF/sym/rt.jar/java/text/DecimalFormatSymbols.class): warning: Cannot find annotation method 'value()' in type 'Profile+Annotation'\n    [javac] /home/cmd/jdk1.8.0_391/lib/ct.sym(META-INF/sym/rt.jar/java/util/ArrayList.class): warning: Cannot find annotation method 'value()' in type 'Profile+Annotation'\n    [javac] /home/cmd/jdk1.8.0_391/lib/ct.sym(META-INF/sym/rt.jar/java/util/HashMap.class): warning: Cannot find annotation method 'value()' in type 'Profile+Annotation'\n    [javac] /home/cmd/jdk1.8.0_391/lib/ct.sym(META-INF/sym/rt.jar/java/util/Iterator.class): warning: Cannot find annotation method 'value()' in type 'Profile+Annotation'\n    [javac] /home/cmd/jdk1.8.0_391/lib/ct.sym(META-INF/sym/rt.jar/java/util/List.class): warning: Cannot find annotation method 'value()' in type 'Profile+Annotation'\n    [javac] /home/cmd/jdk1.8.0_391/lib/ct.sym(META-INF/sym/rt.jar/java/util/Locale.class): warning: Cannot find annotation method 'value()' in type 'Profile+Annotation'\n    [javac] /home/cmd/jdk1.8.0_391/lib/ct.sym(META-INF/sym/rt.jar/java/io/Serializable.class): warning: Cannot find annotation method 'value()' in type 'Profile+Annotation'\n    [javac] /home/cmd/jdk1.8.0_391/lib/ct.sym(META-INF/sym/rt.jar/java/lang/Cloneable.class): warning: Cannot find annotation method 'value()' in type 'Profile+Annotation'\n    [javac] /home/cmd/jdk1.8.0_391/lib/ct.sym(META-INF/sym/rt.jar/java/lang/Comparable.class): warning: Cannot find annotation method 'value()' in type 'Profile+Annotation'\n    [javac] /home/cmd/jdk1.8.0_391/lib/ct.sym(META-INF/sym/rt.jar/java/lang/String.class): warning: Cannot find annotation method 'value()' in type 'Profile+Annotation'\n    [javac] /home/cmd/jdk1.8.0_391/lib/ct.sym(META-INF/sym/rt.jar/java/util/Set.class): warning: Cannot find annotation method 'value()' in type 'Profile+Annotation'\n    [javac] /home/cmd/jdk1.8.0_391/lib/ct.sym(META-INF/sym/rt.jar/java/io/BufferedReader.class): warning: Cannot find annotation method 'value()' in type 'Profile+Annotation'\n    [javac] /home/cmd/jdk1.8.0_391/lib/ct.sym(META-INF/sym/rt.jar/java/io/File.class): warning: Cannot find annotation method 'value()' in type 'Profile+Annotation'\n    [javac] /home/cmd/jdk1.8.0_391/lib/ct.sym(META-INF/sym/rt.jar/java/io/FileInputStream.class): warning: Cannot find annotation method 'value()' in type 'Profile+Annotation'\n    [javac] /home/cmd/jdk1.8.0_391/lib/ct.sym(META-INF/sym/rt.jar/java/io/InputStream.class): warning: Cannot find annotation method 'value()' in type 'Profile+Annotation'\n    [javac] /home/cmd/jdk1.8.0_391/lib/ct.sym(META-INF/sym/rt.jar/java/io/InputStreamReader.class): warning: Cannot find annotation method 'value()' in type 'Profile+Annotation'\n    [javac] /home/cmd/jdk1.8.0_391/lib/ct.sym(META-INF/sym/rt.jar/java/util/Properties.class): warning: Cannot find annotation method 'value()' in type 'Profile+Annotation'\n    [javac] /home/cmd/jdk1.8.0_391/lib/ct.sym(META-INF/sym/rt.jar/java/lang/reflect/Constructor.class): warning: Cannot find annotation method 'value()' in type 'Profile+Annotation'\n    [javac] /home/cmd/jdk1.8.0_391/lib/ct.sym(META-INF/sym/rt.jar/java/lang/reflect/Method.class): warning: Cannot find annotation method 'value()' in type 'Profile+Annotation'\n    [javac] /home/cmd/jdk1.8.0_391/lib/ct.sym(META-INF/sym/rt.jar/java/util/Collection.class): warning: Cannot find annotation method 'value()' in type 'Profile+Annotation'\n    [javac] /home/cmd/jdk1.8.0_391/lib/ct.sym(META-INF/sym/rt.jar/java/util/Collections.class): warning: Cannot find annotation method 'value()' in type 'Profile+Annotation'\n    [javac] /home/cmd/jdk1.8.0_391/lib/ct.sym(META-INF/sym/rt.jar/java/lang/Class.class): warning: Cannot find annotation method 'value()' in type 'Profile+Annotation'\n    [javac] /home/cmd/jdk1.8.0_391/lib/ct.sym(META-INF/sym/rt.jar/java/lang/Error.class): warning: Cannot find annotation method 'value()' in type 'Profile+Annotation'\n    [javac] /home/cmd/jdk1.8.0_391/lib/ct.sym(META-INF/sym/rt.jar/java/lang/Throwable.class): warning: Cannot find annotation method 'value()' in type 'Profile+Annotation'\n    [javac] /home/cmd/jdk1.8.0_391/lib/ct.sym(META-INF/sym/rt.jar/java/lang/Exception.class): warning: Cannot find annotation method 'value()' in type 'Profile+Annotation'\n    [javac] /home/cmd/jdk1.8.0_391/lib/ct.sym(META-INF/sym/rt.jar/java/lang/RuntimeException.class): warning: Cannot find annotation method 'value()' in type 'Profile+Annotation'\n    [javac] /home/cmd/jdk1.8.0_391/lib/ct.sym(META-INF/sym/rt.jar/java/beans/BeanInfo.class): warning: Cannot find annotation method 'value()' in type 'Profile+Annotation'\n    [javac] /home/cmd/jdk1.8.0_391/lib/ct.sym(META-INF/sym/rt.jar/java/beans/IntrospectionException.class): warning: Cannot find annotation method 'value()' in type 'Profile+Annotation'\n    [javac] /data/cmd/Ming/llm-fl-apr/tmp/JxPath_8-prompt_apr_5-gpt-4o-mini/src/java/org/apache/commons/jxpath/ri/compiler/CoreOperationRelationalExpression.java:82: error: cannot find symbol\n    [javac] o = ((SelfContext) o).getEvalContext().getSingleNodePointer();        }\n    [javac]                      ^\n    [javac]   symbol:   method getEvalContext()\n    [javac]   location: class SelfContext\n    [javac] Note: Some input files use unchecked or unsafe operations.\n    [javac] Note: Recompile with -Xlint:unchecked for details.\n    [javac] 1 error\n    [javac] 100 warnings\n\nBUILD FAILED\n/data/cmd/Ming/llm-fl-apr/tmp/JxPath_8-prompt_apr_5-gpt-4o-mini/build.xml:36: Compile failed; see the compiler error output for details.\n\nTotal time: 6 seconds\nCannot compile sources! at /data/cmd/Ming/LLM_Based-Mutation/tools/mutant/defects4j-2.1.0/framework/bin/d4j/d4j-compile line 82.\nCompilation failed in require at /data/cmd/Ming/LLM_Based-Mutation/tools/mutant/defects4j-2.1.0/framework/bin/defects4j line 195.\n"
                }
            },
            "deepseek-chat": {
                "compile": {
                    "rc": 1,
                    "so": "",
                    "se": "Running ant (compile)...................................................... FAIL\nExecuted command:  cd /data/cmd/Ming/llm-fl-apr/tmp/JxPath_8-prompt_apr_5-deepseek-chat && /data/cmd/Ming/LLM_Based-Mutation/tools/mutant/defects4j-2.1.0/major/bin/ant -f /data/cmd/Ming/LLM_Based-Mutation/tools/mutant/defects4j-2.1.0/framework/projects/defects4j.build.xml -Dd4j.home=/data/cmd/Ming/LLM_Based-Mutation/tools/mutant/defects4j-2.1.0 -Dd4j.dir.projects=/data/cmd/Ming/LLM_Based-Mutation/tools/mutant/defects4j-2.1.0/framework/projects -Dbasedir=/data/cmd/Ming/llm-fl-apr/tmp/JxPath_8-prompt_apr_5-deepseek-chat -Dbuild.compiler=javac1.7  compile 2>&1\nJava HotSpot(TM) 64-Bit Server VM warning: ignoring option MaxPermSize=1G; support was removed in 8.0\nBuildfile: /data/cmd/Ming/LLM_Based-Mutation/tools/mutant/defects4j-2.1.0/framework/projects/defects4j.build.xml\n\ninit:\n\nget-deps:\n      [get] Getting: file:/data/cmd/Ming/LLM_Based-Mutation/tools/mutant/defects4j-2.1.0/framework/projects/JxPath/lib/xerces/xerces/2.4.0/xerces-2.4.0.jar\n      [get] To: /data/cmd/Ming/llm-fl-apr/tmp/JxPath_8-prompt_apr_5-deepseek-chat/target/lib/xerces-2.4.0.jar\n      [get] Getting: file:/data/cmd/Ming/LLM_Based-Mutation/tools/mutant/defects4j-2.1.0/framework/projects/JxPath/lib/servletapi/servletapi/2.2/servletapi-2.2.jar\n      [get] To: /data/cmd/Ming/llm-fl-apr/tmp/JxPath_8-prompt_apr_5-deepseek-chat/target/lib/servletapi-2.2.jar\n      [get] Getting: file:/data/cmd/Ming/LLM_Based-Mutation/tools/mutant/defects4j-2.1.0/framework/projects/JxPath/lib/junit/junit/3.8/junit-3.8.jar\n      [get] To: /data/cmd/Ming/llm-fl-apr/tmp/JxPath_8-prompt_apr_5-deepseek-chat/target/lib/junit-3.8.jar\n      [get] Getting: file:/data/cmd/Ming/LLM_Based-Mutation/tools/mutant/defects4j-2.1.0/framework/projects/JxPath/lib/xml-apis/xml-apis/2.0.2/xml-apis-2.0.2.jar\n      [get] To: /data/cmd/Ming/llm-fl-apr/tmp/JxPath_8-prompt_apr_5-deepseek-chat/target/lib/xml-apis-2.0.2.jar\n      [get] Getting: file:/data/cmd/Ming/LLM_Based-Mutation/tools/mutant/defects4j-2.1.0/framework/projects/JxPath/lib/jdom/jdom/1.0/jdom-1.0.jar\n      [get] To: /data/cmd/Ming/llm-fl-apr/tmp/JxPath_8-prompt_apr_5-deepseek-chat/target/lib/jdom-1.0.jar\n      [get] Getting: file:/data/cmd/Ming/LLM_Based-Mutation/tools/mutant/defects4j-2.1.0/framework/projects/JxPath/lib/commons-beanutils/commons-beanutils/1.4/commons-beanutils-1.4.jar\n      [get] To: /data/cmd/Ming/llm-fl-apr/tmp/JxPath_8-prompt_apr_5-deepseek-chat/target/lib/commons-beanutils-1.4.jar\n      [get] Getting: file:/data/cmd/Ming/LLM_Based-Mutation/tools/mutant/defects4j-2.1.0/framework/projects/JxPath/lib/commons-logging/commons-logging/1.0.4/commons-logging-1.0.4.jar\n      [get] To: /data/cmd/Ming/llm-fl-apr/tmp/JxPath_8-prompt_apr_5-deepseek-chat/target/lib/commons-logging-1.0.4.jar\n      [get] Getting: file:/data/cmd/Ming/LLM_Based-Mutation/tools/mutant/defects4j-2.1.0/framework/projects/JxPath/lib/commons-collections/commons-collections/2.0/commons-collections-2.0.jar\n      [get] To: /data/cmd/Ming/llm-fl-apr/tmp/JxPath_8-prompt_apr_5-deepseek-chat/target/lib/commons-collections-2.0.jar\n      [get] Getting: file:/data/cmd/Ming/LLM_Based-Mutation/tools/mutant/defects4j-2.1.0/framework/projects/JxPath/lib/junit/junit/3.8.1/junit-3.8.1.jar\n      [get] To: /data/cmd/Ming/llm-fl-apr/tmp/JxPath_8-prompt_apr_5-deepseek-chat/target/lib/junit-3.8.1.jar\n\ncompile:\n    [mkdir] Created dir: /data/cmd/Ming/llm-fl-apr/tmp/JxPath_8-prompt_apr_5-deepseek-chat/target/classes\n    [javac] /data/cmd/Ming/llm-fl-apr/tmp/JxPath_8-prompt_apr_5-deepseek-chat/build.xml:36: warning: 'includeantruntime' was not set, defaulting to build.sysclasspath=last; set to false for repeatable builds\n    [javac] Compiling 167 source files to /data/cmd/Ming/llm-fl-apr/tmp/JxPath_8-prompt_apr_5-deepseek-chat/target/classes\n    [javac] /data/cmd/Ming/llm-fl-apr/tmp/JxPath_8-prompt_apr_5-deepseek-chat/src/java/org/apache/commons/jxpath/ri/compiler/CoreOperationRelationalExpression.java:83: error: illegal start of type\n    [javac]         if (o instanceof Collection) {\n    [javac]         ^\n    [javac] /data/cmd/Ming/llm-fl-apr/tmp/JxPath_8-prompt_apr_5-deepseek-chat/src/java/org/apache/commons/jxpath/ri/compiler/CoreOperationRelationalExpression.java:83: error: <identifier> expected\n    [javac]         if (o instanceof Collection) {\n    [javac]              ^\n    [javac] /data/cmd/Ming/llm-fl-apr/tmp/JxPath_8-prompt_apr_5-deepseek-chat/src/java/org/apache/commons/jxpath/ri/compiler/CoreOperationRelationalExpression.java:83: error: ';' expected\n    [javac]         if (o instanceof Collection) {\n    [javac]                         ^\n    [javac] /data/cmd/Ming/llm-fl-apr/tmp/JxPath_8-prompt_apr_5-deepseek-chat/src/java/org/apache/commons/jxpath/ri/compiler/CoreOperationRelationalExpression.java:83: error: illegal start of type\n    [javac]         if (o instanceof Collection) {\n    [javac]                                    ^\n    [javac] /data/cmd/Ming/llm-fl-apr/tmp/JxPath_8-prompt_apr_5-deepseek-chat/src/java/org/apache/commons/jxpath/ri/compiler/CoreOperationRelationalExpression.java:83: error: <identifier> expected\n    [javac]         if (o instanceof Collection) {\n    [javac]                                     ^\n    [javac] /data/cmd/Ming/llm-fl-apr/tmp/JxPath_8-prompt_apr_5-deepseek-chat/src/java/org/apache/commons/jxpath/ri/compiler/CoreOperationRelationalExpression.java:83: error: ';' expected\n    [javac]         if (o instanceof Collection) {\n    [javac]                                       ^\n    [javac] /data/cmd/Ming/llm-fl-apr/tmp/JxPath_8-prompt_apr_5-deepseek-chat/src/java/org/apache/commons/jxpath/ri/compiler/CoreOperationRelationalExpression.java:84: error: illegal start of type\n    [javac]             o = ((Collection) o).iterator();\n    [javac]               ^\n    [javac] /data/cmd/Ming/llm-fl-apr/tmp/JxPath_8-prompt_apr_5-deepseek-chat/src/java/org/apache/commons/jxpath/ri/compiler/CoreOperationRelationalExpression.java:84: error: <identifier> expected\n    [javac]             o = ((Collection) o).iterator();\n    [javac]                ^\n    [javac] /data/cmd/Ming/llm-fl-apr/tmp/JxPath_8-prompt_apr_5-deepseek-chat/src/java/org/apache/commons/jxpath/ri/compiler/CoreOperationRelationalExpression.java:84: error: <identifier> expected\n    [javac]             o = ((Collection) o).iterator();\n    [javac]                             ^\n    [javac] /data/cmd/Ming/llm-fl-apr/tmp/JxPath_8-prompt_apr_5-deepseek-chat/src/java/org/apache/commons/jxpath/ri/compiler/CoreOperationRelationalExpression.java:84: error: ';' expected\n    [javac]             o = ((Collection) o).iterator();\n    [javac]                              ^\n    [javac] /data/cmd/Ming/llm-fl-apr/tmp/JxPath_8-prompt_apr_5-deepseek-chat/src/java/org/apache/commons/jxpath/ri/compiler/CoreOperationRelationalExpression.java:86: error: class, interface, or enum expected\n    [javac]         return o;\n    [javac]         ^\n    [javac] /data/cmd/Ming/llm-fl-apr/tmp/JxPath_8-prompt_apr_5-deepseek-chat/src/java/org/apache/commons/jxpath/ri/compiler/CoreOperationRelationalExpression.java:87: error: class, interface, or enum expected\n    [javac]     }\n    [javac]     ^\n    [javac] /data/cmd/Ming/llm-fl-apr/tmp/JxPath_8-prompt_apr_5-deepseek-chat/src/java/org/apache/commons/jxpath/ri/compiler/CoreOperationRelationalExpression.java:92: error: class, interface, or enum expected\n    [javac]             if (compute(element, value)) {\n    [javac]             ^\n    [javac] /data/cmd/Ming/llm-fl-apr/tmp/JxPath_8-prompt_apr_5-deepseek-chat/src/java/org/apache/commons/jxpath/ri/compiler/CoreOperationRelationalExpression.java:94: error: class, interface, or enum expected\n    [javac]             }\n    [javac]             ^\n    [javac] /data/cmd/Ming/llm-fl-apr/tmp/JxPath_8-prompt_apr_5-deepseek-chat/src/java/org/apache/commons/jxpath/ri/compiler/CoreOperationRelationalExpression.java:97: error: class, interface, or enum expected\n    [javac]     }\n    [javac]     ^\n    [javac] /data/cmd/Ming/llm-fl-apr/tmp/JxPath_8-prompt_apr_5-deepseek-chat/src/java/org/apache/commons/jxpath/ri/compiler/CoreOperationRelationalExpression.java:101: error: class, interface, or enum expected\n    [javac]         while (lit.hasNext()) {\n    [javac]         ^\n    [javac] /data/cmd/Ming/llm-fl-apr/tmp/JxPath_8-prompt_apr_5-deepseek-chat/src/java/org/apache/commons/jxpath/ri/compiler/CoreOperationRelationalExpression.java:103: error: class, interface, or enum expected\n    [javac]         }\n    [javac]         ^\n    [javac] /data/cmd/Ming/llm-fl-apr/tmp/JxPath_8-prompt_apr_5-deepseek-chat/src/java/org/apache/commons/jxpath/ri/compiler/CoreOperationRelationalExpression.java:107: error: class, interface, or enum expected\n    [javac]             }\n    [javac]             ^\n    [javac] /data/cmd/Ming/llm-fl-apr/tmp/JxPath_8-prompt_apr_5-deepseek-chat/src/java/org/apache/commons/jxpath/ri/compiler/CoreOperationRelationalExpression.java:110: error: class, interface, or enum expected\n    [javac]     }\n    [javac]     ^\n    [javac] 19 errors\n\nBUILD FAILED\n/data/cmd/Ming/llm-fl-apr/tmp/JxPath_8-prompt_apr_5-deepseek-chat/build.xml:36: Compile failed; see the compiler error output for details.\n\nTotal time: 3 seconds\nCannot compile sources! at /data/cmd/Ming/LLM_Based-Mutation/tools/mutant/defects4j-2.1.0/framework/bin/d4j/d4j-compile line 82.\nCompilation failed in require at /data/cmd/Ming/LLM_Based-Mutation/tools/mutant/defects4j-2.1.0/framework/bin/defects4j line 195.\n"
                }
            }
        },
        "prompt_apr_6": {
            "ernie-3.5-128k": {
                "compile": {
                    "rc": 1,
                    "so": "",
                    "se": "Running ant (compile)...................................................... FAIL\nExecuted command:  cd /data/cmd/Ming/llm-fl-apr/tmp/JxPath_8-prompt_apr_6-ernie-3.5-128k && /data/cmd/Ming/LLM_Based-Mutation/tools/mutant/defects4j-2.1.0/major/bin/ant -f /data/cmd/Ming/LLM_Based-Mutation/tools/mutant/defects4j-2.1.0/framework/projects/defects4j.build.xml -Dd4j.home=/data/cmd/Ming/LLM_Based-Mutation/tools/mutant/defects4j-2.1.0 -Dd4j.dir.projects=/data/cmd/Ming/LLM_Based-Mutation/tools/mutant/defects4j-2.1.0/framework/projects -Dbasedir=/data/cmd/Ming/llm-fl-apr/tmp/JxPath_8-prompt_apr_6-ernie-3.5-128k -Dbuild.compiler=javac1.7  compile 2>&1\nJava HotSpot(TM) 64-Bit Server VM warning: ignoring option MaxPermSize=1G; support was removed in 8.0\nBuildfile: /data/cmd/Ming/LLM_Based-Mutation/tools/mutant/defects4j-2.1.0/framework/projects/defects4j.build.xml\n\ninit:\n\nget-deps:\n      [get] Getting: file:/data/cmd/Ming/LLM_Based-Mutation/tools/mutant/defects4j-2.1.0/framework/projects/JxPath/lib/xerces/xerces/2.4.0/xerces-2.4.0.jar\n      [get] To: /data/cmd/Ming/llm-fl-apr/tmp/JxPath_8-prompt_apr_6-ernie-3.5-128k/target/lib/xerces-2.4.0.jar\n      [get] Getting: file:/data/cmd/Ming/LLM_Based-Mutation/tools/mutant/defects4j-2.1.0/framework/projects/JxPath/lib/servletapi/servletapi/2.2/servletapi-2.2.jar\n      [get] To: /data/cmd/Ming/llm-fl-apr/tmp/JxPath_8-prompt_apr_6-ernie-3.5-128k/target/lib/servletapi-2.2.jar\n      [get] Getting: file:/data/cmd/Ming/LLM_Based-Mutation/tools/mutant/defects4j-2.1.0/framework/projects/JxPath/lib/junit/junit/3.8/junit-3.8.jar\n      [get] To: /data/cmd/Ming/llm-fl-apr/tmp/JxPath_8-prompt_apr_6-ernie-3.5-128k/target/lib/junit-3.8.jar\n      [get] Getting: file:/data/cmd/Ming/LLM_Based-Mutation/tools/mutant/defects4j-2.1.0/framework/projects/JxPath/lib/xml-apis/xml-apis/2.0.2/xml-apis-2.0.2.jar\n      [get] To: /data/cmd/Ming/llm-fl-apr/tmp/JxPath_8-prompt_apr_6-ernie-3.5-128k/target/lib/xml-apis-2.0.2.jar\n      [get] Getting: file:/data/cmd/Ming/LLM_Based-Mutation/tools/mutant/defects4j-2.1.0/framework/projects/JxPath/lib/jdom/jdom/1.0/jdom-1.0.jar\n      [get] To: /data/cmd/Ming/llm-fl-apr/tmp/JxPath_8-prompt_apr_6-ernie-3.5-128k/target/lib/jdom-1.0.jar\n      [get] Getting: file:/data/cmd/Ming/LLM_Based-Mutation/tools/mutant/defects4j-2.1.0/framework/projects/JxPath/lib/commons-beanutils/commons-beanutils/1.4/commons-beanutils-1.4.jar\n      [get] To: /data/cmd/Ming/llm-fl-apr/tmp/JxPath_8-prompt_apr_6-ernie-3.5-128k/target/lib/commons-beanutils-1.4.jar\n      [get] Getting: file:/data/cmd/Ming/LLM_Based-Mutation/tools/mutant/defects4j-2.1.0/framework/projects/JxPath/lib/commons-logging/commons-logging/1.0.4/commons-logging-1.0.4.jar\n      [get] To: /data/cmd/Ming/llm-fl-apr/tmp/JxPath_8-prompt_apr_6-ernie-3.5-128k/target/lib/commons-logging-1.0.4.jar\n      [get] Getting: file:/data/cmd/Ming/LLM_Based-Mutation/tools/mutant/defects4j-2.1.0/framework/projects/JxPath/lib/commons-collections/commons-collections/2.0/commons-collections-2.0.jar\n      [get] To: /data/cmd/Ming/llm-fl-apr/tmp/JxPath_8-prompt_apr_6-ernie-3.5-128k/target/lib/commons-collections-2.0.jar\n      [get] Getting: file:/data/cmd/Ming/LLM_Based-Mutation/tools/mutant/defects4j-2.1.0/framework/projects/JxPath/lib/junit/junit/3.8.1/junit-3.8.1.jar\n      [get] To: /data/cmd/Ming/llm-fl-apr/tmp/JxPath_8-prompt_apr_6-ernie-3.5-128k/target/lib/junit-3.8.1.jar\n\ncompile:\n    [mkdir] Created dir: /data/cmd/Ming/llm-fl-apr/tmp/JxPath_8-prompt_apr_6-ernie-3.5-128k/target/classes\n    [javac] /data/cmd/Ming/llm-fl-apr/tmp/JxPath_8-prompt_apr_6-ernie-3.5-128k/build.xml:36: warning: 'includeantruntime' was not set, defaulting to build.sysclasspath=last; set to false for repeatable builds\n    [javac] Compiling 167 source files to /data/cmd/Ming/llm-fl-apr/tmp/JxPath_8-prompt_apr_6-ernie-3.5-128k/target/classes\n    [javac] /data/cmd/Ming/llm-fl-apr/tmp/JxPath_8-prompt_apr_6-ernie-3.5-128k/src/java/org/apache/commons/jxpath/ri/compiler/CoreOperationRelationalExpression.java:86: error: illegal start of type\n    [javac]         return o;\n    [javac]         ^\n    [javac] /data/cmd/Ming/llm-fl-apr/tmp/JxPath_8-prompt_apr_6-ernie-3.5-128k/src/java/org/apache/commons/jxpath/ri/compiler/CoreOperationRelationalExpression.java:86: error: ';' expected\n    [javac]         return o;\n    [javac]               ^\n    [javac] /data/cmd/Ming/llm-fl-apr/tmp/JxPath_8-prompt_apr_6-ernie-3.5-128k/src/java/org/apache/commons/jxpath/ri/compiler/CoreOperationRelationalExpression.java:89: error: class, interface, or enum expected\n    [javac]     private boolean containsMatch(Iterator it, Object value) {\n    [javac]             ^\n    [javac] /data/cmd/Ming/llm-fl-apr/tmp/JxPath_8-prompt_apr_6-ernie-3.5-128k/src/java/org/apache/commons/jxpath/ri/compiler/CoreOperationRelationalExpression.java:92: error: class, interface, or enum expected\n    [javac]             if (compute(element, value)) {\n    [javac]             ^\n    [javac] /data/cmd/Ming/llm-fl-apr/tmp/JxPath_8-prompt_apr_6-ernie-3.5-128k/src/java/org/apache/commons/jxpath/ri/compiler/CoreOperationRelationalExpression.java:94: error: class, interface, or enum expected\n    [javac]             }\n    [javac]             ^\n    [javac] /data/cmd/Ming/llm-fl-apr/tmp/JxPath_8-prompt_apr_6-ernie-3.5-128k/src/java/org/apache/commons/jxpath/ri/compiler/CoreOperationRelationalExpression.java:97: error: class, interface, or enum expected\n    [javac]     }\n    [javac]     ^\n    [javac] /data/cmd/Ming/llm-fl-apr/tmp/JxPath_8-prompt_apr_6-ernie-3.5-128k/src/java/org/apache/commons/jxpath/ri/compiler/CoreOperationRelationalExpression.java:101: error: class, interface, or enum expected\n    [javac]         while (lit.hasNext()) {\n    [javac]         ^\n    [javac] /data/cmd/Ming/llm-fl-apr/tmp/JxPath_8-prompt_apr_6-ernie-3.5-128k/src/java/org/apache/commons/jxpath/ri/compiler/CoreOperationRelationalExpression.java:103: error: class, interface, or enum expected\n    [javac]         }\n    [javac]         ^\n    [javac] /data/cmd/Ming/llm-fl-apr/tmp/JxPath_8-prompt_apr_6-ernie-3.5-128k/src/java/org/apache/commons/jxpath/ri/compiler/CoreOperationRelationalExpression.java:107: error: class, interface, or enum expected\n    [javac]             }\n    [javac]             ^\n    [javac] /data/cmd/Ming/llm-fl-apr/tmp/JxPath_8-prompt_apr_6-ernie-3.5-128k/src/java/org/apache/commons/jxpath/ri/compiler/CoreOperationRelationalExpression.java:110: error: class, interface, or enum expected\n    [javac]     }\n    [javac]     ^\n    [javac] 10 errors\n\nBUILD FAILED\n/data/cmd/Ming/llm-fl-apr/tmp/JxPath_8-prompt_apr_6-ernie-3.5-128k/build.xml:36: Compile failed; see the compiler error output for details.\n\nTotal time: 3 seconds\nCannot compile sources! at /data/cmd/Ming/LLM_Based-Mutation/tools/mutant/defects4j-2.1.0/framework/bin/d4j/d4j-compile line 82.\nCompilation failed in require at /data/cmd/Ming/LLM_Based-Mutation/tools/mutant/defects4j-2.1.0/framework/bin/defects4j line 195.\n"
                }
            },
            "qwen-turbo": {
                "compile": {
                    "rc": 1,
                    "so": "",
                    "se": "Running ant (compile)...................................................... FAIL\nExecuted command:  cd /data/cmd/Ming/llm-fl-apr/tmp/JxPath_8-prompt_apr_6-qwen-turbo && /data/cmd/Ming/LLM_Based-Mutation/tools/mutant/defects4j-2.1.0/major/bin/ant -f /data/cmd/Ming/LLM_Based-Mutation/tools/mutant/defects4j-2.1.0/framework/projects/defects4j.build.xml -Dd4j.home=/data/cmd/Ming/LLM_Based-Mutation/tools/mutant/defects4j-2.1.0 -Dd4j.dir.projects=/data/cmd/Ming/LLM_Based-Mutation/tools/mutant/defects4j-2.1.0/framework/projects -Dbasedir=/data/cmd/Ming/llm-fl-apr/tmp/JxPath_8-prompt_apr_6-qwen-turbo -Dbuild.compiler=javac1.7  compile 2>&1\nJava HotSpot(TM) 64-Bit Server VM warning: ignoring option MaxPermSize=1G; support was removed in 8.0\nBuildfile: /data/cmd/Ming/LLM_Based-Mutation/tools/mutant/defects4j-2.1.0/framework/projects/defects4j.build.xml\n\ninit:\n\nget-deps:\n      [get] Getting: file:/data/cmd/Ming/LLM_Based-Mutation/tools/mutant/defects4j-2.1.0/framework/projects/JxPath/lib/xerces/xerces/2.4.0/xerces-2.4.0.jar\n      [get] To: /data/cmd/Ming/llm-fl-apr/tmp/JxPath_8-prompt_apr_6-qwen-turbo/target/lib/xerces-2.4.0.jar\n      [get] Getting: file:/data/cmd/Ming/LLM_Based-Mutation/tools/mutant/defects4j-2.1.0/framework/projects/JxPath/lib/servletapi/servletapi/2.2/servletapi-2.2.jar\n      [get] To: /data/cmd/Ming/llm-fl-apr/tmp/JxPath_8-prompt_apr_6-qwen-turbo/target/lib/servletapi-2.2.jar\n      [get] Getting: file:/data/cmd/Ming/LLM_Based-Mutation/tools/mutant/defects4j-2.1.0/framework/projects/JxPath/lib/junit/junit/3.8/junit-3.8.jar\n      [get] To: /data/cmd/Ming/llm-fl-apr/tmp/JxPath_8-prompt_apr_6-qwen-turbo/target/lib/junit-3.8.jar\n      [get] Getting: file:/data/cmd/Ming/LLM_Based-Mutation/tools/mutant/defects4j-2.1.0/framework/projects/JxPath/lib/xml-apis/xml-apis/2.0.2/xml-apis-2.0.2.jar\n      [get] To: /data/cmd/Ming/llm-fl-apr/tmp/JxPath_8-prompt_apr_6-qwen-turbo/target/lib/xml-apis-2.0.2.jar\n      [get] Getting: file:/data/cmd/Ming/LLM_Based-Mutation/tools/mutant/defects4j-2.1.0/framework/projects/JxPath/lib/jdom/jdom/1.0/jdom-1.0.jar\n      [get] To: /data/cmd/Ming/llm-fl-apr/tmp/JxPath_8-prompt_apr_6-qwen-turbo/target/lib/jdom-1.0.jar\n      [get] Getting: file:/data/cmd/Ming/LLM_Based-Mutation/tools/mutant/defects4j-2.1.0/framework/projects/JxPath/lib/commons-beanutils/commons-beanutils/1.4/commons-beanutils-1.4.jar\n      [get] To: /data/cmd/Ming/llm-fl-apr/tmp/JxPath_8-prompt_apr_6-qwen-turbo/target/lib/commons-beanutils-1.4.jar\n      [get] Getting: file:/data/cmd/Ming/LLM_Based-Mutation/tools/mutant/defects4j-2.1.0/framework/projects/JxPath/lib/commons-logging/commons-logging/1.0.4/commons-logging-1.0.4.jar\n      [get] To: /data/cmd/Ming/llm-fl-apr/tmp/JxPath_8-prompt_apr_6-qwen-turbo/target/lib/commons-logging-1.0.4.jar\n      [get] Getting: file:/data/cmd/Ming/LLM_Based-Mutation/tools/mutant/defects4j-2.1.0/framework/projects/JxPath/lib/commons-collections/commons-collections/2.0/commons-collections-2.0.jar\n      [get] To: /data/cmd/Ming/llm-fl-apr/tmp/JxPath_8-prompt_apr_6-qwen-turbo/target/lib/commons-collections-2.0.jar\n      [get] Getting: file:/data/cmd/Ming/LLM_Based-Mutation/tools/mutant/defects4j-2.1.0/framework/projects/JxPath/lib/junit/junit/3.8.1/junit-3.8.1.jar\n      [get] To: /data/cmd/Ming/llm-fl-apr/tmp/JxPath_8-prompt_apr_6-qwen-turbo/target/lib/junit-3.8.1.jar\n\ncompile:\n    [mkdir] Created dir: /data/cmd/Ming/llm-fl-apr/tmp/JxPath_8-prompt_apr_6-qwen-turbo/target/classes\n    [javac] /data/cmd/Ming/llm-fl-apr/tmp/JxPath_8-prompt_apr_6-qwen-turbo/build.xml:36: warning: 'includeantruntime' was not set, defaulting to build.sysclasspath=last; set to false for repeatable builds\n    [javac] Compiling 167 source files to /data/cmd/Ming/llm-fl-apr/tmp/JxPath_8-prompt_apr_6-qwen-turbo/target/classes\n    [javac] /data/cmd/Ming/llm-fl-apr/tmp/JxPath_8-prompt_apr_6-qwen-turbo/src/java/org/apache/commons/jxpath/ri/compiler/CoreOperationRelationalExpression.java:82: error: illegal start of type\n    [javac]         if (o instanceof Collection) {\n    [javac]         ^\n    [javac] /data/cmd/Ming/llm-fl-apr/tmp/JxPath_8-prompt_apr_6-qwen-turbo/src/java/org/apache/commons/jxpath/ri/compiler/CoreOperationRelationalExpression.java:82: error: <identifier> expected\n    [javac]         if (o instanceof Collection) {\n    [javac]              ^\n    [javac] /data/cmd/Ming/llm-fl-apr/tmp/JxPath_8-prompt_apr_6-qwen-turbo/src/java/org/apache/commons/jxpath/ri/compiler/CoreOperationRelationalExpression.java:82: error: ';' expected\n    [javac]         if (o instanceof Collection) {\n    [javac]                         ^\n    [javac] /data/cmd/Ming/llm-fl-apr/tmp/JxPath_8-prompt_apr_6-qwen-turbo/src/java/org/apache/commons/jxpath/ri/compiler/CoreOperationRelationalExpression.java:82: error: illegal start of type\n    [javac]         if (o instanceof Collection) {\n    [javac]                                    ^\n    [javac] /data/cmd/Ming/llm-fl-apr/tmp/JxPath_8-prompt_apr_6-qwen-turbo/src/java/org/apache/commons/jxpath/ri/compiler/CoreOperationRelationalExpression.java:82: error: <identifier> expected\n    [javac]         if (o instanceof Collection) {\n    [javac]                                     ^\n    [javac] /data/cmd/Ming/llm-fl-apr/tmp/JxPath_8-prompt_apr_6-qwen-turbo/src/java/org/apache/commons/jxpath/ri/compiler/CoreOperationRelationalExpression.java:82: error: ';' expected\n    [javac]         if (o instanceof Collection) {\n    [javac]                                       ^\n    [javac] /data/cmd/Ming/llm-fl-apr/tmp/JxPath_8-prompt_apr_6-qwen-turbo/src/java/org/apache/commons/jxpath/ri/compiler/CoreOperationRelationalExpression.java:83: error: illegal start of type\n    [javac]             o = ((Collection) o).iterator();\n    [javac]               ^\n    [javac] /data/cmd/Ming/llm-fl-apr/tmp/JxPath_8-prompt_apr_6-qwen-turbo/src/java/org/apache/commons/jxpath/ri/compiler/CoreOperationRelationalExpression.java:83: error: <identifier> expected\n    [javac]             o = ((Collection) o).iterator();\n    [javac]                ^\n    [javac] /data/cmd/Ming/llm-fl-apr/tmp/JxPath_8-prompt_apr_6-qwen-turbo/src/java/org/apache/commons/jxpath/ri/compiler/CoreOperationRelationalExpression.java:83: error: <identifier> expected\n    [javac]             o = ((Collection) o).iterator();\n    [javac]                             ^\n    [javac] /data/cmd/Ming/llm-fl-apr/tmp/JxPath_8-prompt_apr_6-qwen-turbo/src/java/org/apache/commons/jxpath/ri/compiler/CoreOperationRelationalExpression.java:83: error: ';' expected\n    [javac]             o = ((Collection) o).iterator();\n    [javac]                              ^\n    [javac] /data/cmd/Ming/llm-fl-apr/tmp/JxPath_8-prompt_apr_6-qwen-turbo/src/java/org/apache/commons/jxpath/ri/compiler/CoreOperationRelationalExpression.java:85: error: class, interface, or enum expected\n    [javac]         return o;\n    [javac]         ^\n    [javac] /data/cmd/Ming/llm-fl-apr/tmp/JxPath_8-prompt_apr_6-qwen-turbo/src/java/org/apache/commons/jxpath/ri/compiler/CoreOperationRelationalExpression.java:86: error: class, interface, or enum expected\n    [javac]     }\n    [javac]     ^\n    [javac] /data/cmd/Ming/llm-fl-apr/tmp/JxPath_8-prompt_apr_6-qwen-turbo/src/java/org/apache/commons/jxpath/ri/compiler/CoreOperationRelationalExpression.java:91: error: class, interface, or enum expected\n    [javac]             if (compute(element, value)) {\n    [javac]             ^\n    [javac] /data/cmd/Ming/llm-fl-apr/tmp/JxPath_8-prompt_apr_6-qwen-turbo/src/java/org/apache/commons/jxpath/ri/compiler/CoreOperationRelationalExpression.java:93: error: class, interface, or enum expected\n    [javac]             }\n    [javac]             ^\n    [javac] /data/cmd/Ming/llm-fl-apr/tmp/JxPath_8-prompt_apr_6-qwen-turbo/src/java/org/apache/commons/jxpath/ri/compiler/CoreOperationRelationalExpression.java:96: error: class, interface, or enum expected\n    [javac]     }\n    [javac]     ^\n    [javac] /data/cmd/Ming/llm-fl-apr/tmp/JxPath_8-prompt_apr_6-qwen-turbo/src/java/org/apache/commons/jxpath/ri/compiler/CoreOperationRelationalExpression.java:100: error: class, interface, or enum expected\n    [javac]         while (lit.hasNext()) {\n    [javac]         ^\n    [javac] /data/cmd/Ming/llm-fl-apr/tmp/JxPath_8-prompt_apr_6-qwen-turbo/src/java/org/apache/commons/jxpath/ri/compiler/CoreOperationRelationalExpression.java:102: error: class, interface, or enum expected\n    [javac]         }\n    [javac]         ^\n    [javac] /data/cmd/Ming/llm-fl-apr/tmp/JxPath_8-prompt_apr_6-qwen-turbo/src/java/org/apache/commons/jxpath/ri/compiler/CoreOperationRelationalExpression.java:106: error: class, interface, or enum expected\n    [javac]             }\n    [javac]             ^\n    [javac] /data/cmd/Ming/llm-fl-apr/tmp/JxPath_8-prompt_apr_6-qwen-turbo/src/java/org/apache/commons/jxpath/ri/compiler/CoreOperationRelationalExpression.java:109: error: class, interface, or enum expected\n    [javac]     }\n    [javac]     ^\n    [javac] 19 errors\n\nBUILD FAILED\n/data/cmd/Ming/llm-fl-apr/tmp/JxPath_8-prompt_apr_6-qwen-turbo/build.xml:36: Compile failed; see the compiler error output for details.\n\nTotal time: 2 seconds\nCannot compile sources! at /data/cmd/Ming/LLM_Based-Mutation/tools/mutant/defects4j-2.1.0/framework/bin/d4j/d4j-compile line 82.\nCompilation failed in require at /data/cmd/Ming/LLM_Based-Mutation/tools/mutant/defects4j-2.1.0/framework/bin/defects4j line 195.\n"
                }
            },
            "doubao-pro-4k": {
                "compile": {
                    "rc": 0,
                    "so": "",
                    "se": "Running ant (compile)...................................................... OK\nRunning ant (compile.tests)................................................ OK\n"
                },
                "test": {
                    "rc": 0,
                    "so": "Failing tests: 1\n  - org.apache.commons.jxpath.ri.compiler.CoreOperationTest::testNan\n",
                    "se": "Running ant (compile.tests)................................................ OK\nRunning ant (run.dev.tests)................................................ OK\n"
                }
            },
            "gpt-4o-mini": {
                "compile": {
                    "rc": 0,
                    "so": "",
                    "se": "Running ant (compile)...................................................... OK\nRunning ant (compile.tests)................................................ OK\n"
                },
                "test": {
                    "rc": 0,
                    "so": "Failing tests: 1\n  - org.apache.commons.jxpath.ri.compiler.CoreOperationTest::testNan\n",
                    "se": "Running ant (compile.tests)................................................ OK\nRunning ant (run.dev.tests)................................................ OK\n"
                }
            },
            "deepseek-chat": {
                "compile": {
                    "rc": 1,
                    "so": "",
                    "se": "Running ant (compile)...................................................... FAIL\nExecuted command:  cd /data/cmd/Ming/llm-fl-apr/tmp/JxPath_8-prompt_apr_6-deepseek-chat && /data/cmd/Ming/LLM_Based-Mutation/tools/mutant/defects4j-2.1.0/major/bin/ant -f /data/cmd/Ming/LLM_Based-Mutation/tools/mutant/defects4j-2.1.0/framework/projects/defects4j.build.xml -Dd4j.home=/data/cmd/Ming/LLM_Based-Mutation/tools/mutant/defects4j-2.1.0 -Dd4j.dir.projects=/data/cmd/Ming/LLM_Based-Mutation/tools/mutant/defects4j-2.1.0/framework/projects -Dbasedir=/data/cmd/Ming/llm-fl-apr/tmp/JxPath_8-prompt_apr_6-deepseek-chat -Dbuild.compiler=javac1.7  compile 2>&1\nJava HotSpot(TM) 64-Bit Server VM warning: ignoring option MaxPermSize=1G; support was removed in 8.0\nBuildfile: /data/cmd/Ming/LLM_Based-Mutation/tools/mutant/defects4j-2.1.0/framework/projects/defects4j.build.xml\n\ninit:\n\nget-deps:\n      [get] Getting: file:/data/cmd/Ming/LLM_Based-Mutation/tools/mutant/defects4j-2.1.0/framework/projects/JxPath/lib/xerces/xerces/2.4.0/xerces-2.4.0.jar\n      [get] To: /data/cmd/Ming/llm-fl-apr/tmp/JxPath_8-prompt_apr_6-deepseek-chat/target/lib/xerces-2.4.0.jar\n      [get] Getting: file:/data/cmd/Ming/LLM_Based-Mutation/tools/mutant/defects4j-2.1.0/framework/projects/JxPath/lib/servletapi/servletapi/2.2/servletapi-2.2.jar\n      [get] To: /data/cmd/Ming/llm-fl-apr/tmp/JxPath_8-prompt_apr_6-deepseek-chat/target/lib/servletapi-2.2.jar\n      [get] Getting: file:/data/cmd/Ming/LLM_Based-Mutation/tools/mutant/defects4j-2.1.0/framework/projects/JxPath/lib/junit/junit/3.8/junit-3.8.jar\n      [get] To: /data/cmd/Ming/llm-fl-apr/tmp/JxPath_8-prompt_apr_6-deepseek-chat/target/lib/junit-3.8.jar\n      [get] Getting: file:/data/cmd/Ming/LLM_Based-Mutation/tools/mutant/defects4j-2.1.0/framework/projects/JxPath/lib/xml-apis/xml-apis/2.0.2/xml-apis-2.0.2.jar\n      [get] To: /data/cmd/Ming/llm-fl-apr/tmp/JxPath_8-prompt_apr_6-deepseek-chat/target/lib/xml-apis-2.0.2.jar\n      [get] Getting: file:/data/cmd/Ming/LLM_Based-Mutation/tools/mutant/defects4j-2.1.0/framework/projects/JxPath/lib/jdom/jdom/1.0/jdom-1.0.jar\n      [get] To: /data/cmd/Ming/llm-fl-apr/tmp/JxPath_8-prompt_apr_6-deepseek-chat/target/lib/jdom-1.0.jar\n      [get] Getting: file:/data/cmd/Ming/LLM_Based-Mutation/tools/mutant/defects4j-2.1.0/framework/projects/JxPath/lib/commons-beanutils/commons-beanutils/1.4/commons-beanutils-1.4.jar\n      [get] To: /data/cmd/Ming/llm-fl-apr/tmp/JxPath_8-prompt_apr_6-deepseek-chat/target/lib/commons-beanutils-1.4.jar\n      [get] Getting: file:/data/cmd/Ming/LLM_Based-Mutation/tools/mutant/defects4j-2.1.0/framework/projects/JxPath/lib/commons-logging/commons-logging/1.0.4/commons-logging-1.0.4.jar\n      [get] To: /data/cmd/Ming/llm-fl-apr/tmp/JxPath_8-prompt_apr_6-deepseek-chat/target/lib/commons-logging-1.0.4.jar\n      [get] Getting: file:/data/cmd/Ming/LLM_Based-Mutation/tools/mutant/defects4j-2.1.0/framework/projects/JxPath/lib/commons-collections/commons-collections/2.0/commons-collections-2.0.jar\n      [get] To: /data/cmd/Ming/llm-fl-apr/tmp/JxPath_8-prompt_apr_6-deepseek-chat/target/lib/commons-collections-2.0.jar\n      [get] Getting: file:/data/cmd/Ming/LLM_Based-Mutation/tools/mutant/defects4j-2.1.0/framework/projects/JxPath/lib/junit/junit/3.8.1/junit-3.8.1.jar\n      [get] To: /data/cmd/Ming/llm-fl-apr/tmp/JxPath_8-prompt_apr_6-deepseek-chat/target/lib/junit-3.8.1.jar\n\ncompile:\n    [mkdir] Created dir: /data/cmd/Ming/llm-fl-apr/tmp/JxPath_8-prompt_apr_6-deepseek-chat/target/classes\n    [javac] /data/cmd/Ming/llm-fl-apr/tmp/JxPath_8-prompt_apr_6-deepseek-chat/build.xml:36: warning: 'includeantruntime' was not set, defaulting to build.sysclasspath=last; set to false for repeatable builds\n    [javac] Compiling 167 source files to /data/cmd/Ming/llm-fl-apr/tmp/JxPath_8-prompt_apr_6-deepseek-chat/target/classes\n    [javac] /data/cmd/Ming/llm-fl-apr/tmp/JxPath_8-prompt_apr_6-deepseek-chat/src/java/org/apache/commons/jxpath/ri/compiler/CoreOperationRelationalExpression.java:83: error: illegal start of type\n    [javac]         if (o instanceof Collection) {\n    [javac]         ^\n    [javac] /data/cmd/Ming/llm-fl-apr/tmp/JxPath_8-prompt_apr_6-deepseek-chat/src/java/org/apache/commons/jxpath/ri/compiler/CoreOperationRelationalExpression.java:83: error: <identifier> expected\n    [javac]         if (o instanceof Collection) {\n    [javac]              ^\n    [javac] /data/cmd/Ming/llm-fl-apr/tmp/JxPath_8-prompt_apr_6-deepseek-chat/src/java/org/apache/commons/jxpath/ri/compiler/CoreOperationRelationalExpression.java:83: error: ';' expected\n    [javac]         if (o instanceof Collection) {\n    [javac]                         ^\n    [javac] /data/cmd/Ming/llm-fl-apr/tmp/JxPath_8-prompt_apr_6-deepseek-chat/src/java/org/apache/commons/jxpath/ri/compiler/CoreOperationRelationalExpression.java:83: error: illegal start of type\n    [javac]         if (o instanceof Collection) {\n    [javac]                                    ^\n    [javac] /data/cmd/Ming/llm-fl-apr/tmp/JxPath_8-prompt_apr_6-deepseek-chat/src/java/org/apache/commons/jxpath/ri/compiler/CoreOperationRelationalExpression.java:83: error: <identifier> expected\n    [javac]         if (o instanceof Collection) {\n    [javac]                                     ^\n    [javac] /data/cmd/Ming/llm-fl-apr/tmp/JxPath_8-prompt_apr_6-deepseek-chat/src/java/org/apache/commons/jxpath/ri/compiler/CoreOperationRelationalExpression.java:83: error: ';' expected\n    [javac]         if (o instanceof Collection) {\n    [javac]                                       ^\n    [javac] /data/cmd/Ming/llm-fl-apr/tmp/JxPath_8-prompt_apr_6-deepseek-chat/src/java/org/apache/commons/jxpath/ri/compiler/CoreOperationRelationalExpression.java:84: error: illegal start of type\n    [javac]             o = ((Collection) o).iterator();\n    [javac]               ^\n    [javac] /data/cmd/Ming/llm-fl-apr/tmp/JxPath_8-prompt_apr_6-deepseek-chat/src/java/org/apache/commons/jxpath/ri/compiler/CoreOperationRelationalExpression.java:84: error: <identifier> expected\n    [javac]             o = ((Collection) o).iterator();\n    [javac]                ^\n    [javac] /data/cmd/Ming/llm-fl-apr/tmp/JxPath_8-prompt_apr_6-deepseek-chat/src/java/org/apache/commons/jxpath/ri/compiler/CoreOperationRelationalExpression.java:84: error: <identifier> expected\n    [javac]             o = ((Collection) o).iterator();\n    [javac]                             ^\n    [javac] /data/cmd/Ming/llm-fl-apr/tmp/JxPath_8-prompt_apr_6-deepseek-chat/src/java/org/apache/commons/jxpath/ri/compiler/CoreOperationRelationalExpression.java:84: error: ';' expected\n    [javac]             o = ((Collection) o).iterator();\n    [javac]                              ^\n    [javac] /data/cmd/Ming/llm-fl-apr/tmp/JxPath_8-prompt_apr_6-deepseek-chat/src/java/org/apache/commons/jxpath/ri/compiler/CoreOperationRelationalExpression.java:86: error: class, interface, or enum expected\n    [javac]         return o;\n    [javac]         ^\n    [javac] /data/cmd/Ming/llm-fl-apr/tmp/JxPath_8-prompt_apr_6-deepseek-chat/src/java/org/apache/commons/jxpath/ri/compiler/CoreOperationRelationalExpression.java:87: error: class, interface, or enum expected\n    [javac]     }\n    [javac]     ^\n    [javac] /data/cmd/Ming/llm-fl-apr/tmp/JxPath_8-prompt_apr_6-deepseek-chat/src/java/org/apache/commons/jxpath/ri/compiler/CoreOperationRelationalExpression.java:92: error: class, interface, or enum expected\n    [javac]             if (compute(element, value)) {\n    [javac]             ^\n    [javac] /data/cmd/Ming/llm-fl-apr/tmp/JxPath_8-prompt_apr_6-deepseek-chat/src/java/org/apache/commons/jxpath/ri/compiler/CoreOperationRelationalExpression.java:94: error: class, interface, or enum expected\n    [javac]             }\n    [javac]             ^\n    [javac] /data/cmd/Ming/llm-fl-apr/tmp/JxPath_8-prompt_apr_6-deepseek-chat/src/java/org/apache/commons/jxpath/ri/compiler/CoreOperationRelationalExpression.java:97: error: class, interface, or enum expected\n    [javac]     }\n    [javac]     ^\n    [javac] /data/cmd/Ming/llm-fl-apr/tmp/JxPath_8-prompt_apr_6-deepseek-chat/src/java/org/apache/commons/jxpath/ri/compiler/CoreOperationRelationalExpression.java:101: error: class, interface, or enum expected\n    [javac]         while (lit.hasNext()) {\n    [javac]         ^\n    [javac] /data/cmd/Ming/llm-fl-apr/tmp/JxPath_8-prompt_apr_6-deepseek-chat/src/java/org/apache/commons/jxpath/ri/compiler/CoreOperationRelationalExpression.java:103: error: class, interface, or enum expected\n    [javac]         }\n    [javac]         ^\n    [javac] /data/cmd/Ming/llm-fl-apr/tmp/JxPath_8-prompt_apr_6-deepseek-chat/src/java/org/apache/commons/jxpath/ri/compiler/CoreOperationRelationalExpression.java:107: error: class, interface, or enum expected\n    [javac]             }\n    [javac]             ^\n    [javac] /data/cmd/Ming/llm-fl-apr/tmp/JxPath_8-prompt_apr_6-deepseek-chat/src/java/org/apache/commons/jxpath/ri/compiler/CoreOperationRelationalExpression.java:110: error: class, interface, or enum expected\n    [javac]     }\n    [javac]     ^\n    [javac] 19 errors\n\nBUILD FAILED\n/data/cmd/Ming/llm-fl-apr/tmp/JxPath_8-prompt_apr_6-deepseek-chat/build.xml:36: Compile failed; see the compiler error output for details.\n\nTotal time: 3 seconds\nCannot compile sources! at /data/cmd/Ming/LLM_Based-Mutation/tools/mutant/defects4j-2.1.0/framework/bin/d4j/d4j-compile line 82.\nCompilation failed in require at /data/cmd/Ming/LLM_Based-Mutation/tools/mutant/defects4j-2.1.0/framework/bin/defects4j line 195.\n"
                }
            }
        }
    }
}