[
    {
        "prompt_fl_1": "\nsource code:\npublic BigDecimal[] operate(BigDecimal[] v) throws IllegalArgumentException {\n        if (v.length != this.getColumnDimension()) {\n            throw new IllegalArgumentException(\"vector has wrong length\");\n        }\n        final int nRows = this.getRowDimension();\n        final int nCols = this.getColumnDimension();\n        final BigDecimal[] out = new BigDecimal[v.length];\n        for (int row = 0; row < nRows; row++) {\n            BigDecimal sum = ZERO;\n            for (int i = 0; i < nCols; i++) {\n                sum = sum.add(data[row][i].multiply(v[i]));\n            }\n            out[row] = sum;\n        }\n        return out;\n    }\n\nThere is a bug in the above code, please help me locate it.\n\nPlease output **only one integer**: the line number of the buggy code (The code starts from line 1). Do not provide any explanations or additional content.\n",
        "prompt_fl_2": "\nsource code:\npublic BigDecimal[] operate(BigDecimal[] v) throws IllegalArgumentException {\n        if (v.length != this.getColumnDimension()) {\n            throw new IllegalArgumentException(\"vector has wrong length\");\n        }\n        final int nRows = this.getRowDimension();\n        final int nCols = this.getColumnDimension();\n        final BigDecimal[] out = new BigDecimal[v.length];\n        for (int row = 0; row < nRows; row++) {\n            BigDecimal sum = ZERO;\n            for (int i = 0; i < nCols; i++) {\n                sum = sum.add(data[row][i].multiply(v[i]));\n            }\n            out[row] = sum;\n        }\n        return out;\n    }\n\nstack trace:\norg.apache.commons.math.linear.BigMatrixImplTest::testMath209\njava.lang.ArrayIndexOutOfBoundsException: 2\n\tat org.apache.commons.math.linear.BigMatrixImpl.operate(BigMatrixImpl.java:997)\n\tat org.apache.commons.math.linear.BigMatrixImplTest.testMath209(BigMatrixImplTest.java:446)\n\tat sun.reflect.NativeMethodAccessorImpl.invoke0(Native Method)\n\tat sun.reflect.NativeMethodAccessorImpl.invoke(NativeMethodAccessorImpl.java:62)\n\tat sun.reflect.DelegatingMethodAccessorImpl.invoke(DelegatingMethodAccessorImpl.java:43)\n\tat java.lang.reflect.Method.invoke(Method.java:498)\n\tat junit.framework.TestCase.runTest(TestCase.java:176)\n\tat junit.framework.TestCase.runBare(TestCase.java:141)\n\tat junit.framework.TestResult$1.protect(TestResult.java:122)\n\tat junit.framework.TestResult.runProtected(TestResult.java:142)\n\tat junit.framework.TestResult.run(TestResult.java:125)\n\tat junit.framework.TestCase.run(TestCase.java:129)\n\tat junit.framework.TestSuite.runTest(TestSuite.java:255)\n\tat junit.framework.TestSuite.run(TestSuite.java:250)\n\tat org.apache.tools.ant.taskdefs.optional.junit.JUnitTestRunner.run(JUnitTestRunner.java:520)\n\tat org.apache.tools.ant.taskdefs.optional.junit.JUnitTask.executeInVM(JUnitTask.java:1484)\n\tat org.apache.tools.ant.taskdefs.optional.junit.JUnitTask.execute(JUnitTask.java:872)\n\tat org.apache.tools.ant.taskdefs.optional.junit.JUnitTask.executeOrQueue(JUnitTask.java:1972)\n\tat org.apache.tools.ant.taskdefs.optional.junit.JUnitTask.execute1(JUnitTask.java:824)\n\tat org.apache.tools.ant.taskdefs.optional.junit.JUnitTask.execute(JUnitTask.java:2277)\n\tat org.apache.tools.ant.UnknownElement.execute(UnknownElement.java:291)\n\tat sun.reflect.GeneratedMethodAccessor4.invoke(Unknown Source)\n\tat sun.reflect.DelegatingMethodAccessorImpl.invoke(DelegatingMethodAccessorImpl.java:43)\n\tat java.lang.reflect.Method.invoke(Method.java:498)\n\tat org.apache.tools.ant.dispatch.DispatchUtils.execute(DispatchUtils.java:106)\n\tat org.apache.tools.ant.Task.perform(Task.java:348)\n\tat org.apache.tools.ant.Target.execute(Target.java:392)\n\tat org.apache.tools.ant.Target.performTasks(Target.java:413)\n\tat org.apache.tools.ant.Project.executeSortedTargets(Project.java:1399)\n\tat org.apache.tools.ant.Project.executeTarget(Project.java:1368)\n\tat org.apache.tools.ant.helper.DefaultExecutor.executeTargets(DefaultExecutor.java:41)\n\tat org.apache.tools.ant.Project.executeTargets(Project.java:1251)\n\tat org.apache.tools.ant.Main.runBuild(Main.java:811)\n\tat org.apache.tools.ant.Main.startAnt(Main.java:217)\n\tat org.apache.tools.ant.launch.Launcher.run(Launcher.java:280)\n\tat org.apache.tools.ant.launch.Launcher.main(Launcher.java:109)\norg.apache.commons.math.linear.RealMatrixImplTest::testMath209\njava.lang.ArrayIndexOutOfBoundsException: 2\n\tat org.apache.commons.math.linear.RealMatrixImpl.operate(RealMatrixImpl.java:786)\n\tat org.apache.commons.math.linear.RealMatrixImplTest.testMath209(RealMatrixImplTest.java:351)\n\tat sun.reflect.NativeMethodAccessorImpl.invoke0(Native Method)\n\tat sun.reflect.NativeMethodAccessorImpl.invoke(NativeMethodAccessorImpl.java:62)\n\tat sun.reflect.DelegatingMethodAccessorImpl.invoke(DelegatingMethodAccessorImpl.java:43)\n\tat java.lang.reflect.Method.invoke(Method.java:498)\n\tat junit.framework.TestCase.runTest(TestCase.java:176)\n\tat junit.framework.TestCase.runBare(TestCase.java:141)\n\tat junit.framework.TestResult$1.protect(TestResult.java:122)\n\tat junit.framework.TestResult.runProtected(TestResult.java:142)\n\tat junit.framework.TestResult.run(TestResult.java:125)\n\tat junit.framework.TestCase.run(TestCase.java:129)\n\tat junit.framework.TestSuite.runTest(TestSuite.java:255)\n\tat junit.framework.TestSuite.run(TestSuite.java:250)\n\tat org.apache.tools.ant.taskdefs.optional.junit.JUnitTestRunner.run(JUnitTestRunner.java:520)\n\tat org.apache.tools.ant.taskdefs.optional.junit.JUnitTask.executeInVM(JUnitTask.java:1484)\n\tat org.apache.tools.ant.taskdefs.optional.junit.JUnitTask.execute(JUnitTask.java:872)\n\tat org.apache.tools.ant.taskdefs.optional.junit.JUnitTask.executeOrQueue(JUnitTask.java:1972)\n\tat org.apache.tools.ant.taskdefs.optional.junit.JUnitTask.execute1(JUnitTask.java:824)\n\tat org.apache.tools.ant.taskdefs.optional.junit.JUnitTask.execute(JUnitTask.java:2277)\n\tat org.apache.tools.ant.UnknownElement.execute(UnknownElement.java:291)\n\tat sun.reflect.GeneratedMethodAccessor4.invoke(Unknown Source)\n\tat sun.reflect.DelegatingMethodAccessorImpl.invoke(DelegatingMethodAccessorImpl.java:43)\n\tat java.lang.reflect.Method.invoke(Method.java:498)\n\tat org.apache.tools.ant.dispatch.DispatchUtils.execute(DispatchUtils.java:106)\n\tat org.apache.tools.ant.Task.perform(Task.java:348)\n\tat org.apache.tools.ant.Target.execute(Target.java:392)\n\tat org.apache.tools.ant.Target.performTasks(Target.java:413)\n\tat org.apache.tools.ant.Project.executeSortedTargets(Project.java:1399)\n\tat org.apache.tools.ant.Project.executeTarget(Project.java:1368)\n\tat org.apache.tools.ant.helper.DefaultExecutor.executeTargets(DefaultExecutor.java:41)\n\tat org.apache.tools.ant.Project.executeTargets(Project.java:1251)\n\tat org.apache.tools.ant.Main.runBuild(Main.java:811)\n\tat org.apache.tools.ant.Main.startAnt(Main.java:217)\n\tat org.apache.tools.ant.launch.Launcher.run(Launcher.java:280)\n\tat org.apache.tools.ant.launch.Launcher.main(Launcher.java:109)\n\n\nThere is a bug in the above code, please help me locate it by considering the stack trace.\n\nPlease output **only one integer**: the line number of the buggy code (The code starts from line 1). Do not provide any explanations or additional content.\n",
        "prompt_fl_3": "\nsource code:\npublic BigDecimal[] operate(BigDecimal[] v) throws IllegalArgumentException {\n        if (v.length != this.getColumnDimension()) {\n            throw new IllegalArgumentException(\"vector has wrong length\");\n        }\n        final int nRows = this.getRowDimension();\n        final int nCols = this.getColumnDimension();\n        final BigDecimal[] out = new BigDecimal[v.length];\n        for (int row = 0; row < nRows; row++) {\n            BigDecimal sum = ZERO;\n            for (int i = 0; i < nCols; i++) {\n                sum = sum.add(data[row][i].multiply(v[i]));\n            }\n            out[row] = sum;\n        }\n        return out;\n    }\n\nstack trace:\norg.apache.commons.math.linear.BigMatrixImplTest::testMath209\njava.lang.ArrayIndexOutOfBoundsException: 2\n\tat org.apache.commons.math.linear.BigMatrixImpl.operate(BigMatrixImpl.java:997)\n\tat org.apache.commons.math.linear.BigMatrixImplTest.testMath209(BigMatrixImplTest.java:446)\n\tat sun.reflect.NativeMethodAccessorImpl.invoke0(Native Method)\n\tat sun.reflect.NativeMethodAccessorImpl.invoke(NativeMethodAccessorImpl.java:62)\n\tat sun.reflect.DelegatingMethodAccessorImpl.invoke(DelegatingMethodAccessorImpl.java:43)\n\tat java.lang.reflect.Method.invoke(Method.java:498)\n\tat junit.framework.TestCase.runTest(TestCase.java:176)\n\tat junit.framework.TestCase.runBare(TestCase.java:141)\n\tat junit.framework.TestResult$1.protect(TestResult.java:122)\n\tat junit.framework.TestResult.runProtected(TestResult.java:142)\n\tat junit.framework.TestResult.run(TestResult.java:125)\n\tat junit.framework.TestCase.run(TestCase.java:129)\n\tat junit.framework.TestSuite.runTest(TestSuite.java:255)\n\tat junit.framework.TestSuite.run(TestSuite.java:250)\n\tat org.apache.tools.ant.taskdefs.optional.junit.JUnitTestRunner.run(JUnitTestRunner.java:520)\n\tat org.apache.tools.ant.taskdefs.optional.junit.JUnitTask.executeInVM(JUnitTask.java:1484)\n\tat org.apache.tools.ant.taskdefs.optional.junit.JUnitTask.execute(JUnitTask.java:872)\n\tat org.apache.tools.ant.taskdefs.optional.junit.JUnitTask.executeOrQueue(JUnitTask.java:1972)\n\tat org.apache.tools.ant.taskdefs.optional.junit.JUnitTask.execute1(JUnitTask.java:824)\n\tat org.apache.tools.ant.taskdefs.optional.junit.JUnitTask.execute(JUnitTask.java:2277)\n\tat org.apache.tools.ant.UnknownElement.execute(UnknownElement.java:291)\n\tat sun.reflect.GeneratedMethodAccessor4.invoke(Unknown Source)\n\tat sun.reflect.DelegatingMethodAccessorImpl.invoke(DelegatingMethodAccessorImpl.java:43)\n\tat java.lang.reflect.Method.invoke(Method.java:498)\n\tat org.apache.tools.ant.dispatch.DispatchUtils.execute(DispatchUtils.java:106)\n\tat org.apache.tools.ant.Task.perform(Task.java:348)\n\tat org.apache.tools.ant.Target.execute(Target.java:392)\n\tat org.apache.tools.ant.Target.performTasks(Target.java:413)\n\tat org.apache.tools.ant.Project.executeSortedTargets(Project.java:1399)\n\tat org.apache.tools.ant.Project.executeTarget(Project.java:1368)\n\tat org.apache.tools.ant.helper.DefaultExecutor.executeTargets(DefaultExecutor.java:41)\n\tat org.apache.tools.ant.Project.executeTargets(Project.java:1251)\n\tat org.apache.tools.ant.Main.runBuild(Main.java:811)\n\tat org.apache.tools.ant.Main.startAnt(Main.java:217)\n\tat org.apache.tools.ant.launch.Launcher.run(Launcher.java:280)\n\tat org.apache.tools.ant.launch.Launcher.main(Launcher.java:109)\norg.apache.commons.math.linear.RealMatrixImplTest::testMath209\njava.lang.ArrayIndexOutOfBoundsException: 2\n\tat org.apache.commons.math.linear.RealMatrixImpl.operate(RealMatrixImpl.java:786)\n\tat org.apache.commons.math.linear.RealMatrixImplTest.testMath209(RealMatrixImplTest.java:351)\n\tat sun.reflect.NativeMethodAccessorImpl.invoke0(Native Method)\n\tat sun.reflect.NativeMethodAccessorImpl.invoke(NativeMethodAccessorImpl.java:62)\n\tat sun.reflect.DelegatingMethodAccessorImpl.invoke(DelegatingMethodAccessorImpl.java:43)\n\tat java.lang.reflect.Method.invoke(Method.java:498)\n\tat junit.framework.TestCase.runTest(TestCase.java:176)\n\tat junit.framework.TestCase.runBare(TestCase.java:141)\n\tat junit.framework.TestResult$1.protect(TestResult.java:122)\n\tat junit.framework.TestResult.runProtected(TestResult.java:142)\n\tat junit.framework.TestResult.run(TestResult.java:125)\n\tat junit.framework.TestCase.run(TestCase.java:129)\n\tat junit.framework.TestSuite.runTest(TestSuite.java:255)\n\tat junit.framework.TestSuite.run(TestSuite.java:250)\n\tat org.apache.tools.ant.taskdefs.optional.junit.JUnitTestRunner.run(JUnitTestRunner.java:520)\n\tat org.apache.tools.ant.taskdefs.optional.junit.JUnitTask.executeInVM(JUnitTask.java:1484)\n\tat org.apache.tools.ant.taskdefs.optional.junit.JUnitTask.execute(JUnitTask.java:872)\n\tat org.apache.tools.ant.taskdefs.optional.junit.JUnitTask.executeOrQueue(JUnitTask.java:1972)\n\tat org.apache.tools.ant.taskdefs.optional.junit.JUnitTask.execute1(JUnitTask.java:824)\n\tat org.apache.tools.ant.taskdefs.optional.junit.JUnitTask.execute(JUnitTask.java:2277)\n\tat org.apache.tools.ant.UnknownElement.execute(UnknownElement.java:291)\n\tat sun.reflect.GeneratedMethodAccessor4.invoke(Unknown Source)\n\tat sun.reflect.DelegatingMethodAccessorImpl.invoke(DelegatingMethodAccessorImpl.java:43)\n\tat java.lang.reflect.Method.invoke(Method.java:498)\n\tat org.apache.tools.ant.dispatch.DispatchUtils.execute(DispatchUtils.java:106)\n\tat org.apache.tools.ant.Task.perform(Task.java:348)\n\tat org.apache.tools.ant.Target.execute(Target.java:392)\n\tat org.apache.tools.ant.Target.performTasks(Target.java:413)\n\tat org.apache.tools.ant.Project.executeSortedTargets(Project.java:1399)\n\tat org.apache.tools.ant.Project.executeTarget(Project.java:1368)\n\tat org.apache.tools.ant.helper.DefaultExecutor.executeTargets(DefaultExecutor.java:41)\n\tat org.apache.tools.ant.Project.executeTargets(Project.java:1251)\n\tat org.apache.tools.ant.Main.runBuild(Main.java:811)\n\tat org.apache.tools.ant.Main.startAnt(Main.java:217)\n\tat org.apache.tools.ant.launch.Launcher.run(Launcher.java:280)\n\tat org.apache.tools.ant.launch.Launcher.main(Launcher.java:109)\n\n\nfailure assertion code:\nBigDecimal[] b = a.operate(new BigDecimal[] { new BigDecimal(1), new BigDecimal(1) });\n\n\nThere is a bug in the above code, please help me locate it by considering the stack trace information and failure assertion code.\n\nPlease output **only one integer**: the line number of the buggy code (The code starts from line 1). Do not provide any explanations or additional content.\n",
        "prompt_fl_4": "\nsource code:\npublic BigDecimal[] operate(BigDecimal[] v) throws IllegalArgumentException {\n        if (v.length != this.getColumnDimension()) {\n            throw new IllegalArgumentException(\"vector has wrong length\");\n        }\n        final int nRows = this.getRowDimension();\n        final int nCols = this.getColumnDimension();\n        final BigDecimal[] out = new BigDecimal[v.length];\n        for (int row = 0; row < nRows; row++) {\n            BigDecimal sum = ZERO;\n            for (int i = 0; i < nCols; i++) {\n                sum = sum.add(data[row][i].multiply(v[i]));\n            }\n            out[row] = sum;\n        }\n        return out;\n    }\n\nThere is a bug in the above code, please help me locate it.\n\nOutput **only** the exact buggy statement, with no line numbers, explanations, or additional content. Your response should contain just the buggy code line. Do not include ```java or ``` markers in the response.\n",
        "prompt_fl_5": "\nsource code:\npublic BigDecimal[] operate(BigDecimal[] v) throws IllegalArgumentException {\n        if (v.length != this.getColumnDimension()) {\n            throw new IllegalArgumentException(\"vector has wrong length\");\n        }\n        final int nRows = this.getRowDimension();\n        final int nCols = this.getColumnDimension();\n        final BigDecimal[] out = new BigDecimal[v.length];\n        for (int row = 0; row < nRows; row++) {\n            BigDecimal sum = ZERO;\n            for (int i = 0; i < nCols; i++) {\n                sum = sum.add(data[row][i].multiply(v[i]));\n            }\n            out[row] = sum;\n        }\n        return out;\n    }\n\nstack trace:\norg.apache.commons.math.linear.BigMatrixImplTest::testMath209\njava.lang.ArrayIndexOutOfBoundsException: 2\n\tat org.apache.commons.math.linear.BigMatrixImpl.operate(BigMatrixImpl.java:997)\n\tat org.apache.commons.math.linear.BigMatrixImplTest.testMath209(BigMatrixImplTest.java:446)\n\tat sun.reflect.NativeMethodAccessorImpl.invoke0(Native Method)\n\tat sun.reflect.NativeMethodAccessorImpl.invoke(NativeMethodAccessorImpl.java:62)\n\tat sun.reflect.DelegatingMethodAccessorImpl.invoke(DelegatingMethodAccessorImpl.java:43)\n\tat java.lang.reflect.Method.invoke(Method.java:498)\n\tat junit.framework.TestCase.runTest(TestCase.java:176)\n\tat junit.framework.TestCase.runBare(TestCase.java:141)\n\tat junit.framework.TestResult$1.protect(TestResult.java:122)\n\tat junit.framework.TestResult.runProtected(TestResult.java:142)\n\tat junit.framework.TestResult.run(TestResult.java:125)\n\tat junit.framework.TestCase.run(TestCase.java:129)\n\tat junit.framework.TestSuite.runTest(TestSuite.java:255)\n\tat junit.framework.TestSuite.run(TestSuite.java:250)\n\tat org.apache.tools.ant.taskdefs.optional.junit.JUnitTestRunner.run(JUnitTestRunner.java:520)\n\tat org.apache.tools.ant.taskdefs.optional.junit.JUnitTask.executeInVM(JUnitTask.java:1484)\n\tat org.apache.tools.ant.taskdefs.optional.junit.JUnitTask.execute(JUnitTask.java:872)\n\tat org.apache.tools.ant.taskdefs.optional.junit.JUnitTask.executeOrQueue(JUnitTask.java:1972)\n\tat org.apache.tools.ant.taskdefs.optional.junit.JUnitTask.execute1(JUnitTask.java:824)\n\tat org.apache.tools.ant.taskdefs.optional.junit.JUnitTask.execute(JUnitTask.java:2277)\n\tat org.apache.tools.ant.UnknownElement.execute(UnknownElement.java:291)\n\tat sun.reflect.GeneratedMethodAccessor4.invoke(Unknown Source)\n\tat sun.reflect.DelegatingMethodAccessorImpl.invoke(DelegatingMethodAccessorImpl.java:43)\n\tat java.lang.reflect.Method.invoke(Method.java:498)\n\tat org.apache.tools.ant.dispatch.DispatchUtils.execute(DispatchUtils.java:106)\n\tat org.apache.tools.ant.Task.perform(Task.java:348)\n\tat org.apache.tools.ant.Target.execute(Target.java:392)\n\tat org.apache.tools.ant.Target.performTasks(Target.java:413)\n\tat org.apache.tools.ant.Project.executeSortedTargets(Project.java:1399)\n\tat org.apache.tools.ant.Project.executeTarget(Project.java:1368)\n\tat org.apache.tools.ant.helper.DefaultExecutor.executeTargets(DefaultExecutor.java:41)\n\tat org.apache.tools.ant.Project.executeTargets(Project.java:1251)\n\tat org.apache.tools.ant.Main.runBuild(Main.java:811)\n\tat org.apache.tools.ant.Main.startAnt(Main.java:217)\n\tat org.apache.tools.ant.launch.Launcher.run(Launcher.java:280)\n\tat org.apache.tools.ant.launch.Launcher.main(Launcher.java:109)\norg.apache.commons.math.linear.RealMatrixImplTest::testMath209\njava.lang.ArrayIndexOutOfBoundsException: 2\n\tat org.apache.commons.math.linear.RealMatrixImpl.operate(RealMatrixImpl.java:786)\n\tat org.apache.commons.math.linear.RealMatrixImplTest.testMath209(RealMatrixImplTest.java:351)\n\tat sun.reflect.NativeMethodAccessorImpl.invoke0(Native Method)\n\tat sun.reflect.NativeMethodAccessorImpl.invoke(NativeMethodAccessorImpl.java:62)\n\tat sun.reflect.DelegatingMethodAccessorImpl.invoke(DelegatingMethodAccessorImpl.java:43)\n\tat java.lang.reflect.Method.invoke(Method.java:498)\n\tat junit.framework.TestCase.runTest(TestCase.java:176)\n\tat junit.framework.TestCase.runBare(TestCase.java:141)\n\tat junit.framework.TestResult$1.protect(TestResult.java:122)\n\tat junit.framework.TestResult.runProtected(TestResult.java:142)\n\tat junit.framework.TestResult.run(TestResult.java:125)\n\tat junit.framework.TestCase.run(TestCase.java:129)\n\tat junit.framework.TestSuite.runTest(TestSuite.java:255)\n\tat junit.framework.TestSuite.run(TestSuite.java:250)\n\tat org.apache.tools.ant.taskdefs.optional.junit.JUnitTestRunner.run(JUnitTestRunner.java:520)\n\tat org.apache.tools.ant.taskdefs.optional.junit.JUnitTask.executeInVM(JUnitTask.java:1484)\n\tat org.apache.tools.ant.taskdefs.optional.junit.JUnitTask.execute(JUnitTask.java:872)\n\tat org.apache.tools.ant.taskdefs.optional.junit.JUnitTask.executeOrQueue(JUnitTask.java:1972)\n\tat org.apache.tools.ant.taskdefs.optional.junit.JUnitTask.execute1(JUnitTask.java:824)\n\tat org.apache.tools.ant.taskdefs.optional.junit.JUnitTask.execute(JUnitTask.java:2277)\n\tat org.apache.tools.ant.UnknownElement.execute(UnknownElement.java:291)\n\tat sun.reflect.GeneratedMethodAccessor4.invoke(Unknown Source)\n\tat sun.reflect.DelegatingMethodAccessorImpl.invoke(DelegatingMethodAccessorImpl.java:43)\n\tat java.lang.reflect.Method.invoke(Method.java:498)\n\tat org.apache.tools.ant.dispatch.DispatchUtils.execute(DispatchUtils.java:106)\n\tat org.apache.tools.ant.Task.perform(Task.java:348)\n\tat org.apache.tools.ant.Target.execute(Target.java:392)\n\tat org.apache.tools.ant.Target.performTasks(Target.java:413)\n\tat org.apache.tools.ant.Project.executeSortedTargets(Project.java:1399)\n\tat org.apache.tools.ant.Project.executeTarget(Project.java:1368)\n\tat org.apache.tools.ant.helper.DefaultExecutor.executeTargets(DefaultExecutor.java:41)\n\tat org.apache.tools.ant.Project.executeTargets(Project.java:1251)\n\tat org.apache.tools.ant.Main.runBuild(Main.java:811)\n\tat org.apache.tools.ant.Main.startAnt(Main.java:217)\n\tat org.apache.tools.ant.launch.Launcher.run(Launcher.java:280)\n\tat org.apache.tools.ant.launch.Launcher.main(Launcher.java:109)\n\n\nThere is a bug in the above code, please help me locate it by considering the stack trace.\n\nOutput **only** the exact buggy statement, with no line numbers, explanations, or additional content. Your response should contain just the buggy code line. Do not include ```java or ``` markers in the response.\n",
        "prompt_fl_6": "\nsource code:\npublic BigDecimal[] operate(BigDecimal[] v) throws IllegalArgumentException {\n        if (v.length != this.getColumnDimension()) {\n            throw new IllegalArgumentException(\"vector has wrong length\");\n        }\n        final int nRows = this.getRowDimension();\n        final int nCols = this.getColumnDimension();\n        final BigDecimal[] out = new BigDecimal[v.length];\n        for (int row = 0; row < nRows; row++) {\n            BigDecimal sum = ZERO;\n            for (int i = 0; i < nCols; i++) {\n                sum = sum.add(data[row][i].multiply(v[i]));\n            }\n            out[row] = sum;\n        }\n        return out;\n    }\n\nstack trace:\norg.apache.commons.math.linear.BigMatrixImplTest::testMath209\njava.lang.ArrayIndexOutOfBoundsException: 2\n\tat org.apache.commons.math.linear.BigMatrixImpl.operate(BigMatrixImpl.java:997)\n\tat org.apache.commons.math.linear.BigMatrixImplTest.testMath209(BigMatrixImplTest.java:446)\n\tat sun.reflect.NativeMethodAccessorImpl.invoke0(Native Method)\n\tat sun.reflect.NativeMethodAccessorImpl.invoke(NativeMethodAccessorImpl.java:62)\n\tat sun.reflect.DelegatingMethodAccessorImpl.invoke(DelegatingMethodAccessorImpl.java:43)\n\tat java.lang.reflect.Method.invoke(Method.java:498)\n\tat junit.framework.TestCase.runTest(TestCase.java:176)\n\tat junit.framework.TestCase.runBare(TestCase.java:141)\n\tat junit.framework.TestResult$1.protect(TestResult.java:122)\n\tat junit.framework.TestResult.runProtected(TestResult.java:142)\n\tat junit.framework.TestResult.run(TestResult.java:125)\n\tat junit.framework.TestCase.run(TestCase.java:129)\n\tat junit.framework.TestSuite.runTest(TestSuite.java:255)\n\tat junit.framework.TestSuite.run(TestSuite.java:250)\n\tat org.apache.tools.ant.taskdefs.optional.junit.JUnitTestRunner.run(JUnitTestRunner.java:520)\n\tat org.apache.tools.ant.taskdefs.optional.junit.JUnitTask.executeInVM(JUnitTask.java:1484)\n\tat org.apache.tools.ant.taskdefs.optional.junit.JUnitTask.execute(JUnitTask.java:872)\n\tat org.apache.tools.ant.taskdefs.optional.junit.JUnitTask.executeOrQueue(JUnitTask.java:1972)\n\tat org.apache.tools.ant.taskdefs.optional.junit.JUnitTask.execute1(JUnitTask.java:824)\n\tat org.apache.tools.ant.taskdefs.optional.junit.JUnitTask.execute(JUnitTask.java:2277)\n\tat org.apache.tools.ant.UnknownElement.execute(UnknownElement.java:291)\n\tat sun.reflect.GeneratedMethodAccessor4.invoke(Unknown Source)\n\tat sun.reflect.DelegatingMethodAccessorImpl.invoke(DelegatingMethodAccessorImpl.java:43)\n\tat java.lang.reflect.Method.invoke(Method.java:498)\n\tat org.apache.tools.ant.dispatch.DispatchUtils.execute(DispatchUtils.java:106)\n\tat org.apache.tools.ant.Task.perform(Task.java:348)\n\tat org.apache.tools.ant.Target.execute(Target.java:392)\n\tat org.apache.tools.ant.Target.performTasks(Target.java:413)\n\tat org.apache.tools.ant.Project.executeSortedTargets(Project.java:1399)\n\tat org.apache.tools.ant.Project.executeTarget(Project.java:1368)\n\tat org.apache.tools.ant.helper.DefaultExecutor.executeTargets(DefaultExecutor.java:41)\n\tat org.apache.tools.ant.Project.executeTargets(Project.java:1251)\n\tat org.apache.tools.ant.Main.runBuild(Main.java:811)\n\tat org.apache.tools.ant.Main.startAnt(Main.java:217)\n\tat org.apache.tools.ant.launch.Launcher.run(Launcher.java:280)\n\tat org.apache.tools.ant.launch.Launcher.main(Launcher.java:109)\norg.apache.commons.math.linear.RealMatrixImplTest::testMath209\njava.lang.ArrayIndexOutOfBoundsException: 2\n\tat org.apache.commons.math.linear.RealMatrixImpl.operate(RealMatrixImpl.java:786)\n\tat org.apache.commons.math.linear.RealMatrixImplTest.testMath209(RealMatrixImplTest.java:351)\n\tat sun.reflect.NativeMethodAccessorImpl.invoke0(Native Method)\n\tat sun.reflect.NativeMethodAccessorImpl.invoke(NativeMethodAccessorImpl.java:62)\n\tat sun.reflect.DelegatingMethodAccessorImpl.invoke(DelegatingMethodAccessorImpl.java:43)\n\tat java.lang.reflect.Method.invoke(Method.java:498)\n\tat junit.framework.TestCase.runTest(TestCase.java:176)\n\tat junit.framework.TestCase.runBare(TestCase.java:141)\n\tat junit.framework.TestResult$1.protect(TestResult.java:122)\n\tat junit.framework.TestResult.runProtected(TestResult.java:142)\n\tat junit.framework.TestResult.run(TestResult.java:125)\n\tat junit.framework.TestCase.run(TestCase.java:129)\n\tat junit.framework.TestSuite.runTest(TestSuite.java:255)\n\tat junit.framework.TestSuite.run(TestSuite.java:250)\n\tat org.apache.tools.ant.taskdefs.optional.junit.JUnitTestRunner.run(JUnitTestRunner.java:520)\n\tat org.apache.tools.ant.taskdefs.optional.junit.JUnitTask.executeInVM(JUnitTask.java:1484)\n\tat org.apache.tools.ant.taskdefs.optional.junit.JUnitTask.execute(JUnitTask.java:872)\n\tat org.apache.tools.ant.taskdefs.optional.junit.JUnitTask.executeOrQueue(JUnitTask.java:1972)\n\tat org.apache.tools.ant.taskdefs.optional.junit.JUnitTask.execute1(JUnitTask.java:824)\n\tat org.apache.tools.ant.taskdefs.optional.junit.JUnitTask.execute(JUnitTask.java:2277)\n\tat org.apache.tools.ant.UnknownElement.execute(UnknownElement.java:291)\n\tat sun.reflect.GeneratedMethodAccessor4.invoke(Unknown Source)\n\tat sun.reflect.DelegatingMethodAccessorImpl.invoke(DelegatingMethodAccessorImpl.java:43)\n\tat java.lang.reflect.Method.invoke(Method.java:498)\n\tat org.apache.tools.ant.dispatch.DispatchUtils.execute(DispatchUtils.java:106)\n\tat org.apache.tools.ant.Task.perform(Task.java:348)\n\tat org.apache.tools.ant.Target.execute(Target.java:392)\n\tat org.apache.tools.ant.Target.performTasks(Target.java:413)\n\tat org.apache.tools.ant.Project.executeSortedTargets(Project.java:1399)\n\tat org.apache.tools.ant.Project.executeTarget(Project.java:1368)\n\tat org.apache.tools.ant.helper.DefaultExecutor.executeTargets(DefaultExecutor.java:41)\n\tat org.apache.tools.ant.Project.executeTargets(Project.java:1251)\n\tat org.apache.tools.ant.Main.runBuild(Main.java:811)\n\tat org.apache.tools.ant.Main.startAnt(Main.java:217)\n\tat org.apache.tools.ant.launch.Launcher.run(Launcher.java:280)\n\tat org.apache.tools.ant.launch.Launcher.main(Launcher.java:109)\n\n\nfailure assertion code:\nBigDecimal[] b = a.operate(new BigDecimal[] { new BigDecimal(1), new BigDecimal(1) });\n\n\nThere is a bug in the above code, please help me locate it by considering the stack trace information and failure assertion code.\n\nOutput **only** the exact buggy statement, with no line numbers, explanations, or additional content. Your response should contain just the buggy code line. Do not include ```java or ``` markers in the response.\n",
        "prompt_apr_1": "\npublic BigDecimal[] operate(BigDecimal[] v) throws IllegalArgumentException {\n        if (v.length != this.getColumnDimension()) {\n            throw new IllegalArgumentException(\"vector has wrong length\");\n        }\n        final int nRows = this.getRowDimension();\n        final int nCols = this.getColumnDimension();\n        final BigDecimal[] out = new BigDecimal[v.length];\n        for (int row = 0; row < nRows; row++) {\n            BigDecimal sum = ZERO;\n            for (int i = 0; i < nCols; i++) {\n                sum = sum.add(data[row][i].multiply(v[i]));\n            }\n            out[row] = sum;\n        }\n        return out;\n    }\n\nThere is a bug in line [7] of the code, please help me fix it.\n\nPlease return the **complete corrected method**. Do not skip or omit any part of the code. Do not include ```java or ``` markers in the response.\n",
        "prompt_apr_2": "\npublic BigDecimal[] operate(BigDecimal[] v) throws IllegalArgumentException {\n        if (v.length != this.getColumnDimension()) {\n            throw new IllegalArgumentException(\"vector has wrong length\");\n        }\n        final int nRows = this.getRowDimension();\n        final int nCols = this.getColumnDimension();\n        final BigDecimal[] out = new BigDecimal[v.length];\n        for (int row = 0; row < nRows; row++) {\n            BigDecimal sum = ZERO;\n            for (int i = 0; i < nCols; i++) {\n                sum = sum.add(data[row][i].multiply(v[i]));\n            }\n            out[row] = sum;\n        }\n        return out;\n    }\n\nThere is a bug in ['        final BigDecimal[] out = new BigDecimal[v.length];'] , please help me fix it. \n\nPlease return the **complete corrected method**. Do not skip or omit any part of the code. Do not include ```java or ``` markers in the response.\n",
        "prompt_apr_3": "\npublic BigDecimal[] operate(BigDecimal[] v) throws IllegalArgumentException {\n        if (v.length != this.getColumnDimension()) {\n            throw new IllegalArgumentException(\"vector has wrong length\");\n        }\n        final int nRows = this.getRowDimension();\n        final int nCols = this.getColumnDimension();\n        final BigDecimal[] out = new BigDecimal[v.length];\n\nThere is a bug in the last statement, please help me fix it.\n\nReturn the code **only from the method declaration to the fixed statement**, without completing or adding additional code. Do not modify anything beyond fixing the bug, and do not complete the `if` statement or other unfinished parts. Do not include ```java or ``` markers in the response.\n",
        "prompt_apr_4": "\npublic BigDecimal[] operate(BigDecimal[] v) throws IllegalArgumentException {\n        if (v.length != this.getColumnDimension()) {\n            throw new IllegalArgumentException(\"vector has wrong length\");\n        }\n        final int nRows = this.getRowDimension();\n        final int nCols = this.getColumnDimension();\n        final BigDecimal[] out = new BigDecimal[v.length];\n        for (int row = 0; row < nRows; row++) {\n            BigDecimal sum = ZERO;\n            for (int i = 0; i < nCols; i++) {\n                sum = sum.add(data[row][i].multiply(v[i]));\n            }\n            out[row] = sum;\n        }\n        return out;\n    }\n\nThere is a bug in line [7] of the code, please help me fix it.\n\nPlease return the results in a strict JSON format as described below. Please follow these instructions carefully:\n1. Your output must include each repaired line's number (`line_number`) and the corresponding fixed code statement (`fixed_statement`).\n2. The output format must be a valid JSON array, where each element represents one repaired line, with the following structure:\n   - `\"line_number\"`: The line number of the buggy code that was repaired (integer).\n   - `\"fixed_statement\"`: The repaired statement for that specific line (string).\n\n3. The result must strictly follow this format:\n[\n    {\n        \"line_number\": int,\n        \"fixed_statement\": \"string\"\n    },\n    {\n        \"line_number\": int,\n        \"fixed_statement\": \"string\"\n    }\n]\n4. The repaired statement in \"fixed_statement\" must replace the corresponding line in the buggy code.\n5. You must NOT include any additional explanation or description in your response. Only return the JSON array. Do not include ```json or ``` markers in the response.\n",
        "prompt_apr_5": "\npublic BigDecimal[] operate(BigDecimal[] v) throws IllegalArgumentException {\n        if (v.length != this.getColumnDimension()) {\n            throw new IllegalArgumentException(\"vector has wrong length\");\n        }\n        final int nRows = this.getRowDimension();\n        final int nCols = this.getColumnDimension();\n        final BigDecimal[] out = new BigDecimal[v.length];\n        for (int row = 0; row < nRows; row++) {\n            BigDecimal sum = ZERO;\n            for (int i = 0; i < nCols; i++) {\n                sum = sum.add(data[row][i].multiply(v[i]));\n            }\n            out[row] = sum;\n        }\n        return out;\n    }\n\nThere is a bug in ['        final BigDecimal[] out = new BigDecimal[v.length];'] , please help me fix it. \n\nPlease return the results in a strict JSON format as described below. Please follow these instructions carefully:\n1. Your output must include each repaired line's number (`line_number`) and the corresponding fixed code statement (`fixed_statement`).\n2. The output format must be a valid JSON array, where each element represents one repaired line, with the following structure:\n   - `\"line_number\"`: The line number of the buggy code that was repaired (integer).\n   - `\"fixed_statement\"`: The repaired statement for that specific line (string).\n\n3. The result must strictly follow this format:\n[\n    {\n        \"line_number\": int,\n        \"fixed_statement\": \"string\"\n    },\n    {\n        \"line_number\": int,\n        \"fixed_statement\": \"string\"\n    }\n]\n4. The repaired statement in \"fixed_statement\" must replace the corresponding line in the buggy code.\n5. You must NOT include any additional explanation or description in your response. Only return the JSON array. Do not include ```json or ``` markers in the response.\n",
        "prompt_apr_6": "\npublic BigDecimal[] operate(BigDecimal[] v) throws IllegalArgumentException {\n        if (v.length != this.getColumnDimension()) {\n            throw new IllegalArgumentException(\"vector has wrong length\");\n        }\n        final int nRows = this.getRowDimension();\n        final int nCols = this.getColumnDimension();\n        final BigDecimal[] out = new BigDecimal[v.length];\n\nThere is a bug in the last statement, please help me fix it.\n\nPlease return the results in a strict JSON format as described below. Please follow these instructions carefully:\n1. Your output must include each repaired line's number (`line_number`) and the corresponding fixed code statement (`fixed_statement`).\n2. The output format must be a valid JSON array, where each element represents one repaired line, with the following structure:\n   - `\"line_number\"`: The line number of the buggy code that was repaired (integer).\n   - `\"fixed_statement\"`: The repaired statement for that specific line (string).\n\n3. The result must strictly follow this format:\n[\n    {\n        \"line_number\": int,\n        \"fixed_statement\": \"string\"\n    },\n    {\n        \"line_number\": int,\n        \"fixed_statement\": \"string\"\n    }\n]\n4. The repaired statement in \"fixed_statement\" must replace the corresponding line in the buggy code.\n5. You must NOT include any additional explanation or description in your response. Only return the JSON array. Do not include ```json or ``` markers in the response.\n"
    },
    {
        "prompt_fl_1": "\nsource code:\npublic double[] operate(double[] v) throws IllegalArgumentException {\n        final int nRows = this.getRowDimension();\n        final int nCols = this.getColumnDimension();\n        if (v.length != nCols) {\n            throw new IllegalArgumentException(\"vector has wrong length\");\n        }\n        final double[] out = new double[v.length];\n        for (int row = 0; row < nRows; row++) {\n            final double[] dataRow = data[row];\n            double sum = 0;\n            for (int i = 0; i < nCols; i++) {\n                sum += dataRow[i] * v[i];\n            }\n            out[row] = sum;\n        }\n        return out;\n    }\n\nThere is a bug in the above code, please help me locate it.\n\nPlease output **only one integer**: the line number of the buggy code (The code starts from line 1). Do not provide any explanations or additional content.\n",
        "prompt_fl_2": "\nsource code:\npublic double[] operate(double[] v) throws IllegalArgumentException {\n        final int nRows = this.getRowDimension();\n        final int nCols = this.getColumnDimension();\n        if (v.length != nCols) {\n            throw new IllegalArgumentException(\"vector has wrong length\");\n        }\n        final double[] out = new double[v.length];\n        for (int row = 0; row < nRows; row++) {\n            final double[] dataRow = data[row];\n            double sum = 0;\n            for (int i = 0; i < nCols; i++) {\n                sum += dataRow[i] * v[i];\n            }\n            out[row] = sum;\n        }\n        return out;\n    }\n\nstack trace:\norg.apache.commons.math.linear.BigMatrixImplTest::testMath209\njava.lang.ArrayIndexOutOfBoundsException: 2\n\tat org.apache.commons.math.linear.BigMatrixImpl.operate(BigMatrixImpl.java:997)\n\tat org.apache.commons.math.linear.BigMatrixImplTest.testMath209(BigMatrixImplTest.java:446)\n\tat sun.reflect.NativeMethodAccessorImpl.invoke0(Native Method)\n\tat sun.reflect.NativeMethodAccessorImpl.invoke(NativeMethodAccessorImpl.java:62)\n\tat sun.reflect.DelegatingMethodAccessorImpl.invoke(DelegatingMethodAccessorImpl.java:43)\n\tat java.lang.reflect.Method.invoke(Method.java:498)\n\tat junit.framework.TestCase.runTest(TestCase.java:176)\n\tat junit.framework.TestCase.runBare(TestCase.java:141)\n\tat junit.framework.TestResult$1.protect(TestResult.java:122)\n\tat junit.framework.TestResult.runProtected(TestResult.java:142)\n\tat junit.framework.TestResult.run(TestResult.java:125)\n\tat junit.framework.TestCase.run(TestCase.java:129)\n\tat junit.framework.TestSuite.runTest(TestSuite.java:255)\n\tat junit.framework.TestSuite.run(TestSuite.java:250)\n\tat org.apache.tools.ant.taskdefs.optional.junit.JUnitTestRunner.run(JUnitTestRunner.java:520)\n\tat org.apache.tools.ant.taskdefs.optional.junit.JUnitTask.executeInVM(JUnitTask.java:1484)\n\tat org.apache.tools.ant.taskdefs.optional.junit.JUnitTask.execute(JUnitTask.java:872)\n\tat org.apache.tools.ant.taskdefs.optional.junit.JUnitTask.executeOrQueue(JUnitTask.java:1972)\n\tat org.apache.tools.ant.taskdefs.optional.junit.JUnitTask.execute1(JUnitTask.java:824)\n\tat org.apache.tools.ant.taskdefs.optional.junit.JUnitTask.execute(JUnitTask.java:2277)\n\tat org.apache.tools.ant.UnknownElement.execute(UnknownElement.java:291)\n\tat sun.reflect.GeneratedMethodAccessor4.invoke(Unknown Source)\n\tat sun.reflect.DelegatingMethodAccessorImpl.invoke(DelegatingMethodAccessorImpl.java:43)\n\tat java.lang.reflect.Method.invoke(Method.java:498)\n\tat org.apache.tools.ant.dispatch.DispatchUtils.execute(DispatchUtils.java:106)\n\tat org.apache.tools.ant.Task.perform(Task.java:348)\n\tat org.apache.tools.ant.Target.execute(Target.java:392)\n\tat org.apache.tools.ant.Target.performTasks(Target.java:413)\n\tat org.apache.tools.ant.Project.executeSortedTargets(Project.java:1399)\n\tat org.apache.tools.ant.Project.executeTarget(Project.java:1368)\n\tat org.apache.tools.ant.helper.DefaultExecutor.executeTargets(DefaultExecutor.java:41)\n\tat org.apache.tools.ant.Project.executeTargets(Project.java:1251)\n\tat org.apache.tools.ant.Main.runBuild(Main.java:811)\n\tat org.apache.tools.ant.Main.startAnt(Main.java:217)\n\tat org.apache.tools.ant.launch.Launcher.run(Launcher.java:280)\n\tat org.apache.tools.ant.launch.Launcher.main(Launcher.java:109)\norg.apache.commons.math.linear.RealMatrixImplTest::testMath209\njava.lang.ArrayIndexOutOfBoundsException: 2\n\tat org.apache.commons.math.linear.RealMatrixImpl.operate(RealMatrixImpl.java:786)\n\tat org.apache.commons.math.linear.RealMatrixImplTest.testMath209(RealMatrixImplTest.java:351)\n\tat sun.reflect.NativeMethodAccessorImpl.invoke0(Native Method)\n\tat sun.reflect.NativeMethodAccessorImpl.invoke(NativeMethodAccessorImpl.java:62)\n\tat sun.reflect.DelegatingMethodAccessorImpl.invoke(DelegatingMethodAccessorImpl.java:43)\n\tat java.lang.reflect.Method.invoke(Method.java:498)\n\tat junit.framework.TestCase.runTest(TestCase.java:176)\n\tat junit.framework.TestCase.runBare(TestCase.java:141)\n\tat junit.framework.TestResult$1.protect(TestResult.java:122)\n\tat junit.framework.TestResult.runProtected(TestResult.java:142)\n\tat junit.framework.TestResult.run(TestResult.java:125)\n\tat junit.framework.TestCase.run(TestCase.java:129)\n\tat junit.framework.TestSuite.runTest(TestSuite.java:255)\n\tat junit.framework.TestSuite.run(TestSuite.java:250)\n\tat org.apache.tools.ant.taskdefs.optional.junit.JUnitTestRunner.run(JUnitTestRunner.java:520)\n\tat org.apache.tools.ant.taskdefs.optional.junit.JUnitTask.executeInVM(JUnitTask.java:1484)\n\tat org.apache.tools.ant.taskdefs.optional.junit.JUnitTask.execute(JUnitTask.java:872)\n\tat org.apache.tools.ant.taskdefs.optional.junit.JUnitTask.executeOrQueue(JUnitTask.java:1972)\n\tat org.apache.tools.ant.taskdefs.optional.junit.JUnitTask.execute1(JUnitTask.java:824)\n\tat org.apache.tools.ant.taskdefs.optional.junit.JUnitTask.execute(JUnitTask.java:2277)\n\tat org.apache.tools.ant.UnknownElement.execute(UnknownElement.java:291)\n\tat sun.reflect.GeneratedMethodAccessor4.invoke(Unknown Source)\n\tat sun.reflect.DelegatingMethodAccessorImpl.invoke(DelegatingMethodAccessorImpl.java:43)\n\tat java.lang.reflect.Method.invoke(Method.java:498)\n\tat org.apache.tools.ant.dispatch.DispatchUtils.execute(DispatchUtils.java:106)\n\tat org.apache.tools.ant.Task.perform(Task.java:348)\n\tat org.apache.tools.ant.Target.execute(Target.java:392)\n\tat org.apache.tools.ant.Target.performTasks(Target.java:413)\n\tat org.apache.tools.ant.Project.executeSortedTargets(Project.java:1399)\n\tat org.apache.tools.ant.Project.executeTarget(Project.java:1368)\n\tat org.apache.tools.ant.helper.DefaultExecutor.executeTargets(DefaultExecutor.java:41)\n\tat org.apache.tools.ant.Project.executeTargets(Project.java:1251)\n\tat org.apache.tools.ant.Main.runBuild(Main.java:811)\n\tat org.apache.tools.ant.Main.startAnt(Main.java:217)\n\tat org.apache.tools.ant.launch.Launcher.run(Launcher.java:280)\n\tat org.apache.tools.ant.launch.Launcher.main(Launcher.java:109)\n\n\nThere is a bug in the above code, please help me locate it by considering the stack trace.\n\nPlease output **only one integer**: the line number of the buggy code (The code starts from line 1). Do not provide any explanations or additional content.\n",
        "prompt_fl_3": "\nsource code:\npublic double[] operate(double[] v) throws IllegalArgumentException {\n        final int nRows = this.getRowDimension();\n        final int nCols = this.getColumnDimension();\n        if (v.length != nCols) {\n            throw new IllegalArgumentException(\"vector has wrong length\");\n        }\n        final double[] out = new double[v.length];\n        for (int row = 0; row < nRows; row++) {\n            final double[] dataRow = data[row];\n            double sum = 0;\n            for (int i = 0; i < nCols; i++) {\n                sum += dataRow[i] * v[i];\n            }\n            out[row] = sum;\n        }\n        return out;\n    }\n\nstack trace:\norg.apache.commons.math.linear.BigMatrixImplTest::testMath209\njava.lang.ArrayIndexOutOfBoundsException: 2\n\tat org.apache.commons.math.linear.BigMatrixImpl.operate(BigMatrixImpl.java:997)\n\tat org.apache.commons.math.linear.BigMatrixImplTest.testMath209(BigMatrixImplTest.java:446)\n\tat sun.reflect.NativeMethodAccessorImpl.invoke0(Native Method)\n\tat sun.reflect.NativeMethodAccessorImpl.invoke(NativeMethodAccessorImpl.java:62)\n\tat sun.reflect.DelegatingMethodAccessorImpl.invoke(DelegatingMethodAccessorImpl.java:43)\n\tat java.lang.reflect.Method.invoke(Method.java:498)\n\tat junit.framework.TestCase.runTest(TestCase.java:176)\n\tat junit.framework.TestCase.runBare(TestCase.java:141)\n\tat junit.framework.TestResult$1.protect(TestResult.java:122)\n\tat junit.framework.TestResult.runProtected(TestResult.java:142)\n\tat junit.framework.TestResult.run(TestResult.java:125)\n\tat junit.framework.TestCase.run(TestCase.java:129)\n\tat junit.framework.TestSuite.runTest(TestSuite.java:255)\n\tat junit.framework.TestSuite.run(TestSuite.java:250)\n\tat org.apache.tools.ant.taskdefs.optional.junit.JUnitTestRunner.run(JUnitTestRunner.java:520)\n\tat org.apache.tools.ant.taskdefs.optional.junit.JUnitTask.executeInVM(JUnitTask.java:1484)\n\tat org.apache.tools.ant.taskdefs.optional.junit.JUnitTask.execute(JUnitTask.java:872)\n\tat org.apache.tools.ant.taskdefs.optional.junit.JUnitTask.executeOrQueue(JUnitTask.java:1972)\n\tat org.apache.tools.ant.taskdefs.optional.junit.JUnitTask.execute1(JUnitTask.java:824)\n\tat org.apache.tools.ant.taskdefs.optional.junit.JUnitTask.execute(JUnitTask.java:2277)\n\tat org.apache.tools.ant.UnknownElement.execute(UnknownElement.java:291)\n\tat sun.reflect.GeneratedMethodAccessor4.invoke(Unknown Source)\n\tat sun.reflect.DelegatingMethodAccessorImpl.invoke(DelegatingMethodAccessorImpl.java:43)\n\tat java.lang.reflect.Method.invoke(Method.java:498)\n\tat org.apache.tools.ant.dispatch.DispatchUtils.execute(DispatchUtils.java:106)\n\tat org.apache.tools.ant.Task.perform(Task.java:348)\n\tat org.apache.tools.ant.Target.execute(Target.java:392)\n\tat org.apache.tools.ant.Target.performTasks(Target.java:413)\n\tat org.apache.tools.ant.Project.executeSortedTargets(Project.java:1399)\n\tat org.apache.tools.ant.Project.executeTarget(Project.java:1368)\n\tat org.apache.tools.ant.helper.DefaultExecutor.executeTargets(DefaultExecutor.java:41)\n\tat org.apache.tools.ant.Project.executeTargets(Project.java:1251)\n\tat org.apache.tools.ant.Main.runBuild(Main.java:811)\n\tat org.apache.tools.ant.Main.startAnt(Main.java:217)\n\tat org.apache.tools.ant.launch.Launcher.run(Launcher.java:280)\n\tat org.apache.tools.ant.launch.Launcher.main(Launcher.java:109)\norg.apache.commons.math.linear.RealMatrixImplTest::testMath209\njava.lang.ArrayIndexOutOfBoundsException: 2\n\tat org.apache.commons.math.linear.RealMatrixImpl.operate(RealMatrixImpl.java:786)\n\tat org.apache.commons.math.linear.RealMatrixImplTest.testMath209(RealMatrixImplTest.java:351)\n\tat sun.reflect.NativeMethodAccessorImpl.invoke0(Native Method)\n\tat sun.reflect.NativeMethodAccessorImpl.invoke(NativeMethodAccessorImpl.java:62)\n\tat sun.reflect.DelegatingMethodAccessorImpl.invoke(DelegatingMethodAccessorImpl.java:43)\n\tat java.lang.reflect.Method.invoke(Method.java:498)\n\tat junit.framework.TestCase.runTest(TestCase.java:176)\n\tat junit.framework.TestCase.runBare(TestCase.java:141)\n\tat junit.framework.TestResult$1.protect(TestResult.java:122)\n\tat junit.framework.TestResult.runProtected(TestResult.java:142)\n\tat junit.framework.TestResult.run(TestResult.java:125)\n\tat junit.framework.TestCase.run(TestCase.java:129)\n\tat junit.framework.TestSuite.runTest(TestSuite.java:255)\n\tat junit.framework.TestSuite.run(TestSuite.java:250)\n\tat org.apache.tools.ant.taskdefs.optional.junit.JUnitTestRunner.run(JUnitTestRunner.java:520)\n\tat org.apache.tools.ant.taskdefs.optional.junit.JUnitTask.executeInVM(JUnitTask.java:1484)\n\tat org.apache.tools.ant.taskdefs.optional.junit.JUnitTask.execute(JUnitTask.java:872)\n\tat org.apache.tools.ant.taskdefs.optional.junit.JUnitTask.executeOrQueue(JUnitTask.java:1972)\n\tat org.apache.tools.ant.taskdefs.optional.junit.JUnitTask.execute1(JUnitTask.java:824)\n\tat org.apache.tools.ant.taskdefs.optional.junit.JUnitTask.execute(JUnitTask.java:2277)\n\tat org.apache.tools.ant.UnknownElement.execute(UnknownElement.java:291)\n\tat sun.reflect.GeneratedMethodAccessor4.invoke(Unknown Source)\n\tat sun.reflect.DelegatingMethodAccessorImpl.invoke(DelegatingMethodAccessorImpl.java:43)\n\tat java.lang.reflect.Method.invoke(Method.java:498)\n\tat org.apache.tools.ant.dispatch.DispatchUtils.execute(DispatchUtils.java:106)\n\tat org.apache.tools.ant.Task.perform(Task.java:348)\n\tat org.apache.tools.ant.Target.execute(Target.java:392)\n\tat org.apache.tools.ant.Target.performTasks(Target.java:413)\n\tat org.apache.tools.ant.Project.executeSortedTargets(Project.java:1399)\n\tat org.apache.tools.ant.Project.executeTarget(Project.java:1368)\n\tat org.apache.tools.ant.helper.DefaultExecutor.executeTargets(DefaultExecutor.java:41)\n\tat org.apache.tools.ant.Project.executeTargets(Project.java:1251)\n\tat org.apache.tools.ant.Main.runBuild(Main.java:811)\n\tat org.apache.tools.ant.Main.startAnt(Main.java:217)\n\tat org.apache.tools.ant.launch.Launcher.run(Launcher.java:280)\n\tat org.apache.tools.ant.launch.Launcher.main(Launcher.java:109)\n\n\nfailure assertion code:\nBigDecimal[] b = a.operate(new BigDecimal[] { new BigDecimal(1), new BigDecimal(1) });\n\n\nThere is a bug in the above code, please help me locate it by considering the stack trace information and failure assertion code.\n\nPlease output **only one integer**: the line number of the buggy code (The code starts from line 1). Do not provide any explanations or additional content.\n",
        "prompt_fl_4": "\nsource code:\npublic double[] operate(double[] v) throws IllegalArgumentException {\n        final int nRows = this.getRowDimension();\n        final int nCols = this.getColumnDimension();\n        if (v.length != nCols) {\n            throw new IllegalArgumentException(\"vector has wrong length\");\n        }\n        final double[] out = new double[v.length];\n        for (int row = 0; row < nRows; row++) {\n            final double[] dataRow = data[row];\n            double sum = 0;\n            for (int i = 0; i < nCols; i++) {\n                sum += dataRow[i] * v[i];\n            }\n            out[row] = sum;\n        }\n        return out;\n    }\n\nThere is a bug in the above code, please help me locate it.\n\nOutput **only** the exact buggy statement, with no line numbers, explanations, or additional content. Your response should contain just the buggy code line. Do not include ```java or ``` markers in the response.\n",
        "prompt_fl_5": "\nsource code:\npublic double[] operate(double[] v) throws IllegalArgumentException {\n        final int nRows = this.getRowDimension();\n        final int nCols = this.getColumnDimension();\n        if (v.length != nCols) {\n            throw new IllegalArgumentException(\"vector has wrong length\");\n        }\n        final double[] out = new double[v.length];\n        for (int row = 0; row < nRows; row++) {\n            final double[] dataRow = data[row];\n            double sum = 0;\n            for (int i = 0; i < nCols; i++) {\n                sum += dataRow[i] * v[i];\n            }\n            out[row] = sum;\n        }\n        return out;\n    }\n\nstack trace:\norg.apache.commons.math.linear.BigMatrixImplTest::testMath209\njava.lang.ArrayIndexOutOfBoundsException: 2\n\tat org.apache.commons.math.linear.BigMatrixImpl.operate(BigMatrixImpl.java:997)\n\tat org.apache.commons.math.linear.BigMatrixImplTest.testMath209(BigMatrixImplTest.java:446)\n\tat sun.reflect.NativeMethodAccessorImpl.invoke0(Native Method)\n\tat sun.reflect.NativeMethodAccessorImpl.invoke(NativeMethodAccessorImpl.java:62)\n\tat sun.reflect.DelegatingMethodAccessorImpl.invoke(DelegatingMethodAccessorImpl.java:43)\n\tat java.lang.reflect.Method.invoke(Method.java:498)\n\tat junit.framework.TestCase.runTest(TestCase.java:176)\n\tat junit.framework.TestCase.runBare(TestCase.java:141)\n\tat junit.framework.TestResult$1.protect(TestResult.java:122)\n\tat junit.framework.TestResult.runProtected(TestResult.java:142)\n\tat junit.framework.TestResult.run(TestResult.java:125)\n\tat junit.framework.TestCase.run(TestCase.java:129)\n\tat junit.framework.TestSuite.runTest(TestSuite.java:255)\n\tat junit.framework.TestSuite.run(TestSuite.java:250)\n\tat org.apache.tools.ant.taskdefs.optional.junit.JUnitTestRunner.run(JUnitTestRunner.java:520)\n\tat org.apache.tools.ant.taskdefs.optional.junit.JUnitTask.executeInVM(JUnitTask.java:1484)\n\tat org.apache.tools.ant.taskdefs.optional.junit.JUnitTask.execute(JUnitTask.java:872)\n\tat org.apache.tools.ant.taskdefs.optional.junit.JUnitTask.executeOrQueue(JUnitTask.java:1972)\n\tat org.apache.tools.ant.taskdefs.optional.junit.JUnitTask.execute1(JUnitTask.java:824)\n\tat org.apache.tools.ant.taskdefs.optional.junit.JUnitTask.execute(JUnitTask.java:2277)\n\tat org.apache.tools.ant.UnknownElement.execute(UnknownElement.java:291)\n\tat sun.reflect.GeneratedMethodAccessor4.invoke(Unknown Source)\n\tat sun.reflect.DelegatingMethodAccessorImpl.invoke(DelegatingMethodAccessorImpl.java:43)\n\tat java.lang.reflect.Method.invoke(Method.java:498)\n\tat org.apache.tools.ant.dispatch.DispatchUtils.execute(DispatchUtils.java:106)\n\tat org.apache.tools.ant.Task.perform(Task.java:348)\n\tat org.apache.tools.ant.Target.execute(Target.java:392)\n\tat org.apache.tools.ant.Target.performTasks(Target.java:413)\n\tat org.apache.tools.ant.Project.executeSortedTargets(Project.java:1399)\n\tat org.apache.tools.ant.Project.executeTarget(Project.java:1368)\n\tat org.apache.tools.ant.helper.DefaultExecutor.executeTargets(DefaultExecutor.java:41)\n\tat org.apache.tools.ant.Project.executeTargets(Project.java:1251)\n\tat org.apache.tools.ant.Main.runBuild(Main.java:811)\n\tat org.apache.tools.ant.Main.startAnt(Main.java:217)\n\tat org.apache.tools.ant.launch.Launcher.run(Launcher.java:280)\n\tat org.apache.tools.ant.launch.Launcher.main(Launcher.java:109)\norg.apache.commons.math.linear.RealMatrixImplTest::testMath209\njava.lang.ArrayIndexOutOfBoundsException: 2\n\tat org.apache.commons.math.linear.RealMatrixImpl.operate(RealMatrixImpl.java:786)\n\tat org.apache.commons.math.linear.RealMatrixImplTest.testMath209(RealMatrixImplTest.java:351)\n\tat sun.reflect.NativeMethodAccessorImpl.invoke0(Native Method)\n\tat sun.reflect.NativeMethodAccessorImpl.invoke(NativeMethodAccessorImpl.java:62)\n\tat sun.reflect.DelegatingMethodAccessorImpl.invoke(DelegatingMethodAccessorImpl.java:43)\n\tat java.lang.reflect.Method.invoke(Method.java:498)\n\tat junit.framework.TestCase.runTest(TestCase.java:176)\n\tat junit.framework.TestCase.runBare(TestCase.java:141)\n\tat junit.framework.TestResult$1.protect(TestResult.java:122)\n\tat junit.framework.TestResult.runProtected(TestResult.java:142)\n\tat junit.framework.TestResult.run(TestResult.java:125)\n\tat junit.framework.TestCase.run(TestCase.java:129)\n\tat junit.framework.TestSuite.runTest(TestSuite.java:255)\n\tat junit.framework.TestSuite.run(TestSuite.java:250)\n\tat org.apache.tools.ant.taskdefs.optional.junit.JUnitTestRunner.run(JUnitTestRunner.java:520)\n\tat org.apache.tools.ant.taskdefs.optional.junit.JUnitTask.executeInVM(JUnitTask.java:1484)\n\tat org.apache.tools.ant.taskdefs.optional.junit.JUnitTask.execute(JUnitTask.java:872)\n\tat org.apache.tools.ant.taskdefs.optional.junit.JUnitTask.executeOrQueue(JUnitTask.java:1972)\n\tat org.apache.tools.ant.taskdefs.optional.junit.JUnitTask.execute1(JUnitTask.java:824)\n\tat org.apache.tools.ant.taskdefs.optional.junit.JUnitTask.execute(JUnitTask.java:2277)\n\tat org.apache.tools.ant.UnknownElement.execute(UnknownElement.java:291)\n\tat sun.reflect.GeneratedMethodAccessor4.invoke(Unknown Source)\n\tat sun.reflect.DelegatingMethodAccessorImpl.invoke(DelegatingMethodAccessorImpl.java:43)\n\tat java.lang.reflect.Method.invoke(Method.java:498)\n\tat org.apache.tools.ant.dispatch.DispatchUtils.execute(DispatchUtils.java:106)\n\tat org.apache.tools.ant.Task.perform(Task.java:348)\n\tat org.apache.tools.ant.Target.execute(Target.java:392)\n\tat org.apache.tools.ant.Target.performTasks(Target.java:413)\n\tat org.apache.tools.ant.Project.executeSortedTargets(Project.java:1399)\n\tat org.apache.tools.ant.Project.executeTarget(Project.java:1368)\n\tat org.apache.tools.ant.helper.DefaultExecutor.executeTargets(DefaultExecutor.java:41)\n\tat org.apache.tools.ant.Project.executeTargets(Project.java:1251)\n\tat org.apache.tools.ant.Main.runBuild(Main.java:811)\n\tat org.apache.tools.ant.Main.startAnt(Main.java:217)\n\tat org.apache.tools.ant.launch.Launcher.run(Launcher.java:280)\n\tat org.apache.tools.ant.launch.Launcher.main(Launcher.java:109)\n\n\nThere is a bug in the above code, please help me locate it by considering the stack trace.\n\nOutput **only** the exact buggy statement, with no line numbers, explanations, or additional content. Your response should contain just the buggy code line. Do not include ```java or ``` markers in the response.\n",
        "prompt_fl_6": "\nsource code:\npublic double[] operate(double[] v) throws IllegalArgumentException {\n        final int nRows = this.getRowDimension();\n        final int nCols = this.getColumnDimension();\n        if (v.length != nCols) {\n            throw new IllegalArgumentException(\"vector has wrong length\");\n        }\n        final double[] out = new double[v.length];\n        for (int row = 0; row < nRows; row++) {\n            final double[] dataRow = data[row];\n            double sum = 0;\n            for (int i = 0; i < nCols; i++) {\n                sum += dataRow[i] * v[i];\n            }\n            out[row] = sum;\n        }\n        return out;\n    }\n\nstack trace:\norg.apache.commons.math.linear.BigMatrixImplTest::testMath209\njava.lang.ArrayIndexOutOfBoundsException: 2\n\tat org.apache.commons.math.linear.BigMatrixImpl.operate(BigMatrixImpl.java:997)\n\tat org.apache.commons.math.linear.BigMatrixImplTest.testMath209(BigMatrixImplTest.java:446)\n\tat sun.reflect.NativeMethodAccessorImpl.invoke0(Native Method)\n\tat sun.reflect.NativeMethodAccessorImpl.invoke(NativeMethodAccessorImpl.java:62)\n\tat sun.reflect.DelegatingMethodAccessorImpl.invoke(DelegatingMethodAccessorImpl.java:43)\n\tat java.lang.reflect.Method.invoke(Method.java:498)\n\tat junit.framework.TestCase.runTest(TestCase.java:176)\n\tat junit.framework.TestCase.runBare(TestCase.java:141)\n\tat junit.framework.TestResult$1.protect(TestResult.java:122)\n\tat junit.framework.TestResult.runProtected(TestResult.java:142)\n\tat junit.framework.TestResult.run(TestResult.java:125)\n\tat junit.framework.TestCase.run(TestCase.java:129)\n\tat junit.framework.TestSuite.runTest(TestSuite.java:255)\n\tat junit.framework.TestSuite.run(TestSuite.java:250)\n\tat org.apache.tools.ant.taskdefs.optional.junit.JUnitTestRunner.run(JUnitTestRunner.java:520)\n\tat org.apache.tools.ant.taskdefs.optional.junit.JUnitTask.executeInVM(JUnitTask.java:1484)\n\tat org.apache.tools.ant.taskdefs.optional.junit.JUnitTask.execute(JUnitTask.java:872)\n\tat org.apache.tools.ant.taskdefs.optional.junit.JUnitTask.executeOrQueue(JUnitTask.java:1972)\n\tat org.apache.tools.ant.taskdefs.optional.junit.JUnitTask.execute1(JUnitTask.java:824)\n\tat org.apache.tools.ant.taskdefs.optional.junit.JUnitTask.execute(JUnitTask.java:2277)\n\tat org.apache.tools.ant.UnknownElement.execute(UnknownElement.java:291)\n\tat sun.reflect.GeneratedMethodAccessor4.invoke(Unknown Source)\n\tat sun.reflect.DelegatingMethodAccessorImpl.invoke(DelegatingMethodAccessorImpl.java:43)\n\tat java.lang.reflect.Method.invoke(Method.java:498)\n\tat org.apache.tools.ant.dispatch.DispatchUtils.execute(DispatchUtils.java:106)\n\tat org.apache.tools.ant.Task.perform(Task.java:348)\n\tat org.apache.tools.ant.Target.execute(Target.java:392)\n\tat org.apache.tools.ant.Target.performTasks(Target.java:413)\n\tat org.apache.tools.ant.Project.executeSortedTargets(Project.java:1399)\n\tat org.apache.tools.ant.Project.executeTarget(Project.java:1368)\n\tat org.apache.tools.ant.helper.DefaultExecutor.executeTargets(DefaultExecutor.java:41)\n\tat org.apache.tools.ant.Project.executeTargets(Project.java:1251)\n\tat org.apache.tools.ant.Main.runBuild(Main.java:811)\n\tat org.apache.tools.ant.Main.startAnt(Main.java:217)\n\tat org.apache.tools.ant.launch.Launcher.run(Launcher.java:280)\n\tat org.apache.tools.ant.launch.Launcher.main(Launcher.java:109)\norg.apache.commons.math.linear.RealMatrixImplTest::testMath209\njava.lang.ArrayIndexOutOfBoundsException: 2\n\tat org.apache.commons.math.linear.RealMatrixImpl.operate(RealMatrixImpl.java:786)\n\tat org.apache.commons.math.linear.RealMatrixImplTest.testMath209(RealMatrixImplTest.java:351)\n\tat sun.reflect.NativeMethodAccessorImpl.invoke0(Native Method)\n\tat sun.reflect.NativeMethodAccessorImpl.invoke(NativeMethodAccessorImpl.java:62)\n\tat sun.reflect.DelegatingMethodAccessorImpl.invoke(DelegatingMethodAccessorImpl.java:43)\n\tat java.lang.reflect.Method.invoke(Method.java:498)\n\tat junit.framework.TestCase.runTest(TestCase.java:176)\n\tat junit.framework.TestCase.runBare(TestCase.java:141)\n\tat junit.framework.TestResult$1.protect(TestResult.java:122)\n\tat junit.framework.TestResult.runProtected(TestResult.java:142)\n\tat junit.framework.TestResult.run(TestResult.java:125)\n\tat junit.framework.TestCase.run(TestCase.java:129)\n\tat junit.framework.TestSuite.runTest(TestSuite.java:255)\n\tat junit.framework.TestSuite.run(TestSuite.java:250)\n\tat org.apache.tools.ant.taskdefs.optional.junit.JUnitTestRunner.run(JUnitTestRunner.java:520)\n\tat org.apache.tools.ant.taskdefs.optional.junit.JUnitTask.executeInVM(JUnitTask.java:1484)\n\tat org.apache.tools.ant.taskdefs.optional.junit.JUnitTask.execute(JUnitTask.java:872)\n\tat org.apache.tools.ant.taskdefs.optional.junit.JUnitTask.executeOrQueue(JUnitTask.java:1972)\n\tat org.apache.tools.ant.taskdefs.optional.junit.JUnitTask.execute1(JUnitTask.java:824)\n\tat org.apache.tools.ant.taskdefs.optional.junit.JUnitTask.execute(JUnitTask.java:2277)\n\tat org.apache.tools.ant.UnknownElement.execute(UnknownElement.java:291)\n\tat sun.reflect.GeneratedMethodAccessor4.invoke(Unknown Source)\n\tat sun.reflect.DelegatingMethodAccessorImpl.invoke(DelegatingMethodAccessorImpl.java:43)\n\tat java.lang.reflect.Method.invoke(Method.java:498)\n\tat org.apache.tools.ant.dispatch.DispatchUtils.execute(DispatchUtils.java:106)\n\tat org.apache.tools.ant.Task.perform(Task.java:348)\n\tat org.apache.tools.ant.Target.execute(Target.java:392)\n\tat org.apache.tools.ant.Target.performTasks(Target.java:413)\n\tat org.apache.tools.ant.Project.executeSortedTargets(Project.java:1399)\n\tat org.apache.tools.ant.Project.executeTarget(Project.java:1368)\n\tat org.apache.tools.ant.helper.DefaultExecutor.executeTargets(DefaultExecutor.java:41)\n\tat org.apache.tools.ant.Project.executeTargets(Project.java:1251)\n\tat org.apache.tools.ant.Main.runBuild(Main.java:811)\n\tat org.apache.tools.ant.Main.startAnt(Main.java:217)\n\tat org.apache.tools.ant.launch.Launcher.run(Launcher.java:280)\n\tat org.apache.tools.ant.launch.Launcher.main(Launcher.java:109)\n\n\nfailure assertion code:\nBigDecimal[] b = a.operate(new BigDecimal[] { new BigDecimal(1), new BigDecimal(1) });\n\n\nThere is a bug in the above code, please help me locate it by considering the stack trace information and failure assertion code.\n\nOutput **only** the exact buggy statement, with no line numbers, explanations, or additional content. Your response should contain just the buggy code line. Do not include ```java or ``` markers in the response.\n",
        "prompt_apr_1": "\npublic double[] operate(double[] v) throws IllegalArgumentException {\n        final int nRows = this.getRowDimension();\n        final int nCols = this.getColumnDimension();\n        if (v.length != nCols) {\n            throw new IllegalArgumentException(\"vector has wrong length\");\n        }\n        final double[] out = new double[v.length];\n        for (int row = 0; row < nRows; row++) {\n            final double[] dataRow = data[row];\n            double sum = 0;\n            for (int i = 0; i < nCols; i++) {\n                sum += dataRow[i] * v[i];\n            }\n            out[row] = sum;\n        }\n        return out;\n    }\n\nThere is a bug in line [7] of the code, please help me fix it.\n\nPlease return the **complete corrected method**. Do not skip or omit any part of the code. Do not include ```java or ``` markers in the response.\n",
        "prompt_apr_2": "\npublic double[] operate(double[] v) throws IllegalArgumentException {\n        final int nRows = this.getRowDimension();\n        final int nCols = this.getColumnDimension();\n        if (v.length != nCols) {\n            throw new IllegalArgumentException(\"vector has wrong length\");\n        }\n        final double[] out = new double[v.length];\n        for (int row = 0; row < nRows; row++) {\n            final double[] dataRow = data[row];\n            double sum = 0;\n            for (int i = 0; i < nCols; i++) {\n                sum += dataRow[i] * v[i];\n            }\n            out[row] = sum;\n        }\n        return out;\n    }\n\nThere is a bug in ['        final double[] out = new double[v.length];'] , please help me fix it. \n\nPlease return the **complete corrected method**. Do not skip or omit any part of the code. Do not include ```java or ``` markers in the response.\n",
        "prompt_apr_3": "\npublic double[] operate(double[] v) throws IllegalArgumentException {\n        final int nRows = this.getRowDimension();\n        final int nCols = this.getColumnDimension();\n        if (v.length != nCols) {\n            throw new IllegalArgumentException(\"vector has wrong length\");\n        }\n        final double[] out = new double[v.length];\n\nThere is a bug in the last statement, please help me fix it.\n\nReturn the code **only from the method declaration to the fixed statement**, without completing or adding additional code. Do not modify anything beyond fixing the bug, and do not complete the `if` statement or other unfinished parts. Do not include ```java or ``` markers in the response.\n",
        "prompt_apr_4": "\npublic double[] operate(double[] v) throws IllegalArgumentException {\n        final int nRows = this.getRowDimension();\n        final int nCols = this.getColumnDimension();\n        if (v.length != nCols) {\n            throw new IllegalArgumentException(\"vector has wrong length\");\n        }\n        final double[] out = new double[v.length];\n        for (int row = 0; row < nRows; row++) {\n            final double[] dataRow = data[row];\n            double sum = 0;\n            for (int i = 0; i < nCols; i++) {\n                sum += dataRow[i] * v[i];\n            }\n            out[row] = sum;\n        }\n        return out;\n    }\n\nThere is a bug in line [7] of the code, please help me fix it.\n\nPlease return the results in a strict JSON format as described below. Please follow these instructions carefully:\n1. Your output must include each repaired line's number (`line_number`) and the corresponding fixed code statement (`fixed_statement`).\n2. The output format must be a valid JSON array, where each element represents one repaired line, with the following structure:\n   - `\"line_number\"`: The line number of the buggy code that was repaired (integer).\n   - `\"fixed_statement\"`: The repaired statement for that specific line (string).\n\n3. The result must strictly follow this format:\n[\n    {\n        \"line_number\": int,\n        \"fixed_statement\": \"string\"\n    },\n    {\n        \"line_number\": int,\n        \"fixed_statement\": \"string\"\n    }\n]\n4. The repaired statement in \"fixed_statement\" must replace the corresponding line in the buggy code.\n5. You must NOT include any additional explanation or description in your response. Only return the JSON array. Do not include ```json or ``` markers in the response.\n",
        "prompt_apr_5": "\npublic double[] operate(double[] v) throws IllegalArgumentException {\n        final int nRows = this.getRowDimension();\n        final int nCols = this.getColumnDimension();\n        if (v.length != nCols) {\n            throw new IllegalArgumentException(\"vector has wrong length\");\n        }\n        final double[] out = new double[v.length];\n        for (int row = 0; row < nRows; row++) {\n            final double[] dataRow = data[row];\n            double sum = 0;\n            for (int i = 0; i < nCols; i++) {\n                sum += dataRow[i] * v[i];\n            }\n            out[row] = sum;\n        }\n        return out;\n    }\n\nThere is a bug in ['        final double[] out = new double[v.length];'] , please help me fix it. \n\nPlease return the results in a strict JSON format as described below. Please follow these instructions carefully:\n1. Your output must include each repaired line's number (`line_number`) and the corresponding fixed code statement (`fixed_statement`).\n2. The output format must be a valid JSON array, where each element represents one repaired line, with the following structure:\n   - `\"line_number\"`: The line number of the buggy code that was repaired (integer).\n   - `\"fixed_statement\"`: The repaired statement for that specific line (string).\n\n3. The result must strictly follow this format:\n[\n    {\n        \"line_number\": int,\n        \"fixed_statement\": \"string\"\n    },\n    {\n        \"line_number\": int,\n        \"fixed_statement\": \"string\"\n    }\n]\n4. The repaired statement in \"fixed_statement\" must replace the corresponding line in the buggy code.\n5. You must NOT include any additional explanation or description in your response. Only return the JSON array. Do not include ```json or ``` markers in the response.\n",
        "prompt_apr_6": "\npublic double[] operate(double[] v) throws IllegalArgumentException {\n        final int nRows = this.getRowDimension();\n        final int nCols = this.getColumnDimension();\n        if (v.length != nCols) {\n            throw new IllegalArgumentException(\"vector has wrong length\");\n        }\n        final double[] out = new double[v.length];\n\nThere is a bug in the last statement, please help me fix it.\n\nPlease return the results in a strict JSON format as described below. Please follow these instructions carefully:\n1. Your output must include each repaired line's number (`line_number`) and the corresponding fixed code statement (`fixed_statement`).\n2. The output format must be a valid JSON array, where each element represents one repaired line, with the following structure:\n   - `\"line_number\"`: The line number of the buggy code that was repaired (integer).\n   - `\"fixed_statement\"`: The repaired statement for that specific line (string).\n\n3. The result must strictly follow this format:\n[\n    {\n        \"line_number\": int,\n        \"fixed_statement\": \"string\"\n    },\n    {\n        \"line_number\": int,\n        \"fixed_statement\": \"string\"\n    }\n]\n4. The repaired statement in \"fixed_statement\" must replace the corresponding line in the buggy code.\n5. You must NOT include any additional explanation or description in your response. Only return the JSON array. Do not include ```json or ``` markers in the response.\n"
    }
]