{
    "overall_status": {
        "prompt_apr_1": {
            "ernie-3.5-128k": "Fail some tests",
            "qwen-turbo": "Compile failed",
            "doubao-pro-4k": "Pass all tests",
            "gpt-4o-mini": "Pass all tests",
            "deepseek-chat": "Pass all tests"
        },
        "prompt_apr_2": {
            "ernie-3.5-128k": "Compile failed",
            "qwen-turbo": "Compile failed",
            "doubao-pro-4k": "Pass all tests",
            "gpt-4o-mini": "Fail some tests",
            "deepseek-chat": "Pass all tests"
        },
        "prompt_apr_3": {
            "ernie-3.5-128k": "Compile failed",
            "qwen-turbo": "Compile failed",
            "doubao-pro-4k": "Pass all tests",
            "gpt-4o-mini": "Compile failed",
            "deepseek-chat": "Compile failed"
        },
        "prompt_apr_4": {
            "ernie-3.5-128k": "Fail some tests",
            "qwen-turbo": "Pass all tests",
            "doubao-pro-4k": "Pass all tests",
            "gpt-4o-mini": "Pass all tests",
            "deepseek-chat": "Pass all tests"
        },
        "prompt_apr_5": {
            "ernie-3.5-128k": "Compile failed",
            "qwen-turbo": "Pass all tests",
            "doubao-pro-4k": "Compile failed",
            "gpt-4o-mini": "Compile failed",
            "deepseek-chat": "Pass all tests"
        },
        "prompt_apr_6": {
            "ernie-3.5-128k": "Compile failed",
            "qwen-turbo": "Fail some tests",
            "doubao-pro-4k": "Compile failed",
            "gpt-4o-mini": "Compile failed",
            "deepseek-chat": "Pass all tests"
        }
    },
    "check_results_list": {
        "prompt_apr_1": {
            "ernie-3.5-128k": {
                "compile": {
                    "rc": 0,
                    "so": "",
                    "se": "Running ant (compile)...................................................... OK\nRunning ant (compile.tests)................................................ OK\n"
                },
                "test": {
                    "rc": 0,
                    "so": "Failing tests: 1\n  - org.apache.commons.math.util.FastMathTest::testMinMaxFloat\n",
                    "se": "Running ant (compile.tests)................................................ OK\nRunning ant (run.dev.tests)................................................ OK\n"
                }
            },
            "qwen-turbo": {
                "compile": {
                    "rc": 1,
                    "so": "",
                    "se": "Running ant (compile)...................................................... FAIL\nExecuted command:  cd /data/cmd/Ming/llm-fl-apr/tmp/Math_59-prompt_apr_1-qwen-turbo && /data/cmd/Ming/LLM_Based-Mutation/tools/mutant/defects4j-2.1.0/major/bin/ant -f /data/cmd/Ming/LLM_Based-Mutation/tools/mutant/defects4j-2.1.0/framework/projects/defects4j.build.xml -Dd4j.home=/data/cmd/Ming/LLM_Based-Mutation/tools/mutant/defects4j-2.1.0 -Dd4j.dir.projects=/data/cmd/Ming/LLM_Based-Mutation/tools/mutant/defects4j-2.1.0/framework/projects -Dbasedir=/data/cmd/Ming/llm-fl-apr/tmp/Math_59-prompt_apr_1-qwen-turbo -Dbuild.compiler=javac1.7  compile 2>&1\nJava HotSpot(TM) 64-Bit Server VM warning: ignoring option MaxPermSize=1G; support was removed in 8.0\nBuildfile: /data/cmd/Ming/LLM_Based-Mutation/tools/mutant/defects4j-2.1.0/framework/projects/defects4j.build.xml\n\ninit:\n     [echo] -------- Commons MATH 3.0-SNAPSHOT --------\n    [mkdir] Created dir: /data/cmd/Ming/llm-fl-apr/tmp/Math_59-prompt_apr_1-qwen-turbo/target\n    [mkdir] Created dir: /data/cmd/Ming/llm-fl-apr/tmp/Math_59-prompt_apr_1-qwen-turbo/target/classes\n    [mkdir] Created dir: /data/cmd/Ming/llm-fl-apr/tmp/Math_59-prompt_apr_1-qwen-turbo/target/test-classes\n    [mkdir] Created dir: /data/cmd/Ming/llm-fl-apr/tmp/Math_59-prompt_apr_1-qwen-turbo/target/classes/META-INF\n     [copy] Copying 1 file to /data/cmd/Ming/llm-fl-apr/tmp/Math_59-prompt_apr_1-qwen-turbo/target/classes/META-INF\n\ncompile:\n    [javac] /data/cmd/Ming/llm-fl-apr/tmp/Math_59-prompt_apr_1-qwen-turbo/build.xml:158: warning: 'includeantruntime' was not set, defaulting to build.sysclasspath=last; set to false for repeatable builds\n    [javac] Compiling 499 source files to /data/cmd/Ming/llm-fl-apr/tmp/Math_59-prompt_apr_1-qwen-turbo/target/classes\n    [javac] warning: [options] bootstrap class path not set in conjunction with -source 1.5\n    [javac] /data/cmd/Ming/llm-fl-apr/tmp/Math_59-prompt_apr_1-qwen-turbo/src/main/java/org/apache/commons/math/util/FastMath.java:3481: error: illegal character: \\96\n    [javac] ```java\n    [javac] ^\n    [javac] /data/cmd/Ming/llm-fl-apr/tmp/Math_59-prompt_apr_1-qwen-turbo/src/main/java/org/apache/commons/math/util/FastMath.java:3481: error: illegal character: \\96\n    [javac] ```java\n    [javac]  ^\n    [javac] /data/cmd/Ming/llm-fl-apr/tmp/Math_59-prompt_apr_1-qwen-turbo/src/main/java/org/apache/commons/math/util/FastMath.java:3481: error: illegal character: \\96\n    [javac] ```java\n    [javac]   ^\n    [javac] /data/cmd/Ming/llm-fl-apr/tmp/Math_59-prompt_apr_1-qwen-turbo/src/main/java/org/apache/commons/math/util/FastMath.java:3485: error: illegal character: \\96\n    [javac] ```\n    [javac] ^\n    [javac] /data/cmd/Ming/llm-fl-apr/tmp/Math_59-prompt_apr_1-qwen-turbo/src/main/java/org/apache/commons/math/util/FastMath.java:3485: error: illegal character: \\96\n    [javac] ```\n    [javac]  ^\n    [javac] /data/cmd/Ming/llm-fl-apr/tmp/Math_59-prompt_apr_1-qwen-turbo/src/main/java/org/apache/commons/math/util/FastMath.java:3485: error: illegal character: \\96\n    [javac] ```\n    [javac]   ^\n    [javac] 6 errors\n    [javac] 1 warning\n\nBUILD FAILED\n/data/cmd/Ming/llm-fl-apr/tmp/Math_59-prompt_apr_1-qwen-turbo/build.xml:158: Compile failed; see the compiler error output for details.\n\nTotal time: 4 seconds\nCannot compile sources! at /data/cmd/Ming/LLM_Based-Mutation/tools/mutant/defects4j-2.1.0/framework/bin/d4j/d4j-compile line 82.\nCompilation failed in require at /data/cmd/Ming/LLM_Based-Mutation/tools/mutant/defects4j-2.1.0/framework/bin/defects4j line 195.\n"
                }
            },
            "doubao-pro-4k": {
                "compile": {
                    "rc": 0,
                    "so": "",
                    "se": "Running ant (compile)...................................................... OK\nRunning ant (compile.tests)................................................ OK\n"
                },
                "test": {
                    "rc": 0,
                    "so": "Failing tests: 0\n",
                    "se": "Running ant (compile.tests)................................................ OK\nRunning ant (run.dev.tests)................................................ OK\n"
                }
            },
            "gpt-4o-mini": {
                "compile": {
                    "rc": 0,
                    "so": "",
                    "se": "Running ant (compile)...................................................... OK\nRunning ant (compile.tests)................................................ OK\n"
                },
                "test": {
                    "rc": 0,
                    "so": "Failing tests: 0\n",
                    "se": "Running ant (compile.tests)................................................ OK\nRunning ant (run.dev.tests)................................................ OK\n"
                }
            },
            "deepseek-chat": {
                "compile": {
                    "rc": 0,
                    "so": "",
                    "se": "Running ant (compile)...................................................... OK\nRunning ant (compile.tests)................................................ OK\n"
                },
                "test": {
                    "rc": 0,
                    "so": "Failing tests: 0\n",
                    "se": "Running ant (compile.tests)................................................ OK\nRunning ant (run.dev.tests)................................................ OK\n"
                }
            }
        },
        "prompt_apr_2": {
            "ernie-3.5-128k": {
                "compile": {
                    "rc": 1,
                    "so": "",
                    "se": "Running ant (compile)...................................................... FAIL\nExecuted command:  cd /data/cmd/Ming/llm-fl-apr/tmp/Math_59-prompt_apr_2-ernie-3.5-128k && /data/cmd/Ming/LLM_Based-Mutation/tools/mutant/defects4j-2.1.0/major/bin/ant -f /data/cmd/Ming/LLM_Based-Mutation/tools/mutant/defects4j-2.1.0/framework/projects/defects4j.build.xml -Dd4j.home=/data/cmd/Ming/LLM_Based-Mutation/tools/mutant/defects4j-2.1.0 -Dd4j.dir.projects=/data/cmd/Ming/LLM_Based-Mutation/tools/mutant/defects4j-2.1.0/framework/projects -Dbasedir=/data/cmd/Ming/llm-fl-apr/tmp/Math_59-prompt_apr_2-ernie-3.5-128k -Dbuild.compiler=javac1.7  compile 2>&1\nJava HotSpot(TM) 64-Bit Server VM warning: ignoring option MaxPermSize=1G; support was removed in 8.0\nBuildfile: /data/cmd/Ming/LLM_Based-Mutation/tools/mutant/defects4j-2.1.0/framework/projects/defects4j.build.xml\n\ninit:\n     [echo] -------- Commons MATH 3.0-SNAPSHOT --------\n    [mkdir] Created dir: /data/cmd/Ming/llm-fl-apr/tmp/Math_59-prompt_apr_2-ernie-3.5-128k/target\n    [mkdir] Created dir: /data/cmd/Ming/llm-fl-apr/tmp/Math_59-prompt_apr_2-ernie-3.5-128k/target/classes\n    [mkdir] Created dir: /data/cmd/Ming/llm-fl-apr/tmp/Math_59-prompt_apr_2-ernie-3.5-128k/target/test-classes\n    [mkdir] Created dir: /data/cmd/Ming/llm-fl-apr/tmp/Math_59-prompt_apr_2-ernie-3.5-128k/target/classes/META-INF\n     [copy] Copying 1 file to /data/cmd/Ming/llm-fl-apr/tmp/Math_59-prompt_apr_2-ernie-3.5-128k/target/classes/META-INF\n\ncompile:\n    [javac] /data/cmd/Ming/llm-fl-apr/tmp/Math_59-prompt_apr_2-ernie-3.5-128k/build.xml:158: warning: 'includeantruntime' was not set, defaulting to build.sysclasspath=last; set to false for repeatable builds\n    [javac] Compiling 499 source files to /data/cmd/Ming/llm-fl-apr/tmp/Math_59-prompt_apr_2-ernie-3.5-128k/target/classes\n    [javac] warning: [options] bootstrap class path not set in conjunction with -source 1.5\n    [javac] /data/cmd/Ming/llm-fl-apr/tmp/Math_59-prompt_apr_2-ernie-3.5-128k/src/main/java/org/apache/commons/math/util/FastMath.java:3481: error: <identifier> expected\n    [javac] Sure, the given method has a redundant check for `Float.isNaN(a + b)`, which is unnecessary and can lead to unexpected behavior. The purpose of the method is to return the maximum of two floats, and it should handle NaN values appropriately. If either `a` or `b` is `NaN`, the result should be `NaN` because any comparison involving `NaN` is considered `false`.\n    [javac]     ^\n    [javac] /data/cmd/Ming/llm-fl-apr/tmp/Math_59-prompt_apr_2-ernie-3.5-128k/src/main/java/org/apache/commons/math/util/FastMath.java:3481: error: ';' expected\n    [javac] Sure, the given method has a redundant check for `Float.isNaN(a + b)`, which is unnecessary and can lead to unexpected behavior. The purpose of the method is to return the maximum of two floats, and it should handle NaN values appropriately. If either `a` or `b` is `NaN`, the result should be `NaN` because any comparison involving `NaN` is considered `false`.\n    [javac]          ^\n    [javac] /data/cmd/Ming/llm-fl-apr/tmp/Math_59-prompt_apr_2-ernie-3.5-128k/src/main/java/org/apache/commons/math/util/FastMath.java:3481: error: ';' expected\n    [javac] Sure, the given method has a redundant check for `Float.isNaN(a + b)`, which is unnecessary and can lead to unexpected behavior. The purpose of the method is to return the maximum of two floats, and it should handle NaN values appropriately. If either `a` or `b` is `NaN`, the result should be `NaN` because any comparison involving `NaN` is considered `false`.\n    [javac]                       ^\n    [javac] /data/cmd/Ming/llm-fl-apr/tmp/Math_59-prompt_apr_2-ernie-3.5-128k/src/main/java/org/apache/commons/math/util/FastMath.java:3481: error: ';' expected\n    [javac] Sure, the given method has a redundant check for `Float.isNaN(a + b)`, which is unnecessary and can lead to unexpected behavior. The purpose of the method is to return the maximum of two floats, and it should handle NaN values appropriately. If either `a` or `b` is `NaN`, the result should be `NaN` because any comparison involving `NaN` is considered `false`.\n    [javac]                             ^\n    [javac] /data/cmd/Ming/llm-fl-apr/tmp/Math_59-prompt_apr_2-ernie-3.5-128k/src/main/java/org/apache/commons/math/util/FastMath.java:3481: error: ';' expected\n    [javac] Sure, the given method has a redundant check for `Float.isNaN(a + b)`, which is unnecessary and can lead to unexpected behavior. The purpose of the method is to return the maximum of two floats, and it should handle NaN values appropriately. If either `a` or `b` is `NaN`, the result should be `NaN` because any comparison involving `NaN` is considered `false`.\n    [javac]                                             ^\n    [javac] /data/cmd/Ming/llm-fl-apr/tmp/Math_59-prompt_apr_2-ernie-3.5-128k/src/main/java/org/apache/commons/math/util/FastMath.java:3481: error: illegal character: \\96\n    [javac] Sure, the given method has a redundant check for `Float.isNaN(a + b)`, which is unnecessary and can lead to unexpected behavior. The purpose of the method is to return the maximum of two floats, and it should handle NaN values appropriately. If either `a` or `b` is `NaN`, the result should be `NaN` because any comparison involving `NaN` is considered `false`.\n    [javac]                                                  ^\n    [javac] /data/cmd/Ming/llm-fl-apr/tmp/Math_59-prompt_apr_2-ernie-3.5-128k/src/main/java/org/apache/commons/math/util/FastMath.java:3481: error: <identifier> expected\n    [javac] Sure, the given method has a redundant check for `Float.isNaN(a + b)`, which is unnecessary and can lead to unexpected behavior. The purpose of the method is to return the maximum of two floats, and it should handle NaN values appropriately. If either `a` or `b` is `NaN`, the result should be `NaN` because any comparison involving `NaN` is considered `false`.\n    [javac]                                                              ^\n    [javac] /data/cmd/Ming/llm-fl-apr/tmp/Math_59-prompt_apr_2-ernie-3.5-128k/src/main/java/org/apache/commons/math/util/FastMath.java:3481: error: <identifier> expected\n    [javac] Sure, the given method has a redundant check for `Float.isNaN(a + b)`, which is unnecessary and can lead to unexpected behavior. The purpose of the method is to return the maximum of two floats, and it should handle NaN values appropriately. If either `a` or `b` is `NaN`, the result should be `NaN` because any comparison involving `NaN` is considered `false`.\n    [javac]                                                                ^\n    [javac] /data/cmd/Ming/llm-fl-apr/tmp/Math_59-prompt_apr_2-ernie-3.5-128k/src/main/java/org/apache/commons/math/util/FastMath.java:3481: error: ';' expected\n    [javac] Sure, the given method has a redundant check for `Float.isNaN(a + b)`, which is unnecessary and can lead to unexpected behavior. The purpose of the method is to return the maximum of two floats, and it should handle NaN values appropriately. If either `a` or `b` is `NaN`, the result should be `NaN` because any comparison involving `NaN` is considered `false`.\n    [javac]                                                                  ^\n    [javac] /data/cmd/Ming/llm-fl-apr/tmp/Math_59-prompt_apr_2-ernie-3.5-128k/src/main/java/org/apache/commons/math/util/FastMath.java:3481: error: illegal start of type\n    [javac] Sure, the given method has a redundant check for `Float.isNaN(a + b)`, which is unnecessary and can lead to unexpected behavior. The purpose of the method is to return the maximum of two floats, and it should handle NaN values appropriately. If either `a` or `b` is `NaN`, the result should be `NaN` because any comparison involving `NaN` is considered `false`.\n    [javac]                                                                    ^\n    [javac] /data/cmd/Ming/llm-fl-apr/tmp/Math_59-prompt_apr_2-ernie-3.5-128k/src/main/java/org/apache/commons/math/util/FastMath.java:3481: error: illegal character: \\96\n    [javac] Sure, the given method has a redundant check for `Float.isNaN(a + b)`, which is unnecessary and can lead to unexpected behavior. The purpose of the method is to return the maximum of two floats, and it should handle NaN values appropriately. If either `a` or `b` is `NaN`, the result should be `NaN` because any comparison involving `NaN` is considered `false`.\n    [javac]                                                                     ^\n    [javac] /data/cmd/Ming/llm-fl-apr/tmp/Math_59-prompt_apr_2-ernie-3.5-128k/src/main/java/org/apache/commons/math/util/FastMath.java:3481: error: ';' expected\n    [javac] Sure, the given method has a redundant check for `Float.isNaN(a + b)`, which is unnecessary and can lead to unexpected behavior. The purpose of the method is to return the maximum of two floats, and it should handle NaN values appropriately. If either `a` or `b` is `NaN`, the result should be `NaN` because any comparison involving `NaN` is considered `false`.\n    [javac]                                                                             ^\n    [javac] /data/cmd/Ming/llm-fl-apr/tmp/Math_59-prompt_apr_2-ernie-3.5-128k/src/main/java/org/apache/commons/math/util/FastMath.java:3481: error: ';' expected\n    [javac] Sure, the given method has a redundant check for `Float.isNaN(a + b)`, which is unnecessary and can lead to unexpected behavior. The purpose of the method is to return the maximum of two floats, and it should handle NaN values appropriately. If either `a` or `b` is `NaN`, the result should be `NaN` because any comparison involving `NaN` is considered `false`.\n    [javac]                                                                                            ^\n    [javac] /data/cmd/Ming/llm-fl-apr/tmp/Math_59-prompt_apr_2-ernie-3.5-128k/src/main/java/org/apache/commons/math/util/FastMath.java:3481: error: ';' expected\n    [javac] Sure, the given method has a redundant check for `Float.isNaN(a + b)`, which is unnecessary and can lead to unexpected behavior. The purpose of the method is to return the maximum of two floats, and it should handle NaN values appropriately. If either `a` or `b` is `NaN`, the result should be `NaN` because any comparison involving `NaN` is considered `false`.\n    [javac]                                                                                                    ^\n    [javac] /data/cmd/Ming/llm-fl-apr/tmp/Math_59-prompt_apr_2-ernie-3.5-128k/src/main/java/org/apache/commons/math/util/FastMath.java:3481: error: ';' expected\n    [javac] Sure, the given method has a redundant check for `Float.isNaN(a + b)`, which is unnecessary and can lead to unexpected behavior. The purpose of the method is to return the maximum of two floats, and it should handle NaN values appropriately. If either `a` or `b` is `NaN`, the result should be `NaN` because any comparison involving `NaN` is considered `false`.\n    [javac]                                                                                                            ^\n    [javac] /data/cmd/Ming/llm-fl-apr/tmp/Math_59-prompt_apr_2-ernie-3.5-128k/src/main/java/org/apache/commons/math/util/FastMath.java:3481: error: ';' expected\n    [javac] Sure, the given method has a redundant check for `Float.isNaN(a + b)`, which is unnecessary and can lead to unexpected behavior. The purpose of the method is to return the maximum of two floats, and it should handle NaN values appropriately. If either `a` or `b` is `NaN`, the result should be `NaN` because any comparison involving `NaN` is considered `false`.\n    [javac]                                                                                                                                ^\n    [javac] /data/cmd/Ming/llm-fl-apr/tmp/Math_59-prompt_apr_2-ernie-3.5-128k/src/main/java/org/apache/commons/math/util/FastMath.java:3481: error: ';' expected\n    [javac] Sure, the given method has a redundant check for `Float.isNaN(a + b)`, which is unnecessary and can lead to unexpected behavior. The purpose of the method is to return the maximum of two floats, and it should handle NaN values appropriately. If either `a` or `b` is `NaN`, the result should be `NaN` because any comparison involving `NaN` is considered `false`.\n    [javac]                                                                                                                                             ^\n    [javac] /data/cmd/Ming/llm-fl-apr/tmp/Math_59-prompt_apr_2-ernie-3.5-128k/src/main/java/org/apache/commons/math/util/FastMath.java:3481: error: ';' expected\n    [javac] Sure, the given method has a redundant check for `Float.isNaN(a + b)`, which is unnecessary and can lead to unexpected behavior. The purpose of the method is to return the maximum of two floats, and it should handle NaN values appropriately. If either `a` or `b` is `NaN`, the result should be `NaN` because any comparison involving `NaN` is considered `false`.\n    [javac]                                                                                                                                                    ^\n    [javac] /data/cmd/Ming/llm-fl-apr/tmp/Math_59-prompt_apr_2-ernie-3.5-128k/src/main/java/org/apache/commons/math/util/FastMath.java:3481: error: ';' expected\n    [javac] Sure, the given method has a redundant check for `Float.isNaN(a + b)`, which is unnecessary and can lead to unexpected behavior. The purpose of the method is to return the maximum of two floats, and it should handle NaN values appropriately. If either `a` or `b` is `NaN`, the result should be `NaN` because any comparison involving `NaN` is considered `false`.\n    [javac]                                                                                                                                                              ^\n    [javac] /data/cmd/Ming/llm-fl-apr/tmp/Math_59-prompt_apr_2-ernie-3.5-128k/src/main/java/org/apache/commons/math/util/FastMath.java:3481: error: <identifier> expected\n    [javac] Sure, the given method has a redundant check for `Float.isNaN(a + b)`, which is unnecessary and can lead to unexpected behavior. The purpose of the method is to return the maximum of two floats, and it should handle NaN values appropriately. If either `a` or `b` is `NaN`, the result should be `NaN` because any comparison involving `NaN` is considered `false`.\n    [javac]                                                                                                                                                                 ^\n    [javac] /data/cmd/Ming/llm-fl-apr/tmp/Math_59-prompt_apr_2-ernie-3.5-128k/src/main/java/org/apache/commons/math/util/FastMath.java:3481: error: ';' expected\n    [javac] Sure, the given method has a redundant check for `Float.isNaN(a + b)`, which is unnecessary and can lead to unexpected behavior. The purpose of the method is to return the maximum of two floats, and it should handle NaN values appropriately. If either `a` or `b` is `NaN`, the result should be `NaN` because any comparison involving `NaN` is considered `false`.\n    [javac]                                                                                                                                                                                    ^\n    [javac] /data/cmd/Ming/llm-fl-apr/tmp/Math_59-prompt_apr_2-ernie-3.5-128k/src/main/java/org/apache/commons/math/util/FastMath.java:3481: error: ';' expected\n    [javac] Sure, the given method has a redundant check for `Float.isNaN(a + b)`, which is unnecessary and can lead to unexpected behavior. The purpose of the method is to return the maximum of two floats, and it should handle NaN values appropriately. If either `a` or `b` is `NaN`, the result should be `NaN` because any comparison involving `NaN` is considered `false`.\n    [javac]                                                                                                                                                                                           ^\n    [javac] /data/cmd/Ming/llm-fl-apr/tmp/Math_59-prompt_apr_2-ernie-3.5-128k/src/main/java/org/apache/commons/math/util/FastMath.java:3481: error: <identifier> expected\n    [javac] Sure, the given method has a redundant check for `Float.isNaN(a + b)`, which is unnecessary and can lead to unexpected behavior. The purpose of the method is to return the maximum of two floats, and it should handle NaN values appropriately. If either `a` or `b` is `NaN`, the result should be `NaN` because any comparison involving `NaN` is considered `false`.\n    [javac]                                                                                                                                                                                                  ^\n    [javac] /data/cmd/Ming/llm-fl-apr/tmp/Math_59-prompt_apr_2-ernie-3.5-128k/src/main/java/org/apache/commons/math/util/FastMath.java:3481: error: ';' expected\n    [javac] Sure, the given method has a redundant check for `Float.isNaN(a + b)`, which is unnecessary and can lead to unexpected behavior. The purpose of the method is to return the maximum of two floats, and it should handle NaN values appropriately. If either `a` or `b` is `NaN`, the result should be `NaN` because any comparison involving `NaN` is considered `false`.\n    [javac]                                                                                                                                                                                                       ^\n    [javac] /data/cmd/Ming/llm-fl-apr/tmp/Math_59-prompt_apr_2-ernie-3.5-128k/src/main/java/org/apache/commons/math/util/FastMath.java:3481: error: ';' expected\n    [javac] Sure, the given method has a redundant check for `Float.isNaN(a + b)`, which is unnecessary and can lead to unexpected behavior. The purpose of the method is to return the maximum of two floats, and it should handle NaN values appropriately. If either `a` or `b` is `NaN`, the result should be `NaN` because any comparison involving `NaN` is considered `false`.\n    [javac]                                                                                                                                                                                                                 ^\n    [javac] /data/cmd/Ming/llm-fl-apr/tmp/Math_59-prompt_apr_2-ernie-3.5-128k/src/main/java/org/apache/commons/math/util/FastMath.java:3481: error: ';' expected\n    [javac] Sure, the given method has a redundant check for `Float.isNaN(a + b)`, which is unnecessary and can lead to unexpected behavior. The purpose of the method is to return the maximum of two floats, and it should handle NaN values appropriately. If either `a` or `b` is `NaN`, the result should be `NaN` because any comparison involving `NaN` is considered `false`.\n    [javac]                                                                                                                                                                                                                            ^\n    [javac] /data/cmd/Ming/llm-fl-apr/tmp/Math_59-prompt_apr_2-ernie-3.5-128k/src/main/java/org/apache/commons/math/util/FastMath.java:3481: error: ';' expected\n    [javac] Sure, the given method has a redundant check for `Float.isNaN(a + b)`, which is unnecessary and can lead to unexpected behavior. The purpose of the method is to return the maximum of two floats, and it should handle NaN values appropriately. If either `a` or `b` is `NaN`, the result should be `NaN` because any comparison involving `NaN` is considered `false`.\n    [javac]                                                                                                                                                                                                                                                 ^\n    [javac] /data/cmd/Ming/llm-fl-apr/tmp/Math_59-prompt_apr_2-ernie-3.5-128k/src/main/java/org/apache/commons/math/util/FastMath.java:3481: error: illegal character: \\96\n    [javac] Sure, the given method has a redundant check for `Float.isNaN(a + b)`, which is unnecessary and can lead to unexpected behavior. The purpose of the method is to return the maximum of two floats, and it should handle NaN values appropriately. If either `a` or `b` is `NaN`, the result should be `NaN` because any comparison involving `NaN` is considered `false`.\n    [javac]                                                                                                                                                                                                                                                             ^\n    [javac] /data/cmd/Ming/llm-fl-apr/tmp/Math_59-prompt_apr_2-ernie-3.5-128k/src/main/java/org/apache/commons/math/util/FastMath.java:3481: error: illegal character: \\96\n    [javac] Sure, the given method has a redundant check for `Float.isNaN(a + b)`, which is unnecessary and can lead to unexpected behavior. The purpose of the method is to return the maximum of two floats, and it should handle NaN values appropriately. If either `a` or `b` is `NaN`, the result should be `NaN` because any comparison involving `NaN` is considered `false`.\n    [javac]                                                                                                                                                                                                                                                               ^\n    [javac] /data/cmd/Ming/llm-fl-apr/tmp/Math_59-prompt_apr_2-ernie-3.5-128k/src/main/java/org/apache/commons/math/util/FastMath.java:3481: error: illegal character: \\96\n    [javac] Sure, the given method has a redundant check for `Float.isNaN(a + b)`, which is unnecessary and can lead to unexpected behavior. The purpose of the method is to return the maximum of two floats, and it should handle NaN values appropriately. If either `a` or `b` is `NaN`, the result should be `NaN` because any comparison involving `NaN` is considered `false`.\n    [javac]                                                                                                                                                                                                                                                                    ^\n    [javac] /data/cmd/Ming/llm-fl-apr/tmp/Math_59-prompt_apr_2-ernie-3.5-128k/src/main/java/org/apache/commons/math/util/FastMath.java:3481: error: illegal character: \\96\n    [javac] Sure, the given method has a redundant check for `Float.isNaN(a + b)`, which is unnecessary and can lead to unexpected behavior. The purpose of the method is to return the maximum of two floats, and it should handle NaN values appropriately. If either `a` or `b` is `NaN`, the result should be `NaN` because any comparison involving `NaN` is considered `false`.\n    [javac]                                                                                                                                                                                                                                                                      ^\n    [javac] /data/cmd/Ming/llm-fl-apr/tmp/Math_59-prompt_apr_2-ernie-3.5-128k/src/main/java/org/apache/commons/math/util/FastMath.java:3481: error: illegal character: \\96\n    [javac] Sure, the given method has a redundant check for `Float.isNaN(a + b)`, which is unnecessary and can lead to unexpected behavior. The purpose of the method is to return the maximum of two floats, and it should handle NaN values appropriately. If either `a` or `b` is `NaN`, the result should be `NaN` because any comparison involving `NaN` is considered `false`.\n    [javac]                                                                                                                                                                                                                                                                           ^\n    [javac] /data/cmd/Ming/llm-fl-apr/tmp/Math_59-prompt_apr_2-ernie-3.5-128k/src/main/java/org/apache/commons/math/util/FastMath.java:3481: error: illegal character: \\96\n    [javac] Sure, the given method has a redundant check for `Float.isNaN(a + b)`, which is unnecessary and can lead to unexpected behavior. The purpose of the method is to return the maximum of two floats, and it should handle NaN values appropriately. If either `a` or `b` is `NaN`, the result should be `NaN` because any comparison involving `NaN` is considered `false`.\n    [javac]                                                                                                                                                                                                                                                                               ^\n    [javac] /data/cmd/Ming/llm-fl-apr/tmp/Math_59-prompt_apr_2-ernie-3.5-128k/src/main/java/org/apache/commons/math/util/FastMath.java:3481: error: illegal start of type\n    [javac] Sure, the given method has a redundant check for `Float.isNaN(a + b)`, which is unnecessary and can lead to unexpected behavior. The purpose of the method is to return the maximum of two floats, and it should handle NaN values appropriately. If either `a` or `b` is `NaN`, the result should be `NaN` because any comparison involving `NaN` is considered `false`.\n    [javac]                                                                                                                                                                                                                                                                                ^\n    [javac] /data/cmd/Ming/llm-fl-apr/tmp/Math_59-prompt_apr_2-ernie-3.5-128k/src/main/java/org/apache/commons/math/util/FastMath.java:3481: error: ';' expected\n    [javac] Sure, the given method has a redundant check for `Float.isNaN(a + b)`, which is unnecessary and can lead to unexpected behavior. The purpose of the method is to return the maximum of two floats, and it should handle NaN values appropriately. If either `a` or `b` is `NaN`, the result should be `NaN` because any comparison involving `NaN` is considered `false`.\n    [javac]                                                                                                                                                                                                                                                                                     ^\n    [javac] /data/cmd/Ming/llm-fl-apr/tmp/Math_59-prompt_apr_2-ernie-3.5-128k/src/main/java/org/apache/commons/math/util/FastMath.java:3481: error: ';' expected\n    [javac] Sure, the given method has a redundant check for `Float.isNaN(a + b)`, which is unnecessary and can lead to unexpected behavior. The purpose of the method is to return the maximum of two floats, and it should handle NaN values appropriately. If either `a` or `b` is `NaN`, the result should be `NaN` because any comparison involving `NaN` is considered `false`.\n    [javac]                                                                                                                                                                                                                                                                                                   ^\n    [javac] /data/cmd/Ming/llm-fl-apr/tmp/Math_59-prompt_apr_2-ernie-3.5-128k/src/main/java/org/apache/commons/math/util/FastMath.java:3481: error: illegal character: \\96\n    [javac] Sure, the given method has a redundant check for `Float.isNaN(a + b)`, which is unnecessary and can lead to unexpected behavior. The purpose of the method is to return the maximum of two floats, and it should handle NaN values appropriately. If either `a` or `b` is `NaN`, the result should be `NaN` because any comparison involving `NaN` is considered `false`.\n    [javac]                                                                                                                                                                                                                                                                                                       ^\n    [javac] /data/cmd/Ming/llm-fl-apr/tmp/Math_59-prompt_apr_2-ernie-3.5-128k/src/main/java/org/apache/commons/math/util/FastMath.java:3481: error: illegal character: \\96\n    [javac] Sure, the given method has a redundant check for `Float.isNaN(a + b)`, which is unnecessary and can lead to unexpected behavior. The purpose of the method is to return the maximum of two floats, and it should handle NaN values appropriately. If either `a` or `b` is `NaN`, the result should be `NaN` because any comparison involving `NaN` is considered `false`.\n    [javac]                                                                                                                                                                                                                                                                                                           ^\n    [javac] /data/cmd/Ming/llm-fl-apr/tmp/Math_59-prompt_apr_2-ernie-3.5-128k/src/main/java/org/apache/commons/math/util/FastMath.java:3481: error: ';' expected\n    [javac] Sure, the given method has a redundant check for `Float.isNaN(a + b)`, which is unnecessary and can lead to unexpected behavior. The purpose of the method is to return the maximum of two floats, and it should handle NaN values appropriately. If either `a` or `b` is `NaN`, the result should be `NaN` because any comparison involving `NaN` is considered `false`.\n    [javac]                                                                                                                                                                                                                                                                                                                        ^\n    [javac] /data/cmd/Ming/llm-fl-apr/tmp/Math_59-prompt_apr_2-ernie-3.5-128k/src/main/java/org/apache/commons/math/util/FastMath.java:3481: error: illegal character: \\96\n    [javac] Sure, the given method has a redundant check for `Float.isNaN(a + b)`, which is unnecessary and can lead to unexpected behavior. The purpose of the method is to return the maximum of two floats, and it should handle NaN values appropriately. If either `a` or `b` is `NaN`, the result should be `NaN` because any comparison involving `NaN` is considered `false`.\n    [javac]                                                                                                                                                                                                                                                                                                                                              ^\n    [javac] /data/cmd/Ming/llm-fl-apr/tmp/Math_59-prompt_apr_2-ernie-3.5-128k/src/main/java/org/apache/commons/math/util/FastMath.java:3481: error: illegal character: \\96\n    [javac] Sure, the given method has a redundant check for `Float.isNaN(a + b)`, which is unnecessary and can lead to unexpected behavior. The purpose of the method is to return the maximum of two floats, and it should handle NaN values appropriately. If either `a` or `b` is `NaN`, the result should be `NaN` because any comparison involving `NaN` is considered `false`.\n    [javac]                                                                                                                                                                                                                                                                                                                                                  ^\n    [javac] /data/cmd/Ming/llm-fl-apr/tmp/Math_59-prompt_apr_2-ernie-3.5-128k/src/main/java/org/apache/commons/math/util/FastMath.java:3481: error: illegal character: \\96\n    [javac] Sure, the given method has a redundant check for `Float.isNaN(a + b)`, which is unnecessary and can lead to unexpected behavior. The purpose of the method is to return the maximum of two floats, and it should handle NaN values appropriately. If either `a` or `b` is `NaN`, the result should be `NaN` because any comparison involving `NaN` is considered `false`.\n    [javac]                                                                                                                                                                                                                                                                                                                                                                  ^\n    [javac] /data/cmd/Ming/llm-fl-apr/tmp/Math_59-prompt_apr_2-ernie-3.5-128k/src/main/java/org/apache/commons/math/util/FastMath.java:3481: error: illegal character: \\96\n    [javac] Sure, the given method has a redundant check for `Float.isNaN(a + b)`, which is unnecessary and can lead to unexpected behavior. The purpose of the method is to return the maximum of two floats, and it should handle NaN values appropriately. If either `a` or `b` is `NaN`, the result should be `NaN` because any comparison involving `NaN` is considered `false`.\n    [javac]                                                                                                                                                                                                                                                                                                                                                                        ^\n    [javac] /data/cmd/Ming/llm-fl-apr/tmp/Math_59-prompt_apr_2-ernie-3.5-128k/src/main/java/org/apache/commons/math/util/FastMath.java:3483: error: ';' expected\n    [javac] Here is the corrected method:\n    [javac]        ^\n    [javac] /data/cmd/Ming/llm-fl-apr/tmp/Math_59-prompt_apr_2-ernie-3.5-128k/src/main/java/org/apache/commons/math/util/FastMath.java:3483: error: ';' expected\n    [javac] Here is the corrected method:\n    [javac]                      ^\n    [javac] /data/cmd/Ming/llm-fl-apr/tmp/Math_59-prompt_apr_2-ernie-3.5-128k/src/main/java/org/apache/commons/math/util/FastMath.java:3483: error: <identifier> expected\n    [javac] Here is the corrected method:\n    [javac]                             ^\n    [javac] 46 errors\n    [javac] 1 warning\n\nBUILD FAILED\n/data/cmd/Ming/llm-fl-apr/tmp/Math_59-prompt_apr_2-ernie-3.5-128k/build.xml:158: Compile failed; see the compiler error output for details.\n\nTotal time: 4 seconds\nCannot compile sources! at /data/cmd/Ming/LLM_Based-Mutation/tools/mutant/defects4j-2.1.0/framework/bin/d4j/d4j-compile line 82.\nCompilation failed in require at /data/cmd/Ming/LLM_Based-Mutation/tools/mutant/defects4j-2.1.0/framework/bin/defects4j line 195.\n"
                }
            },
            "qwen-turbo": {
                "compile": {
                    "rc": 1,
                    "so": "",
                    "se": "Running ant (compile)...................................................... FAIL\nExecuted command:  cd /data/cmd/Ming/llm-fl-apr/tmp/Math_59-prompt_apr_2-qwen-turbo && /data/cmd/Ming/LLM_Based-Mutation/tools/mutant/defects4j-2.1.0/major/bin/ant -f /data/cmd/Ming/LLM_Based-Mutation/tools/mutant/defects4j-2.1.0/framework/projects/defects4j.build.xml -Dd4j.home=/data/cmd/Ming/LLM_Based-Mutation/tools/mutant/defects4j-2.1.0 -Dd4j.dir.projects=/data/cmd/Ming/LLM_Based-Mutation/tools/mutant/defects4j-2.1.0/framework/projects -Dbasedir=/data/cmd/Ming/llm-fl-apr/tmp/Math_59-prompt_apr_2-qwen-turbo -Dbuild.compiler=javac1.7  compile 2>&1\nJava HotSpot(TM) 64-Bit Server VM warning: ignoring option MaxPermSize=1G; support was removed in 8.0\nBuildfile: /data/cmd/Ming/LLM_Based-Mutation/tools/mutant/defects4j-2.1.0/framework/projects/defects4j.build.xml\n\ninit:\n     [echo] -------- Commons MATH 3.0-SNAPSHOT --------\n    [mkdir] Created dir: /data/cmd/Ming/llm-fl-apr/tmp/Math_59-prompt_apr_2-qwen-turbo/target\n    [mkdir] Created dir: /data/cmd/Ming/llm-fl-apr/tmp/Math_59-prompt_apr_2-qwen-turbo/target/classes\n    [mkdir] Created dir: /data/cmd/Ming/llm-fl-apr/tmp/Math_59-prompt_apr_2-qwen-turbo/target/test-classes\n    [mkdir] Created dir: /data/cmd/Ming/llm-fl-apr/tmp/Math_59-prompt_apr_2-qwen-turbo/target/classes/META-INF\n     [copy] Copying 1 file to /data/cmd/Ming/llm-fl-apr/tmp/Math_59-prompt_apr_2-qwen-turbo/target/classes/META-INF\n\ncompile:\n    [javac] /data/cmd/Ming/llm-fl-apr/tmp/Math_59-prompt_apr_2-qwen-turbo/build.xml:158: warning: 'includeantruntime' was not set, defaulting to build.sysclasspath=last; set to false for repeatable builds\n    [javac] Compiling 499 source files to /data/cmd/Ming/llm-fl-apr/tmp/Math_59-prompt_apr_2-qwen-turbo/target/classes\n    [javac] warning: [options] bootstrap class path not set in conjunction with -source 1.5\n    [javac] /data/cmd/Ming/llm-fl-apr/tmp/Math_59-prompt_apr_2-qwen-turbo/src/main/java/org/apache/commons/math/util/FastMath.java:3481: error: illegal character: \\96\n    [javac] ```java\n    [javac] ^\n    [javac] /data/cmd/Ming/llm-fl-apr/tmp/Math_59-prompt_apr_2-qwen-turbo/src/main/java/org/apache/commons/math/util/FastMath.java:3481: error: illegal character: \\96\n    [javac] ```java\n    [javac]  ^\n    [javac] /data/cmd/Ming/llm-fl-apr/tmp/Math_59-prompt_apr_2-qwen-turbo/src/main/java/org/apache/commons/math/util/FastMath.java:3481: error: illegal character: \\96\n    [javac] ```java\n    [javac]   ^\n    [javac] /data/cmd/Ming/llm-fl-apr/tmp/Math_59-prompt_apr_2-qwen-turbo/src/main/java/org/apache/commons/math/util/FastMath.java:3485: error: illegal character: \\96\n    [javac] ```\n    [javac] ^\n    [javac] /data/cmd/Ming/llm-fl-apr/tmp/Math_59-prompt_apr_2-qwen-turbo/src/main/java/org/apache/commons/math/util/FastMath.java:3485: error: illegal character: \\96\n    [javac] ```\n    [javac]  ^\n    [javac] /data/cmd/Ming/llm-fl-apr/tmp/Math_59-prompt_apr_2-qwen-turbo/src/main/java/org/apache/commons/math/util/FastMath.java:3485: error: illegal character: \\96\n    [javac] ```\n    [javac]   ^\n    [javac] 6 errors\n    [javac] 1 warning\n\nBUILD FAILED\n/data/cmd/Ming/llm-fl-apr/tmp/Math_59-prompt_apr_2-qwen-turbo/build.xml:158: Compile failed; see the compiler error output for details.\n\nTotal time: 3 seconds\nCannot compile sources! at /data/cmd/Ming/LLM_Based-Mutation/tools/mutant/defects4j-2.1.0/framework/bin/d4j/d4j-compile line 82.\nCompilation failed in require at /data/cmd/Ming/LLM_Based-Mutation/tools/mutant/defects4j-2.1.0/framework/bin/defects4j line 195.\n"
                }
            },
            "doubao-pro-4k": {
                "compile": {
                    "rc": 0,
                    "so": "",
                    "se": "Running ant (compile)...................................................... OK\nRunning ant (compile.tests)................................................ OK\n"
                },
                "test": {
                    "rc": 0,
                    "so": "Failing tests: 0\n",
                    "se": "Running ant (compile.tests)................................................ OK\nRunning ant (run.dev.tests)................................................ OK\n"
                }
            },
            "gpt-4o-mini": {
                "compile": {
                    "rc": 0,
                    "so": "",
                    "se": "Running ant (compile)...................................................... OK\nRunning ant (compile.tests)................................................ OK\n"
                },
                "test": {
                    "rc": 0,
                    "so": "Failing tests: 1\n  - org.apache.commons.math.distribution.FDistributionTest::testSampling\n",
                    "se": "Running ant (compile.tests)................................................ OK\nRunning ant (run.dev.tests)................................................ OK\n"
                }
            },
            "deepseek-chat": {
                "compile": {
                    "rc": 0,
                    "so": "",
                    "se": "Running ant (compile)...................................................... OK\nRunning ant (compile.tests)................................................ OK\n"
                },
                "test": {
                    "rc": 0,
                    "so": "Failing tests: 0\n",
                    "se": "Running ant (compile.tests)................................................ OK\nRunning ant (run.dev.tests)................................................ OK\n"
                }
            }
        },
        "prompt_apr_3": {
            "ernie-3.5-128k": {
                "compile": {
                    "rc": 1,
                    "so": "",
                    "se": "Running ant (compile)...................................................... FAIL\nExecuted command:  cd /data/cmd/Ming/llm-fl-apr/tmp/Math_59-prompt_apr_3-ernie-3.5-128k && /data/cmd/Ming/LLM_Based-Mutation/tools/mutant/defects4j-2.1.0/major/bin/ant -f /data/cmd/Ming/LLM_Based-Mutation/tools/mutant/defects4j-2.1.0/framework/projects/defects4j.build.xml -Dd4j.home=/data/cmd/Ming/LLM_Based-Mutation/tools/mutant/defects4j-2.1.0 -Dd4j.dir.projects=/data/cmd/Ming/LLM_Based-Mutation/tools/mutant/defects4j-2.1.0/framework/projects -Dbasedir=/data/cmd/Ming/llm-fl-apr/tmp/Math_59-prompt_apr_3-ernie-3.5-128k -Dbuild.compiler=javac1.7  compile 2>&1\nJava HotSpot(TM) 64-Bit Server VM warning: ignoring option MaxPermSize=1G; support was removed in 8.0\nBuildfile: /data/cmd/Ming/LLM_Based-Mutation/tools/mutant/defects4j-2.1.0/framework/projects/defects4j.build.xml\n\ninit:\n     [echo] -------- Commons MATH 3.0-SNAPSHOT --------\n    [mkdir] Created dir: /data/cmd/Ming/llm-fl-apr/tmp/Math_59-prompt_apr_3-ernie-3.5-128k/target\n    [mkdir] Created dir: /data/cmd/Ming/llm-fl-apr/tmp/Math_59-prompt_apr_3-ernie-3.5-128k/target/classes\n    [mkdir] Created dir: /data/cmd/Ming/llm-fl-apr/tmp/Math_59-prompt_apr_3-ernie-3.5-128k/target/test-classes\n    [mkdir] Created dir: /data/cmd/Ming/llm-fl-apr/tmp/Math_59-prompt_apr_3-ernie-3.5-128k/target/classes/META-INF\n     [copy] Copying 1 file to /data/cmd/Ming/llm-fl-apr/tmp/Math_59-prompt_apr_3-ernie-3.5-128k/target/classes/META-INF\n\ncompile:\n    [javac] /data/cmd/Ming/llm-fl-apr/tmp/Math_59-prompt_apr_3-ernie-3.5-128k/build.xml:158: warning: 'includeantruntime' was not set, defaulting to build.sysclasspath=last; set to false for repeatable builds\n    [javac] Compiling 499 source files to /data/cmd/Ming/llm-fl-apr/tmp/Math_59-prompt_apr_3-ernie-3.5-128k/target/classes\n    [javac] warning: [options] bootstrap class path not set in conjunction with -source 1.5\n    [javac] /data/cmd/Ming/llm-fl-apr/tmp/Math_59-prompt_apr_3-ernie-3.5-128k/src/main/java/org/apache/commons/math/util/FastMath.java:3488: error: illegal start of expression\n    [javac]     public static double max(final double a, final double b) {\n    [javac]     ^\n    [javac] /data/cmd/Ming/llm-fl-apr/tmp/Math_59-prompt_apr_3-ernie-3.5-128k/src/main/java/org/apache/commons/math/util/FastMath.java:3488: error: illegal start of expression\n    [javac]     public static double max(final double a, final double b) {\n    [javac]            ^\n    [javac] /data/cmd/Ming/llm-fl-apr/tmp/Math_59-prompt_apr_3-ernie-3.5-128k/src/main/java/org/apache/commons/math/util/FastMath.java:3488: error: ';' expected\n    [javac]     public static double max(final double a, final double b) {\n    [javac]                  ^\n    [javac] /data/cmd/Ming/llm-fl-apr/tmp/Math_59-prompt_apr_3-ernie-3.5-128k/src/main/java/org/apache/commons/math/util/FastMath.java:3488: error: illegal start of expression\n    [javac]     public static double max(final double a, final double b) {\n    [javac]                              ^\n    [javac] /data/cmd/Ming/llm-fl-apr/tmp/Math_59-prompt_apr_3-ernie-3.5-128k/src/main/java/org/apache/commons/math/util/FastMath.java:3488: error: ';' expected\n    [javac]     public static double max(final double a, final double b) {\n    [javac]                                   ^\n    [javac] /data/cmd/Ming/llm-fl-apr/tmp/Math_59-prompt_apr_3-ernie-3.5-128k/src/main/java/org/apache/commons/math/util/FastMath.java:3488: error: not a statement\n    [javac]     public static double max(final double a, final double b) {\n    [javac]                                           ^\n    [javac] /data/cmd/Ming/llm-fl-apr/tmp/Math_59-prompt_apr_3-ernie-3.5-128k/src/main/java/org/apache/commons/math/util/FastMath.java:3488: error: ';' expected\n    [javac]     public static double max(final double a, final double b) {\n    [javac]                                            ^\n    [javac] /data/cmd/Ming/llm-fl-apr/tmp/Math_59-prompt_apr_3-ernie-3.5-128k/src/main/java/org/apache/commons/math/util/FastMath.java:3488: error: ';' expected\n    [javac]     public static double max(final double a, final double b) {\n    [javac]                                                            ^\n    [javac] /data/cmd/Ming/llm-fl-apr/tmp/Math_59-prompt_apr_3-ernie-3.5-128k/src/main/java/org/apache/commons/math/util/FastMath.java:3492: error: reached end of file while parsing\n    [javac] }\n    [javac]  ^\n    [javac] 9 errors\n    [javac] 1 warning\n\nBUILD FAILED\n/data/cmd/Ming/llm-fl-apr/tmp/Math_59-prompt_apr_3-ernie-3.5-128k/build.xml:158: Compile failed; see the compiler error output for details.\n\nTotal time: 4 seconds\nCannot compile sources! at /data/cmd/Ming/LLM_Based-Mutation/tools/mutant/defects4j-2.1.0/framework/bin/d4j/d4j-compile line 82.\nCompilation failed in require at /data/cmd/Ming/LLM_Based-Mutation/tools/mutant/defects4j-2.1.0/framework/bin/defects4j line 195.\n"
                }
            },
            "qwen-turbo": {
                "compile": {
                    "rc": 1,
                    "so": "",
                    "se": "Running ant (compile)...................................................... FAIL\nExecuted command:  cd /data/cmd/Ming/llm-fl-apr/tmp/Math_59-prompt_apr_3-qwen-turbo && /data/cmd/Ming/LLM_Based-Mutation/tools/mutant/defects4j-2.1.0/major/bin/ant -f /data/cmd/Ming/LLM_Based-Mutation/tools/mutant/defects4j-2.1.0/framework/projects/defects4j.build.xml -Dd4j.home=/data/cmd/Ming/LLM_Based-Mutation/tools/mutant/defects4j-2.1.0 -Dd4j.dir.projects=/data/cmd/Ming/LLM_Based-Mutation/tools/mutant/defects4j-2.1.0/framework/projects -Dbasedir=/data/cmd/Ming/llm-fl-apr/tmp/Math_59-prompt_apr_3-qwen-turbo -Dbuild.compiler=javac1.7  compile 2>&1\nJava HotSpot(TM) 64-Bit Server VM warning: ignoring option MaxPermSize=1G; support was removed in 8.0\nBuildfile: /data/cmd/Ming/LLM_Based-Mutation/tools/mutant/defects4j-2.1.0/framework/projects/defects4j.build.xml\n\ninit:\n     [echo] -------- Commons MATH 3.0-SNAPSHOT --------\n    [mkdir] Created dir: /data/cmd/Ming/llm-fl-apr/tmp/Math_59-prompt_apr_3-qwen-turbo/target\n    [mkdir] Created dir: /data/cmd/Ming/llm-fl-apr/tmp/Math_59-prompt_apr_3-qwen-turbo/target/classes\n    [mkdir] Created dir: /data/cmd/Ming/llm-fl-apr/tmp/Math_59-prompt_apr_3-qwen-turbo/target/test-classes\n    [mkdir] Created dir: /data/cmd/Ming/llm-fl-apr/tmp/Math_59-prompt_apr_3-qwen-turbo/target/classes/META-INF\n     [copy] Copying 1 file to /data/cmd/Ming/llm-fl-apr/tmp/Math_59-prompt_apr_3-qwen-turbo/target/classes/META-INF\n\ncompile:\n    [javac] /data/cmd/Ming/llm-fl-apr/tmp/Math_59-prompt_apr_3-qwen-turbo/build.xml:158: warning: 'includeantruntime' was not set, defaulting to build.sysclasspath=last; set to false for repeatable builds\n    [javac] Compiling 499 source files to /data/cmd/Ming/llm-fl-apr/tmp/Math_59-prompt_apr_3-qwen-turbo/target/classes\n    [javac] warning: [options] bootstrap class path not set in conjunction with -source 1.5\n    [javac] /data/cmd/Ming/llm-fl-apr/tmp/Math_59-prompt_apr_3-qwen-turbo/src/main/java/org/apache/commons/math/util/FastMath.java:3481: error: illegal character: \\96\n    [javac] ```java\n    [javac] ^\n    [javac] /data/cmd/Ming/llm-fl-apr/tmp/Math_59-prompt_apr_3-qwen-turbo/src/main/java/org/apache/commons/math/util/FastMath.java:3481: error: illegal character: \\96\n    [javac] ```java\n    [javac]  ^\n    [javac] /data/cmd/Ming/llm-fl-apr/tmp/Math_59-prompt_apr_3-qwen-turbo/src/main/java/org/apache/commons/math/util/FastMath.java:3481: error: illegal character: \\96\n    [javac] ```java\n    [javac]   ^\n    [javac] /data/cmd/Ming/llm-fl-apr/tmp/Math_59-prompt_apr_3-qwen-turbo/src/main/java/org/apache/commons/math/util/FastMath.java:3484: error: illegal character: \\96\n    [javac] ```\n    [javac] ^\n    [javac] /data/cmd/Ming/llm-fl-apr/tmp/Math_59-prompt_apr_3-qwen-turbo/src/main/java/org/apache/commons/math/util/FastMath.java:3484: error: illegal character: \\96\n    [javac] ```\n    [javac]  ^\n    [javac] /data/cmd/Ming/llm-fl-apr/tmp/Math_59-prompt_apr_3-qwen-turbo/src/main/java/org/apache/commons/math/util/FastMath.java:3484: error: illegal character: \\96\n    [javac] ```\n    [javac]   ^\n    [javac] /data/cmd/Ming/llm-fl-apr/tmp/Math_59-prompt_apr_3-qwen-turbo/src/main/java/org/apache/commons/math/util/FastMath.java:3490: error: illegal start of expression\n    [javac]     public static double max(final double a, final double b) {\n    [javac]     ^\n    [javac] /data/cmd/Ming/llm-fl-apr/tmp/Math_59-prompt_apr_3-qwen-turbo/src/main/java/org/apache/commons/math/util/FastMath.java:3490: error: ';' expected\n    [javac]     public static double max(final double a, final double b) {\n    [javac]           ^\n    [javac] /data/cmd/Ming/llm-fl-apr/tmp/Math_59-prompt_apr_3-qwen-turbo/src/main/java/org/apache/commons/math/util/FastMath.java:3490: error: ';' expected\n    [javac]     public static double max(final double a, final double b) {\n    [javac]                             ^\n    [javac] /data/cmd/Ming/llm-fl-apr/tmp/Math_59-prompt_apr_3-qwen-turbo/src/main/java/org/apache/commons/math/util/FastMath.java:3490: error: <identifier> expected\n    [javac]     public static double max(final double a, final double b) {\n    [javac]                                             ^\n    [javac] /data/cmd/Ming/llm-fl-apr/tmp/Math_59-prompt_apr_3-qwen-turbo/src/main/java/org/apache/commons/math/util/FastMath.java:3490: error: ';' expected\n    [javac]     public static double max(final double a, final double b) {\n    [javac]                                                            ^\n    [javac] /data/cmd/Ming/llm-fl-apr/tmp/Math_59-prompt_apr_3-qwen-turbo/src/main/java/org/apache/commons/math/util/FastMath.java:3494: error: reached end of file while parsing\n    [javac] }\n    [javac]  ^\n    [javac] 12 errors\n    [javac] 1 warning\n\nBUILD FAILED\n/data/cmd/Ming/llm-fl-apr/tmp/Math_59-prompt_apr_3-qwen-turbo/build.xml:158: Compile failed; see the compiler error output for details.\n\nTotal time: 4 seconds\nCannot compile sources! at /data/cmd/Ming/LLM_Based-Mutation/tools/mutant/defects4j-2.1.0/framework/bin/d4j/d4j-compile line 82.\nCompilation failed in require at /data/cmd/Ming/LLM_Based-Mutation/tools/mutant/defects4j-2.1.0/framework/bin/defects4j line 195.\n"
                }
            },
            "doubao-pro-4k": {
                "compile": {
                    "rc": 0,
                    "so": "",
                    "se": "Running ant (compile)...................................................... OK\nRunning ant (compile.tests)................................................ OK\n"
                },
                "test": {
                    "rc": 0,
                    "so": "Failing tests: 0\n",
                    "se": "Running ant (compile.tests)................................................ OK\nRunning ant (run.dev.tests)................................................ OK\n"
                }
            },
            "gpt-4o-mini": {
                "compile": {
                    "rc": 1,
                    "so": "",
                    "se": "Running ant (compile)...................................................... FAIL\nExecuted command:  cd /data/cmd/Ming/llm-fl-apr/tmp/Math_59-prompt_apr_3-gpt-4o-mini && /data/cmd/Ming/LLM_Based-Mutation/tools/mutant/defects4j-2.1.0/major/bin/ant -f /data/cmd/Ming/LLM_Based-Mutation/tools/mutant/defects4j-2.1.0/framework/projects/defects4j.build.xml -Dd4j.home=/data/cmd/Ming/LLM_Based-Mutation/tools/mutant/defects4j-2.1.0 -Dd4j.dir.projects=/data/cmd/Ming/LLM_Based-Mutation/tools/mutant/defects4j-2.1.0/framework/projects -Dbasedir=/data/cmd/Ming/llm-fl-apr/tmp/Math_59-prompt_apr_3-gpt-4o-mini -Dbuild.compiler=javac1.7  compile 2>&1\nJava HotSpot(TM) 64-Bit Server VM warning: ignoring option MaxPermSize=1G; support was removed in 8.0\nBuildfile: /data/cmd/Ming/LLM_Based-Mutation/tools/mutant/defects4j-2.1.0/framework/projects/defects4j.build.xml\n\ninit:\n     [echo] -------- Commons MATH 3.0-SNAPSHOT --------\n    [mkdir] Created dir: /data/cmd/Ming/llm-fl-apr/tmp/Math_59-prompt_apr_3-gpt-4o-mini/target\n    [mkdir] Created dir: /data/cmd/Ming/llm-fl-apr/tmp/Math_59-prompt_apr_3-gpt-4o-mini/target/classes\n    [mkdir] Created dir: /data/cmd/Ming/llm-fl-apr/tmp/Math_59-prompt_apr_3-gpt-4o-mini/target/test-classes\n    [mkdir] Created dir: /data/cmd/Ming/llm-fl-apr/tmp/Math_59-prompt_apr_3-gpt-4o-mini/target/classes/META-INF\n     [copy] Copying 1 file to /data/cmd/Ming/llm-fl-apr/tmp/Math_59-prompt_apr_3-gpt-4o-mini/target/classes/META-INF\n\ncompile:\n    [javac] /data/cmd/Ming/llm-fl-apr/tmp/Math_59-prompt_apr_3-gpt-4o-mini/build.xml:158: warning: 'includeantruntime' was not set, defaulting to build.sysclasspath=last; set to false for repeatable builds\n    [javac] Compiling 499 source files to /data/cmd/Ming/llm-fl-apr/tmp/Math_59-prompt_apr_3-gpt-4o-mini/target/classes\n    [javac] warning: [options] bootstrap class path not set in conjunction with -source 1.5\n    [javac] /data/cmd/Ming/llm-fl-apr/tmp/Math_59-prompt_apr_3-gpt-4o-mini/src/main/java/org/apache/commons/math/util/FastMath.java:3488: error: illegal start of expression\n    [javac]     public static double max(final double a, final double b) {\n    [javac]     ^\n    [javac] /data/cmd/Ming/llm-fl-apr/tmp/Math_59-prompt_apr_3-gpt-4o-mini/src/main/java/org/apache/commons/math/util/FastMath.java:3488: error: illegal start of expression\n    [javac]     public static double max(final double a, final double b) {\n    [javac]            ^\n    [javac] /data/cmd/Ming/llm-fl-apr/tmp/Math_59-prompt_apr_3-gpt-4o-mini/src/main/java/org/apache/commons/math/util/FastMath.java:3488: error: ';' expected\n    [javac]     public static double max(final double a, final double b) {\n    [javac]                  ^\n    [javac] /data/cmd/Ming/llm-fl-apr/tmp/Math_59-prompt_apr_3-gpt-4o-mini/src/main/java/org/apache/commons/math/util/FastMath.java:3488: error: illegal start of expression\n    [javac]     public static double max(final double a, final double b) {\n    [javac]                              ^\n    [javac] /data/cmd/Ming/llm-fl-apr/tmp/Math_59-prompt_apr_3-gpt-4o-mini/src/main/java/org/apache/commons/math/util/FastMath.java:3488: error: ';' expected\n    [javac]     public static double max(final double a, final double b) {\n    [javac]                                   ^\n    [javac] /data/cmd/Ming/llm-fl-apr/tmp/Math_59-prompt_apr_3-gpt-4o-mini/src/main/java/org/apache/commons/math/util/FastMath.java:3488: error: not a statement\n    [javac]     public static double max(final double a, final double b) {\n    [javac]                                           ^\n    [javac] /data/cmd/Ming/llm-fl-apr/tmp/Math_59-prompt_apr_3-gpt-4o-mini/src/main/java/org/apache/commons/math/util/FastMath.java:3488: error: ';' expected\n    [javac]     public static double max(final double a, final double b) {\n    [javac]                                            ^\n    [javac] /data/cmd/Ming/llm-fl-apr/tmp/Math_59-prompt_apr_3-gpt-4o-mini/src/main/java/org/apache/commons/math/util/FastMath.java:3488: error: ';' expected\n    [javac]     public static double max(final double a, final double b) {\n    [javac]                                                            ^\n    [javac] /data/cmd/Ming/llm-fl-apr/tmp/Math_59-prompt_apr_3-gpt-4o-mini/src/main/java/org/apache/commons/math/util/FastMath.java:3492: error: reached end of file while parsing\n    [javac] }\n    [javac]  ^\n    [javac] 9 errors\n    [javac] 1 warning\n\nBUILD FAILED\n/data/cmd/Ming/llm-fl-apr/tmp/Math_59-prompt_apr_3-gpt-4o-mini/build.xml:158: Compile failed; see the compiler error output for details.\n\nTotal time: 3 seconds\nCannot compile sources! at /data/cmd/Ming/LLM_Based-Mutation/tools/mutant/defects4j-2.1.0/framework/bin/d4j/d4j-compile line 82.\nCompilation failed in require at /data/cmd/Ming/LLM_Based-Mutation/tools/mutant/defects4j-2.1.0/framework/bin/defects4j line 195.\n"
                }
            },
            "deepseek-chat": {
                "compile": {
                    "rc": 1,
                    "so": "",
                    "se": "Running ant (compile)...................................................... FAIL\nExecuted command:  cd /data/cmd/Ming/llm-fl-apr/tmp/Math_59-prompt_apr_3-deepseek-chat && /data/cmd/Ming/LLM_Based-Mutation/tools/mutant/defects4j-2.1.0/major/bin/ant -f /data/cmd/Ming/LLM_Based-Mutation/tools/mutant/defects4j-2.1.0/framework/projects/defects4j.build.xml -Dd4j.home=/data/cmd/Ming/LLM_Based-Mutation/tools/mutant/defects4j-2.1.0 -Dd4j.dir.projects=/data/cmd/Ming/LLM_Based-Mutation/tools/mutant/defects4j-2.1.0/framework/projects -Dbasedir=/data/cmd/Ming/llm-fl-apr/tmp/Math_59-prompt_apr_3-deepseek-chat -Dbuild.compiler=javac1.7  compile 2>&1\nJava HotSpot(TM) 64-Bit Server VM warning: ignoring option MaxPermSize=1G; support was removed in 8.0\nBuildfile: /data/cmd/Ming/LLM_Based-Mutation/tools/mutant/defects4j-2.1.0/framework/projects/defects4j.build.xml\n\ninit:\n     [echo] -------- Commons MATH 3.0-SNAPSHOT --------\n    [mkdir] Created dir: /data/cmd/Ming/llm-fl-apr/tmp/Math_59-prompt_apr_3-deepseek-chat/target\n    [mkdir] Created dir: /data/cmd/Ming/llm-fl-apr/tmp/Math_59-prompt_apr_3-deepseek-chat/target/classes\n    [mkdir] Created dir: /data/cmd/Ming/llm-fl-apr/tmp/Math_59-prompt_apr_3-deepseek-chat/target/test-classes\n    [mkdir] Created dir: /data/cmd/Ming/llm-fl-apr/tmp/Math_59-prompt_apr_3-deepseek-chat/target/classes/META-INF\n     [copy] Copying 1 file to /data/cmd/Ming/llm-fl-apr/tmp/Math_59-prompt_apr_3-deepseek-chat/target/classes/META-INF\n\ncompile:\n    [javac] /data/cmd/Ming/llm-fl-apr/tmp/Math_59-prompt_apr_3-deepseek-chat/build.xml:158: warning: 'includeantruntime' was not set, defaulting to build.sysclasspath=last; set to false for repeatable builds\n    [javac] Compiling 499 source files to /data/cmd/Ming/llm-fl-apr/tmp/Math_59-prompt_apr_3-deepseek-chat/target/classes\n    [javac] warning: [options] bootstrap class path not set in conjunction with -source 1.5\n    [javac] /data/cmd/Ming/llm-fl-apr/tmp/Math_59-prompt_apr_3-deepseek-chat/src/main/java/org/apache/commons/math/util/FastMath.java:3481: error: <identifier> expected\n    [javac] ublic static float max(final float a, final float b) {\n    [javac]      ^\n    [javac] /data/cmd/Ming/llm-fl-apr/tmp/Math_59-prompt_apr_3-deepseek-chat/src/main/java/org/apache/commons/math/util/FastMath.java:3488: error: illegal start of expression\n    [javac]     public static double max(final double a, final double b) {\n    [javac]     ^\n    [javac] /data/cmd/Ming/llm-fl-apr/tmp/Math_59-prompt_apr_3-deepseek-chat/src/main/java/org/apache/commons/math/util/FastMath.java:3488: error: illegal start of expression\n    [javac]     public static double max(final double a, final double b) {\n    [javac]            ^\n    [javac] /data/cmd/Ming/llm-fl-apr/tmp/Math_59-prompt_apr_3-deepseek-chat/src/main/java/org/apache/commons/math/util/FastMath.java:3488: error: ';' expected\n    [javac]     public static double max(final double a, final double b) {\n    [javac]                  ^\n    [javac] /data/cmd/Ming/llm-fl-apr/tmp/Math_59-prompt_apr_3-deepseek-chat/src/main/java/org/apache/commons/math/util/FastMath.java:3488: error: illegal start of expression\n    [javac]     public static double max(final double a, final double b) {\n    [javac]                              ^\n    [javac] /data/cmd/Ming/llm-fl-apr/tmp/Math_59-prompt_apr_3-deepseek-chat/src/main/java/org/apache/commons/math/util/FastMath.java:3488: error: ';' expected\n    [javac]     public static double max(final double a, final double b) {\n    [javac]                                   ^\n    [javac] /data/cmd/Ming/llm-fl-apr/tmp/Math_59-prompt_apr_3-deepseek-chat/src/main/java/org/apache/commons/math/util/FastMath.java:3488: error: not a statement\n    [javac]     public static double max(final double a, final double b) {\n    [javac]                                           ^\n    [javac] /data/cmd/Ming/llm-fl-apr/tmp/Math_59-prompt_apr_3-deepseek-chat/src/main/java/org/apache/commons/math/util/FastMath.java:3488: error: ';' expected\n    [javac]     public static double max(final double a, final double b) {\n    [javac]                                            ^\n    [javac] /data/cmd/Ming/llm-fl-apr/tmp/Math_59-prompt_apr_3-deepseek-chat/src/main/java/org/apache/commons/math/util/FastMath.java:3488: error: ';' expected\n    [javac]     public static double max(final double a, final double b) {\n    [javac]                                                            ^\n    [javac] /data/cmd/Ming/llm-fl-apr/tmp/Math_59-prompt_apr_3-deepseek-chat/src/main/java/org/apache/commons/math/util/FastMath.java:3492: error: reached end of file while parsing\n    [javac] }\n    [javac]  ^\n    [javac] 10 errors\n    [javac] 1 warning\n\nBUILD FAILED\n/data/cmd/Ming/llm-fl-apr/tmp/Math_59-prompt_apr_3-deepseek-chat/build.xml:158: Compile failed; see the compiler error output for details.\n\nTotal time: 4 seconds\nCannot compile sources! at /data/cmd/Ming/LLM_Based-Mutation/tools/mutant/defects4j-2.1.0/framework/bin/d4j/d4j-compile line 82.\nCompilation failed in require at /data/cmd/Ming/LLM_Based-Mutation/tools/mutant/defects4j-2.1.0/framework/bin/defects4j line 195.\n"
                }
            }
        },
        "prompt_apr_4": {
            "ernie-3.5-128k": {
                "compile": {
                    "rc": 0,
                    "so": "",
                    "se": "Running ant (compile)...................................................... OK\nRunning ant (compile.tests)................................................ OK\n"
                },
                "test": {
                    "rc": 0,
                    "so": "Failing tests: 1\n  - org.apache.commons.math.util.FastMathTest::testMinMaxFloat\n",
                    "se": "Running ant (compile.tests)................................................ OK\nRunning ant (run.dev.tests)................................................ OK\n"
                }
            },
            "qwen-turbo": {
                "compile": {
                    "rc": 0,
                    "so": "",
                    "se": "Running ant (compile)...................................................... OK\nRunning ant (compile.tests)................................................ OK\n"
                },
                "test": {
                    "rc": 0,
                    "so": "Failing tests: 0\n",
                    "se": "Running ant (compile.tests)................................................ OK\nRunning ant (run.dev.tests)................................................ OK\n"
                }
            },
            "doubao-pro-4k": {
                "compile": {
                    "rc": 0,
                    "so": "",
                    "se": "Running ant (compile)...................................................... OK\nRunning ant (compile.tests)................................................ OK\n"
                },
                "test": {
                    "rc": 0,
                    "so": "Failing tests: 0\n",
                    "se": "Running ant (compile.tests)................................................ OK\nRunning ant (run.dev.tests)................................................ OK\n"
                }
            },
            "gpt-4o-mini": {
                "compile": {
                    "rc": 0,
                    "so": "",
                    "se": "Running ant (compile)...................................................... OK\nRunning ant (compile.tests)................................................ OK\n"
                },
                "test": {
                    "rc": 0,
                    "so": "Failing tests: 0\n",
                    "se": "Running ant (compile.tests)................................................ OK\nRunning ant (run.dev.tests)................................................ OK\n"
                }
            },
            "deepseek-chat": {
                "compile": {
                    "rc": 0,
                    "so": "",
                    "se": "Running ant (compile)...................................................... OK\nRunning ant (compile.tests)................................................ OK\n"
                },
                "test": {
                    "rc": 0,
                    "so": "Failing tests: 0\n",
                    "se": "Running ant (compile.tests)................................................ OK\nRunning ant (run.dev.tests)................................................ OK\n"
                }
            }
        },
        "prompt_apr_5": {
            "ernie-3.5-128k": {
                "compile": {
                    "rc": 1,
                    "so": "",
                    "se": "Running ant (compile)...................................................... FAIL\nExecuted command:  cd /data/cmd/Ming/llm-fl-apr/tmp/Math_59-prompt_apr_5-ernie-3.5-128k && /data/cmd/Ming/LLM_Based-Mutation/tools/mutant/defects4j-2.1.0/major/bin/ant -f /data/cmd/Ming/LLM_Based-Mutation/tools/mutant/defects4j-2.1.0/framework/projects/defects4j.build.xml -Dd4j.home=/data/cmd/Ming/LLM_Based-Mutation/tools/mutant/defects4j-2.1.0 -Dd4j.dir.projects=/data/cmd/Ming/LLM_Based-Mutation/tools/mutant/defects4j-2.1.0/framework/projects -Dbasedir=/data/cmd/Ming/llm-fl-apr/tmp/Math_59-prompt_apr_5-ernie-3.5-128k -Dbuild.compiler=javac1.7  compile 2>&1\nJava HotSpot(TM) 64-Bit Server VM warning: ignoring option MaxPermSize=1G; support was removed in 8.0\nBuildfile: /data/cmd/Ming/LLM_Based-Mutation/tools/mutant/defects4j-2.1.0/framework/projects/defects4j.build.xml\n\ninit:\n     [echo] -------- Commons MATH 3.0-SNAPSHOT --------\n    [mkdir] Created dir: /data/cmd/Ming/llm-fl-apr/tmp/Math_59-prompt_apr_5-ernie-3.5-128k/target\n    [mkdir] Created dir: /data/cmd/Ming/llm-fl-apr/tmp/Math_59-prompt_apr_5-ernie-3.5-128k/target/classes\n    [mkdir] Created dir: /data/cmd/Ming/llm-fl-apr/tmp/Math_59-prompt_apr_5-ernie-3.5-128k/target/test-classes\n    [mkdir] Created dir: /data/cmd/Ming/llm-fl-apr/tmp/Math_59-prompt_apr_5-ernie-3.5-128k/target/classes/META-INF\n     [copy] Copying 1 file to /data/cmd/Ming/llm-fl-apr/tmp/Math_59-prompt_apr_5-ernie-3.5-128k/target/classes/META-INF\n\ncompile:\n    [javac] /data/cmd/Ming/llm-fl-apr/tmp/Math_59-prompt_apr_5-ernie-3.5-128k/build.xml:158: warning: 'includeantruntime' was not set, defaulting to build.sysclasspath=last; set to false for repeatable builds\n    [javac] Compiling 499 source files to /data/cmd/Ming/llm-fl-apr/tmp/Math_59-prompt_apr_5-ernie-3.5-128k/target/classes\n    [javac] warning: [options] bootstrap class path not set in conjunction with -source 1.5\n    [javac] /data/cmd/Ming/llm-fl-apr/tmp/Math_59-prompt_apr_5-ernie-3.5-128k/src/main/java/org/apache/commons/math/util/FastMath.java:3484: error: illegal start of type\n    [javac] return (a <= b) ? b : a;    /** Compute the maximum of two values\n    [javac] ^\n    [javac] /data/cmd/Ming/llm-fl-apr/tmp/Math_59-prompt_apr_5-ernie-3.5-128k/src/main/java/org/apache/commons/math/util/FastMath.java:3484: error: <identifier> expected\n    [javac] return (a <= b) ? b : a;    /** Compute the maximum of two values\n    [javac]          ^\n    [javac] /data/cmd/Ming/llm-fl-apr/tmp/Math_59-prompt_apr_5-ernie-3.5-128k/src/main/java/org/apache/commons/math/util/FastMath.java:3484: error: ';' expected\n    [javac] return (a <= b) ? b : a;    /** Compute the maximum of two values\n    [javac]             ^\n    [javac] /data/cmd/Ming/llm-fl-apr/tmp/Math_59-prompt_apr_5-ernie-3.5-128k/src/main/java/org/apache/commons/math/util/FastMath.java:3484: error: illegal start of type\n    [javac] return (a <= b) ? b : a;    /** Compute the maximum of two values\n    [javac]               ^\n    [javac] /data/cmd/Ming/llm-fl-apr/tmp/Math_59-prompt_apr_5-ernie-3.5-128k/src/main/java/org/apache/commons/math/util/FastMath.java:3484: error: <identifier> expected\n    [javac] return (a <= b) ? b : a;    /** Compute the maximum of two values\n    [javac]                ^\n    [javac] /data/cmd/Ming/llm-fl-apr/tmp/Math_59-prompt_apr_5-ernie-3.5-128k/src/main/java/org/apache/commons/math/util/FastMath.java:3484: error: ';' expected\n    [javac] return (a <= b) ? b : a;    /** Compute the maximum of two values\n    [javac]                  ^\n    [javac] /data/cmd/Ming/llm-fl-apr/tmp/Math_59-prompt_apr_5-ernie-3.5-128k/src/main/java/org/apache/commons/math/util/FastMath.java:3484: error: illegal start of type\n    [javac] return (a <= b) ? b : a;    /** Compute the maximum of two values\n    [javac]                     ^\n    [javac] 7 errors\n    [javac] 1 warning\n\nBUILD FAILED\n/data/cmd/Ming/llm-fl-apr/tmp/Math_59-prompt_apr_5-ernie-3.5-128k/build.xml:158: Compile failed; see the compiler error output for details.\n\nTotal time: 4 seconds\nCannot compile sources! at /data/cmd/Ming/LLM_Based-Mutation/tools/mutant/defects4j-2.1.0/framework/bin/d4j/d4j-compile line 82.\nCompilation failed in require at /data/cmd/Ming/LLM_Based-Mutation/tools/mutant/defects4j-2.1.0/framework/bin/defects4j line 195.\n"
                }
            },
            "qwen-turbo": {
                "compile": {
                    "rc": 0,
                    "so": "",
                    "se": "Running ant (compile)...................................................... OK\nRunning ant (compile.tests)................................................ OK\n"
                },
                "test": {
                    "rc": 0,
                    "so": "Failing tests: 0\n",
                    "se": "Running ant (compile.tests)................................................ OK\nRunning ant (run.dev.tests)................................................ OK\n"
                }
            },
            "doubao-pro-4k": {
                "compile": {
                    "rc": 1,
                    "so": "",
                    "se": "Running ant (compile)...................................................... FAIL\nExecuted command:  cd /data/cmd/Ming/llm-fl-apr/tmp/Math_59-prompt_apr_5-doubao-pro-4k && /data/cmd/Ming/LLM_Based-Mutation/tools/mutant/defects4j-2.1.0/major/bin/ant -f /data/cmd/Ming/LLM_Based-Mutation/tools/mutant/defects4j-2.1.0/framework/projects/defects4j.build.xml -Dd4j.home=/data/cmd/Ming/LLM_Based-Mutation/tools/mutant/defects4j-2.1.0 -Dd4j.dir.projects=/data/cmd/Ming/LLM_Based-Mutation/tools/mutant/defects4j-2.1.0/framework/projects -Dbasedir=/data/cmd/Ming/llm-fl-apr/tmp/Math_59-prompt_apr_5-doubao-pro-4k -Dbuild.compiler=javac1.7  compile 2>&1\nJava HotSpot(TM) 64-Bit Server VM warning: ignoring option MaxPermSize=1G; support was removed in 8.0\nBuildfile: /data/cmd/Ming/LLM_Based-Mutation/tools/mutant/defects4j-2.1.0/framework/projects/defects4j.build.xml\n\ninit:\n     [echo] -------- Commons MATH 3.0-SNAPSHOT --------\n    [mkdir] Created dir: /data/cmd/Ming/llm-fl-apr/tmp/Math_59-prompt_apr_5-doubao-pro-4k/target\n    [mkdir] Created dir: /data/cmd/Ming/llm-fl-apr/tmp/Math_59-prompt_apr_5-doubao-pro-4k/target/classes\n    [mkdir] Created dir: /data/cmd/Ming/llm-fl-apr/tmp/Math_59-prompt_apr_5-doubao-pro-4k/target/test-classes\n    [mkdir] Created dir: /data/cmd/Ming/llm-fl-apr/tmp/Math_59-prompt_apr_5-doubao-pro-4k/target/classes/META-INF\n     [copy] Copying 1 file to /data/cmd/Ming/llm-fl-apr/tmp/Math_59-prompt_apr_5-doubao-pro-4k/target/classes/META-INF\n\ncompile:\n    [javac] /data/cmd/Ming/llm-fl-apr/tmp/Math_59-prompt_apr_5-doubao-pro-4k/build.xml:158: warning: 'includeantruntime' was not set, defaulting to build.sysclasspath=last; set to false for repeatable builds\n    [javac] Compiling 499 source files to /data/cmd/Ming/llm-fl-apr/tmp/Math_59-prompt_apr_5-doubao-pro-4k/target/classes\n    [javac] warning: [options] bootstrap class path not set in conjunction with -source 1.5\n    [javac] /data/cmd/Ming/llm-fl-apr/tmp/Math_59-prompt_apr_5-doubao-pro-4k/src/main/java/org/apache/commons/math/util/FastMath.java:3481: error: illegal start of type\n    [javac] return (a <= b)? b : (Float.isNaN(a) || Float.isNaN(b)? Float.NaN : b);        return (a <= b) ? b : (Float.isNaN(a + b) ? Float.NaN : b);\n    [javac] ^\n    [javac] /data/cmd/Ming/llm-fl-apr/tmp/Math_59-prompt_apr_5-doubao-pro-4k/src/main/java/org/apache/commons/math/util/FastMath.java:3481: error: <identifier> expected\n    [javac] return (a <= b)? b : (Float.isNaN(a) || Float.isNaN(b)? Float.NaN : b);        return (a <= b) ? b : (Float.isNaN(a + b) ? Float.NaN : b);\n    [javac]          ^\n    [javac] /data/cmd/Ming/llm-fl-apr/tmp/Math_59-prompt_apr_5-doubao-pro-4k/src/main/java/org/apache/commons/math/util/FastMath.java:3481: error: ';' expected\n    [javac] return (a <= b)? b : (Float.isNaN(a) || Float.isNaN(b)? Float.NaN : b);        return (a <= b) ? b : (Float.isNaN(a + b) ? Float.NaN : b);\n    [javac]             ^\n    [javac] /data/cmd/Ming/llm-fl-apr/tmp/Math_59-prompt_apr_5-doubao-pro-4k/src/main/java/org/apache/commons/math/util/FastMath.java:3481: error: illegal start of type\n    [javac] return (a <= b)? b : (Float.isNaN(a) || Float.isNaN(b)? Float.NaN : b);        return (a <= b) ? b : (Float.isNaN(a + b) ? Float.NaN : b);\n    [javac]               ^\n    [javac] /data/cmd/Ming/llm-fl-apr/tmp/Math_59-prompt_apr_5-doubao-pro-4k/src/main/java/org/apache/commons/math/util/FastMath.java:3481: error: <identifier> expected\n    [javac] return (a <= b)? b : (Float.isNaN(a) || Float.isNaN(b)? Float.NaN : b);        return (a <= b) ? b : (Float.isNaN(a + b) ? Float.NaN : b);\n    [javac]                ^\n    [javac] /data/cmd/Ming/llm-fl-apr/tmp/Math_59-prompt_apr_5-doubao-pro-4k/src/main/java/org/apache/commons/math/util/FastMath.java:3481: error: ';' expected\n    [javac] return (a <= b)? b : (Float.isNaN(a) || Float.isNaN(b)? Float.NaN : b);        return (a <= b) ? b : (Float.isNaN(a + b) ? Float.NaN : b);\n    [javac]                 ^\n    [javac] /data/cmd/Ming/llm-fl-apr/tmp/Math_59-prompt_apr_5-doubao-pro-4k/src/main/java/org/apache/commons/math/util/FastMath.java:3481: error: illegal start of type\n    [javac] return (a <= b)? b : (Float.isNaN(a) || Float.isNaN(b)? Float.NaN : b);        return (a <= b) ? b : (Float.isNaN(a + b) ? Float.NaN : b);\n    [javac]                    ^\n    [javac] /data/cmd/Ming/llm-fl-apr/tmp/Math_59-prompt_apr_5-doubao-pro-4k/src/main/java/org/apache/commons/math/util/FastMath.java:3481: error: <identifier> expected\n    [javac] return (a <= b)? b : (Float.isNaN(a) || Float.isNaN(b)? Float.NaN : b);        return (a <= b) ? b : (Float.isNaN(a + b) ? Float.NaN : b);\n    [javac]                     ^\n    [javac] /data/cmd/Ming/llm-fl-apr/tmp/Math_59-prompt_apr_5-doubao-pro-4k/src/main/java/org/apache/commons/math/util/FastMath.java:3481: error: ';' expected\n    [javac] return (a <= b)? b : (Float.isNaN(a) || Float.isNaN(b)? Float.NaN : b);        return (a <= b) ? b : (Float.isNaN(a + b) ? Float.NaN : b);\n    [javac]                       ^\n    [javac] /data/cmd/Ming/llm-fl-apr/tmp/Math_59-prompt_apr_5-doubao-pro-4k/src/main/java/org/apache/commons/math/util/FastMath.java:3481: error: illegal start of type\n    [javac] return (a <= b)? b : (Float.isNaN(a) || Float.isNaN(b)? Float.NaN : b);        return (a <= b) ? b : (Float.isNaN(a + b) ? Float.NaN : b);\n    [javac]                            ^\n    [javac] /data/cmd/Ming/llm-fl-apr/tmp/Math_59-prompt_apr_5-doubao-pro-4k/src/main/java/org/apache/commons/math/util/FastMath.java:3481: error: <identifier> expected\n    [javac] return (a <= b)? b : (Float.isNaN(a) || Float.isNaN(b)? Float.NaN : b);        return (a <= b) ? b : (Float.isNaN(a + b) ? Float.NaN : b);\n    [javac]                                    ^\n    [javac] /data/cmd/Ming/llm-fl-apr/tmp/Math_59-prompt_apr_5-doubao-pro-4k/src/main/java/org/apache/commons/math/util/FastMath.java:3481: error: ';' expected\n    [javac] return (a <= b)? b : (Float.isNaN(a) || Float.isNaN(b)? Float.NaN : b);        return (a <= b) ? b : (Float.isNaN(a + b) ? Float.NaN : b);\n    [javac]                                     ^\n    [javac] /data/cmd/Ming/llm-fl-apr/tmp/Math_59-prompt_apr_5-doubao-pro-4k/src/main/java/org/apache/commons/math/util/FastMath.java:3481: error: illegal start of type\n    [javac] return (a <= b)? b : (Float.isNaN(a) || Float.isNaN(b)? Float.NaN : b);        return (a <= b) ? b : (Float.isNaN(a + b) ? Float.NaN : b);\n    [javac]                                                                                ^\n    [javac] /data/cmd/Ming/llm-fl-apr/tmp/Math_59-prompt_apr_5-doubao-pro-4k/src/main/java/org/apache/commons/math/util/FastMath.java:3481: error: <identifier> expected\n    [javac] return (a <= b)? b : (Float.isNaN(a) || Float.isNaN(b)? Float.NaN : b);        return (a <= b) ? b : (Float.isNaN(a + b) ? Float.NaN : b);\n    [javac]                                                                                         ^\n    [javac] /data/cmd/Ming/llm-fl-apr/tmp/Math_59-prompt_apr_5-doubao-pro-4k/src/main/java/org/apache/commons/math/util/FastMath.java:3481: error: ';' expected\n    [javac] return (a <= b)? b : (Float.isNaN(a) || Float.isNaN(b)? Float.NaN : b);        return (a <= b) ? b : (Float.isNaN(a + b) ? Float.NaN : b);\n    [javac]                                                                                            ^\n    [javac] /data/cmd/Ming/llm-fl-apr/tmp/Math_59-prompt_apr_5-doubao-pro-4k/src/main/java/org/apache/commons/math/util/FastMath.java:3481: error: illegal start of type\n    [javac] return (a <= b)? b : (Float.isNaN(a) || Float.isNaN(b)? Float.NaN : b);        return (a <= b) ? b : (Float.isNaN(a + b) ? Float.NaN : b);\n    [javac]                                                                                              ^\n    [javac] /data/cmd/Ming/llm-fl-apr/tmp/Math_59-prompt_apr_5-doubao-pro-4k/src/main/java/org/apache/commons/math/util/FastMath.java:3481: error: <identifier> expected\n    [javac] return (a <= b)? b : (Float.isNaN(a) || Float.isNaN(b)? Float.NaN : b);        return (a <= b) ? b : (Float.isNaN(a + b) ? Float.NaN : b);\n    [javac]                                                                                               ^\n    [javac] /data/cmd/Ming/llm-fl-apr/tmp/Math_59-prompt_apr_5-doubao-pro-4k/src/main/java/org/apache/commons/math/util/FastMath.java:3481: error: ';' expected\n    [javac] return (a <= b)? b : (Float.isNaN(a) || Float.isNaN(b)? Float.NaN : b);        return (a <= b) ? b : (Float.isNaN(a + b) ? Float.NaN : b);\n    [javac]                                                                                                 ^\n    [javac] /data/cmd/Ming/llm-fl-apr/tmp/Math_59-prompt_apr_5-doubao-pro-4k/src/main/java/org/apache/commons/math/util/FastMath.java:3481: error: illegal start of type\n    [javac] return (a <= b)? b : (Float.isNaN(a) || Float.isNaN(b)? Float.NaN : b);        return (a <= b) ? b : (Float.isNaN(a + b) ? Float.NaN : b);\n    [javac]                                                                                                    ^\n    [javac] /data/cmd/Ming/llm-fl-apr/tmp/Math_59-prompt_apr_5-doubao-pro-4k/src/main/java/org/apache/commons/math/util/FastMath.java:3481: error: <identifier> expected\n    [javac] return (a <= b)? b : (Float.isNaN(a) || Float.isNaN(b)? Float.NaN : b);        return (a <= b) ? b : (Float.isNaN(a + b) ? Float.NaN : b);\n    [javac]                                                                                                     ^\n    [javac] /data/cmd/Ming/llm-fl-apr/tmp/Math_59-prompt_apr_5-doubao-pro-4k/src/main/java/org/apache/commons/math/util/FastMath.java:3481: error: ';' expected\n    [javac] return (a <= b)? b : (Float.isNaN(a) || Float.isNaN(b)? Float.NaN : b);        return (a <= b) ? b : (Float.isNaN(a + b) ? Float.NaN : b);\n    [javac]                                                                                                       ^\n    [javac] /data/cmd/Ming/llm-fl-apr/tmp/Math_59-prompt_apr_5-doubao-pro-4k/src/main/java/org/apache/commons/math/util/FastMath.java:3481: error: illegal start of type\n    [javac] return (a <= b)? b : (Float.isNaN(a) || Float.isNaN(b)? Float.NaN : b);        return (a <= b) ? b : (Float.isNaN(a + b) ? Float.NaN : b);\n    [javac]                                                                                                            ^\n    [javac] /data/cmd/Ming/llm-fl-apr/tmp/Math_59-prompt_apr_5-doubao-pro-4k/src/main/java/org/apache/commons/math/util/FastMath.java:3481: error: <identifier> expected\n    [javac] return (a <= b)? b : (Float.isNaN(a) || Float.isNaN(b)? Float.NaN : b);        return (a <= b) ? b : (Float.isNaN(a + b) ? Float.NaN : b);\n    [javac]                                                                                                                    ^\n    [javac] /data/cmd/Ming/llm-fl-apr/tmp/Math_59-prompt_apr_5-doubao-pro-4k/src/main/java/org/apache/commons/math/util/FastMath.java:3481: error: ';' expected\n    [javac] return (a <= b)? b : (Float.isNaN(a) || Float.isNaN(b)? Float.NaN : b);        return (a <= b) ? b : (Float.isNaN(a + b) ? Float.NaN : b);\n    [javac]                                                                                                                      ^\n    [javac] /data/cmd/Ming/llm-fl-apr/tmp/Math_59-prompt_apr_5-doubao-pro-4k/src/main/java/org/apache/commons/math/util/FastMath.java:3481: error: illegal start of type\n    [javac] return (a <= b)? b : (Float.isNaN(a) || Float.isNaN(b)? Float.NaN : b);        return (a <= b) ? b : (Float.isNaN(a + b) ? Float.NaN : b);\n    [javac]                                                                                                                        ^\n    [javac] /data/cmd/Ming/llm-fl-apr/tmp/Math_59-prompt_apr_5-doubao-pro-4k/src/main/java/org/apache/commons/math/util/FastMath.java:3481: error: <identifier> expected\n    [javac] return (a <= b)? b : (Float.isNaN(a) || Float.isNaN(b)? Float.NaN : b);        return (a <= b) ? b : (Float.isNaN(a + b) ? Float.NaN : b);\n    [javac]                                                                                                                         ^\n    [javac] /data/cmd/Ming/llm-fl-apr/tmp/Math_59-prompt_apr_5-doubao-pro-4k/src/main/java/org/apache/commons/math/util/FastMath.java:3481: error: ';' expected\n    [javac] return (a <= b)? b : (Float.isNaN(a) || Float.isNaN(b)? Float.NaN : b);        return (a <= b) ? b : (Float.isNaN(a + b) ? Float.NaN : b);\n    [javac]                                                                                                                           ^\n    [javac] /data/cmd/Ming/llm-fl-apr/tmp/Math_59-prompt_apr_5-doubao-pro-4k/src/main/java/org/apache/commons/math/util/FastMath.java:3481: error: illegal start of type\n    [javac] return (a <= b)? b : (Float.isNaN(a) || Float.isNaN(b)? Float.NaN : b);        return (a <= b) ? b : (Float.isNaN(a + b) ? Float.NaN : b);\n    [javac]                                                                                                                                 ^\n    [javac] /data/cmd/Ming/llm-fl-apr/tmp/Math_59-prompt_apr_5-doubao-pro-4k/src/main/java/org/apache/commons/math/util/FastMath.java:3481: error: ';' expected\n    [javac] return (a <= b)? b : (Float.isNaN(a) || Float.isNaN(b)? Float.NaN : b);        return (a <= b) ? b : (Float.isNaN(a + b) ? Float.NaN : b);\n    [javac]                                                                                                                                     ^\n    [javac] /data/cmd/Ming/llm-fl-apr/tmp/Math_59-prompt_apr_5-doubao-pro-4k/src/main/java/org/apache/commons/math/util/FastMath.java:3481: error: <identifier> expected\n    [javac] return (a <= b)? b : (Float.isNaN(a) || Float.isNaN(b)? Float.NaN : b);        return (a <= b) ? b : (Float.isNaN(a + b) ? Float.NaN : b);\n    [javac]                                                                                                                                         ^\n    [javac] /data/cmd/Ming/llm-fl-apr/tmp/Math_59-prompt_apr_5-doubao-pro-4k/src/main/java/org/apache/commons/math/util/FastMath.java:3489: error: class, interface, or enum expected\n    [javac]     public static double max(final double a, final double b) {\n    [javac]                   ^\n    [javac] /data/cmd/Ming/llm-fl-apr/tmp/Math_59-prompt_apr_5-doubao-pro-4k/src/main/java/org/apache/commons/math/util/FastMath.java:3489: error: class, interface, or enum expected\n    [javac]     public static double max(final double a, final double b) {\n    [javac]                                    ^\n    [javac] /data/cmd/Ming/llm-fl-apr/tmp/Math_59-prompt_apr_5-doubao-pro-4k/src/main/java/org/apache/commons/math/util/FastMath.java:3489: error: class, interface, or enum expected\n    [javac]     public static double max(final double a, final double b) {\n    [javac]                                                    ^\n    [javac] /data/cmd/Ming/llm-fl-apr/tmp/Math_59-prompt_apr_5-doubao-pro-4k/src/main/java/org/apache/commons/math/util/FastMath.java:3491: error: class, interface, or enum expected\n    [javac]     }\n    [javac]     ^\n    [javac] 34 errors\n    [javac] 1 warning\n\nBUILD FAILED\n/data/cmd/Ming/llm-fl-apr/tmp/Math_59-prompt_apr_5-doubao-pro-4k/build.xml:158: Compile failed; see the compiler error output for details.\n\nTotal time: 3 seconds\nCannot compile sources! at /data/cmd/Ming/LLM_Based-Mutation/tools/mutant/defects4j-2.1.0/framework/bin/d4j/d4j-compile line 82.\nCompilation failed in require at /data/cmd/Ming/LLM_Based-Mutation/tools/mutant/defects4j-2.1.0/framework/bin/defects4j line 195.\n"
                }
            },
            "gpt-4o-mini": {
                "compile": {
                    "rc": 1,
                    "so": "",
                    "se": "Running ant (compile)...................................................... FAIL\nExecuted command:  cd /data/cmd/Ming/llm-fl-apr/tmp/Math_59-prompt_apr_5-gpt-4o-mini && /data/cmd/Ming/LLM_Based-Mutation/tools/mutant/defects4j-2.1.0/major/bin/ant -f /data/cmd/Ming/LLM_Based-Mutation/tools/mutant/defects4j-2.1.0/framework/projects/defects4j.build.xml -Dd4j.home=/data/cmd/Ming/LLM_Based-Mutation/tools/mutant/defects4j-2.1.0 -Dd4j.dir.projects=/data/cmd/Ming/LLM_Based-Mutation/tools/mutant/defects4j-2.1.0/framework/projects -Dbasedir=/data/cmd/Ming/llm-fl-apr/tmp/Math_59-prompt_apr_5-gpt-4o-mini -Dbuild.compiler=javac1.7  compile 2>&1\nJava HotSpot(TM) 64-Bit Server VM warning: ignoring option MaxPermSize=1G; support was removed in 8.0\nBuildfile: /data/cmd/Ming/LLM_Based-Mutation/tools/mutant/defects4j-2.1.0/framework/projects/defects4j.build.xml\n\ninit:\n     [echo] -------- Commons MATH 3.0-SNAPSHOT --------\n    [mkdir] Created dir: /data/cmd/Ming/llm-fl-apr/tmp/Math_59-prompt_apr_5-gpt-4o-mini/target\n    [mkdir] Created dir: /data/cmd/Ming/llm-fl-apr/tmp/Math_59-prompt_apr_5-gpt-4o-mini/target/classes\n    [mkdir] Created dir: /data/cmd/Ming/llm-fl-apr/tmp/Math_59-prompt_apr_5-gpt-4o-mini/target/test-classes\n    [mkdir] Created dir: /data/cmd/Ming/llm-fl-apr/tmp/Math_59-prompt_apr_5-gpt-4o-mini/target/classes/META-INF\n     [copy] Copying 1 file to /data/cmd/Ming/llm-fl-apr/tmp/Math_59-prompt_apr_5-gpt-4o-mini/target/classes/META-INF\n\ncompile:\n    [javac] /data/cmd/Ming/llm-fl-apr/tmp/Math_59-prompt_apr_5-gpt-4o-mini/build.xml:158: warning: 'includeantruntime' was not set, defaulting to build.sysclasspath=last; set to false for repeatable builds\n    [javac] Compiling 499 source files to /data/cmd/Ming/llm-fl-apr/tmp/Math_59-prompt_apr_5-gpt-4o-mini/target/classes\n    [javac] warning: [options] bootstrap class path not set in conjunction with -source 1.5\n    [javac] /data/cmd/Ming/llm-fl-apr/tmp/Math_59-prompt_apr_5-gpt-4o-mini/src/main/java/org/apache/commons/math/util/FastMath.java:3489: error: illegal start of expression\n    [javac]     public static double max(final double a, final double b) {\n    [javac]     ^\n    [javac] /data/cmd/Ming/llm-fl-apr/tmp/Math_59-prompt_apr_5-gpt-4o-mini/src/main/java/org/apache/commons/math/util/FastMath.java:3489: error: illegal start of expression\n    [javac]     public static double max(final double a, final double b) {\n    [javac]            ^\n    [javac] /data/cmd/Ming/llm-fl-apr/tmp/Math_59-prompt_apr_5-gpt-4o-mini/src/main/java/org/apache/commons/math/util/FastMath.java:3489: error: ';' expected\n    [javac]     public static double max(final double a, final double b) {\n    [javac]                  ^\n    [javac] /data/cmd/Ming/llm-fl-apr/tmp/Math_59-prompt_apr_5-gpt-4o-mini/src/main/java/org/apache/commons/math/util/FastMath.java:3489: error: illegal start of expression\n    [javac]     public static double max(final double a, final double b) {\n    [javac]                              ^\n    [javac] /data/cmd/Ming/llm-fl-apr/tmp/Math_59-prompt_apr_5-gpt-4o-mini/src/main/java/org/apache/commons/math/util/FastMath.java:3489: error: ';' expected\n    [javac]     public static double max(final double a, final double b) {\n    [javac]                                   ^\n    [javac] /data/cmd/Ming/llm-fl-apr/tmp/Math_59-prompt_apr_5-gpt-4o-mini/src/main/java/org/apache/commons/math/util/FastMath.java:3489: error: not a statement\n    [javac]     public static double max(final double a, final double b) {\n    [javac]                                           ^\n    [javac] /data/cmd/Ming/llm-fl-apr/tmp/Math_59-prompt_apr_5-gpt-4o-mini/src/main/java/org/apache/commons/math/util/FastMath.java:3489: error: ';' expected\n    [javac]     public static double max(final double a, final double b) {\n    [javac]                                            ^\n    [javac] /data/cmd/Ming/llm-fl-apr/tmp/Math_59-prompt_apr_5-gpt-4o-mini/src/main/java/org/apache/commons/math/util/FastMath.java:3489: error: ';' expected\n    [javac]     public static double max(final double a, final double b) {\n    [javac]                                                            ^\n    [javac] /data/cmd/Ming/llm-fl-apr/tmp/Math_59-prompt_apr_5-gpt-4o-mini/src/main/java/org/apache/commons/math/util/FastMath.java:3493: error: reached end of file while parsing\n    [javac] }\n    [javac]  ^\n    [javac] 9 errors\n    [javac] 1 warning\n\nBUILD FAILED\n/data/cmd/Ming/llm-fl-apr/tmp/Math_59-prompt_apr_5-gpt-4o-mini/build.xml:158: Compile failed; see the compiler error output for details.\n\nTotal time: 4 seconds\nCannot compile sources! at /data/cmd/Ming/LLM_Based-Mutation/tools/mutant/defects4j-2.1.0/framework/bin/d4j/d4j-compile line 82.\nCompilation failed in require at /data/cmd/Ming/LLM_Based-Mutation/tools/mutant/defects4j-2.1.0/framework/bin/defects4j line 195.\n"
                }
            },
            "deepseek-chat": {
                "compile": {
                    "rc": 0,
                    "so": "",
                    "se": "Running ant (compile)...................................................... OK\nRunning ant (compile.tests)................................................ OK\n"
                },
                "test": {
                    "rc": 0,
                    "so": "Failing tests: 0\n",
                    "se": "Running ant (compile.tests)................................................ OK\nRunning ant (run.dev.tests)................................................ OK\n"
                }
            }
        },
        "prompt_apr_6": {
            "ernie-3.5-128k": {
                "compile": {
                    "rc": 1,
                    "so": "",
                    "se": "Running ant (compile)...................................................... FAIL\nExecuted command:  cd /data/cmd/Ming/llm-fl-apr/tmp/Math_59-prompt_apr_6-ernie-3.5-128k && /data/cmd/Ming/LLM_Based-Mutation/tools/mutant/defects4j-2.1.0/major/bin/ant -f /data/cmd/Ming/LLM_Based-Mutation/tools/mutant/defects4j-2.1.0/framework/projects/defects4j.build.xml -Dd4j.home=/data/cmd/Ming/LLM_Based-Mutation/tools/mutant/defects4j-2.1.0 -Dd4j.dir.projects=/data/cmd/Ming/LLM_Based-Mutation/tools/mutant/defects4j-2.1.0/framework/projects -Dbasedir=/data/cmd/Ming/llm-fl-apr/tmp/Math_59-prompt_apr_6-ernie-3.5-128k -Dbuild.compiler=javac1.7  compile 2>&1\nJava HotSpot(TM) 64-Bit Server VM warning: ignoring option MaxPermSize=1G; support was removed in 8.0\nBuildfile: /data/cmd/Ming/LLM_Based-Mutation/tools/mutant/defects4j-2.1.0/framework/projects/defects4j.build.xml\n\ninit:\n     [echo] -------- Commons MATH 3.0-SNAPSHOT --------\n    [mkdir] Created dir: /data/cmd/Ming/llm-fl-apr/tmp/Math_59-prompt_apr_6-ernie-3.5-128k/target\n    [mkdir] Created dir: /data/cmd/Ming/llm-fl-apr/tmp/Math_59-prompt_apr_6-ernie-3.5-128k/target/classes\n    [mkdir] Created dir: /data/cmd/Ming/llm-fl-apr/tmp/Math_59-prompt_apr_6-ernie-3.5-128k/target/test-classes\n    [mkdir] Created dir: /data/cmd/Ming/llm-fl-apr/tmp/Math_59-prompt_apr_6-ernie-3.5-128k/target/classes/META-INF\n     [copy] Copying 1 file to /data/cmd/Ming/llm-fl-apr/tmp/Math_59-prompt_apr_6-ernie-3.5-128k/target/classes/META-INF\n\ncompile:\n    [javac] /data/cmd/Ming/llm-fl-apr/tmp/Math_59-prompt_apr_6-ernie-3.5-128k/build.xml:158: warning: 'includeantruntime' was not set, defaulting to build.sysclasspath=last; set to false for repeatable builds\n    [javac] Compiling 499 source files to /data/cmd/Ming/llm-fl-apr/tmp/Math_59-prompt_apr_6-ernie-3.5-128k/target/classes\n    [javac] warning: [options] bootstrap class path not set in conjunction with -source 1.5\n    [javac] /data/cmd/Ming/llm-fl-apr/tmp/Math_59-prompt_apr_6-ernie-3.5-128k/src/main/java/org/apache/commons/math/util/FastMath.java:3489: error: illegal start of expression\n    [javac]     public static double max(final double a, final double b) {\n    [javac]     ^\n    [javac] /data/cmd/Ming/llm-fl-apr/tmp/Math_59-prompt_apr_6-ernie-3.5-128k/src/main/java/org/apache/commons/math/util/FastMath.java:3489: error: illegal start of expression\n    [javac]     public static double max(final double a, final double b) {\n    [javac]            ^\n    [javac] /data/cmd/Ming/llm-fl-apr/tmp/Math_59-prompt_apr_6-ernie-3.5-128k/src/main/java/org/apache/commons/math/util/FastMath.java:3489: error: ';' expected\n    [javac]     public static double max(final double a, final double b) {\n    [javac]                  ^\n    [javac] /data/cmd/Ming/llm-fl-apr/tmp/Math_59-prompt_apr_6-ernie-3.5-128k/src/main/java/org/apache/commons/math/util/FastMath.java:3489: error: illegal start of expression\n    [javac]     public static double max(final double a, final double b) {\n    [javac]                              ^\n    [javac] /data/cmd/Ming/llm-fl-apr/tmp/Math_59-prompt_apr_6-ernie-3.5-128k/src/main/java/org/apache/commons/math/util/FastMath.java:3489: error: ';' expected\n    [javac]     public static double max(final double a, final double b) {\n    [javac]                                   ^\n    [javac] /data/cmd/Ming/llm-fl-apr/tmp/Math_59-prompt_apr_6-ernie-3.5-128k/src/main/java/org/apache/commons/math/util/FastMath.java:3489: error: not a statement\n    [javac]     public static double max(final double a, final double b) {\n    [javac]                                           ^\n    [javac] /data/cmd/Ming/llm-fl-apr/tmp/Math_59-prompt_apr_6-ernie-3.5-128k/src/main/java/org/apache/commons/math/util/FastMath.java:3489: error: ';' expected\n    [javac]     public static double max(final double a, final double b) {\n    [javac]                                            ^\n    [javac] /data/cmd/Ming/llm-fl-apr/tmp/Math_59-prompt_apr_6-ernie-3.5-128k/src/main/java/org/apache/commons/math/util/FastMath.java:3489: error: ';' expected\n    [javac]     public static double max(final double a, final double b) {\n    [javac]                                                            ^\n    [javac] /data/cmd/Ming/llm-fl-apr/tmp/Math_59-prompt_apr_6-ernie-3.5-128k/src/main/java/org/apache/commons/math/util/FastMath.java:3493: error: reached end of file while parsing\n    [javac] }\n    [javac]  ^\n    [javac] 9 errors\n    [javac] 1 warning\n\nBUILD FAILED\n/data/cmd/Ming/llm-fl-apr/tmp/Math_59-prompt_apr_6-ernie-3.5-128k/build.xml:158: Compile failed; see the compiler error output for details.\n\nTotal time: 5 seconds\nCannot compile sources! at /data/cmd/Ming/LLM_Based-Mutation/tools/mutant/defects4j-2.1.0/framework/bin/d4j/d4j-compile line 82.\nCompilation failed in require at /data/cmd/Ming/LLM_Based-Mutation/tools/mutant/defects4j-2.1.0/framework/bin/defects4j line 195.\n"
                }
            },
            "qwen-turbo": {
                "compile": {
                    "rc": 0,
                    "so": "",
                    "se": "Running ant (compile)...................................................... OK\nRunning ant (compile.tests)................................................ OK\n"
                },
                "test": {
                    "rc": 0,
                    "so": "Failing tests: 1\n  - org.apache.commons.math.util.FastMathTest::testMinMaxFloat\n",
                    "se": "Running ant (compile.tests)................................................ OK\nRunning ant (run.dev.tests)................................................ OK\n"
                }
            },
            "doubao-pro-4k": {
                "compile": {
                    "rc": 1,
                    "so": "",
                    "se": "Running ant (compile)...................................................... FAIL\nExecuted command:  cd /data/cmd/Ming/llm-fl-apr/tmp/Math_59-prompt_apr_6-doubao-pro-4k && /data/cmd/Ming/LLM_Based-Mutation/tools/mutant/defects4j-2.1.0/major/bin/ant -f /data/cmd/Ming/LLM_Based-Mutation/tools/mutant/defects4j-2.1.0/framework/projects/defects4j.build.xml -Dd4j.home=/data/cmd/Ming/LLM_Based-Mutation/tools/mutant/defects4j-2.1.0 -Dd4j.dir.projects=/data/cmd/Ming/LLM_Based-Mutation/tools/mutant/defects4j-2.1.0/framework/projects -Dbasedir=/data/cmd/Ming/llm-fl-apr/tmp/Math_59-prompt_apr_6-doubao-pro-4k -Dbuild.compiler=javac1.7  compile 2>&1\nJava HotSpot(TM) 64-Bit Server VM warning: ignoring option MaxPermSize=1G; support was removed in 8.0\nBuildfile: /data/cmd/Ming/LLM_Based-Mutation/tools/mutant/defects4j-2.1.0/framework/projects/defects4j.build.xml\n\ninit:\n     [echo] -------- Commons MATH 3.0-SNAPSHOT --------\n    [mkdir] Created dir: /data/cmd/Ming/llm-fl-apr/tmp/Math_59-prompt_apr_6-doubao-pro-4k/target\n    [mkdir] Created dir: /data/cmd/Ming/llm-fl-apr/tmp/Math_59-prompt_apr_6-doubao-pro-4k/target/classes\n    [mkdir] Created dir: /data/cmd/Ming/llm-fl-apr/tmp/Math_59-prompt_apr_6-doubao-pro-4k/target/test-classes\n    [mkdir] Created dir: /data/cmd/Ming/llm-fl-apr/tmp/Math_59-prompt_apr_6-doubao-pro-4k/target/classes/META-INF\n     [copy] Copying 1 file to /data/cmd/Ming/llm-fl-apr/tmp/Math_59-prompt_apr_6-doubao-pro-4k/target/classes/META-INF\n\ncompile:\n    [javac] /data/cmd/Ming/llm-fl-apr/tmp/Math_59-prompt_apr_6-doubao-pro-4k/build.xml:158: warning: 'includeantruntime' was not set, defaulting to build.sysclasspath=last; set to false for repeatable builds\n    [javac] Compiling 499 source files to /data/cmd/Ming/llm-fl-apr/tmp/Math_59-prompt_apr_6-doubao-pro-4k/target/classes\n    [javac] warning: [options] bootstrap class path not set in conjunction with -source 1.5\n    [javac] /data/cmd/Ming/llm-fl-apr/tmp/Math_59-prompt_apr_6-doubao-pro-4k/src/main/java/org/apache/commons/math/util/FastMath.java:3489: error: illegal start of expression\n    [javac]     public static double max(final double a, final double b) {\n    [javac]     ^\n    [javac] /data/cmd/Ming/llm-fl-apr/tmp/Math_59-prompt_apr_6-doubao-pro-4k/src/main/java/org/apache/commons/math/util/FastMath.java:3489: error: illegal start of expression\n    [javac]     public static double max(final double a, final double b) {\n    [javac]            ^\n    [javac] /data/cmd/Ming/llm-fl-apr/tmp/Math_59-prompt_apr_6-doubao-pro-4k/src/main/java/org/apache/commons/math/util/FastMath.java:3489: error: ';' expected\n    [javac]     public static double max(final double a, final double b) {\n    [javac]                  ^\n    [javac] /data/cmd/Ming/llm-fl-apr/tmp/Math_59-prompt_apr_6-doubao-pro-4k/src/main/java/org/apache/commons/math/util/FastMath.java:3489: error: illegal start of expression\n    [javac]     public static double max(final double a, final double b) {\n    [javac]                              ^\n    [javac] /data/cmd/Ming/llm-fl-apr/tmp/Math_59-prompt_apr_6-doubao-pro-4k/src/main/java/org/apache/commons/math/util/FastMath.java:3489: error: ';' expected\n    [javac]     public static double max(final double a, final double b) {\n    [javac]                                   ^\n    [javac] /data/cmd/Ming/llm-fl-apr/tmp/Math_59-prompt_apr_6-doubao-pro-4k/src/main/java/org/apache/commons/math/util/FastMath.java:3489: error: not a statement\n    [javac]     public static double max(final double a, final double b) {\n    [javac]                                           ^\n    [javac] /data/cmd/Ming/llm-fl-apr/tmp/Math_59-prompt_apr_6-doubao-pro-4k/src/main/java/org/apache/commons/math/util/FastMath.java:3489: error: ';' expected\n    [javac]     public static double max(final double a, final double b) {\n    [javac]                                            ^\n    [javac] /data/cmd/Ming/llm-fl-apr/tmp/Math_59-prompt_apr_6-doubao-pro-4k/src/main/java/org/apache/commons/math/util/FastMath.java:3489: error: ';' expected\n    [javac]     public static double max(final double a, final double b) {\n    [javac]                                                            ^\n    [javac] /data/cmd/Ming/llm-fl-apr/tmp/Math_59-prompt_apr_6-doubao-pro-4k/src/main/java/org/apache/commons/math/util/FastMath.java:3493: error: reached end of file while parsing\n    [javac] }\n    [javac]  ^\n    [javac] 9 errors\n    [javac] 1 warning\n\nBUILD FAILED\n/data/cmd/Ming/llm-fl-apr/tmp/Math_59-prompt_apr_6-doubao-pro-4k/build.xml:158: Compile failed; see the compiler error output for details.\n\nTotal time: 4 seconds\nCannot compile sources! at /data/cmd/Ming/LLM_Based-Mutation/tools/mutant/defects4j-2.1.0/framework/bin/d4j/d4j-compile line 82.\nCompilation failed in require at /data/cmd/Ming/LLM_Based-Mutation/tools/mutant/defects4j-2.1.0/framework/bin/defects4j line 195.\n"
                }
            },
            "gpt-4o-mini": {
                "compile": {
                    "rc": 1,
                    "so": "",
                    "se": "Running ant (compile)...................................................... FAIL\nExecuted command:  cd /data/cmd/Ming/llm-fl-apr/tmp/Math_59-prompt_apr_6-gpt-4o-mini && /data/cmd/Ming/LLM_Based-Mutation/tools/mutant/defects4j-2.1.0/major/bin/ant -f /data/cmd/Ming/LLM_Based-Mutation/tools/mutant/defects4j-2.1.0/framework/projects/defects4j.build.xml -Dd4j.home=/data/cmd/Ming/LLM_Based-Mutation/tools/mutant/defects4j-2.1.0 -Dd4j.dir.projects=/data/cmd/Ming/LLM_Based-Mutation/tools/mutant/defects4j-2.1.0/framework/projects -Dbasedir=/data/cmd/Ming/llm-fl-apr/tmp/Math_59-prompt_apr_6-gpt-4o-mini -Dbuild.compiler=javac1.7  compile 2>&1\nJava HotSpot(TM) 64-Bit Server VM warning: ignoring option MaxPermSize=1G; support was removed in 8.0\nBuildfile: /data/cmd/Ming/LLM_Based-Mutation/tools/mutant/defects4j-2.1.0/framework/projects/defects4j.build.xml\n\ninit:\n     [echo] -------- Commons MATH 3.0-SNAPSHOT --------\n    [mkdir] Created dir: /data/cmd/Ming/llm-fl-apr/tmp/Math_59-prompt_apr_6-gpt-4o-mini/target\n    [mkdir] Created dir: /data/cmd/Ming/llm-fl-apr/tmp/Math_59-prompt_apr_6-gpt-4o-mini/target/classes\n    [mkdir] Created dir: /data/cmd/Ming/llm-fl-apr/tmp/Math_59-prompt_apr_6-gpt-4o-mini/target/test-classes\n    [mkdir] Created dir: /data/cmd/Ming/llm-fl-apr/tmp/Math_59-prompt_apr_6-gpt-4o-mini/target/classes/META-INF\n     [copy] Copying 1 file to /data/cmd/Ming/llm-fl-apr/tmp/Math_59-prompt_apr_6-gpt-4o-mini/target/classes/META-INF\n\ncompile:\n    [javac] /data/cmd/Ming/llm-fl-apr/tmp/Math_59-prompt_apr_6-gpt-4o-mini/build.xml:158: warning: 'includeantruntime' was not set, defaulting to build.sysclasspath=last; set to false for repeatable builds\n    [javac] Compiling 499 source files to /data/cmd/Ming/llm-fl-apr/tmp/Math_59-prompt_apr_6-gpt-4o-mini/target/classes\n    [javac] warning: [options] bootstrap class path not set in conjunction with -source 1.5\n    [javac] /data/cmd/Ming/llm-fl-apr/tmp/Math_59-prompt_apr_6-gpt-4o-mini/src/main/java/org/apache/commons/math/util/FastMath.java:3489: error: illegal start of expression\n    [javac]     public static double max(final double a, final double b) {\n    [javac]     ^\n    [javac] /data/cmd/Ming/llm-fl-apr/tmp/Math_59-prompt_apr_6-gpt-4o-mini/src/main/java/org/apache/commons/math/util/FastMath.java:3489: error: illegal start of expression\n    [javac]     public static double max(final double a, final double b) {\n    [javac]            ^\n    [javac] /data/cmd/Ming/llm-fl-apr/tmp/Math_59-prompt_apr_6-gpt-4o-mini/src/main/java/org/apache/commons/math/util/FastMath.java:3489: error: ';' expected\n    [javac]     public static double max(final double a, final double b) {\n    [javac]                  ^\n    [javac] /data/cmd/Ming/llm-fl-apr/tmp/Math_59-prompt_apr_6-gpt-4o-mini/src/main/java/org/apache/commons/math/util/FastMath.java:3489: error: illegal start of expression\n    [javac]     public static double max(final double a, final double b) {\n    [javac]                              ^\n    [javac] /data/cmd/Ming/llm-fl-apr/tmp/Math_59-prompt_apr_6-gpt-4o-mini/src/main/java/org/apache/commons/math/util/FastMath.java:3489: error: ';' expected\n    [javac]     public static double max(final double a, final double b) {\n    [javac]                                   ^\n    [javac] /data/cmd/Ming/llm-fl-apr/tmp/Math_59-prompt_apr_6-gpt-4o-mini/src/main/java/org/apache/commons/math/util/FastMath.java:3489: error: not a statement\n    [javac]     public static double max(final double a, final double b) {\n    [javac]                                           ^\n    [javac] /data/cmd/Ming/llm-fl-apr/tmp/Math_59-prompt_apr_6-gpt-4o-mini/src/main/java/org/apache/commons/math/util/FastMath.java:3489: error: ';' expected\n    [javac]     public static double max(final double a, final double b) {\n    [javac]                                            ^\n    [javac] /data/cmd/Ming/llm-fl-apr/tmp/Math_59-prompt_apr_6-gpt-4o-mini/src/main/java/org/apache/commons/math/util/FastMath.java:3489: error: ';' expected\n    [javac]     public static double max(final double a, final double b) {\n    [javac]                                                            ^\n    [javac] /data/cmd/Ming/llm-fl-apr/tmp/Math_59-prompt_apr_6-gpt-4o-mini/src/main/java/org/apache/commons/math/util/FastMath.java:3493: error: reached end of file while parsing\n    [javac] }\n    [javac]  ^\n    [javac] 9 errors\n    [javac] 1 warning\n\nBUILD FAILED\n/data/cmd/Ming/llm-fl-apr/tmp/Math_59-prompt_apr_6-gpt-4o-mini/build.xml:158: Compile failed; see the compiler error output for details.\n\nTotal time: 4 seconds\nCannot compile sources! at /data/cmd/Ming/LLM_Based-Mutation/tools/mutant/defects4j-2.1.0/framework/bin/d4j/d4j-compile line 82.\nCompilation failed in require at /data/cmd/Ming/LLM_Based-Mutation/tools/mutant/defects4j-2.1.0/framework/bin/defects4j line 195.\n"
                }
            },
            "deepseek-chat": {
                "compile": {
                    "rc": 0,
                    "so": "",
                    "se": "Running ant (compile)...................................................... OK\nRunning ant (compile.tests)................................................ OK\n"
                },
                "test": {
                    "rc": 0,
                    "so": "Failing tests: 0\n",
                    "se": "Running ant (compile.tests)................................................ OK\nRunning ant (run.dev.tests)................................................ OK\n"
                }
            }
        }
    }
}