{
    "overall_status": {
        "prompt_apr_1": {
            "ernie-3.5-128k": "Compile failed",
            "qwen-turbo": "Compile failed",
            "doubao-pro-4k": "Compile failed",
            "gpt-4o-mini": "Fail some tests",
            "deepseek-chat": "Fail some tests"
        },
        "prompt_apr_2": {
            "ernie-3.5-128k": "Compile failed",
            "qwen-turbo": "Compile failed",
            "doubao-pro-4k": "Compile failed",
            "gpt-4o-mini": "Compile failed",
            "deepseek-chat": "Fail some tests"
        },
        "prompt_apr_3": {
            "ernie-3.5-128k": "Compile failed",
            "qwen-turbo": "Compile failed",
            "doubao-pro-4k": "Compile failed",
            "gpt-4o-mini": "Compile failed",
            "deepseek-chat": "Compile failed"
        },
        "prompt_apr_4": {
            "ernie-3.5-128k": "Failed",
            "qwen-turbo": "Compile failed",
            "doubao-pro-4k": "Fail some tests",
            "gpt-4o-mini": "Fail some tests",
            "deepseek-chat": "Compile failed"
        },
        "prompt_apr_5": {
            "ernie-3.5-128k": "Compile failed",
            "qwen-turbo": "Compile failed",
            "doubao-pro-4k": "Compile failed",
            "gpt-4o-mini": "Compile failed",
            "deepseek-chat": "Compile failed"
        },
        "prompt_apr_6": {
            "ernie-3.5-128k": "Compile failed",
            "qwen-turbo": "Compile failed",
            "doubao-pro-4k": "Compile failed",
            "gpt-4o-mini": "Compile failed",
            "deepseek-chat": "Compile failed"
        }
    },
    "check_results_list": {
        "prompt_apr_1": {
            "ernie-3.5-128k": {
                "compile": {
                    "rc": 1,
                    "so": "",
                    "se": "Running ant (compile)...................................................... FAIL\nExecuted command:  cd /data/cmd/Ming/llm-fl-apr/tmp/Mockito_33-prompt_apr_1-ernie-3.5-128k && ant -f /data/cmd/Ming/LLM_Based-Mutation/tools/mutant/defects4j-2.1.0/framework/projects/defects4j.build.xml -Dd4j.home=/data/cmd/Ming/LLM_Based-Mutation/tools/mutant/defects4j-2.1.0 -Dd4j.dir.projects=/data/cmd/Ming/LLM_Based-Mutation/tools/mutant/defects4j-2.1.0/framework/projects -Dbasedir=/data/cmd/Ming/llm-fl-apr/tmp/Mockito_33-prompt_apr_1-ernie-3.5-128k -Dbuild.compiler=javac1.7  compile 2>&1\nJava HotSpot(TM) 64-Bit Server VM warning: ignoring option MaxPermSize=256M; support was removed in 8.0\nBuildfile: /data/cmd/Ming/LLM_Based-Mutation/tools/mutant/defects4j-2.1.0/framework/projects/defects4j.build.xml\n\ncompile:\n\ngradle.compile:\n\nant.compile:\n\nclean:\n\nprepare:\n    [mkdir] Created dir: /data/cmd/Ming/llm-fl-apr/tmp/Mockito_33-prompt_apr_1-ernie-3.5-128k/target/classes\n    [mkdir] Created dir: /data/cmd/Ming/llm-fl-apr/tmp/Mockito_33-prompt_apr_1-ernie-3.5-128k/target/test-classes\n    [mkdir] Created dir: /data/cmd/Ming/llm-fl-apr/tmp/Mockito_33-prompt_apr_1-ernie-3.5-128k/target/reports/junit\n\ncompile:\n    [javac] /data/cmd/Ming/llm-fl-apr/tmp/Mockito_33-prompt_apr_1-ernie-3.5-128k/build.xml:77: warning: 'includeantruntime' was not set, defaulting to build.sysclasspath=last; set to false for repeatable builds\n    [javac] Compiling 233 source files to /data/cmd/Ming/llm-fl-apr/tmp/Mockito_33-prompt_apr_1-ernie-3.5-128k/target/classes\n    [javac] /data/cmd/Ming/llm-fl-apr/tmp/Mockito_33-prompt_apr_1-ernie-3.5-128k/src/org/mockito/internal/invocation/InvocationMatcher.java:104: error: <identifier> expected\n    [javac] Note: The correction assumes that `this.getMethod()` is a valid method call within the context of the class where `hasSameMethod` is defined, and it returns the `Method` object that you want to compare with `candidate.getMethod()`. If `getMethod()` is not defined in the class or doesn't return the expected `Method` object, you'll need to adjust accordingly.    \n    [javac]     ^\n    [javac] /data/cmd/Ming/llm-fl-apr/tmp/Mockito_33-prompt_apr_1-ernie-3.5-128k/src/org/mockito/internal/invocation/InvocationMatcher.java:104: error: ';' expected\n    [javac] Note: The correction assumes that `this.getMethod()` is a valid method call within the context of the class where `hasSameMethod` is defined, and it returns the `Method` object that you want to compare with `candidate.getMethod()`. If `getMethod()` is not defined in the class or doesn't return the expected `Method` object, you'll need to adjust accordingly.    \n    [javac]                     ^\n    [javac] /data/cmd/Ming/llm-fl-apr/tmp/Mockito_33-prompt_apr_1-ernie-3.5-128k/src/org/mockito/internal/invocation/InvocationMatcher.java:104: error: illegal character: \\96\n    [javac] Note: The correction assumes that `this.getMethod()` is a valid method call within the context of the class where `hasSameMethod` is defined, and it returns the `Method` object that you want to compare with `candidate.getMethod()`. If `getMethod()` is not defined in the class or doesn't return the expected `Method` object, you'll need to adjust accordingly.    \n    [javac]                                   ^\n    [javac] /data/cmd/Ming/llm-fl-apr/tmp/Mockito_33-prompt_apr_1-ernie-3.5-128k/src/org/mockito/internal/invocation/InvocationMatcher.java:104: error: invalid method declaration; return type required\n    [javac] Note: The correction assumes that `this.getMethod()` is a valid method call within the context of the class where `hasSameMethod` is defined, and it returns the `Method` object that you want to compare with `candidate.getMethod()`. If `getMethod()` is not defined in the class or doesn't return the expected `Method` object, you'll need to adjust accordingly.    \n    [javac]                                         ^\n    [javac] /data/cmd/Ming/llm-fl-apr/tmp/Mockito_33-prompt_apr_1-ernie-3.5-128k/src/org/mockito/internal/invocation/InvocationMatcher.java:104: error: illegal character: \\96\n    [javac] Note: The correction assumes that `this.getMethod()` is a valid method call within the context of the class where `hasSameMethod` is defined, and it returns the `Method` object that you want to compare with `candidate.getMethod()`. If `getMethod()` is not defined in the class or doesn't return the expected `Method` object, you'll need to adjust accordingly.    \n    [javac]                                                    ^\n    [javac] /data/cmd/Ming/llm-fl-apr/tmp/Mockito_33-prompt_apr_1-ernie-3.5-128k/src/org/mockito/internal/invocation/InvocationMatcher.java:104: error: illegal character: \\96\n    [javac] Note: The correction assumes that `this.getMethod()` is a valid method call within the context of the class where `hasSameMethod` is defined, and it returns the `Method` object that you want to compare with `candidate.getMethod()`. If `getMethod()` is not defined in the class or doesn't return the expected `Method` object, you'll need to adjust accordingly.    \n    [javac]                                                                                                                   ^\n    [javac] /data/cmd/Ming/llm-fl-apr/tmp/Mockito_33-prompt_apr_1-ernie-3.5-128k/src/org/mockito/internal/invocation/InvocationMatcher.java:104: error: illegal character: \\96\n    [javac] Note: The correction assumes that `this.getMethod()` is a valid method call within the context of the class where `hasSameMethod` is defined, and it returns the `Method` object that you want to compare with `candidate.getMethod()`. If `getMethod()` is not defined in the class or doesn't return the expected `Method` object, you'll need to adjust accordingly.    \n    [javac]                                                                                                                                 ^\n    [javac] /data/cmd/Ming/llm-fl-apr/tmp/Mockito_33-prompt_apr_1-ernie-3.5-128k/src/org/mockito/internal/invocation/InvocationMatcher.java:104: error: illegal character: \\96\n    [javac] Note: The correction assumes that `this.getMethod()` is a valid method call within the context of the class where `hasSameMethod` is defined, and it returns the `Method` object that you want to compare with `candidate.getMethod()`. If `getMethod()` is not defined in the class or doesn't return the expected `Method` object, you'll need to adjust accordingly.    \n    [javac]                                                                                                                                                                  ^\n    [javac] /data/cmd/Ming/llm-fl-apr/tmp/Mockito_33-prompt_apr_1-ernie-3.5-128k/src/org/mockito/internal/invocation/InvocationMatcher.java:104: error: illegal character: \\96\n    [javac] Note: The correction assumes that `this.getMethod()` is a valid method call within the context of the class where `hasSameMethod` is defined, and it returns the `Method` object that you want to compare with `candidate.getMethod()`. If `getMethod()` is not defined in the class or doesn't return the expected `Method` object, you'll need to adjust accordingly.    \n    [javac]                                                                                                                                                                         ^\n    [javac] /data/cmd/Ming/llm-fl-apr/tmp/Mockito_33-prompt_apr_1-ernie-3.5-128k/src/org/mockito/internal/invocation/InvocationMatcher.java:104: error: illegal character: \\96\n    [javac] Note: The correction assumes that `this.getMethod()` is a valid method call within the context of the class where `hasSameMethod` is defined, and it returns the `Method` object that you want to compare with `candidate.getMethod()`. If `getMethod()` is not defined in the class or doesn't return the expected `Method` object, you'll need to adjust accordingly.    \n    [javac]                                                                                                                                                                                                                ^\n    [javac] /data/cmd/Ming/llm-fl-apr/tmp/Mockito_33-prompt_apr_1-ernie-3.5-128k/src/org/mockito/internal/invocation/InvocationMatcher.java:104: error: illegal character: \\96\n    [javac] Note: The correction assumes that `this.getMethod()` is a valid method call within the context of the class where `hasSameMethod` is defined, and it returns the `Method` object that you want to compare with `candidate.getMethod()`. If `getMethod()` is not defined in the class or doesn't return the expected `Method` object, you'll need to adjust accordingly.    \n    [javac]                                                                                                                                                                                                                                      ^\n    [javac] /data/cmd/Ming/llm-fl-apr/tmp/Mockito_33-prompt_apr_1-ernie-3.5-128k/src/org/mockito/internal/invocation/InvocationMatcher.java:104: error: illegal character: \\96\n    [javac] Note: The correction assumes that `this.getMethod()` is a valid method call within the context of the class where `hasSameMethod` is defined, and it returns the `Method` object that you want to compare with `candidate.getMethod()`. If `getMethod()` is not defined in the class or doesn't return the expected `Method` object, you'll need to adjust accordingly.    \n    [javac]                                                                                                                                                                                                                                            ^\n    [javac] /data/cmd/Ming/llm-fl-apr/tmp/Mockito_33-prompt_apr_1-ernie-3.5-128k/src/org/mockito/internal/invocation/InvocationMatcher.java:104: error: illegal character: \\96\n    [javac] Note: The correction assumes that `this.getMethod()` is a valid method call within the context of the class where `hasSameMethod` is defined, and it returns the `Method` object that you want to compare with `candidate.getMethod()`. If `getMethod()` is not defined in the class or doesn't return the expected `Method` object, you'll need to adjust accordingly.    \n    [javac]                                                                                                                                                                                                                                                        ^\n    [javac] /data/cmd/Ming/llm-fl-apr/tmp/Mockito_33-prompt_apr_1-ernie-3.5-128k/src/org/mockito/internal/invocation/InvocationMatcher.java:104: error: '{' expected\n    [javac] Note: The correction assumes that `this.getMethod()` is a valid method call within the context of the class where `hasSameMethod` is defined, and it returns the `Method` object that you want to compare with `candidate.getMethod()`. If `getMethod()` is not defined in the class or doesn't return the expected `Method` object, you'll need to adjust accordingly.    \n    [javac]                                                                                                                                                                                                                                                                                        ^\n    [javac] /data/cmd/Ming/llm-fl-apr/tmp/Mockito_33-prompt_apr_1-ernie-3.5-128k/src/org/mockito/internal/invocation/InvocationMatcher.java:104: error: unclosed character literal\n    [javac] Note: The correction assumes that `this.getMethod()` is a valid method call within the context of the class where `hasSameMethod` is defined, and it returns the `Method` object that you want to compare with `candidate.getMethod()`. If `getMethod()` is not defined in the class or doesn't return the expected `Method` object, you'll need to adjust accordingly.    \n    [javac]                                                                                                                                                                                                                                                                                              ^\n    [javac] /data/cmd/Ming/llm-fl-apr/tmp/Mockito_33-prompt_apr_1-ernie-3.5-128k/src/org/mockito/internal/invocation/InvocationMatcher.java:104: error: illegal character: \\96\n    [javac] Note: The correction assumes that `this.getMethod()` is a valid method call within the context of the class where `hasSameMethod` is defined, and it returns the `Method` object that you want to compare with `candidate.getMethod()`. If `getMethod()` is not defined in the class or doesn't return the expected `Method` object, you'll need to adjust accordingly.    \n    [javac]                                                                                                                                                                                                                                                                                                                     ^\n    [javac] /data/cmd/Ming/llm-fl-apr/tmp/Mockito_33-prompt_apr_1-ernie-3.5-128k/src/org/mockito/internal/invocation/InvocationMatcher.java:104: error: illegal character: \\96\n    [javac] Note: The correction assumes that `this.getMethod()` is a valid method call within the context of the class where `hasSameMethod` is defined, and it returns the `Method` object that you want to compare with `candidate.getMethod()`. If `getMethod()` is not defined in the class or doesn't return the expected `Method` object, you'll need to adjust accordingly.    \n    [javac]                                                                                                                                                                                                                                                                                                                            ^\n    [javac] /data/cmd/Ming/llm-fl-apr/tmp/Mockito_33-prompt_apr_1-ernie-3.5-128k/src/org/mockito/internal/invocation/InvocationMatcher.java:104: error: unclosed character literal\n    [javac] Note: The correction assumes that `this.getMethod()` is a valid method call within the context of the class where `hasSameMethod` is defined, and it returns the `Method` object that you want to compare with `candidate.getMethod()`. If `getMethod()` is not defined in the class or doesn't return the expected `Method` object, you'll need to adjust accordingly.    \n    [javac]                                                                                                                                                                                                                                                                                                                                         ^\n    [javac] /data/cmd/Ming/llm-fl-apr/tmp/Mockito_33-prompt_apr_1-ernie-3.5-128k/src/org/mockito/internal/invocation/InvocationMatcher.java:132: error: reached end of file while parsing\n    [javac] }\n    [javac]  ^\n    [javac] 19 errors\n\nBUILD FAILED\n/data/cmd/Ming/LLM_Based-Mutation/tools/mutant/defects4j-2.1.0/framework/projects/Mockito/Mockito.build.xml:148: The following error occurred while executing this line:\n/data/cmd/Ming/LLM_Based-Mutation/tools/mutant/defects4j-2.1.0/framework/projects/Mockito/Mockito.build.xml:69: The following error occurred while executing this line:\n/data/cmd/Ming/llm-fl-apr/tmp/Mockito_33-prompt_apr_1-ernie-3.5-128k/build.xml:77: Compile failed; see the compiler error output for details.\n\nTotal time: 3 seconds\nCannot compile sources! at /data/cmd/Ming/LLM_Based-Mutation/tools/mutant/defects4j-2.1.0/framework/bin/d4j/d4j-compile line 82.\nCompilation failed in require at /data/cmd/Ming/LLM_Based-Mutation/tools/mutant/defects4j-2.1.0/framework/bin/defects4j line 195.\n"
                }
            },
            "qwen-turbo": {
                "compile": {
                    "rc": 1,
                    "so": "",
                    "se": "Running ant (compile)...................................................... FAIL\nExecuted command:  cd /data/cmd/Ming/llm-fl-apr/tmp/Mockito_33-prompt_apr_1-qwen-turbo && ant -f /data/cmd/Ming/LLM_Based-Mutation/tools/mutant/defects4j-2.1.0/framework/projects/defects4j.build.xml -Dd4j.home=/data/cmd/Ming/LLM_Based-Mutation/tools/mutant/defects4j-2.1.0 -Dd4j.dir.projects=/data/cmd/Ming/LLM_Based-Mutation/tools/mutant/defects4j-2.1.0/framework/projects -Dbasedir=/data/cmd/Ming/llm-fl-apr/tmp/Mockito_33-prompt_apr_1-qwen-turbo -Dbuild.compiler=javac1.7  compile 2>&1\nJava HotSpot(TM) 64-Bit Server VM warning: ignoring option MaxPermSize=256M; support was removed in 8.0\nBuildfile: /data/cmd/Ming/LLM_Based-Mutation/tools/mutant/defects4j-2.1.0/framework/projects/defects4j.build.xml\n\ncompile:\n\ngradle.compile:\n\nant.compile:\n\nclean:\n\nprepare:\n    [mkdir] Created dir: /data/cmd/Ming/llm-fl-apr/tmp/Mockito_33-prompt_apr_1-qwen-turbo/target/classes\n    [mkdir] Created dir: /data/cmd/Ming/llm-fl-apr/tmp/Mockito_33-prompt_apr_1-qwen-turbo/target/test-classes\n    [mkdir] Created dir: /data/cmd/Ming/llm-fl-apr/tmp/Mockito_33-prompt_apr_1-qwen-turbo/target/reports/junit\n\ncompile:\n    [javac] /data/cmd/Ming/llm-fl-apr/tmp/Mockito_33-prompt_apr_1-qwen-turbo/build.xml:77: warning: 'includeantruntime' was not set, defaulting to build.sysclasspath=last; set to false for repeatable builds\n    [javac] Compiling 233 source files to /data/cmd/Ming/llm-fl-apr/tmp/Mockito_33-prompt_apr_1-qwen-turbo/target/classes\n    [javac] /data/cmd/Ming/llm-fl-apr/tmp/Mockito_33-prompt_apr_1-qwen-turbo/src/org/mockito/internal/invocation/InvocationMatcher.java:92: error: <identifier> expected\n    [javac] Certainly! The issue lies in the fact that you want to avoid using `equals` directly on the `Method` objects because sometimes Java generates forwarding methods when generics are involved. Instead, you should compare the names and parameter types of the methods. Here's the corrected version of your method:\n    [javac]          ^\n    [javac] /data/cmd/Ming/llm-fl-apr/tmp/Mockito_33-prompt_apr_1-qwen-turbo/src/org/mockito/internal/invocation/InvocationMatcher.java:92: error: ';' expected\n    [javac] Certainly! The issue lies in the fact that you want to avoid using `equals` directly on the `Method` objects because sometimes Java generates forwarding methods when generics are involved. Instead, you should compare the names and parameter types of the methods. Here's the corrected version of your method:\n    [javac]                     ^\n    [javac] /data/cmd/Ming/llm-fl-apr/tmp/Mockito_33-prompt_apr_1-qwen-turbo/src/org/mockito/internal/invocation/InvocationMatcher.java:92: error: ';' expected\n    [javac] Certainly! The issue lies in the fact that you want to avoid using `equals` directly on the `Method` objects because sometimes Java generates forwarding methods when generics are involved. Instead, you should compare the names and parameter types of the methods. Here's the corrected version of your method:\n    [javac]                             ^\n    [javac] /data/cmd/Ming/llm-fl-apr/tmp/Mockito_33-prompt_apr_1-qwen-turbo/src/org/mockito/internal/invocation/InvocationMatcher.java:92: error: ';' expected\n    [javac] Certainly! The issue lies in the fact that you want to avoid using `equals` directly on the `Method` objects because sometimes Java generates forwarding methods when generics are involved. Instead, you should compare the names and parameter types of the methods. Here's the corrected version of your method:\n    [javac]                                      ^\n    [javac] /data/cmd/Ming/llm-fl-apr/tmp/Mockito_33-prompt_apr_1-qwen-turbo/src/org/mockito/internal/invocation/InvocationMatcher.java:92: error: ';' expected\n    [javac] Certainly! The issue lies in the fact that you want to avoid using `equals` directly on the `Method` objects because sometimes Java generates forwarding methods when generics are involved. Instead, you should compare the names and parameter types of the methods. Here's the corrected version of your method:\n    [javac]                                               ^\n    [javac] /data/cmd/Ming/llm-fl-apr/tmp/Mockito_33-prompt_apr_1-qwen-turbo/src/org/mockito/internal/invocation/InvocationMatcher.java:92: error: ';' expected\n    [javac] Certainly! The issue lies in the fact that you want to avoid using `equals` directly on the `Method` objects because sometimes Java generates forwarding methods when generics are involved. Instead, you should compare the names and parameter types of the methods. Here's the corrected version of your method:\n    [javac]                                                       ^\n    [javac] /data/cmd/Ming/llm-fl-apr/tmp/Mockito_33-prompt_apr_1-qwen-turbo/src/org/mockito/internal/invocation/InvocationMatcher.java:92: error: illegal character: \\96\n    [javac] Certainly! The issue lies in the fact that you want to avoid using `equals` directly on the `Method` objects because sometimes Java generates forwarding methods when generics are involved. Instead, you should compare the names and parameter types of the methods. Here's the corrected version of your method:\n    [javac]                                                                    ^\n    [javac] /data/cmd/Ming/llm-fl-apr/tmp/Mockito_33-prompt_apr_1-qwen-turbo/src/org/mockito/internal/invocation/InvocationMatcher.java:92: error: illegal character: \\96\n    [javac] Certainly! The issue lies in the fact that you want to avoid using `equals` directly on the `Method` objects because sometimes Java generates forwarding methods when generics are involved. Instead, you should compare the names and parameter types of the methods. Here's the corrected version of your method:\n    [javac]                                                                           ^\n    [javac] /data/cmd/Ming/llm-fl-apr/tmp/Mockito_33-prompt_apr_1-qwen-turbo/src/org/mockito/internal/invocation/InvocationMatcher.java:92: error: ';' expected\n    [javac] Certainly! The issue lies in the fact that you want to avoid using `equals` directly on the `Method` objects because sometimes Java generates forwarding methods when generics are involved. Instead, you should compare the names and parameter types of the methods. Here's the corrected version of your method:\n    [javac]                                                                                        ^\n    [javac] /data/cmd/Ming/llm-fl-apr/tmp/Mockito_33-prompt_apr_1-qwen-turbo/src/org/mockito/internal/invocation/InvocationMatcher.java:92: error: illegal character: \\96\n    [javac] Certainly! The issue lies in the fact that you want to avoid using `equals` directly on the `Method` objects because sometimes Java generates forwarding methods when generics are involved. Instead, you should compare the names and parameter types of the methods. Here's the corrected version of your method:\n    [javac]                                                                                             ^\n    [javac] /data/cmd/Ming/llm-fl-apr/tmp/Mockito_33-prompt_apr_1-qwen-turbo/src/org/mockito/internal/invocation/InvocationMatcher.java:92: error: illegal character: \\96\n    [javac] Certainly! The issue lies in the fact that you want to avoid using `equals` directly on the `Method` objects because sometimes Java generates forwarding methods when generics are involved. Instead, you should compare the names and parameter types of the methods. Here's the corrected version of your method:\n    [javac]                                                                                                    ^\n    [javac] /data/cmd/Ming/llm-fl-apr/tmp/Mockito_33-prompt_apr_1-qwen-turbo/src/org/mockito/internal/invocation/InvocationMatcher.java:92: error: ';' expected\n    [javac] Certainly! The issue lies in the fact that you want to avoid using `equals` directly on the `Method` objects because sometimes Java generates forwarding methods when generics are involved. Instead, you should compare the names and parameter types of the methods. Here's the corrected version of your method:\n    [javac]                                                                                                                     ^\n    [javac] /data/cmd/Ming/llm-fl-apr/tmp/Mockito_33-prompt_apr_1-qwen-turbo/src/org/mockito/internal/invocation/InvocationMatcher.java:92: error: ';' expected\n    [javac] Certainly! The issue lies in the fact that you want to avoid using `equals` directly on the `Method` objects because sometimes Java generates forwarding methods when generics are involved. Instead, you should compare the names and parameter types of the methods. Here's the corrected version of your method:\n    [javac]                                                                                                                                    ^\n    [javac] /data/cmd/Ming/llm-fl-apr/tmp/Mockito_33-prompt_apr_1-qwen-turbo/src/org/mockito/internal/invocation/InvocationMatcher.java:92: error: ';' expected\n    [javac] Certainly! The issue lies in the fact that you want to avoid using `equals` directly on the `Method` objects because sometimes Java generates forwarding methods when generics are involved. Instead, you should compare the names and parameter types of the methods. Here's the corrected version of your method:\n    [javac]                                                                                                                                                         ^\n    [javac] /data/cmd/Ming/llm-fl-apr/tmp/Mockito_33-prompt_apr_1-qwen-turbo/src/org/mockito/internal/invocation/InvocationMatcher.java:92: error: ';' expected\n    [javac] Certainly! The issue lies in the fact that you want to avoid using `equals` directly on the `Method` objects because sometimes Java generates forwarding methods when generics are involved. Instead, you should compare the names and parameter types of the methods. Here's the corrected version of your method:\n    [javac]                                                                                                                                                                      ^\n    [javac] /data/cmd/Ming/llm-fl-apr/tmp/Mockito_33-prompt_apr_1-qwen-turbo/src/org/mockito/internal/invocation/InvocationMatcher.java:92: error: ';' expected\n    [javac] Certainly! The issue lies in the fact that you want to avoid using `equals` directly on the `Method` objects because sometimes Java generates forwarding methods when generics are involved. Instead, you should compare the names and parameter types of the methods. Here's the corrected version of your method:\n    [javac]                                                                                                                                                                                   ^\n    [javac] /data/cmd/Ming/llm-fl-apr/tmp/Mockito_33-prompt_apr_1-qwen-turbo/src/org/mockito/internal/invocation/InvocationMatcher.java:92: error: <identifier> expected\n    [javac] Certainly! The issue lies in the fact that you want to avoid using `equals` directly on the `Method` objects because sometimes Java generates forwarding methods when generics are involved. Instead, you should compare the names and parameter types of the methods. Here's the corrected version of your method:\n    [javac]                                                                                                                                                                                                     ^\n    [javac] /data/cmd/Ming/llm-fl-apr/tmp/Mockito_33-prompt_apr_1-qwen-turbo/src/org/mockito/internal/invocation/InvocationMatcher.java:92: error: ';' expected\n    [javac] Certainly! The issue lies in the fact that you want to avoid using `equals` directly on the `Method` objects because sometimes Java generates forwarding methods when generics are involved. Instead, you should compare the names and parameter types of the methods. Here's the corrected version of your method:\n    [javac]                                                                                                                                                                                                          ^\n    [javac] /data/cmd/Ming/llm-fl-apr/tmp/Mockito_33-prompt_apr_1-qwen-turbo/src/org/mockito/internal/invocation/InvocationMatcher.java:92: error: ';' expected\n    [javac] Certainly! The issue lies in the fact that you want to avoid using `equals` directly on the `Method` objects because sometimes Java generates forwarding methods when generics are involved. Instead, you should compare the names and parameter types of the methods. Here's the corrected version of your method:\n    [javac]                                                                                                                                                                                                                         ^\n    [javac] /data/cmd/Ming/llm-fl-apr/tmp/Mockito_33-prompt_apr_1-qwen-turbo/src/org/mockito/internal/invocation/InvocationMatcher.java:92: error: ';' expected\n    [javac] Certainly! The issue lies in the fact that you want to avoid using `equals` directly on the `Method` objects because sometimes Java generates forwarding methods when generics are involved. Instead, you should compare the names and parameter types of the methods. Here's the corrected version of your method:\n    [javac]                                                                                                                                                                                                                                   ^\n    [javac] /data/cmd/Ming/llm-fl-apr/tmp/Mockito_33-prompt_apr_1-qwen-turbo/src/org/mockito/internal/invocation/InvocationMatcher.java:92: error: ';' expected\n    [javac] Certainly! The issue lies in the fact that you want to avoid using `equals` directly on the `Method` objects because sometimes Java generates forwarding methods when generics are involved. Instead, you should compare the names and parameter types of the methods. Here's the corrected version of your method:\n    [javac]                                                                                                                                                                                                                                                 ^\n    [javac] /data/cmd/Ming/llm-fl-apr/tmp/Mockito_33-prompt_apr_1-qwen-turbo/src/org/mockito/internal/invocation/InvocationMatcher.java:92: error: ';' expected\n    [javac] Certainly! The issue lies in the fact that you want to avoid using `equals` directly on the `Method` objects because sometimes Java generates forwarding methods when generics are involved. Instead, you should compare the names and parameter types of the methods. Here's the corrected version of your method:\n    [javac]                                                                                                                                                                                                                                                          ^\n    [javac] /data/cmd/Ming/llm-fl-apr/tmp/Mockito_33-prompt_apr_1-qwen-turbo/src/org/mockito/internal/invocation/InvocationMatcher.java:92: error: ';' expected\n    [javac] Certainly! The issue lies in the fact that you want to avoid using `equals` directly on the `Method` objects because sometimes Java generates forwarding methods when generics are involved. Instead, you should compare the names and parameter types of the methods. Here's the corrected version of your method:\n    [javac]                                                                                                                                                                                                                                                                      ^\n    [javac] /data/cmd/Ming/llm-fl-apr/tmp/Mockito_33-prompt_apr_1-qwen-turbo/src/org/mockito/internal/invocation/InvocationMatcher.java:92: error: unclosed character literal\n    [javac] Certainly! The issue lies in the fact that you want to avoid using `equals` directly on the `Method` objects because sometimes Java generates forwarding methods when generics are involved. Instead, you should compare the names and parameter types of the methods. Here's the corrected version of your method:\n    [javac]                                                                                                                                                                                                                                                                            ^\n    [javac] /data/cmd/Ming/llm-fl-apr/tmp/Mockito_33-prompt_apr_1-qwen-turbo/src/org/mockito/internal/invocation/InvocationMatcher.java:92: error: ';' expected\n    [javac] Certainly! The issue lies in the fact that you want to avoid using `equals` directly on the `Method` objects because sometimes Java generates forwarding methods when generics are involved. Instead, you should compare the names and parameter types of the methods. Here's the corrected version of your method:\n    [javac]                                                                                                                                                                                                                                                                                            ^\n    [javac] /data/cmd/Ming/llm-fl-apr/tmp/Mockito_33-prompt_apr_1-qwen-turbo/src/org/mockito/internal/invocation/InvocationMatcher.java:92: error: ';' expected\n    [javac] Certainly! The issue lies in the fact that you want to avoid using `equals` directly on the `Method` objects because sometimes Java generates forwarding methods when generics are involved. Instead, you should compare the names and parameter types of the methods. Here's the corrected version of your method:\n    [javac]                                                                                                                                                                                                                                                                                                       ^\n    [javac] /data/cmd/Ming/llm-fl-apr/tmp/Mockito_33-prompt_apr_1-qwen-turbo/src/org/mockito/internal/invocation/InvocationMatcher.java:92: error: ';' expected\n    [javac] Certainly! The issue lies in the fact that you want to avoid using `equals` directly on the `Method` objects because sometimes Java generates forwarding methods when generics are involved. Instead, you should compare the names and parameter types of the methods. Here's the corrected version of your method:\n    [javac]                                                                                                                                                                                                                                                                                                                   ^\n    [javac] /data/cmd/Ming/llm-fl-apr/tmp/Mockito_33-prompt_apr_1-qwen-turbo/src/org/mockito/internal/invocation/InvocationMatcher.java:94: error: illegal character: \\96\n    [javac] ```java\n    [javac] ^\n    [javac] /data/cmd/Ming/llm-fl-apr/tmp/Mockito_33-prompt_apr_1-qwen-turbo/src/org/mockito/internal/invocation/InvocationMatcher.java:94: error: illegal character: \\96\n    [javac] ```java\n    [javac]  ^\n    [javac] /data/cmd/Ming/llm-fl-apr/tmp/Mockito_33-prompt_apr_1-qwen-turbo/src/org/mockito/internal/invocation/InvocationMatcher.java:94: error: illegal character: \\96\n    [javac] ```java\n    [javac]   ^\n    [javac] /data/cmd/Ming/llm-fl-apr/tmp/Mockito_33-prompt_apr_1-qwen-turbo/src/org/mockito/internal/invocation/InvocationMatcher.java:94: error: <identifier> expected\n    [javac] ```java\n    [javac]        ^\n    [javac] /data/cmd/Ming/llm-fl-apr/tmp/Mockito_33-prompt_apr_1-qwen-turbo/src/org/mockito/internal/invocation/InvocationMatcher.java:104: error: illegal character: \\96\n    [javac] ```\n    [javac] ^\n    [javac] /data/cmd/Ming/llm-fl-apr/tmp/Mockito_33-prompt_apr_1-qwen-turbo/src/org/mockito/internal/invocation/InvocationMatcher.java:104: error: illegal character: \\96\n    [javac] ```\n    [javac]  ^\n    [javac] /data/cmd/Ming/llm-fl-apr/tmp/Mockito_33-prompt_apr_1-qwen-turbo/src/org/mockito/internal/invocation/InvocationMatcher.java:104: error: illegal character: \\96\n    [javac] ```\n    [javac]   ^\n    [javac] /data/cmd/Ming/llm-fl-apr/tmp/Mockito_33-prompt_apr_1-qwen-turbo/src/org/mockito/internal/invocation/InvocationMatcher.java:106: error: ';' expected\n    [javac] This ensures that the methods being compared have the same name and parameter types, which is a more robust way to determine if they are effectively the same method even when generics are involved.    \n    [javac]                  ^\n    [javac] /data/cmd/Ming/llm-fl-apr/tmp/Mockito_33-prompt_apr_1-qwen-turbo/src/org/mockito/internal/invocation/InvocationMatcher.java:106: error: ';' expected\n    [javac] This ensures that the methods being compared have the same name and parameter types, which is a more robust way to determine if they are effectively the same method even when generics are involved.    \n    [javac]                              ^\n    [javac] /data/cmd/Ming/llm-fl-apr/tmp/Mockito_33-prompt_apr_1-qwen-turbo/src/org/mockito/internal/invocation/InvocationMatcher.java:106: error: ';' expected\n    [javac] This ensures that the methods being compared have the same name and parameter types, which is a more robust way to determine if they are effectively the same method even when generics are involved.    \n    [javac]                                             ^\n    [javac] /data/cmd/Ming/llm-fl-apr/tmp/Mockito_33-prompt_apr_1-qwen-turbo/src/org/mockito/internal/invocation/InvocationMatcher.java:106: error: ';' expected\n    [javac] This ensures that the methods being compared have the same name and parameter types, which is a more robust way to determine if they are effectively the same method even when generics are involved.    \n    [javac]                                                      ^\n    [javac] /data/cmd/Ming/llm-fl-apr/tmp/Mockito_33-prompt_apr_1-qwen-turbo/src/org/mockito/internal/invocation/InvocationMatcher.java:106: error: ';' expected\n    [javac] This ensures that the methods being compared have the same name and parameter types, which is a more robust way to determine if they are effectively the same method even when generics are involved.    \n    [javac]                                                                ^\n    [javac] /data/cmd/Ming/llm-fl-apr/tmp/Mockito_33-prompt_apr_1-qwen-turbo/src/org/mockito/internal/invocation/InvocationMatcher.java:106: error: ';' expected\n    [javac] This ensures that the methods being compared have the same name and parameter types, which is a more robust way to determine if they are effectively the same method even when generics are involved.    \n    [javac]                                                                              ^\n    [javac] /data/cmd/Ming/llm-fl-apr/tmp/Mockito_33-prompt_apr_1-qwen-turbo/src/org/mockito/internal/invocation/InvocationMatcher.java:106: error: <identifier> expected\n    [javac] This ensures that the methods being compared have the same name and parameter types, which is a more robust way to determine if they are effectively the same method even when generics are involved.    \n    [javac]                                                                                    ^\n    [javac] /data/cmd/Ming/llm-fl-apr/tmp/Mockito_33-prompt_apr_1-qwen-turbo/src/org/mockito/internal/invocation/InvocationMatcher.java:106: error: ';' expected\n    [javac] This ensures that the methods being compared have the same name and parameter types, which is a more robust way to determine if they are effectively the same method even when generics are involved.    \n    [javac]                                                                                           ^\n    [javac] /data/cmd/Ming/llm-fl-apr/tmp/Mockito_33-prompt_apr_1-qwen-turbo/src/org/mockito/internal/invocation/InvocationMatcher.java:106: error: ';' expected\n    [javac] This ensures that the methods being compared have the same name and parameter types, which is a more robust way to determine if they are effectively the same method even when generics are involved.    \n    [javac]                                                                                                ^\n    [javac] /data/cmd/Ming/llm-fl-apr/tmp/Mockito_33-prompt_apr_1-qwen-turbo/src/org/mockito/internal/invocation/InvocationMatcher.java:106: error: ';' expected\n    [javac] This ensures that the methods being compared have the same name and parameter types, which is a more robust way to determine if they are effectively the same method even when generics are involved.    \n    [javac]                                                                                                            ^\n    [javac] /data/cmd/Ming/llm-fl-apr/tmp/Mockito_33-prompt_apr_1-qwen-turbo/src/org/mockito/internal/invocation/InvocationMatcher.java:106: error: ';' expected\n    [javac] This ensures that the methods being compared have the same name and parameter types, which is a more robust way to determine if they are effectively the same method even when generics are involved.    \n    [javac]                                                                                                                   ^\n    [javac] /data/cmd/Ming/llm-fl-apr/tmp/Mockito_33-prompt_apr_1-qwen-turbo/src/org/mockito/internal/invocation/InvocationMatcher.java:106: error: <identifier> expected\n    [javac] This ensures that the methods being compared have the same name and parameter types, which is a more robust way to determine if they are effectively the same method even when generics are involved.    \n    [javac]                                                                                                                             ^\n    [javac] /data/cmd/Ming/llm-fl-apr/tmp/Mockito_33-prompt_apr_1-qwen-turbo/src/org/mockito/internal/invocation/InvocationMatcher.java:106: error: ';' expected\n    [javac] This ensures that the methods being compared have the same name and parameter types, which is a more robust way to determine if they are effectively the same method even when generics are involved.    \n    [javac]                                                                                                                                         ^\n    [javac] /data/cmd/Ming/llm-fl-apr/tmp/Mockito_33-prompt_apr_1-qwen-turbo/src/org/mockito/internal/invocation/InvocationMatcher.java:106: error: ';' expected\n    [javac] This ensures that the methods being compared have the same name and parameter types, which is a more robust way to determine if they are effectively the same method even when generics are involved.    \n    [javac]                                                                                                                                                         ^\n    [javac] /data/cmd/Ming/llm-fl-apr/tmp/Mockito_33-prompt_apr_1-qwen-turbo/src/org/mockito/internal/invocation/InvocationMatcher.java:106: error: ';' expected\n    [javac] This ensures that the methods being compared have the same name and parameter types, which is a more robust way to determine if they are effectively the same method even when generics are involved.    \n    [javac]                                                                                                                                                                     ^\n    [javac] /data/cmd/Ming/llm-fl-apr/tmp/Mockito_33-prompt_apr_1-qwen-turbo/src/org/mockito/internal/invocation/InvocationMatcher.java:106: error: ';' expected\n    [javac] This ensures that the methods being compared have the same name and parameter types, which is a more robust way to determine if they are effectively the same method even when generics are involved.    \n    [javac]                                                                                                                                                                               ^\n    [javac] /data/cmd/Ming/llm-fl-apr/tmp/Mockito_33-prompt_apr_1-qwen-turbo/src/org/mockito/internal/invocation/InvocationMatcher.java:106: error: ';' expected\n    [javac] This ensures that the methods being compared have the same name and parameter types, which is a more robust way to determine if they are effectively the same method even when generics are involved.    \n    [javac]                                                                                                                                                                                            ^\n    [javac] /data/cmd/Ming/llm-fl-apr/tmp/Mockito_33-prompt_apr_1-qwen-turbo/src/org/mockito/internal/invocation/InvocationMatcher.java:106: error: <identifier> expected\n    [javac] This ensures that the methods being compared have the same name and parameter types, which is a more robust way to determine if they are effectively the same method even when generics are involved.    \n    [javac]                                                                                                                                                                                                      ^\n    [javac] /data/cmd/Ming/llm-fl-apr/tmp/Mockito_33-prompt_apr_1-qwen-turbo/src/org/mockito/internal/invocation/InvocationMatcher.java:107: error: ';' expected\n    [javac]     public Location getLocation() {\n    [javac]           ^\n    [javac] /data/cmd/Ming/llm-fl-apr/tmp/Mockito_33-prompt_apr_1-qwen-turbo/src/org/mockito/internal/invocation/InvocationMatcher.java:107: error: invalid method declaration; return type required\n    [javac]     public Location getLocation() {\n    [javac]                     ^\n    [javac] 54 errors\n\nBUILD FAILED\n/data/cmd/Ming/LLM_Based-Mutation/tools/mutant/defects4j-2.1.0/framework/projects/Mockito/Mockito.build.xml:148: The following error occurred while executing this line:\n/data/cmd/Ming/LLM_Based-Mutation/tools/mutant/defects4j-2.1.0/framework/projects/Mockito/Mockito.build.xml:69: The following error occurred while executing this line:\n/data/cmd/Ming/llm-fl-apr/tmp/Mockito_33-prompt_apr_1-qwen-turbo/build.xml:77: Compile failed; see the compiler error output for details.\n\nTotal time: 2 seconds\nCannot compile sources! at /data/cmd/Ming/LLM_Based-Mutation/tools/mutant/defects4j-2.1.0/framework/bin/d4j/d4j-compile line 82.\nCompilation failed in require at /data/cmd/Ming/LLM_Based-Mutation/tools/mutant/defects4j-2.1.0/framework/bin/defects4j line 195.\n"
                }
            },
            "doubao-pro-4k": {
                "compile": {
                    "rc": 1,
                    "so": "",
                    "se": "Running ant (compile)...................................................... FAIL\nExecuted command:  cd /data/cmd/Ming/llm-fl-apr/tmp/Mockito_33-prompt_apr_1-doubao-pro-4k && ant -f /data/cmd/Ming/LLM_Based-Mutation/tools/mutant/defects4j-2.1.0/framework/projects/defects4j.build.xml -Dd4j.home=/data/cmd/Ming/LLM_Based-Mutation/tools/mutant/defects4j-2.1.0 -Dd4j.dir.projects=/data/cmd/Ming/LLM_Based-Mutation/tools/mutant/defects4j-2.1.0/framework/projects -Dbasedir=/data/cmd/Ming/llm-fl-apr/tmp/Mockito_33-prompt_apr_1-doubao-pro-4k -Dbuild.compiler=javac1.7  compile 2>&1\nJava HotSpot(TM) 64-Bit Server VM warning: ignoring option MaxPermSize=256M; support was removed in 8.0\nBuildfile: /data/cmd/Ming/LLM_Based-Mutation/tools/mutant/defects4j-2.1.0/framework/projects/defects4j.build.xml\n\ncompile:\n\ngradle.compile:\n\nant.compile:\n\nclean:\n\nprepare:\n    [mkdir] Created dir: /data/cmd/Ming/llm-fl-apr/tmp/Mockito_33-prompt_apr_1-doubao-pro-4k/target/classes\n    [mkdir] Created dir: /data/cmd/Ming/llm-fl-apr/tmp/Mockito_33-prompt_apr_1-doubao-pro-4k/target/test-classes\n    [mkdir] Created dir: /data/cmd/Ming/llm-fl-apr/tmp/Mockito_33-prompt_apr_1-doubao-pro-4k/target/reports/junit\n\ncompile:\n    [javac] /data/cmd/Ming/llm-fl-apr/tmp/Mockito_33-prompt_apr_1-doubao-pro-4k/build.xml:77: warning: 'includeantruntime' was not set, defaulting to build.sysclasspath=last; set to false for repeatable builds\n    [javac] Compiling 233 source files to /data/cmd/Ming/llm-fl-apr/tmp/Mockito_33-prompt_apr_1-doubao-pro-4k/target/classes\n    [javac] /data/cmd/Ming/llm-fl-apr/tmp/Mockito_33-prompt_apr_1-doubao-pro-4k/src/org/mockito/configuration/DefaultMockitoConfiguration.java:7: warning: [deprecation] ReturnValues in org.mockito has been deprecated\n    [javac] import org.mockito.ReturnValues;\n    [javac]                   ^\n    [javac] /data/cmd/Ming/llm-fl-apr/tmp/Mockito_33-prompt_apr_1-doubao-pro-4k/src/org/mockito/configuration/IMockitoConfiguration.java:7: warning: [deprecation] ReturnValues in org.mockito has been deprecated\n    [javac] import org.mockito.ReturnValues;\n    [javac]                   ^\n    [javac] /data/cmd/Ming/llm-fl-apr/tmp/Mockito_33-prompt_apr_1-doubao-pro-4k/src/org/mockito/internal/configuration/GlobalConfiguration.java:7: warning: [deprecation] ReturnValues in org.mockito has been deprecated\n    [javac] import org.mockito.ReturnValues;\n    [javac]                   ^\n    [javac] /data/cmd/Ming/llm-fl-apr/tmp/Mockito_33-prompt_apr_1-doubao-pro-4k/src/org/mockito/internal/runners/JUnit44RunnerImpl.java:7: warning: [deprecation] InitializationError in org.junit.internal.runners has been deprecated\n    [javac] import org.junit.internal.runners.InitializationError;\n    [javac]                                  ^\n    [javac] /data/cmd/Ming/llm-fl-apr/tmp/Mockito_33-prompt_apr_1-doubao-pro-4k/src/org/mockito/internal/runners/JUnit44RunnerImpl.java:8: warning: [deprecation] JUnit4ClassRunner in org.junit.internal.runners has been deprecated\n    [javac] import org.junit.internal.runners.JUnit4ClassRunner;\n    [javac]                                  ^\n    [javac] /data/cmd/Ming/llm-fl-apr/tmp/Mockito_33-prompt_apr_1-doubao-pro-4k/src/org/mockito/internal/stubbing/answers/AnswerReturnValuesAdapter.java:9: warning: [deprecation] ReturnValues in org.mockito has been deprecated\n    [javac] import org.mockito.ReturnValues;\n    [javac]                   ^\n    [javac] /data/cmd/Ming/llm-fl-apr/tmp/Mockito_33-prompt_apr_1-doubao-pro-4k/src/org/mockito/internal/invocation/InvocationMatcher.java:101: error: cannot find symbol\n    [javac]         return m1.getName().equals(m2.getName()) && Arrays.equals(m1.getParameterTypes(), m2.getParameterTypes());\n    [javac]                                                     ^\n    [javac]   symbol:   variable Arrays\n    [javac]   location: class InvocationMatcher\n    [javac] /data/cmd/Ming/llm-fl-apr/tmp/Mockito_33-prompt_apr_1-doubao-pro-4k/src/org/mockito/internal/configuration/DefaultAnnotationEngine.java:34: warning: [deprecation] createMockFor(Annotation,Field) in AnnotationEngine has been deprecated\n    [javac]     public Object createMockFor(Annotation annotation, Field field) {\n    [javac]                   ^\n    [javac] /data/cmd/Ming/llm-fl-apr/tmp/Mockito_33-prompt_apr_1-doubao-pro-4k/src/org/mockito/internal/configuration/SpyAnnotationEngine.java:22: warning: [deprecation] createMockFor(Annotation,Field) in AnnotationEngine has been deprecated\n    [javac]     public Object createMockFor(Annotation annotation, Field field) {\n    [javac]                   ^\n    [javac] 1 error\n    [javac] 8 warnings\n\nBUILD FAILED\n/data/cmd/Ming/LLM_Based-Mutation/tools/mutant/defects4j-2.1.0/framework/projects/Mockito/Mockito.build.xml:148: The following error occurred while executing this line:\n/data/cmd/Ming/LLM_Based-Mutation/tools/mutant/defects4j-2.1.0/framework/projects/Mockito/Mockito.build.xml:69: The following error occurred while executing this line:\n/data/cmd/Ming/llm-fl-apr/tmp/Mockito_33-prompt_apr_1-doubao-pro-4k/build.xml:77: Compile failed; see the compiler error output for details.\n\nTotal time: 5 seconds\nCannot compile sources! at /data/cmd/Ming/LLM_Based-Mutation/tools/mutant/defects4j-2.1.0/framework/bin/d4j/d4j-compile line 82.\nCompilation failed in require at /data/cmd/Ming/LLM_Based-Mutation/tools/mutant/defects4j-2.1.0/framework/bin/defects4j line 195.\n"
                }
            },
            "gpt-4o-mini": {
                "compile": {
                    "rc": 0,
                    "so": "",
                    "se": "Running ant (compile)...................................................... OK\nRunning ant (compile.tests)................................................ OK\n"
                },
                "test": {
                    "rc": 0,
                    "so": "Failing tests: 2\n  - org.mockitousage.bugs.InheritedGenericsPolimorphicCallTest::shouldStubbingWork\n  - org.mockitousage.bugs.InheritedGenericsPolimorphicCallTest::shouldVerificationWorks\n",
                    "se": "Running ant (compile.tests)................................................ OK\nRunning ant (run.dev.tests)................................................ OK\n"
                }
            },
            "deepseek-chat": {
                "compile": {
                    "rc": 0,
                    "so": "",
                    "se": "Running ant (compile)...................................................... OK\nRunning ant (compile.tests)................................................ OK\n"
                },
                "test": {
                    "rc": 0,
                    "so": "Failing tests: 2\n  - org.mockitousage.bugs.InheritedGenericsPolimorphicCallTest::shouldStubbingWork\n  - org.mockitousage.bugs.InheritedGenericsPolimorphicCallTest::shouldVerificationWorks\n",
                    "se": "Running ant (compile.tests)................................................ OK\nRunning ant (run.dev.tests)................................................ OK\n"
                }
            }
        },
        "prompt_apr_2": {
            "ernie-3.5-128k": {
                "compile": {
                    "rc": 1,
                    "so": "",
                    "se": "Running ant (compile)...................................................... FAIL\nExecuted command:  cd /data/cmd/Ming/llm-fl-apr/tmp/Mockito_33-prompt_apr_2-ernie-3.5-128k && ant -f /data/cmd/Ming/LLM_Based-Mutation/tools/mutant/defects4j-2.1.0/framework/projects/defects4j.build.xml -Dd4j.home=/data/cmd/Ming/LLM_Based-Mutation/tools/mutant/defects4j-2.1.0 -Dd4j.dir.projects=/data/cmd/Ming/LLM_Based-Mutation/tools/mutant/defects4j-2.1.0/framework/projects -Dbasedir=/data/cmd/Ming/llm-fl-apr/tmp/Mockito_33-prompt_apr_2-ernie-3.5-128k -Dbuild.compiler=javac1.7  compile 2>&1\nJava HotSpot(TM) 64-Bit Server VM warning: ignoring option MaxPermSize=256M; support was removed in 8.0\nBuildfile: /data/cmd/Ming/LLM_Based-Mutation/tools/mutant/defects4j-2.1.0/framework/projects/defects4j.build.xml\n\ncompile:\n\ngradle.compile:\n\nant.compile:\n\nclean:\n\nprepare:\n    [mkdir] Created dir: /data/cmd/Ming/llm-fl-apr/tmp/Mockito_33-prompt_apr_2-ernie-3.5-128k/target/classes\n    [mkdir] Created dir: /data/cmd/Ming/llm-fl-apr/tmp/Mockito_33-prompt_apr_2-ernie-3.5-128k/target/test-classes\n    [mkdir] Created dir: /data/cmd/Ming/llm-fl-apr/tmp/Mockito_33-prompt_apr_2-ernie-3.5-128k/target/reports/junit\n\ncompile:\n    [javac] /data/cmd/Ming/llm-fl-apr/tmp/Mockito_33-prompt_apr_2-ernie-3.5-128k/build.xml:77: warning: 'includeantruntime' was not set, defaulting to build.sysclasspath=last; set to false for repeatable builds\n    [javac] Compiling 233 source files to /data/cmd/Ming/llm-fl-apr/tmp/Mockito_33-prompt_apr_2-ernie-3.5-128k/target/classes\n    [javac] /data/cmd/Ming/llm-fl-apr/tmp/Mockito_33-prompt_apr_2-ernie-3.5-128k/src/org/mockito/configuration/DefaultMockitoConfiguration.java:7: warning: [deprecation] ReturnValues in org.mockito has been deprecated\n    [javac] import org.mockito.ReturnValues;\n    [javac]                   ^\n    [javac] /data/cmd/Ming/llm-fl-apr/tmp/Mockito_33-prompt_apr_2-ernie-3.5-128k/src/org/mockito/configuration/IMockitoConfiguration.java:7: warning: [deprecation] ReturnValues in org.mockito has been deprecated\n    [javac] import org.mockito.ReturnValues;\n    [javac]                   ^\n    [javac] /data/cmd/Ming/llm-fl-apr/tmp/Mockito_33-prompt_apr_2-ernie-3.5-128k/src/org/mockito/internal/configuration/GlobalConfiguration.java:7: warning: [deprecation] ReturnValues in org.mockito has been deprecated\n    [javac] import org.mockito.ReturnValues;\n    [javac]                   ^\n    [javac] /data/cmd/Ming/llm-fl-apr/tmp/Mockito_33-prompt_apr_2-ernie-3.5-128k/src/org/mockito/internal/runners/JUnit44RunnerImpl.java:7: warning: [deprecation] InitializationError in org.junit.internal.runners has been deprecated\n    [javac] import org.junit.internal.runners.InitializationError;\n    [javac]                                  ^\n    [javac] /data/cmd/Ming/llm-fl-apr/tmp/Mockito_33-prompt_apr_2-ernie-3.5-128k/src/org/mockito/internal/runners/JUnit44RunnerImpl.java:8: warning: [deprecation] JUnit4ClassRunner in org.junit.internal.runners has been deprecated\n    [javac] import org.junit.internal.runners.JUnit4ClassRunner;\n    [javac]                                  ^\n    [javac] /data/cmd/Ming/llm-fl-apr/tmp/Mockito_33-prompt_apr_2-ernie-3.5-128k/src/org/mockito/internal/stubbing/answers/AnswerReturnValuesAdapter.java:9: warning: [deprecation] ReturnValues in org.mockito has been deprecated\n    [javac] import org.mockito.ReturnValues;\n    [javac]                   ^\n    [javac] /data/cmd/Ming/llm-fl-apr/tmp/Mockito_33-prompt_apr_2-ernie-3.5-128k/src/org/mockito/internal/invocation/InvocationMatcher.java:101: error: cannot find symbol\n    [javac]            Arrays.equals(m1.getParameterTypes(), m2.getParameterTypes()) &&\n    [javac]            ^\n    [javac]   symbol:   variable Arrays\n    [javac]   location: class InvocationMatcher\n    [javac] /data/cmd/Ming/llm-fl-apr/tmp/Mockito_33-prompt_apr_2-ernie-3.5-128k/src/org/mockito/internal/invocation/InvocationMatcher.java:103: error: cannot find symbol\n    [javac]            Arrays.equals(m1.getExceptionTypes(), m2.getExceptionTypes());\n    [javac]            ^\n    [javac]   symbol:   variable Arrays\n    [javac]   location: class InvocationMatcher\n    [javac] /data/cmd/Ming/llm-fl-apr/tmp/Mockito_33-prompt_apr_2-ernie-3.5-128k/src/org/mockito/internal/configuration/DefaultAnnotationEngine.java:34: warning: [deprecation] createMockFor(Annotation,Field) in AnnotationEngine has been deprecated\n    [javac]     public Object createMockFor(Annotation annotation, Field field) {\n    [javac]                   ^\n    [javac] /data/cmd/Ming/llm-fl-apr/tmp/Mockito_33-prompt_apr_2-ernie-3.5-128k/src/org/mockito/internal/configuration/SpyAnnotationEngine.java:22: warning: [deprecation] createMockFor(Annotation,Field) in AnnotationEngine has been deprecated\n    [javac]     public Object createMockFor(Annotation annotation, Field field) {\n    [javac]                   ^\n    [javac] 2 errors\n    [javac] 8 warnings\n\nBUILD FAILED\n/data/cmd/Ming/LLM_Based-Mutation/tools/mutant/defects4j-2.1.0/framework/projects/Mockito/Mockito.build.xml:148: The following error occurred while executing this line:\n/data/cmd/Ming/LLM_Based-Mutation/tools/mutant/defects4j-2.1.0/framework/projects/Mockito/Mockito.build.xml:69: The following error occurred while executing this line:\n/data/cmd/Ming/llm-fl-apr/tmp/Mockito_33-prompt_apr_2-ernie-3.5-128k/build.xml:77: Compile failed; see the compiler error output for details.\n\nTotal time: 5 seconds\nCannot compile sources! at /data/cmd/Ming/LLM_Based-Mutation/tools/mutant/defects4j-2.1.0/framework/bin/d4j/d4j-compile line 82.\nCompilation failed in require at /data/cmd/Ming/LLM_Based-Mutation/tools/mutant/defects4j-2.1.0/framework/bin/defects4j line 195.\n"
                }
            },
            "qwen-turbo": {
                "compile": {
                    "rc": 1,
                    "so": "",
                    "se": "Running ant (compile)...................................................... FAIL\nExecuted command:  cd /data/cmd/Ming/llm-fl-apr/tmp/Mockito_33-prompt_apr_2-qwen-turbo && ant -f /data/cmd/Ming/LLM_Based-Mutation/tools/mutant/defects4j-2.1.0/framework/projects/defects4j.build.xml -Dd4j.home=/data/cmd/Ming/LLM_Based-Mutation/tools/mutant/defects4j-2.1.0 -Dd4j.dir.projects=/data/cmd/Ming/LLM_Based-Mutation/tools/mutant/defects4j-2.1.0/framework/projects -Dbasedir=/data/cmd/Ming/llm-fl-apr/tmp/Mockito_33-prompt_apr_2-qwen-turbo -Dbuild.compiler=javac1.7  compile 2>&1\nJava HotSpot(TM) 64-Bit Server VM warning: ignoring option MaxPermSize=256M; support was removed in 8.0\nBuildfile: /data/cmd/Ming/LLM_Based-Mutation/tools/mutant/defects4j-2.1.0/framework/projects/defects4j.build.xml\n\ncompile:\n\ngradle.compile:\n\nant.compile:\n\nclean:\n\nprepare:\n    [mkdir] Created dir: /data/cmd/Ming/llm-fl-apr/tmp/Mockito_33-prompt_apr_2-qwen-turbo/target/classes\n    [mkdir] Created dir: /data/cmd/Ming/llm-fl-apr/tmp/Mockito_33-prompt_apr_2-qwen-turbo/target/test-classes\n    [mkdir] Created dir: /data/cmd/Ming/llm-fl-apr/tmp/Mockito_33-prompt_apr_2-qwen-turbo/target/reports/junit\n\ncompile:\n    [javac] /data/cmd/Ming/llm-fl-apr/tmp/Mockito_33-prompt_apr_2-qwen-turbo/build.xml:77: warning: 'includeantruntime' was not set, defaulting to build.sysclasspath=last; set to false for repeatable builds\n    [javac] Compiling 233 source files to /data/cmd/Ming/llm-fl-apr/tmp/Mockito_33-prompt_apr_2-qwen-turbo/target/classes\n    [javac] /data/cmd/Ming/llm-fl-apr/tmp/Mockito_33-prompt_apr_2-qwen-turbo/src/org/mockito/internal/invocation/InvocationMatcher.java:92: error: <identifier> expected\n    [javac] Certainly, here is the corrected method:\n    [javac]          ^\n    [javac] /data/cmd/Ming/llm-fl-apr/tmp/Mockito_33-prompt_apr_2-qwen-turbo/src/org/mockito/internal/invocation/InvocationMatcher.java:92: error: ';' expected\n    [javac] Certainly, here is the corrected method:\n    [javac]                ^\n    [javac] /data/cmd/Ming/llm-fl-apr/tmp/Mockito_33-prompt_apr_2-qwen-turbo/src/org/mockito/internal/invocation/InvocationMatcher.java:92: error: ';' expected\n    [javac] Certainly, here is the corrected method:\n    [javac]                       ^\n    [javac] /data/cmd/Ming/llm-fl-apr/tmp/Mockito_33-prompt_apr_2-qwen-turbo/src/org/mockito/internal/invocation/InvocationMatcher.java:92: error: ';' expected\n    [javac] Certainly, here is the corrected method:\n    [javac]                                        ^\n    [javac] /data/cmd/Ming/llm-fl-apr/tmp/Mockito_33-prompt_apr_2-qwen-turbo/src/org/mockito/internal/invocation/InvocationMatcher.java:94: error: illegal character: \\96\n    [javac] ```java\n    [javac] ^\n    [javac] /data/cmd/Ming/llm-fl-apr/tmp/Mockito_33-prompt_apr_2-qwen-turbo/src/org/mockito/internal/invocation/InvocationMatcher.java:94: error: illegal character: \\96\n    [javac] ```java\n    [javac]  ^\n    [javac] /data/cmd/Ming/llm-fl-apr/tmp/Mockito_33-prompt_apr_2-qwen-turbo/src/org/mockito/internal/invocation/InvocationMatcher.java:94: error: illegal character: \\96\n    [javac] ```java\n    [javac]   ^\n    [javac] /data/cmd/Ming/llm-fl-apr/tmp/Mockito_33-prompt_apr_2-qwen-turbo/src/org/mockito/internal/invocation/InvocationMatcher.java:94: error: <identifier> expected\n    [javac] ```java\n    [javac]        ^\n    [javac] /data/cmd/Ming/llm-fl-apr/tmp/Mockito_33-prompt_apr_2-qwen-turbo/src/org/mockito/internal/invocation/InvocationMatcher.java:106: error: illegal character: \\96\n    [javac] ```\n    [javac] ^\n    [javac] /data/cmd/Ming/llm-fl-apr/tmp/Mockito_33-prompt_apr_2-qwen-turbo/src/org/mockito/internal/invocation/InvocationMatcher.java:106: error: illegal character: \\96\n    [javac] ```\n    [javac]  ^\n    [javac] /data/cmd/Ming/llm-fl-apr/tmp/Mockito_33-prompt_apr_2-qwen-turbo/src/org/mockito/internal/invocation/InvocationMatcher.java:106: error: illegal character: \\96\n    [javac] ```\n    [javac]   ^\n    [javac] /data/cmd/Ming/llm-fl-apr/tmp/Mockito_33-prompt_apr_2-qwen-turbo/src/org/mockito/internal/invocation/InvocationMatcher.java:108: error: ';' expected\n    [javac] This version checks the method name, parameter types, and return type to determine if two methods are the same, which should handle the cases where `equals` might not work as expected due to Java's generic type erasure and method forwarding.    \n    [javac]                    ^\n    [javac] /data/cmd/Ming/llm-fl-apr/tmp/Mockito_33-prompt_apr_2-qwen-turbo/src/org/mockito/internal/invocation/InvocationMatcher.java:108: error: ';' expected\n    [javac] This version checks the method name, parameter types, and return type to determine if two methods are the same, which should handle the cases where `equals` might not work as expected due to Java's generic type erasure and method forwarding.    \n    [javac]                               ^\n    [javac] /data/cmd/Ming/llm-fl-apr/tmp/Mockito_33-prompt_apr_2-qwen-turbo/src/org/mockito/internal/invocation/InvocationMatcher.java:108: error: <identifier> expected\n    [javac] This version checks the method name, parameter types, and return type to determine if two methods are the same, which should handle the cases where `equals` might not work as expected due to Java's generic type erasure and method forwarding.    \n    [javac]                                    ^\n    [javac] /data/cmd/Ming/llm-fl-apr/tmp/Mockito_33-prompt_apr_2-qwen-turbo/src/org/mockito/internal/invocation/InvocationMatcher.java:108: error: ';' expected\n    [javac] This version checks the method name, parameter types, and return type to determine if two methods are the same, which should handle the cases where `equals` might not work as expected due to Java's generic type erasure and method forwarding.    \n    [javac]                                               ^\n    [javac] /data/cmd/Ming/llm-fl-apr/tmp/Mockito_33-prompt_apr_2-qwen-turbo/src/org/mockito/internal/invocation/InvocationMatcher.java:108: error: <identifier> expected\n    [javac] This version checks the method name, parameter types, and return type to determine if two methods are the same, which should handle the cases where `equals` might not work as expected due to Java's generic type erasure and method forwarding.    \n    [javac]                                                     ^\n    [javac] /data/cmd/Ming/llm-fl-apr/tmp/Mockito_33-prompt_apr_2-qwen-turbo/src/org/mockito/internal/invocation/InvocationMatcher.java:108: error: ';' expected\n    [javac] This version checks the method name, parameter types, and return type to determine if two methods are the same, which should handle the cases where `equals` might not work as expected due to Java's generic type erasure and method forwarding.    \n    [javac]                                                          ^\n    [javac] /data/cmd/Ming/llm-fl-apr/tmp/Mockito_33-prompt_apr_2-qwen-turbo/src/org/mockito/internal/invocation/InvocationMatcher.java:108: error: ';' expected\n    [javac] This version checks the method name, parameter types, and return type to determine if two methods are the same, which should handle the cases where `equals` might not work as expected due to Java's generic type erasure and method forwarding.    \n    [javac]                                                                         ^\n    [javac] /data/cmd/Ming/llm-fl-apr/tmp/Mockito_33-prompt_apr_2-qwen-turbo/src/org/mockito/internal/invocation/InvocationMatcher.java:108: error: <identifier> expected\n    [javac] This version checks the method name, parameter types, and return type to determine if two methods are the same, which should handle the cases where `equals` might not work as expected due to Java's generic type erasure and method forwarding.    \n    [javac]                                                                                   ^\n    [javac] /data/cmd/Ming/llm-fl-apr/tmp/Mockito_33-prompt_apr_2-qwen-turbo/src/org/mockito/internal/invocation/InvocationMatcher.java:108: error: ';' expected\n    [javac] This version checks the method name, parameter types, and return type to determine if two methods are the same, which should handle the cases where `equals` might not work as expected due to Java's generic type erasure and method forwarding.    \n    [javac]                                                                                                  ^\n    [javac] /data/cmd/Ming/llm-fl-apr/tmp/Mockito_33-prompt_apr_2-qwen-turbo/src/org/mockito/internal/invocation/InvocationMatcher.java:108: error: ';' expected\n    [javac] This version checks the method name, parameter types, and return type to determine if two methods are the same, which should handle the cases where `equals` might not work as expected due to Java's generic type erasure and method forwarding.    \n    [javac]                                                                                                          ^\n    [javac] /data/cmd/Ming/llm-fl-apr/tmp/Mockito_33-prompt_apr_2-qwen-turbo/src/org/mockito/internal/invocation/InvocationMatcher.java:108: error: <identifier> expected\n    [javac] This version checks the method name, parameter types, and return type to determine if two methods are the same, which should handle the cases where `equals` might not work as expected due to Java's generic type erasure and method forwarding.    \n    [javac]                                                                                                               ^\n    [javac] /data/cmd/Ming/llm-fl-apr/tmp/Mockito_33-prompt_apr_2-qwen-turbo/src/org/mockito/internal/invocation/InvocationMatcher.java:108: error: ';' expected\n    [javac] This version checks the method name, parameter types, and return type to determine if two methods are the same, which should handle the cases where `equals` might not work as expected due to Java's generic type erasure and method forwarding.    \n    [javac]                                                                                                                      ^\n    [javac] /data/cmd/Ming/llm-fl-apr/tmp/Mockito_33-prompt_apr_2-qwen-turbo/src/org/mockito/internal/invocation/InvocationMatcher.java:108: error: ';' expected\n    [javac] This version checks the method name, parameter types, and return type to determine if two methods are the same, which should handle the cases where `equals` might not work as expected due to Java's generic type erasure and method forwarding.    \n    [javac]                                                                                                                                    ^\n    [javac] /data/cmd/Ming/llm-fl-apr/tmp/Mockito_33-prompt_apr_2-qwen-turbo/src/org/mockito/internal/invocation/InvocationMatcher.java:108: error: ';' expected\n    [javac] This version checks the method name, parameter types, and return type to determine if two methods are the same, which should handle the cases where `equals` might not work as expected due to Java's generic type erasure and method forwarding.    \n    [javac]                                                                                                                                              ^\n    [javac] /data/cmd/Ming/llm-fl-apr/tmp/Mockito_33-prompt_apr_2-qwen-turbo/src/org/mockito/internal/invocation/InvocationMatcher.java:108: error: illegal character: \\96\n    [javac] This version checks the method name, parameter types, and return type to determine if two methods are the same, which should handle the cases where `equals` might not work as expected due to Java's generic type erasure and method forwarding.    \n    [javac]                                                                                                                                                     ^\n    [javac] /data/cmd/Ming/llm-fl-apr/tmp/Mockito_33-prompt_apr_2-qwen-turbo/src/org/mockito/internal/invocation/InvocationMatcher.java:108: error: illegal character: \\96\n    [javac] This version checks the method name, parameter types, and return type to determine if two methods are the same, which should handle the cases where `equals` might not work as expected due to Java's generic type erasure and method forwarding.    \n    [javac]                                                                                                                                                            ^\n    [javac] /data/cmd/Ming/llm-fl-apr/tmp/Mockito_33-prompt_apr_2-qwen-turbo/src/org/mockito/internal/invocation/InvocationMatcher.java:108: error: ';' expected\n    [javac] This version checks the method name, parameter types, and return type to determine if two methods are the same, which should handle the cases where `equals` might not work as expected due to Java's generic type erasure and method forwarding.    \n    [javac]                                                                                                                                                                       ^\n    [javac] /data/cmd/Ming/llm-fl-apr/tmp/Mockito_33-prompt_apr_2-qwen-turbo/src/org/mockito/internal/invocation/InvocationMatcher.java:108: error: ';' expected\n    [javac] This version checks the method name, parameter types, and return type to determine if two methods are the same, which should handle the cases where `equals` might not work as expected due to Java's generic type erasure and method forwarding.    \n    [javac]                                                                                                                                                                               ^\n    [javac] /data/cmd/Ming/llm-fl-apr/tmp/Mockito_33-prompt_apr_2-qwen-turbo/src/org/mockito/internal/invocation/InvocationMatcher.java:108: error: ';' expected\n    [javac] This version checks the method name, parameter types, and return type to determine if two methods are the same, which should handle the cases where `equals` might not work as expected due to Java's generic type erasure and method forwarding.    \n    [javac]                                                                                                                                                                                            ^\n    [javac] /data/cmd/Ming/llm-fl-apr/tmp/Mockito_33-prompt_apr_2-qwen-turbo/src/org/mockito/internal/invocation/InvocationMatcher.java:108: error: unclosed character literal\n    [javac] This version checks the method name, parameter types, and return type to determine if two methods are the same, which should handle the cases where `equals` might not work as expected due to Java's generic type erasure and method forwarding.    \n    [javac]                                                                                                                                                                                                    ^\n    [javac] /data/cmd/Ming/llm-fl-apr/tmp/Mockito_33-prompt_apr_2-qwen-turbo/src/org/mockito/internal/invocation/InvocationMatcher.java:108: error: ';' expected\n    [javac] This version checks the method name, parameter types, and return type to determine if two methods are the same, which should handle the cases where `equals` might not work as expected due to Java's generic type erasure and method forwarding.    \n    [javac]                                                                                                                                                                                                                   ^\n    [javac] /data/cmd/Ming/llm-fl-apr/tmp/Mockito_33-prompt_apr_2-qwen-turbo/src/org/mockito/internal/invocation/InvocationMatcher.java:108: error: ';' expected\n    [javac] This version checks the method name, parameter types, and return type to determine if two methods are the same, which should handle the cases where `equals` might not work as expected due to Java's generic type erasure and method forwarding.    \n    [javac]                                                                                                                                                                                                                               ^\n    [javac] /data/cmd/Ming/llm-fl-apr/tmp/Mockito_33-prompt_apr_2-qwen-turbo/src/org/mockito/internal/invocation/InvocationMatcher.java:108: error: ';' expected\n    [javac] This version checks the method name, parameter types, and return type to determine if two methods are the same, which should handle the cases where `equals` might not work as expected due to Java's generic type erasure and method forwarding.    \n    [javac]                                                                                                                                                                                                                                                 ^\n    [javac] 34 errors\n\nBUILD FAILED\n/data/cmd/Ming/LLM_Based-Mutation/tools/mutant/defects4j-2.1.0/framework/projects/Mockito/Mockito.build.xml:148: The following error occurred while executing this line:\n/data/cmd/Ming/LLM_Based-Mutation/tools/mutant/defects4j-2.1.0/framework/projects/Mockito/Mockito.build.xml:69: The following error occurred while executing this line:\n/data/cmd/Ming/llm-fl-apr/tmp/Mockito_33-prompt_apr_2-qwen-turbo/build.xml:77: Compile failed; see the compiler error output for details.\n\nTotal time: 3 seconds\nCannot compile sources! at /data/cmd/Ming/LLM_Based-Mutation/tools/mutant/defects4j-2.1.0/framework/bin/d4j/d4j-compile line 82.\nCompilation failed in require at /data/cmd/Ming/LLM_Based-Mutation/tools/mutant/defects4j-2.1.0/framework/bin/defects4j line 195.\n"
                }
            },
            "doubao-pro-4k": {
                "compile": {
                    "rc": 1,
                    "so": "",
                    "se": "Running ant (compile)...................................................... FAIL\nExecuted command:  cd /data/cmd/Ming/llm-fl-apr/tmp/Mockito_33-prompt_apr_2-doubao-pro-4k && ant -f /data/cmd/Ming/LLM_Based-Mutation/tools/mutant/defects4j-2.1.0/framework/projects/defects4j.build.xml -Dd4j.home=/data/cmd/Ming/LLM_Based-Mutation/tools/mutant/defects4j-2.1.0 -Dd4j.dir.projects=/data/cmd/Ming/LLM_Based-Mutation/tools/mutant/defects4j-2.1.0/framework/projects -Dbasedir=/data/cmd/Ming/llm-fl-apr/tmp/Mockito_33-prompt_apr_2-doubao-pro-4k -Dbuild.compiler=javac1.7  compile 2>&1\nJava HotSpot(TM) 64-Bit Server VM warning: ignoring option MaxPermSize=256M; support was removed in 8.0\nBuildfile: /data/cmd/Ming/LLM_Based-Mutation/tools/mutant/defects4j-2.1.0/framework/projects/defects4j.build.xml\n\ncompile:\n\ngradle.compile:\n\nant.compile:\n\nclean:\n\nprepare:\n    [mkdir] Created dir: /data/cmd/Ming/llm-fl-apr/tmp/Mockito_33-prompt_apr_2-doubao-pro-4k/target/classes\n    [mkdir] Created dir: /data/cmd/Ming/llm-fl-apr/tmp/Mockito_33-prompt_apr_2-doubao-pro-4k/target/test-classes\n    [mkdir] Created dir: /data/cmd/Ming/llm-fl-apr/tmp/Mockito_33-prompt_apr_2-doubao-pro-4k/target/reports/junit\n\ncompile:\n    [javac] /data/cmd/Ming/llm-fl-apr/tmp/Mockito_33-prompt_apr_2-doubao-pro-4k/build.xml:77: warning: 'includeantruntime' was not set, defaulting to build.sysclasspath=last; set to false for repeatable builds\n    [javac] Compiling 233 source files to /data/cmd/Ming/llm-fl-apr/tmp/Mockito_33-prompt_apr_2-doubao-pro-4k/target/classes\n    [javac] /data/cmd/Ming/llm-fl-apr/tmp/Mockito_33-prompt_apr_2-doubao-pro-4k/src/org/mockito/configuration/DefaultMockitoConfiguration.java:7: warning: [deprecation] ReturnValues in org.mockito has been deprecated\n    [javac] import org.mockito.ReturnValues;\n    [javac]                   ^\n    [javac] /data/cmd/Ming/llm-fl-apr/tmp/Mockito_33-prompt_apr_2-doubao-pro-4k/src/org/mockito/configuration/IMockitoConfiguration.java:7: warning: [deprecation] ReturnValues in org.mockito has been deprecated\n    [javac] import org.mockito.ReturnValues;\n    [javac]                   ^\n    [javac] /data/cmd/Ming/llm-fl-apr/tmp/Mockito_33-prompt_apr_2-doubao-pro-4k/src/org/mockito/internal/configuration/GlobalConfiguration.java:7: warning: [deprecation] ReturnValues in org.mockito has been deprecated\n    [javac] import org.mockito.ReturnValues;\n    [javac]                   ^\n    [javac] /data/cmd/Ming/llm-fl-apr/tmp/Mockito_33-prompt_apr_2-doubao-pro-4k/src/org/mockito/internal/runners/JUnit44RunnerImpl.java:7: warning: [deprecation] InitializationError in org.junit.internal.runners has been deprecated\n    [javac] import org.junit.internal.runners.InitializationError;\n    [javac]                                  ^\n    [javac] /data/cmd/Ming/llm-fl-apr/tmp/Mockito_33-prompt_apr_2-doubao-pro-4k/src/org/mockito/internal/runners/JUnit44RunnerImpl.java:8: warning: [deprecation] JUnit4ClassRunner in org.junit.internal.runners has been deprecated\n    [javac] import org.junit.internal.runners.JUnit4ClassRunner;\n    [javac]                                  ^\n    [javac] /data/cmd/Ming/llm-fl-apr/tmp/Mockito_33-prompt_apr_2-doubao-pro-4k/src/org/mockito/internal/stubbing/answers/AnswerReturnValuesAdapter.java:9: warning: [deprecation] ReturnValues in org.mockito has been deprecated\n    [javac] import org.mockito.ReturnValues;\n    [javac]                   ^\n    [javac] /data/cmd/Ming/llm-fl-apr/tmp/Mockito_33-prompt_apr_2-doubao-pro-4k/src/org/mockito/internal/invocation/InvocationMatcher.java:100: error: cannot find symbol\n    [javac]     return m1.getName().equals(m2.getName()) && Arrays.equals(m1.getParameterTypes(), m2.getParameterTypes());\n    [javac]                                                 ^\n    [javac]   symbol:   variable Arrays\n    [javac]   location: class InvocationMatcher\n    [javac] /data/cmd/Ming/llm-fl-apr/tmp/Mockito_33-prompt_apr_2-doubao-pro-4k/src/org/mockito/internal/configuration/DefaultAnnotationEngine.java:34: warning: [deprecation] createMockFor(Annotation,Field) in AnnotationEngine has been deprecated\n    [javac]     public Object createMockFor(Annotation annotation, Field field) {\n    [javac]                   ^\n    [javac] /data/cmd/Ming/llm-fl-apr/tmp/Mockito_33-prompt_apr_2-doubao-pro-4k/src/org/mockito/internal/configuration/SpyAnnotationEngine.java:22: warning: [deprecation] createMockFor(Annotation,Field) in AnnotationEngine has been deprecated\n    [javac]     public Object createMockFor(Annotation annotation, Field field) {\n    [javac]                   ^\n    [javac] 1 error\n    [javac] 8 warnings\n\nBUILD FAILED\n/data/cmd/Ming/LLM_Based-Mutation/tools/mutant/defects4j-2.1.0/framework/projects/Mockito/Mockito.build.xml:148: The following error occurred while executing this line:\n/data/cmd/Ming/LLM_Based-Mutation/tools/mutant/defects4j-2.1.0/framework/projects/Mockito/Mockito.build.xml:69: The following error occurred while executing this line:\n/data/cmd/Ming/llm-fl-apr/tmp/Mockito_33-prompt_apr_2-doubao-pro-4k/build.xml:77: Compile failed; see the compiler error output for details.\n\nTotal time: 6 seconds\nCannot compile sources! at /data/cmd/Ming/LLM_Based-Mutation/tools/mutant/defects4j-2.1.0/framework/bin/d4j/d4j-compile line 82.\nCompilation failed in require at /data/cmd/Ming/LLM_Based-Mutation/tools/mutant/defects4j-2.1.0/framework/bin/defects4j line 195.\n"
                }
            },
            "gpt-4o-mini": {
                "compile": {
                    "rc": 1,
                    "so": "",
                    "se": "Running ant (compile)...................................................... FAIL\nExecuted command:  cd /data/cmd/Ming/llm-fl-apr/tmp/Mockito_33-prompt_apr_2-gpt-4o-mini && ant -f /data/cmd/Ming/LLM_Based-Mutation/tools/mutant/defects4j-2.1.0/framework/projects/defects4j.build.xml -Dd4j.home=/data/cmd/Ming/LLM_Based-Mutation/tools/mutant/defects4j-2.1.0 -Dd4j.dir.projects=/data/cmd/Ming/LLM_Based-Mutation/tools/mutant/defects4j-2.1.0/framework/projects -Dbasedir=/data/cmd/Ming/llm-fl-apr/tmp/Mockito_33-prompt_apr_2-gpt-4o-mini -Dbuild.compiler=javac1.7  compile 2>&1\nJava HotSpot(TM) 64-Bit Server VM warning: ignoring option MaxPermSize=256M; support was removed in 8.0\nBuildfile: /data/cmd/Ming/LLM_Based-Mutation/tools/mutant/defects4j-2.1.0/framework/projects/defects4j.build.xml\n\ncompile:\n\ngradle.compile:\n\nant.compile:\n\nclean:\n\nprepare:\n    [mkdir] Created dir: /data/cmd/Ming/llm-fl-apr/tmp/Mockito_33-prompt_apr_2-gpt-4o-mini/target/classes\n    [mkdir] Created dir: /data/cmd/Ming/llm-fl-apr/tmp/Mockito_33-prompt_apr_2-gpt-4o-mini/target/test-classes\n    [mkdir] Created dir: /data/cmd/Ming/llm-fl-apr/tmp/Mockito_33-prompt_apr_2-gpt-4o-mini/target/reports/junit\n\ncompile:\n    [javac] /data/cmd/Ming/llm-fl-apr/tmp/Mockito_33-prompt_apr_2-gpt-4o-mini/build.xml:77: warning: 'includeantruntime' was not set, defaulting to build.sysclasspath=last; set to false for repeatable builds\n    [javac] Compiling 233 source files to /data/cmd/Ming/llm-fl-apr/tmp/Mockito_33-prompt_apr_2-gpt-4o-mini/target/classes\n    [javac] /data/cmd/Ming/llm-fl-apr/tmp/Mockito_33-prompt_apr_2-gpt-4o-mini/src/org/mockito/configuration/DefaultMockitoConfiguration.java:7: warning: [deprecation] ReturnValues in org.mockito has been deprecated\n    [javac] import org.mockito.ReturnValues;\n    [javac]                   ^\n    [javac] /data/cmd/Ming/llm-fl-apr/tmp/Mockito_33-prompt_apr_2-gpt-4o-mini/src/org/mockito/configuration/IMockitoConfiguration.java:7: warning: [deprecation] ReturnValues in org.mockito has been deprecated\n    [javac] import org.mockito.ReturnValues;\n    [javac]                   ^\n    [javac] /data/cmd/Ming/llm-fl-apr/tmp/Mockito_33-prompt_apr_2-gpt-4o-mini/src/org/mockito/internal/configuration/GlobalConfiguration.java:7: warning: [deprecation] ReturnValues in org.mockito has been deprecated\n    [javac] import org.mockito.ReturnValues;\n    [javac]                   ^\n    [javac] /data/cmd/Ming/llm-fl-apr/tmp/Mockito_33-prompt_apr_2-gpt-4o-mini/src/org/mockito/internal/runners/JUnit44RunnerImpl.java:7: warning: [deprecation] InitializationError in org.junit.internal.runners has been deprecated\n    [javac] import org.junit.internal.runners.InitializationError;\n    [javac]                                  ^\n    [javac] /data/cmd/Ming/llm-fl-apr/tmp/Mockito_33-prompt_apr_2-gpt-4o-mini/src/org/mockito/internal/runners/JUnit44RunnerImpl.java:8: warning: [deprecation] JUnit4ClassRunner in org.junit.internal.runners has been deprecated\n    [javac] import org.junit.internal.runners.JUnit4ClassRunner;\n    [javac]                                  ^\n    [javac] /data/cmd/Ming/llm-fl-apr/tmp/Mockito_33-prompt_apr_2-gpt-4o-mini/src/org/mockito/internal/stubbing/answers/AnswerReturnValuesAdapter.java:9: warning: [deprecation] ReturnValues in org.mockito has been deprecated\n    [javac] import org.mockito.ReturnValues;\n    [javac]                   ^\n    [javac] /data/cmd/Ming/llm-fl-apr/tmp/Mockito_33-prompt_apr_2-gpt-4o-mini/src/org/mockito/internal/invocation/InvocationMatcher.java:106: error: cannot find symbol\n    [javac]                Arrays.equals(m1.getParameterTypes(), m2.getParameterTypes());\n    [javac]                ^\n    [javac]   symbol:   variable Arrays\n    [javac]   location: class InvocationMatcher\n    [javac] /data/cmd/Ming/llm-fl-apr/tmp/Mockito_33-prompt_apr_2-gpt-4o-mini/src/org/mockito/internal/configuration/DefaultAnnotationEngine.java:34: warning: [deprecation] createMockFor(Annotation,Field) in AnnotationEngine has been deprecated\n    [javac]     public Object createMockFor(Annotation annotation, Field field) {\n    [javac]                   ^\n    [javac] /data/cmd/Ming/llm-fl-apr/tmp/Mockito_33-prompt_apr_2-gpt-4o-mini/src/org/mockito/internal/configuration/SpyAnnotationEngine.java:22: warning: [deprecation] createMockFor(Annotation,Field) in AnnotationEngine has been deprecated\n    [javac]     public Object createMockFor(Annotation annotation, Field field) {\n    [javac]                   ^\n    [javac] 1 error\n    [javac] 8 warnings\n\nBUILD FAILED\n/data/cmd/Ming/LLM_Based-Mutation/tools/mutant/defects4j-2.1.0/framework/projects/Mockito/Mockito.build.xml:148: The following error occurred while executing this line:\n/data/cmd/Ming/LLM_Based-Mutation/tools/mutant/defects4j-2.1.0/framework/projects/Mockito/Mockito.build.xml:69: The following error occurred while executing this line:\n/data/cmd/Ming/llm-fl-apr/tmp/Mockito_33-prompt_apr_2-gpt-4o-mini/build.xml:77: Compile failed; see the compiler error output for details.\n\nTotal time: 5 seconds\nCannot compile sources! at /data/cmd/Ming/LLM_Based-Mutation/tools/mutant/defects4j-2.1.0/framework/bin/d4j/d4j-compile line 82.\nCompilation failed in require at /data/cmd/Ming/LLM_Based-Mutation/tools/mutant/defects4j-2.1.0/framework/bin/defects4j line 195.\n"
                }
            },
            "deepseek-chat": {
                "compile": {
                    "rc": 0,
                    "so": "",
                    "se": "Running ant (compile)...................................................... OK\nRunning ant (compile.tests)................................................ OK\n"
                },
                "test": {
                    "rc": 0,
                    "so": "Failing tests: 2\n  - org.mockitousage.bugs.InheritedGenericsPolimorphicCallTest::shouldStubbingWork\n  - org.mockitousage.bugs.InheritedGenericsPolimorphicCallTest::shouldVerificationWorks\n",
                    "se": "Running ant (compile.tests)................................................ OK\nRunning ant (run.dev.tests)................................................ OK\n"
                }
            }
        },
        "prompt_apr_3": {
            "ernie-3.5-128k": {
                "compile": {
                    "rc": 1,
                    "so": "",
                    "se": "Running ant (compile)...................................................... FAIL\nExecuted command:  cd /data/cmd/Ming/llm-fl-apr/tmp/Mockito_33-prompt_apr_3-ernie-3.5-128k && ant -f /data/cmd/Ming/LLM_Based-Mutation/tools/mutant/defects4j-2.1.0/framework/projects/defects4j.build.xml -Dd4j.home=/data/cmd/Ming/LLM_Based-Mutation/tools/mutant/defects4j-2.1.0 -Dd4j.dir.projects=/data/cmd/Ming/LLM_Based-Mutation/tools/mutant/defects4j-2.1.0/framework/projects -Dbasedir=/data/cmd/Ming/llm-fl-apr/tmp/Mockito_33-prompt_apr_3-ernie-3.5-128k -Dbuild.compiler=javac1.7  compile 2>&1\nJava HotSpot(TM) 64-Bit Server VM warning: ignoring option MaxPermSize=256M; support was removed in 8.0\nBuildfile: /data/cmd/Ming/LLM_Based-Mutation/tools/mutant/defects4j-2.1.0/framework/projects/defects4j.build.xml\n\ncompile:\n\ngradle.compile:\n\nant.compile:\n\nclean:\n\nprepare:\n    [mkdir] Created dir: /data/cmd/Ming/llm-fl-apr/tmp/Mockito_33-prompt_apr_3-ernie-3.5-128k/target/classes\n    [mkdir] Created dir: /data/cmd/Ming/llm-fl-apr/tmp/Mockito_33-prompt_apr_3-ernie-3.5-128k/target/test-classes\n    [mkdir] Created dir: /data/cmd/Ming/llm-fl-apr/tmp/Mockito_33-prompt_apr_3-ernie-3.5-128k/target/reports/junit\n\ncompile:\n    [javac] /data/cmd/Ming/llm-fl-apr/tmp/Mockito_33-prompt_apr_3-ernie-3.5-128k/build.xml:77: warning: 'includeantruntime' was not set, defaulting to build.sysclasspath=last; set to false for repeatable builds\n    [javac] Compiling 233 source files to /data/cmd/Ming/llm-fl-apr/tmp/Mockito_33-prompt_apr_3-ernie-3.5-128k/target/classes\n    [javac] /data/cmd/Ming/llm-fl-apr/tmp/Mockito_33-prompt_apr_3-ernie-3.5-128k/src/org/mockito/internal/invocation/InvocationMatcher.java:102: error: illegal start of expression\n    [javac]     public Location getLocation() {\n    [javac]     ^\n    [javac] /data/cmd/Ming/llm-fl-apr/tmp/Mockito_33-prompt_apr_3-ernie-3.5-128k/src/org/mockito/internal/invocation/InvocationMatcher.java:102: error: ';' expected\n    [javac]     public Location getLocation() {\n    [javac]                                ^\n    [javac] /data/cmd/Ming/llm-fl-apr/tmp/Mockito_33-prompt_apr_3-ernie-3.5-128k/src/org/mockito/internal/invocation/InvocationMatcher.java:106: error: illegal start of expression\n    [javac]     public String toString(PrintSettings printSettings) {\n    [javac]     ^\n    [javac] /data/cmd/Ming/llm-fl-apr/tmp/Mockito_33-prompt_apr_3-ernie-3.5-128k/src/org/mockito/internal/invocation/InvocationMatcher.java:106: error: ';' expected\n    [javac]     public String toString(PrintSettings printSettings) {\n    [javac]                           ^\n    [javac] /data/cmd/Ming/llm-fl-apr/tmp/Mockito_33-prompt_apr_3-ernie-3.5-128k/src/org/mockito/internal/invocation/InvocationMatcher.java:106: error: ';' expected\n    [javac]     public String toString(PrintSettings printSettings) {\n    [javac]                                                       ^\n    [javac] /data/cmd/Ming/llm-fl-apr/tmp/Mockito_33-prompt_apr_3-ernie-3.5-128k/src/org/mockito/internal/invocation/InvocationMatcher.java:110: error: illegal start of expression\n    [javac]     public void captureArgumentsFrom(Invocation i) {\n    [javac]     ^\n    [javac] /data/cmd/Ming/llm-fl-apr/tmp/Mockito_33-prompt_apr_3-ernie-3.5-128k/src/org/mockito/internal/invocation/InvocationMatcher.java:110: error: illegal start of expression\n    [javac]     public void captureArgumentsFrom(Invocation i) {\n    [javac]            ^\n    [javac] /data/cmd/Ming/llm-fl-apr/tmp/Mockito_33-prompt_apr_3-ernie-3.5-128k/src/org/mockito/internal/invocation/InvocationMatcher.java:110: error: ';' expected\n    [javac]     public void captureArgumentsFrom(Invocation i) {\n    [javac]                                     ^\n    [javac] /data/cmd/Ming/llm-fl-apr/tmp/Mockito_33-prompt_apr_3-ernie-3.5-128k/src/org/mockito/internal/invocation/InvocationMatcher.java:110: error: ';' expected\n    [javac]     public void captureArgumentsFrom(Invocation i) {\n    [javac]                                                  ^\n    [javac] /data/cmd/Ming/llm-fl-apr/tmp/Mockito_33-prompt_apr_3-ernie-3.5-128k/src/org/mockito/internal/invocation/InvocationMatcher.java:120: error: illegal start of expression\n    [javac]     public static List<InvocationMatcher> createFrom(List<Invocation> invocations) {\n    [javac]     ^\n    [javac] /data/cmd/Ming/llm-fl-apr/tmp/Mockito_33-prompt_apr_3-ernie-3.5-128k/src/org/mockito/internal/invocation/InvocationMatcher.java:120: error: illegal start of expression\n    [javac]     public static List<InvocationMatcher> createFrom(List<Invocation> invocations) {\n    [javac]            ^\n    [javac] /data/cmd/Ming/llm-fl-apr/tmp/Mockito_33-prompt_apr_3-ernie-3.5-128k/src/org/mockito/internal/invocation/InvocationMatcher.java:120: error: ';' expected\n    [javac]     public static List<InvocationMatcher> createFrom(List<Invocation> invocations) {\n    [javac]                       ^\n    [javac] /data/cmd/Ming/llm-fl-apr/tmp/Mockito_33-prompt_apr_3-ernie-3.5-128k/src/org/mockito/internal/invocation/InvocationMatcher.java:120: error: illegal start of expression\n    [javac]     public static List<InvocationMatcher> createFrom(List<Invocation> invocations) {\n    [javac]                                           ^\n    [javac] /data/cmd/Ming/llm-fl-apr/tmp/Mockito_33-prompt_apr_3-ernie-3.5-128k/src/org/mockito/internal/invocation/InvocationMatcher.java:120: error: ')' expected\n    [javac]     public static List<InvocationMatcher> createFrom(List<Invocation> invocations) {\n    [javac]                                                                      ^\n    [javac] /data/cmd/Ming/llm-fl-apr/tmp/Mockito_33-prompt_apr_3-ernie-3.5-128k/src/org/mockito/internal/invocation/InvocationMatcher.java:120: error: not a statement\n    [javac]     public static List<InvocationMatcher> createFrom(List<Invocation> invocations) {\n    [javac]                                                     ^\n    [javac] /data/cmd/Ming/llm-fl-apr/tmp/Mockito_33-prompt_apr_3-ernie-3.5-128k/src/org/mockito/internal/invocation/InvocationMatcher.java:120: error: ';' expected\n    [javac]     public static List<InvocationMatcher> createFrom(List<Invocation> invocations) {\n    [javac]                                                                                  ^\n    [javac] /data/cmd/Ming/llm-fl-apr/tmp/Mockito_33-prompt_apr_3-ernie-3.5-128k/src/org/mockito/internal/invocation/InvocationMatcher.java:129: error: reached end of file while parsing\n    [javac] }\n    [javac]  ^\n    [javac] 17 errors\n\nBUILD FAILED\n/data/cmd/Ming/LLM_Based-Mutation/tools/mutant/defects4j-2.1.0/framework/projects/Mockito/Mockito.build.xml:148: The following error occurred while executing this line:\n/data/cmd/Ming/LLM_Based-Mutation/tools/mutant/defects4j-2.1.0/framework/projects/Mockito/Mockito.build.xml:69: The following error occurred while executing this line:\n/data/cmd/Ming/llm-fl-apr/tmp/Mockito_33-prompt_apr_3-ernie-3.5-128k/build.xml:77: Compile failed; see the compiler error output for details.\n\nTotal time: 3 seconds\nCannot compile sources! at /data/cmd/Ming/LLM_Based-Mutation/tools/mutant/defects4j-2.1.0/framework/bin/d4j/d4j-compile line 82.\nCompilation failed in require at /data/cmd/Ming/LLM_Based-Mutation/tools/mutant/defects4j-2.1.0/framework/bin/defects4j line 195.\n"
                }
            },
            "qwen-turbo": {
                "compile": {
                    "rc": 1,
                    "so": "",
                    "se": "Running ant (compile)...................................................... FAIL\nExecuted command:  cd /data/cmd/Ming/llm-fl-apr/tmp/Mockito_33-prompt_apr_3-qwen-turbo && ant -f /data/cmd/Ming/LLM_Based-Mutation/tools/mutant/defects4j-2.1.0/framework/projects/defects4j.build.xml -Dd4j.home=/data/cmd/Ming/LLM_Based-Mutation/tools/mutant/defects4j-2.1.0 -Dd4j.dir.projects=/data/cmd/Ming/LLM_Based-Mutation/tools/mutant/defects4j-2.1.0/framework/projects -Dbasedir=/data/cmd/Ming/llm-fl-apr/tmp/Mockito_33-prompt_apr_3-qwen-turbo -Dbuild.compiler=javac1.7  compile 2>&1\nJava HotSpot(TM) 64-Bit Server VM warning: ignoring option MaxPermSize=256M; support was removed in 8.0\nBuildfile: /data/cmd/Ming/LLM_Based-Mutation/tools/mutant/defects4j-2.1.0/framework/projects/defects4j.build.xml\n\ncompile:\n\ngradle.compile:\n\nant.compile:\n\nclean:\n\nprepare:\n    [mkdir] Created dir: /data/cmd/Ming/llm-fl-apr/tmp/Mockito_33-prompt_apr_3-qwen-turbo/target/classes\n    [mkdir] Created dir: /data/cmd/Ming/llm-fl-apr/tmp/Mockito_33-prompt_apr_3-qwen-turbo/target/test-classes\n    [mkdir] Created dir: /data/cmd/Ming/llm-fl-apr/tmp/Mockito_33-prompt_apr_3-qwen-turbo/target/reports/junit\n\ncompile:\n    [javac] /data/cmd/Ming/llm-fl-apr/tmp/Mockito_33-prompt_apr_3-qwen-turbo/build.xml:77: warning: 'includeantruntime' was not set, defaulting to build.sysclasspath=last; set to false for repeatable builds\n    [javac] Compiling 233 source files to /data/cmd/Ming/llm-fl-apr/tmp/Mockito_33-prompt_apr_3-qwen-turbo/target/classes\n    [javac] /data/cmd/Ming/llm-fl-apr/tmp/Mockito_33-prompt_apr_3-qwen-turbo/src/org/mockito/internal/invocation/InvocationMatcher.java:92: error: illegal character: \\96\n    [javac] ```java\n    [javac] ^\n    [javac] /data/cmd/Ming/llm-fl-apr/tmp/Mockito_33-prompt_apr_3-qwen-turbo/src/org/mockito/internal/invocation/InvocationMatcher.java:92: error: illegal character: \\96\n    [javac] ```java\n    [javac]  ^\n    [javac] /data/cmd/Ming/llm-fl-apr/tmp/Mockito_33-prompt_apr_3-qwen-turbo/src/org/mockito/internal/invocation/InvocationMatcher.java:92: error: illegal character: \\96\n    [javac] ```java\n    [javac]   ^\n    [javac] /data/cmd/Ming/llm-fl-apr/tmp/Mockito_33-prompt_apr_3-qwen-turbo/src/org/mockito/internal/invocation/InvocationMatcher.java:100: error: illegal character: \\96\n    [javac] ```    \n    [javac] ^\n    [javac] /data/cmd/Ming/llm-fl-apr/tmp/Mockito_33-prompt_apr_3-qwen-turbo/src/org/mockito/internal/invocation/InvocationMatcher.java:100: error: illegal character: \\96\n    [javac] ```    \n    [javac]  ^\n    [javac] /data/cmd/Ming/llm-fl-apr/tmp/Mockito_33-prompt_apr_3-qwen-turbo/src/org/mockito/internal/invocation/InvocationMatcher.java:100: error: illegal character: \\96\n    [javac] ```    \n    [javac]   ^\n    [javac] 6 errors\n\nBUILD FAILED\n/data/cmd/Ming/LLM_Based-Mutation/tools/mutant/defects4j-2.1.0/framework/projects/Mockito/Mockito.build.xml:148: The following error occurred while executing this line:\n/data/cmd/Ming/LLM_Based-Mutation/tools/mutant/defects4j-2.1.0/framework/projects/Mockito/Mockito.build.xml:69: The following error occurred while executing this line:\n/data/cmd/Ming/llm-fl-apr/tmp/Mockito_33-prompt_apr_3-qwen-turbo/build.xml:77: Compile failed; see the compiler error output for details.\n\nTotal time: 3 seconds\nCannot compile sources! at /data/cmd/Ming/LLM_Based-Mutation/tools/mutant/defects4j-2.1.0/framework/bin/d4j/d4j-compile line 82.\nCompilation failed in require at /data/cmd/Ming/LLM_Based-Mutation/tools/mutant/defects4j-2.1.0/framework/bin/defects4j line 195.\n"
                }
            },
            "doubao-pro-4k": {
                "compile": {
                    "rc": 1,
                    "so": "",
                    "se": "Running ant (compile)...................................................... FAIL\nExecuted command:  cd /data/cmd/Ming/llm-fl-apr/tmp/Mockito_33-prompt_apr_3-doubao-pro-4k && ant -f /data/cmd/Ming/LLM_Based-Mutation/tools/mutant/defects4j-2.1.0/framework/projects/defects4j.build.xml -Dd4j.home=/data/cmd/Ming/LLM_Based-Mutation/tools/mutant/defects4j-2.1.0 -Dd4j.dir.projects=/data/cmd/Ming/LLM_Based-Mutation/tools/mutant/defects4j-2.1.0/framework/projects -Dbasedir=/data/cmd/Ming/llm-fl-apr/tmp/Mockito_33-prompt_apr_3-doubao-pro-4k -Dbuild.compiler=javac1.7  compile 2>&1\nJava HotSpot(TM) 64-Bit Server VM warning: ignoring option MaxPermSize=256M; support was removed in 8.0\nBuildfile: /data/cmd/Ming/LLM_Based-Mutation/tools/mutant/defects4j-2.1.0/framework/projects/defects4j.build.xml\n\ncompile:\n\ngradle.compile:\n\nant.compile:\n\nclean:\n\nprepare:\n    [mkdir] Created dir: /data/cmd/Ming/llm-fl-apr/tmp/Mockito_33-prompt_apr_3-doubao-pro-4k/target/classes\n    [mkdir] Created dir: /data/cmd/Ming/llm-fl-apr/tmp/Mockito_33-prompt_apr_3-doubao-pro-4k/target/test-classes\n    [mkdir] Created dir: /data/cmd/Ming/llm-fl-apr/tmp/Mockito_33-prompt_apr_3-doubao-pro-4k/target/reports/junit\n\ncompile:\n    [javac] /data/cmd/Ming/llm-fl-apr/tmp/Mockito_33-prompt_apr_3-doubao-pro-4k/build.xml:77: warning: 'includeantruntime' was not set, defaulting to build.sysclasspath=last; set to false for repeatable builds\n    [javac] Compiling 233 source files to /data/cmd/Ming/llm-fl-apr/tmp/Mockito_33-prompt_apr_3-doubao-pro-4k/target/classes\n    [javac] /data/cmd/Ming/llm-fl-apr/tmp/Mockito_33-prompt_apr_3-doubao-pro-4k/src/org/mockito/configuration/DefaultMockitoConfiguration.java:7: warning: [deprecation] ReturnValues in org.mockito has been deprecated\n    [javac] import org.mockito.ReturnValues;\n    [javac]                   ^\n    [javac] /data/cmd/Ming/llm-fl-apr/tmp/Mockito_33-prompt_apr_3-doubao-pro-4k/src/org/mockito/configuration/IMockitoConfiguration.java:7: warning: [deprecation] ReturnValues in org.mockito has been deprecated\n    [javac] import org.mockito.ReturnValues;\n    [javac]                   ^\n    [javac] /data/cmd/Ming/llm-fl-apr/tmp/Mockito_33-prompt_apr_3-doubao-pro-4k/src/org/mockito/internal/configuration/GlobalConfiguration.java:7: warning: [deprecation] ReturnValues in org.mockito has been deprecated\n    [javac] import org.mockito.ReturnValues;\n    [javac]                   ^\n    [javac] /data/cmd/Ming/llm-fl-apr/tmp/Mockito_33-prompt_apr_3-doubao-pro-4k/src/org/mockito/internal/runners/JUnit44RunnerImpl.java:7: warning: [deprecation] InitializationError in org.junit.internal.runners has been deprecated\n    [javac] import org.junit.internal.runners.InitializationError;\n    [javac]                                  ^\n    [javac] /data/cmd/Ming/llm-fl-apr/tmp/Mockito_33-prompt_apr_3-doubao-pro-4k/src/org/mockito/internal/runners/JUnit44RunnerImpl.java:8: warning: [deprecation] JUnit4ClassRunner in org.junit.internal.runners has been deprecated\n    [javac] import org.junit.internal.runners.JUnit4ClassRunner;\n    [javac]                                  ^\n    [javac] /data/cmd/Ming/llm-fl-apr/tmp/Mockito_33-prompt_apr_3-doubao-pro-4k/src/org/mockito/internal/stubbing/answers/AnswerReturnValuesAdapter.java:9: warning: [deprecation] ReturnValues in org.mockito has been deprecated\n    [javac] import org.mockito.ReturnValues;\n    [javac]                   ^\n    [javac] /data/cmd/Ming/llm-fl-apr/tmp/Mockito_33-prompt_apr_3-doubao-pro-4k/src/org/mockito/internal/invocation/InvocationMatcher.java:99: error: cannot find symbol\n    [javac]     return m1.getName().equals(m2.getName()) && Arrays.equals(m1.getParameterTypes(), m2.getParameterTypes());\n    [javac]                                                 ^\n    [javac]   symbol:   variable Arrays\n    [javac]   location: class InvocationMatcher\n    [javac] /data/cmd/Ming/llm-fl-apr/tmp/Mockito_33-prompt_apr_3-doubao-pro-4k/src/org/mockito/internal/configuration/DefaultAnnotationEngine.java:34: warning: [deprecation] createMockFor(Annotation,Field) in AnnotationEngine has been deprecated\n    [javac]     public Object createMockFor(Annotation annotation, Field field) {\n    [javac]                   ^\n    [javac] /data/cmd/Ming/llm-fl-apr/tmp/Mockito_33-prompt_apr_3-doubao-pro-4k/src/org/mockito/internal/configuration/SpyAnnotationEngine.java:22: warning: [deprecation] createMockFor(Annotation,Field) in AnnotationEngine has been deprecated\n    [javac]     public Object createMockFor(Annotation annotation, Field field) {\n    [javac]                   ^\n    [javac] 1 error\n    [javac] 8 warnings\n\nBUILD FAILED\n/data/cmd/Ming/LLM_Based-Mutation/tools/mutant/defects4j-2.1.0/framework/projects/Mockito/Mockito.build.xml:148: The following error occurred while executing this line:\n/data/cmd/Ming/LLM_Based-Mutation/tools/mutant/defects4j-2.1.0/framework/projects/Mockito/Mockito.build.xml:69: The following error occurred while executing this line:\n/data/cmd/Ming/llm-fl-apr/tmp/Mockito_33-prompt_apr_3-doubao-pro-4k/build.xml:77: Compile failed; see the compiler error output for details.\n\nTotal time: 5 seconds\nCannot compile sources! at /data/cmd/Ming/LLM_Based-Mutation/tools/mutant/defects4j-2.1.0/framework/bin/d4j/d4j-compile line 82.\nCompilation failed in require at /data/cmd/Ming/LLM_Based-Mutation/tools/mutant/defects4j-2.1.0/framework/bin/defects4j line 195.\n"
                }
            },
            "gpt-4o-mini": {
                "compile": {
                    "rc": 1,
                    "so": "",
                    "se": "Running ant (compile)...................................................... FAIL\nExecuted command:  cd /data/cmd/Ming/llm-fl-apr/tmp/Mockito_33-prompt_apr_3-gpt-4o-mini && ant -f /data/cmd/Ming/LLM_Based-Mutation/tools/mutant/defects4j-2.1.0/framework/projects/defects4j.build.xml -Dd4j.home=/data/cmd/Ming/LLM_Based-Mutation/tools/mutant/defects4j-2.1.0 -Dd4j.dir.projects=/data/cmd/Ming/LLM_Based-Mutation/tools/mutant/defects4j-2.1.0/framework/projects -Dbasedir=/data/cmd/Ming/llm-fl-apr/tmp/Mockito_33-prompt_apr_3-gpt-4o-mini -Dbuild.compiler=javac1.7  compile 2>&1\nJava HotSpot(TM) 64-Bit Server VM warning: ignoring option MaxPermSize=256M; support was removed in 8.0\nBuildfile: /data/cmd/Ming/LLM_Based-Mutation/tools/mutant/defects4j-2.1.0/framework/projects/defects4j.build.xml\n\ncompile:\n\ngradle.compile:\n\nant.compile:\n\nclean:\n\nprepare:\n    [mkdir] Created dir: /data/cmd/Ming/llm-fl-apr/tmp/Mockito_33-prompt_apr_3-gpt-4o-mini/target/classes\n    [mkdir] Created dir: /data/cmd/Ming/llm-fl-apr/tmp/Mockito_33-prompt_apr_3-gpt-4o-mini/target/test-classes\n    [mkdir] Created dir: /data/cmd/Ming/llm-fl-apr/tmp/Mockito_33-prompt_apr_3-gpt-4o-mini/target/reports/junit\n\ncompile:\n    [javac] /data/cmd/Ming/llm-fl-apr/tmp/Mockito_33-prompt_apr_3-gpt-4o-mini/build.xml:77: warning: 'includeantruntime' was not set, defaulting to build.sysclasspath=last; set to false for repeatable builds\n    [javac] Compiling 233 source files to /data/cmd/Ming/llm-fl-apr/tmp/Mockito_33-prompt_apr_3-gpt-4o-mini/target/classes\n    [javac] /data/cmd/Ming/llm-fl-apr/tmp/Mockito_33-prompt_apr_3-gpt-4o-mini/src/org/mockito/internal/invocation/InvocationMatcher.java:100: error: illegal start of expression\n    [javac]     public Location getLocation() {\n    [javac]     ^\n    [javac] /data/cmd/Ming/llm-fl-apr/tmp/Mockito_33-prompt_apr_3-gpt-4o-mini/src/org/mockito/internal/invocation/InvocationMatcher.java:100: error: ';' expected\n    [javac]     public Location getLocation() {\n    [javac]                                ^\n    [javac] /data/cmd/Ming/llm-fl-apr/tmp/Mockito_33-prompt_apr_3-gpt-4o-mini/src/org/mockito/internal/invocation/InvocationMatcher.java:104: error: illegal start of expression\n    [javac]     public String toString(PrintSettings printSettings) {\n    [javac]     ^\n    [javac] /data/cmd/Ming/llm-fl-apr/tmp/Mockito_33-prompt_apr_3-gpt-4o-mini/src/org/mockito/internal/invocation/InvocationMatcher.java:104: error: ';' expected\n    [javac]     public String toString(PrintSettings printSettings) {\n    [javac]                           ^\n    [javac] /data/cmd/Ming/llm-fl-apr/tmp/Mockito_33-prompt_apr_3-gpt-4o-mini/src/org/mockito/internal/invocation/InvocationMatcher.java:104: error: ';' expected\n    [javac]     public String toString(PrintSettings printSettings) {\n    [javac]                                                       ^\n    [javac] /data/cmd/Ming/llm-fl-apr/tmp/Mockito_33-prompt_apr_3-gpt-4o-mini/src/org/mockito/internal/invocation/InvocationMatcher.java:108: error: illegal start of expression\n    [javac]     public void captureArgumentsFrom(Invocation i) {\n    [javac]     ^\n    [javac] /data/cmd/Ming/llm-fl-apr/tmp/Mockito_33-prompt_apr_3-gpt-4o-mini/src/org/mockito/internal/invocation/InvocationMatcher.java:108: error: illegal start of expression\n    [javac]     public void captureArgumentsFrom(Invocation i) {\n    [javac]            ^\n    [javac] /data/cmd/Ming/llm-fl-apr/tmp/Mockito_33-prompt_apr_3-gpt-4o-mini/src/org/mockito/internal/invocation/InvocationMatcher.java:108: error: ';' expected\n    [javac]     public void captureArgumentsFrom(Invocation i) {\n    [javac]                                     ^\n    [javac] /data/cmd/Ming/llm-fl-apr/tmp/Mockito_33-prompt_apr_3-gpt-4o-mini/src/org/mockito/internal/invocation/InvocationMatcher.java:108: error: ';' expected\n    [javac]     public void captureArgumentsFrom(Invocation i) {\n    [javac]                                                  ^\n    [javac] /data/cmd/Ming/llm-fl-apr/tmp/Mockito_33-prompt_apr_3-gpt-4o-mini/src/org/mockito/internal/invocation/InvocationMatcher.java:118: error: illegal start of expression\n    [javac]     public static List<InvocationMatcher> createFrom(List<Invocation> invocations) {\n    [javac]     ^\n    [javac] /data/cmd/Ming/llm-fl-apr/tmp/Mockito_33-prompt_apr_3-gpt-4o-mini/src/org/mockito/internal/invocation/InvocationMatcher.java:118: error: illegal start of expression\n    [javac]     public static List<InvocationMatcher> createFrom(List<Invocation> invocations) {\n    [javac]            ^\n    [javac] /data/cmd/Ming/llm-fl-apr/tmp/Mockito_33-prompt_apr_3-gpt-4o-mini/src/org/mockito/internal/invocation/InvocationMatcher.java:118: error: ';' expected\n    [javac]     public static List<InvocationMatcher> createFrom(List<Invocation> invocations) {\n    [javac]                       ^\n    [javac] /data/cmd/Ming/llm-fl-apr/tmp/Mockito_33-prompt_apr_3-gpt-4o-mini/src/org/mockito/internal/invocation/InvocationMatcher.java:118: error: illegal start of expression\n    [javac]     public static List<InvocationMatcher> createFrom(List<Invocation> invocations) {\n    [javac]                                           ^\n    [javac] /data/cmd/Ming/llm-fl-apr/tmp/Mockito_33-prompt_apr_3-gpt-4o-mini/src/org/mockito/internal/invocation/InvocationMatcher.java:118: error: ')' expected\n    [javac]     public static List<InvocationMatcher> createFrom(List<Invocation> invocations) {\n    [javac]                                                                      ^\n    [javac] /data/cmd/Ming/llm-fl-apr/tmp/Mockito_33-prompt_apr_3-gpt-4o-mini/src/org/mockito/internal/invocation/InvocationMatcher.java:118: error: not a statement\n    [javac]     public static List<InvocationMatcher> createFrom(List<Invocation> invocations) {\n    [javac]                                                     ^\n    [javac] /data/cmd/Ming/llm-fl-apr/tmp/Mockito_33-prompt_apr_3-gpt-4o-mini/src/org/mockito/internal/invocation/InvocationMatcher.java:118: error: ';' expected\n    [javac]     public static List<InvocationMatcher> createFrom(List<Invocation> invocations) {\n    [javac]                                                                                  ^\n    [javac] /data/cmd/Ming/llm-fl-apr/tmp/Mockito_33-prompt_apr_3-gpt-4o-mini/src/org/mockito/internal/invocation/InvocationMatcher.java:127: error: reached end of file while parsing\n    [javac] }\n    [javac]  ^\n    [javac] 17 errors\n\nBUILD FAILED\n/data/cmd/Ming/LLM_Based-Mutation/tools/mutant/defects4j-2.1.0/framework/projects/Mockito/Mockito.build.xml:148: The following error occurred while executing this line:\n/data/cmd/Ming/LLM_Based-Mutation/tools/mutant/defects4j-2.1.0/framework/projects/Mockito/Mockito.build.xml:69: The following error occurred while executing this line:\n/data/cmd/Ming/llm-fl-apr/tmp/Mockito_33-prompt_apr_3-gpt-4o-mini/build.xml:77: Compile failed; see the compiler error output for details.\n\nTotal time: 2 seconds\nCannot compile sources! at /data/cmd/Ming/LLM_Based-Mutation/tools/mutant/defects4j-2.1.0/framework/bin/d4j/d4j-compile line 82.\nCompilation failed in require at /data/cmd/Ming/LLM_Based-Mutation/tools/mutant/defects4j-2.1.0/framework/bin/defects4j line 195.\n"
                }
            },
            "deepseek-chat": {
                "compile": {
                    "rc": 1,
                    "so": "",
                    "se": "Running ant (compile)...................................................... FAIL\nExecuted command:  cd /data/cmd/Ming/llm-fl-apr/tmp/Mockito_33-prompt_apr_3-deepseek-chat && ant -f /data/cmd/Ming/LLM_Based-Mutation/tools/mutant/defects4j-2.1.0/framework/projects/defects4j.build.xml -Dd4j.home=/data/cmd/Ming/LLM_Based-Mutation/tools/mutant/defects4j-2.1.0 -Dd4j.dir.projects=/data/cmd/Ming/LLM_Based-Mutation/tools/mutant/defects4j-2.1.0/framework/projects -Dbasedir=/data/cmd/Ming/llm-fl-apr/tmp/Mockito_33-prompt_apr_3-deepseek-chat -Dbuild.compiler=javac1.7  compile 2>&1\nJava HotSpot(TM) 64-Bit Server VM warning: ignoring option MaxPermSize=256M; support was removed in 8.0\nBuildfile: /data/cmd/Ming/LLM_Based-Mutation/tools/mutant/defects4j-2.1.0/framework/projects/defects4j.build.xml\n\ncompile:\n\ngradle.compile:\n\nant.compile:\n\nclean:\n\nprepare:\n    [mkdir] Created dir: /data/cmd/Ming/llm-fl-apr/tmp/Mockito_33-prompt_apr_3-deepseek-chat/target/classes\n    [mkdir] Created dir: /data/cmd/Ming/llm-fl-apr/tmp/Mockito_33-prompt_apr_3-deepseek-chat/target/test-classes\n    [mkdir] Created dir: /data/cmd/Ming/llm-fl-apr/tmp/Mockito_33-prompt_apr_3-deepseek-chat/target/reports/junit\n\ncompile:\n    [javac] /data/cmd/Ming/llm-fl-apr/tmp/Mockito_33-prompt_apr_3-deepseek-chat/build.xml:77: warning: 'includeantruntime' was not set, defaulting to build.sysclasspath=last; set to false for repeatable builds\n    [javac] Compiling 233 source files to /data/cmd/Ming/llm-fl-apr/tmp/Mockito_33-prompt_apr_3-deepseek-chat/target/classes\n    [javac] /data/cmd/Ming/llm-fl-apr/tmp/Mockito_33-prompt_apr_3-deepseek-chat/src/org/mockito/internal/invocation/InvocationMatcher.java:102: error: illegal start of expression\n    [javac]     public Location getLocation() {\n    [javac]     ^\n    [javac] /data/cmd/Ming/llm-fl-apr/tmp/Mockito_33-prompt_apr_3-deepseek-chat/src/org/mockito/internal/invocation/InvocationMatcher.java:102: error: ';' expected\n    [javac]     public Location getLocation() {\n    [javac]                                ^\n    [javac] /data/cmd/Ming/llm-fl-apr/tmp/Mockito_33-prompt_apr_3-deepseek-chat/src/org/mockito/internal/invocation/InvocationMatcher.java:106: error: illegal start of expression\n    [javac]     public String toString(PrintSettings printSettings) {\n    [javac]     ^\n    [javac] /data/cmd/Ming/llm-fl-apr/tmp/Mockito_33-prompt_apr_3-deepseek-chat/src/org/mockito/internal/invocation/InvocationMatcher.java:106: error: ';' expected\n    [javac]     public String toString(PrintSettings printSettings) {\n    [javac]                           ^\n    [javac] /data/cmd/Ming/llm-fl-apr/tmp/Mockito_33-prompt_apr_3-deepseek-chat/src/org/mockito/internal/invocation/InvocationMatcher.java:106: error: ';' expected\n    [javac]     public String toString(PrintSettings printSettings) {\n    [javac]                                                       ^\n    [javac] /data/cmd/Ming/llm-fl-apr/tmp/Mockito_33-prompt_apr_3-deepseek-chat/src/org/mockito/internal/invocation/InvocationMatcher.java:110: error: illegal start of expression\n    [javac]     public void captureArgumentsFrom(Invocation i) {\n    [javac]     ^\n    [javac] /data/cmd/Ming/llm-fl-apr/tmp/Mockito_33-prompt_apr_3-deepseek-chat/src/org/mockito/internal/invocation/InvocationMatcher.java:110: error: illegal start of expression\n    [javac]     public void captureArgumentsFrom(Invocation i) {\n    [javac]            ^\n    [javac] /data/cmd/Ming/llm-fl-apr/tmp/Mockito_33-prompt_apr_3-deepseek-chat/src/org/mockito/internal/invocation/InvocationMatcher.java:110: error: ';' expected\n    [javac]     public void captureArgumentsFrom(Invocation i) {\n    [javac]                                     ^\n    [javac] /data/cmd/Ming/llm-fl-apr/tmp/Mockito_33-prompt_apr_3-deepseek-chat/src/org/mockito/internal/invocation/InvocationMatcher.java:110: error: ';' expected\n    [javac]     public void captureArgumentsFrom(Invocation i) {\n    [javac]                                                  ^\n    [javac] /data/cmd/Ming/llm-fl-apr/tmp/Mockito_33-prompt_apr_3-deepseek-chat/src/org/mockito/internal/invocation/InvocationMatcher.java:120: error: illegal start of expression\n    [javac]     public static List<InvocationMatcher> createFrom(List<Invocation> invocations) {\n    [javac]     ^\n    [javac] /data/cmd/Ming/llm-fl-apr/tmp/Mockito_33-prompt_apr_3-deepseek-chat/src/org/mockito/internal/invocation/InvocationMatcher.java:120: error: illegal start of expression\n    [javac]     public static List<InvocationMatcher> createFrom(List<Invocation> invocations) {\n    [javac]            ^\n    [javac] /data/cmd/Ming/llm-fl-apr/tmp/Mockito_33-prompt_apr_3-deepseek-chat/src/org/mockito/internal/invocation/InvocationMatcher.java:120: error: ';' expected\n    [javac]     public static List<InvocationMatcher> createFrom(List<Invocation> invocations) {\n    [javac]                       ^\n    [javac] /data/cmd/Ming/llm-fl-apr/tmp/Mockito_33-prompt_apr_3-deepseek-chat/src/org/mockito/internal/invocation/InvocationMatcher.java:120: error: illegal start of expression\n    [javac]     public static List<InvocationMatcher> createFrom(List<Invocation> invocations) {\n    [javac]                                           ^\n    [javac] /data/cmd/Ming/llm-fl-apr/tmp/Mockito_33-prompt_apr_3-deepseek-chat/src/org/mockito/internal/invocation/InvocationMatcher.java:120: error: ')' expected\n    [javac]     public static List<InvocationMatcher> createFrom(List<Invocation> invocations) {\n    [javac]                                                                      ^\n    [javac] /data/cmd/Ming/llm-fl-apr/tmp/Mockito_33-prompt_apr_3-deepseek-chat/src/org/mockito/internal/invocation/InvocationMatcher.java:120: error: not a statement\n    [javac]     public static List<InvocationMatcher> createFrom(List<Invocation> invocations) {\n    [javac]                                                     ^\n    [javac] /data/cmd/Ming/llm-fl-apr/tmp/Mockito_33-prompt_apr_3-deepseek-chat/src/org/mockito/internal/invocation/InvocationMatcher.java:120: error: ';' expected\n    [javac]     public static List<InvocationMatcher> createFrom(List<Invocation> invocations) {\n    [javac]                                                                                  ^\n    [javac] /data/cmd/Ming/llm-fl-apr/tmp/Mockito_33-prompt_apr_3-deepseek-chat/src/org/mockito/internal/invocation/InvocationMatcher.java:129: error: reached end of file while parsing\n    [javac] }\n    [javac]  ^\n    [javac] 17 errors\n\nBUILD FAILED\n/data/cmd/Ming/LLM_Based-Mutation/tools/mutant/defects4j-2.1.0/framework/projects/Mockito/Mockito.build.xml:148: The following error occurred while executing this line:\n/data/cmd/Ming/LLM_Based-Mutation/tools/mutant/defects4j-2.1.0/framework/projects/Mockito/Mockito.build.xml:69: The following error occurred while executing this line:\n/data/cmd/Ming/llm-fl-apr/tmp/Mockito_33-prompt_apr_3-deepseek-chat/build.xml:77: Compile failed; see the compiler error output for details.\n\nTotal time: 3 seconds\nCannot compile sources! at /data/cmd/Ming/LLM_Based-Mutation/tools/mutant/defects4j-2.1.0/framework/bin/d4j/d4j-compile line 82.\nCompilation failed in require at /data/cmd/Ming/LLM_Based-Mutation/tools/mutant/defects4j-2.1.0/framework/bin/defects4j line 195.\n"
                }
            }
        },
        "prompt_apr_4": {
            "ernie-3.5-128k": {},
            "qwen-turbo": {
                "compile": {
                    "rc": 1,
                    "so": "",
                    "se": "Running ant (compile)...................................................... FAIL\nExecuted command:  cd /data/cmd/Ming/llm-fl-apr/tmp/Mockito_33-prompt_apr_4-qwen-turbo && ant -f /data/cmd/Ming/LLM_Based-Mutation/tools/mutant/defects4j-2.1.0/framework/projects/defects4j.build.xml -Dd4j.home=/data/cmd/Ming/LLM_Based-Mutation/tools/mutant/defects4j-2.1.0 -Dd4j.dir.projects=/data/cmd/Ming/LLM_Based-Mutation/tools/mutant/defects4j-2.1.0/framework/projects -Dbasedir=/data/cmd/Ming/llm-fl-apr/tmp/Mockito_33-prompt_apr_4-qwen-turbo -Dbuild.compiler=javac1.7  compile 2>&1\nJava HotSpot(TM) 64-Bit Server VM warning: ignoring option MaxPermSize=256M; support was removed in 8.0\nBuildfile: /data/cmd/Ming/LLM_Based-Mutation/tools/mutant/defects4j-2.1.0/framework/projects/defects4j.build.xml\n\ncompile:\n\ngradle.compile:\n\nant.compile:\n\nclean:\n\nprepare:\n    [mkdir] Created dir: /data/cmd/Ming/llm-fl-apr/tmp/Mockito_33-prompt_apr_4-qwen-turbo/target/classes\n    [mkdir] Created dir: /data/cmd/Ming/llm-fl-apr/tmp/Mockito_33-prompt_apr_4-qwen-turbo/target/test-classes\n    [mkdir] Created dir: /data/cmd/Ming/llm-fl-apr/tmp/Mockito_33-prompt_apr_4-qwen-turbo/target/reports/junit\n\ncompile:\n    [javac] /data/cmd/Ming/llm-fl-apr/tmp/Mockito_33-prompt_apr_4-qwen-turbo/build.xml:77: warning: 'includeantruntime' was not set, defaulting to build.sysclasspath=last; set to false for repeatable builds\n    [javac] Compiling 233 source files to /data/cmd/Ming/llm-fl-apr/tmp/Mockito_33-prompt_apr_4-qwen-turbo/target/classes\n    [javac] /data/cmd/Ming/llm-fl-apr/tmp/Mockito_33-prompt_apr_4-qwen-turbo/src/org/mockito/configuration/DefaultMockitoConfiguration.java:7: warning: [deprecation] ReturnValues in org.mockito has been deprecated\n    [javac] import org.mockito.ReturnValues;\n    [javac]                   ^\n    [javac] /data/cmd/Ming/llm-fl-apr/tmp/Mockito_33-prompt_apr_4-qwen-turbo/src/org/mockito/configuration/IMockitoConfiguration.java:7: warning: [deprecation] ReturnValues in org.mockito has been deprecated\n    [javac] import org.mockito.ReturnValues;\n    [javac]                   ^\n    [javac] /data/cmd/Ming/llm-fl-apr/tmp/Mockito_33-prompt_apr_4-qwen-turbo/src/org/mockito/internal/configuration/GlobalConfiguration.java:7: warning: [deprecation] ReturnValues in org.mockito has been deprecated\n    [javac] import org.mockito.ReturnValues;\n    [javac]                   ^\n    [javac] /data/cmd/Ming/llm-fl-apr/tmp/Mockito_33-prompt_apr_4-qwen-turbo/src/org/mockito/internal/runners/JUnit44RunnerImpl.java:7: warning: [deprecation] InitializationError in org.junit.internal.runners has been deprecated\n    [javac] import org.junit.internal.runners.InitializationError;\n    [javac]                                  ^\n    [javac] /data/cmd/Ming/llm-fl-apr/tmp/Mockito_33-prompt_apr_4-qwen-turbo/src/org/mockito/internal/runners/JUnit44RunnerImpl.java:8: warning: [deprecation] JUnit4ClassRunner in org.junit.internal.runners has been deprecated\n    [javac] import org.junit.internal.runners.JUnit4ClassRunner;\n    [javac]                                  ^\n    [javac] /data/cmd/Ming/llm-fl-apr/tmp/Mockito_33-prompt_apr_4-qwen-turbo/src/org/mockito/internal/stubbing/answers/AnswerReturnValuesAdapter.java:9: warning: [deprecation] ReturnValues in org.mockito has been deprecated\n    [javac] import org.mockito.ReturnValues;\n    [javac]                   ^\n    [javac] /data/cmd/Ming/llm-fl-apr/tmp/Mockito_33-prompt_apr_4-qwen-turbo/src/org/mockito/internal/invocation/InvocationMatcher.java:99: error: cannot find symbol\n    [javac] return m1.getName().equals(m2.getName()) && Arrays.equals(m1.getParameterTypes(), m2.getParameterTypes());    }\n    [javac]                                             ^\n    [javac]   symbol:   variable Arrays\n    [javac]   location: class InvocationMatcher\n    [javac] /data/cmd/Ming/llm-fl-apr/tmp/Mockito_33-prompt_apr_4-qwen-turbo/src/org/mockito/internal/configuration/DefaultAnnotationEngine.java:34: warning: [deprecation] createMockFor(Annotation,Field) in AnnotationEngine has been deprecated\n    [javac]     public Object createMockFor(Annotation annotation, Field field) {\n    [javac]                   ^\n    [javac] /data/cmd/Ming/llm-fl-apr/tmp/Mockito_33-prompt_apr_4-qwen-turbo/src/org/mockito/internal/configuration/SpyAnnotationEngine.java:22: warning: [deprecation] createMockFor(Annotation,Field) in AnnotationEngine has been deprecated\n    [javac]     public Object createMockFor(Annotation annotation, Field field) {\n    [javac]                   ^\n    [javac] 1 error\n    [javac] 8 warnings\n\nBUILD FAILED\n/data/cmd/Ming/LLM_Based-Mutation/tools/mutant/defects4j-2.1.0/framework/projects/Mockito/Mockito.build.xml:148: The following error occurred while executing this line:\n/data/cmd/Ming/LLM_Based-Mutation/tools/mutant/defects4j-2.1.0/framework/projects/Mockito/Mockito.build.xml:69: The following error occurred while executing this line:\n/data/cmd/Ming/llm-fl-apr/tmp/Mockito_33-prompt_apr_4-qwen-turbo/build.xml:77: Compile failed; see the compiler error output for details.\n\nTotal time: 6 seconds\nCannot compile sources! at /data/cmd/Ming/LLM_Based-Mutation/tools/mutant/defects4j-2.1.0/framework/bin/d4j/d4j-compile line 82.\nCompilation failed in require at /data/cmd/Ming/LLM_Based-Mutation/tools/mutant/defects4j-2.1.0/framework/bin/defects4j line 195.\n"
                }
            },
            "doubao-pro-4k": {
                "compile": {
                    "rc": 0,
                    "so": "",
                    "se": "Running ant (compile)...................................................... OK\nRunning ant (compile.tests)................................................ OK\n"
                },
                "test": {
                    "rc": 0,
                    "so": "Failing tests: 368\n  - org.concurrentmockito.ThreadVerifiesContinuoslyInteractingMockTest::shouldAllowVerifyingInThreads\n  - org.concurrentmockito.ThreadsShareAMockTest::shouldAllowVerifyingInThreads\n  - org.concurrentmockito.VerificationInOrderFromMultipleThreadsTest::shouldVerifyInOrderWhenMultipleThreadsInteractWithMock\n  - org.mockito.internal.InvalidStateDetectionTest::shouldCorrectStateAfterDetectingUnfinishedVerification\n  - org.mockito.internal.InvalidStateDetectionTest::shouldCorrectStateAfterDetectingUnfinishedStubbing\n  - org.mockito.internal.creation.cglib.CGLIBHackerTest::shouldSetMockitoNamingPolicy\n  - org.mockito.internal.creation.cglib.CGLIBHackerTest::shouldSetMockitoNamingPolicyEvenIfMethodProxyIsProxied\n  - org.mockito.internal.debugging.LoggingListenerTest::shouldLogDifferentArgs\n  - org.mockito.internal.debugging.LoggingListenerTest::shouldLogUnstubbed\n  - org.mockito.internal.debugging.LoggingListenerTest::shouldLogUnusedStub\n  - org.mockito.internal.debugging.WarningsFinderTest::shouldPrintUnstubbedInvocation\n  - org.mockito.internal.debugging.WarningsFinderTest::shouldPrintUnusedStub\n  - org.mockito.internal.debugging.WarningsFinderTest::shouldPrintStubWasUsedWithDifferentArgs\n  - org.mockito.internal.debugging.WarningsPrinterImplTest::shouldPassCorrectWarningFlag\n  - org.mockito.internal.debugging.WarningsPrinterImplTest::shouldPrintToString\n  - org.mockito.internal.debugging.WarningsPrinterImplTest::shouldUseFinderCorrectly\n  - org.mockito.internal.invocation.InvocationMatcherTest::shouldKnowIfIsSimilarTo\n  - org.mockito.internal.invocation.InvocationMatcherTest::shouldMatchVarargsUsingAnyVarargs\n  - org.mockito.internal.invocation.InvocationsFinderTest::shouldFindInvocationWithTheSameMethod\n  - org.mockito.internal.invocation.InvocationsFinderTest::shouldReturnAllChunksWhenModeIsAtLeastOnce\n  - org.mockito.internal.invocation.InvocationsFinderTest::shouldFindActualInvocations\n  - org.mockito.internal.invocation.InvocationsFinderTest::shouldFindMatchingChunk\n  - org.mockito.internal.invocation.InvocationsFinderTest::shouldFindAllMatchingUnverifiedChunks\n  - org.mockito.internal.invocation.InvocationsFinderTest::shouldReturnAllChunksWhenWantedCountDoesntMatch\n  - org.mockito.internal.progress.MockingProgressImplTest::shouldNotifyListenerWhenMockingStarted\n  - org.mockito.internal.stubbing.MockitoStubberTest::shouldGetResultsForMethods\n  - org.mockito.internal.stubbing.MockitoStubberTest::shouldAddThrowableForVoidMethod\n  - org.mockito.internal.util.reflection.LenientCopyToolTest::shouldContinueEvenIfThereAreProblemsCopyingSingleFieldValue\n  - org.mockito.internal.verification.OnlyTest::shouldMarkAsVerified\n  - org.mockito.internal.verification.checkers.AtLeastXNumberOfInvocationsCheckerTest::shouldMarkActualInvocationsAsVerified\n  - org.mockito.verification.TimeoutTest::shouldTryToVerifyCorrectNumberOfTimes\n  - org.mockito.verification.TimeoutTest::shouldFailBecauseVerificationFails\n  - org.mockitousage.PlaygroundWithDemoOfUnclonedParametersProblemTest::shouldAlterFinalLog\n  - org.mockitousage.PlaygroundWithDemoOfUnclonedParametersProblemTest::shouldIncludeInitialLog\n  - org.mockitousage.annotation.AnnotationsTest::shouldInitMocks\n  - org.mockitousage.annotation.CaptorAnnotationBasicTest::shouldUseAnnotatedCaptor\n  - org.mockitousage.annotation.CaptorAnnotationBasicTest::shouldUseCaptorInOrdinaryWay\n  - org.mockitousage.annotation.CaptorAnnotationBasicTest::shouldCaptureGenericList\n  - org.mockitousage.annotation.CaptorAnnotationBasicTest::shouldUseGenericlessAnnotatedCaptor\n  - org.mockitousage.annotation.CaptorAnnotationTest::testNormalUsage\n  - org.mockitousage.annotation.SpyAnnotationTest::shouldInitSpies\n  - org.mockitousage.basicapi.MocksSerializationTest::shouldSerializeWithRealObjectSpy\n  - org.mockitousage.basicapi.MocksSerializationTest::shouldStubEvenIfSomeMethodsCalledAfterSerialization\n  - org.mockitousage.basicapi.MocksSerializationTest::shouldSerializeAlreadySerializableClass\n  - org.mockitousage.basicapi.MocksSerializationTest::shouldAllMockAndSerializableValueToBeSerialized\n  - org.mockitousage.basicapi.MocksSerializationTest::shouldAllowMockAndBooleanValueToSerializable\n  - org.mockitousage.basicapi.MocksSerializationTest::shouldSerializeMethodCallsUsingAnyStringMatcher\n  - org.mockitousage.basicapi.MocksSerializationTest::shouldVerifyCalledNTimesForSerializedMock\n  - org.mockitousage.basicapi.MocksSerializationTest::shouldVerifyCallOrderForSerializedMock\n  - org.mockitousage.basicapi.MocksSerializationTest::shouldVerifyEvenIfSomeMethodsCalledAfterSerialization\n  - org.mockitousage.basicapi.MocksSerializationTest::shouldAllowMockAndStringValueToBeSerializable\n  - org.mockitousage.basicapi.MocksSerializationTest::shouldSerializeMethodCallWithParametersThatAreSerializable\n  - org.mockitousage.basicapi.MocksSerializationTest::shouldSerializeWithStubbingCallback\n  - org.mockitousage.basicapi.UsingVarargsTest::shouldVerifyWithNullVarArgArray\n  - org.mockitousage.basicapi.UsingVarargsTest::shouldVerifyWithAnyObject\n  - org.mockitousage.basicapi.UsingVarargsTest::shouldStubBooleanVarargs\n  - org.mockitousage.basicapi.UsingVarargsTest::shouldMatchEasilyEmptyVararg\n  - org.mockitousage.basicapi.UsingVarargsTest::shouldVerifyBooleanVarargs\n  - org.mockitousage.basicapi.UsingVarargsTest::shouldStubCorrectlyWhenMixedVarargsUsed\n  - org.mockitousage.basicapi.UsingVarargsTest::shouldStubStringVarargs\n  - org.mockitousage.basicapi.UsingVarargsTest::shouldStubCorrectlyWhenDoubleStringAndMixedVarargsUsed\n  - org.mockitousage.basicapi.UsingVarargsTest::shouldVerifyStringVarargs\n  - org.mockitousage.basicapi.UsingVarargsTest::shouldVerifyObjectVarargs\n  - org.mockitousage.bugs.AIOOBExceptionWithAtLeastTest::testCompleteProgress\n  - org.mockitousage.bugs.CaptorAnnotationAutoboxingTest::shouldAutoboxSafely\n  - org.mockitousage.bugs.CovariantOverrideTest::returnFoo1\n  - org.mockitousage.bugs.CovariantOverrideTest::returnFoo2\n  - org.mockitousage.bugs.CovariantOverrideTest::returnFoo3\n  - org.mockitousage.bugs.InheritedGenericsPolimorphicCallTest::shouldStubbingWork\n  - org.mockitousage.bugs.InheritedGenericsPolimorphicCallTest::shouldVerificationWorks\n  - org.mockitousage.bugs.MultipleInOrdersTest::inOrderTest\n  - org.mockitousage.bugs.NPEWhenMockingThrowablesTest::shouldNotThrowNPE\n  - org.mockitousage.bugs.NPEWithCertainMatchersTest::shouldNotThrowNPEWhenIntPassed\n  - org.mockitousage.bugs.NPEWithCertainMatchersTest::shouldNotThrowNPEWhenIntegerPassed\n  - org.mockitousage.bugs.NPEWithCertainMatchersTest::shouldNotThrowNPEWhenIntegerPassedToEq\n  - org.mockitousage.bugs.ShouldOnlyModeAllowCapturingArgumentsTest::shouldAllowCapturingArguments\n  - org.mockitousage.bugs.VarargsErrorWhenCallingRealMethodTest::shouldNotThrowAnyException\n  - org.mockitousage.bugs.VerifyingWithAnExtraCallToADifferentMockTest::shouldAllowVerifyingWhenOtherMockCallIsInTheSameLine\n  - org.mockitousage.bugs.varargs.VarargsAndAnyObjectPicksUpExtraInvocationsTest::shouldVerifyCorrectlyWithAnyVarargs\n  - org.mockitousage.bugs.varargs.VarargsAndAnyObjectPicksUpExtraInvocationsTest::shouldVerifyCorrectlyNumberOfInvocationsWithVarargs\n  - org.mockitousage.bugs.varargs.VarargsAndAnyObjectPicksUpExtraInvocationsTest::shouldVerifyCorrectlyNumberOfInvocationsUsingAnyVarargAndEqualArgument\n  - org.mockitousage.bugs.varargs.VarargsNotPlayingWithAnyObjectTest::shouldStubUsingAnyVarargs\n  - org.mockitousage.bugs.varargs.VarargsNotPlayingWithAnyObjectTest::shouldMatchAnyVararg\n  - org.mockitousage.configuration.CustomizedAnnotationForSmartMockTest::shouldUseCustomAnnotation\n  - org.mockitousage.customization.BDDMockitoTest::shouldStubWithAnswer\n  - org.mockitousage.customization.BDDMockitoTest::shouldStubByDelegatingToRealMethodUsingTypicalStubbingSyntax\n  - org.mockitousage.customization.BDDMockitoTest::shouldStubWithThrowable\n  - org.mockitousage.customization.BDDMockitoTest::shouldStubConsecutively\n  - org.mockitousage.customization.BDDMockitoTest::shouldStub\n  - org.mockitousage.customization.BDDMockitoTest::shouldStubUsingDoReturnStyle\n  - org.mockitousage.customization.BDDMockitoTest::shouldStubVoid\n  - org.mockitousage.customization.BDDMockitoTest::shouldStubVoidConsecutively\n  - org.mockitousage.customization.BDDMockitoTest::shouldStubUsingDoAnswerStyle\n  - org.mockitousage.customization.BDDMockitoTest::shouldStubByDelegatingToRealMethod\n  - org.mockitousage.debugging.PrintingInvocationsWhenEverythingOkTest::shouldPrintInvocationsWhenStubbingNotUsed\n  - org.mockitousage.debugging.PrintingInvocationsWhenEverythingOkTest::shouldPrintInvocationsWhenStubbingNotUsed\n  - org.mockitousage.examples.use.ExampleTest::managerCountsArticlesUsingCalculator\n  - org.mockitousage.examples.use.ExampleTest::managerSavesArticlesInTheDatabase\n  - org.mockitousage.examples.use.ExampleTest::shouldPersistRecalculatedArticle\n  - org.mockitousage.examples.use.ExampleTest::managerCountsArticlesAndSavesThemInTheDatabase\n  - org.mockitousage.examples.use.ExampleTest::managerUpdatesNumberOfRelatedArticles\n  - org.mockitousage.junitrunner.JUnit44RunnerTest::shouldInitMocksUsingRunner\n  - org.mockitousage.junitrunner.JUnit45RunnerTest::shouldInitMocksUsingRunner\n  - org.mockitousage.matchers.AnyXMatchersAcceptNullsTest::shouldAnyXMatchersAcceptNull\n  - org.mockitousage.matchers.AnyXMatchersAcceptNullsTest::shouldAnyPrimiteWraperMatchersAcceptNull\n  - org.mockitousage.matchers.CapturingArgumentsTest::shouldCaptureIntByCreatingCaptorWithPrimitiveWrapper\n  - org.mockitousage.matchers.CapturingArgumentsTest::shouldAllowAssertionsOnAllCapturedArguments\n  - org.mockitousage.matchers.CapturingArgumentsTest::shouldAllowAssertionsOnCapturedNull\n  - org.mockitousage.matchers.CapturingArgumentsTest::shouldAllowAssertionsOnCapturedArgument\n  - org.mockitousage.matchers.CapturingArgumentsTest::shouldAllowAssertionsOnLastArgument\n  - org.mockitousage.matchers.CapturingArgumentsTest::shouldCaptureWhenStubbingOnlyWhenEntireInvocationMatches\n  - org.mockitousage.matchers.CapturingArgumentsTest::shouldCaptureIntByCreatingCaptorWithPrimitive\n  - org.mockitousage.matchers.CapturingArgumentsTest::shouldCaptureWhenFullArgListMatches\n  - org.mockitousage.matchers.CapturingArgumentsTest::shouldAllowCapturingForStubbing\n  - org.mockitousage.matchers.CustomMatchersTest::shouldUseCustomObjectMatcher\n  - org.mockitousage.matchers.CustomMatchersTest::shouldUseCustomCharMatcher\n  - org.mockitousage.matchers.CustomMatchersTest::shouldUseCustomPrimitiveNumberMatchers\n  - org.mockitousage.matchers.CustomMatchersTest::shouldUseCustomBooleanMatcher\n  - org.mockitousage.matchers.HamcrestMatchersTest::shouldAcceptHamcrestMatcher\n  - org.mockitousage.matchers.MatchersTest::sameMatcherAndNulls\n  - org.mockitousage.matchers.MatchersTest::nullMatcher\n  - org.mockitousage.matchers.MatchersTest::compareToMatcher\n  - org.mockitousage.matchers.MatchersTest::matchesMatcher\n  - org.mockitousage.matchers.MatchersTest::shouldUseSmartEqualsForArrays\n  - org.mockitousage.matchers.MatchersTest::shouldArrayEqualsDealWithNullArray\n  - org.mockitousage.matchers.MatchersTest::orOverloaded\n  - org.mockitousage.matchers.MatchersTest::eqMatcherAndNulls\n  - org.mockitousage.matchers.MatchersTest::arrayEqualsMatcher\n  - org.mockitousage.matchers.MatchersTest::andOverloaded\n  - org.mockitousage.matchers.MatchersTest::endsWithMatcher\n  - org.mockitousage.matchers.MatchersTest::notNullMatcher\n  - org.mockitousage.matchers.MatchersTest::deltaMatcher\n  - org.mockitousage.matchers.MatchersTest::anyMatcher\n  - org.mockitousage.matchers.MatchersTest::shouldUseSmartEqualsForPrimitiveArrays\n  - org.mockitousage.matchers.MatchersTest::lessThanMatcher\n  - org.mockitousage.matchers.MatchersTest::orMatcher\n  - org.mockitousage.matchers.MatchersTest::sameMatcher\n  - org.mockitousage.matchers.MatchersTest::greaterOrEqualMatcherOverloaded\n  - org.mockitousage.matchers.MatchersTest::containsMatcher\n  - org.mockitousage.matchers.MatchersTest::anyStringMatcher\n  - org.mockitousage.matchers.MatchersTest::greaterThanMatcherOverloaded\n  - org.mockitousage.matchers.MatchersTest::notOverloaded\n  - org.mockitousage.matchers.MatchersTest::greaterOrEqualMatcher\n  - org.mockitousage.matchers.MatchersTest::lessThanOverloaded\n  - org.mockitousage.matchers.MatchersTest::startsWithMatcher\n  - org.mockitousage.matchers.MatchersTest::findMatcher\n  - org.mockitousage.matchers.MatchersTest::lessOrEqualMatcher\n  - org.mockitousage.matchers.MatchersTest::lessOrEqualOverloaded\n  - org.mockitousage.matchers.MatchersTest::greaterThanMatcher\n  - org.mockitousage.matchers.MoreMatchersTest::shouldAnyBeActualAliasToAnyObject\n  - org.mockitousage.matchers.MoreMatchersTest::shouldHelpOutWithUnnecessaryCasting\n  - org.mockitousage.matchers.MoreMatchersTest::shouldHelpOutWithUnnecessaryCastingOfSets\n  - org.mockitousage.matchers.MoreMatchersTest::shouldHelpOutWithUnnecessaryCastingOfLists\n  - org.mockitousage.matchers.MoreMatchersTest::shouldHelpOutWithUnnecessaryCastingOfCollections\n  - org.mockitousage.matchers.NewMatchersTest::shouldAllowAnyCollection\n  - org.mockitousage.matchers.NewMatchersTest::shouldAllowAnyList\n  - org.mockitousage.matchers.NewMatchersTest::shouldAllowAnyMap\n  - org.mockitousage.matchers.NewMatchersTest::shouldAllowAnySet\n  - org.mockitousage.matchers.ReflectionMatchersTest::shouldMatchWhenFieldValuesEqualWithOneFieldExcluded\n  - org.mockitousage.matchers.ReflectionMatchersTest::shouldMatchWhenFieldValuesEqual\n  - org.mockitousage.matchers.ReflectionMatchersTest::shouldMatchWhenFieldValuesEqualWithTwoFieldsExcluded\n  - org.mockitousage.matchers.VerificationAndStubbingUsingMatchersTest::shouldStubUsingMatchers\n  - org.mockitousage.matchers.VerificationAndStubbingUsingMatchersTest::shouldVerifyUsingMatchers\n  - org.mockitousage.misuse.CleaningUpPotentialStubbingTest::shouldResetOngoingStubbingOnInOrder\n  - org.mockitousage.misuse.CleaningUpPotentialStubbingTest::shouldResetOngoingStubbingOnVerify\n  - org.mockitousage.puzzlers.BridgeMethodPuzzleTest::shouldVerifyCorrectlyWhenBridgeMethodCalled\n  - org.mockitousage.spies.PartialMockingWithSpiesTest::shouldAllowStubbingOfMethodsThatDelegateToOtherMethods\n  - org.mockitousage.spies.PartialMockingWithSpiesTest::shouldVerify\n  - org.mockitousage.spies.PartialMockingWithSpiesTest::shouldStub\n  - org.mockitousage.spies.PartialMockingWithSpiesTest::shouldAllowStubbingWithThrowablesMethodsThatDelegateToOtherMethods\n  - org.mockitousage.spies.SpyingOnInterfacesTest::shouldFailInRuntimeWhenCallingRealMethodOnInterface\n  - org.mockitousage.spies.SpyingOnRealObjectsTest::shouldAllowOverridingStubs\n  - org.mockitousage.spies.SpyingOnRealObjectsTest::shouldVerifyNumberOfTimesAndFail\n  - org.mockitousage.spies.SpyingOnRealObjectsTest::shouldVerify\n  - org.mockitousage.spies.SpyingOnRealObjectsTest::shouldVerifyNumberOfTimes\n  - org.mockitousage.spies.SpyingOnRealObjectsTest::shouldVerifyNoMoreInteractionsAndFail\n  - org.mockitousage.spies.SpyingOnRealObjectsTest::shouldStubWithDoReturnAndVerify\n  - org.mockitousage.spies.SpyingOnRealObjectsTest::shouldStub\n  - org.mockitousage.spies.SpyingOnRealObjectsTest::shouldVerifyInOrder\n  - org.mockitousage.spies.SpyingOnRealObjectsTest::shouldStubVoid\n  - org.mockitousage.spies.SpyingOnRealObjectsTest::shouldVerifyInOrderAndFail\n  - org.mockitousage.stacktrace.PointingStackTraceToActualInvocationChunkInOrderTest::shouldPointToThirdInteractionBecauseAtLeastOnceUsed\n  - org.mockitousage.stacktrace.PointingStackTraceToActualInvocationChunkInOrderTest::shouldPointToThirdChunkWhenTooLittleActualInvocations\n  - org.mockitousage.stacktrace.PointingStackTraceToActualInvocationChunkInOrderTest::shouldPointStackTraceToPreviousInvocation\n  - org.mockitousage.stacktrace.PointingStackTraceToActualInvocationChunkInOrderTest::shouldPointToFourthChunkBecauseTooManyActualInvocations\n  - org.mockitousage.stacktrace.PointingStackTraceToActualInvocationInOrderTest::shouldPointToFirstMethodBecauseOfTooManyActualInvocations\n  - org.mockitousage.stacktrace.PointingStackTraceToActualInvocationInOrderTest::shouldPointToSecondMethod\n  - org.mockitousage.stacktrace.PointingStackTraceToActualInvocationInOrderTest::shouldPointToFourthMethodBecauseOfTooLittleActualInvocations\n  - org.mockitousage.stacktrace.PointingStackTraceToActualInvocationInOrderTest::shouldPointStackTraceToPreviousVerified\n  - org.mockitousage.stacktrace.PointingStackTraceToActualInvocationInOrderTest::shouldPointToThirdMethod\n  - org.mockitousage.stacktrace.PointingStackTraceToActualInvocationInOrderTest::shouldPointToSecondMethodBecauseOfTooManyActualInvocations\n  - org.mockitousage.stacktrace.PointingStackTraceToActualInvocationTest::shouldPointToTooManyInvocationsChunkOnError\n  - org.mockitousage.stacktrace.PointingStackTraceToActualInvocationTest::shouldNotPointStackTracesToRunnersCode\n  - org.mockitousage.stacktrace.StackTraceFilteringTest::shouldShowProperExceptionStackTrace\n  - org.mockitousage.stacktrace.StackTraceFilteringTest::shouldFilterStacktraceWhenVerifyingInOrder\n  - org.mockitousage.stubbing.BasicStubbingTest::shouldAllowStubbingToString\n  - org.mockitousage.stubbing.BasicStubbingTest::shouldEvaluateLatestStubbingFirst\n  - org.mockitousage.stubbing.CallingRealMethodTest::shouldAllowCallingInternalMethod\n  - org.mockitousage.stubbing.CallingRealMethodTest::shouldNotCallRealMethodWhenStubbedLater\n  - org.mockitousage.stubbing.CallingRealMethodTest::shouldReturnRealValue\n  - org.mockitousage.stubbing.CallingRealMethodTest::shouldExecuteRealMethod\n  - org.mockitousage.stubbing.CloningParameterTest::shouldVerifyEvenIfArgumentsWereMutated\n  - org.mockitousage.stubbing.DeepStubbingTest::withComplexPatternArguments\n  - org.mockitousage.stubbing.DeepStubbingTest::shouldVerificationBasicallyWorkFine\n  - org.mockitousage.stubbing.DeepStubbingTest::withAnyPatternArguments\n  - org.mockitousage.stubbing.DeepStubbingTest::simpleCase\n  - org.mockitousage.stubbing.DeepStubbingTest::shouldStubbingBasicallyWorkFine\n  - org.mockitousage.stubbing.DeepStubbingTest::withArguments\n  - org.mockitousage.stubbing.DeepStubbingTest::oneLevelDeep\n  - org.mockitousage.stubbing.DeepStubbingTest::shouldFailGracefullyWhenClassIsFinal\n  - org.mockitousage.stubbing.DeepStubbingTest::withPatternPrimitive\n  - org.mockitousage.stubbing.DeepStubbingTest::interactions\n  - org.mockitousage.stubbing.DeepStubbingTest::withSimplePrimitive\n  - org.mockitousage.stubbing.DeprecatedStubbingTest::shouldAllowStubbingToString\n  - org.mockitousage.stubbing.DeprecatedStubbingTest::shouldAllowConsecutiveStubbing\n  - org.mockitousage.stubbing.DeprecatedStubbingTest::shouldEvaluateLatestStubbingFirst\n  - org.mockitousage.stubbing.StubbingConsecutiveAnswersTest::shouldMixConsecutiveReturnsWithExcepions\n  - org.mockitousage.stubbing.StubbingConsecutiveAnswersTest::shouldReturnConsecutiveValues\n  - org.mockitousage.stubbing.StubbingConsecutiveAnswersTest::shouldReturnConsecutiveValuesSetByShortenThenReturnMethod\n  - org.mockitousage.stubbing.StubbingConsecutiveAnswersTest::shouldStubVoidMethod\n  - org.mockitousage.stubbing.StubbingConsecutiveAnswersTest::shouldStubVoidMethodAndContinueThrowing\n  - org.mockitousage.stubbing.StubbingConsecutiveAnswersTest::shouldReturnConsecutiveValueAndThrowExceptionssSetByShortenReturnMethods\n  - org.mockitousage.stubbing.StubbingConsecutiveAnswersTest::shouldThrowConsecutively\n  - org.mockitousage.stubbing.StubbingConsecutiveAnswersTest::shouldThrowConsecutivelySetByShortenThenThrowMethod\n  - org.mockitousage.stubbing.StubbingUsingDoReturnTest::shouldStubWithArgs\n  - org.mockitousage.stubbing.StubbingUsingDoReturnTest::shouldStubWithGenericAnswer\n  - org.mockitousage.stubbing.StubbingUsingDoReturnTest::shouldVerifyStubbedCall\n  - org.mockitousage.stubbing.StubbingUsingDoReturnTest::shouldAllowChainedStubbingOnVoidMethods\n  - org.mockitousage.stubbing.StubbingUsingDoReturnTest::shouldStubWithThrowable\n  - org.mockitousage.stubbing.StubbingUsingDoReturnTest::shouldAllowStubbingToString\n  - org.mockitousage.stubbing.StubbingUsingDoReturnTest::shouldStub\n  - org.mockitousage.stubbing.StubbingUsingDoReturnTest::shouldAllowSettingValidCheckedException\n  - org.mockitousage.stubbing.StubbingUsingDoReturnTest::shouldAllowChainedStubbing\n  - org.mockitousage.stubbing.StubbingWithCustomAnswerTest::shouldAnswer\n  - org.mockitousage.stubbing.StubbingWithCustomAnswerTest::shouldMakeSureTheInterfaceDoesNotChange\n  - org.mockitousage.stubbing.StubbingWithCustomAnswerTest::shouldAnswerVoidMethodConsecutively\n  - org.mockitousage.stubbing.StubbingWithCustomAnswerTest::shoudAnswerVoidMethod\n  - org.mockitousage.stubbing.StubbingWithCustomAnswerTest::shouldAnswerConsecutively\n  - org.mockitousage.stubbing.StubbingWithExtraAnswersTest::shouldReturnNullIfNecessary\n  - org.mockitousage.stubbing.StubbingWithExtraAnswersTest::shouldWorkAsStandardMockito\n  - org.mockitousage.stubbing.StubbingWithThrowablesTest::shouldMixThrowablesAndReturnsOnDifferentMocks\n  - org.mockitousage.stubbing.StubbingWithThrowablesTest::shouldStubWithThrowable\n  - org.mockitousage.stubbing.StubbingWithThrowablesTest::shouldSetThrowableToVoidMethod\n  - org.mockitousage.stubbing.StubbingWithThrowablesTest::shouldAllowSettingCheckedException\n  - org.mockitousage.stubbing.StubbingWithThrowablesTest::shouldStubbingWithThrowableBeVerifiable\n  - org.mockitousage.stubbing.StubbingWithThrowablesTest::shouldAllowSettingError\n  - org.mockitousage.stubbing.StubbingWithThrowablesTest::shouldLastStubbingVoidBeImportant\n  - org.mockitousage.stubbing.StubbingWithThrowablesTest::shouldFailStubbingThrowableOnTheSameInvocationDueToAcceptableLimitation\n  - org.mockitousage.verification.AtLeastXVerificationTest::shouldVerifyAtLeastXTimes\n  - org.mockitousage.verification.AtLeastXVerificationTest::shouldFailVerifiationAtLeastXTimes\n  - org.mockitousage.verification.AtLeastXVerificationTest::shouldAllowAtLeastZeroForTheSakeOfVerifyNoMoreInteractionsSometimes\n  - org.mockitousage.verification.AtMostXVerificationTest::shouldVerifyAtMostXTimes\n  - org.mockitousage.verification.AtMostXVerificationTest::shouldPrintDecentMessage\n  - org.mockitousage.verification.AtMostXVerificationTest::shouldMarkInteractionsAsVerified\n  - org.mockitousage.verification.AtMostXVerificationTest::shouldWorkWithArgumentMatchers\n  - org.mockitousage.verification.BasicVerificationInOrderTest::shouldFailWhenFirstMockCalledTwice\n  - org.mockitousage.verification.BasicVerificationInOrderTest::shouldFailOnSecondMethodBecauseTwoInvocationsWantedAgain\n  - org.mockitousage.verification.BasicVerificationInOrderTest::shouldFailOnFirstMethodBecauseOneInvocationWanted\n  - org.mockitousage.verification.BasicVerificationInOrderTest::shouldFailWhenLastMockCalledTwice\n  - org.mockitousage.verification.BasicVerificationInOrderTest::shouldFailOnSecondMethodBecauseDifferentMethodWanted\n  - org.mockitousage.verification.BasicVerificationInOrderTest::shouldFailOnSecondMethodBecauseFourInvocationsWanted\n  - org.mockitousage.verification.BasicVerificationInOrderTest::shouldFailOnFirstMethodBecauseOneInvocationWantedAgain\n  - org.mockitousage.verification.BasicVerificationInOrderTest::shouldFailWhenMiddleMethodVerifiedFirst\n  - org.mockitousage.verification.BasicVerificationInOrderTest::shouldVerifyInOrderWhenExpectingSomeInvocationsToBeCalledZeroTimes\n  - org.mockitousage.verification.BasicVerificationInOrderTest::shouldFailOnVerifyNoMoreInteractions\n  - org.mockitousage.verification.BasicVerificationInOrderTest::shouldFailOnSecondMethodBecauseDifferentArgsWanted\n  - org.mockitousage.verification.BasicVerificationInOrderTest::shouldFailOnLastMethodBecauseDifferentArgsWanted\n  - org.mockitousage.verification.BasicVerificationInOrderTest::shouldVerifyInOrder\n  - org.mockitousage.verification.BasicVerificationInOrderTest::shouldFailWhenMiddleMethodVerifiedFirstInAtLeastOnceMode\n  - org.mockitousage.verification.BasicVerificationInOrderTest::shouldFailOnLastMethodBecauseOneInvocationWanted\n  - org.mockitousage.verification.BasicVerificationInOrderTest::shouldFailOnLastMethodBecauseDifferentMethodWanted\n  - org.mockitousage.verification.BasicVerificationInOrderTest::shouldFailWhenLastMethodVerifiedFirst\n  - org.mockitousage.verification.BasicVerificationInOrderTest::shouldFailOnLastMethodBecauseOneInvocationWantedAgain\n  - org.mockitousage.verification.BasicVerificationInOrderTest::shouldVerifyInOrderUsingAtLeastOnce\n  - org.mockitousage.verification.BasicVerificationTest::shouldFailOnWrongMethod\n  - org.mockitousage.verification.BasicVerificationTest::shouldDetectWhenInvokedMoreThanOnce\n  - org.mockitousage.verification.BasicVerificationTest::shouldVerify\n  - org.mockitousage.verification.BasicVerificationTest::shouldFailVerificationOnMethodArgument\n  - org.mockitousage.verification.BasicVerificationTest::shouldVerifyStubbedMethods\n  - org.mockitousage.verification.BasicVerificationTest::shouldDetectRedundantInvocation\n  - org.mockitousage.verification.DescriptiveMessagesOnVerificationInOrderErrorsTest::shouldPrintTooLittleInvocations\n  - org.mockitousage.verification.DescriptiveMessagesOnVerificationInOrderErrorsTest::shouldPrintVerificationInOrderErrorAndShowBothWantedAndPrevious\n  - org.mockitousage.verification.DescriptiveMessagesOnVerificationInOrderErrorsTest::shouldNotSayArgumentsAreDifferent\n  - org.mockitousage.verification.DescriptiveMessagesOnVerificationInOrderErrorsTest::shouldPrintTooManyInvocations\n  - org.mockitousage.verification.DescriptiveMessagesOnVerificationInOrderErrorsTest::shouldPrintMethodThatWasNotInvoked\n  - org.mockitousage.verification.DescriptiveMessagesWhenTimesXVerificationFailsTest::shouldVerifyActualNumberOfInvocationsLargerThanWanted\n  - org.mockitousage.verification.DescriptiveMessagesWhenTimesXVerificationFailsTest::shouldVerifyActualNumberOfInvocationsSmallerThanWanted\n  - org.mockitousage.verification.DescriptiveMessagesWhenVerificationFailsTest::shouldSayNeverWantedButInvoked\n  - org.mockitousage.verification.DescriptiveMessagesWhenVerificationFailsTest::shouldShowRightActualMethod\n  - org.mockitousage.verification.DescriptiveMessagesWhenVerificationFailsTest::shouldPrintFirstUnexpectedInvocation\n  - org.mockitousage.verification.DescriptiveMessagesWhenVerificationFailsTest::shouldPrintActualAndUnverifiedWantedWhenTheDifferenceIsAboutArguments\n  - org.mockitousage.verification.ExactNumberOfTimesVerificationTest::shouldNotCountInStubbedInvocations\n  - org.mockitousage.verification.ExactNumberOfTimesVerificationTest::shouldDetectTooManyActualInvocations\n  - org.mockitousage.verification.ExactNumberOfTimesVerificationTest::shouldDetectTooLittleActualInvocations\n  - org.mockitousage.verification.ExactNumberOfTimesVerificationTest::shouldAllowVerifyingInteractionNeverHappenedInOrder\n  - org.mockitousage.verification.ExactNumberOfTimesVerificationTest::shouldDetectActuallyCalledOnce\n  - org.mockitousage.verification.ExactNumberOfTimesVerificationTest::shouldAllowVerifyingInteractionNeverHappened\n  - org.mockitousage.verification.FindingRedundantInvocationsInOrderTest::shouldVerifyNoMoreInteractionsInOrderWithMultipleMocks\n  - org.mockitousage.verification.FindingRedundantInvocationsInOrderTest::shouldFailToVerifyNoMoreInteractionsInOrder\n  - org.mockitousage.verification.FindingRedundantInvocationsInOrderTest::shouldVerifyNoMoreInteractionsInOrder\n  - org.mockitousage.verification.FindingRedundantInvocationsInOrderTest::shouldFailToVerifyNoMoreInteractionsInOrderWithMultipleMocks\n  - org.mockitousage.verification.NoMoreInteractionsVerificationTest::shouldPrintAllInvocationsWhenVerifyingNoMoreInvocations\n  - org.mockitousage.verification.NoMoreInteractionsVerificationTest::shouldStubbingNotRegisterRedundantInteractions\n  - org.mockitousage.verification.NoMoreInteractionsVerificationTest::shouldVerifyWhenWantedNumberOfInvocationsUsed\n  - org.mockitousage.verification.NoMoreInteractionsVerificationTest::shouldVerifyOneMockButFailOnOther\n  - org.mockitousage.verification.OnlyVerificationTest::shouldVerifyMethodWasInvokedExclusivelyWithMatchersUsage\n  - org.mockitousage.verification.OnlyVerificationTest::shouldFailIfMethodWasInvokedMoreThanOnce\n  - org.mockitousage.verification.OnlyVerificationTest::shouldVerifyMethodWasInvokedExclusivelyWhenTwoMocksInUse\n  - org.mockitousage.verification.OnlyVerificationTest::shouldFailIfExtraMethodWithDifferentArgsFound\n  - org.mockitousage.verification.OnlyVerificationTest::shouldVerifyMethodWasInvokedExclusively\n  - org.mockitousage.verification.RelaxedVerificationInOrderTest::shouldVerifyLastInvocation\n  - org.mockitousage.verification.RelaxedVerificationInOrderTest::shouldFailTimesZeroInOrder\n  - org.mockitousage.verification.RelaxedVerificationInOrderTest::shouldVerifyDetectAllChunksOfInvocationThatExistInManyChunks\n  - org.mockitousage.verification.RelaxedVerificationInOrderTest::shouldVerifyInteractionsFromFirstChunk\n  - org.mockitousage.verification.RelaxedVerificationInOrderTest::shouldFailOnLastAndFirstInWrongOrder\n  - org.mockitousage.verification.RelaxedVerificationInOrderTest::shouldFailVerificationOfNonFirstChunk\n  - org.mockitousage.verification.RelaxedVerificationInOrderTest::shouldAllowFirstChunkBeforeLastInvocation\n  - org.mockitousage.verification.RelaxedVerificationInOrderTest::shouldVerifyInOrderAllInvocations\n  - org.mockitousage.verification.RelaxedVerificationInOrderTest::shouldFailOnWrongMethodAfterLastInvocation\n  - org.mockitousage.verification.RelaxedVerificationInOrderTest::shouldVerifyInOrderOnlyTwoInvocations\n  - org.mockitousage.verification.RelaxedVerificationInOrderTest::shouldVerifyInOrderOnlyMockTwo\n  - org.mockitousage.verification.RelaxedVerificationInOrderTest::shouldPassOnEdgyCombinationOfTimesAndAtLeastOnce\n  - org.mockitousage.verification.RelaxedVerificationInOrderTest::shouldPassOnCombinationOfTimesAndAtLeastOnce\n  - org.mockitousage.verification.RelaxedVerificationInOrderTest::shouldFailWhenMockTwoWantedZeroTimes\n  - org.mockitousage.verification.RelaxedVerificationInOrderTest::shouldVerifySecondAndLastInvocationWhenAtLeastOnceUsed\n  - org.mockitousage.verification.RelaxedVerificationInOrderTest::shouldVerifyInOrderMockOneAndThree\n  - org.mockitousage.verification.RelaxedVerificationInOrderTest::shouldVerifyInOrderAndBeRelaxed\n  - org.mockitousage.verification.RelaxedVerificationInOrderTest::shouldVerifyInteractionsFromAllChunksWhenAtLeastOnceMode\n  - org.mockitousage.verification.RelaxedVerificationInOrderTest::shouldVerifySecondAndLastInvocation\n  - org.mockitousage.verification.RelaxedVerificationInOrderTest::shouldFailOnLastTwoInvocationsInWrongOrder\n  - org.mockitousage.verification.RelaxedVerificationInOrderTest::shouldVerifyDetectFirstChunkOfInvocationThatExistInManyChunks\n  - org.mockitousage.verification.RelaxedVerificationInOrderTest::shouldVerifyMockTwoCalledTwice\n  - org.mockitousage.verification.RelaxedVerificationInOrderTest::shouldAllowAllChunksBeforeLastInvocation\n  - org.mockitousage.verification.RelaxedVerificationInOrderTest::shouldAllowTimesZeroButOnlyInOrder\n  - org.mockitousage.verification.RelaxedVerificationInOrderTest::shouldVerifyMockTwoCalledAtLeastOnce\n  - org.mockitousage.verification.RelaxedVerificationInOrderTest::shouldVerifyInOrderMockTwoAndThree\n  - org.mockitousage.verification.SelectedMocksInOrderVerificationTest::shouldThrowNoMoreInvocationsForMockTwo\n  - org.mockitousage.verification.SelectedMocksInOrderVerificationTest::shouldVerifyMockTwoCompletely\n  - org.mockitousage.verification.SelectedMocksInOrderVerificationTest::shouldFailVerificationForMockOneBecauseOfWrongOrder\n  - org.mockitousage.verification.SelectedMocksInOrderVerificationTest::shouldAllowThreeTimesOnMockTwo\n  - org.mockitousage.verification.SelectedMocksInOrderVerificationTest::shouldAllowTwoTimesOnMockTwo\n  - org.mockitousage.verification.SelectedMocksInOrderVerificationTest::shouldVerifyMockOneInOrder\n  - org.mockitousage.verification.SelectedMocksInOrderVerificationTest::shouldVerifyAllInvocationsInOrder\n  - org.mockitousage.verification.SelectedMocksInOrderVerificationTest::shouldThrowTooLittleInvocationsForMockTwo\n  - org.mockitousage.verification.SelectedMocksInOrderVerificationTest::shouldFailVerificationForMockOne\n  - org.mockitousage.verification.SelectedMocksInOrderVerificationTest::shouldFailVerificationForMockTwo\n  - org.mockitousage.verification.SelectedMocksInOrderVerificationTest::shouldVerifyMockTwo\n  - org.mockitousage.verification.SelectedMocksInOrderVerificationTest::shouldVerifyInOrderMockOneAndThree\n  - org.mockitousage.verification.SelectedMocksInOrderVerificationTest::shouldVerifyMockTwoWhenThreeTimesUsed\n  - org.mockitousage.verification.SelectedMocksInOrderVerificationTest::shouldThrowTooManyInvocationsForMockTwo\n  - org.mockitousage.verification.SelectedMocksInOrderVerificationTest::shouldVerifyInOrderMockTwoAndThree\n  - org.mockitousage.verification.VerificationInOrderMixedWithOrdiraryVerificationTest::shouldAllowOneMethodVerifiedInOrder\n  - org.mockitousage.verification.VerificationInOrderMixedWithOrdiraryVerificationTest::shouldFailOnLastInvocationTooEarly\n  - org.mockitousage.verification.VerificationInOrderMixedWithOrdiraryVerificationTest::shouldUseEqualsToVerifyMethodArguments\n  - org.mockitousage.verification.VerificationInOrderMixedWithOrdiraryVerificationTest::shouldAllowOrdinarilyVerifyingMockPassedToInOrderObject\n  - org.mockitousage.verification.VerificationInOrderMixedWithOrdiraryVerificationTest::shouldAllowRedundantVerifications\n  - org.mockitousage.verification.VerificationInOrderMixedWithOrdiraryVerificationTest::shouldFailOnNoMoreInteractions\n  - org.mockitousage.verification.VerificationInOrderMixedWithOrdiraryVerificationTest::shouldFailOnNoMoreInteractionsOnMockVerifiedInOrder\n  - org.mockitousage.verification.VerificationInOrderMixedWithOrdiraryVerificationTest::shouldMixVerificationInOrderAndOrdinaryVerification\n  - org.mockitousage.verification.VerificationInOrderMixedWithOrdiraryVerificationTest::shouldUseEqualsToVerifyMethodVarargs\n  - org.mockitousage.verification.VerificationInOrderTest::shouldVerifyInOrderUsingMatcher\n  - org.mockitousage.verification.VerificationInOrderTest::shouldVerifyInOrderWhenTwoChunksAreEqual\n  - org.mockitousage.verification.VerificationInOrderTest::shouldVerifySingleMockInOrderAndNotInOrder\n  - org.mockitousage.verification.VerificationOnMultipleMocksUsingMatchersTest::shouldVerifyMultipleMocks\n  - org.mockitousage.verification.VerificationOnMultipleMocksUsingMatchersTest::shouldVerifyUsingMatchers\n  - org.mockitousage.verification.VerificationUsingMatchersTest::shouldVerifyUsingSameMatcher\n  - org.mockitousage.verification.VerificationUsingMatchersTest::shouldVerifyExactNumberOfInvocationsUsingMatcher\n  - org.mockitousage.verification.VerificationUsingMatchersTest::shouldVerifyUsingMixedMatchers\n",
                    "se": "Running ant (compile.tests)................................................ OK\nRunning ant (run.dev.tests)................................................ OK\n"
                }
            },
            "gpt-4o-mini": {
                "compile": {
                    "rc": 0,
                    "so": "",
                    "se": "Running ant (compile)...................................................... OK\nRunning ant (compile.tests)................................................ OK\n"
                },
                "test": {
                    "rc": 0,
                    "so": "Failing tests: 2\n  - org.mockitousage.bugs.InheritedGenericsPolimorphicCallTest::shouldStubbingWork\n  - org.mockitousage.bugs.InheritedGenericsPolimorphicCallTest::shouldVerificationWorks\n",
                    "se": "Running ant (compile.tests)................................................ OK\nRunning ant (run.dev.tests)................................................ OK\n"
                }
            },
            "deepseek-chat": {
                "compile": {
                    "rc": 1,
                    "so": "",
                    "se": "Running ant (compile)...................................................... FAIL\nExecuted command:  cd /data/cmd/Ming/llm-fl-apr/tmp/Mockito_33-prompt_apr_4-deepseek-chat && ant -f /data/cmd/Ming/LLM_Based-Mutation/tools/mutant/defects4j-2.1.0/framework/projects/defects4j.build.xml -Dd4j.home=/data/cmd/Ming/LLM_Based-Mutation/tools/mutant/defects4j-2.1.0 -Dd4j.dir.projects=/data/cmd/Ming/LLM_Based-Mutation/tools/mutant/defects4j-2.1.0/framework/projects -Dbasedir=/data/cmd/Ming/llm-fl-apr/tmp/Mockito_33-prompt_apr_4-deepseek-chat -Dbuild.compiler=javac1.7  compile 2>&1\nJava HotSpot(TM) 64-Bit Server VM warning: ignoring option MaxPermSize=256M; support was removed in 8.0\nBuildfile: /data/cmd/Ming/LLM_Based-Mutation/tools/mutant/defects4j-2.1.0/framework/projects/defects4j.build.xml\n\ncompile:\n\ngradle.compile:\n\nant.compile:\n\nclean:\n\nprepare:\n    [mkdir] Created dir: /data/cmd/Ming/llm-fl-apr/tmp/Mockito_33-prompt_apr_4-deepseek-chat/target/classes\n    [mkdir] Created dir: /data/cmd/Ming/llm-fl-apr/tmp/Mockito_33-prompt_apr_4-deepseek-chat/target/test-classes\n    [mkdir] Created dir: /data/cmd/Ming/llm-fl-apr/tmp/Mockito_33-prompt_apr_4-deepseek-chat/target/reports/junit\n\ncompile:\n    [javac] /data/cmd/Ming/llm-fl-apr/tmp/Mockito_33-prompt_apr_4-deepseek-chat/build.xml:77: warning: 'includeantruntime' was not set, defaulting to build.sysclasspath=last; set to false for repeatable builds\n    [javac] Compiling 233 source files to /data/cmd/Ming/llm-fl-apr/tmp/Mockito_33-prompt_apr_4-deepseek-chat/target/classes\n    [javac] /data/cmd/Ming/llm-fl-apr/tmp/Mockito_33-prompt_apr_4-deepseek-chat/src/org/mockito/configuration/DefaultMockitoConfiguration.java:7: warning: [deprecation] ReturnValues in org.mockito has been deprecated\n    [javac] import org.mockito.ReturnValues;\n    [javac]                   ^\n    [javac] /data/cmd/Ming/llm-fl-apr/tmp/Mockito_33-prompt_apr_4-deepseek-chat/src/org/mockito/configuration/IMockitoConfiguration.java:7: warning: [deprecation] ReturnValues in org.mockito has been deprecated\n    [javac] import org.mockito.ReturnValues;\n    [javac]                   ^\n    [javac] /data/cmd/Ming/llm-fl-apr/tmp/Mockito_33-prompt_apr_4-deepseek-chat/src/org/mockito/internal/configuration/GlobalConfiguration.java:7: warning: [deprecation] ReturnValues in org.mockito has been deprecated\n    [javac] import org.mockito.ReturnValues;\n    [javac]                   ^\n    [javac] /data/cmd/Ming/llm-fl-apr/tmp/Mockito_33-prompt_apr_4-deepseek-chat/src/org/mockito/internal/runners/JUnit44RunnerImpl.java:7: warning: [deprecation] InitializationError in org.junit.internal.runners has been deprecated\n    [javac] import org.junit.internal.runners.InitializationError;\n    [javac]                                  ^\n    [javac] /data/cmd/Ming/llm-fl-apr/tmp/Mockito_33-prompt_apr_4-deepseek-chat/src/org/mockito/internal/runners/JUnit44RunnerImpl.java:8: warning: [deprecation] JUnit4ClassRunner in org.junit.internal.runners has been deprecated\n    [javac] import org.junit.internal.runners.JUnit4ClassRunner;\n    [javac]                                  ^\n    [javac] /data/cmd/Ming/llm-fl-apr/tmp/Mockito_33-prompt_apr_4-deepseek-chat/src/org/mockito/internal/stubbing/answers/AnswerReturnValuesAdapter.java:9: warning: [deprecation] ReturnValues in org.mockito has been deprecated\n    [javac] import org.mockito.ReturnValues;\n    [javac]                   ^\n    [javac] /data/cmd/Ming/llm-fl-apr/tmp/Mockito_33-prompt_apr_4-deepseek-chat/src/org/mockito/internal/invocation/InvocationMatcher.java:99: error: cannot find symbol\n    [javac] return m1.getName().equals(m2.getName()) && Arrays.equals(m1.getParameterTypes(), m2.getParameterTypes());    }\n    [javac]                                             ^\n    [javac]   symbol:   variable Arrays\n    [javac]   location: class InvocationMatcher\n    [javac] /data/cmd/Ming/llm-fl-apr/tmp/Mockito_33-prompt_apr_4-deepseek-chat/src/org/mockito/internal/configuration/DefaultAnnotationEngine.java:34: warning: [deprecation] createMockFor(Annotation,Field) in AnnotationEngine has been deprecated\n    [javac]     public Object createMockFor(Annotation annotation, Field field) {\n    [javac]                   ^\n    [javac] /data/cmd/Ming/llm-fl-apr/tmp/Mockito_33-prompt_apr_4-deepseek-chat/src/org/mockito/internal/configuration/SpyAnnotationEngine.java:22: warning: [deprecation] createMockFor(Annotation,Field) in AnnotationEngine has been deprecated\n    [javac]     public Object createMockFor(Annotation annotation, Field field) {\n    [javac]                   ^\n    [javac] 1 error\n    [javac] 8 warnings\n\nBUILD FAILED\n/data/cmd/Ming/LLM_Based-Mutation/tools/mutant/defects4j-2.1.0/framework/projects/Mockito/Mockito.build.xml:148: The following error occurred while executing this line:\n/data/cmd/Ming/LLM_Based-Mutation/tools/mutant/defects4j-2.1.0/framework/projects/Mockito/Mockito.build.xml:69: The following error occurred while executing this line:\n/data/cmd/Ming/llm-fl-apr/tmp/Mockito_33-prompt_apr_4-deepseek-chat/build.xml:77: Compile failed; see the compiler error output for details.\n\nTotal time: 6 seconds\nCannot compile sources! at /data/cmd/Ming/LLM_Based-Mutation/tools/mutant/defects4j-2.1.0/framework/bin/d4j/d4j-compile line 82.\nCompilation failed in require at /data/cmd/Ming/LLM_Based-Mutation/tools/mutant/defects4j-2.1.0/framework/bin/defects4j line 195.\n"
                }
            }
        },
        "prompt_apr_5": {
            "ernie-3.5-128k": {
                "compile": {
                    "rc": 1,
                    "so": "",
                    "se": "Running ant (compile)...................................................... FAIL\nExecuted command:  cd /data/cmd/Ming/llm-fl-apr/tmp/Mockito_33-prompt_apr_5-ernie-3.5-128k && ant -f /data/cmd/Ming/LLM_Based-Mutation/tools/mutant/defects4j-2.1.0/framework/projects/defects4j.build.xml -Dd4j.home=/data/cmd/Ming/LLM_Based-Mutation/tools/mutant/defects4j-2.1.0 -Dd4j.dir.projects=/data/cmd/Ming/LLM_Based-Mutation/tools/mutant/defects4j-2.1.0/framework/projects -Dbasedir=/data/cmd/Ming/llm-fl-apr/tmp/Mockito_33-prompt_apr_5-ernie-3.5-128k -Dbuild.compiler=javac1.7  compile 2>&1\nJava HotSpot(TM) 64-Bit Server VM warning: ignoring option MaxPermSize=256M; support was removed in 8.0\nBuildfile: /data/cmd/Ming/LLM_Based-Mutation/tools/mutant/defects4j-2.1.0/framework/projects/defects4j.build.xml\n\ncompile:\n\ngradle.compile:\n\nant.compile:\n\nclean:\n\nprepare:\n    [mkdir] Created dir: /data/cmd/Ming/llm-fl-apr/tmp/Mockito_33-prompt_apr_5-ernie-3.5-128k/target/classes\n    [mkdir] Created dir: /data/cmd/Ming/llm-fl-apr/tmp/Mockito_33-prompt_apr_5-ernie-3.5-128k/target/test-classes\n    [mkdir] Created dir: /data/cmd/Ming/llm-fl-apr/tmp/Mockito_33-prompt_apr_5-ernie-3.5-128k/target/reports/junit\n\ncompile:\n    [javac] /data/cmd/Ming/llm-fl-apr/tmp/Mockito_33-prompt_apr_5-ernie-3.5-128k/build.xml:77: warning: 'includeantruntime' was not set, defaulting to build.sysclasspath=last; set to false for repeatable builds\n    [javac] Compiling 233 source files to /data/cmd/Ming/llm-fl-apr/tmp/Mockito_33-prompt_apr_5-ernie-3.5-128k/target/classes\n    [javac] /data/cmd/Ming/llm-fl-apr/tmp/Mockito_33-prompt_apr_5-ernie-3.5-128k/src/org/mockito/internal/invocation/InvocationMatcher.java:101: error: illegal start of expression\n    [javac]     public Location getLocation() {\n    [javac]     ^\n    [javac] /data/cmd/Ming/llm-fl-apr/tmp/Mockito_33-prompt_apr_5-ernie-3.5-128k/src/org/mockito/internal/invocation/InvocationMatcher.java:101: error: ';' expected\n    [javac]     public Location getLocation() {\n    [javac]                                ^\n    [javac] /data/cmd/Ming/llm-fl-apr/tmp/Mockito_33-prompt_apr_5-ernie-3.5-128k/src/org/mockito/internal/invocation/InvocationMatcher.java:105: error: illegal start of expression\n    [javac]     public String toString(PrintSettings printSettings) {\n    [javac]     ^\n    [javac] /data/cmd/Ming/llm-fl-apr/tmp/Mockito_33-prompt_apr_5-ernie-3.5-128k/src/org/mockito/internal/invocation/InvocationMatcher.java:105: error: ';' expected\n    [javac]     public String toString(PrintSettings printSettings) {\n    [javac]                           ^\n    [javac] /data/cmd/Ming/llm-fl-apr/tmp/Mockito_33-prompt_apr_5-ernie-3.5-128k/src/org/mockito/internal/invocation/InvocationMatcher.java:105: error: ';' expected\n    [javac]     public String toString(PrintSettings printSettings) {\n    [javac]                                                       ^\n    [javac] /data/cmd/Ming/llm-fl-apr/tmp/Mockito_33-prompt_apr_5-ernie-3.5-128k/src/org/mockito/internal/invocation/InvocationMatcher.java:109: error: illegal start of expression\n    [javac]     public void captureArgumentsFrom(Invocation i) {\n    [javac]     ^\n    [javac] /data/cmd/Ming/llm-fl-apr/tmp/Mockito_33-prompt_apr_5-ernie-3.5-128k/src/org/mockito/internal/invocation/InvocationMatcher.java:109: error: illegal start of expression\n    [javac]     public void captureArgumentsFrom(Invocation i) {\n    [javac]            ^\n    [javac] /data/cmd/Ming/llm-fl-apr/tmp/Mockito_33-prompt_apr_5-ernie-3.5-128k/src/org/mockito/internal/invocation/InvocationMatcher.java:109: error: ';' expected\n    [javac]     public void captureArgumentsFrom(Invocation i) {\n    [javac]                                     ^\n    [javac] /data/cmd/Ming/llm-fl-apr/tmp/Mockito_33-prompt_apr_5-ernie-3.5-128k/src/org/mockito/internal/invocation/InvocationMatcher.java:109: error: ';' expected\n    [javac]     public void captureArgumentsFrom(Invocation i) {\n    [javac]                                                  ^\n    [javac] /data/cmd/Ming/llm-fl-apr/tmp/Mockito_33-prompt_apr_5-ernie-3.5-128k/src/org/mockito/internal/invocation/InvocationMatcher.java:119: error: illegal start of expression\n    [javac]     public static List<InvocationMatcher> createFrom(List<Invocation> invocations) {\n    [javac]     ^\n    [javac] /data/cmd/Ming/llm-fl-apr/tmp/Mockito_33-prompt_apr_5-ernie-3.5-128k/src/org/mockito/internal/invocation/InvocationMatcher.java:119: error: illegal start of expression\n    [javac]     public static List<InvocationMatcher> createFrom(List<Invocation> invocations) {\n    [javac]            ^\n    [javac] /data/cmd/Ming/llm-fl-apr/tmp/Mockito_33-prompt_apr_5-ernie-3.5-128k/src/org/mockito/internal/invocation/InvocationMatcher.java:119: error: ';' expected\n    [javac]     public static List<InvocationMatcher> createFrom(List<Invocation> invocations) {\n    [javac]                       ^\n    [javac] /data/cmd/Ming/llm-fl-apr/tmp/Mockito_33-prompt_apr_5-ernie-3.5-128k/src/org/mockito/internal/invocation/InvocationMatcher.java:119: error: illegal start of expression\n    [javac]     public static List<InvocationMatcher> createFrom(List<Invocation> invocations) {\n    [javac]                                           ^\n    [javac] /data/cmd/Ming/llm-fl-apr/tmp/Mockito_33-prompt_apr_5-ernie-3.5-128k/src/org/mockito/internal/invocation/InvocationMatcher.java:119: error: ')' expected\n    [javac]     public static List<InvocationMatcher> createFrom(List<Invocation> invocations) {\n    [javac]                                                                      ^\n    [javac] /data/cmd/Ming/llm-fl-apr/tmp/Mockito_33-prompt_apr_5-ernie-3.5-128k/src/org/mockito/internal/invocation/InvocationMatcher.java:119: error: not a statement\n    [javac]     public static List<InvocationMatcher> createFrom(List<Invocation> invocations) {\n    [javac]                                                     ^\n    [javac] /data/cmd/Ming/llm-fl-apr/tmp/Mockito_33-prompt_apr_5-ernie-3.5-128k/src/org/mockito/internal/invocation/InvocationMatcher.java:119: error: ';' expected\n    [javac]     public static List<InvocationMatcher> createFrom(List<Invocation> invocations) {\n    [javac]                                                                                  ^\n    [javac] /data/cmd/Ming/llm-fl-apr/tmp/Mockito_33-prompt_apr_5-ernie-3.5-128k/src/org/mockito/internal/invocation/InvocationMatcher.java:128: error: reached end of file while parsing\n    [javac] }\n    [javac]  ^\n    [javac] 17 errors\n\nBUILD FAILED\n/data/cmd/Ming/LLM_Based-Mutation/tools/mutant/defects4j-2.1.0/framework/projects/Mockito/Mockito.build.xml:148: The following error occurred while executing this line:\n/data/cmd/Ming/LLM_Based-Mutation/tools/mutant/defects4j-2.1.0/framework/projects/Mockito/Mockito.build.xml:69: The following error occurred while executing this line:\n/data/cmd/Ming/llm-fl-apr/tmp/Mockito_33-prompt_apr_5-ernie-3.5-128k/build.xml:77: Compile failed; see the compiler error output for details.\n\nTotal time: 3 seconds\nCannot compile sources! at /data/cmd/Ming/LLM_Based-Mutation/tools/mutant/defects4j-2.1.0/framework/bin/d4j/d4j-compile line 82.\nCompilation failed in require at /data/cmd/Ming/LLM_Based-Mutation/tools/mutant/defects4j-2.1.0/framework/bin/defects4j line 195.\n"
                }
            },
            "qwen-turbo": {
                "compile": {
                    "rc": 1,
                    "so": "",
                    "se": "Running ant (compile)...................................................... FAIL\nExecuted command:  cd /data/cmd/Ming/llm-fl-apr/tmp/Mockito_33-prompt_apr_5-qwen-turbo && ant -f /data/cmd/Ming/LLM_Based-Mutation/tools/mutant/defects4j-2.1.0/framework/projects/defects4j.build.xml -Dd4j.home=/data/cmd/Ming/LLM_Based-Mutation/tools/mutant/defects4j-2.1.0 -Dd4j.dir.projects=/data/cmd/Ming/LLM_Based-Mutation/tools/mutant/defects4j-2.1.0/framework/projects -Dbasedir=/data/cmd/Ming/llm-fl-apr/tmp/Mockito_33-prompt_apr_5-qwen-turbo -Dbuild.compiler=javac1.7  compile 2>&1\nJava HotSpot(TM) 64-Bit Server VM warning: ignoring option MaxPermSize=256M; support was removed in 8.0\nBuildfile: /data/cmd/Ming/LLM_Based-Mutation/tools/mutant/defects4j-2.1.0/framework/projects/defects4j.build.xml\n\ncompile:\n\ngradle.compile:\n\nant.compile:\n\nclean:\n\nprepare:\n    [mkdir] Created dir: /data/cmd/Ming/llm-fl-apr/tmp/Mockito_33-prompt_apr_5-qwen-turbo/target/classes\n    [mkdir] Created dir: /data/cmd/Ming/llm-fl-apr/tmp/Mockito_33-prompt_apr_5-qwen-turbo/target/test-classes\n    [mkdir] Created dir: /data/cmd/Ming/llm-fl-apr/tmp/Mockito_33-prompt_apr_5-qwen-turbo/target/reports/junit\n\ncompile:\n    [javac] /data/cmd/Ming/llm-fl-apr/tmp/Mockito_33-prompt_apr_5-qwen-turbo/build.xml:77: warning: 'includeantruntime' was not set, defaulting to build.sysclasspath=last; set to false for repeatable builds\n    [javac] Compiling 233 source files to /data/cmd/Ming/llm-fl-apr/tmp/Mockito_33-prompt_apr_5-qwen-turbo/target/classes\n    [javac] /data/cmd/Ming/llm-fl-apr/tmp/Mockito_33-prompt_apr_5-qwen-turbo/src/org/mockito/configuration/DefaultMockitoConfiguration.java:7: warning: [deprecation] ReturnValues in org.mockito has been deprecated\n    [javac] import org.mockito.ReturnValues;\n    [javac]                   ^\n    [javac] /data/cmd/Ming/llm-fl-apr/tmp/Mockito_33-prompt_apr_5-qwen-turbo/src/org/mockito/configuration/IMockitoConfiguration.java:7: warning: [deprecation] ReturnValues in org.mockito has been deprecated\n    [javac] import org.mockito.ReturnValues;\n    [javac]                   ^\n    [javac] /data/cmd/Ming/llm-fl-apr/tmp/Mockito_33-prompt_apr_5-qwen-turbo/src/org/mockito/internal/configuration/GlobalConfiguration.java:7: warning: [deprecation] ReturnValues in org.mockito has been deprecated\n    [javac] import org.mockito.ReturnValues;\n    [javac]                   ^\n    [javac] /data/cmd/Ming/llm-fl-apr/tmp/Mockito_33-prompt_apr_5-qwen-turbo/src/org/mockito/internal/runners/JUnit44RunnerImpl.java:7: warning: [deprecation] InitializationError in org.junit.internal.runners has been deprecated\n    [javac] import org.junit.internal.runners.InitializationError;\n    [javac]                                  ^\n    [javac] /data/cmd/Ming/llm-fl-apr/tmp/Mockito_33-prompt_apr_5-qwen-turbo/src/org/mockito/internal/runners/JUnit44RunnerImpl.java:8: warning: [deprecation] JUnit4ClassRunner in org.junit.internal.runners has been deprecated\n    [javac] import org.junit.internal.runners.JUnit4ClassRunner;\n    [javac]                                  ^\n    [javac] /data/cmd/Ming/llm-fl-apr/tmp/Mockito_33-prompt_apr_5-qwen-turbo/src/org/mockito/internal/stubbing/answers/AnswerReturnValuesAdapter.java:9: warning: [deprecation] ReturnValues in org.mockito has been deprecated\n    [javac] import org.mockito.ReturnValues;\n    [javac]                   ^\n    [javac] /data/cmd/Ming/llm-fl-apr/tmp/Mockito_33-prompt_apr_5-qwen-turbo/src/org/mockito/internal/invocation/InvocationMatcher.java:98: error: cannot find symbol\n    [javac] return m1.getName().equals(m2.getName()) && Arrays.equals(m1.getParameterTypes(), m2.getParameterTypes());        return m1.equals(m2);\n    [javac]                                             ^\n    [javac]   symbol:   variable Arrays\n    [javac]   location: class InvocationMatcher\n    [javac] /data/cmd/Ming/llm-fl-apr/tmp/Mockito_33-prompt_apr_5-qwen-turbo/src/org/mockito/internal/configuration/DefaultAnnotationEngine.java:34: warning: [deprecation] createMockFor(Annotation,Field) in AnnotationEngine has been deprecated\n    [javac]     public Object createMockFor(Annotation annotation, Field field) {\n    [javac]                   ^\n    [javac] /data/cmd/Ming/llm-fl-apr/tmp/Mockito_33-prompt_apr_5-qwen-turbo/src/org/mockito/internal/configuration/SpyAnnotationEngine.java:22: warning: [deprecation] createMockFor(Annotation,Field) in AnnotationEngine has been deprecated\n    [javac]     public Object createMockFor(Annotation annotation, Field field) {\n    [javac]                   ^\n    [javac] 1 error\n    [javac] 8 warnings\n\nBUILD FAILED\n/data/cmd/Ming/LLM_Based-Mutation/tools/mutant/defects4j-2.1.0/framework/projects/Mockito/Mockito.build.xml:148: The following error occurred while executing this line:\n/data/cmd/Ming/LLM_Based-Mutation/tools/mutant/defects4j-2.1.0/framework/projects/Mockito/Mockito.build.xml:69: The following error occurred while executing this line:\n/data/cmd/Ming/llm-fl-apr/tmp/Mockito_33-prompt_apr_5-qwen-turbo/build.xml:77: Compile failed; see the compiler error output for details.\n\nTotal time: 5 seconds\nCannot compile sources! at /data/cmd/Ming/LLM_Based-Mutation/tools/mutant/defects4j-2.1.0/framework/bin/d4j/d4j-compile line 82.\nCompilation failed in require at /data/cmd/Ming/LLM_Based-Mutation/tools/mutant/defects4j-2.1.0/framework/bin/defects4j line 195.\n"
                }
            },
            "doubao-pro-4k": {
                "compile": {
                    "rc": 1,
                    "so": "",
                    "se": "Running ant (compile)...................................................... FAIL\nExecuted command:  cd /data/cmd/Ming/llm-fl-apr/tmp/Mockito_33-prompt_apr_5-doubao-pro-4k && ant -f /data/cmd/Ming/LLM_Based-Mutation/tools/mutant/defects4j-2.1.0/framework/projects/defects4j.build.xml -Dd4j.home=/data/cmd/Ming/LLM_Based-Mutation/tools/mutant/defects4j-2.1.0 -Dd4j.dir.projects=/data/cmd/Ming/LLM_Based-Mutation/tools/mutant/defects4j-2.1.0/framework/projects -Dbasedir=/data/cmd/Ming/llm-fl-apr/tmp/Mockito_33-prompt_apr_5-doubao-pro-4k -Dbuild.compiler=javac1.7  compile 2>&1\nJava HotSpot(TM) 64-Bit Server VM warning: ignoring option MaxPermSize=256M; support was removed in 8.0\nBuildfile: /data/cmd/Ming/LLM_Based-Mutation/tools/mutant/defects4j-2.1.0/framework/projects/defects4j.build.xml\n\ncompile:\n\ngradle.compile:\n\nant.compile:\n\nclean:\n\nprepare:\n    [mkdir] Created dir: /data/cmd/Ming/llm-fl-apr/tmp/Mockito_33-prompt_apr_5-doubao-pro-4k/target/classes\n    [mkdir] Created dir: /data/cmd/Ming/llm-fl-apr/tmp/Mockito_33-prompt_apr_5-doubao-pro-4k/target/test-classes\n    [mkdir] Created dir: /data/cmd/Ming/llm-fl-apr/tmp/Mockito_33-prompt_apr_5-doubao-pro-4k/target/reports/junit\n\ncompile:\n    [javac] /data/cmd/Ming/llm-fl-apr/tmp/Mockito_33-prompt_apr_5-doubao-pro-4k/build.xml:77: warning: 'includeantruntime' was not set, defaulting to build.sysclasspath=last; set to false for repeatable builds\n    [javac] Compiling 233 source files to /data/cmd/Ming/llm-fl-apr/tmp/Mockito_33-prompt_apr_5-doubao-pro-4k/target/classes\n    [javac] /data/cmd/Ming/llm-fl-apr/tmp/Mockito_33-prompt_apr_5-doubao-pro-4k/src/org/mockito/internal/invocation/InvocationMatcher.java:102: error: illegal start of expression\n    [javac]     public Location getLocation() {\n    [javac]     ^\n    [javac] /data/cmd/Ming/llm-fl-apr/tmp/Mockito_33-prompt_apr_5-doubao-pro-4k/src/org/mockito/internal/invocation/InvocationMatcher.java:102: error: ';' expected\n    [javac]     public Location getLocation() {\n    [javac]                                ^\n    [javac] /data/cmd/Ming/llm-fl-apr/tmp/Mockito_33-prompt_apr_5-doubao-pro-4k/src/org/mockito/internal/invocation/InvocationMatcher.java:106: error: illegal start of expression\n    [javac]     public String toString(PrintSettings printSettings) {\n    [javac]     ^\n    [javac] /data/cmd/Ming/llm-fl-apr/tmp/Mockito_33-prompt_apr_5-doubao-pro-4k/src/org/mockito/internal/invocation/InvocationMatcher.java:106: error: ';' expected\n    [javac]     public String toString(PrintSettings printSettings) {\n    [javac]                           ^\n    [javac] /data/cmd/Ming/llm-fl-apr/tmp/Mockito_33-prompt_apr_5-doubao-pro-4k/src/org/mockito/internal/invocation/InvocationMatcher.java:106: error: ';' expected\n    [javac]     public String toString(PrintSettings printSettings) {\n    [javac]                                                       ^\n    [javac] /data/cmd/Ming/llm-fl-apr/tmp/Mockito_33-prompt_apr_5-doubao-pro-4k/src/org/mockito/internal/invocation/InvocationMatcher.java:110: error: illegal start of expression\n    [javac]     public void captureArgumentsFrom(Invocation i) {\n    [javac]     ^\n    [javac] /data/cmd/Ming/llm-fl-apr/tmp/Mockito_33-prompt_apr_5-doubao-pro-4k/src/org/mockito/internal/invocation/InvocationMatcher.java:110: error: illegal start of expression\n    [javac]     public void captureArgumentsFrom(Invocation i) {\n    [javac]            ^\n    [javac] /data/cmd/Ming/llm-fl-apr/tmp/Mockito_33-prompt_apr_5-doubao-pro-4k/src/org/mockito/internal/invocation/InvocationMatcher.java:110: error: ';' expected\n    [javac]     public void captureArgumentsFrom(Invocation i) {\n    [javac]                                     ^\n    [javac] /data/cmd/Ming/llm-fl-apr/tmp/Mockito_33-prompt_apr_5-doubao-pro-4k/src/org/mockito/internal/invocation/InvocationMatcher.java:110: error: ';' expected\n    [javac]     public void captureArgumentsFrom(Invocation i) {\n    [javac]                                                  ^\n    [javac] /data/cmd/Ming/llm-fl-apr/tmp/Mockito_33-prompt_apr_5-doubao-pro-4k/src/org/mockito/internal/invocation/InvocationMatcher.java:120: error: illegal start of expression\n    [javac]     public static List<InvocationMatcher> createFrom(List<Invocation> invocations) {\n    [javac]     ^\n    [javac] /data/cmd/Ming/llm-fl-apr/tmp/Mockito_33-prompt_apr_5-doubao-pro-4k/src/org/mockito/internal/invocation/InvocationMatcher.java:120: error: illegal start of expression\n    [javac]     public static List<InvocationMatcher> createFrom(List<Invocation> invocations) {\n    [javac]            ^\n    [javac] /data/cmd/Ming/llm-fl-apr/tmp/Mockito_33-prompt_apr_5-doubao-pro-4k/src/org/mockito/internal/invocation/InvocationMatcher.java:120: error: ';' expected\n    [javac]     public static List<InvocationMatcher> createFrom(List<Invocation> invocations) {\n    [javac]                       ^\n    [javac] /data/cmd/Ming/llm-fl-apr/tmp/Mockito_33-prompt_apr_5-doubao-pro-4k/src/org/mockito/internal/invocation/InvocationMatcher.java:120: error: illegal start of expression\n    [javac]     public static List<InvocationMatcher> createFrom(List<Invocation> invocations) {\n    [javac]                                           ^\n    [javac] /data/cmd/Ming/llm-fl-apr/tmp/Mockito_33-prompt_apr_5-doubao-pro-4k/src/org/mockito/internal/invocation/InvocationMatcher.java:120: error: ')' expected\n    [javac]     public static List<InvocationMatcher> createFrom(List<Invocation> invocations) {\n    [javac]                                                                      ^\n    [javac] /data/cmd/Ming/llm-fl-apr/tmp/Mockito_33-prompt_apr_5-doubao-pro-4k/src/org/mockito/internal/invocation/InvocationMatcher.java:120: error: not a statement\n    [javac]     public static List<InvocationMatcher> createFrom(List<Invocation> invocations) {\n    [javac]                                                     ^\n    [javac] /data/cmd/Ming/llm-fl-apr/tmp/Mockito_33-prompt_apr_5-doubao-pro-4k/src/org/mockito/internal/invocation/InvocationMatcher.java:120: error: ';' expected\n    [javac]     public static List<InvocationMatcher> createFrom(List<Invocation> invocations) {\n    [javac]                                                                                  ^\n    [javac] /data/cmd/Ming/llm-fl-apr/tmp/Mockito_33-prompt_apr_5-doubao-pro-4k/src/org/mockito/internal/invocation/InvocationMatcher.java:129: error: reached end of file while parsing\n    [javac] }\n    [javac]  ^\n    [javac] 17 errors\n\nBUILD FAILED\n/data/cmd/Ming/LLM_Based-Mutation/tools/mutant/defects4j-2.1.0/framework/projects/Mockito/Mockito.build.xml:148: The following error occurred while executing this line:\n/data/cmd/Ming/LLM_Based-Mutation/tools/mutant/defects4j-2.1.0/framework/projects/Mockito/Mockito.build.xml:69: The following error occurred while executing this line:\n/data/cmd/Ming/llm-fl-apr/tmp/Mockito_33-prompt_apr_5-doubao-pro-4k/build.xml:77: Compile failed; see the compiler error output for details.\n\nTotal time: 2 seconds\nCannot compile sources! at /data/cmd/Ming/LLM_Based-Mutation/tools/mutant/defects4j-2.1.0/framework/bin/d4j/d4j-compile line 82.\nCompilation failed in require at /data/cmd/Ming/LLM_Based-Mutation/tools/mutant/defects4j-2.1.0/framework/bin/defects4j line 195.\n"
                }
            },
            "gpt-4o-mini": {
                "compile": {
                    "rc": 1,
                    "so": "",
                    "se": "Running ant (compile)...................................................... FAIL\nExecuted command:  cd /data/cmd/Ming/llm-fl-apr/tmp/Mockito_33-prompt_apr_5-gpt-4o-mini && ant -f /data/cmd/Ming/LLM_Based-Mutation/tools/mutant/defects4j-2.1.0/framework/projects/defects4j.build.xml -Dd4j.home=/data/cmd/Ming/LLM_Based-Mutation/tools/mutant/defects4j-2.1.0 -Dd4j.dir.projects=/data/cmd/Ming/LLM_Based-Mutation/tools/mutant/defects4j-2.1.0/framework/projects -Dbasedir=/data/cmd/Ming/llm-fl-apr/tmp/Mockito_33-prompt_apr_5-gpt-4o-mini -Dbuild.compiler=javac1.7  compile 2>&1\nJava HotSpot(TM) 64-Bit Server VM warning: ignoring option MaxPermSize=256M; support was removed in 8.0\nBuildfile: /data/cmd/Ming/LLM_Based-Mutation/tools/mutant/defects4j-2.1.0/framework/projects/defects4j.build.xml\n\ncompile:\n\ngradle.compile:\n\nant.compile:\n\nclean:\n\nprepare:\n    [mkdir] Created dir: /data/cmd/Ming/llm-fl-apr/tmp/Mockito_33-prompt_apr_5-gpt-4o-mini/target/classes\n    [mkdir] Created dir: /data/cmd/Ming/llm-fl-apr/tmp/Mockito_33-prompt_apr_5-gpt-4o-mini/target/test-classes\n    [mkdir] Created dir: /data/cmd/Ming/llm-fl-apr/tmp/Mockito_33-prompt_apr_5-gpt-4o-mini/target/reports/junit\n\ncompile:\n    [javac] /data/cmd/Ming/llm-fl-apr/tmp/Mockito_33-prompt_apr_5-gpt-4o-mini/build.xml:77: warning: 'includeantruntime' was not set, defaulting to build.sysclasspath=last; set to false for repeatable builds\n    [javac] Compiling 233 source files to /data/cmd/Ming/llm-fl-apr/tmp/Mockito_33-prompt_apr_5-gpt-4o-mini/target/classes\n    [javac] /data/cmd/Ming/llm-fl-apr/tmp/Mockito_33-prompt_apr_5-gpt-4o-mini/src/org/mockito/internal/invocation/InvocationMatcher.java:105: error: illegal start of expression\n    [javac]     public String toString(PrintSettings printSettings) {\n    [javac]     ^\n    [javac] /data/cmd/Ming/llm-fl-apr/tmp/Mockito_33-prompt_apr_5-gpt-4o-mini/src/org/mockito/internal/invocation/InvocationMatcher.java:105: error: ';' expected\n    [javac]     public String toString(PrintSettings printSettings) {\n    [javac]                           ^\n    [javac] /data/cmd/Ming/llm-fl-apr/tmp/Mockito_33-prompt_apr_5-gpt-4o-mini/src/org/mockito/internal/invocation/InvocationMatcher.java:105: error: ';' expected\n    [javac]     public String toString(PrintSettings printSettings) {\n    [javac]                                                       ^\n    [javac] /data/cmd/Ming/llm-fl-apr/tmp/Mockito_33-prompt_apr_5-gpt-4o-mini/src/org/mockito/internal/invocation/InvocationMatcher.java:109: error: illegal start of expression\n    [javac]     public void captureArgumentsFrom(Invocation i) {\n    [javac]     ^\n    [javac] /data/cmd/Ming/llm-fl-apr/tmp/Mockito_33-prompt_apr_5-gpt-4o-mini/src/org/mockito/internal/invocation/InvocationMatcher.java:109: error: illegal start of expression\n    [javac]     public void captureArgumentsFrom(Invocation i) {\n    [javac]            ^\n    [javac] /data/cmd/Ming/llm-fl-apr/tmp/Mockito_33-prompt_apr_5-gpt-4o-mini/src/org/mockito/internal/invocation/InvocationMatcher.java:109: error: ';' expected\n    [javac]     public void captureArgumentsFrom(Invocation i) {\n    [javac]                                     ^\n    [javac] /data/cmd/Ming/llm-fl-apr/tmp/Mockito_33-prompt_apr_5-gpt-4o-mini/src/org/mockito/internal/invocation/InvocationMatcher.java:109: error: ';' expected\n    [javac]     public void captureArgumentsFrom(Invocation i) {\n    [javac]                                                  ^\n    [javac] /data/cmd/Ming/llm-fl-apr/tmp/Mockito_33-prompt_apr_5-gpt-4o-mini/src/org/mockito/internal/invocation/InvocationMatcher.java:119: error: illegal start of expression\n    [javac]     public static List<InvocationMatcher> createFrom(List<Invocation> invocations) {\n    [javac]     ^\n    [javac] /data/cmd/Ming/llm-fl-apr/tmp/Mockito_33-prompt_apr_5-gpt-4o-mini/src/org/mockito/internal/invocation/InvocationMatcher.java:119: error: illegal start of expression\n    [javac]     public static List<InvocationMatcher> createFrom(List<Invocation> invocations) {\n    [javac]            ^\n    [javac] /data/cmd/Ming/llm-fl-apr/tmp/Mockito_33-prompt_apr_5-gpt-4o-mini/src/org/mockito/internal/invocation/InvocationMatcher.java:119: error: ';' expected\n    [javac]     public static List<InvocationMatcher> createFrom(List<Invocation> invocations) {\n    [javac]                       ^\n    [javac] /data/cmd/Ming/llm-fl-apr/tmp/Mockito_33-prompt_apr_5-gpt-4o-mini/src/org/mockito/internal/invocation/InvocationMatcher.java:119: error: illegal start of expression\n    [javac]     public static List<InvocationMatcher> createFrom(List<Invocation> invocations) {\n    [javac]                                           ^\n    [javac] /data/cmd/Ming/llm-fl-apr/tmp/Mockito_33-prompt_apr_5-gpt-4o-mini/src/org/mockito/internal/invocation/InvocationMatcher.java:119: error: ')' expected\n    [javac]     public static List<InvocationMatcher> createFrom(List<Invocation> invocations) {\n    [javac]                                                                      ^\n    [javac] /data/cmd/Ming/llm-fl-apr/tmp/Mockito_33-prompt_apr_5-gpt-4o-mini/src/org/mockito/internal/invocation/InvocationMatcher.java:119: error: not a statement\n    [javac]     public static List<InvocationMatcher> createFrom(List<Invocation> invocations) {\n    [javac]                                                     ^\n    [javac] /data/cmd/Ming/llm-fl-apr/tmp/Mockito_33-prompt_apr_5-gpt-4o-mini/src/org/mockito/internal/invocation/InvocationMatcher.java:119: error: ';' expected\n    [javac]     public static List<InvocationMatcher> createFrom(List<Invocation> invocations) {\n    [javac]                                                                                  ^\n    [javac] /data/cmd/Ming/llm-fl-apr/tmp/Mockito_33-prompt_apr_5-gpt-4o-mini/src/org/mockito/internal/invocation/InvocationMatcher.java:128: error: reached end of file while parsing\n    [javac] }\n    [javac]  ^\n    [javac] 15 errors\n\nBUILD FAILED\n/data/cmd/Ming/LLM_Based-Mutation/tools/mutant/defects4j-2.1.0/framework/projects/Mockito/Mockito.build.xml:148: The following error occurred while executing this line:\n/data/cmd/Ming/LLM_Based-Mutation/tools/mutant/defects4j-2.1.0/framework/projects/Mockito/Mockito.build.xml:69: The following error occurred while executing this line:\n/data/cmd/Ming/llm-fl-apr/tmp/Mockito_33-prompt_apr_5-gpt-4o-mini/build.xml:77: Compile failed; see the compiler error output for details.\n\nTotal time: 3 seconds\nCannot compile sources! at /data/cmd/Ming/LLM_Based-Mutation/tools/mutant/defects4j-2.1.0/framework/bin/d4j/d4j-compile line 82.\nCompilation failed in require at /data/cmd/Ming/LLM_Based-Mutation/tools/mutant/defects4j-2.1.0/framework/bin/defects4j line 195.\n"
                }
            },
            "deepseek-chat": {
                "compile": {
                    "rc": 1,
                    "so": "",
                    "se": "Running ant (compile)...................................................... FAIL\nExecuted command:  cd /data/cmd/Ming/llm-fl-apr/tmp/Mockito_33-prompt_apr_5-deepseek-chat && ant -f /data/cmd/Ming/LLM_Based-Mutation/tools/mutant/defects4j-2.1.0/framework/projects/defects4j.build.xml -Dd4j.home=/data/cmd/Ming/LLM_Based-Mutation/tools/mutant/defects4j-2.1.0 -Dd4j.dir.projects=/data/cmd/Ming/LLM_Based-Mutation/tools/mutant/defects4j-2.1.0/framework/projects -Dbasedir=/data/cmd/Ming/llm-fl-apr/tmp/Mockito_33-prompt_apr_5-deepseek-chat -Dbuild.compiler=javac1.7  compile 2>&1\nJava HotSpot(TM) 64-Bit Server VM warning: ignoring option MaxPermSize=256M; support was removed in 8.0\nBuildfile: /data/cmd/Ming/LLM_Based-Mutation/tools/mutant/defects4j-2.1.0/framework/projects/defects4j.build.xml\n\ncompile:\n\ngradle.compile:\n\nant.compile:\n\nclean:\n\nprepare:\n    [mkdir] Created dir: /data/cmd/Ming/llm-fl-apr/tmp/Mockito_33-prompt_apr_5-deepseek-chat/target/classes\n    [mkdir] Created dir: /data/cmd/Ming/llm-fl-apr/tmp/Mockito_33-prompt_apr_5-deepseek-chat/target/test-classes\n    [mkdir] Created dir: /data/cmd/Ming/llm-fl-apr/tmp/Mockito_33-prompt_apr_5-deepseek-chat/target/reports/junit\n\ncompile:\n    [javac] /data/cmd/Ming/llm-fl-apr/tmp/Mockito_33-prompt_apr_5-deepseek-chat/build.xml:77: warning: 'includeantruntime' was not set, defaulting to build.sysclasspath=last; set to false for repeatable builds\n    [javac] Compiling 233 source files to /data/cmd/Ming/llm-fl-apr/tmp/Mockito_33-prompt_apr_5-deepseek-chat/target/classes\n    [javac] /data/cmd/Ming/llm-fl-apr/tmp/Mockito_33-prompt_apr_5-deepseek-chat/src/org/mockito/configuration/DefaultMockitoConfiguration.java:7: warning: [deprecation] ReturnValues in org.mockito has been deprecated\n    [javac] import org.mockito.ReturnValues;\n    [javac]                   ^\n    [javac] /data/cmd/Ming/llm-fl-apr/tmp/Mockito_33-prompt_apr_5-deepseek-chat/src/org/mockito/configuration/IMockitoConfiguration.java:7: warning: [deprecation] ReturnValues in org.mockito has been deprecated\n    [javac] import org.mockito.ReturnValues;\n    [javac]                   ^\n    [javac] /data/cmd/Ming/llm-fl-apr/tmp/Mockito_33-prompt_apr_5-deepseek-chat/src/org/mockito/internal/configuration/GlobalConfiguration.java:7: warning: [deprecation] ReturnValues in org.mockito has been deprecated\n    [javac] import org.mockito.ReturnValues;\n    [javac]                   ^\n    [javac] /data/cmd/Ming/llm-fl-apr/tmp/Mockito_33-prompt_apr_5-deepseek-chat/src/org/mockito/internal/runners/JUnit44RunnerImpl.java:7: warning: [deprecation] InitializationError in org.junit.internal.runners has been deprecated\n    [javac] import org.junit.internal.runners.InitializationError;\n    [javac]                                  ^\n    [javac] /data/cmd/Ming/llm-fl-apr/tmp/Mockito_33-prompt_apr_5-deepseek-chat/src/org/mockito/internal/runners/JUnit44RunnerImpl.java:8: warning: [deprecation] JUnit4ClassRunner in org.junit.internal.runners has been deprecated\n    [javac] import org.junit.internal.runners.JUnit4ClassRunner;\n    [javac]                                  ^\n    [javac] /data/cmd/Ming/llm-fl-apr/tmp/Mockito_33-prompt_apr_5-deepseek-chat/src/org/mockito/internal/stubbing/answers/AnswerReturnValuesAdapter.java:9: warning: [deprecation] ReturnValues in org.mockito has been deprecated\n    [javac] import org.mockito.ReturnValues;\n    [javac]                   ^\n    [javac] /data/cmd/Ming/llm-fl-apr/tmp/Mockito_33-prompt_apr_5-deepseek-chat/src/org/mockito/internal/invocation/InvocationMatcher.java:97: error: cannot find symbol\n    [javac] return m1.getName().equals(m2.getName()) && Arrays.equals(m1.getParameterTypes(), m2.getParameterTypes());        \t/* Avoid unnecessary cloning */\n    [javac]                                             ^\n    [javac]   symbol:   variable Arrays\n    [javac]   location: class InvocationMatcher\n    [javac] /data/cmd/Ming/llm-fl-apr/tmp/Mockito_33-prompt_apr_5-deepseek-chat/src/org/mockito/internal/configuration/DefaultAnnotationEngine.java:34: warning: [deprecation] createMockFor(Annotation,Field) in AnnotationEngine has been deprecated\n    [javac]     public Object createMockFor(Annotation annotation, Field field) {\n    [javac]                   ^\n    [javac] /data/cmd/Ming/llm-fl-apr/tmp/Mockito_33-prompt_apr_5-deepseek-chat/src/org/mockito/internal/configuration/SpyAnnotationEngine.java:22: warning: [deprecation] createMockFor(Annotation,Field) in AnnotationEngine has been deprecated\n    [javac]     public Object createMockFor(Annotation annotation, Field field) {\n    [javac]                   ^\n    [javac] 1 error\n    [javac] 8 warnings\n\nBUILD FAILED\n/data/cmd/Ming/LLM_Based-Mutation/tools/mutant/defects4j-2.1.0/framework/projects/Mockito/Mockito.build.xml:148: The following error occurred while executing this line:\n/data/cmd/Ming/LLM_Based-Mutation/tools/mutant/defects4j-2.1.0/framework/projects/Mockito/Mockito.build.xml:69: The following error occurred while executing this line:\n/data/cmd/Ming/llm-fl-apr/tmp/Mockito_33-prompt_apr_5-deepseek-chat/build.xml:77: Compile failed; see the compiler error output for details.\n\nTotal time: 5 seconds\nCannot compile sources! at /data/cmd/Ming/LLM_Based-Mutation/tools/mutant/defects4j-2.1.0/framework/bin/d4j/d4j-compile line 82.\nCompilation failed in require at /data/cmd/Ming/LLM_Based-Mutation/tools/mutant/defects4j-2.1.0/framework/bin/defects4j line 195.\n"
                }
            }
        },
        "prompt_apr_6": {
            "ernie-3.5-128k": {
                "compile": {
                    "rc": 1,
                    "so": "",
                    "se": "Running ant (compile)...................................................... FAIL\nExecuted command:  cd /data/cmd/Ming/llm-fl-apr/tmp/Mockito_33-prompt_apr_6-ernie-3.5-128k && ant -f /data/cmd/Ming/LLM_Based-Mutation/tools/mutant/defects4j-2.1.0/framework/projects/defects4j.build.xml -Dd4j.home=/data/cmd/Ming/LLM_Based-Mutation/tools/mutant/defects4j-2.1.0 -Dd4j.dir.projects=/data/cmd/Ming/LLM_Based-Mutation/tools/mutant/defects4j-2.1.0/framework/projects -Dbasedir=/data/cmd/Ming/llm-fl-apr/tmp/Mockito_33-prompt_apr_6-ernie-3.5-128k -Dbuild.compiler=javac1.7  compile 2>&1\nJava HotSpot(TM) 64-Bit Server VM warning: ignoring option MaxPermSize=256M; support was removed in 8.0\nBuildfile: /data/cmd/Ming/LLM_Based-Mutation/tools/mutant/defects4j-2.1.0/framework/projects/defects4j.build.xml\n\ncompile:\n\ngradle.compile:\n\nant.compile:\n\nclean:\n\nprepare:\n    [mkdir] Created dir: /data/cmd/Ming/llm-fl-apr/tmp/Mockito_33-prompt_apr_6-ernie-3.5-128k/target/classes\n    [mkdir] Created dir: /data/cmd/Ming/llm-fl-apr/tmp/Mockito_33-prompt_apr_6-ernie-3.5-128k/target/test-classes\n    [mkdir] Created dir: /data/cmd/Ming/llm-fl-apr/tmp/Mockito_33-prompt_apr_6-ernie-3.5-128k/target/reports/junit\n\ncompile:\n    [javac] /data/cmd/Ming/llm-fl-apr/tmp/Mockito_33-prompt_apr_6-ernie-3.5-128k/build.xml:77: warning: 'includeantruntime' was not set, defaulting to build.sysclasspath=last; set to false for repeatable builds\n    [javac] Compiling 233 source files to /data/cmd/Ming/llm-fl-apr/tmp/Mockito_33-prompt_apr_6-ernie-3.5-128k/target/classes\n    [javac] /data/cmd/Ming/llm-fl-apr/tmp/Mockito_33-prompt_apr_6-ernie-3.5-128k/src/org/mockito/internal/invocation/InvocationMatcher.java:101: error: illegal start of expression\n    [javac]     public Location getLocation() {\n    [javac]     ^\n    [javac] /data/cmd/Ming/llm-fl-apr/tmp/Mockito_33-prompt_apr_6-ernie-3.5-128k/src/org/mockito/internal/invocation/InvocationMatcher.java:101: error: ';' expected\n    [javac]     public Location getLocation() {\n    [javac]                                ^\n    [javac] /data/cmd/Ming/llm-fl-apr/tmp/Mockito_33-prompt_apr_6-ernie-3.5-128k/src/org/mockito/internal/invocation/InvocationMatcher.java:105: error: illegal start of expression\n    [javac]     public String toString(PrintSettings printSettings) {\n    [javac]     ^\n    [javac] /data/cmd/Ming/llm-fl-apr/tmp/Mockito_33-prompt_apr_6-ernie-3.5-128k/src/org/mockito/internal/invocation/InvocationMatcher.java:105: error: ';' expected\n    [javac]     public String toString(PrintSettings printSettings) {\n    [javac]                           ^\n    [javac] /data/cmd/Ming/llm-fl-apr/tmp/Mockito_33-prompt_apr_6-ernie-3.5-128k/src/org/mockito/internal/invocation/InvocationMatcher.java:105: error: ';' expected\n    [javac]     public String toString(PrintSettings printSettings) {\n    [javac]                                                       ^\n    [javac] /data/cmd/Ming/llm-fl-apr/tmp/Mockito_33-prompt_apr_6-ernie-3.5-128k/src/org/mockito/internal/invocation/InvocationMatcher.java:109: error: illegal start of expression\n    [javac]     public void captureArgumentsFrom(Invocation i) {\n    [javac]     ^\n    [javac] /data/cmd/Ming/llm-fl-apr/tmp/Mockito_33-prompt_apr_6-ernie-3.5-128k/src/org/mockito/internal/invocation/InvocationMatcher.java:109: error: illegal start of expression\n    [javac]     public void captureArgumentsFrom(Invocation i) {\n    [javac]            ^\n    [javac] /data/cmd/Ming/llm-fl-apr/tmp/Mockito_33-prompt_apr_6-ernie-3.5-128k/src/org/mockito/internal/invocation/InvocationMatcher.java:109: error: ';' expected\n    [javac]     public void captureArgumentsFrom(Invocation i) {\n    [javac]                                     ^\n    [javac] /data/cmd/Ming/llm-fl-apr/tmp/Mockito_33-prompt_apr_6-ernie-3.5-128k/src/org/mockito/internal/invocation/InvocationMatcher.java:109: error: ';' expected\n    [javac]     public void captureArgumentsFrom(Invocation i) {\n    [javac]                                                  ^\n    [javac] /data/cmd/Ming/llm-fl-apr/tmp/Mockito_33-prompt_apr_6-ernie-3.5-128k/src/org/mockito/internal/invocation/InvocationMatcher.java:119: error: illegal start of expression\n    [javac]     public static List<InvocationMatcher> createFrom(List<Invocation> invocations) {\n    [javac]     ^\n    [javac] /data/cmd/Ming/llm-fl-apr/tmp/Mockito_33-prompt_apr_6-ernie-3.5-128k/src/org/mockito/internal/invocation/InvocationMatcher.java:119: error: illegal start of expression\n    [javac]     public static List<InvocationMatcher> createFrom(List<Invocation> invocations) {\n    [javac]            ^\n    [javac] /data/cmd/Ming/llm-fl-apr/tmp/Mockito_33-prompt_apr_6-ernie-3.5-128k/src/org/mockito/internal/invocation/InvocationMatcher.java:119: error: ';' expected\n    [javac]     public static List<InvocationMatcher> createFrom(List<Invocation> invocations) {\n    [javac]                       ^\n    [javac] /data/cmd/Ming/llm-fl-apr/tmp/Mockito_33-prompt_apr_6-ernie-3.5-128k/src/org/mockito/internal/invocation/InvocationMatcher.java:119: error: illegal start of expression\n    [javac]     public static List<InvocationMatcher> createFrom(List<Invocation> invocations) {\n    [javac]                                           ^\n    [javac] /data/cmd/Ming/llm-fl-apr/tmp/Mockito_33-prompt_apr_6-ernie-3.5-128k/src/org/mockito/internal/invocation/InvocationMatcher.java:119: error: ')' expected\n    [javac]     public static List<InvocationMatcher> createFrom(List<Invocation> invocations) {\n    [javac]                                                                      ^\n    [javac] /data/cmd/Ming/llm-fl-apr/tmp/Mockito_33-prompt_apr_6-ernie-3.5-128k/src/org/mockito/internal/invocation/InvocationMatcher.java:119: error: not a statement\n    [javac]     public static List<InvocationMatcher> createFrom(List<Invocation> invocations) {\n    [javac]                                                     ^\n    [javac] /data/cmd/Ming/llm-fl-apr/tmp/Mockito_33-prompt_apr_6-ernie-3.5-128k/src/org/mockito/internal/invocation/InvocationMatcher.java:119: error: ';' expected\n    [javac]     public static List<InvocationMatcher> createFrom(List<Invocation> invocations) {\n    [javac]                                                                                  ^\n    [javac] /data/cmd/Ming/llm-fl-apr/tmp/Mockito_33-prompt_apr_6-ernie-3.5-128k/src/org/mockito/internal/invocation/InvocationMatcher.java:128: error: reached end of file while parsing\n    [javac] }\n    [javac]  ^\n    [javac] 17 errors\n\nBUILD FAILED\n/data/cmd/Ming/LLM_Based-Mutation/tools/mutant/defects4j-2.1.0/framework/projects/Mockito/Mockito.build.xml:148: The following error occurred while executing this line:\n/data/cmd/Ming/LLM_Based-Mutation/tools/mutant/defects4j-2.1.0/framework/projects/Mockito/Mockito.build.xml:69: The following error occurred while executing this line:\n/data/cmd/Ming/llm-fl-apr/tmp/Mockito_33-prompt_apr_6-ernie-3.5-128k/build.xml:77: Compile failed; see the compiler error output for details.\n\nTotal time: 3 seconds\nCannot compile sources! at /data/cmd/Ming/LLM_Based-Mutation/tools/mutant/defects4j-2.1.0/framework/bin/d4j/d4j-compile line 82.\nCompilation failed in require at /data/cmd/Ming/LLM_Based-Mutation/tools/mutant/defects4j-2.1.0/framework/bin/defects4j line 195.\n"
                }
            },
            "qwen-turbo": {
                "compile": {
                    "rc": 1,
                    "so": "",
                    "se": "Running ant (compile)...................................................... FAIL\nExecuted command:  cd /data/cmd/Ming/llm-fl-apr/tmp/Mockito_33-prompt_apr_6-qwen-turbo && ant -f /data/cmd/Ming/LLM_Based-Mutation/tools/mutant/defects4j-2.1.0/framework/projects/defects4j.build.xml -Dd4j.home=/data/cmd/Ming/LLM_Based-Mutation/tools/mutant/defects4j-2.1.0 -Dd4j.dir.projects=/data/cmd/Ming/LLM_Based-Mutation/tools/mutant/defects4j-2.1.0/framework/projects -Dbasedir=/data/cmd/Ming/llm-fl-apr/tmp/Mockito_33-prompt_apr_6-qwen-turbo -Dbuild.compiler=javac1.7  compile 2>&1\nJava HotSpot(TM) 64-Bit Server VM warning: ignoring option MaxPermSize=256M; support was removed in 8.0\nBuildfile: /data/cmd/Ming/LLM_Based-Mutation/tools/mutant/defects4j-2.1.0/framework/projects/defects4j.build.xml\n\ncompile:\n\ngradle.compile:\n\nant.compile:\n\nclean:\n\nprepare:\n    [mkdir] Created dir: /data/cmd/Ming/llm-fl-apr/tmp/Mockito_33-prompt_apr_6-qwen-turbo/target/classes\n    [mkdir] Created dir: /data/cmd/Ming/llm-fl-apr/tmp/Mockito_33-prompt_apr_6-qwen-turbo/target/test-classes\n    [mkdir] Created dir: /data/cmd/Ming/llm-fl-apr/tmp/Mockito_33-prompt_apr_6-qwen-turbo/target/reports/junit\n\ncompile:\n    [javac] /data/cmd/Ming/llm-fl-apr/tmp/Mockito_33-prompt_apr_6-qwen-turbo/build.xml:77: warning: 'includeantruntime' was not set, defaulting to build.sysclasspath=last; set to false for repeatable builds\n    [javac] Compiling 233 source files to /data/cmd/Ming/llm-fl-apr/tmp/Mockito_33-prompt_apr_6-qwen-turbo/target/classes\n    [javac] /data/cmd/Ming/llm-fl-apr/tmp/Mockito_33-prompt_apr_6-qwen-turbo/src/org/mockito/configuration/DefaultMockitoConfiguration.java:7: warning: [deprecation] ReturnValues in org.mockito has been deprecated\n    [javac] import org.mockito.ReturnValues;\n    [javac]                   ^\n    [javac] /data/cmd/Ming/llm-fl-apr/tmp/Mockito_33-prompt_apr_6-qwen-turbo/src/org/mockito/configuration/IMockitoConfiguration.java:7: warning: [deprecation] ReturnValues in org.mockito has been deprecated\n    [javac] import org.mockito.ReturnValues;\n    [javac]                   ^\n    [javac] /data/cmd/Ming/llm-fl-apr/tmp/Mockito_33-prompt_apr_6-qwen-turbo/src/org/mockito/internal/configuration/GlobalConfiguration.java:7: warning: [deprecation] ReturnValues in org.mockito has been deprecated\n    [javac] import org.mockito.ReturnValues;\n    [javac]                   ^\n    [javac] /data/cmd/Ming/llm-fl-apr/tmp/Mockito_33-prompt_apr_6-qwen-turbo/src/org/mockito/internal/runners/JUnit44RunnerImpl.java:7: warning: [deprecation] InitializationError in org.junit.internal.runners has been deprecated\n    [javac] import org.junit.internal.runners.InitializationError;\n    [javac]                                  ^\n    [javac] /data/cmd/Ming/llm-fl-apr/tmp/Mockito_33-prompt_apr_6-qwen-turbo/src/org/mockito/internal/runners/JUnit44RunnerImpl.java:8: warning: [deprecation] JUnit4ClassRunner in org.junit.internal.runners has been deprecated\n    [javac] import org.junit.internal.runners.JUnit4ClassRunner;\n    [javac]                                  ^\n    [javac] /data/cmd/Ming/llm-fl-apr/tmp/Mockito_33-prompt_apr_6-qwen-turbo/src/org/mockito/internal/stubbing/answers/AnswerReturnValuesAdapter.java:9: warning: [deprecation] ReturnValues in org.mockito has been deprecated\n    [javac] import org.mockito.ReturnValues;\n    [javac]                   ^\n    [javac] /data/cmd/Ming/llm-fl-apr/tmp/Mockito_33-prompt_apr_6-qwen-turbo/src/org/mockito/internal/invocation/InvocationMatcher.java:98: error: cannot find symbol\n    [javac] return m1.getName().equals(m2.getName()) && Arrays.equals(m1.getParameterTypes(), m2.getParameterTypes());        return m1.equals(m2);\n    [javac]                                             ^\n    [javac]   symbol:   variable Arrays\n    [javac]   location: class InvocationMatcher\n    [javac] /data/cmd/Ming/llm-fl-apr/tmp/Mockito_33-prompt_apr_6-qwen-turbo/src/org/mockito/internal/configuration/DefaultAnnotationEngine.java:34: warning: [deprecation] createMockFor(Annotation,Field) in AnnotationEngine has been deprecated\n    [javac]     public Object createMockFor(Annotation annotation, Field field) {\n    [javac]                   ^\n    [javac] /data/cmd/Ming/llm-fl-apr/tmp/Mockito_33-prompt_apr_6-qwen-turbo/src/org/mockito/internal/configuration/SpyAnnotationEngine.java:22: warning: [deprecation] createMockFor(Annotation,Field) in AnnotationEngine has been deprecated\n    [javac]     public Object createMockFor(Annotation annotation, Field field) {\n    [javac]                   ^\n    [javac] 1 error\n    [javac] 8 warnings\n\nBUILD FAILED\n/data/cmd/Ming/LLM_Based-Mutation/tools/mutant/defects4j-2.1.0/framework/projects/Mockito/Mockito.build.xml:148: The following error occurred while executing this line:\n/data/cmd/Ming/LLM_Based-Mutation/tools/mutant/defects4j-2.1.0/framework/projects/Mockito/Mockito.build.xml:69: The following error occurred while executing this line:\n/data/cmd/Ming/llm-fl-apr/tmp/Mockito_33-prompt_apr_6-qwen-turbo/build.xml:77: Compile failed; see the compiler error output for details.\n\nTotal time: 6 seconds\nCannot compile sources! at /data/cmd/Ming/LLM_Based-Mutation/tools/mutant/defects4j-2.1.0/framework/bin/d4j/d4j-compile line 82.\nCompilation failed in require at /data/cmd/Ming/LLM_Based-Mutation/tools/mutant/defects4j-2.1.0/framework/bin/defects4j line 195.\n"
                }
            },
            "doubao-pro-4k": {
                "compile": {
                    "rc": 1,
                    "so": "",
                    "se": "Running ant (compile)...................................................... FAIL\nExecuted command:  cd /data/cmd/Ming/llm-fl-apr/tmp/Mockito_33-prompt_apr_6-doubao-pro-4k && ant -f /data/cmd/Ming/LLM_Based-Mutation/tools/mutant/defects4j-2.1.0/framework/projects/defects4j.build.xml -Dd4j.home=/data/cmd/Ming/LLM_Based-Mutation/tools/mutant/defects4j-2.1.0 -Dd4j.dir.projects=/data/cmd/Ming/LLM_Based-Mutation/tools/mutant/defects4j-2.1.0/framework/projects -Dbasedir=/data/cmd/Ming/llm-fl-apr/tmp/Mockito_33-prompt_apr_6-doubao-pro-4k -Dbuild.compiler=javac1.7  compile 2>&1\nJava HotSpot(TM) 64-Bit Server VM warning: ignoring option MaxPermSize=256M; support was removed in 8.0\nBuildfile: /data/cmd/Ming/LLM_Based-Mutation/tools/mutant/defects4j-2.1.0/framework/projects/defects4j.build.xml\n\ncompile:\n\ngradle.compile:\n\nant.compile:\n\nclean:\n\nprepare:\n    [mkdir] Created dir: /data/cmd/Ming/llm-fl-apr/tmp/Mockito_33-prompt_apr_6-doubao-pro-4k/target/classes\n    [mkdir] Created dir: /data/cmd/Ming/llm-fl-apr/tmp/Mockito_33-prompt_apr_6-doubao-pro-4k/target/test-classes\n    [mkdir] Created dir: /data/cmd/Ming/llm-fl-apr/tmp/Mockito_33-prompt_apr_6-doubao-pro-4k/target/reports/junit\n\ncompile:\n    [javac] /data/cmd/Ming/llm-fl-apr/tmp/Mockito_33-prompt_apr_6-doubao-pro-4k/build.xml:77: warning: 'includeantruntime' was not set, defaulting to build.sysclasspath=last; set to false for repeatable builds\n    [javac] Compiling 233 source files to /data/cmd/Ming/llm-fl-apr/tmp/Mockito_33-prompt_apr_6-doubao-pro-4k/target/classes\n    [javac] /data/cmd/Ming/llm-fl-apr/tmp/Mockito_33-prompt_apr_6-doubao-pro-4k/src/org/mockito/configuration/DefaultMockitoConfiguration.java:7: warning: [deprecation] ReturnValues in org.mockito has been deprecated\n    [javac] import org.mockito.ReturnValues;\n    [javac]                   ^\n    [javac] /data/cmd/Ming/llm-fl-apr/tmp/Mockito_33-prompt_apr_6-doubao-pro-4k/src/org/mockito/configuration/IMockitoConfiguration.java:7: warning: [deprecation] ReturnValues in org.mockito has been deprecated\n    [javac] import org.mockito.ReturnValues;\n    [javac]                   ^\n    [javac] /data/cmd/Ming/llm-fl-apr/tmp/Mockito_33-prompt_apr_6-doubao-pro-4k/src/org/mockito/internal/configuration/GlobalConfiguration.java:7: warning: [deprecation] ReturnValues in org.mockito has been deprecated\n    [javac] import org.mockito.ReturnValues;\n    [javac]                   ^\n    [javac] /data/cmd/Ming/llm-fl-apr/tmp/Mockito_33-prompt_apr_6-doubao-pro-4k/src/org/mockito/internal/runners/JUnit44RunnerImpl.java:7: warning: [deprecation] InitializationError in org.junit.internal.runners has been deprecated\n    [javac] import org.junit.internal.runners.InitializationError;\n    [javac]                                  ^\n    [javac] /data/cmd/Ming/llm-fl-apr/tmp/Mockito_33-prompt_apr_6-doubao-pro-4k/src/org/mockito/internal/runners/JUnit44RunnerImpl.java:8: warning: [deprecation] JUnit4ClassRunner in org.junit.internal.runners has been deprecated\n    [javac] import org.junit.internal.runners.JUnit4ClassRunner;\n    [javac]                                  ^\n    [javac] /data/cmd/Ming/llm-fl-apr/tmp/Mockito_33-prompt_apr_6-doubao-pro-4k/src/org/mockito/internal/stubbing/answers/AnswerReturnValuesAdapter.java:9: warning: [deprecation] ReturnValues in org.mockito has been deprecated\n    [javac] import org.mockito.ReturnValues;\n    [javac]                   ^\n    [javac] /data/cmd/Ming/llm-fl-apr/tmp/Mockito_33-prompt_apr_6-doubao-pro-4k/src/org/mockito/internal/invocation/InvocationMatcher.java:103: error: cannot find symbol\n    [javac] return m1.getName().equals(m2.getName()) && m1.getParameterTypes().equals(m2.getParameterTypes());    }\n    [javac]                            ^\n    [javac]   symbol:   variable m2\n    [javac]   location: class InvocationMatcher\n    [javac] /data/cmd/Ming/llm-fl-apr/tmp/Mockito_33-prompt_apr_6-doubao-pro-4k/src/org/mockito/internal/invocation/InvocationMatcher.java:103: error: cannot find symbol\n    [javac] return m1.getName().equals(m2.getName()) && m1.getParameterTypes().equals(m2.getParameterTypes());    }\n    [javac]        ^\n    [javac]   symbol:   variable m1\n    [javac]   location: class InvocationMatcher\n    [javac] /data/cmd/Ming/llm-fl-apr/tmp/Mockito_33-prompt_apr_6-doubao-pro-4k/src/org/mockito/internal/invocation/InvocationMatcher.java:103: error: cannot find symbol\n    [javac] return m1.getName().equals(m2.getName()) && m1.getParameterTypes().equals(m2.getParameterTypes());    }\n    [javac]                                                                           ^\n    [javac]   symbol:   variable m2\n    [javac]   location: class InvocationMatcher\n    [javac] /data/cmd/Ming/llm-fl-apr/tmp/Mockito_33-prompt_apr_6-doubao-pro-4k/src/org/mockito/internal/invocation/InvocationMatcher.java:103: error: cannot find symbol\n    [javac] return m1.getName().equals(m2.getName()) && m1.getParameterTypes().equals(m2.getParameterTypes());    }\n    [javac]                                             ^\n    [javac]   symbol:   variable m1\n    [javac]   location: class InvocationMatcher\n    [javac] /data/cmd/Ming/llm-fl-apr/tmp/Mockito_33-prompt_apr_6-doubao-pro-4k/src/org/mockito/internal/configuration/DefaultAnnotationEngine.java:34: warning: [deprecation] createMockFor(Annotation,Field) in AnnotationEngine has been deprecated\n    [javac]     public Object createMockFor(Annotation annotation, Field field) {\n    [javac]                   ^\n    [javac] /data/cmd/Ming/llm-fl-apr/tmp/Mockito_33-prompt_apr_6-doubao-pro-4k/src/org/mockito/internal/configuration/SpyAnnotationEngine.java:22: warning: [deprecation] createMockFor(Annotation,Field) in AnnotationEngine has been deprecated\n    [javac]     public Object createMockFor(Annotation annotation, Field field) {\n    [javac]                   ^\n    [javac] 4 errors\n    [javac] 8 warnings\n\nBUILD FAILED\n/data/cmd/Ming/LLM_Based-Mutation/tools/mutant/defects4j-2.1.0/framework/projects/Mockito/Mockito.build.xml:148: The following error occurred while executing this line:\n/data/cmd/Ming/LLM_Based-Mutation/tools/mutant/defects4j-2.1.0/framework/projects/Mockito/Mockito.build.xml:69: The following error occurred while executing this line:\n/data/cmd/Ming/llm-fl-apr/tmp/Mockito_33-prompt_apr_6-doubao-pro-4k/build.xml:77: Compile failed; see the compiler error output for details.\n\nTotal time: 5 seconds\nCannot compile sources! at /data/cmd/Ming/LLM_Based-Mutation/tools/mutant/defects4j-2.1.0/framework/bin/d4j/d4j-compile line 82.\nCompilation failed in require at /data/cmd/Ming/LLM_Based-Mutation/tools/mutant/defects4j-2.1.0/framework/bin/defects4j line 195.\n"
                }
            },
            "gpt-4o-mini": {
                "compile": {
                    "rc": 1,
                    "so": "",
                    "se": "Running ant (compile)...................................................... FAIL\nExecuted command:  cd /data/cmd/Ming/llm-fl-apr/tmp/Mockito_33-prompt_apr_6-gpt-4o-mini && ant -f /data/cmd/Ming/LLM_Based-Mutation/tools/mutant/defects4j-2.1.0/framework/projects/defects4j.build.xml -Dd4j.home=/data/cmd/Ming/LLM_Based-Mutation/tools/mutant/defects4j-2.1.0 -Dd4j.dir.projects=/data/cmd/Ming/LLM_Based-Mutation/tools/mutant/defects4j-2.1.0/framework/projects -Dbasedir=/data/cmd/Ming/llm-fl-apr/tmp/Mockito_33-prompt_apr_6-gpt-4o-mini -Dbuild.compiler=javac1.7  compile 2>&1\nJava HotSpot(TM) 64-Bit Server VM warning: ignoring option MaxPermSize=256M; support was removed in 8.0\nBuildfile: /data/cmd/Ming/LLM_Based-Mutation/tools/mutant/defects4j-2.1.0/framework/projects/defects4j.build.xml\n\ncompile:\n\ngradle.compile:\n\nant.compile:\n\nclean:\n\nprepare:\n    [mkdir] Created dir: /data/cmd/Ming/llm-fl-apr/tmp/Mockito_33-prompt_apr_6-gpt-4o-mini/target/classes\n    [mkdir] Created dir: /data/cmd/Ming/llm-fl-apr/tmp/Mockito_33-prompt_apr_6-gpt-4o-mini/target/test-classes\n    [mkdir] Created dir: /data/cmd/Ming/llm-fl-apr/tmp/Mockito_33-prompt_apr_6-gpt-4o-mini/target/reports/junit\n\ncompile:\n    [javac] /data/cmd/Ming/llm-fl-apr/tmp/Mockito_33-prompt_apr_6-gpt-4o-mini/build.xml:77: warning: 'includeantruntime' was not set, defaulting to build.sysclasspath=last; set to false for repeatable builds\n    [javac] Compiling 233 source files to /data/cmd/Ming/llm-fl-apr/tmp/Mockito_33-prompt_apr_6-gpt-4o-mini/target/classes\n    [javac] /data/cmd/Ming/llm-fl-apr/tmp/Mockito_33-prompt_apr_6-gpt-4o-mini/src/org/mockito/internal/invocation/InvocationMatcher.java:105: error: illegal start of type\n    [javac] return m1.getName().equals(m2.getName()) && Arrays.equals(m1.getParameterTypes(), m2.getParameterTypes());    public String toString(PrintSettings printSettings) {\n    [javac] ^\n    [javac] /data/cmd/Ming/llm-fl-apr/tmp/Mockito_33-prompt_apr_6-gpt-4o-mini/src/org/mockito/internal/invocation/InvocationMatcher.java:105: error: ';' expected\n    [javac] return m1.getName().equals(m2.getName()) && Arrays.equals(m1.getParameterTypes(), m2.getParameterTypes());    public String toString(PrintSettings printSettings) {\n    [javac]       ^\n    [javac] /data/cmd/Ming/llm-fl-apr/tmp/Mockito_33-prompt_apr_6-gpt-4o-mini/src/org/mockito/internal/invocation/InvocationMatcher.java:105: error: illegal start of type\n    [javac] return m1.getName().equals(m2.getName()) && Arrays.equals(m1.getParameterTypes(), m2.getParameterTypes());    public String toString(PrintSettings printSettings) {\n    [javac]          ^\n    [javac] /data/cmd/Ming/llm-fl-apr/tmp/Mockito_33-prompt_apr_6-gpt-4o-mini/src/org/mockito/internal/invocation/InvocationMatcher.java:105: error: ';' expected\n    [javac] return m1.getName().equals(m2.getName()) && Arrays.equals(m1.getParameterTypes(), m2.getParameterTypes());    public String toString(PrintSettings printSettings) {\n    [javac]                    ^\n    [javac] 4 errors\n\nBUILD FAILED\n/data/cmd/Ming/LLM_Based-Mutation/tools/mutant/defects4j-2.1.0/framework/projects/Mockito/Mockito.build.xml:148: The following error occurred while executing this line:\n/data/cmd/Ming/LLM_Based-Mutation/tools/mutant/defects4j-2.1.0/framework/projects/Mockito/Mockito.build.xml:69: The following error occurred while executing this line:\n/data/cmd/Ming/llm-fl-apr/tmp/Mockito_33-prompt_apr_6-gpt-4o-mini/build.xml:77: Compile failed; see the compiler error output for details.\n\nTotal time: 3 seconds\nCannot compile sources! at /data/cmd/Ming/LLM_Based-Mutation/tools/mutant/defects4j-2.1.0/framework/bin/d4j/d4j-compile line 82.\nCompilation failed in require at /data/cmd/Ming/LLM_Based-Mutation/tools/mutant/defects4j-2.1.0/framework/bin/defects4j line 195.\n"
                }
            },
            "deepseek-chat": {
                "compile": {
                    "rc": 1,
                    "so": "",
                    "se": "Running ant (compile)...................................................... FAIL\nExecuted command:  cd /data/cmd/Ming/llm-fl-apr/tmp/Mockito_33-prompt_apr_6-deepseek-chat && ant -f /data/cmd/Ming/LLM_Based-Mutation/tools/mutant/defects4j-2.1.0/framework/projects/defects4j.build.xml -Dd4j.home=/data/cmd/Ming/LLM_Based-Mutation/tools/mutant/defects4j-2.1.0 -Dd4j.dir.projects=/data/cmd/Ming/LLM_Based-Mutation/tools/mutant/defects4j-2.1.0/framework/projects -Dbasedir=/data/cmd/Ming/llm-fl-apr/tmp/Mockito_33-prompt_apr_6-deepseek-chat -Dbuild.compiler=javac1.7  compile 2>&1\nJava HotSpot(TM) 64-Bit Server VM warning: ignoring option MaxPermSize=256M; support was removed in 8.0\nBuildfile: /data/cmd/Ming/LLM_Based-Mutation/tools/mutant/defects4j-2.1.0/framework/projects/defects4j.build.xml\n\ncompile:\n\ngradle.compile:\n\nant.compile:\n\nclean:\n\nprepare:\n    [mkdir] Created dir: /data/cmd/Ming/llm-fl-apr/tmp/Mockito_33-prompt_apr_6-deepseek-chat/target/classes\n    [mkdir] Created dir: /data/cmd/Ming/llm-fl-apr/tmp/Mockito_33-prompt_apr_6-deepseek-chat/target/test-classes\n    [mkdir] Created dir: /data/cmd/Ming/llm-fl-apr/tmp/Mockito_33-prompt_apr_6-deepseek-chat/target/reports/junit\n\ncompile:\n    [javac] /data/cmd/Ming/llm-fl-apr/tmp/Mockito_33-prompt_apr_6-deepseek-chat/build.xml:77: warning: 'includeantruntime' was not set, defaulting to build.sysclasspath=last; set to false for repeatable builds\n    [javac] Compiling 233 source files to /data/cmd/Ming/llm-fl-apr/tmp/Mockito_33-prompt_apr_6-deepseek-chat/target/classes\n    [javac] /data/cmd/Ming/llm-fl-apr/tmp/Mockito_33-prompt_apr_6-deepseek-chat/src/org/mockito/configuration/DefaultMockitoConfiguration.java:7: warning: [deprecation] ReturnValues in org.mockito has been deprecated\n    [javac] import org.mockito.ReturnValues;\n    [javac]                   ^\n    [javac] /data/cmd/Ming/llm-fl-apr/tmp/Mockito_33-prompt_apr_6-deepseek-chat/src/org/mockito/configuration/IMockitoConfiguration.java:7: warning: [deprecation] ReturnValues in org.mockito has been deprecated\n    [javac] import org.mockito.ReturnValues;\n    [javac]                   ^\n    [javac] /data/cmd/Ming/llm-fl-apr/tmp/Mockito_33-prompt_apr_6-deepseek-chat/src/org/mockito/internal/configuration/GlobalConfiguration.java:7: warning: [deprecation] ReturnValues in org.mockito has been deprecated\n    [javac] import org.mockito.ReturnValues;\n    [javac]                   ^\n    [javac] /data/cmd/Ming/llm-fl-apr/tmp/Mockito_33-prompt_apr_6-deepseek-chat/src/org/mockito/internal/runners/JUnit44RunnerImpl.java:7: warning: [deprecation] InitializationError in org.junit.internal.runners has been deprecated\n    [javac] import org.junit.internal.runners.InitializationError;\n    [javac]                                  ^\n    [javac] /data/cmd/Ming/llm-fl-apr/tmp/Mockito_33-prompt_apr_6-deepseek-chat/src/org/mockito/internal/runners/JUnit44RunnerImpl.java:8: warning: [deprecation] JUnit4ClassRunner in org.junit.internal.runners has been deprecated\n    [javac] import org.junit.internal.runners.JUnit4ClassRunner;\n    [javac]                                  ^\n    [javac] /data/cmd/Ming/llm-fl-apr/tmp/Mockito_33-prompt_apr_6-deepseek-chat/src/org/mockito/internal/stubbing/answers/AnswerReturnValuesAdapter.java:9: warning: [deprecation] ReturnValues in org.mockito has been deprecated\n    [javac] import org.mockito.ReturnValues;\n    [javac]                   ^\n    [javac] /data/cmd/Ming/llm-fl-apr/tmp/Mockito_33-prompt_apr_6-deepseek-chat/src/org/mockito/internal/invocation/InvocationMatcher.java:99: error: cannot find symbol\n    [javac] return m1.getName().equals(m2.getName()) && Arrays.equals(m1.getParameterTypes(), m2.getParameterTypes());    }\n    [javac]                                             ^\n    [javac]   symbol:   variable Arrays\n    [javac]   location: class InvocationMatcher\n    [javac] /data/cmd/Ming/llm-fl-apr/tmp/Mockito_33-prompt_apr_6-deepseek-chat/src/org/mockito/internal/configuration/DefaultAnnotationEngine.java:34: warning: [deprecation] createMockFor(Annotation,Field) in AnnotationEngine has been deprecated\n    [javac]     public Object createMockFor(Annotation annotation, Field field) {\n    [javac]                   ^\n    [javac] /data/cmd/Ming/llm-fl-apr/tmp/Mockito_33-prompt_apr_6-deepseek-chat/src/org/mockito/internal/configuration/SpyAnnotationEngine.java:22: warning: [deprecation] createMockFor(Annotation,Field) in AnnotationEngine has been deprecated\n    [javac]     public Object createMockFor(Annotation annotation, Field field) {\n    [javac]                   ^\n    [javac] 1 error\n    [javac] 8 warnings\n\nBUILD FAILED\n/data/cmd/Ming/LLM_Based-Mutation/tools/mutant/defects4j-2.1.0/framework/projects/Mockito/Mockito.build.xml:148: The following error occurred while executing this line:\n/data/cmd/Ming/LLM_Based-Mutation/tools/mutant/defects4j-2.1.0/framework/projects/Mockito/Mockito.build.xml:69: The following error occurred while executing this line:\n/data/cmd/Ming/llm-fl-apr/tmp/Mockito_33-prompt_apr_6-deepseek-chat/build.xml:77: Compile failed; see the compiler error output for details.\n\nTotal time: 5 seconds\nCannot compile sources! at /data/cmd/Ming/LLM_Based-Mutation/tools/mutant/defects4j-2.1.0/framework/bin/d4j/d4j-compile line 82.\nCompilation failed in require at /data/cmd/Ming/LLM_Based-Mutation/tools/mutant/defects4j-2.1.0/framework/bin/defects4j line 195.\n"
                }
            }
        }
    }
}