{
    "overall_status": {
        "prompt_apr_1": {
            "ernie-3.5-128k": "Fail some tests",
            "qwen-turbo": "Compile failed",
            "doubao-pro-4k": "Fail some tests",
            "gpt-4o-mini": "Pass all tests",
            "deepseek-chat": "Compile failed"
        },
        "prompt_apr_2": {
            "ernie-3.5-128k": "Compile failed",
            "qwen-turbo": "Compile failed",
            "doubao-pro-4k": "Fail some tests",
            "gpt-4o-mini": "Pass all tests",
            "deepseek-chat": "Fail some tests"
        },
        "prompt_apr_3": {
            "ernie-3.5-128k": "Compile failed",
            "qwen-turbo": "Compile failed",
            "doubao-pro-4k": "Compile failed",
            "gpt-4o-mini": "Compile failed",
            "deepseek-chat": "Compile failed"
        },
        "prompt_apr_4": {
            "ernie-3.5-128k": "Pass all tests",
            "qwen-turbo": "Compile failed",
            "doubao-pro-4k": "Compile failed",
            "gpt-4o-mini": "Compile failed",
            "deepseek-chat": "Pass all tests"
        },
        "prompt_apr_5": {
            "ernie-3.5-128k": "Pass all tests",
            "qwen-turbo": "Pass all tests",
            "doubao-pro-4k": "Compile failed",
            "gpt-4o-mini": "Pass all tests",
            "deepseek-chat": "Compile failed"
        },
        "prompt_apr_6": {
            "ernie-3.5-128k": "Compile failed",
            "qwen-turbo": "Compile failed",
            "doubao-pro-4k": "Compile failed",
            "gpt-4o-mini": "Fail some tests",
            "deepseek-chat": "Pass all tests"
        }
    },
    "check_results_list": {
        "prompt_apr_1": {
            "ernie-3.5-128k": {
                "compile": {
                    "rc": 0,
                    "so": "",
                    "se": "Running ant (compile)...................................................... OK\nRunning ant (compile.tests)................................................ OK\n"
                },
                "test": {
                    "rc": 0,
                    "so": "Failing tests: 2\n  - org.mockito.internal.invocation.InvocationMatcherTest::shouldMatchCaptureArgumentsWhenArgsCountDoesNOTMatch\n  - org.mockitousage.basicapi.UsingVarargsTest::shouldMatchEasilyEmptyVararg\n",
                    "se": "Running ant (compile.tests)................................................ OK\nRunning ant (run.dev.tests)................................................ OK\n"
                }
            },
            "qwen-turbo": {
                "compile": {
                    "rc": 1,
                    "so": "",
                    "se": "Running ant (compile)...................................................... FAIL\nExecuted command:  cd /data/cmd/Ming/llm-fl-apr/tmp/Mockito_34-prompt_apr_1-qwen-turbo && ant -f /data/cmd/Ming/LLM_Based-Mutation/tools/mutant/defects4j-2.1.0/framework/projects/defects4j.build.xml -Dd4j.home=/data/cmd/Ming/LLM_Based-Mutation/tools/mutant/defects4j-2.1.0 -Dd4j.dir.projects=/data/cmd/Ming/LLM_Based-Mutation/tools/mutant/defects4j-2.1.0/framework/projects -Dbasedir=/data/cmd/Ming/llm-fl-apr/tmp/Mockito_34-prompt_apr_1-qwen-turbo -Dbuild.compiler=javac1.7  compile 2>&1\nJava HotSpot(TM) 64-Bit Server VM warning: ignoring option MaxPermSize=256M; support was removed in 8.0\nBuildfile: /data/cmd/Ming/LLM_Based-Mutation/tools/mutant/defects4j-2.1.0/framework/projects/defects4j.build.xml\n\ncompile:\n\ngradle.compile:\n\nant.compile:\n\nclean:\n\nprepare:\n    [mkdir] Created dir: /data/cmd/Ming/llm-fl-apr/tmp/Mockito_34-prompt_apr_1-qwen-turbo/target/classes\n    [mkdir] Created dir: /data/cmd/Ming/llm-fl-apr/tmp/Mockito_34-prompt_apr_1-qwen-turbo/target/test-classes\n    [mkdir] Created dir: /data/cmd/Ming/llm-fl-apr/tmp/Mockito_34-prompt_apr_1-qwen-turbo/target/reports/junit\n\ncompile:\n    [javac] /data/cmd/Ming/llm-fl-apr/tmp/Mockito_34-prompt_apr_1-qwen-turbo/build.xml:76: warning: 'includeantruntime' was not set, defaulting to build.sysclasspath=last; set to false for repeatable builds\n    [javac] Compiling 199 source files to /data/cmd/Ming/llm-fl-apr/tmp/Mockito_34-prompt_apr_1-qwen-turbo/target/classes\n    [javac] warning: [options] bootstrap class path not set in conjunction with -source 1.5\n    [javac] /data/cmd/Ming/llm-fl-apr/tmp/Mockito_34-prompt_apr_1-qwen-turbo/src/org/mockito/internal/invocation/InvocationMatcher.java:103: error: <identifier> expected\n    [javac] Certainly! The issue on line 4 is that the `captureFrom` method expects an argument that matches its expected type, but `i.getArguments()[k]` might not necessarily be of that type. To fix this, we should ensure that the argument captured from `i.getArguments()[k]` is correctly cast or handled to match the expected type of `captureFrom`.\n    [javac]          ^\n    [javac] /data/cmd/Ming/llm-fl-apr/tmp/Mockito_34-prompt_apr_1-qwen-turbo/src/org/mockito/internal/invocation/InvocationMatcher.java:103: error: ';' expected\n    [javac] Certainly! The issue on line 4 is that the `captureFrom` method expects an argument that matches its expected type, but `i.getArguments()[k]` might not necessarily be of that type. To fix this, we should ensure that the argument captured from `i.getArguments()[k]` is correctly cast or handled to match the expected type of `captureFrom`.\n    [javac]                     ^\n    [javac] /data/cmd/Ming/llm-fl-apr/tmp/Mockito_34-prompt_apr_1-qwen-turbo/src/org/mockito/internal/invocation/InvocationMatcher.java:103: error: ';' expected\n    [javac] Certainly! The issue on line 4 is that the `captureFrom` method expects an argument that matches its expected type, but `i.getArguments()[k]` might not necessarily be of that type. To fix this, we should ensure that the argument captured from `i.getArguments()[k]` is correctly cast or handled to match the expected type of `captureFrom`.\n    [javac]                             ^\n    [javac] /data/cmd/Ming/llm-fl-apr/tmp/Mockito_34-prompt_apr_1-qwen-turbo/src/org/mockito/internal/invocation/InvocationMatcher.java:103: error: ';' expected\n    [javac] Certainly! The issue on line 4 is that the `captureFrom` method expects an argument that matches its expected type, but `i.getArguments()[k]` might not necessarily be of that type. To fix this, we should ensure that the argument captured from `i.getArguments()[k]` is correctly cast or handled to match the expected type of `captureFrom`.\n    [javac]                                       ^\n    [javac] /data/cmd/Ming/llm-fl-apr/tmp/Mockito_34-prompt_apr_1-qwen-turbo/src/org/mockito/internal/invocation/InvocationMatcher.java:103: error: illegal character: \\96\n    [javac] Certainly! The issue on line 4 is that the `captureFrom` method expects an argument that matches its expected type, but `i.getArguments()[k]` might not necessarily be of that type. To fix this, we should ensure that the argument captured from `i.getArguments()[k]` is correctly cast or handled to match the expected type of `captureFrom`.\n    [javac]                                            ^\n    [javac] /data/cmd/Ming/llm-fl-apr/tmp/Mockito_34-prompt_apr_1-qwen-turbo/src/org/mockito/internal/invocation/InvocationMatcher.java:103: error: illegal character: \\96\n    [javac] Certainly! The issue on line 4 is that the `captureFrom` method expects an argument that matches its expected type, but `i.getArguments()[k]` might not necessarily be of that type. To fix this, we should ensure that the argument captured from `i.getArguments()[k]` is correctly cast or handled to match the expected type of `captureFrom`.\n    [javac]                                                        ^\n    [javac] /data/cmd/Ming/llm-fl-apr/tmp/Mockito_34-prompt_apr_1-qwen-turbo/src/org/mockito/internal/invocation/InvocationMatcher.java:103: error: ';' expected\n    [javac] Certainly! The issue on line 4 is that the `captureFrom` method expects an argument that matches its expected type, but `i.getArguments()[k]` might not necessarily be of that type. To fix this, we should ensure that the argument captured from `i.getArguments()[k]` is correctly cast or handled to match the expected type of `captureFrom`.\n    [javac]                                                                        ^\n    [javac] /data/cmd/Ming/llm-fl-apr/tmp/Mockito_34-prompt_apr_1-qwen-turbo/src/org/mockito/internal/invocation/InvocationMatcher.java:103: error: ';' expected\n    [javac] Certainly! The issue on line 4 is that the `captureFrom` method expects an argument that matches its expected type, but `i.getArguments()[k]` might not necessarily be of that type. To fix this, we should ensure that the argument captured from `i.getArguments()[k]` is correctly cast or handled to match the expected type of `captureFrom`.\n    [javac]                                                                                    ^\n    [javac] /data/cmd/Ming/llm-fl-apr/tmp/Mockito_34-prompt_apr_1-qwen-turbo/src/org/mockito/internal/invocation/InvocationMatcher.java:103: error: ';' expected\n    [javac] Certainly! The issue on line 4 is that the `captureFrom` method expects an argument that matches its expected type, but `i.getArguments()[k]` might not necessarily be of that type. To fix this, we should ensure that the argument captured from `i.getArguments()[k]` is correctly cast or handled to match the expected type of `captureFrom`.\n    [javac]                                                                                                 ^\n    [javac] /data/cmd/Ming/llm-fl-apr/tmp/Mockito_34-prompt_apr_1-qwen-turbo/src/org/mockito/internal/invocation/InvocationMatcher.java:103: error: ';' expected\n    [javac] Certainly! The issue on line 4 is that the `captureFrom` method expects an argument that matches its expected type, but `i.getArguments()[k]` might not necessarily be of that type. To fix this, we should ensure that the argument captured from `i.getArguments()[k]` is correctly cast or handled to match the expected type of `captureFrom`.\n    [javac]                                                                                                              ^\n    [javac] /data/cmd/Ming/llm-fl-apr/tmp/Mockito_34-prompt_apr_1-qwen-turbo/src/org/mockito/internal/invocation/InvocationMatcher.java:103: error: <identifier> expected\n    [javac] Certainly! The issue on line 4 is that the `captureFrom` method expects an argument that matches its expected type, but `i.getArguments()[k]` might not necessarily be of that type. To fix this, we should ensure that the argument captured from `i.getArguments()[k]` is correctly cast or handled to match the expected type of `captureFrom`.\n    [javac]                                                                                                                   ^\n    [javac] /data/cmd/Ming/llm-fl-apr/tmp/Mockito_34-prompt_apr_1-qwen-turbo/src/org/mockito/internal/invocation/InvocationMatcher.java:103: error: illegal character: \\96\n    [javac] Certainly! The issue on line 4 is that the `captureFrom` method expects an argument that matches its expected type, but `i.getArguments()[k]` might not necessarily be of that type. To fix this, we should ensure that the argument captured from `i.getArguments()[k]` is correctly cast or handled to match the expected type of `captureFrom`.\n    [javac]                                                                                                                         ^\n    [javac] /data/cmd/Ming/llm-fl-apr/tmp/Mockito_34-prompt_apr_1-qwen-turbo/src/org/mockito/internal/invocation/InvocationMatcher.java:103: error: <identifier> expected\n    [javac] Certainly! The issue on line 4 is that the `captureFrom` method expects an argument that matches its expected type, but `i.getArguments()[k]` might not necessarily be of that type. To fix this, we should ensure that the argument captured from `i.getArguments()[k]` is correctly cast or handled to match the expected type of `captureFrom`.\n    [javac]                                                                                                                                        ^\n    [javac] /data/cmd/Ming/llm-fl-apr/tmp/Mockito_34-prompt_apr_1-qwen-turbo/src/org/mockito/internal/invocation/InvocationMatcher.java:103: error: ']' expected\n    [javac] Certainly! The issue on line 4 is that the `captureFrom` method expects an argument that matches its expected type, but `i.getArguments()[k]` might not necessarily be of that type. To fix this, we should ensure that the argument captured from `i.getArguments()[k]` is correctly cast or handled to match the expected type of `captureFrom`.\n    [javac]                                                                                                                                           ^\n    [javac] /data/cmd/Ming/llm-fl-apr/tmp/Mockito_34-prompt_apr_1-qwen-turbo/src/org/mockito/internal/invocation/InvocationMatcher.java:103: error: illegal start of type\n    [javac] Certainly! The issue on line 4 is that the `captureFrom` method expects an argument that matches its expected type, but `i.getArguments()[k]` might not necessarily be of that type. To fix this, we should ensure that the argument captured from `i.getArguments()[k]` is correctly cast or handled to match the expected type of `captureFrom`.\n    [javac]                                                                                                                                            ^\n    [javac] /data/cmd/Ming/llm-fl-apr/tmp/Mockito_34-prompt_apr_1-qwen-turbo/src/org/mockito/internal/invocation/InvocationMatcher.java:103: error: illegal character: \\96\n    [javac] Certainly! The issue on line 4 is that the `captureFrom` method expects an argument that matches its expected type, but `i.getArguments()[k]` might not necessarily be of that type. To fix this, we should ensure that the argument captured from `i.getArguments()[k]` is correctly cast or handled to match the expected type of `captureFrom`.\n    [javac]                                                                                                                                             ^\n    [javac] /data/cmd/Ming/llm-fl-apr/tmp/Mockito_34-prompt_apr_1-qwen-turbo/src/org/mockito/internal/invocation/InvocationMatcher.java:103: error: ';' expected\n    [javac] Certainly! The issue on line 4 is that the `captureFrom` method expects an argument that matches its expected type, but `i.getArguments()[k]` might not necessarily be of that type. To fix this, we should ensure that the argument captured from `i.getArguments()[k]` is correctly cast or handled to match the expected type of `captureFrom`.\n    [javac]                                                                                                                                              ^\n    [javac] /data/cmd/Ming/llm-fl-apr/tmp/Mockito_34-prompt_apr_1-qwen-turbo/src/org/mockito/internal/invocation/InvocationMatcher.java:103: error: ';' expected\n    [javac] Certainly! The issue on line 4 is that the `captureFrom` method expects an argument that matches its expected type, but `i.getArguments()[k]` might not necessarily be of that type. To fix this, we should ensure that the argument captured from `i.getArguments()[k]` is correctly cast or handled to match the expected type of `captureFrom`.\n    [javac]                                                                                                                                                                    ^\n    [javac] /data/cmd/Ming/llm-fl-apr/tmp/Mockito_34-prompt_apr_1-qwen-turbo/src/org/mockito/internal/invocation/InvocationMatcher.java:103: error: ';' expected\n    [javac] Certainly! The issue on line 4 is that the `captureFrom` method expects an argument that matches its expected type, but `i.getArguments()[k]` might not necessarily be of that type. To fix this, we should ensure that the argument captured from `i.getArguments()[k]` is correctly cast or handled to match the expected type of `captureFrom`.\n    [javac]                                                                                                                                                                          ^\n    [javac] /data/cmd/Ming/llm-fl-apr/tmp/Mockito_34-prompt_apr_1-qwen-turbo/src/org/mockito/internal/invocation/InvocationMatcher.java:103: error: ';' expected\n    [javac] Certainly! The issue on line 4 is that the `captureFrom` method expects an argument that matches its expected type, but `i.getArguments()[k]` might not necessarily be of that type. To fix this, we should ensure that the argument captured from `i.getArguments()[k]` is correctly cast or handled to match the expected type of `captureFrom`.\n    [javac]                                                                                                                                                                                    ^\n    [javac] /data/cmd/Ming/llm-fl-apr/tmp/Mockito_34-prompt_apr_1-qwen-turbo/src/org/mockito/internal/invocation/InvocationMatcher.java:103: error: ';' expected\n    [javac] Certainly! The issue on line 4 is that the `captureFrom` method expects an argument that matches its expected type, but `i.getArguments()[k]` might not necessarily be of that type. To fix this, we should ensure that the argument captured from `i.getArguments()[k]` is correctly cast or handled to match the expected type of `captureFrom`.\n    [javac]                                                                                                                                                                                            ^\n    [javac] /data/cmd/Ming/llm-fl-apr/tmp/Mockito_34-prompt_apr_1-qwen-turbo/src/org/mockito/internal/invocation/InvocationMatcher.java:103: error: ';' expected\n    [javac] Certainly! The issue on line 4 is that the `captureFrom` method expects an argument that matches its expected type, but `i.getArguments()[k]` might not necessarily be of that type. To fix this, we should ensure that the argument captured from `i.getArguments()[k]` is correctly cast or handled to match the expected type of `captureFrom`.\n    [javac]                                                                                                                                                                                                            ^\n    [javac] /data/cmd/Ming/llm-fl-apr/tmp/Mockito_34-prompt_apr_1-qwen-turbo/src/org/mockito/internal/invocation/InvocationMatcher.java:103: error: ';' expected\n    [javac] Certainly! The issue on line 4 is that the `captureFrom` method expects an argument that matches its expected type, but `i.getArguments()[k]` might not necessarily be of that type. To fix this, we should ensure that the argument captured from `i.getArguments()[k]` is correctly cast or handled to match the expected type of `captureFrom`.\n    [javac]                                                                                                                                                                                                                        ^\n    [javac] /data/cmd/Ming/llm-fl-apr/tmp/Mockito_34-prompt_apr_1-qwen-turbo/src/org/mockito/internal/invocation/InvocationMatcher.java:103: error: ';' expected\n    [javac] Certainly! The issue on line 4 is that the `captureFrom` method expects an argument that matches its expected type, but `i.getArguments()[k]` might not necessarily be of that type. To fix this, we should ensure that the argument captured from `i.getArguments()[k]` is correctly cast or handled to match the expected type of `captureFrom`.\n    [javac]                                                                                                                                                                                                                                     ^\n    [javac] /data/cmd/Ming/llm-fl-apr/tmp/Mockito_34-prompt_apr_1-qwen-turbo/src/org/mockito/internal/invocation/InvocationMatcher.java:103: error: illegal character: \\96\n    [javac] Certainly! The issue on line 4 is that the `captureFrom` method expects an argument that matches its expected type, but `i.getArguments()[k]` might not necessarily be of that type. To fix this, we should ensure that the argument captured from `i.getArguments()[k]` is correctly cast or handled to match the expected type of `captureFrom`.\n    [javac]                                                                                                                                                                                                                                                    ^\n    [javac] /data/cmd/Ming/llm-fl-apr/tmp/Mockito_34-prompt_apr_1-qwen-turbo/src/org/mockito/internal/invocation/InvocationMatcher.java:103: error: <identifier> expected\n    [javac] Certainly! The issue on line 4 is that the `captureFrom` method expects an argument that matches its expected type, but `i.getArguments()[k]` might not necessarily be of that type. To fix this, we should ensure that the argument captured from `i.getArguments()[k]` is correctly cast or handled to match the expected type of `captureFrom`.\n    [javac]                                                                                                                                                                                                                                                                   ^\n    [javac] /data/cmd/Ming/llm-fl-apr/tmp/Mockito_34-prompt_apr_1-qwen-turbo/src/org/mockito/internal/invocation/InvocationMatcher.java:103: error: ']' expected\n    [javac] Certainly! The issue on line 4 is that the `captureFrom` method expects an argument that matches its expected type, but `i.getArguments()[k]` might not necessarily be of that type. To fix this, we should ensure that the argument captured from `i.getArguments()[k]` is correctly cast or handled to match the expected type of `captureFrom`.\n    [javac]                                                                                                                                                                                                                                                                      ^\n    [javac] /data/cmd/Ming/llm-fl-apr/tmp/Mockito_34-prompt_apr_1-qwen-turbo/src/org/mockito/internal/invocation/InvocationMatcher.java:103: error: illegal start of type\n    [javac] Certainly! The issue on line 4 is that the `captureFrom` method expects an argument that matches its expected type, but `i.getArguments()[k]` might not necessarily be of that type. To fix this, we should ensure that the argument captured from `i.getArguments()[k]` is correctly cast or handled to match the expected type of `captureFrom`.\n    [javac]                                                                                                                                                                                                                                                                       ^\n    [javac] /data/cmd/Ming/llm-fl-apr/tmp/Mockito_34-prompt_apr_1-qwen-turbo/src/org/mockito/internal/invocation/InvocationMatcher.java:103: error: illegal character: \\96\n    [javac] Certainly! The issue on line 4 is that the `captureFrom` method expects an argument that matches its expected type, but `i.getArguments()[k]` might not necessarily be of that type. To fix this, we should ensure that the argument captured from `i.getArguments()[k]` is correctly cast or handled to match the expected type of `captureFrom`.\n    [javac]                                                                                                                                                                                                                                                                        ^\n    [javac] /data/cmd/Ming/llm-fl-apr/tmp/Mockito_34-prompt_apr_1-qwen-turbo/src/org/mockito/internal/invocation/InvocationMatcher.java:103: error: ';' expected\n    [javac] Certainly! The issue on line 4 is that the `captureFrom` method expects an argument that matches its expected type, but `i.getArguments()[k]` might not necessarily be of that type. To fix this, we should ensure that the argument captured from `i.getArguments()[k]` is correctly cast or handled to match the expected type of `captureFrom`.\n    [javac]                                                                                                                                                                                                                                                                         ^\n    [javac] /data/cmd/Ming/llm-fl-apr/tmp/Mockito_34-prompt_apr_1-qwen-turbo/src/org/mockito/internal/invocation/InvocationMatcher.java:103: error: ';' expected\n    [javac] Certainly! The issue on line 4 is that the `captureFrom` method expects an argument that matches its expected type, but `i.getArguments()[k]` might not necessarily be of that type. To fix this, we should ensure that the argument captured from `i.getArguments()[k]` is correctly cast or handled to match the expected type of `captureFrom`.\n    [javac]                                                                                                                                                                                                                                                                                           ^\n    [javac] /data/cmd/Ming/llm-fl-apr/tmp/Mockito_34-prompt_apr_1-qwen-turbo/src/org/mockito/internal/invocation/InvocationMatcher.java:103: error: ';' expected\n    [javac] Certainly! The issue on line 4 is that the `captureFrom` method expects an argument that matches its expected type, but `i.getArguments()[k]` might not necessarily be of that type. To fix this, we should ensure that the argument captured from `i.getArguments()[k]` is correctly cast or handled to match the expected type of `captureFrom`.\n    [javac]                                                                                                                                                                                                                                                                                                      ^\n    [javac] /data/cmd/Ming/llm-fl-apr/tmp/Mockito_34-prompt_apr_1-qwen-turbo/src/org/mockito/internal/invocation/InvocationMatcher.java:103: error: ';' expected\n    [javac] Certainly! The issue on line 4 is that the `captureFrom` method expects an argument that matches its expected type, but `i.getArguments()[k]` might not necessarily be of that type. To fix this, we should ensure that the argument captured from `i.getArguments()[k]` is correctly cast or handled to match the expected type of `captureFrom`.\n    [javac]                                                                                                                                                                                                                                                                                                               ^\n    [javac] /data/cmd/Ming/llm-fl-apr/tmp/Mockito_34-prompt_apr_1-qwen-turbo/src/org/mockito/internal/invocation/InvocationMatcher.java:103: error: ';' expected\n    [javac] Certainly! The issue on line 4 is that the `captureFrom` method expects an argument that matches its expected type, but `i.getArguments()[k]` might not necessarily be of that type. To fix this, we should ensure that the argument captured from `i.getArguments()[k]` is correctly cast or handled to match the expected type of `captureFrom`.\n    [javac]                                                                                                                                                                                                                                                                                                                            ^\n    [javac] /data/cmd/Ming/llm-fl-apr/tmp/Mockito_34-prompt_apr_1-qwen-turbo/src/org/mockito/internal/invocation/InvocationMatcher.java:103: error: illegal character: \\96\n    [javac] Certainly! The issue on line 4 is that the `captureFrom` method expects an argument that matches its expected type, but `i.getArguments()[k]` might not necessarily be of that type. To fix this, we should ensure that the argument captured from `i.getArguments()[k]` is correctly cast or handled to match the expected type of `captureFrom`.\n    [javac]                                                                                                                                                                                                                                                                                                                                     ^\n    [javac] /data/cmd/Ming/llm-fl-apr/tmp/Mockito_34-prompt_apr_1-qwen-turbo/src/org/mockito/internal/invocation/InvocationMatcher.java:103: error: illegal character: \\96\n    [javac] Certainly! The issue on line 4 is that the `captureFrom` method expects an argument that matches its expected type, but `i.getArguments()[k]` might not necessarily be of that type. To fix this, we should ensure that the argument captured from `i.getArguments()[k]` is correctly cast or handled to match the expected type of `captureFrom`.\n    [javac]                                                                                                                                                                                                                                                                                                                                                 ^\n    [javac] /data/cmd/Ming/llm-fl-apr/tmp/Mockito_34-prompt_apr_1-qwen-turbo/src/org/mockito/internal/invocation/InvocationMatcher.java:103: error: illegal start of type\n    [javac] Certainly! The issue on line 4 is that the `captureFrom` method expects an argument that matches its expected type, but `i.getArguments()[k]` might not necessarily be of that type. To fix this, we should ensure that the argument captured from `i.getArguments()[k]` is correctly cast or handled to match the expected type of `captureFrom`.\n    [javac]                                                                                                                                                                                                                                                                                                                                                  ^\n    [javac] /data/cmd/Ming/llm-fl-apr/tmp/Mockito_34-prompt_apr_1-qwen-turbo/src/org/mockito/internal/invocation/InvocationMatcher.java:105: error: unclosed character literal\n    [javac] Here's the complete corrected method:\n    [javac]     ^\n    [javac] /data/cmd/Ming/llm-fl-apr/tmp/Mockito_34-prompt_apr_1-qwen-turbo/src/org/mockito/internal/invocation/InvocationMatcher.java:105: error: ';' expected\n    [javac] Here's the complete corrected method:\n    [javac]                    ^\n    [javac] /data/cmd/Ming/llm-fl-apr/tmp/Mockito_34-prompt_apr_1-qwen-turbo/src/org/mockito/internal/invocation/InvocationMatcher.java:105: error: ';' expected\n    [javac] Here's the complete corrected method:\n    [javac]                                     ^\n    [javac] /data/cmd/Ming/llm-fl-apr/tmp/Mockito_34-prompt_apr_1-qwen-turbo/src/org/mockito/internal/invocation/InvocationMatcher.java:107: error: illegal character: \\96\n    [javac] ```java\n    [javac] ^\n    [javac] /data/cmd/Ming/llm-fl-apr/tmp/Mockito_34-prompt_apr_1-qwen-turbo/src/org/mockito/internal/invocation/InvocationMatcher.java:107: error: illegal character: \\96\n    [javac] ```java\n    [javac]  ^\n    [javac] /data/cmd/Ming/llm-fl-apr/tmp/Mockito_34-prompt_apr_1-qwen-turbo/src/org/mockito/internal/invocation/InvocationMatcher.java:107: error: illegal character: \\96\n    [javac] ```java\n    [javac]   ^\n    [javac] /data/cmd/Ming/llm-fl-apr/tmp/Mockito_34-prompt_apr_1-qwen-turbo/src/org/mockito/internal/invocation/InvocationMatcher.java:107: error: <identifier> expected\n    [javac] ```java\n    [javac]        ^\n    [javac] /data/cmd/Ming/llm-fl-apr/tmp/Mockito_34-prompt_apr_1-qwen-turbo/src/org/mockito/internal/invocation/InvocationMatcher.java:117: error: illegal character: \\96\n    [javac] ```\n    [javac] ^\n    [javac] /data/cmd/Ming/llm-fl-apr/tmp/Mockito_34-prompt_apr_1-qwen-turbo/src/org/mockito/internal/invocation/InvocationMatcher.java:117: error: illegal character: \\96\n    [javac] ```\n    [javac]  ^\n    [javac] /data/cmd/Ming/llm-fl-apr/tmp/Mockito_34-prompt_apr_1-qwen-turbo/src/org/mockito/internal/invocation/InvocationMatcher.java:117: error: illegal character: \\96\n    [javac] ```\n    [javac]   ^\n    [javac] /data/cmd/Ming/llm-fl-apr/tmp/Mockito_34-prompt_apr_1-qwen-turbo/src/org/mockito/internal/invocation/InvocationMatcher.java:119: error: illegal start of type\n    [javac] In this corrected version, I cast `i.getArguments()[k]` to `Object` before passing it to `captureFrom`. This ensures that the method call is valid regardless of the actual type of the argument.}\n    [javac]    ^\n    [javac] /data/cmd/Ming/llm-fl-apr/tmp/Mockito_34-prompt_apr_1-qwen-turbo/src/org/mockito/internal/invocation/InvocationMatcher.java:119: error: ';' expected\n    [javac] In this corrected version, I cast `i.getArguments()[k]` to `Object` before passing it to `captureFrom`. This ensures that the method call is valid regardless of the actual type of the argument.}\n    [javac]        ^\n    [javac] /data/cmd/Ming/llm-fl-apr/tmp/Mockito_34-prompt_apr_1-qwen-turbo/src/org/mockito/internal/invocation/InvocationMatcher.java:119: error: <identifier> expected\n    [javac] In this corrected version, I cast `i.getArguments()[k]` to `Object` before passing it to `captureFrom`. This ensures that the method call is valid regardless of the actual type of the argument.}\n    [javac]                          ^\n    [javac] /data/cmd/Ming/llm-fl-apr/tmp/Mockito_34-prompt_apr_1-qwen-turbo/src/org/mockito/internal/invocation/InvocationMatcher.java:119: error: ';' expected\n    [javac] In this corrected version, I cast `i.getArguments()[k]` to `Object` before passing it to `captureFrom`. This ensures that the method call is valid regardless of the actual type of the argument.}\n    [javac]                             ^\n    [javac] /data/cmd/Ming/llm-fl-apr/tmp/Mockito_34-prompt_apr_1-qwen-turbo/src/org/mockito/internal/invocation/InvocationMatcher.java:119: error: illegal character: \\96\n    [javac] In this corrected version, I cast `i.getArguments()[k]` to `Object` before passing it to `captureFrom`. This ensures that the method call is valid regardless of the actual type of the argument.}\n    [javac]                                   ^\n    [javac] /data/cmd/Ming/llm-fl-apr/tmp/Mockito_34-prompt_apr_1-qwen-turbo/src/org/mockito/internal/invocation/InvocationMatcher.java:119: error: <identifier> expected\n    [javac] In this corrected version, I cast `i.getArguments()[k]` to `Object` before passing it to `captureFrom`. This ensures that the method call is valid regardless of the actual type of the argument.}\n    [javac]                                                  ^\n    [javac] /data/cmd/Ming/llm-fl-apr/tmp/Mockito_34-prompt_apr_1-qwen-turbo/src/org/mockito/internal/invocation/InvocationMatcher.java:119: error: ']' expected\n    [javac] In this corrected version, I cast `i.getArguments()[k]` to `Object` before passing it to `captureFrom`. This ensures that the method call is valid regardless of the actual type of the argument.}\n    [javac]                                                     ^\n    [javac] /data/cmd/Ming/llm-fl-apr/tmp/Mockito_34-prompt_apr_1-qwen-turbo/src/org/mockito/internal/invocation/InvocationMatcher.java:119: error: illegal start of type\n    [javac] In this corrected version, I cast `i.getArguments()[k]` to `Object` before passing it to `captureFrom`. This ensures that the method call is valid regardless of the actual type of the argument.}\n    [javac]                                                      ^\n    [javac] /data/cmd/Ming/llm-fl-apr/tmp/Mockito_34-prompt_apr_1-qwen-turbo/src/org/mockito/internal/invocation/InvocationMatcher.java:119: error: illegal character: \\96\n    [javac] In this corrected version, I cast `i.getArguments()[k]` to `Object` before passing it to `captureFrom`. This ensures that the method call is valid regardless of the actual type of the argument.}\n    [javac]                                                       ^\n    [javac] /data/cmd/Ming/llm-fl-apr/tmp/Mockito_34-prompt_apr_1-qwen-turbo/src/org/mockito/internal/invocation/InvocationMatcher.java:119: error: ';' expected\n    [javac] In this corrected version, I cast `i.getArguments()[k]` to `Object` before passing it to `captureFrom`. This ensures that the method call is valid regardless of the actual type of the argument.}\n    [javac]                                                        ^\n    [javac] /data/cmd/Ming/llm-fl-apr/tmp/Mockito_34-prompt_apr_1-qwen-turbo/src/org/mockito/internal/invocation/InvocationMatcher.java:119: error: illegal character: \\96\n    [javac] In this corrected version, I cast `i.getArguments()[k]` to `Object` before passing it to `captureFrom`. This ensures that the method call is valid regardless of the actual type of the argument.}\n    [javac]                                                            ^\n    [javac] /data/cmd/Ming/llm-fl-apr/tmp/Mockito_34-prompt_apr_1-qwen-turbo/src/org/mockito/internal/invocation/InvocationMatcher.java:119: error: illegal character: \\96\n    [javac] In this corrected version, I cast `i.getArguments()[k]` to `Object` before passing it to `captureFrom`. This ensures that the method call is valid regardless of the actual type of the argument.}\n    [javac]                                                                   ^\n    [javac] /data/cmd/Ming/llm-fl-apr/tmp/Mockito_34-prompt_apr_1-qwen-turbo/src/org/mockito/internal/invocation/InvocationMatcher.java:119: error: ';' expected\n    [javac] In this corrected version, I cast `i.getArguments()[k]` to `Object` before passing it to `captureFrom`. This ensures that the method call is valid regardless of the actual type of the argument.}\n    [javac]                                                                                      ^\n    [javac] /data/cmd/Ming/llm-fl-apr/tmp/Mockito_34-prompt_apr_1-qwen-turbo/src/org/mockito/internal/invocation/InvocationMatcher.java:119: error: illegal character: \\96\n    [javac] In this corrected version, I cast `i.getArguments()[k]` to `Object` before passing it to `captureFrom`. This ensures that the method call is valid regardless of the actual type of the argument.}\n    [javac]                                                                                          ^\n    [javac] /data/cmd/Ming/llm-fl-apr/tmp/Mockito_34-prompt_apr_1-qwen-turbo/src/org/mockito/internal/invocation/InvocationMatcher.java:119: error: illegal character: \\96\n    [javac] In this corrected version, I cast `i.getArguments()[k]` to `Object` before passing it to `captureFrom`. This ensures that the method call is valid regardless of the actual type of the argument.}\n    [javac]                                                                                                      ^\n    [javac] /data/cmd/Ming/llm-fl-apr/tmp/Mockito_34-prompt_apr_1-qwen-turbo/src/org/mockito/internal/invocation/InvocationMatcher.java:119: error: illegal start of type\n    [javac] In this corrected version, I cast `i.getArguments()[k]` to `Object` before passing it to `captureFrom`. This ensures that the method call is valid regardless of the actual type of the argument.}\n    [javac]                                                                                                       ^\n    [javac] /data/cmd/Ming/llm-fl-apr/tmp/Mockito_34-prompt_apr_1-qwen-turbo/src/org/mockito/internal/invocation/InvocationMatcher.java:119: error: ';' expected\n    [javac] In this corrected version, I cast `i.getArguments()[k]` to `Object` before passing it to `captureFrom`. This ensures that the method call is valid regardless of the actual type of the argument.}\n    [javac]                                                                                                             ^\n    [javac] /data/cmd/Ming/llm-fl-apr/tmp/Mockito_34-prompt_apr_1-qwen-turbo/src/org/mockito/internal/invocation/InvocationMatcher.java:119: error: ';' expected\n    [javac] In this corrected version, I cast `i.getArguments()[k]` to `Object` before passing it to `captureFrom`. This ensures that the method call is valid regardless of the actual type of the argument.}\n    [javac]                                                                                                                          ^\n    [javac] /data/cmd/Ming/llm-fl-apr/tmp/Mockito_34-prompt_apr_1-qwen-turbo/src/org/mockito/internal/invocation/InvocationMatcher.java:119: error: ';' expected\n    [javac] In this corrected version, I cast `i.getArguments()[k]` to `Object` before passing it to `captureFrom`. This ensures that the method call is valid regardless of the actual type of the argument.}\n    [javac]                                                                                                                                     ^\n    [javac] /data/cmd/Ming/llm-fl-apr/tmp/Mockito_34-prompt_apr_1-qwen-turbo/src/org/mockito/internal/invocation/InvocationMatcher.java:119: error: ';' expected\n    [javac] In this corrected version, I cast `i.getArguments()[k]` to `Object` before passing it to `captureFrom`. This ensures that the method call is valid regardless of the actual type of the argument.}\n    [javac]                                                                                                                                             ^\n    [javac] /data/cmd/Ming/llm-fl-apr/tmp/Mockito_34-prompt_apr_1-qwen-turbo/src/org/mockito/internal/invocation/InvocationMatcher.java:119: error: ';' expected\n    [javac] In this corrected version, I cast `i.getArguments()[k]` to `Object` before passing it to `captureFrom`. This ensures that the method call is valid regardless of the actual type of the argument.}\n    [javac]                                                                                                                                                              ^\n    [javac] /data/cmd/Ming/llm-fl-apr/tmp/Mockito_34-prompt_apr_1-qwen-turbo/src/org/mockito/internal/invocation/InvocationMatcher.java:119: error: ';' expected\n    [javac] In this corrected version, I cast `i.getArguments()[k]` to `Object` before passing it to `captureFrom`. This ensures that the method call is valid regardless of the actual type of the argument.}\n    [javac]                                                                                                                                                                     ^\n    [javac] /data/cmd/Ming/llm-fl-apr/tmp/Mockito_34-prompt_apr_1-qwen-turbo/src/org/mockito/internal/invocation/InvocationMatcher.java:119: error: ';' expected\n    [javac] In this corrected version, I cast `i.getArguments()[k]` to `Object` before passing it to `captureFrom`. This ensures that the method call is valid regardless of the actual type of the argument.}\n    [javac]                                                                                                                                                                                 ^\n    [javac] /data/cmd/Ming/llm-fl-apr/tmp/Mockito_34-prompt_apr_1-qwen-turbo/src/org/mockito/internal/invocation/InvocationMatcher.java:119: error: ';' expected\n    [javac] In this corrected version, I cast `i.getArguments()[k]` to `Object` before passing it to `captureFrom`. This ensures that the method call is valid regardless of the actual type of the argument.}\n    [javac]                                                                                                                                                                                        ^\n    [javac] /data/cmd/Ming/llm-fl-apr/tmp/Mockito_34-prompt_apr_1-qwen-turbo/src/org/mockito/internal/invocation/InvocationMatcher.java:119: error: <identifier> expected\n    [javac] In this corrected version, I cast `i.getArguments()[k]` to `Object` before passing it to `captureFrom`. This ensures that the method call is valid regardless of the actual type of the argument.}\n    [javac]                                                                                                                                                                                                  ^\n    [javac] /data/cmd/Ming/llm-fl-apr/tmp/Mockito_34-prompt_apr_1-qwen-turbo/src/org/mockito/internal/invocation/InvocationMatcher.java:119: error: reached end of file while parsing\n    [javac] In this corrected version, I cast `i.getArguments()[k]` to `Object` before passing it to `captureFrom`. This ensures that the method call is valid regardless of the actual type of the argument.}\n    [javac]                                                                                                                                                                                                   ^\n    [javac] 73 errors\n    [javac] 1 warning\n\nBUILD FAILED\n/data/cmd/Ming/LLM_Based-Mutation/tools/mutant/defects4j-2.1.0/framework/projects/Mockito/Mockito.build.xml:148: The following error occurred while executing this line:\n/data/cmd/Ming/LLM_Based-Mutation/tools/mutant/defects4j-2.1.0/framework/projects/Mockito/Mockito.build.xml:69: The following error occurred while executing this line:\n/data/cmd/Ming/llm-fl-apr/tmp/Mockito_34-prompt_apr_1-qwen-turbo/build.xml:76: Compile failed; see the compiler error output for details.\n\nTotal time: 3 seconds\nCannot compile sources! at /data/cmd/Ming/LLM_Based-Mutation/tools/mutant/defects4j-2.1.0/framework/bin/d4j/d4j-compile line 82.\nCompilation failed in require at /data/cmd/Ming/LLM_Based-Mutation/tools/mutant/defects4j-2.1.0/framework/bin/defects4j line 195.\n"
                }
            },
            "doubao-pro-4k": {
                "compile": {
                    "rc": 0,
                    "so": "",
                    "se": "Running ant (compile)...................................................... OK\nRunning ant (compile.tests)................................................ OK\n"
                },
                "test": {
                    "rc": 0,
                    "so": "Failing tests: 3\n  - org.mockito.internal.invocation.InvocationMatcherTest::shouldCaptureArgumentsFromInvocation\n  - org.mockito.internal.invocation.InvocationMatcherTest::shouldMatchCaptureArgumentsWhenArgsCountDoesNOTMatch\n  - org.mockitousage.basicapi.UsingVarargsTest::shouldMatchEasilyEmptyVararg\n",
                    "se": "Running ant (compile.tests)................................................ OK\nRunning ant (run.dev.tests)................................................ OK\n"
                }
            },
            "gpt-4o-mini": {
                "compile": {
                    "rc": 0,
                    "so": "",
                    "se": "Running ant (compile)...................................................... OK\nRunning ant (compile.tests)................................................ OK\n"
                },
                "test": {
                    "rc": 0,
                    "so": "Failing tests: 0\n",
                    "se": "Running ant (compile.tests)................................................ OK\nRunning ant (run.dev.tests)................................................ OK\n"
                }
            },
            "deepseek-chat": {
                "compile": {
                    "rc": 1,
                    "so": "",
                    "se": "Running ant (compile)...................................................... FAIL\nExecuted command:  cd /data/cmd/Ming/llm-fl-apr/tmp/Mockito_34-prompt_apr_1-deepseek-chat && ant -f /data/cmd/Ming/LLM_Based-Mutation/tools/mutant/defects4j-2.1.0/framework/projects/defects4j.build.xml -Dd4j.home=/data/cmd/Ming/LLM_Based-Mutation/tools/mutant/defects4j-2.1.0 -Dd4j.dir.projects=/data/cmd/Ming/LLM_Based-Mutation/tools/mutant/defects4j-2.1.0/framework/projects -Dbasedir=/data/cmd/Ming/llm-fl-apr/tmp/Mockito_34-prompt_apr_1-deepseek-chat -Dbuild.compiler=javac1.7  compile 2>&1\nJava HotSpot(TM) 64-Bit Server VM warning: ignoring option MaxPermSize=256M; support was removed in 8.0\nBuildfile: /data/cmd/Ming/LLM_Based-Mutation/tools/mutant/defects4j-2.1.0/framework/projects/defects4j.build.xml\n\ncompile:\n\ngradle.compile:\n\nant.compile:\n\nclean:\n\nprepare:\n    [mkdir] Created dir: /data/cmd/Ming/llm-fl-apr/tmp/Mockito_34-prompt_apr_1-deepseek-chat/target/classes\n    [mkdir] Created dir: /data/cmd/Ming/llm-fl-apr/tmp/Mockito_34-prompt_apr_1-deepseek-chat/target/test-classes\n    [mkdir] Created dir: /data/cmd/Ming/llm-fl-apr/tmp/Mockito_34-prompt_apr_1-deepseek-chat/target/reports/junit\n\ncompile:\n    [javac] /data/cmd/Ming/llm-fl-apr/tmp/Mockito_34-prompt_apr_1-deepseek-chat/build.xml:76: warning: 'includeantruntime' was not set, defaulting to build.sysclasspath=last; set to false for repeatable builds\n    [javac] Compiling 199 source files to /data/cmd/Ming/llm-fl-apr/tmp/Mockito_34-prompt_apr_1-deepseek-chat/target/classes\n    [javac] warning: [options] bootstrap class path not set in conjunction with -source 1.5\n    [javac] /data/cmd/Ming/llm-fl-apr/tmp/Mockito_34-prompt_apr_1-deepseek-chat/src/org/mockito/internal/invocation/InvocationMatcher.java:113: error: ';' expected\n    [javac] The bug in the original code was that it did not check whether the index `k` is within the bounds of the `i.getArguments()` array. This could lead to an `ArrayIndexOutOfBoundsException` if the number of matchers exceeds the number of arguments in the invocation. The fix adds a check to ensure that `k` is within the bounds of the array before attempting to access it.}\n    [javac]        ^\n    [javac] /data/cmd/Ming/llm-fl-apr/tmp/Mockito_34-prompt_apr_1-deepseek-chat/src/org/mockito/internal/invocation/InvocationMatcher.java:113: error: ';' expected\n    [javac] The bug in the original code was that it did not check whether the index `k` is within the bounds of the `i.getArguments()` array. This could lead to an `ArrayIndexOutOfBoundsException` if the number of matchers exceeds the number of arguments in the invocation. The fix adds a check to ensure that `k` is within the bounds of the array before attempting to access it.}\n    [javac]               ^\n    [javac] /data/cmd/Ming/llm-fl-apr/tmp/Mockito_34-prompt_apr_1-deepseek-chat/src/org/mockito/internal/invocation/InvocationMatcher.java:113: error: ';' expected\n    [javac] The bug in the original code was that it did not check whether the index `k` is within the bounds of the `i.getArguments()` array. This could lead to an `ArrayIndexOutOfBoundsException` if the number of matchers exceeds the number of arguments in the invocation. The fix adds a check to ensure that `k` is within the bounds of the array before attempting to access it.}\n    [javac]                             ^\n    [javac] /data/cmd/Ming/llm-fl-apr/tmp/Mockito_34-prompt_apr_1-deepseek-chat/src/org/mockito/internal/invocation/InvocationMatcher.java:113: error: ';' expected\n    [javac] The bug in the original code was that it did not check whether the index `k` is within the bounds of the `i.getArguments()` array. This could lead to an `ArrayIndexOutOfBoundsException` if the number of matchers exceeds the number of arguments in the invocation. The fix adds a check to ensure that `k` is within the bounds of the array before attempting to access it.}\n    [javac]                                      ^\n    [javac] /data/cmd/Ming/llm-fl-apr/tmp/Mockito_34-prompt_apr_1-deepseek-chat/src/org/mockito/internal/invocation/InvocationMatcher.java:113: error: ';' expected\n    [javac] The bug in the original code was that it did not check whether the index `k` is within the bounds of the `i.getArguments()` array. This could lead to an `ArrayIndexOutOfBoundsException` if the number of matchers exceeds the number of arguments in the invocation. The fix adds a check to ensure that `k` is within the bounds of the array before attempting to access it.}\n    [javac]                                             ^\n    [javac] /data/cmd/Ming/llm-fl-apr/tmp/Mockito_34-prompt_apr_1-deepseek-chat/src/org/mockito/internal/invocation/InvocationMatcher.java:113: error: ';' expected\n    [javac] The bug in the original code was that it did not check whether the index `k` is within the bounds of the `i.getArguments()` array. This could lead to an `ArrayIndexOutOfBoundsException` if the number of matchers exceeds the number of arguments in the invocation. The fix adds a check to ensure that `k` is within the bounds of the array before attempting to access it.}\n    [javac]                                                       ^\n    [javac] /data/cmd/Ming/llm-fl-apr/tmp/Mockito_34-prompt_apr_1-deepseek-chat/src/org/mockito/internal/invocation/InvocationMatcher.java:113: error: ';' expected\n    [javac] The bug in the original code was that it did not check whether the index `k` is within the bounds of the `i.getArguments()` array. This could lead to an `ArrayIndexOutOfBoundsException` if the number of matchers exceeds the number of arguments in the invocation. The fix adds a check to ensure that `k` is within the bounds of the array before attempting to access it.}\n    [javac]                                                                   ^\n    [javac] /data/cmd/Ming/llm-fl-apr/tmp/Mockito_34-prompt_apr_1-deepseek-chat/src/org/mockito/internal/invocation/InvocationMatcher.java:113: error: illegal character: \\96\n    [javac] The bug in the original code was that it did not check whether the index `k` is within the bounds of the `i.getArguments()` array. This could lead to an `ArrayIndexOutOfBoundsException` if the number of matchers exceeds the number of arguments in the invocation. The fix adds a check to ensure that `k` is within the bounds of the array before attempting to access it.}\n    [javac]                                                                          ^\n    [javac] /data/cmd/Ming/llm-fl-apr/tmp/Mockito_34-prompt_apr_1-deepseek-chat/src/org/mockito/internal/invocation/InvocationMatcher.java:113: error: illegal character: \\96\n    [javac] The bug in the original code was that it did not check whether the index `k` is within the bounds of the `i.getArguments()` array. This could lead to an `ArrayIndexOutOfBoundsException` if the number of matchers exceeds the number of arguments in the invocation. The fix adds a check to ensure that `k` is within the bounds of the array before attempting to access it.}\n    [javac]                                                                            ^\n    [javac] /data/cmd/Ming/llm-fl-apr/tmp/Mockito_34-prompt_apr_1-deepseek-chat/src/org/mockito/internal/invocation/InvocationMatcher.java:113: error: ';' expected\n    [javac] The bug in the original code was that it did not check whether the index `k` is within the bounds of the `i.getArguments()` array. This could lead to an `ArrayIndexOutOfBoundsException` if the number of matchers exceeds the number of arguments in the invocation. The fix adds a check to ensure that `k` is within the bounds of the array before attempting to access it.}\n    [javac]                                                                                       ^\n    [javac] /data/cmd/Ming/llm-fl-apr/tmp/Mockito_34-prompt_apr_1-deepseek-chat/src/org/mockito/internal/invocation/InvocationMatcher.java:113: error: ';' expected\n    [javac] The bug in the original code was that it did not check whether the index `k` is within the bounds of the `i.getArguments()` array. This could lead to an `ArrayIndexOutOfBoundsException` if the number of matchers exceeds the number of arguments in the invocation. The fix adds a check to ensure that `k` is within the bounds of the array before attempting to access it.}\n    [javac]                                                                                                  ^\n    [javac] /data/cmd/Ming/llm-fl-apr/tmp/Mockito_34-prompt_apr_1-deepseek-chat/src/org/mockito/internal/invocation/InvocationMatcher.java:113: error: illegal character: \\96\n    [javac] The bug in the original code was that it did not check whether the index `k` is within the bounds of the `i.getArguments()` array. This could lead to an `ArrayIndexOutOfBoundsException` if the number of matchers exceeds the number of arguments in the invocation. The fix adds a check to ensure that `k` is within the bounds of the array before attempting to access it.}\n    [javac]                                                                                                          ^\n    [javac] /data/cmd/Ming/llm-fl-apr/tmp/Mockito_34-prompt_apr_1-deepseek-chat/src/org/mockito/internal/invocation/InvocationMatcher.java:113: error: <identifier> expected\n    [javac] The bug in the original code was that it did not check whether the index `k` is within the bounds of the `i.getArguments()` array. This could lead to an `ArrayIndexOutOfBoundsException` if the number of matchers exceeds the number of arguments in the invocation. The fix adds a check to ensure that `k` is within the bounds of the array before attempting to access it.}\n    [javac]                                                                                                                         ^\n    [javac] /data/cmd/Ming/llm-fl-apr/tmp/Mockito_34-prompt_apr_1-deepseek-chat/src/org/mockito/internal/invocation/InvocationMatcher.java:113: error: illegal character: \\96\n    [javac] The bug in the original code was that it did not check whether the index `k` is within the bounds of the `i.getArguments()` array. This could lead to an `ArrayIndexOutOfBoundsException` if the number of matchers exceeds the number of arguments in the invocation. The fix adds a check to ensure that `k` is within the bounds of the array before attempting to access it.}\n    [javac]                                                                                                                           ^\n    [javac] /data/cmd/Ming/llm-fl-apr/tmp/Mockito_34-prompt_apr_1-deepseek-chat/src/org/mockito/internal/invocation/InvocationMatcher.java:113: error: illegal character: \\96\n    [javac] The bug in the original code was that it did not check whether the index `k` is within the bounds of the `i.getArguments()` array. This could lead to an `ArrayIndexOutOfBoundsException` if the number of matchers exceeds the number of arguments in the invocation. The fix adds a check to ensure that `k` is within the bounds of the array before attempting to access it.}\n    [javac]                                                                                                                                                          ^\n    [javac] /data/cmd/Ming/llm-fl-apr/tmp/Mockito_34-prompt_apr_1-deepseek-chat/src/org/mockito/internal/invocation/InvocationMatcher.java:113: error: illegal character: \\96\n    [javac] The bug in the original code was that it did not check whether the index `k` is within the bounds of the `i.getArguments()` array. This could lead to an `ArrayIndexOutOfBoundsException` if the number of matchers exceeds the number of arguments in the invocation. The fix adds a check to ensure that `k` is within the bounds of the array before attempting to access it.}\n    [javac]                                                                                                                                                                                         ^\n    [javac] /data/cmd/Ming/llm-fl-apr/tmp/Mockito_34-prompt_apr_1-deepseek-chat/src/org/mockito/internal/invocation/InvocationMatcher.java:113: error: illegal character: \\96\n    [javac] The bug in the original code was that it did not check whether the index `k` is within the bounds of the `i.getArguments()` array. This could lead to an `ArrayIndexOutOfBoundsException` if the number of matchers exceeds the number of arguments in the invocation. The fix adds a check to ensure that `k` is within the bounds of the array before attempting to access it.}\n    [javac]                                                                                                                                                                                                                                                                                                            ^\n    [javac] /data/cmd/Ming/llm-fl-apr/tmp/Mockito_34-prompt_apr_1-deepseek-chat/src/org/mockito/internal/invocation/InvocationMatcher.java:113: error: illegal character: \\96\n    [javac] The bug in the original code was that it did not check whether the index `k` is within the bounds of the `i.getArguments()` array. This could lead to an `ArrayIndexOutOfBoundsException` if the number of matchers exceeds the number of arguments in the invocation. The fix adds a check to ensure that `k` is within the bounds of the array before attempting to access it.}\n    [javac]                                                                                                                                                                                                                                                                                                              ^\n    [javac] 18 errors\n    [javac] 1 warning\n\nBUILD FAILED\n/data/cmd/Ming/LLM_Based-Mutation/tools/mutant/defects4j-2.1.0/framework/projects/Mockito/Mockito.build.xml:148: The following error occurred while executing this line:\n/data/cmd/Ming/LLM_Based-Mutation/tools/mutant/defects4j-2.1.0/framework/projects/Mockito/Mockito.build.xml:69: The following error occurred while executing this line:\n/data/cmd/Ming/llm-fl-apr/tmp/Mockito_34-prompt_apr_1-deepseek-chat/build.xml:76: Compile failed; see the compiler error output for details.\n\nTotal time: 3 seconds\nCannot compile sources! at /data/cmd/Ming/LLM_Based-Mutation/tools/mutant/defects4j-2.1.0/framework/bin/d4j/d4j-compile line 82.\nCompilation failed in require at /data/cmd/Ming/LLM_Based-Mutation/tools/mutant/defects4j-2.1.0/framework/bin/defects4j line 195.\n"
                }
            }
        },
        "prompt_apr_2": {
            "ernie-3.5-128k": {
                "compile": {
                    "rc": 1,
                    "so": "",
                    "se": "Running ant (compile)...................................................... FAIL\nExecuted command:  cd /data/cmd/Ming/llm-fl-apr/tmp/Mockito_34-prompt_apr_2-ernie-3.5-128k && ant -f /data/cmd/Ming/LLM_Based-Mutation/tools/mutant/defects4j-2.1.0/framework/projects/defects4j.build.xml -Dd4j.home=/data/cmd/Ming/LLM_Based-Mutation/tools/mutant/defects4j-2.1.0 -Dd4j.dir.projects=/data/cmd/Ming/LLM_Based-Mutation/tools/mutant/defects4j-2.1.0/framework/projects -Dbasedir=/data/cmd/Ming/llm-fl-apr/tmp/Mockito_34-prompt_apr_2-ernie-3.5-128k -Dbuild.compiler=javac1.7  compile 2>&1\nJava HotSpot(TM) 64-Bit Server VM warning: ignoring option MaxPermSize=256M; support was removed in 8.0\nBuildfile: /data/cmd/Ming/LLM_Based-Mutation/tools/mutant/defects4j-2.1.0/framework/projects/defects4j.build.xml\n\ncompile:\n\ngradle.compile:\n\nant.compile:\n\nclean:\n\nprepare:\n    [mkdir] Created dir: /data/cmd/Ming/llm-fl-apr/tmp/Mockito_34-prompt_apr_2-ernie-3.5-128k/target/classes\n    [mkdir] Created dir: /data/cmd/Ming/llm-fl-apr/tmp/Mockito_34-prompt_apr_2-ernie-3.5-128k/target/test-classes\n    [mkdir] Created dir: /data/cmd/Ming/llm-fl-apr/tmp/Mockito_34-prompt_apr_2-ernie-3.5-128k/target/reports/junit\n\ncompile:\n    [javac] /data/cmd/Ming/llm-fl-apr/tmp/Mockito_34-prompt_apr_2-ernie-3.5-128k/build.xml:76: warning: 'includeantruntime' was not set, defaulting to build.sysclasspath=last; set to false for repeatable builds\n    [javac] Compiling 199 source files to /data/cmd/Ming/llm-fl-apr/tmp/Mockito_34-prompt_apr_2-ernie-3.5-128k/target/classes\n    [javac] warning: [options] bootstrap class path not set in conjunction with -source 1.5\n    [javac] /data/cmd/Ming/llm-fl-apr/tmp/Mockito_34-prompt_apr_2-ernie-3.5-128k/src/org/mockito/internal/invocation/InvocationMatcher.java:103: error: <identifier> expected\n    [javac] Certainly! The issue in the provided code snippet is that the `matchers` array or collection is not declared or initialized in the method. Additionally, it's good practice to validate that `i.getArguments()` is not null and that `k` does not exceed the bounds of the argument array. Here is the corrected method:\n    [javac]          ^\n    [javac] /data/cmd/Ming/llm-fl-apr/tmp/Mockito_34-prompt_apr_2-ernie-3.5-128k/src/org/mockito/internal/invocation/InvocationMatcher.java:103: error: ';' expected\n    [javac] Certainly! The issue in the provided code snippet is that the `matchers` array or collection is not declared or initialized in the method. Additionally, it's good practice to validate that `i.getArguments()` is not null and that `k` does not exceed the bounds of the argument array. Here is the corrected method:\n    [javac]                     ^\n    [javac] /data/cmd/Ming/llm-fl-apr/tmp/Mockito_34-prompt_apr_2-ernie-3.5-128k/src/org/mockito/internal/invocation/InvocationMatcher.java:103: error: ';' expected\n    [javac] Certainly! The issue in the provided code snippet is that the `matchers` array or collection is not declared or initialized in the method. Additionally, it's good practice to validate that `i.getArguments()` is not null and that `k` does not exceed the bounds of the argument array. Here is the corrected method:\n    [javac]                            ^\n    [javac] /data/cmd/Ming/llm-fl-apr/tmp/Mockito_34-prompt_apr_2-ernie-3.5-128k/src/org/mockito/internal/invocation/InvocationMatcher.java:103: error: ';' expected\n    [javac] Certainly! The issue in the provided code snippet is that the `matchers` array or collection is not declared or initialized in the method. Additionally, it's good practice to validate that `i.getArguments()` is not null and that `k` does not exceed the bounds of the argument array. Here is the corrected method:\n    [javac]                                          ^\n    [javac] /data/cmd/Ming/llm-fl-apr/tmp/Mockito_34-prompt_apr_2-ernie-3.5-128k/src/org/mockito/internal/invocation/InvocationMatcher.java:103: error: ';' expected\n    [javac] Certainly! The issue in the provided code snippet is that the `matchers` array or collection is not declared or initialized in the method. Additionally, it's good practice to validate that `i.getArguments()` is not null and that `k` does not exceed the bounds of the argument array. Here is the corrected method:\n    [javac]                                                     ^\n    [javac] /data/cmd/Ming/llm-fl-apr/tmp/Mockito_34-prompt_apr_2-ernie-3.5-128k/src/org/mockito/internal/invocation/InvocationMatcher.java:103: error: illegal character: \\96\n    [javac] Certainly! The issue in the provided code snippet is that the `matchers` array or collection is not declared or initialized in the method. Additionally, it's good practice to validate that `i.getArguments()` is not null and that `k` does not exceed the bounds of the argument array. Here is the corrected method:\n    [javac]                                                               ^\n    [javac] /data/cmd/Ming/llm-fl-apr/tmp/Mockito_34-prompt_apr_2-ernie-3.5-128k/src/org/mockito/internal/invocation/InvocationMatcher.java:103: error: illegal character: \\96\n    [javac] Certainly! The issue in the provided code snippet is that the `matchers` array or collection is not declared or initialized in the method. Additionally, it's good practice to validate that `i.getArguments()` is not null and that `k` does not exceed the bounds of the argument array. Here is the corrected method:\n    [javac]                                                                        ^\n    [javac] /data/cmd/Ming/llm-fl-apr/tmp/Mockito_34-prompt_apr_2-ernie-3.5-128k/src/org/mockito/internal/invocation/InvocationMatcher.java:103: error: ';' expected\n    [javac] Certainly! The issue in the provided code snippet is that the `matchers` array or collection is not declared or initialized in the method. Additionally, it's good practice to validate that `i.getArguments()` is not null and that `k` does not exceed the bounds of the argument array. Here is the corrected method:\n    [javac]                                                                                  ^\n    [javac] /data/cmd/Ming/llm-fl-apr/tmp/Mockito_34-prompt_apr_2-ernie-3.5-128k/src/org/mockito/internal/invocation/InvocationMatcher.java:103: error: ';' expected\n    [javac] Certainly! The issue in the provided code snippet is that the `matchers` array or collection is not declared or initialized in the method. Additionally, it's good practice to validate that `i.getArguments()` is not null and that `k` does not exceed the bounds of the argument array. Here is the corrected method:\n    [javac]                                                                                                ^\n    [javac] /data/cmd/Ming/llm-fl-apr/tmp/Mockito_34-prompt_apr_2-ernie-3.5-128k/src/org/mockito/internal/invocation/InvocationMatcher.java:103: error: ';' expected\n    [javac] Certainly! The issue in the provided code snippet is that the `matchers` array or collection is not declared or initialized in the method. Additionally, it's good practice to validate that `i.getArguments()` is not null and that `k` does not exceed the bounds of the argument array. Here is the corrected method:\n    [javac]                                                                                                             ^\n    [javac] /data/cmd/Ming/llm-fl-apr/tmp/Mockito_34-prompt_apr_2-ernie-3.5-128k/src/org/mockito/internal/invocation/InvocationMatcher.java:103: error: ';' expected\n    [javac] Certainly! The issue in the provided code snippet is that the `matchers` array or collection is not declared or initialized in the method. Additionally, it's good practice to validate that `i.getArguments()` is not null and that `k` does not exceed the bounds of the argument array. Here is the corrected method:\n    [javac]                                                                                                                            ^\n    [javac] /data/cmd/Ming/llm-fl-apr/tmp/Mockito_34-prompt_apr_2-ernie-3.5-128k/src/org/mockito/internal/invocation/InvocationMatcher.java:103: error: ';' expected\n    [javac] Certainly! The issue in the provided code snippet is that the `matchers` array or collection is not declared or initialized in the method. Additionally, it's good practice to validate that `i.getArguments()` is not null and that `k` does not exceed the bounds of the argument array. Here is the corrected method:\n    [javac]                                                                                                                                   ^\n    [javac] /data/cmd/Ming/llm-fl-apr/tmp/Mockito_34-prompt_apr_2-ernie-3.5-128k/src/org/mockito/internal/invocation/InvocationMatcher.java:103: error: <identifier> expected\n    [javac] Certainly! The issue in the provided code snippet is that the `matchers` array or collection is not declared or initialized in the method. Additionally, it's good practice to validate that `i.getArguments()` is not null and that `k` does not exceed the bounds of the argument array. Here is the corrected method:\n    [javac]                                                                                                                                                        ^\n    [javac] /data/cmd/Ming/llm-fl-apr/tmp/Mockito_34-prompt_apr_2-ernie-3.5-128k/src/org/mockito/internal/invocation/InvocationMatcher.java:103: error: unclosed character literal\n    [javac] Certainly! The issue in the provided code snippet is that the `matchers` array or collection is not declared or initialized in the method. Additionally, it's good practice to validate that `i.getArguments()` is not null and that `k` does not exceed the bounds of the argument array. Here is the corrected method:\n    [javac]                                                                                                                                                            ^\n    [javac] /data/cmd/Ming/llm-fl-apr/tmp/Mockito_34-prompt_apr_2-ernie-3.5-128k/src/org/mockito/internal/invocation/InvocationMatcher.java:103: error: ';' expected\n    [javac] Certainly! The issue in the provided code snippet is that the `matchers` array or collection is not declared or initialized in the method. Additionally, it's good practice to validate that `i.getArguments()` is not null and that `k` does not exceed the bounds of the argument array. Here is the corrected method:\n    [javac]                                                                                                                                                                            ^\n    [javac] /data/cmd/Ming/llm-fl-apr/tmp/Mockito_34-prompt_apr_2-ernie-3.5-128k/src/org/mockito/internal/invocation/InvocationMatcher.java:103: error: ';' expected\n    [javac] Certainly! The issue in the provided code snippet is that the `matchers` array or collection is not declared or initialized in the method. Additionally, it's good practice to validate that `i.getArguments()` is not null and that `k` does not exceed the bounds of the argument array. Here is the corrected method:\n    [javac]                                                                                                                                                                                        ^\n    [javac] /data/cmd/Ming/llm-fl-apr/tmp/Mockito_34-prompt_apr_2-ernie-3.5-128k/src/org/mockito/internal/invocation/InvocationMatcher.java:103: error: illegal character: \\96\n    [javac] Certainly! The issue in the provided code snippet is that the `matchers` array or collection is not declared or initialized in the method. Additionally, it's good practice to validate that `i.getArguments()` is not null and that `k` does not exceed the bounds of the argument array. Here is the corrected method:\n    [javac]                                                                                                                                                                                              ^\n    [javac] /data/cmd/Ming/llm-fl-apr/tmp/Mockito_34-prompt_apr_2-ernie-3.5-128k/src/org/mockito/internal/invocation/InvocationMatcher.java:103: error: <identifier> expected\n    [javac] Certainly! The issue in the provided code snippet is that the `matchers` array or collection is not declared or initialized in the method. Additionally, it's good practice to validate that `i.getArguments()` is not null and that `k` does not exceed the bounds of the argument array. Here is the corrected method:\n    [javac]                                                                                                                                                                                                             ^\n    [javac] /data/cmd/Ming/llm-fl-apr/tmp/Mockito_34-prompt_apr_2-ernie-3.5-128k/src/org/mockito/internal/invocation/InvocationMatcher.java:103: error: illegal character: \\96\n    [javac] Certainly! The issue in the provided code snippet is that the `matchers` array or collection is not declared or initialized in the method. Additionally, it's good practice to validate that `i.getArguments()` is not null and that `k` does not exceed the bounds of the argument array. Here is the corrected method:\n    [javac]                                                                                                                                                                                                               ^\n    [javac] /data/cmd/Ming/llm-fl-apr/tmp/Mockito_34-prompt_apr_2-ernie-3.5-128k/src/org/mockito/internal/invocation/InvocationMatcher.java:103: error: illegal character: \\96\n    [javac] Certainly! The issue in the provided code snippet is that the `matchers` array or collection is not declared or initialized in the method. Additionally, it's good practice to validate that `i.getArguments()` is not null and that `k` does not exceed the bounds of the argument array. Here is the corrected method:\n    [javac]                                                                                                                                                                                                                                      ^\n    [javac] /data/cmd/Ming/llm-fl-apr/tmp/Mockito_34-prompt_apr_2-ernie-3.5-128k/src/org/mockito/internal/invocation/InvocationMatcher.java:103: error: illegal character: \\96\n    [javac] Certainly! The issue in the provided code snippet is that the `matchers` array or collection is not declared or initialized in the method. Additionally, it's good practice to validate that `i.getArguments()` is not null and that `k` does not exceed the bounds of the argument array. Here is the corrected method:\n    [javac]                                                                                                                                                                                                                                        ^\n    [javac] /data/cmd/Ming/llm-fl-apr/tmp/Mockito_34-prompt_apr_2-ernie-3.5-128k/src/org/mockito/internal/invocation/InvocationMatcher.java:126: error: <identifier> expected\n    [javac] Note:\n    [javac]     ^\n    [javac] /data/cmd/Ming/llm-fl-apr/tmp/Mockito_34-prompt_apr_2-ernie-3.5-128k/src/org/mockito/internal/invocation/InvocationMatcher.java:127: error: illegal start of type\n    [javac] - This method assumes the existence of a `matchers` field of type `Matcher[]` or `Collection<Matcher>` that should be initialized elsewhere in the class.\n    [javac] ^\n    [javac] /data/cmd/Ming/llm-fl-apr/tmp/Mockito_34-prompt_apr_2-ernie-3.5-128k/src/org/mockito/internal/invocation/InvocationMatcher.java:127: error: ';' expected\n    [javac] - This method assumes the existence of a `matchers` field of type `Matcher[]` or `Collection<Matcher>` that should be initialized elsewhere in the class.\n    [javac]       ^\n    [javac] /data/cmd/Ming/llm-fl-apr/tmp/Mockito_34-prompt_apr_2-ernie-3.5-128k/src/org/mockito/internal/invocation/InvocationMatcher.java:127: error: ';' expected\n    [javac] - This method assumes the existence of a `matchers` field of type `Matcher[]` or `Collection<Matcher>` that should be initialized elsewhere in the class.\n    [javac]                      ^\n    [javac] /data/cmd/Ming/llm-fl-apr/tmp/Mockito_34-prompt_apr_2-ernie-3.5-128k/src/org/mockito/internal/invocation/InvocationMatcher.java:127: error: ';' expected\n    [javac] - This method assumes the existence of a `matchers` field of type `Matcher[]` or `Collection<Matcher>` that should be initialized elsewhere in the class.\n    [javac]                                    ^\n    [javac] /data/cmd/Ming/llm-fl-apr/tmp/Mockito_34-prompt_apr_2-ernie-3.5-128k/src/org/mockito/internal/invocation/InvocationMatcher.java:127: error: illegal character: \\96\n    [javac] - This method assumes the existence of a `matchers` field of type `Matcher[]` or `Collection<Matcher>` that should be initialized elsewhere in the class.\n    [javac]                                          ^\n    [javac] /data/cmd/Ming/llm-fl-apr/tmp/Mockito_34-prompt_apr_2-ernie-3.5-128k/src/org/mockito/internal/invocation/InvocationMatcher.java:127: error: illegal character: \\96\n    [javac] - This method assumes the existence of a `matchers` field of type `Matcher[]` or `Collection<Matcher>` that should be initialized elsewhere in the class.\n    [javac]                                                   ^\n    [javac] /data/cmd/Ming/llm-fl-apr/tmp/Mockito_34-prompt_apr_2-ernie-3.5-128k/src/org/mockito/internal/invocation/InvocationMatcher.java:127: error: ';' expected\n    [javac] - This method assumes the existence of a `matchers` field of type `Matcher[]` or `Collection<Matcher>` that should be initialized elsewhere in the class.\n    [javac]                                                             ^\n    [javac] /data/cmd/Ming/llm-fl-apr/tmp/Mockito_34-prompt_apr_2-ernie-3.5-128k/src/org/mockito/internal/invocation/InvocationMatcher.java:127: error: illegal character: \\96\n    [javac] - This method assumes the existence of a `matchers` field of type `Matcher[]` or `Collection<Matcher>` that should be initialized elsewhere in the class.\n    [javac]                                                                   ^\n    [javac] /data/cmd/Ming/llm-fl-apr/tmp/Mockito_34-prompt_apr_2-ernie-3.5-128k/src/org/mockito/internal/invocation/InvocationMatcher.java:127: error: illegal character: \\96\n    [javac] - This method assumes the existence of a `matchers` field of type `Matcher[]` or `Collection<Matcher>` that should be initialized elsewhere in the class.\n    [javac]                                                                             ^\n    [javac] /data/cmd/Ming/llm-fl-apr/tmp/Mockito_34-prompt_apr_2-ernie-3.5-128k/src/org/mockito/internal/invocation/InvocationMatcher.java:127: error: illegal character: \\96\n    [javac] - This method assumes the existence of a `matchers` field of type `Matcher[]` or `Collection<Matcher>` that should be initialized elsewhere in the class.\n    [javac]                                                                                  ^\n    [javac] /data/cmd/Ming/llm-fl-apr/tmp/Mockito_34-prompt_apr_2-ernie-3.5-128k/src/org/mockito/internal/invocation/InvocationMatcher.java:127: error: illegal character: \\96\n    [javac] - This method assumes the existence of a `matchers` field of type `Matcher[]` or `Collection<Matcher>` that should be initialized elsewhere in the class.\n    [javac]                                                                                                      ^\n    [javac] /data/cmd/Ming/llm-fl-apr/tmp/Mockito_34-prompt_apr_2-ernie-3.5-128k/src/org/mockito/internal/invocation/InvocationMatcher.java:127: error: ';' expected\n    [javac] - This method assumes the existence of a `matchers` field of type `Matcher[]` or `Collection<Matcher>` that should be initialized elsewhere in the class.\n    [javac]                                                                                                                   ^\n    [javac] /data/cmd/Ming/llm-fl-apr/tmp/Mockito_34-prompt_apr_2-ernie-3.5-128k/src/org/mockito/internal/invocation/InvocationMatcher.java:127: error: ';' expected\n    [javac] - This method assumes the existence of a `matchers` field of type `Matcher[]` or `Collection<Matcher>` that should be initialized elsewhere in the class.\n    [javac]                                                                                                                                  ^\n    [javac] /data/cmd/Ming/llm-fl-apr/tmp/Mockito_34-prompt_apr_2-ernie-3.5-128k/src/org/mockito/internal/invocation/InvocationMatcher.java:127: error: ';' expected\n    [javac] - This method assumes the existence of a `matchers` field of type `Matcher[]` or `Collection<Matcher>` that should be initialized elsewhere in the class.\n    [javac]                                                                                                                                               ^\n    [javac] /data/cmd/Ming/llm-fl-apr/tmp/Mockito_34-prompt_apr_2-ernie-3.5-128k/src/org/mockito/internal/invocation/InvocationMatcher.java:127: error: <identifier> expected\n    [javac] - This method assumes the existence of a `matchers` field of type `Matcher[]` or `Collection<Matcher>` that should be initialized elsewhere in the class.\n    [javac]                                                                                                                                                   ^\n    [javac] /data/cmd/Ming/llm-fl-apr/tmp/Mockito_34-prompt_apr_2-ernie-3.5-128k/src/org/mockito/internal/invocation/InvocationMatcher.java:127: error: illegal start of type\n    [javac] - This method assumes the existence of a `matchers` field of type `Matcher[]` or `Collection<Matcher>` that should be initialized elsewhere in the class.\n    [javac]                                                                                                                                                         ^\n    [javac] /data/cmd/Ming/llm-fl-apr/tmp/Mockito_34-prompt_apr_2-ernie-3.5-128k/src/org/mockito/internal/invocation/InvocationMatcher.java:127: error: <identifier> expected\n    [javac] - This method assumes the existence of a `matchers` field of type `Matcher[]` or `Collection<Matcher>` that should be initialized elsewhere in the class.\n    [javac]                                                                                                                                                          ^\n    [javac] /data/cmd/Ming/llm-fl-apr/tmp/Mockito_34-prompt_apr_2-ernie-3.5-128k/src/org/mockito/internal/invocation/InvocationMatcher.java:128: error: ';' expected\n    [javac] - The method checks if `matchers` is null and throws an exception if it is.\n    [javac]  ^\n    [javac] /data/cmd/Ming/llm-fl-apr/tmp/Mockito_34-prompt_apr_2-ernie-3.5-128k/src/org/mockito/internal/invocation/InvocationMatcher.java:128: error: ';' expected\n    [javac] - The method checks if `matchers` is null and throws an exception if it is.\n    [javac]                    ^\n    [javac] /data/cmd/Ming/llm-fl-apr/tmp/Mockito_34-prompt_apr_2-ernie-3.5-128k/src/org/mockito/internal/invocation/InvocationMatcher.java:128: error: illegal character: \\96\n    [javac] - The method checks if `matchers` is null and throws an exception if it is.\n    [javac]                        ^\n    [javac] /data/cmd/Ming/llm-fl-apr/tmp/Mockito_34-prompt_apr_2-ernie-3.5-128k/src/org/mockito/internal/invocation/InvocationMatcher.java:128: error: illegal character: \\96\n    [javac] - The method checks if `matchers` is null and throws an exception if it is.\n    [javac]                                 ^\n    [javac] /data/cmd/Ming/llm-fl-apr/tmp/Mockito_34-prompt_apr_2-ernie-3.5-128k/src/org/mockito/internal/invocation/InvocationMatcher.java:128: error: <identifier> expected\n    [javac] - The method checks if `matchers` is null and throws an exception if it is.\n    [javac]                                     ^\n    [javac] /data/cmd/Ming/llm-fl-apr/tmp/Mockito_34-prompt_apr_2-ernie-3.5-128k/src/org/mockito/internal/invocation/InvocationMatcher.java:128: error: <identifier> expected\n    [javac] - The method checks if `matchers` is null and throws an exception if it is.\n    [javac]                                              ^\n    [javac] /data/cmd/Ming/llm-fl-apr/tmp/Mockito_34-prompt_apr_2-ernie-3.5-128k/src/org/mockito/internal/invocation/InvocationMatcher.java:128: error: ';' expected\n    [javac] - The method checks if `matchers` is null and throws an exception if it is.\n    [javac]                                                                  ^\n    [javac] /data/cmd/Ming/llm-fl-apr/tmp/Mockito_34-prompt_apr_2-ernie-3.5-128k/src/org/mockito/internal/invocation/InvocationMatcher.java:128: error: ';' expected\n    [javac] - The method checks if `matchers` is null and throws an exception if it is.\n    [javac]                                                                           ^\n    [javac] /data/cmd/Ming/llm-fl-apr/tmp/Mockito_34-prompt_apr_2-ernie-3.5-128k/src/org/mockito/internal/invocation/InvocationMatcher.java:129: error: ';' expected\n    [javac] - The method checks if `i` or `i.getArguments()` is null and throws an exception if they are.\n    [javac]             ^\n    [javac] /data/cmd/Ming/llm-fl-apr/tmp/Mockito_34-prompt_apr_2-ernie-3.5-128k/src/org/mockito/internal/invocation/InvocationMatcher.java:129: error: <identifier> expected\n    [javac] - The method checks if `i` or `i.getArguments()` is null and throws an exception if they are.\n    [javac]                    ^\n    [javac] /data/cmd/Ming/llm-fl-apr/tmp/Mockito_34-prompt_apr_2-ernie-3.5-128k/src/org/mockito/internal/invocation/InvocationMatcher.java:129: error: illegal character: \\96\n    [javac] - The method checks if `i` or `i.getArguments()` is null and throws an exception if they are.\n    [javac]                        ^\n    [javac] /data/cmd/Ming/llm-fl-apr/tmp/Mockito_34-prompt_apr_2-ernie-3.5-128k/src/org/mockito/internal/invocation/InvocationMatcher.java:129: error: illegal character: \\96\n    [javac] - The method checks if `i` or `i.getArguments()` is null and throws an exception if they are.\n    [javac]                          ^\n    [javac] /data/cmd/Ming/llm-fl-apr/tmp/Mockito_34-prompt_apr_2-ernie-3.5-128k/src/org/mockito/internal/invocation/InvocationMatcher.java:129: error: illegal character: \\96\n    [javac] - The method checks if `i` or `i.getArguments()` is null and throws an exception if they are.\n    [javac]                               ^\n    [javac] /data/cmd/Ming/llm-fl-apr/tmp/Mockito_34-prompt_apr_2-ernie-3.5-128k/src/org/mockito/internal/invocation/InvocationMatcher.java:129: error: illegal start of type\n    [javac] - The method checks if `i` or `i.getArguments()` is null and throws an exception if they are.\n    [javac]                                 ^\n    [javac] /data/cmd/Ming/llm-fl-apr/tmp/Mockito_34-prompt_apr_2-ernie-3.5-128k/src/org/mockito/internal/invocation/InvocationMatcher.java:129: error: ';' expected\n    [javac] - The method checks if `i` or `i.getArguments()` is null and throws an exception if they are.\n    [javac]                                  ^\n    [javac] /data/cmd/Ming/llm-fl-apr/tmp/Mockito_34-prompt_apr_2-ernie-3.5-128k/src/org/mockito/internal/invocation/InvocationMatcher.java:129: error: illegal start of type\n    [javac] - The method checks if `i` or `i.getArguments()` is null and throws an exception if they are.\n    [javac]                                              ^\n    [javac] /data/cmd/Ming/llm-fl-apr/tmp/Mockito_34-prompt_apr_2-ernie-3.5-128k/src/org/mockito/internal/invocation/InvocationMatcher.java:129: error: <identifier> expected\n    [javac] - The method checks if `i` or `i.getArguments()` is null and throws an exception if they are.\n    [javac]                                               ^\n    [javac] /data/cmd/Ming/llm-fl-apr/tmp/Mockito_34-prompt_apr_2-ernie-3.5-128k/src/org/mockito/internal/invocation/InvocationMatcher.java:129: error: illegal character: \\96\n    [javac] - The method checks if `i` or `i.getArguments()` is null and throws an exception if they are.\n    [javac]                                                ^\n    [javac] /data/cmd/Ming/llm-fl-apr/tmp/Mockito_34-prompt_apr_2-ernie-3.5-128k/src/org/mockito/internal/invocation/InvocationMatcher.java:129: error: <identifier> expected\n    [javac] - The method checks if `i` or `i.getArguments()` is null and throws an exception if they are.\n    [javac]                                                    ^\n    [javac] /data/cmd/Ming/llm-fl-apr/tmp/Mockito_34-prompt_apr_2-ernie-3.5-128k/src/org/mockito/internal/invocation/InvocationMatcher.java:129: error: <identifier> expected\n    [javac] - The method checks if `i` or `i.getArguments()` is null and throws an exception if they are.\n    [javac]                                                             ^\n    [javac] /data/cmd/Ming/llm-fl-apr/tmp/Mockito_34-prompt_apr_2-ernie-3.5-128k/src/org/mockito/internal/invocation/InvocationMatcher.java:129: error: ';' expected\n    [javac] - The method checks if `i` or `i.getArguments()` is null and throws an exception if they are.\n    [javac]                                                                                 ^\n    [javac] /data/cmd/Ming/llm-fl-apr/tmp/Mockito_34-prompt_apr_2-ernie-3.5-128k/src/org/mockito/internal/invocation/InvocationMatcher.java:129: error: ';' expected\n    [javac] - The method checks if `i` or `i.getArguments()` is null and throws an exception if they are.\n    [javac]                                                                                             ^\n    [javac] /data/cmd/Ming/llm-fl-apr/tmp/Mockito_34-prompt_apr_2-ernie-3.5-128k/src/org/mockito/internal/invocation/InvocationMatcher.java:130: error: ';' expected\n    [javac] - The method ensures that `k` does not exceed the bounds of the argument array before attempting to access it.}\n    [javac]             ^\n    [javac] /data/cmd/Ming/llm-fl-apr/tmp/Mockito_34-prompt_apr_2-ernie-3.5-128k/src/org/mockito/internal/invocation/InvocationMatcher.java:130: error: illegal character: \\96\n    [javac] - The method ensures that `k` does not exceed the bounds of the argument array before attempting to access it.}\n    [javac]                           ^\n    [javac] /data/cmd/Ming/llm-fl-apr/tmp/Mockito_34-prompt_apr_2-ernie-3.5-128k/src/org/mockito/internal/invocation/InvocationMatcher.java:130: error: illegal character: \\96\n    [javac] - The method ensures that `k` does not exceed the bounds of the argument array before attempting to access it.}\n    [javac]                             ^\n    [javac] /data/cmd/Ming/llm-fl-apr/tmp/Mockito_34-prompt_apr_2-ernie-3.5-128k/src/org/mockito/internal/invocation/InvocationMatcher.java:130: error: ';' expected\n    [javac] - The method ensures that `k` does not exceed the bounds of the argument array before attempting to access it.}\n    [javac]                                       ^\n    [javac] /data/cmd/Ming/llm-fl-apr/tmp/Mockito_34-prompt_apr_2-ernie-3.5-128k/src/org/mockito/internal/invocation/InvocationMatcher.java:130: error: ';' expected\n    [javac] - The method ensures that `k` does not exceed the bounds of the argument array before attempting to access it.}\n    [javac]                                                  ^\n    [javac] /data/cmd/Ming/llm-fl-apr/tmp/Mockito_34-prompt_apr_2-ernie-3.5-128k/src/org/mockito/internal/invocation/InvocationMatcher.java:130: error: ';' expected\n    [javac] - The method ensures that `k` does not exceed the bounds of the argument array before attempting to access it.}\n    [javac]                                                            ^\n    [javac] /data/cmd/Ming/llm-fl-apr/tmp/Mockito_34-prompt_apr_2-ernie-3.5-128k/src/org/mockito/internal/invocation/InvocationMatcher.java:130: error: ';' expected\n    [javac] - The method ensures that `k` does not exceed the bounds of the argument array before attempting to access it.}\n    [javac]                                                                         ^\n    [javac] /data/cmd/Ming/llm-fl-apr/tmp/Mockito_34-prompt_apr_2-ernie-3.5-128k/src/org/mockito/internal/invocation/InvocationMatcher.java:130: error: ';' expected\n    [javac] - The method ensures that `k` does not exceed the bounds of the argument array before attempting to access it.}\n    [javac]                                                                                      ^\n    [javac] /data/cmd/Ming/llm-fl-apr/tmp/Mockito_34-prompt_apr_2-ernie-3.5-128k/src/org/mockito/internal/invocation/InvocationMatcher.java:130: error: ';' expected\n    [javac] - The method ensures that `k` does not exceed the bounds of the argument array before attempting to access it.}\n    [javac]                                                                                                    ^\n    [javac] /data/cmd/Ming/llm-fl-apr/tmp/Mockito_34-prompt_apr_2-ernie-3.5-128k/src/org/mockito/internal/invocation/InvocationMatcher.java:130: error: ';' expected\n    [javac] - The method ensures that `k` does not exceed the bounds of the argument array before attempting to access it.}\n    [javac]                                                                                                              ^\n    [javac] 71 errors\n    [javac] 1 warning\n\nBUILD FAILED\n/data/cmd/Ming/LLM_Based-Mutation/tools/mutant/defects4j-2.1.0/framework/projects/Mockito/Mockito.build.xml:148: The following error occurred while executing this line:\n/data/cmd/Ming/LLM_Based-Mutation/tools/mutant/defects4j-2.1.0/framework/projects/Mockito/Mockito.build.xml:69: The following error occurred while executing this line:\n/data/cmd/Ming/llm-fl-apr/tmp/Mockito_34-prompt_apr_2-ernie-3.5-128k/build.xml:76: Compile failed; see the compiler error output for details.\n\nTotal time: 3 seconds\nCannot compile sources! at /data/cmd/Ming/LLM_Based-Mutation/tools/mutant/defects4j-2.1.0/framework/bin/d4j/d4j-compile line 82.\nCompilation failed in require at /data/cmd/Ming/LLM_Based-Mutation/tools/mutant/defects4j-2.1.0/framework/bin/defects4j line 195.\n"
                }
            },
            "qwen-turbo": {
                "compile": {
                    "rc": 1,
                    "so": "",
                    "se": "Running ant (compile)...................................................... FAIL\nExecuted command:  cd /data/cmd/Ming/llm-fl-apr/tmp/Mockito_34-prompt_apr_2-qwen-turbo && ant -f /data/cmd/Ming/LLM_Based-Mutation/tools/mutant/defects4j-2.1.0/framework/projects/defects4j.build.xml -Dd4j.home=/data/cmd/Ming/LLM_Based-Mutation/tools/mutant/defects4j-2.1.0 -Dd4j.dir.projects=/data/cmd/Ming/LLM_Based-Mutation/tools/mutant/defects4j-2.1.0/framework/projects -Dbasedir=/data/cmd/Ming/llm-fl-apr/tmp/Mockito_34-prompt_apr_2-qwen-turbo -Dbuild.compiler=javac1.7  compile 2>&1\nJava HotSpot(TM) 64-Bit Server VM warning: ignoring option MaxPermSize=256M; support was removed in 8.0\nBuildfile: /data/cmd/Ming/LLM_Based-Mutation/tools/mutant/defects4j-2.1.0/framework/projects/defects4j.build.xml\n\ncompile:\n\ngradle.compile:\n\nant.compile:\n\nclean:\n\nprepare:\n    [mkdir] Created dir: /data/cmd/Ming/llm-fl-apr/tmp/Mockito_34-prompt_apr_2-qwen-turbo/target/classes\n    [mkdir] Created dir: /data/cmd/Ming/llm-fl-apr/tmp/Mockito_34-prompt_apr_2-qwen-turbo/target/test-classes\n    [mkdir] Created dir: /data/cmd/Ming/llm-fl-apr/tmp/Mockito_34-prompt_apr_2-qwen-turbo/target/reports/junit\n\ncompile:\n    [javac] /data/cmd/Ming/llm-fl-apr/tmp/Mockito_34-prompt_apr_2-qwen-turbo/build.xml:76: warning: 'includeantruntime' was not set, defaulting to build.sysclasspath=last; set to false for repeatable builds\n    [javac] Compiling 199 source files to /data/cmd/Ming/llm-fl-apr/tmp/Mockito_34-prompt_apr_2-qwen-turbo/target/classes\n    [javac] warning: [options] bootstrap class path not set in conjunction with -source 1.5\n    [javac] /data/cmd/Ming/llm-fl-apr/tmp/Mockito_34-prompt_apr_2-qwen-turbo/src/org/mockito/internal/invocation/InvocationMatcher.java:103: error: <identifier> expected\n    [javac] Certainly, here is the corrected method:\n    [javac]          ^\n    [javac] /data/cmd/Ming/llm-fl-apr/tmp/Mockito_34-prompt_apr_2-qwen-turbo/src/org/mockito/internal/invocation/InvocationMatcher.java:103: error: ';' expected\n    [javac] Certainly, here is the corrected method:\n    [javac]                ^\n    [javac] /data/cmd/Ming/llm-fl-apr/tmp/Mockito_34-prompt_apr_2-qwen-turbo/src/org/mockito/internal/invocation/InvocationMatcher.java:103: error: ';' expected\n    [javac] Certainly, here is the corrected method:\n    [javac]                       ^\n    [javac] /data/cmd/Ming/llm-fl-apr/tmp/Mockito_34-prompt_apr_2-qwen-turbo/src/org/mockito/internal/invocation/InvocationMatcher.java:103: error: ';' expected\n    [javac] Certainly, here is the corrected method:\n    [javac]                                        ^\n    [javac] /data/cmd/Ming/llm-fl-apr/tmp/Mockito_34-prompt_apr_2-qwen-turbo/src/org/mockito/internal/invocation/InvocationMatcher.java:105: error: illegal character: \\96\n    [javac] ```java\n    [javac] ^\n    [javac] /data/cmd/Ming/llm-fl-apr/tmp/Mockito_34-prompt_apr_2-qwen-turbo/src/org/mockito/internal/invocation/InvocationMatcher.java:105: error: illegal character: \\96\n    [javac] ```java\n    [javac]  ^\n    [javac] /data/cmd/Ming/llm-fl-apr/tmp/Mockito_34-prompt_apr_2-qwen-turbo/src/org/mockito/internal/invocation/InvocationMatcher.java:105: error: illegal character: \\96\n    [javac] ```java\n    [javac]   ^\n    [javac] /data/cmd/Ming/llm-fl-apr/tmp/Mockito_34-prompt_apr_2-qwen-turbo/src/org/mockito/internal/invocation/InvocationMatcher.java:105: error: <identifier> expected\n    [javac] ```java\n    [javac]        ^\n    [javac] /data/cmd/Ming/llm-fl-apr/tmp/Mockito_34-prompt_apr_2-qwen-turbo/src/org/mockito/internal/invocation/InvocationMatcher.java:115: error: illegal character: \\96\n    [javac] ```\n    [javac] ^\n    [javac] /data/cmd/Ming/llm-fl-apr/tmp/Mockito_34-prompt_apr_2-qwen-turbo/src/org/mockito/internal/invocation/InvocationMatcher.java:115: error: illegal character: \\96\n    [javac] ```\n    [javac]  ^\n    [javac] /data/cmd/Ming/llm-fl-apr/tmp/Mockito_34-prompt_apr_2-qwen-turbo/src/org/mockito/internal/invocation/InvocationMatcher.java:115: error: illegal character: \\96\n    [javac] ```\n    [javac]   ^\n    [javac] /data/cmd/Ming/llm-fl-apr/tmp/Mockito_34-prompt_apr_2-qwen-turbo/src/org/mockito/internal/invocation/InvocationMatcher.java:117: error: ';' expected\n    [javac] The original code appears to be correctly structured and does not contain an apparent bug with the `if (m instanceof CapturesArguments)` condition. The loop iterates over each `Matcher` in the `matchers` collection and checks if it is an instance of `CapturesArguments`. If it is, it calls the `captureFrom` method on the argument at index `k` from the arguments array returned by `i.getArguments()`. The variable `k` is incremented after each iteration to move to the next argument.\n    [javac]                  ^\n    [javac] /data/cmd/Ming/llm-fl-apr/tmp/Mockito_34-prompt_apr_2-qwen-turbo/src/org/mockito/internal/invocation/InvocationMatcher.java:117: error: ';' expected\n    [javac] The original code appears to be correctly structured and does not contain an apparent bug with the `if (m instanceof CapturesArguments)` condition. The loop iterates over each `Matcher` in the `matchers` collection and checks if it is an instance of `CapturesArguments`. If it is, it calls the `captureFrom` method on the argument at index `k` from the arguments array returned by `i.getArguments()`. The variable `k` is incremented after each iteration to move to the next argument.\n    [javac]                             ^\n    [javac] /data/cmd/Ming/llm-fl-apr/tmp/Mockito_34-prompt_apr_2-qwen-turbo/src/org/mockito/internal/invocation/InvocationMatcher.java:117: error: ';' expected\n    [javac] The original code appears to be correctly structured and does not contain an apparent bug with the `if (m instanceof CapturesArguments)` condition. The loop iterates over each `Matcher` in the `matchers` collection and checks if it is an instance of `CapturesArguments`. If it is, it calls the `captureFrom` method on the argument at index `k` from the arguments array returned by `i.getArguments()`. The variable `k` is incremented after each iteration to move to the next argument.\n    [javac]                                          ^\n    [javac] /data/cmd/Ming/llm-fl-apr/tmp/Mockito_34-prompt_apr_2-qwen-turbo/src/org/mockito/internal/invocation/InvocationMatcher.java:117: error: ';' expected\n    [javac] The original code appears to be correctly structured and does not contain an apparent bug with the `if (m instanceof CapturesArguments)` condition. The loop iterates over each `Matcher` in the `matchers` collection and checks if it is an instance of `CapturesArguments`. If it is, it calls the `captureFrom` method on the argument at index `k` from the arguments array returned by `i.getArguments()`. The variable `k` is incremented after each iteration to move to the next argument.\n    [javac]                                                         ^\n    [javac] /data/cmd/Ming/llm-fl-apr/tmp/Mockito_34-prompt_apr_2-qwen-turbo/src/org/mockito/internal/invocation/InvocationMatcher.java:117: error: ';' expected\n    [javac] The original code appears to be correctly structured and does not contain an apparent bug with the `if (m instanceof CapturesArguments)` condition. The loop iterates over each `Matcher` in the `matchers` collection and checks if it is an instance of `CapturesArguments`. If it is, it calls the `captureFrom` method on the argument at index `k` from the arguments array returned by `i.getArguments()`. The variable `k` is incremented after each iteration to move to the next argument.\n    [javac]                                                                  ^\n    [javac] /data/cmd/Ming/llm-fl-apr/tmp/Mockito_34-prompt_apr_2-qwen-turbo/src/org/mockito/internal/invocation/InvocationMatcher.java:117: error: ';' expected\n    [javac] The original code appears to be correctly structured and does not contain an apparent bug with the `if (m instanceof CapturesArguments)` condition. The loop iterates over each `Matcher` in the `matchers` collection and checks if it is an instance of `CapturesArguments`. If it is, it calls the `captureFrom` method on the argument at index `k` from the arguments array returned by `i.getArguments()`. The variable `k` is incremented after each iteration to move to the next argument.\n    [javac]                                                                             ^\n    [javac] /data/cmd/Ming/llm-fl-apr/tmp/Mockito_34-prompt_apr_2-qwen-turbo/src/org/mockito/internal/invocation/InvocationMatcher.java:117: error: ';' expected\n    [javac] The original code appears to be correctly structured and does not contain an apparent bug with the `if (m instanceof CapturesArguments)` condition. The loop iterates over each `Matcher` in the `matchers` collection and checks if it is an instance of `CapturesArguments`. If it is, it calls the `captureFrom` method on the argument at index `k` from the arguments array returned by `i.getArguments()`. The variable `k` is incremented after each iteration to move to the next argument.\n    [javac]                                                                                          ^\n    [javac] /data/cmd/Ming/llm-fl-apr/tmp/Mockito_34-prompt_apr_2-qwen-turbo/src/org/mockito/internal/invocation/InvocationMatcher.java:117: error: illegal character: \\96\n    [javac] The original code appears to be correctly structured and does not contain an apparent bug with the `if (m instanceof CapturesArguments)` condition. The loop iterates over each `Matcher` in the `matchers` collection and checks if it is an instance of `CapturesArguments`. If it is, it calls the `captureFrom` method on the argument at index `k` from the arguments array returned by `i.getArguments()`. The variable `k` is incremented after each iteration to move to the next argument.\n    [javac]                                                                                                    ^\n    [javac] /data/cmd/Ming/llm-fl-apr/tmp/Mockito_34-prompt_apr_2-qwen-turbo/src/org/mockito/internal/invocation/InvocationMatcher.java:117: error: <identifier> expected\n    [javac] The original code appears to be correctly structured and does not contain an apparent bug with the `if (m instanceof CapturesArguments)` condition. The loop iterates over each `Matcher` in the `matchers` collection and checks if it is an instance of `CapturesArguments`. If it is, it calls the `captureFrom` method on the argument at index `k` from the arguments array returned by `i.getArguments()`. The variable `k` is incremented after each iteration to move to the next argument.\n    [javac]                                                                                                          ^\n    [javac] /data/cmd/Ming/llm-fl-apr/tmp/Mockito_34-prompt_apr_2-qwen-turbo/src/org/mockito/internal/invocation/InvocationMatcher.java:117: error: <identifier> expected\n    [javac] The original code appears to be correctly structured and does not contain an apparent bug with the `if (m instanceof CapturesArguments)` condition. The loop iterates over each `Matcher` in the `matchers` collection and checks if it is an instance of `CapturesArguments`. If it is, it calls the `captureFrom` method on the argument at index `k` from the arguments array returned by `i.getArguments()`. The variable `k` is incremented after each iteration to move to the next argument.\n    [javac]                                                                                                                                       ^\n    [javac] /data/cmd/Ming/llm-fl-apr/tmp/Mockito_34-prompt_apr_2-qwen-turbo/src/org/mockito/internal/invocation/InvocationMatcher.java:117: error: illegal character: \\96\n    [javac] The original code appears to be correctly structured and does not contain an apparent bug with the `if (m instanceof CapturesArguments)` condition. The loop iterates over each `Matcher` in the `matchers` collection and checks if it is an instance of `CapturesArguments`. If it is, it calls the `captureFrom` method on the argument at index `k` from the arguments array returned by `i.getArguments()`. The variable `k` is incremented after each iteration to move to the next argument.\n    [javac]                                                                                                                                        ^\n    [javac] /data/cmd/Ming/llm-fl-apr/tmp/Mockito_34-prompt_apr_2-qwen-turbo/src/org/mockito/internal/invocation/InvocationMatcher.java:117: error: illegal start of type\n    [javac] The original code appears to be correctly structured and does not contain an apparent bug with the `if (m instanceof CapturesArguments)` condition. The loop iterates over each `Matcher` in the `matchers` collection and checks if it is an instance of `CapturesArguments`. If it is, it calls the `captureFrom` method on the argument at index `k` from the arguments array returned by `i.getArguments()`. The variable `k` is incremented after each iteration to move to the next argument.\n    [javac]                                                                                                                                                   ^\n    [javac] /data/cmd/Ming/llm-fl-apr/tmp/Mockito_34-prompt_apr_2-qwen-turbo/src/org/mockito/internal/invocation/InvocationMatcher.java:117: error: ';' expected\n    [javac] The original code appears to be correctly structured and does not contain an apparent bug with the `if (m instanceof CapturesArguments)` condition. The loop iterates over each `Matcher` in the `matchers` collection and checks if it is an instance of `CapturesArguments`. If it is, it calls the `captureFrom` method on the argument at index `k` from the arguments array returned by `i.getArguments()`. The variable `k` is incremented after each iteration to move to the next argument.\n    [javac]                                                                                                                                                    ^\n    [javac] /data/cmd/Ming/llm-fl-apr/tmp/Mockito_34-prompt_apr_2-qwen-turbo/src/org/mockito/internal/invocation/InvocationMatcher.java:117: error: ';' expected\n    [javac] The original code appears to be correctly structured and does not contain an apparent bug with the `if (m instanceof CapturesArguments)` condition. The loop iterates over each `Matcher` in the `matchers` collection and checks if it is an instance of `CapturesArguments`. If it is, it calls the `captureFrom` method on the argument at index `k` from the arguments array returned by `i.getArguments()`. The variable `k` is incremented after each iteration to move to the next argument.\n    [javac]                                                                                                                                                                      ^\n    [javac] /data/cmd/Ming/llm-fl-apr/tmp/Mockito_34-prompt_apr_2-qwen-turbo/src/org/mockito/internal/invocation/InvocationMatcher.java:117: error: illegal character: \\96\n    [javac] The original code appears to be correctly structured and does not contain an apparent bug with the `if (m instanceof CapturesArguments)` condition. The loop iterates over each `Matcher` in the `matchers` collection and checks if it is an instance of `CapturesArguments`. If it is, it calls the `captureFrom` method on the argument at index `k` from the arguments array returned by `i.getArguments()`. The variable `k` is incremented after each iteration to move to the next argument.\n    [javac]                                                                                                                                                                                 ^\n    [javac] /data/cmd/Ming/llm-fl-apr/tmp/Mockito_34-prompt_apr_2-qwen-turbo/src/org/mockito/internal/invocation/InvocationMatcher.java:117: error: illegal character: \\96\n    [javac] The original code appears to be correctly structured and does not contain an apparent bug with the `if (m instanceof CapturesArguments)` condition. The loop iterates over each `Matcher` in the `matchers` collection and checks if it is an instance of `CapturesArguments`. If it is, it calls the `captureFrom` method on the argument at index `k` from the arguments array returned by `i.getArguments()`. The variable `k` is incremented after each iteration to move to the next argument.\n    [javac]                                                                                                                                                                                         ^\n    [javac] /data/cmd/Ming/llm-fl-apr/tmp/Mockito_34-prompt_apr_2-qwen-turbo/src/org/mockito/internal/invocation/InvocationMatcher.java:117: error: illegal character: \\96\n    [javac] The original code appears to be correctly structured and does not contain an apparent bug with the `if (m instanceof CapturesArguments)` condition. The loop iterates over each `Matcher` in the `matchers` collection and checks if it is an instance of `CapturesArguments`. If it is, it calls the `captureFrom` method on the argument at index `k` from the arguments array returned by `i.getArguments()`. The variable `k` is incremented after each iteration to move to the next argument.\n    [javac]                                                                                                                                                                                                  ^\n    [javac] /data/cmd/Ming/llm-fl-apr/tmp/Mockito_34-prompt_apr_2-qwen-turbo/src/org/mockito/internal/invocation/InvocationMatcher.java:117: error: illegal character: \\96\n    [javac] The original code appears to be correctly structured and does not contain an apparent bug with the `if (m instanceof CapturesArguments)` condition. The loop iterates over each `Matcher` in the `matchers` collection and checks if it is an instance of `CapturesArguments`. If it is, it calls the `captureFrom` method on the argument at index `k` from the arguments array returned by `i.getArguments()`. The variable `k` is incremented after each iteration to move to the next argument.\n    [javac]                                                                                                                                                                                                           ^\n    [javac] /data/cmd/Ming/llm-fl-apr/tmp/Mockito_34-prompt_apr_2-qwen-turbo/src/org/mockito/internal/invocation/InvocationMatcher.java:117: error: ';' expected\n    [javac] The original code appears to be correctly structured and does not contain an apparent bug with the `if (m instanceof CapturesArguments)` condition. The loop iterates over each `Matcher` in the `matchers` collection and checks if it is an instance of `CapturesArguments`. If it is, it calls the `captureFrom` method on the argument at index `k` from the arguments array returned by `i.getArguments()`. The variable `k` is incremented after each iteration to move to the next argument.\n    [javac]                                                                                                                                                                                                                           ^\n    [javac] /data/cmd/Ming/llm-fl-apr/tmp/Mockito_34-prompt_apr_2-qwen-turbo/src/org/mockito/internal/invocation/InvocationMatcher.java:117: error: <identifier> expected\n    [javac] The original code appears to be correctly structured and does not contain an apparent bug with the `if (m instanceof CapturesArguments)` condition. The loop iterates over each `Matcher` in the `matchers` collection and checks if it is an instance of `CapturesArguments`. If it is, it calls the `captureFrom` method on the argument at index `k` from the arguments array returned by `i.getArguments()`. The variable `k` is incremented after each iteration to move to the next argument.\n    [javac]                                                                                                                                                                                                                                  ^\n    [javac] /data/cmd/Ming/llm-fl-apr/tmp/Mockito_34-prompt_apr_2-qwen-turbo/src/org/mockito/internal/invocation/InvocationMatcher.java:117: error: ';' expected\n    [javac] The original code appears to be correctly structured and does not contain an apparent bug with the `if (m instanceof CapturesArguments)` condition. The loop iterates over each `Matcher` in the `matchers` collection and checks if it is an instance of `CapturesArguments`. If it is, it calls the `captureFrom` method on the argument at index `k` from the arguments array returned by `i.getArguments()`. The variable `k` is incremented after each iteration to move to the next argument.\n    [javac]                                                                                                                                                                                                                                           ^\n    [javac] /data/cmd/Ming/llm-fl-apr/tmp/Mockito_34-prompt_apr_2-qwen-turbo/src/org/mockito/internal/invocation/InvocationMatcher.java:117: error: ';' expected\n    [javac] The original code appears to be correctly structured and does not contain an apparent bug with the `if (m instanceof CapturesArguments)` condition. The loop iterates over each `Matcher` in the `matchers` collection and checks if it is an instance of `CapturesArguments`. If it is, it calls the `captureFrom` method on the argument at index `k` from the arguments array returned by `i.getArguments()`. The variable `k` is incremented after each iteration to move to the next argument.\n    [javac]                                                                                                                                                                                                                                                       ^\n    [javac] /data/cmd/Ming/llm-fl-apr/tmp/Mockito_34-prompt_apr_2-qwen-turbo/src/org/mockito/internal/invocation/InvocationMatcher.java:117: error: illegal character: \\96\n    [javac] The original code appears to be correctly structured and does not contain an apparent bug with the `if (m instanceof CapturesArguments)` condition. The loop iterates over each `Matcher` in the `matchers` collection and checks if it is an instance of `CapturesArguments`. If it is, it calls the `captureFrom` method on the argument at index `k` from the arguments array returned by `i.getArguments()`. The variable `k` is incremented after each iteration to move to the next argument.\n    [javac]                                                                                                                                                                                                                                                           ^\n    [javac] /data/cmd/Ming/llm-fl-apr/tmp/Mockito_34-prompt_apr_2-qwen-turbo/src/org/mockito/internal/invocation/InvocationMatcher.java:117: error: illegal character: \\96\n    [javac] The original code appears to be correctly structured and does not contain an apparent bug with the `if (m instanceof CapturesArguments)` condition. The loop iterates over each `Matcher` in the `matchers` collection and checks if it is an instance of `CapturesArguments`. If it is, it calls the `captureFrom` method on the argument at index `k` from the arguments array returned by `i.getArguments()`. The variable `k` is incremented after each iteration to move to the next argument.\n    [javac]                                                                                                                                                                                                                                                                             ^\n    [javac] /data/cmd/Ming/llm-fl-apr/tmp/Mockito_34-prompt_apr_2-qwen-turbo/src/org/mockito/internal/invocation/InvocationMatcher.java:117: error: illegal start of type\n    [javac] The original code appears to be correctly structured and does not contain an apparent bug with the `if (m instanceof CapturesArguments)` condition. The loop iterates over each `Matcher` in the `matchers` collection and checks if it is an instance of `CapturesArguments`. If it is, it calls the `captureFrom` method on the argument at index `k` from the arguments array returned by `i.getArguments()`. The variable `k` is incremented after each iteration to move to the next argument.\n    [javac]                                                                                                                                                                                                                                                                              ^\n    [javac] /data/cmd/Ming/llm-fl-apr/tmp/Mockito_34-prompt_apr_2-qwen-turbo/src/org/mockito/internal/invocation/InvocationMatcher.java:117: error: ';' expected\n    [javac] The original code appears to be correctly structured and does not contain an apparent bug with the `if (m instanceof CapturesArguments)` condition. The loop iterates over each `Matcher` in the `matchers` collection and checks if it is an instance of `CapturesArguments`. If it is, it calls the `captureFrom` method on the argument at index `k` from the arguments array returned by `i.getArguments()`. The variable `k` is incremented after each iteration to move to the next argument.\n    [javac]                                                                                                                                                                                                                                                                                  ^\n    [javac] /data/cmd/Ming/llm-fl-apr/tmp/Mockito_34-prompt_apr_2-qwen-turbo/src/org/mockito/internal/invocation/InvocationMatcher.java:117: error: ';' expected\n    [javac] The original code appears to be correctly structured and does not contain an apparent bug with the `if (m instanceof CapturesArguments)` condition. The loop iterates over each `Matcher` in the `matchers` collection and checks if it is an instance of `CapturesArguments`. If it is, it calls the `captureFrom` method on the argument at index `k` from the arguments array returned by `i.getArguments()`. The variable `k` is incremented after each iteration to move to the next argument.\n    [javac]                                                                                                                                                                                                                                                                                            ^\n    [javac] /data/cmd/Ming/llm-fl-apr/tmp/Mockito_34-prompt_apr_2-qwen-turbo/src/org/mockito/internal/invocation/InvocationMatcher.java:117: error: illegal character: \\96\n    [javac] The original code appears to be correctly structured and does not contain an apparent bug with the `if (m instanceof CapturesArguments)` condition. The loop iterates over each `Matcher` in the `matchers` collection and checks if it is an instance of `CapturesArguments`. If it is, it calls the `captureFrom` method on the argument at index `k` from the arguments array returned by `i.getArguments()`. The variable `k` is incremented after each iteration to move to the next argument.\n    [javac]                                                                                                                                                                                                                                                                                                       ^\n    [javac] /data/cmd/Ming/llm-fl-apr/tmp/Mockito_34-prompt_apr_2-qwen-turbo/src/org/mockito/internal/invocation/InvocationMatcher.java:117: error: illegal character: \\96\n    [javac] The original code appears to be correctly structured and does not contain an apparent bug with the `if (m instanceof CapturesArguments)` condition. The loop iterates over each `Matcher` in the `matchers` collection and checks if it is an instance of `CapturesArguments`. If it is, it calls the `captureFrom` method on the argument at index `k` from the arguments array returned by `i.getArguments()`. The variable `k` is incremented after each iteration to move to the next argument.\n    [javac]                                                                                                                                                                                                                                                                                                                   ^\n    [javac] /data/cmd/Ming/llm-fl-apr/tmp/Mockito_34-prompt_apr_2-qwen-turbo/src/org/mockito/internal/invocation/InvocationMatcher.java:117: error: ';' expected\n    [javac] The original code appears to be correctly structured and does not contain an apparent bug with the `if (m instanceof CapturesArguments)` condition. The loop iterates over each `Matcher` in the `matchers` collection and checks if it is an instance of `CapturesArguments`. If it is, it calls the `captureFrom` method on the argument at index `k` from the arguments array returned by `i.getArguments()`. The variable `k` is incremented after each iteration to move to the next argument.\n    [javac]                                                                                                                                                                                                                                                                                                                              ^\n    [javac] /data/cmd/Ming/llm-fl-apr/tmp/Mockito_34-prompt_apr_2-qwen-turbo/src/org/mockito/internal/invocation/InvocationMatcher.java:117: error: ';' expected\n    [javac] The original code appears to be correctly structured and does not contain an apparent bug with the `if (m instanceof CapturesArguments)` condition. The loop iterates over each `Matcher` in the `matchers` collection and checks if it is an instance of `CapturesArguments`. If it is, it calls the `captureFrom` method on the argument at index `k` from the arguments array returned by `i.getArguments()`. The variable `k` is incremented after each iteration to move to the next argument.\n    [javac]                                                                                                                                                                                                                                                                                                                                           ^\n    [javac] /data/cmd/Ming/llm-fl-apr/tmp/Mockito_34-prompt_apr_2-qwen-turbo/src/org/mockito/internal/invocation/InvocationMatcher.java:117: error: illegal character: \\96\n    [javac] The original code appears to be correctly structured and does not contain an apparent bug with the `if (m instanceof CapturesArguments)` condition. The loop iterates over each `Matcher` in the `matchers` collection and checks if it is an instance of `CapturesArguments`. If it is, it calls the `captureFrom` method on the argument at index `k` from the arguments array returned by `i.getArguments()`. The variable `k` is incremented after each iteration to move to the next argument.\n    [javac]                                                                                                                                                                                                                                                                                                                                                     ^\n    [javac] /data/cmd/Ming/llm-fl-apr/tmp/Mockito_34-prompt_apr_2-qwen-turbo/src/org/mockito/internal/invocation/InvocationMatcher.java:117: error: illegal character: \\96\n    [javac] The original code appears to be correctly structured and does not contain an apparent bug with the `if (m instanceof CapturesArguments)` condition. The loop iterates over each `Matcher` in the `matchers` collection and checks if it is an instance of `CapturesArguments`. If it is, it calls the `captureFrom` method on the argument at index `k` from the arguments array returned by `i.getArguments()`. The variable `k` is incremented after each iteration to move to the next argument.\n    [javac]                                                                                                                                                                                                                                                                                                                                                       ^\n    [javac] /data/cmd/Ming/llm-fl-apr/tmp/Mockito_34-prompt_apr_2-qwen-turbo/src/org/mockito/internal/invocation/InvocationMatcher.java:117: error: ';' expected\n    [javac] The original code appears to be correctly structured and does not contain an apparent bug with the `if (m instanceof CapturesArguments)` condition. The loop iterates over each `Matcher` in the `matchers` collection and checks if it is an instance of `CapturesArguments`. If it is, it calls the `captureFrom` method on the argument at index `k` from the arguments array returned by `i.getArguments()`. The variable `k` is incremented after each iteration to move to the next argument.\n    [javac]                                                                                                                                                                                                                                                                                                                                                                 ^\n    [javac] /data/cmd/Ming/llm-fl-apr/tmp/Mockito_34-prompt_apr_2-qwen-turbo/src/org/mockito/internal/invocation/InvocationMatcher.java:117: error: ';' expected\n    [javac] The original code appears to be correctly structured and does not contain an apparent bug with the `if (m instanceof CapturesArguments)` condition. The loop iterates over each `Matcher` in the `matchers` collection and checks if it is an instance of `CapturesArguments`. If it is, it calls the `captureFrom` method on the argument at index `k` from the arguments array returned by `i.getArguments()`. The variable `k` is incremented after each iteration to move to the next argument.\n    [javac]                                                                                                                                                                                                                                                                                                                                                                                 ^\n    [javac] /data/cmd/Ming/llm-fl-apr/tmp/Mockito_34-prompt_apr_2-qwen-turbo/src/org/mockito/internal/invocation/InvocationMatcher.java:117: error: illegal character: \\96\n    [javac] The original code appears to be correctly structured and does not contain an apparent bug with the `if (m instanceof CapturesArguments)` condition. The loop iterates over each `Matcher` in the `matchers` collection and checks if it is an instance of `CapturesArguments`. If it is, it calls the `captureFrom` method on the argument at index `k` from the arguments array returned by `i.getArguments()`. The variable `k` is incremented after each iteration to move to the next argument.\n    [javac]                                                                                                                                                                                                                                                                                                                                                                                              ^\n    [javac] /data/cmd/Ming/llm-fl-apr/tmp/Mockito_34-prompt_apr_2-qwen-turbo/src/org/mockito/internal/invocation/InvocationMatcher.java:117: error: <identifier> expected\n    [javac] The original code appears to be correctly structured and does not contain an apparent bug with the `if (m instanceof CapturesArguments)` condition. The loop iterates over each `Matcher` in the `matchers` collection and checks if it is an instance of `CapturesArguments`. If it is, it calls the `captureFrom` method on the argument at index `k` from the arguments array returned by `i.getArguments()`. The variable `k` is incremented after each iteration to move to the next argument.\n    [javac]                                                                                                                                                                                                                                                                                                                                                                                                             ^\n    [javac] /data/cmd/Ming/llm-fl-apr/tmp/Mockito_34-prompt_apr_2-qwen-turbo/src/org/mockito/internal/invocation/InvocationMatcher.java:117: error: illegal character: \\96\n    [javac] The original code appears to be correctly structured and does not contain an apparent bug with the `if (m instanceof CapturesArguments)` condition. The loop iterates over each `Matcher` in the `matchers` collection and checks if it is an instance of `CapturesArguments`. If it is, it calls the `captureFrom` method on the argument at index `k` from the arguments array returned by `i.getArguments()`. The variable `k` is incremented after each iteration to move to the next argument.\n    [javac]                                                                                                                                                                                                                                                                                                                                                                                                               ^\n    [javac] /data/cmd/Ming/llm-fl-apr/tmp/Mockito_34-prompt_apr_2-qwen-turbo/src/org/mockito/internal/invocation/InvocationMatcher.java:117: error: illegal character: \\96\n    [javac] The original code appears to be correctly structured and does not contain an apparent bug with the `if (m instanceof CapturesArguments)` condition. The loop iterates over each `Matcher` in the `matchers` collection and checks if it is an instance of `CapturesArguments`. If it is, it calls the `captureFrom` method on the argument at index `k` from the arguments array returned by `i.getArguments()`. The variable `k` is incremented after each iteration to move to the next argument.\n    [javac]                                                                                                                                                                                                                                                                                                                                                                                                                               ^\n    [javac] /data/cmd/Ming/llm-fl-apr/tmp/Mockito_34-prompt_apr_2-qwen-turbo/src/org/mockito/internal/invocation/InvocationMatcher.java:117: error: illegal character: \\96\n    [javac] The original code appears to be correctly structured and does not contain an apparent bug with the `if (m instanceof CapturesArguments)` condition. The loop iterates over each `Matcher` in the `matchers` collection and checks if it is an instance of `CapturesArguments`. If it is, it calls the `captureFrom` method on the argument at index `k` from the arguments array returned by `i.getArguments()`. The variable `k` is incremented after each iteration to move to the next argument.\n    [javac]                                                                                                                                                                                                                                                                                                                                                                                                                                 ^\n    [javac] 51 errors\n    [javac] 1 warning\n\nBUILD FAILED\n/data/cmd/Ming/LLM_Based-Mutation/tools/mutant/defects4j-2.1.0/framework/projects/Mockito/Mockito.build.xml:148: The following error occurred while executing this line:\n/data/cmd/Ming/LLM_Based-Mutation/tools/mutant/defects4j-2.1.0/framework/projects/Mockito/Mockito.build.xml:69: The following error occurred while executing this line:\n/data/cmd/Ming/llm-fl-apr/tmp/Mockito_34-prompt_apr_2-qwen-turbo/build.xml:76: Compile failed; see the compiler error output for details.\n\nTotal time: 3 seconds\nCannot compile sources! at /data/cmd/Ming/LLM_Based-Mutation/tools/mutant/defects4j-2.1.0/framework/bin/d4j/d4j-compile line 82.\nCompilation failed in require at /data/cmd/Ming/LLM_Based-Mutation/tools/mutant/defects4j-2.1.0/framework/bin/defects4j line 195.\n"
                }
            },
            "doubao-pro-4k": {
                "compile": {
                    "rc": 0,
                    "so": "",
                    "se": "Running ant (compile)...................................................... OK\nRunning ant (compile.tests)................................................ OK\n"
                },
                "test": {
                    "rc": 0,
                    "so": "Failing tests: 2\n  - org.mockito.internal.invocation.InvocationMatcherTest::shouldMatchCaptureArgumentsWhenArgsCountDoesNOTMatch\n  - org.mockitousage.basicapi.UsingVarargsTest::shouldMatchEasilyEmptyVararg\n",
                    "se": "Running ant (compile.tests)................................................ OK\nRunning ant (run.dev.tests)................................................ OK\n"
                }
            },
            "gpt-4o-mini": {
                "compile": {
                    "rc": 0,
                    "so": "",
                    "se": "Running ant (compile)...................................................... OK\nRunning ant (compile.tests)................................................ OK\n"
                },
                "test": {
                    "rc": 0,
                    "so": "Failing tests: 0\n",
                    "se": "Running ant (compile.tests)................................................ OK\nRunning ant (run.dev.tests)................................................ OK\n"
                }
            },
            "deepseek-chat": {
                "compile": {
                    "rc": 0,
                    "so": "",
                    "se": "Running ant (compile)...................................................... OK\nRunning ant (compile.tests)................................................ OK\n"
                },
                "test": {
                    "rc": 0,
                    "so": "Failing tests: 2\n  - org.mockito.internal.invocation.InvocationMatcherTest::shouldMatchCaptureArgumentsWhenArgsCountDoesNOTMatch\n  - org.mockitousage.basicapi.UsingVarargsTest::shouldMatchEasilyEmptyVararg\n",
                    "se": "Running ant (compile.tests)................................................ OK\nRunning ant (run.dev.tests)................................................ OK\n"
                }
            }
        },
        "prompt_apr_3": {
            "ernie-3.5-128k": {
                "compile": {
                    "rc": 1,
                    "so": "",
                    "se": "Running ant (compile)...................................................... FAIL\nExecuted command:  cd /data/cmd/Ming/llm-fl-apr/tmp/Mockito_34-prompt_apr_3-ernie-3.5-128k && ant -f /data/cmd/Ming/LLM_Based-Mutation/tools/mutant/defects4j-2.1.0/framework/projects/defects4j.build.xml -Dd4j.home=/data/cmd/Ming/LLM_Based-Mutation/tools/mutant/defects4j-2.1.0 -Dd4j.dir.projects=/data/cmd/Ming/LLM_Based-Mutation/tools/mutant/defects4j-2.1.0/framework/projects -Dbasedir=/data/cmd/Ming/llm-fl-apr/tmp/Mockito_34-prompt_apr_3-ernie-3.5-128k -Dbuild.compiler=javac1.7  compile 2>&1\nJava HotSpot(TM) 64-Bit Server VM warning: ignoring option MaxPermSize=256M; support was removed in 8.0\nBuildfile: /data/cmd/Ming/LLM_Based-Mutation/tools/mutant/defects4j-2.1.0/framework/projects/defects4j.build.xml\n\ncompile:\n\ngradle.compile:\n\nant.compile:\n\nclean:\n\nprepare:\n    [mkdir] Created dir: /data/cmd/Ming/llm-fl-apr/tmp/Mockito_34-prompt_apr_3-ernie-3.5-128k/target/classes\n    [mkdir] Created dir: /data/cmd/Ming/llm-fl-apr/tmp/Mockito_34-prompt_apr_3-ernie-3.5-128k/target/test-classes\n    [mkdir] Created dir: /data/cmd/Ming/llm-fl-apr/tmp/Mockito_34-prompt_apr_3-ernie-3.5-128k/target/reports/junit\n\ncompile:\n    [javac] /data/cmd/Ming/llm-fl-apr/tmp/Mockito_34-prompt_apr_3-ernie-3.5-128k/build.xml:76: warning: 'includeantruntime' was not set, defaulting to build.sysclasspath=last; set to false for repeatable builds\n    [javac] Compiling 199 source files to /data/cmd/Ming/llm-fl-apr/tmp/Mockito_34-prompt_apr_3-ernie-3.5-128k/target/classes\n    [javac] warning: [options] bootstrap class path not set in conjunction with -source 1.5\n    [javac] /data/cmd/Ming/llm-fl-apr/tmp/Mockito_34-prompt_apr_3-ernie-3.5-128k/src/org/mockito/internal/invocation/InvocationMatcher.java:107: error: reached end of file while parsing\n    [javac]                 ((CapturesArguments) m).captureArgumentsFrom(i);}\n    [javac]                                                                  ^\n    [javac] 1 error\n    [javac] 1 warning\n\nBUILD FAILED\n/data/cmd/Ming/LLM_Based-Mutation/tools/mutant/defects4j-2.1.0/framework/projects/Mockito/Mockito.build.xml:148: The following error occurred while executing this line:\n/data/cmd/Ming/LLM_Based-Mutation/tools/mutant/defects4j-2.1.0/framework/projects/Mockito/Mockito.build.xml:69: The following error occurred while executing this line:\n/data/cmd/Ming/llm-fl-apr/tmp/Mockito_34-prompt_apr_3-ernie-3.5-128k/build.xml:76: Compile failed; see the compiler error output for details.\n\nTotal time: 2 seconds\nCannot compile sources! at /data/cmd/Ming/LLM_Based-Mutation/tools/mutant/defects4j-2.1.0/framework/bin/d4j/d4j-compile line 82.\nCompilation failed in require at /data/cmd/Ming/LLM_Based-Mutation/tools/mutant/defects4j-2.1.0/framework/bin/defects4j line 195.\n"
                }
            },
            "qwen-turbo": {
                "compile": {
                    "rc": 1,
                    "so": "",
                    "se": "Running ant (compile)...................................................... FAIL\nExecuted command:  cd /data/cmd/Ming/llm-fl-apr/tmp/Mockito_34-prompt_apr_3-qwen-turbo && ant -f /data/cmd/Ming/LLM_Based-Mutation/tools/mutant/defects4j-2.1.0/framework/projects/defects4j.build.xml -Dd4j.home=/data/cmd/Ming/LLM_Based-Mutation/tools/mutant/defects4j-2.1.0 -Dd4j.dir.projects=/data/cmd/Ming/LLM_Based-Mutation/tools/mutant/defects4j-2.1.0/framework/projects -Dbasedir=/data/cmd/Ming/llm-fl-apr/tmp/Mockito_34-prompt_apr_3-qwen-turbo -Dbuild.compiler=javac1.7  compile 2>&1\nJava HotSpot(TM) 64-Bit Server VM warning: ignoring option MaxPermSize=256M; support was removed in 8.0\nBuildfile: /data/cmd/Ming/LLM_Based-Mutation/tools/mutant/defects4j-2.1.0/framework/projects/defects4j.build.xml\n\ncompile:\n\ngradle.compile:\n\nant.compile:\n\nclean:\n\nprepare:\n    [mkdir] Created dir: /data/cmd/Ming/llm-fl-apr/tmp/Mockito_34-prompt_apr_3-qwen-turbo/target/classes\n    [mkdir] Created dir: /data/cmd/Ming/llm-fl-apr/tmp/Mockito_34-prompt_apr_3-qwen-turbo/target/test-classes\n    [mkdir] Created dir: /data/cmd/Ming/llm-fl-apr/tmp/Mockito_34-prompt_apr_3-qwen-turbo/target/reports/junit\n\ncompile:\n    [javac] /data/cmd/Ming/llm-fl-apr/tmp/Mockito_34-prompt_apr_3-qwen-turbo/build.xml:76: warning: 'includeantruntime' was not set, defaulting to build.sysclasspath=last; set to false for repeatable builds\n    [javac] Compiling 199 source files to /data/cmd/Ming/llm-fl-apr/tmp/Mockito_34-prompt_apr_3-qwen-turbo/target/classes\n    [javac] warning: [options] bootstrap class path not set in conjunction with -source 1.5\n    [javac] /data/cmd/Ming/llm-fl-apr/tmp/Mockito_34-prompt_apr_3-qwen-turbo/src/org/mockito/internal/invocation/InvocationMatcher.java:103: error: illegal character: \\96\n    [javac] ```java\n    [javac] ^\n    [javac] /data/cmd/Ming/llm-fl-apr/tmp/Mockito_34-prompt_apr_3-qwen-turbo/src/org/mockito/internal/invocation/InvocationMatcher.java:103: error: illegal character: \\96\n    [javac] ```java\n    [javac]  ^\n    [javac] /data/cmd/Ming/llm-fl-apr/tmp/Mockito_34-prompt_apr_3-qwen-turbo/src/org/mockito/internal/invocation/InvocationMatcher.java:103: error: illegal character: \\96\n    [javac] ```java\n    [javac]   ^\n    [javac] /data/cmd/Ming/llm-fl-apr/tmp/Mockito_34-prompt_apr_3-qwen-turbo/src/org/mockito/internal/invocation/InvocationMatcher.java:108: error: illegal character: \\96\n    [javac] ```}\n    [javac] ^\n    [javac] /data/cmd/Ming/llm-fl-apr/tmp/Mockito_34-prompt_apr_3-qwen-turbo/src/org/mockito/internal/invocation/InvocationMatcher.java:108: error: illegal character: \\96\n    [javac] ```}\n    [javac]  ^\n    [javac] /data/cmd/Ming/llm-fl-apr/tmp/Mockito_34-prompt_apr_3-qwen-turbo/src/org/mockito/internal/invocation/InvocationMatcher.java:108: error: illegal character: \\96\n    [javac] ```}\n    [javac]   ^\n    [javac] /data/cmd/Ming/llm-fl-apr/tmp/Mockito_34-prompt_apr_3-qwen-turbo/src/org/mockito/internal/invocation/InvocationMatcher.java:108: error: reached end of file while parsing\n    [javac] ```}\n    [javac]     ^\n    [javac] 7 errors\n    [javac] 1 warning\n\nBUILD FAILED\n/data/cmd/Ming/LLM_Based-Mutation/tools/mutant/defects4j-2.1.0/framework/projects/Mockito/Mockito.build.xml:148: The following error occurred while executing this line:\n/data/cmd/Ming/LLM_Based-Mutation/tools/mutant/defects4j-2.1.0/framework/projects/Mockito/Mockito.build.xml:69: The following error occurred while executing this line:\n/data/cmd/Ming/llm-fl-apr/tmp/Mockito_34-prompt_apr_3-qwen-turbo/build.xml:76: Compile failed; see the compiler error output for details.\n\nTotal time: 3 seconds\nCannot compile sources! at /data/cmd/Ming/LLM_Based-Mutation/tools/mutant/defects4j-2.1.0/framework/bin/d4j/d4j-compile line 82.\nCompilation failed in require at /data/cmd/Ming/LLM_Based-Mutation/tools/mutant/defects4j-2.1.0/framework/bin/defects4j line 195.\n"
                }
            },
            "doubao-pro-4k": {
                "compile": {
                    "rc": 1,
                    "so": "",
                    "se": "Running ant (compile)...................................................... FAIL\nExecuted command:  cd /data/cmd/Ming/llm-fl-apr/tmp/Mockito_34-prompt_apr_3-doubao-pro-4k && ant -f /data/cmd/Ming/LLM_Based-Mutation/tools/mutant/defects4j-2.1.0/framework/projects/defects4j.build.xml -Dd4j.home=/data/cmd/Ming/LLM_Based-Mutation/tools/mutant/defects4j-2.1.0 -Dd4j.dir.projects=/data/cmd/Ming/LLM_Based-Mutation/tools/mutant/defects4j-2.1.0/framework/projects -Dbasedir=/data/cmd/Ming/llm-fl-apr/tmp/Mockito_34-prompt_apr_3-doubao-pro-4k -Dbuild.compiler=javac1.7  compile 2>&1\nJava HotSpot(TM) 64-Bit Server VM warning: ignoring option MaxPermSize=256M; support was removed in 8.0\nBuildfile: /data/cmd/Ming/LLM_Based-Mutation/tools/mutant/defects4j-2.1.0/framework/projects/defects4j.build.xml\n\ncompile:\n\ngradle.compile:\n\nant.compile:\n\nclean:\n\nprepare:\n    [mkdir] Created dir: /data/cmd/Ming/llm-fl-apr/tmp/Mockito_34-prompt_apr_3-doubao-pro-4k/target/classes\n    [mkdir] Created dir: /data/cmd/Ming/llm-fl-apr/tmp/Mockito_34-prompt_apr_3-doubao-pro-4k/target/test-classes\n    [mkdir] Created dir: /data/cmd/Ming/llm-fl-apr/tmp/Mockito_34-prompt_apr_3-doubao-pro-4k/target/reports/junit\n\ncompile:\n    [javac] /data/cmd/Ming/llm-fl-apr/tmp/Mockito_34-prompt_apr_3-doubao-pro-4k/build.xml:76: warning: 'includeantruntime' was not set, defaulting to build.sysclasspath=last; set to false for repeatable builds\n    [javac] Compiling 199 source files to /data/cmd/Ming/llm-fl-apr/tmp/Mockito_34-prompt_apr_3-doubao-pro-4k/target/classes\n    [javac] warning: [options] bootstrap class path not set in conjunction with -source 1.5\n    [javac] warning: /home/cmd/jdk1.8.0_391/lib/ct.sym(META-INF/sym/rt.jar/java/lang/Object.class): major version 52 is newer than 51, the highest major version supported by this compiler.\n    [javac]   It is recommended that the compiler be upgraded.\n    [javac] warning: /home/cmd/jdk1.8.0_391/lib/ct.sym(META-INF/sym/rt.jar/java/lang/Comparable.class): major version 52 is newer than 51, the highest major version supported by this compiler.\n    [javac]   It is recommended that the compiler be upgraded.\n    [javac] warning: /home/cmd/jdk1.8.0_391/lib/ct.sym(META-INF/sym/rt.jar/java/lang/String.class): major version 52 is newer than 51, the highest major version supported by this compiler.\n    [javac]   It is recommended that the compiler be upgraded.\n    [javac] warning: /home/cmd/jdk1.8.0_391/lib/ct.sym(META-INF/sym/rt.jar/java/util/HashMap.class): major version 52 is newer than 51, the highest major version supported by this compiler.\n    [javac]   It is recommended that the compiler be upgraded.\n    [javac] warning: /home/cmd/jdk1.8.0_391/lib/ct.sym(META-INF/sym/rt.jar/java/util/Map.class): major version 52 is newer than 51, the highest major version supported by this compiler.\n    [javac]   It is recommended that the compiler be upgraded.\n    [javac] warning: /home/cmd/jdk1.8.0_391/lib/ct.sym(META-INF/sym/rt.jar/java/lang/SuppressWarnings.class): major version 52 is newer than 51, the highest major version supported by this compiler.\n    [javac]   It is recommended that the compiler be upgraded.\n    [javac] warning: /home/cmd/jdk1.8.0_391/lib/ct.sym(META-INF/sym/rt.jar/java/util/HashSet.class): major version 52 is newer than 51, the highest major version supported by this compiler.\n    [javac]   It is recommended that the compiler be upgraded.\n    [javac] warning: /home/cmd/jdk1.8.0_391/lib/ct.sym(META-INF/sym/rt.jar/java/util/LinkedList.class): major version 52 is newer than 51, the highest major version supported by this compiler.\n    [javac]   It is recommended that the compiler be upgraded.\n    [javac] warning: /home/cmd/jdk1.8.0_391/lib/ct.sym(META-INF/sym/rt.jar/java/util/List.class): major version 52 is newer than 51, the highest major version supported by this compiler.\n    [javac]   It is recommended that the compiler be upgraded.\n    [javac] warning: /home/cmd/jdk1.8.0_391/lib/ct.sym(META-INF/sym/rt.jar/java/util/Set.class): major version 52 is newer than 51, the highest major version supported by this compiler.\n    [javac]   It is recommended that the compiler be upgraded.\n    [javac] warning: /home/cmd/jdk1.8.0_391/lib/ct.sym(META-INF/sym/rt.jar/java/lang/reflect/Method.class): major version 52 is newer than 51, the highest major version supported by this compiler.\n    [javac]   It is recommended that the compiler be upgraded.\n    [javac] warning: /home/cmd/jdk1.8.0_391/lib/ct.sym(META-INF/sym/rt.jar/java/util/ArrayList.class): major version 52 is newer than 51, the highest major version supported by this compiler.\n    [javac]   It is recommended that the compiler be upgraded.\n    [javac] warning: /home/cmd/jdk1.8.0_391/lib/ct.sym(META-INF/sym/rt.jar/java/util/Arrays.class): major version 52 is newer than 51, the highest major version supported by this compiler.\n    [javac]   It is recommended that the compiler be upgraded.\n    [javac] warning: /home/cmd/jdk1.8.0_391/lib/ct.sym(META-INF/sym/rt.jar/java/io/Serializable.class): major version 52 is newer than 51, the highest major version supported by this compiler.\n    [javac]   It is recommended that the compiler be upgraded.\n    [javac] warning: /home/cmd/jdk1.8.0_391/lib/ct.sym(META-INF/sym/rt.jar/java/util/Iterator.class): major version 52 is newer than 51, the highest major version supported by this compiler.\n    [javac]   It is recommended that the compiler be upgraded.\n    [javac] warning: /home/cmd/jdk1.8.0_391/lib/ct.sym(META-INF/sym/rt.jar/java/lang/Class.class): major version 52 is newer than 51, the highest major version supported by this compiler.\n    [javac]   It is recommended that the compiler be upgraded.\n    [javac] warning: /home/cmd/jdk1.8.0_391/lib/ct.sym(META-INF/sym/rt.jar/java/lang/Integer.class): major version 52 is newer than 51, the highest major version supported by this compiler.\n    [javac]   It is recommended that the compiler be upgraded.\n    [javac] warning: /home/cmd/jdk1.8.0_391/lib/ct.sym(META-INF/sym/rt.jar/java/lang/Throwable.class): major version 52 is newer than 51, the highest major version supported by this compiler.\n    [javac]   It is recommended that the compiler be upgraded.\n    [javac] warning: /home/cmd/jdk1.8.0_391/lib/ct.sym(META-INF/sym/rt.jar/java/util/Collections.class): major version 52 is newer than 51, the highest major version supported by this compiler.\n    [javac]   It is recommended that the compiler be upgraded.\n    [javac] warning: /home/cmd/jdk1.8.0_391/lib/ct.sym(META-INF/sym/rt.jar/java/lang/StackTraceElement.class): major version 52 is newer than 51, the highest major version supported by this compiler.\n    [javac]   It is recommended that the compiler be upgraded.\n    [javac] warning: /home/cmd/jdk1.8.0_391/lib/ct.sym(META-INF/sym/rt.jar/java/util/Collection.class): major version 52 is newer than 51, the highest major version supported by this compiler.\n    [javac]   It is recommended that the compiler be upgraded.\n    [javac] warning: /home/cmd/jdk1.8.0_391/lib/ct.sym(META-INF/sym/rt.jar/java/lang/Deprecated.class): major version 52 is newer than 51, the highest major version supported by this compiler.\n    [javac]   It is recommended that the compiler be upgraded.\n    [javac] warning: /home/cmd/jdk1.8.0_391/lib/ct.sym(META-INF/sym/rt.jar/java/lang/Character.class): major version 52 is newer than 51, the highest major version supported by this compiler.\n    [javac]   It is recommended that the compiler be upgraded.\n    [javac] warning: /home/cmd/jdk1.8.0_391/lib/ct.sym(META-INF/sym/rt.jar/java/lang/Boolean.class): major version 52 is newer than 51, the highest major version supported by this compiler.\n    [javac]   It is recommended that the compiler be upgraded.\n    [javac] warning: /home/cmd/jdk1.8.0_391/lib/ct.sym(META-INF/sym/rt.jar/java/lang/Byte.class): major version 52 is newer than 51, the highest major version supported by this compiler.\n    [javac]   It is recommended that the compiler be upgraded.\n    [javac] warning: /home/cmd/jdk1.8.0_391/lib/ct.sym(META-INF/sym/rt.jar/java/lang/Short.class): major version 52 is newer than 51, the highest major version supported by this compiler.\n    [javac]   It is recommended that the compiler be upgraded.\n    [javac] warning: /home/cmd/jdk1.8.0_391/lib/ct.sym(META-INF/sym/rt.jar/java/lang/Long.class): major version 52 is newer than 51, the highest major version supported by this compiler.\n    [javac]   It is recommended that the compiler be upgraded.\n    [javac] warning: /home/cmd/jdk1.8.0_391/lib/ct.sym(META-INF/sym/rt.jar/java/lang/Float.class): major version 52 is newer than 51, the highest major version supported by this compiler.\n    [javac]   It is recommended that the compiler be upgraded.\n    [javac] warning: /home/cmd/jdk1.8.0_391/lib/ct.sym(META-INF/sym/rt.jar/java/lang/Double.class): major version 52 is newer than 51, the highest major version supported by this compiler.\n    [javac]   It is recommended that the compiler be upgraded.\n    [javac] warning: /home/cmd/jdk1.8.0_391/lib/ct.sym(META-INF/sym/rt.jar/java/lang/reflect/Field.class): major version 52 is newer than 51, the highest major version supported by this compiler.\n    [javac]   It is recommended that the compiler be upgraded.\n    [javac] warning: /home/cmd/jdk1.8.0_391/lib/ct.sym(META-INF/sym/rt.jar/java/util/Queue.class): major version 52 is newer than 51, the highest major version supported by this compiler.\n    [javac]   It is recommended that the compiler be upgraded.\n    [javac] warning: /home/cmd/jdk1.8.0_391/lib/ct.sym(META-INF/sym/rt.jar/java/util/concurrent/ConcurrentLinkedQueue.class): major version 52 is newer than 51, the highest major version supported by this compiler.\n    [javac]   It is recommended that the compiler be upgraded.\n    [javac] warning: /home/cmd/jdk1.8.0_391/lib/ct.sym(META-INF/sym/rt.jar/java/lang/SecurityException.class): major version 52 is newer than 51, the highest major version supported by this compiler.\n    [javac]   It is recommended that the compiler be upgraded.\n    [javac] warning: /home/cmd/jdk1.8.0_391/lib/ct.sym(META-INF/sym/rt.jar/java/lang/NoSuchFieldException.class): major version 52 is newer than 51, the highest major version supported by this compiler.\n    [javac]   It is recommended that the compiler be upgraded.\n    [javac] warning: /home/cmd/jdk1.8.0_391/lib/ct.sym(META-INF/sym/rt.jar/java/lang/annotation/ElementType.class): major version 52 is newer than 51, the highest major version supported by this compiler.\n    [javac]   It is recommended that the compiler be upgraded.\n    [javac] warning: /home/cmd/jdk1.8.0_391/lib/ct.sym(META-INF/sym/rt.jar/java/lang/Enum.class): major version 52 is newer than 51, the highest major version supported by this compiler.\n    [javac]   It is recommended that the compiler be upgraded.\n    [javac] warning: /home/cmd/jdk1.8.0_391/lib/ct.sym(META-INF/sym/rt.jar/java/lang/annotation/Retention.class): major version 52 is newer than 51, the highest major version supported by this compiler.\n    [javac]   It is recommended that the compiler be upgraded.\n    [javac] warning: /home/cmd/jdk1.8.0_391/lib/ct.sym(META-INF/sym/rt.jar/java/lang/annotation/RetentionPolicy.class): major version 52 is newer than 51, the highest major version supported by this compiler.\n    [javac]   It is recommended that the compiler be upgraded.\n    [javac] warning: /home/cmd/jdk1.8.0_391/lib/ct.sym(META-INF/sym/rt.jar/java/lang/annotation/Target.class): major version 52 is newer than 51, the highest major version supported by this compiler.\n    [javac]   It is recommended that the compiler be upgraded.\n    [javac] warning: /home/cmd/jdk1.8.0_391/lib/ct.sym(META-INF/sym/rt.jar/java/lang/annotation/Annotation.class): major version 52 is newer than 51, the highest major version supported by this compiler.\n    [javac]   It is recommended that the compiler be upgraded.\n    [javac] /data/cmd/Ming/llm-fl-apr/tmp/Mockito_34-prompt_apr_3-doubao-pro-4k/src/org/mockito/configuration/DefaultMockitoConfiguration.java:7: warning: [deprecation] ReturnValues in org.mockito has been deprecated\n    [javac] import org.mockito.ReturnValues;\n    [javac]                   ^\n    [javac] /data/cmd/Ming/llm-fl-apr/tmp/Mockito_34-prompt_apr_3-doubao-pro-4k/src/org/mockito/configuration/IMockitoConfiguration.java:7: warning: [deprecation] ReturnValues in org.mockito has been deprecated\n    [javac] import org.mockito.ReturnValues;\n    [javac]                   ^\n    [javac] warning: /home/cmd/jdk1.8.0_391/lib/ct.sym(META-INF/sym/rt.jar/java/lang/AssertionError.class): major version 52 is newer than 51, the highest major version supported by this compiler.\n    [javac]   It is recommended that the compiler be upgraded.\n    [javac] warning: /home/cmd/jdk1.8.0_391/lib/ct.sym(META-INF/sym/rt.jar/java/lang/Error.class): major version 52 is newer than 51, the highest major version supported by this compiler.\n    [javac]   It is recommended that the compiler be upgraded.\n    [javac] warning: /home/cmd/jdk1.8.0_391/lib/ct.sym(META-INF/sym/rt.jar/java/lang/RuntimeException.class): major version 52 is newer than 51, the highest major version supported by this compiler.\n    [javac]   It is recommended that the compiler be upgraded.\n    [javac] warning: /home/cmd/jdk1.8.0_391/lib/ct.sym(META-INF/sym/rt.jar/java/lang/Exception.class): major version 52 is newer than 51, the highest major version supported by this compiler.\n    [javac]   It is recommended that the compiler be upgraded.\n    [javac] /data/cmd/Ming/llm-fl-apr/tmp/Mockito_34-prompt_apr_3-doubao-pro-4k/src/org/mockito/internal/configuration/GlobalConfiguration.java:7: warning: [deprecation] ReturnValues in org.mockito has been deprecated\n    [javac] import org.mockito.ReturnValues;\n    [javac]                   ^\n    [javac] warning: /home/cmd/jdk1.8.0_391/lib/ct.sym(META-INF/sym/rt.jar/java/lang/ThreadLocal.class): major version 52 is newer than 51, the highest major version supported by this compiler.\n    [javac]   It is recommended that the compiler be upgraded.\n    [javac] warning: /home/cmd/jdk1.8.0_391/lib/ct.sym(META-INF/sym/rt.jar/java/lang/Thread.class): major version 52 is newer than 51, the highest major version supported by this compiler.\n    [javac]   It is recommended that the compiler be upgraded.\n    [javac] warning: /home/cmd/jdk1.8.0_391/lib/ct.sym(META-INF/sym/rt.jar/java/lang/Runnable.class): major version 52 is newer than 51, the highest major version supported by this compiler.\n    [javac]   It is recommended that the compiler be upgraded.\n    [javac] warning: /home/cmd/jdk1.8.0_391/lib/ct.sym(META-INF/sym/rt.jar/java/lang/Thread$WeakClassKey.class): major version 52 is newer than 51, the highest major version supported by this compiler.\n    [javac]   It is recommended that the compiler be upgraded.\n    [javac] warning: /home/cmd/jdk1.8.0_391/lib/ct.sym(META-INF/sym/rt.jar/java/lang/Thread$UncaughtExceptionHandler.class): major version 52 is newer than 51, the highest major version supported by this compiler.\n    [javac]   It is recommended that the compiler be upgraded.\n    [javac] warning: /home/cmd/jdk1.8.0_391/lib/ct.sym(META-INF/sym/rt.jar/java/lang/Thread$State.class): major version 52 is newer than 51, the highest major version supported by this compiler.\n    [javac]   It is recommended that the compiler be upgraded.\n    [javac] warning: /home/cmd/jdk1.8.0_391/lib/ct.sym(META-INF/sym/rt.jar/java/lang/Thread$Caches.class): major version 52 is newer than 51, the highest major version supported by this compiler.\n    [javac]   It is recommended that the compiler be upgraded.\n    [javac] warning: /home/cmd/jdk1.8.0_391/lib/ct.sym(META-INF/sym/rt.jar/java/lang/ClassLoader.class): major version 52 is newer than 51, the highest major version supported by this compiler.\n    [javac]   It is recommended that the compiler be upgraded.\n    [javac] warning: /home/cmd/jdk1.8.0_391/lib/ct.sym(META-INF/sym/rt.jar/java/lang/ClassNotFoundException.class): major version 52 is newer than 51, the highest major version supported by this compiler.\n    [javac]   It is recommended that the compiler be upgraded.\n    [javac] warning: /home/cmd/jdk1.8.0_391/lib/ct.sym(META-INF/sym/rt.jar/java/util/Arrays$ArrayList.class): major version 52 is newer than 51, the highest major version supported by this compiler.\n    [javac]   It is recommended that the compiler be upgraded.\n    [javac] warning: /home/cmd/jdk1.8.0_391/lib/ct.sym(META-INF/sym/rt.jar/java/util/Arrays$LegacyMergeSort.class): major version 52 is newer than 51, the highest major version supported by this compiler.\n    [javac]   It is recommended that the compiler be upgraded.\n    [javac] warning: /home/cmd/jdk1.8.0_391/lib/ct.sym(META-INF/sym/rt.jar/java/util/Arrays$NaturalOrder.class): major version 52 is newer than 51, the highest major version supported by this compiler.\n    [javac]   It is recommended that the compiler be upgraded.\n    [javac] warning: /home/cmd/jdk1.8.0_391/lib/ct.sym(META-INF/sym/rt.jar/java/util/Comparator.class): major version 52 is newer than 51, the highest major version supported by this compiler.\n    [javac]   It is recommended that the compiler be upgraded.\n    [javac] warning: /home/cmd/jdk1.8.0_391/lib/ct.sym(META-INF/sym/rt.jar/java/lang/reflect/Array.class): major version 52 is newer than 51, the highest major version supported by this compiler.\n    [javac]   It is recommended that the compiler be upgraded.\n    [javac] warning: /home/cmd/jdk1.8.0_391/lib/ct.sym(META-INF/sym/rt.jar/java/lang/Number.class): major version 52 is newer than 51, the highest major version supported by this compiler.\n    [javac]   It is recommended that the compiler be upgraded.\n    [javac] warning: /home/cmd/jdk1.8.0_391/lib/ct.sym(META-INF/sym/rt.jar/java/util/regex/Pattern.class): major version 52 is newer than 51, the highest major version supported by this compiler.\n    [javac]   It is recommended that the compiler be upgraded.\n    [javac] warning: /home/cmd/jdk1.8.0_391/lib/ct.sym(META-INF/sym/rt.jar/java/lang/reflect/AccessibleObject.class): major version 52 is newer than 51, the highest major version supported by this compiler.\n    [javac]   It is recommended that the compiler be upgraded.\n    [javac] warning: /home/cmd/jdk1.8.0_391/lib/ct.sym(META-INF/sym/rt.jar/java/lang/reflect/Modifier.class): major version 52 is newer than 51, the highest major version supported by this compiler.\n    [javac]   It is recommended that the compiler be upgraded.\n    [javac] warning: /home/cmd/jdk1.8.0_391/lib/ct.sym(META-INF/sym/rt.jar/java/util/Stack.class): major version 52 is newer than 51, the highest major version supported by this compiler.\n    [javac]   It is recommended that the compiler be upgraded.\n    [javac] /data/cmd/Ming/llm-fl-apr/tmp/Mockito_34-prompt_apr_3-doubao-pro-4k/src/org/mockito/internal/runners/JUnit44RunnerImpl.java:7: warning: [deprecation] InitializationError in org.junit.internal.runners has been deprecated\n    [javac] import org.junit.internal.runners.InitializationError;\n    [javac]                                  ^\n    [javac] /data/cmd/Ming/llm-fl-apr/tmp/Mockito_34-prompt_apr_3-doubao-pro-4k/src/org/mockito/internal/runners/JUnit44RunnerImpl.java:8: warning: [deprecation] JUnit4ClassRunner in org.junit.internal.runners has been deprecated\n    [javac] import org.junit.internal.runners.JUnit4ClassRunner;\n    [javac]                                  ^\n    [javac] warning: /home/cmd/jdk1.8.0_391/lib/ct.sym(META-INF/sym/rt.jar/java/lang/reflect/InvocationTargetException.class): major version 52 is newer than 51, the highest major version supported by this compiler.\n    [javac]   It is recommended that the compiler be upgraded.\n    [javac] warning: /home/cmd/jdk1.8.0_391/lib/ct.sym(META-INF/sym/rt.jar/java/lang/reflect/Constructor.class): major version 52 is newer than 51, the highest major version supported by this compiler.\n    [javac]   It is recommended that the compiler be upgraded.\n    [javac] /data/cmd/Ming/llm-fl-apr/tmp/Mockito_34-prompt_apr_3-doubao-pro-4k/src/org/mockito/internal/stubbing/answers/AnswerReturnValuesAdapter.java:9: warning: [deprecation] ReturnValues in org.mockito has been deprecated\n    [javac] import org.mockito.ReturnValues;\n    [javac]                   ^\n    [javac] warning: /home/cmd/jdk1.8.0_391/lib/ct.sym(META-INF/sym/rt.jar/java/util/LinkedHashMap.class): major version 52 is newer than 51, the highest major version supported by this compiler.\n    [javac]   It is recommended that the compiler be upgraded.\n    [javac] warning: /home/cmd/jdk1.8.0_391/lib/ct.sym(META-INF/sym/rt.jar/java/util/LinkedHashSet.class): major version 52 is newer than 51, the highest major version supported by this compiler.\n    [javac]   It is recommended that the compiler be upgraded.\n    [javac] warning: /home/cmd/jdk1.8.0_391/lib/ct.sym(META-INF/sym/rt.jar/java/util/SortedMap.class): major version 52 is newer than 51, the highest major version supported by this compiler.\n    [javac]   It is recommended that the compiler be upgraded.\n    [javac] warning: /home/cmd/jdk1.8.0_391/lib/ct.sym(META-INF/sym/rt.jar/java/util/SortedSet.class): major version 52 is newer than 51, the highest major version supported by this compiler.\n    [javac]   It is recommended that the compiler be upgraded.\n    [javac] warning: /home/cmd/jdk1.8.0_391/lib/ct.sym(META-INF/sym/rt.jar/java/util/TreeMap.class): major version 52 is newer than 51, the highest major version supported by this compiler.\n    [javac]   It is recommended that the compiler be upgraded.\n    [javac] warning: /home/cmd/jdk1.8.0_391/lib/ct.sym(META-INF/sym/rt.jar/java/util/TreeSet.class): major version 52 is newer than 51, the highest major version supported by this compiler.\n    [javac]   It is recommended that the compiler be upgraded.\n    [javac] warning: /home/cmd/jdk1.8.0_391/lib/ct.sym(META-INF/sym/rt.jar/java/util/regex/Matcher.class): major version 52 is newer than 51, the highest major version supported by this compiler.\n    [javac]   It is recommended that the compiler be upgraded.\n    [javac] warning: /home/cmd/jdk1.8.0_391/lib/ct.sym(META-INF/sym/rt.jar/java/lang/IllegalAccessException.class): major version 52 is newer than 51, the highest major version supported by this compiler.\n    [javac]   It is recommended that the compiler be upgraded.\n    [javac] /home/cmd/jdk1.8.0_391/lib/ct.sym(META-INF/sym/rt.jar/java/lang/Object.class): warning: Cannot find annotation method 'value()' in type 'Profile+Annotation': class file for jdk.Profile+Annotation not found\n    [javac] /home/cmd/jdk1.8.0_391/lib/ct.sym(META-INF/sym/rt.jar/java/lang/Comparable.class): warning: Cannot find annotation method 'value()' in type 'Profile+Annotation'\n    [javac] /home/cmd/jdk1.8.0_391/lib/ct.sym(META-INF/sym/rt.jar/java/lang/String.class): warning: Cannot find annotation method 'value()' in type 'Profile+Annotation'\n    [javac] /home/cmd/jdk1.8.0_391/lib/ct.sym(META-INF/sym/rt.jar/java/util/HashMap.class): warning: Cannot find annotation method 'value()' in type 'Profile+Annotation'\n    [javac] /home/cmd/jdk1.8.0_391/lib/ct.sym(META-INF/sym/rt.jar/java/util/Map.class): warning: Cannot find annotation method 'value()' in type 'Profile+Annotation'\n    [javac] /home/cmd/jdk1.8.0_391/lib/ct.sym(META-INF/sym/rt.jar/java/lang/SuppressWarnings.class): warning: Cannot find annotation method 'value()' in type 'Profile+Annotation'\n    [javac] /home/cmd/jdk1.8.0_391/lib/ct.sym(META-INF/sym/rt.jar/java/util/HashSet.class): warning: Cannot find annotation method 'value()' in type 'Profile+Annotation'\n    [javac] /home/cmd/jdk1.8.0_391/lib/ct.sym(META-INF/sym/rt.jar/java/util/LinkedList.class): warning: Cannot find annotation method 'value()' in type 'Profile+Annotation'\n    [javac] /home/cmd/jdk1.8.0_391/lib/ct.sym(META-INF/sym/rt.jar/java/util/List.class): warning: Cannot find annotation method 'value()' in type 'Profile+Annotation'\n    [javac] /home/cmd/jdk1.8.0_391/lib/ct.sym(META-INF/sym/rt.jar/java/util/Set.class): warning: Cannot find annotation method 'value()' in type 'Profile+Annotation'\n    [javac] /home/cmd/jdk1.8.0_391/lib/ct.sym(META-INF/sym/rt.jar/java/lang/reflect/Method.class): warning: Cannot find annotation method 'value()' in type 'Profile+Annotation'\n    [javac] /home/cmd/jdk1.8.0_391/lib/ct.sym(META-INF/sym/rt.jar/java/util/ArrayList.class): warning: Cannot find annotation method 'value()' in type 'Profile+Annotation'\n    [javac] /home/cmd/jdk1.8.0_391/lib/ct.sym(META-INF/sym/rt.jar/java/util/Arrays.class): warning: Cannot find annotation method 'value()' in type 'Profile+Annotation'\n    [javac] /home/cmd/jdk1.8.0_391/lib/ct.sym(META-INF/sym/rt.jar/java/io/Serializable.class): warning: Cannot find annotation method 'value()' in type 'Profile+Annotation'\n    [javac] /home/cmd/jdk1.8.0_391/lib/ct.sym(META-INF/sym/rt.jar/java/util/Iterator.class): warning: Cannot find annotation method 'value()' in type 'Profile+Annotation'\n    [javac] /home/cmd/jdk1.8.0_391/lib/ct.sym(META-INF/sym/rt.jar/java/lang/Class.class): warning: Cannot find annotation method 'value()' in type 'Profile+Annotation'\n    [javac] /home/cmd/jdk1.8.0_391/lib/ct.sym(META-INF/sym/rt.jar/java/lang/Integer.class): warning: Cannot find annotation method 'value()' in type 'Profile+Annotation'\n    [javac] /home/cmd/jdk1.8.0_391/lib/ct.sym(META-INF/sym/rt.jar/java/lang/Throwable.class): warning: Cannot find annotation method 'value()' in type 'Profile+Annotation'\n    [javac] /home/cmd/jdk1.8.0_391/lib/ct.sym(META-INF/sym/rt.jar/java/util/Collections.class): warning: Cannot find annotation method 'value()' in type 'Profile+Annotation'\n    [javac] warning: /home/cmd/jdk1.8.0_391/lib/ct.sym(META-INF/sym/rt.jar/java/lang/Override.class): major version 52 is newer than 51, the highest major version supported by this compiler.\n    [javac]   It is recommended that the compiler be upgraded.\n    [javac] /data/cmd/Ming/llm-fl-apr/tmp/Mockito_34-prompt_apr_3-doubao-pro-4k/src/org/mockito/internal/invocation/InvocationMatcher.java:107: error: cannot find symbol\n    [javac]             ((CapturesArguments) m).captureArguments(i);\n    [javac]                                    ^\n    [javac]   symbol:   method captureArguments(Invocation)\n    [javac]   location: interface CapturesArguments\n    [javac] 1 error\n    [javac] 100 warnings\n\nBUILD FAILED\n/data/cmd/Ming/LLM_Based-Mutation/tools/mutant/defects4j-2.1.0/framework/projects/Mockito/Mockito.build.xml:148: The following error occurred while executing this line:\n/data/cmd/Ming/LLM_Based-Mutation/tools/mutant/defects4j-2.1.0/framework/projects/Mockito/Mockito.build.xml:69: The following error occurred while executing this line:\n/data/cmd/Ming/llm-fl-apr/tmp/Mockito_34-prompt_apr_3-doubao-pro-4k/build.xml:76: Compile failed; see the compiler error output for details.\n\nTotal time: 6 seconds\nCannot compile sources! at /data/cmd/Ming/LLM_Based-Mutation/tools/mutant/defects4j-2.1.0/framework/bin/d4j/d4j-compile line 82.\nCompilation failed in require at /data/cmd/Ming/LLM_Based-Mutation/tools/mutant/defects4j-2.1.0/framework/bin/defects4j line 195.\n"
                }
            },
            "gpt-4o-mini": {
                "compile": {
                    "rc": 1,
                    "so": "",
                    "se": "Running ant (compile)...................................................... FAIL\nExecuted command:  cd /data/cmd/Ming/llm-fl-apr/tmp/Mockito_34-prompt_apr_3-gpt-4o-mini && ant -f /data/cmd/Ming/LLM_Based-Mutation/tools/mutant/defects4j-2.1.0/framework/projects/defects4j.build.xml -Dd4j.home=/data/cmd/Ming/LLM_Based-Mutation/tools/mutant/defects4j-2.1.0 -Dd4j.dir.projects=/data/cmd/Ming/LLM_Based-Mutation/tools/mutant/defects4j-2.1.0/framework/projects -Dbasedir=/data/cmd/Ming/llm-fl-apr/tmp/Mockito_34-prompt_apr_3-gpt-4o-mini -Dbuild.compiler=javac1.7  compile 2>&1\nJava HotSpot(TM) 64-Bit Server VM warning: ignoring option MaxPermSize=256M; support was removed in 8.0\nBuildfile: /data/cmd/Ming/LLM_Based-Mutation/tools/mutant/defects4j-2.1.0/framework/projects/defects4j.build.xml\n\ncompile:\n\ngradle.compile:\n\nant.compile:\n\nclean:\n\nprepare:\n    [mkdir] Created dir: /data/cmd/Ming/llm-fl-apr/tmp/Mockito_34-prompt_apr_3-gpt-4o-mini/target/classes\n    [mkdir] Created dir: /data/cmd/Ming/llm-fl-apr/tmp/Mockito_34-prompt_apr_3-gpt-4o-mini/target/test-classes\n    [mkdir] Created dir: /data/cmd/Ming/llm-fl-apr/tmp/Mockito_34-prompt_apr_3-gpt-4o-mini/target/reports/junit\n\ncompile:\n    [javac] /data/cmd/Ming/llm-fl-apr/tmp/Mockito_34-prompt_apr_3-gpt-4o-mini/build.xml:76: warning: 'includeantruntime' was not set, defaulting to build.sysclasspath=last; set to false for repeatable builds\n    [javac] Compiling 199 source files to /data/cmd/Ming/llm-fl-apr/tmp/Mockito_34-prompt_apr_3-gpt-4o-mini/target/classes\n    [javac] warning: [options] bootstrap class path not set in conjunction with -source 1.5\n    [javac] /data/cmd/Ming/llm-fl-apr/tmp/Mockito_34-prompt_apr_3-gpt-4o-mini/src/org/mockito/internal/invocation/InvocationMatcher.java:106: error: reached end of file while parsing\n    [javac]         if (m instanceof CapturesArguments) {}\n    [javac]                                               ^\n    [javac] 1 error\n    [javac] 1 warning\n\nBUILD FAILED\n/data/cmd/Ming/LLM_Based-Mutation/tools/mutant/defects4j-2.1.0/framework/projects/Mockito/Mockito.build.xml:148: The following error occurred while executing this line:\n/data/cmd/Ming/LLM_Based-Mutation/tools/mutant/defects4j-2.1.0/framework/projects/Mockito/Mockito.build.xml:69: The following error occurred while executing this line:\n/data/cmd/Ming/llm-fl-apr/tmp/Mockito_34-prompt_apr_3-gpt-4o-mini/build.xml:76: Compile failed; see the compiler error output for details.\n\nTotal time: 3 seconds\nCannot compile sources! at /data/cmd/Ming/LLM_Based-Mutation/tools/mutant/defects4j-2.1.0/framework/bin/d4j/d4j-compile line 82.\nCompilation failed in require at /data/cmd/Ming/LLM_Based-Mutation/tools/mutant/defects4j-2.1.0/framework/bin/defects4j line 195.\n"
                }
            },
            "deepseek-chat": {
                "compile": {
                    "rc": 1,
                    "so": "",
                    "se": "Running ant (compile)...................................................... FAIL\nExecuted command:  cd /data/cmd/Ming/llm-fl-apr/tmp/Mockito_34-prompt_apr_3-deepseek-chat && ant -f /data/cmd/Ming/LLM_Based-Mutation/tools/mutant/defects4j-2.1.0/framework/projects/defects4j.build.xml -Dd4j.home=/data/cmd/Ming/LLM_Based-Mutation/tools/mutant/defects4j-2.1.0 -Dd4j.dir.projects=/data/cmd/Ming/LLM_Based-Mutation/tools/mutant/defects4j-2.1.0/framework/projects -Dbasedir=/data/cmd/Ming/llm-fl-apr/tmp/Mockito_34-prompt_apr_3-deepseek-chat -Dbuild.compiler=javac1.7  compile 2>&1\nJava HotSpot(TM) 64-Bit Server VM warning: ignoring option MaxPermSize=256M; support was removed in 8.0\nBuildfile: /data/cmd/Ming/LLM_Based-Mutation/tools/mutant/defects4j-2.1.0/framework/projects/defects4j.build.xml\n\ncompile:\n\ngradle.compile:\n\nant.compile:\n\nclean:\n\nprepare:\n    [mkdir] Created dir: /data/cmd/Ming/llm-fl-apr/tmp/Mockito_34-prompt_apr_3-deepseek-chat/target/classes\n    [mkdir] Created dir: /data/cmd/Ming/llm-fl-apr/tmp/Mockito_34-prompt_apr_3-deepseek-chat/target/test-classes\n    [mkdir] Created dir: /data/cmd/Ming/llm-fl-apr/tmp/Mockito_34-prompt_apr_3-deepseek-chat/target/reports/junit\n\ncompile:\n    [javac] /data/cmd/Ming/llm-fl-apr/tmp/Mockito_34-prompt_apr_3-deepseek-chat/build.xml:76: warning: 'includeantruntime' was not set, defaulting to build.sysclasspath=last; set to false for repeatable builds\n    [javac] Compiling 199 source files to /data/cmd/Ming/llm-fl-apr/tmp/Mockito_34-prompt_apr_3-deepseek-chat/target/classes\n    [javac] warning: [options] bootstrap class path not set in conjunction with -source 1.5\n    [javac] /data/cmd/Ming/llm-fl-apr/tmp/Mockito_34-prompt_apr_3-deepseek-chat/src/org/mockito/internal/invocation/InvocationMatcher.java:107: error: reached end of file while parsing\n    [javac]             ((CapturesArguments) m).captureFrom(i.getArgumentAt(k));}\n    [javac]                                                                      ^\n    [javac] 1 error\n    [javac] 1 warning\n\nBUILD FAILED\n/data/cmd/Ming/LLM_Based-Mutation/tools/mutant/defects4j-2.1.0/framework/projects/Mockito/Mockito.build.xml:148: The following error occurred while executing this line:\n/data/cmd/Ming/LLM_Based-Mutation/tools/mutant/defects4j-2.1.0/framework/projects/Mockito/Mockito.build.xml:69: The following error occurred while executing this line:\n/data/cmd/Ming/llm-fl-apr/tmp/Mockito_34-prompt_apr_3-deepseek-chat/build.xml:76: Compile failed; see the compiler error output for details.\n\nTotal time: 2 seconds\nCannot compile sources! at /data/cmd/Ming/LLM_Based-Mutation/tools/mutant/defects4j-2.1.0/framework/bin/d4j/d4j-compile line 82.\nCompilation failed in require at /data/cmd/Ming/LLM_Based-Mutation/tools/mutant/defects4j-2.1.0/framework/bin/defects4j line 195.\n"
                }
            }
        },
        "prompt_apr_4": {
            "ernie-3.5-128k": {
                "compile": {
                    "rc": 0,
                    "so": "",
                    "se": "Running ant (compile)...................................................... OK\nRunning ant (compile.tests)................................................ OK\n"
                },
                "test": {
                    "rc": 0,
                    "so": "Failing tests: 0\n",
                    "se": "Running ant (compile.tests)................................................ OK\nRunning ant (run.dev.tests)................................................ OK\n"
                }
            },
            "qwen-turbo": {
                "compile": {
                    "rc": 1,
                    "so": "",
                    "se": "Running ant (compile)...................................................... FAIL\nExecuted command:  cd /data/cmd/Ming/llm-fl-apr/tmp/Mockito_34-prompt_apr_4-qwen-turbo && ant -f /data/cmd/Ming/LLM_Based-Mutation/tools/mutant/defects4j-2.1.0/framework/projects/defects4j.build.xml -Dd4j.home=/data/cmd/Ming/LLM_Based-Mutation/tools/mutant/defects4j-2.1.0 -Dd4j.dir.projects=/data/cmd/Ming/LLM_Based-Mutation/tools/mutant/defects4j-2.1.0/framework/projects -Dbasedir=/data/cmd/Ming/llm-fl-apr/tmp/Mockito_34-prompt_apr_4-qwen-turbo -Dbuild.compiler=javac1.7  compile 2>&1\nJava HotSpot(TM) 64-Bit Server VM warning: ignoring option MaxPermSize=256M; support was removed in 8.0\nBuildfile: /data/cmd/Ming/LLM_Based-Mutation/tools/mutant/defects4j-2.1.0/framework/projects/defects4j.build.xml\n\ncompile:\n\ngradle.compile:\n\nant.compile:\n\nclean:\n\nprepare:\n    [mkdir] Created dir: /data/cmd/Ming/llm-fl-apr/tmp/Mockito_34-prompt_apr_4-qwen-turbo/target/classes\n    [mkdir] Created dir: /data/cmd/Ming/llm-fl-apr/tmp/Mockito_34-prompt_apr_4-qwen-turbo/target/test-classes\n    [mkdir] Created dir: /data/cmd/Ming/llm-fl-apr/tmp/Mockito_34-prompt_apr_4-qwen-turbo/target/reports/junit\n\ncompile:\n    [javac] /data/cmd/Ming/llm-fl-apr/tmp/Mockito_34-prompt_apr_4-qwen-turbo/build.xml:76: warning: 'includeantruntime' was not set, defaulting to build.sysclasspath=last; set to false for repeatable builds\n    [javac] Compiling 199 source files to /data/cmd/Ming/llm-fl-apr/tmp/Mockito_34-prompt_apr_4-qwen-turbo/target/classes\n    [javac] warning: [options] bootstrap class path not set in conjunction with -source 1.5\n    [javac] /data/cmd/Ming/llm-fl-apr/tmp/Mockito_34-prompt_apr_4-qwen-turbo/src/org/mockito/internal/invocation/InvocationMatcher.java:111: error: class, interface, or enum expected\n    [javac] }\n    [javac] ^\n    [javac] 1 error\n    [javac] 1 warning\n\nBUILD FAILED\n/data/cmd/Ming/LLM_Based-Mutation/tools/mutant/defects4j-2.1.0/framework/projects/Mockito/Mockito.build.xml:148: The following error occurred while executing this line:\n/data/cmd/Ming/LLM_Based-Mutation/tools/mutant/defects4j-2.1.0/framework/projects/Mockito/Mockito.build.xml:69: The following error occurred while executing this line:\n/data/cmd/Ming/llm-fl-apr/tmp/Mockito_34-prompt_apr_4-qwen-turbo/build.xml:76: Compile failed; see the compiler error output for details.\n\nTotal time: 2 seconds\nCannot compile sources! at /data/cmd/Ming/LLM_Based-Mutation/tools/mutant/defects4j-2.1.0/framework/bin/d4j/d4j-compile line 82.\nCompilation failed in require at /data/cmd/Ming/LLM_Based-Mutation/tools/mutant/defects4j-2.1.0/framework/bin/defects4j line 195.\n"
                }
            },
            "doubao-pro-4k": {
                "compile": {
                    "rc": 1,
                    "so": "",
                    "se": "Running ant (compile)...................................................... FAIL\nExecuted command:  cd /data/cmd/Ming/llm-fl-apr/tmp/Mockito_34-prompt_apr_4-doubao-pro-4k && ant -f /data/cmd/Ming/LLM_Based-Mutation/tools/mutant/defects4j-2.1.0/framework/projects/defects4j.build.xml -Dd4j.home=/data/cmd/Ming/LLM_Based-Mutation/tools/mutant/defects4j-2.1.0 -Dd4j.dir.projects=/data/cmd/Ming/LLM_Based-Mutation/tools/mutant/defects4j-2.1.0/framework/projects -Dbasedir=/data/cmd/Ming/llm-fl-apr/tmp/Mockito_34-prompt_apr_4-doubao-pro-4k -Dbuild.compiler=javac1.7  compile 2>&1\nJava HotSpot(TM) 64-Bit Server VM warning: ignoring option MaxPermSize=256M; support was removed in 8.0\nBuildfile: /data/cmd/Ming/LLM_Based-Mutation/tools/mutant/defects4j-2.1.0/framework/projects/defects4j.build.xml\n\ncompile:\n\ngradle.compile:\n\nant.compile:\n\nclean:\n\nprepare:\n    [mkdir] Created dir: /data/cmd/Ming/llm-fl-apr/tmp/Mockito_34-prompt_apr_4-doubao-pro-4k/target/classes\n    [mkdir] Created dir: /data/cmd/Ming/llm-fl-apr/tmp/Mockito_34-prompt_apr_4-doubao-pro-4k/target/test-classes\n    [mkdir] Created dir: /data/cmd/Ming/llm-fl-apr/tmp/Mockito_34-prompt_apr_4-doubao-pro-4k/target/reports/junit\n\ncompile:\n    [javac] /data/cmd/Ming/llm-fl-apr/tmp/Mockito_34-prompt_apr_4-doubao-pro-4k/build.xml:76: warning: 'includeantruntime' was not set, defaulting to build.sysclasspath=last; set to false for repeatable builds\n    [javac] Compiling 199 source files to /data/cmd/Ming/llm-fl-apr/tmp/Mockito_34-prompt_apr_4-doubao-pro-4k/target/classes\n    [javac] warning: [options] bootstrap class path not set in conjunction with -source 1.5\n    [javac] /data/cmd/Ming/llm-fl-apr/tmp/Mockito_34-prompt_apr_4-doubao-pro-4k/src/org/mockito/internal/invocation/InvocationMatcher.java:111: error: class, interface, or enum expected\n    [javac] }\n    [javac] ^\n    [javac] 1 error\n    [javac] 1 warning\n\nBUILD FAILED\n/data/cmd/Ming/LLM_Based-Mutation/tools/mutant/defects4j-2.1.0/framework/projects/Mockito/Mockito.build.xml:148: The following error occurred while executing this line:\n/data/cmd/Ming/LLM_Based-Mutation/tools/mutant/defects4j-2.1.0/framework/projects/Mockito/Mockito.build.xml:69: The following error occurred while executing this line:\n/data/cmd/Ming/llm-fl-apr/tmp/Mockito_34-prompt_apr_4-doubao-pro-4k/build.xml:76: Compile failed; see the compiler error output for details.\n\nTotal time: 3 seconds\nCannot compile sources! at /data/cmd/Ming/LLM_Based-Mutation/tools/mutant/defects4j-2.1.0/framework/bin/d4j/d4j-compile line 82.\nCompilation failed in require at /data/cmd/Ming/LLM_Based-Mutation/tools/mutant/defects4j-2.1.0/framework/bin/defects4j line 195.\n"
                }
            },
            "gpt-4o-mini": {
                "compile": {
                    "rc": 1,
                    "so": "",
                    "se": "Running ant (compile)...................................................... FAIL\nExecuted command:  cd /data/cmd/Ming/llm-fl-apr/tmp/Mockito_34-prompt_apr_4-gpt-4o-mini && ant -f /data/cmd/Ming/LLM_Based-Mutation/tools/mutant/defects4j-2.1.0/framework/projects/defects4j.build.xml -Dd4j.home=/data/cmd/Ming/LLM_Based-Mutation/tools/mutant/defects4j-2.1.0 -Dd4j.dir.projects=/data/cmd/Ming/LLM_Based-Mutation/tools/mutant/defects4j-2.1.0/framework/projects -Dbasedir=/data/cmd/Ming/llm-fl-apr/tmp/Mockito_34-prompt_apr_4-gpt-4o-mini -Dbuild.compiler=javac1.7  compile 2>&1\nJava HotSpot(TM) 64-Bit Server VM warning: ignoring option MaxPermSize=256M; support was removed in 8.0\nBuildfile: /data/cmd/Ming/LLM_Based-Mutation/tools/mutant/defects4j-2.1.0/framework/projects/defects4j.build.xml\n\ncompile:\n\ngradle.compile:\n\nant.compile:\n\nclean:\n\nprepare:\n    [mkdir] Created dir: /data/cmd/Ming/llm-fl-apr/tmp/Mockito_34-prompt_apr_4-gpt-4o-mini/target/classes\n    [mkdir] Created dir: /data/cmd/Ming/llm-fl-apr/tmp/Mockito_34-prompt_apr_4-gpt-4o-mini/target/test-classes\n    [mkdir] Created dir: /data/cmd/Ming/llm-fl-apr/tmp/Mockito_34-prompt_apr_4-gpt-4o-mini/target/reports/junit\n\ncompile:\n    [javac] /data/cmd/Ming/llm-fl-apr/tmp/Mockito_34-prompt_apr_4-gpt-4o-mini/build.xml:76: warning: 'includeantruntime' was not set, defaulting to build.sysclasspath=last; set to false for repeatable builds\n    [javac] Compiling 199 source files to /data/cmd/Ming/llm-fl-apr/tmp/Mockito_34-prompt_apr_4-gpt-4o-mini/target/classes\n    [javac] warning: [options] bootstrap class path not set in conjunction with -source 1.5\n    [javac] /data/cmd/Ming/llm-fl-apr/tmp/Mockito_34-prompt_apr_4-gpt-4o-mini/src/org/mockito/internal/invocation/InvocationMatcher.java:111: error: class, interface, or enum expected\n    [javac] }\n    [javac] ^\n    [javac] 1 error\n    [javac] 1 warning\n\nBUILD FAILED\n/data/cmd/Ming/LLM_Based-Mutation/tools/mutant/defects4j-2.1.0/framework/projects/Mockito/Mockito.build.xml:148: The following error occurred while executing this line:\n/data/cmd/Ming/LLM_Based-Mutation/tools/mutant/defects4j-2.1.0/framework/projects/Mockito/Mockito.build.xml:69: The following error occurred while executing this line:\n/data/cmd/Ming/llm-fl-apr/tmp/Mockito_34-prompt_apr_4-gpt-4o-mini/build.xml:76: Compile failed; see the compiler error output for details.\n\nTotal time: 3 seconds\nCannot compile sources! at /data/cmd/Ming/LLM_Based-Mutation/tools/mutant/defects4j-2.1.0/framework/bin/d4j/d4j-compile line 82.\nCompilation failed in require at /data/cmd/Ming/LLM_Based-Mutation/tools/mutant/defects4j-2.1.0/framework/bin/defects4j line 195.\n"
                }
            },
            "deepseek-chat": {
                "compile": {
                    "rc": 0,
                    "so": "",
                    "se": "Running ant (compile)...................................................... OK\nRunning ant (compile.tests)................................................ OK\n"
                },
                "test": {
                    "rc": 0,
                    "so": "Failing tests: 0\n",
                    "se": "Running ant (compile.tests)................................................ OK\nRunning ant (run.dev.tests)................................................ OK\n"
                }
            }
        },
        "prompt_apr_5": {
            "ernie-3.5-128k": {
                "compile": {
                    "rc": 0,
                    "so": "",
                    "se": "Running ant (compile)...................................................... OK\nRunning ant (compile.tests)................................................ OK\n"
                },
                "test": {
                    "rc": 0,
                    "so": "Failing tests: 0\n",
                    "se": "Running ant (compile.tests)................................................ OK\nRunning ant (run.dev.tests)................................................ OK\n"
                }
            },
            "qwen-turbo": {
                "compile": {
                    "rc": 0,
                    "so": "",
                    "se": "Running ant (compile)...................................................... OK\nRunning ant (compile.tests)................................................ OK\n"
                },
                "test": {
                    "rc": 0,
                    "so": "Failing tests: 0\n",
                    "se": "Running ant (compile.tests)................................................ OK\nRunning ant (run.dev.tests)................................................ OK\n"
                }
            },
            "doubao-pro-4k": {
                "compile": {
                    "rc": 1,
                    "so": "",
                    "se": "Running ant (compile)...................................................... FAIL\nExecuted command:  cd /data/cmd/Ming/llm-fl-apr/tmp/Mockito_34-prompt_apr_5-doubao-pro-4k && ant -f /data/cmd/Ming/LLM_Based-Mutation/tools/mutant/defects4j-2.1.0/framework/projects/defects4j.build.xml -Dd4j.home=/data/cmd/Ming/LLM_Based-Mutation/tools/mutant/defects4j-2.1.0 -Dd4j.dir.projects=/data/cmd/Ming/LLM_Based-Mutation/tools/mutant/defects4j-2.1.0/framework/projects -Dbasedir=/data/cmd/Ming/llm-fl-apr/tmp/Mockito_34-prompt_apr_5-doubao-pro-4k -Dbuild.compiler=javac1.7  compile 2>&1\nJava HotSpot(TM) 64-Bit Server VM warning: ignoring option MaxPermSize=256M; support was removed in 8.0\nBuildfile: /data/cmd/Ming/LLM_Based-Mutation/tools/mutant/defects4j-2.1.0/framework/projects/defects4j.build.xml\n\ncompile:\n\ngradle.compile:\n\nant.compile:\n\nclean:\n\nprepare:\n    [mkdir] Created dir: /data/cmd/Ming/llm-fl-apr/tmp/Mockito_34-prompt_apr_5-doubao-pro-4k/target/classes\n    [mkdir] Created dir: /data/cmd/Ming/llm-fl-apr/tmp/Mockito_34-prompt_apr_5-doubao-pro-4k/target/test-classes\n    [mkdir] Created dir: /data/cmd/Ming/llm-fl-apr/tmp/Mockito_34-prompt_apr_5-doubao-pro-4k/target/reports/junit\n\ncompile:\n    [javac] /data/cmd/Ming/llm-fl-apr/tmp/Mockito_34-prompt_apr_5-doubao-pro-4k/build.xml:76: warning: 'includeantruntime' was not set, defaulting to build.sysclasspath=last; set to false for repeatable builds\n    [javac] Compiling 199 source files to /data/cmd/Ming/llm-fl-apr/tmp/Mockito_34-prompt_apr_5-doubao-pro-4k/target/classes\n    [javac] warning: [options] bootstrap class path not set in conjunction with -source 1.5\n    [javac] /data/cmd/Ming/llm-fl-apr/tmp/Mockito_34-prompt_apr_5-doubao-pro-4k/src/org/mockito/internal/invocation/InvocationMatcher.java:111: error: reached end of file while parsing\n    [javac] }\n    [javac]  ^\n    [javac] 1 error\n    [javac] 1 warning\n\nBUILD FAILED\n/data/cmd/Ming/LLM_Based-Mutation/tools/mutant/defects4j-2.1.0/framework/projects/Mockito/Mockito.build.xml:148: The following error occurred while executing this line:\n/data/cmd/Ming/LLM_Based-Mutation/tools/mutant/defects4j-2.1.0/framework/projects/Mockito/Mockito.build.xml:69: The following error occurred while executing this line:\n/data/cmd/Ming/llm-fl-apr/tmp/Mockito_34-prompt_apr_5-doubao-pro-4k/build.xml:76: Compile failed; see the compiler error output for details.\n\nTotal time: 3 seconds\nCannot compile sources! at /data/cmd/Ming/LLM_Based-Mutation/tools/mutant/defects4j-2.1.0/framework/bin/d4j/d4j-compile line 82.\nCompilation failed in require at /data/cmd/Ming/LLM_Based-Mutation/tools/mutant/defects4j-2.1.0/framework/bin/defects4j line 195.\n"
                }
            },
            "gpt-4o-mini": {
                "compile": {
                    "rc": 0,
                    "so": "",
                    "se": "Running ant (compile)...................................................... OK\nRunning ant (compile.tests)................................................ OK\n"
                },
                "test": {
                    "rc": 0,
                    "so": "Failing tests: 0\n",
                    "se": "Running ant (compile.tests)................................................ OK\nRunning ant (run.dev.tests)................................................ OK\n"
                }
            },
            "deepseek-chat": {
                "compile": {
                    "rc": 1,
                    "so": "",
                    "se": "Running ant (compile)...................................................... FAIL\nExecuted command:  cd /data/cmd/Ming/llm-fl-apr/tmp/Mockito_34-prompt_apr_5-deepseek-chat && ant -f /data/cmd/Ming/LLM_Based-Mutation/tools/mutant/defects4j-2.1.0/framework/projects/defects4j.build.xml -Dd4j.home=/data/cmd/Ming/LLM_Based-Mutation/tools/mutant/defects4j-2.1.0 -Dd4j.dir.projects=/data/cmd/Ming/LLM_Based-Mutation/tools/mutant/defects4j-2.1.0/framework/projects -Dbasedir=/data/cmd/Ming/llm-fl-apr/tmp/Mockito_34-prompt_apr_5-deepseek-chat -Dbuild.compiler=javac1.7  compile 2>&1\nJava HotSpot(TM) 64-Bit Server VM warning: ignoring option MaxPermSize=256M; support was removed in 8.0\nBuildfile: /data/cmd/Ming/LLM_Based-Mutation/tools/mutant/defects4j-2.1.0/framework/projects/defects4j.build.xml\n\ncompile:\n\ngradle.compile:\n\nant.compile:\n\nclean:\n\nprepare:\n    [mkdir] Created dir: /data/cmd/Ming/llm-fl-apr/tmp/Mockito_34-prompt_apr_5-deepseek-chat/target/classes\n    [mkdir] Created dir: /data/cmd/Ming/llm-fl-apr/tmp/Mockito_34-prompt_apr_5-deepseek-chat/target/test-classes\n    [mkdir] Created dir: /data/cmd/Ming/llm-fl-apr/tmp/Mockito_34-prompt_apr_5-deepseek-chat/target/reports/junit\n\ncompile:\n    [javac] /data/cmd/Ming/llm-fl-apr/tmp/Mockito_34-prompt_apr_5-deepseek-chat/build.xml:76: warning: 'includeantruntime' was not set, defaulting to build.sysclasspath=last; set to false for repeatable builds\n    [javac] Compiling 199 source files to /data/cmd/Ming/llm-fl-apr/tmp/Mockito_34-prompt_apr_5-deepseek-chat/target/classes\n    [javac] warning: [options] bootstrap class path not set in conjunction with -source 1.5\n    [javac] warning: /home/cmd/jdk1.8.0_391/lib/ct.sym(META-INF/sym/rt.jar/java/lang/Object.class): major version 52 is newer than 51, the highest major version supported by this compiler.\n    [javac]   It is recommended that the compiler be upgraded.\n    [javac] warning: /home/cmd/jdk1.8.0_391/lib/ct.sym(META-INF/sym/rt.jar/java/lang/Comparable.class): major version 52 is newer than 51, the highest major version supported by this compiler.\n    [javac]   It is recommended that the compiler be upgraded.\n    [javac] warning: /home/cmd/jdk1.8.0_391/lib/ct.sym(META-INF/sym/rt.jar/java/lang/String.class): major version 52 is newer than 51, the highest major version supported by this compiler.\n    [javac]   It is recommended that the compiler be upgraded.\n    [javac] warning: /home/cmd/jdk1.8.0_391/lib/ct.sym(META-INF/sym/rt.jar/java/util/HashMap.class): major version 52 is newer than 51, the highest major version supported by this compiler.\n    [javac]   It is recommended that the compiler be upgraded.\n    [javac] warning: /home/cmd/jdk1.8.0_391/lib/ct.sym(META-INF/sym/rt.jar/java/util/Map.class): major version 52 is newer than 51, the highest major version supported by this compiler.\n    [javac]   It is recommended that the compiler be upgraded.\n    [javac] warning: /home/cmd/jdk1.8.0_391/lib/ct.sym(META-INF/sym/rt.jar/java/lang/SuppressWarnings.class): major version 52 is newer than 51, the highest major version supported by this compiler.\n    [javac]   It is recommended that the compiler be upgraded.\n    [javac] warning: /home/cmd/jdk1.8.0_391/lib/ct.sym(META-INF/sym/rt.jar/java/util/HashSet.class): major version 52 is newer than 51, the highest major version supported by this compiler.\n    [javac]   It is recommended that the compiler be upgraded.\n    [javac] warning: /home/cmd/jdk1.8.0_391/lib/ct.sym(META-INF/sym/rt.jar/java/util/LinkedList.class): major version 52 is newer than 51, the highest major version supported by this compiler.\n    [javac]   It is recommended that the compiler be upgraded.\n    [javac] warning: /home/cmd/jdk1.8.0_391/lib/ct.sym(META-INF/sym/rt.jar/java/util/List.class): major version 52 is newer than 51, the highest major version supported by this compiler.\n    [javac]   It is recommended that the compiler be upgraded.\n    [javac] warning: /home/cmd/jdk1.8.0_391/lib/ct.sym(META-INF/sym/rt.jar/java/util/Set.class): major version 52 is newer than 51, the highest major version supported by this compiler.\n    [javac]   It is recommended that the compiler be upgraded.\n    [javac] warning: /home/cmd/jdk1.8.0_391/lib/ct.sym(META-INF/sym/rt.jar/java/lang/reflect/Method.class): major version 52 is newer than 51, the highest major version supported by this compiler.\n    [javac]   It is recommended that the compiler be upgraded.\n    [javac] warning: /home/cmd/jdk1.8.0_391/lib/ct.sym(META-INF/sym/rt.jar/java/util/ArrayList.class): major version 52 is newer than 51, the highest major version supported by this compiler.\n    [javac]   It is recommended that the compiler be upgraded.\n    [javac] warning: /home/cmd/jdk1.8.0_391/lib/ct.sym(META-INF/sym/rt.jar/java/util/Arrays.class): major version 52 is newer than 51, the highest major version supported by this compiler.\n    [javac]   It is recommended that the compiler be upgraded.\n    [javac] warning: /home/cmd/jdk1.8.0_391/lib/ct.sym(META-INF/sym/rt.jar/java/io/Serializable.class): major version 52 is newer than 51, the highest major version supported by this compiler.\n    [javac]   It is recommended that the compiler be upgraded.\n    [javac] warning: /home/cmd/jdk1.8.0_391/lib/ct.sym(META-INF/sym/rt.jar/java/util/Iterator.class): major version 52 is newer than 51, the highest major version supported by this compiler.\n    [javac]   It is recommended that the compiler be upgraded.\n    [javac] warning: /home/cmd/jdk1.8.0_391/lib/ct.sym(META-INF/sym/rt.jar/java/lang/Class.class): major version 52 is newer than 51, the highest major version supported by this compiler.\n    [javac]   It is recommended that the compiler be upgraded.\n    [javac] warning: /home/cmd/jdk1.8.0_391/lib/ct.sym(META-INF/sym/rt.jar/java/lang/Integer.class): major version 52 is newer than 51, the highest major version supported by this compiler.\n    [javac]   It is recommended that the compiler be upgraded.\n    [javac] warning: /home/cmd/jdk1.8.0_391/lib/ct.sym(META-INF/sym/rt.jar/java/lang/Throwable.class): major version 52 is newer than 51, the highest major version supported by this compiler.\n    [javac]   It is recommended that the compiler be upgraded.\n    [javac] warning: /home/cmd/jdk1.8.0_391/lib/ct.sym(META-INF/sym/rt.jar/java/util/Collections.class): major version 52 is newer than 51, the highest major version supported by this compiler.\n    [javac]   It is recommended that the compiler be upgraded.\n    [javac] warning: /home/cmd/jdk1.8.0_391/lib/ct.sym(META-INF/sym/rt.jar/java/lang/StackTraceElement.class): major version 52 is newer than 51, the highest major version supported by this compiler.\n    [javac]   It is recommended that the compiler be upgraded.\n    [javac] warning: /home/cmd/jdk1.8.0_391/lib/ct.sym(META-INF/sym/rt.jar/java/util/Collection.class): major version 52 is newer than 51, the highest major version supported by this compiler.\n    [javac]   It is recommended that the compiler be upgraded.\n    [javac] warning: /home/cmd/jdk1.8.0_391/lib/ct.sym(META-INF/sym/rt.jar/java/lang/Deprecated.class): major version 52 is newer than 51, the highest major version supported by this compiler.\n    [javac]   It is recommended that the compiler be upgraded.\n    [javac] warning: /home/cmd/jdk1.8.0_391/lib/ct.sym(META-INF/sym/rt.jar/java/lang/Character.class): major version 52 is newer than 51, the highest major version supported by this compiler.\n    [javac]   It is recommended that the compiler be upgraded.\n    [javac] warning: /home/cmd/jdk1.8.0_391/lib/ct.sym(META-INF/sym/rt.jar/java/lang/Boolean.class): major version 52 is newer than 51, the highest major version supported by this compiler.\n    [javac]   It is recommended that the compiler be upgraded.\n    [javac] warning: /home/cmd/jdk1.8.0_391/lib/ct.sym(META-INF/sym/rt.jar/java/lang/Byte.class): major version 52 is newer than 51, the highest major version supported by this compiler.\n    [javac]   It is recommended that the compiler be upgraded.\n    [javac] warning: /home/cmd/jdk1.8.0_391/lib/ct.sym(META-INF/sym/rt.jar/java/lang/Short.class): major version 52 is newer than 51, the highest major version supported by this compiler.\n    [javac]   It is recommended that the compiler be upgraded.\n    [javac] warning: /home/cmd/jdk1.8.0_391/lib/ct.sym(META-INF/sym/rt.jar/java/lang/Long.class): major version 52 is newer than 51, the highest major version supported by this compiler.\n    [javac]   It is recommended that the compiler be upgraded.\n    [javac] warning: /home/cmd/jdk1.8.0_391/lib/ct.sym(META-INF/sym/rt.jar/java/lang/Float.class): major version 52 is newer than 51, the highest major version supported by this compiler.\n    [javac]   It is recommended that the compiler be upgraded.\n    [javac] warning: /home/cmd/jdk1.8.0_391/lib/ct.sym(META-INF/sym/rt.jar/java/lang/Double.class): major version 52 is newer than 51, the highest major version supported by this compiler.\n    [javac]   It is recommended that the compiler be upgraded.\n    [javac] warning: /home/cmd/jdk1.8.0_391/lib/ct.sym(META-INF/sym/rt.jar/java/lang/reflect/Field.class): major version 52 is newer than 51, the highest major version supported by this compiler.\n    [javac]   It is recommended that the compiler be upgraded.\n    [javac] warning: /home/cmd/jdk1.8.0_391/lib/ct.sym(META-INF/sym/rt.jar/java/util/Queue.class): major version 52 is newer than 51, the highest major version supported by this compiler.\n    [javac]   It is recommended that the compiler be upgraded.\n    [javac] warning: /home/cmd/jdk1.8.0_391/lib/ct.sym(META-INF/sym/rt.jar/java/util/concurrent/ConcurrentLinkedQueue.class): major version 52 is newer than 51, the highest major version supported by this compiler.\n    [javac]   It is recommended that the compiler be upgraded.\n    [javac] warning: /home/cmd/jdk1.8.0_391/lib/ct.sym(META-INF/sym/rt.jar/java/lang/SecurityException.class): major version 52 is newer than 51, the highest major version supported by this compiler.\n    [javac]   It is recommended that the compiler be upgraded.\n    [javac] warning: /home/cmd/jdk1.8.0_391/lib/ct.sym(META-INF/sym/rt.jar/java/lang/NoSuchFieldException.class): major version 52 is newer than 51, the highest major version supported by this compiler.\n    [javac]   It is recommended that the compiler be upgraded.\n    [javac] warning: /home/cmd/jdk1.8.0_391/lib/ct.sym(META-INF/sym/rt.jar/java/lang/annotation/ElementType.class): major version 52 is newer than 51, the highest major version supported by this compiler.\n    [javac]   It is recommended that the compiler be upgraded.\n    [javac] warning: /home/cmd/jdk1.8.0_391/lib/ct.sym(META-INF/sym/rt.jar/java/lang/Enum.class): major version 52 is newer than 51, the highest major version supported by this compiler.\n    [javac]   It is recommended that the compiler be upgraded.\n    [javac] warning: /home/cmd/jdk1.8.0_391/lib/ct.sym(META-INF/sym/rt.jar/java/lang/annotation/Retention.class): major version 52 is newer than 51, the highest major version supported by this compiler.\n    [javac]   It is recommended that the compiler be upgraded.\n    [javac] warning: /home/cmd/jdk1.8.0_391/lib/ct.sym(META-INF/sym/rt.jar/java/lang/annotation/RetentionPolicy.class): major version 52 is newer than 51, the highest major version supported by this compiler.\n    [javac]   It is recommended that the compiler be upgraded.\n    [javac] warning: /home/cmd/jdk1.8.0_391/lib/ct.sym(META-INF/sym/rt.jar/java/lang/annotation/Target.class): major version 52 is newer than 51, the highest major version supported by this compiler.\n    [javac]   It is recommended that the compiler be upgraded.\n    [javac] warning: /home/cmd/jdk1.8.0_391/lib/ct.sym(META-INF/sym/rt.jar/java/lang/annotation/Annotation.class): major version 52 is newer than 51, the highest major version supported by this compiler.\n    [javac]   It is recommended that the compiler be upgraded.\n    [javac] /data/cmd/Ming/llm-fl-apr/tmp/Mockito_34-prompt_apr_5-deepseek-chat/src/org/mockito/configuration/DefaultMockitoConfiguration.java:7: warning: [deprecation] ReturnValues in org.mockito has been deprecated\n    [javac] import org.mockito.ReturnValues;\n    [javac]                   ^\n    [javac] /data/cmd/Ming/llm-fl-apr/tmp/Mockito_34-prompt_apr_5-deepseek-chat/src/org/mockito/configuration/IMockitoConfiguration.java:7: warning: [deprecation] ReturnValues in org.mockito has been deprecated\n    [javac] import org.mockito.ReturnValues;\n    [javac]                   ^\n    [javac] warning: /home/cmd/jdk1.8.0_391/lib/ct.sym(META-INF/sym/rt.jar/java/lang/AssertionError.class): major version 52 is newer than 51, the highest major version supported by this compiler.\n    [javac]   It is recommended that the compiler be upgraded.\n    [javac] warning: /home/cmd/jdk1.8.0_391/lib/ct.sym(META-INF/sym/rt.jar/java/lang/Error.class): major version 52 is newer than 51, the highest major version supported by this compiler.\n    [javac]   It is recommended that the compiler be upgraded.\n    [javac] warning: /home/cmd/jdk1.8.0_391/lib/ct.sym(META-INF/sym/rt.jar/java/lang/RuntimeException.class): major version 52 is newer than 51, the highest major version supported by this compiler.\n    [javac]   It is recommended that the compiler be upgraded.\n    [javac] warning: /home/cmd/jdk1.8.0_391/lib/ct.sym(META-INF/sym/rt.jar/java/lang/Exception.class): major version 52 is newer than 51, the highest major version supported by this compiler.\n    [javac]   It is recommended that the compiler be upgraded.\n    [javac] /data/cmd/Ming/llm-fl-apr/tmp/Mockito_34-prompt_apr_5-deepseek-chat/src/org/mockito/internal/configuration/GlobalConfiguration.java:7: warning: [deprecation] ReturnValues in org.mockito has been deprecated\n    [javac] import org.mockito.ReturnValues;\n    [javac]                   ^\n    [javac] warning: /home/cmd/jdk1.8.0_391/lib/ct.sym(META-INF/sym/rt.jar/java/lang/ThreadLocal.class): major version 52 is newer than 51, the highest major version supported by this compiler.\n    [javac]   It is recommended that the compiler be upgraded.\n    [javac] warning: /home/cmd/jdk1.8.0_391/lib/ct.sym(META-INF/sym/rt.jar/java/lang/Thread.class): major version 52 is newer than 51, the highest major version supported by this compiler.\n    [javac]   It is recommended that the compiler be upgraded.\n    [javac] warning: /home/cmd/jdk1.8.0_391/lib/ct.sym(META-INF/sym/rt.jar/java/lang/Runnable.class): major version 52 is newer than 51, the highest major version supported by this compiler.\n    [javac]   It is recommended that the compiler be upgraded.\n    [javac] warning: /home/cmd/jdk1.8.0_391/lib/ct.sym(META-INF/sym/rt.jar/java/lang/Thread$WeakClassKey.class): major version 52 is newer than 51, the highest major version supported by this compiler.\n    [javac]   It is recommended that the compiler be upgraded.\n    [javac] warning: /home/cmd/jdk1.8.0_391/lib/ct.sym(META-INF/sym/rt.jar/java/lang/Thread$UncaughtExceptionHandler.class): major version 52 is newer than 51, the highest major version supported by this compiler.\n    [javac]   It is recommended that the compiler be upgraded.\n    [javac] warning: /home/cmd/jdk1.8.0_391/lib/ct.sym(META-INF/sym/rt.jar/java/lang/Thread$State.class): major version 52 is newer than 51, the highest major version supported by this compiler.\n    [javac]   It is recommended that the compiler be upgraded.\n    [javac] warning: /home/cmd/jdk1.8.0_391/lib/ct.sym(META-INF/sym/rt.jar/java/lang/Thread$Caches.class): major version 52 is newer than 51, the highest major version supported by this compiler.\n    [javac]   It is recommended that the compiler be upgraded.\n    [javac] warning: /home/cmd/jdk1.8.0_391/lib/ct.sym(META-INF/sym/rt.jar/java/lang/ClassLoader.class): major version 52 is newer than 51, the highest major version supported by this compiler.\n    [javac]   It is recommended that the compiler be upgraded.\n    [javac] warning: /home/cmd/jdk1.8.0_391/lib/ct.sym(META-INF/sym/rt.jar/java/lang/ClassNotFoundException.class): major version 52 is newer than 51, the highest major version supported by this compiler.\n    [javac]   It is recommended that the compiler be upgraded.\n    [javac] warning: /home/cmd/jdk1.8.0_391/lib/ct.sym(META-INF/sym/rt.jar/java/util/Arrays$ArrayList.class): major version 52 is newer than 51, the highest major version supported by this compiler.\n    [javac]   It is recommended that the compiler be upgraded.\n    [javac] warning: /home/cmd/jdk1.8.0_391/lib/ct.sym(META-INF/sym/rt.jar/java/util/Arrays$LegacyMergeSort.class): major version 52 is newer than 51, the highest major version supported by this compiler.\n    [javac]   It is recommended that the compiler be upgraded.\n    [javac] warning: /home/cmd/jdk1.8.0_391/lib/ct.sym(META-INF/sym/rt.jar/java/util/Arrays$NaturalOrder.class): major version 52 is newer than 51, the highest major version supported by this compiler.\n    [javac]   It is recommended that the compiler be upgraded.\n    [javac] warning: /home/cmd/jdk1.8.0_391/lib/ct.sym(META-INF/sym/rt.jar/java/util/Comparator.class): major version 52 is newer than 51, the highest major version supported by this compiler.\n    [javac]   It is recommended that the compiler be upgraded.\n    [javac] warning: /home/cmd/jdk1.8.0_391/lib/ct.sym(META-INF/sym/rt.jar/java/lang/reflect/Array.class): major version 52 is newer than 51, the highest major version supported by this compiler.\n    [javac]   It is recommended that the compiler be upgraded.\n    [javac] warning: /home/cmd/jdk1.8.0_391/lib/ct.sym(META-INF/sym/rt.jar/java/lang/Number.class): major version 52 is newer than 51, the highest major version supported by this compiler.\n    [javac]   It is recommended that the compiler be upgraded.\n    [javac] warning: /home/cmd/jdk1.8.0_391/lib/ct.sym(META-INF/sym/rt.jar/java/util/regex/Pattern.class): major version 52 is newer than 51, the highest major version supported by this compiler.\n    [javac]   It is recommended that the compiler be upgraded.\n    [javac] warning: /home/cmd/jdk1.8.0_391/lib/ct.sym(META-INF/sym/rt.jar/java/lang/reflect/AccessibleObject.class): major version 52 is newer than 51, the highest major version supported by this compiler.\n    [javac]   It is recommended that the compiler be upgraded.\n    [javac] warning: /home/cmd/jdk1.8.0_391/lib/ct.sym(META-INF/sym/rt.jar/java/lang/reflect/Modifier.class): major version 52 is newer than 51, the highest major version supported by this compiler.\n    [javac]   It is recommended that the compiler be upgraded.\n    [javac] warning: /home/cmd/jdk1.8.0_391/lib/ct.sym(META-INF/sym/rt.jar/java/util/Stack.class): major version 52 is newer than 51, the highest major version supported by this compiler.\n    [javac]   It is recommended that the compiler be upgraded.\n    [javac] /data/cmd/Ming/llm-fl-apr/tmp/Mockito_34-prompt_apr_5-deepseek-chat/src/org/mockito/internal/runners/JUnit44RunnerImpl.java:7: warning: [deprecation] InitializationError in org.junit.internal.runners has been deprecated\n    [javac] import org.junit.internal.runners.InitializationError;\n    [javac]                                  ^\n    [javac] /data/cmd/Ming/llm-fl-apr/tmp/Mockito_34-prompt_apr_5-deepseek-chat/src/org/mockito/internal/runners/JUnit44RunnerImpl.java:8: warning: [deprecation] JUnit4ClassRunner in org.junit.internal.runners has been deprecated\n    [javac] import org.junit.internal.runners.JUnit4ClassRunner;\n    [javac]                                  ^\n    [javac] warning: /home/cmd/jdk1.8.0_391/lib/ct.sym(META-INF/sym/rt.jar/java/lang/reflect/InvocationTargetException.class): major version 52 is newer than 51, the highest major version supported by this compiler.\n    [javac]   It is recommended that the compiler be upgraded.\n    [javac] warning: /home/cmd/jdk1.8.0_391/lib/ct.sym(META-INF/sym/rt.jar/java/lang/reflect/Constructor.class): major version 52 is newer than 51, the highest major version supported by this compiler.\n    [javac]   It is recommended that the compiler be upgraded.\n    [javac] /data/cmd/Ming/llm-fl-apr/tmp/Mockito_34-prompt_apr_5-deepseek-chat/src/org/mockito/internal/stubbing/answers/AnswerReturnValuesAdapter.java:9: warning: [deprecation] ReturnValues in org.mockito has been deprecated\n    [javac] import org.mockito.ReturnValues;\n    [javac]                   ^\n    [javac] warning: /home/cmd/jdk1.8.0_391/lib/ct.sym(META-INF/sym/rt.jar/java/util/LinkedHashMap.class): major version 52 is newer than 51, the highest major version supported by this compiler.\n    [javac]   It is recommended that the compiler be upgraded.\n    [javac] warning: /home/cmd/jdk1.8.0_391/lib/ct.sym(META-INF/sym/rt.jar/java/util/LinkedHashSet.class): major version 52 is newer than 51, the highest major version supported by this compiler.\n    [javac]   It is recommended that the compiler be upgraded.\n    [javac] warning: /home/cmd/jdk1.8.0_391/lib/ct.sym(META-INF/sym/rt.jar/java/util/SortedMap.class): major version 52 is newer than 51, the highest major version supported by this compiler.\n    [javac]   It is recommended that the compiler be upgraded.\n    [javac] warning: /home/cmd/jdk1.8.0_391/lib/ct.sym(META-INF/sym/rt.jar/java/util/SortedSet.class): major version 52 is newer than 51, the highest major version supported by this compiler.\n    [javac]   It is recommended that the compiler be upgraded.\n    [javac] warning: /home/cmd/jdk1.8.0_391/lib/ct.sym(META-INF/sym/rt.jar/java/util/TreeMap.class): major version 52 is newer than 51, the highest major version supported by this compiler.\n    [javac]   It is recommended that the compiler be upgraded.\n    [javac] warning: /home/cmd/jdk1.8.0_391/lib/ct.sym(META-INF/sym/rt.jar/java/util/TreeSet.class): major version 52 is newer than 51, the highest major version supported by this compiler.\n    [javac]   It is recommended that the compiler be upgraded.\n    [javac] warning: /home/cmd/jdk1.8.0_391/lib/ct.sym(META-INF/sym/rt.jar/java/util/regex/Matcher.class): major version 52 is newer than 51, the highest major version supported by this compiler.\n    [javac]   It is recommended that the compiler be upgraded.\n    [javac] warning: /home/cmd/jdk1.8.0_391/lib/ct.sym(META-INF/sym/rt.jar/java/lang/IllegalAccessException.class): major version 52 is newer than 51, the highest major version supported by this compiler.\n    [javac]   It is recommended that the compiler be upgraded.\n    [javac] /home/cmd/jdk1.8.0_391/lib/ct.sym(META-INF/sym/rt.jar/java/lang/Object.class): warning: Cannot find annotation method 'value()' in type 'Profile+Annotation': class file for jdk.Profile+Annotation not found\n    [javac] /home/cmd/jdk1.8.0_391/lib/ct.sym(META-INF/sym/rt.jar/java/lang/Comparable.class): warning: Cannot find annotation method 'value()' in type 'Profile+Annotation'\n    [javac] /home/cmd/jdk1.8.0_391/lib/ct.sym(META-INF/sym/rt.jar/java/lang/String.class): warning: Cannot find annotation method 'value()' in type 'Profile+Annotation'\n    [javac] /home/cmd/jdk1.8.0_391/lib/ct.sym(META-INF/sym/rt.jar/java/util/HashMap.class): warning: Cannot find annotation method 'value()' in type 'Profile+Annotation'\n    [javac] /home/cmd/jdk1.8.0_391/lib/ct.sym(META-INF/sym/rt.jar/java/util/Map.class): warning: Cannot find annotation method 'value()' in type 'Profile+Annotation'\n    [javac] /home/cmd/jdk1.8.0_391/lib/ct.sym(META-INF/sym/rt.jar/java/lang/SuppressWarnings.class): warning: Cannot find annotation method 'value()' in type 'Profile+Annotation'\n    [javac] /home/cmd/jdk1.8.0_391/lib/ct.sym(META-INF/sym/rt.jar/java/util/HashSet.class): warning: Cannot find annotation method 'value()' in type 'Profile+Annotation'\n    [javac] /home/cmd/jdk1.8.0_391/lib/ct.sym(META-INF/sym/rt.jar/java/util/LinkedList.class): warning: Cannot find annotation method 'value()' in type 'Profile+Annotation'\n    [javac] /home/cmd/jdk1.8.0_391/lib/ct.sym(META-INF/sym/rt.jar/java/util/List.class): warning: Cannot find annotation method 'value()' in type 'Profile+Annotation'\n    [javac] /home/cmd/jdk1.8.0_391/lib/ct.sym(META-INF/sym/rt.jar/java/util/Set.class): warning: Cannot find annotation method 'value()' in type 'Profile+Annotation'\n    [javac] /home/cmd/jdk1.8.0_391/lib/ct.sym(META-INF/sym/rt.jar/java/lang/reflect/Method.class): warning: Cannot find annotation method 'value()' in type 'Profile+Annotation'\n    [javac] /home/cmd/jdk1.8.0_391/lib/ct.sym(META-INF/sym/rt.jar/java/util/ArrayList.class): warning: Cannot find annotation method 'value()' in type 'Profile+Annotation'\n    [javac] /home/cmd/jdk1.8.0_391/lib/ct.sym(META-INF/sym/rt.jar/java/util/Arrays.class): warning: Cannot find annotation method 'value()' in type 'Profile+Annotation'\n    [javac] /home/cmd/jdk1.8.0_391/lib/ct.sym(META-INF/sym/rt.jar/java/io/Serializable.class): warning: Cannot find annotation method 'value()' in type 'Profile+Annotation'\n    [javac] /home/cmd/jdk1.8.0_391/lib/ct.sym(META-INF/sym/rt.jar/java/util/Iterator.class): warning: Cannot find annotation method 'value()' in type 'Profile+Annotation'\n    [javac] /home/cmd/jdk1.8.0_391/lib/ct.sym(META-INF/sym/rt.jar/java/lang/Class.class): warning: Cannot find annotation method 'value()' in type 'Profile+Annotation'\n    [javac] /home/cmd/jdk1.8.0_391/lib/ct.sym(META-INF/sym/rt.jar/java/lang/Integer.class): warning: Cannot find annotation method 'value()' in type 'Profile+Annotation'\n    [javac] /home/cmd/jdk1.8.0_391/lib/ct.sym(META-INF/sym/rt.jar/java/lang/Throwable.class): warning: Cannot find annotation method 'value()' in type 'Profile+Annotation'\n    [javac] /home/cmd/jdk1.8.0_391/lib/ct.sym(META-INF/sym/rt.jar/java/util/Collections.class): warning: Cannot find annotation method 'value()' in type 'Profile+Annotation'\n    [javac] warning: /home/cmd/jdk1.8.0_391/lib/ct.sym(META-INF/sym/rt.jar/java/lang/Override.class): major version 52 is newer than 51, the highest major version supported by this compiler.\n    [javac]   It is recommended that the compiler be upgraded.\n    [javac] /data/cmd/Ming/llm-fl-apr/tmp/Mockito_34-prompt_apr_5-deepseek-chat/src/org/mockito/internal/invocation/InvocationMatcher.java:105: error: cannot find symbol\n    [javac]             if (m instanceof CapturesArguments && k < i.getArguments().length) {            if (m instanceof CapturesArguments) {\n    [javac]                 ^\n    [javac]   symbol:   variable m\n    [javac]   location: class InvocationMatcher\n    [javac] /data/cmd/Ming/llm-fl-apr/tmp/Mockito_34-prompt_apr_5-deepseek-chat/src/org/mockito/internal/invocation/InvocationMatcher.java:105: error: cannot find symbol\n    [javac]             if (m instanceof CapturesArguments && k < i.getArguments().length) {            if (m instanceof CapturesArguments) {\n    [javac]                                                                                                 ^\n    [javac]   symbol:   variable m\n    [javac]   location: class InvocationMatcher\n    [javac] /data/cmd/Ming/llm-fl-apr/tmp/Mockito_34-prompt_apr_5-deepseek-chat/src/org/mockito/internal/invocation/InvocationMatcher.java:106: error: cannot find symbol\n    [javac]                 ((CapturesArguments) m).captureFrom(i.getArguments()[k]);\n    [javac]                                      ^\n    [javac]   symbol:   variable m\n    [javac]   location: class InvocationMatcher\n    [javac] 3 errors\n    [javac] 100 warnings\n\nBUILD FAILED\n/data/cmd/Ming/LLM_Based-Mutation/tools/mutant/defects4j-2.1.0/framework/projects/Mockito/Mockito.build.xml:148: The following error occurred while executing this line:\n/data/cmd/Ming/LLM_Based-Mutation/tools/mutant/defects4j-2.1.0/framework/projects/Mockito/Mockito.build.xml:69: The following error occurred while executing this line:\n/data/cmd/Ming/llm-fl-apr/tmp/Mockito_34-prompt_apr_5-deepseek-chat/build.xml:76: Compile failed; see the compiler error output for details.\n\nTotal time: 5 seconds\nCannot compile sources! at /data/cmd/Ming/LLM_Based-Mutation/tools/mutant/defects4j-2.1.0/framework/bin/d4j/d4j-compile line 82.\nCompilation failed in require at /data/cmd/Ming/LLM_Based-Mutation/tools/mutant/defects4j-2.1.0/framework/bin/defects4j line 195.\n"
                }
            }
        },
        "prompt_apr_6": {
            "ernie-3.5-128k": {
                "compile": {
                    "rc": 1,
                    "so": "",
                    "se": "Running ant (compile)...................................................... FAIL\nExecuted command:  cd /data/cmd/Ming/llm-fl-apr/tmp/Mockito_34-prompt_apr_6-ernie-3.5-128k && ant -f /data/cmd/Ming/LLM_Based-Mutation/tools/mutant/defects4j-2.1.0/framework/projects/defects4j.build.xml -Dd4j.home=/data/cmd/Ming/LLM_Based-Mutation/tools/mutant/defects4j-2.1.0 -Dd4j.dir.projects=/data/cmd/Ming/LLM_Based-Mutation/tools/mutant/defects4j-2.1.0/framework/projects -Dbasedir=/data/cmd/Ming/llm-fl-apr/tmp/Mockito_34-prompt_apr_6-ernie-3.5-128k -Dbuild.compiler=javac1.7  compile 2>&1\nJava HotSpot(TM) 64-Bit Server VM warning: ignoring option MaxPermSize=256M; support was removed in 8.0\nBuildfile: /data/cmd/Ming/LLM_Based-Mutation/tools/mutant/defects4j-2.1.0/framework/projects/defects4j.build.xml\n\ncompile:\n\ngradle.compile:\n\nant.compile:\n\nclean:\n\nprepare:\n    [mkdir] Created dir: /data/cmd/Ming/llm-fl-apr/tmp/Mockito_34-prompt_apr_6-ernie-3.5-128k/target/classes\n    [mkdir] Created dir: /data/cmd/Ming/llm-fl-apr/tmp/Mockito_34-prompt_apr_6-ernie-3.5-128k/target/test-classes\n    [mkdir] Created dir: /data/cmd/Ming/llm-fl-apr/tmp/Mockito_34-prompt_apr_6-ernie-3.5-128k/target/reports/junit\n\ncompile:\n    [javac] /data/cmd/Ming/llm-fl-apr/tmp/Mockito_34-prompt_apr_6-ernie-3.5-128k/build.xml:76: warning: 'includeantruntime' was not set, defaulting to build.sysclasspath=last; set to false for repeatable builds\n    [javac] Compiling 199 source files to /data/cmd/Ming/llm-fl-apr/tmp/Mockito_34-prompt_apr_6-ernie-3.5-128k/target/classes\n    [javac] warning: [options] bootstrap class path not set in conjunction with -source 1.5\n    [javac] /data/cmd/Ming/llm-fl-apr/tmp/Mockito_34-prompt_apr_6-ernie-3.5-128k/src/org/mockito/internal/invocation/InvocationMatcher.java:111: error: reached end of file while parsing\n    [javac] }\n    [javac]  ^\n    [javac] 1 error\n    [javac] 1 warning\n\nBUILD FAILED\n/data/cmd/Ming/LLM_Based-Mutation/tools/mutant/defects4j-2.1.0/framework/projects/Mockito/Mockito.build.xml:148: The following error occurred while executing this line:\n/data/cmd/Ming/LLM_Based-Mutation/tools/mutant/defects4j-2.1.0/framework/projects/Mockito/Mockito.build.xml:69: The following error occurred while executing this line:\n/data/cmd/Ming/llm-fl-apr/tmp/Mockito_34-prompt_apr_6-ernie-3.5-128k/build.xml:76: Compile failed; see the compiler error output for details.\n\nTotal time: 3 seconds\nCannot compile sources! at /data/cmd/Ming/LLM_Based-Mutation/tools/mutant/defects4j-2.1.0/framework/bin/d4j/d4j-compile line 82.\nCompilation failed in require at /data/cmd/Ming/LLM_Based-Mutation/tools/mutant/defects4j-2.1.0/framework/bin/defects4j line 195.\n"
                }
            },
            "qwen-turbo": {
                "compile": {
                    "rc": 1,
                    "so": "",
                    "se": "Running ant (compile)...................................................... FAIL\nExecuted command:  cd /data/cmd/Ming/llm-fl-apr/tmp/Mockito_34-prompt_apr_6-qwen-turbo && ant -f /data/cmd/Ming/LLM_Based-Mutation/tools/mutant/defects4j-2.1.0/framework/projects/defects4j.build.xml -Dd4j.home=/data/cmd/Ming/LLM_Based-Mutation/tools/mutant/defects4j-2.1.0 -Dd4j.dir.projects=/data/cmd/Ming/LLM_Based-Mutation/tools/mutant/defects4j-2.1.0/framework/projects -Dbasedir=/data/cmd/Ming/llm-fl-apr/tmp/Mockito_34-prompt_apr_6-qwen-turbo -Dbuild.compiler=javac1.7  compile 2>&1\nJava HotSpot(TM) 64-Bit Server VM warning: ignoring option MaxPermSize=256M; support was removed in 8.0\nBuildfile: /data/cmd/Ming/LLM_Based-Mutation/tools/mutant/defects4j-2.1.0/framework/projects/defects4j.build.xml\n\ncompile:\n\ngradle.compile:\n\nant.compile:\n\nclean:\n\nprepare:\n    [mkdir] Created dir: /data/cmd/Ming/llm-fl-apr/tmp/Mockito_34-prompt_apr_6-qwen-turbo/target/classes\n    [mkdir] Created dir: /data/cmd/Ming/llm-fl-apr/tmp/Mockito_34-prompt_apr_6-qwen-turbo/target/test-classes\n    [mkdir] Created dir: /data/cmd/Ming/llm-fl-apr/tmp/Mockito_34-prompt_apr_6-qwen-turbo/target/reports/junit\n\ncompile:\n    [javac] /data/cmd/Ming/llm-fl-apr/tmp/Mockito_34-prompt_apr_6-qwen-turbo/build.xml:76: warning: 'includeantruntime' was not set, defaulting to build.sysclasspath=last; set to false for repeatable builds\n    [javac] Compiling 199 source files to /data/cmd/Ming/llm-fl-apr/tmp/Mockito_34-prompt_apr_6-qwen-turbo/target/classes\n    [javac] warning: [options] bootstrap class path not set in conjunction with -source 1.5\n    [javac] /data/cmd/Ming/llm-fl-apr/tmp/Mockito_34-prompt_apr_6-qwen-turbo/src/org/mockito/internal/invocation/InvocationMatcher.java:111: error: class, interface, or enum expected\n    [javac] }\n    [javac] ^\n    [javac] 1 error\n    [javac] 1 warning\n\nBUILD FAILED\n/data/cmd/Ming/LLM_Based-Mutation/tools/mutant/defects4j-2.1.0/framework/projects/Mockito/Mockito.build.xml:148: The following error occurred while executing this line:\n/data/cmd/Ming/LLM_Based-Mutation/tools/mutant/defects4j-2.1.0/framework/projects/Mockito/Mockito.build.xml:69: The following error occurred while executing this line:\n/data/cmd/Ming/llm-fl-apr/tmp/Mockito_34-prompt_apr_6-qwen-turbo/build.xml:76: Compile failed; see the compiler error output for details.\n\nTotal time: 3 seconds\nCannot compile sources! at /data/cmd/Ming/LLM_Based-Mutation/tools/mutant/defects4j-2.1.0/framework/bin/d4j/d4j-compile line 82.\nCompilation failed in require at /data/cmd/Ming/LLM_Based-Mutation/tools/mutant/defects4j-2.1.0/framework/bin/defects4j line 195.\n"
                }
            },
            "doubao-pro-4k": {
                "compile": {
                    "rc": 1,
                    "so": "",
                    "se": "Running ant (compile)...................................................... FAIL\nExecuted command:  cd /data/cmd/Ming/llm-fl-apr/tmp/Mockito_34-prompt_apr_6-doubao-pro-4k && ant -f /data/cmd/Ming/LLM_Based-Mutation/tools/mutant/defects4j-2.1.0/framework/projects/defects4j.build.xml -Dd4j.home=/data/cmd/Ming/LLM_Based-Mutation/tools/mutant/defects4j-2.1.0 -Dd4j.dir.projects=/data/cmd/Ming/LLM_Based-Mutation/tools/mutant/defects4j-2.1.0/framework/projects -Dbasedir=/data/cmd/Ming/llm-fl-apr/tmp/Mockito_34-prompt_apr_6-doubao-pro-4k -Dbuild.compiler=javac1.7  compile 2>&1\nJava HotSpot(TM) 64-Bit Server VM warning: ignoring option MaxPermSize=256M; support was removed in 8.0\nBuildfile: /data/cmd/Ming/LLM_Based-Mutation/tools/mutant/defects4j-2.1.0/framework/projects/defects4j.build.xml\n\ncompile:\n\ngradle.compile:\n\nant.compile:\n\nclean:\n\nprepare:\n    [mkdir] Created dir: /data/cmd/Ming/llm-fl-apr/tmp/Mockito_34-prompt_apr_6-doubao-pro-4k/target/classes\n    [mkdir] Created dir: /data/cmd/Ming/llm-fl-apr/tmp/Mockito_34-prompt_apr_6-doubao-pro-4k/target/test-classes\n    [mkdir] Created dir: /data/cmd/Ming/llm-fl-apr/tmp/Mockito_34-prompt_apr_6-doubao-pro-4k/target/reports/junit\n\ncompile:\n    [javac] /data/cmd/Ming/llm-fl-apr/tmp/Mockito_34-prompt_apr_6-doubao-pro-4k/build.xml:76: warning: 'includeantruntime' was not set, defaulting to build.sysclasspath=last; set to false for repeatable builds\n    [javac] Compiling 199 source files to /data/cmd/Ming/llm-fl-apr/tmp/Mockito_34-prompt_apr_6-doubao-pro-4k/target/classes\n    [javac] warning: [options] bootstrap class path not set in conjunction with -source 1.5\n    [javac] /data/cmd/Ming/llm-fl-apr/tmp/Mockito_34-prompt_apr_6-doubao-pro-4k/src/org/mockito/internal/invocation/InvocationMatcher.java:111: error: reached end of file while parsing\n    [javac] }\n    [javac]  ^\n    [javac] 1 error\n    [javac] 1 warning\n\nBUILD FAILED\n/data/cmd/Ming/LLM_Based-Mutation/tools/mutant/defects4j-2.1.0/framework/projects/Mockito/Mockito.build.xml:148: The following error occurred while executing this line:\n/data/cmd/Ming/LLM_Based-Mutation/tools/mutant/defects4j-2.1.0/framework/projects/Mockito/Mockito.build.xml:69: The following error occurred while executing this line:\n/data/cmd/Ming/llm-fl-apr/tmp/Mockito_34-prompt_apr_6-doubao-pro-4k/build.xml:76: Compile failed; see the compiler error output for details.\n\nTotal time: 3 seconds\nCannot compile sources! at /data/cmd/Ming/LLM_Based-Mutation/tools/mutant/defects4j-2.1.0/framework/bin/d4j/d4j-compile line 82.\nCompilation failed in require at /data/cmd/Ming/LLM_Based-Mutation/tools/mutant/defects4j-2.1.0/framework/bin/defects4j line 195.\n"
                }
            },
            "gpt-4o-mini": {
                "compile": {
                    "rc": 0,
                    "so": "",
                    "se": "Running ant (compile)...................................................... OK\nRunning ant (compile.tests)................................................ OK\n"
                },
                "test": {
                    "rc": 0,
                    "so": "Failing tests: 2\n  - org.mockito.internal.invocation.InvocationMatcherTest::shouldMatchCaptureArgumentsWhenArgsCountDoesNOTMatch\n  - org.mockitousage.basicapi.UsingVarargsTest::shouldMatchEasilyEmptyVararg\n",
                    "se": "Running ant (compile.tests)................................................ OK\nRunning ant (run.dev.tests)................................................ OK\n"
                }
            },
            "deepseek-chat": {
                "compile": {
                    "rc": 0,
                    "so": "",
                    "se": "Running ant (compile)...................................................... OK\nRunning ant (compile.tests)................................................ OK\n"
                },
                "test": {
                    "rc": 0,
                    "so": "Failing tests: 0\n",
                    "se": "Running ant (compile.tests)................................................ OK\nRunning ant (run.dev.tests)................................................ OK\n"
                }
            }
        }
    }
}