[
    {
        "prompt_fl_1": "\nsource code:\npublic <T> T newInstance(Class<T> cls) {\n        if (outerClassInstance == null) {\n            return noArgConstructor(cls);\n        }\n        return withOuterClass(cls);\n    }\n\nThere is a bug in the above code, please help me locate it.\n\nPlease output **only one integer**: the line number of the buggy code (The code starts from line 1). Do not provide any explanations or additional content.\n",
        "prompt_fl_2": "\nsource code:\npublic <T> T newInstance(Class<T> cls) {\n        if (outerClassInstance == null) {\n            return noArgConstructor(cls);\n        }\n        return withOuterClass(cls);\n    }\n\nstack trace:\norg.mockito.internal.creation.instance.ConstructorInstantiatorTest::creates_instances_of_inner_classes\norg.mockito.internal.creation.instance.InstantationException: Unable to create mock instance of 'SomeInnerClass'.\nPlease ensure that the outer instance has correct type and that the target class has parameter-less constructor.\n\tat org.mockito.internal.creation.instance.ConstructorInstantiator.paramsException(ConstructorInstantiator.java:33)\n\tat org.mockito.internal.creation.instance.ConstructorInstantiator.withOuterClass(ConstructorInstantiator.java:27)\n\tat org.mockito.internal.creation.instance.ConstructorInstantiator.newInstance(ConstructorInstantiator.java:17)\n\tat org.mockito.internal.creation.instance.ConstructorInstantiatorTest.creates_instances_of_inner_classes(ConstructorInstantiatorTest.java:21)\n\tat sun.reflect.NativeMethodAccessorImpl.invoke0(Native Method)\n\tat sun.reflect.NativeMethodAccessorImpl.invoke(NativeMethodAccessorImpl.java:62)\n\tat sun.reflect.DelegatingMethodAccessorImpl.invoke(DelegatingMethodAccessorImpl.java:43)\n\tat java.lang.reflect.Method.invoke(Method.java:498)\n\tat org.junit.runners.model.FrameworkMethod$1.runReflectiveCall(FrameworkMethod.java:47)\n\tat org.junit.internal.runners.model.ReflectiveCallable.run(ReflectiveCallable.java:12)\n\tat org.junit.runners.model.FrameworkMethod.invokeExplosively(FrameworkMethod.java:44)\n\tat org.junit.internal.runners.statements.InvokeMethod.evaluate(InvokeMethod.java:17)\n\tat org.junit.internal.runners.statements.RunBefores.evaluate(RunBefores.java:26)\n\tat org.junit.internal.runners.statements.RunAfters.evaluate(RunAfters.java:27)\n\tat org.junit.runners.ParentRunner.runLeaf(ParentRunner.java:271)\n\tat org.junit.runners.BlockJUnit4ClassRunner.runChild(BlockJUnit4ClassRunner.java:70)\n\tat org.junit.runners.BlockJUnit4ClassRunner.runChild(BlockJUnit4ClassRunner.java:50)\n\tat org.junit.runners.ParentRunner$3.run(ParentRunner.java:238)\n\tat org.junit.runners.ParentRunner$1.schedule(ParentRunner.java:63)\n\tat org.junit.runners.ParentRunner.runChildren(ParentRunner.java:236)\n\tat org.junit.runners.ParentRunner.access$000(ParentRunner.java:53)\n\tat org.junit.runners.ParentRunner$2.evaluate(ParentRunner.java:229)\n\tat org.junit.runners.ParentRunner.run(ParentRunner.java:309)\n\tat junit.framework.JUnit4TestAdapter.run(JUnit4TestAdapter.java:38)\n\tat org.apache.tools.ant.taskdefs.optional.junit.JUnitTestRunner.run(JUnitTestRunner.java:534)\n\tat org.apache.tools.ant.taskdefs.optional.junit.JUnitTask.executeInVM(JUnitTask.java:1617)\n\tat org.apache.tools.ant.taskdefs.optional.junit.JUnitTask.execute(JUnitTask.java:1039)\n\tat org.apache.tools.ant.taskdefs.optional.junit.JUnitTask.executeOrQueue(JUnitTask.java:2162)\n\tat org.apache.tools.ant.taskdefs.optional.junit.JUnitTask.execute(JUnitTask.java:853)\n\tat org.apache.tools.ant.UnknownElement.execute(UnknownElement.java:292)\n\tat sun.reflect.GeneratedMethodAccessor4.invoke(Unknown Source)\n\tat sun.reflect.DelegatingMethodAccessorImpl.invoke(DelegatingMethodAccessorImpl.java:43)\n\tat java.lang.reflect.Method.invoke(Method.java:498)\n\tat org.apache.tools.ant.dispatch.DispatchUtils.execute(DispatchUtils.java:99)\n\tat org.apache.tools.ant.Task.perform(Task.java:350)\n\tat org.apache.tools.ant.Target.execute(Target.java:449)\n\tat org.apache.tools.ant.Target.performTasks(Target.java:470)\n\tat org.apache.tools.ant.Project.executeSortedTargets(Project.java:1388)\n\tat org.apache.tools.ant.Project.executeTarget(Project.java:1361)\n\tat org.apache.tools.ant.helper.DefaultExecutor.executeTargets(DefaultExecutor.java:41)\n\tat org.apache.tools.ant.Project.executeTargets(Project.java:1251)\n\tat org.apache.tools.ant.Main.runBuild(Main.java:834)\n\tat org.apache.tools.ant.Main.startAnt(Main.java:223)\n\tat org.apache.tools.ant.launch.Launcher.run(Launcher.java:284)\n\tat org.apache.tools.ant.launch.Launcher.main(Launcher.java:101)\nCaused by: java.lang.NoSuchMethodException: org.mockito.internal.creation.instance.ConstructorInstantiatorTest$SomeInnerClass.<init>(org.mockito.internal.creation.instance.ConstructorInstantiatorTest$ChildOfThis)\n\tat java.lang.Class.getConstructor0(Class.java:3082)\n\tat java.lang.Class.getDeclaredConstructor(Class.java:2178)\n\tat org.mockito.internal.creation.instance.ConstructorInstantiator.withOuterClass(ConstructorInstantiator.java:24)\n\t... 43 more\n\n\nThere is a bug in the above code, please help me locate it by considering the stack trace.\n\nPlease output **only one integer**: the line number of the buggy code (The code starts from line 1). Do not provide any explanations or additional content.\n",
        "prompt_fl_3": "\nsource code:\npublic <T> T newInstance(Class<T> cls) {\n        if (outerClassInstance == null) {\n            return noArgConstructor(cls);\n        }\n        return withOuterClass(cls);\n    }\n\nstack trace:\norg.mockito.internal.creation.instance.ConstructorInstantiatorTest::creates_instances_of_inner_classes\norg.mockito.internal.creation.instance.InstantationException: Unable to create mock instance of 'SomeInnerClass'.\nPlease ensure that the outer instance has correct type and that the target class has parameter-less constructor.\n\tat org.mockito.internal.creation.instance.ConstructorInstantiator.paramsException(ConstructorInstantiator.java:33)\n\tat org.mockito.internal.creation.instance.ConstructorInstantiator.withOuterClass(ConstructorInstantiator.java:27)\n\tat org.mockito.internal.creation.instance.ConstructorInstantiator.newInstance(ConstructorInstantiator.java:17)\n\tat org.mockito.internal.creation.instance.ConstructorInstantiatorTest.creates_instances_of_inner_classes(ConstructorInstantiatorTest.java:21)\n\tat sun.reflect.NativeMethodAccessorImpl.invoke0(Native Method)\n\tat sun.reflect.NativeMethodAccessorImpl.invoke(NativeMethodAccessorImpl.java:62)\n\tat sun.reflect.DelegatingMethodAccessorImpl.invoke(DelegatingMethodAccessorImpl.java:43)\n\tat java.lang.reflect.Method.invoke(Method.java:498)\n\tat org.junit.runners.model.FrameworkMethod$1.runReflectiveCall(FrameworkMethod.java:47)\n\tat org.junit.internal.runners.model.ReflectiveCallable.run(ReflectiveCallable.java:12)\n\tat org.junit.runners.model.FrameworkMethod.invokeExplosively(FrameworkMethod.java:44)\n\tat org.junit.internal.runners.statements.InvokeMethod.evaluate(InvokeMethod.java:17)\n\tat org.junit.internal.runners.statements.RunBefores.evaluate(RunBefores.java:26)\n\tat org.junit.internal.runners.statements.RunAfters.evaluate(RunAfters.java:27)\n\tat org.junit.runners.ParentRunner.runLeaf(ParentRunner.java:271)\n\tat org.junit.runners.BlockJUnit4ClassRunner.runChild(BlockJUnit4ClassRunner.java:70)\n\tat org.junit.runners.BlockJUnit4ClassRunner.runChild(BlockJUnit4ClassRunner.java:50)\n\tat org.junit.runners.ParentRunner$3.run(ParentRunner.java:238)\n\tat org.junit.runners.ParentRunner$1.schedule(ParentRunner.java:63)\n\tat org.junit.runners.ParentRunner.runChildren(ParentRunner.java:236)\n\tat org.junit.runners.ParentRunner.access$000(ParentRunner.java:53)\n\tat org.junit.runners.ParentRunner$2.evaluate(ParentRunner.java:229)\n\tat org.junit.runners.ParentRunner.run(ParentRunner.java:309)\n\tat junit.framework.JUnit4TestAdapter.run(JUnit4TestAdapter.java:38)\n\tat org.apache.tools.ant.taskdefs.optional.junit.JUnitTestRunner.run(JUnitTestRunner.java:534)\n\tat org.apache.tools.ant.taskdefs.optional.junit.JUnitTask.executeInVM(JUnitTask.java:1617)\n\tat org.apache.tools.ant.taskdefs.optional.junit.JUnitTask.execute(JUnitTask.java:1039)\n\tat org.apache.tools.ant.taskdefs.optional.junit.JUnitTask.executeOrQueue(JUnitTask.java:2162)\n\tat org.apache.tools.ant.taskdefs.optional.junit.JUnitTask.execute(JUnitTask.java:853)\n\tat org.apache.tools.ant.UnknownElement.execute(UnknownElement.java:292)\n\tat sun.reflect.GeneratedMethodAccessor4.invoke(Unknown Source)\n\tat sun.reflect.DelegatingMethodAccessorImpl.invoke(DelegatingMethodAccessorImpl.java:43)\n\tat java.lang.reflect.Method.invoke(Method.java:498)\n\tat org.apache.tools.ant.dispatch.DispatchUtils.execute(DispatchUtils.java:99)\n\tat org.apache.tools.ant.Task.perform(Task.java:350)\n\tat org.apache.tools.ant.Target.execute(Target.java:449)\n\tat org.apache.tools.ant.Target.performTasks(Target.java:470)\n\tat org.apache.tools.ant.Project.executeSortedTargets(Project.java:1388)\n\tat org.apache.tools.ant.Project.executeTarget(Project.java:1361)\n\tat org.apache.tools.ant.helper.DefaultExecutor.executeTargets(DefaultExecutor.java:41)\n\tat org.apache.tools.ant.Project.executeTargets(Project.java:1251)\n\tat org.apache.tools.ant.Main.runBuild(Main.java:834)\n\tat org.apache.tools.ant.Main.startAnt(Main.java:223)\n\tat org.apache.tools.ant.launch.Launcher.run(Launcher.java:284)\n\tat org.apache.tools.ant.launch.Launcher.main(Launcher.java:101)\nCaused by: java.lang.NoSuchMethodException: org.mockito.internal.creation.instance.ConstructorInstantiatorTest$SomeInnerClass.<init>(org.mockito.internal.creation.instance.ConstructorInstantiatorTest$ChildOfThis)\n\tat java.lang.Class.getConstructor0(Class.java:3082)\n\tat java.lang.Class.getDeclaredConstructor(Class.java:2178)\n\tat org.mockito.internal.creation.instance.ConstructorInstantiator.withOuterClass(ConstructorInstantiator.java:24)\n\t... 43 more\n\n\nfailure assertion code:\nassertEquals(new ConstructorInstantiator(new ChildOfThis()).newInstance(SomeInnerClass.class).getClass(), SomeInnerClass.class);\n\n\nThere is a bug in the above code, please help me locate it by considering the stack trace information and failure assertion code.\n\nPlease output **only one integer**: the line number of the buggy code (The code starts from line 1). Do not provide any explanations or additional content.\n",
        "prompt_fl_4": "\nsource code:\npublic <T> T newInstance(Class<T> cls) {\n        if (outerClassInstance == null) {\n            return noArgConstructor(cls);\n        }\n        return withOuterClass(cls);\n    }\n\nThere is a bug in the above code, please help me locate it.\n\nOutput **only** the exact buggy statement, with no line numbers, explanations, or additional content. Your response should contain just the buggy code line. Do not include ```java or ``` markers in the response.\n",
        "prompt_fl_5": "\nsource code:\npublic <T> T newInstance(Class<T> cls) {\n        if (outerClassInstance == null) {\n            return noArgConstructor(cls);\n        }\n        return withOuterClass(cls);\n    }\n\nstack trace:\norg.mockito.internal.creation.instance.ConstructorInstantiatorTest::creates_instances_of_inner_classes\norg.mockito.internal.creation.instance.InstantationException: Unable to create mock instance of 'SomeInnerClass'.\nPlease ensure that the outer instance has correct type and that the target class has parameter-less constructor.\n\tat org.mockito.internal.creation.instance.ConstructorInstantiator.paramsException(ConstructorInstantiator.java:33)\n\tat org.mockito.internal.creation.instance.ConstructorInstantiator.withOuterClass(ConstructorInstantiator.java:27)\n\tat org.mockito.internal.creation.instance.ConstructorInstantiator.newInstance(ConstructorInstantiator.java:17)\n\tat org.mockito.internal.creation.instance.ConstructorInstantiatorTest.creates_instances_of_inner_classes(ConstructorInstantiatorTest.java:21)\n\tat sun.reflect.NativeMethodAccessorImpl.invoke0(Native Method)\n\tat sun.reflect.NativeMethodAccessorImpl.invoke(NativeMethodAccessorImpl.java:62)\n\tat sun.reflect.DelegatingMethodAccessorImpl.invoke(DelegatingMethodAccessorImpl.java:43)\n\tat java.lang.reflect.Method.invoke(Method.java:498)\n\tat org.junit.runners.model.FrameworkMethod$1.runReflectiveCall(FrameworkMethod.java:47)\n\tat org.junit.internal.runners.model.ReflectiveCallable.run(ReflectiveCallable.java:12)\n\tat org.junit.runners.model.FrameworkMethod.invokeExplosively(FrameworkMethod.java:44)\n\tat org.junit.internal.runners.statements.InvokeMethod.evaluate(InvokeMethod.java:17)\n\tat org.junit.internal.runners.statements.RunBefores.evaluate(RunBefores.java:26)\n\tat org.junit.internal.runners.statements.RunAfters.evaluate(RunAfters.java:27)\n\tat org.junit.runners.ParentRunner.runLeaf(ParentRunner.java:271)\n\tat org.junit.runners.BlockJUnit4ClassRunner.runChild(BlockJUnit4ClassRunner.java:70)\n\tat org.junit.runners.BlockJUnit4ClassRunner.runChild(BlockJUnit4ClassRunner.java:50)\n\tat org.junit.runners.ParentRunner$3.run(ParentRunner.java:238)\n\tat org.junit.runners.ParentRunner$1.schedule(ParentRunner.java:63)\n\tat org.junit.runners.ParentRunner.runChildren(ParentRunner.java:236)\n\tat org.junit.runners.ParentRunner.access$000(ParentRunner.java:53)\n\tat org.junit.runners.ParentRunner$2.evaluate(ParentRunner.java:229)\n\tat org.junit.runners.ParentRunner.run(ParentRunner.java:309)\n\tat junit.framework.JUnit4TestAdapter.run(JUnit4TestAdapter.java:38)\n\tat org.apache.tools.ant.taskdefs.optional.junit.JUnitTestRunner.run(JUnitTestRunner.java:534)\n\tat org.apache.tools.ant.taskdefs.optional.junit.JUnitTask.executeInVM(JUnitTask.java:1617)\n\tat org.apache.tools.ant.taskdefs.optional.junit.JUnitTask.execute(JUnitTask.java:1039)\n\tat org.apache.tools.ant.taskdefs.optional.junit.JUnitTask.executeOrQueue(JUnitTask.java:2162)\n\tat org.apache.tools.ant.taskdefs.optional.junit.JUnitTask.execute(JUnitTask.java:853)\n\tat org.apache.tools.ant.UnknownElement.execute(UnknownElement.java:292)\n\tat sun.reflect.GeneratedMethodAccessor4.invoke(Unknown Source)\n\tat sun.reflect.DelegatingMethodAccessorImpl.invoke(DelegatingMethodAccessorImpl.java:43)\n\tat java.lang.reflect.Method.invoke(Method.java:498)\n\tat org.apache.tools.ant.dispatch.DispatchUtils.execute(DispatchUtils.java:99)\n\tat org.apache.tools.ant.Task.perform(Task.java:350)\n\tat org.apache.tools.ant.Target.execute(Target.java:449)\n\tat org.apache.tools.ant.Target.performTasks(Target.java:470)\n\tat org.apache.tools.ant.Project.executeSortedTargets(Project.java:1388)\n\tat org.apache.tools.ant.Project.executeTarget(Project.java:1361)\n\tat org.apache.tools.ant.helper.DefaultExecutor.executeTargets(DefaultExecutor.java:41)\n\tat org.apache.tools.ant.Project.executeTargets(Project.java:1251)\n\tat org.apache.tools.ant.Main.runBuild(Main.java:834)\n\tat org.apache.tools.ant.Main.startAnt(Main.java:223)\n\tat org.apache.tools.ant.launch.Launcher.run(Launcher.java:284)\n\tat org.apache.tools.ant.launch.Launcher.main(Launcher.java:101)\nCaused by: java.lang.NoSuchMethodException: org.mockito.internal.creation.instance.ConstructorInstantiatorTest$SomeInnerClass.<init>(org.mockito.internal.creation.instance.ConstructorInstantiatorTest$ChildOfThis)\n\tat java.lang.Class.getConstructor0(Class.java:3082)\n\tat java.lang.Class.getDeclaredConstructor(Class.java:2178)\n\tat org.mockito.internal.creation.instance.ConstructorInstantiator.withOuterClass(ConstructorInstantiator.java:24)\n\t... 43 more\n\n\nThere is a bug in the above code, please help me locate it by considering the stack trace.\n\nOutput **only** the exact buggy statement, with no line numbers, explanations, or additional content. Your response should contain just the buggy code line. Do not include ```java or ``` markers in the response.\n",
        "prompt_fl_6": "\nsource code:\npublic <T> T newInstance(Class<T> cls) {\n        if (outerClassInstance == null) {\n            return noArgConstructor(cls);\n        }\n        return withOuterClass(cls);\n    }\n\nstack trace:\norg.mockito.internal.creation.instance.ConstructorInstantiatorTest::creates_instances_of_inner_classes\norg.mockito.internal.creation.instance.InstantationException: Unable to create mock instance of 'SomeInnerClass'.\nPlease ensure that the outer instance has correct type and that the target class has parameter-less constructor.\n\tat org.mockito.internal.creation.instance.ConstructorInstantiator.paramsException(ConstructorInstantiator.java:33)\n\tat org.mockito.internal.creation.instance.ConstructorInstantiator.withOuterClass(ConstructorInstantiator.java:27)\n\tat org.mockito.internal.creation.instance.ConstructorInstantiator.newInstance(ConstructorInstantiator.java:17)\n\tat org.mockito.internal.creation.instance.ConstructorInstantiatorTest.creates_instances_of_inner_classes(ConstructorInstantiatorTest.java:21)\n\tat sun.reflect.NativeMethodAccessorImpl.invoke0(Native Method)\n\tat sun.reflect.NativeMethodAccessorImpl.invoke(NativeMethodAccessorImpl.java:62)\n\tat sun.reflect.DelegatingMethodAccessorImpl.invoke(DelegatingMethodAccessorImpl.java:43)\n\tat java.lang.reflect.Method.invoke(Method.java:498)\n\tat org.junit.runners.model.FrameworkMethod$1.runReflectiveCall(FrameworkMethod.java:47)\n\tat org.junit.internal.runners.model.ReflectiveCallable.run(ReflectiveCallable.java:12)\n\tat org.junit.runners.model.FrameworkMethod.invokeExplosively(FrameworkMethod.java:44)\n\tat org.junit.internal.runners.statements.InvokeMethod.evaluate(InvokeMethod.java:17)\n\tat org.junit.internal.runners.statements.RunBefores.evaluate(RunBefores.java:26)\n\tat org.junit.internal.runners.statements.RunAfters.evaluate(RunAfters.java:27)\n\tat org.junit.runners.ParentRunner.runLeaf(ParentRunner.java:271)\n\tat org.junit.runners.BlockJUnit4ClassRunner.runChild(BlockJUnit4ClassRunner.java:70)\n\tat org.junit.runners.BlockJUnit4ClassRunner.runChild(BlockJUnit4ClassRunner.java:50)\n\tat org.junit.runners.ParentRunner$3.run(ParentRunner.java:238)\n\tat org.junit.runners.ParentRunner$1.schedule(ParentRunner.java:63)\n\tat org.junit.runners.ParentRunner.runChildren(ParentRunner.java:236)\n\tat org.junit.runners.ParentRunner.access$000(ParentRunner.java:53)\n\tat org.junit.runners.ParentRunner$2.evaluate(ParentRunner.java:229)\n\tat org.junit.runners.ParentRunner.run(ParentRunner.java:309)\n\tat junit.framework.JUnit4TestAdapter.run(JUnit4TestAdapter.java:38)\n\tat org.apache.tools.ant.taskdefs.optional.junit.JUnitTestRunner.run(JUnitTestRunner.java:534)\n\tat org.apache.tools.ant.taskdefs.optional.junit.JUnitTask.executeInVM(JUnitTask.java:1617)\n\tat org.apache.tools.ant.taskdefs.optional.junit.JUnitTask.execute(JUnitTask.java:1039)\n\tat org.apache.tools.ant.taskdefs.optional.junit.JUnitTask.executeOrQueue(JUnitTask.java:2162)\n\tat org.apache.tools.ant.taskdefs.optional.junit.JUnitTask.execute(JUnitTask.java:853)\n\tat org.apache.tools.ant.UnknownElement.execute(UnknownElement.java:292)\n\tat sun.reflect.GeneratedMethodAccessor4.invoke(Unknown Source)\n\tat sun.reflect.DelegatingMethodAccessorImpl.invoke(DelegatingMethodAccessorImpl.java:43)\n\tat java.lang.reflect.Method.invoke(Method.java:498)\n\tat org.apache.tools.ant.dispatch.DispatchUtils.execute(DispatchUtils.java:99)\n\tat org.apache.tools.ant.Task.perform(Task.java:350)\n\tat org.apache.tools.ant.Target.execute(Target.java:449)\n\tat org.apache.tools.ant.Target.performTasks(Target.java:470)\n\tat org.apache.tools.ant.Project.executeSortedTargets(Project.java:1388)\n\tat org.apache.tools.ant.Project.executeTarget(Project.java:1361)\n\tat org.apache.tools.ant.helper.DefaultExecutor.executeTargets(DefaultExecutor.java:41)\n\tat org.apache.tools.ant.Project.executeTargets(Project.java:1251)\n\tat org.apache.tools.ant.Main.runBuild(Main.java:834)\n\tat org.apache.tools.ant.Main.startAnt(Main.java:223)\n\tat org.apache.tools.ant.launch.Launcher.run(Launcher.java:284)\n\tat org.apache.tools.ant.launch.Launcher.main(Launcher.java:101)\nCaused by: java.lang.NoSuchMethodException: org.mockito.internal.creation.instance.ConstructorInstantiatorTest$SomeInnerClass.<init>(org.mockito.internal.creation.instance.ConstructorInstantiatorTest$ChildOfThis)\n\tat java.lang.Class.getConstructor0(Class.java:3082)\n\tat java.lang.Class.getDeclaredConstructor(Class.java:2178)\n\tat org.mockito.internal.creation.instance.ConstructorInstantiator.withOuterClass(ConstructorInstantiator.java:24)\n\t... 43 more\n\n\nfailure assertion code:\nassertEquals(new ConstructorInstantiator(new ChildOfThis()).newInstance(SomeInnerClass.class).getClass(), SomeInnerClass.class);\n\n\nThere is a bug in the above code, please help me locate it by considering the stack trace information and failure assertion code.\n\nOutput **only** the exact buggy statement, with no line numbers, explanations, or additional content. Your response should contain just the buggy code line. Do not include ```java or ``` markers in the response.\n",
        "prompt_apr_1": "\npublic <T> T newInstance(Class<T> cls) {\n        if (outerClassInstance == null) {\n            return noArgConstructor(cls);\n        }\n        return withOuterClass(cls);\n    }\n\nThere is a bug in line [5] of the code, please help me fix it.\n\nPlease return the **complete corrected method**. Do not skip or omit any part of the code. Do not include ```java or ``` markers in the response.\n",
        "prompt_apr_2": "\npublic <T> T newInstance(Class<T> cls) {\n        if (outerClassInstance == null) {\n            return noArgConstructor(cls);\n        }\n        return withOuterClass(cls);\n    }\n\nThere is a bug in ['        return withOuterClass(cls);'] , please help me fix it. \n\nPlease return the **complete corrected method**. Do not skip or omit any part of the code. Do not include ```java or ``` markers in the response.\n",
        "prompt_apr_3": "\npublic <T> T newInstance(Class<T> cls) {\n        if (outerClassInstance == null) {\n            return noArgConstructor(cls);\n        }\n        return withOuterClass(cls);\n\nThere is a bug in the last statement, please help me fix it.\n\nReturn the code **only from the method declaration to the fixed statement**, without completing or adding additional code. Do not modify anything beyond fixing the bug, and do not complete the `if` statement or other unfinished parts. Do not include ```java or ``` markers in the response.\n",
        "prompt_apr_4": "\npublic <T> T newInstance(Class<T> cls) {\n        if (outerClassInstance == null) {\n            return noArgConstructor(cls);\n        }\n        return withOuterClass(cls);\n    }\n\nThere is a bug in line [5] of the code, please help me fix it.\n\nPlease return the results in a strict JSON format as described below. Please follow these instructions carefully:\n1. Your output must include each repaired line's number (`line_number`) and the corresponding fixed code statement (`fixed_statement`).\n2. The output format must be a valid JSON array, where each element represents one repaired line, with the following structure:\n   - `\"line_number\"`: The line number of the buggy code that was repaired (integer).\n   - `\"fixed_statement\"`: The repaired statement for that specific line (string).\n\n3. The result must strictly follow this format:\n[\n    {\n        \"line_number\": int,\n        \"fixed_statement\": \"string\"\n    },\n    {\n        \"line_number\": int,\n        \"fixed_statement\": \"string\"\n    }\n]\n4. The repaired statement in \"fixed_statement\" must replace the corresponding line in the buggy code.\n5. You must NOT include any additional explanation or description in your response. Only return the JSON array. Do not include ```json or ``` markers in the response.\n",
        "prompt_apr_5": "\npublic <T> T newInstance(Class<T> cls) {\n        if (outerClassInstance == null) {\n            return noArgConstructor(cls);\n        }\n        return withOuterClass(cls);\n    }\n\nThere is a bug in ['        return withOuterClass(cls);'] , please help me fix it. \n\nPlease return the results in a strict JSON format as described below. Please follow these instructions carefully:\n1. Your output must include each repaired line's number (`line_number`) and the corresponding fixed code statement (`fixed_statement`).\n2. The output format must be a valid JSON array, where each element represents one repaired line, with the following structure:\n   - `\"line_number\"`: The line number of the buggy code that was repaired (integer).\n   - `\"fixed_statement\"`: The repaired statement for that specific line (string).\n\n3. The result must strictly follow this format:\n[\n    {\n        \"line_number\": int,\n        \"fixed_statement\": \"string\"\n    },\n    {\n        \"line_number\": int,\n        \"fixed_statement\": \"string\"\n    }\n]\n4. The repaired statement in \"fixed_statement\" must replace the corresponding line in the buggy code.\n5. You must NOT include any additional explanation or description in your response. Only return the JSON array. Do not include ```json or ``` markers in the response.\n",
        "prompt_apr_6": "\npublic <T> T newInstance(Class<T> cls) {\n        if (outerClassInstance == null) {\n            return noArgConstructor(cls);\n        }\n        return withOuterClass(cls);\n\nThere is a bug in the last statement, please help me fix it.\n\nPlease return the results in a strict JSON format as described below. Please follow these instructions carefully:\n1. Your output must include each repaired line's number (`line_number`) and the corresponding fixed code statement (`fixed_statement`).\n2. The output format must be a valid JSON array, where each element represents one repaired line, with the following structure:\n   - `\"line_number\"`: The line number of the buggy code that was repaired (integer).\n   - `\"fixed_statement\"`: The repaired statement for that specific line (string).\n\n3. The result must strictly follow this format:\n[\n    {\n        \"line_number\": int,\n        \"fixed_statement\": \"string\"\n    },\n    {\n        \"line_number\": int,\n        \"fixed_statement\": \"string\"\n    }\n]\n4. The repaired statement in \"fixed_statement\" must replace the corresponding line in the buggy code.\n5. You must NOT include any additional explanation or description in your response. Only return the JSON array. Do not include ```json or ``` markers in the response.\n"
    },
    {
        "prompt_fl_1": "\nsource code:\nprivate <T> T withOuterClass(Class<T> cls) {\n        try {\n            //this is kind of overengineered because we don't need to support more params\n            //however, I know we will be needing it :)\n            Constructor<T> c = cls.getDeclaredConstructor(outerClassInstance.getClass());\n            return c.newInstance(outerClassInstance);\n        } catch (Exception e) {\n            throw paramsException(cls, e);\n        }\n    }\n\nThere is a bug in the above code, please help me locate it.\n\nPlease output **only one integer**: the line number of the buggy code (The code starts from line 1). Do not provide any explanations or additional content.\n",
        "prompt_fl_2": "\nsource code:\nprivate <T> T withOuterClass(Class<T> cls) {\n        try {\n            //this is kind of overengineered because we don't need to support more params\n            //however, I know we will be needing it :)\n            Constructor<T> c = cls.getDeclaredConstructor(outerClassInstance.getClass());\n            return c.newInstance(outerClassInstance);\n        } catch (Exception e) {\n            throw paramsException(cls, e);\n        }\n    }\n\nstack trace:\norg.mockito.internal.creation.instance.ConstructorInstantiatorTest::creates_instances_of_inner_classes\norg.mockito.internal.creation.instance.InstantationException: Unable to create mock instance of 'SomeInnerClass'.\nPlease ensure that the outer instance has correct type and that the target class has parameter-less constructor.\n\tat org.mockito.internal.creation.instance.ConstructorInstantiator.paramsException(ConstructorInstantiator.java:33)\n\tat org.mockito.internal.creation.instance.ConstructorInstantiator.withOuterClass(ConstructorInstantiator.java:27)\n\tat org.mockito.internal.creation.instance.ConstructorInstantiator.newInstance(ConstructorInstantiator.java:17)\n\tat org.mockito.internal.creation.instance.ConstructorInstantiatorTest.creates_instances_of_inner_classes(ConstructorInstantiatorTest.java:21)\n\tat sun.reflect.NativeMethodAccessorImpl.invoke0(Native Method)\n\tat sun.reflect.NativeMethodAccessorImpl.invoke(NativeMethodAccessorImpl.java:62)\n\tat sun.reflect.DelegatingMethodAccessorImpl.invoke(DelegatingMethodAccessorImpl.java:43)\n\tat java.lang.reflect.Method.invoke(Method.java:498)\n\tat org.junit.runners.model.FrameworkMethod$1.runReflectiveCall(FrameworkMethod.java:47)\n\tat org.junit.internal.runners.model.ReflectiveCallable.run(ReflectiveCallable.java:12)\n\tat org.junit.runners.model.FrameworkMethod.invokeExplosively(FrameworkMethod.java:44)\n\tat org.junit.internal.runners.statements.InvokeMethod.evaluate(InvokeMethod.java:17)\n\tat org.junit.internal.runners.statements.RunBefores.evaluate(RunBefores.java:26)\n\tat org.junit.internal.runners.statements.RunAfters.evaluate(RunAfters.java:27)\n\tat org.junit.runners.ParentRunner.runLeaf(ParentRunner.java:271)\n\tat org.junit.runners.BlockJUnit4ClassRunner.runChild(BlockJUnit4ClassRunner.java:70)\n\tat org.junit.runners.BlockJUnit4ClassRunner.runChild(BlockJUnit4ClassRunner.java:50)\n\tat org.junit.runners.ParentRunner$3.run(ParentRunner.java:238)\n\tat org.junit.runners.ParentRunner$1.schedule(ParentRunner.java:63)\n\tat org.junit.runners.ParentRunner.runChildren(ParentRunner.java:236)\n\tat org.junit.runners.ParentRunner.access$000(ParentRunner.java:53)\n\tat org.junit.runners.ParentRunner$2.evaluate(ParentRunner.java:229)\n\tat org.junit.runners.ParentRunner.run(ParentRunner.java:309)\n\tat junit.framework.JUnit4TestAdapter.run(JUnit4TestAdapter.java:38)\n\tat org.apache.tools.ant.taskdefs.optional.junit.JUnitTestRunner.run(JUnitTestRunner.java:534)\n\tat org.apache.tools.ant.taskdefs.optional.junit.JUnitTask.executeInVM(JUnitTask.java:1617)\n\tat org.apache.tools.ant.taskdefs.optional.junit.JUnitTask.execute(JUnitTask.java:1039)\n\tat org.apache.tools.ant.taskdefs.optional.junit.JUnitTask.executeOrQueue(JUnitTask.java:2162)\n\tat org.apache.tools.ant.taskdefs.optional.junit.JUnitTask.execute(JUnitTask.java:853)\n\tat org.apache.tools.ant.UnknownElement.execute(UnknownElement.java:292)\n\tat sun.reflect.GeneratedMethodAccessor4.invoke(Unknown Source)\n\tat sun.reflect.DelegatingMethodAccessorImpl.invoke(DelegatingMethodAccessorImpl.java:43)\n\tat java.lang.reflect.Method.invoke(Method.java:498)\n\tat org.apache.tools.ant.dispatch.DispatchUtils.execute(DispatchUtils.java:99)\n\tat org.apache.tools.ant.Task.perform(Task.java:350)\n\tat org.apache.tools.ant.Target.execute(Target.java:449)\n\tat org.apache.tools.ant.Target.performTasks(Target.java:470)\n\tat org.apache.tools.ant.Project.executeSortedTargets(Project.java:1388)\n\tat org.apache.tools.ant.Project.executeTarget(Project.java:1361)\n\tat org.apache.tools.ant.helper.DefaultExecutor.executeTargets(DefaultExecutor.java:41)\n\tat org.apache.tools.ant.Project.executeTargets(Project.java:1251)\n\tat org.apache.tools.ant.Main.runBuild(Main.java:834)\n\tat org.apache.tools.ant.Main.startAnt(Main.java:223)\n\tat org.apache.tools.ant.launch.Launcher.run(Launcher.java:284)\n\tat org.apache.tools.ant.launch.Launcher.main(Launcher.java:101)\nCaused by: java.lang.NoSuchMethodException: org.mockito.internal.creation.instance.ConstructorInstantiatorTest$SomeInnerClass.<init>(org.mockito.internal.creation.instance.ConstructorInstantiatorTest$ChildOfThis)\n\tat java.lang.Class.getConstructor0(Class.java:3082)\n\tat java.lang.Class.getDeclaredConstructor(Class.java:2178)\n\tat org.mockito.internal.creation.instance.ConstructorInstantiator.withOuterClass(ConstructorInstantiator.java:24)\n\t... 43 more\n\n\nThere is a bug in the above code, please help me locate it by considering the stack trace.\n\nPlease output **only one integer**: the line number of the buggy code (The code starts from line 1). Do not provide any explanations or additional content.\n",
        "prompt_fl_3": "\nsource code:\nprivate <T> T withOuterClass(Class<T> cls) {\n        try {\n            //this is kind of overengineered because we don't need to support more params\n            //however, I know we will be needing it :)\n            Constructor<T> c = cls.getDeclaredConstructor(outerClassInstance.getClass());\n            return c.newInstance(outerClassInstance);\n        } catch (Exception e) {\n            throw paramsException(cls, e);\n        }\n    }\n\nstack trace:\norg.mockito.internal.creation.instance.ConstructorInstantiatorTest::creates_instances_of_inner_classes\norg.mockito.internal.creation.instance.InstantationException: Unable to create mock instance of 'SomeInnerClass'.\nPlease ensure that the outer instance has correct type and that the target class has parameter-less constructor.\n\tat org.mockito.internal.creation.instance.ConstructorInstantiator.paramsException(ConstructorInstantiator.java:33)\n\tat org.mockito.internal.creation.instance.ConstructorInstantiator.withOuterClass(ConstructorInstantiator.java:27)\n\tat org.mockito.internal.creation.instance.ConstructorInstantiator.newInstance(ConstructorInstantiator.java:17)\n\tat org.mockito.internal.creation.instance.ConstructorInstantiatorTest.creates_instances_of_inner_classes(ConstructorInstantiatorTest.java:21)\n\tat sun.reflect.NativeMethodAccessorImpl.invoke0(Native Method)\n\tat sun.reflect.NativeMethodAccessorImpl.invoke(NativeMethodAccessorImpl.java:62)\n\tat sun.reflect.DelegatingMethodAccessorImpl.invoke(DelegatingMethodAccessorImpl.java:43)\n\tat java.lang.reflect.Method.invoke(Method.java:498)\n\tat org.junit.runners.model.FrameworkMethod$1.runReflectiveCall(FrameworkMethod.java:47)\n\tat org.junit.internal.runners.model.ReflectiveCallable.run(ReflectiveCallable.java:12)\n\tat org.junit.runners.model.FrameworkMethod.invokeExplosively(FrameworkMethod.java:44)\n\tat org.junit.internal.runners.statements.InvokeMethod.evaluate(InvokeMethod.java:17)\n\tat org.junit.internal.runners.statements.RunBefores.evaluate(RunBefores.java:26)\n\tat org.junit.internal.runners.statements.RunAfters.evaluate(RunAfters.java:27)\n\tat org.junit.runners.ParentRunner.runLeaf(ParentRunner.java:271)\n\tat org.junit.runners.BlockJUnit4ClassRunner.runChild(BlockJUnit4ClassRunner.java:70)\n\tat org.junit.runners.BlockJUnit4ClassRunner.runChild(BlockJUnit4ClassRunner.java:50)\n\tat org.junit.runners.ParentRunner$3.run(ParentRunner.java:238)\n\tat org.junit.runners.ParentRunner$1.schedule(ParentRunner.java:63)\n\tat org.junit.runners.ParentRunner.runChildren(ParentRunner.java:236)\n\tat org.junit.runners.ParentRunner.access$000(ParentRunner.java:53)\n\tat org.junit.runners.ParentRunner$2.evaluate(ParentRunner.java:229)\n\tat org.junit.runners.ParentRunner.run(ParentRunner.java:309)\n\tat junit.framework.JUnit4TestAdapter.run(JUnit4TestAdapter.java:38)\n\tat org.apache.tools.ant.taskdefs.optional.junit.JUnitTestRunner.run(JUnitTestRunner.java:534)\n\tat org.apache.tools.ant.taskdefs.optional.junit.JUnitTask.executeInVM(JUnitTask.java:1617)\n\tat org.apache.tools.ant.taskdefs.optional.junit.JUnitTask.execute(JUnitTask.java:1039)\n\tat org.apache.tools.ant.taskdefs.optional.junit.JUnitTask.executeOrQueue(JUnitTask.java:2162)\n\tat org.apache.tools.ant.taskdefs.optional.junit.JUnitTask.execute(JUnitTask.java:853)\n\tat org.apache.tools.ant.UnknownElement.execute(UnknownElement.java:292)\n\tat sun.reflect.GeneratedMethodAccessor4.invoke(Unknown Source)\n\tat sun.reflect.DelegatingMethodAccessorImpl.invoke(DelegatingMethodAccessorImpl.java:43)\n\tat java.lang.reflect.Method.invoke(Method.java:498)\n\tat org.apache.tools.ant.dispatch.DispatchUtils.execute(DispatchUtils.java:99)\n\tat org.apache.tools.ant.Task.perform(Task.java:350)\n\tat org.apache.tools.ant.Target.execute(Target.java:449)\n\tat org.apache.tools.ant.Target.performTasks(Target.java:470)\n\tat org.apache.tools.ant.Project.executeSortedTargets(Project.java:1388)\n\tat org.apache.tools.ant.Project.executeTarget(Project.java:1361)\n\tat org.apache.tools.ant.helper.DefaultExecutor.executeTargets(DefaultExecutor.java:41)\n\tat org.apache.tools.ant.Project.executeTargets(Project.java:1251)\n\tat org.apache.tools.ant.Main.runBuild(Main.java:834)\n\tat org.apache.tools.ant.Main.startAnt(Main.java:223)\n\tat org.apache.tools.ant.launch.Launcher.run(Launcher.java:284)\n\tat org.apache.tools.ant.launch.Launcher.main(Launcher.java:101)\nCaused by: java.lang.NoSuchMethodException: org.mockito.internal.creation.instance.ConstructorInstantiatorTest$SomeInnerClass.<init>(org.mockito.internal.creation.instance.ConstructorInstantiatorTest$ChildOfThis)\n\tat java.lang.Class.getConstructor0(Class.java:3082)\n\tat java.lang.Class.getDeclaredConstructor(Class.java:2178)\n\tat org.mockito.internal.creation.instance.ConstructorInstantiator.withOuterClass(ConstructorInstantiator.java:24)\n\t... 43 more\n\n\nfailure assertion code:\nassertEquals(new ConstructorInstantiator(new ChildOfThis()).newInstance(SomeInnerClass.class).getClass(), SomeInnerClass.class);\n\n\nThere is a bug in the above code, please help me locate it by considering the stack trace information and failure assertion code.\n\nPlease output **only one integer**: the line number of the buggy code (The code starts from line 1). Do not provide any explanations or additional content.\n",
        "prompt_fl_4": "\nsource code:\nprivate <T> T withOuterClass(Class<T> cls) {\n        try {\n            //this is kind of overengineered because we don't need to support more params\n            //however, I know we will be needing it :)\n            Constructor<T> c = cls.getDeclaredConstructor(outerClassInstance.getClass());\n            return c.newInstance(outerClassInstance);\n        } catch (Exception e) {\n            throw paramsException(cls, e);\n        }\n    }\n\nThere is a bug in the above code, please help me locate it.\n\nOutput **only** the exact buggy statement, with no line numbers, explanations, or additional content. Your response should contain just the buggy code line. Do not include ```java or ``` markers in the response.\n",
        "prompt_fl_5": "\nsource code:\nprivate <T> T withOuterClass(Class<T> cls) {\n        try {\n            //this is kind of overengineered because we don't need to support more params\n            //however, I know we will be needing it :)\n            Constructor<T> c = cls.getDeclaredConstructor(outerClassInstance.getClass());\n            return c.newInstance(outerClassInstance);\n        } catch (Exception e) {\n            throw paramsException(cls, e);\n        }\n    }\n\nstack trace:\norg.mockito.internal.creation.instance.ConstructorInstantiatorTest::creates_instances_of_inner_classes\norg.mockito.internal.creation.instance.InstantationException: Unable to create mock instance of 'SomeInnerClass'.\nPlease ensure that the outer instance has correct type and that the target class has parameter-less constructor.\n\tat org.mockito.internal.creation.instance.ConstructorInstantiator.paramsException(ConstructorInstantiator.java:33)\n\tat org.mockito.internal.creation.instance.ConstructorInstantiator.withOuterClass(ConstructorInstantiator.java:27)\n\tat org.mockito.internal.creation.instance.ConstructorInstantiator.newInstance(ConstructorInstantiator.java:17)\n\tat org.mockito.internal.creation.instance.ConstructorInstantiatorTest.creates_instances_of_inner_classes(ConstructorInstantiatorTest.java:21)\n\tat sun.reflect.NativeMethodAccessorImpl.invoke0(Native Method)\n\tat sun.reflect.NativeMethodAccessorImpl.invoke(NativeMethodAccessorImpl.java:62)\n\tat sun.reflect.DelegatingMethodAccessorImpl.invoke(DelegatingMethodAccessorImpl.java:43)\n\tat java.lang.reflect.Method.invoke(Method.java:498)\n\tat org.junit.runners.model.FrameworkMethod$1.runReflectiveCall(FrameworkMethod.java:47)\n\tat org.junit.internal.runners.model.ReflectiveCallable.run(ReflectiveCallable.java:12)\n\tat org.junit.runners.model.FrameworkMethod.invokeExplosively(FrameworkMethod.java:44)\n\tat org.junit.internal.runners.statements.InvokeMethod.evaluate(InvokeMethod.java:17)\n\tat org.junit.internal.runners.statements.RunBefores.evaluate(RunBefores.java:26)\n\tat org.junit.internal.runners.statements.RunAfters.evaluate(RunAfters.java:27)\n\tat org.junit.runners.ParentRunner.runLeaf(ParentRunner.java:271)\n\tat org.junit.runners.BlockJUnit4ClassRunner.runChild(BlockJUnit4ClassRunner.java:70)\n\tat org.junit.runners.BlockJUnit4ClassRunner.runChild(BlockJUnit4ClassRunner.java:50)\n\tat org.junit.runners.ParentRunner$3.run(ParentRunner.java:238)\n\tat org.junit.runners.ParentRunner$1.schedule(ParentRunner.java:63)\n\tat org.junit.runners.ParentRunner.runChildren(ParentRunner.java:236)\n\tat org.junit.runners.ParentRunner.access$000(ParentRunner.java:53)\n\tat org.junit.runners.ParentRunner$2.evaluate(ParentRunner.java:229)\n\tat org.junit.runners.ParentRunner.run(ParentRunner.java:309)\n\tat junit.framework.JUnit4TestAdapter.run(JUnit4TestAdapter.java:38)\n\tat org.apache.tools.ant.taskdefs.optional.junit.JUnitTestRunner.run(JUnitTestRunner.java:534)\n\tat org.apache.tools.ant.taskdefs.optional.junit.JUnitTask.executeInVM(JUnitTask.java:1617)\n\tat org.apache.tools.ant.taskdefs.optional.junit.JUnitTask.execute(JUnitTask.java:1039)\n\tat org.apache.tools.ant.taskdefs.optional.junit.JUnitTask.executeOrQueue(JUnitTask.java:2162)\n\tat org.apache.tools.ant.taskdefs.optional.junit.JUnitTask.execute(JUnitTask.java:853)\n\tat org.apache.tools.ant.UnknownElement.execute(UnknownElement.java:292)\n\tat sun.reflect.GeneratedMethodAccessor4.invoke(Unknown Source)\n\tat sun.reflect.DelegatingMethodAccessorImpl.invoke(DelegatingMethodAccessorImpl.java:43)\n\tat java.lang.reflect.Method.invoke(Method.java:498)\n\tat org.apache.tools.ant.dispatch.DispatchUtils.execute(DispatchUtils.java:99)\n\tat org.apache.tools.ant.Task.perform(Task.java:350)\n\tat org.apache.tools.ant.Target.execute(Target.java:449)\n\tat org.apache.tools.ant.Target.performTasks(Target.java:470)\n\tat org.apache.tools.ant.Project.executeSortedTargets(Project.java:1388)\n\tat org.apache.tools.ant.Project.executeTarget(Project.java:1361)\n\tat org.apache.tools.ant.helper.DefaultExecutor.executeTargets(DefaultExecutor.java:41)\n\tat org.apache.tools.ant.Project.executeTargets(Project.java:1251)\n\tat org.apache.tools.ant.Main.runBuild(Main.java:834)\n\tat org.apache.tools.ant.Main.startAnt(Main.java:223)\n\tat org.apache.tools.ant.launch.Launcher.run(Launcher.java:284)\n\tat org.apache.tools.ant.launch.Launcher.main(Launcher.java:101)\nCaused by: java.lang.NoSuchMethodException: org.mockito.internal.creation.instance.ConstructorInstantiatorTest$SomeInnerClass.<init>(org.mockito.internal.creation.instance.ConstructorInstantiatorTest$ChildOfThis)\n\tat java.lang.Class.getConstructor0(Class.java:3082)\n\tat java.lang.Class.getDeclaredConstructor(Class.java:2178)\n\tat org.mockito.internal.creation.instance.ConstructorInstantiator.withOuterClass(ConstructorInstantiator.java:24)\n\t... 43 more\n\n\nThere is a bug in the above code, please help me locate it by considering the stack trace.\n\nOutput **only** the exact buggy statement, with no line numbers, explanations, or additional content. Your response should contain just the buggy code line. Do not include ```java or ``` markers in the response.\n",
        "prompt_fl_6": "\nsource code:\nprivate <T> T withOuterClass(Class<T> cls) {\n        try {\n            //this is kind of overengineered because we don't need to support more params\n            //however, I know we will be needing it :)\n            Constructor<T> c = cls.getDeclaredConstructor(outerClassInstance.getClass());\n            return c.newInstance(outerClassInstance);\n        } catch (Exception e) {\n            throw paramsException(cls, e);\n        }\n    }\n\nstack trace:\norg.mockito.internal.creation.instance.ConstructorInstantiatorTest::creates_instances_of_inner_classes\norg.mockito.internal.creation.instance.InstantationException: Unable to create mock instance of 'SomeInnerClass'.\nPlease ensure that the outer instance has correct type and that the target class has parameter-less constructor.\n\tat org.mockito.internal.creation.instance.ConstructorInstantiator.paramsException(ConstructorInstantiator.java:33)\n\tat org.mockito.internal.creation.instance.ConstructorInstantiator.withOuterClass(ConstructorInstantiator.java:27)\n\tat org.mockito.internal.creation.instance.ConstructorInstantiator.newInstance(ConstructorInstantiator.java:17)\n\tat org.mockito.internal.creation.instance.ConstructorInstantiatorTest.creates_instances_of_inner_classes(ConstructorInstantiatorTest.java:21)\n\tat sun.reflect.NativeMethodAccessorImpl.invoke0(Native Method)\n\tat sun.reflect.NativeMethodAccessorImpl.invoke(NativeMethodAccessorImpl.java:62)\n\tat sun.reflect.DelegatingMethodAccessorImpl.invoke(DelegatingMethodAccessorImpl.java:43)\n\tat java.lang.reflect.Method.invoke(Method.java:498)\n\tat org.junit.runners.model.FrameworkMethod$1.runReflectiveCall(FrameworkMethod.java:47)\n\tat org.junit.internal.runners.model.ReflectiveCallable.run(ReflectiveCallable.java:12)\n\tat org.junit.runners.model.FrameworkMethod.invokeExplosively(FrameworkMethod.java:44)\n\tat org.junit.internal.runners.statements.InvokeMethod.evaluate(InvokeMethod.java:17)\n\tat org.junit.internal.runners.statements.RunBefores.evaluate(RunBefores.java:26)\n\tat org.junit.internal.runners.statements.RunAfters.evaluate(RunAfters.java:27)\n\tat org.junit.runners.ParentRunner.runLeaf(ParentRunner.java:271)\n\tat org.junit.runners.BlockJUnit4ClassRunner.runChild(BlockJUnit4ClassRunner.java:70)\n\tat org.junit.runners.BlockJUnit4ClassRunner.runChild(BlockJUnit4ClassRunner.java:50)\n\tat org.junit.runners.ParentRunner$3.run(ParentRunner.java:238)\n\tat org.junit.runners.ParentRunner$1.schedule(ParentRunner.java:63)\n\tat org.junit.runners.ParentRunner.runChildren(ParentRunner.java:236)\n\tat org.junit.runners.ParentRunner.access$000(ParentRunner.java:53)\n\tat org.junit.runners.ParentRunner$2.evaluate(ParentRunner.java:229)\n\tat org.junit.runners.ParentRunner.run(ParentRunner.java:309)\n\tat junit.framework.JUnit4TestAdapter.run(JUnit4TestAdapter.java:38)\n\tat org.apache.tools.ant.taskdefs.optional.junit.JUnitTestRunner.run(JUnitTestRunner.java:534)\n\tat org.apache.tools.ant.taskdefs.optional.junit.JUnitTask.executeInVM(JUnitTask.java:1617)\n\tat org.apache.tools.ant.taskdefs.optional.junit.JUnitTask.execute(JUnitTask.java:1039)\n\tat org.apache.tools.ant.taskdefs.optional.junit.JUnitTask.executeOrQueue(JUnitTask.java:2162)\n\tat org.apache.tools.ant.taskdefs.optional.junit.JUnitTask.execute(JUnitTask.java:853)\n\tat org.apache.tools.ant.UnknownElement.execute(UnknownElement.java:292)\n\tat sun.reflect.GeneratedMethodAccessor4.invoke(Unknown Source)\n\tat sun.reflect.DelegatingMethodAccessorImpl.invoke(DelegatingMethodAccessorImpl.java:43)\n\tat java.lang.reflect.Method.invoke(Method.java:498)\n\tat org.apache.tools.ant.dispatch.DispatchUtils.execute(DispatchUtils.java:99)\n\tat org.apache.tools.ant.Task.perform(Task.java:350)\n\tat org.apache.tools.ant.Target.execute(Target.java:449)\n\tat org.apache.tools.ant.Target.performTasks(Target.java:470)\n\tat org.apache.tools.ant.Project.executeSortedTargets(Project.java:1388)\n\tat org.apache.tools.ant.Project.executeTarget(Project.java:1361)\n\tat org.apache.tools.ant.helper.DefaultExecutor.executeTargets(DefaultExecutor.java:41)\n\tat org.apache.tools.ant.Project.executeTargets(Project.java:1251)\n\tat org.apache.tools.ant.Main.runBuild(Main.java:834)\n\tat org.apache.tools.ant.Main.startAnt(Main.java:223)\n\tat org.apache.tools.ant.launch.Launcher.run(Launcher.java:284)\n\tat org.apache.tools.ant.launch.Launcher.main(Launcher.java:101)\nCaused by: java.lang.NoSuchMethodException: org.mockito.internal.creation.instance.ConstructorInstantiatorTest$SomeInnerClass.<init>(org.mockito.internal.creation.instance.ConstructorInstantiatorTest$ChildOfThis)\n\tat java.lang.Class.getConstructor0(Class.java:3082)\n\tat java.lang.Class.getDeclaredConstructor(Class.java:2178)\n\tat org.mockito.internal.creation.instance.ConstructorInstantiator.withOuterClass(ConstructorInstantiator.java:24)\n\t... 43 more\n\n\nfailure assertion code:\nassertEquals(new ConstructorInstantiator(new ChildOfThis()).newInstance(SomeInnerClass.class).getClass(), SomeInnerClass.class);\n\n\nThere is a bug in the above code, please help me locate it by considering the stack trace information and failure assertion code.\n\nOutput **only** the exact buggy statement, with no line numbers, explanations, or additional content. Your response should contain just the buggy code line. Do not include ```java or ``` markers in the response.\n",
        "prompt_apr_1": "\nprivate <T> T withOuterClass(Class<T> cls) {\n        try {\n            //this is kind of overengineered because we don't need to support more params\n            //however, I know we will be needing it :)\n            Constructor<T> c = cls.getDeclaredConstructor(outerClassInstance.getClass());\n            return c.newInstance(outerClassInstance);\n        } catch (Exception e) {\n            throw paramsException(cls, e);\n        }\n    }\n\nThere is a bug in line [1, 5, 6] of the code, please help me fix it.\n\nPlease return the **complete corrected method**. Do not skip or omit any part of the code. Do not include ```java or ``` markers in the response.\n",
        "prompt_apr_2": "\nprivate <T> T withOuterClass(Class<T> cls) {\n        try {\n            //this is kind of overengineered because we don't need to support more params\n            //however, I know we will be needing it :)\n            Constructor<T> c = cls.getDeclaredConstructor(outerClassInstance.getClass());\n            return c.newInstance(outerClassInstance);\n        } catch (Exception e) {\n            throw paramsException(cls, e);\n        }\n    }\n\nThere is a bug in ['private <T> T withOuterClass(Class<T> cls) {', '            Constructor<T> c = cls.getDeclaredConstructor(outerClassInstance.getClass());', '            return c.newInstance(outerClassInstance);'] , please help me fix it. \n\nPlease return the **complete corrected method**. Do not skip or omit any part of the code. Do not include ```java or ``` markers in the response.\n",
        "prompt_apr_3": "\nprivate <T> T withOuterClass(Class<T> cls) {\n        try {\n            //this is kind of overengineered because we don't need to support more params\n            //however, I know we will be needing it :)\n            Constructor<T> c = cls.getDeclaredConstructor(outerClassInstance.getClass());\n            return c.newInstance(outerClassInstance);\n\nThere is a bug in the last statement, please help me fix it.\n\nReturn the code **only from the method declaration to the fixed statement**, without completing or adding additional code. Do not modify anything beyond fixing the bug, and do not complete the `if` statement or other unfinished parts. Do not include ```java or ``` markers in the response.\n",
        "prompt_apr_4": "\nprivate <T> T withOuterClass(Class<T> cls) {\n        try {\n            //this is kind of overengineered because we don't need to support more params\n            //however, I know we will be needing it :)\n            Constructor<T> c = cls.getDeclaredConstructor(outerClassInstance.getClass());\n            return c.newInstance(outerClassInstance);\n        } catch (Exception e) {\n            throw paramsException(cls, e);\n        }\n    }\n\nThere is a bug in line [1, 5, 6] of the code, please help me fix it.\n\nPlease return the results in a strict JSON format as described below. Please follow these instructions carefully:\n1. Your output must include each repaired line's number (`line_number`) and the corresponding fixed code statement (`fixed_statement`).\n2. The output format must be a valid JSON array, where each element represents one repaired line, with the following structure:\n   - `\"line_number\"`: The line number of the buggy code that was repaired (integer).\n   - `\"fixed_statement\"`: The repaired statement for that specific line (string).\n\n3. The result must strictly follow this format:\n[\n    {\n        \"line_number\": int,\n        \"fixed_statement\": \"string\"\n    },\n    {\n        \"line_number\": int,\n        \"fixed_statement\": \"string\"\n    }\n]\n4. The repaired statement in \"fixed_statement\" must replace the corresponding line in the buggy code.\n5. You must NOT include any additional explanation or description in your response. Only return the JSON array. Do not include ```json or ``` markers in the response.\n",
        "prompt_apr_5": "\nprivate <T> T withOuterClass(Class<T> cls) {\n        try {\n            //this is kind of overengineered because we don't need to support more params\n            //however, I know we will be needing it :)\n            Constructor<T> c = cls.getDeclaredConstructor(outerClassInstance.getClass());\n            return c.newInstance(outerClassInstance);\n        } catch (Exception e) {\n            throw paramsException(cls, e);\n        }\n    }\n\nThere is a bug in ['private <T> T withOuterClass(Class<T> cls) {', '            Constructor<T> c = cls.getDeclaredConstructor(outerClassInstance.getClass());', '            return c.newInstance(outerClassInstance);'] , please help me fix it. \n\nPlease return the results in a strict JSON format as described below. Please follow these instructions carefully:\n1. Your output must include each repaired line's number (`line_number`) and the corresponding fixed code statement (`fixed_statement`).\n2. The output format must be a valid JSON array, where each element represents one repaired line, with the following structure:\n   - `\"line_number\"`: The line number of the buggy code that was repaired (integer).\n   - `\"fixed_statement\"`: The repaired statement for that specific line (string).\n\n3. The result must strictly follow this format:\n[\n    {\n        \"line_number\": int,\n        \"fixed_statement\": \"string\"\n    },\n    {\n        \"line_number\": int,\n        \"fixed_statement\": \"string\"\n    }\n]\n4. The repaired statement in \"fixed_statement\" must replace the corresponding line in the buggy code.\n5. You must NOT include any additional explanation or description in your response. Only return the JSON array. Do not include ```json or ``` markers in the response.\n",
        "prompt_apr_6": "\nprivate <T> T withOuterClass(Class<T> cls) {\n        try {\n            //this is kind of overengineered because we don't need to support more params\n            //however, I know we will be needing it :)\n            Constructor<T> c = cls.getDeclaredConstructor(outerClassInstance.getClass());\n            return c.newInstance(outerClassInstance);\n\nThere is a bug in the last statement, please help me fix it.\n\nPlease return the results in a strict JSON format as described below. Please follow these instructions carefully:\n1. Your output must include each repaired line's number (`line_number`) and the corresponding fixed code statement (`fixed_statement`).\n2. The output format must be a valid JSON array, where each element represents one repaired line, with the following structure:\n   - `\"line_number\"`: The line number of the buggy code that was repaired (integer).\n   - `\"fixed_statement\"`: The repaired statement for that specific line (string).\n\n3. The result must strictly follow this format:\n[\n    {\n        \"line_number\": int,\n        \"fixed_statement\": \"string\"\n    },\n    {\n        \"line_number\": int,\n        \"fixed_statement\": \"string\"\n    }\n]\n4. The repaired statement in \"fixed_statement\" must replace the corresponding line in the buggy code.\n5. You must NOT include any additional explanation or description in your response. Only return the JSON array. Do not include ```json or ``` markers in the response.\n"
    }
]