[
    {
        "buggy_file": "src/org/mockito/internal/verification/VerificationOverTimeImpl.java",
        "buggy_method": {
            "method_name": "verify",
            "method_body": "public void verify(VerificationData data) {\n        AssertionError error = null;\n\n        timer.start();\n        while (timer.isCounting()) {\n            try {\n                delegate.verify(data);\n\n                if (returnOnSuccess) {\n                    return;\n                } else {\n                    error = null;\n                }\n            } catch (MockitoAssertionError e) {\n                error = handleVerifyException(e);\n            }\n            catch (org.mockito.exceptions.verification.junit.ArgumentsAreDifferent e) {\n                error = handleVerifyException(e);\n            }\n        }\n\n        if (error != null) {\n            throw error;\n        }\n    }",
            "start_line": 75,
            "end_line": 99,
            "buggy_lines": [
                91
            ]
        },
        "buggy_method_src": "public void verify(VerificationData data) {\n        AssertionError error = null;\n\n        timer.start();\n        while (timer.isCounting()) {\n            try {\n                delegate.verify(data);\n\n                if (returnOnSuccess) {\n                    return;\n                } else {\n                    error = null;\n                }\n            } catch (MockitoAssertionError e) {\n                error = handleVerifyException(e);\n            }\n            catch (org.mockito.exceptions.verification.junit.ArgumentsAreDifferent e) {\n                error = handleVerifyException(e);\n            }\n        }\n\n        if (error != null) {\n            throw error;\n        }\n    }",
        "test_stack": "org.mockitointegration.NoJUnitDependenciesTest::pure_mockito_should_not_depend_JUnit\njunit.framework.AssertionFailedError: 'org.mockito.internal.verification.VerificationOverTimeImpl' has some dependency to JUnit\n\tat org.mockitointegration.NoJUnitDependenciesTest.checkDependency(NoJUnitDependenciesTest.java:36)\n\tat org.mockitointegration.NoJUnitDependenciesTest.pure_mockito_should_not_depend_JUnit(NoJUnitDependenciesTest.java:28)\n\tat sun.reflect.NativeMethodAccessorImpl.invoke0(Native Method)\n\tat sun.reflect.NativeMethodAccessorImpl.invoke(NativeMethodAccessorImpl.java:62)\n\tat sun.reflect.DelegatingMethodAccessorImpl.invoke(DelegatingMethodAccessorImpl.java:43)\n\tat java.lang.reflect.Method.invoke(Method.java:498)\n\tat org.junit.runners.model.FrameworkMethod$1.runReflectiveCall(FrameworkMethod.java:47)\n\tat org.junit.internal.runners.model.ReflectiveCallable.run(ReflectiveCallable.java:12)\n\tat org.junit.runners.model.FrameworkMethod.invokeExplosively(FrameworkMethod.java:44)\n\tat org.junit.internal.runners.statements.InvokeMethod.evaluate(InvokeMethod.java:17)\n\tat org.junit.runners.ParentRunner.runLeaf(ParentRunner.java:271)\n\tat org.junit.runners.BlockJUnit4ClassRunner.runChild(BlockJUnit4ClassRunner.java:70)\n\tat org.junit.runners.BlockJUnit4ClassRunner.runChild(BlockJUnit4ClassRunner.java:50)\n\tat org.junit.runners.ParentRunner$3.run(ParentRunner.java:238)\n\tat org.junit.runners.ParentRunner$1.schedule(ParentRunner.java:63)\n\tat org.junit.runners.ParentRunner.runChildren(ParentRunner.java:236)\n\tat org.junit.runners.ParentRunner.access$000(ParentRunner.java:53)\n\tat org.junit.runners.ParentRunner$2.evaluate(ParentRunner.java:229)\n\tat org.junit.runners.ParentRunner.run(ParentRunner.java:309)\n\tat junit.framework.JUnit4TestAdapter.run(JUnit4TestAdapter.java:38)\n\tat org.apache.tools.ant.taskdefs.optional.junit.JUnitTestRunner.run(JUnitTestRunner.java:534)\n\tat org.apache.tools.ant.taskdefs.optional.junit.JUnitTask.executeInVM(JUnitTask.java:1617)\n\tat org.apache.tools.ant.taskdefs.optional.junit.JUnitTask.execute(JUnitTask.java:1039)\n\tat org.apache.tools.ant.taskdefs.optional.junit.JUnitTask.executeOrQueue(JUnitTask.java:2162)\n\tat org.apache.tools.ant.taskdefs.optional.junit.JUnitTask.execute(JUnitTask.java:853)\n\tat org.apache.tools.ant.UnknownElement.execute(UnknownElement.java:292)\n\tat sun.reflect.GeneratedMethodAccessor4.invoke(Unknown Source)\n\tat sun.reflect.DelegatingMethodAccessorImpl.invoke(DelegatingMethodAccessorImpl.java:43)\n\tat java.lang.reflect.Method.invoke(Method.java:498)\n\tat org.apache.tools.ant.dispatch.DispatchUtils.execute(DispatchUtils.java:99)\n\tat org.apache.tools.ant.Task.perform(Task.java:350)\n\tat org.apache.tools.ant.Target.execute(Target.java:449)\n\tat org.apache.tools.ant.Target.performTasks(Target.java:470)\n\tat org.apache.tools.ant.Project.executeSortedTargets(Project.java:1388)\n\tat org.apache.tools.ant.Project.executeTarget(Project.java:1361)\n\tat org.apache.tools.ant.helper.DefaultExecutor.executeTargets(DefaultExecutor.java:41)\n\tat org.apache.tools.ant.Project.executeTargets(Project.java:1251)\n\tat org.apache.tools.ant.Main.runBuild(Main.java:834)\n\tat org.apache.tools.ant.Main.startAnt(Main.java:223)\n\tat org.apache.tools.ant.launch.Launcher.run(Launcher.java:284)\n\tat org.apache.tools.ant.launch.Launcher.main(Launcher.java:101)\nCaused by: java.lang.NoClassDefFoundError: junit/framework/ComparisonFailure\n\tat java.lang.ClassLoader.defineClass1(Native Method)\n\tat java.lang.ClassLoader.defineClass(ClassLoader.java:757)\n\tat java.security.SecureClassLoader.defineClass(SecureClassLoader.java:142)\n\tat java.net.URLClassLoader.defineClass(URLClassLoader.java:468)\n\tat java.net.URLClassLoader.access$100(URLClassLoader.java:74)\n\tat java.net.URLClassLoader$1.run(URLClassLoader.java:369)\n\tat java.net.URLClassLoader$1.run(URLClassLoader.java:363)\n\tat java.security.AccessController.doPrivileged(Native Method)\n\tat java.net.URLClassLoader.findClass(URLClassLoader.java:362)\n\tat org.mockitoutil.ClassLoaders$LocalExcludingURLClassLoader.findClass(ClassLoaders.java:156)\n\tat java.lang.ClassLoader.loadClass(ClassLoader.java:419)\n\tat java.lang.ClassLoader.loadClass(ClassLoader.java:352)\n\tat java.lang.Class.forName0(Native Method)\n\tat java.lang.Class.forName(Class.java:348)\n\tat org.mockitointegration.NoJUnitDependenciesTest.checkDependency(NoJUnitDependenciesTest.java:34)\n\t... 40 more\nCaused by: java.lang.ClassNotFoundException: classes with prefix : [junit, org.junit] are excluded\n\tat org.mockitoutil.ClassLoaders$LocalExcludingURLClassLoader.findClass(ClassLoaders.java:155)\n\tat java.lang.ClassLoader.loadClass(ClassLoader.java:419)\n\tat java.lang.ClassLoader.loadClass(ClassLoader.java:352)\n\t... 55 more\n",
        "test_assert": "checkDependency(classLoader_without_JUnit, pureMockitoAPIClass);\n",
        "buggy_lines_in_method": [
            17
        ],
        "buggy_statements": [
            "            catch (org.mockito.exceptions.verification.junit.ArgumentsAreDifferent e) {"
        ],
        "buggy_method_src_endswith_buggy_statement": "public void verify(VerificationData data) {\n        AssertionError error = null;\n\n        timer.start();\n        while (timer.isCounting()) {\n            try {\n                delegate.verify(data);\n\n                if (returnOnSuccess) {\n                    return;\n                } else {\n                    error = null;\n                }\n            } catch (MockitoAssertionError e) {\n                error = handleVerifyException(e);\n            }\n            catch (org.mockito.exceptions.verification.junit.ArgumentsAreDifferent e) {"
    }
]