{
    "overall_status": {
        "prompt_apr_1": {
            "ernie-3.5-128k": "Fail some tests",
            "qwen-turbo": "Compile failed",
            "doubao-pro-4k": "Fail some tests",
            "gpt-4o-mini": "Compile failed",
            "deepseek-chat": "Fail some tests"
        },
        "prompt_apr_2": {
            "ernie-3.5-128k": "Compile failed",
            "qwen-turbo": "Compile failed",
            "doubao-pro-4k": "Fail some tests",
            "gpt-4o-mini": "Fail some tests",
            "deepseek-chat": "Fail some tests"
        },
        "prompt_apr_3": {
            "ernie-3.5-128k": "Compile failed",
            "qwen-turbo": "Compile failed",
            "doubao-pro-4k": "Fail some tests",
            "gpt-4o-mini": "Fail some tests",
            "deepseek-chat": "Compile failed"
        },
        "prompt_apr_4": {
            "ernie-3.5-128k": "Fail some tests",
            "qwen-turbo": "Fail some tests",
            "doubao-pro-4k": "Fail some tests",
            "gpt-4o-mini": "Fail some tests",
            "deepseek-chat": "Fail some tests"
        },
        "prompt_apr_5": {
            "ernie-3.5-128k": "Compile failed",
            "qwen-turbo": "Fail some tests",
            "doubao-pro-4k": "Compile failed",
            "gpt-4o-mini": "Fail some tests",
            "deepseek-chat": "Fail some tests"
        },
        "prompt_apr_6": {
            "ernie-3.5-128k": "Compile failed",
            "qwen-turbo": "Fail some tests",
            "doubao-pro-4k": "Compile failed",
            "gpt-4o-mini": "Fail some tests",
            "deepseek-chat": "Fail some tests"
        }
    },
    "check_results_list": {
        "prompt_apr_1": {
            "ernie-3.5-128k": {
                "compile": {
                    "rc": 0,
                    "so": "",
                    "se": "Running ant (compile)...................................................... OK\nRunning ant (compile.tests)................................................ OK\n"
                },
                "test": {
                    "rc": 0,
                    "so": "Failing tests: 1\n  - org.mockito.internal.stubbing.defaultanswers.ReturnsSmartNullsTest::shouldPrintTheParametersWhenCallingAMethodWithArgs\n",
                    "se": "Running ant (compile.tests)................................................ OK\nRunning ant (run.dev.tests)................................................ OK\n"
                }
            },
            "qwen-turbo": {
                "compile": {
                    "rc": 1,
                    "so": "",
                    "se": "Running ant (compile)...................................................... FAIL\nExecuted command:  cd /data/cmd/Ming/llm-fl-apr/tmp/Mockito_31-prompt_apr_1-qwen-turbo && ant -f /data/cmd/Ming/LLM_Based-Mutation/tools/mutant/defects4j-2.1.0/framework/projects/defects4j.build.xml -Dd4j.home=/data/cmd/Ming/LLM_Based-Mutation/tools/mutant/defects4j-2.1.0 -Dd4j.dir.projects=/data/cmd/Ming/LLM_Based-Mutation/tools/mutant/defects4j-2.1.0/framework/projects -Dbasedir=/data/cmd/Ming/llm-fl-apr/tmp/Mockito_31-prompt_apr_1-qwen-turbo -Dbuild.compiler=javac1.7  compile 2>&1\nJava HotSpot(TM) 64-Bit Server VM warning: ignoring option MaxPermSize=256M; support was removed in 8.0\nBuildfile: /data/cmd/Ming/LLM_Based-Mutation/tools/mutant/defects4j-2.1.0/framework/projects/defects4j.build.xml\n\ncompile:\n\ngradle.compile:\n\nant.compile:\n\nclean:\n\nprepare:\n    [mkdir] Created dir: /data/cmd/Ming/llm-fl-apr/tmp/Mockito_31-prompt_apr_1-qwen-turbo/target/classes\n    [mkdir] Created dir: /data/cmd/Ming/llm-fl-apr/tmp/Mockito_31-prompt_apr_1-qwen-turbo/target/test-classes\n    [mkdir] Created dir: /data/cmd/Ming/llm-fl-apr/tmp/Mockito_31-prompt_apr_1-qwen-turbo/target/reports/junit\n\ncompile:\n    [javac] /data/cmd/Ming/llm-fl-apr/tmp/Mockito_31-prompt_apr_1-qwen-turbo/build.xml:78: warning: 'includeantruntime' was not set, defaulting to build.sysclasspath=last; set to false for repeatable builds\n    [javac] Compiling 240 source files to /data/cmd/Ming/llm-fl-apr/tmp/Mockito_31-prompt_apr_1-qwen-turbo/target/classes\n    [javac] /data/cmd/Ming/llm-fl-apr/tmp/Mockito_31-prompt_apr_1-qwen-turbo/src/org/mockito/internal/stubbing/defaultanswers/ReturnsSmartNulls.java:59: error: illegal character: \\96\n    [javac] ```java\n    [javac] ^\n    [javac] /data/cmd/Ming/llm-fl-apr/tmp/Mockito_31-prompt_apr_1-qwen-turbo/src/org/mockito/internal/stubbing/defaultanswers/ReturnsSmartNulls.java:59: error: illegal character: \\96\n    [javac] ```java\n    [javac]  ^\n    [javac] /data/cmd/Ming/llm-fl-apr/tmp/Mockito_31-prompt_apr_1-qwen-turbo/src/org/mockito/internal/stubbing/defaultanswers/ReturnsSmartNulls.java:59: error: illegal character: \\96\n    [javac] ```java\n    [javac]   ^\n    [javac] /data/cmd/Ming/llm-fl-apr/tmp/Mockito_31-prompt_apr_1-qwen-turbo/src/org/mockito/internal/stubbing/defaultanswers/ReturnsSmartNulls.java:63: error: illegal character: \\96\n    [javac] ```\n    [javac] ^\n    [javac] /data/cmd/Ming/llm-fl-apr/tmp/Mockito_31-prompt_apr_1-qwen-turbo/src/org/mockito/internal/stubbing/defaultanswers/ReturnsSmartNulls.java:63: error: illegal character: \\96\n    [javac] ```\n    [javac]  ^\n    [javac] /data/cmd/Ming/llm-fl-apr/tmp/Mockito_31-prompt_apr_1-qwen-turbo/src/org/mockito/internal/stubbing/defaultanswers/ReturnsSmartNulls.java:63: error: illegal character: \\96\n    [javac] ```\n    [javac]   ^\n    [javac] /data/cmd/Ming/llm-fl-apr/tmp/Mockito_31-prompt_apr_1-qwen-turbo/src/org/mockito/internal/stubbing/defaultanswers/ReturnsSmartNulls.java:65: error: illegal start of type\n    [javac] Note: The above correction assumes that `invocation.getMethod().getParameters()` returns an array or collection of parameters which need to be concatenated into a string. If the method does not have parameters or if `getParameters` does not exist, you may need to adjust the implementation accordingly.    }\n    [javac]     ^\n    [javac] /data/cmd/Ming/llm-fl-apr/tmp/Mockito_31-prompt_apr_1-qwen-turbo/src/org/mockito/internal/stubbing/defaultanswers/ReturnsSmartNulls.java:65: error: ';' expected\n    [javac] Note: The above correction assumes that `invocation.getMethod().getParameters()` returns an array or collection of parameters which need to be concatenated into a string. If the method does not have parameters or if `getParameters` does not exist, you may need to adjust the implementation accordingly.    }\n    [javac]      ^\n    [javac] /data/cmd/Ming/llm-fl-apr/tmp/Mockito_31-prompt_apr_1-qwen-turbo/src/org/mockito/internal/stubbing/defaultanswers/ReturnsSmartNulls.java:65: error: ';' expected\n    [javac] Note: The above correction assumes that `invocation.getMethod().getParameters()` returns an array or collection of parameters which need to be concatenated into a string. If the method does not have parameters or if `getParameters` does not exist, you may need to adjust the implementation accordingly.    }\n    [javac]                           ^\n    [javac] /data/cmd/Ming/llm-fl-apr/tmp/Mockito_31-prompt_apr_1-qwen-turbo/src/org/mockito/internal/stubbing/defaultanswers/ReturnsSmartNulls.java:65: error: illegal character: \\96\n    [javac] Note: The above correction assumes that `invocation.getMethod().getParameters()` returns an array or collection of parameters which need to be concatenated into a string. If the method does not have parameters or if `getParameters` does not exist, you may need to adjust the implementation accordingly.    }\n    [javac]                                         ^\n    [javac] /data/cmd/Ming/llm-fl-apr/tmp/Mockito_31-prompt_apr_1-qwen-turbo/src/org/mockito/internal/stubbing/defaultanswers/ReturnsSmartNulls.java:65: error: <identifier> expected\n    [javac] Note: The above correction assumes that `invocation.getMethod().getParameters()` returns an array or collection of parameters which need to be concatenated into a string. If the method does not have parameters or if `getParameters` does not exist, you may need to adjust the implementation accordingly.    }\n    [javac]                                                              ^\n    [javac] /data/cmd/Ming/llm-fl-apr/tmp/Mockito_31-prompt_apr_1-qwen-turbo/src/org/mockito/internal/stubbing/defaultanswers/ReturnsSmartNulls.java:65: error: ';' expected\n    [javac] Note: The above correction assumes that `invocation.getMethod().getParameters()` returns an array or collection of parameters which need to be concatenated into a string. If the method does not have parameters or if `getParameters` does not exist, you may need to adjust the implementation accordingly.    }\n    [javac]                                                                ^\n    [javac] /data/cmd/Ming/llm-fl-apr/tmp/Mockito_31-prompt_apr_1-qwen-turbo/src/org/mockito/internal/stubbing/defaultanswers/ReturnsSmartNulls.java:65: error: illegal character: \\96\n    [javac] Note: The above correction assumes that `invocation.getMethod().getParameters()` returns an array or collection of parameters which need to be concatenated into a string. If the method does not have parameters or if `getParameters` does not exist, you may need to adjust the implementation accordingly.    }\n    [javac]                                                                                ^\n    [javac] /data/cmd/Ming/llm-fl-apr/tmp/Mockito_31-prompt_apr_1-qwen-turbo/src/org/mockito/internal/stubbing/defaultanswers/ReturnsSmartNulls.java:65: error: illegal character: \\96\n    [javac] Note: The above correction assumes that `invocation.getMethod().getParameters()` returns an array or collection of parameters which need to be concatenated into a string. If the method does not have parameters or if `getParameters` does not exist, you may need to adjust the implementation accordingly.    }\n    [javac]                                                                                                                                                                                                                         ^\n    [javac] /data/cmd/Ming/llm-fl-apr/tmp/Mockito_31-prompt_apr_1-qwen-turbo/src/org/mockito/internal/stubbing/defaultanswers/ReturnsSmartNulls.java:65: error: illegal character: \\96\n    [javac] Note: The above correction assumes that `invocation.getMethod().getParameters()` returns an array or collection of parameters which need to be concatenated into a string. If the method does not have parameters or if `getParameters` does not exist, you may need to adjust the implementation accordingly.    }\n    [javac]                                                                                                                                                                                                                                       ^\n    [javac] 15 errors\n\nBUILD FAILED\n/data/cmd/Ming/LLM_Based-Mutation/tools/mutant/defects4j-2.1.0/framework/projects/Mockito/Mockito.build.xml:148: The following error occurred while executing this line:\n/data/cmd/Ming/LLM_Based-Mutation/tools/mutant/defects4j-2.1.0/framework/projects/Mockito/Mockito.build.xml:69: The following error occurred while executing this line:\n/data/cmd/Ming/llm-fl-apr/tmp/Mockito_31-prompt_apr_1-qwen-turbo/build.xml:78: Compile failed; see the compiler error output for details.\n\nTotal time: 3 seconds\nCannot compile sources! at /data/cmd/Ming/LLM_Based-Mutation/tools/mutant/defects4j-2.1.0/framework/bin/d4j/d4j-compile line 82.\nCompilation failed in require at /data/cmd/Ming/LLM_Based-Mutation/tools/mutant/defects4j-2.1.0/framework/bin/defects4j line 195.\n"
                }
            },
            "doubao-pro-4k": {
                "compile": {
                    "rc": 0,
                    "so": "",
                    "se": "Running ant (compile)...................................................... OK\nRunning ant (compile.tests)................................................ OK\n"
                },
                "test": {
                    "rc": 0,
                    "so": "Failing tests: 1\n  - org.mockito.internal.stubbing.defaultanswers.ReturnsSmartNullsTest::shouldPrintTheParametersWhenCallingAMethodWithArgs\n",
                    "se": "Running ant (compile.tests)................................................ OK\nRunning ant (run.dev.tests)................................................ OK\n"
                }
            },
            "gpt-4o-mini": {
                "compile": {
                    "rc": 1,
                    "so": "",
                    "se": "Running ant (compile)...................................................... FAIL\nExecuted command:  cd /data/cmd/Ming/llm-fl-apr/tmp/Mockito_31-prompt_apr_1-gpt-4o-mini && ant -f /data/cmd/Ming/LLM_Based-Mutation/tools/mutant/defects4j-2.1.0/framework/projects/defects4j.build.xml -Dd4j.home=/data/cmd/Ming/LLM_Based-Mutation/tools/mutant/defects4j-2.1.0 -Dd4j.dir.projects=/data/cmd/Ming/LLM_Based-Mutation/tools/mutant/defects4j-2.1.0/framework/projects -Dbasedir=/data/cmd/Ming/llm-fl-apr/tmp/Mockito_31-prompt_apr_1-gpt-4o-mini -Dbuild.compiler=javac1.7  compile 2>&1\nJava HotSpot(TM) 64-Bit Server VM warning: ignoring option MaxPermSize=256M; support was removed in 8.0\nBuildfile: /data/cmd/Ming/LLM_Based-Mutation/tools/mutant/defects4j-2.1.0/framework/projects/defects4j.build.xml\n\ncompile:\n\ngradle.compile:\n\nant.compile:\n\nclean:\n\nprepare:\n    [mkdir] Created dir: /data/cmd/Ming/llm-fl-apr/tmp/Mockito_31-prompt_apr_1-gpt-4o-mini/target/classes\n    [mkdir] Created dir: /data/cmd/Ming/llm-fl-apr/tmp/Mockito_31-prompt_apr_1-gpt-4o-mini/target/test-classes\n    [mkdir] Created dir: /data/cmd/Ming/llm-fl-apr/tmp/Mockito_31-prompt_apr_1-gpt-4o-mini/target/reports/junit\n\ncompile:\n    [javac] /data/cmd/Ming/llm-fl-apr/tmp/Mockito_31-prompt_apr_1-gpt-4o-mini/build.xml:78: warning: 'includeantruntime' was not set, defaulting to build.sysclasspath=last; set to false for repeatable builds\n    [javac] Compiling 240 source files to /data/cmd/Ming/llm-fl-apr/tmp/Mockito_31-prompt_apr_1-gpt-4o-mini/target/classes\n    [javac] /data/cmd/Ming/llm-fl-apr/tmp/Mockito_31-prompt_apr_1-gpt-4o-mini/src/org/mockito/internal/stubbing/defaultanswers/ReturnsSmartNulls.java:63: error: ';' expected\n    [javac] It looks like there might be an issue with how you're using the `invocation` object. The `invocation` object is likely a reference to an instance of some framework, like Mockito or a similar library, but it doesn't seem to be defined or passed in the method. If `invocation` is an instance variable, you need to ensure it's properly initialized. Here's an updated version that might resolve your issue, assuming that `invocation` is defined as part of your class (for example, an instance of `Invocation` from a mocking framework).\n    [javac]         ^\n    [javac] /data/cmd/Ming/llm-fl-apr/tmp/Mockito_31-prompt_apr_1-gpt-4o-mini/src/org/mockito/internal/stubbing/defaultanswers/ReturnsSmartNulls.java:63: error: ';' expected\n    [javac] It looks like there might be an issue with how you're using the `invocation` object. The `invocation` object is likely a reference to an instance of some framework, like Mockito or a similar library, but it doesn't seem to be defined or passed in the method. If `invocation` is an instance variable, you need to ensure it's properly initialized. Here's an updated version that might resolve your issue, assuming that `invocation` is defined as part of your class (for example, an instance of `Invocation` from a mocking framework).\n    [javac]                    ^\n    [javac] /data/cmd/Ming/llm-fl-apr/tmp/Mockito_31-prompt_apr_1-gpt-4o-mini/src/org/mockito/internal/stubbing/defaultanswers/ReturnsSmartNulls.java:63: error: ';' expected\n    [javac] It looks like there might be an issue with how you're using the `invocation` object. The `invocation` object is likely a reference to an instance of some framework, like Mockito or a similar library, but it doesn't seem to be defined or passed in the method. If `invocation` is an instance variable, you need to ensure it's properly initialized. Here's an updated version that might resolve your issue, assuming that `invocation` is defined as part of your class (for example, an instance of `Invocation` from a mocking framework).\n    [javac]                             ^\n    [javac] /data/cmd/Ming/llm-fl-apr/tmp/Mockito_31-prompt_apr_1-gpt-4o-mini/src/org/mockito/internal/stubbing/defaultanswers/ReturnsSmartNulls.java:63: error: ';' expected\n    [javac] It looks like there might be an issue with how you're using the `invocation` object. The `invocation` object is likely a reference to an instance of some framework, like Mockito or a similar library, but it doesn't seem to be defined or passed in the method. If `invocation` is an instance variable, you need to ensure it's properly initialized. Here's an updated version that might resolve your issue, assuming that `invocation` is defined as part of your class (for example, an instance of `Invocation` from a mocking framework).\n    [javac]                                      ^\n    [javac] /data/cmd/Ming/llm-fl-apr/tmp/Mockito_31-prompt_apr_1-gpt-4o-mini/src/org/mockito/internal/stubbing/defaultanswers/ReturnsSmartNulls.java:63: error: ';' expected\n    [javac] It looks like there might be an issue with how you're using the `invocation` object. The `invocation` object is likely a reference to an instance of some framework, like Mockito or a similar library, but it doesn't seem to be defined or passed in the method. If `invocation` is an instance variable, you need to ensure it's properly initialized. Here's an updated version that might resolve your issue, assuming that `invocation` is defined as part of your class (for example, an instance of `Invocation` from a mocking framework).\n    [javac]                                               ^\n    [javac] /data/cmd/Ming/llm-fl-apr/tmp/Mockito_31-prompt_apr_1-gpt-4o-mini/src/org/mockito/internal/stubbing/defaultanswers/ReturnsSmartNulls.java:63: error: unclosed character literal\n    [javac] It looks like there might be an issue with how you're using the `invocation` object. The `invocation` object is likely a reference to an instance of some framework, like Mockito or a similar library, but it doesn't seem to be defined or passed in the method. If `invocation` is an instance variable, you need to ensure it's properly initialized. Here's an updated version that might resolve your issue, assuming that `invocation` is defined as part of your class (for example, an instance of `Invocation` from a mocking framework).\n    [javac]                                                   ^\n    [javac] /data/cmd/Ming/llm-fl-apr/tmp/Mockito_31-prompt_apr_1-gpt-4o-mini/src/org/mockito/internal/stubbing/defaultanswers/ReturnsSmartNulls.java:63: error: ';' expected\n    [javac] It looks like there might be an issue with how you're using the `invocation` object. The `invocation` object is likely a reference to an instance of some framework, like Mockito or a similar library, but it doesn't seem to be defined or passed in the method. If `invocation` is an instance variable, you need to ensure it's properly initialized. Here's an updated version that might resolve your issue, assuming that `invocation` is defined as part of your class (for example, an instance of `Invocation` from a mocking framework).\n    [javac]                                                            ^\n    [javac] /data/cmd/Ming/llm-fl-apr/tmp/Mockito_31-prompt_apr_1-gpt-4o-mini/src/org/mockito/internal/stubbing/defaultanswers/ReturnsSmartNulls.java:63: error: illegal character: \\96\n    [javac] It looks like there might be an issue with how you're using the `invocation` object. The `invocation` object is likely a reference to an instance of some framework, like Mockito or a similar library, but it doesn't seem to be defined or passed in the method. If `invocation` is an instance variable, you need to ensure it's properly initialized. Here's an updated version that might resolve your issue, assuming that `invocation` is defined as part of your class (for example, an instance of `Invocation` from a mocking framework).\n    [javac]                                                                 ^\n    [javac] /data/cmd/Ming/llm-fl-apr/tmp/Mockito_31-prompt_apr_1-gpt-4o-mini/src/org/mockito/internal/stubbing/defaultanswers/ReturnsSmartNulls.java:63: error: illegal character: \\96\n    [javac] It looks like there might be an issue with how you're using the `invocation` object. The `invocation` object is likely a reference to an instance of some framework, like Mockito or a similar library, but it doesn't seem to be defined or passed in the method. If `invocation` is an instance variable, you need to ensure it's properly initialized. Here's an updated version that might resolve your issue, assuming that `invocation` is defined as part of your class (for example, an instance of `Invocation` from a mocking framework).\n    [javac]                                                                            ^\n    [javac] /data/cmd/Ming/llm-fl-apr/tmp/Mockito_31-prompt_apr_1-gpt-4o-mini/src/org/mockito/internal/stubbing/defaultanswers/ReturnsSmartNulls.java:63: error: illegal character: \\96\n    [javac] It looks like there might be an issue with how you're using the `invocation` object. The `invocation` object is likely a reference to an instance of some framework, like Mockito or a similar library, but it doesn't seem to be defined or passed in the method. If `invocation` is an instance variable, you need to ensure it's properly initialized. Here's an updated version that might resolve your issue, assuming that `invocation` is defined as part of your class (for example, an instance of `Invocation` from a mocking framework).\n    [javac]                                                                                          ^\n    [javac] /data/cmd/Ming/llm-fl-apr/tmp/Mockito_31-prompt_apr_1-gpt-4o-mini/src/org/mockito/internal/stubbing/defaultanswers/ReturnsSmartNulls.java:63: error: illegal character: \\96\n    [javac] It looks like there might be an issue with how you're using the `invocation` object. The `invocation` object is likely a reference to an instance of some framework, like Mockito or a similar library, but it doesn't seem to be defined or passed in the method. If `invocation` is an instance variable, you need to ensure it's properly initialized. Here's an updated version that might resolve your issue, assuming that `invocation` is defined as part of your class (for example, an instance of `Invocation` from a mocking framework).\n    [javac]                                                                                                     ^\n    [javac] /data/cmd/Ming/llm-fl-apr/tmp/Mockito_31-prompt_apr_1-gpt-4o-mini/src/org/mockito/internal/stubbing/defaultanswers/ReturnsSmartNulls.java:63: error: ';' expected\n    [javac] It looks like there might be an issue with how you're using the `invocation` object. The `invocation` object is likely a reference to an instance of some framework, like Mockito or a similar library, but it doesn't seem to be defined or passed in the method. If `invocation` is an instance variable, you need to ensure it's properly initialized. Here's an updated version that might resolve your issue, assuming that `invocation` is defined as part of your class (for example, an instance of `Invocation` from a mocking framework).\n    [javac]                                                                                                                ^\n    [javac] /data/cmd/Ming/llm-fl-apr/tmp/Mockito_31-prompt_apr_1-gpt-4o-mini/src/org/mockito/internal/stubbing/defaultanswers/ReturnsSmartNulls.java:63: error: ';' expected\n    [javac] It looks like there might be an issue with how you're using the `invocation` object. The `invocation` object is likely a reference to an instance of some framework, like Mockito or a similar library, but it doesn't seem to be defined or passed in the method. If `invocation` is an instance variable, you need to ensure it's properly initialized. Here's an updated version that might resolve your issue, assuming that `invocation` is defined as part of your class (for example, an instance of `Invocation` from a mocking framework).\n    [javac]                                                                                                                         ^\n    [javac] /data/cmd/Ming/llm-fl-apr/tmp/Mockito_31-prompt_apr_1-gpt-4o-mini/src/org/mockito/internal/stubbing/defaultanswers/ReturnsSmartNulls.java:63: error: ';' expected\n    [javac] It looks like there might be an issue with how you're using the `invocation` object. The `invocation` object is likely a reference to an instance of some framework, like Mockito or a similar library, but it doesn't seem to be defined or passed in the method. If `invocation` is an instance variable, you need to ensure it's properly initialized. Here's an updated version that might resolve your issue, assuming that `invocation` is defined as part of your class (for example, an instance of `Invocation` from a mocking framework).\n    [javac]                                                                                                                                      ^\n    [javac] /data/cmd/Ming/llm-fl-apr/tmp/Mockito_31-prompt_apr_1-gpt-4o-mini/src/org/mockito/internal/stubbing/defaultanswers/ReturnsSmartNulls.java:63: error: ';' expected\n    [javac] It looks like there might be an issue with how you're using the `invocation` object. The `invocation` object is likely a reference to an instance of some framework, like Mockito or a similar library, but it doesn't seem to be defined or passed in the method. If `invocation` is an instance variable, you need to ensure it's properly initialized. Here's an updated version that might resolve your issue, assuming that `invocation` is defined as part of your class (for example, an instance of `Invocation` from a mocking framework).\n    [javac]                                                                                                                                                  ^\n    [javac] /data/cmd/Ming/llm-fl-apr/tmp/Mockito_31-prompt_apr_1-gpt-4o-mini/src/org/mockito/internal/stubbing/defaultanswers/ReturnsSmartNulls.java:63: error: ';' expected\n    [javac] It looks like there might be an issue with how you're using the `invocation` object. The `invocation` object is likely a reference to an instance of some framework, like Mockito or a similar library, but it doesn't seem to be defined or passed in the method. If `invocation` is an instance variable, you need to ensure it's properly initialized. Here's an updated version that might resolve your issue, assuming that `invocation` is defined as part of your class (for example, an instance of `Invocation` from a mocking framework).\n    [javac]                                                                                                                                                          ^\n    [javac] /data/cmd/Ming/llm-fl-apr/tmp/Mockito_31-prompt_apr_1-gpt-4o-mini/src/org/mockito/internal/stubbing/defaultanswers/ReturnsSmartNulls.java:63: error: <identifier> expected\n    [javac] It looks like there might be an issue with how you're using the `invocation` object. The `invocation` object is likely a reference to an instance of some framework, like Mockito or a similar library, but it doesn't seem to be defined or passed in the method. If `invocation` is an instance variable, you need to ensure it's properly initialized. Here's an updated version that might resolve your issue, assuming that `invocation` is defined as part of your class (for example, an instance of `Invocation` from a mocking framework).\n    [javac]                                                                                                                                                                    ^\n    [javac] /data/cmd/Ming/llm-fl-apr/tmp/Mockito_31-prompt_apr_1-gpt-4o-mini/src/org/mockito/internal/stubbing/defaultanswers/ReturnsSmartNulls.java:63: error: ';' expected\n    [javac] It looks like there might be an issue with how you're using the `invocation` object. The `invocation` object is likely a reference to an instance of some framework, like Mockito or a similar library, but it doesn't seem to be defined or passed in the method. If `invocation` is an instance variable, you need to ensure it's properly initialized. Here's an updated version that might resolve your issue, assuming that `invocation` is defined as part of your class (for example, an instance of `Invocation` from a mocking framework).\n    [javac]                                                                                                                                                                          ^\n    [javac] /data/cmd/Ming/llm-fl-apr/tmp/Mockito_31-prompt_apr_1-gpt-4o-mini/src/org/mockito/internal/stubbing/defaultanswers/ReturnsSmartNulls.java:63: error: ';' expected\n    [javac] It looks like there might be an issue with how you're using the `invocation` object. The `invocation` object is likely a reference to an instance of some framework, like Mockito or a similar library, but it doesn't seem to be defined or passed in the method. If `invocation` is an instance variable, you need to ensure it's properly initialized. Here's an updated version that might resolve your issue, assuming that `invocation` is defined as part of your class (for example, an instance of `Invocation` from a mocking framework).\n    [javac]                                                                                                                                                                                     ^\n    [javac] /data/cmd/Ming/llm-fl-apr/tmp/Mockito_31-prompt_apr_1-gpt-4o-mini/src/org/mockito/internal/stubbing/defaultanswers/ReturnsSmartNulls.java:63: error: ';' expected\n    [javac] It looks like there might be an issue with how you're using the `invocation` object. The `invocation` object is likely a reference to an instance of some framework, like Mockito or a similar library, but it doesn't seem to be defined or passed in the method. If `invocation` is an instance variable, you need to ensure it's properly initialized. Here's an updated version that might resolve your issue, assuming that `invocation` is defined as part of your class (for example, an instance of `Invocation` from a mocking framework).\n    [javac]                                                                                                                                                                                               ^\n    [javac] /data/cmd/Ming/llm-fl-apr/tmp/Mockito_31-prompt_apr_1-gpt-4o-mini/src/org/mockito/internal/stubbing/defaultanswers/ReturnsSmartNulls.java:63: error: <identifier> expected\n    [javac] It looks like there might be an issue with how you're using the `invocation` object. The `invocation` object is likely a reference to an instance of some framework, like Mockito or a similar library, but it doesn't seem to be defined or passed in the method. If `invocation` is an instance variable, you need to ensure it's properly initialized. Here's an updated version that might resolve your issue, assuming that `invocation` is defined as part of your class (for example, an instance of `Invocation` from a mocking framework).\n    [javac]                                                                                                                                                                                                       ^\n    [javac] /data/cmd/Ming/llm-fl-apr/tmp/Mockito_31-prompt_apr_1-gpt-4o-mini/src/org/mockito/internal/stubbing/defaultanswers/ReturnsSmartNulls.java:63: error: ';' expected\n    [javac] It looks like there might be an issue with how you're using the `invocation` object. The `invocation` object is likely a reference to an instance of some framework, like Mockito or a similar library, but it doesn't seem to be defined or passed in the method. If `invocation` is an instance variable, you need to ensure it's properly initialized. Here's an updated version that might resolve your issue, assuming that `invocation` is defined as part of your class (for example, an instance of `Invocation` from a mocking framework).\n    [javac]                                                                                                                                                                                                            ^\n    [javac] /data/cmd/Ming/llm-fl-apr/tmp/Mockito_31-prompt_apr_1-gpt-4o-mini/src/org/mockito/internal/stubbing/defaultanswers/ReturnsSmartNulls.java:63: error: unclosed character literal\n    [javac] It looks like there might be an issue with how you're using the `invocation` object. The `invocation` object is likely a reference to an instance of some framework, like Mockito or a similar library, but it doesn't seem to be defined or passed in the method. If `invocation` is an instance variable, you need to ensure it's properly initialized. Here's an updated version that might resolve your issue, assuming that `invocation` is defined as part of your class (for example, an instance of `Invocation` from a mocking framework).\n    [javac]                                                                                                                                                                                                                     ^\n    [javac] /data/cmd/Ming/llm-fl-apr/tmp/Mockito_31-prompt_apr_1-gpt-4o-mini/src/org/mockito/internal/stubbing/defaultanswers/ReturnsSmartNulls.java:63: error: ';' expected\n    [javac] It looks like there might be an issue with how you're using the `invocation` object. The `invocation` object is likely a reference to an instance of some framework, like Mockito or a similar library, but it doesn't seem to be defined or passed in the method. If `invocation` is an instance variable, you need to ensure it's properly initialized. Here's an updated version that might resolve your issue, assuming that `invocation` is defined as part of your class (for example, an instance of `Invocation` from a mocking framework).\n    [javac]                                                                                                                                                                                                                               ^\n    [javac] /data/cmd/Ming/llm-fl-apr/tmp/Mockito_31-prompt_apr_1-gpt-4o-mini/src/org/mockito/internal/stubbing/defaultanswers/ReturnsSmartNulls.java:63: error: ';' expected\n    [javac] It looks like there might be an issue with how you're using the `invocation` object. The `invocation` object is likely a reference to an instance of some framework, like Mockito or a similar library, but it doesn't seem to be defined or passed in the method. If `invocation` is an instance variable, you need to ensure it's properly initialized. Here's an updated version that might resolve your issue, assuming that `invocation` is defined as part of your class (for example, an instance of `Invocation` from a mocking framework).\n    [javac]                                                                                                                                                                                                                                          ^\n    [javac] /data/cmd/Ming/llm-fl-apr/tmp/Mockito_31-prompt_apr_1-gpt-4o-mini/src/org/mockito/internal/stubbing/defaultanswers/ReturnsSmartNulls.java:63: error: ';' expected\n    [javac] It looks like there might be an issue with how you're using the `invocation` object. The `invocation` object is likely a reference to an instance of some framework, like Mockito or a similar library, but it doesn't seem to be defined or passed in the method. If `invocation` is an instance variable, you need to ensure it's properly initialized. Here's an updated version that might resolve your issue, assuming that `invocation` is defined as part of your class (for example, an instance of `Invocation` from a mocking framework).\n    [javac]                                                                                                                                                                                                                                                    ^\n    [javac] /data/cmd/Ming/llm-fl-apr/tmp/Mockito_31-prompt_apr_1-gpt-4o-mini/src/org/mockito/internal/stubbing/defaultanswers/ReturnsSmartNulls.java:63: error: ';' expected\n    [javac] It looks like there might be an issue with how you're using the `invocation` object. The `invocation` object is likely a reference to an instance of some framework, like Mockito or a similar library, but it doesn't seem to be defined or passed in the method. If `invocation` is an instance variable, you need to ensure it's properly initialized. Here's an updated version that might resolve your issue, assuming that `invocation` is defined as part of your class (for example, an instance of `Invocation` from a mocking framework).\n    [javac]                                                                                                                                                                                                                                                           ^\n    [javac] /data/cmd/Ming/llm-fl-apr/tmp/Mockito_31-prompt_apr_1-gpt-4o-mini/src/org/mockito/internal/stubbing/defaultanswers/ReturnsSmartNulls.java:63: error: illegal character: \\96\n    [javac] It looks like there might be an issue with how you're using the `invocation` object. The `invocation` object is likely a reference to an instance of some framework, like Mockito or a similar library, but it doesn't seem to be defined or passed in the method. If `invocation` is an instance variable, you need to ensure it's properly initialized. Here's an updated version that might resolve your issue, assuming that `invocation` is defined as part of your class (for example, an instance of `Invocation` from a mocking framework).\n    [javac]                                                                                                                                                                                                                                                                       ^\n    [javac] /data/cmd/Ming/llm-fl-apr/tmp/Mockito_31-prompt_apr_1-gpt-4o-mini/src/org/mockito/internal/stubbing/defaultanswers/ReturnsSmartNulls.java:63: error: illegal character: \\96\n    [javac] It looks like there might be an issue with how you're using the `invocation` object. The `invocation` object is likely a reference to an instance of some framework, like Mockito or a similar library, but it doesn't seem to be defined or passed in the method. If `invocation` is an instance variable, you need to ensure it's properly initialized. Here's an updated version that might resolve your issue, assuming that `invocation` is defined as part of your class (for example, an instance of `Invocation` from a mocking framework).\n    [javac]                                                                                                                                                                                                                                                                                  ^\n    [javac] /data/cmd/Ming/llm-fl-apr/tmp/Mockito_31-prompt_apr_1-gpt-4o-mini/src/org/mockito/internal/stubbing/defaultanswers/ReturnsSmartNulls.java:63: error: ';' expected\n    [javac] It looks like there might be an issue with how you're using the `invocation` object. The `invocation` object is likely a reference to an instance of some framework, like Mockito or a similar library, but it doesn't seem to be defined or passed in the method. If `invocation` is an instance variable, you need to ensure it's properly initialized. Here's an updated version that might resolve your issue, assuming that `invocation` is defined as part of your class (for example, an instance of `Invocation` from a mocking framework).\n    [javac]                                                                                                                                                                                                                                                                                         ^\n    [javac] /data/cmd/Ming/llm-fl-apr/tmp/Mockito_31-prompt_apr_1-gpt-4o-mini/src/org/mockito/internal/stubbing/defaultanswers/ReturnsSmartNulls.java:63: error: ';' expected\n    [javac] It looks like there might be an issue with how you're using the `invocation` object. The `invocation` object is likely a reference to an instance of some framework, like Mockito or a similar library, but it doesn't seem to be defined or passed in the method. If `invocation` is an instance variable, you need to ensure it's properly initialized. Here's an updated version that might resolve your issue, assuming that `invocation` is defined as part of your class (for example, an instance of `Invocation` from a mocking framework).\n    [javac]                                                                                                                                                                                                                                                                                                                ^\n    [javac] /data/cmd/Ming/llm-fl-apr/tmp/Mockito_31-prompt_apr_1-gpt-4o-mini/src/org/mockito/internal/stubbing/defaultanswers/ReturnsSmartNulls.java:63: error: ';' expected\n    [javac] It looks like there might be an issue with how you're using the `invocation` object. The `invocation` object is likely a reference to an instance of some framework, like Mockito or a similar library, but it doesn't seem to be defined or passed in the method. If `invocation` is an instance variable, you need to ensure it's properly initialized. Here's an updated version that might resolve your issue, assuming that `invocation` is defined as part of your class (for example, an instance of `Invocation` from a mocking framework).\n    [javac]                                                                                                                                                                                                                                                                                                                        ^\n    [javac] /data/cmd/Ming/llm-fl-apr/tmp/Mockito_31-prompt_apr_1-gpt-4o-mini/src/org/mockito/internal/stubbing/defaultanswers/ReturnsSmartNulls.java:63: error: unclosed character literal\n    [javac] It looks like there might be an issue with how you're using the `invocation` object. The `invocation` object is likely a reference to an instance of some framework, like Mockito or a similar library, but it doesn't seem to be defined or passed in the method. If `invocation` is an instance variable, you need to ensure it's properly initialized. Here's an updated version that might resolve your issue, assuming that `invocation` is defined as part of your class (for example, an instance of `Invocation` from a mocking framework).\n    [javac]                                                                                                                                                                                                                                                                                                                                  ^\n    [javac] /data/cmd/Ming/llm-fl-apr/tmp/Mockito_31-prompt_apr_1-gpt-4o-mini/src/org/mockito/internal/stubbing/defaultanswers/ReturnsSmartNulls.java:63: error: ';' expected\n    [javac] It looks like there might be an issue with how you're using the `invocation` object. The `invocation` object is likely a reference to an instance of some framework, like Mockito or a similar library, but it doesn't seem to be defined or passed in the method. If `invocation` is an instance variable, you need to ensure it's properly initialized. Here's an updated version that might resolve your issue, assuming that `invocation` is defined as part of your class (for example, an instance of `Invocation` from a mocking framework).\n    [javac]                                                                                                                                                                                                                                                                                                                                                         ^\n    [javac] /data/cmd/Ming/llm-fl-apr/tmp/Mockito_31-prompt_apr_1-gpt-4o-mini/src/org/mockito/internal/stubbing/defaultanswers/ReturnsSmartNulls.java:63: error: unclosed character literal\n    [javac] It looks like there might be an issue with how you're using the `invocation` object. The `invocation` object is likely a reference to an instance of some framework, like Mockito or a similar library, but it doesn't seem to be defined or passed in the method. If `invocation` is an instance variable, you need to ensure it's properly initialized. Here's an updated version that might resolve your issue, assuming that `invocation` is defined as part of your class (for example, an instance of `Invocation` from a mocking framework).\n    [javac]                                                                                                                                                                                                                                                                                                                                                               ^\n    [javac] /data/cmd/Ming/llm-fl-apr/tmp/Mockito_31-prompt_apr_1-gpt-4o-mini/src/org/mockito/internal/stubbing/defaultanswers/ReturnsSmartNulls.java:63: error: ';' expected\n    [javac] It looks like there might be an issue with how you're using the `invocation` object. The `invocation` object is likely a reference to an instance of some framework, like Mockito or a similar library, but it doesn't seem to be defined or passed in the method. If `invocation` is an instance variable, you need to ensure it's properly initialized. Here's an updated version that might resolve your issue, assuming that `invocation` is defined as part of your class (for example, an instance of `Invocation` from a mocking framework).\n    [javac]                                                                                                                                                                                                                                                                                                                                                                            ^\n    [javac] /data/cmd/Ming/llm-fl-apr/tmp/Mockito_31-prompt_apr_1-gpt-4o-mini/src/org/mockito/internal/stubbing/defaultanswers/ReturnsSmartNulls.java:63: error: ';' expected\n    [javac] It looks like there might be an issue with how you're using the `invocation` object. The `invocation` object is likely a reference to an instance of some framework, like Mockito or a similar library, but it doesn't seem to be defined or passed in the method. If `invocation` is an instance variable, you need to ensure it's properly initialized. Here's an updated version that might resolve your issue, assuming that `invocation` is defined as part of your class (for example, an instance of `Invocation` from a mocking framework).\n    [javac]                                                                                                                                                                                                                                                                                                                                                                                         ^\n    [javac] /data/cmd/Ming/llm-fl-apr/tmp/Mockito_31-prompt_apr_1-gpt-4o-mini/src/org/mockito/internal/stubbing/defaultanswers/ReturnsSmartNulls.java:63: error: ';' expected\n    [javac] It looks like there might be an issue with how you're using the `invocation` object. The `invocation` object is likely a reference to an instance of some framework, like Mockito or a similar library, but it doesn't seem to be defined or passed in the method. If `invocation` is an instance variable, you need to ensure it's properly initialized. Here's an updated version that might resolve your issue, assuming that `invocation` is defined as part of your class (for example, an instance of `Invocation` from a mocking framework).\n    [javac]                                                                                                                                                                                                                                                                                                                                                                                                       ^\n    [javac] /data/cmd/Ming/llm-fl-apr/tmp/Mockito_31-prompt_apr_1-gpt-4o-mini/src/org/mockito/internal/stubbing/defaultanswers/ReturnsSmartNulls.java:63: error: ';' expected\n    [javac] It looks like there might be an issue with how you're using the `invocation` object. The `invocation` object is likely a reference to an instance of some framework, like Mockito or a similar library, but it doesn't seem to be defined or passed in the method. If `invocation` is an instance variable, you need to ensure it's properly initialized. Here's an updated version that might resolve your issue, assuming that `invocation` is defined as part of your class (for example, an instance of `Invocation` from a mocking framework).\n    [javac]                                                                                                                                                                                                                                                                                                                                                                                                                            ^\n    [javac] /data/cmd/Ming/llm-fl-apr/tmp/Mockito_31-prompt_apr_1-gpt-4o-mini/src/org/mockito/internal/stubbing/defaultanswers/ReturnsSmartNulls.java:63: error: illegal character: \\96\n    [javac] It looks like there might be an issue with how you're using the `invocation` object. The `invocation` object is likely a reference to an instance of some framework, like Mockito or a similar library, but it doesn't seem to be defined or passed in the method. If `invocation` is an instance variable, you need to ensure it's properly initialized. Here's an updated version that might resolve your issue, assuming that `invocation` is defined as part of your class (for example, an instance of `Invocation` from a mocking framework).\n    [javac]                                                                                                                                                                                                                                                                                                                                                                                                                                  ^\n    [javac] /data/cmd/Ming/llm-fl-apr/tmp/Mockito_31-prompt_apr_1-gpt-4o-mini/src/org/mockito/internal/stubbing/defaultanswers/ReturnsSmartNulls.java:63: error: illegal character: \\96\n    [javac] It looks like there might be an issue with how you're using the `invocation` object. The `invocation` object is likely a reference to an instance of some framework, like Mockito or a similar library, but it doesn't seem to be defined or passed in the method. If `invocation` is an instance variable, you need to ensure it's properly initialized. Here's an updated version that might resolve your issue, assuming that `invocation` is defined as part of your class (for example, an instance of `Invocation` from a mocking framework).\n    [javac]                                                                                                                                                                                                                                                                                                                                                                                                                                             ^\n    [javac] /data/cmd/Ming/llm-fl-apr/tmp/Mockito_31-prompt_apr_1-gpt-4o-mini/src/org/mockito/internal/stubbing/defaultanswers/ReturnsSmartNulls.java:63: error: ';' expected\n    [javac] It looks like there might be an issue with how you're using the `invocation` object. The `invocation` object is likely a reference to an instance of some framework, like Mockito or a similar library, but it doesn't seem to be defined or passed in the method. If `invocation` is an instance variable, you need to ensure it's properly initialized. Here's an updated version that might resolve your issue, assuming that `invocation` is defined as part of your class (for example, an instance of `Invocation` from a mocking framework).\n    [javac]                                                                                                                                                                                                                                                                                                                                                                                                                                                         ^\n    [javac] /data/cmd/Ming/llm-fl-apr/tmp/Mockito_31-prompt_apr_1-gpt-4o-mini/src/org/mockito/internal/stubbing/defaultanswers/ReturnsSmartNulls.java:63: error: ';' expected\n    [javac] It looks like there might be an issue with how you're using the `invocation` object. The `invocation` object is likely a reference to an instance of some framework, like Mockito or a similar library, but it doesn't seem to be defined or passed in the method. If `invocation` is an instance variable, you need to ensure it's properly initialized. Here's an updated version that might resolve your issue, assuming that `invocation` is defined as part of your class (for example, an instance of `Invocation` from a mocking framework).\n    [javac]                                                                                                                                                                                                                                                                                                                                                                                                                                                                 ^\n    [javac] /data/cmd/Ming/llm-fl-apr/tmp/Mockito_31-prompt_apr_1-gpt-4o-mini/src/org/mockito/internal/stubbing/defaultanswers/ReturnsSmartNulls.java:63: error: ';' expected\n    [javac] It looks like there might be an issue with how you're using the `invocation` object. The `invocation` object is likely a reference to an instance of some framework, like Mockito or a similar library, but it doesn't seem to be defined or passed in the method. If `invocation` is an instance variable, you need to ensure it's properly initialized. Here's an updated version that might resolve your issue, assuming that `invocation` is defined as part of your class (for example, an instance of `Invocation` from a mocking framework).\n    [javac]                                                                                                                                                                                                                                                                                                                                                                                                                                                                         ^\n    [javac] /data/cmd/Ming/llm-fl-apr/tmp/Mockito_31-prompt_apr_1-gpt-4o-mini/src/org/mockito/internal/stubbing/defaultanswers/ReturnsSmartNulls.java:63: error: <identifier> expected\n    [javac] It looks like there might be an issue with how you're using the `invocation` object. The `invocation` object is likely a reference to an instance of some framework, like Mockito or a similar library, but it doesn't seem to be defined or passed in the method. If `invocation` is an instance variable, you need to ensure it's properly initialized. Here's an updated version that might resolve your issue, assuming that `invocation` is defined as part of your class (for example, an instance of `Invocation` from a mocking framework).\n    [javac]                                                                                                                                                                                                                                                                                                                                                                                                                                                                               ^\n    [javac] /data/cmd/Ming/llm-fl-apr/tmp/Mockito_31-prompt_apr_1-gpt-4o-mini/src/org/mockito/internal/stubbing/defaultanswers/ReturnsSmartNulls.java:63: error: illegal start of type\n    [javac] It looks like there might be an issue with how you're using the `invocation` object. The `invocation` object is likely a reference to an instance of some framework, like Mockito or a similar library, but it doesn't seem to be defined or passed in the method. If `invocation` is an instance variable, you need to ensure it's properly initialized. Here's an updated version that might resolve your issue, assuming that `invocation` is defined as part of your class (for example, an instance of `Invocation` from a mocking framework).\n    [javac]                                                                                                                                                                                                                                                                                                                                                                                                                                                                                 ^\n    [javac] /data/cmd/Ming/llm-fl-apr/tmp/Mockito_31-prompt_apr_1-gpt-4o-mini/src/org/mockito/internal/stubbing/defaultanswers/ReturnsSmartNulls.java:63: error: ';' expected\n    [javac] It looks like there might be an issue with how you're using the `invocation` object. The `invocation` object is likely a reference to an instance of some framework, like Mockito or a similar library, but it doesn't seem to be defined or passed in the method. If `invocation` is an instance variable, you need to ensure it's properly initialized. Here's an updated version that might resolve your issue, assuming that `invocation` is defined as part of your class (for example, an instance of `Invocation` from a mocking framework).\n    [javac]                                                                                                                                                                                                                                                                                                                                                                                                                                                                                                ^\n    [javac] /data/cmd/Ming/llm-fl-apr/tmp/Mockito_31-prompt_apr_1-gpt-4o-mini/src/org/mockito/internal/stubbing/defaultanswers/ReturnsSmartNulls.java:63: error: illegal character: \\96\n    [javac] It looks like there might be an issue with how you're using the `invocation` object. The `invocation` object is likely a reference to an instance of some framework, like Mockito or a similar library, but it doesn't seem to be defined or passed in the method. If `invocation` is an instance variable, you need to ensure it's properly initialized. Here's an updated version that might resolve your issue, assuming that `invocation` is defined as part of your class (for example, an instance of `Invocation` from a mocking framework).\n    [javac]                                                                                                                                                                                                                                                                                                                                                                                                                                                                                                             ^\n    [javac] /data/cmd/Ming/llm-fl-apr/tmp/Mockito_31-prompt_apr_1-gpt-4o-mini/src/org/mockito/internal/stubbing/defaultanswers/ReturnsSmartNulls.java:63: error: illegal character: \\96\n    [javac] It looks like there might be an issue with how you're using the `invocation` object. The `invocation` object is likely a reference to an instance of some framework, like Mockito or a similar library, but it doesn't seem to be defined or passed in the method. If `invocation` is an instance variable, you need to ensure it's properly initialized. Here's an updated version that might resolve your issue, assuming that `invocation` is defined as part of your class (for example, an instance of `Invocation` from a mocking framework).\n    [javac]                                                                                                                                                                                                                                                                                                                                                                                                                                                                                                                        ^\n    [javac] /data/cmd/Ming/llm-fl-apr/tmp/Mockito_31-prompt_apr_1-gpt-4o-mini/src/org/mockito/internal/stubbing/defaultanswers/ReturnsSmartNulls.java:63: error: ';' expected\n    [javac] It looks like there might be an issue with how you're using the `invocation` object. The `invocation` object is likely a reference to an instance of some framework, like Mockito or a similar library, but it doesn't seem to be defined or passed in the method. If `invocation` is an instance variable, you need to ensure it's properly initialized. Here's an updated version that might resolve your issue, assuming that `invocation` is defined as part of your class (for example, an instance of `Invocation` from a mocking framework).\n    [javac]                                                                                                                                                                                                                                                                                                                                                                                                                                                                                                                                ^\n    [javac] /data/cmd/Ming/llm-fl-apr/tmp/Mockito_31-prompt_apr_1-gpt-4o-mini/src/org/mockito/internal/stubbing/defaultanswers/ReturnsSmartNulls.java:63: error: ';' expected\n    [javac] It looks like there might be an issue with how you're using the `invocation` object. The `invocation` object is likely a reference to an instance of some framework, like Mockito or a similar library, but it doesn't seem to be defined or passed in the method. If `invocation` is an instance variable, you need to ensure it's properly initialized. Here's an updated version that might resolve your issue, assuming that `invocation` is defined as part of your class (for example, an instance of `Invocation` from a mocking framework).\n    [javac]                                                                                                                                                                                                                                                                                                                                                                                                                                                                                                                                                  ^\n    [javac] /data/cmd/Ming/llm-fl-apr/tmp/Mockito_31-prompt_apr_1-gpt-4o-mini/src/org/mockito/internal/stubbing/defaultanswers/ReturnsSmartNulls.java:73: error: ';' expected\n    [javac] This modification ensures that you handle null references in case `invocation` or `getMethod()` is null, avoiding potential `NullPointerException`.    }\n    [javac]                  ^\n    [javac] /data/cmd/Ming/llm-fl-apr/tmp/Mockito_31-prompt_apr_1-gpt-4o-mini/src/org/mockito/internal/stubbing/defaultanswers/ReturnsSmartNulls.java:73: error: ';' expected\n    [javac] This modification ensures that you handle null references in case `invocation` or `getMethod()` is null, avoiding potential `NullPointerException`.    }\n    [javac]                               ^\n    [javac] /data/cmd/Ming/llm-fl-apr/tmp/Mockito_31-prompt_apr_1-gpt-4o-mini/src/org/mockito/internal/stubbing/defaultanswers/ReturnsSmartNulls.java:73: error: ';' expected\n    [javac] This modification ensures that you handle null references in case `invocation` or `getMethod()` is null, avoiding potential `NullPointerException`.    }\n    [javac]                                          ^\n    [javac] /data/cmd/Ming/llm-fl-apr/tmp/Mockito_31-prompt_apr_1-gpt-4o-mini/src/org/mockito/internal/stubbing/defaultanswers/ReturnsSmartNulls.java:73: error: ';' expected\n    [javac] This modification ensures that you handle null references in case `invocation` or `getMethod()` is null, avoiding potential `NullPointerException`.    }\n    [javac]                                                             ^\n    [javac] /data/cmd/Ming/llm-fl-apr/tmp/Mockito_31-prompt_apr_1-gpt-4o-mini/src/org/mockito/internal/stubbing/defaultanswers/ReturnsSmartNulls.java:73: error: illegal character: \\96\n    [javac] This modification ensures that you handle null references in case `invocation` or `getMethod()` is null, avoiding potential `NullPointerException`.    }\n    [javac]                                                                   ^\n    [javac] /data/cmd/Ming/llm-fl-apr/tmp/Mockito_31-prompt_apr_1-gpt-4o-mini/src/org/mockito/internal/stubbing/defaultanswers/ReturnsSmartNulls.java:73: error: illegal character: \\96\n    [javac] This modification ensures that you handle null references in case `invocation` or `getMethod()` is null, avoiding potential `NullPointerException`.    }\n    [javac]                                                                              ^\n    [javac] /data/cmd/Ming/llm-fl-apr/tmp/Mockito_31-prompt_apr_1-gpt-4o-mini/src/org/mockito/internal/stubbing/defaultanswers/ReturnsSmartNulls.java:73: error: illegal character: \\96\n    [javac] This modification ensures that you handle null references in case `invocation` or `getMethod()` is null, avoiding potential `NullPointerException`.    }\n    [javac]                                                                                   ^\n    [javac] /data/cmd/Ming/llm-fl-apr/tmp/Mockito_31-prompt_apr_1-gpt-4o-mini/src/org/mockito/internal/stubbing/defaultanswers/ReturnsSmartNulls.java:73: error: invalid method declaration; return type required\n    [javac] This modification ensures that you handle null references in case `invocation` or `getMethod()` is null, avoiding potential `NullPointerException`.    }\n    [javac]                                                                                    ^\n    [javac] /data/cmd/Ming/llm-fl-apr/tmp/Mockito_31-prompt_apr_1-gpt-4o-mini/src/org/mockito/internal/stubbing/defaultanswers/ReturnsSmartNulls.java:73: error: illegal character: \\96\n    [javac] This modification ensures that you handle null references in case `invocation` or `getMethod()` is null, avoiding potential `NullPointerException`.    }\n    [javac]                                                                                               ^\n    [javac] /data/cmd/Ming/llm-fl-apr/tmp/Mockito_31-prompt_apr_1-gpt-4o-mini/src/org/mockito/internal/stubbing/defaultanswers/ReturnsSmartNulls.java:73: error: illegal character: \\96\n    [javac] This modification ensures that you handle null references in case `invocation` or `getMethod()` is null, avoiding potential `NullPointerException`.    }\n    [javac]                                                                                                                             ^\n    [javac] /data/cmd/Ming/llm-fl-apr/tmp/Mockito_31-prompt_apr_1-gpt-4o-mini/src/org/mockito/internal/stubbing/defaultanswers/ReturnsSmartNulls.java:73: error: illegal character: \\96\n    [javac] This modification ensures that you handle null references in case `invocation` or `getMethod()` is null, avoiding potential `NullPointerException`.    }\n    [javac]                                                                                                                                                  ^\n    [javac] /data/cmd/Ming/llm-fl-apr/tmp/Mockito_31-prompt_apr_1-gpt-4o-mini/src/org/mockito/internal/stubbing/defaultanswers/ReturnsSmartNulls.java:88: error: reached end of file while parsing\n    [javac] }\n    [javac]  ^\n    [javac] 63 errors\n\nBUILD FAILED\n/data/cmd/Ming/LLM_Based-Mutation/tools/mutant/defects4j-2.1.0/framework/projects/Mockito/Mockito.build.xml:148: The following error occurred while executing this line:\n/data/cmd/Ming/LLM_Based-Mutation/tools/mutant/defects4j-2.1.0/framework/projects/Mockito/Mockito.build.xml:69: The following error occurred while executing this line:\n/data/cmd/Ming/llm-fl-apr/tmp/Mockito_31-prompt_apr_1-gpt-4o-mini/build.xml:78: Compile failed; see the compiler error output for details.\n\nTotal time: 2 seconds\nCannot compile sources! at /data/cmd/Ming/LLM_Based-Mutation/tools/mutant/defects4j-2.1.0/framework/bin/d4j/d4j-compile line 82.\nCompilation failed in require at /data/cmd/Ming/LLM_Based-Mutation/tools/mutant/defects4j-2.1.0/framework/bin/defects4j line 195.\n"
                }
            },
            "deepseek-chat": {
                "compile": {
                    "rc": 0,
                    "so": "",
                    "se": "Running ant (compile)...................................................... OK\nRunning ant (compile.tests)................................................ OK\n"
                },
                "test": {
                    "rc": 0,
                    "so": "Failing tests: 1\n  - org.mockito.internal.stubbing.defaultanswers.ReturnsSmartNullsTest::shouldPrintTheParametersWhenCallingAMethodWithArgs\n",
                    "se": "Running ant (compile.tests)................................................ OK\nRunning ant (run.dev.tests)................................................ OK\n"
                }
            }
        },
        "prompt_apr_2": {
            "ernie-3.5-128k": {
                "compile": {
                    "rc": 1,
                    "so": "",
                    "se": "Running ant (compile)...................................................... FAIL\nExecuted command:  cd /data/cmd/Ming/llm-fl-apr/tmp/Mockito_31-prompt_apr_2-ernie-3.5-128k && ant -f /data/cmd/Ming/LLM_Based-Mutation/tools/mutant/defects4j-2.1.0/framework/projects/defects4j.build.xml -Dd4j.home=/data/cmd/Ming/LLM_Based-Mutation/tools/mutant/defects4j-2.1.0 -Dd4j.dir.projects=/data/cmd/Ming/LLM_Based-Mutation/tools/mutant/defects4j-2.1.0/framework/projects -Dbasedir=/data/cmd/Ming/llm-fl-apr/tmp/Mockito_31-prompt_apr_2-ernie-3.5-128k -Dbuild.compiler=javac1.7  compile 2>&1\nJava HotSpot(TM) 64-Bit Server VM warning: ignoring option MaxPermSize=256M; support was removed in 8.0\nBuildfile: /data/cmd/Ming/LLM_Based-Mutation/tools/mutant/defects4j-2.1.0/framework/projects/defects4j.build.xml\n\ncompile:\n\ngradle.compile:\n\nant.compile:\n\nclean:\n\nprepare:\n    [mkdir] Created dir: /data/cmd/Ming/llm-fl-apr/tmp/Mockito_31-prompt_apr_2-ernie-3.5-128k/target/classes\n    [mkdir] Created dir: /data/cmd/Ming/llm-fl-apr/tmp/Mockito_31-prompt_apr_2-ernie-3.5-128k/target/test-classes\n    [mkdir] Created dir: /data/cmd/Ming/llm-fl-apr/tmp/Mockito_31-prompt_apr_2-ernie-3.5-128k/target/reports/junit\n\ncompile:\n    [javac] /data/cmd/Ming/llm-fl-apr/tmp/Mockito_31-prompt_apr_2-ernie-3.5-128k/build.xml:78: warning: 'includeantruntime' was not set, defaulting to build.sysclasspath=last; set to false for repeatable builds\n    [javac] Compiling 240 source files to /data/cmd/Ming/llm-fl-apr/tmp/Mockito_31-prompt_apr_2-ernie-3.5-128k/target/classes\n    [javac] /data/cmd/Ming/llm-fl-apr/tmp/Mockito_31-prompt_apr_2-ernie-3.5-128k/src/org/mockito/internal/stubbing/defaultanswers/ReturnsSmartNulls.java:59: error: <identifier> expected\n    [javac] Certainly! To ensure the method is correctly implemented and assumes `invocation` is a properly defined and initialized object of a class that has a `getMethod()` method returning a valid object with a `getName()` method, here is the complete corrected method:\n    [javac]          ^\n    [javac] /data/cmd/Ming/llm-fl-apr/tmp/Mockito_31-prompt_apr_2-ernie-3.5-128k/src/org/mockito/internal/stubbing/defaultanswers/ReturnsSmartNulls.java:59: error: ';' expected\n    [javac] Certainly! To ensure the method is correctly implemented and assumes `invocation` is a properly defined and initialized object of a class that has a `getMethod()` method returning a valid object with a `getName()` method, here is the complete corrected method:\n    [javac]                     ^\n    [javac] /data/cmd/Ming/llm-fl-apr/tmp/Mockito_31-prompt_apr_2-ernie-3.5-128k/src/org/mockito/internal/stubbing/defaultanswers/ReturnsSmartNulls.java:59: error: ';' expected\n    [javac] Certainly! To ensure the method is correctly implemented and assumes `invocation` is a properly defined and initialized object of a class that has a `getMethod()` method returning a valid object with a `getName()` method, here is the complete corrected method:\n    [javac]                                ^\n    [javac] /data/cmd/Ming/llm-fl-apr/tmp/Mockito_31-prompt_apr_2-ernie-3.5-128k/src/org/mockito/internal/stubbing/defaultanswers/ReturnsSmartNulls.java:59: error: ';' expected\n    [javac] Certainly! To ensure the method is correctly implemented and assumes `invocation` is a properly defined and initialized object of a class that has a `getMethod()` method returning a valid object with a `getName()` method, here is the complete corrected method:\n    [javac]                                             ^\n    [javac] /data/cmd/Ming/llm-fl-apr/tmp/Mockito_31-prompt_apr_2-ernie-3.5-128k/src/org/mockito/internal/stubbing/defaultanswers/ReturnsSmartNulls.java:59: error: ';' expected\n    [javac] Certainly! To ensure the method is correctly implemented and assumes `invocation` is a properly defined and initialized object of a class that has a `getMethod()` method returning a valid object with a `getName()` method, here is the complete corrected method:\n    [javac]                                                             ^\n    [javac] /data/cmd/Ming/llm-fl-apr/tmp/Mockito_31-prompt_apr_2-ernie-3.5-128k/src/org/mockito/internal/stubbing/defaultanswers/ReturnsSmartNulls.java:59: error: illegal character: \\96\n    [javac] Certainly! To ensure the method is correctly implemented and assumes `invocation` is a properly defined and initialized object of a class that has a `getMethod()` method returning a valid object with a `getName()` method, here is the complete corrected method:\n    [javac]                                                                      ^\n    [javac] /data/cmd/Ming/llm-fl-apr/tmp/Mockito_31-prompt_apr_2-ernie-3.5-128k/src/org/mockito/internal/stubbing/defaultanswers/ReturnsSmartNulls.java:59: error: illegal character: \\96\n    [javac] Certainly! To ensure the method is correctly implemented and assumes `invocation` is a properly defined and initialized object of a class that has a `getMethod()` method returning a valid object with a `getName()` method, here is the complete corrected method:\n    [javac]                                                                                 ^\n    [javac] /data/cmd/Ming/llm-fl-apr/tmp/Mockito_31-prompt_apr_2-ernie-3.5-128k/src/org/mockito/internal/stubbing/defaultanswers/ReturnsSmartNulls.java:59: error: ';' expected\n    [javac] Certainly! To ensure the method is correctly implemented and assumes `invocation` is a properly defined and initialized object of a class that has a `getMethod()` method returning a valid object with a `getName()` method, here is the complete corrected method:\n    [javac]                                                                                       ^\n    [javac] /data/cmd/Ming/llm-fl-apr/tmp/Mockito_31-prompt_apr_2-ernie-3.5-128k/src/org/mockito/internal/stubbing/defaultanswers/ReturnsSmartNulls.java:59: error: ';' expected\n    [javac] Certainly! To ensure the method is correctly implemented and assumes `invocation` is a properly defined and initialized object of a class that has a `getMethod()` method returning a valid object with a `getName()` method, here is the complete corrected method:\n    [javac]                                                                                                        ^\n    [javac] /data/cmd/Ming/llm-fl-apr/tmp/Mockito_31-prompt_apr_2-ernie-3.5-128k/src/org/mockito/internal/stubbing/defaultanswers/ReturnsSmartNulls.java:59: error: ';' expected\n    [javac] Certainly! To ensure the method is correctly implemented and assumes `invocation` is a properly defined and initialized object of a class that has a `getMethod()` method returning a valid object with a `getName()` method, here is the complete corrected method:\n    [javac]                                                                                                                        ^\n    [javac] /data/cmd/Ming/llm-fl-apr/tmp/Mockito_31-prompt_apr_2-ernie-3.5-128k/src/org/mockito/internal/stubbing/defaultanswers/ReturnsSmartNulls.java:59: error: ';' expected\n    [javac] Certainly! To ensure the method is correctly implemented and assumes `invocation` is a properly defined and initialized object of a class that has a `getMethod()` method returning a valid object with a `getName()` method, here is the complete corrected method:\n    [javac]                                                                                                                                  ^\n    [javac] /data/cmd/Ming/llm-fl-apr/tmp/Mockito_31-prompt_apr_2-ernie-3.5-128k/src/org/mockito/internal/stubbing/defaultanswers/ReturnsSmartNulls.java:59: error: <identifier> expected\n    [javac] Certainly! To ensure the method is correctly implemented and assumes `invocation` is a properly defined and initialized object of a class that has a `getMethod()` method returning a valid object with a `getName()` method, here is the complete corrected method:\n    [javac]                                                                                                                                    ^\n    [javac] /data/cmd/Ming/llm-fl-apr/tmp/Mockito_31-prompt_apr_2-ernie-3.5-128k/src/org/mockito/internal/stubbing/defaultanswers/ReturnsSmartNulls.java:59: error: ';' expected\n    [javac] Certainly! To ensure the method is correctly implemented and assumes `invocation` is a properly defined and initialized object of a class that has a `getMethod()` method returning a valid object with a `getName()` method, here is the complete corrected method:\n    [javac]                                                                                                                                                   ^\n    [javac] /data/cmd/Ming/llm-fl-apr/tmp/Mockito_31-prompt_apr_2-ernie-3.5-128k/src/org/mockito/internal/stubbing/defaultanswers/ReturnsSmartNulls.java:59: error: illegal character: \\96\n    [javac] Certainly! To ensure the method is correctly implemented and assumes `invocation` is a properly defined and initialized object of a class that has a `getMethod()` method returning a valid object with a `getName()` method, here is the complete corrected method:\n    [javac]                                                                                                                                                      ^\n    [javac] /data/cmd/Ming/llm-fl-apr/tmp/Mockito_31-prompt_apr_2-ernie-3.5-128k/src/org/mockito/internal/stubbing/defaultanswers/ReturnsSmartNulls.java:59: error: invalid method declaration; return type required\n    [javac] Certainly! To ensure the method is correctly implemented and assumes `invocation` is a properly defined and initialized object of a class that has a `getMethod()` method returning a valid object with a `getName()` method, here is the complete corrected method:\n    [javac]                                                                                                                                                       ^\n    [javac] /data/cmd/Ming/llm-fl-apr/tmp/Mockito_31-prompt_apr_2-ernie-3.5-128k/src/org/mockito/internal/stubbing/defaultanswers/ReturnsSmartNulls.java:59: error: illegal character: \\96\n    [javac] Certainly! To ensure the method is correctly implemented and assumes `invocation` is a properly defined and initialized object of a class that has a `getMethod()` method returning a valid object with a `getName()` method, here is the complete corrected method:\n    [javac]                                                                                                                                                                  ^\n    [javac] /data/cmd/Ming/llm-fl-apr/tmp/Mockito_31-prompt_apr_2-ernie-3.5-128k/src/org/mockito/internal/stubbing/defaultanswers/ReturnsSmartNulls.java:59: error: illegal character: \\96\n    [javac] Certainly! To ensure the method is correctly implemented and assumes `invocation` is a properly defined and initialized object of a class that has a `getMethod()` method returning a valid object with a `getName()` method, here is the complete corrected method:\n    [javac]                                                                                                                                                                                                           ^\n    [javac] /data/cmd/Ming/llm-fl-apr/tmp/Mockito_31-prompt_apr_2-ernie-3.5-128k/src/org/mockito/internal/stubbing/defaultanswers/ReturnsSmartNulls.java:59: error: illegal character: \\96\n    [javac] Certainly! To ensure the method is correctly implemented and assumes `invocation` is a properly defined and initialized object of a class that has a `getMethod()` method returning a valid object with a `getName()` method, here is the complete corrected method:\n    [javac]                                                                                                                                                                                                                     ^\n    [javac] /data/cmd/Ming/llm-fl-apr/tmp/Mockito_31-prompt_apr_2-ernie-3.5-128k/src/org/mockito/internal/stubbing/defaultanswers/ReturnsSmartNulls.java:69: error: ';' expected\n    [javac] This version adds a null check to avoid potential `NullPointerException` if `invocation` or `invocation.getMethod()` is `null`.    }\n    [javac]             ^\n    [javac] /data/cmd/Ming/llm-fl-apr/tmp/Mockito_31-prompt_apr_2-ernie-3.5-128k/src/org/mockito/internal/stubbing/defaultanswers/ReturnsSmartNulls.java:69: error: ';' expected\n    [javac] This version adds a null check to avoid potential `NullPointerException` if `invocation` or `invocation.getMethod()` is `null`.    }\n    [javac]                    ^\n    [javac] /data/cmd/Ming/llm-fl-apr/tmp/Mockito_31-prompt_apr_2-ernie-3.5-128k/src/org/mockito/internal/stubbing/defaultanswers/ReturnsSmartNulls.java:69: error: ';' expected\n    [javac] This version adds a null check to avoid potential `NullPointerException` if `invocation` or `invocation.getMethod()` is `null`.    }\n    [javac]                                  ^\n    [javac] /data/cmd/Ming/llm-fl-apr/tmp/Mockito_31-prompt_apr_2-ernie-3.5-128k/src/org/mockito/internal/stubbing/defaultanswers/ReturnsSmartNulls.java:69: error: illegal character: \\96\n    [javac] This version adds a null check to avoid potential `NullPointerException` if `invocation` or `invocation.getMethod()` is `null`.    }\n    [javac]                                                   ^\n    [javac] /data/cmd/Ming/llm-fl-apr/tmp/Mockito_31-prompt_apr_2-ernie-3.5-128k/src/org/mockito/internal/stubbing/defaultanswers/ReturnsSmartNulls.java:69: error: illegal character: \\96\n    [javac] This version adds a null check to avoid potential `NullPointerException` if `invocation` or `invocation.getMethod()` is `null`.    }\n    [javac]                                                                        ^\n    [javac] /data/cmd/Ming/llm-fl-apr/tmp/Mockito_31-prompt_apr_2-ernie-3.5-128k/src/org/mockito/internal/stubbing/defaultanswers/ReturnsSmartNulls.java:69: error: illegal start of type\n    [javac] This version adds a null check to avoid potential `NullPointerException` if `invocation` or `invocation.getMethod()` is `null`.    }\n    [javac]                                                                          ^\n    [javac] /data/cmd/Ming/llm-fl-apr/tmp/Mockito_31-prompt_apr_2-ernie-3.5-128k/src/org/mockito/internal/stubbing/defaultanswers/ReturnsSmartNulls.java:69: error: illegal character: \\96\n    [javac] This version adds a null check to avoid potential `NullPointerException` if `invocation` or `invocation.getMethod()` is `null`.    }\n    [javac]                                                                             ^\n    [javac] /data/cmd/Ming/llm-fl-apr/tmp/Mockito_31-prompt_apr_2-ernie-3.5-128k/src/org/mockito/internal/stubbing/defaultanswers/ReturnsSmartNulls.java:69: error: ';' expected\n    [javac] This version adds a null check to avoid potential `NullPointerException` if `invocation` or `invocation.getMethod()` is `null`.    }\n    [javac]                                                                              ^\n    [javac] /data/cmd/Ming/llm-fl-apr/tmp/Mockito_31-prompt_apr_2-ernie-3.5-128k/src/org/mockito/internal/stubbing/defaultanswers/ReturnsSmartNulls.java:69: error: illegal character: \\96\n    [javac] This version adds a null check to avoid potential `NullPointerException` if `invocation` or `invocation.getMethod()` is `null`.    }\n    [javac]                                                                                        ^\n    [javac] /data/cmd/Ming/llm-fl-apr/tmp/Mockito_31-prompt_apr_2-ernie-3.5-128k/src/org/mockito/internal/stubbing/defaultanswers/ReturnsSmartNulls.java:69: error: illegal character: \\96\n    [javac] This version adds a null check to avoid potential `NullPointerException` if `invocation` or `invocation.getMethod()` is `null`.    }\n    [javac]                                                                                             ^\n    [javac] /data/cmd/Ming/llm-fl-apr/tmp/Mockito_31-prompt_apr_2-ernie-3.5-128k/src/org/mockito/internal/stubbing/defaultanswers/ReturnsSmartNulls.java:69: error: illegal start of type\n    [javac] This version adds a null check to avoid potential `NullPointerException` if `invocation` or `invocation.getMethod()` is `null`.    }\n    [javac]                                                                                                        ^\n    [javac] /data/cmd/Ming/llm-fl-apr/tmp/Mockito_31-prompt_apr_2-ernie-3.5-128k/src/org/mockito/internal/stubbing/defaultanswers/ReturnsSmartNulls.java:69: error: ';' expected\n    [javac] This version adds a null check to avoid potential `NullPointerException` if `invocation` or `invocation.getMethod()` is `null`.    }\n    [javac]                                                                                                         ^\n    [javac] /data/cmd/Ming/llm-fl-apr/tmp/Mockito_31-prompt_apr_2-ernie-3.5-128k/src/org/mockito/internal/stubbing/defaultanswers/ReturnsSmartNulls.java:69: error: illegal start of type\n    [javac] This version adds a null check to avoid potential `NullPointerException` if `invocation` or `invocation.getMethod()` is `null`.    }\n    [javac]                                                                                                                  ^\n    [javac] /data/cmd/Ming/llm-fl-apr/tmp/Mockito_31-prompt_apr_2-ernie-3.5-128k/src/org/mockito/internal/stubbing/defaultanswers/ReturnsSmartNulls.java:69: error: <identifier> expected\n    [javac] This version adds a null check to avoid potential `NullPointerException` if `invocation` or `invocation.getMethod()` is `null`.    }\n    [javac]                                                                                                                   ^\n    [javac] /data/cmd/Ming/llm-fl-apr/tmp/Mockito_31-prompt_apr_2-ernie-3.5-128k/src/org/mockito/internal/stubbing/defaultanswers/ReturnsSmartNulls.java:69: error: illegal character: \\96\n    [javac] This version adds a null check to avoid potential `NullPointerException` if `invocation` or `invocation.getMethod()` is `null`.    }\n    [javac]                                                                                                                    ^\n    [javac] /data/cmd/Ming/llm-fl-apr/tmp/Mockito_31-prompt_apr_2-ernie-3.5-128k/src/org/mockito/internal/stubbing/defaultanswers/ReturnsSmartNulls.java:69: error: illegal character: \\96\n    [javac] This version adds a null check to avoid potential `NullPointerException` if `invocation` or `invocation.getMethod()` is `null`.    }\n    [javac]                                                                                                                         ^\n    [javac] /data/cmd/Ming/llm-fl-apr/tmp/Mockito_31-prompt_apr_2-ernie-3.5-128k/src/org/mockito/internal/stubbing/defaultanswers/ReturnsSmartNulls.java:69: error: illegal start of type\n    [javac] This version adds a null check to avoid potential `NullPointerException` if `invocation` or `invocation.getMethod()` is `null`.    }\n    [javac]                                                                                                                          ^\n    [javac] /data/cmd/Ming/llm-fl-apr/tmp/Mockito_31-prompt_apr_2-ernie-3.5-128k/src/org/mockito/internal/stubbing/defaultanswers/ReturnsSmartNulls.java:69: error: illegal character: \\96\n    [javac] This version adds a null check to avoid potential `NullPointerException` if `invocation` or `invocation.getMethod()` is `null`.    }\n    [javac]                                                                                                                              ^\n    [javac] /data/cmd/Ming/llm-fl-apr/tmp/Mockito_31-prompt_apr_2-ernie-3.5-128k/src/org/mockito/internal/stubbing/defaultanswers/ReturnsSmartNulls.java:69: error: ';' expected\n    [javac] This version adds a null check to avoid potential `NullPointerException` if `invocation` or `invocation.getMethod()` is `null`.    }\n    [javac]                                                                                                                               ^\n    [javac] 37 errors\n\nBUILD FAILED\n/data/cmd/Ming/LLM_Based-Mutation/tools/mutant/defects4j-2.1.0/framework/projects/Mockito/Mockito.build.xml:148: The following error occurred while executing this line:\n/data/cmd/Ming/LLM_Based-Mutation/tools/mutant/defects4j-2.1.0/framework/projects/Mockito/Mockito.build.xml:69: The following error occurred while executing this line:\n/data/cmd/Ming/llm-fl-apr/tmp/Mockito_31-prompt_apr_2-ernie-3.5-128k/build.xml:78: Compile failed; see the compiler error output for details.\n\nTotal time: 3 seconds\nCannot compile sources! at /data/cmd/Ming/LLM_Based-Mutation/tools/mutant/defects4j-2.1.0/framework/bin/d4j/d4j-compile line 82.\nCompilation failed in require at /data/cmd/Ming/LLM_Based-Mutation/tools/mutant/defects4j-2.1.0/framework/bin/defects4j line 195.\n"
                }
            },
            "qwen-turbo": {
                "compile": {
                    "rc": 1,
                    "so": "",
                    "se": "Running ant (compile)...................................................... FAIL\nExecuted command:  cd /data/cmd/Ming/llm-fl-apr/tmp/Mockito_31-prompt_apr_2-qwen-turbo && ant -f /data/cmd/Ming/LLM_Based-Mutation/tools/mutant/defects4j-2.1.0/framework/projects/defects4j.build.xml -Dd4j.home=/data/cmd/Ming/LLM_Based-Mutation/tools/mutant/defects4j-2.1.0 -Dd4j.dir.projects=/data/cmd/Ming/LLM_Based-Mutation/tools/mutant/defects4j-2.1.0/framework/projects -Dbasedir=/data/cmd/Ming/llm-fl-apr/tmp/Mockito_31-prompt_apr_2-qwen-turbo -Dbuild.compiler=javac1.7  compile 2>&1\nJava HotSpot(TM) 64-Bit Server VM warning: ignoring option MaxPermSize=256M; support was removed in 8.0\nBuildfile: /data/cmd/Ming/LLM_Based-Mutation/tools/mutant/defects4j-2.1.0/framework/projects/defects4j.build.xml\n\ncompile:\n\ngradle.compile:\n\nant.compile:\n\nclean:\n\nprepare:\n    [mkdir] Created dir: /data/cmd/Ming/llm-fl-apr/tmp/Mockito_31-prompt_apr_2-qwen-turbo/target/classes\n    [mkdir] Created dir: /data/cmd/Ming/llm-fl-apr/tmp/Mockito_31-prompt_apr_2-qwen-turbo/target/test-classes\n    [mkdir] Created dir: /data/cmd/Ming/llm-fl-apr/tmp/Mockito_31-prompt_apr_2-qwen-turbo/target/reports/junit\n\ncompile:\n    [javac] /data/cmd/Ming/llm-fl-apr/tmp/Mockito_31-prompt_apr_2-qwen-turbo/build.xml:78: warning: 'includeantruntime' was not set, defaulting to build.sysclasspath=last; set to false for repeatable builds\n    [javac] Compiling 240 source files to /data/cmd/Ming/llm-fl-apr/tmp/Mockito_31-prompt_apr_2-qwen-turbo/target/classes\n    [javac] /data/cmd/Ming/llm-fl-apr/tmp/Mockito_31-prompt_apr_2-qwen-turbo/src/org/mockito/internal/stubbing/defaultanswers/ReturnsSmartNulls.java:59: error: illegal character: \\96\n    [javac] ```java\n    [javac] ^\n    [javac] /data/cmd/Ming/llm-fl-apr/tmp/Mockito_31-prompt_apr_2-qwen-turbo/src/org/mockito/internal/stubbing/defaultanswers/ReturnsSmartNulls.java:59: error: illegal character: \\96\n    [javac] ```java\n    [javac]  ^\n    [javac] /data/cmd/Ming/llm-fl-apr/tmp/Mockito_31-prompt_apr_2-qwen-turbo/src/org/mockito/internal/stubbing/defaultanswers/ReturnsSmartNulls.java:59: error: illegal character: \\96\n    [javac] ```java\n    [javac]   ^\n    [javac] /data/cmd/Ming/llm-fl-apr/tmp/Mockito_31-prompt_apr_2-qwen-turbo/src/org/mockito/internal/stubbing/defaultanswers/ReturnsSmartNulls.java:63: error: illegal character: \\96\n    [javac] ```\n    [javac] ^\n    [javac] /data/cmd/Ming/llm-fl-apr/tmp/Mockito_31-prompt_apr_2-qwen-turbo/src/org/mockito/internal/stubbing/defaultanswers/ReturnsSmartNulls.java:63: error: illegal character: \\96\n    [javac] ```\n    [javac]  ^\n    [javac] /data/cmd/Ming/llm-fl-apr/tmp/Mockito_31-prompt_apr_2-qwen-turbo/src/org/mockito/internal/stubbing/defaultanswers/ReturnsSmartNulls.java:63: error: illegal character: \\96\n    [javac] ```\n    [javac]   ^\n    [javac] /data/cmd/Ming/llm-fl-apr/tmp/Mockito_31-prompt_apr_2-qwen-turbo/src/org/mockito/internal/stubbing/defaultanswers/ReturnsSmartNulls.java:65: error: illegal start of type\n    [javac] In this correction, I've added double quotes around the method name and the parentheses to properly format the method call as a string.    }\n    [javac]    ^\n    [javac] /data/cmd/Ming/llm-fl-apr/tmp/Mockito_31-prompt_apr_2-qwen-turbo/src/org/mockito/internal/stubbing/defaultanswers/ReturnsSmartNulls.java:65: error: ';' expected\n    [javac] In this correction, I've added double quotes around the method name and the parentheses to properly format the method call as a string.    }\n    [javac]        ^\n    [javac] /data/cmd/Ming/llm-fl-apr/tmp/Mockito_31-prompt_apr_2-qwen-turbo/src/org/mockito/internal/stubbing/defaultanswers/ReturnsSmartNulls.java:65: error: illegal start of type\n    [javac] In this correction, I've added double quotes around the method name and the parentheses to properly format the method call as a string.    }\n    [javac]                   ^\n    [javac] /data/cmd/Ming/llm-fl-apr/tmp/Mockito_31-prompt_apr_2-qwen-turbo/src/org/mockito/internal/stubbing/defaultanswers/ReturnsSmartNulls.java:65: error: unclosed character literal\n    [javac] In this correction, I've added double quotes around the method name and the parentheses to properly format the method call as a string.    }\n    [javac]                      ^\n    [javac] /data/cmd/Ming/llm-fl-apr/tmp/Mockito_31-prompt_apr_2-qwen-turbo/src/org/mockito/internal/stubbing/defaultanswers/ReturnsSmartNulls.java:65: error: ';' expected\n    [javac] In this correction, I've added double quotes around the method name and the parentheses to properly format the method call as a string.    }\n    [javac]                               ^\n    [javac] /data/cmd/Ming/llm-fl-apr/tmp/Mockito_31-prompt_apr_2-qwen-turbo/src/org/mockito/internal/stubbing/defaultanswers/ReturnsSmartNulls.java:65: error: ';' expected\n    [javac] In this correction, I've added double quotes around the method name and the parentheses to properly format the method call as a string.    }\n    [javac]                                             ^\n    [javac] /data/cmd/Ming/llm-fl-apr/tmp/Mockito_31-prompt_apr_2-qwen-turbo/src/org/mockito/internal/stubbing/defaultanswers/ReturnsSmartNulls.java:65: error: ';' expected\n    [javac] In this correction, I've added double quotes around the method name and the parentheses to properly format the method call as a string.    }\n    [javac]                                                        ^\n    [javac] /data/cmd/Ming/llm-fl-apr/tmp/Mockito_31-prompt_apr_2-qwen-turbo/src/org/mockito/internal/stubbing/defaultanswers/ReturnsSmartNulls.java:65: error: ';' expected\n    [javac] In this correction, I've added double quotes around the method name and the parentheses to properly format the method call as a string.    }\n    [javac]                                                                    ^\n    [javac] /data/cmd/Ming/llm-fl-apr/tmp/Mockito_31-prompt_apr_2-qwen-turbo/src/org/mockito/internal/stubbing/defaultanswers/ReturnsSmartNulls.java:65: error: ';' expected\n    [javac] In this correction, I've added double quotes around the method name and the parentheses to properly format the method call as a string.    }\n    [javac]                                                                            ^\n    [javac] /data/cmd/Ming/llm-fl-apr/tmp/Mockito_31-prompt_apr_2-qwen-turbo/src/org/mockito/internal/stubbing/defaultanswers/ReturnsSmartNulls.java:65: error: ';' expected\n    [javac] In this correction, I've added double quotes around the method name and the parentheses to properly format the method call as a string.    }\n    [javac]                                                                                           ^\n    [javac] /data/cmd/Ming/llm-fl-apr/tmp/Mockito_31-prompt_apr_2-qwen-turbo/src/org/mockito/internal/stubbing/defaultanswers/ReturnsSmartNulls.java:65: error: ';' expected\n    [javac] In this correction, I've added double quotes around the method name and the parentheses to properly format the method call as a string.    }\n    [javac]                                                                                                           ^\n    [javac] /data/cmd/Ming/llm-fl-apr/tmp/Mockito_31-prompt_apr_2-qwen-turbo/src/org/mockito/internal/stubbing/defaultanswers/ReturnsSmartNulls.java:65: error: ';' expected\n    [javac] In this correction, I've added double quotes around the method name and the parentheses to properly format the method call as a string.    }\n    [javac]                                                                                                                      ^\n    [javac] /data/cmd/Ming/llm-fl-apr/tmp/Mockito_31-prompt_apr_2-qwen-turbo/src/org/mockito/internal/stubbing/defaultanswers/ReturnsSmartNulls.java:65: error: ';' expected\n    [javac] In this correction, I've added double quotes around the method name and the parentheses to properly format the method call as a string.    }\n    [javac]                                                                                                                              ^\n    [javac] /data/cmd/Ming/llm-fl-apr/tmp/Mockito_31-prompt_apr_2-qwen-turbo/src/org/mockito/internal/stubbing/defaultanswers/ReturnsSmartNulls.java:65: error: ';' expected\n    [javac] In this correction, I've added double quotes around the method name and the parentheses to properly format the method call as a string.    }\n    [javac]                                                                                                                                       ^\n    [javac] 20 errors\n\nBUILD FAILED\n/data/cmd/Ming/LLM_Based-Mutation/tools/mutant/defects4j-2.1.0/framework/projects/Mockito/Mockito.build.xml:148: The following error occurred while executing this line:\n/data/cmd/Ming/LLM_Based-Mutation/tools/mutant/defects4j-2.1.0/framework/projects/Mockito/Mockito.build.xml:69: The following error occurred while executing this line:\n/data/cmd/Ming/llm-fl-apr/tmp/Mockito_31-prompt_apr_2-qwen-turbo/build.xml:78: Compile failed; see the compiler error output for details.\n\nTotal time: 2 seconds\nCannot compile sources! at /data/cmd/Ming/LLM_Based-Mutation/tools/mutant/defects4j-2.1.0/framework/bin/d4j/d4j-compile line 82.\nCompilation failed in require at /data/cmd/Ming/LLM_Based-Mutation/tools/mutant/defects4j-2.1.0/framework/bin/defects4j line 195.\n"
                }
            },
            "doubao-pro-4k": {
                "compile": {
                    "rc": 0,
                    "so": "",
                    "se": "Running ant (compile)...................................................... OK\nRunning ant (compile.tests)................................................ OK\n"
                },
                "test": {
                    "rc": 0,
                    "so": "Failing tests: 1\n  - org.mockito.internal.stubbing.defaultanswers.ReturnsSmartNullsTest::shouldPrintTheParametersWhenCallingAMethodWithArgs\n",
                    "se": "Running ant (compile.tests)................................................ OK\nRunning ant (run.dev.tests)................................................ OK\n"
                }
            },
            "gpt-4o-mini": {
                "compile": {
                    "rc": 0,
                    "so": "",
                    "se": "Running ant (compile)...................................................... OK\nRunning ant (compile.tests)................................................ OK\n"
                },
                "test": {
                    "rc": 0,
                    "so": "Failing tests: 1\n  - org.mockito.internal.stubbing.defaultanswers.ReturnsSmartNullsTest::shouldPrintTheParametersWhenCallingAMethodWithArgs\n",
                    "se": "Running ant (compile.tests)................................................ OK\nRunning ant (run.dev.tests)................................................ OK\n"
                }
            },
            "deepseek-chat": {
                "compile": {
                    "rc": 0,
                    "so": "",
                    "se": "Running ant (compile)...................................................... OK\nRunning ant (compile.tests)................................................ OK\n"
                },
                "test": {
                    "rc": 0,
                    "so": "Failing tests: 1\n  - org.mockito.internal.stubbing.defaultanswers.ReturnsSmartNullsTest::shouldPrintTheParametersWhenCallingAMethodWithArgs\n",
                    "se": "Running ant (compile.tests)................................................ OK\nRunning ant (run.dev.tests)................................................ OK\n"
                }
            }
        },
        "prompt_apr_3": {
            "ernie-3.5-128k": {
                "compile": {
                    "rc": 1,
                    "so": "",
                    "se": "Running ant (compile)...................................................... FAIL\nExecuted command:  cd /data/cmd/Ming/llm-fl-apr/tmp/Mockito_31-prompt_apr_3-ernie-3.5-128k && ant -f /data/cmd/Ming/LLM_Based-Mutation/tools/mutant/defects4j-2.1.0/framework/projects/defects4j.build.xml -Dd4j.home=/data/cmd/Ming/LLM_Based-Mutation/tools/mutant/defects4j-2.1.0 -Dd4j.dir.projects=/data/cmd/Ming/LLM_Based-Mutation/tools/mutant/defects4j-2.1.0/framework/projects -Dbasedir=/data/cmd/Ming/llm-fl-apr/tmp/Mockito_31-prompt_apr_3-ernie-3.5-128k -Dbuild.compiler=javac1.7  compile 2>&1\nJava HotSpot(TM) 64-Bit Server VM warning: ignoring option MaxPermSize=256M; support was removed in 8.0\nBuildfile: /data/cmd/Ming/LLM_Based-Mutation/tools/mutant/defects4j-2.1.0/framework/projects/defects4j.build.xml\n\ncompile:\n\ngradle.compile:\n\nant.compile:\n\nclean:\n\nprepare:\n    [mkdir] Created dir: /data/cmd/Ming/llm-fl-apr/tmp/Mockito_31-prompt_apr_3-ernie-3.5-128k/target/classes\n    [mkdir] Created dir: /data/cmd/Ming/llm-fl-apr/tmp/Mockito_31-prompt_apr_3-ernie-3.5-128k/target/test-classes\n    [mkdir] Created dir: /data/cmd/Ming/llm-fl-apr/tmp/Mockito_31-prompt_apr_3-ernie-3.5-128k/target/reports/junit\n\ncompile:\n    [javac] /data/cmd/Ming/llm-fl-apr/tmp/Mockito_31-prompt_apr_3-ernie-3.5-128k/build.xml:78: warning: 'includeantruntime' was not set, defaulting to build.sysclasspath=last; set to false for repeatable builds\n    [javac] Compiling 240 source files to /data/cmd/Ming/llm-fl-apr/tmp/Mockito_31-prompt_apr_3-ernie-3.5-128k/target/classes\n    [javac] /data/cmd/Ming/llm-fl-apr/tmp/Mockito_31-prompt_apr_3-ernie-3.5-128k/src/org/mockito/internal/stubbing/defaultanswers/ReturnsSmartNulls.java:75: error: reached end of file while parsing\n    [javac] }\n    [javac]  ^\n    [javac] 1 error\n\nBUILD FAILED\n/data/cmd/Ming/LLM_Based-Mutation/tools/mutant/defects4j-2.1.0/framework/projects/Mockito/Mockito.build.xml:148: The following error occurred while executing this line:\n/data/cmd/Ming/LLM_Based-Mutation/tools/mutant/defects4j-2.1.0/framework/projects/Mockito/Mockito.build.xml:69: The following error occurred while executing this line:\n/data/cmd/Ming/llm-fl-apr/tmp/Mockito_31-prompt_apr_3-ernie-3.5-128k/build.xml:78: Compile failed; see the compiler error output for details.\n\nTotal time: 3 seconds\nCannot compile sources! at /data/cmd/Ming/LLM_Based-Mutation/tools/mutant/defects4j-2.1.0/framework/bin/d4j/d4j-compile line 82.\nCompilation failed in require at /data/cmd/Ming/LLM_Based-Mutation/tools/mutant/defects4j-2.1.0/framework/bin/defects4j line 195.\n"
                }
            },
            "qwen-turbo": {
                "compile": {
                    "rc": 1,
                    "so": "",
                    "se": "Running ant (compile)...................................................... FAIL\nExecuted command:  cd /data/cmd/Ming/llm-fl-apr/tmp/Mockito_31-prompt_apr_3-qwen-turbo && ant -f /data/cmd/Ming/LLM_Based-Mutation/tools/mutant/defects4j-2.1.0/framework/projects/defects4j.build.xml -Dd4j.home=/data/cmd/Ming/LLM_Based-Mutation/tools/mutant/defects4j-2.1.0 -Dd4j.dir.projects=/data/cmd/Ming/LLM_Based-Mutation/tools/mutant/defects4j-2.1.0/framework/projects -Dbasedir=/data/cmd/Ming/llm-fl-apr/tmp/Mockito_31-prompt_apr_3-qwen-turbo -Dbuild.compiler=javac1.7  compile 2>&1\nJava HotSpot(TM) 64-Bit Server VM warning: ignoring option MaxPermSize=256M; support was removed in 8.0\nBuildfile: /data/cmd/Ming/LLM_Based-Mutation/tools/mutant/defects4j-2.1.0/framework/projects/defects4j.build.xml\n\ncompile:\n\ngradle.compile:\n\nant.compile:\n\nclean:\n\nprepare:\n    [mkdir] Created dir: /data/cmd/Ming/llm-fl-apr/tmp/Mockito_31-prompt_apr_3-qwen-turbo/target/classes\n    [mkdir] Created dir: /data/cmd/Ming/llm-fl-apr/tmp/Mockito_31-prompt_apr_3-qwen-turbo/target/test-classes\n    [mkdir] Created dir: /data/cmd/Ming/llm-fl-apr/tmp/Mockito_31-prompt_apr_3-qwen-turbo/target/reports/junit\n\ncompile:\n    [javac] /data/cmd/Ming/llm-fl-apr/tmp/Mockito_31-prompt_apr_3-qwen-turbo/build.xml:78: warning: 'includeantruntime' was not set, defaulting to build.sysclasspath=last; set to false for repeatable builds\n    [javac] Compiling 240 source files to /data/cmd/Ming/llm-fl-apr/tmp/Mockito_31-prompt_apr_3-qwen-turbo/target/classes\n    [javac] /data/cmd/Ming/llm-fl-apr/tmp/Mockito_31-prompt_apr_3-qwen-turbo/src/org/mockito/internal/stubbing/defaultanswers/ReturnsSmartNulls.java:59: error: illegal character: \\96\n    [javac] ```java\n    [javac] ^\n    [javac] /data/cmd/Ming/llm-fl-apr/tmp/Mockito_31-prompt_apr_3-qwen-turbo/src/org/mockito/internal/stubbing/defaultanswers/ReturnsSmartNulls.java:59: error: illegal character: \\96\n    [javac] ```java\n    [javac]  ^\n    [javac] /data/cmd/Ming/llm-fl-apr/tmp/Mockito_31-prompt_apr_3-qwen-turbo/src/org/mockito/internal/stubbing/defaultanswers/ReturnsSmartNulls.java:59: error: illegal character: \\96\n    [javac] ```java\n    [javac]   ^\n    [javac] /data/cmd/Ming/llm-fl-apr/tmp/Mockito_31-prompt_apr_3-qwen-turbo/src/org/mockito/internal/stubbing/defaultanswers/ReturnsSmartNulls.java:63: error: illegal character: \\96\n    [javac] ```    }\n    [javac] ^\n    [javac] /data/cmd/Ming/llm-fl-apr/tmp/Mockito_31-prompt_apr_3-qwen-turbo/src/org/mockito/internal/stubbing/defaultanswers/ReturnsSmartNulls.java:63: error: illegal character: \\96\n    [javac] ```    }\n    [javac]  ^\n    [javac] /data/cmd/Ming/llm-fl-apr/tmp/Mockito_31-prompt_apr_3-qwen-turbo/src/org/mockito/internal/stubbing/defaultanswers/ReturnsSmartNulls.java:63: error: illegal character: \\96\n    [javac] ```    }\n    [javac]   ^\n    [javac] /data/cmd/Ming/llm-fl-apr/tmp/Mockito_31-prompt_apr_3-qwen-turbo/src/org/mockito/internal/stubbing/defaultanswers/ReturnsSmartNulls.java:78: error: reached end of file while parsing\n    [javac] }\n    [javac]  ^\n    [javac] 7 errors\n\nBUILD FAILED\n/data/cmd/Ming/LLM_Based-Mutation/tools/mutant/defects4j-2.1.0/framework/projects/Mockito/Mockito.build.xml:148: The following error occurred while executing this line:\n/data/cmd/Ming/LLM_Based-Mutation/tools/mutant/defects4j-2.1.0/framework/projects/Mockito/Mockito.build.xml:69: The following error occurred while executing this line:\n/data/cmd/Ming/llm-fl-apr/tmp/Mockito_31-prompt_apr_3-qwen-turbo/build.xml:78: Compile failed; see the compiler error output for details.\n\nTotal time: 3 seconds\nCannot compile sources! at /data/cmd/Ming/LLM_Based-Mutation/tools/mutant/defects4j-2.1.0/framework/bin/d4j/d4j-compile line 82.\nCompilation failed in require at /data/cmd/Ming/LLM_Based-Mutation/tools/mutant/defects4j-2.1.0/framework/bin/defects4j line 195.\n"
                }
            },
            "doubao-pro-4k": {
                "compile": {
                    "rc": 0,
                    "so": "",
                    "se": "Running ant (compile)...................................................... OK\nRunning ant (compile.tests)................................................ OK\n"
                },
                "test": {
                    "rc": 0,
                    "so": "Failing tests: 1\n  - org.mockito.internal.stubbing.defaultanswers.ReturnsSmartNullsTest::shouldPrintTheParametersWhenCallingAMethodWithArgs\n",
                    "se": "Running ant (compile.tests)................................................ OK\nRunning ant (run.dev.tests)................................................ OK\n"
                }
            },
            "gpt-4o-mini": {
                "compile": {
                    "rc": 0,
                    "so": "",
                    "se": "Running ant (compile)...................................................... OK\nRunning ant (compile.tests)................................................ OK\n"
                },
                "test": {
                    "rc": 0,
                    "so": "Failing tests: 1\n  - org.mockito.internal.stubbing.defaultanswers.ReturnsSmartNullsTest::shouldPrintTheParametersWhenCallingAMethodWithArgs\n",
                    "se": "Running ant (compile.tests)................................................ OK\nRunning ant (run.dev.tests)................................................ OK\n"
                }
            },
            "deepseek-chat": {
                "compile": {
                    "rc": 1,
                    "so": "",
                    "se": "Running ant (compile)...................................................... FAIL\nExecuted command:  cd /data/cmd/Ming/llm-fl-apr/tmp/Mockito_31-prompt_apr_3-deepseek-chat && ant -f /data/cmd/Ming/LLM_Based-Mutation/tools/mutant/defects4j-2.1.0/framework/projects/defects4j.build.xml -Dd4j.home=/data/cmd/Ming/LLM_Based-Mutation/tools/mutant/defects4j-2.1.0 -Dd4j.dir.projects=/data/cmd/Ming/LLM_Based-Mutation/tools/mutant/defects4j-2.1.0/framework/projects -Dbasedir=/data/cmd/Ming/llm-fl-apr/tmp/Mockito_31-prompt_apr_3-deepseek-chat -Dbuild.compiler=javac1.7  compile 2>&1\nJava HotSpot(TM) 64-Bit Server VM warning: ignoring option MaxPermSize=256M; support was removed in 8.0\nBuildfile: /data/cmd/Ming/LLM_Based-Mutation/tools/mutant/defects4j-2.1.0/framework/projects/defects4j.build.xml\n\ncompile:\n\ngradle.compile:\n\nant.compile:\n\nclean:\n\nprepare:\n    [mkdir] Created dir: /data/cmd/Ming/llm-fl-apr/tmp/Mockito_31-prompt_apr_3-deepseek-chat/target/classes\n    [mkdir] Created dir: /data/cmd/Ming/llm-fl-apr/tmp/Mockito_31-prompt_apr_3-deepseek-chat/target/test-classes\n    [mkdir] Created dir: /data/cmd/Ming/llm-fl-apr/tmp/Mockito_31-prompt_apr_3-deepseek-chat/target/reports/junit\n\ncompile:\n    [javac] /data/cmd/Ming/llm-fl-apr/tmp/Mockito_31-prompt_apr_3-deepseek-chat/build.xml:78: warning: 'includeantruntime' was not set, defaulting to build.sysclasspath=last; set to false for repeatable builds\n    [javac] Compiling 240 source files to /data/cmd/Ming/llm-fl-apr/tmp/Mockito_31-prompt_apr_3-deepseek-chat/target/classes\n    [javac] /data/cmd/Ming/llm-fl-apr/tmp/Mockito_31-prompt_apr_3-deepseek-chat/src/org/mockito/internal/stubbing/defaultanswers/ReturnsSmartNulls.java:59: error: illegal character: \\96\n    [javac] ```java\n    [javac] ^\n    [javac] /data/cmd/Ming/llm-fl-apr/tmp/Mockito_31-prompt_apr_3-deepseek-chat/src/org/mockito/internal/stubbing/defaultanswers/ReturnsSmartNulls.java:59: error: illegal character: \\96\n    [javac] ```java\n    [javac]  ^\n    [javac] /data/cmd/Ming/llm-fl-apr/tmp/Mockito_31-prompt_apr_3-deepseek-chat/src/org/mockito/internal/stubbing/defaultanswers/ReturnsSmartNulls.java:59: error: illegal character: \\96\n    [javac] ```java\n    [javac]   ^\n    [javac] /data/cmd/Ming/llm-fl-apr/tmp/Mockito_31-prompt_apr_3-deepseek-chat/src/org/mockito/internal/stubbing/defaultanswers/ReturnsSmartNulls.java:63: error: illegal character: \\96\n    [javac] ```    }\n    [javac] ^\n    [javac] /data/cmd/Ming/llm-fl-apr/tmp/Mockito_31-prompt_apr_3-deepseek-chat/src/org/mockito/internal/stubbing/defaultanswers/ReturnsSmartNulls.java:63: error: illegal character: \\96\n    [javac] ```    }\n    [javac]  ^\n    [javac] /data/cmd/Ming/llm-fl-apr/tmp/Mockito_31-prompt_apr_3-deepseek-chat/src/org/mockito/internal/stubbing/defaultanswers/ReturnsSmartNulls.java:63: error: illegal character: \\96\n    [javac] ```    }\n    [javac]   ^\n    [javac] /data/cmd/Ming/llm-fl-apr/tmp/Mockito_31-prompt_apr_3-deepseek-chat/src/org/mockito/internal/stubbing/defaultanswers/ReturnsSmartNulls.java:78: error: reached end of file while parsing\n    [javac] }\n    [javac]  ^\n    [javac] 7 errors\n\nBUILD FAILED\n/data/cmd/Ming/LLM_Based-Mutation/tools/mutant/defects4j-2.1.0/framework/projects/Mockito/Mockito.build.xml:148: The following error occurred while executing this line:\n/data/cmd/Ming/LLM_Based-Mutation/tools/mutant/defects4j-2.1.0/framework/projects/Mockito/Mockito.build.xml:69: The following error occurred while executing this line:\n/data/cmd/Ming/llm-fl-apr/tmp/Mockito_31-prompt_apr_3-deepseek-chat/build.xml:78: Compile failed; see the compiler error output for details.\n\nTotal time: 3 seconds\nCannot compile sources! at /data/cmd/Ming/LLM_Based-Mutation/tools/mutant/defects4j-2.1.0/framework/bin/d4j/d4j-compile line 82.\nCompilation failed in require at /data/cmd/Ming/LLM_Based-Mutation/tools/mutant/defects4j-2.1.0/framework/bin/defects4j line 195.\n"
                }
            }
        },
        "prompt_apr_4": {
            "ernie-3.5-128k": {
                "compile": {
                    "rc": 0,
                    "so": "",
                    "se": "Running ant (compile)...................................................... OK\nRunning ant (compile.tests)................................................ OK\n"
                },
                "test": {
                    "rc": 0,
                    "so": "Failing tests: 1\n  - org.mockito.internal.stubbing.defaultanswers.ReturnsSmartNullsTest::shouldPrintTheParametersWhenCallingAMethodWithArgs\n",
                    "se": "Running ant (compile.tests)................................................ OK\nRunning ant (run.dev.tests)................................................ OK\n"
                }
            },
            "qwen-turbo": {
                "compile": {
                    "rc": 0,
                    "so": "",
                    "se": "Running ant (compile)...................................................... OK\nRunning ant (compile.tests)................................................ OK\n"
                },
                "test": {
                    "rc": 0,
                    "so": "Failing tests: 1\n  - org.mockito.internal.stubbing.defaultanswers.ReturnsSmartNullsTest::shouldPrintTheParametersWhenCallingAMethodWithArgs\n",
                    "se": "Running ant (compile.tests)................................................ OK\nRunning ant (run.dev.tests)................................................ OK\n"
                }
            },
            "doubao-pro-4k": {
                "compile": {
                    "rc": 0,
                    "so": "",
                    "se": "Running ant (compile)...................................................... OK\nRunning ant (compile.tests)................................................ OK\n"
                },
                "test": {
                    "rc": 0,
                    "so": "Failing tests: 1\n  - org.mockito.internal.stubbing.defaultanswers.ReturnsSmartNullsTest::shouldPrintTheParametersWhenCallingAMethodWithArgs\n",
                    "se": "Running ant (compile.tests)................................................ OK\nRunning ant (run.dev.tests)................................................ OK\n"
                }
            },
            "gpt-4o-mini": {
                "compile": {
                    "rc": 0,
                    "so": "",
                    "se": "Running ant (compile)...................................................... OK\nRunning ant (compile.tests)................................................ OK\n"
                },
                "test": {
                    "rc": 0,
                    "so": "Failing tests: 1\n  - org.mockito.internal.stubbing.defaultanswers.ReturnsSmartNullsTest::shouldPrintTheParametersWhenCallingAMethodWithArgs\n",
                    "se": "Running ant (compile.tests)................................................ OK\nRunning ant (run.dev.tests)................................................ OK\n"
                }
            },
            "deepseek-chat": {
                "compile": {
                    "rc": 0,
                    "so": "",
                    "se": "Running ant (compile)...................................................... OK\nRunning ant (compile.tests)................................................ OK\n"
                },
                "test": {
                    "rc": 0,
                    "so": "Failing tests: 1\n  - org.mockito.internal.stubbing.defaultanswers.ReturnsSmartNullsTest::shouldPrintTheParametersWhenCallingAMethodWithArgs\n",
                    "se": "Running ant (compile.tests)................................................ OK\nRunning ant (run.dev.tests)................................................ OK\n"
                }
            }
        },
        "prompt_apr_5": {
            "ernie-3.5-128k": {
                "compile": {
                    "rc": 1,
                    "so": "",
                    "se": "Running ant (compile)...................................................... FAIL\nExecuted command:  cd /data/cmd/Ming/llm-fl-apr/tmp/Mockito_31-prompt_apr_5-ernie-3.5-128k && ant -f /data/cmd/Ming/LLM_Based-Mutation/tools/mutant/defects4j-2.1.0/framework/projects/defects4j.build.xml -Dd4j.home=/data/cmd/Ming/LLM_Based-Mutation/tools/mutant/defects4j-2.1.0 -Dd4j.dir.projects=/data/cmd/Ming/LLM_Based-Mutation/tools/mutant/defects4j-2.1.0/framework/projects -Dbasedir=/data/cmd/Ming/llm-fl-apr/tmp/Mockito_31-prompt_apr_5-ernie-3.5-128k -Dbuild.compiler=javac1.7  compile 2>&1\nJava HotSpot(TM) 64-Bit Server VM warning: ignoring option MaxPermSize=256M; support was removed in 8.0\nBuildfile: /data/cmd/Ming/LLM_Based-Mutation/tools/mutant/defects4j-2.1.0/framework/projects/defects4j.build.xml\n\ncompile:\n\ngradle.compile:\n\nant.compile:\n\nclean:\n\nprepare:\n    [mkdir] Created dir: /data/cmd/Ming/llm-fl-apr/tmp/Mockito_31-prompt_apr_5-ernie-3.5-128k/target/classes\n    [mkdir] Created dir: /data/cmd/Ming/llm-fl-apr/tmp/Mockito_31-prompt_apr_5-ernie-3.5-128k/target/test-classes\n    [mkdir] Created dir: /data/cmd/Ming/llm-fl-apr/tmp/Mockito_31-prompt_apr_5-ernie-3.5-128k/target/reports/junit\n\ncompile:\n    [javac] /data/cmd/Ming/llm-fl-apr/tmp/Mockito_31-prompt_apr_5-ernie-3.5-128k/build.xml:78: warning: 'includeantruntime' was not set, defaulting to build.sysclasspath=last; set to false for repeatable builds\n    [javac] Compiling 240 source files to /data/cmd/Ming/llm-fl-apr/tmp/Mockito_31-prompt_apr_5-ernie-3.5-128k/target/classes\n    [javac] /data/cmd/Ming/llm-fl-apr/tmp/Mockito_31-prompt_apr_5-ernie-3.5-128k/src/org/mockito/internal/stubbing/defaultanswers/ReturnsSmartNulls.java:62: error: illegal start of type\n    [javac] \t\treturn invocation != null ? invocation.getMethod().getName() + \"()\" : \"null\";\n    [javac] \t\t^\n    [javac] /data/cmd/Ming/llm-fl-apr/tmp/Mockito_31-prompt_apr_5-ernie-3.5-128k/src/org/mockito/internal/stubbing/defaultanswers/ReturnsSmartNulls.java:62: error: ';' expected\n    [javac] \t\treturn invocation != null ? invocation.getMethod().getName() + \"()\" : \"null\";\n    [javac] \t\t      ^\n    [javac] /data/cmd/Ming/llm-fl-apr/tmp/Mockito_31-prompt_apr_5-ernie-3.5-128k/src/org/mockito/internal/stubbing/defaultanswers/ReturnsSmartNulls.java:62: error: illegal start of type\n    [javac] \t\treturn invocation != null ? invocation.getMethod().getName() + \"()\" : \"null\";\n    [javac] \t\t                  ^\n    [javac] /data/cmd/Ming/llm-fl-apr/tmp/Mockito_31-prompt_apr_5-ernie-3.5-128k/src/org/mockito/internal/stubbing/defaultanswers/ReturnsSmartNulls.java:62: error: <identifier> expected\n    [javac] \t\treturn invocation != null ? invocation.getMethod().getName() + \"()\" : \"null\";\n    [javac] \t\t                    ^\n    [javac] /data/cmd/Ming/llm-fl-apr/tmp/Mockito_31-prompt_apr_5-ernie-3.5-128k/src/org/mockito/internal/stubbing/defaultanswers/ReturnsSmartNulls.java:62: error: ';' expected\n    [javac] \t\treturn invocation != null ? invocation.getMethod().getName() + \"()\" : \"null\";\n    [javac] \t\t                         ^\n    [javac] /data/cmd/Ming/llm-fl-apr/tmp/Mockito_31-prompt_apr_5-ernie-3.5-128k/src/org/mockito/internal/stubbing/defaultanswers/ReturnsSmartNulls.java:62: error: <identifier> expected\n    [javac] \t\treturn invocation != null ? invocation.getMethod().getName() + \"()\" : \"null\";\n    [javac] \t\t                                                ^\n    [javac] /data/cmd/Ming/llm-fl-apr/tmp/Mockito_31-prompt_apr_5-ernie-3.5-128k/src/org/mockito/internal/stubbing/defaultanswers/ReturnsSmartNulls.java:62: error: ';' expected\n    [javac] \t\treturn invocation != null ? invocation.getMethod().getName() + \"()\" : \"null\";\n    [javac] \t\t                                                  ^\n    [javac] /data/cmd/Ming/llm-fl-apr/tmp/Mockito_31-prompt_apr_5-ernie-3.5-128k/src/org/mockito/internal/stubbing/defaultanswers/ReturnsSmartNulls.java:76: error: reached end of file while parsing\n    [javac] }\n    [javac]  ^\n    [javac] 8 errors\n\nBUILD FAILED\n/data/cmd/Ming/LLM_Based-Mutation/tools/mutant/defects4j-2.1.0/framework/projects/Mockito/Mockito.build.xml:148: The following error occurred while executing this line:\n/data/cmd/Ming/LLM_Based-Mutation/tools/mutant/defects4j-2.1.0/framework/projects/Mockito/Mockito.build.xml:69: The following error occurred while executing this line:\n/data/cmd/Ming/llm-fl-apr/tmp/Mockito_31-prompt_apr_5-ernie-3.5-128k/build.xml:78: Compile failed; see the compiler error output for details.\n\nTotal time: 4 seconds\nCannot compile sources! at /data/cmd/Ming/LLM_Based-Mutation/tools/mutant/defects4j-2.1.0/framework/bin/d4j/d4j-compile line 82.\nCompilation failed in require at /data/cmd/Ming/LLM_Based-Mutation/tools/mutant/defects4j-2.1.0/framework/bin/defects4j line 195.\n"
                }
            },
            "qwen-turbo": {
                "compile": {
                    "rc": 0,
                    "so": "",
                    "se": "Running ant (compile)...................................................... OK\nRunning ant (compile.tests)................................................ OK\n"
                },
                "test": {
                    "rc": 0,
                    "so": "Failing tests: 2\n  - org.mockito.internal.stubbing.defaultanswers.ReturnsSmartNullsTest::shouldPrintTheParametersWhenCallingAMethodWithArgs\n  - org.mockito.internal.stubbing.defaultanswers.ReturnsSmartNullsTest::shouldReturnAnObjectThatAllowsObjectMethods\n",
                    "se": "Running ant (compile.tests)................................................ OK\nRunning ant (run.dev.tests)................................................ OK\n"
                }
            },
            "doubao-pro-4k": {
                "compile": {
                    "rc": 1,
                    "so": "",
                    "se": "Running ant (compile)...................................................... FAIL\nExecuted command:  cd /data/cmd/Ming/llm-fl-apr/tmp/Mockito_31-prompt_apr_5-doubao-pro-4k && ant -f /data/cmd/Ming/LLM_Based-Mutation/tools/mutant/defects4j-2.1.0/framework/projects/defects4j.build.xml -Dd4j.home=/data/cmd/Ming/LLM_Based-Mutation/tools/mutant/defects4j-2.1.0 -Dd4j.dir.projects=/data/cmd/Ming/LLM_Based-Mutation/tools/mutant/defects4j-2.1.0/framework/projects -Dbasedir=/data/cmd/Ming/llm-fl-apr/tmp/Mockito_31-prompt_apr_5-doubao-pro-4k -Dbuild.compiler=javac1.7  compile 2>&1\nJava HotSpot(TM) 64-Bit Server VM warning: ignoring option MaxPermSize=256M; support was removed in 8.0\nBuildfile: /data/cmd/Ming/LLM_Based-Mutation/tools/mutant/defects4j-2.1.0/framework/projects/defects4j.build.xml\n\ncompile:\n\ngradle.compile:\n\nant.compile:\n\nclean:\n\nprepare:\n    [mkdir] Created dir: /data/cmd/Ming/llm-fl-apr/tmp/Mockito_31-prompt_apr_5-doubao-pro-4k/target/classes\n    [mkdir] Created dir: /data/cmd/Ming/llm-fl-apr/tmp/Mockito_31-prompt_apr_5-doubao-pro-4k/target/test-classes\n    [mkdir] Created dir: /data/cmd/Ming/llm-fl-apr/tmp/Mockito_31-prompt_apr_5-doubao-pro-4k/target/reports/junit\n\ncompile:\n    [javac] /data/cmd/Ming/llm-fl-apr/tmp/Mockito_31-prompt_apr_5-doubao-pro-4k/build.xml:78: warning: 'includeantruntime' was not set, defaulting to build.sysclasspath=last; set to false for repeatable builds\n    [javac] Compiling 240 source files to /data/cmd/Ming/llm-fl-apr/tmp/Mockito_31-prompt_apr_5-doubao-pro-4k/target/classes\n    [javac] /data/cmd/Ming/llm-fl-apr/tmp/Mockito_31-prompt_apr_5-doubao-pro-4k/src/org/mockito/internal/stubbing/defaultanswers/ReturnsSmartNulls.java:63: error: illegal start of expression\n    [javac]     private final Answer<Object> delegate = new ReturnsMoreEmptyValues();\n    [javac]     ^\n    [javac] /data/cmd/Ming/llm-fl-apr/tmp/Mockito_31-prompt_apr_5-doubao-pro-4k/src/org/mockito/internal/stubbing/defaultanswers/ReturnsSmartNulls.java:65: error: illegal start of expression\n    [javac]     public Object answer(final InvocationOnMock invocation) throws Throwable {\n    [javac]     ^\n    [javac] /data/cmd/Ming/llm-fl-apr/tmp/Mockito_31-prompt_apr_5-doubao-pro-4k/src/org/mockito/internal/stubbing/defaultanswers/ReturnsSmartNulls.java:65: error: ';' expected\n    [javac]     public Object answer(final InvocationOnMock invocation) throws Throwable {\n    [javac]                         ^\n    [javac] /data/cmd/Ming/llm-fl-apr/tmp/Mockito_31-prompt_apr_5-doubao-pro-4k/src/org/mockito/internal/stubbing/defaultanswers/ReturnsSmartNulls.java:65: error: ';' expected\n    [javac]     public Object answer(final InvocationOnMock invocation) throws Throwable {\n    [javac]                                                           ^\n    [javac] /data/cmd/Ming/llm-fl-apr/tmp/Mockito_31-prompt_apr_5-doubao-pro-4k/src/org/mockito/internal/stubbing/defaultanswers/ReturnsSmartNulls.java:65: error: not a statement\n    [javac]     public Object answer(final InvocationOnMock invocation) throws Throwable {\n    [javac]                                                                    ^\n    [javac] /data/cmd/Ming/llm-fl-apr/tmp/Mockito_31-prompt_apr_5-doubao-pro-4k/src/org/mockito/internal/stubbing/defaultanswers/ReturnsSmartNulls.java:65: error: ';' expected\n    [javac]     public Object answer(final InvocationOnMock invocation) throws Throwable {\n    [javac]                                                                             ^\n    [javac] /data/cmd/Ming/llm-fl-apr/tmp/Mockito_31-prompt_apr_5-doubao-pro-4k/src/org/mockito/internal/stubbing/defaultanswers/ReturnsSmartNulls.java:76: error: reached end of file while parsing\n    [javac] }\n    [javac]  ^\n    [javac] 7 errors\n\nBUILD FAILED\n/data/cmd/Ming/LLM_Based-Mutation/tools/mutant/defects4j-2.1.0/framework/projects/Mockito/Mockito.build.xml:148: The following error occurred while executing this line:\n/data/cmd/Ming/LLM_Based-Mutation/tools/mutant/defects4j-2.1.0/framework/projects/Mockito/Mockito.build.xml:69: The following error occurred while executing this line:\n/data/cmd/Ming/llm-fl-apr/tmp/Mockito_31-prompt_apr_5-doubao-pro-4k/build.xml:78: Compile failed; see the compiler error output for details.\n\nTotal time: 3 seconds\nCannot compile sources! at /data/cmd/Ming/LLM_Based-Mutation/tools/mutant/defects4j-2.1.0/framework/bin/d4j/d4j-compile line 82.\nCompilation failed in require at /data/cmd/Ming/LLM_Based-Mutation/tools/mutant/defects4j-2.1.0/framework/bin/defects4j line 195.\n"
                }
            },
            "gpt-4o-mini": {
                "compile": {
                    "rc": 0,
                    "so": "",
                    "se": "Running ant (compile)...................................................... OK\nRunning ant (compile.tests)................................................ OK\n"
                },
                "test": {
                    "rc": 0,
                    "so": "Failing tests: 1\n  - org.mockito.internal.stubbing.defaultanswers.ReturnsSmartNullsTest::shouldPrintTheParametersWhenCallingAMethodWithArgs\n",
                    "se": "Running ant (compile.tests)................................................ OK\nRunning ant (run.dev.tests)................................................ OK\n"
                }
            },
            "deepseek-chat": {
                "compile": {
                    "rc": 0,
                    "so": "",
                    "se": "Running ant (compile)...................................................... OK\nRunning ant (compile.tests)................................................ OK\n"
                },
                "test": {
                    "rc": 0,
                    "so": "Failing tests: 1\n  - org.mockito.internal.stubbing.defaultanswers.ReturnsSmartNullsTest::shouldPrintTheParametersWhenCallingAMethodWithArgs\n",
                    "se": "Running ant (compile.tests)................................................ OK\nRunning ant (run.dev.tests)................................................ OK\n"
                }
            }
        },
        "prompt_apr_6": {
            "ernie-3.5-128k": {
                "compile": {
                    "rc": 1,
                    "so": "",
                    "se": "Running ant (compile)...................................................... FAIL\nExecuted command:  cd /data/cmd/Ming/llm-fl-apr/tmp/Mockito_31-prompt_apr_6-ernie-3.5-128k && ant -f /data/cmd/Ming/LLM_Based-Mutation/tools/mutant/defects4j-2.1.0/framework/projects/defects4j.build.xml -Dd4j.home=/data/cmd/Ming/LLM_Based-Mutation/tools/mutant/defects4j-2.1.0 -Dd4j.dir.projects=/data/cmd/Ming/LLM_Based-Mutation/tools/mutant/defects4j-2.1.0/framework/projects -Dbasedir=/data/cmd/Ming/llm-fl-apr/tmp/Mockito_31-prompt_apr_6-ernie-3.5-128k -Dbuild.compiler=javac1.7  compile 2>&1\nJava HotSpot(TM) 64-Bit Server VM warning: ignoring option MaxPermSize=256M; support was removed in 8.0\nBuildfile: /data/cmd/Ming/LLM_Based-Mutation/tools/mutant/defects4j-2.1.0/framework/projects/defects4j.build.xml\n\ncompile:\n\ngradle.compile:\n\nant.compile:\n\nclean:\n\nprepare:\n    [mkdir] Created dir: /data/cmd/Ming/llm-fl-apr/tmp/Mockito_31-prompt_apr_6-ernie-3.5-128k/target/classes\n    [mkdir] Created dir: /data/cmd/Ming/llm-fl-apr/tmp/Mockito_31-prompt_apr_6-ernie-3.5-128k/target/test-classes\n    [mkdir] Created dir: /data/cmd/Ming/llm-fl-apr/tmp/Mockito_31-prompt_apr_6-ernie-3.5-128k/target/reports/junit\n\ncompile:\n    [javac] /data/cmd/Ming/llm-fl-apr/tmp/Mockito_31-prompt_apr_6-ernie-3.5-128k/build.xml:78: warning: 'includeantruntime' was not set, defaulting to build.sysclasspath=last; set to false for repeatable builds\n    [javac] Compiling 240 source files to /data/cmd/Ming/llm-fl-apr/tmp/Mockito_31-prompt_apr_6-ernie-3.5-128k/target/classes\n    [javac] /data/cmd/Ming/llm-fl-apr/tmp/Mockito_31-prompt_apr_6-ernie-3.5-128k/src/org/mockito/internal/stubbing/defaultanswers/ReturnsSmartNulls.java:76: error: reached end of file while parsing\n    [javac] }\n    [javac]  ^\n    [javac] 1 error\n\nBUILD FAILED\n/data/cmd/Ming/LLM_Based-Mutation/tools/mutant/defects4j-2.1.0/framework/projects/Mockito/Mockito.build.xml:148: The following error occurred while executing this line:\n/data/cmd/Ming/LLM_Based-Mutation/tools/mutant/defects4j-2.1.0/framework/projects/Mockito/Mockito.build.xml:69: The following error occurred while executing this line:\n/data/cmd/Ming/llm-fl-apr/tmp/Mockito_31-prompt_apr_6-ernie-3.5-128k/build.xml:78: Compile failed; see the compiler error output for details.\n\nTotal time: 4 seconds\nCannot compile sources! at /data/cmd/Ming/LLM_Based-Mutation/tools/mutant/defects4j-2.1.0/framework/bin/d4j/d4j-compile line 82.\nCompilation failed in require at /data/cmd/Ming/LLM_Based-Mutation/tools/mutant/defects4j-2.1.0/framework/bin/defects4j line 195.\n"
                }
            },
            "qwen-turbo": {
                "compile": {
                    "rc": 0,
                    "so": "",
                    "se": "Running ant (compile)...................................................... OK\nRunning ant (compile.tests)................................................ OK\n"
                },
                "test": {
                    "rc": 0,
                    "so": "Failing tests: 1\n  - org.mockito.internal.stubbing.defaultanswers.ReturnsSmartNullsTest::shouldPrintTheParametersWhenCallingAMethodWithArgs\n",
                    "se": "Running ant (compile.tests)................................................ OK\nRunning ant (run.dev.tests)................................................ OK\n"
                }
            },
            "doubao-pro-4k": {
                "compile": {
                    "rc": 1,
                    "so": "",
                    "se": "Running ant (compile)...................................................... FAIL\nExecuted command:  cd /data/cmd/Ming/llm-fl-apr/tmp/Mockito_31-prompt_apr_6-doubao-pro-4k && ant -f /data/cmd/Ming/LLM_Based-Mutation/tools/mutant/defects4j-2.1.0/framework/projects/defects4j.build.xml -Dd4j.home=/data/cmd/Ming/LLM_Based-Mutation/tools/mutant/defects4j-2.1.0 -Dd4j.dir.projects=/data/cmd/Ming/LLM_Based-Mutation/tools/mutant/defects4j-2.1.0/framework/projects -Dbasedir=/data/cmd/Ming/llm-fl-apr/tmp/Mockito_31-prompt_apr_6-doubao-pro-4k -Dbuild.compiler=javac1.7  compile 2>&1\nJava HotSpot(TM) 64-Bit Server VM warning: ignoring option MaxPermSize=256M; support was removed in 8.0\nBuildfile: /data/cmd/Ming/LLM_Based-Mutation/tools/mutant/defects4j-2.1.0/framework/projects/defects4j.build.xml\n\ncompile:\n\ngradle.compile:\n\nant.compile:\n\nclean:\n\nprepare:\n    [mkdir] Created dir: /data/cmd/Ming/llm-fl-apr/tmp/Mockito_31-prompt_apr_6-doubao-pro-4k/target/classes\n    [mkdir] Created dir: /data/cmd/Ming/llm-fl-apr/tmp/Mockito_31-prompt_apr_6-doubao-pro-4k/target/test-classes\n    [mkdir] Created dir: /data/cmd/Ming/llm-fl-apr/tmp/Mockito_31-prompt_apr_6-doubao-pro-4k/target/reports/junit\n\ncompile:\n    [javac] /data/cmd/Ming/llm-fl-apr/tmp/Mockito_31-prompt_apr_6-doubao-pro-4k/build.xml:78: warning: 'includeantruntime' was not set, defaulting to build.sysclasspath=last; set to false for repeatable builds\n    [javac] Compiling 240 source files to /data/cmd/Ming/llm-fl-apr/tmp/Mockito_31-prompt_apr_6-doubao-pro-4k/target/classes\n    [javac] /data/cmd/Ming/llm-fl-apr/tmp/Mockito_31-prompt_apr_6-doubao-pro-4k/src/org/mockito/internal/stubbing/defaultanswers/ReturnsSmartNulls.java:76: error: reached end of file while parsing\n    [javac] }\n    [javac]  ^\n    [javac] 1 error\n\nBUILD FAILED\n/data/cmd/Ming/LLM_Based-Mutation/tools/mutant/defects4j-2.1.0/framework/projects/Mockito/Mockito.build.xml:148: The following error occurred while executing this line:\n/data/cmd/Ming/LLM_Based-Mutation/tools/mutant/defects4j-2.1.0/framework/projects/Mockito/Mockito.build.xml:69: The following error occurred while executing this line:\n/data/cmd/Ming/llm-fl-apr/tmp/Mockito_31-prompt_apr_6-doubao-pro-4k/build.xml:78: Compile failed; see the compiler error output for details.\n\nTotal time: 3 seconds\nCannot compile sources! at /data/cmd/Ming/LLM_Based-Mutation/tools/mutant/defects4j-2.1.0/framework/bin/d4j/d4j-compile line 82.\nCompilation failed in require at /data/cmd/Ming/LLM_Based-Mutation/tools/mutant/defects4j-2.1.0/framework/bin/defects4j line 195.\n"
                }
            },
            "gpt-4o-mini": {
                "compile": {
                    "rc": 0,
                    "so": "",
                    "se": "Running ant (compile)...................................................... OK\nRunning ant (compile.tests)................................................ OK\n"
                },
                "test": {
                    "rc": 0,
                    "so": "Failing tests: 1\n  - org.mockito.internal.stubbing.defaultanswers.ReturnsSmartNullsTest::shouldPrintTheParametersWhenCallingAMethodWithArgs\n",
                    "se": "Running ant (compile.tests)................................................ OK\nRunning ant (run.dev.tests)................................................ OK\n"
                }
            },
            "deepseek-chat": {
                "compile": {
                    "rc": 0,
                    "so": "",
                    "se": "Running ant (compile)...................................................... OK\nRunning ant (compile.tests)................................................ OK\n"
                },
                "test": {
                    "rc": 0,
                    "so": "Failing tests: 1\n  - org.mockito.internal.stubbing.defaultanswers.ReturnsSmartNullsTest::shouldPrintTheParametersWhenCallingAMethodWithArgs\n",
                    "se": "Running ant (compile.tests)................................................ OK\nRunning ant (run.dev.tests)................................................ OK\n"
                }
            }
        }
    }
}