{
    "overall_status": {
        "prompt_apr_1": {
            "ernie-3.5-128k": "Fail some tests",
            "qwen-turbo": "Compile failed",
            "doubao-pro-4k": "Fail some tests",
            "gpt-4o-mini": "Fail some tests",
            "deepseek-chat": "Fail some tests"
        },
        "prompt_apr_2": {
            "ernie-3.5-128k": "Fail some tests",
            "qwen-turbo": "Compile failed",
            "doubao-pro-4k": "Fail some tests",
            "gpt-4o-mini": "Fail some tests",
            "deepseek-chat": "Fail some tests"
        },
        "prompt_apr_3": {
            "ernie-3.5-128k": "Compile failed",
            "qwen-turbo": "Compile failed",
            "doubao-pro-4k": "Compile failed",
            "gpt-4o-mini": "Compile failed",
            "deepseek-chat": "Compile failed"
        },
        "prompt_apr_4": {
            "ernie-3.5-128k": "Fail some tests",
            "qwen-turbo": "Compile failed",
            "doubao-pro-4k": "Fail some tests",
            "gpt-4o-mini": "Compile failed",
            "deepseek-chat": "Fail some tests"
        },
        "prompt_apr_5": {
            "ernie-3.5-128k": "Compile failed",
            "qwen-turbo": "Fail some tests",
            "doubao-pro-4k": "Compile failed",
            "gpt-4o-mini": "Compile failed",
            "deepseek-chat": "Fail some tests"
        },
        "prompt_apr_6": {
            "ernie-3.5-128k": "Compile failed",
            "qwen-turbo": "Fail some tests",
            "doubao-pro-4k": "Compile failed",
            "gpt-4o-mini": "Fail some tests",
            "deepseek-chat": "Fail some tests"
        }
    },
    "check_results_list": {
        "prompt_apr_1": {
            "ernie-3.5-128k": {
                "compile": {
                    "rc": 0,
                    "so": "",
                    "se": "Running ant (compile)...................................................... OK\nRunning ant (compile.tests)................................................ OK\n"
                },
                "test": {
                    "rc": 0,
                    "so": "Failing tests: 1\n  - org.mockito.internal.matchers.EqualityTest::shouldKnowIfObjectsAreEqual\n",
                    "se": "Running ant (compile.tests)................................................ OK\nRunning ant (run.dev.tests)................................................ OK\n"
                }
            },
            "qwen-turbo": {
                "compile": {
                    "rc": 1,
                    "so": "",
                    "se": "Running ant (compile)...................................................... FAIL\nExecuted command:  cd /data/cmd/Ming/llm-fl-apr/tmp/Mockito_22-prompt_apr_1-qwen-turbo && ant -f /data/cmd/Ming/LLM_Based-Mutation/tools/mutant/defects4j-2.1.0/framework/projects/defects4j.build.xml -Dd4j.home=/data/cmd/Ming/LLM_Based-Mutation/tools/mutant/defects4j-2.1.0 -Dd4j.dir.projects=/data/cmd/Ming/LLM_Based-Mutation/tools/mutant/defects4j-2.1.0/framework/projects -Dbasedir=/data/cmd/Ming/llm-fl-apr/tmp/Mockito_22-prompt_apr_1-qwen-turbo -Dbuild.compiler=javac1.7  compile 2>&1\nJava HotSpot(TM) 64-Bit Server VM warning: ignoring option MaxPermSize=256M; support was removed in 8.0\nBuildfile: /data/cmd/Ming/LLM_Based-Mutation/tools/mutant/defects4j-2.1.0/framework/projects/defects4j.build.xml\n\ncompile:\n\ngradle.compile:\n\nant.compile:\n\nclean:\n\nprepare:\n    [mkdir] Created dir: /data/cmd/Ming/llm-fl-apr/tmp/Mockito_22-prompt_apr_1-qwen-turbo/target/classes\n    [mkdir] Created dir: /data/cmd/Ming/llm-fl-apr/tmp/Mockito_22-prompt_apr_1-qwen-turbo/target/test-classes\n    [mkdir] Created dir: /data/cmd/Ming/llm-fl-apr/tmp/Mockito_22-prompt_apr_1-qwen-turbo/target/reports/junit\n\ncompile:\n    [javac] /data/cmd/Ming/llm-fl-apr/tmp/Mockito_22-prompt_apr_1-qwen-turbo/build.xml:82: warning: 'includeantruntime' was not set, defaulting to build.sysclasspath=last; set to false for repeatable builds\n    [javac] Compiling 306 source files to /data/cmd/Ming/llm-fl-apr/tmp/Mockito_22-prompt_apr_1-qwen-turbo/target/classes\n    [javac] /data/cmd/Ming/llm-fl-apr/tmp/Mockito_22-prompt_apr_1-qwen-turbo/src/org/mockito/internal/matchers/Equality.java:12: error: <identifier> expected\n    [javac] Certainly, here is the corrected version of your method:\n    [javac]          ^\n    [javac] /data/cmd/Ming/llm-fl-apr/tmp/Mockito_22-prompt_apr_1-qwen-turbo/src/org/mockito/internal/matchers/Equality.java:12: error: ';' expected\n    [javac] Certainly, here is the corrected version of your method:\n    [javac]                ^\n    [javac] /data/cmd/Ming/llm-fl-apr/tmp/Mockito_22-prompt_apr_1-qwen-turbo/src/org/mockito/internal/matchers/Equality.java:12: error: ';' expected\n    [javac] Certainly, here is the corrected version of your method:\n    [javac]                       ^\n    [javac] /data/cmd/Ming/llm-fl-apr/tmp/Mockito_22-prompt_apr_1-qwen-turbo/src/org/mockito/internal/matchers/Equality.java:12: error: ';' expected\n    [javac] Certainly, here is the corrected version of your method:\n    [javac]                                         ^\n    [javac] /data/cmd/Ming/llm-fl-apr/tmp/Mockito_22-prompt_apr_1-qwen-turbo/src/org/mockito/internal/matchers/Equality.java:12: error: ';' expected\n    [javac] Certainly, here is the corrected version of your method:\n    [javac]                                                 ^\n    [javac] /data/cmd/Ming/llm-fl-apr/tmp/Mockito_22-prompt_apr_1-qwen-turbo/src/org/mockito/internal/matchers/Equality.java:12: error: <identifier> expected\n    [javac] Certainly, here is the corrected version of your method:\n    [javac]                                                        ^\n    [javac] /data/cmd/Ming/llm-fl-apr/tmp/Mockito_22-prompt_apr_1-qwen-turbo/src/org/mockito/internal/matchers/Equality.java:14: error: illegal character: \\96\n    [javac] ```java\n    [javac] ^\n    [javac] /data/cmd/Ming/llm-fl-apr/tmp/Mockito_22-prompt_apr_1-qwen-turbo/src/org/mockito/internal/matchers/Equality.java:14: error: illegal character: \\96\n    [javac] ```java\n    [javac]  ^\n    [javac] /data/cmd/Ming/llm-fl-apr/tmp/Mockito_22-prompt_apr_1-qwen-turbo/src/org/mockito/internal/matchers/Equality.java:14: error: illegal character: \\96\n    [javac] ```java\n    [javac]   ^\n    [javac] /data/cmd/Ming/llm-fl-apr/tmp/Mockito_22-prompt_apr_1-qwen-turbo/src/org/mockito/internal/matchers/Equality.java:24: error: illegal character: \\96\n    [javac] ```\n    [javac] ^\n    [javac] /data/cmd/Ming/llm-fl-apr/tmp/Mockito_22-prompt_apr_1-qwen-turbo/src/org/mockito/internal/matchers/Equality.java:24: error: illegal character: \\96\n    [javac] ```\n    [javac]  ^\n    [javac] /data/cmd/Ming/llm-fl-apr/tmp/Mockito_22-prompt_apr_1-qwen-turbo/src/org/mockito/internal/matchers/Equality.java:24: error: illegal character: \\96\n    [javac] ```\n    [javac]   ^\n    [javac] /data/cmd/Ming/llm-fl-apr/tmp/Mockito_22-prompt_apr_1-qwen-turbo/src/org/mockito/internal/matchers/Equality.java:26: error: ';' expected\n    [javac] The correction ensures that `o1` and `o2` are both `null` or both non-null for the condition to be true.\n    [javac]                       ^\n    [javac] /data/cmd/Ming/llm-fl-apr/tmp/Mockito_22-prompt_apr_1-qwen-turbo/src/org/mockito/internal/matchers/Equality.java:26: error: illegal character: \\96\n    [javac] The correction ensures that `o1` and `o2` are both `null` or both non-null for the condition to be true.\n    [javac]                             ^\n    [javac] /data/cmd/Ming/llm-fl-apr/tmp/Mockito_22-prompt_apr_1-qwen-turbo/src/org/mockito/internal/matchers/Equality.java:26: error: illegal character: \\96\n    [javac] The correction ensures that `o1` and `o2` are both `null` or both non-null for the condition to be true.\n    [javac]                                ^\n    [javac] /data/cmd/Ming/llm-fl-apr/tmp/Mockito_22-prompt_apr_1-qwen-turbo/src/org/mockito/internal/matchers/Equality.java:26: error: illegal character: \\96\n    [javac] The correction ensures that `o1` and `o2` are both `null` or both non-null for the condition to be true.\n    [javac]                                      ^\n    [javac] /data/cmd/Ming/llm-fl-apr/tmp/Mockito_22-prompt_apr_1-qwen-turbo/src/org/mockito/internal/matchers/Equality.java:26: error: illegal character: \\96\n    [javac] The correction ensures that `o1` and `o2` are both `null` or both non-null for the condition to be true.\n    [javac]                                         ^\n    [javac] /data/cmd/Ming/llm-fl-apr/tmp/Mockito_22-prompt_apr_1-qwen-turbo/src/org/mockito/internal/matchers/Equality.java:26: error: illegal character: \\96\n    [javac] The correction ensures that `o1` and `o2` are both `null` or both non-null for the condition to be true.\n    [javac]                                                    ^\n    [javac] /data/cmd/Ming/llm-fl-apr/tmp/Mockito_22-prompt_apr_1-qwen-turbo/src/org/mockito/internal/matchers/Equality.java:26: error: illegal character: \\96\n    [javac] The correction ensures that `o1` and `o2` are both `null` or both non-null for the condition to be true.\n    [javac]                                                         ^\n    [javac] /data/cmd/Ming/llm-fl-apr/tmp/Mockito_22-prompt_apr_1-qwen-turbo/src/org/mockito/internal/matchers/Equality.java:26: error: ';' expected\n    [javac] The correction ensures that `o1` and `o2` are both `null` or both non-null for the condition to be true.\n    [javac]                                                                  ^\n    [javac] /data/cmd/Ming/llm-fl-apr/tmp/Mockito_22-prompt_apr_1-qwen-turbo/src/org/mockito/internal/matchers/Equality.java:26: error: <identifier> expected\n    [javac] The correction ensures that `o1` and `o2` are both `null` or both non-null for the condition to be true.\n    [javac]                                                                      ^\n    [javac] /data/cmd/Ming/llm-fl-apr/tmp/Mockito_22-prompt_apr_1-qwen-turbo/src/org/mockito/internal/matchers/Equality.java:26: error: illegal start of type\n    [javac] The correction ensures that `o1` and `o2` are both `null` or both non-null for the condition to be true.\n    [javac]                                                                       ^\n    [javac] /data/cmd/Ming/llm-fl-apr/tmp/Mockito_22-prompt_apr_1-qwen-turbo/src/org/mockito/internal/matchers/Equality.java:26: error: <identifier> expected\n    [javac] The correction ensures that `o1` and `o2` are both `null` or both non-null for the condition to be true.\n    [javac]                                                                           ^\n    [javac] /data/cmd/Ming/llm-fl-apr/tmp/Mockito_22-prompt_apr_1-qwen-turbo/src/org/mockito/internal/matchers/Equality.java:26: error: ';' expected\n    [javac] The correction ensures that `o1` and `o2` are both `null` or both non-null for the condition to be true.\n    [javac]                                                                               ^\n    [javac] /data/cmd/Ming/llm-fl-apr/tmp/Mockito_22-prompt_apr_1-qwen-turbo/src/org/mockito/internal/matchers/Equality.java:26: error: ';' expected\n    [javac] The correction ensures that `o1` and `o2` are both `null` or both non-null for the condition to be true.\n    [javac]                                                                                                ^\n    [javac] /data/cmd/Ming/llm-fl-apr/tmp/Mockito_22-prompt_apr_1-qwen-turbo/src/org/mockito/internal/matchers/Equality.java:26: error: <identifier> expected\n    [javac] The correction ensures that `o1` and `o2` are both `null` or both non-null for the condition to be true.\n    [javac]                                                                                                   ^\n    [javac] /data/cmd/Ming/llm-fl-apr/tmp/Mockito_22-prompt_apr_1-qwen-turbo/src/org/mockito/internal/matchers/Equality.java:26: error: illegal start of type\n    [javac] The correction ensures that `o1` and `o2` are both `null` or both non-null for the condition to be true.\n    [javac]                                                                                                        ^\n    [javac] /data/cmd/Ming/llm-fl-apr/tmp/Mockito_22-prompt_apr_1-qwen-turbo/src/org/mockito/internal/matchers/Equality.java:26: error: <identifier> expected\n    [javac] The correction ensures that `o1` and `o2` are both `null` or both non-null for the condition to be true.\n    [javac]                                                                                                         ^\n    [javac] /data/cmd/Ming/llm-fl-apr/tmp/Mockito_22-prompt_apr_1-qwen-turbo/src/org/mockito/internal/matchers/Equality.java:27: error: ';' expected\n    [javac]     static boolean areArraysEqual(Object o1, Object o2) {\n    [javac]           ^\n    [javac] /data/cmd/Ming/llm-fl-apr/tmp/Mockito_22-prompt_apr_1-qwen-turbo/src/org/mockito/internal/matchers/Equality.java:27: error: invalid method declaration; return type required\n    [javac]     static boolean areArraysEqual(Object o1, Object o2) {\n    [javac]                    ^\n    [javac] 30 errors\n\nBUILD FAILED\n/data/cmd/Ming/LLM_Based-Mutation/tools/mutant/defects4j-2.1.0/framework/projects/Mockito/Mockito.build.xml:148: The following error occurred while executing this line:\n/data/cmd/Ming/LLM_Based-Mutation/tools/mutant/defects4j-2.1.0/framework/projects/Mockito/Mockito.build.xml:69: The following error occurred while executing this line:\n/data/cmd/Ming/llm-fl-apr/tmp/Mockito_22-prompt_apr_1-qwen-turbo/build.xml:82: Compile failed; see the compiler error output for details.\n\nTotal time: 3 seconds\nCannot compile sources! at /data/cmd/Ming/LLM_Based-Mutation/tools/mutant/defects4j-2.1.0/framework/bin/d4j/d4j-compile line 82.\nCompilation failed in require at /data/cmd/Ming/LLM_Based-Mutation/tools/mutant/defects4j-2.1.0/framework/bin/defects4j line 195.\n"
                }
            },
            "doubao-pro-4k": {
                "compile": {
                    "rc": 0,
                    "so": "",
                    "se": "Running ant (compile)...................................................... OK\nRunning ant (compile.tests)................................................ OK\n"
                },
                "test": {
                    "rc": 0,
                    "so": "Failing tests: 1\n  - org.mockito.internal.matchers.EqualityTest::shouldKnowIfObjectsAreEqual\n",
                    "se": "Running ant (compile.tests)................................................ OK\nRunning ant (run.dev.tests)................................................ OK\n"
                }
            },
            "gpt-4o-mini": {
                "compile": {
                    "rc": 0,
                    "so": "",
                    "se": "Running ant (compile)...................................................... OK\nRunning ant (compile.tests)................................................ OK\n"
                },
                "test": {
                    "rc": 0,
                    "so": "Failing tests: 1\n  - org.mockito.internal.matchers.EqualityTest::shouldKnowIfObjectsAreEqual\n",
                    "se": "Running ant (compile.tests)................................................ OK\nRunning ant (run.dev.tests)................................................ OK\n"
                }
            },
            "deepseek-chat": {
                "compile": {
                    "rc": 0,
                    "so": "",
                    "se": "Running ant (compile)...................................................... OK\nRunning ant (compile.tests)................................................ OK\n"
                },
                "test": {
                    "rc": 0,
                    "so": "Failing tests: 2\n  - org.mockito.internal.matchers.EqualityTest::shouldKnowIfObjectsAreEqual\n  - org.mockito.verification.TimeoutTest::should_pass_even_if_first_verification_fails\n",
                    "se": "Running ant (compile.tests)................................................ OK\nRunning ant (run.dev.tests)................................................ OK\n"
                }
            }
        },
        "prompt_apr_2": {
            "ernie-3.5-128k": {
                "compile": {
                    "rc": 0,
                    "so": "",
                    "se": "Running ant (compile)...................................................... OK\nRunning ant (compile.tests)................................................ OK\n"
                },
                "test": {
                    "rc": 0,
                    "so": "Failing tests: 2\n  - org.mockito.internal.matchers.EqualityTest::shouldKnowIfObjectsAreEqual\n  - org.mockito.verification.TimeoutTest::should_pass_even_if_first_verification_fails\n",
                    "se": "Running ant (compile.tests)................................................ OK\nRunning ant (run.dev.tests)................................................ OK\n"
                }
            },
            "qwen-turbo": {
                "compile": {
                    "rc": 1,
                    "so": "",
                    "se": "Running ant (compile)...................................................... FAIL\nExecuted command:  cd /data/cmd/Ming/llm-fl-apr/tmp/Mockito_22-prompt_apr_2-qwen-turbo && ant -f /data/cmd/Ming/LLM_Based-Mutation/tools/mutant/defects4j-2.1.0/framework/projects/defects4j.build.xml -Dd4j.home=/data/cmd/Ming/LLM_Based-Mutation/tools/mutant/defects4j-2.1.0 -Dd4j.dir.projects=/data/cmd/Ming/LLM_Based-Mutation/tools/mutant/defects4j-2.1.0/framework/projects -Dbasedir=/data/cmd/Ming/llm-fl-apr/tmp/Mockito_22-prompt_apr_2-qwen-turbo -Dbuild.compiler=javac1.7  compile 2>&1\nJava HotSpot(TM) 64-Bit Server VM warning: ignoring option MaxPermSize=256M; support was removed in 8.0\nBuildfile: /data/cmd/Ming/LLM_Based-Mutation/tools/mutant/defects4j-2.1.0/framework/projects/defects4j.build.xml\n\ncompile:\n\ngradle.compile:\n\nant.compile:\n\nclean:\n\nprepare:\n    [mkdir] Created dir: /data/cmd/Ming/llm-fl-apr/tmp/Mockito_22-prompt_apr_2-qwen-turbo/target/classes\n    [mkdir] Created dir: /data/cmd/Ming/llm-fl-apr/tmp/Mockito_22-prompt_apr_2-qwen-turbo/target/test-classes\n    [mkdir] Created dir: /data/cmd/Ming/llm-fl-apr/tmp/Mockito_22-prompt_apr_2-qwen-turbo/target/reports/junit\n\ncompile:\n    [javac] /data/cmd/Ming/llm-fl-apr/tmp/Mockito_22-prompt_apr_2-qwen-turbo/build.xml:82: warning: 'includeantruntime' was not set, defaulting to build.sysclasspath=last; set to false for repeatable builds\n    [javac] Compiling 306 source files to /data/cmd/Ming/llm-fl-apr/tmp/Mockito_22-prompt_apr_2-qwen-turbo/target/classes\n    [javac] /data/cmd/Ming/llm-fl-apr/tmp/Mockito_22-prompt_apr_2-qwen-turbo/src/org/mockito/internal/matchers/Equality.java:12: error: <identifier> expected\n    [javac] Certainly, here is the corrected version of your method:\n    [javac]          ^\n    [javac] /data/cmd/Ming/llm-fl-apr/tmp/Mockito_22-prompt_apr_2-qwen-turbo/src/org/mockito/internal/matchers/Equality.java:12: error: ';' expected\n    [javac] Certainly, here is the corrected version of your method:\n    [javac]                ^\n    [javac] /data/cmd/Ming/llm-fl-apr/tmp/Mockito_22-prompt_apr_2-qwen-turbo/src/org/mockito/internal/matchers/Equality.java:12: error: ';' expected\n    [javac] Certainly, here is the corrected version of your method:\n    [javac]                       ^\n    [javac] /data/cmd/Ming/llm-fl-apr/tmp/Mockito_22-prompt_apr_2-qwen-turbo/src/org/mockito/internal/matchers/Equality.java:12: error: ';' expected\n    [javac] Certainly, here is the corrected version of your method:\n    [javac]                                         ^\n    [javac] /data/cmd/Ming/llm-fl-apr/tmp/Mockito_22-prompt_apr_2-qwen-turbo/src/org/mockito/internal/matchers/Equality.java:12: error: ';' expected\n    [javac] Certainly, here is the corrected version of your method:\n    [javac]                                                 ^\n    [javac] /data/cmd/Ming/llm-fl-apr/tmp/Mockito_22-prompt_apr_2-qwen-turbo/src/org/mockito/internal/matchers/Equality.java:12: error: <identifier> expected\n    [javac] Certainly, here is the corrected version of your method:\n    [javac]                                                        ^\n    [javac] /data/cmd/Ming/llm-fl-apr/tmp/Mockito_22-prompt_apr_2-qwen-turbo/src/org/mockito/internal/matchers/Equality.java:14: error: illegal character: \\96\n    [javac] ```java\n    [javac] ^\n    [javac] /data/cmd/Ming/llm-fl-apr/tmp/Mockito_22-prompt_apr_2-qwen-turbo/src/org/mockito/internal/matchers/Equality.java:14: error: illegal character: \\96\n    [javac] ```java\n    [javac]  ^\n    [javac] /data/cmd/Ming/llm-fl-apr/tmp/Mockito_22-prompt_apr_2-qwen-turbo/src/org/mockito/internal/matchers/Equality.java:14: error: illegal character: \\96\n    [javac] ```java\n    [javac]   ^\n    [javac] /data/cmd/Ming/llm-fl-apr/tmp/Mockito_22-prompt_apr_2-qwen-turbo/src/org/mockito/internal/matchers/Equality.java:26: error: illegal character: \\96\n    [javac] ```\n    [javac] ^\n    [javac] /data/cmd/Ming/llm-fl-apr/tmp/Mockito_22-prompt_apr_2-qwen-turbo/src/org/mockito/internal/matchers/Equality.java:26: error: illegal character: \\96\n    [javac] ```\n    [javac]  ^\n    [javac] /data/cmd/Ming/llm-fl-apr/tmp/Mockito_22-prompt_apr_2-qwen-turbo/src/org/mockito/internal/matchers/Equality.java:26: error: illegal character: \\96\n    [javac] ```\n    [javac]   ^\n    [javac] /data/cmd/Ming/llm-fl-apr/tmp/Mockito_22-prompt_apr_2-qwen-turbo/src/org/mockito/internal/matchers/Equality.java:28: error: ';' expected\n    [javac] This ensures that both objects being `null` returns `true`, while one being `null` and the other not returns `false`.\n    [javac]                  ^\n    [javac] /data/cmd/Ming/llm-fl-apr/tmp/Mockito_22-prompt_apr_2-qwen-turbo/src/org/mockito/internal/matchers/Equality.java:28: error: ';' expected\n    [javac] This ensures that both objects being `null` returns `true`, while one being `null` and the other not returns `false`.\n    [javac]                               ^\n    [javac] /data/cmd/Ming/llm-fl-apr/tmp/Mockito_22-prompt_apr_2-qwen-turbo/src/org/mockito/internal/matchers/Equality.java:28: error: illegal character: \\96\n    [javac] This ensures that both objects being `null` returns `true`, while one being `null` and the other not returns `false`.\n    [javac]                                      ^\n    [javac] /data/cmd/Ming/llm-fl-apr/tmp/Mockito_22-prompt_apr_2-qwen-turbo/src/org/mockito/internal/matchers/Equality.java:28: error: illegal start of type\n    [javac] This ensures that both objects being `null` returns `true`, while one being `null` and the other not returns `false`.\n    [javac]                                       ^\n    [javac] /data/cmd/Ming/llm-fl-apr/tmp/Mockito_22-prompt_apr_2-qwen-turbo/src/org/mockito/internal/matchers/Equality.java:28: error: illegal character: \\96\n    [javac] This ensures that both objects being `null` returns `true`, while one being `null` and the other not returns `false`.\n    [javac]                                           ^\n    [javac] /data/cmd/Ming/llm-fl-apr/tmp/Mockito_22-prompt_apr_2-qwen-turbo/src/org/mockito/internal/matchers/Equality.java:28: error: ';' expected\n    [javac] This ensures that both objects being `null` returns `true`, while one being `null` and the other not returns `false`.\n    [javac]                                            ^\n    [javac] /data/cmd/Ming/llm-fl-apr/tmp/Mockito_22-prompt_apr_2-qwen-turbo/src/org/mockito/internal/matchers/Equality.java:28: error: illegal character: \\96\n    [javac] This ensures that both objects being `null` returns `true`, while one being `null` and the other not returns `false`.\n    [javac]                                                     ^\n    [javac] /data/cmd/Ming/llm-fl-apr/tmp/Mockito_22-prompt_apr_2-qwen-turbo/src/org/mockito/internal/matchers/Equality.java:28: error: illegal character: \\96\n    [javac] This ensures that both objects being `null` returns `true`, while one being `null` and the other not returns `false`.\n    [javac]                                                          ^\n    [javac] /data/cmd/Ming/llm-fl-apr/tmp/Mockito_22-prompt_apr_2-qwen-turbo/src/org/mockito/internal/matchers/Equality.java:28: error: illegal start of type\n    [javac] This ensures that both objects being `null` returns `true`, while one being `null` and the other not returns `false`.\n    [javac]                                                             ^\n    [javac] /data/cmd/Ming/llm-fl-apr/tmp/Mockito_22-prompt_apr_2-qwen-turbo/src/org/mockito/internal/matchers/Equality.java:28: error: ';' expected\n    [javac] This ensures that both objects being `null` returns `true`, while one being `null` and the other not returns `false`.\n    [javac]                                                                  ^\n    [javac] /data/cmd/Ming/llm-fl-apr/tmp/Mockito_22-prompt_apr_2-qwen-turbo/src/org/mockito/internal/matchers/Equality.java:28: error: illegal character: \\96\n    [javac] This ensures that both objects being `null` returns `true`, while one being `null` and the other not returns `false`.\n    [javac]                                                                             ^\n    [javac] /data/cmd/Ming/llm-fl-apr/tmp/Mockito_22-prompt_apr_2-qwen-turbo/src/org/mockito/internal/matchers/Equality.java:28: error: illegal start of type\n    [javac] This ensures that both objects being `null` returns `true`, while one being `null` and the other not returns `false`.\n    [javac]                                                                              ^\n    [javac] /data/cmd/Ming/llm-fl-apr/tmp/Mockito_22-prompt_apr_2-qwen-turbo/src/org/mockito/internal/matchers/Equality.java:28: error: illegal character: \\96\n    [javac] This ensures that both objects being `null` returns `true`, while one being `null` and the other not returns `false`.\n    [javac]                                                                                  ^\n    [javac] /data/cmd/Ming/llm-fl-apr/tmp/Mockito_22-prompt_apr_2-qwen-turbo/src/org/mockito/internal/matchers/Equality.java:28: error: ';' expected\n    [javac] This ensures that both objects being `null` returns `true`, while one being `null` and the other not returns `false`.\n    [javac]                                                                                   ^\n    [javac] /data/cmd/Ming/llm-fl-apr/tmp/Mockito_22-prompt_apr_2-qwen-turbo/src/org/mockito/internal/matchers/Equality.java:28: error: ';' expected\n    [javac] This ensures that both objects being `null` returns `true`, while one being `null` and the other not returns `false`.\n    [javac]                                                                                                 ^\n    [javac] /data/cmd/Ming/llm-fl-apr/tmp/Mockito_22-prompt_apr_2-qwen-turbo/src/org/mockito/internal/matchers/Equality.java:28: error: illegal character: \\96\n    [javac] This ensures that both objects being `null` returns `true`, while one being `null` and the other not returns `false`.\n    [javac]                                                                                                              ^\n    [javac] /data/cmd/Ming/llm-fl-apr/tmp/Mockito_22-prompt_apr_2-qwen-turbo/src/org/mockito/internal/matchers/Equality.java:28: error: illegal character: \\96\n    [javac] This ensures that both objects being `null` returns `true`, while one being `null` and the other not returns `false`.\n    [javac]                                                                                                                    ^\n    [javac] 29 errors\n\nBUILD FAILED\n/data/cmd/Ming/LLM_Based-Mutation/tools/mutant/defects4j-2.1.0/framework/projects/Mockito/Mockito.build.xml:148: The following error occurred while executing this line:\n/data/cmd/Ming/LLM_Based-Mutation/tools/mutant/defects4j-2.1.0/framework/projects/Mockito/Mockito.build.xml:69: The following error occurred while executing this line:\n/data/cmd/Ming/llm-fl-apr/tmp/Mockito_22-prompt_apr_2-qwen-turbo/build.xml:82: Compile failed; see the compiler error output for details.\n\nTotal time: 3 seconds\nCannot compile sources! at /data/cmd/Ming/LLM_Based-Mutation/tools/mutant/defects4j-2.1.0/framework/bin/d4j/d4j-compile line 82.\nCompilation failed in require at /data/cmd/Ming/LLM_Based-Mutation/tools/mutant/defects4j-2.1.0/framework/bin/defects4j line 195.\n"
                }
            },
            "doubao-pro-4k": {
                "compile": {
                    "rc": 0,
                    "so": "",
                    "se": "Running ant (compile)...................................................... OK\nRunning ant (compile.tests)................................................ OK\n"
                },
                "test": {
                    "rc": 0,
                    "so": "Failing tests: 2\n  - org.mockito.internal.matchers.EqualityTest::shouldKnowIfObjectsAreEqual\n  - org.mockito.verification.TimeoutTest::should_pass_even_if_first_verification_fails\n",
                    "se": "Running ant (compile.tests)................................................ OK\nRunning ant (run.dev.tests)................................................ OK\n"
                }
            },
            "gpt-4o-mini": {
                "compile": {
                    "rc": 0,
                    "so": "",
                    "se": "Running ant (compile)...................................................... OK\nRunning ant (compile.tests)................................................ OK\n"
                },
                "test": {
                    "rc": 0,
                    "so": "Failing tests: 1\n  - org.mockito.internal.matchers.EqualityTest::shouldKnowIfObjectsAreEqual\n",
                    "se": "Running ant (compile.tests)................................................ OK\nRunning ant (run.dev.tests)................................................ OK\n"
                }
            },
            "deepseek-chat": {
                "compile": {
                    "rc": 0,
                    "so": "",
                    "se": "Running ant (compile)...................................................... OK\nRunning ant (compile.tests)................................................ OK\n"
                },
                "test": {
                    "rc": 0,
                    "so": "Failing tests: 1\n  - org.mockito.internal.matchers.EqualityTest::shouldKnowIfObjectsAreEqual\n",
                    "se": "Running ant (compile.tests)................................................ OK\nRunning ant (run.dev.tests)................................................ OK\n"
                }
            }
        },
        "prompt_apr_3": {
            "ernie-3.5-128k": {
                "compile": {
                    "rc": 1,
                    "so": "",
                    "se": "Running ant (compile)...................................................... FAIL\nExecuted command:  cd /data/cmd/Ming/llm-fl-apr/tmp/Mockito_22-prompt_apr_3-ernie-3.5-128k && ant -f /data/cmd/Ming/LLM_Based-Mutation/tools/mutant/defects4j-2.1.0/framework/projects/defects4j.build.xml -Dd4j.home=/data/cmd/Ming/LLM_Based-Mutation/tools/mutant/defects4j-2.1.0 -Dd4j.dir.projects=/data/cmd/Ming/LLM_Based-Mutation/tools/mutant/defects4j-2.1.0/framework/projects -Dbasedir=/data/cmd/Ming/llm-fl-apr/tmp/Mockito_22-prompt_apr_3-ernie-3.5-128k -Dbuild.compiler=javac1.7  compile 2>&1\nJava HotSpot(TM) 64-Bit Server VM warning: ignoring option MaxPermSize=256M; support was removed in 8.0\nBuildfile: /data/cmd/Ming/LLM_Based-Mutation/tools/mutant/defects4j-2.1.0/framework/projects/defects4j.build.xml\n\ncompile:\n\ngradle.compile:\n\nant.compile:\n\nclean:\n\nprepare:\n    [mkdir] Created dir: /data/cmd/Ming/llm-fl-apr/tmp/Mockito_22-prompt_apr_3-ernie-3.5-128k/target/classes\n    [mkdir] Created dir: /data/cmd/Ming/llm-fl-apr/tmp/Mockito_22-prompt_apr_3-ernie-3.5-128k/target/test-classes\n    [mkdir] Created dir: /data/cmd/Ming/llm-fl-apr/tmp/Mockito_22-prompt_apr_3-ernie-3.5-128k/target/reports/junit\n\ncompile:\n    [javac] /data/cmd/Ming/llm-fl-apr/tmp/Mockito_22-prompt_apr_3-ernie-3.5-128k/build.xml:82: warning: 'includeantruntime' was not set, defaulting to build.sysclasspath=last; set to false for repeatable builds\n    [javac] Compiling 306 source files to /data/cmd/Ming/llm-fl-apr/tmp/Mockito_22-prompt_apr_3-ernie-3.5-128k/target/classes\n    [javac] /data/cmd/Ming/llm-fl-apr/tmp/Mockito_22-prompt_apr_3-ernie-3.5-128k/src/org/mockito/internal/matchers/Equality.java:15: error: illegal start of expression\n    [javac]     static boolean areArraysEqual(Object o1, Object o2) {\n    [javac]     ^\n    [javac] /data/cmd/Ming/llm-fl-apr/tmp/Mockito_22-prompt_apr_3-ernie-3.5-128k/src/org/mockito/internal/matchers/Equality.java:15: error: ';' expected\n    [javac]     static boolean areArraysEqual(Object o1, Object o2) {\n    [javac]                                  ^\n    [javac] /data/cmd/Ming/llm-fl-apr/tmp/Mockito_22-prompt_apr_3-ernie-3.5-128k/src/org/mockito/internal/matchers/Equality.java:15: error: ';' expected\n    [javac]     static boolean areArraysEqual(Object o1, Object o2) {\n    [javac]                                                    ^\n    [javac] /data/cmd/Ming/llm-fl-apr/tmp/Mockito_22-prompt_apr_3-ernie-3.5-128k/src/org/mockito/internal/matchers/Equality.java:15: error: not a statement\n    [javac]     static boolean areArraysEqual(Object o1, Object o2) {\n    [javac]                                                     ^\n    [javac] /data/cmd/Ming/llm-fl-apr/tmp/Mockito_22-prompt_apr_3-ernie-3.5-128k/src/org/mockito/internal/matchers/Equality.java:15: error: ';' expected\n    [javac]     static boolean areArraysEqual(Object o1, Object o2) {\n    [javac]                                                       ^\n    [javac] /data/cmd/Ming/llm-fl-apr/tmp/Mockito_22-prompt_apr_3-ernie-3.5-128k/src/org/mockito/internal/matchers/Equality.java:20: error: illegal start of expression\n    [javac]     static boolean areArrayLengthsEqual(Object o1, Object o2) {\n    [javac]     ^\n    [javac] /data/cmd/Ming/llm-fl-apr/tmp/Mockito_22-prompt_apr_3-ernie-3.5-128k/src/org/mockito/internal/matchers/Equality.java:20: error: ';' expected\n    [javac]     static boolean areArrayLengthsEqual(Object o1, Object o2) {\n    [javac]                                        ^\n    [javac] /data/cmd/Ming/llm-fl-apr/tmp/Mockito_22-prompt_apr_3-ernie-3.5-128k/src/org/mockito/internal/matchers/Equality.java:20: error: ';' expected\n    [javac]     static boolean areArrayLengthsEqual(Object o1, Object o2) {\n    [javac]                                                          ^\n    [javac] /data/cmd/Ming/llm-fl-apr/tmp/Mockito_22-prompt_apr_3-ernie-3.5-128k/src/org/mockito/internal/matchers/Equality.java:20: error: not a statement\n    [javac]     static boolean areArrayLengthsEqual(Object o1, Object o2) {\n    [javac]                                                           ^\n    [javac] /data/cmd/Ming/llm-fl-apr/tmp/Mockito_22-prompt_apr_3-ernie-3.5-128k/src/org/mockito/internal/matchers/Equality.java:20: error: ';' expected\n    [javac]     static boolean areArrayLengthsEqual(Object o1, Object o2) {\n    [javac]                                                             ^\n    [javac] /data/cmd/Ming/llm-fl-apr/tmp/Mockito_22-prompt_apr_3-ernie-3.5-128k/src/org/mockito/internal/matchers/Equality.java:24: error: illegal start of expression\n    [javac]     static boolean areArrayElementsEqual(Object o1, Object o2) {\n    [javac]     ^\n    [javac] /data/cmd/Ming/llm-fl-apr/tmp/Mockito_22-prompt_apr_3-ernie-3.5-128k/src/org/mockito/internal/matchers/Equality.java:24: error: ';' expected\n    [javac]     static boolean areArrayElementsEqual(Object o1, Object o2) {\n    [javac]                                         ^\n    [javac] /data/cmd/Ming/llm-fl-apr/tmp/Mockito_22-prompt_apr_3-ernie-3.5-128k/src/org/mockito/internal/matchers/Equality.java:24: error: ';' expected\n    [javac]     static boolean areArrayElementsEqual(Object o1, Object o2) {\n    [javac]                                                           ^\n    [javac] /data/cmd/Ming/llm-fl-apr/tmp/Mockito_22-prompt_apr_3-ernie-3.5-128k/src/org/mockito/internal/matchers/Equality.java:24: error: not a statement\n    [javac]     static boolean areArrayElementsEqual(Object o1, Object o2) {\n    [javac]                                                            ^\n    [javac] /data/cmd/Ming/llm-fl-apr/tmp/Mockito_22-prompt_apr_3-ernie-3.5-128k/src/org/mockito/internal/matchers/Equality.java:24: error: ';' expected\n    [javac]     static boolean areArrayElementsEqual(Object o1, Object o2) {\n    [javac]                                                              ^\n    [javac] /data/cmd/Ming/llm-fl-apr/tmp/Mockito_22-prompt_apr_3-ernie-3.5-128k/src/org/mockito/internal/matchers/Equality.java:31: error: illegal start of expression\n    [javac]     static boolean isArray(Object o) {\n    [javac]     ^\n    [javac] /data/cmd/Ming/llm-fl-apr/tmp/Mockito_22-prompt_apr_3-ernie-3.5-128k/src/org/mockito/internal/matchers/Equality.java:31: error: ';' expected\n    [javac]     static boolean isArray(Object o) {\n    [javac]                           ^\n    [javac] /data/cmd/Ming/llm-fl-apr/tmp/Mockito_22-prompt_apr_3-ernie-3.5-128k/src/org/mockito/internal/matchers/Equality.java:31: error: ';' expected\n    [javac]     static boolean isArray(Object o) {\n    [javac]                                    ^\n    [javac] /data/cmd/Ming/llm-fl-apr/tmp/Mockito_22-prompt_apr_3-ernie-3.5-128k/src/org/mockito/internal/matchers/Equality.java:34: error: reached end of file while parsing\n    [javac] }\n    [javac]  ^\n    [javac] 19 errors\n\nBUILD FAILED\n/data/cmd/Ming/LLM_Based-Mutation/tools/mutant/defects4j-2.1.0/framework/projects/Mockito/Mockito.build.xml:148: The following error occurred while executing this line:\n/data/cmd/Ming/LLM_Based-Mutation/tools/mutant/defects4j-2.1.0/framework/projects/Mockito/Mockito.build.xml:69: The following error occurred while executing this line:\n/data/cmd/Ming/llm-fl-apr/tmp/Mockito_22-prompt_apr_3-ernie-3.5-128k/build.xml:82: Compile failed; see the compiler error output for details.\n\nTotal time: 3 seconds\nCannot compile sources! at /data/cmd/Ming/LLM_Based-Mutation/tools/mutant/defects4j-2.1.0/framework/bin/d4j/d4j-compile line 82.\nCompilation failed in require at /data/cmd/Ming/LLM_Based-Mutation/tools/mutant/defects4j-2.1.0/framework/bin/defects4j line 195.\n"
                }
            },
            "qwen-turbo": {
                "compile": {
                    "rc": 1,
                    "so": "",
                    "se": "Running ant (compile)...................................................... FAIL\nExecuted command:  cd /data/cmd/Ming/llm-fl-apr/tmp/Mockito_22-prompt_apr_3-qwen-turbo && ant -f /data/cmd/Ming/LLM_Based-Mutation/tools/mutant/defects4j-2.1.0/framework/projects/defects4j.build.xml -Dd4j.home=/data/cmd/Ming/LLM_Based-Mutation/tools/mutant/defects4j-2.1.0 -Dd4j.dir.projects=/data/cmd/Ming/LLM_Based-Mutation/tools/mutant/defects4j-2.1.0/framework/projects -Dbasedir=/data/cmd/Ming/llm-fl-apr/tmp/Mockito_22-prompt_apr_3-qwen-turbo -Dbuild.compiler=javac1.7  compile 2>&1\nJava HotSpot(TM) 64-Bit Server VM warning: ignoring option MaxPermSize=256M; support was removed in 8.0\nBuildfile: /data/cmd/Ming/LLM_Based-Mutation/tools/mutant/defects4j-2.1.0/framework/projects/defects4j.build.xml\n\ncompile:\n\ngradle.compile:\n\nant.compile:\n\nclean:\n\nprepare:\n    [mkdir] Created dir: /data/cmd/Ming/llm-fl-apr/tmp/Mockito_22-prompt_apr_3-qwen-turbo/target/classes\n    [mkdir] Created dir: /data/cmd/Ming/llm-fl-apr/tmp/Mockito_22-prompt_apr_3-qwen-turbo/target/test-classes\n    [mkdir] Created dir: /data/cmd/Ming/llm-fl-apr/tmp/Mockito_22-prompt_apr_3-qwen-turbo/target/reports/junit\n\ncompile:\n    [javac] /data/cmd/Ming/llm-fl-apr/tmp/Mockito_22-prompt_apr_3-qwen-turbo/build.xml:82: warning: 'includeantruntime' was not set, defaulting to build.sysclasspath=last; set to false for repeatable builds\n    [javac] Compiling 306 source files to /data/cmd/Ming/llm-fl-apr/tmp/Mockito_22-prompt_apr_3-qwen-turbo/target/classes\n    [javac] /data/cmd/Ming/llm-fl-apr/tmp/Mockito_22-prompt_apr_3-qwen-turbo/src/org/mockito/internal/matchers/Equality.java:14: error: illegal start of expression\n    [javac]     static boolean areArraysEqual(Object o1, Object o2) {\n    [javac]     ^\n    [javac] /data/cmd/Ming/llm-fl-apr/tmp/Mockito_22-prompt_apr_3-qwen-turbo/src/org/mockito/internal/matchers/Equality.java:14: error: ';' expected\n    [javac]     static boolean areArraysEqual(Object o1, Object o2) {\n    [javac]                                  ^\n    [javac] /data/cmd/Ming/llm-fl-apr/tmp/Mockito_22-prompt_apr_3-qwen-turbo/src/org/mockito/internal/matchers/Equality.java:14: error: ';' expected\n    [javac]     static boolean areArraysEqual(Object o1, Object o2) {\n    [javac]                                                    ^\n    [javac] /data/cmd/Ming/llm-fl-apr/tmp/Mockito_22-prompt_apr_3-qwen-turbo/src/org/mockito/internal/matchers/Equality.java:14: error: not a statement\n    [javac]     static boolean areArraysEqual(Object o1, Object o2) {\n    [javac]                                                     ^\n    [javac] /data/cmd/Ming/llm-fl-apr/tmp/Mockito_22-prompt_apr_3-qwen-turbo/src/org/mockito/internal/matchers/Equality.java:14: error: ';' expected\n    [javac]     static boolean areArraysEqual(Object o1, Object o2) {\n    [javac]                                                       ^\n    [javac] /data/cmd/Ming/llm-fl-apr/tmp/Mockito_22-prompt_apr_3-qwen-turbo/src/org/mockito/internal/matchers/Equality.java:19: error: illegal start of expression\n    [javac]     static boolean areArrayLengthsEqual(Object o1, Object o2) {\n    [javac]     ^\n    [javac] /data/cmd/Ming/llm-fl-apr/tmp/Mockito_22-prompt_apr_3-qwen-turbo/src/org/mockito/internal/matchers/Equality.java:19: error: ';' expected\n    [javac]     static boolean areArrayLengthsEqual(Object o1, Object o2) {\n    [javac]                                        ^\n    [javac] /data/cmd/Ming/llm-fl-apr/tmp/Mockito_22-prompt_apr_3-qwen-turbo/src/org/mockito/internal/matchers/Equality.java:19: error: ';' expected\n    [javac]     static boolean areArrayLengthsEqual(Object o1, Object o2) {\n    [javac]                                                          ^\n    [javac] /data/cmd/Ming/llm-fl-apr/tmp/Mockito_22-prompt_apr_3-qwen-turbo/src/org/mockito/internal/matchers/Equality.java:19: error: not a statement\n    [javac]     static boolean areArrayLengthsEqual(Object o1, Object o2) {\n    [javac]                                                           ^\n    [javac] /data/cmd/Ming/llm-fl-apr/tmp/Mockito_22-prompt_apr_3-qwen-turbo/src/org/mockito/internal/matchers/Equality.java:19: error: ';' expected\n    [javac]     static boolean areArrayLengthsEqual(Object o1, Object o2) {\n    [javac]                                                             ^\n    [javac] /data/cmd/Ming/llm-fl-apr/tmp/Mockito_22-prompt_apr_3-qwen-turbo/src/org/mockito/internal/matchers/Equality.java:23: error: illegal start of expression\n    [javac]     static boolean areArrayElementsEqual(Object o1, Object o2) {\n    [javac]     ^\n    [javac] /data/cmd/Ming/llm-fl-apr/tmp/Mockito_22-prompt_apr_3-qwen-turbo/src/org/mockito/internal/matchers/Equality.java:23: error: ';' expected\n    [javac]     static boolean areArrayElementsEqual(Object o1, Object o2) {\n    [javac]                                         ^\n    [javac] /data/cmd/Ming/llm-fl-apr/tmp/Mockito_22-prompt_apr_3-qwen-turbo/src/org/mockito/internal/matchers/Equality.java:23: error: ';' expected\n    [javac]     static boolean areArrayElementsEqual(Object o1, Object o2) {\n    [javac]                                                           ^\n    [javac] /data/cmd/Ming/llm-fl-apr/tmp/Mockito_22-prompt_apr_3-qwen-turbo/src/org/mockito/internal/matchers/Equality.java:23: error: not a statement\n    [javac]     static boolean areArrayElementsEqual(Object o1, Object o2) {\n    [javac]                                                            ^\n    [javac] /data/cmd/Ming/llm-fl-apr/tmp/Mockito_22-prompt_apr_3-qwen-turbo/src/org/mockito/internal/matchers/Equality.java:23: error: ';' expected\n    [javac]     static boolean areArrayElementsEqual(Object o1, Object o2) {\n    [javac]                                                              ^\n    [javac] /data/cmd/Ming/llm-fl-apr/tmp/Mockito_22-prompt_apr_3-qwen-turbo/src/org/mockito/internal/matchers/Equality.java:30: error: illegal start of expression\n    [javac]     static boolean isArray(Object o) {\n    [javac]     ^\n    [javac] /data/cmd/Ming/llm-fl-apr/tmp/Mockito_22-prompt_apr_3-qwen-turbo/src/org/mockito/internal/matchers/Equality.java:30: error: ';' expected\n    [javac]     static boolean isArray(Object o) {\n    [javac]                           ^\n    [javac] /data/cmd/Ming/llm-fl-apr/tmp/Mockito_22-prompt_apr_3-qwen-turbo/src/org/mockito/internal/matchers/Equality.java:30: error: ';' expected\n    [javac]     static boolean isArray(Object o) {\n    [javac]                                    ^\n    [javac] /data/cmd/Ming/llm-fl-apr/tmp/Mockito_22-prompt_apr_3-qwen-turbo/src/org/mockito/internal/matchers/Equality.java:33: error: reached end of file while parsing\n    [javac] }\n    [javac]  ^\n    [javac] 19 errors\n\nBUILD FAILED\n/data/cmd/Ming/LLM_Based-Mutation/tools/mutant/defects4j-2.1.0/framework/projects/Mockito/Mockito.build.xml:148: The following error occurred while executing this line:\n/data/cmd/Ming/LLM_Based-Mutation/tools/mutant/defects4j-2.1.0/framework/projects/Mockito/Mockito.build.xml:69: The following error occurred while executing this line:\n/data/cmd/Ming/llm-fl-apr/tmp/Mockito_22-prompt_apr_3-qwen-turbo/build.xml:82: Compile failed; see the compiler error output for details.\n\nTotal time: 3 seconds\nCannot compile sources! at /data/cmd/Ming/LLM_Based-Mutation/tools/mutant/defects4j-2.1.0/framework/bin/d4j/d4j-compile line 82.\nCompilation failed in require at /data/cmd/Ming/LLM_Based-Mutation/tools/mutant/defects4j-2.1.0/framework/bin/defects4j line 195.\n"
                }
            },
            "doubao-pro-4k": {
                "compile": {
                    "rc": 1,
                    "so": "",
                    "se": "Running ant (compile)...................................................... FAIL\nExecuted command:  cd /data/cmd/Ming/llm-fl-apr/tmp/Mockito_22-prompt_apr_3-doubao-pro-4k && ant -f /data/cmd/Ming/LLM_Based-Mutation/tools/mutant/defects4j-2.1.0/framework/projects/defects4j.build.xml -Dd4j.home=/data/cmd/Ming/LLM_Based-Mutation/tools/mutant/defects4j-2.1.0 -Dd4j.dir.projects=/data/cmd/Ming/LLM_Based-Mutation/tools/mutant/defects4j-2.1.0/framework/projects -Dbasedir=/data/cmd/Ming/llm-fl-apr/tmp/Mockito_22-prompt_apr_3-doubao-pro-4k -Dbuild.compiler=javac1.7  compile 2>&1\nJava HotSpot(TM) 64-Bit Server VM warning: ignoring option MaxPermSize=256M; support was removed in 8.0\nBuildfile: /data/cmd/Ming/LLM_Based-Mutation/tools/mutant/defects4j-2.1.0/framework/projects/defects4j.build.xml\n\ncompile:\n\ngradle.compile:\n\nant.compile:\n\nclean:\n\nprepare:\n    [mkdir] Created dir: /data/cmd/Ming/llm-fl-apr/tmp/Mockito_22-prompt_apr_3-doubao-pro-4k/target/classes\n    [mkdir] Created dir: /data/cmd/Ming/llm-fl-apr/tmp/Mockito_22-prompt_apr_3-doubao-pro-4k/target/test-classes\n    [mkdir] Created dir: /data/cmd/Ming/llm-fl-apr/tmp/Mockito_22-prompt_apr_3-doubao-pro-4k/target/reports/junit\n\ncompile:\n    [javac] /data/cmd/Ming/llm-fl-apr/tmp/Mockito_22-prompt_apr_3-doubao-pro-4k/build.xml:82: warning: 'includeantruntime' was not set, defaulting to build.sysclasspath=last; set to false for repeatable builds\n    [javac] Compiling 306 source files to /data/cmd/Ming/llm-fl-apr/tmp/Mockito_22-prompt_apr_3-doubao-pro-4k/target/classes\n    [javac] /data/cmd/Ming/llm-fl-apr/tmp/Mockito_22-prompt_apr_3-doubao-pro-4k/src/org/mockito/configuration/DefaultMockitoConfiguration.java:7: warning: [deprecation] ReturnValues in org.mockito has been deprecated\n    [javac] import org.mockito.ReturnValues;\n    [javac]                   ^\n    [javac] /data/cmd/Ming/llm-fl-apr/tmp/Mockito_22-prompt_apr_3-doubao-pro-4k/src/org/mockito/configuration/IMockitoConfiguration.java:7: warning: [deprecation] ReturnValues in org.mockito has been deprecated\n    [javac] import org.mockito.ReturnValues;\n    [javac]                   ^\n    [javac] /data/cmd/Ming/llm-fl-apr/tmp/Mockito_22-prompt_apr_3-doubao-pro-4k/src/org/mockito/internal/configuration/GlobalConfiguration.java:7: warning: [deprecation] ReturnValues in org.mockito has been deprecated\n    [javac] import org.mockito.ReturnValues;\n    [javac]                   ^\n    [javac] /data/cmd/Ming/llm-fl-apr/tmp/Mockito_22-prompt_apr_3-doubao-pro-4k/src/org/mockito/internal/configuration/MockitoAnnotationsMockAnnotationProcessor.java:8: warning: [deprecation] Mock in MockitoAnnotations has been deprecated\n    [javac] import org.mockito.MockitoAnnotations.Mock;\n    [javac]                                      ^\n    [javac] /data/cmd/Ming/llm-fl-apr/tmp/Mockito_22-prompt_apr_3-doubao-pro-4k/src/org/mockito/internal/configuration/MockitoAnnotationsMockAnnotationProcessor.java:16: warning: [deprecation] Mock in MockitoAnnotations has been deprecated\n    [javac] public class MockitoAnnotationsMockAnnotationProcessor implements FieldAnnotationProcessor<Mock> {\n    [javac]                                                                                            ^\n    [javac] /data/cmd/Ming/llm-fl-apr/tmp/Mockito_22-prompt_apr_3-doubao-pro-4k/src/org/mockito/internal/runners/JUnit44RunnerImpl.java:8: warning: [deprecation] InitializationError in org.junit.internal.runners has been deprecated\n    [javac] import org.junit.internal.runners.InitializationError;\n    [javac]                                  ^\n    [javac] /data/cmd/Ming/llm-fl-apr/tmp/Mockito_22-prompt_apr_3-doubao-pro-4k/src/org/mockito/internal/runners/JUnit44RunnerImpl.java:9: warning: [deprecation] JUnit4ClassRunner in org.junit.internal.runners has been deprecated\n    [javac] import org.junit.internal.runners.JUnit4ClassRunner;\n    [javac]                                  ^\n    [javac] /data/cmd/Ming/llm-fl-apr/tmp/Mockito_22-prompt_apr_3-doubao-pro-4k/src/org/mockito/internal/stubbing/answers/AnswerReturnValuesAdapter.java:9: warning: [deprecation] ReturnValues in org.mockito has been deprecated\n    [javac] import org.mockito.ReturnValues;\n    [javac]                   ^\n    [javac] /data/cmd/Ming/llm-fl-apr/tmp/Mockito_22-prompt_apr_3-doubao-pro-4k/src/org/mockito/internal/progress/MockingProgress.java:14: warning: [deprecation] PrintableInvocation in org.mockito.exceptions has been deprecated\n    [javac] public interface MockingProgress {\n    [javac]                           ^\n    [javac] /data/cmd/Ming/llm-fl-apr/tmp/Mockito_22-prompt_apr_3-doubao-pro-4k/src/org/mockito/listeners/InvocationListener.java:7: warning: [deprecation] PrintableInvocation in org.mockito.exceptions has been deprecated\n    [javac] import org.mockito.MockSettings;\n    [javac]                                ^\n    [javac] /data/cmd/Ming/llm-fl-apr/tmp/Mockito_22-prompt_apr_3-doubao-pro-4k/src/org/mockito/internal/configuration/DefaultAnnotationEngine.java:42: warning: [deprecation] createMockFor(Annotation,Field) in AnnotationEngine has been deprecated\n    [javac]     public Object createMockFor(Annotation annotation, Field field) {\n    [javac]                   ^\n    [javac] /data/cmd/Ming/llm-fl-apr/tmp/Mockito_22-prompt_apr_3-doubao-pro-4k/src/org/mockito/internal/configuration/DefaultAnnotationEngine.java:34: warning: [deprecation] Mock in MockitoAnnotations has been deprecated\n    [javac]         registerAnnotationProcessor(MockitoAnnotations.Mock.class, new MockitoAnnotationsMockAnnotationProcessor());\n    [javac]                                                       ^\n    [javac] /data/cmd/Ming/llm-fl-apr/tmp/Mockito_22-prompt_apr_3-doubao-pro-4k/src/org/mockito/internal/configuration/SpyAnnotationEngine.java:41: warning: [deprecation] createMockFor(Annotation,Field) in AnnotationEngine has been deprecated\n    [javac]     public Object createMockFor(Annotation annotation, Field field) {\n    [javac]                   ^\n    [javac] /data/cmd/Ming/llm-fl-apr/tmp/Mockito_22-prompt_apr_3-doubao-pro-4k/src/org/mockito/internal/configuration/injection/scanner/MockScanner.java:82: warning: [deprecation] Mock in MockitoAnnotations has been deprecated\n    [javac]                 || null != field.getAnnotation(MockitoAnnotations.Mock.class);\n    [javac]                                                                  ^\n    [javac] /data/cmd/Ming/llm-fl-apr/tmp/Mockito_22-prompt_apr_3-doubao-pro-4k/src/org/mockito/internal/matchers/Equality.java:16: error: missing return statement\n    [javac] }\n    [javac] ^\n    [javac] /data/cmd/Ming/llm-fl-apr/tmp/Mockito_22-prompt_apr_3-doubao-pro-4k/src/org/mockito/internal/runners/JUnit45AndHigherRunnerImpl.java:24: warning: [deprecation] withBefores(FrameworkMethod,Object,Statement) in BlockJUnit4ClassRunner has been deprecated\n    [javac]             protected Statement withBefores(FrameworkMethod method, Object target,\n    [javac]                                 ^\n    [javac] /data/cmd/Ming/llm-fl-apr/tmp/Mockito_22-prompt_apr_3-doubao-pro-4k/src/org/mockito/internal/runners/JUnit45AndHigherRunnerImpl.java:28: warning: [deprecation] withBefores(FrameworkMethod,Object,Statement) in BlockJUnit4ClassRunner has been deprecated\n    [javac]                 return super.withBefores(method, target, statement);\n    [javac]                             ^\n    [javac] /data/cmd/Ming/llm-fl-apr/tmp/Mockito_22-prompt_apr_3-doubao-pro-4k/src/org/mockito/verification/Timeout.java:39: warning: [deprecation] atMost(int) in VerificationWithTimeout has been deprecated\n    [javac]     public VerificationMode atMost(int maxNumberOfInvocations) {\n    [javac]                             ^\n    [javac] /data/cmd/Ming/llm-fl-apr/tmp/Mockito_22-prompt_apr_3-doubao-pro-4k/src/org/mockito/verification/Timeout.java:44: warning: [deprecation] never() in VerificationWithTimeout has been deprecated\n    [javac]     public VerificationMode never() {\n    [javac]                             ^\n    [javac] Note: Some input files use unchecked or unsafe operations.\n    [javac] Note: Recompile with -Xlint:unchecked for details.\n    [javac] 1 error\n    [javac] 18 warnings\n\nBUILD FAILED\n/data/cmd/Ming/LLM_Based-Mutation/tools/mutant/defects4j-2.1.0/framework/projects/Mockito/Mockito.build.xml:148: The following error occurred while executing this line:\n/data/cmd/Ming/LLM_Based-Mutation/tools/mutant/defects4j-2.1.0/framework/projects/Mockito/Mockito.build.xml:69: The following error occurred while executing this line:\n/data/cmd/Ming/llm-fl-apr/tmp/Mockito_22-prompt_apr_3-doubao-pro-4k/build.xml:82: Compile failed; see the compiler error output for details.\n\nTotal time: 8 seconds\nCannot compile sources! at /data/cmd/Ming/LLM_Based-Mutation/tools/mutant/defects4j-2.1.0/framework/bin/d4j/d4j-compile line 82.\nCompilation failed in require at /data/cmd/Ming/LLM_Based-Mutation/tools/mutant/defects4j-2.1.0/framework/bin/defects4j line 195.\n"
                }
            },
            "gpt-4o-mini": {
                "compile": {
                    "rc": 1,
                    "so": "",
                    "se": "Running ant (compile)...................................................... FAIL\nExecuted command:  cd /data/cmd/Ming/llm-fl-apr/tmp/Mockito_22-prompt_apr_3-gpt-4o-mini && ant -f /data/cmd/Ming/LLM_Based-Mutation/tools/mutant/defects4j-2.1.0/framework/projects/defects4j.build.xml -Dd4j.home=/data/cmd/Ming/LLM_Based-Mutation/tools/mutant/defects4j-2.1.0 -Dd4j.dir.projects=/data/cmd/Ming/LLM_Based-Mutation/tools/mutant/defects4j-2.1.0/framework/projects -Dbasedir=/data/cmd/Ming/llm-fl-apr/tmp/Mockito_22-prompt_apr_3-gpt-4o-mini -Dbuild.compiler=javac1.7  compile 2>&1\nJava HotSpot(TM) 64-Bit Server VM warning: ignoring option MaxPermSize=256M; support was removed in 8.0\nBuildfile: /data/cmd/Ming/LLM_Based-Mutation/tools/mutant/defects4j-2.1.0/framework/projects/defects4j.build.xml\n\ncompile:\n\ngradle.compile:\n\nant.compile:\n\nclean:\n\nprepare:\n    [mkdir] Created dir: /data/cmd/Ming/llm-fl-apr/tmp/Mockito_22-prompt_apr_3-gpt-4o-mini/target/classes\n    [mkdir] Created dir: /data/cmd/Ming/llm-fl-apr/tmp/Mockito_22-prompt_apr_3-gpt-4o-mini/target/test-classes\n    [mkdir] Created dir: /data/cmd/Ming/llm-fl-apr/tmp/Mockito_22-prompt_apr_3-gpt-4o-mini/target/reports/junit\n\ncompile:\n    [javac] /data/cmd/Ming/llm-fl-apr/tmp/Mockito_22-prompt_apr_3-gpt-4o-mini/build.xml:82: warning: 'includeantruntime' was not set, defaulting to build.sysclasspath=last; set to false for repeatable builds\n    [javac] Compiling 306 source files to /data/cmd/Ming/llm-fl-apr/tmp/Mockito_22-prompt_apr_3-gpt-4o-mini/target/classes\n    [javac] /data/cmd/Ming/llm-fl-apr/tmp/Mockito_22-prompt_apr_3-gpt-4o-mini/src/org/mockito/internal/matchers/Equality.java:14: error: illegal start of expression\n    [javac]     static boolean areArraysEqual(Object o1, Object o2) {\n    [javac]     ^\n    [javac] /data/cmd/Ming/llm-fl-apr/tmp/Mockito_22-prompt_apr_3-gpt-4o-mini/src/org/mockito/internal/matchers/Equality.java:14: error: ';' expected\n    [javac]     static boolean areArraysEqual(Object o1, Object o2) {\n    [javac]                                  ^\n    [javac] /data/cmd/Ming/llm-fl-apr/tmp/Mockito_22-prompt_apr_3-gpt-4o-mini/src/org/mockito/internal/matchers/Equality.java:14: error: ';' expected\n    [javac]     static boolean areArraysEqual(Object o1, Object o2) {\n    [javac]                                                    ^\n    [javac] /data/cmd/Ming/llm-fl-apr/tmp/Mockito_22-prompt_apr_3-gpt-4o-mini/src/org/mockito/internal/matchers/Equality.java:14: error: not a statement\n    [javac]     static boolean areArraysEqual(Object o1, Object o2) {\n    [javac]                                                     ^\n    [javac] /data/cmd/Ming/llm-fl-apr/tmp/Mockito_22-prompt_apr_3-gpt-4o-mini/src/org/mockito/internal/matchers/Equality.java:14: error: ';' expected\n    [javac]     static boolean areArraysEqual(Object o1, Object o2) {\n    [javac]                                                       ^\n    [javac] /data/cmd/Ming/llm-fl-apr/tmp/Mockito_22-prompt_apr_3-gpt-4o-mini/src/org/mockito/internal/matchers/Equality.java:19: error: illegal start of expression\n    [javac]     static boolean areArrayLengthsEqual(Object o1, Object o2) {\n    [javac]     ^\n    [javac] /data/cmd/Ming/llm-fl-apr/tmp/Mockito_22-prompt_apr_3-gpt-4o-mini/src/org/mockito/internal/matchers/Equality.java:19: error: ';' expected\n    [javac]     static boolean areArrayLengthsEqual(Object o1, Object o2) {\n    [javac]                                        ^\n    [javac] /data/cmd/Ming/llm-fl-apr/tmp/Mockito_22-prompt_apr_3-gpt-4o-mini/src/org/mockito/internal/matchers/Equality.java:19: error: ';' expected\n    [javac]     static boolean areArrayLengthsEqual(Object o1, Object o2) {\n    [javac]                                                          ^\n    [javac] /data/cmd/Ming/llm-fl-apr/tmp/Mockito_22-prompt_apr_3-gpt-4o-mini/src/org/mockito/internal/matchers/Equality.java:19: error: not a statement\n    [javac]     static boolean areArrayLengthsEqual(Object o1, Object o2) {\n    [javac]                                                           ^\n    [javac] /data/cmd/Ming/llm-fl-apr/tmp/Mockito_22-prompt_apr_3-gpt-4o-mini/src/org/mockito/internal/matchers/Equality.java:19: error: ';' expected\n    [javac]     static boolean areArrayLengthsEqual(Object o1, Object o2) {\n    [javac]                                                             ^\n    [javac] /data/cmd/Ming/llm-fl-apr/tmp/Mockito_22-prompt_apr_3-gpt-4o-mini/src/org/mockito/internal/matchers/Equality.java:23: error: illegal start of expression\n    [javac]     static boolean areArrayElementsEqual(Object o1, Object o2) {\n    [javac]     ^\n    [javac] /data/cmd/Ming/llm-fl-apr/tmp/Mockito_22-prompt_apr_3-gpt-4o-mini/src/org/mockito/internal/matchers/Equality.java:23: error: ';' expected\n    [javac]     static boolean areArrayElementsEqual(Object o1, Object o2) {\n    [javac]                                         ^\n    [javac] /data/cmd/Ming/llm-fl-apr/tmp/Mockito_22-prompt_apr_3-gpt-4o-mini/src/org/mockito/internal/matchers/Equality.java:23: error: ';' expected\n    [javac]     static boolean areArrayElementsEqual(Object o1, Object o2) {\n    [javac]                                                           ^\n    [javac] /data/cmd/Ming/llm-fl-apr/tmp/Mockito_22-prompt_apr_3-gpt-4o-mini/src/org/mockito/internal/matchers/Equality.java:23: error: not a statement\n    [javac]     static boolean areArrayElementsEqual(Object o1, Object o2) {\n    [javac]                                                            ^\n    [javac] /data/cmd/Ming/llm-fl-apr/tmp/Mockito_22-prompt_apr_3-gpt-4o-mini/src/org/mockito/internal/matchers/Equality.java:23: error: ';' expected\n    [javac]     static boolean areArrayElementsEqual(Object o1, Object o2) {\n    [javac]                                                              ^\n    [javac] /data/cmd/Ming/llm-fl-apr/tmp/Mockito_22-prompt_apr_3-gpt-4o-mini/src/org/mockito/internal/matchers/Equality.java:30: error: illegal start of expression\n    [javac]     static boolean isArray(Object o) {\n    [javac]     ^\n    [javac] /data/cmd/Ming/llm-fl-apr/tmp/Mockito_22-prompt_apr_3-gpt-4o-mini/src/org/mockito/internal/matchers/Equality.java:30: error: ';' expected\n    [javac]     static boolean isArray(Object o) {\n    [javac]                           ^\n    [javac] /data/cmd/Ming/llm-fl-apr/tmp/Mockito_22-prompt_apr_3-gpt-4o-mini/src/org/mockito/internal/matchers/Equality.java:30: error: ';' expected\n    [javac]     static boolean isArray(Object o) {\n    [javac]                                    ^\n    [javac] /data/cmd/Ming/llm-fl-apr/tmp/Mockito_22-prompt_apr_3-gpt-4o-mini/src/org/mockito/internal/matchers/Equality.java:33: error: reached end of file while parsing\n    [javac] }\n    [javac]  ^\n    [javac] 19 errors\n\nBUILD FAILED\n/data/cmd/Ming/LLM_Based-Mutation/tools/mutant/defects4j-2.1.0/framework/projects/Mockito/Mockito.build.xml:148: The following error occurred while executing this line:\n/data/cmd/Ming/LLM_Based-Mutation/tools/mutant/defects4j-2.1.0/framework/projects/Mockito/Mockito.build.xml:69: The following error occurred while executing this line:\n/data/cmd/Ming/llm-fl-apr/tmp/Mockito_22-prompt_apr_3-gpt-4o-mini/build.xml:82: Compile failed; see the compiler error output for details.\n\nTotal time: 3 seconds\nCannot compile sources! at /data/cmd/Ming/LLM_Based-Mutation/tools/mutant/defects4j-2.1.0/framework/bin/d4j/d4j-compile line 82.\nCompilation failed in require at /data/cmd/Ming/LLM_Based-Mutation/tools/mutant/defects4j-2.1.0/framework/bin/defects4j line 195.\n"
                }
            },
            "deepseek-chat": {
                "compile": {
                    "rc": 1,
                    "so": "",
                    "se": "Running ant (compile)...................................................... FAIL\nExecuted command:  cd /data/cmd/Ming/llm-fl-apr/tmp/Mockito_22-prompt_apr_3-deepseek-chat && ant -f /data/cmd/Ming/LLM_Based-Mutation/tools/mutant/defects4j-2.1.0/framework/projects/defects4j.build.xml -Dd4j.home=/data/cmd/Ming/LLM_Based-Mutation/tools/mutant/defects4j-2.1.0 -Dd4j.dir.projects=/data/cmd/Ming/LLM_Based-Mutation/tools/mutant/defects4j-2.1.0/framework/projects -Dbasedir=/data/cmd/Ming/llm-fl-apr/tmp/Mockito_22-prompt_apr_3-deepseek-chat -Dbuild.compiler=javac1.7  compile 2>&1\nJava HotSpot(TM) 64-Bit Server VM warning: ignoring option MaxPermSize=256M; support was removed in 8.0\nBuildfile: /data/cmd/Ming/LLM_Based-Mutation/tools/mutant/defects4j-2.1.0/framework/projects/defects4j.build.xml\n\ncompile:\n\ngradle.compile:\n\nant.compile:\n\nclean:\n\nprepare:\n    [mkdir] Created dir: /data/cmd/Ming/llm-fl-apr/tmp/Mockito_22-prompt_apr_3-deepseek-chat/target/classes\n    [mkdir] Created dir: /data/cmd/Ming/llm-fl-apr/tmp/Mockito_22-prompt_apr_3-deepseek-chat/target/test-classes\n    [mkdir] Created dir: /data/cmd/Ming/llm-fl-apr/tmp/Mockito_22-prompt_apr_3-deepseek-chat/target/reports/junit\n\ncompile:\n    [javac] /data/cmd/Ming/llm-fl-apr/tmp/Mockito_22-prompt_apr_3-deepseek-chat/build.xml:82: warning: 'includeantruntime' was not set, defaulting to build.sysclasspath=last; set to false for repeatable builds\n    [javac] Compiling 306 source files to /data/cmd/Ming/llm-fl-apr/tmp/Mockito_22-prompt_apr_3-deepseek-chat/target/classes\n    [javac] /data/cmd/Ming/llm-fl-apr/tmp/Mockito_22-prompt_apr_3-deepseek-chat/src/org/mockito/internal/matchers/Equality.java:15: error: illegal start of expression\n    [javac]     static boolean areArraysEqual(Object o1, Object o2) {\n    [javac]     ^\n    [javac] /data/cmd/Ming/llm-fl-apr/tmp/Mockito_22-prompt_apr_3-deepseek-chat/src/org/mockito/internal/matchers/Equality.java:15: error: ';' expected\n    [javac]     static boolean areArraysEqual(Object o1, Object o2) {\n    [javac]                                  ^\n    [javac] /data/cmd/Ming/llm-fl-apr/tmp/Mockito_22-prompt_apr_3-deepseek-chat/src/org/mockito/internal/matchers/Equality.java:15: error: ';' expected\n    [javac]     static boolean areArraysEqual(Object o1, Object o2) {\n    [javac]                                                    ^\n    [javac] /data/cmd/Ming/llm-fl-apr/tmp/Mockito_22-prompt_apr_3-deepseek-chat/src/org/mockito/internal/matchers/Equality.java:15: error: not a statement\n    [javac]     static boolean areArraysEqual(Object o1, Object o2) {\n    [javac]                                                     ^\n    [javac] /data/cmd/Ming/llm-fl-apr/tmp/Mockito_22-prompt_apr_3-deepseek-chat/src/org/mockito/internal/matchers/Equality.java:15: error: ';' expected\n    [javac]     static boolean areArraysEqual(Object o1, Object o2) {\n    [javac]                                                       ^\n    [javac] /data/cmd/Ming/llm-fl-apr/tmp/Mockito_22-prompt_apr_3-deepseek-chat/src/org/mockito/internal/matchers/Equality.java:20: error: illegal start of expression\n    [javac]     static boolean areArrayLengthsEqual(Object o1, Object o2) {\n    [javac]     ^\n    [javac] /data/cmd/Ming/llm-fl-apr/tmp/Mockito_22-prompt_apr_3-deepseek-chat/src/org/mockito/internal/matchers/Equality.java:20: error: ';' expected\n    [javac]     static boolean areArrayLengthsEqual(Object o1, Object o2) {\n    [javac]                                        ^\n    [javac] /data/cmd/Ming/llm-fl-apr/tmp/Mockito_22-prompt_apr_3-deepseek-chat/src/org/mockito/internal/matchers/Equality.java:20: error: ';' expected\n    [javac]     static boolean areArrayLengthsEqual(Object o1, Object o2) {\n    [javac]                                                          ^\n    [javac] /data/cmd/Ming/llm-fl-apr/tmp/Mockito_22-prompt_apr_3-deepseek-chat/src/org/mockito/internal/matchers/Equality.java:20: error: not a statement\n    [javac]     static boolean areArrayLengthsEqual(Object o1, Object o2) {\n    [javac]                                                           ^\n    [javac] /data/cmd/Ming/llm-fl-apr/tmp/Mockito_22-prompt_apr_3-deepseek-chat/src/org/mockito/internal/matchers/Equality.java:20: error: ';' expected\n    [javac]     static boolean areArrayLengthsEqual(Object o1, Object o2) {\n    [javac]                                                             ^\n    [javac] /data/cmd/Ming/llm-fl-apr/tmp/Mockito_22-prompt_apr_3-deepseek-chat/src/org/mockito/internal/matchers/Equality.java:24: error: illegal start of expression\n    [javac]     static boolean areArrayElementsEqual(Object o1, Object o2) {\n    [javac]     ^\n    [javac] /data/cmd/Ming/llm-fl-apr/tmp/Mockito_22-prompt_apr_3-deepseek-chat/src/org/mockito/internal/matchers/Equality.java:24: error: ';' expected\n    [javac]     static boolean areArrayElementsEqual(Object o1, Object o2) {\n    [javac]                                         ^\n    [javac] /data/cmd/Ming/llm-fl-apr/tmp/Mockito_22-prompt_apr_3-deepseek-chat/src/org/mockito/internal/matchers/Equality.java:24: error: ';' expected\n    [javac]     static boolean areArrayElementsEqual(Object o1, Object o2) {\n    [javac]                                                           ^\n    [javac] /data/cmd/Ming/llm-fl-apr/tmp/Mockito_22-prompt_apr_3-deepseek-chat/src/org/mockito/internal/matchers/Equality.java:24: error: not a statement\n    [javac]     static boolean areArrayElementsEqual(Object o1, Object o2) {\n    [javac]                                                            ^\n    [javac] /data/cmd/Ming/llm-fl-apr/tmp/Mockito_22-prompt_apr_3-deepseek-chat/src/org/mockito/internal/matchers/Equality.java:24: error: ';' expected\n    [javac]     static boolean areArrayElementsEqual(Object o1, Object o2) {\n    [javac]                                                              ^\n    [javac] /data/cmd/Ming/llm-fl-apr/tmp/Mockito_22-prompt_apr_3-deepseek-chat/src/org/mockito/internal/matchers/Equality.java:31: error: illegal start of expression\n    [javac]     static boolean isArray(Object o) {\n    [javac]     ^\n    [javac] /data/cmd/Ming/llm-fl-apr/tmp/Mockito_22-prompt_apr_3-deepseek-chat/src/org/mockito/internal/matchers/Equality.java:31: error: ';' expected\n    [javac]     static boolean isArray(Object o) {\n    [javac]                           ^\n    [javac] /data/cmd/Ming/llm-fl-apr/tmp/Mockito_22-prompt_apr_3-deepseek-chat/src/org/mockito/internal/matchers/Equality.java:31: error: ';' expected\n    [javac]     static boolean isArray(Object o) {\n    [javac]                                    ^\n    [javac] /data/cmd/Ming/llm-fl-apr/tmp/Mockito_22-prompt_apr_3-deepseek-chat/src/org/mockito/internal/matchers/Equality.java:34: error: reached end of file while parsing\n    [javac] }\n    [javac]  ^\n    [javac] 19 errors\n\nBUILD FAILED\n/data/cmd/Ming/LLM_Based-Mutation/tools/mutant/defects4j-2.1.0/framework/projects/Mockito/Mockito.build.xml:148: The following error occurred while executing this line:\n/data/cmd/Ming/LLM_Based-Mutation/tools/mutant/defects4j-2.1.0/framework/projects/Mockito/Mockito.build.xml:69: The following error occurred while executing this line:\n/data/cmd/Ming/llm-fl-apr/tmp/Mockito_22-prompt_apr_3-deepseek-chat/build.xml:82: Compile failed; see the compiler error output for details.\n\nTotal time: 3 seconds\nCannot compile sources! at /data/cmd/Ming/LLM_Based-Mutation/tools/mutant/defects4j-2.1.0/framework/bin/d4j/d4j-compile line 82.\nCompilation failed in require at /data/cmd/Ming/LLM_Based-Mutation/tools/mutant/defects4j-2.1.0/framework/bin/defects4j line 195.\n"
                }
            }
        },
        "prompt_apr_4": {
            "ernie-3.5-128k": {
                "compile": {
                    "rc": 0,
                    "so": "",
                    "se": "Running ant (compile)...................................................... OK\nRunning ant (compile.tests)................................................ OK\n"
                },
                "test": {
                    "rc": 0,
                    "so": "Failing tests: 3\n  - org.mockito.internal.matchers.EqualityTest::shouldKnowIfObjectsAreEqual\n  - org.mockito.verification.TimeoutTest::should_pass_even_if_first_verification_fails\n  - org.mockitousage.bugs.NPEWithCertainMatchersTest::shouldNotThrowNPEWhenNullPassedToEq\n",
                    "se": "Running ant (compile.tests)................................................ OK\nRunning ant (run.dev.tests)................................................ OK\n"
                }
            },
            "qwen-turbo": {
                "compile": {
                    "rc": 1,
                    "so": "",
                    "se": "Running ant (compile)...................................................... FAIL\nExecuted command:  cd /data/cmd/Ming/llm-fl-apr/tmp/Mockito_22-prompt_apr_4-qwen-turbo && ant -f /data/cmd/Ming/LLM_Based-Mutation/tools/mutant/defects4j-2.1.0/framework/projects/defects4j.build.xml -Dd4j.home=/data/cmd/Ming/LLM_Based-Mutation/tools/mutant/defects4j-2.1.0 -Dd4j.dir.projects=/data/cmd/Ming/LLM_Based-Mutation/tools/mutant/defects4j-2.1.0/framework/projects -Dbasedir=/data/cmd/Ming/llm-fl-apr/tmp/Mockito_22-prompt_apr_4-qwen-turbo -Dbuild.compiler=javac1.7  compile 2>&1\nJava HotSpot(TM) 64-Bit Server VM warning: ignoring option MaxPermSize=256M; support was removed in 8.0\nBuildfile: /data/cmd/Ming/LLM_Based-Mutation/tools/mutant/defects4j-2.1.0/framework/projects/defects4j.build.xml\n\ncompile:\n\ngradle.compile:\n\nant.compile:\n\nclean:\n\nprepare:\n    [mkdir] Created dir: /data/cmd/Ming/llm-fl-apr/tmp/Mockito_22-prompt_apr_4-qwen-turbo/target/classes\n    [mkdir] Created dir: /data/cmd/Ming/llm-fl-apr/tmp/Mockito_22-prompt_apr_4-qwen-turbo/target/test-classes\n    [mkdir] Created dir: /data/cmd/Ming/llm-fl-apr/tmp/Mockito_22-prompt_apr_4-qwen-turbo/target/reports/junit\n\ncompile:\n    [javac] /data/cmd/Ming/llm-fl-apr/tmp/Mockito_22-prompt_apr_4-qwen-turbo/build.xml:82: warning: 'includeantruntime' was not set, defaulting to build.sysclasspath=last; set to false for repeatable builds\n    [javac] Compiling 306 source files to /data/cmd/Ming/llm-fl-apr/tmp/Mockito_22-prompt_apr_4-qwen-turbo/target/classes\n    [javac] /data/cmd/Ming/llm-fl-apr/tmp/Mockito_22-prompt_apr_4-qwen-turbo/src/org/mockito/internal/matchers/Equality.java:14: error: illegal start of type\n    [javac]         } else if (isArray(o1)) {\n    [javac]           ^\n    [javac] /data/cmd/Ming/llm-fl-apr/tmp/Mockito_22-prompt_apr_4-qwen-turbo/src/org/mockito/internal/matchers/Equality.java:14: error: ';' expected\n    [javac]         } else if (isArray(o1)) {\n    [javac]               ^\n    [javac] /data/cmd/Ming/llm-fl-apr/tmp/Mockito_22-prompt_apr_4-qwen-turbo/src/org/mockito/internal/matchers/Equality.java:14: error: illegal start of type\n    [javac]         } else if (isArray(o1)) {\n    [javac]                   ^\n    [javac] /data/cmd/Ming/llm-fl-apr/tmp/Mockito_22-prompt_apr_4-qwen-turbo/src/org/mockito/internal/matchers/Equality.java:14: error: <identifier> expected\n    [javac]         } else if (isArray(o1)) {\n    [javac]                              ^\n    [javac] /data/cmd/Ming/llm-fl-apr/tmp/Mockito_22-prompt_apr_4-qwen-turbo/src/org/mockito/internal/matchers/Equality.java:14: error: ';' expected\n    [javac]         } else if (isArray(o1)) {\n    [javac]                               ^\n    [javac] /data/cmd/Ming/llm-fl-apr/tmp/Mockito_22-prompt_apr_4-qwen-turbo/src/org/mockito/internal/matchers/Equality.java:16: error: illegal start of type\n    [javac]         } else {\n    [javac]           ^\n    [javac] /data/cmd/Ming/llm-fl-apr/tmp/Mockito_22-prompt_apr_4-qwen-turbo/src/org/mockito/internal/matchers/Equality.java:16: error: ';' expected\n    [javac]         } else {\n    [javac]               ^\n    [javac] /data/cmd/Ming/llm-fl-apr/tmp/Mockito_22-prompt_apr_4-qwen-turbo/src/org/mockito/internal/matchers/Equality.java:17: error: illegal start of type\n    [javac]             return o1.equals(o2);\n    [javac]             ^\n    [javac] /data/cmd/Ming/llm-fl-apr/tmp/Mockito_22-prompt_apr_4-qwen-turbo/src/org/mockito/internal/matchers/Equality.java:17: error: ';' expected\n    [javac]             return o1.equals(o2);\n    [javac]                      ^\n    [javac] /data/cmd/Ming/llm-fl-apr/tmp/Mockito_22-prompt_apr_4-qwen-turbo/src/org/mockito/internal/matchers/Equality.java:17: error: invalid method declaration; return type required\n    [javac]             return o1.equals(o2);\n    [javac]                       ^\n    [javac] /data/cmd/Ming/llm-fl-apr/tmp/Mockito_22-prompt_apr_4-qwen-turbo/src/org/mockito/internal/matchers/Equality.java:17: error: <identifier> expected\n    [javac]             return o1.equals(o2);\n    [javac]                                ^\n    [javac] /data/cmd/Ming/llm-fl-apr/tmp/Mockito_22-prompt_apr_4-qwen-turbo/src/org/mockito/internal/matchers/Equality.java:19: error: class, interface, or enum expected\n    [javac]     }\n    [javac]     ^\n    [javac] /data/cmd/Ming/llm-fl-apr/tmp/Mockito_22-prompt_apr_4-qwen-turbo/src/org/mockito/internal/matchers/Equality.java:24: error: class, interface, or enum expected\n    [javac]     }\n    [javac]     ^\n    [javac] /data/cmd/Ming/llm-fl-apr/tmp/Mockito_22-prompt_apr_4-qwen-turbo/src/org/mockito/internal/matchers/Equality.java:28: error: class, interface, or enum expected\n    [javac]     }\n    [javac]     ^\n    [javac] /data/cmd/Ming/llm-fl-apr/tmp/Mockito_22-prompt_apr_4-qwen-turbo/src/org/mockito/internal/matchers/Equality.java:31: error: class, interface, or enum expected\n    [javac]         for (int i = 0; i < Array.getLength(o1); i++) {\n    [javac]                         ^\n    [javac] /data/cmd/Ming/llm-fl-apr/tmp/Mockito_22-prompt_apr_4-qwen-turbo/src/org/mockito/internal/matchers/Equality.java:31: error: class, interface, or enum expected\n    [javac]         for (int i = 0; i < Array.getLength(o1); i++) {\n    [javac]                                                  ^\n    [javac] /data/cmd/Ming/llm-fl-apr/tmp/Mockito_22-prompt_apr_4-qwen-turbo/src/org/mockito/internal/matchers/Equality.java:33: error: class, interface, or enum expected\n    [javac]         }\n    [javac]         ^\n    [javac] /data/cmd/Ming/llm-fl-apr/tmp/Mockito_22-prompt_apr_4-qwen-turbo/src/org/mockito/internal/matchers/Equality.java:35: error: class, interface, or enum expected\n    [javac]     }\n    [javac]     ^\n    [javac] /data/cmd/Ming/llm-fl-apr/tmp/Mockito_22-prompt_apr_4-qwen-turbo/src/org/mockito/internal/matchers/Equality.java:39: error: class, interface, or enum expected\n    [javac]     }\n    [javac]     ^\n    [javac] 19 errors\n\nBUILD FAILED\n/data/cmd/Ming/LLM_Based-Mutation/tools/mutant/defects4j-2.1.0/framework/projects/Mockito/Mockito.build.xml:148: The following error occurred while executing this line:\n/data/cmd/Ming/LLM_Based-Mutation/tools/mutant/defects4j-2.1.0/framework/projects/Mockito/Mockito.build.xml:69: The following error occurred while executing this line:\n/data/cmd/Ming/llm-fl-apr/tmp/Mockito_22-prompt_apr_4-qwen-turbo/build.xml:82: Compile failed; see the compiler error output for details.\n\nTotal time: 3 seconds\nCannot compile sources! at /data/cmd/Ming/LLM_Based-Mutation/tools/mutant/defects4j-2.1.0/framework/bin/d4j/d4j-compile line 82.\nCompilation failed in require at /data/cmd/Ming/LLM_Based-Mutation/tools/mutant/defects4j-2.1.0/framework/bin/defects4j line 195.\n"
                }
            },
            "doubao-pro-4k": {
                "compile": {
                    "rc": 0,
                    "so": "",
                    "se": "Running ant (compile)...................................................... OK\nRunning ant (compile.tests)................................................ OK\n"
                },
                "test": {
                    "rc": 0,
                    "so": "Failing tests: 3\n  - org.mockito.internal.matchers.EqualityTest::shouldKnowIfObjectsAreEqual\n  - org.mockito.verification.TimeoutTest::should_pass_even_if_first_verification_fails\n  - org.mockitousage.bugs.NPEWithCertainMatchersTest::shouldNotThrowNPEWhenNullPassedToEq\n",
                    "se": "Running ant (compile.tests)................................................ OK\nRunning ant (run.dev.tests)................................................ OK\n"
                }
            },
            "gpt-4o-mini": {
                "compile": {
                    "rc": 1,
                    "so": "",
                    "se": "Running ant (compile)...................................................... FAIL\nExecuted command:  cd /data/cmd/Ming/llm-fl-apr/tmp/Mockito_22-prompt_apr_4-gpt-4o-mini && ant -f /data/cmd/Ming/LLM_Based-Mutation/tools/mutant/defects4j-2.1.0/framework/projects/defects4j.build.xml -Dd4j.home=/data/cmd/Ming/LLM_Based-Mutation/tools/mutant/defects4j-2.1.0 -Dd4j.dir.projects=/data/cmd/Ming/LLM_Based-Mutation/tools/mutant/defects4j-2.1.0/framework/projects -Dbasedir=/data/cmd/Ming/llm-fl-apr/tmp/Mockito_22-prompt_apr_4-gpt-4o-mini -Dbuild.compiler=javac1.7  compile 2>&1\nJava HotSpot(TM) 64-Bit Server VM warning: ignoring option MaxPermSize=256M; support was removed in 8.0\nBuildfile: /data/cmd/Ming/LLM_Based-Mutation/tools/mutant/defects4j-2.1.0/framework/projects/defects4j.build.xml\n\ncompile:\n\ngradle.compile:\n\nant.compile:\n\nclean:\n\nprepare:\n    [mkdir] Created dir: /data/cmd/Ming/llm-fl-apr/tmp/Mockito_22-prompt_apr_4-gpt-4o-mini/target/classes\n    [mkdir] Created dir: /data/cmd/Ming/llm-fl-apr/tmp/Mockito_22-prompt_apr_4-gpt-4o-mini/target/test-classes\n    [mkdir] Created dir: /data/cmd/Ming/llm-fl-apr/tmp/Mockito_22-prompt_apr_4-gpt-4o-mini/target/reports/junit\n\ncompile:\n    [javac] /data/cmd/Ming/llm-fl-apr/tmp/Mockito_22-prompt_apr_4-gpt-4o-mini/build.xml:82: warning: 'includeantruntime' was not set, defaulting to build.sysclasspath=last; set to false for repeatable builds\n    [javac] Compiling 306 source files to /data/cmd/Ming/llm-fl-apr/tmp/Mockito_22-prompt_apr_4-gpt-4o-mini/target/classes\n    [javac] /data/cmd/Ming/llm-fl-apr/tmp/Mockito_22-prompt_apr_4-gpt-4o-mini/src/org/mockito/internal/matchers/Equality.java:14: error: illegal start of type\n    [javac]         } else if (isArray(o1)) {\n    [javac]           ^\n    [javac] /data/cmd/Ming/llm-fl-apr/tmp/Mockito_22-prompt_apr_4-gpt-4o-mini/src/org/mockito/internal/matchers/Equality.java:14: error: ';' expected\n    [javac]         } else if (isArray(o1)) {\n    [javac]               ^\n    [javac] /data/cmd/Ming/llm-fl-apr/tmp/Mockito_22-prompt_apr_4-gpt-4o-mini/src/org/mockito/internal/matchers/Equality.java:14: error: illegal start of type\n    [javac]         } else if (isArray(o1)) {\n    [javac]                   ^\n    [javac] /data/cmd/Ming/llm-fl-apr/tmp/Mockito_22-prompt_apr_4-gpt-4o-mini/src/org/mockito/internal/matchers/Equality.java:14: error: <identifier> expected\n    [javac]         } else if (isArray(o1)) {\n    [javac]                              ^\n    [javac] /data/cmd/Ming/llm-fl-apr/tmp/Mockito_22-prompt_apr_4-gpt-4o-mini/src/org/mockito/internal/matchers/Equality.java:14: error: ';' expected\n    [javac]         } else if (isArray(o1)) {\n    [javac]                               ^\n    [javac] /data/cmd/Ming/llm-fl-apr/tmp/Mockito_22-prompt_apr_4-gpt-4o-mini/src/org/mockito/internal/matchers/Equality.java:16: error: illegal start of type\n    [javac]         } else {\n    [javac]           ^\n    [javac] /data/cmd/Ming/llm-fl-apr/tmp/Mockito_22-prompt_apr_4-gpt-4o-mini/src/org/mockito/internal/matchers/Equality.java:16: error: ';' expected\n    [javac]         } else {\n    [javac]               ^\n    [javac] /data/cmd/Ming/llm-fl-apr/tmp/Mockito_22-prompt_apr_4-gpt-4o-mini/src/org/mockito/internal/matchers/Equality.java:17: error: illegal start of type\n    [javac]             return o1.equals(o2);\n    [javac]             ^\n    [javac] /data/cmd/Ming/llm-fl-apr/tmp/Mockito_22-prompt_apr_4-gpt-4o-mini/src/org/mockito/internal/matchers/Equality.java:17: error: ';' expected\n    [javac]             return o1.equals(o2);\n    [javac]                      ^\n    [javac] /data/cmd/Ming/llm-fl-apr/tmp/Mockito_22-prompt_apr_4-gpt-4o-mini/src/org/mockito/internal/matchers/Equality.java:17: error: invalid method declaration; return type required\n    [javac]             return o1.equals(o2);\n    [javac]                       ^\n    [javac] /data/cmd/Ming/llm-fl-apr/tmp/Mockito_22-prompt_apr_4-gpt-4o-mini/src/org/mockito/internal/matchers/Equality.java:17: error: <identifier> expected\n    [javac]             return o1.equals(o2);\n    [javac]                                ^\n    [javac] /data/cmd/Ming/llm-fl-apr/tmp/Mockito_22-prompt_apr_4-gpt-4o-mini/src/org/mockito/internal/matchers/Equality.java:19: error: class, interface, or enum expected\n    [javac]     }\n    [javac]     ^\n    [javac] /data/cmd/Ming/llm-fl-apr/tmp/Mockito_22-prompt_apr_4-gpt-4o-mini/src/org/mockito/internal/matchers/Equality.java:24: error: class, interface, or enum expected\n    [javac]     }\n    [javac]     ^\n    [javac] /data/cmd/Ming/llm-fl-apr/tmp/Mockito_22-prompt_apr_4-gpt-4o-mini/src/org/mockito/internal/matchers/Equality.java:28: error: class, interface, or enum expected\n    [javac]     }\n    [javac]     ^\n    [javac] /data/cmd/Ming/llm-fl-apr/tmp/Mockito_22-prompt_apr_4-gpt-4o-mini/src/org/mockito/internal/matchers/Equality.java:31: error: class, interface, or enum expected\n    [javac]         for (int i = 0; i < Array.getLength(o1); i++) {\n    [javac]                         ^\n    [javac] /data/cmd/Ming/llm-fl-apr/tmp/Mockito_22-prompt_apr_4-gpt-4o-mini/src/org/mockito/internal/matchers/Equality.java:31: error: class, interface, or enum expected\n    [javac]         for (int i = 0; i < Array.getLength(o1); i++) {\n    [javac]                                                  ^\n    [javac] /data/cmd/Ming/llm-fl-apr/tmp/Mockito_22-prompt_apr_4-gpt-4o-mini/src/org/mockito/internal/matchers/Equality.java:33: error: class, interface, or enum expected\n    [javac]         }\n    [javac]         ^\n    [javac] /data/cmd/Ming/llm-fl-apr/tmp/Mockito_22-prompt_apr_4-gpt-4o-mini/src/org/mockito/internal/matchers/Equality.java:35: error: class, interface, or enum expected\n    [javac]     }\n    [javac]     ^\n    [javac] /data/cmd/Ming/llm-fl-apr/tmp/Mockito_22-prompt_apr_4-gpt-4o-mini/src/org/mockito/internal/matchers/Equality.java:39: error: class, interface, or enum expected\n    [javac]     }\n    [javac]     ^\n    [javac] 19 errors\n\nBUILD FAILED\n/data/cmd/Ming/LLM_Based-Mutation/tools/mutant/defects4j-2.1.0/framework/projects/Mockito/Mockito.build.xml:148: The following error occurred while executing this line:\n/data/cmd/Ming/LLM_Based-Mutation/tools/mutant/defects4j-2.1.0/framework/projects/Mockito/Mockito.build.xml:69: The following error occurred while executing this line:\n/data/cmd/Ming/llm-fl-apr/tmp/Mockito_22-prompt_apr_4-gpt-4o-mini/build.xml:82: Compile failed; see the compiler error output for details.\n\nTotal time: 4 seconds\nCannot compile sources! at /data/cmd/Ming/LLM_Based-Mutation/tools/mutant/defects4j-2.1.0/framework/bin/d4j/d4j-compile line 82.\nCompilation failed in require at /data/cmd/Ming/LLM_Based-Mutation/tools/mutant/defects4j-2.1.0/framework/bin/defects4j line 195.\n"
                }
            },
            "deepseek-chat": {
                "compile": {
                    "rc": 0,
                    "so": "",
                    "se": "Running ant (compile)...................................................... OK\nRunning ant (compile.tests)................................................ OK\n"
                },
                "test": {
                    "rc": 0,
                    "so": "Failing tests: 2\n  - org.mockito.internal.matchers.EqualityTest::shouldKnowIfObjectsAreEqual\n  - org.mockitousage.bugs.NPEWithCertainMatchersTest::shouldNotThrowNPEWhenNullPassedToEq\n",
                    "se": "Running ant (compile.tests)................................................ OK\nRunning ant (run.dev.tests)................................................ OK\n"
                }
            }
        },
        "prompt_apr_5": {
            "ernie-3.5-128k": {
                "compile": {
                    "rc": 1,
                    "so": "",
                    "se": "Running ant (compile)...................................................... FAIL\nExecuted command:  cd /data/cmd/Ming/llm-fl-apr/tmp/Mockito_22-prompt_apr_5-ernie-3.5-128k && ant -f /data/cmd/Ming/LLM_Based-Mutation/tools/mutant/defects4j-2.1.0/framework/projects/defects4j.build.xml -Dd4j.home=/data/cmd/Ming/LLM_Based-Mutation/tools/mutant/defects4j-2.1.0 -Dd4j.dir.projects=/data/cmd/Ming/LLM_Based-Mutation/tools/mutant/defects4j-2.1.0/framework/projects -Dbasedir=/data/cmd/Ming/llm-fl-apr/tmp/Mockito_22-prompt_apr_5-ernie-3.5-128k -Dbuild.compiler=javac1.7  compile 2>&1\nJava HotSpot(TM) 64-Bit Server VM warning: ignoring option MaxPermSize=256M; support was removed in 8.0\nBuildfile: /data/cmd/Ming/LLM_Based-Mutation/tools/mutant/defects4j-2.1.0/framework/projects/defects4j.build.xml\n\ncompile:\n\ngradle.compile:\n\nant.compile:\n\nclean:\n\nprepare:\n    [mkdir] Created dir: /data/cmd/Ming/llm-fl-apr/tmp/Mockito_22-prompt_apr_5-ernie-3.5-128k/target/classes\n    [mkdir] Created dir: /data/cmd/Ming/llm-fl-apr/tmp/Mockito_22-prompt_apr_5-ernie-3.5-128k/target/test-classes\n    [mkdir] Created dir: /data/cmd/Ming/llm-fl-apr/tmp/Mockito_22-prompt_apr_5-ernie-3.5-128k/target/reports/junit\n\ncompile:\n    [javac] /data/cmd/Ming/llm-fl-apr/tmp/Mockito_22-prompt_apr_5-ernie-3.5-128k/build.xml:82: warning: 'includeantruntime' was not set, defaulting to build.sysclasspath=last; set to false for repeatable builds\n    [javac] Compiling 306 source files to /data/cmd/Ming/llm-fl-apr/tmp/Mockito_22-prompt_apr_5-ernie-3.5-128k/target/classes\n    [javac] /data/cmd/Ming/llm-fl-apr/tmp/Mockito_22-prompt_apr_5-ernie-3.5-128k/src/org/mockito/internal/matchers/Equality.java:21: error: illegal start of expression\n    [javac]     static boolean areArraysEqual(Object o1, Object o2) {\n    [javac]     ^\n    [javac] /data/cmd/Ming/llm-fl-apr/tmp/Mockito_22-prompt_apr_5-ernie-3.5-128k/src/org/mockito/internal/matchers/Equality.java:21: error: ';' expected\n    [javac]     static boolean areArraysEqual(Object o1, Object o2) {\n    [javac]                                  ^\n    [javac] /data/cmd/Ming/llm-fl-apr/tmp/Mockito_22-prompt_apr_5-ernie-3.5-128k/src/org/mockito/internal/matchers/Equality.java:21: error: ';' expected\n    [javac]     static boolean areArraysEqual(Object o1, Object o2) {\n    [javac]                                                    ^\n    [javac] /data/cmd/Ming/llm-fl-apr/tmp/Mockito_22-prompt_apr_5-ernie-3.5-128k/src/org/mockito/internal/matchers/Equality.java:21: error: not a statement\n    [javac]     static boolean areArraysEqual(Object o1, Object o2) {\n    [javac]                                                     ^\n    [javac] /data/cmd/Ming/llm-fl-apr/tmp/Mockito_22-prompt_apr_5-ernie-3.5-128k/src/org/mockito/internal/matchers/Equality.java:21: error: ';' expected\n    [javac]     static boolean areArraysEqual(Object o1, Object o2) {\n    [javac]                                                       ^\n    [javac] /data/cmd/Ming/llm-fl-apr/tmp/Mockito_22-prompt_apr_5-ernie-3.5-128k/src/org/mockito/internal/matchers/Equality.java:26: error: illegal start of expression\n    [javac]     static boolean areArrayLengthsEqual(Object o1, Object o2) {\n    [javac]     ^\n    [javac] /data/cmd/Ming/llm-fl-apr/tmp/Mockito_22-prompt_apr_5-ernie-3.5-128k/src/org/mockito/internal/matchers/Equality.java:26: error: ';' expected\n    [javac]     static boolean areArrayLengthsEqual(Object o1, Object o2) {\n    [javac]                                        ^\n    [javac] /data/cmd/Ming/llm-fl-apr/tmp/Mockito_22-prompt_apr_5-ernie-3.5-128k/src/org/mockito/internal/matchers/Equality.java:26: error: ';' expected\n    [javac]     static boolean areArrayLengthsEqual(Object o1, Object o2) {\n    [javac]                                                          ^\n    [javac] /data/cmd/Ming/llm-fl-apr/tmp/Mockito_22-prompt_apr_5-ernie-3.5-128k/src/org/mockito/internal/matchers/Equality.java:26: error: not a statement\n    [javac]     static boolean areArrayLengthsEqual(Object o1, Object o2) {\n    [javac]                                                           ^\n    [javac] /data/cmd/Ming/llm-fl-apr/tmp/Mockito_22-prompt_apr_5-ernie-3.5-128k/src/org/mockito/internal/matchers/Equality.java:26: error: ';' expected\n    [javac]     static boolean areArrayLengthsEqual(Object o1, Object o2) {\n    [javac]                                                             ^\n    [javac] /data/cmd/Ming/llm-fl-apr/tmp/Mockito_22-prompt_apr_5-ernie-3.5-128k/src/org/mockito/internal/matchers/Equality.java:30: error: illegal start of expression\n    [javac]     static boolean areArrayElementsEqual(Object o1, Object o2) {\n    [javac]     ^\n    [javac] /data/cmd/Ming/llm-fl-apr/tmp/Mockito_22-prompt_apr_5-ernie-3.5-128k/src/org/mockito/internal/matchers/Equality.java:30: error: ';' expected\n    [javac]     static boolean areArrayElementsEqual(Object o1, Object o2) {\n    [javac]                                         ^\n    [javac] /data/cmd/Ming/llm-fl-apr/tmp/Mockito_22-prompt_apr_5-ernie-3.5-128k/src/org/mockito/internal/matchers/Equality.java:30: error: ';' expected\n    [javac]     static boolean areArrayElementsEqual(Object o1, Object o2) {\n    [javac]                                                           ^\n    [javac] /data/cmd/Ming/llm-fl-apr/tmp/Mockito_22-prompt_apr_5-ernie-3.5-128k/src/org/mockito/internal/matchers/Equality.java:30: error: not a statement\n    [javac]     static boolean areArrayElementsEqual(Object o1, Object o2) {\n    [javac]                                                            ^\n    [javac] /data/cmd/Ming/llm-fl-apr/tmp/Mockito_22-prompt_apr_5-ernie-3.5-128k/src/org/mockito/internal/matchers/Equality.java:30: error: ';' expected\n    [javac]     static boolean areArrayElementsEqual(Object o1, Object o2) {\n    [javac]                                                              ^\n    [javac] /data/cmd/Ming/llm-fl-apr/tmp/Mockito_22-prompt_apr_5-ernie-3.5-128k/src/org/mockito/internal/matchers/Equality.java:37: error: illegal start of expression\n    [javac]     static boolean isArray(Object o) {\n    [javac]     ^\n    [javac] /data/cmd/Ming/llm-fl-apr/tmp/Mockito_22-prompt_apr_5-ernie-3.5-128k/src/org/mockito/internal/matchers/Equality.java:37: error: ';' expected\n    [javac]     static boolean isArray(Object o) {\n    [javac]                           ^\n    [javac] /data/cmd/Ming/llm-fl-apr/tmp/Mockito_22-prompt_apr_5-ernie-3.5-128k/src/org/mockito/internal/matchers/Equality.java:37: error: ';' expected\n    [javac]     static boolean isArray(Object o) {\n    [javac]                                    ^\n    [javac] /data/cmd/Ming/llm-fl-apr/tmp/Mockito_22-prompt_apr_5-ernie-3.5-128k/src/org/mockito/internal/matchers/Equality.java:40: error: reached end of file while parsing\n    [javac] }\n    [javac]  ^\n    [javac] 19 errors\n\nBUILD FAILED\n/data/cmd/Ming/LLM_Based-Mutation/tools/mutant/defects4j-2.1.0/framework/projects/Mockito/Mockito.build.xml:148: The following error occurred while executing this line:\n/data/cmd/Ming/LLM_Based-Mutation/tools/mutant/defects4j-2.1.0/framework/projects/Mockito/Mockito.build.xml:69: The following error occurred while executing this line:\n/data/cmd/Ming/llm-fl-apr/tmp/Mockito_22-prompt_apr_5-ernie-3.5-128k/build.xml:82: Compile failed; see the compiler error output for details.\n\nTotal time: 3 seconds\nCannot compile sources! at /data/cmd/Ming/LLM_Based-Mutation/tools/mutant/defects4j-2.1.0/framework/bin/d4j/d4j-compile line 82.\nCompilation failed in require at /data/cmd/Ming/LLM_Based-Mutation/tools/mutant/defects4j-2.1.0/framework/bin/defects4j line 195.\n"
                }
            },
            "qwen-turbo": {
                "compile": {
                    "rc": 0,
                    "so": "",
                    "se": "Running ant (compile)...................................................... OK\nRunning ant (compile.tests)................................................ OK\n"
                },
                "test": {
                    "rc": 0,
                    "so": "Failing tests: 9\n  - org.mockito.internal.invocation.ArgumentsComparatorTest::shouldMatchAnyVarargEvenIfOneOfTheArgsIsNull\n  - org.mockito.internal.matchers.EqualityTest::shouldKnowIfObjectsAreEqual\n  - org.mockitousage.basicapi.UsingVarargsTest::shouldVerifyWithNullVarArgArray\n  - org.mockitousage.basicapi.UsingVarargsTest::shouldStubCorrectlyWhenMixedVarargsUsed\n  - org.mockitousage.basicapi.UsingVarargsTest::shouldStubCorrectlyWhenDoubleStringAndMixedVarargsUsed\n  - org.mockitousage.matchers.MatchersTest::shouldArrayEqualsDealWithNullArray\n  - org.mockitousage.matchers.MatchersTest::eqMatcherAndNulls\n  - org.mockitousage.stubbing.StubbingWithThrowablesTest::shouldInstantiateExceptionClassWithOngoingStubbingOnInteraction\n  - org.mockitousage.stubbing.StubbingWithThrowablesTest::shouldInstantiateExceptionClassOnInteraction\n",
                    "se": "Running ant (compile.tests)................................................ OK\nRunning ant (run.dev.tests)................................................ OK\n"
                }
            },
            "doubao-pro-4k": {
                "compile": {
                    "rc": 1,
                    "so": "",
                    "se": "Running ant (compile)...................................................... FAIL\nExecuted command:  cd /data/cmd/Ming/llm-fl-apr/tmp/Mockito_22-prompt_apr_5-doubao-pro-4k && ant -f /data/cmd/Ming/LLM_Based-Mutation/tools/mutant/defects4j-2.1.0/framework/projects/defects4j.build.xml -Dd4j.home=/data/cmd/Ming/LLM_Based-Mutation/tools/mutant/defects4j-2.1.0 -Dd4j.dir.projects=/data/cmd/Ming/LLM_Based-Mutation/tools/mutant/defects4j-2.1.0/framework/projects -Dbasedir=/data/cmd/Ming/llm-fl-apr/tmp/Mockito_22-prompt_apr_5-doubao-pro-4k -Dbuild.compiler=javac1.7  compile 2>&1\nJava HotSpot(TM) 64-Bit Server VM warning: ignoring option MaxPermSize=256M; support was removed in 8.0\nBuildfile: /data/cmd/Ming/LLM_Based-Mutation/tools/mutant/defects4j-2.1.0/framework/projects/defects4j.build.xml\n\ncompile:\n\ngradle.compile:\n\nant.compile:\n\nclean:\n\nprepare:\n    [mkdir] Created dir: /data/cmd/Ming/llm-fl-apr/tmp/Mockito_22-prompt_apr_5-doubao-pro-4k/target/classes\n    [mkdir] Created dir: /data/cmd/Ming/llm-fl-apr/tmp/Mockito_22-prompt_apr_5-doubao-pro-4k/target/test-classes\n    [mkdir] Created dir: /data/cmd/Ming/llm-fl-apr/tmp/Mockito_22-prompt_apr_5-doubao-pro-4k/target/reports/junit\n\ncompile:\n    [javac] /data/cmd/Ming/llm-fl-apr/tmp/Mockito_22-prompt_apr_5-doubao-pro-4k/build.xml:82: warning: 'includeantruntime' was not set, defaulting to build.sysclasspath=last; set to false for repeatable builds\n    [javac] Compiling 306 source files to /data/cmd/Ming/llm-fl-apr/tmp/Mockito_22-prompt_apr_5-doubao-pro-4k/target/classes\n    [javac] /data/cmd/Ming/llm-fl-apr/tmp/Mockito_22-prompt_apr_5-doubao-pro-4k/src/org/mockito/internal/matchers/Equality.java:21: error: illegal start of expression\n    [javac]     static boolean areArraysEqual(Object o1, Object o2) {\n    [javac]     ^\n    [javac] /data/cmd/Ming/llm-fl-apr/tmp/Mockito_22-prompt_apr_5-doubao-pro-4k/src/org/mockito/internal/matchers/Equality.java:21: error: ';' expected\n    [javac]     static boolean areArraysEqual(Object o1, Object o2) {\n    [javac]                                  ^\n    [javac] /data/cmd/Ming/llm-fl-apr/tmp/Mockito_22-prompt_apr_5-doubao-pro-4k/src/org/mockito/internal/matchers/Equality.java:21: error: ';' expected\n    [javac]     static boolean areArraysEqual(Object o1, Object o2) {\n    [javac]                                                    ^\n    [javac] /data/cmd/Ming/llm-fl-apr/tmp/Mockito_22-prompt_apr_5-doubao-pro-4k/src/org/mockito/internal/matchers/Equality.java:21: error: not a statement\n    [javac]     static boolean areArraysEqual(Object o1, Object o2) {\n    [javac]                                                     ^\n    [javac] /data/cmd/Ming/llm-fl-apr/tmp/Mockito_22-prompt_apr_5-doubao-pro-4k/src/org/mockito/internal/matchers/Equality.java:21: error: ';' expected\n    [javac]     static boolean areArraysEqual(Object o1, Object o2) {\n    [javac]                                                       ^\n    [javac] /data/cmd/Ming/llm-fl-apr/tmp/Mockito_22-prompt_apr_5-doubao-pro-4k/src/org/mockito/internal/matchers/Equality.java:26: error: illegal start of expression\n    [javac]     static boolean areArrayLengthsEqual(Object o1, Object o2) {\n    [javac]     ^\n    [javac] /data/cmd/Ming/llm-fl-apr/tmp/Mockito_22-prompt_apr_5-doubao-pro-4k/src/org/mockito/internal/matchers/Equality.java:26: error: ';' expected\n    [javac]     static boolean areArrayLengthsEqual(Object o1, Object o2) {\n    [javac]                                        ^\n    [javac] /data/cmd/Ming/llm-fl-apr/tmp/Mockito_22-prompt_apr_5-doubao-pro-4k/src/org/mockito/internal/matchers/Equality.java:26: error: ';' expected\n    [javac]     static boolean areArrayLengthsEqual(Object o1, Object o2) {\n    [javac]                                                          ^\n    [javac] /data/cmd/Ming/llm-fl-apr/tmp/Mockito_22-prompt_apr_5-doubao-pro-4k/src/org/mockito/internal/matchers/Equality.java:26: error: not a statement\n    [javac]     static boolean areArrayLengthsEqual(Object o1, Object o2) {\n    [javac]                                                           ^\n    [javac] /data/cmd/Ming/llm-fl-apr/tmp/Mockito_22-prompt_apr_5-doubao-pro-4k/src/org/mockito/internal/matchers/Equality.java:26: error: ';' expected\n    [javac]     static boolean areArrayLengthsEqual(Object o1, Object o2) {\n    [javac]                                                             ^\n    [javac] /data/cmd/Ming/llm-fl-apr/tmp/Mockito_22-prompt_apr_5-doubao-pro-4k/src/org/mockito/internal/matchers/Equality.java:30: error: illegal start of expression\n    [javac]     static boolean areArrayElementsEqual(Object o1, Object o2) {\n    [javac]     ^\n    [javac] /data/cmd/Ming/llm-fl-apr/tmp/Mockito_22-prompt_apr_5-doubao-pro-4k/src/org/mockito/internal/matchers/Equality.java:30: error: ';' expected\n    [javac]     static boolean areArrayElementsEqual(Object o1, Object o2) {\n    [javac]                                         ^\n    [javac] /data/cmd/Ming/llm-fl-apr/tmp/Mockito_22-prompt_apr_5-doubao-pro-4k/src/org/mockito/internal/matchers/Equality.java:30: error: ';' expected\n    [javac]     static boolean areArrayElementsEqual(Object o1, Object o2) {\n    [javac]                                                           ^\n    [javac] /data/cmd/Ming/llm-fl-apr/tmp/Mockito_22-prompt_apr_5-doubao-pro-4k/src/org/mockito/internal/matchers/Equality.java:30: error: not a statement\n    [javac]     static boolean areArrayElementsEqual(Object o1, Object o2) {\n    [javac]                                                            ^\n    [javac] /data/cmd/Ming/llm-fl-apr/tmp/Mockito_22-prompt_apr_5-doubao-pro-4k/src/org/mockito/internal/matchers/Equality.java:30: error: ';' expected\n    [javac]     static boolean areArrayElementsEqual(Object o1, Object o2) {\n    [javac]                                                              ^\n    [javac] /data/cmd/Ming/llm-fl-apr/tmp/Mockito_22-prompt_apr_5-doubao-pro-4k/src/org/mockito/internal/matchers/Equality.java:37: error: illegal start of expression\n    [javac]     static boolean isArray(Object o) {\n    [javac]     ^\n    [javac] /data/cmd/Ming/llm-fl-apr/tmp/Mockito_22-prompt_apr_5-doubao-pro-4k/src/org/mockito/internal/matchers/Equality.java:37: error: ';' expected\n    [javac]     static boolean isArray(Object o) {\n    [javac]                           ^\n    [javac] /data/cmd/Ming/llm-fl-apr/tmp/Mockito_22-prompt_apr_5-doubao-pro-4k/src/org/mockito/internal/matchers/Equality.java:37: error: ';' expected\n    [javac]     static boolean isArray(Object o) {\n    [javac]                                    ^\n    [javac] /data/cmd/Ming/llm-fl-apr/tmp/Mockito_22-prompt_apr_5-doubao-pro-4k/src/org/mockito/internal/matchers/Equality.java:40: error: reached end of file while parsing\n    [javac] }\n    [javac]  ^\n    [javac] 19 errors\n\nBUILD FAILED\n/data/cmd/Ming/LLM_Based-Mutation/tools/mutant/defects4j-2.1.0/framework/projects/Mockito/Mockito.build.xml:148: The following error occurred while executing this line:\n/data/cmd/Ming/LLM_Based-Mutation/tools/mutant/defects4j-2.1.0/framework/projects/Mockito/Mockito.build.xml:69: The following error occurred while executing this line:\n/data/cmd/Ming/llm-fl-apr/tmp/Mockito_22-prompt_apr_5-doubao-pro-4k/build.xml:82: Compile failed; see the compiler error output for details.\n\nTotal time: 4 seconds\nCannot compile sources! at /data/cmd/Ming/LLM_Based-Mutation/tools/mutant/defects4j-2.1.0/framework/bin/d4j/d4j-compile line 82.\nCompilation failed in require at /data/cmd/Ming/LLM_Based-Mutation/tools/mutant/defects4j-2.1.0/framework/bin/defects4j line 195.\n"
                }
            },
            "gpt-4o-mini": {
                "compile": {
                    "rc": 1,
                    "so": "",
                    "se": "Running ant (compile)...................................................... FAIL\nExecuted command:  cd /data/cmd/Ming/llm-fl-apr/tmp/Mockito_22-prompt_apr_5-gpt-4o-mini && ant -f /data/cmd/Ming/LLM_Based-Mutation/tools/mutant/defects4j-2.1.0/framework/projects/defects4j.build.xml -Dd4j.home=/data/cmd/Ming/LLM_Based-Mutation/tools/mutant/defects4j-2.1.0 -Dd4j.dir.projects=/data/cmd/Ming/LLM_Based-Mutation/tools/mutant/defects4j-2.1.0/framework/projects -Dbasedir=/data/cmd/Ming/llm-fl-apr/tmp/Mockito_22-prompt_apr_5-gpt-4o-mini -Dbuild.compiler=javac1.7  compile 2>&1\nJava HotSpot(TM) 64-Bit Server VM warning: ignoring option MaxPermSize=256M; support was removed in 8.0\nBuildfile: /data/cmd/Ming/LLM_Based-Mutation/tools/mutant/defects4j-2.1.0/framework/projects/defects4j.build.xml\n\ncompile:\n\ngradle.compile:\n\nant.compile:\n\nclean:\n\nprepare:\n    [mkdir] Created dir: /data/cmd/Ming/llm-fl-apr/tmp/Mockito_22-prompt_apr_5-gpt-4o-mini/target/classes\n    [mkdir] Created dir: /data/cmd/Ming/llm-fl-apr/tmp/Mockito_22-prompt_apr_5-gpt-4o-mini/target/test-classes\n    [mkdir] Created dir: /data/cmd/Ming/llm-fl-apr/tmp/Mockito_22-prompt_apr_5-gpt-4o-mini/target/reports/junit\n\ncompile:\n    [javac] /data/cmd/Ming/llm-fl-apr/tmp/Mockito_22-prompt_apr_5-gpt-4o-mini/build.xml:82: warning: 'includeantruntime' was not set, defaulting to build.sysclasspath=last; set to false for repeatable builds\n    [javac] Compiling 306 source files to /data/cmd/Ming/llm-fl-apr/tmp/Mockito_22-prompt_apr_5-gpt-4o-mini/target/classes\n    [javac] /data/cmd/Ming/llm-fl-apr/tmp/Mockito_22-prompt_apr_5-gpt-4o-mini/src/org/mockito/internal/matchers/Equality.java:21: error: illegal start of expression\n    [javac]     static boolean areArraysEqual(Object o1, Object o2) {\n    [javac]     ^\n    [javac] /data/cmd/Ming/llm-fl-apr/tmp/Mockito_22-prompt_apr_5-gpt-4o-mini/src/org/mockito/internal/matchers/Equality.java:21: error: ';' expected\n    [javac]     static boolean areArraysEqual(Object o1, Object o2) {\n    [javac]                                  ^\n    [javac] /data/cmd/Ming/llm-fl-apr/tmp/Mockito_22-prompt_apr_5-gpt-4o-mini/src/org/mockito/internal/matchers/Equality.java:21: error: ';' expected\n    [javac]     static boolean areArraysEqual(Object o1, Object o2) {\n    [javac]                                                    ^\n    [javac] /data/cmd/Ming/llm-fl-apr/tmp/Mockito_22-prompt_apr_5-gpt-4o-mini/src/org/mockito/internal/matchers/Equality.java:21: error: not a statement\n    [javac]     static boolean areArraysEqual(Object o1, Object o2) {\n    [javac]                                                     ^\n    [javac] /data/cmd/Ming/llm-fl-apr/tmp/Mockito_22-prompt_apr_5-gpt-4o-mini/src/org/mockito/internal/matchers/Equality.java:21: error: ';' expected\n    [javac]     static boolean areArraysEqual(Object o1, Object o2) {\n    [javac]                                                       ^\n    [javac] /data/cmd/Ming/llm-fl-apr/tmp/Mockito_22-prompt_apr_5-gpt-4o-mini/src/org/mockito/internal/matchers/Equality.java:26: error: illegal start of expression\n    [javac]     static boolean areArrayLengthsEqual(Object o1, Object o2) {\n    [javac]     ^\n    [javac] /data/cmd/Ming/llm-fl-apr/tmp/Mockito_22-prompt_apr_5-gpt-4o-mini/src/org/mockito/internal/matchers/Equality.java:26: error: ';' expected\n    [javac]     static boolean areArrayLengthsEqual(Object o1, Object o2) {\n    [javac]                                        ^\n    [javac] /data/cmd/Ming/llm-fl-apr/tmp/Mockito_22-prompt_apr_5-gpt-4o-mini/src/org/mockito/internal/matchers/Equality.java:26: error: ';' expected\n    [javac]     static boolean areArrayLengthsEqual(Object o1, Object o2) {\n    [javac]                                                          ^\n    [javac] /data/cmd/Ming/llm-fl-apr/tmp/Mockito_22-prompt_apr_5-gpt-4o-mini/src/org/mockito/internal/matchers/Equality.java:26: error: not a statement\n    [javac]     static boolean areArrayLengthsEqual(Object o1, Object o2) {\n    [javac]                                                           ^\n    [javac] /data/cmd/Ming/llm-fl-apr/tmp/Mockito_22-prompt_apr_5-gpt-4o-mini/src/org/mockito/internal/matchers/Equality.java:26: error: ';' expected\n    [javac]     static boolean areArrayLengthsEqual(Object o1, Object o2) {\n    [javac]                                                             ^\n    [javac] /data/cmd/Ming/llm-fl-apr/tmp/Mockito_22-prompt_apr_5-gpt-4o-mini/src/org/mockito/internal/matchers/Equality.java:30: error: illegal start of expression\n    [javac]     static boolean areArrayElementsEqual(Object o1, Object o2) {\n    [javac]     ^\n    [javac] /data/cmd/Ming/llm-fl-apr/tmp/Mockito_22-prompt_apr_5-gpt-4o-mini/src/org/mockito/internal/matchers/Equality.java:30: error: ';' expected\n    [javac]     static boolean areArrayElementsEqual(Object o1, Object o2) {\n    [javac]                                         ^\n    [javac] /data/cmd/Ming/llm-fl-apr/tmp/Mockito_22-prompt_apr_5-gpt-4o-mini/src/org/mockito/internal/matchers/Equality.java:30: error: ';' expected\n    [javac]     static boolean areArrayElementsEqual(Object o1, Object o2) {\n    [javac]                                                           ^\n    [javac] /data/cmd/Ming/llm-fl-apr/tmp/Mockito_22-prompt_apr_5-gpt-4o-mini/src/org/mockito/internal/matchers/Equality.java:30: error: not a statement\n    [javac]     static boolean areArrayElementsEqual(Object o1, Object o2) {\n    [javac]                                                            ^\n    [javac] /data/cmd/Ming/llm-fl-apr/tmp/Mockito_22-prompt_apr_5-gpt-4o-mini/src/org/mockito/internal/matchers/Equality.java:30: error: ';' expected\n    [javac]     static boolean areArrayElementsEqual(Object o1, Object o2) {\n    [javac]                                                              ^\n    [javac] /data/cmd/Ming/llm-fl-apr/tmp/Mockito_22-prompt_apr_5-gpt-4o-mini/src/org/mockito/internal/matchers/Equality.java:37: error: illegal start of expression\n    [javac]     static boolean isArray(Object o) {\n    [javac]     ^\n    [javac] /data/cmd/Ming/llm-fl-apr/tmp/Mockito_22-prompt_apr_5-gpt-4o-mini/src/org/mockito/internal/matchers/Equality.java:37: error: ';' expected\n    [javac]     static boolean isArray(Object o) {\n    [javac]                           ^\n    [javac] /data/cmd/Ming/llm-fl-apr/tmp/Mockito_22-prompt_apr_5-gpt-4o-mini/src/org/mockito/internal/matchers/Equality.java:37: error: ';' expected\n    [javac]     static boolean isArray(Object o) {\n    [javac]                                    ^\n    [javac] /data/cmd/Ming/llm-fl-apr/tmp/Mockito_22-prompt_apr_5-gpt-4o-mini/src/org/mockito/internal/matchers/Equality.java:40: error: reached end of file while parsing\n    [javac] }\n    [javac]  ^\n    [javac] 19 errors\n\nBUILD FAILED\n/data/cmd/Ming/LLM_Based-Mutation/tools/mutant/defects4j-2.1.0/framework/projects/Mockito/Mockito.build.xml:148: The following error occurred while executing this line:\n/data/cmd/Ming/LLM_Based-Mutation/tools/mutant/defects4j-2.1.0/framework/projects/Mockito/Mockito.build.xml:69: The following error occurred while executing this line:\n/data/cmd/Ming/llm-fl-apr/tmp/Mockito_22-prompt_apr_5-gpt-4o-mini/build.xml:82: Compile failed; see the compiler error output for details.\n\nTotal time: 3 seconds\nCannot compile sources! at /data/cmd/Ming/LLM_Based-Mutation/tools/mutant/defects4j-2.1.0/framework/bin/d4j/d4j-compile line 82.\nCompilation failed in require at /data/cmd/Ming/LLM_Based-Mutation/tools/mutant/defects4j-2.1.0/framework/bin/defects4j line 195.\n"
                }
            },
            "deepseek-chat": {
                "compile": {
                    "rc": 0,
                    "so": "",
                    "se": "Running ant (compile)...................................................... OK\nRunning ant (compile.tests)................................................ OK\n"
                },
                "test": {
                    "rc": 0,
                    "so": "Failing tests: 3\n  - org.mockito.internal.matchers.EqualityTest::shouldKnowIfObjectsAreEqual\n  - org.mockito.verification.TimeoutTest::should_pass_even_if_first_verification_fails\n  - org.mockitousage.bugs.NPEWithCertainMatchersTest::shouldNotThrowNPEWhenNullPassedToEq\n",
                    "se": "Running ant (compile.tests)................................................ OK\nRunning ant (run.dev.tests)................................................ OK\n"
                }
            }
        },
        "prompt_apr_6": {
            "ernie-3.5-128k": {
                "compile": {
                    "rc": 1,
                    "so": "",
                    "se": "Running ant (compile)...................................................... FAIL\nExecuted command:  cd /data/cmd/Ming/llm-fl-apr/tmp/Mockito_22-prompt_apr_6-ernie-3.5-128k && ant -f /data/cmd/Ming/LLM_Based-Mutation/tools/mutant/defects4j-2.1.0/framework/projects/defects4j.build.xml -Dd4j.home=/data/cmd/Ming/LLM_Based-Mutation/tools/mutant/defects4j-2.1.0 -Dd4j.dir.projects=/data/cmd/Ming/LLM_Based-Mutation/tools/mutant/defects4j-2.1.0/framework/projects -Dbasedir=/data/cmd/Ming/llm-fl-apr/tmp/Mockito_22-prompt_apr_6-ernie-3.5-128k -Dbuild.compiler=javac1.7  compile 2>&1\nJava HotSpot(TM) 64-Bit Server VM warning: ignoring option MaxPermSize=256M; support was removed in 8.0\nBuildfile: /data/cmd/Ming/LLM_Based-Mutation/tools/mutant/defects4j-2.1.0/framework/projects/defects4j.build.xml\n\ncompile:\n\ngradle.compile:\n\nant.compile:\n\nclean:\n\nprepare:\n    [mkdir] Created dir: /data/cmd/Ming/llm-fl-apr/tmp/Mockito_22-prompt_apr_6-ernie-3.5-128k/target/classes\n    [mkdir] Created dir: /data/cmd/Ming/llm-fl-apr/tmp/Mockito_22-prompt_apr_6-ernie-3.5-128k/target/test-classes\n    [mkdir] Created dir: /data/cmd/Ming/llm-fl-apr/tmp/Mockito_22-prompt_apr_6-ernie-3.5-128k/target/reports/junit\n\ncompile:\n    [javac] /data/cmd/Ming/llm-fl-apr/tmp/Mockito_22-prompt_apr_6-ernie-3.5-128k/build.xml:82: warning: 'includeantruntime' was not set, defaulting to build.sysclasspath=last; set to false for repeatable builds\n    [javac] Compiling 306 source files to /data/cmd/Ming/llm-fl-apr/tmp/Mockito_22-prompt_apr_6-ernie-3.5-128k/target/classes\n    [javac] /data/cmd/Ming/llm-fl-apr/tmp/Mockito_22-prompt_apr_6-ernie-3.5-128k/src/org/mockito/configuration/DefaultMockitoConfiguration.java:7: warning: [deprecation] ReturnValues in org.mockito has been deprecated\n    [javac] import org.mockito.ReturnValues;\n    [javac]                   ^\n    [javac] /data/cmd/Ming/llm-fl-apr/tmp/Mockito_22-prompt_apr_6-ernie-3.5-128k/src/org/mockito/configuration/IMockitoConfiguration.java:7: warning: [deprecation] ReturnValues in org.mockito has been deprecated\n    [javac] import org.mockito.ReturnValues;\n    [javac]                   ^\n    [javac] /data/cmd/Ming/llm-fl-apr/tmp/Mockito_22-prompt_apr_6-ernie-3.5-128k/src/org/mockito/internal/configuration/GlobalConfiguration.java:7: warning: [deprecation] ReturnValues in org.mockito has been deprecated\n    [javac] import org.mockito.ReturnValues;\n    [javac]                   ^\n    [javac] /data/cmd/Ming/llm-fl-apr/tmp/Mockito_22-prompt_apr_6-ernie-3.5-128k/src/org/mockito/internal/configuration/MockitoAnnotationsMockAnnotationProcessor.java:8: warning: [deprecation] Mock in MockitoAnnotations has been deprecated\n    [javac] import org.mockito.MockitoAnnotations.Mock;\n    [javac]                                      ^\n    [javac] /data/cmd/Ming/llm-fl-apr/tmp/Mockito_22-prompt_apr_6-ernie-3.5-128k/src/org/mockito/internal/configuration/MockitoAnnotationsMockAnnotationProcessor.java:16: warning: [deprecation] Mock in MockitoAnnotations has been deprecated\n    [javac] public class MockitoAnnotationsMockAnnotationProcessor implements FieldAnnotationProcessor<Mock> {\n    [javac]                                                                                            ^\n    [javac] /data/cmd/Ming/llm-fl-apr/tmp/Mockito_22-prompt_apr_6-ernie-3.5-128k/src/org/mockito/internal/runners/JUnit44RunnerImpl.java:8: warning: [deprecation] InitializationError in org.junit.internal.runners has been deprecated\n    [javac] import org.junit.internal.runners.InitializationError;\n    [javac]                                  ^\n    [javac] /data/cmd/Ming/llm-fl-apr/tmp/Mockito_22-prompt_apr_6-ernie-3.5-128k/src/org/mockito/internal/runners/JUnit44RunnerImpl.java:9: warning: [deprecation] JUnit4ClassRunner in org.junit.internal.runners has been deprecated\n    [javac] import org.junit.internal.runners.JUnit4ClassRunner;\n    [javac]                                  ^\n    [javac] /data/cmd/Ming/llm-fl-apr/tmp/Mockito_22-prompt_apr_6-ernie-3.5-128k/src/org/mockito/internal/stubbing/answers/AnswerReturnValuesAdapter.java:9: warning: [deprecation] ReturnValues in org.mockito has been deprecated\n    [javac] import org.mockito.ReturnValues;\n    [javac]                   ^\n    [javac] /data/cmd/Ming/llm-fl-apr/tmp/Mockito_22-prompt_apr_6-ernie-3.5-128k/src/org/mockito/internal/progress/MockingProgress.java:14: warning: [deprecation] PrintableInvocation in org.mockito.exceptions has been deprecated\n    [javac] public interface MockingProgress {\n    [javac]                           ^\n    [javac] /data/cmd/Ming/llm-fl-apr/tmp/Mockito_22-prompt_apr_6-ernie-3.5-128k/src/org/mockito/listeners/InvocationListener.java:7: warning: [deprecation] PrintableInvocation in org.mockito.exceptions has been deprecated\n    [javac] import org.mockito.MockSettings;\n    [javac]                                ^\n    [javac] /data/cmd/Ming/llm-fl-apr/tmp/Mockito_22-prompt_apr_6-ernie-3.5-128k/src/org/mockito/internal/configuration/DefaultAnnotationEngine.java:42: warning: [deprecation] createMockFor(Annotation,Field) in AnnotationEngine has been deprecated\n    [javac]     public Object createMockFor(Annotation annotation, Field field) {\n    [javac]                   ^\n    [javac] /data/cmd/Ming/llm-fl-apr/tmp/Mockito_22-prompt_apr_6-ernie-3.5-128k/src/org/mockito/internal/configuration/DefaultAnnotationEngine.java:34: warning: [deprecation] Mock in MockitoAnnotations has been deprecated\n    [javac]         registerAnnotationProcessor(MockitoAnnotations.Mock.class, new MockitoAnnotationsMockAnnotationProcessor());\n    [javac]                                                       ^\n    [javac] /data/cmd/Ming/llm-fl-apr/tmp/Mockito_22-prompt_apr_6-ernie-3.5-128k/src/org/mockito/internal/configuration/SpyAnnotationEngine.java:41: warning: [deprecation] createMockFor(Annotation,Field) in AnnotationEngine has been deprecated\n    [javac]     public Object createMockFor(Annotation annotation, Field field) {\n    [javac]                   ^\n    [javac] /data/cmd/Ming/llm-fl-apr/tmp/Mockito_22-prompt_apr_6-ernie-3.5-128k/src/org/mockito/internal/configuration/injection/scanner/MockScanner.java:82: warning: [deprecation] Mock in MockitoAnnotations has been deprecated\n    [javac]                 || null != field.getAnnotation(MockitoAnnotations.Mock.class);\n    [javac]                                                                  ^\n    [javac] /data/cmd/Ming/llm-fl-apr/tmp/Mockito_22-prompt_apr_6-ernie-3.5-128k/src/org/mockito/internal/matchers/Equality.java:19: error: missing return statement\n    [javac]     }\n    [javac]     ^\n    [javac] /data/cmd/Ming/llm-fl-apr/tmp/Mockito_22-prompt_apr_6-ernie-3.5-128k/src/org/mockito/internal/runners/JUnit45AndHigherRunnerImpl.java:24: warning: [deprecation] withBefores(FrameworkMethod,Object,Statement) in BlockJUnit4ClassRunner has been deprecated\n    [javac]             protected Statement withBefores(FrameworkMethod method, Object target,\n    [javac]                                 ^\n    [javac] /data/cmd/Ming/llm-fl-apr/tmp/Mockito_22-prompt_apr_6-ernie-3.5-128k/src/org/mockito/internal/runners/JUnit45AndHigherRunnerImpl.java:28: warning: [deprecation] withBefores(FrameworkMethod,Object,Statement) in BlockJUnit4ClassRunner has been deprecated\n    [javac]                 return super.withBefores(method, target, statement);\n    [javac]                             ^\n    [javac] /data/cmd/Ming/llm-fl-apr/tmp/Mockito_22-prompt_apr_6-ernie-3.5-128k/src/org/mockito/verification/Timeout.java:39: warning: [deprecation] atMost(int) in VerificationWithTimeout has been deprecated\n    [javac]     public VerificationMode atMost(int maxNumberOfInvocations) {\n    [javac]                             ^\n    [javac] /data/cmd/Ming/llm-fl-apr/tmp/Mockito_22-prompt_apr_6-ernie-3.5-128k/src/org/mockito/verification/Timeout.java:44: warning: [deprecation] never() in VerificationWithTimeout has been deprecated\n    [javac]     public VerificationMode never() {\n    [javac]                             ^\n    [javac] Note: Some input files use unchecked or unsafe operations.\n    [javac] Note: Recompile with -Xlint:unchecked for details.\n    [javac] 1 error\n    [javac] 18 warnings\n\nBUILD FAILED\n/data/cmd/Ming/LLM_Based-Mutation/tools/mutant/defects4j-2.1.0/framework/projects/Mockito/Mockito.build.xml:148: The following error occurred while executing this line:\n/data/cmd/Ming/LLM_Based-Mutation/tools/mutant/defects4j-2.1.0/framework/projects/Mockito/Mockito.build.xml:69: The following error occurred while executing this line:\n/data/cmd/Ming/llm-fl-apr/tmp/Mockito_22-prompt_apr_6-ernie-3.5-128k/build.xml:82: Compile failed; see the compiler error output for details.\n\nTotal time: 7 seconds\nCannot compile sources! at /data/cmd/Ming/LLM_Based-Mutation/tools/mutant/defects4j-2.1.0/framework/bin/d4j/d4j-compile line 82.\nCompilation failed in require at /data/cmd/Ming/LLM_Based-Mutation/tools/mutant/defects4j-2.1.0/framework/bin/defects4j line 195.\n"
                }
            },
            "qwen-turbo": {
                "compile": {
                    "rc": 0,
                    "so": "",
                    "se": "Running ant (compile)...................................................... OK\nRunning ant (compile.tests)................................................ OK\n"
                },
                "test": {
                    "rc": 0,
                    "so": "Failing tests: 3\n  - org.mockito.internal.matchers.EqualityTest::shouldKnowIfObjectsAreEqual\n  - org.mockito.internal.verification.checkers.AtLeastXNumberOfInvocationsCheckerTest::shouldMarkActualInvocationsAsVerified\n  - org.mockito.verification.TimeoutTest::should_pass_even_if_first_verification_fails\n",
                    "se": "Running ant (compile.tests)................................................ OK\nRunning ant (run.dev.tests)................................................ OK\n"
                }
            },
            "doubao-pro-4k": {
                "compile": {
                    "rc": 1,
                    "so": "",
                    "se": "Running ant (compile)...................................................... FAIL\nExecuted command:  cd /data/cmd/Ming/llm-fl-apr/tmp/Mockito_22-prompt_apr_6-doubao-pro-4k && ant -f /data/cmd/Ming/LLM_Based-Mutation/tools/mutant/defects4j-2.1.0/framework/projects/defects4j.build.xml -Dd4j.home=/data/cmd/Ming/LLM_Based-Mutation/tools/mutant/defects4j-2.1.0 -Dd4j.dir.projects=/data/cmd/Ming/LLM_Based-Mutation/tools/mutant/defects4j-2.1.0/framework/projects -Dbasedir=/data/cmd/Ming/llm-fl-apr/tmp/Mockito_22-prompt_apr_6-doubao-pro-4k -Dbuild.compiler=javac1.7  compile 2>&1\nJava HotSpot(TM) 64-Bit Server VM warning: ignoring option MaxPermSize=256M; support was removed in 8.0\nBuildfile: /data/cmd/Ming/LLM_Based-Mutation/tools/mutant/defects4j-2.1.0/framework/projects/defects4j.build.xml\n\ncompile:\n\ngradle.compile:\n\nant.compile:\n\nclean:\n\nprepare:\n    [mkdir] Created dir: /data/cmd/Ming/llm-fl-apr/tmp/Mockito_22-prompt_apr_6-doubao-pro-4k/target/classes\n    [mkdir] Created dir: /data/cmd/Ming/llm-fl-apr/tmp/Mockito_22-prompt_apr_6-doubao-pro-4k/target/test-classes\n    [mkdir] Created dir: /data/cmd/Ming/llm-fl-apr/tmp/Mockito_22-prompt_apr_6-doubao-pro-4k/target/reports/junit\n\ncompile:\n    [javac] /data/cmd/Ming/llm-fl-apr/tmp/Mockito_22-prompt_apr_6-doubao-pro-4k/build.xml:82: warning: 'includeantruntime' was not set, defaulting to build.sysclasspath=last; set to false for repeatable builds\n    [javac] Compiling 306 source files to /data/cmd/Ming/llm-fl-apr/tmp/Mockito_22-prompt_apr_6-doubao-pro-4k/target/classes\n    [javac] /data/cmd/Ming/llm-fl-apr/tmp/Mockito_22-prompt_apr_6-doubao-pro-4k/src/org/mockito/internal/matchers/Equality.java:21: error: illegal start of expression\n    [javac]     static boolean areArraysEqual(Object o1, Object o2) {\n    [javac]     ^\n    [javac] /data/cmd/Ming/llm-fl-apr/tmp/Mockito_22-prompt_apr_6-doubao-pro-4k/src/org/mockito/internal/matchers/Equality.java:21: error: ';' expected\n    [javac]     static boolean areArraysEqual(Object o1, Object o2) {\n    [javac]                                  ^\n    [javac] /data/cmd/Ming/llm-fl-apr/tmp/Mockito_22-prompt_apr_6-doubao-pro-4k/src/org/mockito/internal/matchers/Equality.java:21: error: ';' expected\n    [javac]     static boolean areArraysEqual(Object o1, Object o2) {\n    [javac]                                                    ^\n    [javac] /data/cmd/Ming/llm-fl-apr/tmp/Mockito_22-prompt_apr_6-doubao-pro-4k/src/org/mockito/internal/matchers/Equality.java:21: error: not a statement\n    [javac]     static boolean areArraysEqual(Object o1, Object o2) {\n    [javac]                                                     ^\n    [javac] /data/cmd/Ming/llm-fl-apr/tmp/Mockito_22-prompt_apr_6-doubao-pro-4k/src/org/mockito/internal/matchers/Equality.java:21: error: ';' expected\n    [javac]     static boolean areArraysEqual(Object o1, Object o2) {\n    [javac]                                                       ^\n    [javac] /data/cmd/Ming/llm-fl-apr/tmp/Mockito_22-prompt_apr_6-doubao-pro-4k/src/org/mockito/internal/matchers/Equality.java:26: error: illegal start of expression\n    [javac]     static boolean areArrayLengthsEqual(Object o1, Object o2) {\n    [javac]     ^\n    [javac] /data/cmd/Ming/llm-fl-apr/tmp/Mockito_22-prompt_apr_6-doubao-pro-4k/src/org/mockito/internal/matchers/Equality.java:26: error: ';' expected\n    [javac]     static boolean areArrayLengthsEqual(Object o1, Object o2) {\n    [javac]                                        ^\n    [javac] /data/cmd/Ming/llm-fl-apr/tmp/Mockito_22-prompt_apr_6-doubao-pro-4k/src/org/mockito/internal/matchers/Equality.java:26: error: ';' expected\n    [javac]     static boolean areArrayLengthsEqual(Object o1, Object o2) {\n    [javac]                                                          ^\n    [javac] /data/cmd/Ming/llm-fl-apr/tmp/Mockito_22-prompt_apr_6-doubao-pro-4k/src/org/mockito/internal/matchers/Equality.java:26: error: not a statement\n    [javac]     static boolean areArrayLengthsEqual(Object o1, Object o2) {\n    [javac]                                                           ^\n    [javac] /data/cmd/Ming/llm-fl-apr/tmp/Mockito_22-prompt_apr_6-doubao-pro-4k/src/org/mockito/internal/matchers/Equality.java:26: error: ';' expected\n    [javac]     static boolean areArrayLengthsEqual(Object o1, Object o2) {\n    [javac]                                                             ^\n    [javac] /data/cmd/Ming/llm-fl-apr/tmp/Mockito_22-prompt_apr_6-doubao-pro-4k/src/org/mockito/internal/matchers/Equality.java:30: error: illegal start of expression\n    [javac]     static boolean areArrayElementsEqual(Object o1, Object o2) {\n    [javac]     ^\n    [javac] /data/cmd/Ming/llm-fl-apr/tmp/Mockito_22-prompt_apr_6-doubao-pro-4k/src/org/mockito/internal/matchers/Equality.java:30: error: ';' expected\n    [javac]     static boolean areArrayElementsEqual(Object o1, Object o2) {\n    [javac]                                         ^\n    [javac] /data/cmd/Ming/llm-fl-apr/tmp/Mockito_22-prompt_apr_6-doubao-pro-4k/src/org/mockito/internal/matchers/Equality.java:30: error: ';' expected\n    [javac]     static boolean areArrayElementsEqual(Object o1, Object o2) {\n    [javac]                                                           ^\n    [javac] /data/cmd/Ming/llm-fl-apr/tmp/Mockito_22-prompt_apr_6-doubao-pro-4k/src/org/mockito/internal/matchers/Equality.java:30: error: not a statement\n    [javac]     static boolean areArrayElementsEqual(Object o1, Object o2) {\n    [javac]                                                            ^\n    [javac] /data/cmd/Ming/llm-fl-apr/tmp/Mockito_22-prompt_apr_6-doubao-pro-4k/src/org/mockito/internal/matchers/Equality.java:30: error: ';' expected\n    [javac]     static boolean areArrayElementsEqual(Object o1, Object o2) {\n    [javac]                                                              ^\n    [javac] /data/cmd/Ming/llm-fl-apr/tmp/Mockito_22-prompt_apr_6-doubao-pro-4k/src/org/mockito/internal/matchers/Equality.java:37: error: illegal start of expression\n    [javac]     static boolean isArray(Object o) {\n    [javac]     ^\n    [javac] /data/cmd/Ming/llm-fl-apr/tmp/Mockito_22-prompt_apr_6-doubao-pro-4k/src/org/mockito/internal/matchers/Equality.java:37: error: ';' expected\n    [javac]     static boolean isArray(Object o) {\n    [javac]                           ^\n    [javac] /data/cmd/Ming/llm-fl-apr/tmp/Mockito_22-prompt_apr_6-doubao-pro-4k/src/org/mockito/internal/matchers/Equality.java:37: error: ';' expected\n    [javac]     static boolean isArray(Object o) {\n    [javac]                                    ^\n    [javac] /data/cmd/Ming/llm-fl-apr/tmp/Mockito_22-prompt_apr_6-doubao-pro-4k/src/org/mockito/internal/matchers/Equality.java:40: error: reached end of file while parsing\n    [javac] }\n    [javac]  ^\n    [javac] 19 errors\n\nBUILD FAILED\n/data/cmd/Ming/LLM_Based-Mutation/tools/mutant/defects4j-2.1.0/framework/projects/Mockito/Mockito.build.xml:148: The following error occurred while executing this line:\n/data/cmd/Ming/LLM_Based-Mutation/tools/mutant/defects4j-2.1.0/framework/projects/Mockito/Mockito.build.xml:69: The following error occurred while executing this line:\n/data/cmd/Ming/llm-fl-apr/tmp/Mockito_22-prompt_apr_6-doubao-pro-4k/build.xml:82: Compile failed; see the compiler error output for details.\n\nTotal time: 3 seconds\nCannot compile sources! at /data/cmd/Ming/LLM_Based-Mutation/tools/mutant/defects4j-2.1.0/framework/bin/d4j/d4j-compile line 82.\nCompilation failed in require at /data/cmd/Ming/LLM_Based-Mutation/tools/mutant/defects4j-2.1.0/framework/bin/defects4j line 195.\n"
                }
            },
            "gpt-4o-mini": {
                "compile": {
                    "rc": 0,
                    "so": "",
                    "se": "Running ant (compile)...................................................... OK\nRunning ant (compile.tests)................................................ OK\n"
                },
                "test": {
                    "rc": 0,
                    "so": "Failing tests: 2\n  - org.mockito.internal.matchers.EqualityTest::shouldKnowIfObjectsAreEqual\n  - org.mockitousage.bugs.NPEWithCertainMatchersTest::shouldNotThrowNPEWhenNullPassedToEq\n",
                    "se": "Running ant (compile.tests)................................................ OK\nRunning ant (run.dev.tests)................................................ OK\n"
                }
            },
            "deepseek-chat": {
                "compile": {
                    "rc": 0,
                    "so": "",
                    "se": "Running ant (compile)...................................................... OK\nRunning ant (compile.tests)................................................ OK\n"
                },
                "test": {
                    "rc": 0,
                    "so": "Failing tests: 2\n  - org.mockito.internal.matchers.EqualityTest::shouldKnowIfObjectsAreEqual\n  - org.mockitousage.bugs.NPEWithCertainMatchersTest::shouldNotThrowNPEWhenNullPassedToEq\n",
                    "se": "Running ant (compile.tests)................................................ OK\nRunning ant (run.dev.tests)................................................ OK\n"
                }
            }
        }
    }
}