
================== prompt_fl_1 ==================

source code:
public void verify(VerificationData data) {
        AssertionError error = null;

        timer.start();
        while (timer.isCounting()) {
            try {
                delegate.verify(data);

                if (returnOnSuccess) {
                    return;
                } else {
                    error = null;
                }
            } catch (MockitoAssertionError e) {
                error = handleVerifyException(e);
            }
            catch (org.mockito.exceptions.verification.junit.ArgumentsAreDifferent e) {
                error = handleVerifyException(e);
            }
        }

        if (error != null) {
            throw error;
        }
    }

There is a bug in the above code, please help me locate it.

Please output **only one integer**: the line number of the buggy code (The code starts from line 1). Do not provide any explanations or additional content.

================== prompt_fl_2 ==================

source code:
public void verify(VerificationData data) {
        AssertionError error = null;

        timer.start();
        while (timer.isCounting()) {
            try {
                delegate.verify(data);

                if (returnOnSuccess) {
                    return;
                } else {
                    error = null;
                }
            } catch (MockitoAssertionError e) {
                error = handleVerifyException(e);
            }
            catch (org.mockito.exceptions.verification.junit.ArgumentsAreDifferent e) {
                error = handleVerifyException(e);
            }
        }

        if (error != null) {
            throw error;
        }
    }

stack trace:
org.mockitointegration.NoJUnitDependenciesTest::pure_mockito_should_not_depend_JUnit
junit.framework.AssertionFailedError: 'org.mockito.internal.verification.VerificationOverTimeImpl' has some dependency to JUnit
	at org.mockitointegration.NoJUnitDependenciesTest.checkDependency(NoJUnitDependenciesTest.java:36)
	at org.mockitointegration.NoJUnitDependenciesTest.pure_mockito_should_not_depend_JUnit(NoJUnitDependenciesTest.java:28)
	at sun.reflect.NativeMethodAccessorImpl.invoke0(Native Method)
	at sun.reflect.NativeMethodAccessorImpl.invoke(NativeMethodAccessorImpl.java:62)
	at sun.reflect.DelegatingMethodAccessorImpl.invoke(DelegatingMethodAccessorImpl.java:43)
	at java.lang.reflect.Method.invoke(Method.java:498)
	at org.junit.runners.model.FrameworkMethod$1.runReflectiveCall(FrameworkMethod.java:47)
	at org.junit.internal.runners.model.ReflectiveCallable.run(ReflectiveCallable.java:12)
	at org.junit.runners.model.FrameworkMethod.invokeExplosively(FrameworkMethod.java:44)
	at org.junit.internal.runners.statements.InvokeMethod.evaluate(InvokeMethod.java:17)
	at org.junit.runners.ParentRunner.runLeaf(ParentRunner.java:271)
	at org.junit.runners.BlockJUnit4ClassRunner.runChild(BlockJUnit4ClassRunner.java:70)
	at org.junit.runners.BlockJUnit4ClassRunner.runChild(BlockJUnit4ClassRunner.java:50)
	at org.junit.runners.ParentRunner$3.run(ParentRunner.java:238)
	at org.junit.runners.ParentRunner$1.schedule(ParentRunner.java:63)
	at org.junit.runners.ParentRunner.runChildren(ParentRunner.java:236)
	at org.junit.runners.ParentRunner.access$000(ParentRunner.java:53)
	at org.junit.runners.ParentRunner$2.evaluate(ParentRunner.java:229)
	at org.junit.runners.ParentRunner.run(ParentRunner.java:309)
	at junit.framework.JUnit4TestAdapter.run(JUnit4TestAdapter.java:38)
	at org.apache.tools.ant.taskdefs.optional.junit.JUnitTestRunner.run(JUnitTestRunner.java:534)
	at org.apache.tools.ant.taskdefs.optional.junit.JUnitTask.executeInVM(JUnitTask.java:1617)
	at org.apache.tools.ant.taskdefs.optional.junit.JUnitTask.execute(JUnitTask.java:1039)
	at org.apache.tools.ant.taskdefs.optional.junit.JUnitTask.executeOrQueue(JUnitTask.java:2162)
	at org.apache.tools.ant.taskdefs.optional.junit.JUnitTask.execute(JUnitTask.java:853)
	at org.apache.tools.ant.UnknownElement.execute(UnknownElement.java:292)
	at sun.reflect.GeneratedMethodAccessor4.invoke(Unknown Source)
	at sun.reflect.DelegatingMethodAccessorImpl.invoke(DelegatingMethodAccessorImpl.java:43)
	at java.lang.reflect.Method.invoke(Method.java:498)
	at org.apache.tools.ant.dispatch.DispatchUtils.execute(DispatchUtils.java:99)
	at org.apache.tools.ant.Task.perform(Task.java:350)
	at org.apache.tools.ant.Target.execute(Target.java:449)
	at org.apache.tools.ant.Target.performTasks(Target.java:470)
	at org.apache.tools.ant.Project.executeSortedTargets(Project.java:1388)
	at org.apache.tools.ant.Project.executeTarget(Project.java:1361)
	at org.apache.tools.ant.helper.DefaultExecutor.executeTargets(DefaultExecutor.java:41)
	at org.apache.tools.ant.Project.executeTargets(Project.java:1251)
	at org.apache.tools.ant.Main.runBuild(Main.java:834)
	at org.apache.tools.ant.Main.startAnt(Main.java:223)
	at org.apache.tools.ant.launch.Launcher.run(Launcher.java:284)
	at org.apache.tools.ant.launch.Launcher.main(Launcher.java:101)
Caused by: java.lang.NoClassDefFoundError: junit/framework/ComparisonFailure
	at java.lang.ClassLoader.defineClass1(Native Method)
	at java.lang.ClassLoader.defineClass(ClassLoader.java:757)
	at java.security.SecureClassLoader.defineClass(SecureClassLoader.java:142)
	at java.net.URLClassLoader.defineClass(URLClassLoader.java:468)
	at java.net.URLClassLoader.access$100(URLClassLoader.java:74)
	at java.net.URLClassLoader$1.run(URLClassLoader.java:369)
	at java.net.URLClassLoader$1.run(URLClassLoader.java:363)
	at java.security.AccessController.doPrivileged(Native Method)
	at java.net.URLClassLoader.findClass(URLClassLoader.java:362)
	at org.mockitoutil.ClassLoaders$LocalExcludingURLClassLoader.findClass(ClassLoaders.java:156)
	at java.lang.ClassLoader.loadClass(ClassLoader.java:419)
	at java.lang.ClassLoader.loadClass(ClassLoader.java:352)
	at java.lang.Class.forName0(Native Method)
	at java.lang.Class.forName(Class.java:348)
	at org.mockitointegration.NoJUnitDependenciesTest.checkDependency(NoJUnitDependenciesTest.java:34)
	... 40 more
Caused by: java.lang.ClassNotFoundException: classes with prefix : [junit, org.junit] are excluded
	at org.mockitoutil.ClassLoaders$LocalExcludingURLClassLoader.findClass(ClassLoaders.java:155)
	at java.lang.ClassLoader.loadClass(ClassLoader.java:419)
	at java.lang.ClassLoader.loadClass(ClassLoader.java:352)
	... 55 more


There is a bug in the above code, please help me locate it by considering the stack trace.

Please output **only one integer**: the line number of the buggy code (The code starts from line 1). Do not provide any explanations or additional content.

================== prompt_fl_3 ==================

source code:
public void verify(VerificationData data) {
        AssertionError error = null;

        timer.start();
        while (timer.isCounting()) {
            try {
                delegate.verify(data);

                if (returnOnSuccess) {
                    return;
                } else {
                    error = null;
                }
            } catch (MockitoAssertionError e) {
                error = handleVerifyException(e);
            }
            catch (org.mockito.exceptions.verification.junit.ArgumentsAreDifferent e) {
                error = handleVerifyException(e);
            }
        }

        if (error != null) {
            throw error;
        }
    }

stack trace:
org.mockitointegration.NoJUnitDependenciesTest::pure_mockito_should_not_depend_JUnit
junit.framework.AssertionFailedError: 'org.mockito.internal.verification.VerificationOverTimeImpl' has some dependency to JUnit
	at org.mockitointegration.NoJUnitDependenciesTest.checkDependency(NoJUnitDependenciesTest.java:36)
	at org.mockitointegration.NoJUnitDependenciesTest.pure_mockito_should_not_depend_JUnit(NoJUnitDependenciesTest.java:28)
	at sun.reflect.NativeMethodAccessorImpl.invoke0(Native Method)
	at sun.reflect.NativeMethodAccessorImpl.invoke(NativeMethodAccessorImpl.java:62)
	at sun.reflect.DelegatingMethodAccessorImpl.invoke(DelegatingMethodAccessorImpl.java:43)
	at java.lang.reflect.Method.invoke(Method.java:498)
	at org.junit.runners.model.FrameworkMethod$1.runReflectiveCall(FrameworkMethod.java:47)
	at org.junit.internal.runners.model.ReflectiveCallable.run(ReflectiveCallable.java:12)
	at org.junit.runners.model.FrameworkMethod.invokeExplosively(FrameworkMethod.java:44)
	at org.junit.internal.runners.statements.InvokeMethod.evaluate(InvokeMethod.java:17)
	at org.junit.runners.ParentRunner.runLeaf(ParentRunner.java:271)
	at org.junit.runners.BlockJUnit4ClassRunner.runChild(BlockJUnit4ClassRunner.java:70)
	at org.junit.runners.BlockJUnit4ClassRunner.runChild(BlockJUnit4ClassRunner.java:50)
	at org.junit.runners.ParentRunner$3.run(ParentRunner.java:238)
	at org.junit.runners.ParentRunner$1.schedule(ParentRunner.java:63)
	at org.junit.runners.ParentRunner.runChildren(ParentRunner.java:236)
	at org.junit.runners.ParentRunner.access$000(ParentRunner.java:53)
	at org.junit.runners.ParentRunner$2.evaluate(ParentRunner.java:229)
	at org.junit.runners.ParentRunner.run(ParentRunner.java:309)
	at junit.framework.JUnit4TestAdapter.run(JUnit4TestAdapter.java:38)
	at org.apache.tools.ant.taskdefs.optional.junit.JUnitTestRunner.run(JUnitTestRunner.java:534)
	at org.apache.tools.ant.taskdefs.optional.junit.JUnitTask.executeInVM(JUnitTask.java:1617)
	at org.apache.tools.ant.taskdefs.optional.junit.JUnitTask.execute(JUnitTask.java:1039)
	at org.apache.tools.ant.taskdefs.optional.junit.JUnitTask.executeOrQueue(JUnitTask.java:2162)
	at org.apache.tools.ant.taskdefs.optional.junit.JUnitTask.execute(JUnitTask.java:853)
	at org.apache.tools.ant.UnknownElement.execute(UnknownElement.java:292)
	at sun.reflect.GeneratedMethodAccessor4.invoke(Unknown Source)
	at sun.reflect.DelegatingMethodAccessorImpl.invoke(DelegatingMethodAccessorImpl.java:43)
	at java.lang.reflect.Method.invoke(Method.java:498)
	at org.apache.tools.ant.dispatch.DispatchUtils.execute(DispatchUtils.java:99)
	at org.apache.tools.ant.Task.perform(Task.java:350)
	at org.apache.tools.ant.Target.execute(Target.java:449)
	at org.apache.tools.ant.Target.performTasks(Target.java:470)
	at org.apache.tools.ant.Project.executeSortedTargets(Project.java:1388)
	at org.apache.tools.ant.Project.executeTarget(Project.java:1361)
	at org.apache.tools.ant.helper.DefaultExecutor.executeTargets(DefaultExecutor.java:41)
	at org.apache.tools.ant.Project.executeTargets(Project.java:1251)
	at org.apache.tools.ant.Main.runBuild(Main.java:834)
	at org.apache.tools.ant.Main.startAnt(Main.java:223)
	at org.apache.tools.ant.launch.Launcher.run(Launcher.java:284)
	at org.apache.tools.ant.launch.Launcher.main(Launcher.java:101)
Caused by: java.lang.NoClassDefFoundError: junit/framework/ComparisonFailure
	at java.lang.ClassLoader.defineClass1(Native Method)
	at java.lang.ClassLoader.defineClass(ClassLoader.java:757)
	at java.security.SecureClassLoader.defineClass(SecureClassLoader.java:142)
	at java.net.URLClassLoader.defineClass(URLClassLoader.java:468)
	at java.net.URLClassLoader.access$100(URLClassLoader.java:74)
	at java.net.URLClassLoader$1.run(URLClassLoader.java:369)
	at java.net.URLClassLoader$1.run(URLClassLoader.java:363)
	at java.security.AccessController.doPrivileged(Native Method)
	at java.net.URLClassLoader.findClass(URLClassLoader.java:362)
	at org.mockitoutil.ClassLoaders$LocalExcludingURLClassLoader.findClass(ClassLoaders.java:156)
	at java.lang.ClassLoader.loadClass(ClassLoader.java:419)
	at java.lang.ClassLoader.loadClass(ClassLoader.java:352)
	at java.lang.Class.forName0(Native Method)
	at java.lang.Class.forName(Class.java:348)
	at org.mockitointegration.NoJUnitDependenciesTest.checkDependency(NoJUnitDependenciesTest.java:34)
	... 40 more
Caused by: java.lang.ClassNotFoundException: classes with prefix : [junit, org.junit] are excluded
	at org.mockitoutil.ClassLoaders$LocalExcludingURLClassLoader.findClass(ClassLoaders.java:155)
	at java.lang.ClassLoader.loadClass(ClassLoader.java:419)
	at java.lang.ClassLoader.loadClass(ClassLoader.java:352)
	... 55 more


failure assertion code:
checkDependency(classLoader_without_JUnit, pureMockitoAPIClass);


There is a bug in the above code, please help me locate it by considering the stack trace information and failure assertion code.

Please output **only one integer**: the line number of the buggy code (The code starts from line 1). Do not provide any explanations or additional content.

================== prompt_fl_4 ==================

source code:
public void verify(VerificationData data) {
        AssertionError error = null;

        timer.start();
        while (timer.isCounting()) {
            try {
                delegate.verify(data);

                if (returnOnSuccess) {
                    return;
                } else {
                    error = null;
                }
            } catch (MockitoAssertionError e) {
                error = handleVerifyException(e);
            }
            catch (org.mockito.exceptions.verification.junit.ArgumentsAreDifferent e) {
                error = handleVerifyException(e);
            }
        }

        if (error != null) {
            throw error;
        }
    }

There is a bug in the above code, please help me locate it.

Output **only** the exact buggy statement, with no line numbers, explanations, or additional content. Your response should contain just the buggy code line. Do not include ```java or ``` markers in the response.

================== prompt_fl_5 ==================

source code:
public void verify(VerificationData data) {
        AssertionError error = null;

        timer.start();
        while (timer.isCounting()) {
            try {
                delegate.verify(data);

                if (returnOnSuccess) {
                    return;
                } else {
                    error = null;
                }
            } catch (MockitoAssertionError e) {
                error = handleVerifyException(e);
            }
            catch (org.mockito.exceptions.verification.junit.ArgumentsAreDifferent e) {
                error = handleVerifyException(e);
            }
        }

        if (error != null) {
            throw error;
        }
    }

stack trace:
org.mockitointegration.NoJUnitDependenciesTest::pure_mockito_should_not_depend_JUnit
junit.framework.AssertionFailedError: 'org.mockito.internal.verification.VerificationOverTimeImpl' has some dependency to JUnit
	at org.mockitointegration.NoJUnitDependenciesTest.checkDependency(NoJUnitDependenciesTest.java:36)
	at org.mockitointegration.NoJUnitDependenciesTest.pure_mockito_should_not_depend_JUnit(NoJUnitDependenciesTest.java:28)
	at sun.reflect.NativeMethodAccessorImpl.invoke0(Native Method)
	at sun.reflect.NativeMethodAccessorImpl.invoke(NativeMethodAccessorImpl.java:62)
	at sun.reflect.DelegatingMethodAccessorImpl.invoke(DelegatingMethodAccessorImpl.java:43)
	at java.lang.reflect.Method.invoke(Method.java:498)
	at org.junit.runners.model.FrameworkMethod$1.runReflectiveCall(FrameworkMethod.java:47)
	at org.junit.internal.runners.model.ReflectiveCallable.run(ReflectiveCallable.java:12)
	at org.junit.runners.model.FrameworkMethod.invokeExplosively(FrameworkMethod.java:44)
	at org.junit.internal.runners.statements.InvokeMethod.evaluate(InvokeMethod.java:17)
	at org.junit.runners.ParentRunner.runLeaf(ParentRunner.java:271)
	at org.junit.runners.BlockJUnit4ClassRunner.runChild(BlockJUnit4ClassRunner.java:70)
	at org.junit.runners.BlockJUnit4ClassRunner.runChild(BlockJUnit4ClassRunner.java:50)
	at org.junit.runners.ParentRunner$3.run(ParentRunner.java:238)
	at org.junit.runners.ParentRunner$1.schedule(ParentRunner.java:63)
	at org.junit.runners.ParentRunner.runChildren(ParentRunner.java:236)
	at org.junit.runners.ParentRunner.access$000(ParentRunner.java:53)
	at org.junit.runners.ParentRunner$2.evaluate(ParentRunner.java:229)
	at org.junit.runners.ParentRunner.run(ParentRunner.java:309)
	at junit.framework.JUnit4TestAdapter.run(JUnit4TestAdapter.java:38)
	at org.apache.tools.ant.taskdefs.optional.junit.JUnitTestRunner.run(JUnitTestRunner.java:534)
	at org.apache.tools.ant.taskdefs.optional.junit.JUnitTask.executeInVM(JUnitTask.java:1617)
	at org.apache.tools.ant.taskdefs.optional.junit.JUnitTask.execute(JUnitTask.java:1039)
	at org.apache.tools.ant.taskdefs.optional.junit.JUnitTask.executeOrQueue(JUnitTask.java:2162)
	at org.apache.tools.ant.taskdefs.optional.junit.JUnitTask.execute(JUnitTask.java:853)
	at org.apache.tools.ant.UnknownElement.execute(UnknownElement.java:292)
	at sun.reflect.GeneratedMethodAccessor4.invoke(Unknown Source)
	at sun.reflect.DelegatingMethodAccessorImpl.invoke(DelegatingMethodAccessorImpl.java:43)
	at java.lang.reflect.Method.invoke(Method.java:498)
	at org.apache.tools.ant.dispatch.DispatchUtils.execute(DispatchUtils.java:99)
	at org.apache.tools.ant.Task.perform(Task.java:350)
	at org.apache.tools.ant.Target.execute(Target.java:449)
	at org.apache.tools.ant.Target.performTasks(Target.java:470)
	at org.apache.tools.ant.Project.executeSortedTargets(Project.java:1388)
	at org.apache.tools.ant.Project.executeTarget(Project.java:1361)
	at org.apache.tools.ant.helper.DefaultExecutor.executeTargets(DefaultExecutor.java:41)
	at org.apache.tools.ant.Project.executeTargets(Project.java:1251)
	at org.apache.tools.ant.Main.runBuild(Main.java:834)
	at org.apache.tools.ant.Main.startAnt(Main.java:223)
	at org.apache.tools.ant.launch.Launcher.run(Launcher.java:284)
	at org.apache.tools.ant.launch.Launcher.main(Launcher.java:101)
Caused by: java.lang.NoClassDefFoundError: junit/framework/ComparisonFailure
	at java.lang.ClassLoader.defineClass1(Native Method)
	at java.lang.ClassLoader.defineClass(ClassLoader.java:757)
	at java.security.SecureClassLoader.defineClass(SecureClassLoader.java:142)
	at java.net.URLClassLoader.defineClass(URLClassLoader.java:468)
	at java.net.URLClassLoader.access$100(URLClassLoader.java:74)
	at java.net.URLClassLoader$1.run(URLClassLoader.java:369)
	at java.net.URLClassLoader$1.run(URLClassLoader.java:363)
	at java.security.AccessController.doPrivileged(Native Method)
	at java.net.URLClassLoader.findClass(URLClassLoader.java:362)
	at org.mockitoutil.ClassLoaders$LocalExcludingURLClassLoader.findClass(ClassLoaders.java:156)
	at java.lang.ClassLoader.loadClass(ClassLoader.java:419)
	at java.lang.ClassLoader.loadClass(ClassLoader.java:352)
	at java.lang.Class.forName0(Native Method)
	at java.lang.Class.forName(Class.java:348)
	at org.mockitointegration.NoJUnitDependenciesTest.checkDependency(NoJUnitDependenciesTest.java:34)
	... 40 more
Caused by: java.lang.ClassNotFoundException: classes with prefix : [junit, org.junit] are excluded
	at org.mockitoutil.ClassLoaders$LocalExcludingURLClassLoader.findClass(ClassLoaders.java:155)
	at java.lang.ClassLoader.loadClass(ClassLoader.java:419)
	at java.lang.ClassLoader.loadClass(ClassLoader.java:352)
	... 55 more


There is a bug in the above code, please help me locate it by considering the stack trace.

Output **only** the exact buggy statement, with no line numbers, explanations, or additional content. Your response should contain just the buggy code line. Do not include ```java or ``` markers in the response.

================== prompt_fl_6 ==================

source code:
public void verify(VerificationData data) {
        AssertionError error = null;

        timer.start();
        while (timer.isCounting()) {
            try {
                delegate.verify(data);

                if (returnOnSuccess) {
                    return;
                } else {
                    error = null;
                }
            } catch (MockitoAssertionError e) {
                error = handleVerifyException(e);
            }
            catch (org.mockito.exceptions.verification.junit.ArgumentsAreDifferent e) {
                error = handleVerifyException(e);
            }
        }

        if (error != null) {
            throw error;
        }
    }

stack trace:
org.mockitointegration.NoJUnitDependenciesTest::pure_mockito_should_not_depend_JUnit
junit.framework.AssertionFailedError: 'org.mockito.internal.verification.VerificationOverTimeImpl' has some dependency to JUnit
	at org.mockitointegration.NoJUnitDependenciesTest.checkDependency(NoJUnitDependenciesTest.java:36)
	at org.mockitointegration.NoJUnitDependenciesTest.pure_mockito_should_not_depend_JUnit(NoJUnitDependenciesTest.java:28)
	at sun.reflect.NativeMethodAccessorImpl.invoke0(Native Method)
	at sun.reflect.NativeMethodAccessorImpl.invoke(NativeMethodAccessorImpl.java:62)
	at sun.reflect.DelegatingMethodAccessorImpl.invoke(DelegatingMethodAccessorImpl.java:43)
	at java.lang.reflect.Method.invoke(Method.java:498)
	at org.junit.runners.model.FrameworkMethod$1.runReflectiveCall(FrameworkMethod.java:47)
	at org.junit.internal.runners.model.ReflectiveCallable.run(ReflectiveCallable.java:12)
	at org.junit.runners.model.FrameworkMethod.invokeExplosively(FrameworkMethod.java:44)
	at org.junit.internal.runners.statements.InvokeMethod.evaluate(InvokeMethod.java:17)
	at org.junit.runners.ParentRunner.runLeaf(ParentRunner.java:271)
	at org.junit.runners.BlockJUnit4ClassRunner.runChild(BlockJUnit4ClassRunner.java:70)
	at org.junit.runners.BlockJUnit4ClassRunner.runChild(BlockJUnit4ClassRunner.java:50)
	at org.junit.runners.ParentRunner$3.run(ParentRunner.java:238)
	at org.junit.runners.ParentRunner$1.schedule(ParentRunner.java:63)
	at org.junit.runners.ParentRunner.runChildren(ParentRunner.java:236)
	at org.junit.runners.ParentRunner.access$000(ParentRunner.java:53)
	at org.junit.runners.ParentRunner$2.evaluate(ParentRunner.java:229)
	at org.junit.runners.ParentRunner.run(ParentRunner.java:309)
	at junit.framework.JUnit4TestAdapter.run(JUnit4TestAdapter.java:38)
	at org.apache.tools.ant.taskdefs.optional.junit.JUnitTestRunner.run(JUnitTestRunner.java:534)
	at org.apache.tools.ant.taskdefs.optional.junit.JUnitTask.executeInVM(JUnitTask.java:1617)
	at org.apache.tools.ant.taskdefs.optional.junit.JUnitTask.execute(JUnitTask.java:1039)
	at org.apache.tools.ant.taskdefs.optional.junit.JUnitTask.executeOrQueue(JUnitTask.java:2162)
	at org.apache.tools.ant.taskdefs.optional.junit.JUnitTask.execute(JUnitTask.java:853)
	at org.apache.tools.ant.UnknownElement.execute(UnknownElement.java:292)
	at sun.reflect.GeneratedMethodAccessor4.invoke(Unknown Source)
	at sun.reflect.DelegatingMethodAccessorImpl.invoke(DelegatingMethodAccessorImpl.java:43)
	at java.lang.reflect.Method.invoke(Method.java:498)
	at org.apache.tools.ant.dispatch.DispatchUtils.execute(DispatchUtils.java:99)
	at org.apache.tools.ant.Task.perform(Task.java:350)
	at org.apache.tools.ant.Target.execute(Target.java:449)
	at org.apache.tools.ant.Target.performTasks(Target.java:470)
	at org.apache.tools.ant.Project.executeSortedTargets(Project.java:1388)
	at org.apache.tools.ant.Project.executeTarget(Project.java:1361)
	at org.apache.tools.ant.helper.DefaultExecutor.executeTargets(DefaultExecutor.java:41)
	at org.apache.tools.ant.Project.executeTargets(Project.java:1251)
	at org.apache.tools.ant.Main.runBuild(Main.java:834)
	at org.apache.tools.ant.Main.startAnt(Main.java:223)
	at org.apache.tools.ant.launch.Launcher.run(Launcher.java:284)
	at org.apache.tools.ant.launch.Launcher.main(Launcher.java:101)
Caused by: java.lang.NoClassDefFoundError: junit/framework/ComparisonFailure
	at java.lang.ClassLoader.defineClass1(Native Method)
	at java.lang.ClassLoader.defineClass(ClassLoader.java:757)
	at java.security.SecureClassLoader.defineClass(SecureClassLoader.java:142)
	at java.net.URLClassLoader.defineClass(URLClassLoader.java:468)
	at java.net.URLClassLoader.access$100(URLClassLoader.java:74)
	at java.net.URLClassLoader$1.run(URLClassLoader.java:369)
	at java.net.URLClassLoader$1.run(URLClassLoader.java:363)
	at java.security.AccessController.doPrivileged(Native Method)
	at java.net.URLClassLoader.findClass(URLClassLoader.java:362)
	at org.mockitoutil.ClassLoaders$LocalExcludingURLClassLoader.findClass(ClassLoaders.java:156)
	at java.lang.ClassLoader.loadClass(ClassLoader.java:419)
	at java.lang.ClassLoader.loadClass(ClassLoader.java:352)
	at java.lang.Class.forName0(Native Method)
	at java.lang.Class.forName(Class.java:348)
	at org.mockitointegration.NoJUnitDependenciesTest.checkDependency(NoJUnitDependenciesTest.java:34)
	... 40 more
Caused by: java.lang.ClassNotFoundException: classes with prefix : [junit, org.junit] are excluded
	at org.mockitoutil.ClassLoaders$LocalExcludingURLClassLoader.findClass(ClassLoaders.java:155)
	at java.lang.ClassLoader.loadClass(ClassLoader.java:419)
	at java.lang.ClassLoader.loadClass(ClassLoader.java:352)
	... 55 more


failure assertion code:
checkDependency(classLoader_without_JUnit, pureMockitoAPIClass);


There is a bug in the above code, please help me locate it by considering the stack trace information and failure assertion code.

Output **only** the exact buggy statement, with no line numbers, explanations, or additional content. Your response should contain just the buggy code line. Do not include ```java or ``` markers in the response.

================== prompt_apr_1 ==================

public void verify(VerificationData data) {
        AssertionError error = null;

        timer.start();
        while (timer.isCounting()) {
            try {
                delegate.verify(data);

                if (returnOnSuccess) {
                    return;
                } else {
                    error = null;
                }
            } catch (MockitoAssertionError e) {
                error = handleVerifyException(e);
            }
            catch (org.mockito.exceptions.verification.junit.ArgumentsAreDifferent e) {
                error = handleVerifyException(e);
            }
        }

        if (error != null) {
            throw error;
        }
    }

There is a bug in line [17] of the code, please help me fix it.

Please return the **complete corrected method**. Do not skip or omit any part of the code. Do not include ```java or ``` markers in the response.

================== prompt_apr_2 ==================

public void verify(VerificationData data) {
        AssertionError error = null;

        timer.start();
        while (timer.isCounting()) {
            try {
                delegate.verify(data);

                if (returnOnSuccess) {
                    return;
                } else {
                    error = null;
                }
            } catch (MockitoAssertionError e) {
                error = handleVerifyException(e);
            }
            catch (org.mockito.exceptions.verification.junit.ArgumentsAreDifferent e) {
                error = handleVerifyException(e);
            }
        }

        if (error != null) {
            throw error;
        }
    }

There is a bug in ['            catch (org.mockito.exceptions.verification.junit.ArgumentsAreDifferent e) {'] , please help me fix it. 

Please return the **complete corrected method**. Do not skip or omit any part of the code. Do not include ```java or ``` markers in the response.

================== prompt_apr_3 ==================

public void verify(VerificationData data) {
        AssertionError error = null;

        timer.start();
        while (timer.isCounting()) {
            try {
                delegate.verify(data);

                if (returnOnSuccess) {
                    return;
                } else {
                    error = null;
                }
            } catch (MockitoAssertionError e) {
                error = handleVerifyException(e);
            }
            catch (org.mockito.exceptions.verification.junit.ArgumentsAreDifferent e) {

There is a bug in the last statement, please help me fix it.

Return the code **only from the method declaration to the fixed statement**, without completing or adding additional code. Do not modify anything beyond fixing the bug, and do not complete the `if` statement or other unfinished parts. Do not include ```java or ``` markers in the response.

================== prompt_apr_4 ==================

public void verify(VerificationData data) {
        AssertionError error = null;

        timer.start();
        while (timer.isCounting()) {
            try {
                delegate.verify(data);

                if (returnOnSuccess) {
                    return;
                } else {
                    error = null;
                }
            } catch (MockitoAssertionError e) {
                error = handleVerifyException(e);
            }
            catch (org.mockito.exceptions.verification.junit.ArgumentsAreDifferent e) {
                error = handleVerifyException(e);
            }
        }

        if (error != null) {
            throw error;
        }
    }

There is a bug in line [17] of the code, please help me fix it.

Please return the results in a strict JSON format as described below. Please follow these instructions carefully:
1. Your output must include each repaired line's number (`line_number`) and the corresponding fixed code statement (`fixed_statement`).
2. The output format must be a valid JSON array, where each element represents one repaired line, with the following structure:
   - `"line_number"`: The line number of the buggy code that was repaired (integer).
   - `"fixed_statement"`: The repaired statement for that specific line (string).

3. The result must strictly follow this format:
[
    {
        "line_number": int,
        "fixed_statement": "string"
    },
    {
        "line_number": int,
        "fixed_statement": "string"
    }
]
4. The repaired statement in "fixed_statement" must replace the corresponding line in the buggy code.
5. You must NOT include any additional explanation or description in your response. Only return the JSON array. Do not include ```json or ``` markers in the response.

================== prompt_apr_5 ==================

public void verify(VerificationData data) {
        AssertionError error = null;

        timer.start();
        while (timer.isCounting()) {
            try {
                delegate.verify(data);

                if (returnOnSuccess) {
                    return;
                } else {
                    error = null;
                }
            } catch (MockitoAssertionError e) {
                error = handleVerifyException(e);
            }
            catch (org.mockito.exceptions.verification.junit.ArgumentsAreDifferent e) {
                error = handleVerifyException(e);
            }
        }

        if (error != null) {
            throw error;
        }
    }

There is a bug in ['            catch (org.mockito.exceptions.verification.junit.ArgumentsAreDifferent e) {'] , please help me fix it. 

Please return the results in a strict JSON format as described below. Please follow these instructions carefully:
1. Your output must include each repaired line's number (`line_number`) and the corresponding fixed code statement (`fixed_statement`).
2. The output format must be a valid JSON array, where each element represents one repaired line, with the following structure:
   - `"line_number"`: The line number of the buggy code that was repaired (integer).
   - `"fixed_statement"`: The repaired statement for that specific line (string).

3. The result must strictly follow this format:
[
    {
        "line_number": int,
        "fixed_statement": "string"
    },
    {
        "line_number": int,
        "fixed_statement": "string"
    }
]
4. The repaired statement in "fixed_statement" must replace the corresponding line in the buggy code.
5. You must NOT include any additional explanation or description in your response. Only return the JSON array. Do not include ```json or ``` markers in the response.

================== prompt_apr_6 ==================

public void verify(VerificationData data) {
        AssertionError error = null;

        timer.start();
        while (timer.isCounting()) {
            try {
                delegate.verify(data);

                if (returnOnSuccess) {
                    return;
                } else {
                    error = null;
                }
            } catch (MockitoAssertionError e) {
                error = handleVerifyException(e);
            }
            catch (org.mockito.exceptions.verification.junit.ArgumentsAreDifferent e) {

There is a bug in the last statement, please help me fix it.

Please return the results in a strict JSON format as described below. Please follow these instructions carefully:
1. Your output must include each repaired line's number (`line_number`) and the corresponding fixed code statement (`fixed_statement`).
2. The output format must be a valid JSON array, where each element represents one repaired line, with the following structure:
   - `"line_number"`: The line number of the buggy code that was repaired (integer).
   - `"fixed_statement"`: The repaired statement for that specific line (string).

3. The result must strictly follow this format:
[
    {
        "line_number": int,
        "fixed_statement": "string"
    },
    {
        "line_number": int,
        "fixed_statement": "string"
    }
]
4. The repaired statement in "fixed_statement" must replace the corresponding line in the buggy code.
5. You must NOT include any additional explanation or description in your response. Only return the JSON array. Do not include ```json or ``` markers in the response.
