[
    {
        "prompt_fl_1": "\nsource code:\npublic void noMoreInteractionsWanted(Invocation undesired, List<VerificationAwareInvocation> invocations) {\n        ScenarioPrinter scenarioPrinter = new ScenarioPrinter();\n        String scenario = scenarioPrinter.print(invocations);\n\n        throw new NoInteractionsWanted(join(\n                \"No interactions wanted here:\",\n                new LocationImpl(),\n                \"But found this interaction on mock '\" + undesired.getMock() + \"':\",\n                undesired.getLocation(),\n                scenario\n        ));\n    }\n\nThere is a bug in the above code, please help me locate it.\n\nPlease output **only one integer**: the line number of the buggy code (The code starts from line 1). Do not provide any explanations or additional content.\n",
        "prompt_fl_2": "\nsource code:\npublic void noMoreInteractionsWanted(Invocation undesired, List<VerificationAwareInvocation> invocations) {\n        ScenarioPrinter scenarioPrinter = new ScenarioPrinter();\n        String scenario = scenarioPrinter.print(invocations);\n\n        throw new NoInteractionsWanted(join(\n                \"No interactions wanted here:\",\n                new LocationImpl(),\n                \"But found this interaction on mock '\" + undesired.getMock() + \"':\",\n                undesired.getLocation(),\n                scenario\n        ));\n    }\n\nstack trace:\norg.mockito.exceptions.ReporterTest::can_use_print_mock_name_even_when_mock_bogus_default_answer_and_when_reporting_no_more_interaction_wanted_in_order\njava.lang.Exception: Unexpected exception, expected<org.mockito.exceptions.verification.VerificationInOrderFailure> but was<java.lang.ClassCastException>\n\tat org.junit.internal.runners.statements.ExpectException.evaluate(ExpectException.java:28)\n\tat org.junit.internal.runners.statements.RunBefores.evaluate(RunBefores.java:26)\n\tat org.junit.internal.runners.statements.RunAfters.evaluate(RunAfters.java:27)\n\tat org.junit.runners.ParentRunner.runLeaf(ParentRunner.java:271)\n\tat org.junit.runners.BlockJUnit4ClassRunner.runChild(BlockJUnit4ClassRunner.java:70)\n\tat org.junit.runners.BlockJUnit4ClassRunner.runChild(BlockJUnit4ClassRunner.java:50)\n\tat org.junit.runners.ParentRunner$3.run(ParentRunner.java:238)\n\tat org.junit.runners.ParentRunner$1.schedule(ParentRunner.java:63)\n\tat org.junit.runners.ParentRunner.runChildren(ParentRunner.java:236)\n\tat org.junit.runners.ParentRunner.access$000(ParentRunner.java:53)\n\tat org.junit.runners.ParentRunner$2.evaluate(ParentRunner.java:229)\n\tat org.junit.runners.ParentRunner.run(ParentRunner.java:309)\n\tat junit.framework.JUnit4TestAdapter.run(JUnit4TestAdapter.java:38)\n\tat org.apache.tools.ant.taskdefs.optional.junit.JUnitTestRunner.run(JUnitTestRunner.java:534)\n\tat org.apache.tools.ant.taskdefs.optional.junit.JUnitTask.executeInVM(JUnitTask.java:1617)\n\tat org.apache.tools.ant.taskdefs.optional.junit.JUnitTask.execute(JUnitTask.java:1039)\n\tat org.apache.tools.ant.taskdefs.optional.junit.JUnitTask.executeOrQueue(JUnitTask.java:2162)\n\tat org.apache.tools.ant.taskdefs.optional.junit.JUnitTask.execute(JUnitTask.java:853)\n\tat org.apache.tools.ant.UnknownElement.execute(UnknownElement.java:292)\n\tat sun.reflect.GeneratedMethodAccessor4.invoke(Unknown Source)\n\tat sun.reflect.DelegatingMethodAccessorImpl.invoke(DelegatingMethodAccessorImpl.java:43)\n\tat java.lang.reflect.Method.invoke(Method.java:498)\n\tat org.apache.tools.ant.dispatch.DispatchUtils.execute(DispatchUtils.java:99)\n\tat org.apache.tools.ant.Task.perform(Task.java:350)\n\tat org.apache.tools.ant.Target.execute(Target.java:449)\n\tat org.apache.tools.ant.Target.performTasks(Target.java:470)\n\tat org.apache.tools.ant.Project.executeSortedTargets(Project.java:1388)\n\tat org.apache.tools.ant.Project.executeTarget(Project.java:1361)\n\tat org.apache.tools.ant.helper.DefaultExecutor.executeTargets(DefaultExecutor.java:41)\n\tat org.apache.tools.ant.Project.executeTargets(Project.java:1251)\n\tat org.apache.tools.ant.Main.runBuild(Main.java:834)\n\tat org.apache.tools.ant.Main.startAnt(Main.java:223)\n\tat org.apache.tools.ant.launch.Launcher.run(Launcher.java:284)\n\tat org.apache.tools.ant.launch.Launcher.main(Launcher.java:101)\nCaused by: java.lang.ClassCastException: java.lang.Boolean cannot be cast to java.lang.String\n\tat org.mockitousage.IMethods$$EnhancerByMockitoWithCGLIB$$de235dc2.toString(<generated>)\n\tat java.lang.String.valueOf(String.java:2994)\n\tat java.lang.StringBuilder.append(StringBuilder.java:131)\n\tat org.mockito.exceptions.Reporter.noMoreInteractionsWantedInOrder(Reporter.java:434)\n\tat org.mockito.exceptions.ReporterTest.can_use_print_mock_name_even_when_mock_bogus_default_answer_and_when_reporting_no_more_interaction_wanted_in_order(ReporterTest.java:47)\n\tat sun.reflect.NativeMethodAccessorImpl.invoke0(Native Method)\n\tat sun.reflect.NativeMethodAccessorImpl.invoke(NativeMethodAccessorImpl.java:62)\n\tat sun.reflect.DelegatingMethodAccessorImpl.invoke(DelegatingMethodAccessorImpl.java:43)\n\tat java.lang.reflect.Method.invoke(Method.java:498)\n\tat org.junit.runners.model.FrameworkMethod$1.runReflectiveCall(FrameworkMethod.java:47)\n\tat org.junit.internal.runners.model.ReflectiveCallable.run(ReflectiveCallable.java:12)\n\tat org.junit.runners.model.FrameworkMethod.invokeExplosively(FrameworkMethod.java:44)\n\tat org.junit.internal.runners.statements.InvokeMethod.evaluate(InvokeMethod.java:17)\n\tat org.junit.internal.runners.statements.ExpectException.evaluate(ExpectException.java:19)\n\t... 33 more\norg.mockito.exceptions.ReporterTest::can_use_print_mock_name_even_when_mock_bogus_default_answer_and_when_reporting_injection_failure\njava.lang.Exception: Unexpected exception, expected<org.mockito.exceptions.base.MockitoException> but was<java.lang.NullPointerException>\n\tat org.junit.internal.runners.statements.ExpectException.evaluate(ExpectException.java:28)\n\tat org.junit.internal.runners.statements.RunBefores.evaluate(RunBefores.java:26)\n\tat org.junit.internal.runners.statements.RunAfters.evaluate(RunAfters.java:27)\n\tat org.junit.runners.ParentRunner.runLeaf(ParentRunner.java:271)\n\tat org.junit.runners.BlockJUnit4ClassRunner.runChild(BlockJUnit4ClassRunner.java:70)\n\tat org.junit.runners.BlockJUnit4ClassRunner.runChild(BlockJUnit4ClassRunner.java:50)\n\tat org.junit.runners.ParentRunner$3.run(ParentRunner.java:238)\n\tat org.junit.runners.ParentRunner$1.schedule(ParentRunner.java:63)\n\tat org.junit.runners.ParentRunner.runChildren(ParentRunner.java:236)\n\tat org.junit.runners.ParentRunner.access$000(ParentRunner.java:53)\n\tat org.junit.runners.ParentRunner$2.evaluate(ParentRunner.java:229)\n\tat org.junit.runners.ParentRunner.run(ParentRunner.java:309)\n\tat junit.framework.JUnit4TestAdapter.run(JUnit4TestAdapter.java:38)\n\tat org.apache.tools.ant.taskdefs.optional.junit.JUnitTestRunner.run(JUnitTestRunner.java:534)\n\tat org.apache.tools.ant.taskdefs.optional.junit.JUnitTask.executeInVM(JUnitTask.java:1617)\n\tat org.apache.tools.ant.taskdefs.optional.junit.JUnitTask.execute(JUnitTask.java:1039)\n\tat org.apache.tools.ant.taskdefs.optional.junit.JUnitTask.executeOrQueue(JUnitTask.java:2162)\n\tat org.apache.tools.ant.taskdefs.optional.junit.JUnitTask.execute(JUnitTask.java:853)\n\tat org.apache.tools.ant.UnknownElement.execute(UnknownElement.java:292)\n\tat sun.reflect.GeneratedMethodAccessor4.invoke(Unknown Source)\n\tat sun.reflect.DelegatingMethodAccessorImpl.invoke(DelegatingMethodAccessorImpl.java:43)\n\tat java.lang.reflect.Method.invoke(Method.java:498)\n\tat org.apache.tools.ant.dispatch.DispatchUtils.execute(DispatchUtils.java:99)\n\tat org.apache.tools.ant.Task.perform(Task.java:350)\n\tat org.apache.tools.ant.Target.execute(Target.java:449)\n\tat org.apache.tools.ant.Target.performTasks(Target.java:470)\n\tat org.apache.tools.ant.Project.executeSortedTargets(Project.java:1388)\n\tat org.apache.tools.ant.Project.executeTarget(Project.java:1361)\n\tat org.apache.tools.ant.helper.DefaultExecutor.executeTargets(DefaultExecutor.java:41)\n\tat org.apache.tools.ant.Project.executeTargets(Project.java:1251)\n\tat org.apache.tools.ant.Main.runBuild(Main.java:834)\n\tat org.apache.tools.ant.Main.startAnt(Main.java:223)\n\tat org.apache.tools.ant.launch.Launcher.run(Launcher.java:284)\n\tat org.apache.tools.ant.launch.Launcher.main(Launcher.java:101)\nCaused by: java.lang.NullPointerException\n\tat org.mockito.exceptions.Reporter.exceptionCauseMessageIfAvailable(Reporter.java:677)\n\tat org.mockito.exceptions.Reporter.cannotInjectDependency(Reporter.java:671)\n\tat org.mockito.exceptions.ReporterTest.can_use_print_mock_name_even_when_mock_bogus_default_answer_and_when_reporting_injection_failure(ReporterTest.java:79)\n\tat sun.reflect.NativeMethodAccessorImpl.invoke0(Native Method)\n\tat sun.reflect.NativeMethodAccessorImpl.invoke(NativeMethodAccessorImpl.java:62)\n\tat sun.reflect.DelegatingMethodAccessorImpl.invoke(DelegatingMethodAccessorImpl.java:43)\n\tat java.lang.reflect.Method.invoke(Method.java:498)\n\tat org.junit.runners.model.FrameworkMethod$1.runReflectiveCall(FrameworkMethod.java:47)\n\tat org.junit.internal.runners.model.ReflectiveCallable.run(ReflectiveCallable.java:12)\n\tat org.junit.runners.model.FrameworkMethod.invokeExplosively(FrameworkMethod.java:44)\n\tat org.junit.internal.runners.statements.InvokeMethod.evaluate(InvokeMethod.java:17)\n\tat org.junit.internal.runners.statements.ExpectException.evaluate(ExpectException.java:19)\n\t... 33 more\norg.mockito.exceptions.ReporterTest::can_use_mock_name_even_when_mock_bogus_default_answer_and_when_reporting_no_more_interaction_wanted\njava.lang.Exception: Unexpected exception, expected<org.mockito.exceptions.verification.NoInteractionsWanted> but was<java.lang.ClassCastException>\n\tat org.junit.internal.runners.statements.ExpectException.evaluate(ExpectException.java:28)\n\tat org.junit.internal.runners.statements.RunBefores.evaluate(RunBefores.java:26)\n\tat org.junit.internal.runners.statements.RunAfters.evaluate(RunAfters.java:27)\n\tat org.junit.runners.ParentRunner.runLeaf(ParentRunner.java:271)\n\tat org.junit.runners.BlockJUnit4ClassRunner.runChild(BlockJUnit4ClassRunner.java:70)\n\tat org.junit.runners.BlockJUnit4ClassRunner.runChild(BlockJUnit4ClassRunner.java:50)\n\tat org.junit.runners.ParentRunner$3.run(ParentRunner.java:238)\n\tat org.junit.runners.ParentRunner$1.schedule(ParentRunner.java:63)\n\tat org.junit.runners.ParentRunner.runChildren(ParentRunner.java:236)\n\tat org.junit.runners.ParentRunner.access$000(ParentRunner.java:53)\n\tat org.junit.runners.ParentRunner$2.evaluate(ParentRunner.java:229)\n\tat org.junit.runners.ParentRunner.run(ParentRunner.java:309)\n\tat junit.framework.JUnit4TestAdapter.run(JUnit4TestAdapter.java:38)\n\tat org.apache.tools.ant.taskdefs.optional.junit.JUnitTestRunner.run(JUnitTestRunner.java:534)\n\tat org.apache.tools.ant.taskdefs.optional.junit.JUnitTask.executeInVM(JUnitTask.java:1617)\n\tat org.apache.tools.ant.taskdefs.optional.junit.JUnitTask.execute(JUnitTask.java:1039)\n\tat org.apache.tools.ant.taskdefs.optional.junit.JUnitTask.executeOrQueue(JUnitTask.java:2162)\n\tat org.apache.tools.ant.taskdefs.optional.junit.JUnitTask.execute(JUnitTask.java:853)\n\tat org.apache.tools.ant.UnknownElement.execute(UnknownElement.java:292)\n\tat sun.reflect.GeneratedMethodAccessor4.invoke(Unknown Source)\n\tat sun.reflect.DelegatingMethodAccessorImpl.invoke(DelegatingMethodAccessorImpl.java:43)\n\tat java.lang.reflect.Method.invoke(Method.java:498)\n\tat org.apache.tools.ant.dispatch.DispatchUtils.execute(DispatchUtils.java:99)\n\tat org.apache.tools.ant.Task.perform(Task.java:350)\n\tat org.apache.tools.ant.Target.execute(Target.java:449)\n\tat org.apache.tools.ant.Target.performTasks(Target.java:470)\n\tat org.apache.tools.ant.Project.executeSortedTargets(Project.java:1388)\n\tat org.apache.tools.ant.Project.executeTarget(Project.java:1361)\n\tat org.apache.tools.ant.helper.DefaultExecutor.executeTargets(DefaultExecutor.java:41)\n\tat org.apache.tools.ant.Project.executeTargets(Project.java:1251)\n\tat org.apache.tools.ant.Main.runBuild(Main.java:834)\n\tat org.apache.tools.ant.Main.startAnt(Main.java:223)\n\tat org.apache.tools.ant.launch.Launcher.run(Launcher.java:284)\n\tat org.apache.tools.ant.launch.Launcher.main(Launcher.java:101)\nCaused by: java.lang.ClassCastException: java.lang.Boolean cannot be cast to java.lang.String\n\tat org.mockitousage.IMethods$$EnhancerByMockitoWithCGLIB$$de235dc2.toString(<generated>)\n\tat java.lang.String.valueOf(String.java:2994)\n\tat java.lang.StringBuilder.append(StringBuilder.java:131)\n\tat org.mockito.exceptions.Reporter.noMoreInteractionsWanted(Reporter.java:424)\n\tat org.mockito.exceptions.ReporterTest.can_use_mock_name_even_when_mock_bogus_default_answer_and_when_reporting_no_more_interaction_wanted(ReporterTest.java:41)\n\tat sun.reflect.NativeMethodAccessorImpl.invoke0(Native Method)\n\tat sun.reflect.NativeMethodAccessorImpl.invoke(NativeMethodAccessorImpl.java:62)\n\tat sun.reflect.DelegatingMethodAccessorImpl.invoke(DelegatingMethodAccessorImpl.java:43)\n\tat java.lang.reflect.Method.invoke(Method.java:498)\n\tat org.junit.runners.model.FrameworkMethod$1.runReflectiveCall(FrameworkMethod.java:47)\n\tat org.junit.internal.runners.model.ReflectiveCallable.run(ReflectiveCallable.java:12)\n\tat org.junit.runners.model.FrameworkMethod.invokeExplosively(FrameworkMethod.java:44)\n\tat org.junit.internal.runners.statements.InvokeMethod.evaluate(InvokeMethod.java:17)\n\tat org.junit.internal.runners.statements.ExpectException.evaluate(ExpectException.java:19)\n\t... 33 more\norg.mockitousage.bugs.ClassCastExOnVerifyZeroInteractionsTest::should_not_throw_a_ClassCastException\njava.lang.Exception: Unexpected exception, expected<org.mockito.exceptions.verification.NoInteractionsWanted> but was<java.lang.ClassCastException>\n\tat org.junit.internal.runners.statements.ExpectException.evaluate(ExpectException.java:28)\n\tat org.junit.runners.ParentRunner.runLeaf(ParentRunner.java:271)\n\tat org.junit.runners.BlockJUnit4ClassRunner.runChild(BlockJUnit4ClassRunner.java:70)\n\tat org.junit.runners.BlockJUnit4ClassRunner.runChild(BlockJUnit4ClassRunner.java:50)\n\tat org.junit.runners.ParentRunner$3.run(ParentRunner.java:238)\n\tat org.junit.runners.ParentRunner$1.schedule(ParentRunner.java:63)\n\tat org.junit.runners.ParentRunner.runChildren(ParentRunner.java:236)\n\tat org.junit.runners.ParentRunner.access$000(ParentRunner.java:53)\n\tat org.junit.runners.ParentRunner$2.evaluate(ParentRunner.java:229)\n\tat org.junit.runners.ParentRunner.run(ParentRunner.java:309)\n\tat junit.framework.JUnit4TestAdapter.run(JUnit4TestAdapter.java:38)\n\tat org.apache.tools.ant.taskdefs.optional.junit.JUnitTestRunner.run(JUnitTestRunner.java:534)\n\tat org.apache.tools.ant.taskdefs.optional.junit.JUnitTask.executeInVM(JUnitTask.java:1617)\n\tat org.apache.tools.ant.taskdefs.optional.junit.JUnitTask.execute(JUnitTask.java:1039)\n\tat org.apache.tools.ant.taskdefs.optional.junit.JUnitTask.executeOrQueue(JUnitTask.java:2162)\n\tat org.apache.tools.ant.taskdefs.optional.junit.JUnitTask.execute(JUnitTask.java:853)\n\tat org.apache.tools.ant.UnknownElement.execute(UnknownElement.java:292)\n\tat sun.reflect.GeneratedMethodAccessor4.invoke(Unknown Source)\n\tat sun.reflect.DelegatingMethodAccessorImpl.invoke(DelegatingMethodAccessorImpl.java:43)\n\tat java.lang.reflect.Method.invoke(Method.java:498)\n\tat org.apache.tools.ant.dispatch.DispatchUtils.execute(DispatchUtils.java:99)\n\tat org.apache.tools.ant.Task.perform(Task.java:350)\n\tat org.apache.tools.ant.Target.execute(Target.java:449)\n\tat org.apache.tools.ant.Target.performTasks(Target.java:470)\n\tat org.apache.tools.ant.Project.executeSortedTargets(Project.java:1388)\n\tat org.apache.tools.ant.Project.executeTarget(Project.java:1361)\n\tat org.apache.tools.ant.helper.DefaultExecutor.executeTargets(DefaultExecutor.java:41)\n\tat org.apache.tools.ant.Project.executeTargets(Project.java:1251)\n\tat org.apache.tools.ant.Main.runBuild(Main.java:834)\n\tat org.apache.tools.ant.Main.startAnt(Main.java:223)\n\tat org.apache.tools.ant.launch.Launcher.run(Launcher.java:284)\n\tat org.apache.tools.ant.launch.Launcher.main(Launcher.java:101)\nCaused by: java.lang.ClassCastException: java.lang.Boolean cannot be cast to java.lang.String\n\tat org.mockitousage.bugs.ClassCastExOnVerifyZeroInteractionsTest$TestMock$$EnhancerByMockitoWithCGLIB$$9b036b99.toString(<generated>)\n\tat java.lang.String.valueOf(String.java:2994)\n\tat java.lang.StringBuilder.append(StringBuilder.java:131)\n\tat org.mockito.exceptions.Reporter.noMoreInteractionsWanted(Reporter.java:424)\n\tat org.mockito.internal.verification.NoMoreInteractions.verify(NoMoreInteractions.java:24)\n\tat org.mockito.internal.MockitoCore.verifyNoMoreInteractions(MockitoCore.java:113)\n\tat org.mockito.Mockito.verifyZeroInteractions(Mockito.java:1674)\n\tat org.mockitousage.bugs.ClassCastExOnVerifyZeroInteractionsTest.should_not_throw_a_ClassCastException(ClassCastExOnVerifyZeroInteractionsTest.java:24)\n\tat sun.reflect.NativeMethodAccessorImpl.invoke0(Native Method)\n\tat sun.reflect.NativeMethodAccessorImpl.invoke(NativeMethodAccessorImpl.java:62)\n\tat sun.reflect.DelegatingMethodAccessorImpl.invoke(DelegatingMethodAccessorImpl.java:43)\n\tat java.lang.reflect.Method.invoke(Method.java:498)\n\tat org.junit.runners.model.FrameworkMethod$1.runReflectiveCall(FrameworkMethod.java:47)\n\tat org.junit.internal.runners.model.ReflectiveCallable.run(ReflectiveCallable.java:12)\n\tat org.junit.runners.model.FrameworkMethod.invokeExplosively(FrameworkMethod.java:44)\n\tat org.junit.internal.runners.statements.InvokeMethod.evaluate(InvokeMethod.java:17)\n\tat org.junit.internal.runners.statements.ExpectException.evaluate(ExpectException.java:19)\n\t... 31 more\n\n\nThere is a bug in the above code, please help me locate it by considering the stack trace.\n\nPlease output **only one integer**: the line number of the buggy code (The code starts from line 1). Do not provide any explanations or additional content.\n",
        "prompt_fl_3": "\nsource code:\npublic void noMoreInteractionsWanted(Invocation undesired, List<VerificationAwareInvocation> invocations) {\n        ScenarioPrinter scenarioPrinter = new ScenarioPrinter();\n        String scenario = scenarioPrinter.print(invocations);\n\n        throw new NoInteractionsWanted(join(\n                \"No interactions wanted here:\",\n                new LocationImpl(),\n                \"But found this interaction on mock '\" + undesired.getMock() + \"':\",\n                undesired.getLocation(),\n                scenario\n        ));\n    }\n\nstack trace:\norg.mockito.exceptions.ReporterTest::can_use_print_mock_name_even_when_mock_bogus_default_answer_and_when_reporting_no_more_interaction_wanted_in_order\njava.lang.Exception: Unexpected exception, expected<org.mockito.exceptions.verification.VerificationInOrderFailure> but was<java.lang.ClassCastException>\n\tat org.junit.internal.runners.statements.ExpectException.evaluate(ExpectException.java:28)\n\tat org.junit.internal.runners.statements.RunBefores.evaluate(RunBefores.java:26)\n\tat org.junit.internal.runners.statements.RunAfters.evaluate(RunAfters.java:27)\n\tat org.junit.runners.ParentRunner.runLeaf(ParentRunner.java:271)\n\tat org.junit.runners.BlockJUnit4ClassRunner.runChild(BlockJUnit4ClassRunner.java:70)\n\tat org.junit.runners.BlockJUnit4ClassRunner.runChild(BlockJUnit4ClassRunner.java:50)\n\tat org.junit.runners.ParentRunner$3.run(ParentRunner.java:238)\n\tat org.junit.runners.ParentRunner$1.schedule(ParentRunner.java:63)\n\tat org.junit.runners.ParentRunner.runChildren(ParentRunner.java:236)\n\tat org.junit.runners.ParentRunner.access$000(ParentRunner.java:53)\n\tat org.junit.runners.ParentRunner$2.evaluate(ParentRunner.java:229)\n\tat org.junit.runners.ParentRunner.run(ParentRunner.java:309)\n\tat junit.framework.JUnit4TestAdapter.run(JUnit4TestAdapter.java:38)\n\tat org.apache.tools.ant.taskdefs.optional.junit.JUnitTestRunner.run(JUnitTestRunner.java:534)\n\tat org.apache.tools.ant.taskdefs.optional.junit.JUnitTask.executeInVM(JUnitTask.java:1617)\n\tat org.apache.tools.ant.taskdefs.optional.junit.JUnitTask.execute(JUnitTask.java:1039)\n\tat org.apache.tools.ant.taskdefs.optional.junit.JUnitTask.executeOrQueue(JUnitTask.java:2162)\n\tat org.apache.tools.ant.taskdefs.optional.junit.JUnitTask.execute(JUnitTask.java:853)\n\tat org.apache.tools.ant.UnknownElement.execute(UnknownElement.java:292)\n\tat sun.reflect.GeneratedMethodAccessor4.invoke(Unknown Source)\n\tat sun.reflect.DelegatingMethodAccessorImpl.invoke(DelegatingMethodAccessorImpl.java:43)\n\tat java.lang.reflect.Method.invoke(Method.java:498)\n\tat org.apache.tools.ant.dispatch.DispatchUtils.execute(DispatchUtils.java:99)\n\tat org.apache.tools.ant.Task.perform(Task.java:350)\n\tat org.apache.tools.ant.Target.execute(Target.java:449)\n\tat org.apache.tools.ant.Target.performTasks(Target.java:470)\n\tat org.apache.tools.ant.Project.executeSortedTargets(Project.java:1388)\n\tat org.apache.tools.ant.Project.executeTarget(Project.java:1361)\n\tat org.apache.tools.ant.helper.DefaultExecutor.executeTargets(DefaultExecutor.java:41)\n\tat org.apache.tools.ant.Project.executeTargets(Project.java:1251)\n\tat org.apache.tools.ant.Main.runBuild(Main.java:834)\n\tat org.apache.tools.ant.Main.startAnt(Main.java:223)\n\tat org.apache.tools.ant.launch.Launcher.run(Launcher.java:284)\n\tat org.apache.tools.ant.launch.Launcher.main(Launcher.java:101)\nCaused by: java.lang.ClassCastException: java.lang.Boolean cannot be cast to java.lang.String\n\tat org.mockitousage.IMethods$$EnhancerByMockitoWithCGLIB$$de235dc2.toString(<generated>)\n\tat java.lang.String.valueOf(String.java:2994)\n\tat java.lang.StringBuilder.append(StringBuilder.java:131)\n\tat org.mockito.exceptions.Reporter.noMoreInteractionsWantedInOrder(Reporter.java:434)\n\tat org.mockito.exceptions.ReporterTest.can_use_print_mock_name_even_when_mock_bogus_default_answer_and_when_reporting_no_more_interaction_wanted_in_order(ReporterTest.java:47)\n\tat sun.reflect.NativeMethodAccessorImpl.invoke0(Native Method)\n\tat sun.reflect.NativeMethodAccessorImpl.invoke(NativeMethodAccessorImpl.java:62)\n\tat sun.reflect.DelegatingMethodAccessorImpl.invoke(DelegatingMethodAccessorImpl.java:43)\n\tat java.lang.reflect.Method.invoke(Method.java:498)\n\tat org.junit.runners.model.FrameworkMethod$1.runReflectiveCall(FrameworkMethod.java:47)\n\tat org.junit.internal.runners.model.ReflectiveCallable.run(ReflectiveCallable.java:12)\n\tat org.junit.runners.model.FrameworkMethod.invokeExplosively(FrameworkMethod.java:44)\n\tat org.junit.internal.runners.statements.InvokeMethod.evaluate(InvokeMethod.java:17)\n\tat org.junit.internal.runners.statements.ExpectException.evaluate(ExpectException.java:19)\n\t... 33 more\norg.mockito.exceptions.ReporterTest::can_use_print_mock_name_even_when_mock_bogus_default_answer_and_when_reporting_injection_failure\njava.lang.Exception: Unexpected exception, expected<org.mockito.exceptions.base.MockitoException> but was<java.lang.NullPointerException>\n\tat org.junit.internal.runners.statements.ExpectException.evaluate(ExpectException.java:28)\n\tat org.junit.internal.runners.statements.RunBefores.evaluate(RunBefores.java:26)\n\tat org.junit.internal.runners.statements.RunAfters.evaluate(RunAfters.java:27)\n\tat org.junit.runners.ParentRunner.runLeaf(ParentRunner.java:271)\n\tat org.junit.runners.BlockJUnit4ClassRunner.runChild(BlockJUnit4ClassRunner.java:70)\n\tat org.junit.runners.BlockJUnit4ClassRunner.runChild(BlockJUnit4ClassRunner.java:50)\n\tat org.junit.runners.ParentRunner$3.run(ParentRunner.java:238)\n\tat org.junit.runners.ParentRunner$1.schedule(ParentRunner.java:63)\n\tat org.junit.runners.ParentRunner.runChildren(ParentRunner.java:236)\n\tat org.junit.runners.ParentRunner.access$000(ParentRunner.java:53)\n\tat org.junit.runners.ParentRunner$2.evaluate(ParentRunner.java:229)\n\tat org.junit.runners.ParentRunner.run(ParentRunner.java:309)\n\tat junit.framework.JUnit4TestAdapter.run(JUnit4TestAdapter.java:38)\n\tat org.apache.tools.ant.taskdefs.optional.junit.JUnitTestRunner.run(JUnitTestRunner.java:534)\n\tat org.apache.tools.ant.taskdefs.optional.junit.JUnitTask.executeInVM(JUnitTask.java:1617)\n\tat org.apache.tools.ant.taskdefs.optional.junit.JUnitTask.execute(JUnitTask.java:1039)\n\tat org.apache.tools.ant.taskdefs.optional.junit.JUnitTask.executeOrQueue(JUnitTask.java:2162)\n\tat org.apache.tools.ant.taskdefs.optional.junit.JUnitTask.execute(JUnitTask.java:853)\n\tat org.apache.tools.ant.UnknownElement.execute(UnknownElement.java:292)\n\tat sun.reflect.GeneratedMethodAccessor4.invoke(Unknown Source)\n\tat sun.reflect.DelegatingMethodAccessorImpl.invoke(DelegatingMethodAccessorImpl.java:43)\n\tat java.lang.reflect.Method.invoke(Method.java:498)\n\tat org.apache.tools.ant.dispatch.DispatchUtils.execute(DispatchUtils.java:99)\n\tat org.apache.tools.ant.Task.perform(Task.java:350)\n\tat org.apache.tools.ant.Target.execute(Target.java:449)\n\tat org.apache.tools.ant.Target.performTasks(Target.java:470)\n\tat org.apache.tools.ant.Project.executeSortedTargets(Project.java:1388)\n\tat org.apache.tools.ant.Project.executeTarget(Project.java:1361)\n\tat org.apache.tools.ant.helper.DefaultExecutor.executeTargets(DefaultExecutor.java:41)\n\tat org.apache.tools.ant.Project.executeTargets(Project.java:1251)\n\tat org.apache.tools.ant.Main.runBuild(Main.java:834)\n\tat org.apache.tools.ant.Main.startAnt(Main.java:223)\n\tat org.apache.tools.ant.launch.Launcher.run(Launcher.java:284)\n\tat org.apache.tools.ant.launch.Launcher.main(Launcher.java:101)\nCaused by: java.lang.NullPointerException\n\tat org.mockito.exceptions.Reporter.exceptionCauseMessageIfAvailable(Reporter.java:677)\n\tat org.mockito.exceptions.Reporter.cannotInjectDependency(Reporter.java:671)\n\tat org.mockito.exceptions.ReporterTest.can_use_print_mock_name_even_when_mock_bogus_default_answer_and_when_reporting_injection_failure(ReporterTest.java:79)\n\tat sun.reflect.NativeMethodAccessorImpl.invoke0(Native Method)\n\tat sun.reflect.NativeMethodAccessorImpl.invoke(NativeMethodAccessorImpl.java:62)\n\tat sun.reflect.DelegatingMethodAccessorImpl.invoke(DelegatingMethodAccessorImpl.java:43)\n\tat java.lang.reflect.Method.invoke(Method.java:498)\n\tat org.junit.runners.model.FrameworkMethod$1.runReflectiveCall(FrameworkMethod.java:47)\n\tat org.junit.internal.runners.model.ReflectiveCallable.run(ReflectiveCallable.java:12)\n\tat org.junit.runners.model.FrameworkMethod.invokeExplosively(FrameworkMethod.java:44)\n\tat org.junit.internal.runners.statements.InvokeMethod.evaluate(InvokeMethod.java:17)\n\tat org.junit.internal.runners.statements.ExpectException.evaluate(ExpectException.java:19)\n\t... 33 more\norg.mockito.exceptions.ReporterTest::can_use_mock_name_even_when_mock_bogus_default_answer_and_when_reporting_no_more_interaction_wanted\njava.lang.Exception: Unexpected exception, expected<org.mockito.exceptions.verification.NoInteractionsWanted> but was<java.lang.ClassCastException>\n\tat org.junit.internal.runners.statements.ExpectException.evaluate(ExpectException.java:28)\n\tat org.junit.internal.runners.statements.RunBefores.evaluate(RunBefores.java:26)\n\tat org.junit.internal.runners.statements.RunAfters.evaluate(RunAfters.java:27)\n\tat org.junit.runners.ParentRunner.runLeaf(ParentRunner.java:271)\n\tat org.junit.runners.BlockJUnit4ClassRunner.runChild(BlockJUnit4ClassRunner.java:70)\n\tat org.junit.runners.BlockJUnit4ClassRunner.runChild(BlockJUnit4ClassRunner.java:50)\n\tat org.junit.runners.ParentRunner$3.run(ParentRunner.java:238)\n\tat org.junit.runners.ParentRunner$1.schedule(ParentRunner.java:63)\n\tat org.junit.runners.ParentRunner.runChildren(ParentRunner.java:236)\n\tat org.junit.runners.ParentRunner.access$000(ParentRunner.java:53)\n\tat org.junit.runners.ParentRunner$2.evaluate(ParentRunner.java:229)\n\tat org.junit.runners.ParentRunner.run(ParentRunner.java:309)\n\tat junit.framework.JUnit4TestAdapter.run(JUnit4TestAdapter.java:38)\n\tat org.apache.tools.ant.taskdefs.optional.junit.JUnitTestRunner.run(JUnitTestRunner.java:534)\n\tat org.apache.tools.ant.taskdefs.optional.junit.JUnitTask.executeInVM(JUnitTask.java:1617)\n\tat org.apache.tools.ant.taskdefs.optional.junit.JUnitTask.execute(JUnitTask.java:1039)\n\tat org.apache.tools.ant.taskdefs.optional.junit.JUnitTask.executeOrQueue(JUnitTask.java:2162)\n\tat org.apache.tools.ant.taskdefs.optional.junit.JUnitTask.execute(JUnitTask.java:853)\n\tat org.apache.tools.ant.UnknownElement.execute(UnknownElement.java:292)\n\tat sun.reflect.GeneratedMethodAccessor4.invoke(Unknown Source)\n\tat sun.reflect.DelegatingMethodAccessorImpl.invoke(DelegatingMethodAccessorImpl.java:43)\n\tat java.lang.reflect.Method.invoke(Method.java:498)\n\tat org.apache.tools.ant.dispatch.DispatchUtils.execute(DispatchUtils.java:99)\n\tat org.apache.tools.ant.Task.perform(Task.java:350)\n\tat org.apache.tools.ant.Target.execute(Target.java:449)\n\tat org.apache.tools.ant.Target.performTasks(Target.java:470)\n\tat org.apache.tools.ant.Project.executeSortedTargets(Project.java:1388)\n\tat org.apache.tools.ant.Project.executeTarget(Project.java:1361)\n\tat org.apache.tools.ant.helper.DefaultExecutor.executeTargets(DefaultExecutor.java:41)\n\tat org.apache.tools.ant.Project.executeTargets(Project.java:1251)\n\tat org.apache.tools.ant.Main.runBuild(Main.java:834)\n\tat org.apache.tools.ant.Main.startAnt(Main.java:223)\n\tat org.apache.tools.ant.launch.Launcher.run(Launcher.java:284)\n\tat org.apache.tools.ant.launch.Launcher.main(Launcher.java:101)\nCaused by: java.lang.ClassCastException: java.lang.Boolean cannot be cast to java.lang.String\n\tat org.mockitousage.IMethods$$EnhancerByMockitoWithCGLIB$$de235dc2.toString(<generated>)\n\tat java.lang.String.valueOf(String.java:2994)\n\tat java.lang.StringBuilder.append(StringBuilder.java:131)\n\tat org.mockito.exceptions.Reporter.noMoreInteractionsWanted(Reporter.java:424)\n\tat org.mockito.exceptions.ReporterTest.can_use_mock_name_even_when_mock_bogus_default_answer_and_when_reporting_no_more_interaction_wanted(ReporterTest.java:41)\n\tat sun.reflect.NativeMethodAccessorImpl.invoke0(Native Method)\n\tat sun.reflect.NativeMethodAccessorImpl.invoke(NativeMethodAccessorImpl.java:62)\n\tat sun.reflect.DelegatingMethodAccessorImpl.invoke(DelegatingMethodAccessorImpl.java:43)\n\tat java.lang.reflect.Method.invoke(Method.java:498)\n\tat org.junit.runners.model.FrameworkMethod$1.runReflectiveCall(FrameworkMethod.java:47)\n\tat org.junit.internal.runners.model.ReflectiveCallable.run(ReflectiveCallable.java:12)\n\tat org.junit.runners.model.FrameworkMethod.invokeExplosively(FrameworkMethod.java:44)\n\tat org.junit.internal.runners.statements.InvokeMethod.evaluate(InvokeMethod.java:17)\n\tat org.junit.internal.runners.statements.ExpectException.evaluate(ExpectException.java:19)\n\t... 33 more\norg.mockitousage.bugs.ClassCastExOnVerifyZeroInteractionsTest::should_not_throw_a_ClassCastException\njava.lang.Exception: Unexpected exception, expected<org.mockito.exceptions.verification.NoInteractionsWanted> but was<java.lang.ClassCastException>\n\tat org.junit.internal.runners.statements.ExpectException.evaluate(ExpectException.java:28)\n\tat org.junit.runners.ParentRunner.runLeaf(ParentRunner.java:271)\n\tat org.junit.runners.BlockJUnit4ClassRunner.runChild(BlockJUnit4ClassRunner.java:70)\n\tat org.junit.runners.BlockJUnit4ClassRunner.runChild(BlockJUnit4ClassRunner.java:50)\n\tat org.junit.runners.ParentRunner$3.run(ParentRunner.java:238)\n\tat org.junit.runners.ParentRunner$1.schedule(ParentRunner.java:63)\n\tat org.junit.runners.ParentRunner.runChildren(ParentRunner.java:236)\n\tat org.junit.runners.ParentRunner.access$000(ParentRunner.java:53)\n\tat org.junit.runners.ParentRunner$2.evaluate(ParentRunner.java:229)\n\tat org.junit.runners.ParentRunner.run(ParentRunner.java:309)\n\tat junit.framework.JUnit4TestAdapter.run(JUnit4TestAdapter.java:38)\n\tat org.apache.tools.ant.taskdefs.optional.junit.JUnitTestRunner.run(JUnitTestRunner.java:534)\n\tat org.apache.tools.ant.taskdefs.optional.junit.JUnitTask.executeInVM(JUnitTask.java:1617)\n\tat org.apache.tools.ant.taskdefs.optional.junit.JUnitTask.execute(JUnitTask.java:1039)\n\tat org.apache.tools.ant.taskdefs.optional.junit.JUnitTask.executeOrQueue(JUnitTask.java:2162)\n\tat org.apache.tools.ant.taskdefs.optional.junit.JUnitTask.execute(JUnitTask.java:853)\n\tat org.apache.tools.ant.UnknownElement.execute(UnknownElement.java:292)\n\tat sun.reflect.GeneratedMethodAccessor4.invoke(Unknown Source)\n\tat sun.reflect.DelegatingMethodAccessorImpl.invoke(DelegatingMethodAccessorImpl.java:43)\n\tat java.lang.reflect.Method.invoke(Method.java:498)\n\tat org.apache.tools.ant.dispatch.DispatchUtils.execute(DispatchUtils.java:99)\n\tat org.apache.tools.ant.Task.perform(Task.java:350)\n\tat org.apache.tools.ant.Target.execute(Target.java:449)\n\tat org.apache.tools.ant.Target.performTasks(Target.java:470)\n\tat org.apache.tools.ant.Project.executeSortedTargets(Project.java:1388)\n\tat org.apache.tools.ant.Project.executeTarget(Project.java:1361)\n\tat org.apache.tools.ant.helper.DefaultExecutor.executeTargets(DefaultExecutor.java:41)\n\tat org.apache.tools.ant.Project.executeTargets(Project.java:1251)\n\tat org.apache.tools.ant.Main.runBuild(Main.java:834)\n\tat org.apache.tools.ant.Main.startAnt(Main.java:223)\n\tat org.apache.tools.ant.launch.Launcher.run(Launcher.java:284)\n\tat org.apache.tools.ant.launch.Launcher.main(Launcher.java:101)\nCaused by: java.lang.ClassCastException: java.lang.Boolean cannot be cast to java.lang.String\n\tat org.mockitousage.bugs.ClassCastExOnVerifyZeroInteractionsTest$TestMock$$EnhancerByMockitoWithCGLIB$$9b036b99.toString(<generated>)\n\tat java.lang.String.valueOf(String.java:2994)\n\tat java.lang.StringBuilder.append(StringBuilder.java:131)\n\tat org.mockito.exceptions.Reporter.noMoreInteractionsWanted(Reporter.java:424)\n\tat org.mockito.internal.verification.NoMoreInteractions.verify(NoMoreInteractions.java:24)\n\tat org.mockito.internal.MockitoCore.verifyNoMoreInteractions(MockitoCore.java:113)\n\tat org.mockito.Mockito.verifyZeroInteractions(Mockito.java:1674)\n\tat org.mockitousage.bugs.ClassCastExOnVerifyZeroInteractionsTest.should_not_throw_a_ClassCastException(ClassCastExOnVerifyZeroInteractionsTest.java:24)\n\tat sun.reflect.NativeMethodAccessorImpl.invoke0(Native Method)\n\tat sun.reflect.NativeMethodAccessorImpl.invoke(NativeMethodAccessorImpl.java:62)\n\tat sun.reflect.DelegatingMethodAccessorImpl.invoke(DelegatingMethodAccessorImpl.java:43)\n\tat java.lang.reflect.Method.invoke(Method.java:498)\n\tat org.junit.runners.model.FrameworkMethod$1.runReflectiveCall(FrameworkMethod.java:47)\n\tat org.junit.internal.runners.model.ReflectiveCallable.run(ReflectiveCallable.java:12)\n\tat org.junit.runners.model.FrameworkMethod.invokeExplosively(FrameworkMethod.java:44)\n\tat org.junit.internal.runners.statements.InvokeMethod.evaluate(InvokeMethod.java:17)\n\tat org.junit.internal.runners.statements.ExpectException.evaluate(ExpectException.java:19)\n\t... 31 more\n\n\nfailure assertion code:\nnew Reporter().noMoreInteractionsWantedInOrder(invocation_with_bogus_default_answer);\n\n\nThere is a bug in the above code, please help me locate it by considering the stack trace information and failure assertion code.\n\nPlease output **only one integer**: the line number of the buggy code (The code starts from line 1). Do not provide any explanations or additional content.\n",
        "prompt_fl_4": "\nsource code:\npublic void noMoreInteractionsWanted(Invocation undesired, List<VerificationAwareInvocation> invocations) {\n        ScenarioPrinter scenarioPrinter = new ScenarioPrinter();\n        String scenario = scenarioPrinter.print(invocations);\n\n        throw new NoInteractionsWanted(join(\n                \"No interactions wanted here:\",\n                new LocationImpl(),\n                \"But found this interaction on mock '\" + undesired.getMock() + \"':\",\n                undesired.getLocation(),\n                scenario\n        ));\n    }\n\nThere is a bug in the above code, please help me locate it.\n\nOutput **only** the exact buggy statement, with no line numbers, explanations, or additional content. Your response should contain just the buggy code line. Do not include ```java or ``` markers in the response.\n",
        "prompt_fl_5": "\nsource code:\npublic void noMoreInteractionsWanted(Invocation undesired, List<VerificationAwareInvocation> invocations) {\n        ScenarioPrinter scenarioPrinter = new ScenarioPrinter();\n        String scenario = scenarioPrinter.print(invocations);\n\n        throw new NoInteractionsWanted(join(\n                \"No interactions wanted here:\",\n                new LocationImpl(),\n                \"But found this interaction on mock '\" + undesired.getMock() + \"':\",\n                undesired.getLocation(),\n                scenario\n        ));\n    }\n\nstack trace:\norg.mockito.exceptions.ReporterTest::can_use_print_mock_name_even_when_mock_bogus_default_answer_and_when_reporting_no_more_interaction_wanted_in_order\njava.lang.Exception: Unexpected exception, expected<org.mockito.exceptions.verification.VerificationInOrderFailure> but was<java.lang.ClassCastException>\n\tat org.junit.internal.runners.statements.ExpectException.evaluate(ExpectException.java:28)\n\tat org.junit.internal.runners.statements.RunBefores.evaluate(RunBefores.java:26)\n\tat org.junit.internal.runners.statements.RunAfters.evaluate(RunAfters.java:27)\n\tat org.junit.runners.ParentRunner.runLeaf(ParentRunner.java:271)\n\tat org.junit.runners.BlockJUnit4ClassRunner.runChild(BlockJUnit4ClassRunner.java:70)\n\tat org.junit.runners.BlockJUnit4ClassRunner.runChild(BlockJUnit4ClassRunner.java:50)\n\tat org.junit.runners.ParentRunner$3.run(ParentRunner.java:238)\n\tat org.junit.runners.ParentRunner$1.schedule(ParentRunner.java:63)\n\tat org.junit.runners.ParentRunner.runChildren(ParentRunner.java:236)\n\tat org.junit.runners.ParentRunner.access$000(ParentRunner.java:53)\n\tat org.junit.runners.ParentRunner$2.evaluate(ParentRunner.java:229)\n\tat org.junit.runners.ParentRunner.run(ParentRunner.java:309)\n\tat junit.framework.JUnit4TestAdapter.run(JUnit4TestAdapter.java:38)\n\tat org.apache.tools.ant.taskdefs.optional.junit.JUnitTestRunner.run(JUnitTestRunner.java:534)\n\tat org.apache.tools.ant.taskdefs.optional.junit.JUnitTask.executeInVM(JUnitTask.java:1617)\n\tat org.apache.tools.ant.taskdefs.optional.junit.JUnitTask.execute(JUnitTask.java:1039)\n\tat org.apache.tools.ant.taskdefs.optional.junit.JUnitTask.executeOrQueue(JUnitTask.java:2162)\n\tat org.apache.tools.ant.taskdefs.optional.junit.JUnitTask.execute(JUnitTask.java:853)\n\tat org.apache.tools.ant.UnknownElement.execute(UnknownElement.java:292)\n\tat sun.reflect.GeneratedMethodAccessor4.invoke(Unknown Source)\n\tat sun.reflect.DelegatingMethodAccessorImpl.invoke(DelegatingMethodAccessorImpl.java:43)\n\tat java.lang.reflect.Method.invoke(Method.java:498)\n\tat org.apache.tools.ant.dispatch.DispatchUtils.execute(DispatchUtils.java:99)\n\tat org.apache.tools.ant.Task.perform(Task.java:350)\n\tat org.apache.tools.ant.Target.execute(Target.java:449)\n\tat org.apache.tools.ant.Target.performTasks(Target.java:470)\n\tat org.apache.tools.ant.Project.executeSortedTargets(Project.java:1388)\n\tat org.apache.tools.ant.Project.executeTarget(Project.java:1361)\n\tat org.apache.tools.ant.helper.DefaultExecutor.executeTargets(DefaultExecutor.java:41)\n\tat org.apache.tools.ant.Project.executeTargets(Project.java:1251)\n\tat org.apache.tools.ant.Main.runBuild(Main.java:834)\n\tat org.apache.tools.ant.Main.startAnt(Main.java:223)\n\tat org.apache.tools.ant.launch.Launcher.run(Launcher.java:284)\n\tat org.apache.tools.ant.launch.Launcher.main(Launcher.java:101)\nCaused by: java.lang.ClassCastException: java.lang.Boolean cannot be cast to java.lang.String\n\tat org.mockitousage.IMethods$$EnhancerByMockitoWithCGLIB$$de235dc2.toString(<generated>)\n\tat java.lang.String.valueOf(String.java:2994)\n\tat java.lang.StringBuilder.append(StringBuilder.java:131)\n\tat org.mockito.exceptions.Reporter.noMoreInteractionsWantedInOrder(Reporter.java:434)\n\tat org.mockito.exceptions.ReporterTest.can_use_print_mock_name_even_when_mock_bogus_default_answer_and_when_reporting_no_more_interaction_wanted_in_order(ReporterTest.java:47)\n\tat sun.reflect.NativeMethodAccessorImpl.invoke0(Native Method)\n\tat sun.reflect.NativeMethodAccessorImpl.invoke(NativeMethodAccessorImpl.java:62)\n\tat sun.reflect.DelegatingMethodAccessorImpl.invoke(DelegatingMethodAccessorImpl.java:43)\n\tat java.lang.reflect.Method.invoke(Method.java:498)\n\tat org.junit.runners.model.FrameworkMethod$1.runReflectiveCall(FrameworkMethod.java:47)\n\tat org.junit.internal.runners.model.ReflectiveCallable.run(ReflectiveCallable.java:12)\n\tat org.junit.runners.model.FrameworkMethod.invokeExplosively(FrameworkMethod.java:44)\n\tat org.junit.internal.runners.statements.InvokeMethod.evaluate(InvokeMethod.java:17)\n\tat org.junit.internal.runners.statements.ExpectException.evaluate(ExpectException.java:19)\n\t... 33 more\norg.mockito.exceptions.ReporterTest::can_use_print_mock_name_even_when_mock_bogus_default_answer_and_when_reporting_injection_failure\njava.lang.Exception: Unexpected exception, expected<org.mockito.exceptions.base.MockitoException> but was<java.lang.NullPointerException>\n\tat org.junit.internal.runners.statements.ExpectException.evaluate(ExpectException.java:28)\n\tat org.junit.internal.runners.statements.RunBefores.evaluate(RunBefores.java:26)\n\tat org.junit.internal.runners.statements.RunAfters.evaluate(RunAfters.java:27)\n\tat org.junit.runners.ParentRunner.runLeaf(ParentRunner.java:271)\n\tat org.junit.runners.BlockJUnit4ClassRunner.runChild(BlockJUnit4ClassRunner.java:70)\n\tat org.junit.runners.BlockJUnit4ClassRunner.runChild(BlockJUnit4ClassRunner.java:50)\n\tat org.junit.runners.ParentRunner$3.run(ParentRunner.java:238)\n\tat org.junit.runners.ParentRunner$1.schedule(ParentRunner.java:63)\n\tat org.junit.runners.ParentRunner.runChildren(ParentRunner.java:236)\n\tat org.junit.runners.ParentRunner.access$000(ParentRunner.java:53)\n\tat org.junit.runners.ParentRunner$2.evaluate(ParentRunner.java:229)\n\tat org.junit.runners.ParentRunner.run(ParentRunner.java:309)\n\tat junit.framework.JUnit4TestAdapter.run(JUnit4TestAdapter.java:38)\n\tat org.apache.tools.ant.taskdefs.optional.junit.JUnitTestRunner.run(JUnitTestRunner.java:534)\n\tat org.apache.tools.ant.taskdefs.optional.junit.JUnitTask.executeInVM(JUnitTask.java:1617)\n\tat org.apache.tools.ant.taskdefs.optional.junit.JUnitTask.execute(JUnitTask.java:1039)\n\tat org.apache.tools.ant.taskdefs.optional.junit.JUnitTask.executeOrQueue(JUnitTask.java:2162)\n\tat org.apache.tools.ant.taskdefs.optional.junit.JUnitTask.execute(JUnitTask.java:853)\n\tat org.apache.tools.ant.UnknownElement.execute(UnknownElement.java:292)\n\tat sun.reflect.GeneratedMethodAccessor4.invoke(Unknown Source)\n\tat sun.reflect.DelegatingMethodAccessorImpl.invoke(DelegatingMethodAccessorImpl.java:43)\n\tat java.lang.reflect.Method.invoke(Method.java:498)\n\tat org.apache.tools.ant.dispatch.DispatchUtils.execute(DispatchUtils.java:99)\n\tat org.apache.tools.ant.Task.perform(Task.java:350)\n\tat org.apache.tools.ant.Target.execute(Target.java:449)\n\tat org.apache.tools.ant.Target.performTasks(Target.java:470)\n\tat org.apache.tools.ant.Project.executeSortedTargets(Project.java:1388)\n\tat org.apache.tools.ant.Project.executeTarget(Project.java:1361)\n\tat org.apache.tools.ant.helper.DefaultExecutor.executeTargets(DefaultExecutor.java:41)\n\tat org.apache.tools.ant.Project.executeTargets(Project.java:1251)\n\tat org.apache.tools.ant.Main.runBuild(Main.java:834)\n\tat org.apache.tools.ant.Main.startAnt(Main.java:223)\n\tat org.apache.tools.ant.launch.Launcher.run(Launcher.java:284)\n\tat org.apache.tools.ant.launch.Launcher.main(Launcher.java:101)\nCaused by: java.lang.NullPointerException\n\tat org.mockito.exceptions.Reporter.exceptionCauseMessageIfAvailable(Reporter.java:677)\n\tat org.mockito.exceptions.Reporter.cannotInjectDependency(Reporter.java:671)\n\tat org.mockito.exceptions.ReporterTest.can_use_print_mock_name_even_when_mock_bogus_default_answer_and_when_reporting_injection_failure(ReporterTest.java:79)\n\tat sun.reflect.NativeMethodAccessorImpl.invoke0(Native Method)\n\tat sun.reflect.NativeMethodAccessorImpl.invoke(NativeMethodAccessorImpl.java:62)\n\tat sun.reflect.DelegatingMethodAccessorImpl.invoke(DelegatingMethodAccessorImpl.java:43)\n\tat java.lang.reflect.Method.invoke(Method.java:498)\n\tat org.junit.runners.model.FrameworkMethod$1.runReflectiveCall(FrameworkMethod.java:47)\n\tat org.junit.internal.runners.model.ReflectiveCallable.run(ReflectiveCallable.java:12)\n\tat org.junit.runners.model.FrameworkMethod.invokeExplosively(FrameworkMethod.java:44)\n\tat org.junit.internal.runners.statements.InvokeMethod.evaluate(InvokeMethod.java:17)\n\tat org.junit.internal.runners.statements.ExpectException.evaluate(ExpectException.java:19)\n\t... 33 more\norg.mockito.exceptions.ReporterTest::can_use_mock_name_even_when_mock_bogus_default_answer_and_when_reporting_no_more_interaction_wanted\njava.lang.Exception: Unexpected exception, expected<org.mockito.exceptions.verification.NoInteractionsWanted> but was<java.lang.ClassCastException>\n\tat org.junit.internal.runners.statements.ExpectException.evaluate(ExpectException.java:28)\n\tat org.junit.internal.runners.statements.RunBefores.evaluate(RunBefores.java:26)\n\tat org.junit.internal.runners.statements.RunAfters.evaluate(RunAfters.java:27)\n\tat org.junit.runners.ParentRunner.runLeaf(ParentRunner.java:271)\n\tat org.junit.runners.BlockJUnit4ClassRunner.runChild(BlockJUnit4ClassRunner.java:70)\n\tat org.junit.runners.BlockJUnit4ClassRunner.runChild(BlockJUnit4ClassRunner.java:50)\n\tat org.junit.runners.ParentRunner$3.run(ParentRunner.java:238)\n\tat org.junit.runners.ParentRunner$1.schedule(ParentRunner.java:63)\n\tat org.junit.runners.ParentRunner.runChildren(ParentRunner.java:236)\n\tat org.junit.runners.ParentRunner.access$000(ParentRunner.java:53)\n\tat org.junit.runners.ParentRunner$2.evaluate(ParentRunner.java:229)\n\tat org.junit.runners.ParentRunner.run(ParentRunner.java:309)\n\tat junit.framework.JUnit4TestAdapter.run(JUnit4TestAdapter.java:38)\n\tat org.apache.tools.ant.taskdefs.optional.junit.JUnitTestRunner.run(JUnitTestRunner.java:534)\n\tat org.apache.tools.ant.taskdefs.optional.junit.JUnitTask.executeInVM(JUnitTask.java:1617)\n\tat org.apache.tools.ant.taskdefs.optional.junit.JUnitTask.execute(JUnitTask.java:1039)\n\tat org.apache.tools.ant.taskdefs.optional.junit.JUnitTask.executeOrQueue(JUnitTask.java:2162)\n\tat org.apache.tools.ant.taskdefs.optional.junit.JUnitTask.execute(JUnitTask.java:853)\n\tat org.apache.tools.ant.UnknownElement.execute(UnknownElement.java:292)\n\tat sun.reflect.GeneratedMethodAccessor4.invoke(Unknown Source)\n\tat sun.reflect.DelegatingMethodAccessorImpl.invoke(DelegatingMethodAccessorImpl.java:43)\n\tat java.lang.reflect.Method.invoke(Method.java:498)\n\tat org.apache.tools.ant.dispatch.DispatchUtils.execute(DispatchUtils.java:99)\n\tat org.apache.tools.ant.Task.perform(Task.java:350)\n\tat org.apache.tools.ant.Target.execute(Target.java:449)\n\tat org.apache.tools.ant.Target.performTasks(Target.java:470)\n\tat org.apache.tools.ant.Project.executeSortedTargets(Project.java:1388)\n\tat org.apache.tools.ant.Project.executeTarget(Project.java:1361)\n\tat org.apache.tools.ant.helper.DefaultExecutor.executeTargets(DefaultExecutor.java:41)\n\tat org.apache.tools.ant.Project.executeTargets(Project.java:1251)\n\tat org.apache.tools.ant.Main.runBuild(Main.java:834)\n\tat org.apache.tools.ant.Main.startAnt(Main.java:223)\n\tat org.apache.tools.ant.launch.Launcher.run(Launcher.java:284)\n\tat org.apache.tools.ant.launch.Launcher.main(Launcher.java:101)\nCaused by: java.lang.ClassCastException: java.lang.Boolean cannot be cast to java.lang.String\n\tat org.mockitousage.IMethods$$EnhancerByMockitoWithCGLIB$$de235dc2.toString(<generated>)\n\tat java.lang.String.valueOf(String.java:2994)\n\tat java.lang.StringBuilder.append(StringBuilder.java:131)\n\tat org.mockito.exceptions.Reporter.noMoreInteractionsWanted(Reporter.java:424)\n\tat org.mockito.exceptions.ReporterTest.can_use_mock_name_even_when_mock_bogus_default_answer_and_when_reporting_no_more_interaction_wanted(ReporterTest.java:41)\n\tat sun.reflect.NativeMethodAccessorImpl.invoke0(Native Method)\n\tat sun.reflect.NativeMethodAccessorImpl.invoke(NativeMethodAccessorImpl.java:62)\n\tat sun.reflect.DelegatingMethodAccessorImpl.invoke(DelegatingMethodAccessorImpl.java:43)\n\tat java.lang.reflect.Method.invoke(Method.java:498)\n\tat org.junit.runners.model.FrameworkMethod$1.runReflectiveCall(FrameworkMethod.java:47)\n\tat org.junit.internal.runners.model.ReflectiveCallable.run(ReflectiveCallable.java:12)\n\tat org.junit.runners.model.FrameworkMethod.invokeExplosively(FrameworkMethod.java:44)\n\tat org.junit.internal.runners.statements.InvokeMethod.evaluate(InvokeMethod.java:17)\n\tat org.junit.internal.runners.statements.ExpectException.evaluate(ExpectException.java:19)\n\t... 33 more\norg.mockitousage.bugs.ClassCastExOnVerifyZeroInteractionsTest::should_not_throw_a_ClassCastException\njava.lang.Exception: Unexpected exception, expected<org.mockito.exceptions.verification.NoInteractionsWanted> but was<java.lang.ClassCastException>\n\tat org.junit.internal.runners.statements.ExpectException.evaluate(ExpectException.java:28)\n\tat org.junit.runners.ParentRunner.runLeaf(ParentRunner.java:271)\n\tat org.junit.runners.BlockJUnit4ClassRunner.runChild(BlockJUnit4ClassRunner.java:70)\n\tat org.junit.runners.BlockJUnit4ClassRunner.runChild(BlockJUnit4ClassRunner.java:50)\n\tat org.junit.runners.ParentRunner$3.run(ParentRunner.java:238)\n\tat org.junit.runners.ParentRunner$1.schedule(ParentRunner.java:63)\n\tat org.junit.runners.ParentRunner.runChildren(ParentRunner.java:236)\n\tat org.junit.runners.ParentRunner.access$000(ParentRunner.java:53)\n\tat org.junit.runners.ParentRunner$2.evaluate(ParentRunner.java:229)\n\tat org.junit.runners.ParentRunner.run(ParentRunner.java:309)\n\tat junit.framework.JUnit4TestAdapter.run(JUnit4TestAdapter.java:38)\n\tat org.apache.tools.ant.taskdefs.optional.junit.JUnitTestRunner.run(JUnitTestRunner.java:534)\n\tat org.apache.tools.ant.taskdefs.optional.junit.JUnitTask.executeInVM(JUnitTask.java:1617)\n\tat org.apache.tools.ant.taskdefs.optional.junit.JUnitTask.execute(JUnitTask.java:1039)\n\tat org.apache.tools.ant.taskdefs.optional.junit.JUnitTask.executeOrQueue(JUnitTask.java:2162)\n\tat org.apache.tools.ant.taskdefs.optional.junit.JUnitTask.execute(JUnitTask.java:853)\n\tat org.apache.tools.ant.UnknownElement.execute(UnknownElement.java:292)\n\tat sun.reflect.GeneratedMethodAccessor4.invoke(Unknown Source)\n\tat sun.reflect.DelegatingMethodAccessorImpl.invoke(DelegatingMethodAccessorImpl.java:43)\n\tat java.lang.reflect.Method.invoke(Method.java:498)\n\tat org.apache.tools.ant.dispatch.DispatchUtils.execute(DispatchUtils.java:99)\n\tat org.apache.tools.ant.Task.perform(Task.java:350)\n\tat org.apache.tools.ant.Target.execute(Target.java:449)\n\tat org.apache.tools.ant.Target.performTasks(Target.java:470)\n\tat org.apache.tools.ant.Project.executeSortedTargets(Project.java:1388)\n\tat org.apache.tools.ant.Project.executeTarget(Project.java:1361)\n\tat org.apache.tools.ant.helper.DefaultExecutor.executeTargets(DefaultExecutor.java:41)\n\tat org.apache.tools.ant.Project.executeTargets(Project.java:1251)\n\tat org.apache.tools.ant.Main.runBuild(Main.java:834)\n\tat org.apache.tools.ant.Main.startAnt(Main.java:223)\n\tat org.apache.tools.ant.launch.Launcher.run(Launcher.java:284)\n\tat org.apache.tools.ant.launch.Launcher.main(Launcher.java:101)\nCaused by: java.lang.ClassCastException: java.lang.Boolean cannot be cast to java.lang.String\n\tat org.mockitousage.bugs.ClassCastExOnVerifyZeroInteractionsTest$TestMock$$EnhancerByMockitoWithCGLIB$$9b036b99.toString(<generated>)\n\tat java.lang.String.valueOf(String.java:2994)\n\tat java.lang.StringBuilder.append(StringBuilder.java:131)\n\tat org.mockito.exceptions.Reporter.noMoreInteractionsWanted(Reporter.java:424)\n\tat org.mockito.internal.verification.NoMoreInteractions.verify(NoMoreInteractions.java:24)\n\tat org.mockito.internal.MockitoCore.verifyNoMoreInteractions(MockitoCore.java:113)\n\tat org.mockito.Mockito.verifyZeroInteractions(Mockito.java:1674)\n\tat org.mockitousage.bugs.ClassCastExOnVerifyZeroInteractionsTest.should_not_throw_a_ClassCastException(ClassCastExOnVerifyZeroInteractionsTest.java:24)\n\tat sun.reflect.NativeMethodAccessorImpl.invoke0(Native Method)\n\tat sun.reflect.NativeMethodAccessorImpl.invoke(NativeMethodAccessorImpl.java:62)\n\tat sun.reflect.DelegatingMethodAccessorImpl.invoke(DelegatingMethodAccessorImpl.java:43)\n\tat java.lang.reflect.Method.invoke(Method.java:498)\n\tat org.junit.runners.model.FrameworkMethod$1.runReflectiveCall(FrameworkMethod.java:47)\n\tat org.junit.internal.runners.model.ReflectiveCallable.run(ReflectiveCallable.java:12)\n\tat org.junit.runners.model.FrameworkMethod.invokeExplosively(FrameworkMethod.java:44)\n\tat org.junit.internal.runners.statements.InvokeMethod.evaluate(InvokeMethod.java:17)\n\tat org.junit.internal.runners.statements.ExpectException.evaluate(ExpectException.java:19)\n\t... 31 more\n\n\nThere is a bug in the above code, please help me locate it by considering the stack trace.\n\nOutput **only** the exact buggy statement, with no line numbers, explanations, or additional content. Your response should contain just the buggy code line. Do not include ```java or ``` markers in the response.\n",
        "prompt_fl_6": "\nsource code:\npublic void noMoreInteractionsWanted(Invocation undesired, List<VerificationAwareInvocation> invocations) {\n        ScenarioPrinter scenarioPrinter = new ScenarioPrinter();\n        String scenario = scenarioPrinter.print(invocations);\n\n        throw new NoInteractionsWanted(join(\n                \"No interactions wanted here:\",\n                new LocationImpl(),\n                \"But found this interaction on mock '\" + undesired.getMock() + \"':\",\n                undesired.getLocation(),\n                scenario\n        ));\n    }\n\nstack trace:\norg.mockito.exceptions.ReporterTest::can_use_print_mock_name_even_when_mock_bogus_default_answer_and_when_reporting_no_more_interaction_wanted_in_order\njava.lang.Exception: Unexpected exception, expected<org.mockito.exceptions.verification.VerificationInOrderFailure> but was<java.lang.ClassCastException>\n\tat org.junit.internal.runners.statements.ExpectException.evaluate(ExpectException.java:28)\n\tat org.junit.internal.runners.statements.RunBefores.evaluate(RunBefores.java:26)\n\tat org.junit.internal.runners.statements.RunAfters.evaluate(RunAfters.java:27)\n\tat org.junit.runners.ParentRunner.runLeaf(ParentRunner.java:271)\n\tat org.junit.runners.BlockJUnit4ClassRunner.runChild(BlockJUnit4ClassRunner.java:70)\n\tat org.junit.runners.BlockJUnit4ClassRunner.runChild(BlockJUnit4ClassRunner.java:50)\n\tat org.junit.runners.ParentRunner$3.run(ParentRunner.java:238)\n\tat org.junit.runners.ParentRunner$1.schedule(ParentRunner.java:63)\n\tat org.junit.runners.ParentRunner.runChildren(ParentRunner.java:236)\n\tat org.junit.runners.ParentRunner.access$000(ParentRunner.java:53)\n\tat org.junit.runners.ParentRunner$2.evaluate(ParentRunner.java:229)\n\tat org.junit.runners.ParentRunner.run(ParentRunner.java:309)\n\tat junit.framework.JUnit4TestAdapter.run(JUnit4TestAdapter.java:38)\n\tat org.apache.tools.ant.taskdefs.optional.junit.JUnitTestRunner.run(JUnitTestRunner.java:534)\n\tat org.apache.tools.ant.taskdefs.optional.junit.JUnitTask.executeInVM(JUnitTask.java:1617)\n\tat org.apache.tools.ant.taskdefs.optional.junit.JUnitTask.execute(JUnitTask.java:1039)\n\tat org.apache.tools.ant.taskdefs.optional.junit.JUnitTask.executeOrQueue(JUnitTask.java:2162)\n\tat org.apache.tools.ant.taskdefs.optional.junit.JUnitTask.execute(JUnitTask.java:853)\n\tat org.apache.tools.ant.UnknownElement.execute(UnknownElement.java:292)\n\tat sun.reflect.GeneratedMethodAccessor4.invoke(Unknown Source)\n\tat sun.reflect.DelegatingMethodAccessorImpl.invoke(DelegatingMethodAccessorImpl.java:43)\n\tat java.lang.reflect.Method.invoke(Method.java:498)\n\tat org.apache.tools.ant.dispatch.DispatchUtils.execute(DispatchUtils.java:99)\n\tat org.apache.tools.ant.Task.perform(Task.java:350)\n\tat org.apache.tools.ant.Target.execute(Target.java:449)\n\tat org.apache.tools.ant.Target.performTasks(Target.java:470)\n\tat org.apache.tools.ant.Project.executeSortedTargets(Project.java:1388)\n\tat org.apache.tools.ant.Project.executeTarget(Project.java:1361)\n\tat org.apache.tools.ant.helper.DefaultExecutor.executeTargets(DefaultExecutor.java:41)\n\tat org.apache.tools.ant.Project.executeTargets(Project.java:1251)\n\tat org.apache.tools.ant.Main.runBuild(Main.java:834)\n\tat org.apache.tools.ant.Main.startAnt(Main.java:223)\n\tat org.apache.tools.ant.launch.Launcher.run(Launcher.java:284)\n\tat org.apache.tools.ant.launch.Launcher.main(Launcher.java:101)\nCaused by: java.lang.ClassCastException: java.lang.Boolean cannot be cast to java.lang.String\n\tat org.mockitousage.IMethods$$EnhancerByMockitoWithCGLIB$$de235dc2.toString(<generated>)\n\tat java.lang.String.valueOf(String.java:2994)\n\tat java.lang.StringBuilder.append(StringBuilder.java:131)\n\tat org.mockito.exceptions.Reporter.noMoreInteractionsWantedInOrder(Reporter.java:434)\n\tat org.mockito.exceptions.ReporterTest.can_use_print_mock_name_even_when_mock_bogus_default_answer_and_when_reporting_no_more_interaction_wanted_in_order(ReporterTest.java:47)\n\tat sun.reflect.NativeMethodAccessorImpl.invoke0(Native Method)\n\tat sun.reflect.NativeMethodAccessorImpl.invoke(NativeMethodAccessorImpl.java:62)\n\tat sun.reflect.DelegatingMethodAccessorImpl.invoke(DelegatingMethodAccessorImpl.java:43)\n\tat java.lang.reflect.Method.invoke(Method.java:498)\n\tat org.junit.runners.model.FrameworkMethod$1.runReflectiveCall(FrameworkMethod.java:47)\n\tat org.junit.internal.runners.model.ReflectiveCallable.run(ReflectiveCallable.java:12)\n\tat org.junit.runners.model.FrameworkMethod.invokeExplosively(FrameworkMethod.java:44)\n\tat org.junit.internal.runners.statements.InvokeMethod.evaluate(InvokeMethod.java:17)\n\tat org.junit.internal.runners.statements.ExpectException.evaluate(ExpectException.java:19)\n\t... 33 more\norg.mockito.exceptions.ReporterTest::can_use_print_mock_name_even_when_mock_bogus_default_answer_and_when_reporting_injection_failure\njava.lang.Exception: Unexpected exception, expected<org.mockito.exceptions.base.MockitoException> but was<java.lang.NullPointerException>\n\tat org.junit.internal.runners.statements.ExpectException.evaluate(ExpectException.java:28)\n\tat org.junit.internal.runners.statements.RunBefores.evaluate(RunBefores.java:26)\n\tat org.junit.internal.runners.statements.RunAfters.evaluate(RunAfters.java:27)\n\tat org.junit.runners.ParentRunner.runLeaf(ParentRunner.java:271)\n\tat org.junit.runners.BlockJUnit4ClassRunner.runChild(BlockJUnit4ClassRunner.java:70)\n\tat org.junit.runners.BlockJUnit4ClassRunner.runChild(BlockJUnit4ClassRunner.java:50)\n\tat org.junit.runners.ParentRunner$3.run(ParentRunner.java:238)\n\tat org.junit.runners.ParentRunner$1.schedule(ParentRunner.java:63)\n\tat org.junit.runners.ParentRunner.runChildren(ParentRunner.java:236)\n\tat org.junit.runners.ParentRunner.access$000(ParentRunner.java:53)\n\tat org.junit.runners.ParentRunner$2.evaluate(ParentRunner.java:229)\n\tat org.junit.runners.ParentRunner.run(ParentRunner.java:309)\n\tat junit.framework.JUnit4TestAdapter.run(JUnit4TestAdapter.java:38)\n\tat org.apache.tools.ant.taskdefs.optional.junit.JUnitTestRunner.run(JUnitTestRunner.java:534)\n\tat org.apache.tools.ant.taskdefs.optional.junit.JUnitTask.executeInVM(JUnitTask.java:1617)\n\tat org.apache.tools.ant.taskdefs.optional.junit.JUnitTask.execute(JUnitTask.java:1039)\n\tat org.apache.tools.ant.taskdefs.optional.junit.JUnitTask.executeOrQueue(JUnitTask.java:2162)\n\tat org.apache.tools.ant.taskdefs.optional.junit.JUnitTask.execute(JUnitTask.java:853)\n\tat org.apache.tools.ant.UnknownElement.execute(UnknownElement.java:292)\n\tat sun.reflect.GeneratedMethodAccessor4.invoke(Unknown Source)\n\tat sun.reflect.DelegatingMethodAccessorImpl.invoke(DelegatingMethodAccessorImpl.java:43)\n\tat java.lang.reflect.Method.invoke(Method.java:498)\n\tat org.apache.tools.ant.dispatch.DispatchUtils.execute(DispatchUtils.java:99)\n\tat org.apache.tools.ant.Task.perform(Task.java:350)\n\tat org.apache.tools.ant.Target.execute(Target.java:449)\n\tat org.apache.tools.ant.Target.performTasks(Target.java:470)\n\tat org.apache.tools.ant.Project.executeSortedTargets(Project.java:1388)\n\tat org.apache.tools.ant.Project.executeTarget(Project.java:1361)\n\tat org.apache.tools.ant.helper.DefaultExecutor.executeTargets(DefaultExecutor.java:41)\n\tat org.apache.tools.ant.Project.executeTargets(Project.java:1251)\n\tat org.apache.tools.ant.Main.runBuild(Main.java:834)\n\tat org.apache.tools.ant.Main.startAnt(Main.java:223)\n\tat org.apache.tools.ant.launch.Launcher.run(Launcher.java:284)\n\tat org.apache.tools.ant.launch.Launcher.main(Launcher.java:101)\nCaused by: java.lang.NullPointerException\n\tat org.mockito.exceptions.Reporter.exceptionCauseMessageIfAvailable(Reporter.java:677)\n\tat org.mockito.exceptions.Reporter.cannotInjectDependency(Reporter.java:671)\n\tat org.mockito.exceptions.ReporterTest.can_use_print_mock_name_even_when_mock_bogus_default_answer_and_when_reporting_injection_failure(ReporterTest.java:79)\n\tat sun.reflect.NativeMethodAccessorImpl.invoke0(Native Method)\n\tat sun.reflect.NativeMethodAccessorImpl.invoke(NativeMethodAccessorImpl.java:62)\n\tat sun.reflect.DelegatingMethodAccessorImpl.invoke(DelegatingMethodAccessorImpl.java:43)\n\tat java.lang.reflect.Method.invoke(Method.java:498)\n\tat org.junit.runners.model.FrameworkMethod$1.runReflectiveCall(FrameworkMethod.java:47)\n\tat org.junit.internal.runners.model.ReflectiveCallable.run(ReflectiveCallable.java:12)\n\tat org.junit.runners.model.FrameworkMethod.invokeExplosively(FrameworkMethod.java:44)\n\tat org.junit.internal.runners.statements.InvokeMethod.evaluate(InvokeMethod.java:17)\n\tat org.junit.internal.runners.statements.ExpectException.evaluate(ExpectException.java:19)\n\t... 33 more\norg.mockito.exceptions.ReporterTest::can_use_mock_name_even_when_mock_bogus_default_answer_and_when_reporting_no_more_interaction_wanted\njava.lang.Exception: Unexpected exception, expected<org.mockito.exceptions.verification.NoInteractionsWanted> but was<java.lang.ClassCastException>\n\tat org.junit.internal.runners.statements.ExpectException.evaluate(ExpectException.java:28)\n\tat org.junit.internal.runners.statements.RunBefores.evaluate(RunBefores.java:26)\n\tat org.junit.internal.runners.statements.RunAfters.evaluate(RunAfters.java:27)\n\tat org.junit.runners.ParentRunner.runLeaf(ParentRunner.java:271)\n\tat org.junit.runners.BlockJUnit4ClassRunner.runChild(BlockJUnit4ClassRunner.java:70)\n\tat org.junit.runners.BlockJUnit4ClassRunner.runChild(BlockJUnit4ClassRunner.java:50)\n\tat org.junit.runners.ParentRunner$3.run(ParentRunner.java:238)\n\tat org.junit.runners.ParentRunner$1.schedule(ParentRunner.java:63)\n\tat org.junit.runners.ParentRunner.runChildren(ParentRunner.java:236)\n\tat org.junit.runners.ParentRunner.access$000(ParentRunner.java:53)\n\tat org.junit.runners.ParentRunner$2.evaluate(ParentRunner.java:229)\n\tat org.junit.runners.ParentRunner.run(ParentRunner.java:309)\n\tat junit.framework.JUnit4TestAdapter.run(JUnit4TestAdapter.java:38)\n\tat org.apache.tools.ant.taskdefs.optional.junit.JUnitTestRunner.run(JUnitTestRunner.java:534)\n\tat org.apache.tools.ant.taskdefs.optional.junit.JUnitTask.executeInVM(JUnitTask.java:1617)\n\tat org.apache.tools.ant.taskdefs.optional.junit.JUnitTask.execute(JUnitTask.java:1039)\n\tat org.apache.tools.ant.taskdefs.optional.junit.JUnitTask.executeOrQueue(JUnitTask.java:2162)\n\tat org.apache.tools.ant.taskdefs.optional.junit.JUnitTask.execute(JUnitTask.java:853)\n\tat org.apache.tools.ant.UnknownElement.execute(UnknownElement.java:292)\n\tat sun.reflect.GeneratedMethodAccessor4.invoke(Unknown Source)\n\tat sun.reflect.DelegatingMethodAccessorImpl.invoke(DelegatingMethodAccessorImpl.java:43)\n\tat java.lang.reflect.Method.invoke(Method.java:498)\n\tat org.apache.tools.ant.dispatch.DispatchUtils.execute(DispatchUtils.java:99)\n\tat org.apache.tools.ant.Task.perform(Task.java:350)\n\tat org.apache.tools.ant.Target.execute(Target.java:449)\n\tat org.apache.tools.ant.Target.performTasks(Target.java:470)\n\tat org.apache.tools.ant.Project.executeSortedTargets(Project.java:1388)\n\tat org.apache.tools.ant.Project.executeTarget(Project.java:1361)\n\tat org.apache.tools.ant.helper.DefaultExecutor.executeTargets(DefaultExecutor.java:41)\n\tat org.apache.tools.ant.Project.executeTargets(Project.java:1251)\n\tat org.apache.tools.ant.Main.runBuild(Main.java:834)\n\tat org.apache.tools.ant.Main.startAnt(Main.java:223)\n\tat org.apache.tools.ant.launch.Launcher.run(Launcher.java:284)\n\tat org.apache.tools.ant.launch.Launcher.main(Launcher.java:101)\nCaused by: java.lang.ClassCastException: java.lang.Boolean cannot be cast to java.lang.String\n\tat org.mockitousage.IMethods$$EnhancerByMockitoWithCGLIB$$de235dc2.toString(<generated>)\n\tat java.lang.String.valueOf(String.java:2994)\n\tat java.lang.StringBuilder.append(StringBuilder.java:131)\n\tat org.mockito.exceptions.Reporter.noMoreInteractionsWanted(Reporter.java:424)\n\tat org.mockito.exceptions.ReporterTest.can_use_mock_name_even_when_mock_bogus_default_answer_and_when_reporting_no_more_interaction_wanted(ReporterTest.java:41)\n\tat sun.reflect.NativeMethodAccessorImpl.invoke0(Native Method)\n\tat sun.reflect.NativeMethodAccessorImpl.invoke(NativeMethodAccessorImpl.java:62)\n\tat sun.reflect.DelegatingMethodAccessorImpl.invoke(DelegatingMethodAccessorImpl.java:43)\n\tat java.lang.reflect.Method.invoke(Method.java:498)\n\tat org.junit.runners.model.FrameworkMethod$1.runReflectiveCall(FrameworkMethod.java:47)\n\tat org.junit.internal.runners.model.ReflectiveCallable.run(ReflectiveCallable.java:12)\n\tat org.junit.runners.model.FrameworkMethod.invokeExplosively(FrameworkMethod.java:44)\n\tat org.junit.internal.runners.statements.InvokeMethod.evaluate(InvokeMethod.java:17)\n\tat org.junit.internal.runners.statements.ExpectException.evaluate(ExpectException.java:19)\n\t... 33 more\norg.mockitousage.bugs.ClassCastExOnVerifyZeroInteractionsTest::should_not_throw_a_ClassCastException\njava.lang.Exception: Unexpected exception, expected<org.mockito.exceptions.verification.NoInteractionsWanted> but was<java.lang.ClassCastException>\n\tat org.junit.internal.runners.statements.ExpectException.evaluate(ExpectException.java:28)\n\tat org.junit.runners.ParentRunner.runLeaf(ParentRunner.java:271)\n\tat org.junit.runners.BlockJUnit4ClassRunner.runChild(BlockJUnit4ClassRunner.java:70)\n\tat org.junit.runners.BlockJUnit4ClassRunner.runChild(BlockJUnit4ClassRunner.java:50)\n\tat org.junit.runners.ParentRunner$3.run(ParentRunner.java:238)\n\tat org.junit.runners.ParentRunner$1.schedule(ParentRunner.java:63)\n\tat org.junit.runners.ParentRunner.runChildren(ParentRunner.java:236)\n\tat org.junit.runners.ParentRunner.access$000(ParentRunner.java:53)\n\tat org.junit.runners.ParentRunner$2.evaluate(ParentRunner.java:229)\n\tat org.junit.runners.ParentRunner.run(ParentRunner.java:309)\n\tat junit.framework.JUnit4TestAdapter.run(JUnit4TestAdapter.java:38)\n\tat org.apache.tools.ant.taskdefs.optional.junit.JUnitTestRunner.run(JUnitTestRunner.java:534)\n\tat org.apache.tools.ant.taskdefs.optional.junit.JUnitTask.executeInVM(JUnitTask.java:1617)\n\tat org.apache.tools.ant.taskdefs.optional.junit.JUnitTask.execute(JUnitTask.java:1039)\n\tat org.apache.tools.ant.taskdefs.optional.junit.JUnitTask.executeOrQueue(JUnitTask.java:2162)\n\tat org.apache.tools.ant.taskdefs.optional.junit.JUnitTask.execute(JUnitTask.java:853)\n\tat org.apache.tools.ant.UnknownElement.execute(UnknownElement.java:292)\n\tat sun.reflect.GeneratedMethodAccessor4.invoke(Unknown Source)\n\tat sun.reflect.DelegatingMethodAccessorImpl.invoke(DelegatingMethodAccessorImpl.java:43)\n\tat java.lang.reflect.Method.invoke(Method.java:498)\n\tat org.apache.tools.ant.dispatch.DispatchUtils.execute(DispatchUtils.java:99)\n\tat org.apache.tools.ant.Task.perform(Task.java:350)\n\tat org.apache.tools.ant.Target.execute(Target.java:449)\n\tat org.apache.tools.ant.Target.performTasks(Target.java:470)\n\tat org.apache.tools.ant.Project.executeSortedTargets(Project.java:1388)\n\tat org.apache.tools.ant.Project.executeTarget(Project.java:1361)\n\tat org.apache.tools.ant.helper.DefaultExecutor.executeTargets(DefaultExecutor.java:41)\n\tat org.apache.tools.ant.Project.executeTargets(Project.java:1251)\n\tat org.apache.tools.ant.Main.runBuild(Main.java:834)\n\tat org.apache.tools.ant.Main.startAnt(Main.java:223)\n\tat org.apache.tools.ant.launch.Launcher.run(Launcher.java:284)\n\tat org.apache.tools.ant.launch.Launcher.main(Launcher.java:101)\nCaused by: java.lang.ClassCastException: java.lang.Boolean cannot be cast to java.lang.String\n\tat org.mockitousage.bugs.ClassCastExOnVerifyZeroInteractionsTest$TestMock$$EnhancerByMockitoWithCGLIB$$9b036b99.toString(<generated>)\n\tat java.lang.String.valueOf(String.java:2994)\n\tat java.lang.StringBuilder.append(StringBuilder.java:131)\n\tat org.mockito.exceptions.Reporter.noMoreInteractionsWanted(Reporter.java:424)\n\tat org.mockito.internal.verification.NoMoreInteractions.verify(NoMoreInteractions.java:24)\n\tat org.mockito.internal.MockitoCore.verifyNoMoreInteractions(MockitoCore.java:113)\n\tat org.mockito.Mockito.verifyZeroInteractions(Mockito.java:1674)\n\tat org.mockitousage.bugs.ClassCastExOnVerifyZeroInteractionsTest.should_not_throw_a_ClassCastException(ClassCastExOnVerifyZeroInteractionsTest.java:24)\n\tat sun.reflect.NativeMethodAccessorImpl.invoke0(Native Method)\n\tat sun.reflect.NativeMethodAccessorImpl.invoke(NativeMethodAccessorImpl.java:62)\n\tat sun.reflect.DelegatingMethodAccessorImpl.invoke(DelegatingMethodAccessorImpl.java:43)\n\tat java.lang.reflect.Method.invoke(Method.java:498)\n\tat org.junit.runners.model.FrameworkMethod$1.runReflectiveCall(FrameworkMethod.java:47)\n\tat org.junit.internal.runners.model.ReflectiveCallable.run(ReflectiveCallable.java:12)\n\tat org.junit.runners.model.FrameworkMethod.invokeExplosively(FrameworkMethod.java:44)\n\tat org.junit.internal.runners.statements.InvokeMethod.evaluate(InvokeMethod.java:17)\n\tat org.junit.internal.runners.statements.ExpectException.evaluate(ExpectException.java:19)\n\t... 31 more\n\n\nfailure assertion code:\nnew Reporter().noMoreInteractionsWantedInOrder(invocation_with_bogus_default_answer);\n\n\nThere is a bug in the above code, please help me locate it by considering the stack trace information and failure assertion code.\n\nOutput **only** the exact buggy statement, with no line numbers, explanations, or additional content. Your response should contain just the buggy code line. Do not include ```java or ``` markers in the response.\n",
        "prompt_apr_1": "\npublic void noMoreInteractionsWanted(Invocation undesired, List<VerificationAwareInvocation> invocations) {\n        ScenarioPrinter scenarioPrinter = new ScenarioPrinter();\n        String scenario = scenarioPrinter.print(invocations);\n\n        throw new NoInteractionsWanted(join(\n                \"No interactions wanted here:\",\n                new LocationImpl(),\n                \"But found this interaction on mock '\" + undesired.getMock() + \"':\",\n                undesired.getLocation(),\n                scenario\n        ));\n    }\n\nThere is a bug in line [8] of the code, please help me fix it.\n\nPlease return the **complete corrected method**. Do not skip or omit any part of the code. Do not include ```java or ``` markers in the response.\n",
        "prompt_apr_2": "\npublic void noMoreInteractionsWanted(Invocation undesired, List<VerificationAwareInvocation> invocations) {\n        ScenarioPrinter scenarioPrinter = new ScenarioPrinter();\n        String scenario = scenarioPrinter.print(invocations);\n\n        throw new NoInteractionsWanted(join(\n                \"No interactions wanted here:\",\n                new LocationImpl(),\n                \"But found this interaction on mock '\" + undesired.getMock() + \"':\",\n                undesired.getLocation(),\n                scenario\n        ));\n    }\n\nThere is a bug in ['                \"But found this interaction on mock \\'\" + undesired.getMock() + \"\\':\",'] , please help me fix it. \n\nPlease return the **complete corrected method**. Do not skip or omit any part of the code. Do not include ```java or ``` markers in the response.\n",
        "prompt_apr_3": "\npublic void noMoreInteractionsWanted(Invocation undesired, List<VerificationAwareInvocation> invocations) {\n        ScenarioPrinter scenarioPrinter = new ScenarioPrinter();\n        String scenario = scenarioPrinter.print(invocations);\n\n        throw new NoInteractionsWanted(join(\n                \"No interactions wanted here:\",\n                new LocationImpl(),\n                \"But found this interaction on mock '\" + undesired.getMock() + \"':\",\n\nThere is a bug in the last statement, please help me fix it.\n\nReturn the code **only from the method declaration to the fixed statement**, without completing or adding additional code. Do not modify anything beyond fixing the bug, and do not complete the `if` statement or other unfinished parts. Do not include ```java or ``` markers in the response.\n",
        "prompt_apr_4": "\npublic void noMoreInteractionsWanted(Invocation undesired, List<VerificationAwareInvocation> invocations) {\n        ScenarioPrinter scenarioPrinter = new ScenarioPrinter();\n        String scenario = scenarioPrinter.print(invocations);\n\n        throw new NoInteractionsWanted(join(\n                \"No interactions wanted here:\",\n                new LocationImpl(),\n                \"But found this interaction on mock '\" + undesired.getMock() + \"':\",\n                undesired.getLocation(),\n                scenario\n        ));\n    }\n\nThere is a bug in line [8] of the code, please help me fix it.\n\nPlease return the results in a strict JSON format as described below. Please follow these instructions carefully:\n1. Your output must include each repaired line's number (`line_number`) and the corresponding fixed code statement (`fixed_statement`).\n2. The output format must be a valid JSON array, where each element represents one repaired line, with the following structure:\n   - `\"line_number\"`: The line number of the buggy code that was repaired (integer).\n   - `\"fixed_statement\"`: The repaired statement for that specific line (string).\n\n3. The result must strictly follow this format:\n[\n    {\n        \"line_number\": int,\n        \"fixed_statement\": \"string\"\n    },\n    {\n        \"line_number\": int,\n        \"fixed_statement\": \"string\"\n    }\n]\n4. The repaired statement in \"fixed_statement\" must replace the corresponding line in the buggy code.\n5. You must NOT include any additional explanation or description in your response. Only return the JSON array. Do not include ```json or ``` markers in the response.\n",
        "prompt_apr_5": "\npublic void noMoreInteractionsWanted(Invocation undesired, List<VerificationAwareInvocation> invocations) {\n        ScenarioPrinter scenarioPrinter = new ScenarioPrinter();\n        String scenario = scenarioPrinter.print(invocations);\n\n        throw new NoInteractionsWanted(join(\n                \"No interactions wanted here:\",\n                new LocationImpl(),\n                \"But found this interaction on mock '\" + undesired.getMock() + \"':\",\n                undesired.getLocation(),\n                scenario\n        ));\n    }\n\nThere is a bug in ['                \"But found this interaction on mock \\'\" + undesired.getMock() + \"\\':\",'] , please help me fix it. \n\nPlease return the results in a strict JSON format as described below. Please follow these instructions carefully:\n1. Your output must include each repaired line's number (`line_number`) and the corresponding fixed code statement (`fixed_statement`).\n2. The output format must be a valid JSON array, where each element represents one repaired line, with the following structure:\n   - `\"line_number\"`: The line number of the buggy code that was repaired (integer).\n   - `\"fixed_statement\"`: The repaired statement for that specific line (string).\n\n3. The result must strictly follow this format:\n[\n    {\n        \"line_number\": int,\n        \"fixed_statement\": \"string\"\n    },\n    {\n        \"line_number\": int,\n        \"fixed_statement\": \"string\"\n    }\n]\n4. The repaired statement in \"fixed_statement\" must replace the corresponding line in the buggy code.\n5. You must NOT include any additional explanation or description in your response. Only return the JSON array. Do not include ```json or ``` markers in the response.\n",
        "prompt_apr_6": "\npublic void noMoreInteractionsWanted(Invocation undesired, List<VerificationAwareInvocation> invocations) {\n        ScenarioPrinter scenarioPrinter = new ScenarioPrinter();\n        String scenario = scenarioPrinter.print(invocations);\n\n        throw new NoInteractionsWanted(join(\n                \"No interactions wanted here:\",\n                new LocationImpl(),\n                \"But found this interaction on mock '\" + undesired.getMock() + \"':\",\n\nThere is a bug in the last statement, please help me fix it.\n\nPlease return the results in a strict JSON format as described below. Please follow these instructions carefully:\n1. Your output must include each repaired line's number (`line_number`) and the corresponding fixed code statement (`fixed_statement`).\n2. The output format must be a valid JSON array, where each element represents one repaired line, with the following structure:\n   - `\"line_number\"`: The line number of the buggy code that was repaired (integer).\n   - `\"fixed_statement\"`: The repaired statement for that specific line (string).\n\n3. The result must strictly follow this format:\n[\n    {\n        \"line_number\": int,\n        \"fixed_statement\": \"string\"\n    },\n    {\n        \"line_number\": int,\n        \"fixed_statement\": \"string\"\n    }\n]\n4. The repaired statement in \"fixed_statement\" must replace the corresponding line in the buggy code.\n5. You must NOT include any additional explanation or description in your response. Only return the JSON array. Do not include ```json or ``` markers in the response.\n"
    },
    {
        "prompt_fl_1": "\nsource code:\npublic void noMoreInteractionsWantedInOrder(Invocation undesired) {\n        throw new VerificationInOrderFailure(join(\n                \"No interactions wanted here:\",\n                new LocationImpl(),\n                \"But found this interaction on mock '\" + undesired.getMock() + \"':\",\n                undesired.getLocation()\n        ));\n    }\n\nThere is a bug in the above code, please help me locate it.\n\nPlease output **only one integer**: the line number of the buggy code (The code starts from line 1). Do not provide any explanations or additional content.\n",
        "prompt_fl_2": "\nsource code:\npublic void noMoreInteractionsWantedInOrder(Invocation undesired) {\n        throw new VerificationInOrderFailure(join(\n                \"No interactions wanted here:\",\n                new LocationImpl(),\n                \"But found this interaction on mock '\" + undesired.getMock() + \"':\",\n                undesired.getLocation()\n        ));\n    }\n\nstack trace:\norg.mockito.exceptions.ReporterTest::can_use_print_mock_name_even_when_mock_bogus_default_answer_and_when_reporting_no_more_interaction_wanted_in_order\njava.lang.Exception: Unexpected exception, expected<org.mockito.exceptions.verification.VerificationInOrderFailure> but was<java.lang.ClassCastException>\n\tat org.junit.internal.runners.statements.ExpectException.evaluate(ExpectException.java:28)\n\tat org.junit.internal.runners.statements.RunBefores.evaluate(RunBefores.java:26)\n\tat org.junit.internal.runners.statements.RunAfters.evaluate(RunAfters.java:27)\n\tat org.junit.runners.ParentRunner.runLeaf(ParentRunner.java:271)\n\tat org.junit.runners.BlockJUnit4ClassRunner.runChild(BlockJUnit4ClassRunner.java:70)\n\tat org.junit.runners.BlockJUnit4ClassRunner.runChild(BlockJUnit4ClassRunner.java:50)\n\tat org.junit.runners.ParentRunner$3.run(ParentRunner.java:238)\n\tat org.junit.runners.ParentRunner$1.schedule(ParentRunner.java:63)\n\tat org.junit.runners.ParentRunner.runChildren(ParentRunner.java:236)\n\tat org.junit.runners.ParentRunner.access$000(ParentRunner.java:53)\n\tat org.junit.runners.ParentRunner$2.evaluate(ParentRunner.java:229)\n\tat org.junit.runners.ParentRunner.run(ParentRunner.java:309)\n\tat junit.framework.JUnit4TestAdapter.run(JUnit4TestAdapter.java:38)\n\tat org.apache.tools.ant.taskdefs.optional.junit.JUnitTestRunner.run(JUnitTestRunner.java:534)\n\tat org.apache.tools.ant.taskdefs.optional.junit.JUnitTask.executeInVM(JUnitTask.java:1617)\n\tat org.apache.tools.ant.taskdefs.optional.junit.JUnitTask.execute(JUnitTask.java:1039)\n\tat org.apache.tools.ant.taskdefs.optional.junit.JUnitTask.executeOrQueue(JUnitTask.java:2162)\n\tat org.apache.tools.ant.taskdefs.optional.junit.JUnitTask.execute(JUnitTask.java:853)\n\tat org.apache.tools.ant.UnknownElement.execute(UnknownElement.java:292)\n\tat sun.reflect.GeneratedMethodAccessor4.invoke(Unknown Source)\n\tat sun.reflect.DelegatingMethodAccessorImpl.invoke(DelegatingMethodAccessorImpl.java:43)\n\tat java.lang.reflect.Method.invoke(Method.java:498)\n\tat org.apache.tools.ant.dispatch.DispatchUtils.execute(DispatchUtils.java:99)\n\tat org.apache.tools.ant.Task.perform(Task.java:350)\n\tat org.apache.tools.ant.Target.execute(Target.java:449)\n\tat org.apache.tools.ant.Target.performTasks(Target.java:470)\n\tat org.apache.tools.ant.Project.executeSortedTargets(Project.java:1388)\n\tat org.apache.tools.ant.Project.executeTarget(Project.java:1361)\n\tat org.apache.tools.ant.helper.DefaultExecutor.executeTargets(DefaultExecutor.java:41)\n\tat org.apache.tools.ant.Project.executeTargets(Project.java:1251)\n\tat org.apache.tools.ant.Main.runBuild(Main.java:834)\n\tat org.apache.tools.ant.Main.startAnt(Main.java:223)\n\tat org.apache.tools.ant.launch.Launcher.run(Launcher.java:284)\n\tat org.apache.tools.ant.launch.Launcher.main(Launcher.java:101)\nCaused by: java.lang.ClassCastException: java.lang.Boolean cannot be cast to java.lang.String\n\tat org.mockitousage.IMethods$$EnhancerByMockitoWithCGLIB$$de235dc2.toString(<generated>)\n\tat java.lang.String.valueOf(String.java:2994)\n\tat java.lang.StringBuilder.append(StringBuilder.java:131)\n\tat org.mockito.exceptions.Reporter.noMoreInteractionsWantedInOrder(Reporter.java:434)\n\tat org.mockito.exceptions.ReporterTest.can_use_print_mock_name_even_when_mock_bogus_default_answer_and_when_reporting_no_more_interaction_wanted_in_order(ReporterTest.java:47)\n\tat sun.reflect.NativeMethodAccessorImpl.invoke0(Native Method)\n\tat sun.reflect.NativeMethodAccessorImpl.invoke(NativeMethodAccessorImpl.java:62)\n\tat sun.reflect.DelegatingMethodAccessorImpl.invoke(DelegatingMethodAccessorImpl.java:43)\n\tat java.lang.reflect.Method.invoke(Method.java:498)\n\tat org.junit.runners.model.FrameworkMethod$1.runReflectiveCall(FrameworkMethod.java:47)\n\tat org.junit.internal.runners.model.ReflectiveCallable.run(ReflectiveCallable.java:12)\n\tat org.junit.runners.model.FrameworkMethod.invokeExplosively(FrameworkMethod.java:44)\n\tat org.junit.internal.runners.statements.InvokeMethod.evaluate(InvokeMethod.java:17)\n\tat org.junit.internal.runners.statements.ExpectException.evaluate(ExpectException.java:19)\n\t... 33 more\norg.mockito.exceptions.ReporterTest::can_use_print_mock_name_even_when_mock_bogus_default_answer_and_when_reporting_injection_failure\njava.lang.Exception: Unexpected exception, expected<org.mockito.exceptions.base.MockitoException> but was<java.lang.NullPointerException>\n\tat org.junit.internal.runners.statements.ExpectException.evaluate(ExpectException.java:28)\n\tat org.junit.internal.runners.statements.RunBefores.evaluate(RunBefores.java:26)\n\tat org.junit.internal.runners.statements.RunAfters.evaluate(RunAfters.java:27)\n\tat org.junit.runners.ParentRunner.runLeaf(ParentRunner.java:271)\n\tat org.junit.runners.BlockJUnit4ClassRunner.runChild(BlockJUnit4ClassRunner.java:70)\n\tat org.junit.runners.BlockJUnit4ClassRunner.runChild(BlockJUnit4ClassRunner.java:50)\n\tat org.junit.runners.ParentRunner$3.run(ParentRunner.java:238)\n\tat org.junit.runners.ParentRunner$1.schedule(ParentRunner.java:63)\n\tat org.junit.runners.ParentRunner.runChildren(ParentRunner.java:236)\n\tat org.junit.runners.ParentRunner.access$000(ParentRunner.java:53)\n\tat org.junit.runners.ParentRunner$2.evaluate(ParentRunner.java:229)\n\tat org.junit.runners.ParentRunner.run(ParentRunner.java:309)\n\tat junit.framework.JUnit4TestAdapter.run(JUnit4TestAdapter.java:38)\n\tat org.apache.tools.ant.taskdefs.optional.junit.JUnitTestRunner.run(JUnitTestRunner.java:534)\n\tat org.apache.tools.ant.taskdefs.optional.junit.JUnitTask.executeInVM(JUnitTask.java:1617)\n\tat org.apache.tools.ant.taskdefs.optional.junit.JUnitTask.execute(JUnitTask.java:1039)\n\tat org.apache.tools.ant.taskdefs.optional.junit.JUnitTask.executeOrQueue(JUnitTask.java:2162)\n\tat org.apache.tools.ant.taskdefs.optional.junit.JUnitTask.execute(JUnitTask.java:853)\n\tat org.apache.tools.ant.UnknownElement.execute(UnknownElement.java:292)\n\tat sun.reflect.GeneratedMethodAccessor4.invoke(Unknown Source)\n\tat sun.reflect.DelegatingMethodAccessorImpl.invoke(DelegatingMethodAccessorImpl.java:43)\n\tat java.lang.reflect.Method.invoke(Method.java:498)\n\tat org.apache.tools.ant.dispatch.DispatchUtils.execute(DispatchUtils.java:99)\n\tat org.apache.tools.ant.Task.perform(Task.java:350)\n\tat org.apache.tools.ant.Target.execute(Target.java:449)\n\tat org.apache.tools.ant.Target.performTasks(Target.java:470)\n\tat org.apache.tools.ant.Project.executeSortedTargets(Project.java:1388)\n\tat org.apache.tools.ant.Project.executeTarget(Project.java:1361)\n\tat org.apache.tools.ant.helper.DefaultExecutor.executeTargets(DefaultExecutor.java:41)\n\tat org.apache.tools.ant.Project.executeTargets(Project.java:1251)\n\tat org.apache.tools.ant.Main.runBuild(Main.java:834)\n\tat org.apache.tools.ant.Main.startAnt(Main.java:223)\n\tat org.apache.tools.ant.launch.Launcher.run(Launcher.java:284)\n\tat org.apache.tools.ant.launch.Launcher.main(Launcher.java:101)\nCaused by: java.lang.NullPointerException\n\tat org.mockito.exceptions.Reporter.exceptionCauseMessageIfAvailable(Reporter.java:677)\n\tat org.mockito.exceptions.Reporter.cannotInjectDependency(Reporter.java:671)\n\tat org.mockito.exceptions.ReporterTest.can_use_print_mock_name_even_when_mock_bogus_default_answer_and_when_reporting_injection_failure(ReporterTest.java:79)\n\tat sun.reflect.NativeMethodAccessorImpl.invoke0(Native Method)\n\tat sun.reflect.NativeMethodAccessorImpl.invoke(NativeMethodAccessorImpl.java:62)\n\tat sun.reflect.DelegatingMethodAccessorImpl.invoke(DelegatingMethodAccessorImpl.java:43)\n\tat java.lang.reflect.Method.invoke(Method.java:498)\n\tat org.junit.runners.model.FrameworkMethod$1.runReflectiveCall(FrameworkMethod.java:47)\n\tat org.junit.internal.runners.model.ReflectiveCallable.run(ReflectiveCallable.java:12)\n\tat org.junit.runners.model.FrameworkMethod.invokeExplosively(FrameworkMethod.java:44)\n\tat org.junit.internal.runners.statements.InvokeMethod.evaluate(InvokeMethod.java:17)\n\tat org.junit.internal.runners.statements.ExpectException.evaluate(ExpectException.java:19)\n\t... 33 more\norg.mockito.exceptions.ReporterTest::can_use_mock_name_even_when_mock_bogus_default_answer_and_when_reporting_no_more_interaction_wanted\njava.lang.Exception: Unexpected exception, expected<org.mockito.exceptions.verification.NoInteractionsWanted> but was<java.lang.ClassCastException>\n\tat org.junit.internal.runners.statements.ExpectException.evaluate(ExpectException.java:28)\n\tat org.junit.internal.runners.statements.RunBefores.evaluate(RunBefores.java:26)\n\tat org.junit.internal.runners.statements.RunAfters.evaluate(RunAfters.java:27)\n\tat org.junit.runners.ParentRunner.runLeaf(ParentRunner.java:271)\n\tat org.junit.runners.BlockJUnit4ClassRunner.runChild(BlockJUnit4ClassRunner.java:70)\n\tat org.junit.runners.BlockJUnit4ClassRunner.runChild(BlockJUnit4ClassRunner.java:50)\n\tat org.junit.runners.ParentRunner$3.run(ParentRunner.java:238)\n\tat org.junit.runners.ParentRunner$1.schedule(ParentRunner.java:63)\n\tat org.junit.runners.ParentRunner.runChildren(ParentRunner.java:236)\n\tat org.junit.runners.ParentRunner.access$000(ParentRunner.java:53)\n\tat org.junit.runners.ParentRunner$2.evaluate(ParentRunner.java:229)\n\tat org.junit.runners.ParentRunner.run(ParentRunner.java:309)\n\tat junit.framework.JUnit4TestAdapter.run(JUnit4TestAdapter.java:38)\n\tat org.apache.tools.ant.taskdefs.optional.junit.JUnitTestRunner.run(JUnitTestRunner.java:534)\n\tat org.apache.tools.ant.taskdefs.optional.junit.JUnitTask.executeInVM(JUnitTask.java:1617)\n\tat org.apache.tools.ant.taskdefs.optional.junit.JUnitTask.execute(JUnitTask.java:1039)\n\tat org.apache.tools.ant.taskdefs.optional.junit.JUnitTask.executeOrQueue(JUnitTask.java:2162)\n\tat org.apache.tools.ant.taskdefs.optional.junit.JUnitTask.execute(JUnitTask.java:853)\n\tat org.apache.tools.ant.UnknownElement.execute(UnknownElement.java:292)\n\tat sun.reflect.GeneratedMethodAccessor4.invoke(Unknown Source)\n\tat sun.reflect.DelegatingMethodAccessorImpl.invoke(DelegatingMethodAccessorImpl.java:43)\n\tat java.lang.reflect.Method.invoke(Method.java:498)\n\tat org.apache.tools.ant.dispatch.DispatchUtils.execute(DispatchUtils.java:99)\n\tat org.apache.tools.ant.Task.perform(Task.java:350)\n\tat org.apache.tools.ant.Target.execute(Target.java:449)\n\tat org.apache.tools.ant.Target.performTasks(Target.java:470)\n\tat org.apache.tools.ant.Project.executeSortedTargets(Project.java:1388)\n\tat org.apache.tools.ant.Project.executeTarget(Project.java:1361)\n\tat org.apache.tools.ant.helper.DefaultExecutor.executeTargets(DefaultExecutor.java:41)\n\tat org.apache.tools.ant.Project.executeTargets(Project.java:1251)\n\tat org.apache.tools.ant.Main.runBuild(Main.java:834)\n\tat org.apache.tools.ant.Main.startAnt(Main.java:223)\n\tat org.apache.tools.ant.launch.Launcher.run(Launcher.java:284)\n\tat org.apache.tools.ant.launch.Launcher.main(Launcher.java:101)\nCaused by: java.lang.ClassCastException: java.lang.Boolean cannot be cast to java.lang.String\n\tat org.mockitousage.IMethods$$EnhancerByMockitoWithCGLIB$$de235dc2.toString(<generated>)\n\tat java.lang.String.valueOf(String.java:2994)\n\tat java.lang.StringBuilder.append(StringBuilder.java:131)\n\tat org.mockito.exceptions.Reporter.noMoreInteractionsWanted(Reporter.java:424)\n\tat org.mockito.exceptions.ReporterTest.can_use_mock_name_even_when_mock_bogus_default_answer_and_when_reporting_no_more_interaction_wanted(ReporterTest.java:41)\n\tat sun.reflect.NativeMethodAccessorImpl.invoke0(Native Method)\n\tat sun.reflect.NativeMethodAccessorImpl.invoke(NativeMethodAccessorImpl.java:62)\n\tat sun.reflect.DelegatingMethodAccessorImpl.invoke(DelegatingMethodAccessorImpl.java:43)\n\tat java.lang.reflect.Method.invoke(Method.java:498)\n\tat org.junit.runners.model.FrameworkMethod$1.runReflectiveCall(FrameworkMethod.java:47)\n\tat org.junit.internal.runners.model.ReflectiveCallable.run(ReflectiveCallable.java:12)\n\tat org.junit.runners.model.FrameworkMethod.invokeExplosively(FrameworkMethod.java:44)\n\tat org.junit.internal.runners.statements.InvokeMethod.evaluate(InvokeMethod.java:17)\n\tat org.junit.internal.runners.statements.ExpectException.evaluate(ExpectException.java:19)\n\t... 33 more\norg.mockitousage.bugs.ClassCastExOnVerifyZeroInteractionsTest::should_not_throw_a_ClassCastException\njava.lang.Exception: Unexpected exception, expected<org.mockito.exceptions.verification.NoInteractionsWanted> but was<java.lang.ClassCastException>\n\tat org.junit.internal.runners.statements.ExpectException.evaluate(ExpectException.java:28)\n\tat org.junit.runners.ParentRunner.runLeaf(ParentRunner.java:271)\n\tat org.junit.runners.BlockJUnit4ClassRunner.runChild(BlockJUnit4ClassRunner.java:70)\n\tat org.junit.runners.BlockJUnit4ClassRunner.runChild(BlockJUnit4ClassRunner.java:50)\n\tat org.junit.runners.ParentRunner$3.run(ParentRunner.java:238)\n\tat org.junit.runners.ParentRunner$1.schedule(ParentRunner.java:63)\n\tat org.junit.runners.ParentRunner.runChildren(ParentRunner.java:236)\n\tat org.junit.runners.ParentRunner.access$000(ParentRunner.java:53)\n\tat org.junit.runners.ParentRunner$2.evaluate(ParentRunner.java:229)\n\tat org.junit.runners.ParentRunner.run(ParentRunner.java:309)\n\tat junit.framework.JUnit4TestAdapter.run(JUnit4TestAdapter.java:38)\n\tat org.apache.tools.ant.taskdefs.optional.junit.JUnitTestRunner.run(JUnitTestRunner.java:534)\n\tat org.apache.tools.ant.taskdefs.optional.junit.JUnitTask.executeInVM(JUnitTask.java:1617)\n\tat org.apache.tools.ant.taskdefs.optional.junit.JUnitTask.execute(JUnitTask.java:1039)\n\tat org.apache.tools.ant.taskdefs.optional.junit.JUnitTask.executeOrQueue(JUnitTask.java:2162)\n\tat org.apache.tools.ant.taskdefs.optional.junit.JUnitTask.execute(JUnitTask.java:853)\n\tat org.apache.tools.ant.UnknownElement.execute(UnknownElement.java:292)\n\tat sun.reflect.GeneratedMethodAccessor4.invoke(Unknown Source)\n\tat sun.reflect.DelegatingMethodAccessorImpl.invoke(DelegatingMethodAccessorImpl.java:43)\n\tat java.lang.reflect.Method.invoke(Method.java:498)\n\tat org.apache.tools.ant.dispatch.DispatchUtils.execute(DispatchUtils.java:99)\n\tat org.apache.tools.ant.Task.perform(Task.java:350)\n\tat org.apache.tools.ant.Target.execute(Target.java:449)\n\tat org.apache.tools.ant.Target.performTasks(Target.java:470)\n\tat org.apache.tools.ant.Project.executeSortedTargets(Project.java:1388)\n\tat org.apache.tools.ant.Project.executeTarget(Project.java:1361)\n\tat org.apache.tools.ant.helper.DefaultExecutor.executeTargets(DefaultExecutor.java:41)\n\tat org.apache.tools.ant.Project.executeTargets(Project.java:1251)\n\tat org.apache.tools.ant.Main.runBuild(Main.java:834)\n\tat org.apache.tools.ant.Main.startAnt(Main.java:223)\n\tat org.apache.tools.ant.launch.Launcher.run(Launcher.java:284)\n\tat org.apache.tools.ant.launch.Launcher.main(Launcher.java:101)\nCaused by: java.lang.ClassCastException: java.lang.Boolean cannot be cast to java.lang.String\n\tat org.mockitousage.bugs.ClassCastExOnVerifyZeroInteractionsTest$TestMock$$EnhancerByMockitoWithCGLIB$$9b036b99.toString(<generated>)\n\tat java.lang.String.valueOf(String.java:2994)\n\tat java.lang.StringBuilder.append(StringBuilder.java:131)\n\tat org.mockito.exceptions.Reporter.noMoreInteractionsWanted(Reporter.java:424)\n\tat org.mockito.internal.verification.NoMoreInteractions.verify(NoMoreInteractions.java:24)\n\tat org.mockito.internal.MockitoCore.verifyNoMoreInteractions(MockitoCore.java:113)\n\tat org.mockito.Mockito.verifyZeroInteractions(Mockito.java:1674)\n\tat org.mockitousage.bugs.ClassCastExOnVerifyZeroInteractionsTest.should_not_throw_a_ClassCastException(ClassCastExOnVerifyZeroInteractionsTest.java:24)\n\tat sun.reflect.NativeMethodAccessorImpl.invoke0(Native Method)\n\tat sun.reflect.NativeMethodAccessorImpl.invoke(NativeMethodAccessorImpl.java:62)\n\tat sun.reflect.DelegatingMethodAccessorImpl.invoke(DelegatingMethodAccessorImpl.java:43)\n\tat java.lang.reflect.Method.invoke(Method.java:498)\n\tat org.junit.runners.model.FrameworkMethod$1.runReflectiveCall(FrameworkMethod.java:47)\n\tat org.junit.internal.runners.model.ReflectiveCallable.run(ReflectiveCallable.java:12)\n\tat org.junit.runners.model.FrameworkMethod.invokeExplosively(FrameworkMethod.java:44)\n\tat org.junit.internal.runners.statements.InvokeMethod.evaluate(InvokeMethod.java:17)\n\tat org.junit.internal.runners.statements.ExpectException.evaluate(ExpectException.java:19)\n\t... 31 more\n\n\nThere is a bug in the above code, please help me locate it by considering the stack trace.\n\nPlease output **only one integer**: the line number of the buggy code (The code starts from line 1). Do not provide any explanations or additional content.\n",
        "prompt_fl_3": "\nsource code:\npublic void noMoreInteractionsWantedInOrder(Invocation undesired) {\n        throw new VerificationInOrderFailure(join(\n                \"No interactions wanted here:\",\n                new LocationImpl(),\n                \"But found this interaction on mock '\" + undesired.getMock() + \"':\",\n                undesired.getLocation()\n        ));\n    }\n\nstack trace:\norg.mockito.exceptions.ReporterTest::can_use_print_mock_name_even_when_mock_bogus_default_answer_and_when_reporting_no_more_interaction_wanted_in_order\njava.lang.Exception: Unexpected exception, expected<org.mockito.exceptions.verification.VerificationInOrderFailure> but was<java.lang.ClassCastException>\n\tat org.junit.internal.runners.statements.ExpectException.evaluate(ExpectException.java:28)\n\tat org.junit.internal.runners.statements.RunBefores.evaluate(RunBefores.java:26)\n\tat org.junit.internal.runners.statements.RunAfters.evaluate(RunAfters.java:27)\n\tat org.junit.runners.ParentRunner.runLeaf(ParentRunner.java:271)\n\tat org.junit.runners.BlockJUnit4ClassRunner.runChild(BlockJUnit4ClassRunner.java:70)\n\tat org.junit.runners.BlockJUnit4ClassRunner.runChild(BlockJUnit4ClassRunner.java:50)\n\tat org.junit.runners.ParentRunner$3.run(ParentRunner.java:238)\n\tat org.junit.runners.ParentRunner$1.schedule(ParentRunner.java:63)\n\tat org.junit.runners.ParentRunner.runChildren(ParentRunner.java:236)\n\tat org.junit.runners.ParentRunner.access$000(ParentRunner.java:53)\n\tat org.junit.runners.ParentRunner$2.evaluate(ParentRunner.java:229)\n\tat org.junit.runners.ParentRunner.run(ParentRunner.java:309)\n\tat junit.framework.JUnit4TestAdapter.run(JUnit4TestAdapter.java:38)\n\tat org.apache.tools.ant.taskdefs.optional.junit.JUnitTestRunner.run(JUnitTestRunner.java:534)\n\tat org.apache.tools.ant.taskdefs.optional.junit.JUnitTask.executeInVM(JUnitTask.java:1617)\n\tat org.apache.tools.ant.taskdefs.optional.junit.JUnitTask.execute(JUnitTask.java:1039)\n\tat org.apache.tools.ant.taskdefs.optional.junit.JUnitTask.executeOrQueue(JUnitTask.java:2162)\n\tat org.apache.tools.ant.taskdefs.optional.junit.JUnitTask.execute(JUnitTask.java:853)\n\tat org.apache.tools.ant.UnknownElement.execute(UnknownElement.java:292)\n\tat sun.reflect.GeneratedMethodAccessor4.invoke(Unknown Source)\n\tat sun.reflect.DelegatingMethodAccessorImpl.invoke(DelegatingMethodAccessorImpl.java:43)\n\tat java.lang.reflect.Method.invoke(Method.java:498)\n\tat org.apache.tools.ant.dispatch.DispatchUtils.execute(DispatchUtils.java:99)\n\tat org.apache.tools.ant.Task.perform(Task.java:350)\n\tat org.apache.tools.ant.Target.execute(Target.java:449)\n\tat org.apache.tools.ant.Target.performTasks(Target.java:470)\n\tat org.apache.tools.ant.Project.executeSortedTargets(Project.java:1388)\n\tat org.apache.tools.ant.Project.executeTarget(Project.java:1361)\n\tat org.apache.tools.ant.helper.DefaultExecutor.executeTargets(DefaultExecutor.java:41)\n\tat org.apache.tools.ant.Project.executeTargets(Project.java:1251)\n\tat org.apache.tools.ant.Main.runBuild(Main.java:834)\n\tat org.apache.tools.ant.Main.startAnt(Main.java:223)\n\tat org.apache.tools.ant.launch.Launcher.run(Launcher.java:284)\n\tat org.apache.tools.ant.launch.Launcher.main(Launcher.java:101)\nCaused by: java.lang.ClassCastException: java.lang.Boolean cannot be cast to java.lang.String\n\tat org.mockitousage.IMethods$$EnhancerByMockitoWithCGLIB$$de235dc2.toString(<generated>)\n\tat java.lang.String.valueOf(String.java:2994)\n\tat java.lang.StringBuilder.append(StringBuilder.java:131)\n\tat org.mockito.exceptions.Reporter.noMoreInteractionsWantedInOrder(Reporter.java:434)\n\tat org.mockito.exceptions.ReporterTest.can_use_print_mock_name_even_when_mock_bogus_default_answer_and_when_reporting_no_more_interaction_wanted_in_order(ReporterTest.java:47)\n\tat sun.reflect.NativeMethodAccessorImpl.invoke0(Native Method)\n\tat sun.reflect.NativeMethodAccessorImpl.invoke(NativeMethodAccessorImpl.java:62)\n\tat sun.reflect.DelegatingMethodAccessorImpl.invoke(DelegatingMethodAccessorImpl.java:43)\n\tat java.lang.reflect.Method.invoke(Method.java:498)\n\tat org.junit.runners.model.FrameworkMethod$1.runReflectiveCall(FrameworkMethod.java:47)\n\tat org.junit.internal.runners.model.ReflectiveCallable.run(ReflectiveCallable.java:12)\n\tat org.junit.runners.model.FrameworkMethod.invokeExplosively(FrameworkMethod.java:44)\n\tat org.junit.internal.runners.statements.InvokeMethod.evaluate(InvokeMethod.java:17)\n\tat org.junit.internal.runners.statements.ExpectException.evaluate(ExpectException.java:19)\n\t... 33 more\norg.mockito.exceptions.ReporterTest::can_use_print_mock_name_even_when_mock_bogus_default_answer_and_when_reporting_injection_failure\njava.lang.Exception: Unexpected exception, expected<org.mockito.exceptions.base.MockitoException> but was<java.lang.NullPointerException>\n\tat org.junit.internal.runners.statements.ExpectException.evaluate(ExpectException.java:28)\n\tat org.junit.internal.runners.statements.RunBefores.evaluate(RunBefores.java:26)\n\tat org.junit.internal.runners.statements.RunAfters.evaluate(RunAfters.java:27)\n\tat org.junit.runners.ParentRunner.runLeaf(ParentRunner.java:271)\n\tat org.junit.runners.BlockJUnit4ClassRunner.runChild(BlockJUnit4ClassRunner.java:70)\n\tat org.junit.runners.BlockJUnit4ClassRunner.runChild(BlockJUnit4ClassRunner.java:50)\n\tat org.junit.runners.ParentRunner$3.run(ParentRunner.java:238)\n\tat org.junit.runners.ParentRunner$1.schedule(ParentRunner.java:63)\n\tat org.junit.runners.ParentRunner.runChildren(ParentRunner.java:236)\n\tat org.junit.runners.ParentRunner.access$000(ParentRunner.java:53)\n\tat org.junit.runners.ParentRunner$2.evaluate(ParentRunner.java:229)\n\tat org.junit.runners.ParentRunner.run(ParentRunner.java:309)\n\tat junit.framework.JUnit4TestAdapter.run(JUnit4TestAdapter.java:38)\n\tat org.apache.tools.ant.taskdefs.optional.junit.JUnitTestRunner.run(JUnitTestRunner.java:534)\n\tat org.apache.tools.ant.taskdefs.optional.junit.JUnitTask.executeInVM(JUnitTask.java:1617)\n\tat org.apache.tools.ant.taskdefs.optional.junit.JUnitTask.execute(JUnitTask.java:1039)\n\tat org.apache.tools.ant.taskdefs.optional.junit.JUnitTask.executeOrQueue(JUnitTask.java:2162)\n\tat org.apache.tools.ant.taskdefs.optional.junit.JUnitTask.execute(JUnitTask.java:853)\n\tat org.apache.tools.ant.UnknownElement.execute(UnknownElement.java:292)\n\tat sun.reflect.GeneratedMethodAccessor4.invoke(Unknown Source)\n\tat sun.reflect.DelegatingMethodAccessorImpl.invoke(DelegatingMethodAccessorImpl.java:43)\n\tat java.lang.reflect.Method.invoke(Method.java:498)\n\tat org.apache.tools.ant.dispatch.DispatchUtils.execute(DispatchUtils.java:99)\n\tat org.apache.tools.ant.Task.perform(Task.java:350)\n\tat org.apache.tools.ant.Target.execute(Target.java:449)\n\tat org.apache.tools.ant.Target.performTasks(Target.java:470)\n\tat org.apache.tools.ant.Project.executeSortedTargets(Project.java:1388)\n\tat org.apache.tools.ant.Project.executeTarget(Project.java:1361)\n\tat org.apache.tools.ant.helper.DefaultExecutor.executeTargets(DefaultExecutor.java:41)\n\tat org.apache.tools.ant.Project.executeTargets(Project.java:1251)\n\tat org.apache.tools.ant.Main.runBuild(Main.java:834)\n\tat org.apache.tools.ant.Main.startAnt(Main.java:223)\n\tat org.apache.tools.ant.launch.Launcher.run(Launcher.java:284)\n\tat org.apache.tools.ant.launch.Launcher.main(Launcher.java:101)\nCaused by: java.lang.NullPointerException\n\tat org.mockito.exceptions.Reporter.exceptionCauseMessageIfAvailable(Reporter.java:677)\n\tat org.mockito.exceptions.Reporter.cannotInjectDependency(Reporter.java:671)\n\tat org.mockito.exceptions.ReporterTest.can_use_print_mock_name_even_when_mock_bogus_default_answer_and_when_reporting_injection_failure(ReporterTest.java:79)\n\tat sun.reflect.NativeMethodAccessorImpl.invoke0(Native Method)\n\tat sun.reflect.NativeMethodAccessorImpl.invoke(NativeMethodAccessorImpl.java:62)\n\tat sun.reflect.DelegatingMethodAccessorImpl.invoke(DelegatingMethodAccessorImpl.java:43)\n\tat java.lang.reflect.Method.invoke(Method.java:498)\n\tat org.junit.runners.model.FrameworkMethod$1.runReflectiveCall(FrameworkMethod.java:47)\n\tat org.junit.internal.runners.model.ReflectiveCallable.run(ReflectiveCallable.java:12)\n\tat org.junit.runners.model.FrameworkMethod.invokeExplosively(FrameworkMethod.java:44)\n\tat org.junit.internal.runners.statements.InvokeMethod.evaluate(InvokeMethod.java:17)\n\tat org.junit.internal.runners.statements.ExpectException.evaluate(ExpectException.java:19)\n\t... 33 more\norg.mockito.exceptions.ReporterTest::can_use_mock_name_even_when_mock_bogus_default_answer_and_when_reporting_no_more_interaction_wanted\njava.lang.Exception: Unexpected exception, expected<org.mockito.exceptions.verification.NoInteractionsWanted> but was<java.lang.ClassCastException>\n\tat org.junit.internal.runners.statements.ExpectException.evaluate(ExpectException.java:28)\n\tat org.junit.internal.runners.statements.RunBefores.evaluate(RunBefores.java:26)\n\tat org.junit.internal.runners.statements.RunAfters.evaluate(RunAfters.java:27)\n\tat org.junit.runners.ParentRunner.runLeaf(ParentRunner.java:271)\n\tat org.junit.runners.BlockJUnit4ClassRunner.runChild(BlockJUnit4ClassRunner.java:70)\n\tat org.junit.runners.BlockJUnit4ClassRunner.runChild(BlockJUnit4ClassRunner.java:50)\n\tat org.junit.runners.ParentRunner$3.run(ParentRunner.java:238)\n\tat org.junit.runners.ParentRunner$1.schedule(ParentRunner.java:63)\n\tat org.junit.runners.ParentRunner.runChildren(ParentRunner.java:236)\n\tat org.junit.runners.ParentRunner.access$000(ParentRunner.java:53)\n\tat org.junit.runners.ParentRunner$2.evaluate(ParentRunner.java:229)\n\tat org.junit.runners.ParentRunner.run(ParentRunner.java:309)\n\tat junit.framework.JUnit4TestAdapter.run(JUnit4TestAdapter.java:38)\n\tat org.apache.tools.ant.taskdefs.optional.junit.JUnitTestRunner.run(JUnitTestRunner.java:534)\n\tat org.apache.tools.ant.taskdefs.optional.junit.JUnitTask.executeInVM(JUnitTask.java:1617)\n\tat org.apache.tools.ant.taskdefs.optional.junit.JUnitTask.execute(JUnitTask.java:1039)\n\tat org.apache.tools.ant.taskdefs.optional.junit.JUnitTask.executeOrQueue(JUnitTask.java:2162)\n\tat org.apache.tools.ant.taskdefs.optional.junit.JUnitTask.execute(JUnitTask.java:853)\n\tat org.apache.tools.ant.UnknownElement.execute(UnknownElement.java:292)\n\tat sun.reflect.GeneratedMethodAccessor4.invoke(Unknown Source)\n\tat sun.reflect.DelegatingMethodAccessorImpl.invoke(DelegatingMethodAccessorImpl.java:43)\n\tat java.lang.reflect.Method.invoke(Method.java:498)\n\tat org.apache.tools.ant.dispatch.DispatchUtils.execute(DispatchUtils.java:99)\n\tat org.apache.tools.ant.Task.perform(Task.java:350)\n\tat org.apache.tools.ant.Target.execute(Target.java:449)\n\tat org.apache.tools.ant.Target.performTasks(Target.java:470)\n\tat org.apache.tools.ant.Project.executeSortedTargets(Project.java:1388)\n\tat org.apache.tools.ant.Project.executeTarget(Project.java:1361)\n\tat org.apache.tools.ant.helper.DefaultExecutor.executeTargets(DefaultExecutor.java:41)\n\tat org.apache.tools.ant.Project.executeTargets(Project.java:1251)\n\tat org.apache.tools.ant.Main.runBuild(Main.java:834)\n\tat org.apache.tools.ant.Main.startAnt(Main.java:223)\n\tat org.apache.tools.ant.launch.Launcher.run(Launcher.java:284)\n\tat org.apache.tools.ant.launch.Launcher.main(Launcher.java:101)\nCaused by: java.lang.ClassCastException: java.lang.Boolean cannot be cast to java.lang.String\n\tat org.mockitousage.IMethods$$EnhancerByMockitoWithCGLIB$$de235dc2.toString(<generated>)\n\tat java.lang.String.valueOf(String.java:2994)\n\tat java.lang.StringBuilder.append(StringBuilder.java:131)\n\tat org.mockito.exceptions.Reporter.noMoreInteractionsWanted(Reporter.java:424)\n\tat org.mockito.exceptions.ReporterTest.can_use_mock_name_even_when_mock_bogus_default_answer_and_when_reporting_no_more_interaction_wanted(ReporterTest.java:41)\n\tat sun.reflect.NativeMethodAccessorImpl.invoke0(Native Method)\n\tat sun.reflect.NativeMethodAccessorImpl.invoke(NativeMethodAccessorImpl.java:62)\n\tat sun.reflect.DelegatingMethodAccessorImpl.invoke(DelegatingMethodAccessorImpl.java:43)\n\tat java.lang.reflect.Method.invoke(Method.java:498)\n\tat org.junit.runners.model.FrameworkMethod$1.runReflectiveCall(FrameworkMethod.java:47)\n\tat org.junit.internal.runners.model.ReflectiveCallable.run(ReflectiveCallable.java:12)\n\tat org.junit.runners.model.FrameworkMethod.invokeExplosively(FrameworkMethod.java:44)\n\tat org.junit.internal.runners.statements.InvokeMethod.evaluate(InvokeMethod.java:17)\n\tat org.junit.internal.runners.statements.ExpectException.evaluate(ExpectException.java:19)\n\t... 33 more\norg.mockitousage.bugs.ClassCastExOnVerifyZeroInteractionsTest::should_not_throw_a_ClassCastException\njava.lang.Exception: Unexpected exception, expected<org.mockito.exceptions.verification.NoInteractionsWanted> but was<java.lang.ClassCastException>\n\tat org.junit.internal.runners.statements.ExpectException.evaluate(ExpectException.java:28)\n\tat org.junit.runners.ParentRunner.runLeaf(ParentRunner.java:271)\n\tat org.junit.runners.BlockJUnit4ClassRunner.runChild(BlockJUnit4ClassRunner.java:70)\n\tat org.junit.runners.BlockJUnit4ClassRunner.runChild(BlockJUnit4ClassRunner.java:50)\n\tat org.junit.runners.ParentRunner$3.run(ParentRunner.java:238)\n\tat org.junit.runners.ParentRunner$1.schedule(ParentRunner.java:63)\n\tat org.junit.runners.ParentRunner.runChildren(ParentRunner.java:236)\n\tat org.junit.runners.ParentRunner.access$000(ParentRunner.java:53)\n\tat org.junit.runners.ParentRunner$2.evaluate(ParentRunner.java:229)\n\tat org.junit.runners.ParentRunner.run(ParentRunner.java:309)\n\tat junit.framework.JUnit4TestAdapter.run(JUnit4TestAdapter.java:38)\n\tat org.apache.tools.ant.taskdefs.optional.junit.JUnitTestRunner.run(JUnitTestRunner.java:534)\n\tat org.apache.tools.ant.taskdefs.optional.junit.JUnitTask.executeInVM(JUnitTask.java:1617)\n\tat org.apache.tools.ant.taskdefs.optional.junit.JUnitTask.execute(JUnitTask.java:1039)\n\tat org.apache.tools.ant.taskdefs.optional.junit.JUnitTask.executeOrQueue(JUnitTask.java:2162)\n\tat org.apache.tools.ant.taskdefs.optional.junit.JUnitTask.execute(JUnitTask.java:853)\n\tat org.apache.tools.ant.UnknownElement.execute(UnknownElement.java:292)\n\tat sun.reflect.GeneratedMethodAccessor4.invoke(Unknown Source)\n\tat sun.reflect.DelegatingMethodAccessorImpl.invoke(DelegatingMethodAccessorImpl.java:43)\n\tat java.lang.reflect.Method.invoke(Method.java:498)\n\tat org.apache.tools.ant.dispatch.DispatchUtils.execute(DispatchUtils.java:99)\n\tat org.apache.tools.ant.Task.perform(Task.java:350)\n\tat org.apache.tools.ant.Target.execute(Target.java:449)\n\tat org.apache.tools.ant.Target.performTasks(Target.java:470)\n\tat org.apache.tools.ant.Project.executeSortedTargets(Project.java:1388)\n\tat org.apache.tools.ant.Project.executeTarget(Project.java:1361)\n\tat org.apache.tools.ant.helper.DefaultExecutor.executeTargets(DefaultExecutor.java:41)\n\tat org.apache.tools.ant.Project.executeTargets(Project.java:1251)\n\tat org.apache.tools.ant.Main.runBuild(Main.java:834)\n\tat org.apache.tools.ant.Main.startAnt(Main.java:223)\n\tat org.apache.tools.ant.launch.Launcher.run(Launcher.java:284)\n\tat org.apache.tools.ant.launch.Launcher.main(Launcher.java:101)\nCaused by: java.lang.ClassCastException: java.lang.Boolean cannot be cast to java.lang.String\n\tat org.mockitousage.bugs.ClassCastExOnVerifyZeroInteractionsTest$TestMock$$EnhancerByMockitoWithCGLIB$$9b036b99.toString(<generated>)\n\tat java.lang.String.valueOf(String.java:2994)\n\tat java.lang.StringBuilder.append(StringBuilder.java:131)\n\tat org.mockito.exceptions.Reporter.noMoreInteractionsWanted(Reporter.java:424)\n\tat org.mockito.internal.verification.NoMoreInteractions.verify(NoMoreInteractions.java:24)\n\tat org.mockito.internal.MockitoCore.verifyNoMoreInteractions(MockitoCore.java:113)\n\tat org.mockito.Mockito.verifyZeroInteractions(Mockito.java:1674)\n\tat org.mockitousage.bugs.ClassCastExOnVerifyZeroInteractionsTest.should_not_throw_a_ClassCastException(ClassCastExOnVerifyZeroInteractionsTest.java:24)\n\tat sun.reflect.NativeMethodAccessorImpl.invoke0(Native Method)\n\tat sun.reflect.NativeMethodAccessorImpl.invoke(NativeMethodAccessorImpl.java:62)\n\tat sun.reflect.DelegatingMethodAccessorImpl.invoke(DelegatingMethodAccessorImpl.java:43)\n\tat java.lang.reflect.Method.invoke(Method.java:498)\n\tat org.junit.runners.model.FrameworkMethod$1.runReflectiveCall(FrameworkMethod.java:47)\n\tat org.junit.internal.runners.model.ReflectiveCallable.run(ReflectiveCallable.java:12)\n\tat org.junit.runners.model.FrameworkMethod.invokeExplosively(FrameworkMethod.java:44)\n\tat org.junit.internal.runners.statements.InvokeMethod.evaluate(InvokeMethod.java:17)\n\tat org.junit.internal.runners.statements.ExpectException.evaluate(ExpectException.java:19)\n\t... 31 more\n\n\nfailure assertion code:\nnew Reporter().noMoreInteractionsWantedInOrder(invocation_with_bogus_default_answer);\n\n\nThere is a bug in the above code, please help me locate it by considering the stack trace information and failure assertion code.\n\nPlease output **only one integer**: the line number of the buggy code (The code starts from line 1). Do not provide any explanations or additional content.\n",
        "prompt_fl_4": "\nsource code:\npublic void noMoreInteractionsWantedInOrder(Invocation undesired) {\n        throw new VerificationInOrderFailure(join(\n                \"No interactions wanted here:\",\n                new LocationImpl(),\n                \"But found this interaction on mock '\" + undesired.getMock() + \"':\",\n                undesired.getLocation()\n        ));\n    }\n\nThere is a bug in the above code, please help me locate it.\n\nOutput **only** the exact buggy statement, with no line numbers, explanations, or additional content. Your response should contain just the buggy code line. Do not include ```java or ``` markers in the response.\n",
        "prompt_fl_5": "\nsource code:\npublic void noMoreInteractionsWantedInOrder(Invocation undesired) {\n        throw new VerificationInOrderFailure(join(\n                \"No interactions wanted here:\",\n                new LocationImpl(),\n                \"But found this interaction on mock '\" + undesired.getMock() + \"':\",\n                undesired.getLocation()\n        ));\n    }\n\nstack trace:\norg.mockito.exceptions.ReporterTest::can_use_print_mock_name_even_when_mock_bogus_default_answer_and_when_reporting_no_more_interaction_wanted_in_order\njava.lang.Exception: Unexpected exception, expected<org.mockito.exceptions.verification.VerificationInOrderFailure> but was<java.lang.ClassCastException>\n\tat org.junit.internal.runners.statements.ExpectException.evaluate(ExpectException.java:28)\n\tat org.junit.internal.runners.statements.RunBefores.evaluate(RunBefores.java:26)\n\tat org.junit.internal.runners.statements.RunAfters.evaluate(RunAfters.java:27)\n\tat org.junit.runners.ParentRunner.runLeaf(ParentRunner.java:271)\n\tat org.junit.runners.BlockJUnit4ClassRunner.runChild(BlockJUnit4ClassRunner.java:70)\n\tat org.junit.runners.BlockJUnit4ClassRunner.runChild(BlockJUnit4ClassRunner.java:50)\n\tat org.junit.runners.ParentRunner$3.run(ParentRunner.java:238)\n\tat org.junit.runners.ParentRunner$1.schedule(ParentRunner.java:63)\n\tat org.junit.runners.ParentRunner.runChildren(ParentRunner.java:236)\n\tat org.junit.runners.ParentRunner.access$000(ParentRunner.java:53)\n\tat org.junit.runners.ParentRunner$2.evaluate(ParentRunner.java:229)\n\tat org.junit.runners.ParentRunner.run(ParentRunner.java:309)\n\tat junit.framework.JUnit4TestAdapter.run(JUnit4TestAdapter.java:38)\n\tat org.apache.tools.ant.taskdefs.optional.junit.JUnitTestRunner.run(JUnitTestRunner.java:534)\n\tat org.apache.tools.ant.taskdefs.optional.junit.JUnitTask.executeInVM(JUnitTask.java:1617)\n\tat org.apache.tools.ant.taskdefs.optional.junit.JUnitTask.execute(JUnitTask.java:1039)\n\tat org.apache.tools.ant.taskdefs.optional.junit.JUnitTask.executeOrQueue(JUnitTask.java:2162)\n\tat org.apache.tools.ant.taskdefs.optional.junit.JUnitTask.execute(JUnitTask.java:853)\n\tat org.apache.tools.ant.UnknownElement.execute(UnknownElement.java:292)\n\tat sun.reflect.GeneratedMethodAccessor4.invoke(Unknown Source)\n\tat sun.reflect.DelegatingMethodAccessorImpl.invoke(DelegatingMethodAccessorImpl.java:43)\n\tat java.lang.reflect.Method.invoke(Method.java:498)\n\tat org.apache.tools.ant.dispatch.DispatchUtils.execute(DispatchUtils.java:99)\n\tat org.apache.tools.ant.Task.perform(Task.java:350)\n\tat org.apache.tools.ant.Target.execute(Target.java:449)\n\tat org.apache.tools.ant.Target.performTasks(Target.java:470)\n\tat org.apache.tools.ant.Project.executeSortedTargets(Project.java:1388)\n\tat org.apache.tools.ant.Project.executeTarget(Project.java:1361)\n\tat org.apache.tools.ant.helper.DefaultExecutor.executeTargets(DefaultExecutor.java:41)\n\tat org.apache.tools.ant.Project.executeTargets(Project.java:1251)\n\tat org.apache.tools.ant.Main.runBuild(Main.java:834)\n\tat org.apache.tools.ant.Main.startAnt(Main.java:223)\n\tat org.apache.tools.ant.launch.Launcher.run(Launcher.java:284)\n\tat org.apache.tools.ant.launch.Launcher.main(Launcher.java:101)\nCaused by: java.lang.ClassCastException: java.lang.Boolean cannot be cast to java.lang.String\n\tat org.mockitousage.IMethods$$EnhancerByMockitoWithCGLIB$$de235dc2.toString(<generated>)\n\tat java.lang.String.valueOf(String.java:2994)\n\tat java.lang.StringBuilder.append(StringBuilder.java:131)\n\tat org.mockito.exceptions.Reporter.noMoreInteractionsWantedInOrder(Reporter.java:434)\n\tat org.mockito.exceptions.ReporterTest.can_use_print_mock_name_even_when_mock_bogus_default_answer_and_when_reporting_no_more_interaction_wanted_in_order(ReporterTest.java:47)\n\tat sun.reflect.NativeMethodAccessorImpl.invoke0(Native Method)\n\tat sun.reflect.NativeMethodAccessorImpl.invoke(NativeMethodAccessorImpl.java:62)\n\tat sun.reflect.DelegatingMethodAccessorImpl.invoke(DelegatingMethodAccessorImpl.java:43)\n\tat java.lang.reflect.Method.invoke(Method.java:498)\n\tat org.junit.runners.model.FrameworkMethod$1.runReflectiveCall(FrameworkMethod.java:47)\n\tat org.junit.internal.runners.model.ReflectiveCallable.run(ReflectiveCallable.java:12)\n\tat org.junit.runners.model.FrameworkMethod.invokeExplosively(FrameworkMethod.java:44)\n\tat org.junit.internal.runners.statements.InvokeMethod.evaluate(InvokeMethod.java:17)\n\tat org.junit.internal.runners.statements.ExpectException.evaluate(ExpectException.java:19)\n\t... 33 more\norg.mockito.exceptions.ReporterTest::can_use_print_mock_name_even_when_mock_bogus_default_answer_and_when_reporting_injection_failure\njava.lang.Exception: Unexpected exception, expected<org.mockito.exceptions.base.MockitoException> but was<java.lang.NullPointerException>\n\tat org.junit.internal.runners.statements.ExpectException.evaluate(ExpectException.java:28)\n\tat org.junit.internal.runners.statements.RunBefores.evaluate(RunBefores.java:26)\n\tat org.junit.internal.runners.statements.RunAfters.evaluate(RunAfters.java:27)\n\tat org.junit.runners.ParentRunner.runLeaf(ParentRunner.java:271)\n\tat org.junit.runners.BlockJUnit4ClassRunner.runChild(BlockJUnit4ClassRunner.java:70)\n\tat org.junit.runners.BlockJUnit4ClassRunner.runChild(BlockJUnit4ClassRunner.java:50)\n\tat org.junit.runners.ParentRunner$3.run(ParentRunner.java:238)\n\tat org.junit.runners.ParentRunner$1.schedule(ParentRunner.java:63)\n\tat org.junit.runners.ParentRunner.runChildren(ParentRunner.java:236)\n\tat org.junit.runners.ParentRunner.access$000(ParentRunner.java:53)\n\tat org.junit.runners.ParentRunner$2.evaluate(ParentRunner.java:229)\n\tat org.junit.runners.ParentRunner.run(ParentRunner.java:309)\n\tat junit.framework.JUnit4TestAdapter.run(JUnit4TestAdapter.java:38)\n\tat org.apache.tools.ant.taskdefs.optional.junit.JUnitTestRunner.run(JUnitTestRunner.java:534)\n\tat org.apache.tools.ant.taskdefs.optional.junit.JUnitTask.executeInVM(JUnitTask.java:1617)\n\tat org.apache.tools.ant.taskdefs.optional.junit.JUnitTask.execute(JUnitTask.java:1039)\n\tat org.apache.tools.ant.taskdefs.optional.junit.JUnitTask.executeOrQueue(JUnitTask.java:2162)\n\tat org.apache.tools.ant.taskdefs.optional.junit.JUnitTask.execute(JUnitTask.java:853)\n\tat org.apache.tools.ant.UnknownElement.execute(UnknownElement.java:292)\n\tat sun.reflect.GeneratedMethodAccessor4.invoke(Unknown Source)\n\tat sun.reflect.DelegatingMethodAccessorImpl.invoke(DelegatingMethodAccessorImpl.java:43)\n\tat java.lang.reflect.Method.invoke(Method.java:498)\n\tat org.apache.tools.ant.dispatch.DispatchUtils.execute(DispatchUtils.java:99)\n\tat org.apache.tools.ant.Task.perform(Task.java:350)\n\tat org.apache.tools.ant.Target.execute(Target.java:449)\n\tat org.apache.tools.ant.Target.performTasks(Target.java:470)\n\tat org.apache.tools.ant.Project.executeSortedTargets(Project.java:1388)\n\tat org.apache.tools.ant.Project.executeTarget(Project.java:1361)\n\tat org.apache.tools.ant.helper.DefaultExecutor.executeTargets(DefaultExecutor.java:41)\n\tat org.apache.tools.ant.Project.executeTargets(Project.java:1251)\n\tat org.apache.tools.ant.Main.runBuild(Main.java:834)\n\tat org.apache.tools.ant.Main.startAnt(Main.java:223)\n\tat org.apache.tools.ant.launch.Launcher.run(Launcher.java:284)\n\tat org.apache.tools.ant.launch.Launcher.main(Launcher.java:101)\nCaused by: java.lang.NullPointerException\n\tat org.mockito.exceptions.Reporter.exceptionCauseMessageIfAvailable(Reporter.java:677)\n\tat org.mockito.exceptions.Reporter.cannotInjectDependency(Reporter.java:671)\n\tat org.mockito.exceptions.ReporterTest.can_use_print_mock_name_even_when_mock_bogus_default_answer_and_when_reporting_injection_failure(ReporterTest.java:79)\n\tat sun.reflect.NativeMethodAccessorImpl.invoke0(Native Method)\n\tat sun.reflect.NativeMethodAccessorImpl.invoke(NativeMethodAccessorImpl.java:62)\n\tat sun.reflect.DelegatingMethodAccessorImpl.invoke(DelegatingMethodAccessorImpl.java:43)\n\tat java.lang.reflect.Method.invoke(Method.java:498)\n\tat org.junit.runners.model.FrameworkMethod$1.runReflectiveCall(FrameworkMethod.java:47)\n\tat org.junit.internal.runners.model.ReflectiveCallable.run(ReflectiveCallable.java:12)\n\tat org.junit.runners.model.FrameworkMethod.invokeExplosively(FrameworkMethod.java:44)\n\tat org.junit.internal.runners.statements.InvokeMethod.evaluate(InvokeMethod.java:17)\n\tat org.junit.internal.runners.statements.ExpectException.evaluate(ExpectException.java:19)\n\t... 33 more\norg.mockito.exceptions.ReporterTest::can_use_mock_name_even_when_mock_bogus_default_answer_and_when_reporting_no_more_interaction_wanted\njava.lang.Exception: Unexpected exception, expected<org.mockito.exceptions.verification.NoInteractionsWanted> but was<java.lang.ClassCastException>\n\tat org.junit.internal.runners.statements.ExpectException.evaluate(ExpectException.java:28)\n\tat org.junit.internal.runners.statements.RunBefores.evaluate(RunBefores.java:26)\n\tat org.junit.internal.runners.statements.RunAfters.evaluate(RunAfters.java:27)\n\tat org.junit.runners.ParentRunner.runLeaf(ParentRunner.java:271)\n\tat org.junit.runners.BlockJUnit4ClassRunner.runChild(BlockJUnit4ClassRunner.java:70)\n\tat org.junit.runners.BlockJUnit4ClassRunner.runChild(BlockJUnit4ClassRunner.java:50)\n\tat org.junit.runners.ParentRunner$3.run(ParentRunner.java:238)\n\tat org.junit.runners.ParentRunner$1.schedule(ParentRunner.java:63)\n\tat org.junit.runners.ParentRunner.runChildren(ParentRunner.java:236)\n\tat org.junit.runners.ParentRunner.access$000(ParentRunner.java:53)\n\tat org.junit.runners.ParentRunner$2.evaluate(ParentRunner.java:229)\n\tat org.junit.runners.ParentRunner.run(ParentRunner.java:309)\n\tat junit.framework.JUnit4TestAdapter.run(JUnit4TestAdapter.java:38)\n\tat org.apache.tools.ant.taskdefs.optional.junit.JUnitTestRunner.run(JUnitTestRunner.java:534)\n\tat org.apache.tools.ant.taskdefs.optional.junit.JUnitTask.executeInVM(JUnitTask.java:1617)\n\tat org.apache.tools.ant.taskdefs.optional.junit.JUnitTask.execute(JUnitTask.java:1039)\n\tat org.apache.tools.ant.taskdefs.optional.junit.JUnitTask.executeOrQueue(JUnitTask.java:2162)\n\tat org.apache.tools.ant.taskdefs.optional.junit.JUnitTask.execute(JUnitTask.java:853)\n\tat org.apache.tools.ant.UnknownElement.execute(UnknownElement.java:292)\n\tat sun.reflect.GeneratedMethodAccessor4.invoke(Unknown Source)\n\tat sun.reflect.DelegatingMethodAccessorImpl.invoke(DelegatingMethodAccessorImpl.java:43)\n\tat java.lang.reflect.Method.invoke(Method.java:498)\n\tat org.apache.tools.ant.dispatch.DispatchUtils.execute(DispatchUtils.java:99)\n\tat org.apache.tools.ant.Task.perform(Task.java:350)\n\tat org.apache.tools.ant.Target.execute(Target.java:449)\n\tat org.apache.tools.ant.Target.performTasks(Target.java:470)\n\tat org.apache.tools.ant.Project.executeSortedTargets(Project.java:1388)\n\tat org.apache.tools.ant.Project.executeTarget(Project.java:1361)\n\tat org.apache.tools.ant.helper.DefaultExecutor.executeTargets(DefaultExecutor.java:41)\n\tat org.apache.tools.ant.Project.executeTargets(Project.java:1251)\n\tat org.apache.tools.ant.Main.runBuild(Main.java:834)\n\tat org.apache.tools.ant.Main.startAnt(Main.java:223)\n\tat org.apache.tools.ant.launch.Launcher.run(Launcher.java:284)\n\tat org.apache.tools.ant.launch.Launcher.main(Launcher.java:101)\nCaused by: java.lang.ClassCastException: java.lang.Boolean cannot be cast to java.lang.String\n\tat org.mockitousage.IMethods$$EnhancerByMockitoWithCGLIB$$de235dc2.toString(<generated>)\n\tat java.lang.String.valueOf(String.java:2994)\n\tat java.lang.StringBuilder.append(StringBuilder.java:131)\n\tat org.mockito.exceptions.Reporter.noMoreInteractionsWanted(Reporter.java:424)\n\tat org.mockito.exceptions.ReporterTest.can_use_mock_name_even_when_mock_bogus_default_answer_and_when_reporting_no_more_interaction_wanted(ReporterTest.java:41)\n\tat sun.reflect.NativeMethodAccessorImpl.invoke0(Native Method)\n\tat sun.reflect.NativeMethodAccessorImpl.invoke(NativeMethodAccessorImpl.java:62)\n\tat sun.reflect.DelegatingMethodAccessorImpl.invoke(DelegatingMethodAccessorImpl.java:43)\n\tat java.lang.reflect.Method.invoke(Method.java:498)\n\tat org.junit.runners.model.FrameworkMethod$1.runReflectiveCall(FrameworkMethod.java:47)\n\tat org.junit.internal.runners.model.ReflectiveCallable.run(ReflectiveCallable.java:12)\n\tat org.junit.runners.model.FrameworkMethod.invokeExplosively(FrameworkMethod.java:44)\n\tat org.junit.internal.runners.statements.InvokeMethod.evaluate(InvokeMethod.java:17)\n\tat org.junit.internal.runners.statements.ExpectException.evaluate(ExpectException.java:19)\n\t... 33 more\norg.mockitousage.bugs.ClassCastExOnVerifyZeroInteractionsTest::should_not_throw_a_ClassCastException\njava.lang.Exception: Unexpected exception, expected<org.mockito.exceptions.verification.NoInteractionsWanted> but was<java.lang.ClassCastException>\n\tat org.junit.internal.runners.statements.ExpectException.evaluate(ExpectException.java:28)\n\tat org.junit.runners.ParentRunner.runLeaf(ParentRunner.java:271)\n\tat org.junit.runners.BlockJUnit4ClassRunner.runChild(BlockJUnit4ClassRunner.java:70)\n\tat org.junit.runners.BlockJUnit4ClassRunner.runChild(BlockJUnit4ClassRunner.java:50)\n\tat org.junit.runners.ParentRunner$3.run(ParentRunner.java:238)\n\tat org.junit.runners.ParentRunner$1.schedule(ParentRunner.java:63)\n\tat org.junit.runners.ParentRunner.runChildren(ParentRunner.java:236)\n\tat org.junit.runners.ParentRunner.access$000(ParentRunner.java:53)\n\tat org.junit.runners.ParentRunner$2.evaluate(ParentRunner.java:229)\n\tat org.junit.runners.ParentRunner.run(ParentRunner.java:309)\n\tat junit.framework.JUnit4TestAdapter.run(JUnit4TestAdapter.java:38)\n\tat org.apache.tools.ant.taskdefs.optional.junit.JUnitTestRunner.run(JUnitTestRunner.java:534)\n\tat org.apache.tools.ant.taskdefs.optional.junit.JUnitTask.executeInVM(JUnitTask.java:1617)\n\tat org.apache.tools.ant.taskdefs.optional.junit.JUnitTask.execute(JUnitTask.java:1039)\n\tat org.apache.tools.ant.taskdefs.optional.junit.JUnitTask.executeOrQueue(JUnitTask.java:2162)\n\tat org.apache.tools.ant.taskdefs.optional.junit.JUnitTask.execute(JUnitTask.java:853)\n\tat org.apache.tools.ant.UnknownElement.execute(UnknownElement.java:292)\n\tat sun.reflect.GeneratedMethodAccessor4.invoke(Unknown Source)\n\tat sun.reflect.DelegatingMethodAccessorImpl.invoke(DelegatingMethodAccessorImpl.java:43)\n\tat java.lang.reflect.Method.invoke(Method.java:498)\n\tat org.apache.tools.ant.dispatch.DispatchUtils.execute(DispatchUtils.java:99)\n\tat org.apache.tools.ant.Task.perform(Task.java:350)\n\tat org.apache.tools.ant.Target.execute(Target.java:449)\n\tat org.apache.tools.ant.Target.performTasks(Target.java:470)\n\tat org.apache.tools.ant.Project.executeSortedTargets(Project.java:1388)\n\tat org.apache.tools.ant.Project.executeTarget(Project.java:1361)\n\tat org.apache.tools.ant.helper.DefaultExecutor.executeTargets(DefaultExecutor.java:41)\n\tat org.apache.tools.ant.Project.executeTargets(Project.java:1251)\n\tat org.apache.tools.ant.Main.runBuild(Main.java:834)\n\tat org.apache.tools.ant.Main.startAnt(Main.java:223)\n\tat org.apache.tools.ant.launch.Launcher.run(Launcher.java:284)\n\tat org.apache.tools.ant.launch.Launcher.main(Launcher.java:101)\nCaused by: java.lang.ClassCastException: java.lang.Boolean cannot be cast to java.lang.String\n\tat org.mockitousage.bugs.ClassCastExOnVerifyZeroInteractionsTest$TestMock$$EnhancerByMockitoWithCGLIB$$9b036b99.toString(<generated>)\n\tat java.lang.String.valueOf(String.java:2994)\n\tat java.lang.StringBuilder.append(StringBuilder.java:131)\n\tat org.mockito.exceptions.Reporter.noMoreInteractionsWanted(Reporter.java:424)\n\tat org.mockito.internal.verification.NoMoreInteractions.verify(NoMoreInteractions.java:24)\n\tat org.mockito.internal.MockitoCore.verifyNoMoreInteractions(MockitoCore.java:113)\n\tat org.mockito.Mockito.verifyZeroInteractions(Mockito.java:1674)\n\tat org.mockitousage.bugs.ClassCastExOnVerifyZeroInteractionsTest.should_not_throw_a_ClassCastException(ClassCastExOnVerifyZeroInteractionsTest.java:24)\n\tat sun.reflect.NativeMethodAccessorImpl.invoke0(Native Method)\n\tat sun.reflect.NativeMethodAccessorImpl.invoke(NativeMethodAccessorImpl.java:62)\n\tat sun.reflect.DelegatingMethodAccessorImpl.invoke(DelegatingMethodAccessorImpl.java:43)\n\tat java.lang.reflect.Method.invoke(Method.java:498)\n\tat org.junit.runners.model.FrameworkMethod$1.runReflectiveCall(FrameworkMethod.java:47)\n\tat org.junit.internal.runners.model.ReflectiveCallable.run(ReflectiveCallable.java:12)\n\tat org.junit.runners.model.FrameworkMethod.invokeExplosively(FrameworkMethod.java:44)\n\tat org.junit.internal.runners.statements.InvokeMethod.evaluate(InvokeMethod.java:17)\n\tat org.junit.internal.runners.statements.ExpectException.evaluate(ExpectException.java:19)\n\t... 31 more\n\n\nThere is a bug in the above code, please help me locate it by considering the stack trace.\n\nOutput **only** the exact buggy statement, with no line numbers, explanations, or additional content. Your response should contain just the buggy code line. Do not include ```java or ``` markers in the response.\n",
        "prompt_fl_6": "\nsource code:\npublic void noMoreInteractionsWantedInOrder(Invocation undesired) {\n        throw new VerificationInOrderFailure(join(\n                \"No interactions wanted here:\",\n                new LocationImpl(),\n                \"But found this interaction on mock '\" + undesired.getMock() + \"':\",\n                undesired.getLocation()\n        ));\n    }\n\nstack trace:\norg.mockito.exceptions.ReporterTest::can_use_print_mock_name_even_when_mock_bogus_default_answer_and_when_reporting_no_more_interaction_wanted_in_order\njava.lang.Exception: Unexpected exception, expected<org.mockito.exceptions.verification.VerificationInOrderFailure> but was<java.lang.ClassCastException>\n\tat org.junit.internal.runners.statements.ExpectException.evaluate(ExpectException.java:28)\n\tat org.junit.internal.runners.statements.RunBefores.evaluate(RunBefores.java:26)\n\tat org.junit.internal.runners.statements.RunAfters.evaluate(RunAfters.java:27)\n\tat org.junit.runners.ParentRunner.runLeaf(ParentRunner.java:271)\n\tat org.junit.runners.BlockJUnit4ClassRunner.runChild(BlockJUnit4ClassRunner.java:70)\n\tat org.junit.runners.BlockJUnit4ClassRunner.runChild(BlockJUnit4ClassRunner.java:50)\n\tat org.junit.runners.ParentRunner$3.run(ParentRunner.java:238)\n\tat org.junit.runners.ParentRunner$1.schedule(ParentRunner.java:63)\n\tat org.junit.runners.ParentRunner.runChildren(ParentRunner.java:236)\n\tat org.junit.runners.ParentRunner.access$000(ParentRunner.java:53)\n\tat org.junit.runners.ParentRunner$2.evaluate(ParentRunner.java:229)\n\tat org.junit.runners.ParentRunner.run(ParentRunner.java:309)\n\tat junit.framework.JUnit4TestAdapter.run(JUnit4TestAdapter.java:38)\n\tat org.apache.tools.ant.taskdefs.optional.junit.JUnitTestRunner.run(JUnitTestRunner.java:534)\n\tat org.apache.tools.ant.taskdefs.optional.junit.JUnitTask.executeInVM(JUnitTask.java:1617)\n\tat org.apache.tools.ant.taskdefs.optional.junit.JUnitTask.execute(JUnitTask.java:1039)\n\tat org.apache.tools.ant.taskdefs.optional.junit.JUnitTask.executeOrQueue(JUnitTask.java:2162)\n\tat org.apache.tools.ant.taskdefs.optional.junit.JUnitTask.execute(JUnitTask.java:853)\n\tat org.apache.tools.ant.UnknownElement.execute(UnknownElement.java:292)\n\tat sun.reflect.GeneratedMethodAccessor4.invoke(Unknown Source)\n\tat sun.reflect.DelegatingMethodAccessorImpl.invoke(DelegatingMethodAccessorImpl.java:43)\n\tat java.lang.reflect.Method.invoke(Method.java:498)\n\tat org.apache.tools.ant.dispatch.DispatchUtils.execute(DispatchUtils.java:99)\n\tat org.apache.tools.ant.Task.perform(Task.java:350)\n\tat org.apache.tools.ant.Target.execute(Target.java:449)\n\tat org.apache.tools.ant.Target.performTasks(Target.java:470)\n\tat org.apache.tools.ant.Project.executeSortedTargets(Project.java:1388)\n\tat org.apache.tools.ant.Project.executeTarget(Project.java:1361)\n\tat org.apache.tools.ant.helper.DefaultExecutor.executeTargets(DefaultExecutor.java:41)\n\tat org.apache.tools.ant.Project.executeTargets(Project.java:1251)\n\tat org.apache.tools.ant.Main.runBuild(Main.java:834)\n\tat org.apache.tools.ant.Main.startAnt(Main.java:223)\n\tat org.apache.tools.ant.launch.Launcher.run(Launcher.java:284)\n\tat org.apache.tools.ant.launch.Launcher.main(Launcher.java:101)\nCaused by: java.lang.ClassCastException: java.lang.Boolean cannot be cast to java.lang.String\n\tat org.mockitousage.IMethods$$EnhancerByMockitoWithCGLIB$$de235dc2.toString(<generated>)\n\tat java.lang.String.valueOf(String.java:2994)\n\tat java.lang.StringBuilder.append(StringBuilder.java:131)\n\tat org.mockito.exceptions.Reporter.noMoreInteractionsWantedInOrder(Reporter.java:434)\n\tat org.mockito.exceptions.ReporterTest.can_use_print_mock_name_even_when_mock_bogus_default_answer_and_when_reporting_no_more_interaction_wanted_in_order(ReporterTest.java:47)\n\tat sun.reflect.NativeMethodAccessorImpl.invoke0(Native Method)\n\tat sun.reflect.NativeMethodAccessorImpl.invoke(NativeMethodAccessorImpl.java:62)\n\tat sun.reflect.DelegatingMethodAccessorImpl.invoke(DelegatingMethodAccessorImpl.java:43)\n\tat java.lang.reflect.Method.invoke(Method.java:498)\n\tat org.junit.runners.model.FrameworkMethod$1.runReflectiveCall(FrameworkMethod.java:47)\n\tat org.junit.internal.runners.model.ReflectiveCallable.run(ReflectiveCallable.java:12)\n\tat org.junit.runners.model.FrameworkMethod.invokeExplosively(FrameworkMethod.java:44)\n\tat org.junit.internal.runners.statements.InvokeMethod.evaluate(InvokeMethod.java:17)\n\tat org.junit.internal.runners.statements.ExpectException.evaluate(ExpectException.java:19)\n\t... 33 more\norg.mockito.exceptions.ReporterTest::can_use_print_mock_name_even_when_mock_bogus_default_answer_and_when_reporting_injection_failure\njava.lang.Exception: Unexpected exception, expected<org.mockito.exceptions.base.MockitoException> but was<java.lang.NullPointerException>\n\tat org.junit.internal.runners.statements.ExpectException.evaluate(ExpectException.java:28)\n\tat org.junit.internal.runners.statements.RunBefores.evaluate(RunBefores.java:26)\n\tat org.junit.internal.runners.statements.RunAfters.evaluate(RunAfters.java:27)\n\tat org.junit.runners.ParentRunner.runLeaf(ParentRunner.java:271)\n\tat org.junit.runners.BlockJUnit4ClassRunner.runChild(BlockJUnit4ClassRunner.java:70)\n\tat org.junit.runners.BlockJUnit4ClassRunner.runChild(BlockJUnit4ClassRunner.java:50)\n\tat org.junit.runners.ParentRunner$3.run(ParentRunner.java:238)\n\tat org.junit.runners.ParentRunner$1.schedule(ParentRunner.java:63)\n\tat org.junit.runners.ParentRunner.runChildren(ParentRunner.java:236)\n\tat org.junit.runners.ParentRunner.access$000(ParentRunner.java:53)\n\tat org.junit.runners.ParentRunner$2.evaluate(ParentRunner.java:229)\n\tat org.junit.runners.ParentRunner.run(ParentRunner.java:309)\n\tat junit.framework.JUnit4TestAdapter.run(JUnit4TestAdapter.java:38)\n\tat org.apache.tools.ant.taskdefs.optional.junit.JUnitTestRunner.run(JUnitTestRunner.java:534)\n\tat org.apache.tools.ant.taskdefs.optional.junit.JUnitTask.executeInVM(JUnitTask.java:1617)\n\tat org.apache.tools.ant.taskdefs.optional.junit.JUnitTask.execute(JUnitTask.java:1039)\n\tat org.apache.tools.ant.taskdefs.optional.junit.JUnitTask.executeOrQueue(JUnitTask.java:2162)\n\tat org.apache.tools.ant.taskdefs.optional.junit.JUnitTask.execute(JUnitTask.java:853)\n\tat org.apache.tools.ant.UnknownElement.execute(UnknownElement.java:292)\n\tat sun.reflect.GeneratedMethodAccessor4.invoke(Unknown Source)\n\tat sun.reflect.DelegatingMethodAccessorImpl.invoke(DelegatingMethodAccessorImpl.java:43)\n\tat java.lang.reflect.Method.invoke(Method.java:498)\n\tat org.apache.tools.ant.dispatch.DispatchUtils.execute(DispatchUtils.java:99)\n\tat org.apache.tools.ant.Task.perform(Task.java:350)\n\tat org.apache.tools.ant.Target.execute(Target.java:449)\n\tat org.apache.tools.ant.Target.performTasks(Target.java:470)\n\tat org.apache.tools.ant.Project.executeSortedTargets(Project.java:1388)\n\tat org.apache.tools.ant.Project.executeTarget(Project.java:1361)\n\tat org.apache.tools.ant.helper.DefaultExecutor.executeTargets(DefaultExecutor.java:41)\n\tat org.apache.tools.ant.Project.executeTargets(Project.java:1251)\n\tat org.apache.tools.ant.Main.runBuild(Main.java:834)\n\tat org.apache.tools.ant.Main.startAnt(Main.java:223)\n\tat org.apache.tools.ant.launch.Launcher.run(Launcher.java:284)\n\tat org.apache.tools.ant.launch.Launcher.main(Launcher.java:101)\nCaused by: java.lang.NullPointerException\n\tat org.mockito.exceptions.Reporter.exceptionCauseMessageIfAvailable(Reporter.java:677)\n\tat org.mockito.exceptions.Reporter.cannotInjectDependency(Reporter.java:671)\n\tat org.mockito.exceptions.ReporterTest.can_use_print_mock_name_even_when_mock_bogus_default_answer_and_when_reporting_injection_failure(ReporterTest.java:79)\n\tat sun.reflect.NativeMethodAccessorImpl.invoke0(Native Method)\n\tat sun.reflect.NativeMethodAccessorImpl.invoke(NativeMethodAccessorImpl.java:62)\n\tat sun.reflect.DelegatingMethodAccessorImpl.invoke(DelegatingMethodAccessorImpl.java:43)\n\tat java.lang.reflect.Method.invoke(Method.java:498)\n\tat org.junit.runners.model.FrameworkMethod$1.runReflectiveCall(FrameworkMethod.java:47)\n\tat org.junit.internal.runners.model.ReflectiveCallable.run(ReflectiveCallable.java:12)\n\tat org.junit.runners.model.FrameworkMethod.invokeExplosively(FrameworkMethod.java:44)\n\tat org.junit.internal.runners.statements.InvokeMethod.evaluate(InvokeMethod.java:17)\n\tat org.junit.internal.runners.statements.ExpectException.evaluate(ExpectException.java:19)\n\t... 33 more\norg.mockito.exceptions.ReporterTest::can_use_mock_name_even_when_mock_bogus_default_answer_and_when_reporting_no_more_interaction_wanted\njava.lang.Exception: Unexpected exception, expected<org.mockito.exceptions.verification.NoInteractionsWanted> but was<java.lang.ClassCastException>\n\tat org.junit.internal.runners.statements.ExpectException.evaluate(ExpectException.java:28)\n\tat org.junit.internal.runners.statements.RunBefores.evaluate(RunBefores.java:26)\n\tat org.junit.internal.runners.statements.RunAfters.evaluate(RunAfters.java:27)\n\tat org.junit.runners.ParentRunner.runLeaf(ParentRunner.java:271)\n\tat org.junit.runners.BlockJUnit4ClassRunner.runChild(BlockJUnit4ClassRunner.java:70)\n\tat org.junit.runners.BlockJUnit4ClassRunner.runChild(BlockJUnit4ClassRunner.java:50)\n\tat org.junit.runners.ParentRunner$3.run(ParentRunner.java:238)\n\tat org.junit.runners.ParentRunner$1.schedule(ParentRunner.java:63)\n\tat org.junit.runners.ParentRunner.runChildren(ParentRunner.java:236)\n\tat org.junit.runners.ParentRunner.access$000(ParentRunner.java:53)\n\tat org.junit.runners.ParentRunner$2.evaluate(ParentRunner.java:229)\n\tat org.junit.runners.ParentRunner.run(ParentRunner.java:309)\n\tat junit.framework.JUnit4TestAdapter.run(JUnit4TestAdapter.java:38)\n\tat org.apache.tools.ant.taskdefs.optional.junit.JUnitTestRunner.run(JUnitTestRunner.java:534)\n\tat org.apache.tools.ant.taskdefs.optional.junit.JUnitTask.executeInVM(JUnitTask.java:1617)\n\tat org.apache.tools.ant.taskdefs.optional.junit.JUnitTask.execute(JUnitTask.java:1039)\n\tat org.apache.tools.ant.taskdefs.optional.junit.JUnitTask.executeOrQueue(JUnitTask.java:2162)\n\tat org.apache.tools.ant.taskdefs.optional.junit.JUnitTask.execute(JUnitTask.java:853)\n\tat org.apache.tools.ant.UnknownElement.execute(UnknownElement.java:292)\n\tat sun.reflect.GeneratedMethodAccessor4.invoke(Unknown Source)\n\tat sun.reflect.DelegatingMethodAccessorImpl.invoke(DelegatingMethodAccessorImpl.java:43)\n\tat java.lang.reflect.Method.invoke(Method.java:498)\n\tat org.apache.tools.ant.dispatch.DispatchUtils.execute(DispatchUtils.java:99)\n\tat org.apache.tools.ant.Task.perform(Task.java:350)\n\tat org.apache.tools.ant.Target.execute(Target.java:449)\n\tat org.apache.tools.ant.Target.performTasks(Target.java:470)\n\tat org.apache.tools.ant.Project.executeSortedTargets(Project.java:1388)\n\tat org.apache.tools.ant.Project.executeTarget(Project.java:1361)\n\tat org.apache.tools.ant.helper.DefaultExecutor.executeTargets(DefaultExecutor.java:41)\n\tat org.apache.tools.ant.Project.executeTargets(Project.java:1251)\n\tat org.apache.tools.ant.Main.runBuild(Main.java:834)\n\tat org.apache.tools.ant.Main.startAnt(Main.java:223)\n\tat org.apache.tools.ant.launch.Launcher.run(Launcher.java:284)\n\tat org.apache.tools.ant.launch.Launcher.main(Launcher.java:101)\nCaused by: java.lang.ClassCastException: java.lang.Boolean cannot be cast to java.lang.String\n\tat org.mockitousage.IMethods$$EnhancerByMockitoWithCGLIB$$de235dc2.toString(<generated>)\n\tat java.lang.String.valueOf(String.java:2994)\n\tat java.lang.StringBuilder.append(StringBuilder.java:131)\n\tat org.mockito.exceptions.Reporter.noMoreInteractionsWanted(Reporter.java:424)\n\tat org.mockito.exceptions.ReporterTest.can_use_mock_name_even_when_mock_bogus_default_answer_and_when_reporting_no_more_interaction_wanted(ReporterTest.java:41)\n\tat sun.reflect.NativeMethodAccessorImpl.invoke0(Native Method)\n\tat sun.reflect.NativeMethodAccessorImpl.invoke(NativeMethodAccessorImpl.java:62)\n\tat sun.reflect.DelegatingMethodAccessorImpl.invoke(DelegatingMethodAccessorImpl.java:43)\n\tat java.lang.reflect.Method.invoke(Method.java:498)\n\tat org.junit.runners.model.FrameworkMethod$1.runReflectiveCall(FrameworkMethod.java:47)\n\tat org.junit.internal.runners.model.ReflectiveCallable.run(ReflectiveCallable.java:12)\n\tat org.junit.runners.model.FrameworkMethod.invokeExplosively(FrameworkMethod.java:44)\n\tat org.junit.internal.runners.statements.InvokeMethod.evaluate(InvokeMethod.java:17)\n\tat org.junit.internal.runners.statements.ExpectException.evaluate(ExpectException.java:19)\n\t... 33 more\norg.mockitousage.bugs.ClassCastExOnVerifyZeroInteractionsTest::should_not_throw_a_ClassCastException\njava.lang.Exception: Unexpected exception, expected<org.mockito.exceptions.verification.NoInteractionsWanted> but was<java.lang.ClassCastException>\n\tat org.junit.internal.runners.statements.ExpectException.evaluate(ExpectException.java:28)\n\tat org.junit.runners.ParentRunner.runLeaf(ParentRunner.java:271)\n\tat org.junit.runners.BlockJUnit4ClassRunner.runChild(BlockJUnit4ClassRunner.java:70)\n\tat org.junit.runners.BlockJUnit4ClassRunner.runChild(BlockJUnit4ClassRunner.java:50)\n\tat org.junit.runners.ParentRunner$3.run(ParentRunner.java:238)\n\tat org.junit.runners.ParentRunner$1.schedule(ParentRunner.java:63)\n\tat org.junit.runners.ParentRunner.runChildren(ParentRunner.java:236)\n\tat org.junit.runners.ParentRunner.access$000(ParentRunner.java:53)\n\tat org.junit.runners.ParentRunner$2.evaluate(ParentRunner.java:229)\n\tat org.junit.runners.ParentRunner.run(ParentRunner.java:309)\n\tat junit.framework.JUnit4TestAdapter.run(JUnit4TestAdapter.java:38)\n\tat org.apache.tools.ant.taskdefs.optional.junit.JUnitTestRunner.run(JUnitTestRunner.java:534)\n\tat org.apache.tools.ant.taskdefs.optional.junit.JUnitTask.executeInVM(JUnitTask.java:1617)\n\tat org.apache.tools.ant.taskdefs.optional.junit.JUnitTask.execute(JUnitTask.java:1039)\n\tat org.apache.tools.ant.taskdefs.optional.junit.JUnitTask.executeOrQueue(JUnitTask.java:2162)\n\tat org.apache.tools.ant.taskdefs.optional.junit.JUnitTask.execute(JUnitTask.java:853)\n\tat org.apache.tools.ant.UnknownElement.execute(UnknownElement.java:292)\n\tat sun.reflect.GeneratedMethodAccessor4.invoke(Unknown Source)\n\tat sun.reflect.DelegatingMethodAccessorImpl.invoke(DelegatingMethodAccessorImpl.java:43)\n\tat java.lang.reflect.Method.invoke(Method.java:498)\n\tat org.apache.tools.ant.dispatch.DispatchUtils.execute(DispatchUtils.java:99)\n\tat org.apache.tools.ant.Task.perform(Task.java:350)\n\tat org.apache.tools.ant.Target.execute(Target.java:449)\n\tat org.apache.tools.ant.Target.performTasks(Target.java:470)\n\tat org.apache.tools.ant.Project.executeSortedTargets(Project.java:1388)\n\tat org.apache.tools.ant.Project.executeTarget(Project.java:1361)\n\tat org.apache.tools.ant.helper.DefaultExecutor.executeTargets(DefaultExecutor.java:41)\n\tat org.apache.tools.ant.Project.executeTargets(Project.java:1251)\n\tat org.apache.tools.ant.Main.runBuild(Main.java:834)\n\tat org.apache.tools.ant.Main.startAnt(Main.java:223)\n\tat org.apache.tools.ant.launch.Launcher.run(Launcher.java:284)\n\tat org.apache.tools.ant.launch.Launcher.main(Launcher.java:101)\nCaused by: java.lang.ClassCastException: java.lang.Boolean cannot be cast to java.lang.String\n\tat org.mockitousage.bugs.ClassCastExOnVerifyZeroInteractionsTest$TestMock$$EnhancerByMockitoWithCGLIB$$9b036b99.toString(<generated>)\n\tat java.lang.String.valueOf(String.java:2994)\n\tat java.lang.StringBuilder.append(StringBuilder.java:131)\n\tat org.mockito.exceptions.Reporter.noMoreInteractionsWanted(Reporter.java:424)\n\tat org.mockito.internal.verification.NoMoreInteractions.verify(NoMoreInteractions.java:24)\n\tat org.mockito.internal.MockitoCore.verifyNoMoreInteractions(MockitoCore.java:113)\n\tat org.mockito.Mockito.verifyZeroInteractions(Mockito.java:1674)\n\tat org.mockitousage.bugs.ClassCastExOnVerifyZeroInteractionsTest.should_not_throw_a_ClassCastException(ClassCastExOnVerifyZeroInteractionsTest.java:24)\n\tat sun.reflect.NativeMethodAccessorImpl.invoke0(Native Method)\n\tat sun.reflect.NativeMethodAccessorImpl.invoke(NativeMethodAccessorImpl.java:62)\n\tat sun.reflect.DelegatingMethodAccessorImpl.invoke(DelegatingMethodAccessorImpl.java:43)\n\tat java.lang.reflect.Method.invoke(Method.java:498)\n\tat org.junit.runners.model.FrameworkMethod$1.runReflectiveCall(FrameworkMethod.java:47)\n\tat org.junit.internal.runners.model.ReflectiveCallable.run(ReflectiveCallable.java:12)\n\tat org.junit.runners.model.FrameworkMethod.invokeExplosively(FrameworkMethod.java:44)\n\tat org.junit.internal.runners.statements.InvokeMethod.evaluate(InvokeMethod.java:17)\n\tat org.junit.internal.runners.statements.ExpectException.evaluate(ExpectException.java:19)\n\t... 31 more\n\n\nfailure assertion code:\nnew Reporter().noMoreInteractionsWantedInOrder(invocation_with_bogus_default_answer);\n\n\nThere is a bug in the above code, please help me locate it by considering the stack trace information and failure assertion code.\n\nOutput **only** the exact buggy statement, with no line numbers, explanations, or additional content. Your response should contain just the buggy code line. Do not include ```java or ``` markers in the response.\n",
        "prompt_apr_1": "\npublic void noMoreInteractionsWantedInOrder(Invocation undesired) {\n        throw new VerificationInOrderFailure(join(\n                \"No interactions wanted here:\",\n                new LocationImpl(),\n                \"But found this interaction on mock '\" + undesired.getMock() + \"':\",\n                undesired.getLocation()\n        ));\n    }\n\nThere is a bug in line [5] of the code, please help me fix it.\n\nPlease return the **complete corrected method**. Do not skip or omit any part of the code. Do not include ```java or ``` markers in the response.\n",
        "prompt_apr_2": "\npublic void noMoreInteractionsWantedInOrder(Invocation undesired) {\n        throw new VerificationInOrderFailure(join(\n                \"No interactions wanted here:\",\n                new LocationImpl(),\n                \"But found this interaction on mock '\" + undesired.getMock() + \"':\",\n                undesired.getLocation()\n        ));\n    }\n\nThere is a bug in ['                \"But found this interaction on mock \\'\" + undesired.getMock() + \"\\':\",'] , please help me fix it. \n\nPlease return the **complete corrected method**. Do not skip or omit any part of the code. Do not include ```java or ``` markers in the response.\n",
        "prompt_apr_3": "\npublic void noMoreInteractionsWantedInOrder(Invocation undesired) {\n        throw new VerificationInOrderFailure(join(\n                \"No interactions wanted here:\",\n                new LocationImpl(),\n                \"But found this interaction on mock '\" + undesired.getMock() + \"':\",\n\nThere is a bug in the last statement, please help me fix it.\n\nReturn the code **only from the method declaration to the fixed statement**, without completing or adding additional code. Do not modify anything beyond fixing the bug, and do not complete the `if` statement or other unfinished parts. Do not include ```java or ``` markers in the response.\n",
        "prompt_apr_4": "\npublic void noMoreInteractionsWantedInOrder(Invocation undesired) {\n        throw new VerificationInOrderFailure(join(\n                \"No interactions wanted here:\",\n                new LocationImpl(),\n                \"But found this interaction on mock '\" + undesired.getMock() + \"':\",\n                undesired.getLocation()\n        ));\n    }\n\nThere is a bug in line [5] of the code, please help me fix it.\n\nPlease return the results in a strict JSON format as described below. Please follow these instructions carefully:\n1. Your output must include each repaired line's number (`line_number`) and the corresponding fixed code statement (`fixed_statement`).\n2. The output format must be a valid JSON array, where each element represents one repaired line, with the following structure:\n   - `\"line_number\"`: The line number of the buggy code that was repaired (integer).\n   - `\"fixed_statement\"`: The repaired statement for that specific line (string).\n\n3. The result must strictly follow this format:\n[\n    {\n        \"line_number\": int,\n        \"fixed_statement\": \"string\"\n    },\n    {\n        \"line_number\": int,\n        \"fixed_statement\": \"string\"\n    }\n]\n4. The repaired statement in \"fixed_statement\" must replace the corresponding line in the buggy code.\n5. You must NOT include any additional explanation or description in your response. Only return the JSON array. Do not include ```json or ``` markers in the response.\n",
        "prompt_apr_5": "\npublic void noMoreInteractionsWantedInOrder(Invocation undesired) {\n        throw new VerificationInOrderFailure(join(\n                \"No interactions wanted here:\",\n                new LocationImpl(),\n                \"But found this interaction on mock '\" + undesired.getMock() + \"':\",\n                undesired.getLocation()\n        ));\n    }\n\nThere is a bug in ['                \"But found this interaction on mock \\'\" + undesired.getMock() + \"\\':\",'] , please help me fix it. \n\nPlease return the results in a strict JSON format as described below. Please follow these instructions carefully:\n1. Your output must include each repaired line's number (`line_number`) and the corresponding fixed code statement (`fixed_statement`).\n2. The output format must be a valid JSON array, where each element represents one repaired line, with the following structure:\n   - `\"line_number\"`: The line number of the buggy code that was repaired (integer).\n   - `\"fixed_statement\"`: The repaired statement for that specific line (string).\n\n3. The result must strictly follow this format:\n[\n    {\n        \"line_number\": int,\n        \"fixed_statement\": \"string\"\n    },\n    {\n        \"line_number\": int,\n        \"fixed_statement\": \"string\"\n    }\n]\n4. The repaired statement in \"fixed_statement\" must replace the corresponding line in the buggy code.\n5. You must NOT include any additional explanation or description in your response. Only return the JSON array. Do not include ```json or ``` markers in the response.\n",
        "prompt_apr_6": "\npublic void noMoreInteractionsWantedInOrder(Invocation undesired) {\n        throw new VerificationInOrderFailure(join(\n                \"No interactions wanted here:\",\n                new LocationImpl(),\n                \"But found this interaction on mock '\" + undesired.getMock() + \"':\",\n\nThere is a bug in the last statement, please help me fix it.\n\nPlease return the results in a strict JSON format as described below. Please follow these instructions carefully:\n1. Your output must include each repaired line's number (`line_number`) and the corresponding fixed code statement (`fixed_statement`).\n2. The output format must be a valid JSON array, where each element represents one repaired line, with the following structure:\n   - `\"line_number\"`: The line number of the buggy code that was repaired (integer).\n   - `\"fixed_statement\"`: The repaired statement for that specific line (string).\n\n3. The result must strictly follow this format:\n[\n    {\n        \"line_number\": int,\n        \"fixed_statement\": \"string\"\n    },\n    {\n        \"line_number\": int,\n        \"fixed_statement\": \"string\"\n    }\n]\n4. The repaired statement in \"fixed_statement\" must replace the corresponding line in the buggy code.\n5. You must NOT include any additional explanation or description in your response. Only return the JSON array. Do not include ```json or ``` markers in the response.\n"
    }
]