[
    {
        "prompt_fl_1": "\nsource code:\npublic void captureArgumentsFrom(Invocation invocation) {\n        if (invocation.getMethod().isVarArgs()) {\n            int indexOfVararg = invocation.getRawArguments().length - 1;\n            for (int position = 0; position < indexOfVararg; position++) {\n                Matcher m = matchers.get(position);\n                if (m instanceof CapturesArguments) {\n                    ((CapturesArguments) m).captureFrom(invocation.getArgumentAt(position, Object.class));\n                }\n            }\n            for (int position = indexOfVararg; position < matchers.size(); position++) {\n                Matcher m = matchers.get(position);\n                if (m instanceof CapturesArguments) {\n                    ((CapturesArguments) m).captureFrom(invocation.getRawArguments()[position - indexOfVararg]);\n                }\n            }\n        } else {\n            for (int position = 0; position < matchers.size(); position++) {\n                Matcher m = matchers.get(position);\n                if (m instanceof CapturesArguments) {\n                    ((CapturesArguments) m).captureFrom(invocation.getArgumentAt(position, Object.class));\n                }\n            }\n        }\n    }\n\nThere is a bug in the above code, please help me locate it.\n\nPlease output **only one integer**: the line number of the buggy code (The code starts from line 1). Do not provide any explanations or additional content.\n",
        "prompt_fl_2": "\nsource code:\npublic void captureArgumentsFrom(Invocation invocation) {\n        if (invocation.getMethod().isVarArgs()) {\n            int indexOfVararg = invocation.getRawArguments().length - 1;\n            for (int position = 0; position < indexOfVararg; position++) {\n                Matcher m = matchers.get(position);\n                if (m instanceof CapturesArguments) {\n                    ((CapturesArguments) m).captureFrom(invocation.getArgumentAt(position, Object.class));\n                }\n            }\n            for (int position = indexOfVararg; position < matchers.size(); position++) {\n                Matcher m = matchers.get(position);\n                if (m instanceof CapturesArguments) {\n                    ((CapturesArguments) m).captureFrom(invocation.getRawArguments()[position - indexOfVararg]);\n                }\n            }\n        } else {\n            for (int position = 0; position < matchers.size(); position++) {\n                Matcher m = matchers.get(position);\n                if (m instanceof CapturesArguments) {\n                    ((CapturesArguments) m).captureFrom(invocation.getArgumentAt(position, Object.class));\n                }\n            }\n        }\n    }\n\nstack trace:\norg.mockito.internal.invocation.InvocationMatcherTest::should_capture_varargs_as_vararg\njunit.framework.AssertionFailedError: expected:<[['a', 'b']]> but was:<[[1]]>\n\tat sun.reflect.NativeConstructorAccessorImpl.newInstance0(Native Method)\n\tat sun.reflect.NativeConstructorAccessorImpl.newInstance(NativeConstructorAccessorImpl.java:62)\n\tat sun.reflect.DelegatingConstructorAccessorImpl.newInstance(DelegatingConstructorAccessorImpl.java:45)\n\tat java.lang.reflect.Constructor.newInstance(Constructor.java:423)\n\tat org.fest.assertions.ConstructorInvoker.newInstance(ConstructorInvoker.java:34)\n\tat org.fest.assertions.ComparisonFailureFactory.newComparisonFailure(ComparisonFailureFactory.java:60)\n\tat org.fest.assertions.ComparisonFailureFactory.comparisonFailure(ComparisonFailureFactory.java:46)\n\tat org.fest.assertions.Fail.comparisonFailed(Fail.java:83)\n\tat org.fest.assertions.Fail.failIfNotEqual(Fail.java:71)\n\tat org.fest.assertions.GenericAssert.assertEqualTo(GenericAssert.java:271)\n\tat org.fest.assertions.ListAssert.isEqualTo(ListAssert.java:360)\n\tat org.fest.assertions.ListAssert.containsExactly(ListAssert.java:350)\n\tat org.mockito.internal.invocation.InvocationMatcherTest.should_capture_varargs_as_vararg(InvocationMatcherTest.java:154)\n\tat sun.reflect.NativeMethodAccessorImpl.invoke0(Native Method)\n\tat sun.reflect.NativeMethodAccessorImpl.invoke(NativeMethodAccessorImpl.java:62)\n\tat sun.reflect.DelegatingMethodAccessorImpl.invoke(DelegatingMethodAccessorImpl.java:43)\n\tat java.lang.reflect.Method.invoke(Method.java:498)\n\tat org.junit.runners.model.FrameworkMethod$1.runReflectiveCall(FrameworkMethod.java:47)\n\tat org.junit.internal.runners.model.ReflectiveCallable.run(ReflectiveCallable.java:12)\n\tat org.junit.runners.model.FrameworkMethod.invokeExplosively(FrameworkMethod.java:44)\n\tat org.junit.internal.runners.statements.InvokeMethod.evaluate(InvokeMethod.java:17)\n\tat org.junit.internal.runners.statements.RunBefores.evaluate(RunBefores.java:26)\n\tat org.junit.internal.runners.statements.RunAfters.evaluate(RunAfters.java:27)\n\tat org.junit.runners.ParentRunner.runLeaf(ParentRunner.java:271)\n\tat org.junit.runners.BlockJUnit4ClassRunner.runChild(BlockJUnit4ClassRunner.java:70)\n\tat org.junit.runners.BlockJUnit4ClassRunner.runChild(BlockJUnit4ClassRunner.java:50)\n\tat org.junit.runners.ParentRunner$3.run(ParentRunner.java:238)\n\tat org.junit.runners.ParentRunner$1.schedule(ParentRunner.java:63)\n\tat org.junit.runners.ParentRunner.runChildren(ParentRunner.java:236)\n\tat org.junit.runners.ParentRunner.access$000(ParentRunner.java:53)\n\tat org.junit.runners.ParentRunner$2.evaluate(ParentRunner.java:229)\n\tat org.junit.runners.ParentRunner.run(ParentRunner.java:309)\n\tat junit.framework.JUnit4TestAdapter.run(JUnit4TestAdapter.java:38)\n\tat org.apache.tools.ant.taskdefs.optional.junit.JUnitTestRunner.run(JUnitTestRunner.java:534)\n\tat org.apache.tools.ant.taskdefs.optional.junit.JUnitTask.executeInVM(JUnitTask.java:1617)\n\tat org.apache.tools.ant.taskdefs.optional.junit.JUnitTask.execute(JUnitTask.java:1039)\n\tat org.apache.tools.ant.taskdefs.optional.junit.JUnitTask.executeOrQueue(JUnitTask.java:2162)\n\tat org.apache.tools.ant.taskdefs.optional.junit.JUnitTask.execute(JUnitTask.java:853)\n\tat org.apache.tools.ant.UnknownElement.execute(UnknownElement.java:292)\n\tat sun.reflect.GeneratedMethodAccessor4.invoke(Unknown Source)\n\tat sun.reflect.DelegatingMethodAccessorImpl.invoke(DelegatingMethodAccessorImpl.java:43)\n\tat java.lang.reflect.Method.invoke(Method.java:498)\n\tat org.apache.tools.ant.dispatch.DispatchUtils.execute(DispatchUtils.java:99)\n\tat org.apache.tools.ant.Task.perform(Task.java:350)\n\tat org.apache.tools.ant.Target.execute(Target.java:449)\n\tat org.apache.tools.ant.Target.performTasks(Target.java:470)\n\tat org.apache.tools.ant.Project.executeSortedTargets(Project.java:1388)\n\tat org.apache.tools.ant.Project.executeTarget(Project.java:1361)\n\tat org.apache.tools.ant.helper.DefaultExecutor.executeTargets(DefaultExecutor.java:41)\n\tat org.apache.tools.ant.Project.executeTargets(Project.java:1251)\n\tat org.apache.tools.ant.Main.runBuild(Main.java:834)\n\tat org.apache.tools.ant.Main.startAnt(Main.java:223)\n\tat org.apache.tools.ant.launch.Launcher.run(Launcher.java:284)\n\tat org.apache.tools.ant.launch.Launcher.main(Launcher.java:101)\norg.mockitousage.bugs.varargs.VarargsAndAnyObjectPicksUpExtraInvocationsTest::shouldVerifyCorrectlyNumberOfInvocationsWithVarargs\njava.lang.ArrayIndexOutOfBoundsException: 2\n\tat org.mockito.internal.invocation.InvocationMatcher.captureArgumentsFrom(InvocationMatcher.java:130)\n\tat org.mockito.internal.invocation.InvocationMarker.markVerified(InvocationMarker.java:22)\n\tat org.mockito.internal.invocation.InvocationMarker.markVerified(InvocationMarker.java:16)\n\tat org.mockito.internal.verification.checkers.NumberOfInvocationsChecker.check(NumberOfInvocationsChecker.java:48)\n\tat org.mockito.internal.verification.Times.verify(Times.java:39)\n\tat org.mockito.internal.verification.MockAwareVerificationMode.verify(MockAwareVerificationMode.java:21)\n\tat org.mockito.internal.handler.MockHandlerImpl.handle(MockHandlerImpl.java:76)\n\tat org.mockito.internal.handler.NullResultGuardian.handle(NullResultGuardian.java:29)\n\tat org.mockito.internal.handler.InvocationNotifierHandler.handle(InvocationNotifierHandler.java:37)\n\tat org.mockito.internal.creation.bytebuddy.MockMethodInterceptor.doIntercept(MockMethodInterceptor.java:82)\n\tat org.mockito.internal.creation.bytebuddy.MockMethodInterceptor.interceptAbstract(MockMethodInterceptor.java:70)\n\tat org.mockitousage.bugs.varargs.VarargsAndAnyObjectPicksUpExtraInvocationsTest$TableBuilder$MockitoMock$1005420061.newRow(Unknown Source)\n\tat org.mockitousage.bugs.varargs.VarargsAndAnyObjectPicksUpExtraInvocationsTest.shouldVerifyCorrectlyNumberOfInvocationsWithVarargs(VarargsAndAnyObjectPicksUpExtraInvocationsTest.java:50)\n\tat sun.reflect.NativeMethodAccessorImpl.invoke0(Native Method)\n\tat sun.reflect.NativeMethodAccessorImpl.invoke(NativeMethodAccessorImpl.java:62)\n\tat sun.reflect.DelegatingMethodAccessorImpl.invoke(DelegatingMethodAccessorImpl.java:43)\n\tat java.lang.reflect.Method.invoke(Method.java:498)\n\tat org.junit.runners.model.FrameworkMethod$1.runReflectiveCall(FrameworkMethod.java:47)\n\tat org.junit.internal.runners.model.ReflectiveCallable.run(ReflectiveCallable.java:12)\n\tat org.junit.runners.model.FrameworkMethod.invokeExplosively(FrameworkMethod.java:44)\n\tat org.junit.internal.runners.statements.InvokeMethod.evaluate(InvokeMethod.java:17)\n\tat org.junit.internal.runners.statements.RunBefores.evaluate(RunBefores.java:26)\n\tat org.junit.internal.runners.statements.RunAfters.evaluate(RunAfters.java:27)\n\tat org.junit.runners.ParentRunner.runLeaf(ParentRunner.java:271)\n\tat org.junit.runners.BlockJUnit4ClassRunner.runChild(BlockJUnit4ClassRunner.java:70)\n\tat org.junit.runners.BlockJUnit4ClassRunner.runChild(BlockJUnit4ClassRunner.java:50)\n\tat org.junit.runners.ParentRunner$3.run(ParentRunner.java:238)\n\tat org.junit.runners.ParentRunner$1.schedule(ParentRunner.java:63)\n\tat org.junit.runners.ParentRunner.runChildren(ParentRunner.java:236)\n\tat org.junit.runners.ParentRunner.access$000(ParentRunner.java:53)\n\tat org.junit.runners.ParentRunner$2.evaluate(ParentRunner.java:229)\n\tat org.junit.runners.ParentRunner.run(ParentRunner.java:309)\n\tat junit.framework.JUnit4TestAdapter.run(JUnit4TestAdapter.java:38)\n\tat org.apache.tools.ant.taskdefs.optional.junit.JUnitTestRunner.run(JUnitTestRunner.java:534)\n\tat org.apache.tools.ant.taskdefs.optional.junit.JUnitTask.executeInVM(JUnitTask.java:1617)\n\tat org.apache.tools.ant.taskdefs.optional.junit.JUnitTask.execute(JUnitTask.java:1039)\n\tat org.apache.tools.ant.taskdefs.optional.junit.JUnitTask.executeOrQueue(JUnitTask.java:2162)\n\tat org.apache.tools.ant.taskdefs.optional.junit.JUnitTask.execute(JUnitTask.java:853)\n\tat org.apache.tools.ant.UnknownElement.execute(UnknownElement.java:292)\n\tat sun.reflect.GeneratedMethodAccessor4.invoke(Unknown Source)\n\tat sun.reflect.DelegatingMethodAccessorImpl.invoke(DelegatingMethodAccessorImpl.java:43)\n\tat java.lang.reflect.Method.invoke(Method.java:498)\n\tat org.apache.tools.ant.dispatch.DispatchUtils.execute(DispatchUtils.java:99)\n\tat org.apache.tools.ant.Task.perform(Task.java:350)\n\tat org.apache.tools.ant.Target.execute(Target.java:449)\n\tat org.apache.tools.ant.Target.performTasks(Target.java:470)\n\tat org.apache.tools.ant.Project.executeSortedTargets(Project.java:1388)\n\tat org.apache.tools.ant.Project.executeTarget(Project.java:1361)\n\tat org.apache.tools.ant.helper.DefaultExecutor.executeTargets(DefaultExecutor.java:41)\n\tat org.apache.tools.ant.Project.executeTargets(Project.java:1251)\n\tat org.apache.tools.ant.Main.runBuild(Main.java:834)\n\tat org.apache.tools.ant.Main.startAnt(Main.java:223)\n\tat org.apache.tools.ant.launch.Launcher.run(Launcher.java:284)\n\tat org.apache.tools.ant.launch.Launcher.main(Launcher.java:101)\norg.mockitousage.bugs.varargs.VarargsNotPlayingWithAnyObjectTest::shouldMatchAnyVararg\njava.lang.ArrayIndexOutOfBoundsException: 1\n\tat org.mockito.internal.invocation.InvocationMatcher.captureArgumentsFrom(InvocationMatcher.java:130)\n\tat org.mockito.internal.invocation.InvocationMarker.markVerified(InvocationMarker.java:22)\n\tat org.mockito.internal.invocation.InvocationMarker.markVerified(InvocationMarker.java:16)\n\tat org.mockito.internal.verification.checkers.NumberOfInvocationsChecker.check(NumberOfInvocationsChecker.java:48)\n\tat org.mockito.internal.verification.Times.verify(Times.java:39)\n\tat org.mockito.internal.verification.MockAwareVerificationMode.verify(MockAwareVerificationMode.java:21)\n\tat org.mockito.internal.handler.MockHandlerImpl.handle(MockHandlerImpl.java:76)\n\tat org.mockito.internal.handler.NullResultGuardian.handle(NullResultGuardian.java:29)\n\tat org.mockito.internal.handler.InvocationNotifierHandler.handle(InvocationNotifierHandler.java:37)\n\tat org.mockito.internal.creation.bytebuddy.MockMethodInterceptor.doIntercept(MockMethodInterceptor.java:82)\n\tat org.mockito.internal.creation.bytebuddy.MockMethodInterceptor.interceptAbstract(MockMethodInterceptor.java:70)\n\tat org.mockitousage.bugs.varargs.VarargsNotPlayingWithAnyObjectTest$VarargMethod$MockitoMock$226143732.run(Unknown Source)\n\tat org.mockitousage.bugs.varargs.VarargsNotPlayingWithAnyObjectTest.shouldMatchAnyVararg(VarargsNotPlayingWithAnyObjectTest.java:28)\n\tat sun.reflect.NativeMethodAccessorImpl.invoke0(Native Method)\n\tat sun.reflect.NativeMethodAccessorImpl.invoke(NativeMethodAccessorImpl.java:62)\n\tat sun.reflect.DelegatingMethodAccessorImpl.invoke(DelegatingMethodAccessorImpl.java:43)\n\tat java.lang.reflect.Method.invoke(Method.java:498)\n\tat org.junit.runners.model.FrameworkMethod$1.runReflectiveCall(FrameworkMethod.java:47)\n\tat org.junit.internal.runners.model.ReflectiveCallable.run(ReflectiveCallable.java:12)\n\tat org.junit.runners.model.FrameworkMethod.invokeExplosively(FrameworkMethod.java:44)\n\tat org.junit.internal.runners.statements.InvokeMethod.evaluate(InvokeMethod.java:17)\n\tat org.junit.internal.runners.statements.RunBefores.evaluate(RunBefores.java:26)\n\tat org.junit.internal.runners.statements.RunAfters.evaluate(RunAfters.java:27)\n\tat org.junit.runners.ParentRunner.runLeaf(ParentRunner.java:271)\n\tat org.junit.runners.BlockJUnit4ClassRunner.runChild(BlockJUnit4ClassRunner.java:70)\n\tat org.junit.runners.BlockJUnit4ClassRunner.runChild(BlockJUnit4ClassRunner.java:50)\n\tat org.junit.runners.ParentRunner$3.run(ParentRunner.java:238)\n\tat org.junit.runners.ParentRunner$1.schedule(ParentRunner.java:63)\n\tat org.junit.runners.ParentRunner.runChildren(ParentRunner.java:236)\n\tat org.junit.runners.ParentRunner.access$000(ParentRunner.java:53)\n\tat org.junit.runners.ParentRunner$2.evaluate(ParentRunner.java:229)\n\tat org.junit.runners.ParentRunner.run(ParentRunner.java:309)\n\tat junit.framework.JUnit4TestAdapter.run(JUnit4TestAdapter.java:38)\n\tat org.apache.tools.ant.taskdefs.optional.junit.JUnitTestRunner.run(JUnitTestRunner.java:534)\n\tat org.apache.tools.ant.taskdefs.optional.junit.JUnitTask.executeInVM(JUnitTask.java:1617)\n\tat org.apache.tools.ant.taskdefs.optional.junit.JUnitTask.execute(JUnitTask.java:1039)\n\tat org.apache.tools.ant.taskdefs.optional.junit.JUnitTask.executeOrQueue(JUnitTask.java:2162)\n\tat org.apache.tools.ant.taskdefs.optional.junit.JUnitTask.execute(JUnitTask.java:853)\n\tat org.apache.tools.ant.UnknownElement.execute(UnknownElement.java:292)\n\tat sun.reflect.GeneratedMethodAccessor4.invoke(Unknown Source)\n\tat sun.reflect.DelegatingMethodAccessorImpl.invoke(DelegatingMethodAccessorImpl.java:43)\n\tat java.lang.reflect.Method.invoke(Method.java:498)\n\tat org.apache.tools.ant.dispatch.DispatchUtils.execute(DispatchUtils.java:99)\n\tat org.apache.tools.ant.Task.perform(Task.java:350)\n\tat org.apache.tools.ant.Target.execute(Target.java:449)\n\tat org.apache.tools.ant.Target.performTasks(Target.java:470)\n\tat org.apache.tools.ant.Project.executeSortedTargets(Project.java:1388)\n\tat org.apache.tools.ant.Project.executeTarget(Project.java:1361)\n\tat org.apache.tools.ant.helper.DefaultExecutor.executeTargets(DefaultExecutor.java:41)\n\tat org.apache.tools.ant.Project.executeTargets(Project.java:1251)\n\tat org.apache.tools.ant.Main.runBuild(Main.java:834)\n\tat org.apache.tools.ant.Main.startAnt(Main.java:223)\n\tat org.apache.tools.ant.launch.Launcher.run(Launcher.java:284)\n\tat org.apache.tools.ant.launch.Launcher.main(Launcher.java:101)\norg.mockitousage.matchers.CapturingArgumentsTest::should_capture_all_vararg\njunit.framework.AssertionFailedError: expected:<[['a', 'b', 'c', 'again ?!']]> but was:<[[42, 42]]>\n\tat sun.reflect.NativeConstructorAccessorImpl.newInstance0(Native Method)\n\tat sun.reflect.NativeConstructorAccessorImpl.newInstance(NativeConstructorAccessorImpl.java:62)\n\tat sun.reflect.DelegatingConstructorAccessorImpl.newInstance(DelegatingConstructorAccessorImpl.java:45)\n\tat java.lang.reflect.Constructor.newInstance(Constructor.java:423)\n\tat org.fest.assertions.ConstructorInvoker.newInstance(ConstructorInvoker.java:34)\n\tat org.fest.assertions.ComparisonFailureFactory.newComparisonFailure(ComparisonFailureFactory.java:60)\n\tat org.fest.assertions.ComparisonFailureFactory.comparisonFailure(ComparisonFailureFactory.java:46)\n\tat org.fest.assertions.Fail.comparisonFailed(Fail.java:83)\n\tat org.fest.assertions.Fail.failIfNotEqual(Fail.java:71)\n\tat org.fest.assertions.GenericAssert.assertEqualTo(GenericAssert.java:271)\n\tat org.fest.assertions.ListAssert.isEqualTo(ListAssert.java:360)\n\tat org.fest.assertions.ListAssert.containsExactly(ListAssert.java:350)\n\tat org.mockitousage.matchers.CapturingArgumentsTest.should_capture_all_vararg(CapturingArgumentsTest.java:278)\n\tat sun.reflect.NativeMethodAccessorImpl.invoke0(Native Method)\n\tat sun.reflect.NativeMethodAccessorImpl.invoke(NativeMethodAccessorImpl.java:62)\n\tat sun.reflect.DelegatingMethodAccessorImpl.invoke(DelegatingMethodAccessorImpl.java:43)\n\tat java.lang.reflect.Method.invoke(Method.java:498)\n\tat org.junit.runners.model.FrameworkMethod$1.runReflectiveCall(FrameworkMethod.java:47)\n\tat org.junit.internal.runners.model.ReflectiveCallable.run(ReflectiveCallable.java:12)\n\tat org.junit.runners.model.FrameworkMethod.invokeExplosively(FrameworkMethod.java:44)\n\tat org.junit.internal.runners.statements.InvokeMethod.evaluate(InvokeMethod.java:17)\n\tat org.junit.internal.runners.statements.RunBefores.evaluate(RunBefores.java:26)\n\tat org.junit.internal.runners.statements.RunAfters.evaluate(RunAfters.java:27)\n\tat org.junit.runners.ParentRunner.runLeaf(ParentRunner.java:271)\n\tat org.junit.runners.BlockJUnit4ClassRunner.runChild(BlockJUnit4ClassRunner.java:70)\n\tat org.junit.runners.BlockJUnit4ClassRunner.runChild(BlockJUnit4ClassRunner.java:50)\n\tat org.junit.runners.ParentRunner$3.run(ParentRunner.java:238)\n\tat org.junit.runners.ParentRunner$1.schedule(ParentRunner.java:63)\n\tat org.junit.runners.ParentRunner.runChildren(ParentRunner.java:236)\n\tat org.junit.runners.ParentRunner.access$000(ParentRunner.java:53)\n\tat org.junit.runners.ParentRunner$2.evaluate(ParentRunner.java:229)\n\tat org.junit.runners.ParentRunner.run(ParentRunner.java:309)\n\tat junit.framework.JUnit4TestAdapter.run(JUnit4TestAdapter.java:38)\n\tat org.apache.tools.ant.taskdefs.optional.junit.JUnitTestRunner.run(JUnitTestRunner.java:534)\n\tat org.apache.tools.ant.taskdefs.optional.junit.JUnitTask.executeInVM(JUnitTask.java:1617)\n\tat org.apache.tools.ant.taskdefs.optional.junit.JUnitTask.execute(JUnitTask.java:1039)\n\tat org.apache.tools.ant.taskdefs.optional.junit.JUnitTask.executeOrQueue(JUnitTask.java:2162)\n\tat org.apache.tools.ant.taskdefs.optional.junit.JUnitTask.execute(JUnitTask.java:853)\n\tat org.apache.tools.ant.UnknownElement.execute(UnknownElement.java:292)\n\tat sun.reflect.GeneratedMethodAccessor4.invoke(Unknown Source)\n\tat sun.reflect.DelegatingMethodAccessorImpl.invoke(DelegatingMethodAccessorImpl.java:43)\n\tat java.lang.reflect.Method.invoke(Method.java:498)\n\tat org.apache.tools.ant.dispatch.DispatchUtils.execute(DispatchUtils.java:99)\n\tat org.apache.tools.ant.Task.perform(Task.java:350)\n\tat org.apache.tools.ant.Target.execute(Target.java:449)\n\tat org.apache.tools.ant.Target.performTasks(Target.java:470)\n\tat org.apache.tools.ant.Project.executeSortedTargets(Project.java:1388)\n\tat org.apache.tools.ant.Project.executeTarget(Project.java:1361)\n\tat org.apache.tools.ant.helper.DefaultExecutor.executeTargets(DefaultExecutor.java:41)\n\tat org.apache.tools.ant.Project.executeTargets(Project.java:1251)\n\tat org.apache.tools.ant.Main.runBuild(Main.java:834)\n\tat org.apache.tools.ant.Main.startAnt(Main.java:223)\n\tat org.apache.tools.ant.launch.Launcher.run(Launcher.java:284)\n\tat org.apache.tools.ant.launch.Launcher.main(Launcher.java:101)\norg.mockitousage.matchers.CapturingArgumentsTest::captures_correctly_when_captor_used_multiple_times\njava.lang.ArrayIndexOutOfBoundsException: 2\n\tat org.mockito.internal.invocation.InvocationMatcher.captureArgumentsFrom(InvocationMatcher.java:130)\n\tat org.mockito.internal.invocation.InvocationMarker.markVerified(InvocationMarker.java:22)\n\tat org.mockito.internal.invocation.InvocationMarker.markVerified(InvocationMarker.java:16)\n\tat org.mockito.internal.verification.checkers.NumberOfInvocationsChecker.check(NumberOfInvocationsChecker.java:48)\n\tat org.mockito.internal.verification.Times.verify(Times.java:39)\n\tat org.mockito.internal.verification.MockAwareVerificationMode.verify(MockAwareVerificationMode.java:21)\n\tat org.mockito.internal.handler.MockHandlerImpl.handle(MockHandlerImpl.java:76)\n\tat org.mockito.internal.handler.NullResultGuardian.handle(NullResultGuardian.java:29)\n\tat org.mockito.internal.handler.InvocationNotifierHandler.handle(InvocationNotifierHandler.java:37)\n\tat org.mockito.internal.creation.bytebuddy.MockMethodInterceptor.doIntercept(MockMethodInterceptor.java:82)\n\tat org.mockito.internal.creation.bytebuddy.MockMethodInterceptor.interceptAbstract(MockMethodInterceptor.java:70)\n\tat org.mockitousage.IMethods$MockitoMock$263271281.mixedVarargs(Unknown Source)\n\tat org.mockitousage.matchers.CapturingArgumentsTest.captures_correctly_when_captor_used_multiple_times(CapturingArgumentsTest.java:304)\n\tat sun.reflect.NativeMethodAccessorImpl.invoke0(Native Method)\n\tat sun.reflect.NativeMethodAccessorImpl.invoke(NativeMethodAccessorImpl.java:62)\n\tat sun.reflect.DelegatingMethodAccessorImpl.invoke(DelegatingMethodAccessorImpl.java:43)\n\tat java.lang.reflect.Method.invoke(Method.java:498)\n\tat org.junit.runners.model.FrameworkMethod$1.runReflectiveCall(FrameworkMethod.java:47)\n\tat org.junit.internal.runners.model.ReflectiveCallable.run(ReflectiveCallable.java:12)\n\tat org.junit.runners.model.FrameworkMethod.invokeExplosively(FrameworkMethod.java:44)\n\tat org.junit.internal.runners.statements.InvokeMethod.evaluate(InvokeMethod.java:17)\n\tat org.junit.internal.runners.statements.RunBefores.evaluate(RunBefores.java:26)\n\tat org.junit.internal.runners.statements.RunAfters.evaluate(RunAfters.java:27)\n\tat org.junit.runners.ParentRunner.runLeaf(ParentRunner.java:271)\n\tat org.junit.runners.BlockJUnit4ClassRunner.runChild(BlockJUnit4ClassRunner.java:70)\n\tat org.junit.runners.BlockJUnit4ClassRunner.runChild(BlockJUnit4ClassRunner.java:50)\n\tat org.junit.runners.ParentRunner$3.run(ParentRunner.java:238)\n\tat org.junit.runners.ParentRunner$1.schedule(ParentRunner.java:63)\n\tat org.junit.runners.ParentRunner.runChildren(ParentRunner.java:236)\n\tat org.junit.runners.ParentRunner.access$000(ParentRunner.java:53)\n\tat org.junit.runners.ParentRunner$2.evaluate(ParentRunner.java:229)\n\tat org.junit.runners.ParentRunner.run(ParentRunner.java:309)\n\tat junit.framework.JUnit4TestAdapter.run(JUnit4TestAdapter.java:38)\n\tat org.apache.tools.ant.taskdefs.optional.junit.JUnitTestRunner.run(JUnitTestRunner.java:534)\n\tat org.apache.tools.ant.taskdefs.optional.junit.JUnitTask.executeInVM(JUnitTask.java:1617)\n\tat org.apache.tools.ant.taskdefs.optional.junit.JUnitTask.execute(JUnitTask.java:1039)\n\tat org.apache.tools.ant.taskdefs.optional.junit.JUnitTask.executeOrQueue(JUnitTask.java:2162)\n\tat org.apache.tools.ant.taskdefs.optional.junit.JUnitTask.execute(JUnitTask.java:853)\n\tat org.apache.tools.ant.UnknownElement.execute(UnknownElement.java:292)\n\tat sun.reflect.GeneratedMethodAccessor4.invoke(Unknown Source)\n\tat sun.reflect.DelegatingMethodAccessorImpl.invoke(DelegatingMethodAccessorImpl.java:43)\n\tat java.lang.reflect.Method.invoke(Method.java:498)\n\tat org.apache.tools.ant.dispatch.DispatchUtils.execute(DispatchUtils.java:99)\n\tat org.apache.tools.ant.Task.perform(Task.java:350)\n\tat org.apache.tools.ant.Target.execute(Target.java:449)\n\tat org.apache.tools.ant.Target.performTasks(Target.java:470)\n\tat org.apache.tools.ant.Project.executeSortedTargets(Project.java:1388)\n\tat org.apache.tools.ant.Project.executeTarget(Project.java:1361)\n\tat org.apache.tools.ant.helper.DefaultExecutor.executeTargets(DefaultExecutor.java:41)\n\tat org.apache.tools.ant.Project.executeTargets(Project.java:1251)\n\tat org.apache.tools.ant.Main.runBuild(Main.java:834)\n\tat org.apache.tools.ant.Main.startAnt(Main.java:223)\n\tat org.apache.tools.ant.launch.Launcher.run(Launcher.java:284)\n\tat org.apache.tools.ant.launch.Launcher.main(Launcher.java:101)\norg.mockitousage.matchers.CapturingArgumentsTest::should_capture_vararg\njunit.framework.AssertionFailedError: expected:<[['a', 'b', 'c']]> but was:<[[42]]>\n\tat sun.reflect.NativeConstructorAccessorImpl.newInstance0(Native Method)\n\tat sun.reflect.NativeConstructorAccessorImpl.newInstance(NativeConstructorAccessorImpl.java:62)\n\tat sun.reflect.DelegatingConstructorAccessorImpl.newInstance(DelegatingConstructorAccessorImpl.java:45)\n\tat java.lang.reflect.Constructor.newInstance(Constructor.java:423)\n\tat org.fest.assertions.ConstructorInvoker.newInstance(ConstructorInvoker.java:34)\n\tat org.fest.assertions.ComparisonFailureFactory.newComparisonFailure(ComparisonFailureFactory.java:60)\n\tat org.fest.assertions.ComparisonFailureFactory.comparisonFailure(ComparisonFailureFactory.java:46)\n\tat org.fest.assertions.Fail.comparisonFailed(Fail.java:83)\n\tat org.fest.assertions.Fail.failIfNotEqual(Fail.java:71)\n\tat org.fest.assertions.GenericAssert.assertEqualTo(GenericAssert.java:271)\n\tat org.fest.assertions.ListAssert.isEqualTo(ListAssert.java:360)\n\tat org.fest.assertions.ListAssert.containsExactly(ListAssert.java:350)\n\tat org.mockitousage.matchers.CapturingArgumentsTest.should_capture_vararg(CapturingArgumentsTest.java:263)\n\tat sun.reflect.NativeMethodAccessorImpl.invoke0(Native Method)\n\tat sun.reflect.NativeMethodAccessorImpl.invoke(NativeMethodAccessorImpl.java:62)\n\tat sun.reflect.DelegatingMethodAccessorImpl.invoke(DelegatingMethodAccessorImpl.java:43)\n\tat java.lang.reflect.Method.invoke(Method.java:498)\n\tat org.junit.runners.model.FrameworkMethod$1.runReflectiveCall(FrameworkMethod.java:47)\n\tat org.junit.internal.runners.model.ReflectiveCallable.run(ReflectiveCallable.java:12)\n\tat org.junit.runners.model.FrameworkMethod.invokeExplosively(FrameworkMethod.java:44)\n\tat org.junit.internal.runners.statements.InvokeMethod.evaluate(InvokeMethod.java:17)\n\tat org.junit.internal.runners.statements.RunBefores.evaluate(RunBefores.java:26)\n\tat org.junit.internal.runners.statements.RunAfters.evaluate(RunAfters.java:27)\n\tat org.junit.runners.ParentRunner.runLeaf(ParentRunner.java:271)\n\tat org.junit.runners.BlockJUnit4ClassRunner.runChild(BlockJUnit4ClassRunner.java:70)\n\tat org.junit.runners.BlockJUnit4ClassRunner.runChild(BlockJUnit4ClassRunner.java:50)\n\tat org.junit.runners.ParentRunner$3.run(ParentRunner.java:238)\n\tat org.junit.runners.ParentRunner$1.schedule(ParentRunner.java:63)\n\tat org.junit.runners.ParentRunner.runChildren(ParentRunner.java:236)\n\tat org.junit.runners.ParentRunner.access$000(ParentRunner.java:53)\n\tat org.junit.runners.ParentRunner$2.evaluate(ParentRunner.java:229)\n\tat org.junit.runners.ParentRunner.run(ParentRunner.java:309)\n\tat junit.framework.JUnit4TestAdapter.run(JUnit4TestAdapter.java:38)\n\tat org.apache.tools.ant.taskdefs.optional.junit.JUnitTestRunner.run(JUnitTestRunner.java:534)\n\tat org.apache.tools.ant.taskdefs.optional.junit.JUnitTask.executeInVM(JUnitTask.java:1617)\n\tat org.apache.tools.ant.taskdefs.optional.junit.JUnitTask.execute(JUnitTask.java:1039)\n\tat org.apache.tools.ant.taskdefs.optional.junit.JUnitTask.executeOrQueue(JUnitTask.java:2162)\n\tat org.apache.tools.ant.taskdefs.optional.junit.JUnitTask.execute(JUnitTask.java:853)\n\tat org.apache.tools.ant.UnknownElement.execute(UnknownElement.java:292)\n\tat sun.reflect.GeneratedMethodAccessor4.invoke(Unknown Source)\n\tat sun.reflect.DelegatingMethodAccessorImpl.invoke(DelegatingMethodAccessorImpl.java:43)\n\tat java.lang.reflect.Method.invoke(Method.java:498)\n\tat org.apache.tools.ant.dispatch.DispatchUtils.execute(DispatchUtils.java:99)\n\tat org.apache.tools.ant.Task.perform(Task.java:350)\n\tat org.apache.tools.ant.Target.execute(Target.java:449)\n\tat org.apache.tools.ant.Target.performTasks(Target.java:470)\n\tat org.apache.tools.ant.Project.executeSortedTargets(Project.java:1388)\n\tat org.apache.tools.ant.Project.executeTarget(Project.java:1361)\n\tat org.apache.tools.ant.helper.DefaultExecutor.executeTargets(DefaultExecutor.java:41)\n\tat org.apache.tools.ant.Project.executeTargets(Project.java:1251)\n\tat org.apache.tools.ant.Main.runBuild(Main.java:834)\n\tat org.apache.tools.ant.Main.startAnt(Main.java:223)\n\tat org.apache.tools.ant.launch.Launcher.run(Launcher.java:284)\n\tat org.apache.tools.ant.launch.Launcher.main(Launcher.java:101)\norg.mockitousage.matchers.CapturingArgumentsTest::captures_correctly_when_captor_used_on_pure_vararg_method\njava.lang.ArrayIndexOutOfBoundsException: 1\n\tat org.mockito.internal.invocation.InvocationMatcher.captureArgumentsFrom(InvocationMatcher.java:130)\n\tat org.mockito.internal.invocation.InvocationMarker.markVerified(InvocationMarker.java:22)\n\tat org.mockito.internal.invocation.InvocationMarker.markVerified(InvocationMarker.java:16)\n\tat org.mockito.internal.verification.checkers.NumberOfInvocationsChecker.check(NumberOfInvocationsChecker.java:48)\n\tat org.mockito.internal.verification.Times.verify(Times.java:39)\n\tat org.mockito.internal.verification.MockAwareVerificationMode.verify(MockAwareVerificationMode.java:21)\n\tat org.mockito.internal.handler.MockHandlerImpl.handle(MockHandlerImpl.java:76)\n\tat org.mockito.internal.handler.NullResultGuardian.handle(NullResultGuardian.java:29)\n\tat org.mockito.internal.handler.InvocationNotifierHandler.handle(InvocationNotifierHandler.java:37)\n\tat org.mockito.internal.creation.bytebuddy.MockMethodInterceptor.doIntercept(MockMethodInterceptor.java:82)\n\tat org.mockito.internal.creation.bytebuddy.MockMethodInterceptor.interceptAbstract(MockMethodInterceptor.java:70)\n\tat org.mockitousage.IMethods$MockitoMock$263271281.varargs(Unknown Source)\n\tat org.mockitousage.matchers.CapturingArgumentsTest.captures_correctly_when_captor_used_on_pure_vararg_method(CapturingArgumentsTest.java:317)\n\tat sun.reflect.NativeMethodAccessorImpl.invoke0(Native Method)\n\tat sun.reflect.NativeMethodAccessorImpl.invoke(NativeMethodAccessorImpl.java:62)\n\tat sun.reflect.DelegatingMethodAccessorImpl.invoke(DelegatingMethodAccessorImpl.java:43)\n\tat java.lang.reflect.Method.invoke(Method.java:498)\n\tat org.junit.runners.model.FrameworkMethod$1.runReflectiveCall(FrameworkMethod.java:47)\n\tat org.junit.internal.runners.model.ReflectiveCallable.run(ReflectiveCallable.java:12)\n\tat org.junit.runners.model.FrameworkMethod.invokeExplosively(FrameworkMethod.java:44)\n\tat org.junit.internal.runners.statements.InvokeMethod.evaluate(InvokeMethod.java:17)\n\tat org.junit.internal.runners.statements.RunBefores.evaluate(RunBefores.java:26)\n\tat org.junit.internal.runners.statements.RunAfters.evaluate(RunAfters.java:27)\n\tat org.junit.runners.ParentRunner.runLeaf(ParentRunner.java:271)\n\tat org.junit.runners.BlockJUnit4ClassRunner.runChild(BlockJUnit4ClassRunner.java:70)\n\tat org.junit.runners.BlockJUnit4ClassRunner.runChild(BlockJUnit4ClassRunner.java:50)\n\tat org.junit.runners.ParentRunner$3.run(ParentRunner.java:238)\n\tat org.junit.runners.ParentRunner$1.schedule(ParentRunner.java:63)\n\tat org.junit.runners.ParentRunner.runChildren(ParentRunner.java:236)\n\tat org.junit.runners.ParentRunner.access$000(ParentRunner.java:53)\n\tat org.junit.runners.ParentRunner$2.evaluate(ParentRunner.java:229)\n\tat org.junit.runners.ParentRunner.run(ParentRunner.java:309)\n\tat junit.framework.JUnit4TestAdapter.run(JUnit4TestAdapter.java:38)\n\tat org.apache.tools.ant.taskdefs.optional.junit.JUnitTestRunner.run(JUnitTestRunner.java:534)\n\tat org.apache.tools.ant.taskdefs.optional.junit.JUnitTask.executeInVM(JUnitTask.java:1617)\n\tat org.apache.tools.ant.taskdefs.optional.junit.JUnitTask.execute(JUnitTask.java:1039)\n\tat org.apache.tools.ant.taskdefs.optional.junit.JUnitTask.executeOrQueue(JUnitTask.java:2162)\n\tat org.apache.tools.ant.taskdefs.optional.junit.JUnitTask.execute(JUnitTask.java:853)\n\tat org.apache.tools.ant.UnknownElement.execute(UnknownElement.java:292)\n\tat sun.reflect.GeneratedMethodAccessor4.invoke(Unknown Source)\n\tat sun.reflect.DelegatingMethodAccessorImpl.invoke(DelegatingMethodAccessorImpl.java:43)\n\tat java.lang.reflect.Method.invoke(Method.java:498)\n\tat org.apache.tools.ant.dispatch.DispatchUtils.execute(DispatchUtils.java:99)\n\tat org.apache.tools.ant.Task.perform(Task.java:350)\n\tat org.apache.tools.ant.Target.execute(Target.java:449)\n\tat org.apache.tools.ant.Target.performTasks(Target.java:470)\n\tat org.apache.tools.ant.Project.executeSortedTargets(Project.java:1388)\n\tat org.apache.tools.ant.Project.executeTarget(Project.java:1361)\n\tat org.apache.tools.ant.helper.DefaultExecutor.executeTargets(DefaultExecutor.java:41)\n\tat org.apache.tools.ant.Project.executeTargets(Project.java:1251)\n\tat org.apache.tools.ant.Main.runBuild(Main.java:834)\n\tat org.apache.tools.ant.Main.startAnt(Main.java:223)\n\tat org.apache.tools.ant.launch.Launcher.run(Launcher.java:284)\n\tat org.apache.tools.ant.launch.Launcher.main(Launcher.java:101)\norg.mockitousage.matchers.CapturingArgumentsTest::should_capture_byte_vararg_by_creating_captor_with_primitive_wrapper\njava.lang.ClassCastException: [B cannot be cast to java.lang.Byte\n\tat org.mockitousage.matchers.CapturingArgumentsTest.should_capture_byte_vararg_by_creating_captor_with_primitive_wrapper(CapturingArgumentsTest.java:249)\n\tat sun.reflect.NativeMethodAccessorImpl.invoke0(Native Method)\n\tat sun.reflect.NativeMethodAccessorImpl.invoke(NativeMethodAccessorImpl.java:62)\n\tat sun.reflect.DelegatingMethodAccessorImpl.invoke(DelegatingMethodAccessorImpl.java:43)\n\tat java.lang.reflect.Method.invoke(Method.java:498)\n\tat org.junit.runners.model.FrameworkMethod$1.runReflectiveCall(FrameworkMethod.java:47)\n\tat org.junit.internal.runners.model.ReflectiveCallable.run(ReflectiveCallable.java:12)\n\tat org.junit.runners.model.FrameworkMethod.invokeExplosively(FrameworkMethod.java:44)\n\tat org.junit.internal.runners.statements.InvokeMethod.evaluate(InvokeMethod.java:17)\n\tat org.junit.internal.runners.statements.RunBefores.evaluate(RunBefores.java:26)\n\tat org.junit.internal.runners.statements.RunAfters.evaluate(RunAfters.java:27)\n\tat org.junit.runners.ParentRunner.runLeaf(ParentRunner.java:271)\n\tat org.junit.runners.BlockJUnit4ClassRunner.runChild(BlockJUnit4ClassRunner.java:70)\n\tat org.junit.runners.BlockJUnit4ClassRunner.runChild(BlockJUnit4ClassRunner.java:50)\n\tat org.junit.runners.ParentRunner$3.run(ParentRunner.java:238)\n\tat org.junit.runners.ParentRunner$1.schedule(ParentRunner.java:63)\n\tat org.junit.runners.ParentRunner.runChildren(ParentRunner.java:236)\n\tat org.junit.runners.ParentRunner.access$000(ParentRunner.java:53)\n\tat org.junit.runners.ParentRunner$2.evaluate(ParentRunner.java:229)\n\tat org.junit.runners.ParentRunner.run(ParentRunner.java:309)\n\tat junit.framework.JUnit4TestAdapter.run(JUnit4TestAdapter.java:38)\n\tat org.apache.tools.ant.taskdefs.optional.junit.JUnitTestRunner.run(JUnitTestRunner.java:534)\n\tat org.apache.tools.ant.taskdefs.optional.junit.JUnitTask.executeInVM(JUnitTask.java:1617)\n\tat org.apache.tools.ant.taskdefs.optional.junit.JUnitTask.execute(JUnitTask.java:1039)\n\tat org.apache.tools.ant.taskdefs.optional.junit.JUnitTask.executeOrQueue(JUnitTask.java:2162)\n\tat org.apache.tools.ant.taskdefs.optional.junit.JUnitTask.execute(JUnitTask.java:853)\n\tat org.apache.tools.ant.UnknownElement.execute(UnknownElement.java:292)\n\tat sun.reflect.GeneratedMethodAccessor4.invoke(Unknown Source)\n\tat sun.reflect.DelegatingMethodAccessorImpl.invoke(DelegatingMethodAccessorImpl.java:43)\n\tat java.lang.reflect.Method.invoke(Method.java:498)\n\tat org.apache.tools.ant.dispatch.DispatchUtils.execute(DispatchUtils.java:99)\n\tat org.apache.tools.ant.Task.perform(Task.java:350)\n\tat org.apache.tools.ant.Target.execute(Target.java:449)\n\tat org.apache.tools.ant.Target.performTasks(Target.java:470)\n\tat org.apache.tools.ant.Project.executeSortedTargets(Project.java:1388)\n\tat org.apache.tools.ant.Project.executeTarget(Project.java:1361)\n\tat org.apache.tools.ant.helper.DefaultExecutor.executeTargets(DefaultExecutor.java:41)\n\tat org.apache.tools.ant.Project.executeTargets(Project.java:1251)\n\tat org.apache.tools.ant.Main.runBuild(Main.java:834)\n\tat org.apache.tools.ant.Main.startAnt(Main.java:223)\n\tat org.apache.tools.ant.launch.Launcher.run(Launcher.java:284)\n\tat org.apache.tools.ant.launch.Launcher.main(Launcher.java:101)\norg.mockitousage.matchers.CapturingArgumentsTest::should_capture_byte_vararg_by_creating_captor_with_primitive\njava.lang.ClassCastException: [B cannot be cast to java.lang.Byte\n\tat org.mockitousage.matchers.CapturingArgumentsTest.should_capture_byte_vararg_by_creating_captor_with_primitive(CapturingArgumentsTest.java:235)\n\tat sun.reflect.NativeMethodAccessorImpl.invoke0(Native Method)\n\tat sun.reflect.NativeMethodAccessorImpl.invoke(NativeMethodAccessorImpl.java:62)\n\tat sun.reflect.DelegatingMethodAccessorImpl.invoke(DelegatingMethodAccessorImpl.java:43)\n\tat java.lang.reflect.Method.invoke(Method.java:498)\n\tat org.junit.runners.model.FrameworkMethod$1.runReflectiveCall(FrameworkMethod.java:47)\n\tat org.junit.internal.runners.model.ReflectiveCallable.run(ReflectiveCallable.java:12)\n\tat org.junit.runners.model.FrameworkMethod.invokeExplosively(FrameworkMethod.java:44)\n\tat org.junit.internal.runners.statements.InvokeMethod.evaluate(InvokeMethod.java:17)\n\tat org.junit.internal.runners.statements.RunBefores.evaluate(RunBefores.java:26)\n\tat org.junit.internal.runners.statements.RunAfters.evaluate(RunAfters.java:27)\n\tat org.junit.runners.ParentRunner.runLeaf(ParentRunner.java:271)\n\tat org.junit.runners.BlockJUnit4ClassRunner.runChild(BlockJUnit4ClassRunner.java:70)\n\tat org.junit.runners.BlockJUnit4ClassRunner.runChild(BlockJUnit4ClassRunner.java:50)\n\tat org.junit.runners.ParentRunner$3.run(ParentRunner.java:238)\n\tat org.junit.runners.ParentRunner$1.schedule(ParentRunner.java:63)\n\tat org.junit.runners.ParentRunner.runChildren(ParentRunner.java:236)\n\tat org.junit.runners.ParentRunner.access$000(ParentRunner.java:53)\n\tat org.junit.runners.ParentRunner$2.evaluate(ParentRunner.java:229)\n\tat org.junit.runners.ParentRunner.run(ParentRunner.java:309)\n\tat junit.framework.JUnit4TestAdapter.run(JUnit4TestAdapter.java:38)\n\tat org.apache.tools.ant.taskdefs.optional.junit.JUnitTestRunner.run(JUnitTestRunner.java:534)\n\tat org.apache.tools.ant.taskdefs.optional.junit.JUnitTask.executeInVM(JUnitTask.java:1617)\n\tat org.apache.tools.ant.taskdefs.optional.junit.JUnitTask.execute(JUnitTask.java:1039)\n\tat org.apache.tools.ant.taskdefs.optional.junit.JUnitTask.executeOrQueue(JUnitTask.java:2162)\n\tat org.apache.tools.ant.taskdefs.optional.junit.JUnitTask.execute(JUnitTask.java:853)\n\tat org.apache.tools.ant.UnknownElement.execute(UnknownElement.java:292)\n\tat sun.reflect.GeneratedMethodAccessor4.invoke(Unknown Source)\n\tat sun.reflect.DelegatingMethodAccessorImpl.invoke(DelegatingMethodAccessorImpl.java:43)\n\tat java.lang.reflect.Method.invoke(Method.java:498)\n\tat org.apache.tools.ant.dispatch.DispatchUtils.execute(DispatchUtils.java:99)\n\tat org.apache.tools.ant.Task.perform(Task.java:350)\n\tat org.apache.tools.ant.Target.execute(Target.java:449)\n\tat org.apache.tools.ant.Target.performTasks(Target.java:470)\n\tat org.apache.tools.ant.Project.executeSortedTargets(Project.java:1388)\n\tat org.apache.tools.ant.Project.executeTarget(Project.java:1361)\n\tat org.apache.tools.ant.helper.DefaultExecutor.executeTargets(DefaultExecutor.java:41)\n\tat org.apache.tools.ant.Project.executeTargets(Project.java:1251)\n\tat org.apache.tools.ant.Main.runBuild(Main.java:834)\n\tat org.apache.tools.ant.Main.startAnt(Main.java:223)\n\tat org.apache.tools.ant.launch.Launcher.run(Launcher.java:284)\n\tat org.apache.tools.ant.launch.Launcher.main(Launcher.java:101)\n\n\nThere is a bug in the above code, please help me locate it by considering the stack trace.\n\nPlease output **only one integer**: the line number of the buggy code (The code starts from line 1). Do not provide any explanations or additional content.\n",
        "prompt_fl_3": "\nsource code:\npublic void captureArgumentsFrom(Invocation invocation) {\n        if (invocation.getMethod().isVarArgs()) {\n            int indexOfVararg = invocation.getRawArguments().length - 1;\n            for (int position = 0; position < indexOfVararg; position++) {\n                Matcher m = matchers.get(position);\n                if (m instanceof CapturesArguments) {\n                    ((CapturesArguments) m).captureFrom(invocation.getArgumentAt(position, Object.class));\n                }\n            }\n            for (int position = indexOfVararg; position < matchers.size(); position++) {\n                Matcher m = matchers.get(position);\n                if (m instanceof CapturesArguments) {\n                    ((CapturesArguments) m).captureFrom(invocation.getRawArguments()[position - indexOfVararg]);\n                }\n            }\n        } else {\n            for (int position = 0; position < matchers.size(); position++) {\n                Matcher m = matchers.get(position);\n                if (m instanceof CapturesArguments) {\n                    ((CapturesArguments) m).captureFrom(invocation.getArgumentAt(position, Object.class));\n                }\n            }\n        }\n    }\n\nstack trace:\norg.mockito.internal.invocation.InvocationMatcherTest::should_capture_varargs_as_vararg\njunit.framework.AssertionFailedError: expected:<[['a', 'b']]> but was:<[[1]]>\n\tat sun.reflect.NativeConstructorAccessorImpl.newInstance0(Native Method)\n\tat sun.reflect.NativeConstructorAccessorImpl.newInstance(NativeConstructorAccessorImpl.java:62)\n\tat sun.reflect.DelegatingConstructorAccessorImpl.newInstance(DelegatingConstructorAccessorImpl.java:45)\n\tat java.lang.reflect.Constructor.newInstance(Constructor.java:423)\n\tat org.fest.assertions.ConstructorInvoker.newInstance(ConstructorInvoker.java:34)\n\tat org.fest.assertions.ComparisonFailureFactory.newComparisonFailure(ComparisonFailureFactory.java:60)\n\tat org.fest.assertions.ComparisonFailureFactory.comparisonFailure(ComparisonFailureFactory.java:46)\n\tat org.fest.assertions.Fail.comparisonFailed(Fail.java:83)\n\tat org.fest.assertions.Fail.failIfNotEqual(Fail.java:71)\n\tat org.fest.assertions.GenericAssert.assertEqualTo(GenericAssert.java:271)\n\tat org.fest.assertions.ListAssert.isEqualTo(ListAssert.java:360)\n\tat org.fest.assertions.ListAssert.containsExactly(ListAssert.java:350)\n\tat org.mockito.internal.invocation.InvocationMatcherTest.should_capture_varargs_as_vararg(InvocationMatcherTest.java:154)\n\tat sun.reflect.NativeMethodAccessorImpl.invoke0(Native Method)\n\tat sun.reflect.NativeMethodAccessorImpl.invoke(NativeMethodAccessorImpl.java:62)\n\tat sun.reflect.DelegatingMethodAccessorImpl.invoke(DelegatingMethodAccessorImpl.java:43)\n\tat java.lang.reflect.Method.invoke(Method.java:498)\n\tat org.junit.runners.model.FrameworkMethod$1.runReflectiveCall(FrameworkMethod.java:47)\n\tat org.junit.internal.runners.model.ReflectiveCallable.run(ReflectiveCallable.java:12)\n\tat org.junit.runners.model.FrameworkMethod.invokeExplosively(FrameworkMethod.java:44)\n\tat org.junit.internal.runners.statements.InvokeMethod.evaluate(InvokeMethod.java:17)\n\tat org.junit.internal.runners.statements.RunBefores.evaluate(RunBefores.java:26)\n\tat org.junit.internal.runners.statements.RunAfters.evaluate(RunAfters.java:27)\n\tat org.junit.runners.ParentRunner.runLeaf(ParentRunner.java:271)\n\tat org.junit.runners.BlockJUnit4ClassRunner.runChild(BlockJUnit4ClassRunner.java:70)\n\tat org.junit.runners.BlockJUnit4ClassRunner.runChild(BlockJUnit4ClassRunner.java:50)\n\tat org.junit.runners.ParentRunner$3.run(ParentRunner.java:238)\n\tat org.junit.runners.ParentRunner$1.schedule(ParentRunner.java:63)\n\tat org.junit.runners.ParentRunner.runChildren(ParentRunner.java:236)\n\tat org.junit.runners.ParentRunner.access$000(ParentRunner.java:53)\n\tat org.junit.runners.ParentRunner$2.evaluate(ParentRunner.java:229)\n\tat org.junit.runners.ParentRunner.run(ParentRunner.java:309)\n\tat junit.framework.JUnit4TestAdapter.run(JUnit4TestAdapter.java:38)\n\tat org.apache.tools.ant.taskdefs.optional.junit.JUnitTestRunner.run(JUnitTestRunner.java:534)\n\tat org.apache.tools.ant.taskdefs.optional.junit.JUnitTask.executeInVM(JUnitTask.java:1617)\n\tat org.apache.tools.ant.taskdefs.optional.junit.JUnitTask.execute(JUnitTask.java:1039)\n\tat org.apache.tools.ant.taskdefs.optional.junit.JUnitTask.executeOrQueue(JUnitTask.java:2162)\n\tat org.apache.tools.ant.taskdefs.optional.junit.JUnitTask.execute(JUnitTask.java:853)\n\tat org.apache.tools.ant.UnknownElement.execute(UnknownElement.java:292)\n\tat sun.reflect.GeneratedMethodAccessor4.invoke(Unknown Source)\n\tat sun.reflect.DelegatingMethodAccessorImpl.invoke(DelegatingMethodAccessorImpl.java:43)\n\tat java.lang.reflect.Method.invoke(Method.java:498)\n\tat org.apache.tools.ant.dispatch.DispatchUtils.execute(DispatchUtils.java:99)\n\tat org.apache.tools.ant.Task.perform(Task.java:350)\n\tat org.apache.tools.ant.Target.execute(Target.java:449)\n\tat org.apache.tools.ant.Target.performTasks(Target.java:470)\n\tat org.apache.tools.ant.Project.executeSortedTargets(Project.java:1388)\n\tat org.apache.tools.ant.Project.executeTarget(Project.java:1361)\n\tat org.apache.tools.ant.helper.DefaultExecutor.executeTargets(DefaultExecutor.java:41)\n\tat org.apache.tools.ant.Project.executeTargets(Project.java:1251)\n\tat org.apache.tools.ant.Main.runBuild(Main.java:834)\n\tat org.apache.tools.ant.Main.startAnt(Main.java:223)\n\tat org.apache.tools.ant.launch.Launcher.run(Launcher.java:284)\n\tat org.apache.tools.ant.launch.Launcher.main(Launcher.java:101)\norg.mockitousage.bugs.varargs.VarargsAndAnyObjectPicksUpExtraInvocationsTest::shouldVerifyCorrectlyNumberOfInvocationsWithVarargs\njava.lang.ArrayIndexOutOfBoundsException: 2\n\tat org.mockito.internal.invocation.InvocationMatcher.captureArgumentsFrom(InvocationMatcher.java:130)\n\tat org.mockito.internal.invocation.InvocationMarker.markVerified(InvocationMarker.java:22)\n\tat org.mockito.internal.invocation.InvocationMarker.markVerified(InvocationMarker.java:16)\n\tat org.mockito.internal.verification.checkers.NumberOfInvocationsChecker.check(NumberOfInvocationsChecker.java:48)\n\tat org.mockito.internal.verification.Times.verify(Times.java:39)\n\tat org.mockito.internal.verification.MockAwareVerificationMode.verify(MockAwareVerificationMode.java:21)\n\tat org.mockito.internal.handler.MockHandlerImpl.handle(MockHandlerImpl.java:76)\n\tat org.mockito.internal.handler.NullResultGuardian.handle(NullResultGuardian.java:29)\n\tat org.mockito.internal.handler.InvocationNotifierHandler.handle(InvocationNotifierHandler.java:37)\n\tat org.mockito.internal.creation.bytebuddy.MockMethodInterceptor.doIntercept(MockMethodInterceptor.java:82)\n\tat org.mockito.internal.creation.bytebuddy.MockMethodInterceptor.interceptAbstract(MockMethodInterceptor.java:70)\n\tat org.mockitousage.bugs.varargs.VarargsAndAnyObjectPicksUpExtraInvocationsTest$TableBuilder$MockitoMock$1005420061.newRow(Unknown Source)\n\tat org.mockitousage.bugs.varargs.VarargsAndAnyObjectPicksUpExtraInvocationsTest.shouldVerifyCorrectlyNumberOfInvocationsWithVarargs(VarargsAndAnyObjectPicksUpExtraInvocationsTest.java:50)\n\tat sun.reflect.NativeMethodAccessorImpl.invoke0(Native Method)\n\tat sun.reflect.NativeMethodAccessorImpl.invoke(NativeMethodAccessorImpl.java:62)\n\tat sun.reflect.DelegatingMethodAccessorImpl.invoke(DelegatingMethodAccessorImpl.java:43)\n\tat java.lang.reflect.Method.invoke(Method.java:498)\n\tat org.junit.runners.model.FrameworkMethod$1.runReflectiveCall(FrameworkMethod.java:47)\n\tat org.junit.internal.runners.model.ReflectiveCallable.run(ReflectiveCallable.java:12)\n\tat org.junit.runners.model.FrameworkMethod.invokeExplosively(FrameworkMethod.java:44)\n\tat org.junit.internal.runners.statements.InvokeMethod.evaluate(InvokeMethod.java:17)\n\tat org.junit.internal.runners.statements.RunBefores.evaluate(RunBefores.java:26)\n\tat org.junit.internal.runners.statements.RunAfters.evaluate(RunAfters.java:27)\n\tat org.junit.runners.ParentRunner.runLeaf(ParentRunner.java:271)\n\tat org.junit.runners.BlockJUnit4ClassRunner.runChild(BlockJUnit4ClassRunner.java:70)\n\tat org.junit.runners.BlockJUnit4ClassRunner.runChild(BlockJUnit4ClassRunner.java:50)\n\tat org.junit.runners.ParentRunner$3.run(ParentRunner.java:238)\n\tat org.junit.runners.ParentRunner$1.schedule(ParentRunner.java:63)\n\tat org.junit.runners.ParentRunner.runChildren(ParentRunner.java:236)\n\tat org.junit.runners.ParentRunner.access$000(ParentRunner.java:53)\n\tat org.junit.runners.ParentRunner$2.evaluate(ParentRunner.java:229)\n\tat org.junit.runners.ParentRunner.run(ParentRunner.java:309)\n\tat junit.framework.JUnit4TestAdapter.run(JUnit4TestAdapter.java:38)\n\tat org.apache.tools.ant.taskdefs.optional.junit.JUnitTestRunner.run(JUnitTestRunner.java:534)\n\tat org.apache.tools.ant.taskdefs.optional.junit.JUnitTask.executeInVM(JUnitTask.java:1617)\n\tat org.apache.tools.ant.taskdefs.optional.junit.JUnitTask.execute(JUnitTask.java:1039)\n\tat org.apache.tools.ant.taskdefs.optional.junit.JUnitTask.executeOrQueue(JUnitTask.java:2162)\n\tat org.apache.tools.ant.taskdefs.optional.junit.JUnitTask.execute(JUnitTask.java:853)\n\tat org.apache.tools.ant.UnknownElement.execute(UnknownElement.java:292)\n\tat sun.reflect.GeneratedMethodAccessor4.invoke(Unknown Source)\n\tat sun.reflect.DelegatingMethodAccessorImpl.invoke(DelegatingMethodAccessorImpl.java:43)\n\tat java.lang.reflect.Method.invoke(Method.java:498)\n\tat org.apache.tools.ant.dispatch.DispatchUtils.execute(DispatchUtils.java:99)\n\tat org.apache.tools.ant.Task.perform(Task.java:350)\n\tat org.apache.tools.ant.Target.execute(Target.java:449)\n\tat org.apache.tools.ant.Target.performTasks(Target.java:470)\n\tat org.apache.tools.ant.Project.executeSortedTargets(Project.java:1388)\n\tat org.apache.tools.ant.Project.executeTarget(Project.java:1361)\n\tat org.apache.tools.ant.helper.DefaultExecutor.executeTargets(DefaultExecutor.java:41)\n\tat org.apache.tools.ant.Project.executeTargets(Project.java:1251)\n\tat org.apache.tools.ant.Main.runBuild(Main.java:834)\n\tat org.apache.tools.ant.Main.startAnt(Main.java:223)\n\tat org.apache.tools.ant.launch.Launcher.run(Launcher.java:284)\n\tat org.apache.tools.ant.launch.Launcher.main(Launcher.java:101)\norg.mockitousage.bugs.varargs.VarargsNotPlayingWithAnyObjectTest::shouldMatchAnyVararg\njava.lang.ArrayIndexOutOfBoundsException: 1\n\tat org.mockito.internal.invocation.InvocationMatcher.captureArgumentsFrom(InvocationMatcher.java:130)\n\tat org.mockito.internal.invocation.InvocationMarker.markVerified(InvocationMarker.java:22)\n\tat org.mockito.internal.invocation.InvocationMarker.markVerified(InvocationMarker.java:16)\n\tat org.mockito.internal.verification.checkers.NumberOfInvocationsChecker.check(NumberOfInvocationsChecker.java:48)\n\tat org.mockito.internal.verification.Times.verify(Times.java:39)\n\tat org.mockito.internal.verification.MockAwareVerificationMode.verify(MockAwareVerificationMode.java:21)\n\tat org.mockito.internal.handler.MockHandlerImpl.handle(MockHandlerImpl.java:76)\n\tat org.mockito.internal.handler.NullResultGuardian.handle(NullResultGuardian.java:29)\n\tat org.mockito.internal.handler.InvocationNotifierHandler.handle(InvocationNotifierHandler.java:37)\n\tat org.mockito.internal.creation.bytebuddy.MockMethodInterceptor.doIntercept(MockMethodInterceptor.java:82)\n\tat org.mockito.internal.creation.bytebuddy.MockMethodInterceptor.interceptAbstract(MockMethodInterceptor.java:70)\n\tat org.mockitousage.bugs.varargs.VarargsNotPlayingWithAnyObjectTest$VarargMethod$MockitoMock$226143732.run(Unknown Source)\n\tat org.mockitousage.bugs.varargs.VarargsNotPlayingWithAnyObjectTest.shouldMatchAnyVararg(VarargsNotPlayingWithAnyObjectTest.java:28)\n\tat sun.reflect.NativeMethodAccessorImpl.invoke0(Native Method)\n\tat sun.reflect.NativeMethodAccessorImpl.invoke(NativeMethodAccessorImpl.java:62)\n\tat sun.reflect.DelegatingMethodAccessorImpl.invoke(DelegatingMethodAccessorImpl.java:43)\n\tat java.lang.reflect.Method.invoke(Method.java:498)\n\tat org.junit.runners.model.FrameworkMethod$1.runReflectiveCall(FrameworkMethod.java:47)\n\tat org.junit.internal.runners.model.ReflectiveCallable.run(ReflectiveCallable.java:12)\n\tat org.junit.runners.model.FrameworkMethod.invokeExplosively(FrameworkMethod.java:44)\n\tat org.junit.internal.runners.statements.InvokeMethod.evaluate(InvokeMethod.java:17)\n\tat org.junit.internal.runners.statements.RunBefores.evaluate(RunBefores.java:26)\n\tat org.junit.internal.runners.statements.RunAfters.evaluate(RunAfters.java:27)\n\tat org.junit.runners.ParentRunner.runLeaf(ParentRunner.java:271)\n\tat org.junit.runners.BlockJUnit4ClassRunner.runChild(BlockJUnit4ClassRunner.java:70)\n\tat org.junit.runners.BlockJUnit4ClassRunner.runChild(BlockJUnit4ClassRunner.java:50)\n\tat org.junit.runners.ParentRunner$3.run(ParentRunner.java:238)\n\tat org.junit.runners.ParentRunner$1.schedule(ParentRunner.java:63)\n\tat org.junit.runners.ParentRunner.runChildren(ParentRunner.java:236)\n\tat org.junit.runners.ParentRunner.access$000(ParentRunner.java:53)\n\tat org.junit.runners.ParentRunner$2.evaluate(ParentRunner.java:229)\n\tat org.junit.runners.ParentRunner.run(ParentRunner.java:309)\n\tat junit.framework.JUnit4TestAdapter.run(JUnit4TestAdapter.java:38)\n\tat org.apache.tools.ant.taskdefs.optional.junit.JUnitTestRunner.run(JUnitTestRunner.java:534)\n\tat org.apache.tools.ant.taskdefs.optional.junit.JUnitTask.executeInVM(JUnitTask.java:1617)\n\tat org.apache.tools.ant.taskdefs.optional.junit.JUnitTask.execute(JUnitTask.java:1039)\n\tat org.apache.tools.ant.taskdefs.optional.junit.JUnitTask.executeOrQueue(JUnitTask.java:2162)\n\tat org.apache.tools.ant.taskdefs.optional.junit.JUnitTask.execute(JUnitTask.java:853)\n\tat org.apache.tools.ant.UnknownElement.execute(UnknownElement.java:292)\n\tat sun.reflect.GeneratedMethodAccessor4.invoke(Unknown Source)\n\tat sun.reflect.DelegatingMethodAccessorImpl.invoke(DelegatingMethodAccessorImpl.java:43)\n\tat java.lang.reflect.Method.invoke(Method.java:498)\n\tat org.apache.tools.ant.dispatch.DispatchUtils.execute(DispatchUtils.java:99)\n\tat org.apache.tools.ant.Task.perform(Task.java:350)\n\tat org.apache.tools.ant.Target.execute(Target.java:449)\n\tat org.apache.tools.ant.Target.performTasks(Target.java:470)\n\tat org.apache.tools.ant.Project.executeSortedTargets(Project.java:1388)\n\tat org.apache.tools.ant.Project.executeTarget(Project.java:1361)\n\tat org.apache.tools.ant.helper.DefaultExecutor.executeTargets(DefaultExecutor.java:41)\n\tat org.apache.tools.ant.Project.executeTargets(Project.java:1251)\n\tat org.apache.tools.ant.Main.runBuild(Main.java:834)\n\tat org.apache.tools.ant.Main.startAnt(Main.java:223)\n\tat org.apache.tools.ant.launch.Launcher.run(Launcher.java:284)\n\tat org.apache.tools.ant.launch.Launcher.main(Launcher.java:101)\norg.mockitousage.matchers.CapturingArgumentsTest::should_capture_all_vararg\njunit.framework.AssertionFailedError: expected:<[['a', 'b', 'c', 'again ?!']]> but was:<[[42, 42]]>\n\tat sun.reflect.NativeConstructorAccessorImpl.newInstance0(Native Method)\n\tat sun.reflect.NativeConstructorAccessorImpl.newInstance(NativeConstructorAccessorImpl.java:62)\n\tat sun.reflect.DelegatingConstructorAccessorImpl.newInstance(DelegatingConstructorAccessorImpl.java:45)\n\tat java.lang.reflect.Constructor.newInstance(Constructor.java:423)\n\tat org.fest.assertions.ConstructorInvoker.newInstance(ConstructorInvoker.java:34)\n\tat org.fest.assertions.ComparisonFailureFactory.newComparisonFailure(ComparisonFailureFactory.java:60)\n\tat org.fest.assertions.ComparisonFailureFactory.comparisonFailure(ComparisonFailureFactory.java:46)\n\tat org.fest.assertions.Fail.comparisonFailed(Fail.java:83)\n\tat org.fest.assertions.Fail.failIfNotEqual(Fail.java:71)\n\tat org.fest.assertions.GenericAssert.assertEqualTo(GenericAssert.java:271)\n\tat org.fest.assertions.ListAssert.isEqualTo(ListAssert.java:360)\n\tat org.fest.assertions.ListAssert.containsExactly(ListAssert.java:350)\n\tat org.mockitousage.matchers.CapturingArgumentsTest.should_capture_all_vararg(CapturingArgumentsTest.java:278)\n\tat sun.reflect.NativeMethodAccessorImpl.invoke0(Native Method)\n\tat sun.reflect.NativeMethodAccessorImpl.invoke(NativeMethodAccessorImpl.java:62)\n\tat sun.reflect.DelegatingMethodAccessorImpl.invoke(DelegatingMethodAccessorImpl.java:43)\n\tat java.lang.reflect.Method.invoke(Method.java:498)\n\tat org.junit.runners.model.FrameworkMethod$1.runReflectiveCall(FrameworkMethod.java:47)\n\tat org.junit.internal.runners.model.ReflectiveCallable.run(ReflectiveCallable.java:12)\n\tat org.junit.runners.model.FrameworkMethod.invokeExplosively(FrameworkMethod.java:44)\n\tat org.junit.internal.runners.statements.InvokeMethod.evaluate(InvokeMethod.java:17)\n\tat org.junit.internal.runners.statements.RunBefores.evaluate(RunBefores.java:26)\n\tat org.junit.internal.runners.statements.RunAfters.evaluate(RunAfters.java:27)\n\tat org.junit.runners.ParentRunner.runLeaf(ParentRunner.java:271)\n\tat org.junit.runners.BlockJUnit4ClassRunner.runChild(BlockJUnit4ClassRunner.java:70)\n\tat org.junit.runners.BlockJUnit4ClassRunner.runChild(BlockJUnit4ClassRunner.java:50)\n\tat org.junit.runners.ParentRunner$3.run(ParentRunner.java:238)\n\tat org.junit.runners.ParentRunner$1.schedule(ParentRunner.java:63)\n\tat org.junit.runners.ParentRunner.runChildren(ParentRunner.java:236)\n\tat org.junit.runners.ParentRunner.access$000(ParentRunner.java:53)\n\tat org.junit.runners.ParentRunner$2.evaluate(ParentRunner.java:229)\n\tat org.junit.runners.ParentRunner.run(ParentRunner.java:309)\n\tat junit.framework.JUnit4TestAdapter.run(JUnit4TestAdapter.java:38)\n\tat org.apache.tools.ant.taskdefs.optional.junit.JUnitTestRunner.run(JUnitTestRunner.java:534)\n\tat org.apache.tools.ant.taskdefs.optional.junit.JUnitTask.executeInVM(JUnitTask.java:1617)\n\tat org.apache.tools.ant.taskdefs.optional.junit.JUnitTask.execute(JUnitTask.java:1039)\n\tat org.apache.tools.ant.taskdefs.optional.junit.JUnitTask.executeOrQueue(JUnitTask.java:2162)\n\tat org.apache.tools.ant.taskdefs.optional.junit.JUnitTask.execute(JUnitTask.java:853)\n\tat org.apache.tools.ant.UnknownElement.execute(UnknownElement.java:292)\n\tat sun.reflect.GeneratedMethodAccessor4.invoke(Unknown Source)\n\tat sun.reflect.DelegatingMethodAccessorImpl.invoke(DelegatingMethodAccessorImpl.java:43)\n\tat java.lang.reflect.Method.invoke(Method.java:498)\n\tat org.apache.tools.ant.dispatch.DispatchUtils.execute(DispatchUtils.java:99)\n\tat org.apache.tools.ant.Task.perform(Task.java:350)\n\tat org.apache.tools.ant.Target.execute(Target.java:449)\n\tat org.apache.tools.ant.Target.performTasks(Target.java:470)\n\tat org.apache.tools.ant.Project.executeSortedTargets(Project.java:1388)\n\tat org.apache.tools.ant.Project.executeTarget(Project.java:1361)\n\tat org.apache.tools.ant.helper.DefaultExecutor.executeTargets(DefaultExecutor.java:41)\n\tat org.apache.tools.ant.Project.executeTargets(Project.java:1251)\n\tat org.apache.tools.ant.Main.runBuild(Main.java:834)\n\tat org.apache.tools.ant.Main.startAnt(Main.java:223)\n\tat org.apache.tools.ant.launch.Launcher.run(Launcher.java:284)\n\tat org.apache.tools.ant.launch.Launcher.main(Launcher.java:101)\norg.mockitousage.matchers.CapturingArgumentsTest::captures_correctly_when_captor_used_multiple_times\njava.lang.ArrayIndexOutOfBoundsException: 2\n\tat org.mockito.internal.invocation.InvocationMatcher.captureArgumentsFrom(InvocationMatcher.java:130)\n\tat org.mockito.internal.invocation.InvocationMarker.markVerified(InvocationMarker.java:22)\n\tat org.mockito.internal.invocation.InvocationMarker.markVerified(InvocationMarker.java:16)\n\tat org.mockito.internal.verification.checkers.NumberOfInvocationsChecker.check(NumberOfInvocationsChecker.java:48)\n\tat org.mockito.internal.verification.Times.verify(Times.java:39)\n\tat org.mockito.internal.verification.MockAwareVerificationMode.verify(MockAwareVerificationMode.java:21)\n\tat org.mockito.internal.handler.MockHandlerImpl.handle(MockHandlerImpl.java:76)\n\tat org.mockito.internal.handler.NullResultGuardian.handle(NullResultGuardian.java:29)\n\tat org.mockito.internal.handler.InvocationNotifierHandler.handle(InvocationNotifierHandler.java:37)\n\tat org.mockito.internal.creation.bytebuddy.MockMethodInterceptor.doIntercept(MockMethodInterceptor.java:82)\n\tat org.mockito.internal.creation.bytebuddy.MockMethodInterceptor.interceptAbstract(MockMethodInterceptor.java:70)\n\tat org.mockitousage.IMethods$MockitoMock$263271281.mixedVarargs(Unknown Source)\n\tat org.mockitousage.matchers.CapturingArgumentsTest.captures_correctly_when_captor_used_multiple_times(CapturingArgumentsTest.java:304)\n\tat sun.reflect.NativeMethodAccessorImpl.invoke0(Native Method)\n\tat sun.reflect.NativeMethodAccessorImpl.invoke(NativeMethodAccessorImpl.java:62)\n\tat sun.reflect.DelegatingMethodAccessorImpl.invoke(DelegatingMethodAccessorImpl.java:43)\n\tat java.lang.reflect.Method.invoke(Method.java:498)\n\tat org.junit.runners.model.FrameworkMethod$1.runReflectiveCall(FrameworkMethod.java:47)\n\tat org.junit.internal.runners.model.ReflectiveCallable.run(ReflectiveCallable.java:12)\n\tat org.junit.runners.model.FrameworkMethod.invokeExplosively(FrameworkMethod.java:44)\n\tat org.junit.internal.runners.statements.InvokeMethod.evaluate(InvokeMethod.java:17)\n\tat org.junit.internal.runners.statements.RunBefores.evaluate(RunBefores.java:26)\n\tat org.junit.internal.runners.statements.RunAfters.evaluate(RunAfters.java:27)\n\tat org.junit.runners.ParentRunner.runLeaf(ParentRunner.java:271)\n\tat org.junit.runners.BlockJUnit4ClassRunner.runChild(BlockJUnit4ClassRunner.java:70)\n\tat org.junit.runners.BlockJUnit4ClassRunner.runChild(BlockJUnit4ClassRunner.java:50)\n\tat org.junit.runners.ParentRunner$3.run(ParentRunner.java:238)\n\tat org.junit.runners.ParentRunner$1.schedule(ParentRunner.java:63)\n\tat org.junit.runners.ParentRunner.runChildren(ParentRunner.java:236)\n\tat org.junit.runners.ParentRunner.access$000(ParentRunner.java:53)\n\tat org.junit.runners.ParentRunner$2.evaluate(ParentRunner.java:229)\n\tat org.junit.runners.ParentRunner.run(ParentRunner.java:309)\n\tat junit.framework.JUnit4TestAdapter.run(JUnit4TestAdapter.java:38)\n\tat org.apache.tools.ant.taskdefs.optional.junit.JUnitTestRunner.run(JUnitTestRunner.java:534)\n\tat org.apache.tools.ant.taskdefs.optional.junit.JUnitTask.executeInVM(JUnitTask.java:1617)\n\tat org.apache.tools.ant.taskdefs.optional.junit.JUnitTask.execute(JUnitTask.java:1039)\n\tat org.apache.tools.ant.taskdefs.optional.junit.JUnitTask.executeOrQueue(JUnitTask.java:2162)\n\tat org.apache.tools.ant.taskdefs.optional.junit.JUnitTask.execute(JUnitTask.java:853)\n\tat org.apache.tools.ant.UnknownElement.execute(UnknownElement.java:292)\n\tat sun.reflect.GeneratedMethodAccessor4.invoke(Unknown Source)\n\tat sun.reflect.DelegatingMethodAccessorImpl.invoke(DelegatingMethodAccessorImpl.java:43)\n\tat java.lang.reflect.Method.invoke(Method.java:498)\n\tat org.apache.tools.ant.dispatch.DispatchUtils.execute(DispatchUtils.java:99)\n\tat org.apache.tools.ant.Task.perform(Task.java:350)\n\tat org.apache.tools.ant.Target.execute(Target.java:449)\n\tat org.apache.tools.ant.Target.performTasks(Target.java:470)\n\tat org.apache.tools.ant.Project.executeSortedTargets(Project.java:1388)\n\tat org.apache.tools.ant.Project.executeTarget(Project.java:1361)\n\tat org.apache.tools.ant.helper.DefaultExecutor.executeTargets(DefaultExecutor.java:41)\n\tat org.apache.tools.ant.Project.executeTargets(Project.java:1251)\n\tat org.apache.tools.ant.Main.runBuild(Main.java:834)\n\tat org.apache.tools.ant.Main.startAnt(Main.java:223)\n\tat org.apache.tools.ant.launch.Launcher.run(Launcher.java:284)\n\tat org.apache.tools.ant.launch.Launcher.main(Launcher.java:101)\norg.mockitousage.matchers.CapturingArgumentsTest::should_capture_vararg\njunit.framework.AssertionFailedError: expected:<[['a', 'b', 'c']]> but was:<[[42]]>\n\tat sun.reflect.NativeConstructorAccessorImpl.newInstance0(Native Method)\n\tat sun.reflect.NativeConstructorAccessorImpl.newInstance(NativeConstructorAccessorImpl.java:62)\n\tat sun.reflect.DelegatingConstructorAccessorImpl.newInstance(DelegatingConstructorAccessorImpl.java:45)\n\tat java.lang.reflect.Constructor.newInstance(Constructor.java:423)\n\tat org.fest.assertions.ConstructorInvoker.newInstance(ConstructorInvoker.java:34)\n\tat org.fest.assertions.ComparisonFailureFactory.newComparisonFailure(ComparisonFailureFactory.java:60)\n\tat org.fest.assertions.ComparisonFailureFactory.comparisonFailure(ComparisonFailureFactory.java:46)\n\tat org.fest.assertions.Fail.comparisonFailed(Fail.java:83)\n\tat org.fest.assertions.Fail.failIfNotEqual(Fail.java:71)\n\tat org.fest.assertions.GenericAssert.assertEqualTo(GenericAssert.java:271)\n\tat org.fest.assertions.ListAssert.isEqualTo(ListAssert.java:360)\n\tat org.fest.assertions.ListAssert.containsExactly(ListAssert.java:350)\n\tat org.mockitousage.matchers.CapturingArgumentsTest.should_capture_vararg(CapturingArgumentsTest.java:263)\n\tat sun.reflect.NativeMethodAccessorImpl.invoke0(Native Method)\n\tat sun.reflect.NativeMethodAccessorImpl.invoke(NativeMethodAccessorImpl.java:62)\n\tat sun.reflect.DelegatingMethodAccessorImpl.invoke(DelegatingMethodAccessorImpl.java:43)\n\tat java.lang.reflect.Method.invoke(Method.java:498)\n\tat org.junit.runners.model.FrameworkMethod$1.runReflectiveCall(FrameworkMethod.java:47)\n\tat org.junit.internal.runners.model.ReflectiveCallable.run(ReflectiveCallable.java:12)\n\tat org.junit.runners.model.FrameworkMethod.invokeExplosively(FrameworkMethod.java:44)\n\tat org.junit.internal.runners.statements.InvokeMethod.evaluate(InvokeMethod.java:17)\n\tat org.junit.internal.runners.statements.RunBefores.evaluate(RunBefores.java:26)\n\tat org.junit.internal.runners.statements.RunAfters.evaluate(RunAfters.java:27)\n\tat org.junit.runners.ParentRunner.runLeaf(ParentRunner.java:271)\n\tat org.junit.runners.BlockJUnit4ClassRunner.runChild(BlockJUnit4ClassRunner.java:70)\n\tat org.junit.runners.BlockJUnit4ClassRunner.runChild(BlockJUnit4ClassRunner.java:50)\n\tat org.junit.runners.ParentRunner$3.run(ParentRunner.java:238)\n\tat org.junit.runners.ParentRunner$1.schedule(ParentRunner.java:63)\n\tat org.junit.runners.ParentRunner.runChildren(ParentRunner.java:236)\n\tat org.junit.runners.ParentRunner.access$000(ParentRunner.java:53)\n\tat org.junit.runners.ParentRunner$2.evaluate(ParentRunner.java:229)\n\tat org.junit.runners.ParentRunner.run(ParentRunner.java:309)\n\tat junit.framework.JUnit4TestAdapter.run(JUnit4TestAdapter.java:38)\n\tat org.apache.tools.ant.taskdefs.optional.junit.JUnitTestRunner.run(JUnitTestRunner.java:534)\n\tat org.apache.tools.ant.taskdefs.optional.junit.JUnitTask.executeInVM(JUnitTask.java:1617)\n\tat org.apache.tools.ant.taskdefs.optional.junit.JUnitTask.execute(JUnitTask.java:1039)\n\tat org.apache.tools.ant.taskdefs.optional.junit.JUnitTask.executeOrQueue(JUnitTask.java:2162)\n\tat org.apache.tools.ant.taskdefs.optional.junit.JUnitTask.execute(JUnitTask.java:853)\n\tat org.apache.tools.ant.UnknownElement.execute(UnknownElement.java:292)\n\tat sun.reflect.GeneratedMethodAccessor4.invoke(Unknown Source)\n\tat sun.reflect.DelegatingMethodAccessorImpl.invoke(DelegatingMethodAccessorImpl.java:43)\n\tat java.lang.reflect.Method.invoke(Method.java:498)\n\tat org.apache.tools.ant.dispatch.DispatchUtils.execute(DispatchUtils.java:99)\n\tat org.apache.tools.ant.Task.perform(Task.java:350)\n\tat org.apache.tools.ant.Target.execute(Target.java:449)\n\tat org.apache.tools.ant.Target.performTasks(Target.java:470)\n\tat org.apache.tools.ant.Project.executeSortedTargets(Project.java:1388)\n\tat org.apache.tools.ant.Project.executeTarget(Project.java:1361)\n\tat org.apache.tools.ant.helper.DefaultExecutor.executeTargets(DefaultExecutor.java:41)\n\tat org.apache.tools.ant.Project.executeTargets(Project.java:1251)\n\tat org.apache.tools.ant.Main.runBuild(Main.java:834)\n\tat org.apache.tools.ant.Main.startAnt(Main.java:223)\n\tat org.apache.tools.ant.launch.Launcher.run(Launcher.java:284)\n\tat org.apache.tools.ant.launch.Launcher.main(Launcher.java:101)\norg.mockitousage.matchers.CapturingArgumentsTest::captures_correctly_when_captor_used_on_pure_vararg_method\njava.lang.ArrayIndexOutOfBoundsException: 1\n\tat org.mockito.internal.invocation.InvocationMatcher.captureArgumentsFrom(InvocationMatcher.java:130)\n\tat org.mockito.internal.invocation.InvocationMarker.markVerified(InvocationMarker.java:22)\n\tat org.mockito.internal.invocation.InvocationMarker.markVerified(InvocationMarker.java:16)\n\tat org.mockito.internal.verification.checkers.NumberOfInvocationsChecker.check(NumberOfInvocationsChecker.java:48)\n\tat org.mockito.internal.verification.Times.verify(Times.java:39)\n\tat org.mockito.internal.verification.MockAwareVerificationMode.verify(MockAwareVerificationMode.java:21)\n\tat org.mockito.internal.handler.MockHandlerImpl.handle(MockHandlerImpl.java:76)\n\tat org.mockito.internal.handler.NullResultGuardian.handle(NullResultGuardian.java:29)\n\tat org.mockito.internal.handler.InvocationNotifierHandler.handle(InvocationNotifierHandler.java:37)\n\tat org.mockito.internal.creation.bytebuddy.MockMethodInterceptor.doIntercept(MockMethodInterceptor.java:82)\n\tat org.mockito.internal.creation.bytebuddy.MockMethodInterceptor.interceptAbstract(MockMethodInterceptor.java:70)\n\tat org.mockitousage.IMethods$MockitoMock$263271281.varargs(Unknown Source)\n\tat org.mockitousage.matchers.CapturingArgumentsTest.captures_correctly_when_captor_used_on_pure_vararg_method(CapturingArgumentsTest.java:317)\n\tat sun.reflect.NativeMethodAccessorImpl.invoke0(Native Method)\n\tat sun.reflect.NativeMethodAccessorImpl.invoke(NativeMethodAccessorImpl.java:62)\n\tat sun.reflect.DelegatingMethodAccessorImpl.invoke(DelegatingMethodAccessorImpl.java:43)\n\tat java.lang.reflect.Method.invoke(Method.java:498)\n\tat org.junit.runners.model.FrameworkMethod$1.runReflectiveCall(FrameworkMethod.java:47)\n\tat org.junit.internal.runners.model.ReflectiveCallable.run(ReflectiveCallable.java:12)\n\tat org.junit.runners.model.FrameworkMethod.invokeExplosively(FrameworkMethod.java:44)\n\tat org.junit.internal.runners.statements.InvokeMethod.evaluate(InvokeMethod.java:17)\n\tat org.junit.internal.runners.statements.RunBefores.evaluate(RunBefores.java:26)\n\tat org.junit.internal.runners.statements.RunAfters.evaluate(RunAfters.java:27)\n\tat org.junit.runners.ParentRunner.runLeaf(ParentRunner.java:271)\n\tat org.junit.runners.BlockJUnit4ClassRunner.runChild(BlockJUnit4ClassRunner.java:70)\n\tat org.junit.runners.BlockJUnit4ClassRunner.runChild(BlockJUnit4ClassRunner.java:50)\n\tat org.junit.runners.ParentRunner$3.run(ParentRunner.java:238)\n\tat org.junit.runners.ParentRunner$1.schedule(ParentRunner.java:63)\n\tat org.junit.runners.ParentRunner.runChildren(ParentRunner.java:236)\n\tat org.junit.runners.ParentRunner.access$000(ParentRunner.java:53)\n\tat org.junit.runners.ParentRunner$2.evaluate(ParentRunner.java:229)\n\tat org.junit.runners.ParentRunner.run(ParentRunner.java:309)\n\tat junit.framework.JUnit4TestAdapter.run(JUnit4TestAdapter.java:38)\n\tat org.apache.tools.ant.taskdefs.optional.junit.JUnitTestRunner.run(JUnitTestRunner.java:534)\n\tat org.apache.tools.ant.taskdefs.optional.junit.JUnitTask.executeInVM(JUnitTask.java:1617)\n\tat org.apache.tools.ant.taskdefs.optional.junit.JUnitTask.execute(JUnitTask.java:1039)\n\tat org.apache.tools.ant.taskdefs.optional.junit.JUnitTask.executeOrQueue(JUnitTask.java:2162)\n\tat org.apache.tools.ant.taskdefs.optional.junit.JUnitTask.execute(JUnitTask.java:853)\n\tat org.apache.tools.ant.UnknownElement.execute(UnknownElement.java:292)\n\tat sun.reflect.GeneratedMethodAccessor4.invoke(Unknown Source)\n\tat sun.reflect.DelegatingMethodAccessorImpl.invoke(DelegatingMethodAccessorImpl.java:43)\n\tat java.lang.reflect.Method.invoke(Method.java:498)\n\tat org.apache.tools.ant.dispatch.DispatchUtils.execute(DispatchUtils.java:99)\n\tat org.apache.tools.ant.Task.perform(Task.java:350)\n\tat org.apache.tools.ant.Target.execute(Target.java:449)\n\tat org.apache.tools.ant.Target.performTasks(Target.java:470)\n\tat org.apache.tools.ant.Project.executeSortedTargets(Project.java:1388)\n\tat org.apache.tools.ant.Project.executeTarget(Project.java:1361)\n\tat org.apache.tools.ant.helper.DefaultExecutor.executeTargets(DefaultExecutor.java:41)\n\tat org.apache.tools.ant.Project.executeTargets(Project.java:1251)\n\tat org.apache.tools.ant.Main.runBuild(Main.java:834)\n\tat org.apache.tools.ant.Main.startAnt(Main.java:223)\n\tat org.apache.tools.ant.launch.Launcher.run(Launcher.java:284)\n\tat org.apache.tools.ant.launch.Launcher.main(Launcher.java:101)\norg.mockitousage.matchers.CapturingArgumentsTest::should_capture_byte_vararg_by_creating_captor_with_primitive_wrapper\njava.lang.ClassCastException: [B cannot be cast to java.lang.Byte\n\tat org.mockitousage.matchers.CapturingArgumentsTest.should_capture_byte_vararg_by_creating_captor_with_primitive_wrapper(CapturingArgumentsTest.java:249)\n\tat sun.reflect.NativeMethodAccessorImpl.invoke0(Native Method)\n\tat sun.reflect.NativeMethodAccessorImpl.invoke(NativeMethodAccessorImpl.java:62)\n\tat sun.reflect.DelegatingMethodAccessorImpl.invoke(DelegatingMethodAccessorImpl.java:43)\n\tat java.lang.reflect.Method.invoke(Method.java:498)\n\tat org.junit.runners.model.FrameworkMethod$1.runReflectiveCall(FrameworkMethod.java:47)\n\tat org.junit.internal.runners.model.ReflectiveCallable.run(ReflectiveCallable.java:12)\n\tat org.junit.runners.model.FrameworkMethod.invokeExplosively(FrameworkMethod.java:44)\n\tat org.junit.internal.runners.statements.InvokeMethod.evaluate(InvokeMethod.java:17)\n\tat org.junit.internal.runners.statements.RunBefores.evaluate(RunBefores.java:26)\n\tat org.junit.internal.runners.statements.RunAfters.evaluate(RunAfters.java:27)\n\tat org.junit.runners.ParentRunner.runLeaf(ParentRunner.java:271)\n\tat org.junit.runners.BlockJUnit4ClassRunner.runChild(BlockJUnit4ClassRunner.java:70)\n\tat org.junit.runners.BlockJUnit4ClassRunner.runChild(BlockJUnit4ClassRunner.java:50)\n\tat org.junit.runners.ParentRunner$3.run(ParentRunner.java:238)\n\tat org.junit.runners.ParentRunner$1.schedule(ParentRunner.java:63)\n\tat org.junit.runners.ParentRunner.runChildren(ParentRunner.java:236)\n\tat org.junit.runners.ParentRunner.access$000(ParentRunner.java:53)\n\tat org.junit.runners.ParentRunner$2.evaluate(ParentRunner.java:229)\n\tat org.junit.runners.ParentRunner.run(ParentRunner.java:309)\n\tat junit.framework.JUnit4TestAdapter.run(JUnit4TestAdapter.java:38)\n\tat org.apache.tools.ant.taskdefs.optional.junit.JUnitTestRunner.run(JUnitTestRunner.java:534)\n\tat org.apache.tools.ant.taskdefs.optional.junit.JUnitTask.executeInVM(JUnitTask.java:1617)\n\tat org.apache.tools.ant.taskdefs.optional.junit.JUnitTask.execute(JUnitTask.java:1039)\n\tat org.apache.tools.ant.taskdefs.optional.junit.JUnitTask.executeOrQueue(JUnitTask.java:2162)\n\tat org.apache.tools.ant.taskdefs.optional.junit.JUnitTask.execute(JUnitTask.java:853)\n\tat org.apache.tools.ant.UnknownElement.execute(UnknownElement.java:292)\n\tat sun.reflect.GeneratedMethodAccessor4.invoke(Unknown Source)\n\tat sun.reflect.DelegatingMethodAccessorImpl.invoke(DelegatingMethodAccessorImpl.java:43)\n\tat java.lang.reflect.Method.invoke(Method.java:498)\n\tat org.apache.tools.ant.dispatch.DispatchUtils.execute(DispatchUtils.java:99)\n\tat org.apache.tools.ant.Task.perform(Task.java:350)\n\tat org.apache.tools.ant.Target.execute(Target.java:449)\n\tat org.apache.tools.ant.Target.performTasks(Target.java:470)\n\tat org.apache.tools.ant.Project.executeSortedTargets(Project.java:1388)\n\tat org.apache.tools.ant.Project.executeTarget(Project.java:1361)\n\tat org.apache.tools.ant.helper.DefaultExecutor.executeTargets(DefaultExecutor.java:41)\n\tat org.apache.tools.ant.Project.executeTargets(Project.java:1251)\n\tat org.apache.tools.ant.Main.runBuild(Main.java:834)\n\tat org.apache.tools.ant.Main.startAnt(Main.java:223)\n\tat org.apache.tools.ant.launch.Launcher.run(Launcher.java:284)\n\tat org.apache.tools.ant.launch.Launcher.main(Launcher.java:101)\norg.mockitousage.matchers.CapturingArgumentsTest::should_capture_byte_vararg_by_creating_captor_with_primitive\njava.lang.ClassCastException: [B cannot be cast to java.lang.Byte\n\tat org.mockitousage.matchers.CapturingArgumentsTest.should_capture_byte_vararg_by_creating_captor_with_primitive(CapturingArgumentsTest.java:235)\n\tat sun.reflect.NativeMethodAccessorImpl.invoke0(Native Method)\n\tat sun.reflect.NativeMethodAccessorImpl.invoke(NativeMethodAccessorImpl.java:62)\n\tat sun.reflect.DelegatingMethodAccessorImpl.invoke(DelegatingMethodAccessorImpl.java:43)\n\tat java.lang.reflect.Method.invoke(Method.java:498)\n\tat org.junit.runners.model.FrameworkMethod$1.runReflectiveCall(FrameworkMethod.java:47)\n\tat org.junit.internal.runners.model.ReflectiveCallable.run(ReflectiveCallable.java:12)\n\tat org.junit.runners.model.FrameworkMethod.invokeExplosively(FrameworkMethod.java:44)\n\tat org.junit.internal.runners.statements.InvokeMethod.evaluate(InvokeMethod.java:17)\n\tat org.junit.internal.runners.statements.RunBefores.evaluate(RunBefores.java:26)\n\tat org.junit.internal.runners.statements.RunAfters.evaluate(RunAfters.java:27)\n\tat org.junit.runners.ParentRunner.runLeaf(ParentRunner.java:271)\n\tat org.junit.runners.BlockJUnit4ClassRunner.runChild(BlockJUnit4ClassRunner.java:70)\n\tat org.junit.runners.BlockJUnit4ClassRunner.runChild(BlockJUnit4ClassRunner.java:50)\n\tat org.junit.runners.ParentRunner$3.run(ParentRunner.java:238)\n\tat org.junit.runners.ParentRunner$1.schedule(ParentRunner.java:63)\n\tat org.junit.runners.ParentRunner.runChildren(ParentRunner.java:236)\n\tat org.junit.runners.ParentRunner.access$000(ParentRunner.java:53)\n\tat org.junit.runners.ParentRunner$2.evaluate(ParentRunner.java:229)\n\tat org.junit.runners.ParentRunner.run(ParentRunner.java:309)\n\tat junit.framework.JUnit4TestAdapter.run(JUnit4TestAdapter.java:38)\n\tat org.apache.tools.ant.taskdefs.optional.junit.JUnitTestRunner.run(JUnitTestRunner.java:534)\n\tat org.apache.tools.ant.taskdefs.optional.junit.JUnitTask.executeInVM(JUnitTask.java:1617)\n\tat org.apache.tools.ant.taskdefs.optional.junit.JUnitTask.execute(JUnitTask.java:1039)\n\tat org.apache.tools.ant.taskdefs.optional.junit.JUnitTask.executeOrQueue(JUnitTask.java:2162)\n\tat org.apache.tools.ant.taskdefs.optional.junit.JUnitTask.execute(JUnitTask.java:853)\n\tat org.apache.tools.ant.UnknownElement.execute(UnknownElement.java:292)\n\tat sun.reflect.GeneratedMethodAccessor4.invoke(Unknown Source)\n\tat sun.reflect.DelegatingMethodAccessorImpl.invoke(DelegatingMethodAccessorImpl.java:43)\n\tat java.lang.reflect.Method.invoke(Method.java:498)\n\tat org.apache.tools.ant.dispatch.DispatchUtils.execute(DispatchUtils.java:99)\n\tat org.apache.tools.ant.Task.perform(Task.java:350)\n\tat org.apache.tools.ant.Target.execute(Target.java:449)\n\tat org.apache.tools.ant.Target.performTasks(Target.java:470)\n\tat org.apache.tools.ant.Project.executeSortedTargets(Project.java:1388)\n\tat org.apache.tools.ant.Project.executeTarget(Project.java:1361)\n\tat org.apache.tools.ant.helper.DefaultExecutor.executeTargets(DefaultExecutor.java:41)\n\tat org.apache.tools.ant.Project.executeTargets(Project.java:1251)\n\tat org.apache.tools.ant.Main.runBuild(Main.java:834)\n\tat org.apache.tools.ant.Main.startAnt(Main.java:223)\n\tat org.apache.tools.ant.launch.Launcher.run(Launcher.java:284)\n\tat org.apache.tools.ant.launch.Launcher.main(Launcher.java:101)\n\n\nfailure assertion code:\nAssertions.assertThat(m.getAllValues()).containsExactly(\"a\", \"b\");\n\n\nThere is a bug in the above code, please help me locate it by considering the stack trace information and failure assertion code.\n\nPlease output **only one integer**: the line number of the buggy code (The code starts from line 1). Do not provide any explanations or additional content.\n",
        "prompt_fl_4": "\nsource code:\npublic void captureArgumentsFrom(Invocation invocation) {\n        if (invocation.getMethod().isVarArgs()) {\n            int indexOfVararg = invocation.getRawArguments().length - 1;\n            for (int position = 0; position < indexOfVararg; position++) {\n                Matcher m = matchers.get(position);\n                if (m instanceof CapturesArguments) {\n                    ((CapturesArguments) m).captureFrom(invocation.getArgumentAt(position, Object.class));\n                }\n            }\n            for (int position = indexOfVararg; position < matchers.size(); position++) {\n                Matcher m = matchers.get(position);\n                if (m instanceof CapturesArguments) {\n                    ((CapturesArguments) m).captureFrom(invocation.getRawArguments()[position - indexOfVararg]);\n                }\n            }\n        } else {\n            for (int position = 0; position < matchers.size(); position++) {\n                Matcher m = matchers.get(position);\n                if (m instanceof CapturesArguments) {\n                    ((CapturesArguments) m).captureFrom(invocation.getArgumentAt(position, Object.class));\n                }\n            }\n        }\n    }\n\nThere is a bug in the above code, please help me locate it.\n\nOutput **only** the exact buggy statement, with no line numbers, explanations, or additional content. Your response should contain just the buggy code line. Do not include ```java or ``` markers in the response.\n",
        "prompt_fl_5": "\nsource code:\npublic void captureArgumentsFrom(Invocation invocation) {\n        if (invocation.getMethod().isVarArgs()) {\n            int indexOfVararg = invocation.getRawArguments().length - 1;\n            for (int position = 0; position < indexOfVararg; position++) {\n                Matcher m = matchers.get(position);\n                if (m instanceof CapturesArguments) {\n                    ((CapturesArguments) m).captureFrom(invocation.getArgumentAt(position, Object.class));\n                }\n            }\n            for (int position = indexOfVararg; position < matchers.size(); position++) {\n                Matcher m = matchers.get(position);\n                if (m instanceof CapturesArguments) {\n                    ((CapturesArguments) m).captureFrom(invocation.getRawArguments()[position - indexOfVararg]);\n                }\n            }\n        } else {\n            for (int position = 0; position < matchers.size(); position++) {\n                Matcher m = matchers.get(position);\n                if (m instanceof CapturesArguments) {\n                    ((CapturesArguments) m).captureFrom(invocation.getArgumentAt(position, Object.class));\n                }\n            }\n        }\n    }\n\nstack trace:\norg.mockito.internal.invocation.InvocationMatcherTest::should_capture_varargs_as_vararg\njunit.framework.AssertionFailedError: expected:<[['a', 'b']]> but was:<[[1]]>\n\tat sun.reflect.NativeConstructorAccessorImpl.newInstance0(Native Method)\n\tat sun.reflect.NativeConstructorAccessorImpl.newInstance(NativeConstructorAccessorImpl.java:62)\n\tat sun.reflect.DelegatingConstructorAccessorImpl.newInstance(DelegatingConstructorAccessorImpl.java:45)\n\tat java.lang.reflect.Constructor.newInstance(Constructor.java:423)\n\tat org.fest.assertions.ConstructorInvoker.newInstance(ConstructorInvoker.java:34)\n\tat org.fest.assertions.ComparisonFailureFactory.newComparisonFailure(ComparisonFailureFactory.java:60)\n\tat org.fest.assertions.ComparisonFailureFactory.comparisonFailure(ComparisonFailureFactory.java:46)\n\tat org.fest.assertions.Fail.comparisonFailed(Fail.java:83)\n\tat org.fest.assertions.Fail.failIfNotEqual(Fail.java:71)\n\tat org.fest.assertions.GenericAssert.assertEqualTo(GenericAssert.java:271)\n\tat org.fest.assertions.ListAssert.isEqualTo(ListAssert.java:360)\n\tat org.fest.assertions.ListAssert.containsExactly(ListAssert.java:350)\n\tat org.mockito.internal.invocation.InvocationMatcherTest.should_capture_varargs_as_vararg(InvocationMatcherTest.java:154)\n\tat sun.reflect.NativeMethodAccessorImpl.invoke0(Native Method)\n\tat sun.reflect.NativeMethodAccessorImpl.invoke(NativeMethodAccessorImpl.java:62)\n\tat sun.reflect.DelegatingMethodAccessorImpl.invoke(DelegatingMethodAccessorImpl.java:43)\n\tat java.lang.reflect.Method.invoke(Method.java:498)\n\tat org.junit.runners.model.FrameworkMethod$1.runReflectiveCall(FrameworkMethod.java:47)\n\tat org.junit.internal.runners.model.ReflectiveCallable.run(ReflectiveCallable.java:12)\n\tat org.junit.runners.model.FrameworkMethod.invokeExplosively(FrameworkMethod.java:44)\n\tat org.junit.internal.runners.statements.InvokeMethod.evaluate(InvokeMethod.java:17)\n\tat org.junit.internal.runners.statements.RunBefores.evaluate(RunBefores.java:26)\n\tat org.junit.internal.runners.statements.RunAfters.evaluate(RunAfters.java:27)\n\tat org.junit.runners.ParentRunner.runLeaf(ParentRunner.java:271)\n\tat org.junit.runners.BlockJUnit4ClassRunner.runChild(BlockJUnit4ClassRunner.java:70)\n\tat org.junit.runners.BlockJUnit4ClassRunner.runChild(BlockJUnit4ClassRunner.java:50)\n\tat org.junit.runners.ParentRunner$3.run(ParentRunner.java:238)\n\tat org.junit.runners.ParentRunner$1.schedule(ParentRunner.java:63)\n\tat org.junit.runners.ParentRunner.runChildren(ParentRunner.java:236)\n\tat org.junit.runners.ParentRunner.access$000(ParentRunner.java:53)\n\tat org.junit.runners.ParentRunner$2.evaluate(ParentRunner.java:229)\n\tat org.junit.runners.ParentRunner.run(ParentRunner.java:309)\n\tat junit.framework.JUnit4TestAdapter.run(JUnit4TestAdapter.java:38)\n\tat org.apache.tools.ant.taskdefs.optional.junit.JUnitTestRunner.run(JUnitTestRunner.java:534)\n\tat org.apache.tools.ant.taskdefs.optional.junit.JUnitTask.executeInVM(JUnitTask.java:1617)\n\tat org.apache.tools.ant.taskdefs.optional.junit.JUnitTask.execute(JUnitTask.java:1039)\n\tat org.apache.tools.ant.taskdefs.optional.junit.JUnitTask.executeOrQueue(JUnitTask.java:2162)\n\tat org.apache.tools.ant.taskdefs.optional.junit.JUnitTask.execute(JUnitTask.java:853)\n\tat org.apache.tools.ant.UnknownElement.execute(UnknownElement.java:292)\n\tat sun.reflect.GeneratedMethodAccessor4.invoke(Unknown Source)\n\tat sun.reflect.DelegatingMethodAccessorImpl.invoke(DelegatingMethodAccessorImpl.java:43)\n\tat java.lang.reflect.Method.invoke(Method.java:498)\n\tat org.apache.tools.ant.dispatch.DispatchUtils.execute(DispatchUtils.java:99)\n\tat org.apache.tools.ant.Task.perform(Task.java:350)\n\tat org.apache.tools.ant.Target.execute(Target.java:449)\n\tat org.apache.tools.ant.Target.performTasks(Target.java:470)\n\tat org.apache.tools.ant.Project.executeSortedTargets(Project.java:1388)\n\tat org.apache.tools.ant.Project.executeTarget(Project.java:1361)\n\tat org.apache.tools.ant.helper.DefaultExecutor.executeTargets(DefaultExecutor.java:41)\n\tat org.apache.tools.ant.Project.executeTargets(Project.java:1251)\n\tat org.apache.tools.ant.Main.runBuild(Main.java:834)\n\tat org.apache.tools.ant.Main.startAnt(Main.java:223)\n\tat org.apache.tools.ant.launch.Launcher.run(Launcher.java:284)\n\tat org.apache.tools.ant.launch.Launcher.main(Launcher.java:101)\norg.mockitousage.bugs.varargs.VarargsAndAnyObjectPicksUpExtraInvocationsTest::shouldVerifyCorrectlyNumberOfInvocationsWithVarargs\njava.lang.ArrayIndexOutOfBoundsException: 2\n\tat org.mockito.internal.invocation.InvocationMatcher.captureArgumentsFrom(InvocationMatcher.java:130)\n\tat org.mockito.internal.invocation.InvocationMarker.markVerified(InvocationMarker.java:22)\n\tat org.mockito.internal.invocation.InvocationMarker.markVerified(InvocationMarker.java:16)\n\tat org.mockito.internal.verification.checkers.NumberOfInvocationsChecker.check(NumberOfInvocationsChecker.java:48)\n\tat org.mockito.internal.verification.Times.verify(Times.java:39)\n\tat org.mockito.internal.verification.MockAwareVerificationMode.verify(MockAwareVerificationMode.java:21)\n\tat org.mockito.internal.handler.MockHandlerImpl.handle(MockHandlerImpl.java:76)\n\tat org.mockito.internal.handler.NullResultGuardian.handle(NullResultGuardian.java:29)\n\tat org.mockito.internal.handler.InvocationNotifierHandler.handle(InvocationNotifierHandler.java:37)\n\tat org.mockito.internal.creation.bytebuddy.MockMethodInterceptor.doIntercept(MockMethodInterceptor.java:82)\n\tat org.mockito.internal.creation.bytebuddy.MockMethodInterceptor.interceptAbstract(MockMethodInterceptor.java:70)\n\tat org.mockitousage.bugs.varargs.VarargsAndAnyObjectPicksUpExtraInvocationsTest$TableBuilder$MockitoMock$1005420061.newRow(Unknown Source)\n\tat org.mockitousage.bugs.varargs.VarargsAndAnyObjectPicksUpExtraInvocationsTest.shouldVerifyCorrectlyNumberOfInvocationsWithVarargs(VarargsAndAnyObjectPicksUpExtraInvocationsTest.java:50)\n\tat sun.reflect.NativeMethodAccessorImpl.invoke0(Native Method)\n\tat sun.reflect.NativeMethodAccessorImpl.invoke(NativeMethodAccessorImpl.java:62)\n\tat sun.reflect.DelegatingMethodAccessorImpl.invoke(DelegatingMethodAccessorImpl.java:43)\n\tat java.lang.reflect.Method.invoke(Method.java:498)\n\tat org.junit.runners.model.FrameworkMethod$1.runReflectiveCall(FrameworkMethod.java:47)\n\tat org.junit.internal.runners.model.ReflectiveCallable.run(ReflectiveCallable.java:12)\n\tat org.junit.runners.model.FrameworkMethod.invokeExplosively(FrameworkMethod.java:44)\n\tat org.junit.internal.runners.statements.InvokeMethod.evaluate(InvokeMethod.java:17)\n\tat org.junit.internal.runners.statements.RunBefores.evaluate(RunBefores.java:26)\n\tat org.junit.internal.runners.statements.RunAfters.evaluate(RunAfters.java:27)\n\tat org.junit.runners.ParentRunner.runLeaf(ParentRunner.java:271)\n\tat org.junit.runners.BlockJUnit4ClassRunner.runChild(BlockJUnit4ClassRunner.java:70)\n\tat org.junit.runners.BlockJUnit4ClassRunner.runChild(BlockJUnit4ClassRunner.java:50)\n\tat org.junit.runners.ParentRunner$3.run(ParentRunner.java:238)\n\tat org.junit.runners.ParentRunner$1.schedule(ParentRunner.java:63)\n\tat org.junit.runners.ParentRunner.runChildren(ParentRunner.java:236)\n\tat org.junit.runners.ParentRunner.access$000(ParentRunner.java:53)\n\tat org.junit.runners.ParentRunner$2.evaluate(ParentRunner.java:229)\n\tat org.junit.runners.ParentRunner.run(ParentRunner.java:309)\n\tat junit.framework.JUnit4TestAdapter.run(JUnit4TestAdapter.java:38)\n\tat org.apache.tools.ant.taskdefs.optional.junit.JUnitTestRunner.run(JUnitTestRunner.java:534)\n\tat org.apache.tools.ant.taskdefs.optional.junit.JUnitTask.executeInVM(JUnitTask.java:1617)\n\tat org.apache.tools.ant.taskdefs.optional.junit.JUnitTask.execute(JUnitTask.java:1039)\n\tat org.apache.tools.ant.taskdefs.optional.junit.JUnitTask.executeOrQueue(JUnitTask.java:2162)\n\tat org.apache.tools.ant.taskdefs.optional.junit.JUnitTask.execute(JUnitTask.java:853)\n\tat org.apache.tools.ant.UnknownElement.execute(UnknownElement.java:292)\n\tat sun.reflect.GeneratedMethodAccessor4.invoke(Unknown Source)\n\tat sun.reflect.DelegatingMethodAccessorImpl.invoke(DelegatingMethodAccessorImpl.java:43)\n\tat java.lang.reflect.Method.invoke(Method.java:498)\n\tat org.apache.tools.ant.dispatch.DispatchUtils.execute(DispatchUtils.java:99)\n\tat org.apache.tools.ant.Task.perform(Task.java:350)\n\tat org.apache.tools.ant.Target.execute(Target.java:449)\n\tat org.apache.tools.ant.Target.performTasks(Target.java:470)\n\tat org.apache.tools.ant.Project.executeSortedTargets(Project.java:1388)\n\tat org.apache.tools.ant.Project.executeTarget(Project.java:1361)\n\tat org.apache.tools.ant.helper.DefaultExecutor.executeTargets(DefaultExecutor.java:41)\n\tat org.apache.tools.ant.Project.executeTargets(Project.java:1251)\n\tat org.apache.tools.ant.Main.runBuild(Main.java:834)\n\tat org.apache.tools.ant.Main.startAnt(Main.java:223)\n\tat org.apache.tools.ant.launch.Launcher.run(Launcher.java:284)\n\tat org.apache.tools.ant.launch.Launcher.main(Launcher.java:101)\norg.mockitousage.bugs.varargs.VarargsNotPlayingWithAnyObjectTest::shouldMatchAnyVararg\njava.lang.ArrayIndexOutOfBoundsException: 1\n\tat org.mockito.internal.invocation.InvocationMatcher.captureArgumentsFrom(InvocationMatcher.java:130)\n\tat org.mockito.internal.invocation.InvocationMarker.markVerified(InvocationMarker.java:22)\n\tat org.mockito.internal.invocation.InvocationMarker.markVerified(InvocationMarker.java:16)\n\tat org.mockito.internal.verification.checkers.NumberOfInvocationsChecker.check(NumberOfInvocationsChecker.java:48)\n\tat org.mockito.internal.verification.Times.verify(Times.java:39)\n\tat org.mockito.internal.verification.MockAwareVerificationMode.verify(MockAwareVerificationMode.java:21)\n\tat org.mockito.internal.handler.MockHandlerImpl.handle(MockHandlerImpl.java:76)\n\tat org.mockito.internal.handler.NullResultGuardian.handle(NullResultGuardian.java:29)\n\tat org.mockito.internal.handler.InvocationNotifierHandler.handle(InvocationNotifierHandler.java:37)\n\tat org.mockito.internal.creation.bytebuddy.MockMethodInterceptor.doIntercept(MockMethodInterceptor.java:82)\n\tat org.mockito.internal.creation.bytebuddy.MockMethodInterceptor.interceptAbstract(MockMethodInterceptor.java:70)\n\tat org.mockitousage.bugs.varargs.VarargsNotPlayingWithAnyObjectTest$VarargMethod$MockitoMock$226143732.run(Unknown Source)\n\tat org.mockitousage.bugs.varargs.VarargsNotPlayingWithAnyObjectTest.shouldMatchAnyVararg(VarargsNotPlayingWithAnyObjectTest.java:28)\n\tat sun.reflect.NativeMethodAccessorImpl.invoke0(Native Method)\n\tat sun.reflect.NativeMethodAccessorImpl.invoke(NativeMethodAccessorImpl.java:62)\n\tat sun.reflect.DelegatingMethodAccessorImpl.invoke(DelegatingMethodAccessorImpl.java:43)\n\tat java.lang.reflect.Method.invoke(Method.java:498)\n\tat org.junit.runners.model.FrameworkMethod$1.runReflectiveCall(FrameworkMethod.java:47)\n\tat org.junit.internal.runners.model.ReflectiveCallable.run(ReflectiveCallable.java:12)\n\tat org.junit.runners.model.FrameworkMethod.invokeExplosively(FrameworkMethod.java:44)\n\tat org.junit.internal.runners.statements.InvokeMethod.evaluate(InvokeMethod.java:17)\n\tat org.junit.internal.runners.statements.RunBefores.evaluate(RunBefores.java:26)\n\tat org.junit.internal.runners.statements.RunAfters.evaluate(RunAfters.java:27)\n\tat org.junit.runners.ParentRunner.runLeaf(ParentRunner.java:271)\n\tat org.junit.runners.BlockJUnit4ClassRunner.runChild(BlockJUnit4ClassRunner.java:70)\n\tat org.junit.runners.BlockJUnit4ClassRunner.runChild(BlockJUnit4ClassRunner.java:50)\n\tat org.junit.runners.ParentRunner$3.run(ParentRunner.java:238)\n\tat org.junit.runners.ParentRunner$1.schedule(ParentRunner.java:63)\n\tat org.junit.runners.ParentRunner.runChildren(ParentRunner.java:236)\n\tat org.junit.runners.ParentRunner.access$000(ParentRunner.java:53)\n\tat org.junit.runners.ParentRunner$2.evaluate(ParentRunner.java:229)\n\tat org.junit.runners.ParentRunner.run(ParentRunner.java:309)\n\tat junit.framework.JUnit4TestAdapter.run(JUnit4TestAdapter.java:38)\n\tat org.apache.tools.ant.taskdefs.optional.junit.JUnitTestRunner.run(JUnitTestRunner.java:534)\n\tat org.apache.tools.ant.taskdefs.optional.junit.JUnitTask.executeInVM(JUnitTask.java:1617)\n\tat org.apache.tools.ant.taskdefs.optional.junit.JUnitTask.execute(JUnitTask.java:1039)\n\tat org.apache.tools.ant.taskdefs.optional.junit.JUnitTask.executeOrQueue(JUnitTask.java:2162)\n\tat org.apache.tools.ant.taskdefs.optional.junit.JUnitTask.execute(JUnitTask.java:853)\n\tat org.apache.tools.ant.UnknownElement.execute(UnknownElement.java:292)\n\tat sun.reflect.GeneratedMethodAccessor4.invoke(Unknown Source)\n\tat sun.reflect.DelegatingMethodAccessorImpl.invoke(DelegatingMethodAccessorImpl.java:43)\n\tat java.lang.reflect.Method.invoke(Method.java:498)\n\tat org.apache.tools.ant.dispatch.DispatchUtils.execute(DispatchUtils.java:99)\n\tat org.apache.tools.ant.Task.perform(Task.java:350)\n\tat org.apache.tools.ant.Target.execute(Target.java:449)\n\tat org.apache.tools.ant.Target.performTasks(Target.java:470)\n\tat org.apache.tools.ant.Project.executeSortedTargets(Project.java:1388)\n\tat org.apache.tools.ant.Project.executeTarget(Project.java:1361)\n\tat org.apache.tools.ant.helper.DefaultExecutor.executeTargets(DefaultExecutor.java:41)\n\tat org.apache.tools.ant.Project.executeTargets(Project.java:1251)\n\tat org.apache.tools.ant.Main.runBuild(Main.java:834)\n\tat org.apache.tools.ant.Main.startAnt(Main.java:223)\n\tat org.apache.tools.ant.launch.Launcher.run(Launcher.java:284)\n\tat org.apache.tools.ant.launch.Launcher.main(Launcher.java:101)\norg.mockitousage.matchers.CapturingArgumentsTest::should_capture_all_vararg\njunit.framework.AssertionFailedError: expected:<[['a', 'b', 'c', 'again ?!']]> but was:<[[42, 42]]>\n\tat sun.reflect.NativeConstructorAccessorImpl.newInstance0(Native Method)\n\tat sun.reflect.NativeConstructorAccessorImpl.newInstance(NativeConstructorAccessorImpl.java:62)\n\tat sun.reflect.DelegatingConstructorAccessorImpl.newInstance(DelegatingConstructorAccessorImpl.java:45)\n\tat java.lang.reflect.Constructor.newInstance(Constructor.java:423)\n\tat org.fest.assertions.ConstructorInvoker.newInstance(ConstructorInvoker.java:34)\n\tat org.fest.assertions.ComparisonFailureFactory.newComparisonFailure(ComparisonFailureFactory.java:60)\n\tat org.fest.assertions.ComparisonFailureFactory.comparisonFailure(ComparisonFailureFactory.java:46)\n\tat org.fest.assertions.Fail.comparisonFailed(Fail.java:83)\n\tat org.fest.assertions.Fail.failIfNotEqual(Fail.java:71)\n\tat org.fest.assertions.GenericAssert.assertEqualTo(GenericAssert.java:271)\n\tat org.fest.assertions.ListAssert.isEqualTo(ListAssert.java:360)\n\tat org.fest.assertions.ListAssert.containsExactly(ListAssert.java:350)\n\tat org.mockitousage.matchers.CapturingArgumentsTest.should_capture_all_vararg(CapturingArgumentsTest.java:278)\n\tat sun.reflect.NativeMethodAccessorImpl.invoke0(Native Method)\n\tat sun.reflect.NativeMethodAccessorImpl.invoke(NativeMethodAccessorImpl.java:62)\n\tat sun.reflect.DelegatingMethodAccessorImpl.invoke(DelegatingMethodAccessorImpl.java:43)\n\tat java.lang.reflect.Method.invoke(Method.java:498)\n\tat org.junit.runners.model.FrameworkMethod$1.runReflectiveCall(FrameworkMethod.java:47)\n\tat org.junit.internal.runners.model.ReflectiveCallable.run(ReflectiveCallable.java:12)\n\tat org.junit.runners.model.FrameworkMethod.invokeExplosively(FrameworkMethod.java:44)\n\tat org.junit.internal.runners.statements.InvokeMethod.evaluate(InvokeMethod.java:17)\n\tat org.junit.internal.runners.statements.RunBefores.evaluate(RunBefores.java:26)\n\tat org.junit.internal.runners.statements.RunAfters.evaluate(RunAfters.java:27)\n\tat org.junit.runners.ParentRunner.runLeaf(ParentRunner.java:271)\n\tat org.junit.runners.BlockJUnit4ClassRunner.runChild(BlockJUnit4ClassRunner.java:70)\n\tat org.junit.runners.BlockJUnit4ClassRunner.runChild(BlockJUnit4ClassRunner.java:50)\n\tat org.junit.runners.ParentRunner$3.run(ParentRunner.java:238)\n\tat org.junit.runners.ParentRunner$1.schedule(ParentRunner.java:63)\n\tat org.junit.runners.ParentRunner.runChildren(ParentRunner.java:236)\n\tat org.junit.runners.ParentRunner.access$000(ParentRunner.java:53)\n\tat org.junit.runners.ParentRunner$2.evaluate(ParentRunner.java:229)\n\tat org.junit.runners.ParentRunner.run(ParentRunner.java:309)\n\tat junit.framework.JUnit4TestAdapter.run(JUnit4TestAdapter.java:38)\n\tat org.apache.tools.ant.taskdefs.optional.junit.JUnitTestRunner.run(JUnitTestRunner.java:534)\n\tat org.apache.tools.ant.taskdefs.optional.junit.JUnitTask.executeInVM(JUnitTask.java:1617)\n\tat org.apache.tools.ant.taskdefs.optional.junit.JUnitTask.execute(JUnitTask.java:1039)\n\tat org.apache.tools.ant.taskdefs.optional.junit.JUnitTask.executeOrQueue(JUnitTask.java:2162)\n\tat org.apache.tools.ant.taskdefs.optional.junit.JUnitTask.execute(JUnitTask.java:853)\n\tat org.apache.tools.ant.UnknownElement.execute(UnknownElement.java:292)\n\tat sun.reflect.GeneratedMethodAccessor4.invoke(Unknown Source)\n\tat sun.reflect.DelegatingMethodAccessorImpl.invoke(DelegatingMethodAccessorImpl.java:43)\n\tat java.lang.reflect.Method.invoke(Method.java:498)\n\tat org.apache.tools.ant.dispatch.DispatchUtils.execute(DispatchUtils.java:99)\n\tat org.apache.tools.ant.Task.perform(Task.java:350)\n\tat org.apache.tools.ant.Target.execute(Target.java:449)\n\tat org.apache.tools.ant.Target.performTasks(Target.java:470)\n\tat org.apache.tools.ant.Project.executeSortedTargets(Project.java:1388)\n\tat org.apache.tools.ant.Project.executeTarget(Project.java:1361)\n\tat org.apache.tools.ant.helper.DefaultExecutor.executeTargets(DefaultExecutor.java:41)\n\tat org.apache.tools.ant.Project.executeTargets(Project.java:1251)\n\tat org.apache.tools.ant.Main.runBuild(Main.java:834)\n\tat org.apache.tools.ant.Main.startAnt(Main.java:223)\n\tat org.apache.tools.ant.launch.Launcher.run(Launcher.java:284)\n\tat org.apache.tools.ant.launch.Launcher.main(Launcher.java:101)\norg.mockitousage.matchers.CapturingArgumentsTest::captures_correctly_when_captor_used_multiple_times\njava.lang.ArrayIndexOutOfBoundsException: 2\n\tat org.mockito.internal.invocation.InvocationMatcher.captureArgumentsFrom(InvocationMatcher.java:130)\n\tat org.mockito.internal.invocation.InvocationMarker.markVerified(InvocationMarker.java:22)\n\tat org.mockito.internal.invocation.InvocationMarker.markVerified(InvocationMarker.java:16)\n\tat org.mockito.internal.verification.checkers.NumberOfInvocationsChecker.check(NumberOfInvocationsChecker.java:48)\n\tat org.mockito.internal.verification.Times.verify(Times.java:39)\n\tat org.mockito.internal.verification.MockAwareVerificationMode.verify(MockAwareVerificationMode.java:21)\n\tat org.mockito.internal.handler.MockHandlerImpl.handle(MockHandlerImpl.java:76)\n\tat org.mockito.internal.handler.NullResultGuardian.handle(NullResultGuardian.java:29)\n\tat org.mockito.internal.handler.InvocationNotifierHandler.handle(InvocationNotifierHandler.java:37)\n\tat org.mockito.internal.creation.bytebuddy.MockMethodInterceptor.doIntercept(MockMethodInterceptor.java:82)\n\tat org.mockito.internal.creation.bytebuddy.MockMethodInterceptor.interceptAbstract(MockMethodInterceptor.java:70)\n\tat org.mockitousage.IMethods$MockitoMock$263271281.mixedVarargs(Unknown Source)\n\tat org.mockitousage.matchers.CapturingArgumentsTest.captures_correctly_when_captor_used_multiple_times(CapturingArgumentsTest.java:304)\n\tat sun.reflect.NativeMethodAccessorImpl.invoke0(Native Method)\n\tat sun.reflect.NativeMethodAccessorImpl.invoke(NativeMethodAccessorImpl.java:62)\n\tat sun.reflect.DelegatingMethodAccessorImpl.invoke(DelegatingMethodAccessorImpl.java:43)\n\tat java.lang.reflect.Method.invoke(Method.java:498)\n\tat org.junit.runners.model.FrameworkMethod$1.runReflectiveCall(FrameworkMethod.java:47)\n\tat org.junit.internal.runners.model.ReflectiveCallable.run(ReflectiveCallable.java:12)\n\tat org.junit.runners.model.FrameworkMethod.invokeExplosively(FrameworkMethod.java:44)\n\tat org.junit.internal.runners.statements.InvokeMethod.evaluate(InvokeMethod.java:17)\n\tat org.junit.internal.runners.statements.RunBefores.evaluate(RunBefores.java:26)\n\tat org.junit.internal.runners.statements.RunAfters.evaluate(RunAfters.java:27)\n\tat org.junit.runners.ParentRunner.runLeaf(ParentRunner.java:271)\n\tat org.junit.runners.BlockJUnit4ClassRunner.runChild(BlockJUnit4ClassRunner.java:70)\n\tat org.junit.runners.BlockJUnit4ClassRunner.runChild(BlockJUnit4ClassRunner.java:50)\n\tat org.junit.runners.ParentRunner$3.run(ParentRunner.java:238)\n\tat org.junit.runners.ParentRunner$1.schedule(ParentRunner.java:63)\n\tat org.junit.runners.ParentRunner.runChildren(ParentRunner.java:236)\n\tat org.junit.runners.ParentRunner.access$000(ParentRunner.java:53)\n\tat org.junit.runners.ParentRunner$2.evaluate(ParentRunner.java:229)\n\tat org.junit.runners.ParentRunner.run(ParentRunner.java:309)\n\tat junit.framework.JUnit4TestAdapter.run(JUnit4TestAdapter.java:38)\n\tat org.apache.tools.ant.taskdefs.optional.junit.JUnitTestRunner.run(JUnitTestRunner.java:534)\n\tat org.apache.tools.ant.taskdefs.optional.junit.JUnitTask.executeInVM(JUnitTask.java:1617)\n\tat org.apache.tools.ant.taskdefs.optional.junit.JUnitTask.execute(JUnitTask.java:1039)\n\tat org.apache.tools.ant.taskdefs.optional.junit.JUnitTask.executeOrQueue(JUnitTask.java:2162)\n\tat org.apache.tools.ant.taskdefs.optional.junit.JUnitTask.execute(JUnitTask.java:853)\n\tat org.apache.tools.ant.UnknownElement.execute(UnknownElement.java:292)\n\tat sun.reflect.GeneratedMethodAccessor4.invoke(Unknown Source)\n\tat sun.reflect.DelegatingMethodAccessorImpl.invoke(DelegatingMethodAccessorImpl.java:43)\n\tat java.lang.reflect.Method.invoke(Method.java:498)\n\tat org.apache.tools.ant.dispatch.DispatchUtils.execute(DispatchUtils.java:99)\n\tat org.apache.tools.ant.Task.perform(Task.java:350)\n\tat org.apache.tools.ant.Target.execute(Target.java:449)\n\tat org.apache.tools.ant.Target.performTasks(Target.java:470)\n\tat org.apache.tools.ant.Project.executeSortedTargets(Project.java:1388)\n\tat org.apache.tools.ant.Project.executeTarget(Project.java:1361)\n\tat org.apache.tools.ant.helper.DefaultExecutor.executeTargets(DefaultExecutor.java:41)\n\tat org.apache.tools.ant.Project.executeTargets(Project.java:1251)\n\tat org.apache.tools.ant.Main.runBuild(Main.java:834)\n\tat org.apache.tools.ant.Main.startAnt(Main.java:223)\n\tat org.apache.tools.ant.launch.Launcher.run(Launcher.java:284)\n\tat org.apache.tools.ant.launch.Launcher.main(Launcher.java:101)\norg.mockitousage.matchers.CapturingArgumentsTest::should_capture_vararg\njunit.framework.AssertionFailedError: expected:<[['a', 'b', 'c']]> but was:<[[42]]>\n\tat sun.reflect.NativeConstructorAccessorImpl.newInstance0(Native Method)\n\tat sun.reflect.NativeConstructorAccessorImpl.newInstance(NativeConstructorAccessorImpl.java:62)\n\tat sun.reflect.DelegatingConstructorAccessorImpl.newInstance(DelegatingConstructorAccessorImpl.java:45)\n\tat java.lang.reflect.Constructor.newInstance(Constructor.java:423)\n\tat org.fest.assertions.ConstructorInvoker.newInstance(ConstructorInvoker.java:34)\n\tat org.fest.assertions.ComparisonFailureFactory.newComparisonFailure(ComparisonFailureFactory.java:60)\n\tat org.fest.assertions.ComparisonFailureFactory.comparisonFailure(ComparisonFailureFactory.java:46)\n\tat org.fest.assertions.Fail.comparisonFailed(Fail.java:83)\n\tat org.fest.assertions.Fail.failIfNotEqual(Fail.java:71)\n\tat org.fest.assertions.GenericAssert.assertEqualTo(GenericAssert.java:271)\n\tat org.fest.assertions.ListAssert.isEqualTo(ListAssert.java:360)\n\tat org.fest.assertions.ListAssert.containsExactly(ListAssert.java:350)\n\tat org.mockitousage.matchers.CapturingArgumentsTest.should_capture_vararg(CapturingArgumentsTest.java:263)\n\tat sun.reflect.NativeMethodAccessorImpl.invoke0(Native Method)\n\tat sun.reflect.NativeMethodAccessorImpl.invoke(NativeMethodAccessorImpl.java:62)\n\tat sun.reflect.DelegatingMethodAccessorImpl.invoke(DelegatingMethodAccessorImpl.java:43)\n\tat java.lang.reflect.Method.invoke(Method.java:498)\n\tat org.junit.runners.model.FrameworkMethod$1.runReflectiveCall(FrameworkMethod.java:47)\n\tat org.junit.internal.runners.model.ReflectiveCallable.run(ReflectiveCallable.java:12)\n\tat org.junit.runners.model.FrameworkMethod.invokeExplosively(FrameworkMethod.java:44)\n\tat org.junit.internal.runners.statements.InvokeMethod.evaluate(InvokeMethod.java:17)\n\tat org.junit.internal.runners.statements.RunBefores.evaluate(RunBefores.java:26)\n\tat org.junit.internal.runners.statements.RunAfters.evaluate(RunAfters.java:27)\n\tat org.junit.runners.ParentRunner.runLeaf(ParentRunner.java:271)\n\tat org.junit.runners.BlockJUnit4ClassRunner.runChild(BlockJUnit4ClassRunner.java:70)\n\tat org.junit.runners.BlockJUnit4ClassRunner.runChild(BlockJUnit4ClassRunner.java:50)\n\tat org.junit.runners.ParentRunner$3.run(ParentRunner.java:238)\n\tat org.junit.runners.ParentRunner$1.schedule(ParentRunner.java:63)\n\tat org.junit.runners.ParentRunner.runChildren(ParentRunner.java:236)\n\tat org.junit.runners.ParentRunner.access$000(ParentRunner.java:53)\n\tat org.junit.runners.ParentRunner$2.evaluate(ParentRunner.java:229)\n\tat org.junit.runners.ParentRunner.run(ParentRunner.java:309)\n\tat junit.framework.JUnit4TestAdapter.run(JUnit4TestAdapter.java:38)\n\tat org.apache.tools.ant.taskdefs.optional.junit.JUnitTestRunner.run(JUnitTestRunner.java:534)\n\tat org.apache.tools.ant.taskdefs.optional.junit.JUnitTask.executeInVM(JUnitTask.java:1617)\n\tat org.apache.tools.ant.taskdefs.optional.junit.JUnitTask.execute(JUnitTask.java:1039)\n\tat org.apache.tools.ant.taskdefs.optional.junit.JUnitTask.executeOrQueue(JUnitTask.java:2162)\n\tat org.apache.tools.ant.taskdefs.optional.junit.JUnitTask.execute(JUnitTask.java:853)\n\tat org.apache.tools.ant.UnknownElement.execute(UnknownElement.java:292)\n\tat sun.reflect.GeneratedMethodAccessor4.invoke(Unknown Source)\n\tat sun.reflect.DelegatingMethodAccessorImpl.invoke(DelegatingMethodAccessorImpl.java:43)\n\tat java.lang.reflect.Method.invoke(Method.java:498)\n\tat org.apache.tools.ant.dispatch.DispatchUtils.execute(DispatchUtils.java:99)\n\tat org.apache.tools.ant.Task.perform(Task.java:350)\n\tat org.apache.tools.ant.Target.execute(Target.java:449)\n\tat org.apache.tools.ant.Target.performTasks(Target.java:470)\n\tat org.apache.tools.ant.Project.executeSortedTargets(Project.java:1388)\n\tat org.apache.tools.ant.Project.executeTarget(Project.java:1361)\n\tat org.apache.tools.ant.helper.DefaultExecutor.executeTargets(DefaultExecutor.java:41)\n\tat org.apache.tools.ant.Project.executeTargets(Project.java:1251)\n\tat org.apache.tools.ant.Main.runBuild(Main.java:834)\n\tat org.apache.tools.ant.Main.startAnt(Main.java:223)\n\tat org.apache.tools.ant.launch.Launcher.run(Launcher.java:284)\n\tat org.apache.tools.ant.launch.Launcher.main(Launcher.java:101)\norg.mockitousage.matchers.CapturingArgumentsTest::captures_correctly_when_captor_used_on_pure_vararg_method\njava.lang.ArrayIndexOutOfBoundsException: 1\n\tat org.mockito.internal.invocation.InvocationMatcher.captureArgumentsFrom(InvocationMatcher.java:130)\n\tat org.mockito.internal.invocation.InvocationMarker.markVerified(InvocationMarker.java:22)\n\tat org.mockito.internal.invocation.InvocationMarker.markVerified(InvocationMarker.java:16)\n\tat org.mockito.internal.verification.checkers.NumberOfInvocationsChecker.check(NumberOfInvocationsChecker.java:48)\n\tat org.mockito.internal.verification.Times.verify(Times.java:39)\n\tat org.mockito.internal.verification.MockAwareVerificationMode.verify(MockAwareVerificationMode.java:21)\n\tat org.mockito.internal.handler.MockHandlerImpl.handle(MockHandlerImpl.java:76)\n\tat org.mockito.internal.handler.NullResultGuardian.handle(NullResultGuardian.java:29)\n\tat org.mockito.internal.handler.InvocationNotifierHandler.handle(InvocationNotifierHandler.java:37)\n\tat org.mockito.internal.creation.bytebuddy.MockMethodInterceptor.doIntercept(MockMethodInterceptor.java:82)\n\tat org.mockito.internal.creation.bytebuddy.MockMethodInterceptor.interceptAbstract(MockMethodInterceptor.java:70)\n\tat org.mockitousage.IMethods$MockitoMock$263271281.varargs(Unknown Source)\n\tat org.mockitousage.matchers.CapturingArgumentsTest.captures_correctly_when_captor_used_on_pure_vararg_method(CapturingArgumentsTest.java:317)\n\tat sun.reflect.NativeMethodAccessorImpl.invoke0(Native Method)\n\tat sun.reflect.NativeMethodAccessorImpl.invoke(NativeMethodAccessorImpl.java:62)\n\tat sun.reflect.DelegatingMethodAccessorImpl.invoke(DelegatingMethodAccessorImpl.java:43)\n\tat java.lang.reflect.Method.invoke(Method.java:498)\n\tat org.junit.runners.model.FrameworkMethod$1.runReflectiveCall(FrameworkMethod.java:47)\n\tat org.junit.internal.runners.model.ReflectiveCallable.run(ReflectiveCallable.java:12)\n\tat org.junit.runners.model.FrameworkMethod.invokeExplosively(FrameworkMethod.java:44)\n\tat org.junit.internal.runners.statements.InvokeMethod.evaluate(InvokeMethod.java:17)\n\tat org.junit.internal.runners.statements.RunBefores.evaluate(RunBefores.java:26)\n\tat org.junit.internal.runners.statements.RunAfters.evaluate(RunAfters.java:27)\n\tat org.junit.runners.ParentRunner.runLeaf(ParentRunner.java:271)\n\tat org.junit.runners.BlockJUnit4ClassRunner.runChild(BlockJUnit4ClassRunner.java:70)\n\tat org.junit.runners.BlockJUnit4ClassRunner.runChild(BlockJUnit4ClassRunner.java:50)\n\tat org.junit.runners.ParentRunner$3.run(ParentRunner.java:238)\n\tat org.junit.runners.ParentRunner$1.schedule(ParentRunner.java:63)\n\tat org.junit.runners.ParentRunner.runChildren(ParentRunner.java:236)\n\tat org.junit.runners.ParentRunner.access$000(ParentRunner.java:53)\n\tat org.junit.runners.ParentRunner$2.evaluate(ParentRunner.java:229)\n\tat org.junit.runners.ParentRunner.run(ParentRunner.java:309)\n\tat junit.framework.JUnit4TestAdapter.run(JUnit4TestAdapter.java:38)\n\tat org.apache.tools.ant.taskdefs.optional.junit.JUnitTestRunner.run(JUnitTestRunner.java:534)\n\tat org.apache.tools.ant.taskdefs.optional.junit.JUnitTask.executeInVM(JUnitTask.java:1617)\n\tat org.apache.tools.ant.taskdefs.optional.junit.JUnitTask.execute(JUnitTask.java:1039)\n\tat org.apache.tools.ant.taskdefs.optional.junit.JUnitTask.executeOrQueue(JUnitTask.java:2162)\n\tat org.apache.tools.ant.taskdefs.optional.junit.JUnitTask.execute(JUnitTask.java:853)\n\tat org.apache.tools.ant.UnknownElement.execute(UnknownElement.java:292)\n\tat sun.reflect.GeneratedMethodAccessor4.invoke(Unknown Source)\n\tat sun.reflect.DelegatingMethodAccessorImpl.invoke(DelegatingMethodAccessorImpl.java:43)\n\tat java.lang.reflect.Method.invoke(Method.java:498)\n\tat org.apache.tools.ant.dispatch.DispatchUtils.execute(DispatchUtils.java:99)\n\tat org.apache.tools.ant.Task.perform(Task.java:350)\n\tat org.apache.tools.ant.Target.execute(Target.java:449)\n\tat org.apache.tools.ant.Target.performTasks(Target.java:470)\n\tat org.apache.tools.ant.Project.executeSortedTargets(Project.java:1388)\n\tat org.apache.tools.ant.Project.executeTarget(Project.java:1361)\n\tat org.apache.tools.ant.helper.DefaultExecutor.executeTargets(DefaultExecutor.java:41)\n\tat org.apache.tools.ant.Project.executeTargets(Project.java:1251)\n\tat org.apache.tools.ant.Main.runBuild(Main.java:834)\n\tat org.apache.tools.ant.Main.startAnt(Main.java:223)\n\tat org.apache.tools.ant.launch.Launcher.run(Launcher.java:284)\n\tat org.apache.tools.ant.launch.Launcher.main(Launcher.java:101)\norg.mockitousage.matchers.CapturingArgumentsTest::should_capture_byte_vararg_by_creating_captor_with_primitive_wrapper\njava.lang.ClassCastException: [B cannot be cast to java.lang.Byte\n\tat org.mockitousage.matchers.CapturingArgumentsTest.should_capture_byte_vararg_by_creating_captor_with_primitive_wrapper(CapturingArgumentsTest.java:249)\n\tat sun.reflect.NativeMethodAccessorImpl.invoke0(Native Method)\n\tat sun.reflect.NativeMethodAccessorImpl.invoke(NativeMethodAccessorImpl.java:62)\n\tat sun.reflect.DelegatingMethodAccessorImpl.invoke(DelegatingMethodAccessorImpl.java:43)\n\tat java.lang.reflect.Method.invoke(Method.java:498)\n\tat org.junit.runners.model.FrameworkMethod$1.runReflectiveCall(FrameworkMethod.java:47)\n\tat org.junit.internal.runners.model.ReflectiveCallable.run(ReflectiveCallable.java:12)\n\tat org.junit.runners.model.FrameworkMethod.invokeExplosively(FrameworkMethod.java:44)\n\tat org.junit.internal.runners.statements.InvokeMethod.evaluate(InvokeMethod.java:17)\n\tat org.junit.internal.runners.statements.RunBefores.evaluate(RunBefores.java:26)\n\tat org.junit.internal.runners.statements.RunAfters.evaluate(RunAfters.java:27)\n\tat org.junit.runners.ParentRunner.runLeaf(ParentRunner.java:271)\n\tat org.junit.runners.BlockJUnit4ClassRunner.runChild(BlockJUnit4ClassRunner.java:70)\n\tat org.junit.runners.BlockJUnit4ClassRunner.runChild(BlockJUnit4ClassRunner.java:50)\n\tat org.junit.runners.ParentRunner$3.run(ParentRunner.java:238)\n\tat org.junit.runners.ParentRunner$1.schedule(ParentRunner.java:63)\n\tat org.junit.runners.ParentRunner.runChildren(ParentRunner.java:236)\n\tat org.junit.runners.ParentRunner.access$000(ParentRunner.java:53)\n\tat org.junit.runners.ParentRunner$2.evaluate(ParentRunner.java:229)\n\tat org.junit.runners.ParentRunner.run(ParentRunner.java:309)\n\tat junit.framework.JUnit4TestAdapter.run(JUnit4TestAdapter.java:38)\n\tat org.apache.tools.ant.taskdefs.optional.junit.JUnitTestRunner.run(JUnitTestRunner.java:534)\n\tat org.apache.tools.ant.taskdefs.optional.junit.JUnitTask.executeInVM(JUnitTask.java:1617)\n\tat org.apache.tools.ant.taskdefs.optional.junit.JUnitTask.execute(JUnitTask.java:1039)\n\tat org.apache.tools.ant.taskdefs.optional.junit.JUnitTask.executeOrQueue(JUnitTask.java:2162)\n\tat org.apache.tools.ant.taskdefs.optional.junit.JUnitTask.execute(JUnitTask.java:853)\n\tat org.apache.tools.ant.UnknownElement.execute(UnknownElement.java:292)\n\tat sun.reflect.GeneratedMethodAccessor4.invoke(Unknown Source)\n\tat sun.reflect.DelegatingMethodAccessorImpl.invoke(DelegatingMethodAccessorImpl.java:43)\n\tat java.lang.reflect.Method.invoke(Method.java:498)\n\tat org.apache.tools.ant.dispatch.DispatchUtils.execute(DispatchUtils.java:99)\n\tat org.apache.tools.ant.Task.perform(Task.java:350)\n\tat org.apache.tools.ant.Target.execute(Target.java:449)\n\tat org.apache.tools.ant.Target.performTasks(Target.java:470)\n\tat org.apache.tools.ant.Project.executeSortedTargets(Project.java:1388)\n\tat org.apache.tools.ant.Project.executeTarget(Project.java:1361)\n\tat org.apache.tools.ant.helper.DefaultExecutor.executeTargets(DefaultExecutor.java:41)\n\tat org.apache.tools.ant.Project.executeTargets(Project.java:1251)\n\tat org.apache.tools.ant.Main.runBuild(Main.java:834)\n\tat org.apache.tools.ant.Main.startAnt(Main.java:223)\n\tat org.apache.tools.ant.launch.Launcher.run(Launcher.java:284)\n\tat org.apache.tools.ant.launch.Launcher.main(Launcher.java:101)\norg.mockitousage.matchers.CapturingArgumentsTest::should_capture_byte_vararg_by_creating_captor_with_primitive\njava.lang.ClassCastException: [B cannot be cast to java.lang.Byte\n\tat org.mockitousage.matchers.CapturingArgumentsTest.should_capture_byte_vararg_by_creating_captor_with_primitive(CapturingArgumentsTest.java:235)\n\tat sun.reflect.NativeMethodAccessorImpl.invoke0(Native Method)\n\tat sun.reflect.NativeMethodAccessorImpl.invoke(NativeMethodAccessorImpl.java:62)\n\tat sun.reflect.DelegatingMethodAccessorImpl.invoke(DelegatingMethodAccessorImpl.java:43)\n\tat java.lang.reflect.Method.invoke(Method.java:498)\n\tat org.junit.runners.model.FrameworkMethod$1.runReflectiveCall(FrameworkMethod.java:47)\n\tat org.junit.internal.runners.model.ReflectiveCallable.run(ReflectiveCallable.java:12)\n\tat org.junit.runners.model.FrameworkMethod.invokeExplosively(FrameworkMethod.java:44)\n\tat org.junit.internal.runners.statements.InvokeMethod.evaluate(InvokeMethod.java:17)\n\tat org.junit.internal.runners.statements.RunBefores.evaluate(RunBefores.java:26)\n\tat org.junit.internal.runners.statements.RunAfters.evaluate(RunAfters.java:27)\n\tat org.junit.runners.ParentRunner.runLeaf(ParentRunner.java:271)\n\tat org.junit.runners.BlockJUnit4ClassRunner.runChild(BlockJUnit4ClassRunner.java:70)\n\tat org.junit.runners.BlockJUnit4ClassRunner.runChild(BlockJUnit4ClassRunner.java:50)\n\tat org.junit.runners.ParentRunner$3.run(ParentRunner.java:238)\n\tat org.junit.runners.ParentRunner$1.schedule(ParentRunner.java:63)\n\tat org.junit.runners.ParentRunner.runChildren(ParentRunner.java:236)\n\tat org.junit.runners.ParentRunner.access$000(ParentRunner.java:53)\n\tat org.junit.runners.ParentRunner$2.evaluate(ParentRunner.java:229)\n\tat org.junit.runners.ParentRunner.run(ParentRunner.java:309)\n\tat junit.framework.JUnit4TestAdapter.run(JUnit4TestAdapter.java:38)\n\tat org.apache.tools.ant.taskdefs.optional.junit.JUnitTestRunner.run(JUnitTestRunner.java:534)\n\tat org.apache.tools.ant.taskdefs.optional.junit.JUnitTask.executeInVM(JUnitTask.java:1617)\n\tat org.apache.tools.ant.taskdefs.optional.junit.JUnitTask.execute(JUnitTask.java:1039)\n\tat org.apache.tools.ant.taskdefs.optional.junit.JUnitTask.executeOrQueue(JUnitTask.java:2162)\n\tat org.apache.tools.ant.taskdefs.optional.junit.JUnitTask.execute(JUnitTask.java:853)\n\tat org.apache.tools.ant.UnknownElement.execute(UnknownElement.java:292)\n\tat sun.reflect.GeneratedMethodAccessor4.invoke(Unknown Source)\n\tat sun.reflect.DelegatingMethodAccessorImpl.invoke(DelegatingMethodAccessorImpl.java:43)\n\tat java.lang.reflect.Method.invoke(Method.java:498)\n\tat org.apache.tools.ant.dispatch.DispatchUtils.execute(DispatchUtils.java:99)\n\tat org.apache.tools.ant.Task.perform(Task.java:350)\n\tat org.apache.tools.ant.Target.execute(Target.java:449)\n\tat org.apache.tools.ant.Target.performTasks(Target.java:470)\n\tat org.apache.tools.ant.Project.executeSortedTargets(Project.java:1388)\n\tat org.apache.tools.ant.Project.executeTarget(Project.java:1361)\n\tat org.apache.tools.ant.helper.DefaultExecutor.executeTargets(DefaultExecutor.java:41)\n\tat org.apache.tools.ant.Project.executeTargets(Project.java:1251)\n\tat org.apache.tools.ant.Main.runBuild(Main.java:834)\n\tat org.apache.tools.ant.Main.startAnt(Main.java:223)\n\tat org.apache.tools.ant.launch.Launcher.run(Launcher.java:284)\n\tat org.apache.tools.ant.launch.Launcher.main(Launcher.java:101)\n\n\nThere is a bug in the above code, please help me locate it by considering the stack trace.\n\nOutput **only** the exact buggy statement, with no line numbers, explanations, or additional content. Your response should contain just the buggy code line. Do not include ```java or ``` markers in the response.\n",
        "prompt_fl_6": "\nsource code:\npublic void captureArgumentsFrom(Invocation invocation) {\n        if (invocation.getMethod().isVarArgs()) {\n            int indexOfVararg = invocation.getRawArguments().length - 1;\n            for (int position = 0; position < indexOfVararg; position++) {\n                Matcher m = matchers.get(position);\n                if (m instanceof CapturesArguments) {\n                    ((CapturesArguments) m).captureFrom(invocation.getArgumentAt(position, Object.class));\n                }\n            }\n            for (int position = indexOfVararg; position < matchers.size(); position++) {\n                Matcher m = matchers.get(position);\n                if (m instanceof CapturesArguments) {\n                    ((CapturesArguments) m).captureFrom(invocation.getRawArguments()[position - indexOfVararg]);\n                }\n            }\n        } else {\n            for (int position = 0; position < matchers.size(); position++) {\n                Matcher m = matchers.get(position);\n                if (m instanceof CapturesArguments) {\n                    ((CapturesArguments) m).captureFrom(invocation.getArgumentAt(position, Object.class));\n                }\n            }\n        }\n    }\n\nstack trace:\norg.mockito.internal.invocation.InvocationMatcherTest::should_capture_varargs_as_vararg\njunit.framework.AssertionFailedError: expected:<[['a', 'b']]> but was:<[[1]]>\n\tat sun.reflect.NativeConstructorAccessorImpl.newInstance0(Native Method)\n\tat sun.reflect.NativeConstructorAccessorImpl.newInstance(NativeConstructorAccessorImpl.java:62)\n\tat sun.reflect.DelegatingConstructorAccessorImpl.newInstance(DelegatingConstructorAccessorImpl.java:45)\n\tat java.lang.reflect.Constructor.newInstance(Constructor.java:423)\n\tat org.fest.assertions.ConstructorInvoker.newInstance(ConstructorInvoker.java:34)\n\tat org.fest.assertions.ComparisonFailureFactory.newComparisonFailure(ComparisonFailureFactory.java:60)\n\tat org.fest.assertions.ComparisonFailureFactory.comparisonFailure(ComparisonFailureFactory.java:46)\n\tat org.fest.assertions.Fail.comparisonFailed(Fail.java:83)\n\tat org.fest.assertions.Fail.failIfNotEqual(Fail.java:71)\n\tat org.fest.assertions.GenericAssert.assertEqualTo(GenericAssert.java:271)\n\tat org.fest.assertions.ListAssert.isEqualTo(ListAssert.java:360)\n\tat org.fest.assertions.ListAssert.containsExactly(ListAssert.java:350)\n\tat org.mockito.internal.invocation.InvocationMatcherTest.should_capture_varargs_as_vararg(InvocationMatcherTest.java:154)\n\tat sun.reflect.NativeMethodAccessorImpl.invoke0(Native Method)\n\tat sun.reflect.NativeMethodAccessorImpl.invoke(NativeMethodAccessorImpl.java:62)\n\tat sun.reflect.DelegatingMethodAccessorImpl.invoke(DelegatingMethodAccessorImpl.java:43)\n\tat java.lang.reflect.Method.invoke(Method.java:498)\n\tat org.junit.runners.model.FrameworkMethod$1.runReflectiveCall(FrameworkMethod.java:47)\n\tat org.junit.internal.runners.model.ReflectiveCallable.run(ReflectiveCallable.java:12)\n\tat org.junit.runners.model.FrameworkMethod.invokeExplosively(FrameworkMethod.java:44)\n\tat org.junit.internal.runners.statements.InvokeMethod.evaluate(InvokeMethod.java:17)\n\tat org.junit.internal.runners.statements.RunBefores.evaluate(RunBefores.java:26)\n\tat org.junit.internal.runners.statements.RunAfters.evaluate(RunAfters.java:27)\n\tat org.junit.runners.ParentRunner.runLeaf(ParentRunner.java:271)\n\tat org.junit.runners.BlockJUnit4ClassRunner.runChild(BlockJUnit4ClassRunner.java:70)\n\tat org.junit.runners.BlockJUnit4ClassRunner.runChild(BlockJUnit4ClassRunner.java:50)\n\tat org.junit.runners.ParentRunner$3.run(ParentRunner.java:238)\n\tat org.junit.runners.ParentRunner$1.schedule(ParentRunner.java:63)\n\tat org.junit.runners.ParentRunner.runChildren(ParentRunner.java:236)\n\tat org.junit.runners.ParentRunner.access$000(ParentRunner.java:53)\n\tat org.junit.runners.ParentRunner$2.evaluate(ParentRunner.java:229)\n\tat org.junit.runners.ParentRunner.run(ParentRunner.java:309)\n\tat junit.framework.JUnit4TestAdapter.run(JUnit4TestAdapter.java:38)\n\tat org.apache.tools.ant.taskdefs.optional.junit.JUnitTestRunner.run(JUnitTestRunner.java:534)\n\tat org.apache.tools.ant.taskdefs.optional.junit.JUnitTask.executeInVM(JUnitTask.java:1617)\n\tat org.apache.tools.ant.taskdefs.optional.junit.JUnitTask.execute(JUnitTask.java:1039)\n\tat org.apache.tools.ant.taskdefs.optional.junit.JUnitTask.executeOrQueue(JUnitTask.java:2162)\n\tat org.apache.tools.ant.taskdefs.optional.junit.JUnitTask.execute(JUnitTask.java:853)\n\tat org.apache.tools.ant.UnknownElement.execute(UnknownElement.java:292)\n\tat sun.reflect.GeneratedMethodAccessor4.invoke(Unknown Source)\n\tat sun.reflect.DelegatingMethodAccessorImpl.invoke(DelegatingMethodAccessorImpl.java:43)\n\tat java.lang.reflect.Method.invoke(Method.java:498)\n\tat org.apache.tools.ant.dispatch.DispatchUtils.execute(DispatchUtils.java:99)\n\tat org.apache.tools.ant.Task.perform(Task.java:350)\n\tat org.apache.tools.ant.Target.execute(Target.java:449)\n\tat org.apache.tools.ant.Target.performTasks(Target.java:470)\n\tat org.apache.tools.ant.Project.executeSortedTargets(Project.java:1388)\n\tat org.apache.tools.ant.Project.executeTarget(Project.java:1361)\n\tat org.apache.tools.ant.helper.DefaultExecutor.executeTargets(DefaultExecutor.java:41)\n\tat org.apache.tools.ant.Project.executeTargets(Project.java:1251)\n\tat org.apache.tools.ant.Main.runBuild(Main.java:834)\n\tat org.apache.tools.ant.Main.startAnt(Main.java:223)\n\tat org.apache.tools.ant.launch.Launcher.run(Launcher.java:284)\n\tat org.apache.tools.ant.launch.Launcher.main(Launcher.java:101)\norg.mockitousage.bugs.varargs.VarargsAndAnyObjectPicksUpExtraInvocationsTest::shouldVerifyCorrectlyNumberOfInvocationsWithVarargs\njava.lang.ArrayIndexOutOfBoundsException: 2\n\tat org.mockito.internal.invocation.InvocationMatcher.captureArgumentsFrom(InvocationMatcher.java:130)\n\tat org.mockito.internal.invocation.InvocationMarker.markVerified(InvocationMarker.java:22)\n\tat org.mockito.internal.invocation.InvocationMarker.markVerified(InvocationMarker.java:16)\n\tat org.mockito.internal.verification.checkers.NumberOfInvocationsChecker.check(NumberOfInvocationsChecker.java:48)\n\tat org.mockito.internal.verification.Times.verify(Times.java:39)\n\tat org.mockito.internal.verification.MockAwareVerificationMode.verify(MockAwareVerificationMode.java:21)\n\tat org.mockito.internal.handler.MockHandlerImpl.handle(MockHandlerImpl.java:76)\n\tat org.mockito.internal.handler.NullResultGuardian.handle(NullResultGuardian.java:29)\n\tat org.mockito.internal.handler.InvocationNotifierHandler.handle(InvocationNotifierHandler.java:37)\n\tat org.mockito.internal.creation.bytebuddy.MockMethodInterceptor.doIntercept(MockMethodInterceptor.java:82)\n\tat org.mockito.internal.creation.bytebuddy.MockMethodInterceptor.interceptAbstract(MockMethodInterceptor.java:70)\n\tat org.mockitousage.bugs.varargs.VarargsAndAnyObjectPicksUpExtraInvocationsTest$TableBuilder$MockitoMock$1005420061.newRow(Unknown Source)\n\tat org.mockitousage.bugs.varargs.VarargsAndAnyObjectPicksUpExtraInvocationsTest.shouldVerifyCorrectlyNumberOfInvocationsWithVarargs(VarargsAndAnyObjectPicksUpExtraInvocationsTest.java:50)\n\tat sun.reflect.NativeMethodAccessorImpl.invoke0(Native Method)\n\tat sun.reflect.NativeMethodAccessorImpl.invoke(NativeMethodAccessorImpl.java:62)\n\tat sun.reflect.DelegatingMethodAccessorImpl.invoke(DelegatingMethodAccessorImpl.java:43)\n\tat java.lang.reflect.Method.invoke(Method.java:498)\n\tat org.junit.runners.model.FrameworkMethod$1.runReflectiveCall(FrameworkMethod.java:47)\n\tat org.junit.internal.runners.model.ReflectiveCallable.run(ReflectiveCallable.java:12)\n\tat org.junit.runners.model.FrameworkMethod.invokeExplosively(FrameworkMethod.java:44)\n\tat org.junit.internal.runners.statements.InvokeMethod.evaluate(InvokeMethod.java:17)\n\tat org.junit.internal.runners.statements.RunBefores.evaluate(RunBefores.java:26)\n\tat org.junit.internal.runners.statements.RunAfters.evaluate(RunAfters.java:27)\n\tat org.junit.runners.ParentRunner.runLeaf(ParentRunner.java:271)\n\tat org.junit.runners.BlockJUnit4ClassRunner.runChild(BlockJUnit4ClassRunner.java:70)\n\tat org.junit.runners.BlockJUnit4ClassRunner.runChild(BlockJUnit4ClassRunner.java:50)\n\tat org.junit.runners.ParentRunner$3.run(ParentRunner.java:238)\n\tat org.junit.runners.ParentRunner$1.schedule(ParentRunner.java:63)\n\tat org.junit.runners.ParentRunner.runChildren(ParentRunner.java:236)\n\tat org.junit.runners.ParentRunner.access$000(ParentRunner.java:53)\n\tat org.junit.runners.ParentRunner$2.evaluate(ParentRunner.java:229)\n\tat org.junit.runners.ParentRunner.run(ParentRunner.java:309)\n\tat junit.framework.JUnit4TestAdapter.run(JUnit4TestAdapter.java:38)\n\tat org.apache.tools.ant.taskdefs.optional.junit.JUnitTestRunner.run(JUnitTestRunner.java:534)\n\tat org.apache.tools.ant.taskdefs.optional.junit.JUnitTask.executeInVM(JUnitTask.java:1617)\n\tat org.apache.tools.ant.taskdefs.optional.junit.JUnitTask.execute(JUnitTask.java:1039)\n\tat org.apache.tools.ant.taskdefs.optional.junit.JUnitTask.executeOrQueue(JUnitTask.java:2162)\n\tat org.apache.tools.ant.taskdefs.optional.junit.JUnitTask.execute(JUnitTask.java:853)\n\tat org.apache.tools.ant.UnknownElement.execute(UnknownElement.java:292)\n\tat sun.reflect.GeneratedMethodAccessor4.invoke(Unknown Source)\n\tat sun.reflect.DelegatingMethodAccessorImpl.invoke(DelegatingMethodAccessorImpl.java:43)\n\tat java.lang.reflect.Method.invoke(Method.java:498)\n\tat org.apache.tools.ant.dispatch.DispatchUtils.execute(DispatchUtils.java:99)\n\tat org.apache.tools.ant.Task.perform(Task.java:350)\n\tat org.apache.tools.ant.Target.execute(Target.java:449)\n\tat org.apache.tools.ant.Target.performTasks(Target.java:470)\n\tat org.apache.tools.ant.Project.executeSortedTargets(Project.java:1388)\n\tat org.apache.tools.ant.Project.executeTarget(Project.java:1361)\n\tat org.apache.tools.ant.helper.DefaultExecutor.executeTargets(DefaultExecutor.java:41)\n\tat org.apache.tools.ant.Project.executeTargets(Project.java:1251)\n\tat org.apache.tools.ant.Main.runBuild(Main.java:834)\n\tat org.apache.tools.ant.Main.startAnt(Main.java:223)\n\tat org.apache.tools.ant.launch.Launcher.run(Launcher.java:284)\n\tat org.apache.tools.ant.launch.Launcher.main(Launcher.java:101)\norg.mockitousage.bugs.varargs.VarargsNotPlayingWithAnyObjectTest::shouldMatchAnyVararg\njava.lang.ArrayIndexOutOfBoundsException: 1\n\tat org.mockito.internal.invocation.InvocationMatcher.captureArgumentsFrom(InvocationMatcher.java:130)\n\tat org.mockito.internal.invocation.InvocationMarker.markVerified(InvocationMarker.java:22)\n\tat org.mockito.internal.invocation.InvocationMarker.markVerified(InvocationMarker.java:16)\n\tat org.mockito.internal.verification.checkers.NumberOfInvocationsChecker.check(NumberOfInvocationsChecker.java:48)\n\tat org.mockito.internal.verification.Times.verify(Times.java:39)\n\tat org.mockito.internal.verification.MockAwareVerificationMode.verify(MockAwareVerificationMode.java:21)\n\tat org.mockito.internal.handler.MockHandlerImpl.handle(MockHandlerImpl.java:76)\n\tat org.mockito.internal.handler.NullResultGuardian.handle(NullResultGuardian.java:29)\n\tat org.mockito.internal.handler.InvocationNotifierHandler.handle(InvocationNotifierHandler.java:37)\n\tat org.mockito.internal.creation.bytebuddy.MockMethodInterceptor.doIntercept(MockMethodInterceptor.java:82)\n\tat org.mockito.internal.creation.bytebuddy.MockMethodInterceptor.interceptAbstract(MockMethodInterceptor.java:70)\n\tat org.mockitousage.bugs.varargs.VarargsNotPlayingWithAnyObjectTest$VarargMethod$MockitoMock$226143732.run(Unknown Source)\n\tat org.mockitousage.bugs.varargs.VarargsNotPlayingWithAnyObjectTest.shouldMatchAnyVararg(VarargsNotPlayingWithAnyObjectTest.java:28)\n\tat sun.reflect.NativeMethodAccessorImpl.invoke0(Native Method)\n\tat sun.reflect.NativeMethodAccessorImpl.invoke(NativeMethodAccessorImpl.java:62)\n\tat sun.reflect.DelegatingMethodAccessorImpl.invoke(DelegatingMethodAccessorImpl.java:43)\n\tat java.lang.reflect.Method.invoke(Method.java:498)\n\tat org.junit.runners.model.FrameworkMethod$1.runReflectiveCall(FrameworkMethod.java:47)\n\tat org.junit.internal.runners.model.ReflectiveCallable.run(ReflectiveCallable.java:12)\n\tat org.junit.runners.model.FrameworkMethod.invokeExplosively(FrameworkMethod.java:44)\n\tat org.junit.internal.runners.statements.InvokeMethod.evaluate(InvokeMethod.java:17)\n\tat org.junit.internal.runners.statements.RunBefores.evaluate(RunBefores.java:26)\n\tat org.junit.internal.runners.statements.RunAfters.evaluate(RunAfters.java:27)\n\tat org.junit.runners.ParentRunner.runLeaf(ParentRunner.java:271)\n\tat org.junit.runners.BlockJUnit4ClassRunner.runChild(BlockJUnit4ClassRunner.java:70)\n\tat org.junit.runners.BlockJUnit4ClassRunner.runChild(BlockJUnit4ClassRunner.java:50)\n\tat org.junit.runners.ParentRunner$3.run(ParentRunner.java:238)\n\tat org.junit.runners.ParentRunner$1.schedule(ParentRunner.java:63)\n\tat org.junit.runners.ParentRunner.runChildren(ParentRunner.java:236)\n\tat org.junit.runners.ParentRunner.access$000(ParentRunner.java:53)\n\tat org.junit.runners.ParentRunner$2.evaluate(ParentRunner.java:229)\n\tat org.junit.runners.ParentRunner.run(ParentRunner.java:309)\n\tat junit.framework.JUnit4TestAdapter.run(JUnit4TestAdapter.java:38)\n\tat org.apache.tools.ant.taskdefs.optional.junit.JUnitTestRunner.run(JUnitTestRunner.java:534)\n\tat org.apache.tools.ant.taskdefs.optional.junit.JUnitTask.executeInVM(JUnitTask.java:1617)\n\tat org.apache.tools.ant.taskdefs.optional.junit.JUnitTask.execute(JUnitTask.java:1039)\n\tat org.apache.tools.ant.taskdefs.optional.junit.JUnitTask.executeOrQueue(JUnitTask.java:2162)\n\tat org.apache.tools.ant.taskdefs.optional.junit.JUnitTask.execute(JUnitTask.java:853)\n\tat org.apache.tools.ant.UnknownElement.execute(UnknownElement.java:292)\n\tat sun.reflect.GeneratedMethodAccessor4.invoke(Unknown Source)\n\tat sun.reflect.DelegatingMethodAccessorImpl.invoke(DelegatingMethodAccessorImpl.java:43)\n\tat java.lang.reflect.Method.invoke(Method.java:498)\n\tat org.apache.tools.ant.dispatch.DispatchUtils.execute(DispatchUtils.java:99)\n\tat org.apache.tools.ant.Task.perform(Task.java:350)\n\tat org.apache.tools.ant.Target.execute(Target.java:449)\n\tat org.apache.tools.ant.Target.performTasks(Target.java:470)\n\tat org.apache.tools.ant.Project.executeSortedTargets(Project.java:1388)\n\tat org.apache.tools.ant.Project.executeTarget(Project.java:1361)\n\tat org.apache.tools.ant.helper.DefaultExecutor.executeTargets(DefaultExecutor.java:41)\n\tat org.apache.tools.ant.Project.executeTargets(Project.java:1251)\n\tat org.apache.tools.ant.Main.runBuild(Main.java:834)\n\tat org.apache.tools.ant.Main.startAnt(Main.java:223)\n\tat org.apache.tools.ant.launch.Launcher.run(Launcher.java:284)\n\tat org.apache.tools.ant.launch.Launcher.main(Launcher.java:101)\norg.mockitousage.matchers.CapturingArgumentsTest::should_capture_all_vararg\njunit.framework.AssertionFailedError: expected:<[['a', 'b', 'c', 'again ?!']]> but was:<[[42, 42]]>\n\tat sun.reflect.NativeConstructorAccessorImpl.newInstance0(Native Method)\n\tat sun.reflect.NativeConstructorAccessorImpl.newInstance(NativeConstructorAccessorImpl.java:62)\n\tat sun.reflect.DelegatingConstructorAccessorImpl.newInstance(DelegatingConstructorAccessorImpl.java:45)\n\tat java.lang.reflect.Constructor.newInstance(Constructor.java:423)\n\tat org.fest.assertions.ConstructorInvoker.newInstance(ConstructorInvoker.java:34)\n\tat org.fest.assertions.ComparisonFailureFactory.newComparisonFailure(ComparisonFailureFactory.java:60)\n\tat org.fest.assertions.ComparisonFailureFactory.comparisonFailure(ComparisonFailureFactory.java:46)\n\tat org.fest.assertions.Fail.comparisonFailed(Fail.java:83)\n\tat org.fest.assertions.Fail.failIfNotEqual(Fail.java:71)\n\tat org.fest.assertions.GenericAssert.assertEqualTo(GenericAssert.java:271)\n\tat org.fest.assertions.ListAssert.isEqualTo(ListAssert.java:360)\n\tat org.fest.assertions.ListAssert.containsExactly(ListAssert.java:350)\n\tat org.mockitousage.matchers.CapturingArgumentsTest.should_capture_all_vararg(CapturingArgumentsTest.java:278)\n\tat sun.reflect.NativeMethodAccessorImpl.invoke0(Native Method)\n\tat sun.reflect.NativeMethodAccessorImpl.invoke(NativeMethodAccessorImpl.java:62)\n\tat sun.reflect.DelegatingMethodAccessorImpl.invoke(DelegatingMethodAccessorImpl.java:43)\n\tat java.lang.reflect.Method.invoke(Method.java:498)\n\tat org.junit.runners.model.FrameworkMethod$1.runReflectiveCall(FrameworkMethod.java:47)\n\tat org.junit.internal.runners.model.ReflectiveCallable.run(ReflectiveCallable.java:12)\n\tat org.junit.runners.model.FrameworkMethod.invokeExplosively(FrameworkMethod.java:44)\n\tat org.junit.internal.runners.statements.InvokeMethod.evaluate(InvokeMethod.java:17)\n\tat org.junit.internal.runners.statements.RunBefores.evaluate(RunBefores.java:26)\n\tat org.junit.internal.runners.statements.RunAfters.evaluate(RunAfters.java:27)\n\tat org.junit.runners.ParentRunner.runLeaf(ParentRunner.java:271)\n\tat org.junit.runners.BlockJUnit4ClassRunner.runChild(BlockJUnit4ClassRunner.java:70)\n\tat org.junit.runners.BlockJUnit4ClassRunner.runChild(BlockJUnit4ClassRunner.java:50)\n\tat org.junit.runners.ParentRunner$3.run(ParentRunner.java:238)\n\tat org.junit.runners.ParentRunner$1.schedule(ParentRunner.java:63)\n\tat org.junit.runners.ParentRunner.runChildren(ParentRunner.java:236)\n\tat org.junit.runners.ParentRunner.access$000(ParentRunner.java:53)\n\tat org.junit.runners.ParentRunner$2.evaluate(ParentRunner.java:229)\n\tat org.junit.runners.ParentRunner.run(ParentRunner.java:309)\n\tat junit.framework.JUnit4TestAdapter.run(JUnit4TestAdapter.java:38)\n\tat org.apache.tools.ant.taskdefs.optional.junit.JUnitTestRunner.run(JUnitTestRunner.java:534)\n\tat org.apache.tools.ant.taskdefs.optional.junit.JUnitTask.executeInVM(JUnitTask.java:1617)\n\tat org.apache.tools.ant.taskdefs.optional.junit.JUnitTask.execute(JUnitTask.java:1039)\n\tat org.apache.tools.ant.taskdefs.optional.junit.JUnitTask.executeOrQueue(JUnitTask.java:2162)\n\tat org.apache.tools.ant.taskdefs.optional.junit.JUnitTask.execute(JUnitTask.java:853)\n\tat org.apache.tools.ant.UnknownElement.execute(UnknownElement.java:292)\n\tat sun.reflect.GeneratedMethodAccessor4.invoke(Unknown Source)\n\tat sun.reflect.DelegatingMethodAccessorImpl.invoke(DelegatingMethodAccessorImpl.java:43)\n\tat java.lang.reflect.Method.invoke(Method.java:498)\n\tat org.apache.tools.ant.dispatch.DispatchUtils.execute(DispatchUtils.java:99)\n\tat org.apache.tools.ant.Task.perform(Task.java:350)\n\tat org.apache.tools.ant.Target.execute(Target.java:449)\n\tat org.apache.tools.ant.Target.performTasks(Target.java:470)\n\tat org.apache.tools.ant.Project.executeSortedTargets(Project.java:1388)\n\tat org.apache.tools.ant.Project.executeTarget(Project.java:1361)\n\tat org.apache.tools.ant.helper.DefaultExecutor.executeTargets(DefaultExecutor.java:41)\n\tat org.apache.tools.ant.Project.executeTargets(Project.java:1251)\n\tat org.apache.tools.ant.Main.runBuild(Main.java:834)\n\tat org.apache.tools.ant.Main.startAnt(Main.java:223)\n\tat org.apache.tools.ant.launch.Launcher.run(Launcher.java:284)\n\tat org.apache.tools.ant.launch.Launcher.main(Launcher.java:101)\norg.mockitousage.matchers.CapturingArgumentsTest::captures_correctly_when_captor_used_multiple_times\njava.lang.ArrayIndexOutOfBoundsException: 2\n\tat org.mockito.internal.invocation.InvocationMatcher.captureArgumentsFrom(InvocationMatcher.java:130)\n\tat org.mockito.internal.invocation.InvocationMarker.markVerified(InvocationMarker.java:22)\n\tat org.mockito.internal.invocation.InvocationMarker.markVerified(InvocationMarker.java:16)\n\tat org.mockito.internal.verification.checkers.NumberOfInvocationsChecker.check(NumberOfInvocationsChecker.java:48)\n\tat org.mockito.internal.verification.Times.verify(Times.java:39)\n\tat org.mockito.internal.verification.MockAwareVerificationMode.verify(MockAwareVerificationMode.java:21)\n\tat org.mockito.internal.handler.MockHandlerImpl.handle(MockHandlerImpl.java:76)\n\tat org.mockito.internal.handler.NullResultGuardian.handle(NullResultGuardian.java:29)\n\tat org.mockito.internal.handler.InvocationNotifierHandler.handle(InvocationNotifierHandler.java:37)\n\tat org.mockito.internal.creation.bytebuddy.MockMethodInterceptor.doIntercept(MockMethodInterceptor.java:82)\n\tat org.mockito.internal.creation.bytebuddy.MockMethodInterceptor.interceptAbstract(MockMethodInterceptor.java:70)\n\tat org.mockitousage.IMethods$MockitoMock$263271281.mixedVarargs(Unknown Source)\n\tat org.mockitousage.matchers.CapturingArgumentsTest.captures_correctly_when_captor_used_multiple_times(CapturingArgumentsTest.java:304)\n\tat sun.reflect.NativeMethodAccessorImpl.invoke0(Native Method)\n\tat sun.reflect.NativeMethodAccessorImpl.invoke(NativeMethodAccessorImpl.java:62)\n\tat sun.reflect.DelegatingMethodAccessorImpl.invoke(DelegatingMethodAccessorImpl.java:43)\n\tat java.lang.reflect.Method.invoke(Method.java:498)\n\tat org.junit.runners.model.FrameworkMethod$1.runReflectiveCall(FrameworkMethod.java:47)\n\tat org.junit.internal.runners.model.ReflectiveCallable.run(ReflectiveCallable.java:12)\n\tat org.junit.runners.model.FrameworkMethod.invokeExplosively(FrameworkMethod.java:44)\n\tat org.junit.internal.runners.statements.InvokeMethod.evaluate(InvokeMethod.java:17)\n\tat org.junit.internal.runners.statements.RunBefores.evaluate(RunBefores.java:26)\n\tat org.junit.internal.runners.statements.RunAfters.evaluate(RunAfters.java:27)\n\tat org.junit.runners.ParentRunner.runLeaf(ParentRunner.java:271)\n\tat org.junit.runners.BlockJUnit4ClassRunner.runChild(BlockJUnit4ClassRunner.java:70)\n\tat org.junit.runners.BlockJUnit4ClassRunner.runChild(BlockJUnit4ClassRunner.java:50)\n\tat org.junit.runners.ParentRunner$3.run(ParentRunner.java:238)\n\tat org.junit.runners.ParentRunner$1.schedule(ParentRunner.java:63)\n\tat org.junit.runners.ParentRunner.runChildren(ParentRunner.java:236)\n\tat org.junit.runners.ParentRunner.access$000(ParentRunner.java:53)\n\tat org.junit.runners.ParentRunner$2.evaluate(ParentRunner.java:229)\n\tat org.junit.runners.ParentRunner.run(ParentRunner.java:309)\n\tat junit.framework.JUnit4TestAdapter.run(JUnit4TestAdapter.java:38)\n\tat org.apache.tools.ant.taskdefs.optional.junit.JUnitTestRunner.run(JUnitTestRunner.java:534)\n\tat org.apache.tools.ant.taskdefs.optional.junit.JUnitTask.executeInVM(JUnitTask.java:1617)\n\tat org.apache.tools.ant.taskdefs.optional.junit.JUnitTask.execute(JUnitTask.java:1039)\n\tat org.apache.tools.ant.taskdefs.optional.junit.JUnitTask.executeOrQueue(JUnitTask.java:2162)\n\tat org.apache.tools.ant.taskdefs.optional.junit.JUnitTask.execute(JUnitTask.java:853)\n\tat org.apache.tools.ant.UnknownElement.execute(UnknownElement.java:292)\n\tat sun.reflect.GeneratedMethodAccessor4.invoke(Unknown Source)\n\tat sun.reflect.DelegatingMethodAccessorImpl.invoke(DelegatingMethodAccessorImpl.java:43)\n\tat java.lang.reflect.Method.invoke(Method.java:498)\n\tat org.apache.tools.ant.dispatch.DispatchUtils.execute(DispatchUtils.java:99)\n\tat org.apache.tools.ant.Task.perform(Task.java:350)\n\tat org.apache.tools.ant.Target.execute(Target.java:449)\n\tat org.apache.tools.ant.Target.performTasks(Target.java:470)\n\tat org.apache.tools.ant.Project.executeSortedTargets(Project.java:1388)\n\tat org.apache.tools.ant.Project.executeTarget(Project.java:1361)\n\tat org.apache.tools.ant.helper.DefaultExecutor.executeTargets(DefaultExecutor.java:41)\n\tat org.apache.tools.ant.Project.executeTargets(Project.java:1251)\n\tat org.apache.tools.ant.Main.runBuild(Main.java:834)\n\tat org.apache.tools.ant.Main.startAnt(Main.java:223)\n\tat org.apache.tools.ant.launch.Launcher.run(Launcher.java:284)\n\tat org.apache.tools.ant.launch.Launcher.main(Launcher.java:101)\norg.mockitousage.matchers.CapturingArgumentsTest::should_capture_vararg\njunit.framework.AssertionFailedError: expected:<[['a', 'b', 'c']]> but was:<[[42]]>\n\tat sun.reflect.NativeConstructorAccessorImpl.newInstance0(Native Method)\n\tat sun.reflect.NativeConstructorAccessorImpl.newInstance(NativeConstructorAccessorImpl.java:62)\n\tat sun.reflect.DelegatingConstructorAccessorImpl.newInstance(DelegatingConstructorAccessorImpl.java:45)\n\tat java.lang.reflect.Constructor.newInstance(Constructor.java:423)\n\tat org.fest.assertions.ConstructorInvoker.newInstance(ConstructorInvoker.java:34)\n\tat org.fest.assertions.ComparisonFailureFactory.newComparisonFailure(ComparisonFailureFactory.java:60)\n\tat org.fest.assertions.ComparisonFailureFactory.comparisonFailure(ComparisonFailureFactory.java:46)\n\tat org.fest.assertions.Fail.comparisonFailed(Fail.java:83)\n\tat org.fest.assertions.Fail.failIfNotEqual(Fail.java:71)\n\tat org.fest.assertions.GenericAssert.assertEqualTo(GenericAssert.java:271)\n\tat org.fest.assertions.ListAssert.isEqualTo(ListAssert.java:360)\n\tat org.fest.assertions.ListAssert.containsExactly(ListAssert.java:350)\n\tat org.mockitousage.matchers.CapturingArgumentsTest.should_capture_vararg(CapturingArgumentsTest.java:263)\n\tat sun.reflect.NativeMethodAccessorImpl.invoke0(Native Method)\n\tat sun.reflect.NativeMethodAccessorImpl.invoke(NativeMethodAccessorImpl.java:62)\n\tat sun.reflect.DelegatingMethodAccessorImpl.invoke(DelegatingMethodAccessorImpl.java:43)\n\tat java.lang.reflect.Method.invoke(Method.java:498)\n\tat org.junit.runners.model.FrameworkMethod$1.runReflectiveCall(FrameworkMethod.java:47)\n\tat org.junit.internal.runners.model.ReflectiveCallable.run(ReflectiveCallable.java:12)\n\tat org.junit.runners.model.FrameworkMethod.invokeExplosively(FrameworkMethod.java:44)\n\tat org.junit.internal.runners.statements.InvokeMethod.evaluate(InvokeMethod.java:17)\n\tat org.junit.internal.runners.statements.RunBefores.evaluate(RunBefores.java:26)\n\tat org.junit.internal.runners.statements.RunAfters.evaluate(RunAfters.java:27)\n\tat org.junit.runners.ParentRunner.runLeaf(ParentRunner.java:271)\n\tat org.junit.runners.BlockJUnit4ClassRunner.runChild(BlockJUnit4ClassRunner.java:70)\n\tat org.junit.runners.BlockJUnit4ClassRunner.runChild(BlockJUnit4ClassRunner.java:50)\n\tat org.junit.runners.ParentRunner$3.run(ParentRunner.java:238)\n\tat org.junit.runners.ParentRunner$1.schedule(ParentRunner.java:63)\n\tat org.junit.runners.ParentRunner.runChildren(ParentRunner.java:236)\n\tat org.junit.runners.ParentRunner.access$000(ParentRunner.java:53)\n\tat org.junit.runners.ParentRunner$2.evaluate(ParentRunner.java:229)\n\tat org.junit.runners.ParentRunner.run(ParentRunner.java:309)\n\tat junit.framework.JUnit4TestAdapter.run(JUnit4TestAdapter.java:38)\n\tat org.apache.tools.ant.taskdefs.optional.junit.JUnitTestRunner.run(JUnitTestRunner.java:534)\n\tat org.apache.tools.ant.taskdefs.optional.junit.JUnitTask.executeInVM(JUnitTask.java:1617)\n\tat org.apache.tools.ant.taskdefs.optional.junit.JUnitTask.execute(JUnitTask.java:1039)\n\tat org.apache.tools.ant.taskdefs.optional.junit.JUnitTask.executeOrQueue(JUnitTask.java:2162)\n\tat org.apache.tools.ant.taskdefs.optional.junit.JUnitTask.execute(JUnitTask.java:853)\n\tat org.apache.tools.ant.UnknownElement.execute(UnknownElement.java:292)\n\tat sun.reflect.GeneratedMethodAccessor4.invoke(Unknown Source)\n\tat sun.reflect.DelegatingMethodAccessorImpl.invoke(DelegatingMethodAccessorImpl.java:43)\n\tat java.lang.reflect.Method.invoke(Method.java:498)\n\tat org.apache.tools.ant.dispatch.DispatchUtils.execute(DispatchUtils.java:99)\n\tat org.apache.tools.ant.Task.perform(Task.java:350)\n\tat org.apache.tools.ant.Target.execute(Target.java:449)\n\tat org.apache.tools.ant.Target.performTasks(Target.java:470)\n\tat org.apache.tools.ant.Project.executeSortedTargets(Project.java:1388)\n\tat org.apache.tools.ant.Project.executeTarget(Project.java:1361)\n\tat org.apache.tools.ant.helper.DefaultExecutor.executeTargets(DefaultExecutor.java:41)\n\tat org.apache.tools.ant.Project.executeTargets(Project.java:1251)\n\tat org.apache.tools.ant.Main.runBuild(Main.java:834)\n\tat org.apache.tools.ant.Main.startAnt(Main.java:223)\n\tat org.apache.tools.ant.launch.Launcher.run(Launcher.java:284)\n\tat org.apache.tools.ant.launch.Launcher.main(Launcher.java:101)\norg.mockitousage.matchers.CapturingArgumentsTest::captures_correctly_when_captor_used_on_pure_vararg_method\njava.lang.ArrayIndexOutOfBoundsException: 1\n\tat org.mockito.internal.invocation.InvocationMatcher.captureArgumentsFrom(InvocationMatcher.java:130)\n\tat org.mockito.internal.invocation.InvocationMarker.markVerified(InvocationMarker.java:22)\n\tat org.mockito.internal.invocation.InvocationMarker.markVerified(InvocationMarker.java:16)\n\tat org.mockito.internal.verification.checkers.NumberOfInvocationsChecker.check(NumberOfInvocationsChecker.java:48)\n\tat org.mockito.internal.verification.Times.verify(Times.java:39)\n\tat org.mockito.internal.verification.MockAwareVerificationMode.verify(MockAwareVerificationMode.java:21)\n\tat org.mockito.internal.handler.MockHandlerImpl.handle(MockHandlerImpl.java:76)\n\tat org.mockito.internal.handler.NullResultGuardian.handle(NullResultGuardian.java:29)\n\tat org.mockito.internal.handler.InvocationNotifierHandler.handle(InvocationNotifierHandler.java:37)\n\tat org.mockito.internal.creation.bytebuddy.MockMethodInterceptor.doIntercept(MockMethodInterceptor.java:82)\n\tat org.mockito.internal.creation.bytebuddy.MockMethodInterceptor.interceptAbstract(MockMethodInterceptor.java:70)\n\tat org.mockitousage.IMethods$MockitoMock$263271281.varargs(Unknown Source)\n\tat org.mockitousage.matchers.CapturingArgumentsTest.captures_correctly_when_captor_used_on_pure_vararg_method(CapturingArgumentsTest.java:317)\n\tat sun.reflect.NativeMethodAccessorImpl.invoke0(Native Method)\n\tat sun.reflect.NativeMethodAccessorImpl.invoke(NativeMethodAccessorImpl.java:62)\n\tat sun.reflect.DelegatingMethodAccessorImpl.invoke(DelegatingMethodAccessorImpl.java:43)\n\tat java.lang.reflect.Method.invoke(Method.java:498)\n\tat org.junit.runners.model.FrameworkMethod$1.runReflectiveCall(FrameworkMethod.java:47)\n\tat org.junit.internal.runners.model.ReflectiveCallable.run(ReflectiveCallable.java:12)\n\tat org.junit.runners.model.FrameworkMethod.invokeExplosively(FrameworkMethod.java:44)\n\tat org.junit.internal.runners.statements.InvokeMethod.evaluate(InvokeMethod.java:17)\n\tat org.junit.internal.runners.statements.RunBefores.evaluate(RunBefores.java:26)\n\tat org.junit.internal.runners.statements.RunAfters.evaluate(RunAfters.java:27)\n\tat org.junit.runners.ParentRunner.runLeaf(ParentRunner.java:271)\n\tat org.junit.runners.BlockJUnit4ClassRunner.runChild(BlockJUnit4ClassRunner.java:70)\n\tat org.junit.runners.BlockJUnit4ClassRunner.runChild(BlockJUnit4ClassRunner.java:50)\n\tat org.junit.runners.ParentRunner$3.run(ParentRunner.java:238)\n\tat org.junit.runners.ParentRunner$1.schedule(ParentRunner.java:63)\n\tat org.junit.runners.ParentRunner.runChildren(ParentRunner.java:236)\n\tat org.junit.runners.ParentRunner.access$000(ParentRunner.java:53)\n\tat org.junit.runners.ParentRunner$2.evaluate(ParentRunner.java:229)\n\tat org.junit.runners.ParentRunner.run(ParentRunner.java:309)\n\tat junit.framework.JUnit4TestAdapter.run(JUnit4TestAdapter.java:38)\n\tat org.apache.tools.ant.taskdefs.optional.junit.JUnitTestRunner.run(JUnitTestRunner.java:534)\n\tat org.apache.tools.ant.taskdefs.optional.junit.JUnitTask.executeInVM(JUnitTask.java:1617)\n\tat org.apache.tools.ant.taskdefs.optional.junit.JUnitTask.execute(JUnitTask.java:1039)\n\tat org.apache.tools.ant.taskdefs.optional.junit.JUnitTask.executeOrQueue(JUnitTask.java:2162)\n\tat org.apache.tools.ant.taskdefs.optional.junit.JUnitTask.execute(JUnitTask.java:853)\n\tat org.apache.tools.ant.UnknownElement.execute(UnknownElement.java:292)\n\tat sun.reflect.GeneratedMethodAccessor4.invoke(Unknown Source)\n\tat sun.reflect.DelegatingMethodAccessorImpl.invoke(DelegatingMethodAccessorImpl.java:43)\n\tat java.lang.reflect.Method.invoke(Method.java:498)\n\tat org.apache.tools.ant.dispatch.DispatchUtils.execute(DispatchUtils.java:99)\n\tat org.apache.tools.ant.Task.perform(Task.java:350)\n\tat org.apache.tools.ant.Target.execute(Target.java:449)\n\tat org.apache.tools.ant.Target.performTasks(Target.java:470)\n\tat org.apache.tools.ant.Project.executeSortedTargets(Project.java:1388)\n\tat org.apache.tools.ant.Project.executeTarget(Project.java:1361)\n\tat org.apache.tools.ant.helper.DefaultExecutor.executeTargets(DefaultExecutor.java:41)\n\tat org.apache.tools.ant.Project.executeTargets(Project.java:1251)\n\tat org.apache.tools.ant.Main.runBuild(Main.java:834)\n\tat org.apache.tools.ant.Main.startAnt(Main.java:223)\n\tat org.apache.tools.ant.launch.Launcher.run(Launcher.java:284)\n\tat org.apache.tools.ant.launch.Launcher.main(Launcher.java:101)\norg.mockitousage.matchers.CapturingArgumentsTest::should_capture_byte_vararg_by_creating_captor_with_primitive_wrapper\njava.lang.ClassCastException: [B cannot be cast to java.lang.Byte\n\tat org.mockitousage.matchers.CapturingArgumentsTest.should_capture_byte_vararg_by_creating_captor_with_primitive_wrapper(CapturingArgumentsTest.java:249)\n\tat sun.reflect.NativeMethodAccessorImpl.invoke0(Native Method)\n\tat sun.reflect.NativeMethodAccessorImpl.invoke(NativeMethodAccessorImpl.java:62)\n\tat sun.reflect.DelegatingMethodAccessorImpl.invoke(DelegatingMethodAccessorImpl.java:43)\n\tat java.lang.reflect.Method.invoke(Method.java:498)\n\tat org.junit.runners.model.FrameworkMethod$1.runReflectiveCall(FrameworkMethod.java:47)\n\tat org.junit.internal.runners.model.ReflectiveCallable.run(ReflectiveCallable.java:12)\n\tat org.junit.runners.model.FrameworkMethod.invokeExplosively(FrameworkMethod.java:44)\n\tat org.junit.internal.runners.statements.InvokeMethod.evaluate(InvokeMethod.java:17)\n\tat org.junit.internal.runners.statements.RunBefores.evaluate(RunBefores.java:26)\n\tat org.junit.internal.runners.statements.RunAfters.evaluate(RunAfters.java:27)\n\tat org.junit.runners.ParentRunner.runLeaf(ParentRunner.java:271)\n\tat org.junit.runners.BlockJUnit4ClassRunner.runChild(BlockJUnit4ClassRunner.java:70)\n\tat org.junit.runners.BlockJUnit4ClassRunner.runChild(BlockJUnit4ClassRunner.java:50)\n\tat org.junit.runners.ParentRunner$3.run(ParentRunner.java:238)\n\tat org.junit.runners.ParentRunner$1.schedule(ParentRunner.java:63)\n\tat org.junit.runners.ParentRunner.runChildren(ParentRunner.java:236)\n\tat org.junit.runners.ParentRunner.access$000(ParentRunner.java:53)\n\tat org.junit.runners.ParentRunner$2.evaluate(ParentRunner.java:229)\n\tat org.junit.runners.ParentRunner.run(ParentRunner.java:309)\n\tat junit.framework.JUnit4TestAdapter.run(JUnit4TestAdapter.java:38)\n\tat org.apache.tools.ant.taskdefs.optional.junit.JUnitTestRunner.run(JUnitTestRunner.java:534)\n\tat org.apache.tools.ant.taskdefs.optional.junit.JUnitTask.executeInVM(JUnitTask.java:1617)\n\tat org.apache.tools.ant.taskdefs.optional.junit.JUnitTask.execute(JUnitTask.java:1039)\n\tat org.apache.tools.ant.taskdefs.optional.junit.JUnitTask.executeOrQueue(JUnitTask.java:2162)\n\tat org.apache.tools.ant.taskdefs.optional.junit.JUnitTask.execute(JUnitTask.java:853)\n\tat org.apache.tools.ant.UnknownElement.execute(UnknownElement.java:292)\n\tat sun.reflect.GeneratedMethodAccessor4.invoke(Unknown Source)\n\tat sun.reflect.DelegatingMethodAccessorImpl.invoke(DelegatingMethodAccessorImpl.java:43)\n\tat java.lang.reflect.Method.invoke(Method.java:498)\n\tat org.apache.tools.ant.dispatch.DispatchUtils.execute(DispatchUtils.java:99)\n\tat org.apache.tools.ant.Task.perform(Task.java:350)\n\tat org.apache.tools.ant.Target.execute(Target.java:449)\n\tat org.apache.tools.ant.Target.performTasks(Target.java:470)\n\tat org.apache.tools.ant.Project.executeSortedTargets(Project.java:1388)\n\tat org.apache.tools.ant.Project.executeTarget(Project.java:1361)\n\tat org.apache.tools.ant.helper.DefaultExecutor.executeTargets(DefaultExecutor.java:41)\n\tat org.apache.tools.ant.Project.executeTargets(Project.java:1251)\n\tat org.apache.tools.ant.Main.runBuild(Main.java:834)\n\tat org.apache.tools.ant.Main.startAnt(Main.java:223)\n\tat org.apache.tools.ant.launch.Launcher.run(Launcher.java:284)\n\tat org.apache.tools.ant.launch.Launcher.main(Launcher.java:101)\norg.mockitousage.matchers.CapturingArgumentsTest::should_capture_byte_vararg_by_creating_captor_with_primitive\njava.lang.ClassCastException: [B cannot be cast to java.lang.Byte\n\tat org.mockitousage.matchers.CapturingArgumentsTest.should_capture_byte_vararg_by_creating_captor_with_primitive(CapturingArgumentsTest.java:235)\n\tat sun.reflect.NativeMethodAccessorImpl.invoke0(Native Method)\n\tat sun.reflect.NativeMethodAccessorImpl.invoke(NativeMethodAccessorImpl.java:62)\n\tat sun.reflect.DelegatingMethodAccessorImpl.invoke(DelegatingMethodAccessorImpl.java:43)\n\tat java.lang.reflect.Method.invoke(Method.java:498)\n\tat org.junit.runners.model.FrameworkMethod$1.runReflectiveCall(FrameworkMethod.java:47)\n\tat org.junit.internal.runners.model.ReflectiveCallable.run(ReflectiveCallable.java:12)\n\tat org.junit.runners.model.FrameworkMethod.invokeExplosively(FrameworkMethod.java:44)\n\tat org.junit.internal.runners.statements.InvokeMethod.evaluate(InvokeMethod.java:17)\n\tat org.junit.internal.runners.statements.RunBefores.evaluate(RunBefores.java:26)\n\tat org.junit.internal.runners.statements.RunAfters.evaluate(RunAfters.java:27)\n\tat org.junit.runners.ParentRunner.runLeaf(ParentRunner.java:271)\n\tat org.junit.runners.BlockJUnit4ClassRunner.runChild(BlockJUnit4ClassRunner.java:70)\n\tat org.junit.runners.BlockJUnit4ClassRunner.runChild(BlockJUnit4ClassRunner.java:50)\n\tat org.junit.runners.ParentRunner$3.run(ParentRunner.java:238)\n\tat org.junit.runners.ParentRunner$1.schedule(ParentRunner.java:63)\n\tat org.junit.runners.ParentRunner.runChildren(ParentRunner.java:236)\n\tat org.junit.runners.ParentRunner.access$000(ParentRunner.java:53)\n\tat org.junit.runners.ParentRunner$2.evaluate(ParentRunner.java:229)\n\tat org.junit.runners.ParentRunner.run(ParentRunner.java:309)\n\tat junit.framework.JUnit4TestAdapter.run(JUnit4TestAdapter.java:38)\n\tat org.apache.tools.ant.taskdefs.optional.junit.JUnitTestRunner.run(JUnitTestRunner.java:534)\n\tat org.apache.tools.ant.taskdefs.optional.junit.JUnitTask.executeInVM(JUnitTask.java:1617)\n\tat org.apache.tools.ant.taskdefs.optional.junit.JUnitTask.execute(JUnitTask.java:1039)\n\tat org.apache.tools.ant.taskdefs.optional.junit.JUnitTask.executeOrQueue(JUnitTask.java:2162)\n\tat org.apache.tools.ant.taskdefs.optional.junit.JUnitTask.execute(JUnitTask.java:853)\n\tat org.apache.tools.ant.UnknownElement.execute(UnknownElement.java:292)\n\tat sun.reflect.GeneratedMethodAccessor4.invoke(Unknown Source)\n\tat sun.reflect.DelegatingMethodAccessorImpl.invoke(DelegatingMethodAccessorImpl.java:43)\n\tat java.lang.reflect.Method.invoke(Method.java:498)\n\tat org.apache.tools.ant.dispatch.DispatchUtils.execute(DispatchUtils.java:99)\n\tat org.apache.tools.ant.Task.perform(Task.java:350)\n\tat org.apache.tools.ant.Target.execute(Target.java:449)\n\tat org.apache.tools.ant.Target.performTasks(Target.java:470)\n\tat org.apache.tools.ant.Project.executeSortedTargets(Project.java:1388)\n\tat org.apache.tools.ant.Project.executeTarget(Project.java:1361)\n\tat org.apache.tools.ant.helper.DefaultExecutor.executeTargets(DefaultExecutor.java:41)\n\tat org.apache.tools.ant.Project.executeTargets(Project.java:1251)\n\tat org.apache.tools.ant.Main.runBuild(Main.java:834)\n\tat org.apache.tools.ant.Main.startAnt(Main.java:223)\n\tat org.apache.tools.ant.launch.Launcher.run(Launcher.java:284)\n\tat org.apache.tools.ant.launch.Launcher.main(Launcher.java:101)\n\n\nfailure assertion code:\nAssertions.assertThat(m.getAllValues()).containsExactly(\"a\", \"b\");\n\n\nThere is a bug in the above code, please help me locate it by considering the stack trace information and failure assertion code.\n\nOutput **only** the exact buggy statement, with no line numbers, explanations, or additional content. Your response should contain just the buggy code line. Do not include ```java or ``` markers in the response.\n",
        "prompt_apr_1": "\npublic void captureArgumentsFrom(Invocation invocation) {\n        if (invocation.getMethod().isVarArgs()) {\n            int indexOfVararg = invocation.getRawArguments().length - 1;\n            for (int position = 0; position < indexOfVararg; position++) {\n                Matcher m = matchers.get(position);\n                if (m instanceof CapturesArguments) {\n                    ((CapturesArguments) m).captureFrom(invocation.getArgumentAt(position, Object.class));\n                }\n            }\n            for (int position = indexOfVararg; position < matchers.size(); position++) {\n                Matcher m = matchers.get(position);\n                if (m instanceof CapturesArguments) {\n                    ((CapturesArguments) m).captureFrom(invocation.getRawArguments()[position - indexOfVararg]);\n                }\n            }\n        } else {\n            for (int position = 0; position < matchers.size(); position++) {\n                Matcher m = matchers.get(position);\n                if (m instanceof CapturesArguments) {\n                    ((CapturesArguments) m).captureFrom(invocation.getArgumentAt(position, Object.class));\n                }\n            }\n        }\n    }\n\nThere is a bug in line [10, 11, 13] of the code, please help me fix it.\n\nPlease return the **complete corrected method**. Do not skip or omit any part of the code. Do not include ```java or ``` markers in the response.\n",
        "prompt_apr_2": "\npublic void captureArgumentsFrom(Invocation invocation) {\n        if (invocation.getMethod().isVarArgs()) {\n            int indexOfVararg = invocation.getRawArguments().length - 1;\n            for (int position = 0; position < indexOfVararg; position++) {\n                Matcher m = matchers.get(position);\n                if (m instanceof CapturesArguments) {\n                    ((CapturesArguments) m).captureFrom(invocation.getArgumentAt(position, Object.class));\n                }\n            }\n            for (int position = indexOfVararg; position < matchers.size(); position++) {\n                Matcher m = matchers.get(position);\n                if (m instanceof CapturesArguments) {\n                    ((CapturesArguments) m).captureFrom(invocation.getRawArguments()[position - indexOfVararg]);\n                }\n            }\n        } else {\n            for (int position = 0; position < matchers.size(); position++) {\n                Matcher m = matchers.get(position);\n                if (m instanceof CapturesArguments) {\n                    ((CapturesArguments) m).captureFrom(invocation.getArgumentAt(position, Object.class));\n                }\n            }\n        }\n    }\n\nThere is a bug in ['            for (int position = indexOfVararg; position < matchers.size(); position++) {', '                Matcher m = matchers.get(position);', '                    ((CapturesArguments) m).captureFrom(invocation.getRawArguments()[position - indexOfVararg]);'] , please help me fix it. \n\nPlease return the **complete corrected method**. Do not skip or omit any part of the code. Do not include ```java or ``` markers in the response.\n",
        "prompt_apr_3": "\npublic void captureArgumentsFrom(Invocation invocation) {\n        if (invocation.getMethod().isVarArgs()) {\n            int indexOfVararg = invocation.getRawArguments().length - 1;\n            for (int position = 0; position < indexOfVararg; position++) {\n                Matcher m = matchers.get(position);\n                if (m instanceof CapturesArguments) {\n                    ((CapturesArguments) m).captureFrom(invocation.getArgumentAt(position, Object.class));\n                }\n            }\n            for (int position = indexOfVararg; position < matchers.size(); position++) {\n                Matcher m = matchers.get(position);\n                if (m instanceof CapturesArguments) {\n                    ((CapturesArguments) m).captureFrom(invocation.getRawArguments()[position - indexOfVararg]);\n\nThere is a bug in the last statement, please help me fix it.\n\nReturn the code **only from the method declaration to the fixed statement**, without completing or adding additional code. Do not modify anything beyond fixing the bug, and do not complete the `if` statement or other unfinished parts. Do not include ```java or ``` markers in the response.\n",
        "prompt_apr_4": "\npublic void captureArgumentsFrom(Invocation invocation) {\n        if (invocation.getMethod().isVarArgs()) {\n            int indexOfVararg = invocation.getRawArguments().length - 1;\n            for (int position = 0; position < indexOfVararg; position++) {\n                Matcher m = matchers.get(position);\n                if (m instanceof CapturesArguments) {\n                    ((CapturesArguments) m).captureFrom(invocation.getArgumentAt(position, Object.class));\n                }\n            }\n            for (int position = indexOfVararg; position < matchers.size(); position++) {\n                Matcher m = matchers.get(position);\n                if (m instanceof CapturesArguments) {\n                    ((CapturesArguments) m).captureFrom(invocation.getRawArguments()[position - indexOfVararg]);\n                }\n            }\n        } else {\n            for (int position = 0; position < matchers.size(); position++) {\n                Matcher m = matchers.get(position);\n                if (m instanceof CapturesArguments) {\n                    ((CapturesArguments) m).captureFrom(invocation.getArgumentAt(position, Object.class));\n                }\n            }\n        }\n    }\n\nThere is a bug in line [10, 11, 13] of the code, please help me fix it.\n\nPlease return the results in a strict JSON format as described below. Please follow these instructions carefully:\n1. Your output must include each repaired line's number (`line_number`) and the corresponding fixed code statement (`fixed_statement`).\n2. The output format must be a valid JSON array, where each element represents one repaired line, with the following structure:\n   - `\"line_number\"`: The line number of the buggy code that was repaired (integer).\n   - `\"fixed_statement\"`: The repaired statement for that specific line (string).\n\n3. The result must strictly follow this format:\n[\n    {\n        \"line_number\": int,\n        \"fixed_statement\": \"string\"\n    },\n    {\n        \"line_number\": int,\n        \"fixed_statement\": \"string\"\n    }\n]\n4. The repaired statement in \"fixed_statement\" must replace the corresponding line in the buggy code.\n5. You must NOT include any additional explanation or description in your response. Only return the JSON array. Do not include ```json or ``` markers in the response.\n",
        "prompt_apr_5": "\npublic void captureArgumentsFrom(Invocation invocation) {\n        if (invocation.getMethod().isVarArgs()) {\n            int indexOfVararg = invocation.getRawArguments().length - 1;\n            for (int position = 0; position < indexOfVararg; position++) {\n                Matcher m = matchers.get(position);\n                if (m instanceof CapturesArguments) {\n                    ((CapturesArguments) m).captureFrom(invocation.getArgumentAt(position, Object.class));\n                }\n            }\n            for (int position = indexOfVararg; position < matchers.size(); position++) {\n                Matcher m = matchers.get(position);\n                if (m instanceof CapturesArguments) {\n                    ((CapturesArguments) m).captureFrom(invocation.getRawArguments()[position - indexOfVararg]);\n                }\n            }\n        } else {\n            for (int position = 0; position < matchers.size(); position++) {\n                Matcher m = matchers.get(position);\n                if (m instanceof CapturesArguments) {\n                    ((CapturesArguments) m).captureFrom(invocation.getArgumentAt(position, Object.class));\n                }\n            }\n        }\n    }\n\nThere is a bug in ['            for (int position = indexOfVararg; position < matchers.size(); position++) {', '                Matcher m = matchers.get(position);', '                    ((CapturesArguments) m).captureFrom(invocation.getRawArguments()[position - indexOfVararg]);'] , please help me fix it. \n\nPlease return the results in a strict JSON format as described below. Please follow these instructions carefully:\n1. Your output must include each repaired line's number (`line_number`) and the corresponding fixed code statement (`fixed_statement`).\n2. The output format must be a valid JSON array, where each element represents one repaired line, with the following structure:\n   - `\"line_number\"`: The line number of the buggy code that was repaired (integer).\n   - `\"fixed_statement\"`: The repaired statement for that specific line (string).\n\n3. The result must strictly follow this format:\n[\n    {\n        \"line_number\": int,\n        \"fixed_statement\": \"string\"\n    },\n    {\n        \"line_number\": int,\n        \"fixed_statement\": \"string\"\n    }\n]\n4. The repaired statement in \"fixed_statement\" must replace the corresponding line in the buggy code.\n5. You must NOT include any additional explanation or description in your response. Only return the JSON array. Do not include ```json or ``` markers in the response.\n",
        "prompt_apr_6": "\npublic void captureArgumentsFrom(Invocation invocation) {\n        if (invocation.getMethod().isVarArgs()) {\n            int indexOfVararg = invocation.getRawArguments().length - 1;\n            for (int position = 0; position < indexOfVararg; position++) {\n                Matcher m = matchers.get(position);\n                if (m instanceof CapturesArguments) {\n                    ((CapturesArguments) m).captureFrom(invocation.getArgumentAt(position, Object.class));\n                }\n            }\n            for (int position = indexOfVararg; position < matchers.size(); position++) {\n                Matcher m = matchers.get(position);\n                if (m instanceof CapturesArguments) {\n                    ((CapturesArguments) m).captureFrom(invocation.getRawArguments()[position - indexOfVararg]);\n\nThere is a bug in the last statement, please help me fix it.\n\nPlease return the results in a strict JSON format as described below. Please follow these instructions carefully:\n1. Your output must include each repaired line's number (`line_number`) and the corresponding fixed code statement (`fixed_statement`).\n2. The output format must be a valid JSON array, where each element represents one repaired line, with the following structure:\n   - `\"line_number\"`: The line number of the buggy code that was repaired (integer).\n   - `\"fixed_statement\"`: The repaired statement for that specific line (string).\n\n3. The result must strictly follow this format:\n[\n    {\n        \"line_number\": int,\n        \"fixed_statement\": \"string\"\n    },\n    {\n        \"line_number\": int,\n        \"fixed_statement\": \"string\"\n    }\n]\n4. The repaired statement in \"fixed_statement\" must replace the corresponding line in the buggy code.\n5. You must NOT include any additional explanation or description in your response. Only return the JSON array. Do not include ```json or ``` markers in the response.\n"
    }
]