
================== prompt_fl_1 ==================

source code:
protected static int between(ReadablePartial start, ReadablePartial end, ReadablePeriod zeroInstance) {
        if (start == null || end == null) {
            throw new IllegalArgumentException("ReadablePartial objects must not be null");
        }
        if (start.size() != end.size()) {
            throw new IllegalArgumentException("ReadablePartial objects must have the same set of fields");
        }
        for (int i = 0, isize = start.size(); i < isize; i++) {
            if (start.getFieldType(i) != end.getFieldType(i)) {
                throw new IllegalArgumentException("ReadablePartial objects must have the same set of fields");
            }
        }
        if (DateTimeUtils.isContiguous(start) == false) {
            throw new IllegalArgumentException("ReadablePartial objects must be contiguous");
        }
        Chronology chrono = DateTimeUtils.getChronology(start.getChronology()).withUTC();
        int[] values = chrono.get(zeroInstance, chrono.set(start, 0L), chrono.set(end, 0L));
        return values[0];
    }

There is a bug in the above code, please help me locate it.

Please output **only one integer**: the line number of the buggy code (The code starts from line 1). Do not provide any explanations or additional content.

================== prompt_fl_2 ==================

source code:
protected static int between(ReadablePartial start, ReadablePartial end, ReadablePeriod zeroInstance) {
        if (start == null || end == null) {
            throw new IllegalArgumentException("ReadablePartial objects must not be null");
        }
        if (start.size() != end.size()) {
            throw new IllegalArgumentException("ReadablePartial objects must have the same set of fields");
        }
        for (int i = 0, isize = start.size(); i < isize; i++) {
            if (start.getFieldType(i) != end.getFieldType(i)) {
                throw new IllegalArgumentException("ReadablePartial objects must have the same set of fields");
            }
        }
        if (DateTimeUtils.isContiguous(start) == false) {
            throw new IllegalArgumentException("ReadablePartial objects must be contiguous");
        }
        Chronology chrono = DateTimeUtils.getChronology(start.getChronology()).withUTC();
        int[] values = chrono.get(zeroInstance, chrono.set(start, 0L), chrono.set(end, 0L));
        return values[0];
    }

stack trace:
org.joda.time.TestDays::testFactory_daysBetween_RPartial_MonthDay
org.joda.time.IllegalFieldValueException: Value 29 for dayOfMonth must be in the range [1,28]
	at org.joda.time.field.FieldUtils.verifyValueBounds(FieldUtils.java:220)
	at org.joda.time.field.PreciseDurationDateTimeField.set(PreciseDurationDateTimeField.java:78)
	at org.joda.time.chrono.BaseChronology.set(BaseChronology.java:240)
	at org.joda.time.base.BaseSingleFieldPeriod.between(BaseSingleFieldPeriod.java:104)
	at org.joda.time.Days.daysBetween(Days.java:141)
	at org.joda.time.TestDays.testFactory_daysBetween_RPartial_MonthDay(TestDays.java:130)
	at sun.reflect.NativeMethodAccessorImpl.invoke0(Native Method)
	at sun.reflect.NativeMethodAccessorImpl.invoke(NativeMethodAccessorImpl.java:62)
	at sun.reflect.DelegatingMethodAccessorImpl.invoke(DelegatingMethodAccessorImpl.java:43)
	at java.lang.reflect.Method.invoke(Method.java:498)
	at junit.framework.TestCase.runTest(TestCase.java:176)
	at junit.framework.TestCase.runBare(TestCase.java:141)
	at junit.framework.TestResult$1.protect(TestResult.java:122)
	at junit.framework.TestResult.runProtected(TestResult.java:142)
	at junit.framework.TestResult.run(TestResult.java:125)
	at junit.framework.TestCase.run(TestCase.java:129)
	at junit.framework.TestSuite.runTest(TestSuite.java:255)
	at junit.framework.TestSuite.run(TestSuite.java:250)
	at org.apache.tools.ant.taskdefs.optional.junit.JUnitTestRunner.run(JUnitTestRunner.java:520)
	at org.apache.tools.ant.taskdefs.optional.junit.JUnitTask.executeInVM(JUnitTask.java:1484)
	at org.apache.tools.ant.taskdefs.optional.junit.JUnitTask.execute(JUnitTask.java:872)
	at org.apache.tools.ant.taskdefs.optional.junit.JUnitTask.executeOrQueue(JUnitTask.java:1972)
	at org.apache.tools.ant.taskdefs.optional.junit.JUnitTask.execute1(JUnitTask.java:824)
	at org.apache.tools.ant.taskdefs.optional.junit.JUnitTask.execute(JUnitTask.java:2277)
	at org.apache.tools.ant.UnknownElement.execute(UnknownElement.java:291)
	at sun.reflect.GeneratedMethodAccessor4.invoke(Unknown Source)
	at sun.reflect.DelegatingMethodAccessorImpl.invoke(DelegatingMethodAccessorImpl.java:43)
	at java.lang.reflect.Method.invoke(Method.java:498)
	at org.apache.tools.ant.dispatch.DispatchUtils.execute(DispatchUtils.java:106)
	at org.apache.tools.ant.Task.perform(Task.java:348)
	at org.apache.tools.ant.Target.execute(Target.java:392)
	at org.apache.tools.ant.Target.performTasks(Target.java:413)
	at org.apache.tools.ant.Project.executeSortedTargets(Project.java:1399)
	at org.apache.tools.ant.Project.executeTarget(Project.java:1368)
	at org.apache.tools.ant.helper.DefaultExecutor.executeTargets(DefaultExecutor.java:41)
	at org.apache.tools.ant.Project.executeTargets(Project.java:1251)
	at org.apache.tools.ant.Main.runBuild(Main.java:811)
	at org.apache.tools.ant.Main.startAnt(Main.java:217)
	at org.apache.tools.ant.launch.Launcher.run(Launcher.java:280)
	at org.apache.tools.ant.launch.Launcher.main(Launcher.java:109)
org.joda.time.TestMonths::testFactory_monthsBetween_RPartial_MonthDay
org.joda.time.IllegalFieldValueException: Value 29 for dayOfMonth must be in the range [1,28]
	at org.joda.time.field.FieldUtils.verifyValueBounds(FieldUtils.java:220)
	at org.joda.time.field.PreciseDurationDateTimeField.set(PreciseDurationDateTimeField.java:78)
	at org.joda.time.chrono.BaseChronology.set(BaseChronology.java:240)
	at org.joda.time.base.BaseSingleFieldPeriod.between(BaseSingleFieldPeriod.java:104)
	at org.joda.time.Months.monthsBetween(Months.java:161)
	at org.joda.time.TestMonths.testFactory_monthsBetween_RPartial_MonthDay(TestMonths.java:137)
	at sun.reflect.NativeMethodAccessorImpl.invoke0(Native Method)
	at sun.reflect.NativeMethodAccessorImpl.invoke(NativeMethodAccessorImpl.java:62)
	at sun.reflect.DelegatingMethodAccessorImpl.invoke(DelegatingMethodAccessorImpl.java:43)
	at java.lang.reflect.Method.invoke(Method.java:498)
	at junit.framework.TestCase.runTest(TestCase.java:176)
	at junit.framework.TestCase.runBare(TestCase.java:141)
	at junit.framework.TestResult$1.protect(TestResult.java:122)
	at junit.framework.TestResult.runProtected(TestResult.java:142)
	at junit.framework.TestResult.run(TestResult.java:125)
	at junit.framework.TestCase.run(TestCase.java:129)
	at junit.framework.TestSuite.runTest(TestSuite.java:255)
	at junit.framework.TestSuite.run(TestSuite.java:250)
	at org.apache.tools.ant.taskdefs.optional.junit.JUnitTestRunner.run(JUnitTestRunner.java:520)
	at org.apache.tools.ant.taskdefs.optional.junit.JUnitTask.executeInVM(JUnitTask.java:1484)
	at org.apache.tools.ant.taskdefs.optional.junit.JUnitTask.execute(JUnitTask.java:872)
	at org.apache.tools.ant.taskdefs.optional.junit.JUnitTask.executeOrQueue(JUnitTask.java:1972)
	at org.apache.tools.ant.taskdefs.optional.junit.JUnitTask.execute1(JUnitTask.java:824)
	at org.apache.tools.ant.taskdefs.optional.junit.JUnitTask.execute(JUnitTask.java:2277)
	at org.apache.tools.ant.UnknownElement.execute(UnknownElement.java:291)
	at sun.reflect.GeneratedMethodAccessor4.invoke(Unknown Source)
	at sun.reflect.DelegatingMethodAccessorImpl.invoke(DelegatingMethodAccessorImpl.java:43)
	at java.lang.reflect.Method.invoke(Method.java:498)
	at org.apache.tools.ant.dispatch.DispatchUtils.execute(DispatchUtils.java:106)
	at org.apache.tools.ant.Task.perform(Task.java:348)
	at org.apache.tools.ant.Target.execute(Target.java:392)
	at org.apache.tools.ant.Target.performTasks(Target.java:413)
	at org.apache.tools.ant.Project.executeSortedTargets(Project.java:1399)
	at org.apache.tools.ant.Project.executeTarget(Project.java:1368)
	at org.apache.tools.ant.helper.DefaultExecutor.executeTargets(DefaultExecutor.java:41)
	at org.apache.tools.ant.Project.executeTargets(Project.java:1251)
	at org.apache.tools.ant.Main.runBuild(Main.java:811)
	at org.apache.tools.ant.Main.startAnt(Main.java:217)
	at org.apache.tools.ant.launch.Launcher.run(Launcher.java:280)
	at org.apache.tools.ant.launch.Launcher.main(Launcher.java:109)


There is a bug in the above code, please help me locate it by considering the stack trace.

Please output **only one integer**: the line number of the buggy code (The code starts from line 1). Do not provide any explanations or additional content.

================== prompt_fl_3 ==================

source code:
protected static int between(ReadablePartial start, ReadablePartial end, ReadablePeriod zeroInstance) {
        if (start == null || end == null) {
            throw new IllegalArgumentException("ReadablePartial objects must not be null");
        }
        if (start.size() != end.size()) {
            throw new IllegalArgumentException("ReadablePartial objects must have the same set of fields");
        }
        for (int i = 0, isize = start.size(); i < isize; i++) {
            if (start.getFieldType(i) != end.getFieldType(i)) {
                throw new IllegalArgumentException("ReadablePartial objects must have the same set of fields");
            }
        }
        if (DateTimeUtils.isContiguous(start) == false) {
            throw new IllegalArgumentException("ReadablePartial objects must be contiguous");
        }
        Chronology chrono = DateTimeUtils.getChronology(start.getChronology()).withUTC();
        int[] values = chrono.get(zeroInstance, chrono.set(start, 0L), chrono.set(end, 0L));
        return values[0];
    }

stack trace:
org.joda.time.TestDays::testFactory_daysBetween_RPartial_MonthDay
org.joda.time.IllegalFieldValueException: Value 29 for dayOfMonth must be in the range [1,28]
	at org.joda.time.field.FieldUtils.verifyValueBounds(FieldUtils.java:220)
	at org.joda.time.field.PreciseDurationDateTimeField.set(PreciseDurationDateTimeField.java:78)
	at org.joda.time.chrono.BaseChronology.set(BaseChronology.java:240)
	at org.joda.time.base.BaseSingleFieldPeriod.between(BaseSingleFieldPeriod.java:104)
	at org.joda.time.Days.daysBetween(Days.java:141)
	at org.joda.time.TestDays.testFactory_daysBetween_RPartial_MonthDay(TestDays.java:130)
	at sun.reflect.NativeMethodAccessorImpl.invoke0(Native Method)
	at sun.reflect.NativeMethodAccessorImpl.invoke(NativeMethodAccessorImpl.java:62)
	at sun.reflect.DelegatingMethodAccessorImpl.invoke(DelegatingMethodAccessorImpl.java:43)
	at java.lang.reflect.Method.invoke(Method.java:498)
	at junit.framework.TestCase.runTest(TestCase.java:176)
	at junit.framework.TestCase.runBare(TestCase.java:141)
	at junit.framework.TestResult$1.protect(TestResult.java:122)
	at junit.framework.TestResult.runProtected(TestResult.java:142)
	at junit.framework.TestResult.run(TestResult.java:125)
	at junit.framework.TestCase.run(TestCase.java:129)
	at junit.framework.TestSuite.runTest(TestSuite.java:255)
	at junit.framework.TestSuite.run(TestSuite.java:250)
	at org.apache.tools.ant.taskdefs.optional.junit.JUnitTestRunner.run(JUnitTestRunner.java:520)
	at org.apache.tools.ant.taskdefs.optional.junit.JUnitTask.executeInVM(JUnitTask.java:1484)
	at org.apache.tools.ant.taskdefs.optional.junit.JUnitTask.execute(JUnitTask.java:872)
	at org.apache.tools.ant.taskdefs.optional.junit.JUnitTask.executeOrQueue(JUnitTask.java:1972)
	at org.apache.tools.ant.taskdefs.optional.junit.JUnitTask.execute1(JUnitTask.java:824)
	at org.apache.tools.ant.taskdefs.optional.junit.JUnitTask.execute(JUnitTask.java:2277)
	at org.apache.tools.ant.UnknownElement.execute(UnknownElement.java:291)
	at sun.reflect.GeneratedMethodAccessor4.invoke(Unknown Source)
	at sun.reflect.DelegatingMethodAccessorImpl.invoke(DelegatingMethodAccessorImpl.java:43)
	at java.lang.reflect.Method.invoke(Method.java:498)
	at org.apache.tools.ant.dispatch.DispatchUtils.execute(DispatchUtils.java:106)
	at org.apache.tools.ant.Task.perform(Task.java:348)
	at org.apache.tools.ant.Target.execute(Target.java:392)
	at org.apache.tools.ant.Target.performTasks(Target.java:413)
	at org.apache.tools.ant.Project.executeSortedTargets(Project.java:1399)
	at org.apache.tools.ant.Project.executeTarget(Project.java:1368)
	at org.apache.tools.ant.helper.DefaultExecutor.executeTargets(DefaultExecutor.java:41)
	at org.apache.tools.ant.Project.executeTargets(Project.java:1251)
	at org.apache.tools.ant.Main.runBuild(Main.java:811)
	at org.apache.tools.ant.Main.startAnt(Main.java:217)
	at org.apache.tools.ant.launch.Launcher.run(Launcher.java:280)
	at org.apache.tools.ant.launch.Launcher.main(Launcher.java:109)
org.joda.time.TestMonths::testFactory_monthsBetween_RPartial_MonthDay
org.joda.time.IllegalFieldValueException: Value 29 for dayOfMonth must be in the range [1,28]
	at org.joda.time.field.FieldUtils.verifyValueBounds(FieldUtils.java:220)
	at org.joda.time.field.PreciseDurationDateTimeField.set(PreciseDurationDateTimeField.java:78)
	at org.joda.time.chrono.BaseChronology.set(BaseChronology.java:240)
	at org.joda.time.base.BaseSingleFieldPeriod.between(BaseSingleFieldPeriod.java:104)
	at org.joda.time.Months.monthsBetween(Months.java:161)
	at org.joda.time.TestMonths.testFactory_monthsBetween_RPartial_MonthDay(TestMonths.java:137)
	at sun.reflect.NativeMethodAccessorImpl.invoke0(Native Method)
	at sun.reflect.NativeMethodAccessorImpl.invoke(NativeMethodAccessorImpl.java:62)
	at sun.reflect.DelegatingMethodAccessorImpl.invoke(DelegatingMethodAccessorImpl.java:43)
	at java.lang.reflect.Method.invoke(Method.java:498)
	at junit.framework.TestCase.runTest(TestCase.java:176)
	at junit.framework.TestCase.runBare(TestCase.java:141)
	at junit.framework.TestResult$1.protect(TestResult.java:122)
	at junit.framework.TestResult.runProtected(TestResult.java:142)
	at junit.framework.TestResult.run(TestResult.java:125)
	at junit.framework.TestCase.run(TestCase.java:129)
	at junit.framework.TestSuite.runTest(TestSuite.java:255)
	at junit.framework.TestSuite.run(TestSuite.java:250)
	at org.apache.tools.ant.taskdefs.optional.junit.JUnitTestRunner.run(JUnitTestRunner.java:520)
	at org.apache.tools.ant.taskdefs.optional.junit.JUnitTask.executeInVM(JUnitTask.java:1484)
	at org.apache.tools.ant.taskdefs.optional.junit.JUnitTask.execute(JUnitTask.java:872)
	at org.apache.tools.ant.taskdefs.optional.junit.JUnitTask.executeOrQueue(JUnitTask.java:1972)
	at org.apache.tools.ant.taskdefs.optional.junit.JUnitTask.execute1(JUnitTask.java:824)
	at org.apache.tools.ant.taskdefs.optional.junit.JUnitTask.execute(JUnitTask.java:2277)
	at org.apache.tools.ant.UnknownElement.execute(UnknownElement.java:291)
	at sun.reflect.GeneratedMethodAccessor4.invoke(Unknown Source)
	at sun.reflect.DelegatingMethodAccessorImpl.invoke(DelegatingMethodAccessorImpl.java:43)
	at java.lang.reflect.Method.invoke(Method.java:498)
	at org.apache.tools.ant.dispatch.DispatchUtils.execute(DispatchUtils.java:106)
	at org.apache.tools.ant.Task.perform(Task.java:348)
	at org.apache.tools.ant.Target.execute(Target.java:392)
	at org.apache.tools.ant.Target.performTasks(Target.java:413)
	at org.apache.tools.ant.Project.executeSortedTargets(Project.java:1399)
	at org.apache.tools.ant.Project.executeTarget(Project.java:1368)
	at org.apache.tools.ant.helper.DefaultExecutor.executeTargets(DefaultExecutor.java:41)
	at org.apache.tools.ant.Project.executeTargets(Project.java:1251)
	at org.apache.tools.ant.Main.runBuild(Main.java:811)
	at org.apache.tools.ant.Main.startAnt(Main.java:217)
	at org.apache.tools.ant.launch.Launcher.run(Launcher.java:280)
	at org.apache.tools.ant.launch.Launcher.main(Launcher.java:109)


failure assertion code:
assertEquals(28, Days.daysBetween(start1, end2).getDays());


There is a bug in the above code, please help me locate it by considering the stack trace information and failure assertion code.

Please output **only one integer**: the line number of the buggy code (The code starts from line 1). Do not provide any explanations or additional content.

================== prompt_fl_4 ==================

source code:
protected static int between(ReadablePartial start, ReadablePartial end, ReadablePeriod zeroInstance) {
        if (start == null || end == null) {
            throw new IllegalArgumentException("ReadablePartial objects must not be null");
        }
        if (start.size() != end.size()) {
            throw new IllegalArgumentException("ReadablePartial objects must have the same set of fields");
        }
        for (int i = 0, isize = start.size(); i < isize; i++) {
            if (start.getFieldType(i) != end.getFieldType(i)) {
                throw new IllegalArgumentException("ReadablePartial objects must have the same set of fields");
            }
        }
        if (DateTimeUtils.isContiguous(start) == false) {
            throw new IllegalArgumentException("ReadablePartial objects must be contiguous");
        }
        Chronology chrono = DateTimeUtils.getChronology(start.getChronology()).withUTC();
        int[] values = chrono.get(zeroInstance, chrono.set(start, 0L), chrono.set(end, 0L));
        return values[0];
    }

There is a bug in the above code, please help me locate it.

Output **only** the exact buggy statement, with no line numbers, explanations, or additional content. Your response should contain just the buggy code line. Do not include ```java or ``` markers in the response.

================== prompt_fl_5 ==================

source code:
protected static int between(ReadablePartial start, ReadablePartial end, ReadablePeriod zeroInstance) {
        if (start == null || end == null) {
            throw new IllegalArgumentException("ReadablePartial objects must not be null");
        }
        if (start.size() != end.size()) {
            throw new IllegalArgumentException("ReadablePartial objects must have the same set of fields");
        }
        for (int i = 0, isize = start.size(); i < isize; i++) {
            if (start.getFieldType(i) != end.getFieldType(i)) {
                throw new IllegalArgumentException("ReadablePartial objects must have the same set of fields");
            }
        }
        if (DateTimeUtils.isContiguous(start) == false) {
            throw new IllegalArgumentException("ReadablePartial objects must be contiguous");
        }
        Chronology chrono = DateTimeUtils.getChronology(start.getChronology()).withUTC();
        int[] values = chrono.get(zeroInstance, chrono.set(start, 0L), chrono.set(end, 0L));
        return values[0];
    }

stack trace:
org.joda.time.TestDays::testFactory_daysBetween_RPartial_MonthDay
org.joda.time.IllegalFieldValueException: Value 29 for dayOfMonth must be in the range [1,28]
	at org.joda.time.field.FieldUtils.verifyValueBounds(FieldUtils.java:220)
	at org.joda.time.field.PreciseDurationDateTimeField.set(PreciseDurationDateTimeField.java:78)
	at org.joda.time.chrono.BaseChronology.set(BaseChronology.java:240)
	at org.joda.time.base.BaseSingleFieldPeriod.between(BaseSingleFieldPeriod.java:104)
	at org.joda.time.Days.daysBetween(Days.java:141)
	at org.joda.time.TestDays.testFactory_daysBetween_RPartial_MonthDay(TestDays.java:130)
	at sun.reflect.NativeMethodAccessorImpl.invoke0(Native Method)
	at sun.reflect.NativeMethodAccessorImpl.invoke(NativeMethodAccessorImpl.java:62)
	at sun.reflect.DelegatingMethodAccessorImpl.invoke(DelegatingMethodAccessorImpl.java:43)
	at java.lang.reflect.Method.invoke(Method.java:498)
	at junit.framework.TestCase.runTest(TestCase.java:176)
	at junit.framework.TestCase.runBare(TestCase.java:141)
	at junit.framework.TestResult$1.protect(TestResult.java:122)
	at junit.framework.TestResult.runProtected(TestResult.java:142)
	at junit.framework.TestResult.run(TestResult.java:125)
	at junit.framework.TestCase.run(TestCase.java:129)
	at junit.framework.TestSuite.runTest(TestSuite.java:255)
	at junit.framework.TestSuite.run(TestSuite.java:250)
	at org.apache.tools.ant.taskdefs.optional.junit.JUnitTestRunner.run(JUnitTestRunner.java:520)
	at org.apache.tools.ant.taskdefs.optional.junit.JUnitTask.executeInVM(JUnitTask.java:1484)
	at org.apache.tools.ant.taskdefs.optional.junit.JUnitTask.execute(JUnitTask.java:872)
	at org.apache.tools.ant.taskdefs.optional.junit.JUnitTask.executeOrQueue(JUnitTask.java:1972)
	at org.apache.tools.ant.taskdefs.optional.junit.JUnitTask.execute1(JUnitTask.java:824)
	at org.apache.tools.ant.taskdefs.optional.junit.JUnitTask.execute(JUnitTask.java:2277)
	at org.apache.tools.ant.UnknownElement.execute(UnknownElement.java:291)
	at sun.reflect.GeneratedMethodAccessor4.invoke(Unknown Source)
	at sun.reflect.DelegatingMethodAccessorImpl.invoke(DelegatingMethodAccessorImpl.java:43)
	at java.lang.reflect.Method.invoke(Method.java:498)
	at org.apache.tools.ant.dispatch.DispatchUtils.execute(DispatchUtils.java:106)
	at org.apache.tools.ant.Task.perform(Task.java:348)
	at org.apache.tools.ant.Target.execute(Target.java:392)
	at org.apache.tools.ant.Target.performTasks(Target.java:413)
	at org.apache.tools.ant.Project.executeSortedTargets(Project.java:1399)
	at org.apache.tools.ant.Project.executeTarget(Project.java:1368)
	at org.apache.tools.ant.helper.DefaultExecutor.executeTargets(DefaultExecutor.java:41)
	at org.apache.tools.ant.Project.executeTargets(Project.java:1251)
	at org.apache.tools.ant.Main.runBuild(Main.java:811)
	at org.apache.tools.ant.Main.startAnt(Main.java:217)
	at org.apache.tools.ant.launch.Launcher.run(Launcher.java:280)
	at org.apache.tools.ant.launch.Launcher.main(Launcher.java:109)
org.joda.time.TestMonths::testFactory_monthsBetween_RPartial_MonthDay
org.joda.time.IllegalFieldValueException: Value 29 for dayOfMonth must be in the range [1,28]
	at org.joda.time.field.FieldUtils.verifyValueBounds(FieldUtils.java:220)
	at org.joda.time.field.PreciseDurationDateTimeField.set(PreciseDurationDateTimeField.java:78)
	at org.joda.time.chrono.BaseChronology.set(BaseChronology.java:240)
	at org.joda.time.base.BaseSingleFieldPeriod.between(BaseSingleFieldPeriod.java:104)
	at org.joda.time.Months.monthsBetween(Months.java:161)
	at org.joda.time.TestMonths.testFactory_monthsBetween_RPartial_MonthDay(TestMonths.java:137)
	at sun.reflect.NativeMethodAccessorImpl.invoke0(Native Method)
	at sun.reflect.NativeMethodAccessorImpl.invoke(NativeMethodAccessorImpl.java:62)
	at sun.reflect.DelegatingMethodAccessorImpl.invoke(DelegatingMethodAccessorImpl.java:43)
	at java.lang.reflect.Method.invoke(Method.java:498)
	at junit.framework.TestCase.runTest(TestCase.java:176)
	at junit.framework.TestCase.runBare(TestCase.java:141)
	at junit.framework.TestResult$1.protect(TestResult.java:122)
	at junit.framework.TestResult.runProtected(TestResult.java:142)
	at junit.framework.TestResult.run(TestResult.java:125)
	at junit.framework.TestCase.run(TestCase.java:129)
	at junit.framework.TestSuite.runTest(TestSuite.java:255)
	at junit.framework.TestSuite.run(TestSuite.java:250)
	at org.apache.tools.ant.taskdefs.optional.junit.JUnitTestRunner.run(JUnitTestRunner.java:520)
	at org.apache.tools.ant.taskdefs.optional.junit.JUnitTask.executeInVM(JUnitTask.java:1484)
	at org.apache.tools.ant.taskdefs.optional.junit.JUnitTask.execute(JUnitTask.java:872)
	at org.apache.tools.ant.taskdefs.optional.junit.JUnitTask.executeOrQueue(JUnitTask.java:1972)
	at org.apache.tools.ant.taskdefs.optional.junit.JUnitTask.execute1(JUnitTask.java:824)
	at org.apache.tools.ant.taskdefs.optional.junit.JUnitTask.execute(JUnitTask.java:2277)
	at org.apache.tools.ant.UnknownElement.execute(UnknownElement.java:291)
	at sun.reflect.GeneratedMethodAccessor4.invoke(Unknown Source)
	at sun.reflect.DelegatingMethodAccessorImpl.invoke(DelegatingMethodAccessorImpl.java:43)
	at java.lang.reflect.Method.invoke(Method.java:498)
	at org.apache.tools.ant.dispatch.DispatchUtils.execute(DispatchUtils.java:106)
	at org.apache.tools.ant.Task.perform(Task.java:348)
	at org.apache.tools.ant.Target.execute(Target.java:392)
	at org.apache.tools.ant.Target.performTasks(Target.java:413)
	at org.apache.tools.ant.Project.executeSortedTargets(Project.java:1399)
	at org.apache.tools.ant.Project.executeTarget(Project.java:1368)
	at org.apache.tools.ant.helper.DefaultExecutor.executeTargets(DefaultExecutor.java:41)
	at org.apache.tools.ant.Project.executeTargets(Project.java:1251)
	at org.apache.tools.ant.Main.runBuild(Main.java:811)
	at org.apache.tools.ant.Main.startAnt(Main.java:217)
	at org.apache.tools.ant.launch.Launcher.run(Launcher.java:280)
	at org.apache.tools.ant.launch.Launcher.main(Launcher.java:109)


There is a bug in the above code, please help me locate it by considering the stack trace.

Output **only** the exact buggy statement, with no line numbers, explanations, or additional content. Your response should contain just the buggy code line. Do not include ```java or ``` markers in the response.

================== prompt_fl_6 ==================

source code:
protected static int between(ReadablePartial start, ReadablePartial end, ReadablePeriod zeroInstance) {
        if (start == null || end == null) {
            throw new IllegalArgumentException("ReadablePartial objects must not be null");
        }
        if (start.size() != end.size()) {
            throw new IllegalArgumentException("ReadablePartial objects must have the same set of fields");
        }
        for (int i = 0, isize = start.size(); i < isize; i++) {
            if (start.getFieldType(i) != end.getFieldType(i)) {
                throw new IllegalArgumentException("ReadablePartial objects must have the same set of fields");
            }
        }
        if (DateTimeUtils.isContiguous(start) == false) {
            throw new IllegalArgumentException("ReadablePartial objects must be contiguous");
        }
        Chronology chrono = DateTimeUtils.getChronology(start.getChronology()).withUTC();
        int[] values = chrono.get(zeroInstance, chrono.set(start, 0L), chrono.set(end, 0L));
        return values[0];
    }

stack trace:
org.joda.time.TestDays::testFactory_daysBetween_RPartial_MonthDay
org.joda.time.IllegalFieldValueException: Value 29 for dayOfMonth must be in the range [1,28]
	at org.joda.time.field.FieldUtils.verifyValueBounds(FieldUtils.java:220)
	at org.joda.time.field.PreciseDurationDateTimeField.set(PreciseDurationDateTimeField.java:78)
	at org.joda.time.chrono.BaseChronology.set(BaseChronology.java:240)
	at org.joda.time.base.BaseSingleFieldPeriod.between(BaseSingleFieldPeriod.java:104)
	at org.joda.time.Days.daysBetween(Days.java:141)
	at org.joda.time.TestDays.testFactory_daysBetween_RPartial_MonthDay(TestDays.java:130)
	at sun.reflect.NativeMethodAccessorImpl.invoke0(Native Method)
	at sun.reflect.NativeMethodAccessorImpl.invoke(NativeMethodAccessorImpl.java:62)
	at sun.reflect.DelegatingMethodAccessorImpl.invoke(DelegatingMethodAccessorImpl.java:43)
	at java.lang.reflect.Method.invoke(Method.java:498)
	at junit.framework.TestCase.runTest(TestCase.java:176)
	at junit.framework.TestCase.runBare(TestCase.java:141)
	at junit.framework.TestResult$1.protect(TestResult.java:122)
	at junit.framework.TestResult.runProtected(TestResult.java:142)
	at junit.framework.TestResult.run(TestResult.java:125)
	at junit.framework.TestCase.run(TestCase.java:129)
	at junit.framework.TestSuite.runTest(TestSuite.java:255)
	at junit.framework.TestSuite.run(TestSuite.java:250)
	at org.apache.tools.ant.taskdefs.optional.junit.JUnitTestRunner.run(JUnitTestRunner.java:520)
	at org.apache.tools.ant.taskdefs.optional.junit.JUnitTask.executeInVM(JUnitTask.java:1484)
	at org.apache.tools.ant.taskdefs.optional.junit.JUnitTask.execute(JUnitTask.java:872)
	at org.apache.tools.ant.taskdefs.optional.junit.JUnitTask.executeOrQueue(JUnitTask.java:1972)
	at org.apache.tools.ant.taskdefs.optional.junit.JUnitTask.execute1(JUnitTask.java:824)
	at org.apache.tools.ant.taskdefs.optional.junit.JUnitTask.execute(JUnitTask.java:2277)
	at org.apache.tools.ant.UnknownElement.execute(UnknownElement.java:291)
	at sun.reflect.GeneratedMethodAccessor4.invoke(Unknown Source)
	at sun.reflect.DelegatingMethodAccessorImpl.invoke(DelegatingMethodAccessorImpl.java:43)
	at java.lang.reflect.Method.invoke(Method.java:498)
	at org.apache.tools.ant.dispatch.DispatchUtils.execute(DispatchUtils.java:106)
	at org.apache.tools.ant.Task.perform(Task.java:348)
	at org.apache.tools.ant.Target.execute(Target.java:392)
	at org.apache.tools.ant.Target.performTasks(Target.java:413)
	at org.apache.tools.ant.Project.executeSortedTargets(Project.java:1399)
	at org.apache.tools.ant.Project.executeTarget(Project.java:1368)
	at org.apache.tools.ant.helper.DefaultExecutor.executeTargets(DefaultExecutor.java:41)
	at org.apache.tools.ant.Project.executeTargets(Project.java:1251)
	at org.apache.tools.ant.Main.runBuild(Main.java:811)
	at org.apache.tools.ant.Main.startAnt(Main.java:217)
	at org.apache.tools.ant.launch.Launcher.run(Launcher.java:280)
	at org.apache.tools.ant.launch.Launcher.main(Launcher.java:109)
org.joda.time.TestMonths::testFactory_monthsBetween_RPartial_MonthDay
org.joda.time.IllegalFieldValueException: Value 29 for dayOfMonth must be in the range [1,28]
	at org.joda.time.field.FieldUtils.verifyValueBounds(FieldUtils.java:220)
	at org.joda.time.field.PreciseDurationDateTimeField.set(PreciseDurationDateTimeField.java:78)
	at org.joda.time.chrono.BaseChronology.set(BaseChronology.java:240)
	at org.joda.time.base.BaseSingleFieldPeriod.between(BaseSingleFieldPeriod.java:104)
	at org.joda.time.Months.monthsBetween(Months.java:161)
	at org.joda.time.TestMonths.testFactory_monthsBetween_RPartial_MonthDay(TestMonths.java:137)
	at sun.reflect.NativeMethodAccessorImpl.invoke0(Native Method)
	at sun.reflect.NativeMethodAccessorImpl.invoke(NativeMethodAccessorImpl.java:62)
	at sun.reflect.DelegatingMethodAccessorImpl.invoke(DelegatingMethodAccessorImpl.java:43)
	at java.lang.reflect.Method.invoke(Method.java:498)
	at junit.framework.TestCase.runTest(TestCase.java:176)
	at junit.framework.TestCase.runBare(TestCase.java:141)
	at junit.framework.TestResult$1.protect(TestResult.java:122)
	at junit.framework.TestResult.runProtected(TestResult.java:142)
	at junit.framework.TestResult.run(TestResult.java:125)
	at junit.framework.TestCase.run(TestCase.java:129)
	at junit.framework.TestSuite.runTest(TestSuite.java:255)
	at junit.framework.TestSuite.run(TestSuite.java:250)
	at org.apache.tools.ant.taskdefs.optional.junit.JUnitTestRunner.run(JUnitTestRunner.java:520)
	at org.apache.tools.ant.taskdefs.optional.junit.JUnitTask.executeInVM(JUnitTask.java:1484)
	at org.apache.tools.ant.taskdefs.optional.junit.JUnitTask.execute(JUnitTask.java:872)
	at org.apache.tools.ant.taskdefs.optional.junit.JUnitTask.executeOrQueue(JUnitTask.java:1972)
	at org.apache.tools.ant.taskdefs.optional.junit.JUnitTask.execute1(JUnitTask.java:824)
	at org.apache.tools.ant.taskdefs.optional.junit.JUnitTask.execute(JUnitTask.java:2277)
	at org.apache.tools.ant.UnknownElement.execute(UnknownElement.java:291)
	at sun.reflect.GeneratedMethodAccessor4.invoke(Unknown Source)
	at sun.reflect.DelegatingMethodAccessorImpl.invoke(DelegatingMethodAccessorImpl.java:43)
	at java.lang.reflect.Method.invoke(Method.java:498)
	at org.apache.tools.ant.dispatch.DispatchUtils.execute(DispatchUtils.java:106)
	at org.apache.tools.ant.Task.perform(Task.java:348)
	at org.apache.tools.ant.Target.execute(Target.java:392)
	at org.apache.tools.ant.Target.performTasks(Target.java:413)
	at org.apache.tools.ant.Project.executeSortedTargets(Project.java:1399)
	at org.apache.tools.ant.Project.executeTarget(Project.java:1368)
	at org.apache.tools.ant.helper.DefaultExecutor.executeTargets(DefaultExecutor.java:41)
	at org.apache.tools.ant.Project.executeTargets(Project.java:1251)
	at org.apache.tools.ant.Main.runBuild(Main.java:811)
	at org.apache.tools.ant.Main.startAnt(Main.java:217)
	at org.apache.tools.ant.launch.Launcher.run(Launcher.java:280)
	at org.apache.tools.ant.launch.Launcher.main(Launcher.java:109)


failure assertion code:
assertEquals(28, Days.daysBetween(start1, end2).getDays());


There is a bug in the above code, please help me locate it by considering the stack trace information and failure assertion code.

Output **only** the exact buggy statement, with no line numbers, explanations, or additional content. Your response should contain just the buggy code line. Do not include ```java or ``` markers in the response.

================== prompt_apr_1 ==================

protected static int between(ReadablePartial start, ReadablePartial end, ReadablePeriod zeroInstance) {
        if (start == null || end == null) {
            throw new IllegalArgumentException("ReadablePartial objects must not be null");
        }
        if (start.size() != end.size()) {
            throw new IllegalArgumentException("ReadablePartial objects must have the same set of fields");
        }
        for (int i = 0, isize = start.size(); i < isize; i++) {
            if (start.getFieldType(i) != end.getFieldType(i)) {
                throw new IllegalArgumentException("ReadablePartial objects must have the same set of fields");
            }
        }
        if (DateTimeUtils.isContiguous(start) == false) {
            throw new IllegalArgumentException("ReadablePartial objects must be contiguous");
        }
        Chronology chrono = DateTimeUtils.getChronology(start.getChronology()).withUTC();
        int[] values = chrono.get(zeroInstance, chrono.set(start, 0L), chrono.set(end, 0L));
        return values[0];
    }

There is a bug in line [17] of the code, please help me fix it.

Please return the **complete corrected method**. Do not skip or omit any part of the code. Do not include ```java or ``` markers in the response.

================== prompt_apr_2 ==================

protected static int between(ReadablePartial start, ReadablePartial end, ReadablePeriod zeroInstance) {
        if (start == null || end == null) {
            throw new IllegalArgumentException("ReadablePartial objects must not be null");
        }
        if (start.size() != end.size()) {
            throw new IllegalArgumentException("ReadablePartial objects must have the same set of fields");
        }
        for (int i = 0, isize = start.size(); i < isize; i++) {
            if (start.getFieldType(i) != end.getFieldType(i)) {
                throw new IllegalArgumentException("ReadablePartial objects must have the same set of fields");
            }
        }
        if (DateTimeUtils.isContiguous(start) == false) {
            throw new IllegalArgumentException("ReadablePartial objects must be contiguous");
        }
        Chronology chrono = DateTimeUtils.getChronology(start.getChronology()).withUTC();
        int[] values = chrono.get(zeroInstance, chrono.set(start, 0L), chrono.set(end, 0L));
        return values[0];
    }

There is a bug in ['        int[] values = chrono.get(zeroInstance, chrono.set(start, 0L), chrono.set(end, 0L));'] , please help me fix it. 

Please return the **complete corrected method**. Do not skip or omit any part of the code. Do not include ```java or ``` markers in the response.

================== prompt_apr_3 ==================

protected static int between(ReadablePartial start, ReadablePartial end, ReadablePeriod zeroInstance) {
        if (start == null || end == null) {
            throw new IllegalArgumentException("ReadablePartial objects must not be null");
        }
        if (start.size() != end.size()) {
            throw new IllegalArgumentException("ReadablePartial objects must have the same set of fields");
        }
        for (int i = 0, isize = start.size(); i < isize; i++) {
            if (start.getFieldType(i) != end.getFieldType(i)) {
                throw new IllegalArgumentException("ReadablePartial objects must have the same set of fields");
            }
        }
        if (DateTimeUtils.isContiguous(start) == false) {
            throw new IllegalArgumentException("ReadablePartial objects must be contiguous");
        }
        Chronology chrono = DateTimeUtils.getChronology(start.getChronology()).withUTC();
        int[] values = chrono.get(zeroInstance, chrono.set(start, 0L), chrono.set(end, 0L));

There is a bug in the last statement, please help me fix it.

Return the code **only from the method declaration to the fixed statement**, without completing or adding additional code. Do not modify anything beyond fixing the bug, and do not complete the `if` statement or other unfinished parts. Do not include ```java or ``` markers in the response.

================== prompt_apr_4 ==================

protected static int between(ReadablePartial start, ReadablePartial end, ReadablePeriod zeroInstance) {
        if (start == null || end == null) {
            throw new IllegalArgumentException("ReadablePartial objects must not be null");
        }
        if (start.size() != end.size()) {
            throw new IllegalArgumentException("ReadablePartial objects must have the same set of fields");
        }
        for (int i = 0, isize = start.size(); i < isize; i++) {
            if (start.getFieldType(i) != end.getFieldType(i)) {
                throw new IllegalArgumentException("ReadablePartial objects must have the same set of fields");
            }
        }
        if (DateTimeUtils.isContiguous(start) == false) {
            throw new IllegalArgumentException("ReadablePartial objects must be contiguous");
        }
        Chronology chrono = DateTimeUtils.getChronology(start.getChronology()).withUTC();
        int[] values = chrono.get(zeroInstance, chrono.set(start, 0L), chrono.set(end, 0L));
        return values[0];
    }

There is a bug in line [17] of the code, please help me fix it.

Please return the results in a strict JSON format as described below. Please follow these instructions carefully:
1. Your output must include each repaired line's number (`line_number`) and the corresponding fixed code statement (`fixed_statement`).
2. The output format must be a valid JSON array, where each element represents one repaired line, with the following structure:
   - `"line_number"`: The line number of the buggy code that was repaired (integer).
   - `"fixed_statement"`: The repaired statement for that specific line (string).

3. The result must strictly follow this format:
[
    {
        "line_number": int,
        "fixed_statement": "string"
    },
    {
        "line_number": int,
        "fixed_statement": "string"
    }
]
4. The repaired statement in "fixed_statement" must replace the corresponding line in the buggy code.
5. You must NOT include any additional explanation or description in your response. Only return the JSON array. Do not include ```json or ``` markers in the response.

================== prompt_apr_5 ==================

protected static int between(ReadablePartial start, ReadablePartial end, ReadablePeriod zeroInstance) {
        if (start == null || end == null) {
            throw new IllegalArgumentException("ReadablePartial objects must not be null");
        }
        if (start.size() != end.size()) {
            throw new IllegalArgumentException("ReadablePartial objects must have the same set of fields");
        }
        for (int i = 0, isize = start.size(); i < isize; i++) {
            if (start.getFieldType(i) != end.getFieldType(i)) {
                throw new IllegalArgumentException("ReadablePartial objects must have the same set of fields");
            }
        }
        if (DateTimeUtils.isContiguous(start) == false) {
            throw new IllegalArgumentException("ReadablePartial objects must be contiguous");
        }
        Chronology chrono = DateTimeUtils.getChronology(start.getChronology()).withUTC();
        int[] values = chrono.get(zeroInstance, chrono.set(start, 0L), chrono.set(end, 0L));
        return values[0];
    }

There is a bug in ['        int[] values = chrono.get(zeroInstance, chrono.set(start, 0L), chrono.set(end, 0L));'] , please help me fix it. 

Please return the results in a strict JSON format as described below. Please follow these instructions carefully:
1. Your output must include each repaired line's number (`line_number`) and the corresponding fixed code statement (`fixed_statement`).
2. The output format must be a valid JSON array, where each element represents one repaired line, with the following structure:
   - `"line_number"`: The line number of the buggy code that was repaired (integer).
   - `"fixed_statement"`: The repaired statement for that specific line (string).

3. The result must strictly follow this format:
[
    {
        "line_number": int,
        "fixed_statement": "string"
    },
    {
        "line_number": int,
        "fixed_statement": "string"
    }
]
4. The repaired statement in "fixed_statement" must replace the corresponding line in the buggy code.
5. You must NOT include any additional explanation or description in your response. Only return the JSON array. Do not include ```json or ``` markers in the response.

================== prompt_apr_6 ==================

protected static int between(ReadablePartial start, ReadablePartial end, ReadablePeriod zeroInstance) {
        if (start == null || end == null) {
            throw new IllegalArgumentException("ReadablePartial objects must not be null");
        }
        if (start.size() != end.size()) {
            throw new IllegalArgumentException("ReadablePartial objects must have the same set of fields");
        }
        for (int i = 0, isize = start.size(); i < isize; i++) {
            if (start.getFieldType(i) != end.getFieldType(i)) {
                throw new IllegalArgumentException("ReadablePartial objects must have the same set of fields");
            }
        }
        if (DateTimeUtils.isContiguous(start) == false) {
            throw new IllegalArgumentException("ReadablePartial objects must be contiguous");
        }
        Chronology chrono = DateTimeUtils.getChronology(start.getChronology()).withUTC();
        int[] values = chrono.get(zeroInstance, chrono.set(start, 0L), chrono.set(end, 0L));

There is a bug in the last statement, please help me fix it.

Please return the results in a strict JSON format as described below. Please follow these instructions carefully:
1. Your output must include each repaired line's number (`line_number`) and the corresponding fixed code statement (`fixed_statement`).
2. The output format must be a valid JSON array, where each element represents one repaired line, with the following structure:
   - `"line_number"`: The line number of the buggy code that was repaired (integer).
   - `"fixed_statement"`: The repaired statement for that specific line (string).

3. The result must strictly follow this format:
[
    {
        "line_number": int,
        "fixed_statement": "string"
    },
    {
        "line_number": int,
        "fixed_statement": "string"
    }
]
4. The repaired statement in "fixed_statement" must replace the corresponding line in the buggy code.
5. You must NOT include any additional explanation or description in your response. Only return the JSON array. Do not include ```json or ``` markers in the response.
