[
    {
        "prompt_fl_1": "\nsource code:\nprotected static int between(ReadablePartial start, ReadablePartial end, ReadablePeriod zeroInstance) {\n        if (start == null || end == null) {\n            throw new IllegalArgumentException(\"ReadablePartial objects must not be null\");\n        }\n        if (start.size() != end.size()) {\n            throw new IllegalArgumentException(\"ReadablePartial objects must have the same set of fields\");\n        }\n        for (int i = 0, isize = start.size(); i < isize; i++) {\n            if (start.getFieldType(i) != end.getFieldType(i)) {\n                throw new IllegalArgumentException(\"ReadablePartial objects must have the same set of fields\");\n            }\n        }\n        if (DateTimeUtils.isContiguous(start) == false) {\n            throw new IllegalArgumentException(\"ReadablePartial objects must be contiguous\");\n        }\n        Chronology chrono = DateTimeUtils.getChronology(start.getChronology()).withUTC();\n        int[] values = chrono.get(zeroInstance, chrono.set(start, 0L), chrono.set(end, 0L));\n        return values[0];\n    }\n\nThere is a bug in the above code, please help me locate it.\n\nPlease output **only one integer**: the line number of the buggy code (The code starts from line 1). Do not provide any explanations or additional content.\n",
        "prompt_fl_2": "\nsource code:\nprotected static int between(ReadablePartial start, ReadablePartial end, ReadablePeriod zeroInstance) {\n        if (start == null || end == null) {\n            throw new IllegalArgumentException(\"ReadablePartial objects must not be null\");\n        }\n        if (start.size() != end.size()) {\n            throw new IllegalArgumentException(\"ReadablePartial objects must have the same set of fields\");\n        }\n        for (int i = 0, isize = start.size(); i < isize; i++) {\n            if (start.getFieldType(i) != end.getFieldType(i)) {\n                throw new IllegalArgumentException(\"ReadablePartial objects must have the same set of fields\");\n            }\n        }\n        if (DateTimeUtils.isContiguous(start) == false) {\n            throw new IllegalArgumentException(\"ReadablePartial objects must be contiguous\");\n        }\n        Chronology chrono = DateTimeUtils.getChronology(start.getChronology()).withUTC();\n        int[] values = chrono.get(zeroInstance, chrono.set(start, 0L), chrono.set(end, 0L));\n        return values[0];\n    }\n\nstack trace:\norg.joda.time.TestDays::testFactory_daysBetween_RPartial_MonthDay\norg.joda.time.IllegalFieldValueException: Value 29 for dayOfMonth must be in the range [1,28]\n\tat org.joda.time.field.FieldUtils.verifyValueBounds(FieldUtils.java:220)\n\tat org.joda.time.field.PreciseDurationDateTimeField.set(PreciseDurationDateTimeField.java:78)\n\tat org.joda.time.chrono.BaseChronology.set(BaseChronology.java:240)\n\tat org.joda.time.base.BaseSingleFieldPeriod.between(BaseSingleFieldPeriod.java:104)\n\tat org.joda.time.Days.daysBetween(Days.java:141)\n\tat org.joda.time.TestDays.testFactory_daysBetween_RPartial_MonthDay(TestDays.java:130)\n\tat sun.reflect.NativeMethodAccessorImpl.invoke0(Native Method)\n\tat sun.reflect.NativeMethodAccessorImpl.invoke(NativeMethodAccessorImpl.java:62)\n\tat sun.reflect.DelegatingMethodAccessorImpl.invoke(DelegatingMethodAccessorImpl.java:43)\n\tat java.lang.reflect.Method.invoke(Method.java:498)\n\tat junit.framework.TestCase.runTest(TestCase.java:176)\n\tat junit.framework.TestCase.runBare(TestCase.java:141)\n\tat junit.framework.TestResult$1.protect(TestResult.java:122)\n\tat junit.framework.TestResult.runProtected(TestResult.java:142)\n\tat junit.framework.TestResult.run(TestResult.java:125)\n\tat junit.framework.TestCase.run(TestCase.java:129)\n\tat junit.framework.TestSuite.runTest(TestSuite.java:255)\n\tat junit.framework.TestSuite.run(TestSuite.java:250)\n\tat org.apache.tools.ant.taskdefs.optional.junit.JUnitTestRunner.run(JUnitTestRunner.java:520)\n\tat org.apache.tools.ant.taskdefs.optional.junit.JUnitTask.executeInVM(JUnitTask.java:1484)\n\tat org.apache.tools.ant.taskdefs.optional.junit.JUnitTask.execute(JUnitTask.java:872)\n\tat org.apache.tools.ant.taskdefs.optional.junit.JUnitTask.executeOrQueue(JUnitTask.java:1972)\n\tat org.apache.tools.ant.taskdefs.optional.junit.JUnitTask.execute1(JUnitTask.java:824)\n\tat org.apache.tools.ant.taskdefs.optional.junit.JUnitTask.execute(JUnitTask.java:2277)\n\tat org.apache.tools.ant.UnknownElement.execute(UnknownElement.java:291)\n\tat sun.reflect.GeneratedMethodAccessor4.invoke(Unknown Source)\n\tat sun.reflect.DelegatingMethodAccessorImpl.invoke(DelegatingMethodAccessorImpl.java:43)\n\tat java.lang.reflect.Method.invoke(Method.java:498)\n\tat org.apache.tools.ant.dispatch.DispatchUtils.execute(DispatchUtils.java:106)\n\tat org.apache.tools.ant.Task.perform(Task.java:348)\n\tat org.apache.tools.ant.Target.execute(Target.java:392)\n\tat org.apache.tools.ant.Target.performTasks(Target.java:413)\n\tat org.apache.tools.ant.Project.executeSortedTargets(Project.java:1399)\n\tat org.apache.tools.ant.Project.executeTarget(Project.java:1368)\n\tat org.apache.tools.ant.helper.DefaultExecutor.executeTargets(DefaultExecutor.java:41)\n\tat org.apache.tools.ant.Project.executeTargets(Project.java:1251)\n\tat org.apache.tools.ant.Main.runBuild(Main.java:811)\n\tat org.apache.tools.ant.Main.startAnt(Main.java:217)\n\tat org.apache.tools.ant.launch.Launcher.run(Launcher.java:280)\n\tat org.apache.tools.ant.launch.Launcher.main(Launcher.java:109)\norg.joda.time.TestMonths::testFactory_monthsBetween_RPartial_MonthDay\norg.joda.time.IllegalFieldValueException: Value 29 for dayOfMonth must be in the range [1,28]\n\tat org.joda.time.field.FieldUtils.verifyValueBounds(FieldUtils.java:220)\n\tat org.joda.time.field.PreciseDurationDateTimeField.set(PreciseDurationDateTimeField.java:78)\n\tat org.joda.time.chrono.BaseChronology.set(BaseChronology.java:240)\n\tat org.joda.time.base.BaseSingleFieldPeriod.between(BaseSingleFieldPeriod.java:104)\n\tat org.joda.time.Months.monthsBetween(Months.java:161)\n\tat org.joda.time.TestMonths.testFactory_monthsBetween_RPartial_MonthDay(TestMonths.java:137)\n\tat sun.reflect.NativeMethodAccessorImpl.invoke0(Native Method)\n\tat sun.reflect.NativeMethodAccessorImpl.invoke(NativeMethodAccessorImpl.java:62)\n\tat sun.reflect.DelegatingMethodAccessorImpl.invoke(DelegatingMethodAccessorImpl.java:43)\n\tat java.lang.reflect.Method.invoke(Method.java:498)\n\tat junit.framework.TestCase.runTest(TestCase.java:176)\n\tat junit.framework.TestCase.runBare(TestCase.java:141)\n\tat junit.framework.TestResult$1.protect(TestResult.java:122)\n\tat junit.framework.TestResult.runProtected(TestResult.java:142)\n\tat junit.framework.TestResult.run(TestResult.java:125)\n\tat junit.framework.TestCase.run(TestCase.java:129)\n\tat junit.framework.TestSuite.runTest(TestSuite.java:255)\n\tat junit.framework.TestSuite.run(TestSuite.java:250)\n\tat org.apache.tools.ant.taskdefs.optional.junit.JUnitTestRunner.run(JUnitTestRunner.java:520)\n\tat org.apache.tools.ant.taskdefs.optional.junit.JUnitTask.executeInVM(JUnitTask.java:1484)\n\tat org.apache.tools.ant.taskdefs.optional.junit.JUnitTask.execute(JUnitTask.java:872)\n\tat org.apache.tools.ant.taskdefs.optional.junit.JUnitTask.executeOrQueue(JUnitTask.java:1972)\n\tat org.apache.tools.ant.taskdefs.optional.junit.JUnitTask.execute1(JUnitTask.java:824)\n\tat org.apache.tools.ant.taskdefs.optional.junit.JUnitTask.execute(JUnitTask.java:2277)\n\tat org.apache.tools.ant.UnknownElement.execute(UnknownElement.java:291)\n\tat sun.reflect.GeneratedMethodAccessor4.invoke(Unknown Source)\n\tat sun.reflect.DelegatingMethodAccessorImpl.invoke(DelegatingMethodAccessorImpl.java:43)\n\tat java.lang.reflect.Method.invoke(Method.java:498)\n\tat org.apache.tools.ant.dispatch.DispatchUtils.execute(DispatchUtils.java:106)\n\tat org.apache.tools.ant.Task.perform(Task.java:348)\n\tat org.apache.tools.ant.Target.execute(Target.java:392)\n\tat org.apache.tools.ant.Target.performTasks(Target.java:413)\n\tat org.apache.tools.ant.Project.executeSortedTargets(Project.java:1399)\n\tat org.apache.tools.ant.Project.executeTarget(Project.java:1368)\n\tat org.apache.tools.ant.helper.DefaultExecutor.executeTargets(DefaultExecutor.java:41)\n\tat org.apache.tools.ant.Project.executeTargets(Project.java:1251)\n\tat org.apache.tools.ant.Main.runBuild(Main.java:811)\n\tat org.apache.tools.ant.Main.startAnt(Main.java:217)\n\tat org.apache.tools.ant.launch.Launcher.run(Launcher.java:280)\n\tat org.apache.tools.ant.launch.Launcher.main(Launcher.java:109)\n\n\nThere is a bug in the above code, please help me locate it by considering the stack trace.\n\nPlease output **only one integer**: the line number of the buggy code (The code starts from line 1). Do not provide any explanations or additional content.\n",
        "prompt_fl_3": "\nsource code:\nprotected static int between(ReadablePartial start, ReadablePartial end, ReadablePeriod zeroInstance) {\n        if (start == null || end == null) {\n            throw new IllegalArgumentException(\"ReadablePartial objects must not be null\");\n        }\n        if (start.size() != end.size()) {\n            throw new IllegalArgumentException(\"ReadablePartial objects must have the same set of fields\");\n        }\n        for (int i = 0, isize = start.size(); i < isize; i++) {\n            if (start.getFieldType(i) != end.getFieldType(i)) {\n                throw new IllegalArgumentException(\"ReadablePartial objects must have the same set of fields\");\n            }\n        }\n        if (DateTimeUtils.isContiguous(start) == false) {\n            throw new IllegalArgumentException(\"ReadablePartial objects must be contiguous\");\n        }\n        Chronology chrono = DateTimeUtils.getChronology(start.getChronology()).withUTC();\n        int[] values = chrono.get(zeroInstance, chrono.set(start, 0L), chrono.set(end, 0L));\n        return values[0];\n    }\n\nstack trace:\norg.joda.time.TestDays::testFactory_daysBetween_RPartial_MonthDay\norg.joda.time.IllegalFieldValueException: Value 29 for dayOfMonth must be in the range [1,28]\n\tat org.joda.time.field.FieldUtils.verifyValueBounds(FieldUtils.java:220)\n\tat org.joda.time.field.PreciseDurationDateTimeField.set(PreciseDurationDateTimeField.java:78)\n\tat org.joda.time.chrono.BaseChronology.set(BaseChronology.java:240)\n\tat org.joda.time.base.BaseSingleFieldPeriod.between(BaseSingleFieldPeriod.java:104)\n\tat org.joda.time.Days.daysBetween(Days.java:141)\n\tat org.joda.time.TestDays.testFactory_daysBetween_RPartial_MonthDay(TestDays.java:130)\n\tat sun.reflect.NativeMethodAccessorImpl.invoke0(Native Method)\n\tat sun.reflect.NativeMethodAccessorImpl.invoke(NativeMethodAccessorImpl.java:62)\n\tat sun.reflect.DelegatingMethodAccessorImpl.invoke(DelegatingMethodAccessorImpl.java:43)\n\tat java.lang.reflect.Method.invoke(Method.java:498)\n\tat junit.framework.TestCase.runTest(TestCase.java:176)\n\tat junit.framework.TestCase.runBare(TestCase.java:141)\n\tat junit.framework.TestResult$1.protect(TestResult.java:122)\n\tat junit.framework.TestResult.runProtected(TestResult.java:142)\n\tat junit.framework.TestResult.run(TestResult.java:125)\n\tat junit.framework.TestCase.run(TestCase.java:129)\n\tat junit.framework.TestSuite.runTest(TestSuite.java:255)\n\tat junit.framework.TestSuite.run(TestSuite.java:250)\n\tat org.apache.tools.ant.taskdefs.optional.junit.JUnitTestRunner.run(JUnitTestRunner.java:520)\n\tat org.apache.tools.ant.taskdefs.optional.junit.JUnitTask.executeInVM(JUnitTask.java:1484)\n\tat org.apache.tools.ant.taskdefs.optional.junit.JUnitTask.execute(JUnitTask.java:872)\n\tat org.apache.tools.ant.taskdefs.optional.junit.JUnitTask.executeOrQueue(JUnitTask.java:1972)\n\tat org.apache.tools.ant.taskdefs.optional.junit.JUnitTask.execute1(JUnitTask.java:824)\n\tat org.apache.tools.ant.taskdefs.optional.junit.JUnitTask.execute(JUnitTask.java:2277)\n\tat org.apache.tools.ant.UnknownElement.execute(UnknownElement.java:291)\n\tat sun.reflect.GeneratedMethodAccessor4.invoke(Unknown Source)\n\tat sun.reflect.DelegatingMethodAccessorImpl.invoke(DelegatingMethodAccessorImpl.java:43)\n\tat java.lang.reflect.Method.invoke(Method.java:498)\n\tat org.apache.tools.ant.dispatch.DispatchUtils.execute(DispatchUtils.java:106)\n\tat org.apache.tools.ant.Task.perform(Task.java:348)\n\tat org.apache.tools.ant.Target.execute(Target.java:392)\n\tat org.apache.tools.ant.Target.performTasks(Target.java:413)\n\tat org.apache.tools.ant.Project.executeSortedTargets(Project.java:1399)\n\tat org.apache.tools.ant.Project.executeTarget(Project.java:1368)\n\tat org.apache.tools.ant.helper.DefaultExecutor.executeTargets(DefaultExecutor.java:41)\n\tat org.apache.tools.ant.Project.executeTargets(Project.java:1251)\n\tat org.apache.tools.ant.Main.runBuild(Main.java:811)\n\tat org.apache.tools.ant.Main.startAnt(Main.java:217)\n\tat org.apache.tools.ant.launch.Launcher.run(Launcher.java:280)\n\tat org.apache.tools.ant.launch.Launcher.main(Launcher.java:109)\norg.joda.time.TestMonths::testFactory_monthsBetween_RPartial_MonthDay\norg.joda.time.IllegalFieldValueException: Value 29 for dayOfMonth must be in the range [1,28]\n\tat org.joda.time.field.FieldUtils.verifyValueBounds(FieldUtils.java:220)\n\tat org.joda.time.field.PreciseDurationDateTimeField.set(PreciseDurationDateTimeField.java:78)\n\tat org.joda.time.chrono.BaseChronology.set(BaseChronology.java:240)\n\tat org.joda.time.base.BaseSingleFieldPeriod.between(BaseSingleFieldPeriod.java:104)\n\tat org.joda.time.Months.monthsBetween(Months.java:161)\n\tat org.joda.time.TestMonths.testFactory_monthsBetween_RPartial_MonthDay(TestMonths.java:137)\n\tat sun.reflect.NativeMethodAccessorImpl.invoke0(Native Method)\n\tat sun.reflect.NativeMethodAccessorImpl.invoke(NativeMethodAccessorImpl.java:62)\n\tat sun.reflect.DelegatingMethodAccessorImpl.invoke(DelegatingMethodAccessorImpl.java:43)\n\tat java.lang.reflect.Method.invoke(Method.java:498)\n\tat junit.framework.TestCase.runTest(TestCase.java:176)\n\tat junit.framework.TestCase.runBare(TestCase.java:141)\n\tat junit.framework.TestResult$1.protect(TestResult.java:122)\n\tat junit.framework.TestResult.runProtected(TestResult.java:142)\n\tat junit.framework.TestResult.run(TestResult.java:125)\n\tat junit.framework.TestCase.run(TestCase.java:129)\n\tat junit.framework.TestSuite.runTest(TestSuite.java:255)\n\tat junit.framework.TestSuite.run(TestSuite.java:250)\n\tat org.apache.tools.ant.taskdefs.optional.junit.JUnitTestRunner.run(JUnitTestRunner.java:520)\n\tat org.apache.tools.ant.taskdefs.optional.junit.JUnitTask.executeInVM(JUnitTask.java:1484)\n\tat org.apache.tools.ant.taskdefs.optional.junit.JUnitTask.execute(JUnitTask.java:872)\n\tat org.apache.tools.ant.taskdefs.optional.junit.JUnitTask.executeOrQueue(JUnitTask.java:1972)\n\tat org.apache.tools.ant.taskdefs.optional.junit.JUnitTask.execute1(JUnitTask.java:824)\n\tat org.apache.tools.ant.taskdefs.optional.junit.JUnitTask.execute(JUnitTask.java:2277)\n\tat org.apache.tools.ant.UnknownElement.execute(UnknownElement.java:291)\n\tat sun.reflect.GeneratedMethodAccessor4.invoke(Unknown Source)\n\tat sun.reflect.DelegatingMethodAccessorImpl.invoke(DelegatingMethodAccessorImpl.java:43)\n\tat java.lang.reflect.Method.invoke(Method.java:498)\n\tat org.apache.tools.ant.dispatch.DispatchUtils.execute(DispatchUtils.java:106)\n\tat org.apache.tools.ant.Task.perform(Task.java:348)\n\tat org.apache.tools.ant.Target.execute(Target.java:392)\n\tat org.apache.tools.ant.Target.performTasks(Target.java:413)\n\tat org.apache.tools.ant.Project.executeSortedTargets(Project.java:1399)\n\tat org.apache.tools.ant.Project.executeTarget(Project.java:1368)\n\tat org.apache.tools.ant.helper.DefaultExecutor.executeTargets(DefaultExecutor.java:41)\n\tat org.apache.tools.ant.Project.executeTargets(Project.java:1251)\n\tat org.apache.tools.ant.Main.runBuild(Main.java:811)\n\tat org.apache.tools.ant.Main.startAnt(Main.java:217)\n\tat org.apache.tools.ant.launch.Launcher.run(Launcher.java:280)\n\tat org.apache.tools.ant.launch.Launcher.main(Launcher.java:109)\n\n\nfailure assertion code:\nassertEquals(28, Days.daysBetween(start1, end2).getDays());\n\n\nThere is a bug in the above code, please help me locate it by considering the stack trace information and failure assertion code.\n\nPlease output **only one integer**: the line number of the buggy code (The code starts from line 1). Do not provide any explanations or additional content.\n",
        "prompt_fl_4": "\nsource code:\nprotected static int between(ReadablePartial start, ReadablePartial end, ReadablePeriod zeroInstance) {\n        if (start == null || end == null) {\n            throw new IllegalArgumentException(\"ReadablePartial objects must not be null\");\n        }\n        if (start.size() != end.size()) {\n            throw new IllegalArgumentException(\"ReadablePartial objects must have the same set of fields\");\n        }\n        for (int i = 0, isize = start.size(); i < isize; i++) {\n            if (start.getFieldType(i) != end.getFieldType(i)) {\n                throw new IllegalArgumentException(\"ReadablePartial objects must have the same set of fields\");\n            }\n        }\n        if (DateTimeUtils.isContiguous(start) == false) {\n            throw new IllegalArgumentException(\"ReadablePartial objects must be contiguous\");\n        }\n        Chronology chrono = DateTimeUtils.getChronology(start.getChronology()).withUTC();\n        int[] values = chrono.get(zeroInstance, chrono.set(start, 0L), chrono.set(end, 0L));\n        return values[0];\n    }\n\nThere is a bug in the above code, please help me locate it.\n\nOutput **only** the exact buggy statement, with no line numbers, explanations, or additional content. Your response should contain just the buggy code line. Do not include ```java or ``` markers in the response.\n",
        "prompt_fl_5": "\nsource code:\nprotected static int between(ReadablePartial start, ReadablePartial end, ReadablePeriod zeroInstance) {\n        if (start == null || end == null) {\n            throw new IllegalArgumentException(\"ReadablePartial objects must not be null\");\n        }\n        if (start.size() != end.size()) {\n            throw new IllegalArgumentException(\"ReadablePartial objects must have the same set of fields\");\n        }\n        for (int i = 0, isize = start.size(); i < isize; i++) {\n            if (start.getFieldType(i) != end.getFieldType(i)) {\n                throw new IllegalArgumentException(\"ReadablePartial objects must have the same set of fields\");\n            }\n        }\n        if (DateTimeUtils.isContiguous(start) == false) {\n            throw new IllegalArgumentException(\"ReadablePartial objects must be contiguous\");\n        }\n        Chronology chrono = DateTimeUtils.getChronology(start.getChronology()).withUTC();\n        int[] values = chrono.get(zeroInstance, chrono.set(start, 0L), chrono.set(end, 0L));\n        return values[0];\n    }\n\nstack trace:\norg.joda.time.TestDays::testFactory_daysBetween_RPartial_MonthDay\norg.joda.time.IllegalFieldValueException: Value 29 for dayOfMonth must be in the range [1,28]\n\tat org.joda.time.field.FieldUtils.verifyValueBounds(FieldUtils.java:220)\n\tat org.joda.time.field.PreciseDurationDateTimeField.set(PreciseDurationDateTimeField.java:78)\n\tat org.joda.time.chrono.BaseChronology.set(BaseChronology.java:240)\n\tat org.joda.time.base.BaseSingleFieldPeriod.between(BaseSingleFieldPeriod.java:104)\n\tat org.joda.time.Days.daysBetween(Days.java:141)\n\tat org.joda.time.TestDays.testFactory_daysBetween_RPartial_MonthDay(TestDays.java:130)\n\tat sun.reflect.NativeMethodAccessorImpl.invoke0(Native Method)\n\tat sun.reflect.NativeMethodAccessorImpl.invoke(NativeMethodAccessorImpl.java:62)\n\tat sun.reflect.DelegatingMethodAccessorImpl.invoke(DelegatingMethodAccessorImpl.java:43)\n\tat java.lang.reflect.Method.invoke(Method.java:498)\n\tat junit.framework.TestCase.runTest(TestCase.java:176)\n\tat junit.framework.TestCase.runBare(TestCase.java:141)\n\tat junit.framework.TestResult$1.protect(TestResult.java:122)\n\tat junit.framework.TestResult.runProtected(TestResult.java:142)\n\tat junit.framework.TestResult.run(TestResult.java:125)\n\tat junit.framework.TestCase.run(TestCase.java:129)\n\tat junit.framework.TestSuite.runTest(TestSuite.java:255)\n\tat junit.framework.TestSuite.run(TestSuite.java:250)\n\tat org.apache.tools.ant.taskdefs.optional.junit.JUnitTestRunner.run(JUnitTestRunner.java:520)\n\tat org.apache.tools.ant.taskdefs.optional.junit.JUnitTask.executeInVM(JUnitTask.java:1484)\n\tat org.apache.tools.ant.taskdefs.optional.junit.JUnitTask.execute(JUnitTask.java:872)\n\tat org.apache.tools.ant.taskdefs.optional.junit.JUnitTask.executeOrQueue(JUnitTask.java:1972)\n\tat org.apache.tools.ant.taskdefs.optional.junit.JUnitTask.execute1(JUnitTask.java:824)\n\tat org.apache.tools.ant.taskdefs.optional.junit.JUnitTask.execute(JUnitTask.java:2277)\n\tat org.apache.tools.ant.UnknownElement.execute(UnknownElement.java:291)\n\tat sun.reflect.GeneratedMethodAccessor4.invoke(Unknown Source)\n\tat sun.reflect.DelegatingMethodAccessorImpl.invoke(DelegatingMethodAccessorImpl.java:43)\n\tat java.lang.reflect.Method.invoke(Method.java:498)\n\tat org.apache.tools.ant.dispatch.DispatchUtils.execute(DispatchUtils.java:106)\n\tat org.apache.tools.ant.Task.perform(Task.java:348)\n\tat org.apache.tools.ant.Target.execute(Target.java:392)\n\tat org.apache.tools.ant.Target.performTasks(Target.java:413)\n\tat org.apache.tools.ant.Project.executeSortedTargets(Project.java:1399)\n\tat org.apache.tools.ant.Project.executeTarget(Project.java:1368)\n\tat org.apache.tools.ant.helper.DefaultExecutor.executeTargets(DefaultExecutor.java:41)\n\tat org.apache.tools.ant.Project.executeTargets(Project.java:1251)\n\tat org.apache.tools.ant.Main.runBuild(Main.java:811)\n\tat org.apache.tools.ant.Main.startAnt(Main.java:217)\n\tat org.apache.tools.ant.launch.Launcher.run(Launcher.java:280)\n\tat org.apache.tools.ant.launch.Launcher.main(Launcher.java:109)\norg.joda.time.TestMonths::testFactory_monthsBetween_RPartial_MonthDay\norg.joda.time.IllegalFieldValueException: Value 29 for dayOfMonth must be in the range [1,28]\n\tat org.joda.time.field.FieldUtils.verifyValueBounds(FieldUtils.java:220)\n\tat org.joda.time.field.PreciseDurationDateTimeField.set(PreciseDurationDateTimeField.java:78)\n\tat org.joda.time.chrono.BaseChronology.set(BaseChronology.java:240)\n\tat org.joda.time.base.BaseSingleFieldPeriod.between(BaseSingleFieldPeriod.java:104)\n\tat org.joda.time.Months.monthsBetween(Months.java:161)\n\tat org.joda.time.TestMonths.testFactory_monthsBetween_RPartial_MonthDay(TestMonths.java:137)\n\tat sun.reflect.NativeMethodAccessorImpl.invoke0(Native Method)\n\tat sun.reflect.NativeMethodAccessorImpl.invoke(NativeMethodAccessorImpl.java:62)\n\tat sun.reflect.DelegatingMethodAccessorImpl.invoke(DelegatingMethodAccessorImpl.java:43)\n\tat java.lang.reflect.Method.invoke(Method.java:498)\n\tat junit.framework.TestCase.runTest(TestCase.java:176)\n\tat junit.framework.TestCase.runBare(TestCase.java:141)\n\tat junit.framework.TestResult$1.protect(TestResult.java:122)\n\tat junit.framework.TestResult.runProtected(TestResult.java:142)\n\tat junit.framework.TestResult.run(TestResult.java:125)\n\tat junit.framework.TestCase.run(TestCase.java:129)\n\tat junit.framework.TestSuite.runTest(TestSuite.java:255)\n\tat junit.framework.TestSuite.run(TestSuite.java:250)\n\tat org.apache.tools.ant.taskdefs.optional.junit.JUnitTestRunner.run(JUnitTestRunner.java:520)\n\tat org.apache.tools.ant.taskdefs.optional.junit.JUnitTask.executeInVM(JUnitTask.java:1484)\n\tat org.apache.tools.ant.taskdefs.optional.junit.JUnitTask.execute(JUnitTask.java:872)\n\tat org.apache.tools.ant.taskdefs.optional.junit.JUnitTask.executeOrQueue(JUnitTask.java:1972)\n\tat org.apache.tools.ant.taskdefs.optional.junit.JUnitTask.execute1(JUnitTask.java:824)\n\tat org.apache.tools.ant.taskdefs.optional.junit.JUnitTask.execute(JUnitTask.java:2277)\n\tat org.apache.tools.ant.UnknownElement.execute(UnknownElement.java:291)\n\tat sun.reflect.GeneratedMethodAccessor4.invoke(Unknown Source)\n\tat sun.reflect.DelegatingMethodAccessorImpl.invoke(DelegatingMethodAccessorImpl.java:43)\n\tat java.lang.reflect.Method.invoke(Method.java:498)\n\tat org.apache.tools.ant.dispatch.DispatchUtils.execute(DispatchUtils.java:106)\n\tat org.apache.tools.ant.Task.perform(Task.java:348)\n\tat org.apache.tools.ant.Target.execute(Target.java:392)\n\tat org.apache.tools.ant.Target.performTasks(Target.java:413)\n\tat org.apache.tools.ant.Project.executeSortedTargets(Project.java:1399)\n\tat org.apache.tools.ant.Project.executeTarget(Project.java:1368)\n\tat org.apache.tools.ant.helper.DefaultExecutor.executeTargets(DefaultExecutor.java:41)\n\tat org.apache.tools.ant.Project.executeTargets(Project.java:1251)\n\tat org.apache.tools.ant.Main.runBuild(Main.java:811)\n\tat org.apache.tools.ant.Main.startAnt(Main.java:217)\n\tat org.apache.tools.ant.launch.Launcher.run(Launcher.java:280)\n\tat org.apache.tools.ant.launch.Launcher.main(Launcher.java:109)\n\n\nThere is a bug in the above code, please help me locate it by considering the stack trace.\n\nOutput **only** the exact buggy statement, with no line numbers, explanations, or additional content. Your response should contain just the buggy code line. Do not include ```java or ``` markers in the response.\n",
        "prompt_fl_6": "\nsource code:\nprotected static int between(ReadablePartial start, ReadablePartial end, ReadablePeriod zeroInstance) {\n        if (start == null || end == null) {\n            throw new IllegalArgumentException(\"ReadablePartial objects must not be null\");\n        }\n        if (start.size() != end.size()) {\n            throw new IllegalArgumentException(\"ReadablePartial objects must have the same set of fields\");\n        }\n        for (int i = 0, isize = start.size(); i < isize; i++) {\n            if (start.getFieldType(i) != end.getFieldType(i)) {\n                throw new IllegalArgumentException(\"ReadablePartial objects must have the same set of fields\");\n            }\n        }\n        if (DateTimeUtils.isContiguous(start) == false) {\n            throw new IllegalArgumentException(\"ReadablePartial objects must be contiguous\");\n        }\n        Chronology chrono = DateTimeUtils.getChronology(start.getChronology()).withUTC();\n        int[] values = chrono.get(zeroInstance, chrono.set(start, 0L), chrono.set(end, 0L));\n        return values[0];\n    }\n\nstack trace:\norg.joda.time.TestDays::testFactory_daysBetween_RPartial_MonthDay\norg.joda.time.IllegalFieldValueException: Value 29 for dayOfMonth must be in the range [1,28]\n\tat org.joda.time.field.FieldUtils.verifyValueBounds(FieldUtils.java:220)\n\tat org.joda.time.field.PreciseDurationDateTimeField.set(PreciseDurationDateTimeField.java:78)\n\tat org.joda.time.chrono.BaseChronology.set(BaseChronology.java:240)\n\tat org.joda.time.base.BaseSingleFieldPeriod.between(BaseSingleFieldPeriod.java:104)\n\tat org.joda.time.Days.daysBetween(Days.java:141)\n\tat org.joda.time.TestDays.testFactory_daysBetween_RPartial_MonthDay(TestDays.java:130)\n\tat sun.reflect.NativeMethodAccessorImpl.invoke0(Native Method)\n\tat sun.reflect.NativeMethodAccessorImpl.invoke(NativeMethodAccessorImpl.java:62)\n\tat sun.reflect.DelegatingMethodAccessorImpl.invoke(DelegatingMethodAccessorImpl.java:43)\n\tat java.lang.reflect.Method.invoke(Method.java:498)\n\tat junit.framework.TestCase.runTest(TestCase.java:176)\n\tat junit.framework.TestCase.runBare(TestCase.java:141)\n\tat junit.framework.TestResult$1.protect(TestResult.java:122)\n\tat junit.framework.TestResult.runProtected(TestResult.java:142)\n\tat junit.framework.TestResult.run(TestResult.java:125)\n\tat junit.framework.TestCase.run(TestCase.java:129)\n\tat junit.framework.TestSuite.runTest(TestSuite.java:255)\n\tat junit.framework.TestSuite.run(TestSuite.java:250)\n\tat org.apache.tools.ant.taskdefs.optional.junit.JUnitTestRunner.run(JUnitTestRunner.java:520)\n\tat org.apache.tools.ant.taskdefs.optional.junit.JUnitTask.executeInVM(JUnitTask.java:1484)\n\tat org.apache.tools.ant.taskdefs.optional.junit.JUnitTask.execute(JUnitTask.java:872)\n\tat org.apache.tools.ant.taskdefs.optional.junit.JUnitTask.executeOrQueue(JUnitTask.java:1972)\n\tat org.apache.tools.ant.taskdefs.optional.junit.JUnitTask.execute1(JUnitTask.java:824)\n\tat org.apache.tools.ant.taskdefs.optional.junit.JUnitTask.execute(JUnitTask.java:2277)\n\tat org.apache.tools.ant.UnknownElement.execute(UnknownElement.java:291)\n\tat sun.reflect.GeneratedMethodAccessor4.invoke(Unknown Source)\n\tat sun.reflect.DelegatingMethodAccessorImpl.invoke(DelegatingMethodAccessorImpl.java:43)\n\tat java.lang.reflect.Method.invoke(Method.java:498)\n\tat org.apache.tools.ant.dispatch.DispatchUtils.execute(DispatchUtils.java:106)\n\tat org.apache.tools.ant.Task.perform(Task.java:348)\n\tat org.apache.tools.ant.Target.execute(Target.java:392)\n\tat org.apache.tools.ant.Target.performTasks(Target.java:413)\n\tat org.apache.tools.ant.Project.executeSortedTargets(Project.java:1399)\n\tat org.apache.tools.ant.Project.executeTarget(Project.java:1368)\n\tat org.apache.tools.ant.helper.DefaultExecutor.executeTargets(DefaultExecutor.java:41)\n\tat org.apache.tools.ant.Project.executeTargets(Project.java:1251)\n\tat org.apache.tools.ant.Main.runBuild(Main.java:811)\n\tat org.apache.tools.ant.Main.startAnt(Main.java:217)\n\tat org.apache.tools.ant.launch.Launcher.run(Launcher.java:280)\n\tat org.apache.tools.ant.launch.Launcher.main(Launcher.java:109)\norg.joda.time.TestMonths::testFactory_monthsBetween_RPartial_MonthDay\norg.joda.time.IllegalFieldValueException: Value 29 for dayOfMonth must be in the range [1,28]\n\tat org.joda.time.field.FieldUtils.verifyValueBounds(FieldUtils.java:220)\n\tat org.joda.time.field.PreciseDurationDateTimeField.set(PreciseDurationDateTimeField.java:78)\n\tat org.joda.time.chrono.BaseChronology.set(BaseChronology.java:240)\n\tat org.joda.time.base.BaseSingleFieldPeriod.between(BaseSingleFieldPeriod.java:104)\n\tat org.joda.time.Months.monthsBetween(Months.java:161)\n\tat org.joda.time.TestMonths.testFactory_monthsBetween_RPartial_MonthDay(TestMonths.java:137)\n\tat sun.reflect.NativeMethodAccessorImpl.invoke0(Native Method)\n\tat sun.reflect.NativeMethodAccessorImpl.invoke(NativeMethodAccessorImpl.java:62)\n\tat sun.reflect.DelegatingMethodAccessorImpl.invoke(DelegatingMethodAccessorImpl.java:43)\n\tat java.lang.reflect.Method.invoke(Method.java:498)\n\tat junit.framework.TestCase.runTest(TestCase.java:176)\n\tat junit.framework.TestCase.runBare(TestCase.java:141)\n\tat junit.framework.TestResult$1.protect(TestResult.java:122)\n\tat junit.framework.TestResult.runProtected(TestResult.java:142)\n\tat junit.framework.TestResult.run(TestResult.java:125)\n\tat junit.framework.TestCase.run(TestCase.java:129)\n\tat junit.framework.TestSuite.runTest(TestSuite.java:255)\n\tat junit.framework.TestSuite.run(TestSuite.java:250)\n\tat org.apache.tools.ant.taskdefs.optional.junit.JUnitTestRunner.run(JUnitTestRunner.java:520)\n\tat org.apache.tools.ant.taskdefs.optional.junit.JUnitTask.executeInVM(JUnitTask.java:1484)\n\tat org.apache.tools.ant.taskdefs.optional.junit.JUnitTask.execute(JUnitTask.java:872)\n\tat org.apache.tools.ant.taskdefs.optional.junit.JUnitTask.executeOrQueue(JUnitTask.java:1972)\n\tat org.apache.tools.ant.taskdefs.optional.junit.JUnitTask.execute1(JUnitTask.java:824)\n\tat org.apache.tools.ant.taskdefs.optional.junit.JUnitTask.execute(JUnitTask.java:2277)\n\tat org.apache.tools.ant.UnknownElement.execute(UnknownElement.java:291)\n\tat sun.reflect.GeneratedMethodAccessor4.invoke(Unknown Source)\n\tat sun.reflect.DelegatingMethodAccessorImpl.invoke(DelegatingMethodAccessorImpl.java:43)\n\tat java.lang.reflect.Method.invoke(Method.java:498)\n\tat org.apache.tools.ant.dispatch.DispatchUtils.execute(DispatchUtils.java:106)\n\tat org.apache.tools.ant.Task.perform(Task.java:348)\n\tat org.apache.tools.ant.Target.execute(Target.java:392)\n\tat org.apache.tools.ant.Target.performTasks(Target.java:413)\n\tat org.apache.tools.ant.Project.executeSortedTargets(Project.java:1399)\n\tat org.apache.tools.ant.Project.executeTarget(Project.java:1368)\n\tat org.apache.tools.ant.helper.DefaultExecutor.executeTargets(DefaultExecutor.java:41)\n\tat org.apache.tools.ant.Project.executeTargets(Project.java:1251)\n\tat org.apache.tools.ant.Main.runBuild(Main.java:811)\n\tat org.apache.tools.ant.Main.startAnt(Main.java:217)\n\tat org.apache.tools.ant.launch.Launcher.run(Launcher.java:280)\n\tat org.apache.tools.ant.launch.Launcher.main(Launcher.java:109)\n\n\nfailure assertion code:\nassertEquals(28, Days.daysBetween(start1, end2).getDays());\n\n\nThere is a bug in the above code, please help me locate it by considering the stack trace information and failure assertion code.\n\nOutput **only** the exact buggy statement, with no line numbers, explanations, or additional content. Your response should contain just the buggy code line. Do not include ```java or ``` markers in the response.\n",
        "prompt_apr_1": "\nprotected static int between(ReadablePartial start, ReadablePartial end, ReadablePeriod zeroInstance) {\n        if (start == null || end == null) {\n            throw new IllegalArgumentException(\"ReadablePartial objects must not be null\");\n        }\n        if (start.size() != end.size()) {\n            throw new IllegalArgumentException(\"ReadablePartial objects must have the same set of fields\");\n        }\n        for (int i = 0, isize = start.size(); i < isize; i++) {\n            if (start.getFieldType(i) != end.getFieldType(i)) {\n                throw new IllegalArgumentException(\"ReadablePartial objects must have the same set of fields\");\n            }\n        }\n        if (DateTimeUtils.isContiguous(start) == false) {\n            throw new IllegalArgumentException(\"ReadablePartial objects must be contiguous\");\n        }\n        Chronology chrono = DateTimeUtils.getChronology(start.getChronology()).withUTC();\n        int[] values = chrono.get(zeroInstance, chrono.set(start, 0L), chrono.set(end, 0L));\n        return values[0];\n    }\n\nThere is a bug in line [17] of the code, please help me fix it.\n\nPlease return the **complete corrected method**. Do not skip or omit any part of the code. Do not include ```java or ``` markers in the response.\n",
        "prompt_apr_2": "\nprotected static int between(ReadablePartial start, ReadablePartial end, ReadablePeriod zeroInstance) {\n        if (start == null || end == null) {\n            throw new IllegalArgumentException(\"ReadablePartial objects must not be null\");\n        }\n        if (start.size() != end.size()) {\n            throw new IllegalArgumentException(\"ReadablePartial objects must have the same set of fields\");\n        }\n        for (int i = 0, isize = start.size(); i < isize; i++) {\n            if (start.getFieldType(i) != end.getFieldType(i)) {\n                throw new IllegalArgumentException(\"ReadablePartial objects must have the same set of fields\");\n            }\n        }\n        if (DateTimeUtils.isContiguous(start) == false) {\n            throw new IllegalArgumentException(\"ReadablePartial objects must be contiguous\");\n        }\n        Chronology chrono = DateTimeUtils.getChronology(start.getChronology()).withUTC();\n        int[] values = chrono.get(zeroInstance, chrono.set(start, 0L), chrono.set(end, 0L));\n        return values[0];\n    }\n\nThere is a bug in ['        int[] values = chrono.get(zeroInstance, chrono.set(start, 0L), chrono.set(end, 0L));'] , please help me fix it. \n\nPlease return the **complete corrected method**. Do not skip or omit any part of the code. Do not include ```java or ``` markers in the response.\n",
        "prompt_apr_3": "\nprotected static int between(ReadablePartial start, ReadablePartial end, ReadablePeriod zeroInstance) {\n        if (start == null || end == null) {\n            throw new IllegalArgumentException(\"ReadablePartial objects must not be null\");\n        }\n        if (start.size() != end.size()) {\n            throw new IllegalArgumentException(\"ReadablePartial objects must have the same set of fields\");\n        }\n        for (int i = 0, isize = start.size(); i < isize; i++) {\n            if (start.getFieldType(i) != end.getFieldType(i)) {\n                throw new IllegalArgumentException(\"ReadablePartial objects must have the same set of fields\");\n            }\n        }\n        if (DateTimeUtils.isContiguous(start) == false) {\n            throw new IllegalArgumentException(\"ReadablePartial objects must be contiguous\");\n        }\n        Chronology chrono = DateTimeUtils.getChronology(start.getChronology()).withUTC();\n        int[] values = chrono.get(zeroInstance, chrono.set(start, 0L), chrono.set(end, 0L));\n\nThere is a bug in the last statement, please help me fix it.\n\nReturn the code **only from the method declaration to the fixed statement**, without completing or adding additional code. Do not modify anything beyond fixing the bug, and do not complete the `if` statement or other unfinished parts. Do not include ```java or ``` markers in the response.\n",
        "prompt_apr_4": "\nprotected static int between(ReadablePartial start, ReadablePartial end, ReadablePeriod zeroInstance) {\n        if (start == null || end == null) {\n            throw new IllegalArgumentException(\"ReadablePartial objects must not be null\");\n        }\n        if (start.size() != end.size()) {\n            throw new IllegalArgumentException(\"ReadablePartial objects must have the same set of fields\");\n        }\n        for (int i = 0, isize = start.size(); i < isize; i++) {\n            if (start.getFieldType(i) != end.getFieldType(i)) {\n                throw new IllegalArgumentException(\"ReadablePartial objects must have the same set of fields\");\n            }\n        }\n        if (DateTimeUtils.isContiguous(start) == false) {\n            throw new IllegalArgumentException(\"ReadablePartial objects must be contiguous\");\n        }\n        Chronology chrono = DateTimeUtils.getChronology(start.getChronology()).withUTC();\n        int[] values = chrono.get(zeroInstance, chrono.set(start, 0L), chrono.set(end, 0L));\n        return values[0];\n    }\n\nThere is a bug in line [17] of the code, please help me fix it.\n\nPlease return the results in a strict JSON format as described below. Please follow these instructions carefully:\n1. Your output must include each repaired line's number (`line_number`) and the corresponding fixed code statement (`fixed_statement`).\n2. The output format must be a valid JSON array, where each element represents one repaired line, with the following structure:\n   - `\"line_number\"`: The line number of the buggy code that was repaired (integer).\n   - `\"fixed_statement\"`: The repaired statement for that specific line (string).\n\n3. The result must strictly follow this format:\n[\n    {\n        \"line_number\": int,\n        \"fixed_statement\": \"string\"\n    },\n    {\n        \"line_number\": int,\n        \"fixed_statement\": \"string\"\n    }\n]\n4. The repaired statement in \"fixed_statement\" must replace the corresponding line in the buggy code.\n5. You must NOT include any additional explanation or description in your response. Only return the JSON array. Do not include ```json or ``` markers in the response.\n",
        "prompt_apr_5": "\nprotected static int between(ReadablePartial start, ReadablePartial end, ReadablePeriod zeroInstance) {\n        if (start == null || end == null) {\n            throw new IllegalArgumentException(\"ReadablePartial objects must not be null\");\n        }\n        if (start.size() != end.size()) {\n            throw new IllegalArgumentException(\"ReadablePartial objects must have the same set of fields\");\n        }\n        for (int i = 0, isize = start.size(); i < isize; i++) {\n            if (start.getFieldType(i) != end.getFieldType(i)) {\n                throw new IllegalArgumentException(\"ReadablePartial objects must have the same set of fields\");\n            }\n        }\n        if (DateTimeUtils.isContiguous(start) == false) {\n            throw new IllegalArgumentException(\"ReadablePartial objects must be contiguous\");\n        }\n        Chronology chrono = DateTimeUtils.getChronology(start.getChronology()).withUTC();\n        int[] values = chrono.get(zeroInstance, chrono.set(start, 0L), chrono.set(end, 0L));\n        return values[0];\n    }\n\nThere is a bug in ['        int[] values = chrono.get(zeroInstance, chrono.set(start, 0L), chrono.set(end, 0L));'] , please help me fix it. \n\nPlease return the results in a strict JSON format as described below. Please follow these instructions carefully:\n1. Your output must include each repaired line's number (`line_number`) and the corresponding fixed code statement (`fixed_statement`).\n2. The output format must be a valid JSON array, where each element represents one repaired line, with the following structure:\n   - `\"line_number\"`: The line number of the buggy code that was repaired (integer).\n   - `\"fixed_statement\"`: The repaired statement for that specific line (string).\n\n3. The result must strictly follow this format:\n[\n    {\n        \"line_number\": int,\n        \"fixed_statement\": \"string\"\n    },\n    {\n        \"line_number\": int,\n        \"fixed_statement\": \"string\"\n    }\n]\n4. The repaired statement in \"fixed_statement\" must replace the corresponding line in the buggy code.\n5. You must NOT include any additional explanation or description in your response. Only return the JSON array. Do not include ```json or ``` markers in the response.\n",
        "prompt_apr_6": "\nprotected static int between(ReadablePartial start, ReadablePartial end, ReadablePeriod zeroInstance) {\n        if (start == null || end == null) {\n            throw new IllegalArgumentException(\"ReadablePartial objects must not be null\");\n        }\n        if (start.size() != end.size()) {\n            throw new IllegalArgumentException(\"ReadablePartial objects must have the same set of fields\");\n        }\n        for (int i = 0, isize = start.size(); i < isize; i++) {\n            if (start.getFieldType(i) != end.getFieldType(i)) {\n                throw new IllegalArgumentException(\"ReadablePartial objects must have the same set of fields\");\n            }\n        }\n        if (DateTimeUtils.isContiguous(start) == false) {\n            throw new IllegalArgumentException(\"ReadablePartial objects must be contiguous\");\n        }\n        Chronology chrono = DateTimeUtils.getChronology(start.getChronology()).withUTC();\n        int[] values = chrono.get(zeroInstance, chrono.set(start, 0L), chrono.set(end, 0L));\n\nThere is a bug in the last statement, please help me fix it.\n\nPlease return the results in a strict JSON format as described below. Please follow these instructions carefully:\n1. Your output must include each repaired line's number (`line_number`) and the corresponding fixed code statement (`fixed_statement`).\n2. The output format must be a valid JSON array, where each element represents one repaired line, with the following structure:\n   - `\"line_number\"`: The line number of the buggy code that was repaired (integer).\n   - `\"fixed_statement\"`: The repaired statement for that specific line (string).\n\n3. The result must strictly follow this format:\n[\n    {\n        \"line_number\": int,\n        \"fixed_statement\": \"string\"\n    },\n    {\n        \"line_number\": int,\n        \"fixed_statement\": \"string\"\n    }\n]\n4. The repaired statement in \"fixed_statement\" must replace the corresponding line in the buggy code.\n5. You must NOT include any additional explanation or description in your response. Only return the JSON array. Do not include ```json or ``` markers in the response.\n"
    }
]